--------------------
Best Solution Found!
--------------------
Time: 0 hour(s), 0 minute(s), 0 second(s), 1 millisecond(s)

Fitness: 24089

0	0	1	0	0	0	0	
1	3	0	0	0	3	0	
0	2	0	0	0	0	0	
1	0	0	0	0	0	0	
0	0	1	0	0	3	1	
3	0	0	0	2	0	0	
1	0	0	0	0	0	0	
0	0	2	3	0	0	0	
0	0	0	0	0	0	0	
2	0	0	2	0	0	0	
0	0	0	0	0	0	0	
3	0	3	1	2	0	3	
2	0	2	0	0	2	0	
0	0	0	0	3	0	0	
0	0	0	0	1	0	0	
0	0	0	0	1	0	2	
0	0	0	0	0	0	0	
0	0	0	0	0	0	0	
0	0	0	0	0	0	1	
2	0	0	0	0	0	0	
0	0	0	0	0	0	0	
0	3	1	0	0	0	0	
0	0	2	1	1	0	0	
0	0	0	0	0	0	0	
0	0	0	0	0	0	0	
--------------------

--------------------
Best Solution Found!
--------------------
Time: 0 hour(s), 0 minute(s), 0 second(s), 2 millisecond(s)

Fitness: 24082

2	0	0	0	0	0	0	
0	0	0	0	0	3	0	
0	0	0	0	0	0	0	
0	3	0	0	0	0	0	
0	0	0	0	0	3	1	
0	0	0	3	2	0	0	
2	0	0	0	0	0	0	
0	0	0	0	0	0	0	
0	0	0	0	1	0	0	
0	0	0	0	0	0	0	
0	2	0	0	0	0	0	
0	0	0	0	0	0	3	
2	0	2	1	2	2	0	
0	0	2	0	3	0	0	
1	0	0	0	0	0	0	
0	0	0	0	0	0	2	
3	0	1	0	0	0	0	
0	0	3	2	0	0	0	
0	0	0	0	1	0	1	
0	0	0	0	0	0	0	
1	0	1	0	0	0	0	
3	0	0	0	0	0	0	
0	0	1	1	0	0	0	
1	0	0	0	1	0	0	
0	3	2	0	0	0	0	
--------------------

--------------------
Best Solution Found!
--------------------
Time: 0 hour(s), 0 minute(s), 0 second(s), 8 millisecond(s)

Fitness: 24080

0	0	0	0	0	0	0	
2	0	0	0	0	0	0	
0	0	0	0	2	0	1	
0	0	0	0	0	0	0	
0	0	0	0	1	0	0	
3	0	0	0	0	0	0	
0	0	0	0	2	0	0	
0	0	1	0	3	0	0	
0	0	0	0	1	0	1	
3	2	0	0	0	0	0	
0	0	1	0	0	0	0	
1	0	2	0	0	2	0	
0	0	0	0	0	0	0	
0	0	2	0	0	0	0	
0	0	0	0	0	0	3	
0	3	0	0	0	0	0	
2	3	0	1	1	0	2	
1	0	0	0	0	0	0	
2	0	3	1	0	0	0	
0	0	0	0	0	0	0	
0	0	1	0	0	0	0	
0	0	2	0	0	0	0	
0	0	0	3	0	0	0	
1	0	0	0	0	3	0	
0	0	0	2	0	3	0	
--------------------

--------------------
Best Solution Found!
--------------------
Time: 0 hour(s), 0 minute(s), 0 second(s), 12 millisecond(s)

Fitness: 24079

1	0	0	0	0	0	0	
1	0	0	2	2	0	0	
0	0	0	3	0	0	0	
0	0	0	0	0	0	0	
0	0	0	0	0	0	0	
0	0	0	0	0	0	0	
0	0	0	1	0	3	3	
0	0	2	0	0	0	2	
2	0	0	0	0	0	0	
0	0	3	0	0	3	0	
0	0	0	0	2	0	1	
3	0	0	0	0	0	0	
1	2	0	0	0	0	0	
0	0	0	0	1	0	0	
0	0	0	0	0	0	0	
0	0	0	0	0	0	0	
3	0	0	0	0	0	0	
0	3	1	1	1	0	1	
2	0	2	0	1	0	0	
2	0	1	0	0	0	0	
0	0	0	0	0	0	0	
0	0	0	0	0	0	0	
0	0	2	0	0	0	0	
0	0	1	0	0	2	0	
0	3	0	0	3	0	0	
--------------------

--------------------
Best Solution Found!
--------------------
Time: 0 hour(s), 0 minute(s), 0 second(s), 19 millisecond(s)

Fitness: 23088

0	0	0	0	0	0	1	
2	0	0	0	1	0	0	
0	0	0	0	3	0	0	
1	0	0	0	0	0	0	
0	0	1	0	0	0	0	
2	0	1	1	1	3	0	
0	0	1	0	1	0	0	
0	2	0	1	2	3	3	
0	3	0	0	0	0	2	
0	0	0	0	0	0	0	
0	0	0	0	0	0	0	
0	0	0	0	0	0	0	
3	0	0	3	0	0	0	
0	0	0	0	0	0	0	
1	0	0	0	0	2	0	
0	0	2	0	0	0	0	
0	0	0	0	0	0	0	
0	0	0	0	0	0	0	
2	0	0	0	0	0	0	
1	0	2	0	2	0	0	
0	0	0	2	0	0	0	
0	3	2	0	0	0	0	
3	0	0	0	0	0	1	
0	0	0	0	0	0	0	
0	0	3	0	0	0	0	
--------------------

--------------------
Best Solution Found!
--------------------
Time: 0 hour(s), 0 minute(s), 0 second(s), 20 millisecond(s)

Fitness: 23088

0	0	0	0	0	0	1	
2	0	0	0	1	0	0	
0	0	0	0	3	0	0	
1	0	0	0	0	0	0	
0	0	1	0	0	0	0	
2	0	1	1	1	3	0	
0	0	1	0	1	0	0	
0	2	0	1	2	3	3	
0	3	0	0	0	0	2	
0	0	0	0	0	0	0	
0	0	0	0	0	0	0	
0	0	0	0	0	0	0	
3	0	0	3	0	0	0	
0	0	0	0	0	0	0	
1	0	0	0	0	2	0	
0	0	2	0	0	0	0	
0	0	0	0	0	0	0	
0	0	0	0	0	0	0	
2	0	0	0	0	0	0	
1	0	2	0	2	0	0	
0	0	0	2	0	0	0	
0	3	2	0	0	0	0	
3	0	0	0	0	0	1	
0	0	0	0	0	0	0	
0	0	3	0	0	0	0	
--------------------

--------------------
Best Solution Found!
--------------------
Time: 0 hour(s), 0 minute(s), 0 second(s), 50 millisecond(s)

Fitness: 23085

3	0	3	0	0	0	0	
0	0	0	0	2	0	2	
2	0	0	0	0	3	0	
1	0	0	1	0	0	0	
0	0	0	0	0	0	0	
0	0	0	0	0	0	0	
1	2	1	0	2	0	1	
0	0	0	0	0	0	0	
2	0	0	0	0	0	0	
0	0	0	1	0	0	0	
0	0	1	0	1	0	0	
0	0	2	0	0	0	0	
0	0	0	0	0	0	0	
0	0	1	0	0	0	0	
0	0	0	0	1	0	0	
0	0	0	0	0	0	0	
3	3	2	3	0	0	1	
1	0	0	0	0	2	0	
0	3	0	0	0	3	0	
0	0	0	0	1	0	0	
0	0	0	0	0	0	0	
0	0	0	2	0	0	0	
0	0	0	0	0	0	3	
0	0	0	0	3	0	0	
2	0	2	0	0	0	0	
--------------------

--------------------
Best Solution Found!
--------------------
Time: 0 hour(s), 0 minute(s), 0 second(s), 198 millisecond(s)

Fitness: 23075

0	0	0	0	0	0	0	
0	0	0	0	0	0	0	
0	0	2	0	1	3	2	
0	0	0	0	0	0	1	
0	0	0	0	0	0	0	
0	0	0	0	0	0	0	
0	0	0	0	0	0	0	
3	0	0	0	0	0	0	
1	0	0	0	0	0	0	
1	2	1	1	2	0	0	
1	3	3	0	0	0	0	
0	0	0	0	0	0	0	
0	0	1	0	2	0	3	
0	0	0	1	0	0	0	
0	0	0	0	3	0	0	
0	0	0	2	0	0	0	
0	0	2	0	1	0	0	
3	3	0	0	0	0	0	
2	0	2	3	1	0	1	
0	0	0	0	0	0	0	
0	0	1	0	0	2	0	
2	0	0	0	0	0	0	
0	0	0	0	0	3	0	
2	0	0	0	0	0	0	
0	0	0	0	0	0	0	
--------------------

--------------------
Best Solution Found!
--------------------
Time: 0 hour(s), 0 minute(s), 1 second(s), 98 millisecond(s)

Fitness: 23074

0	0	1	0	2	0	0	
0	0	0	0	0	0	0	
0	0	0	0	0	0	0	
1	0	0	0	0	0	0	
0	3	0	0	0	0	0	
0	0	0	0	0	0	0	
0	0	0	0	0	0	0	
1	2	2	0	0	2	3	
0	0	0	0	0	0	0	
0	0	0	0	0	0	0	
0	0	2	0	0	0	0	
0	0	0	0	0	0	0	
0	0	2	3	0	0	0	
2	0	0	0	0	0	0	
0	0	1	0	2	0	1	
3	0	0	2	1	0	0	
1	0	0	0	1	0	0	
0	0	0	0	0	3	0	
3	0	3	0	0	0	0	
0	0	0	0	0	0	0	
2	0	0	1	0	0	0	
0	3	0	0	1	0	2	
0	0	0	0	0	0	0	
0	0	1	0	0	0	0	
2	0	0	1	3	3	1	
--------------------

--------------------
Best Solution Found!
--------------------
Time: 0 hour(s), 0 minute(s), 1 second(s), 273 millisecond(s)

Fitness: 23072

2	0	0	0	0	0	0	
0	0	0	0	2	0	0	
0	0	0	0	0	0	0	
3	0	2	0	1	3	3	
2	0	0	2	1	2	0	
0	0	0	0	0	0	0	
0	0	0	0	0	0	1	
1	0	0	0	0	0	0	
0	0	0	0	3	3	0	
0	0	3	0	0	0	0	
0	0	0	0	1	0	0	
0	0	2	0	0	0	0	
0	0	1	0	0	0	0	
0	3	0	0	0	0	0	
0	3	1	1	2	0	2	
0	0	0	1	0	0	0	
0	0	2	0	0	0	0	
1	0	1	0	0	0	0	
0	0	0	3	0	0	0	
0	0	0	0	0	0	0	
1	2	0	0	0	0	1	
0	0	0	0	0	0	0	
3	0	0	0	0	0	0	
0	0	0	0	0	0	0	
2	0	0	0	0	0	0	
--------------------

--------------------
Best Solution Found!
--------------------
Time: 0 hour(s), 0 minute(s), 1 second(s), 695 millisecond(s)

Fitness: 23069

0	3	0	0	0	0	0	
0	2	3	2	0	0	0	
1	0	0	0	1	0	0	
1	0	0	0	0	0	0	
0	0	2	0	0	0	0	
0	0	0	0	0	0	1	
0	0	0	0	0	3	0	
3	0	0	1	0	0	0	
0	0	1	0	0	0	0	
3	0	1	0	3	0	0	
0	0	0	0	0	0	0	
0	0	0	0	0	0	0	
0	0	1	0	0	0	0	
0	0	0	0	0	0	0	
2	0	2	0	0	0	0	
0	0	0	0	0	0	0	
0	0	0	0	0	0	0	
2	0	0	0	0	2	0	
0	0	0	0	0	0	0	
0	0	0	0	2	0	0	
1	0	0	1	1	3	3	
2	0	0	0	1	0	2	
0	0	0	0	0	0	0	
0	0	0	0	0	0	0	
0	3	2	3	2	0	1	
--------------------

--------------------
Best Solution Found!
--------------------
Time: 0 hour(s), 0 minute(s), 3 second(s), 174 millisecond(s)

Fitness: 23066

0	0	0	2	0	2	0	
0	0	2	0	1	3	0	
2	0	0	0	2	0	0	
0	0	0	0	0	0	0	
3	0	2	0	2	3	3	
2	0	1	0	0	0	0	
0	0	0	0	0	0	0	
0	0	0	0	0	0	1	
2	0	0	0	0	0	2	
0	0	1	0	0	0	0	
0	0	0	0	0	0	0	
0	0	0	0	0	0	0	
0	0	2	0	1	0	0	
0	0	0	0	0	0	0	
0	0	0	0	0	0	0	
0	0	0	0	0	0	0	
0	0	0	0	0	0	0	
0	2	0	0	0	0	0	
1	3	3	1	1	0	0	
0	0	0	1	3	0	1	
3	0	0	0	0	0	0	
0	0	0	0	0	0	0	
1	0	0	0	0	0	0	
1	3	1	0	0	0	0	
0	0	0	3	0	0	0	
--------------------

--------------------
Best Solution Found!
--------------------
Time: 0 hour(s), 0 minute(s), 4 second(s), 748 millisecond(s)

Fitness: 23064

1	0	0	0	0	0	2	
0	0	0	0	1	0	1	
1	2	0	0	0	0	0	
0	0	0	0	0	0	0	
0	0	0	0	0	0	0	
0	0	0	0	0	0	0	
0	0	2	0	0	0	0	
0	0	0	3	0	0	0	
0	0	3	0	1	0	0	
2	0	0	1	0	0	0	
0	0	0	0	0	0	0	
2	0	2	0	2	2	1	
3	0	1	0	0	0	0	
0	0	0	0	0	0	0	
0	3	0	0	2	0	0	
2	0	1	0	0	0	0	
0	0	0	1	3	0	0	
0	0	0	0	0	0	0	
1	0	0	2	0	0	0	
0	0	0	0	0	0	0	
0	0	2	0	0	3	0	
0	0	0	0	0	0	3	
0	0	0	0	0	0	0	
3	3	1	0	1	3	0	
0	0	0	0	0	0	0	
--------------------

--------------------
Best Solution Found!
--------------------
Time: 0 hour(s), 0 minute(s), 9 second(s), 697 millisecond(s)

Fitness: 22084

0	0	0	0	0	0	0	
0	0	1	2	0	0	0	
0	0	2	0	0	0	0	
0	0	0	0	0	0	0	
2	0	0	3	1	2	1	
1	0	1	0	0	0	0	
0	0	2	0	0	0	0	
0	2	0	0	0	0	0	
3	0	0	0	1	0	0	
2	0	0	0	0	0	0	
0	0	0	0	0	0	0	
1	3	2	0	1	3	0	
0	0	0	0	0	0	0	
0	0	1	0	0	0	3	
0	0	0	1	0	0	0	
0	3	0	0	0	0	0	
3	0	3	1	0	3	2	
2	0	0	0	3	0	0	
1	0	0	0	2	0	0	
0	0	0	0	0	0	0	
0	0	0	0	0	0	0	
0	0	0	0	2	0	0	
0	0	0	0	0	0	0	
0	0	0	0	0	0	1	
0	0	0	0	0	0	0	
--------------------

--------------------
Best Solution Found!
--------------------
Time: 0 hour(s), 0 minute(s), 9 second(s), 698 millisecond(s)

Fitness: 22084

0	0	0	0	0	0	0	
0	0	1	2	0	0	0	
0	0	2	0	0	0	0	
0	0	0	0	0	0	0	
2	0	0	3	1	2	1	
1	0	1	0	0	0	0	
0	0	2	0	0	0	0	
0	2	0	0	0	0	0	
3	0	0	0	1	0	0	
2	0	0	0	0	0	0	
0	0	0	0	0	0	0	
1	3	2	0	1	3	0	
0	0	0	0	0	0	0	
0	0	1	0	0	0	3	
0	0	0	1	0	0	0	
0	3	0	0	0	0	0	
3	0	3	1	0	3	2	
2	0	0	0	3	0	0	
1	0	0	0	2	0	0	
0	0	0	0	0	0	0	
0	0	0	0	0	0	0	
0	0	0	0	2	0	0	
0	0	0	0	0	0	0	
0	0	0	0	0	0	1	
0	0	0	0	0	0	0	
--------------------

--------------------
Best Solution Found!
--------------------
Time: 0 hour(s), 0 minute(s), 9 second(s), 699 millisecond(s)

Fitness: 22084

0	0	0	0	0	0	0	
0	0	1	2	0	0	0	
0	0	2	0	0	0	0	
0	0	0	0	0	0	0	
2	0	0	3	1	2	1	
1	0	1	0	0	0	0	
0	0	2	0	0	0	0	
0	2	0	0	0	0	0	
3	0	0	0	1	0	0	
2	0	0	0	0	0	0	
0	0	0	0	0	0	0	
1	3	2	0	1	3	0	
0	0	0	0	0	0	0	
0	0	1	0	0	0	3	
0	0	0	1	0	0	0	
0	3	0	0	0	0	0	
3	0	3	1	0	3	2	
2	0	0	0	3	0	0	
1	0	0	0	2	0	0	
0	0	0	0	0	0	0	
0	0	0	0	0	0	0	
0	0	0	0	2	0	0	
0	0	0	0	0	0	0	
0	0	0	0	0	0	1	
0	0	0	0	0	0	0	
--------------------

--------------------
Best Solution Found!
--------------------
Time: 0 hour(s), 0 minute(s), 9 second(s), 700 millisecond(s)

Fitness: 22084

0	0	0	0	0	0	0	
0	0	1	2	0	0	0	
0	0	2	0	0	0	0	
0	0	0	0	0	0	0	
2	0	0	3	1	2	1	
1	0	1	0	0	0	0	
0	0	2	0	0	0	0	
0	2	0	0	0	0	0	
3	0	0	0	1	0	0	
2	0	0	0	0	0	0	
0	0	0	0	0	0	0	
1	3	2	0	1	3	0	
0	0	0	0	0	0	0	
0	0	1	0	0	0	3	
0	0	0	1	0	0	0	
0	3	0	0	0	0	0	
3	0	3	1	0	3	2	
2	0	0	0	3	0	0	
1	0	0	0	2	0	0	
0	0	0	0	0	0	0	
0	0	0	0	0	0	0	
0	0	0	0	2	0	0	
0	0	0	0	0	0	0	
0	0	0	0	0	0	1	
0	0	0	0	0	0	0	
--------------------

--------------------
Best Solution Found!
--------------------
Time: 0 hour(s), 0 minute(s), 18 second(s), 911 millisecond(s)

Fitness: 22078

2	3	1	3	1	0	0	
0	0	0	0	0	0	1	
0	0	0	0	0	0	0	
1	0	0	0	0	0	0	
0	0	0	0	1	0	0	
0	0	0	0	0	0	0	
0	0	0	0	0	0	0	
0	0	1	0	0	3	0	
3	0	0	0	0	0	3	
0	0	2	0	3	0	1	
0	0	0	0	0	0	0	
2	0	0	0	0	0	0	
0	0	0	0	0	0	0	
1	3	2	0	0	2	2	
0	0	0	1	0	0	0	
0	0	0	0	1	0	0	
0	0	0	0	0	0	0	
3	0	3	0	2	0	0	
0	0	0	0	0	0	0	
0	0	0	0	0	0	0	
0	0	2	0	0	0	0	
2	2	0	0	0	0	0	
1	0	1	2	2	3	0	
0	0	0	1	0	0	0	
0	0	0	0	0	0	0	
--------------------

--------------------
Best Solution Found!
--------------------
Time: 0 hour(s), 0 minute(s), 18 second(s), 911 millisecond(s)

Fitness: 22078

2	3	1	3	1	0	0	
0	0	0	0	0	0	1	
0	0	0	0	0	0	0	
1	0	0	0	0	0	0	
0	0	0	0	1	0	0	
0	0	0	0	0	0	0	
0	0	0	0	0	0	0	
0	0	1	0	0	3	0	
3	0	0	0	0	0	3	
0	0	2	0	3	0	1	
0	0	0	0	0	0	0	
2	0	0	0	0	0	0	
0	0	0	0	0	0	0	
1	3	2	0	0	2	2	
0	0	0	1	0	0	0	
0	0	0	0	1	0	0	
0	0	0	0	0	0	0	
3	0	3	0	2	0	0	
0	0	0	0	0	0	0	
0	0	0	0	0	0	0	
0	0	2	0	0	0	0	
2	2	0	0	0	0	0	
1	0	1	2	2	3	0	
0	0	0	1	0	0	0	
0	0	0	0	0	0	0	
--------------------

--------------------
Best Solution Found!
--------------------
Time: 0 hour(s), 0 minute(s), 30 second(s), 36 millisecond(s)

Fitness: 22067

0	0	0	0	0	0	0	
1	3	0	0	0	0	0	
2	0	0	1	1	0	0	
0	0	0	0	2	0	0	
0	0	0	1	0	0	2	
0	0	0	0	0	0	0	
0	0	0	0	0	0	0	
3	0	0	0	3	0	0	
3	0	0	0	0	0	0	
0	0	0	0	0	0	0	
0	0	0	0	0	0	0	
0	0	1	2	0	0	0	
0	0	2	0	0	0	3	
0	0	0	0	0	0	0	
1	3	2	0	1	2	0	
0	0	3	0	0	0	0	
1	0	2	0	1	3	1	
2	2	1	0	2	3	0	
2	0	0	0	0	0	0	
0	0	0	0	0	0	0	
0	0	0	0	0	0	0	
0	0	0	3	0	0	1	
0	0	0	0	0	0	0	
0	0	0	0	0	0	0	
0	0	1	0	0	0	0	
--------------------


The best solution was found at the restart: 6, population: 0
Total Time Elapsed: 0 hour(s), 1 minute(s), 40 second(s), 255 millisecond(s)

