--------------------
Best Solution Found!
--------------------
Time: 0 hour(s), 0 minute(s), 0 second(s), 1 millisecond(s)

Fitness: 17195

2	0	0	1	0	0	0	
0	3	3	0	0	1	1	
2	3	1	0	0	0	1	
3	3	1	2	0	3	0	
1	0	0	0	0	0	1	
1	2	1	0	2	0	1	
2	1	1	1	0	0	2	
2	0	0	0	0	0	0	
0	1	0	1	0	0	0	
1	0	3	0	0	0	2	
1	2	3	0	0	0	2	
3	0	2	2	2	0	1	
1	2	0	0	0	0	3	
3	1	1	0	2	0	1	
2	2	2	0	1	1	0	
0	0	1	0	1	0	1	
0	3	3	0	0	0	1	
1	0	0	3	0	0	0	
1	3	1	0	3	0	3	
1	3	0	0	0	0	1	
0	1	3	0	0	2	3	
0	3	0	0	0	0	2	
2	3	0	0	1	0	3	
0	3	0	0	0	0	0	
0	1	3	2	3	0	3	
--------------------

--------------------
Best Solution Found!
--------------------
Time: 0 hour(s), 0 minute(s), 0 second(s), 1 millisecond(s)

Fitness: 17195

2	0	0	1	0	0	0	
0	3	3	0	0	1	1	
2	3	1	0	0	0	1	
3	3	1	2	0	3	0	
1	0	0	0	0	0	1	
1	2	1	0	2	0	1	
2	1	1	1	0	0	2	
2	0	0	0	0	0	0	
0	1	0	1	0	0	0	
1	0	3	0	0	0	2	
1	2	3	0	0	0	2	
3	0	2	2	2	0	1	
1	2	0	0	0	0	3	
3	1	1	0	2	0	1	
2	2	2	0	1	1	0	
0	0	1	0	1	0	1	
0	3	3	0	0	0	1	
1	0	0	3	0	0	0	
1	3	1	0	3	0	3	
1	3	0	0	0	0	1	
0	1	3	0	0	2	3	
0	3	0	0	0	0	2	
2	3	0	0	1	0	3	
0	3	0	0	0	0	0	
0	1	3	2	3	0	3	
--------------------

--------------------
Best Solution Found!
--------------------
Time: 0 hour(s), 0 minute(s), 0 second(s), 2 millisecond(s)

Fitness: 17192

3	2	1	0	0	0	1	
1	0	3	0	0	0	1	
1	0	0	3	0	0	0	
2	1	3	0	1	0	3	
2	0	1	2	0	1	1	
2	3	2	0	2	0	3	
0	0	3	1	1	1	3	
0	0	1	0	0	0	2	
0	2	0	1	0	0	1	
1	3	3	0	0	3	1	
0	1	2	0	0	0	0	
0	3	1	0	0	0	2	
1	3	1	2	0	0	2	
1	3	0	0	0	0	3	
2	3	0	0	2	2	1	
3	0	0	0	2	0	0	
2	3	3	0	0	0	1	
1	3	0	0	0	0	0	
0	3	3	2	3	0	1	
0	2	0	0	0	0	2	
0	2	0	0	0	0	0	
3	0	1	0	0	0	3	
1	1	1	1	3	0	1	
1	1	0	0	0	0	0	
2	1	0	0	1	0	0	
--------------------

--------------------
Best Solution Found!
--------------------
Time: 0 hour(s), 0 minute(s), 0 second(s), 6 millisecond(s)

Fitness: 17189

0	0	0	0	0	0	2	
0	2	3	0	0	0	0	
0	1	1	2	0	0	1	
0	0	1	0	0	0	0	
1	0	0	1	0	3	0	
0	3	1	0	2	0	1	
2	3	1	3	0	0	1	
1	0	0	2	0	0	2	
0	3	0	0	0	0	1	
2	1	3	0	0	0	3	
3	3	3	0	0	0	0	
2	3	2	0	2	0	3	
0	1	0	0	0	0	0	
1	3	1	0	2	0	1	
1	0	2	2	1	0	3	
3	2	1	1	1	0	0	
2	3	3	1	0	0	2	
0	3	0	0	0	2	3	
1	0	1	0	3	1	1	
2	3	0	0	0	1	1	
3	0	3	0	0	0	1	
1	1	0	0	0	0	1	
1	1	0	0	1	0	3	
1	2	0	0	0	0	0	
2	2	3	0	3	0	2	
--------------------

--------------------
Best Solution Found!
--------------------
Time: 0 hour(s), 0 minute(s), 0 second(s), 7 millisecond(s)

Fitness: 17189

0	0	0	0	0	0	2	
0	2	3	0	0	0	0	
0	1	1	2	0	0	1	
0	0	1	0	0	0	0	
1	0	0	1	0	3	0	
0	3	1	0	2	0	1	
2	3	1	3	0	0	1	
1	0	0	2	0	0	2	
0	3	0	0	0	0	1	
2	1	3	0	0	0	3	
3	3	3	0	0	0	0	
2	3	2	0	2	0	3	
0	1	0	0	0	0	0	
1	3	1	0	2	0	1	
1	0	2	2	1	0	3	
3	2	1	1	1	0	0	
2	3	3	1	0	0	2	
0	3	0	0	0	2	3	
1	0	1	0	3	1	1	
2	3	0	0	0	1	1	
3	0	3	0	0	0	1	
1	1	0	0	0	0	1	
1	1	0	0	1	0	3	
1	2	0	0	0	0	0	
2	2	3	0	3	0	2	
--------------------

--------------------
Best Solution Found!
--------------------
Time: 0 hour(s), 0 minute(s), 0 second(s), 71 millisecond(s)

Fitness: 17180

1	0	1	1	1	0	1	
1	0	0	0	2	0	0	
3	1	1	0	0	0	2	
1	2	1	1	0	0	3	
1	1	1	0	2	0	3	
1	2	3	0	0	0	3	
2	1	3	0	0	0	0	
0	3	3	0	0	0	0	
2	0	3	0	0	0	0	
0	3	0	2	0	0	0	
2	3	0	2	3	0	1	
2	1	0	0	0	0	2	
0	3	3	0	0	2	0	
0	1	0	3	0	0	3	
2	0	0	0	0	3	1	
2	2	1	0	0	1	1	
0	0	0	2	0	0	2	
1	0	0	0	0	0	2	
0	2	3	0	3	1	1	
1	3	0	0	0	0	1	
3	3	1	0	1	0	3	
0	3	0	0	0	0	1	
3	3	2	1	0	0	0	
1	3	1	0	1	0	1	
0	0	2	0	2	0	1	
--------------------

--------------------
Best Solution Found!
--------------------
Time: 0 hour(s), 0 minute(s), 0 second(s), 73 millisecond(s)

Fitness: 17179

1	2	0	0	0	0	1	
2	0	0	2	0	0	1	
3	3	0	0	0	2	2	
2	2	3	0	1	0	1	
1	0	0	0	0	3	3	
0	2	1	0	0	0	1	
1	3	0	0	0	0	0	
2	1	0	0	3	0	0	
1	1	1	2	0	0	3	
3	3	1	1	0	0	1	
0	3	3	3	2	0	1	
2	2	1	1	0	1	3	
0	0	1	0	0	0	2	
2	3	0	0	0	0	1	
1	3	1	0	2	0	1	
0	1	0	0	0	0	1	
0	3	2	0	1	1	0	
0	0	0	0	0	0	2	
1	0	3	0	2	0	3	
2	0	0	0	0	0	0	
1	1	2	1	0	0	2	
3	3	3	2	1	0	0	
0	0	1	0	0	0	0	
1	1	3	0	3	0	3	
0	3	3	0	0	0	0	
--------------------

--------------------
Best Solution Found!
--------------------
Time: 0 hour(s), 0 minute(s), 0 second(s), 120 millisecond(s)

Fitness: 16202

0	1	1	2	0	3	1	
2	3	1	2	0	0	3	
1	2	0	0	3	1	3	
0	3	3	0	0	0	2	
2	2	3	0	2	0	2	
1	0	0	0	2	0	0	
0	0	0	0	0	0	0	
1	1	0	0	0	0	1	
2	3	0	0	0	0	2	
0	0	0	1	0	0	1	
3	3	0	0	1	0	0	
1	1	1	0	0	2	3	
0	3	3	0	0	0	0	
0	0	3	3	0	0	2	
3	3	1	0	0	0	1	
1	3	2	0	0	0	3	
2	2	0	1	1	0	1	
1	1	1	2	0	0	3	
2	0	0	0	0	0	1	
0	0	3	0	0	0	0	
1	1	0	0	0	1	1	
1	3	1	0	0	0	0	
0	2	3	0	2	0	0	
2	0	1	1	1	0	1	
3	3	2	0	3	0	1	
--------------------

--------------------
Best Solution Found!
--------------------
Time: 0 hour(s), 0 minute(s), 0 second(s), 435 millisecond(s)

Fitness: 16185

1	2	3	1	0	1	0	
0	3	1	0	0	0	0	
0	3	1	3	0	0	0	
1	2	0	0	0	0	2	
3	2	1	0	2	0	3	
2	1	3	1	0	0	2	
3	1	0	0	1	0	1	
2	0	3	0	0	0	2	
0	3	3	2	2	0	3	
0	3	1	0	0	0	3	
1	1	0	0	0	0	0	
0	0	2	0	0	1	1	
1	3	0	0	0	2	0	
0	2	0	0	1	0	1	
1	1	1	0	0	3	1	
2	1	3	0	3	0	1	
2	0	0	0	0	0	3	
0	3	0	0	0	0	1	
3	3	1	2	0	0	3	
2	0	0	0	2	0	0	
1	0	1	2	0	0	1	
0	3	0	0	0	0	1	
1	0	0	0	0	0	0	
1	0	3	1	3	0	2	
2	3	2	0	1	0	1	
--------------------

--------------------
Best Solution Found!
--------------------
Time: 0 hour(s), 0 minute(s), 3 second(s), 9 millisecond(s)

Fitness: 16184

0	3	3	0	3	3	3	
2	0	0	0	2	0	3	
0	0	0	0	0	0	0	
2	1	1	2	2	0	0	
3	0	0	0	2	0	0	
1	3	3	0	1	0	1	
2	3	2	2	0	0	2	
3	0	0	0	3	0	3	
2	1	3	3	0	0	0	
0	1	1	0	1	1	2	
2	1	3	0	0	0	1	
1	2	0	0	0	0	1	
1	3	2	0	0	0	0	
0	0	1	0	0	0	1	
0	3	0	0	0	0	2	
3	2	1	0	0	1	1	
1	3	1	1	0	0	2	
1	3	3	1	0	0	3	
0	2	1	0	0	0	0	
1	2	0	0	0	0	0	
0	0	0	1	0	2	1	
2	1	1	0	1	0	1	
0	3	0	2	0	0	3	
1	0	3	0	0	0	1	
1	3	0	0	0	0	1	
--------------------

--------------------
Best Solution Found!
--------------------
Time: 0 hour(s), 0 minute(s), 3 second(s), 9 millisecond(s)

Fitness: 16184

0	3	3	0	3	3	3	
2	0	0	0	2	0	3	
0	0	0	0	0	0	0	
2	1	1	2	2	0	0	
3	0	0	0	2	0	0	
1	3	3	0	1	0	1	
2	3	2	2	0	0	2	
3	0	0	0	3	0	3	
2	1	3	3	0	0	0	
0	1	1	0	1	1	2	
2	1	3	0	0	0	1	
1	2	0	0	0	0	1	
1	3	2	0	0	0	0	
0	0	1	0	0	0	1	
0	3	0	0	0	0	2	
3	2	1	0	0	1	1	
1	3	1	1	0	0	2	
1	3	3	1	0	0	3	
0	2	1	0	0	0	0	
1	2	0	0	0	0	0	
0	0	0	1	0	2	1	
2	1	1	0	1	0	1	
0	3	0	2	0	0	3	
1	0	3	0	0	0	1	
1	3	0	0	0	0	1	
--------------------

--------------------
Best Solution Found!
--------------------
Time: 0 hour(s), 0 minute(s), 3 second(s), 85 millisecond(s)

Fitness: 16184

1	0	0	3	0	0	0	
0	3	0	0	0	0	3	
1	2	1	0	0	3	3	
1	2	1	2	0	0	0	
2	3	3	1	0	0	1	
3	3	0	0	0	0	0	
0	3	0	1	0	0	1	
1	1	3	0	2	0	2	
0	3	0	0	1	0	1	
0	2	1	0	3	0	2	
0	0	1	0	0	1	3	
2	3	0	0	0	0	0	
0	3	0	0	0	0	3	
3	1	2	0	1	0	1	
1	1	1	2	0	0	1	
1	0	3	2	1	0	1	
2	2	1	0	2	0	1	
2	0	3	0	2	0	1	
3	3	1	0	0	0	1	
2	0	3	0	0	0	0	
0	1	0	0	0	0	0	
0	0	0	0	0	0	3	
1	3	2	0	0	2	2	
2	0	0	0	3	0	2	
1	1	3	1	0	1	0	
--------------------

--------------------
Best Solution Found!
--------------------
Time: 0 hour(s), 0 minute(s), 4 second(s), 30 millisecond(s)

Fitness: 15208

1	3	3	1	0	0	1	
2	3	1	0	3	0	3	
1	3	1	0	1	0	1	
0	0	0	0	0	0	3	
0	0	0	0	0	0	0	
1	3	3	0	0	0	2	
1	0	0	0	0	0	0	
3	3	3	0	0	0	1	
1	1	1	0	1	1	0	
2	2	0	0	0	0	0	
1	2	2	3	0	3	0	
3	1	3	2	0	0	3	
0	2	1	2	0	2	1	
1	0	0	0	0	0	1	
0	1	0	0	0	1	1	
2	3	2	0	0	0	1	
0	0	3	2	0	0	0	
0	1	0	0	2	0	3	
0	2	0	0	2	0	0	
0	3	0	0	0	0	2	
3	0	3	1	0	0	2	
2	3	1	0	3	0	1	
2	3	1	1	0	0	2	
2	0	0	0	1	0	1	
1	1	1	0	2	0	3	
--------------------

--------------------
Best Solution Found!
--------------------
Time: 0 hour(s), 0 minute(s), 5 second(s), 112 millisecond(s)

Fitness: 15203

1	1	3	0	0	0	0	
1	1	3	1	0	0	2	
0	0	0	0	0	0	3	
0	1	3	2	3	3	0	
0	3	0	0	0	0	1	
1	3	1	0	1	0	1	
0	2	0	0	0	0	0	
0	0	1	0	0	0	1	
0	3	0	0	0	0	2	
0	0	0	0	0	0	3	
1	0	0	2	0	0	1	
2	2	1	2	1	0	0	
3	3	2	1	0	0	2	
1	3	3	0	1	0	1	
2	2	3	1	0	0	3	
0	0	3	0	0	0	1	
3	1	0	0	3	0	0	
2	3	1	3	0	0	0	
2	3	0	0	0	0	3	
1	0	0	0	0	2	3	
2	1	1	0	0	1	1	
2	3	2	0	0	0	1	
1	3	0	0	2	1	1	
1	0	1	0	2	0	0	
3	2	1	0	2	0	2	
--------------------

--------------------
Best Solution Found!
--------------------
Time: 0 hour(s), 0 minute(s), 6 second(s), 260 millisecond(s)

Fitness: 15188

1	0	1	0	0	0	0	
1	2	3	0	1	0	1	
1	1	0	0	0	3	0	
0	2	0	0	0	0	2	
3	3	1	0	2	0	3	
0	0	0	0	0	0	1	
2	3	0	0	0	0	3	
2	0	0	0	0	0	0	
0	3	0	1	1	0	1	
0	3	3	2	0	1	1	
2	1	3	0	2	0	2	
1	3	0	2	3	0	3	
2	3	2	0	2	0	2	
0	0	1	0	0	0	1	
3	3	0	0	0	0	1	
2	3	1	3	0	0	1	
0	1	3	1	0	0	3	
3	1	1	0	0	1	1	
2	0	2	1	3	0	3	
1	1	1	2	0	0	2	
1	0	0	0	1	0	0	
1	2	1	0	0	0	0	
1	0	3	0	0	0	1	
0	2	0	0	0	2	0	
0	3	3	0	0	0	0	
--------------------

--------------------
Best Solution Found!
--------------------
Time: 0 hour(s), 0 minute(s), 6 second(s), 261 millisecond(s)

Fitness: 15188

1	0	1	0	0	0	0	
1	2	3	0	1	0	1	
1	1	0	0	0	3	0	
0	2	0	0	0	0	2	
3	3	1	0	2	0	3	
0	0	0	0	0	0	1	
2	3	0	0	0	0	3	
2	0	0	0	0	0	0	
0	3	0	1	1	0	1	
0	3	3	2	0	1	1	
2	1	3	0	2	0	2	
1	3	0	2	3	0	3	
2	3	2	0	2	0	2	
0	0	1	0	0	0	1	
3	3	0	0	0	0	1	
2	3	1	3	0	0	1	
0	1	3	1	0	0	3	
3	1	1	0	0	1	1	
2	0	2	1	3	0	3	
1	1	1	2	0	0	2	
1	0	0	0	1	0	0	
1	2	1	0	0	0	0	
1	0	3	0	0	0	1	
0	2	0	0	0	2	0	
0	3	3	0	0	0	0	
--------------------

--------------------
Best Solution Found!
--------------------
Time: 0 hour(s), 0 minute(s), 6 second(s), 262 millisecond(s)

Fitness: 15188

1	0	1	0	0	0	0	
1	2	3	0	1	0	1	
1	1	0	0	0	3	0	
0	2	0	0	0	0	2	
3	3	1	0	2	0	3	
0	0	0	0	0	0	1	
2	3	0	0	0	0	3	
2	0	0	0	0	0	0	
0	3	0	1	1	0	1	
0	3	3	2	0	1	1	
2	1	3	0	2	0	2	
1	3	0	2	3	0	3	
2	3	2	0	2	0	2	
0	0	1	0	0	0	1	
3	3	0	0	0	0	1	
2	3	1	3	0	0	1	
0	1	3	1	0	0	3	
3	1	1	0	0	1	1	
2	0	2	1	3	0	3	
1	1	1	2	0	0	2	
1	0	0	0	1	0	0	
1	2	1	0	0	0	0	
1	0	3	0	0	0	1	
0	2	0	0	0	2	0	
0	3	3	0	0	0	0	
--------------------

--------------------
Best Solution Found!
--------------------
Time: 0 hour(s), 0 minute(s), 14 second(s), 30 millisecond(s)

Fitness: 15185

2	2	0	0	3	1	2	
3	1	3	0	0	0	0	
1	3	3	2	3	0	0	
0	0	3	0	0	0	3	
0	0	1	0	0	3	0	
0	3	0	1	0	0	1	
0	3	0	0	0	1	0	
3	1	0	0	0	0	3	
1	3	2	3	0	0	3	
3	2	1	2	0	0	3	
2	3	2	0	2	0	1	
2	3	1	0	1	0	1	
2	3	0	0	1	2	1	
1	3	1	1	0	0	2	
2	0	0	0	0	0	1	
1	1	3	0	0	0	1	
0	1	0	0	0	0	3	
2	0	0	1	2	0	0	
1	2	1	0	1	0	2	
0	2	1	0	0	0	0	
0	0	3	0	0	0	1	
1	0	0	0	0	0	1	
1	3	3	0	2	0	2	
0	0	0	0	0	0	1	
1	1	1	2	0	0	0	
--------------------

--------------------
Best Solution Found!
--------------------
Time: 0 hour(s), 0 minute(s), 30 second(s), 960 millisecond(s)

Fitness: 15185

0	1	0	0	0	0	0	
1	0	0	0	0	2	0	
2	3	1	0	0	1	3	
3	0	1	3	1	0	1	
0	3	1	0	0	0	1	
0	1	2	0	0	0	0	
3	3	0	0	0	0	1	
0	1	3	0	2	0	0	
1	1	3	2	0	0	2	
0	2	1	1	3	0	1	
0	2	0	0	2	0	3	
1	3	0	0	0	0	0	
2	2	3	0	1	0	3	
2	3	1	0	1	0	3	
1	0	1	0	2	0	1	
1	3	3	1	0	0	2	
1	3	2	0	3	0	1	
2	3	3	2	0	0	1	
3	0	0	0	0	3	2	
2	0	1	1	0	1	1	
1	3	0	2	0	0	1	
0	2	3	0	0	0	3	
0	0	0	0	0	0	2	
2	1	0	0	0	0	0	
1	0	0	0	0	0	0	
--------------------

--------------------
Best Solution Found!
--------------------
Time: 0 hour(s), 0 minute(s), 34 second(s), 422 millisecond(s)

Fitness: 15166

1	3	1	2	0	0	1	
0	0	0	0	2	0	1	
0	1	0	0	0	0	0	
2	0	0	2	2	0	2	
2	0	3	1	0	1	3	
3	3	3	0	1	0	1	
0	3	2	0	0	0	0	
1	1	1	0	2	0	2	
2	2	0	0	0	0	1	
2	0	3	1	0	0	1	
0	1	3	0	1	0	0	
1	2	3	0	0	1	3	
1	3	0	3	3	0	1	
2	0	1	2	0	3	1	
1	1	2	0	0	0	1	
0	0	0	0	0	0	0	
1	1	1	0	1	0	3	
0	3	0	0	0	0	0	
2	2	1	1	3	0	0	
1	0	0	0	0	0	3	
3	3	0	0	0	0	3	
0	3	0	0	0	0	0	
3	3	1	0	0	2	2	
1	3	1	0	0	0	1	
0	2	3	0	0	0	2	
--------------------

--------------------
Best Solution Found!
--------------------
Time: 0 hour(s), 0 minute(s), 52 second(s), 494 millisecond(s)

Fitness: 14196

1	3	1	0	0	0	1	
0	3	0	0	0	0	3	
2	3	3	0	2	0	1	
0	1	0	1	1	1	1	
2	1	3	2	0	0	3	
0	1	0	3	0	0	1	
0	0	1	0	3	0	0	
2	3	0	0	0	0	0	
0	0	1	0	0	0	0	
1	2	2	0	1	0	2	
3	0	0	0	0	0	0	
2	1	3	0	2	0	1	
3	3	0	0	0	0	0	
2	3	3	0	0	0	3	
1	2	1	2	0	0	3	
3	3	1	0	0	2	0	
1	0	0	0	3	1	0	
2	3	1	0	0	3	1	
1	2	0	1	1	0	2	
0	0	0	0	0	0	1	
1	2	2	1	0	0	2	
1	3	1	0	2	0	2	
0	0	3	0	0	0	3	
0	0	0	0	0	0	1	
1	1	3	2	0	0	1	
--------------------

--------------------
Best Solution Found!
--------------------
Time: 0 hour(s), 2 minute(s), 10 second(s), 518 millisecond(s)

Fitness: 14196

1	3	1	0	1	0	1	
2	3	1	0	2	0	1	
3	2	3	0	1	0	2	
3	2	0	0	0	0	1	
1	1	0	1	2	0	3	
1	3	3	2	0	3	0	
0	3	2	0	0	0	0	
1	1	1	0	3	0	1	
0	3	0	0	0	0	1	
0	1	0	0	0	0	1	
2	0	1	1	0	0	1	
2	0	3	0	0	0	0	
1	2	3	2	0	0	3	
0	3	1	0	2	1	2	
0	3	0	0	3	0	0	
1	2	1	3	0	0	2	
2	1	0	0	0	0	3	
3	0	0	0	0	0	1	
1	0	0	0	1	0	0	
0	0	0	0	0	2	0	
2	3	3	1	0	0	3	
2	0	1	0	0	1	2	
1	3	3	2	0	0	1	
0	0	2	0	0	0	0	
0	1	0	0	0	0	3	
--------------------


The best solution was found at the restart: 22, population: 0
Total Time Elapsed: 0 hour(s), 3 minute(s), 52 second(s), 192 millisecond(s)

