--------------------
Best Solution Found!
--------------------
Time: 0 hour(s), 0 minute(s), 0 second(s), 4 millisecond(s)

Fitness: 203740

1	3	0	1	2	3	2	0	1	1	1	2	0	2	0	1	0	0	0	2	0	0	0	0	0	0	0	2	
1	3	0	0	2	3	0	0	2	0	0	3	0	2	0	2	0	0	0	3	0	0	0	0	0	0	1	0	
1	3	0	1	2	3	2	0	1	1	0	0	0	2	0	1	0	0	0	1	0	0	0	0	0	0	3	0	
1	0	0	0	0	1	2	0	0	1	0	3	0	1	0	2	0	0	0	1	0	0	0	0	0	0	3	1	
1	0	2	1	0	0	2	0	1	1	0	2	0	0	0	0	0	0	0	1	0	0	0	0	0	0	3	2	
1	0	0	0	0	3	2	0	0	0	0	3	0	2	0	2	0	0	0	0	0	0	0	0	0	0	3	0	
2	3	2	0	1	3	1	0	0	2	1	3	0	0	0	2	0	0	0	0	0	0	0	0	0	0	1	2	
1	3	0	1	2	3	0	0	1	0	1	0	0	1	0	0	0	0	0	0	0	0	0	0	0	0	0	2	
2	3	0	2	2	0	2	0	1	1	0	3	0	0	0	0	0	0	0	1	0	0	0	0	0	0	3	2	
1	0	2	1	0	3	0	0	1	1	0	3	0	2	0	0	0	0	0	2	0	0	0	0	0	0	3	1	
1	3	0	1	2	0	0	0	0	0	1	0	0	0	0	0	0	0	0	0	0	0	0	0	0	0	0	0	
0	0	0	1	0	1	2	0	0	0	3	3	0	2	0	2	0	0	0	0	0	0	0	0	0	0	0	2	
2	3	0	1	2	3	1	0	1	1	0	0	0	2	0	0	0	0	0	1	0	0	0	0	0	0	0	0	
0	0	1	0	0	3	2	0	1	2	1	3	0	2	0	2	0	0	0	0	0	0	0	0	0	0	0	2	
1	0	0	2	1	3	1	0	1	2	1	3	0	2	0	2	0	0	0	1	0	0	0	0	0	0	1	2	
2	0	0	1	0	3	2	0	1	1	0	2	0	0	0	2	0	0	0	0	0	0	0	0	0	0	3	2	
0	0	0	1	0	0	2	0	1	1	0	2	0	0	0	0	0	0	0	0	0	0	0	0	0	0	0	2	
2	3	2	0	0	1	0	0	0	1	3	3	0	0	0	0	0	0	0	1	0	0	0	0	0	0	0	0	
1	0	0	2	1	0	2	0	0	1	0	3	0	2	0	2	0	0	0	0	0	0	0	0	0	0	3	0	
0	0	1	1	0	0	2	0	1	1	1	3	0	2	0	2	0	0	0	1	0	0	0	0	0	0	0	0	
1	1	0	1	0	0	0	0	3	1	0	3	0	0	0	0	0	0	0	1	0	0	0	0	0	0	3	1	
1	3	1	1	2	3	1	0	0	0	0	0	0	0	0	0	0	0	0	1	0	0	0	0	0	0	0	0	
0	1	0	1	0	0	2	0	0	1	1	3	0	2	0	0	0	0	0	1	0	0	0	0	0	0	0	2	
1	3	2	1	2	3	2	0	3	0	0	0	0	2	0	1	0	0	0	1	0	0	0	0	0	0	3	2	
1	3	0	1	2	3	0	0	3	2	1	3	0	0	0	2	0	0	0	1	0	0	0	0	0	0	3	2	
1	0	0	2	2	0	2	0	1	1	1	3	0	0	0	0	0	0	0	0	0	0	0	0	0	0	0	0	
1	3	0	1	2	0	0	0	0	0	1	0	0	1	0	2	0	0	0	0	0	0	0	0	0	0	3	1	
0	0	0	2	0	3	2	0	1	1	1	3	0	0	0	2	0	0	0	1	0	0	0	0	0	0	0	2	
0	0	0	0	2	1	2	0	0	1	3	0	0	0	0	0	0	0	0	2	0	0	0	0	0	0	0	2	
1	1	0	1	2	0	2	0	1	1	0	0	0	2	0	2	0	0	0	1	0	0	0	0	0	0	3	0	
--------------------

--------------------
Best Solution Found!
--------------------
Time: 0 hour(s), 0 minute(s), 0 second(s), 18 millisecond(s)

Fitness: 202749

2	0	0	1	2	3	2	0	1	1	1	2	0	1	0	1	0	0	0	0	0	0	0	0	0	0	0	0	
0	0	0	0	2	3	0	0	2	0	1	3	0	2	0	2	0	0	0	1	0	0	0	0	0	0	0	0	
0	3	0	1	2	0	2	0	1	1	0	0	0	2	0	0	0	0	0	1	0	0	0	0	0	0	1	0	
1	1	0	0	0	0	2	0	0	1	0	3	0	2	0	0	0	0	0	1	0	0	0	0	0	0	3	1	
0	0	2	1	0	3	2	0	1	1	3	2	0	1	0	0	0	0	0	1	0	0	0	0	0	0	3	2	
1	3	0	0	0	3	2	0	0	0	0	3	0	2	0	2	0	0	0	1	0	0	0	0	0	0	3	2	
1	1	2	0	1	1	1	0	0	2	1	3	0	2	0	1	0	0	0	2	0	0	0	0	0	0	3	1	
1	3	0	1	2	3	0	0	1	0	1	0	0	0	0	0	0	0	0	1	0	0	0	0	0	0	0	2	
1	0	0	2	2	3	2	0	1	1	0	3	0	0	0	1	0	0	0	1	0	0	0	0	0	0	0	2	
1	3	2	1	0	0	0	0	1	1	0	3	0	0	0	2	0	0	0	1	0	0	0	0	0	0	0	0	
0	3	0	1	2	0	0	0	0	0	0	0	0	0	0	0	0	0	0	3	0	0	0	0	0	0	0	2	
2	3	0	1	0	0	2	0	0	0	1	3	0	0	0	2	0	0	0	1	0	0	0	0	0	0	3	2	
0	3	0	1	2	3	1	0	1	1	0	0	0	0	0	0	0	0	0	0	0	0	0	0	0	0	1	0	
1	0	1	0	0	3	2	0	1	2	0	3	0	2	0	0	0	0	0	1	0	0	0	0	0	0	3	2	
1	0	0	2	1	1	1	0	1	2	0	3	0	0	0	0	0	0	0	0	0	0	0	0	0	0	3	2	
1	0	0	1	0	3	2	0	1	1	1	2	0	0	0	2	0	0	0	0	0	0	0	0	0	0	3	2	
0	0	0	1	0	3	2	0	1	1	1	2	0	0	0	2	0	0	0	0	0	0	0	0	0	0	0	0	
1	3	2	0	0	0	0	0	0	1	1	3	0	2	0	2	0	0	0	2	0	0	0	0	0	0	3	0	
0	3	0	2	1	3	2	0	0	1	1	3	0	0	0	0	0	0	0	1	0	0	0	0	0	0	3	2	
1	0	1	1	0	3	2	0	1	1	0	3	0	2	0	0	0	0	0	1	0	0	0	0	0	0	3	2	
1	3	0	1	0	3	0	0	3	1	1	3	0	2	0	2	0	0	0	0	0	0	0	0	0	0	0	0	
1	3	1	1	2	0	1	0	0	0	0	0	0	1	0	2	0	0	0	0	0	0	0	0	0	0	0	2	
2	3	0	1	0	3	2	0	0	1	3	3	0	2	0	2	0	0	0	1	0	0	0	0	0	0	1	1	
1	0	2	1	2	3	2	0	3	0	3	0	0	2	0	2	0	0	0	1	0	0	0	0	0	0	0	0	
2	0	0	1	2	0	0	0	3	2	0	3	0	0	0	2	0	0	0	0	0	0	0	0	0	0	0	0	
1	3	0	2	2	1	2	0	1	1	1	3	0	2	0	0	0	0	0	0	0	0	0	0	0	0	3	2	
1	0	0	1	2	0	0	0	0	0	0	0	0	0	0	0	0	0	0	1	0	0	0	0	0	0	3	2	
2	0	0	2	0	0	2	0	1	1	0	3	0	2	0	0	0	0	0	0	0	0	0	0	0	0	0	2	
1	1	0	0	2	0	2	0	0	1	1	0	0	0	0	2	0	0	0	0	0	0	0	0	0	0	0	0	
1	0	0	1	2	1	2	0	1	1	0	0	0	2	0	2	0	0	0	2	0	0	0	0	0	0	0	1	
--------------------

--------------------
Best Solution Found!
--------------------
Time: 0 hour(s), 0 minute(s), 0 second(s), 29 millisecond(s)

Fitness: 202740

1	3	0	1	2	3	2	0	3	1	1	3	0	2	0	2	0	0	0	3	0	0	0	0	0	0	1	2	
1	0	0	1	2	0	0	0	1	2	3	0	0	0	0	1	0	0	0	0	0	0	0	0	0	0	0	0	
1	0	0	1	2	0	2	0	1	1	0	3	0	0	0	0	0	0	0	1	0	0	0	0	0	0	0	0	
1	3	0	0	0	3	2	0	1	0	0	0	0	2	0	2	0	0	0	1	0	0	0	0	0	0	3	1	
2	0	0	1	0	0	2	0	1	1	1	3	0	0	0	2	0	0	0	1	0	0	0	0	0	0	0	2	
2	3	0	0	0	1	2	0	3	0	0	2	0	2	0	0	0	0	0	1	0	0	0	0	0	0	3	0	
1	0	0	2	1	3	1	0	1	1	0	3	0	2	0	2	0	0	0	2	0	0	0	0	0	0	3	2	
2	3	0	0	2	0	0	0	1	0	0	0	0	2	0	2	0	0	0	1	0	0	0	0	0	0	3	2	
1	3	1	2	2	3	2	0	1	1	0	0	0	0	0	0	0	0	0	0	0	0	0	0	0	0	1	2	
1	0	0	1	0	0	0	0	0	0	0	0	0	2	0	1	0	0	0	1	0	0	0	0	0	0	1	1	
1	0	0	1	2	3	0	0	3	1	1	0	0	0	0	2	0	0	0	1	0	0	0	0	0	0	3	0	
1	3	2	1	0	3	2	0	1	1	1	3	0	0	0	0	0	0	0	0	0	0	0	0	0	0	3	2	
1	3	0	1	2	0	1	0	1	0	1	3	0	0	0	0	0	0	0	1	0	0	0	0	0	0	0	0	
0	0	0	1	0	3	2	0	1	1	1	3	0	0	0	2	0	0	0	0	0	0	0	0	0	0	0	2	
0	0	0	1	1	3	1	0	0	0	0	3	0	2	0	0	0	0	0	1	0	0	0	0	0	0	0	2	
1	3	0	1	0	1	2	0	1	1	0	0	0	0	0	0	0	0	0	2	0	0	0	0	0	0	3	2	
0	3	0	0	0	3	2	0	0	0	1	3	0	2	0	2	0	0	0	0	0	0	0	0	0	0	3	2	
1	3	0	2	0	0	0	0	0	2	1	2	0	2	0	0	0	0	0	0	0	0	0	0	0	0	3	0	
1	0	0	2	1	3	2	0	0	2	0	3	0	0	0	2	0	0	0	0	0	0	0	0	0	0	3	0	
1	0	0	0	0	1	2	0	0	1	1	3	0	2	0	2	0	0	0	1	0	0	0	0	0	0	0	0	
0	0	2	1	0	0	0	0	0	1	1	3	0	0	0	2	0	0	0	2	0	0	0	0	0	0	0	1	
1	3	0	1	2	3	1	0	1	2	3	0	0	2	0	0	0	0	0	0	0	0	0	0	0	0	0	0	
0	0	0	1	0	3	2	0	0	1	0	2	0	2	0	2	0	0	0	1	0	0	0	0	0	0	0	2	
1	3	2	1	2	0	2	0	0	1	1	0	0	2	0	0	0	0	0	1	0	0	0	0	0	0	0	2	
2	1	0	1	2	3	0	0	1	1	1	3	0	1	0	0	0	0	0	0	0	0	0	0	0	0	0	2	
1	0	0	0	2	3	2	0	1	0	0	3	0	1	0	2	0	0	0	1	0	0	0	0	0	0	0	0	
0	0	2	1	2	0	0	0	1	1	3	3	0	2	0	0	0	0	0	0	0	0	0	0	0	0	3	1	
2	1	1	2	0	1	2	0	0	1	0	3	0	1	0	2	0	0	0	0	0	0	0	0	0	0	3	2	
0	1	2	1	2	0	2	0	0	1	0	3	0	0	0	0	0	0	0	1	0	0	0	0	0	0	0	2	
1	3	1	0	2	3	2	0	2	1	0	2	0	0	0	1	0	0	0	1	0	0	0	0	0	0	3	0	
--------------------

--------------------
Best Solution Found!
--------------------
Time: 0 hour(s), 0 minute(s), 0 second(s), 30 millisecond(s)

Fitness: 202740

1	3	0	1	2	3	2	0	3	1	1	3	0	2	0	2	0	0	0	3	0	0	0	0	0	0	1	2	
1	0	0	1	2	0	0	0	1	2	3	0	0	0	0	1	0	0	0	0	0	0	0	0	0	0	0	0	
1	0	0	1	2	0	2	0	1	1	0	3	0	0	0	0	0	0	0	1	0	0	0	0	0	0	0	0	
1	3	0	0	0	3	2	0	1	0	0	0	0	2	0	2	0	0	0	1	0	0	0	0	0	0	3	1	
2	0	0	1	0	0	2	0	1	1	1	3	0	0	0	2	0	0	0	1	0	0	0	0	0	0	0	2	
2	3	0	0	0	1	2	0	3	0	0	2	0	2	0	0	0	0	0	1	0	0	0	0	0	0	3	0	
1	0	0	2	1	3	1	0	1	1	0	3	0	2	0	2	0	0	0	2	0	0	0	0	0	0	3	2	
2	3	0	0	2	0	0	0	1	0	0	0	0	2	0	2	0	0	0	1	0	0	0	0	0	0	3	2	
1	3	1	2	2	3	2	0	1	1	0	0	0	0	0	0	0	0	0	0	0	0	0	0	0	0	1	2	
1	0	0	1	0	0	0	0	0	0	0	0	0	2	0	1	0	0	0	1	0	0	0	0	0	0	1	1	
1	0	0	1	2	3	0	0	3	1	1	0	0	0	0	2	0	0	0	1	0	0	0	0	0	0	3	0	
1	3	2	1	0	3	2	0	1	1	1	3	0	0	0	0	0	0	0	0	0	0	0	0	0	0	3	2	
1	3	0	1	2	0	1	0	1	0	1	3	0	0	0	0	0	0	0	1	0	0	0	0	0	0	0	0	
0	0	0	1	0	3	2	0	1	1	1	3	0	0	0	2	0	0	0	0	0	0	0	0	0	0	0	2	
0	0	0	1	1	3	1	0	0	0	0	3	0	2	0	0	0	0	0	1	0	0	0	0	0	0	0	2	
1	3	0	1	0	1	2	0	1	1	0	0	0	0	0	0	0	0	0	2	0	0	0	0	0	0	3	2	
0	3	0	0	0	3	2	0	0	0	1	3	0	2	0	2	0	0	0	0	0	0	0	0	0	0	3	2	
1	3	0	2	0	0	0	0	0	2	1	2	0	2	0	0	0	0	0	0	0	0	0	0	0	0	3	0	
1	0	0	2	1	3	2	0	0	2	0	3	0	0	0	2	0	0	0	0	0	0	0	0	0	0	3	0	
1	0	0	0	0	1	2	0	0	1	1	3	0	2	0	2	0	0	0	1	0	0	0	0	0	0	0	0	
0	0	2	1	0	0	0	0	0	1	1	3	0	0	0	2	0	0	0	2	0	0	0	0	0	0	0	1	
1	3	0	1	2	3	1	0	1	2	3	0	0	2	0	0	0	0	0	0	0	0	0	0	0	0	0	0	
0	0	0	1	0	3	2	0	0	1	0	2	0	2	0	2	0	0	0	1	0	0	0	0	0	0	0	2	
1	3	2	1	2	0	2	0	0	1	1	0	0	2	0	0	0	0	0	1	0	0	0	0	0	0	0	2	
2	1	0	1	2	3	0	0	1	1	1	3	0	1	0	0	0	0	0	0	0	0	0	0	0	0	0	2	
1	0	0	0	2	3	2	0	1	0	0	3	0	1	0	2	0	0	0	1	0	0	0	0	0	0	0	0	
0	0	2	1	2	0	0	0	1	1	3	3	0	2	0	0	0	0	0	0	0	0	0	0	0	0	3	1	
2	1	1	2	0	1	2	0	0	1	0	3	0	1	0	2	0	0	0	0	0	0	0	0	0	0	3	2	
0	1	2	1	2	0	2	0	0	1	0	3	0	0	0	0	0	0	0	1	0	0	0	0	0	0	0	2	
1	3	1	0	2	3	2	0	2	1	0	2	0	0	0	1	0	0	0	1	0	0	0	0	0	0	3	0	
--------------------

--------------------
Best Solution Found!
--------------------
Time: 0 hour(s), 0 minute(s), 0 second(s), 412 millisecond(s)

Fitness: 199758

1	0	0	1	2	1	2	0	0	1	1	3	0	0	0	0	0	0	0	3	0	0	0	0	0	0	0	2	
1	3	0	1	0	3	2	0	0	1	1	3	0	0	0	2	0	0	0	1	0	0	0	0	0	0	3	0	
2	3	2	2	0	0	2	0	0	1	0	3	0	1	0	0	0	0	0	1	0	0	0	0	0	0	0	1	
1	3	0	1	0	3	2	0	1	0	0	0	0	0	0	0	0	0	0	1	0	0	0	0	0	0	0	2	
0	0	2	1	1	0	0	0	0	1	0	2	0	0	0	1	0	0	0	0	0	0	0	0	0	0	0	1	
2	0	0	2	0	0	0	0	0	1	0	0	0	0	0	2	0	0	0	0	0	0	0	0	0	0	0	0	
1	1	2	1	2	0	0	0	1	1	3	3	0	2	0	2	0	0	0	1	0	0	0	0	0	0	3	2	
0	1	1	0	0	0	1	0	1	0	0	0	0	2	0	2	0	0	0	1	0	0	0	0	0	0	3	2	
0	3	0	0	2	1	2	0	3	1	0	0	0	2	0	1	0	0	0	1	0	0	0	0	0	0	0	2	
0	0	0	1	2	0	0	0	1	1	3	3	0	2	0	0	0	0	0	1	0	0	0	0	0	0	3	2	
1	0	0	1	0	3	1	0	1	2	1	2	0	0	0	2	0	0	0	0	0	0	0	0	0	0	3	2	
1	3	0	1	2	3	2	0	1	1	1	0	0	2	0	0	0	0	0	0	0	0	0	0	0	0	0	0	
1	3	0	1	0	1	0	0	2	1	0	3	0	2	0	0	0	0	0	2	0	0	0	0	0	0	3	1	
1	3	0	0	0	3	2	0	0	1	1	3	0	0	0	0	0	0	0	1	0	0	0	0	0	0	0	2	
1	0	0	1	2	0	0	0	3	0	1	3	0	0	0	0	0	0	0	1	0	0	0	0	0	0	0	0	
1	0	1	2	0	3	2	0	1	2	1	2	0	1	0	1	0	0	0	1	0	0	0	0	0	0	0	0	
1	0	0	1	1	0	2	0	1	1	0	3	0	0	0	2	0	0	0	1	0	0	0	0	0	0	0	0	
2	0	0	0	0	3	2	0	1	0	0	3	0	2	0	2	0	0	0	0	0	0	0	0	0	0	3	2	
0	0	0	1	1	3	2	0	0	1	0	0	0	0	0	2	0	0	0	0	0	0	0	0	0	0	0	0	
0	0	2	0	2	3	1	0	3	1	1	3	0	2	0	2	0	0	0	0	0	0	0	0	0	0	3	2	
1	3	0	1	2	1	2	0	1	1	0	0	0	2	0	2	0	0	0	0	0	0	0	0	0	0	1	0	
1	3	2	1	2	3	2	0	0	0	0	0	0	2	0	0	0	0	0	1	0	0	0	0	0	0	1	1	
1	1	0	0	2	3	2	0	1	2	1	3	0	2	0	2	0	0	0	2	0	0	0	0	0	0	0	2	
2	3	0	2	0	0	0	0	0	0	0	3	0	2	0	0	0	0	0	0	0	0	0	0	0	0	0	2	
1	0	0	1	2	3	2	0	1	2	1	3	0	2	0	0	0	0	0	0	0	0	0	0	0	0	3	2	
0	3	0	1	2	0	2	0	0	0	0	2	0	2	0	0	0	0	0	1	0	0	0	0	0	0	3	2	
1	3	0	1	2	3	2	0	1	1	3	0	0	0	0	2	0	0	0	1	0	0	0	0	0	0	3	0	
1	0	0	0	0	3	1	0	0	0	0	3	0	0	0	0	0	0	0	0	0	0	0	0	0	0	3	0	
2	3	1	1	0	0	0	0	1	1	1	3	0	1	0	2	0	0	0	1	0	0	0	0	0	0	1	0	
1	0	0	2	2	3	2	0	1	1	1	3	0	0	0	2	0	0	0	2	0	0	0	0	0	0	3	2	
--------------------

--------------------
Best Solution Found!
--------------------
Time: 0 hour(s), 0 minute(s), 0 second(s), 800 millisecond(s)

Fitness: 198744

0	3	0	0	1	1	0	0	1	0	1	3	0	1	0	0	0	0	0	1	0	0	0	0	0	0	3	2	
2	0	0	0	2	3	2	0	3	0	1	3	0	2	0	0	0	0	0	1	0	0	0	0	0	0	0	2	
1	3	0	0	2	1	2	0	0	1	1	0	0	2	0	0	0	0	0	0	0	0	0	0	0	0	3	0	
0	3	0	1	2	0	0	0	1	1	0	0	0	0	0	0	0	0	0	0	0	0	0	0	0	0	3	2	
0	0	0	2	0	3	2	0	3	1	1	3	0	2	0	2	0	0	0	1	0	0	0	0	0	0	3	0	
2	0	0	1	2	3	1	0	1	1	0	0	0	0	0	2	0	0	0	1	0	0	0	0	0	0	0	2	
2	0	0	1	2	3	2	0	0	0	1	3	0	2	0	0	0	0	0	0	0	0	0	0	0	0	3	1	
1	3	0	1	2	3	2	0	1	1	1	2	0	1	0	2	0	0	0	2	0	0	0	0	0	0	0	0	
0	0	2	1	0	1	2	0	0	2	0	0	0	0	0	2	0	0	0	2	0	0	0	0	0	0	1	2	
0	3	2	2	0	0	2	0	1	0	0	0	0	0	0	0	0	0	0	1	0	0	0	0	0	0	3	2	
1	1	0	1	2	3	0	0	0	1	1	3	0	2	0	0	0	0	0	2	0	0	0	0	0	0	0	0	
1	0	0	0	0	3	2	0	0	1	0	0	0	2	0	0	0	0	0	0	0	0	0	0	0	0	1	0	
1	3	2	0	2	3	1	0	1	0	3	3	0	2	0	0	0	0	0	1	0	0	0	0	0	0	1	2	
1	1	0	2	1	3	2	0	1	1	1	2	0	0	0	2	0	0	0	1	0	0	0	0	0	0	3	2	
2	0	1	1	1	0	2	0	0	0	1	3	0	0	0	0	0	0	0	1	0	0	0	0	0	0	0	0	
1	3	0	1	2	0	2	0	1	2	0	3	0	2	0	2	0	0	0	3	0	0	0	0	0	0	3	1	
1	0	2	1	0	0	0	0	1	1	0	3	0	0	0	1	0	0	0	0	0	0	0	0	0	0	0	1	
1	3	0	1	0	3	2	0	3	1	0	0	0	1	0	2	0	0	0	0	0	0	0	0	0	0	3	2	
0	0	0	2	0	3	2	0	0	1	3	3	0	0	0	0	0	0	0	0	0	0	0	0	0	0	0	2	
1	0	0	1	2	0	2	0	1	1	0	2	0	2	0	1	0	0	0	0	0	0	0	0	0	0	3	1	
1	0	0	1	0	3	2	0	0	2	1	3	0	2	0	2	0	0	0	1	0	0	0	0	0	0	0	0	
1	3	0	0	0	0	0	0	1	1	0	3	0	2	0	0	0	0	0	1	0	0	0	0	0	0	0	2	
1	3	0	2	2	1	0	0	1	1	3	3	0	0	0	2	0	0	0	0	0	0	0	0	0	0	3	0	
1	0	1	1	2	0	1	0	1	1	1	2	0	2	0	2	0	0	0	1	0	0	0	0	0	0	0	2	
1	3	0	1	2	0	1	0	2	2	0	3	0	0	0	2	0	0	0	1	0	0	0	0	0	0	0	0	
1	3	1	1	2	3	0	0	1	1	0	0	0	2	0	2	0	0	0	1	0	0	0	0	0	0	0	2	
0	1	0	1	0	3	2	0	0	0	0	0	0	0	0	0	0	0	0	1	0	0	0	0	0	0	0	2	
2	0	0	1	0	0	2	0	0	1	1	3	0	2	0	2	0	0	0	1	0	0	0	0	0	0	3	0	
1	0	2	1	0	3	2	0	1	0	0	3	0	0	0	2	0	0	0	0	0	0	0	0	0	0	0	0	
1	3	0	0	0	0	0	0	0	1	0	3	0	0	0	1	0	0	0	0	0	0	0	0	0	0	3	2	
--------------------

--------------------
Best Solution Found!
--------------------
Time: 0 hour(s), 0 minute(s), 3 second(s), 350 millisecond(s)

Fitness: 197752

0	3	0	1	2	0	2	0	2	1	0	3	0	1	0	2	0	0	0	1	0	0	0	0	0	0	3	2	
2	3	0	1	2	3	2	0	0	0	0	3	0	0	0	2	0	0	0	1	0	0	0	0	0	0	1	2	
1	3	1	1	0	3	2	0	1	1	1	2	0	0	0	2	0	0	0	1	0	0	0	0	0	0	3	0	
1	3	0	0	2	0	0	0	0	0	0	3	0	0	0	0	0	0	0	0	0	0	0	0	0	0	3	2	
1	0	0	0	0	1	2	0	0	1	1	3	0	2	0	2	0	0	0	1	0	0	0	0	0	0	3	2	
1	3	0	0	2	1	1	0	0	0	0	3	0	0	0	2	0	0	0	0	0	0	0	0	0	0	0	0	
1	0	0	0	0	0	0	0	0	1	0	0	0	0	0	0	0	0	0	0	0	0	0	0	0	0	0	0	
2	3	1	1	0	0	0	0	1	1	0	3	0	1	0	1	0	0	0	3	0	0	0	0	0	0	3	2	
1	3	0	1	2	0	1	0	1	2	1	3	0	0	0	0	0	0	0	1	0	0	0	0	0	0	3	0	
1	0	0	1	2	3	2	0	1	0	0	3	0	2	0	0	0	0	0	0	0	0	0	0	0	0	3	1	
0	3	2	1	0	3	0	0	1	1	0	0	0	2	0	0	0	0	0	1	0	0	0	0	0	0	1	2	
2	0	0	1	1	0	0	0	0	2	0	3	0	2	0	2	0	0	0	2	0	0	0	0	0	0	0	2	
2	3	0	1	2	1	2	0	0	1	1	3	0	2	0	1	0	0	0	2	0	0	0	0	0	0	0	0	
2	3	2	1	0	3	2	0	1	0	1	0	0	0	0	1	0	0	0	0	0	0	0	0	0	0	0	0	
0	3	0	1	2	0	2	0	1	1	1	3	0	2	0	0	0	0	0	1	0	0	0	0	0	0	0	0	
1	3	0	1	2	0	2	0	1	1	1	3	0	2	0	0	0	0	0	1	0	0	0	0	0	0	0	0	
0	0	2	2	0	0	2	0	1	0	1	2	0	2	0	2	0	0	0	0	0	0	0	0	0	0	3	2	
1	1	0	1	0	3	2	0	0	1	3	3	0	0	0	0	0	0	0	1	0	0	0	0	0	0	0	0	
1	0	0	1	0	3	2	0	1	1	0	0	0	2	0	2	0	0	0	1	0	0	0	0	0	0	3	2	
1	0	0	2	2	3	2	0	0	2	1	0	0	2	0	2	0	0	0	0	0	0	0	0	0	0	0	1	
1	3	0	2	2	0	0	0	3	2	0	2	0	0	0	0	0	0	0	2	0	0	0	0	0	0	0	2	
1	1	0	0	0	3	0	0	1	1	0	0	0	0	0	2	0	0	0	0	0	0	0	0	0	0	1	2	
1	0	1	1	1	3	0	0	1	1	1	3	0	0	0	2	0	0	0	1	0	0	0	0	0	0	0	2	
1	0	2	0	1	3	2	0	0	1	3	0	0	2	0	0	0	0	0	1	0	0	0	0	0	0	3	1	
0	0	0	0	2	3	1	0	3	1	1	0	0	1	0	0	0	0	0	1	0	0	0	0	0	0	3	1	
1	1	0	2	2	3	1	0	3	0	0	2	0	2	0	2	0	0	0	0	0	0	0	0	0	0	0	0	
1	0	2	2	0	3	2	0	1	1	0	0	0	2	0	0	0	0	0	1	0	0	0	0	0	0	3	0	
1	0	0	1	0	1	2	0	1	1	3	3	0	0	0	2	0	0	0	0	0	0	0	0	0	0	0	2	
0	0	0	1	0	0	2	0	0	1	1	3	0	2	0	2	0	0	0	0	0	0	0	0	0	0	0	2	
0	0	0	1	2	3	2	0	1	0	0	3	0	0	0	0	0	0	0	1	0	0	0	0	0	0	3	2	
--------------------

--------------------
Best Solution Found!
--------------------
Time: 0 hour(s), 0 minute(s), 4 second(s), 665 millisecond(s)

Fitness: 197734

2	3	0	1	0	0	2	0	0	0	0	3	0	0	0	0	0	0	0	1	0	0	0	0	0	0	0	0	
2	3	0	1	2	3	2	0	1	1	0	3	0	0	0	2	0	0	0	0	0	0	0	0	0	0	1	1	
0	0	2	2	0	0	2	0	3	0	0	0	0	0	0	0	0	0	0	1	0	0	0	0	0	0	3	2	
1	0	2	2	0	1	1	0	1	1	1	0	0	2	0	0	0	0	0	1	0	0	0	0	0	0	3	2	
1	1	0	1	1	0	0	0	2	1	1	3	0	1	0	2	0	0	0	1	0	0	0	0	0	0	0	0	
1	0	0	1	1	1	0	0	0	1	3	3	0	0	0	2	0	0	0	1	0	0	0	0	0	0	3	2	
1	3	1	0	2	3	2	0	3	1	0	0	0	2	0	0	0	0	0	0	0	0	0	0	0	0	0	2	
1	0	0	0	0	3	2	0	1	0	0	0	0	0	0	2	0	0	0	0	0	0	0	0	0	0	0	1	
0	3	0	1	2	3	2	0	1	1	1	3	0	2	0	1	0	0	0	0	0	0	0	0	0	0	3	2	
2	3	0	0	2	3	2	0	1	2	1	0	0	2	0	0	0	0	0	0	0	0	0	0	0	0	3	1	
0	0	0	1	0	3	2	0	1	1	0	2	0	0	0	2	0	0	0	2	0	0	0	0	0	0	3	0	
0	3	0	0	0	3	2	0	0	0	1	2	0	0	0	2	0	0	0	1	0	0	0	0	0	0	3	2	
2	0	0	1	1	3	2	0	1	1	0	3	0	2	0	0	0	0	0	3	0	0	0	0	0	0	3	0	
1	0	0	1	2	3	0	0	1	1	1	3	0	2	0	1	0	0	0	1	0	0	0	0	0	0	3	2	
1	1	2	0	0	0	2	0	1	0	0	3	0	0	0	2	0	0	0	1	0	0	0	0	0	0	0	2	
0	3	1	1	2	0	1	0	0	1	3	0	0	0	0	2	0	0	0	1	0	0	0	0	0	0	0	0	
0	0	0	1	2	0	1	0	0	1	1	3	0	1	0	0	0	0	0	1	0	0	0	0	0	0	0	0	
0	1	0	1	2	1	0	0	0	1	0	3	0	2	0	0	0	0	0	0	0	0	0	0	0	0	3	0	
1	3	0	1	2	3	0	0	1	1	1	3	0	2	0	0	0	0	0	2	0	0	0	0	0	0	3	2	
1	3	0	1	2	0	2	0	1	1	1	3	0	2	0	0	0	0	0	1	0	0	0	0	0	0	0	0	
2	0	0	0	0	0	1	0	1	0	1	3	0	0	0	2	0	0	0	0	0	0	0	0	0	0	3	2	
1	0	0	0	0	0	0	0	1	0	0	3	0	2	0	2	0	0	0	1	0	0	0	0	0	0	1	2	
1	3	0	2	2	1	2	0	0	1	3	2	0	2	0	1	0	0	0	0	0	0	0	0	0	0	3	2	
1	0	0	2	0	3	2	0	0	1	0	0	0	0	0	2	0	0	0	1	0	0	0	0	0	0	0	2	
1	3	0	1	2	3	2	0	3	2	0	3	0	2	0	2	0	0	0	0	0	0	0	0	0	0	1	1	
1	3	0	1	2	0	0	0	1	2	0	2	0	1	0	0	0	0	0	0	0	0	0	0	0	0	0	0	
1	0	2	2	0	3	2	0	0	0	0	3	0	0	0	2	0	0	0	1	0	0	0	0	0	0	0	0	
1	0	1	1	0	3	2	0	1	1	1	3	0	0	0	0	0	0	0	0	0	0	0	0	0	0	0	0	
1	0	0	1	2	3	2	0	0	1	0	0	0	2	0	2	0	0	0	2	0	0	0	0	0	0	0	2	
1	3	2	1	0	0	0	0	0	2	1	0	0	2	0	0	0	0	0	1	0	0	0	0	0	0	0	2	
--------------------

--------------------
Best Solution Found!
--------------------
Time: 0 hour(s), 0 minute(s), 6 second(s), 188 millisecond(s)

Fitness: 193746

1	0	1	1	2	0	2	0	0	1	0	3	0	0	0	0	0	0	0	1	0	0	0	0	0	0	0	0	
0	3	0	1	2	3	2	0	1	1	0	0	0	0	0	2	0	0	0	1	0	0	0	0	0	0	0	2	
1	3	2	1	2	3	2	0	1	2	1	0	0	0	0	2	0	0	0	1	0	0	0	0	0	0	1	2	
0	0	0	0	2	3	0	0	1	2	1	3	0	0	0	0	0	0	0	1	0	0	0	0	0	0	3	0	
0	0	0	0	2	1	0	0	0	1	1	0	0	2	0	0	0	0	0	1	0	0	0	0	0	0	0	0	
0	3	2	1	0	3	2	0	1	2	0	0	0	2	0	2	0	0	0	1	0	0	0	0	0	0	3	0	
0	0	0	1	2	0	2	0	1	1	1	2	0	2	0	0	0	0	0	0	0	0	0	0	0	0	0	2	
0	3	0	0	0	0	2	0	1	1	0	0	0	2	0	0	0	0	0	1	0	0	0	0	0	0	0	2	
2	1	0	1	0	3	1	0	2	1	3	3	0	0	0	0	0	0	0	1	0	0	0	0	0	0	0	0	
1	3	0	2	2	3	1	0	0	0	3	3	0	2	0	2	0	0	0	1	0	0	0	0	0	0	0	2	
1	3	0	0	0	0	0	0	1	1	1	3	0	0	0	1	0	0	0	0	0	0	0	0	0	0	3	2	
1	0	0	2	1	3	2	0	0	0	1	3	0	0	0	0	0	0	0	2	0	0	0	0	0	0	0	0	
0	0	0	0	2	3	0	0	3	1	0	2	0	2	0	0	0	0	0	2	0	0	0	0	0	0	0	2	
1	0	0	1	0	3	1	0	1	0	1	2	0	0	0	2	0	0	0	0	0	0	0	0	0	0	3	0	
1	3	0	0	0	1	2	0	1	1	1	3	0	1	0	0	0	0	0	1	0	0	0	0	0	0	1	2	
1	1	0	1	2	3	2	0	0	1	0	0	0	0	0	2	0	0	0	1	0	0	0	0	0	0	0	1	
1	3	2	0	0	0	2	0	1	1	1	0	0	0	0	2	0	0	0	0	0	0	0	0	0	0	0	0	
1	0	0	1	2	0	2	0	3	1	0	0	0	2	0	1	0	0	0	2	0	0	0	0	0	0	3	2	
1	0	0	2	0	3	2	0	0	0	0	2	0	2	0	2	0	0	0	0	0	0	0	0	0	0	0	2	
1	1	2	1	0	0	2	0	0	1	1	3	0	1	0	0	0	0	0	1	0	0	0	0	0	0	0	0	
2	0	0	1	1	3	1	0	1	1	0	0	0	2	0	0	0	0	0	1	0	0	0	0	0	0	1	2	
1	3	1	1	2	3	0	0	1	1	0	3	0	0	0	2	0	0	0	0	0	0	0	0	0	0	0	0	
1	3	0	1	1	3	2	0	1	2	0	3	0	0	0	1	0	0	0	0	0	0	0	0	0	0	3	2	
2	3	2	1	2	0	0	0	0	0	1	3	0	2	0	2	0	0	0	3	0	0	0	0	0	0	3	1	
2	0	0	1	2	1	2	0	3	1	1	3	0	2	0	2	0	0	0	1	0	0	0	0	0	0	3	2	
1	0	0	2	0	0	0	0	1	1	0	3	0	2	0	2	0	0	0	0	0	0	0	0	0	0	3	2	
1	3	0	1	0	1	2	0	1	1	3	3	0	2	0	0	0	0	0	0	0	0	0	0	0	0	3	0	
1	0	1	2	0	0	0	0	0	0	0	3	0	2	0	0	0	0	0	1	0	0	0	0	0	0	3	2	
1	0	0	1	0	3	2	0	0	0	0	3	0	1	0	2	0	0	0	0	0	0	0	0	0	0	3	1	
2	3	0	1	2	0	2	0	0	0	0	3	0	0	0	2	0	0	0	0	0	0	0	0	0	0	3	1	
--------------------

--------------------
Best Solution Found!
--------------------
Time: 0 hour(s), 0 minute(s), 11 second(s), 642 millisecond(s)

Fitness: 192756

2	0	0	0	0	0	1	0	0	1	1	3	0	0	0	0	0	0	0	0	0	0	0	0	0	0	0	0	
1	0	0	2	0	3	1	0	1	0	0	3	0	0	0	2	0	0	0	1	0	0	0	0	0	0	3	0	
2	3	0	1	0	1	0	0	1	1	1	3	0	2	0	1	0	0	0	1	0	0	0	0	0	0	3	2	
1	1	0	2	1	3	2	0	3	0	1	2	0	2	0	2	0	0	0	0	0	0	0	0	0	0	0	0	
0	0	0	1	2	3	2	0	1	1	0	3	0	2	0	2	0	0	0	1	0	0	0	0	0	0	1	2	
1	3	0	2	0	0	1	0	1	1	0	3	0	1	0	2	0	0	0	1	0	0	0	0	0	0	3	2	
1	0	0	1	0	0	1	0	0	1	1	0	0	2	0	2	0	0	0	0	0	0	0	0	0	0	3	2	
0	0	0	2	2	0	0	0	0	2	1	3	0	0	0	2	0	0	0	0	0	0	0	0	0	0	0	0	
1	0	0	1	2	0	2	0	3	1	1	0	0	2	0	0	0	0	0	1	0	0	0	0	0	0	3	2	
1	0	2	1	0	3	2	0	1	2	3	3	0	0	0	0	0	0	0	2	0	0	0	0	0	0	3	2	
1	3	0	1	1	3	2	0	0	0	1	2	0	0	0	2	0	0	0	1	0	0	0	0	0	0	3	2	
1	0	0	1	2	0	2	0	3	1	0	0	0	0	0	2	0	0	0	1	0	0	0	0	0	0	0	1	
1	3	0	0	0	3	2	0	1	1	0	0	0	0	0	0	0	0	0	1	0	0	0	0	0	0	3	2	
0	0	0	1	0	0	0	0	0	1	3	3	0	2	0	2	0	0	0	0	0	0	0	0	0	0	0	0	
0	0	0	1	2	3	2	0	1	1	1	3	0	2	0	0	0	0	0	0	0	0	0	0	0	0	0	2	
1	3	0	0	2	0	2	0	0	0	0	0	0	0	0	0	0	0	0	3	0	0	0	0	0	0	1	0	
1	0	0	1	0	3	2	0	1	1	0	3	0	2	0	0	0	0	0	1	0	0	0	0	0	0	0	0	
1	0	1	0	1	3	0	0	2	0	0	0	0	2	0	1	0	0	0	0	0	0	0	0	0	0	0	0	
0	1	1	1	0	1	2	0	1	1	0	2	0	0	0	0	0	0	0	1	0	0	0	0	0	0	3	0	
0	3	2	1	2	0	0	0	0	1	1	3	0	0	0	2	0	0	0	1	0	0	0	0	0	0	3	2	
1	3	2	0	2	1	2	0	1	1	0	3	0	2	0	2	0	0	0	2	0	0	0	0	0	0	0	2	
2	3	0	0	2	0	0	0	0	0	3	3	0	2	0	0	0	0	0	0	0	0	0	0	0	0	0	1	
1	3	0	1	0	3	2	0	1	1	0	2	0	1	0	0	0	0	0	2	0	0	0	0	0	0	3	2	
1	0	0	1	2	3	2	0	1	1	0	3	0	0	0	2	0	0	0	1	0	0	0	0	0	0	0	2	
1	3	0	1	0	0	0	0	0	2	1	0	0	2	0	2	0	0	0	1	0	0	0	0	0	0	3	2	
0	0	0	1	2	3	2	0	1	2	1	3	0	2	0	0	0	0	0	1	0	0	0	0	0	0	1	1	
2	3	2	0	2	1	2	0	1	1	0	3	0	0	0	1	0	0	0	0	0	0	0	0	0	0	0	2	
2	3	0	1	2	3	2	0	0	0	0	0	0	2	0	0	0	0	0	0	0	0	0	0	0	0	3	1	
1	3	1	1	0	3	0	0	0	0	0	0	0	0	0	0	0	0	0	1	0	0	0	0	0	0	0	0	
1	1	2	2	2	3	2	0	1	1	1	3	0	1	0	2	0	0	0	0	0	0	0	0	0	0	0	0	
--------------------

--------------------
Best Solution Found!
--------------------
Time: 0 hour(s), 0 minute(s), 11 second(s), 645 millisecond(s)

Fitness: 192756

2	0	0	0	0	0	1	0	0	1	1	3	0	0	0	0	0	0	0	0	0	0	0	0	0	0	0	0	
1	0	0	2	0	3	1	0	1	0	0	3	0	0	0	2	0	0	0	1	0	0	0	0	0	0	3	0	
2	3	0	1	0	1	0	0	1	1	1	3	0	2	0	1	0	0	0	1	0	0	0	0	0	0	3	2	
1	1	0	2	1	3	2	0	3	0	1	2	0	2	0	2	0	0	0	0	0	0	0	0	0	0	0	0	
0	0	0	1	2	3	2	0	1	1	0	3	0	2	0	2	0	0	0	1	0	0	0	0	0	0	1	2	
1	3	0	2	0	0	1	0	1	1	0	3	0	1	0	2	0	0	0	1	0	0	0	0	0	0	3	2	
1	0	0	1	0	0	1	0	0	1	1	0	0	2	0	2	0	0	0	0	0	0	0	0	0	0	3	2	
0	0	0	2	2	0	0	0	0	2	1	3	0	0	0	2	0	0	0	0	0	0	0	0	0	0	0	0	
1	0	0	1	2	0	2	0	3	1	1	0	0	2	0	0	0	0	0	1	0	0	0	0	0	0	3	2	
1	0	2	1	0	3	2	0	1	2	3	3	0	0	0	0	0	0	0	2	0	0	0	0	0	0	3	2	
1	3	0	1	1	3	2	0	0	0	1	2	0	0	0	2	0	0	0	1	0	0	0	0	0	0	3	2	
1	0	0	1	2	0	2	0	3	1	0	0	0	0	0	2	0	0	0	1	0	0	0	0	0	0	0	1	
1	3	0	0	0	3	2	0	1	1	0	0	0	0	0	0	0	0	0	1	0	0	0	0	0	0	3	2	
0	0	0	1	0	0	0	0	0	1	3	3	0	2	0	2	0	0	0	0	0	0	0	0	0	0	0	0	
0	0	0	1	2	3	2	0	1	1	1	3	0	2	0	0	0	0	0	0	0	0	0	0	0	0	0	2	
1	3	0	0	2	0	2	0	0	0	0	0	0	0	0	0	0	0	0	3	0	0	0	0	0	0	1	0	
1	0	0	1	0	3	2	0	1	1	0	3	0	2	0	0	0	0	0	1	0	0	0	0	0	0	0	0	
1	0	1	0	1	3	0	0	2	0	0	0	0	2	0	1	0	0	0	0	0	0	0	0	0	0	0	0	
0	1	1	1	0	1	2	0	1	1	0	2	0	0	0	0	0	0	0	1	0	0	0	0	0	0	3	0	
0	3	2	1	2	0	0	0	0	1	1	3	0	0	0	2	0	0	0	1	0	0	0	0	0	0	3	2	
1	3	2	0	2	1	2	0	1	1	0	3	0	2	0	2	0	0	0	2	0	0	0	0	0	0	0	2	
2	3	0	0	2	0	0	0	0	0	3	3	0	2	0	0	0	0	0	0	0	0	0	0	0	0	0	1	
1	3	0	1	0	3	2	0	1	1	0	2	0	1	0	0	0	0	0	2	0	0	0	0	0	0	3	2	
1	0	0	1	2	3	2	0	1	1	0	3	0	0	0	2	0	0	0	1	0	0	0	0	0	0	0	2	
1	3	0	1	0	0	0	0	0	2	1	0	0	2	0	2	0	0	0	1	0	0	0	0	0	0	3	2	
0	0	0	1	2	3	2	0	1	2	1	3	0	2	0	0	0	0	0	1	0	0	0	0	0	0	1	1	
2	3	2	0	2	1	2	0	1	1	0	3	0	0	0	1	0	0	0	0	0	0	0	0	0	0	0	2	
2	3	0	1	2	3	2	0	0	0	0	0	0	2	0	0	0	0	0	0	0	0	0	0	0	0	3	1	
1	3	1	1	0	3	0	0	0	0	0	0	0	0	0	0	0	0	0	1	0	0	0	0	0	0	0	0	
1	1	2	2	2	3	2	0	1	1	1	3	0	1	0	2	0	0	0	0	0	0	0	0	0	0	0	0	
--------------------

--------------------
Best Solution Found!
--------------------
Time: 0 hour(s), 0 minute(s), 42 second(s), 68 millisecond(s)

Fitness: 192753

0	1	0	1	0	0	1	0	1	1	0	0	0	2	0	0	0	0	0	0	0	0	0	0	0	0	0	0	
1	0	0	0	0	3	1	0	1	1	0	0	0	2	0	2	0	0	0	0	0	0	0	0	0	0	3	2	
2	3	1	2	2	3	2	0	1	1	3	3	0	1	0	0	0	0	0	1	0	0	0	0	0	0	1	2	
1	3	0	1	2	1	2	0	0	2	0	3	0	2	0	2	0	0	0	0	0	0	0	0	0	0	1	2	
1	0	0	1	2	0	2	0	1	1	1	0	0	2	0	1	0	0	0	2	0	0	0	0	0	0	0	0	
2	3	0	1	0	3	2	0	1	0	1	2	0	0	0	2	0	0	0	2	0	0	0	0	0	0	3	0	
0	0	0	2	2	0	1	0	0	1	1	0	0	1	0	1	0	0	0	1	0	0	0	0	0	0	3	2	
1	3	2	0	0	0	2	0	3	1	1	3	0	0	0	0	0	0	0	0	0	0	0	0	0	0	0	2	
1	0	0	1	2	3	1	0	0	0	3	3	0	2	0	0	0	0	0	1	0	0	0	0	0	0	0	0	
1	3	0	0	2	3	0	0	0	0	1	3	0	2	0	2	0	0	0	1	0	0	0	0	0	0	3	2	
1	0	0	1	0	3	2	0	1	1	0	2	0	2	0	0	0	0	0	1	0	0	0	0	0	0	0	0	
1	0	0	2	1	3	0	0	1	2	1	3	0	0	0	2	0	0	0	0	0	0	0	0	0	0	3	2	
0	0	0	1	0	3	2	0	3	1	0	3	0	2	0	2	0	0	0	1	0	0	0	0	0	0	0	0	
1	0	0	0	1	3	2	0	1	1	0	3	0	0	0	0	0	0	0	1	0	0	0	0	0	0	3	2	
1	3	0	1	2	0	2	0	1	2	0	3	0	1	0	2	0	0	0	1	0	0	0	0	0	0	3	1	
1	3	2	0	2	1	0	0	0	0	0	2	0	2	0	2	0	0	0	3	0	0	0	0	0	0	1	0	
0	0	1	1	2	3	0	0	0	1	0	3	0	0	0	0	0	0	0	1	0	0	0	0	0	0	0	1	
0	0	1	1	2	3	0	0	1	2	0	0	0	0	0	0	0	0	0	1	0	0	0	0	0	0	0	2	
1	0	0	1	0	3	2	0	0	0	0	3	0	0	0	2	0	0	0	1	0	0	0	0	0	0	3	2	
2	1	0	0	2	0	0	0	1	1	1	3	0	2	0	0	0	0	0	1	0	0	0	0	0	0	3	0	
2	3	0	1	0	0	2	0	1	1	0	0	0	0	0	0	0	0	0	0	0	0	0	0	0	0	3	2	
1	3	0	1	2	0	2	0	1	1	1	2	0	2	0	0	0	0	0	1	0	0	0	0	0	0	0	2	
0	0	2	1	0	0	2	0	3	1	1	3	0	2	0	1	0	0	0	0	0	0	0	0	0	0	0	0	
0	0	2	1	0	0	0	0	2	1	0	3	0	0	0	0	0	0	0	0	0	0	0	0	0	0	0	0	
2	0	0	2	0	3	2	0	1	1	0	0	0	0	0	2	0	0	0	2	0	0	0	0	0	0	3	2	
1	3	2	1	0	0	2	0	0	0	0	0	0	0	0	0	0	0	0	0	0	0	0	0	0	0	3	2	
1	3	0	0	2	3	0	0	0	0	1	3	0	2	0	2	0	0	0	0	0	0	0	0	0	0	0	1	
1	3	0	2	1	1	2	0	0	1	3	3	0	2	0	2	0	0	0	1	0	0	0	0	0	0	0	2	
1	1	0	1	0	3	2	0	1	1	1	3	0	0	0	2	0	0	0	0	0	0	0	0	0	0	0	0	
1	3	0	1	2	1	2	0	0	0	1	0	0	0	0	2	0	0	0	1	0	0	0	0	0	0	3	1	
--------------------

--------------------
Best Solution Found!
--------------------
Time: 0 hour(s), 0 minute(s), 42 second(s), 73 millisecond(s)

Fitness: 192753

0	1	0	1	0	0	1	0	1	1	0	0	0	2	0	0	0	0	0	0	0	0	0	0	0	0	0	0	
1	0	0	0	0	3	1	0	1	1	0	0	0	2	0	2	0	0	0	0	0	0	0	0	0	0	3	2	
2	3	1	2	2	3	2	0	1	1	3	3	0	1	0	0	0	0	0	1	0	0	0	0	0	0	1	2	
1	3	0	1	2	1	2	0	0	2	0	3	0	2	0	2	0	0	0	0	0	0	0	0	0	0	1	2	
1	0	0	1	2	0	2	0	1	1	1	0	0	2	0	1	0	0	0	2	0	0	0	0	0	0	0	0	
2	3	0	1	0	3	2	0	1	0	1	2	0	0	0	2	0	0	0	2	0	0	0	0	0	0	3	0	
0	0	0	2	2	0	1	0	0	1	1	0	0	1	0	1	0	0	0	1	0	0	0	0	0	0	3	2	
1	3	2	0	0	0	2	0	3	1	1	3	0	0	0	0	0	0	0	0	0	0	0	0	0	0	0	2	
1	0	0	1	2	3	1	0	0	0	3	3	0	2	0	0	0	0	0	1	0	0	0	0	0	0	0	0	
1	3	0	0	2	3	0	0	0	0	1	3	0	2	0	2	0	0	0	1	0	0	0	0	0	0	3	2	
1	0	0	1	0	3	2	0	1	1	0	2	0	2	0	0	0	0	0	1	0	0	0	0	0	0	0	0	
1	0	0	2	1	3	0	0	1	2	1	3	0	0	0	2	0	0	0	0	0	0	0	0	0	0	3	2	
0	0	0	1	0	3	2	0	3	1	0	3	0	2	0	2	0	0	0	1	0	0	0	0	0	0	0	0	
1	0	0	0	1	3	2	0	1	1	0	3	0	0	0	0	0	0	0	1	0	0	0	0	0	0	3	2	
1	3	0	1	2	0	2	0	1	2	0	3	0	1	0	2	0	0	0	1	0	0	0	0	0	0	3	1	
1	3	2	0	2	1	0	0	0	0	0	2	0	2	0	2	0	0	0	3	0	0	0	0	0	0	1	0	
0	0	1	1	2	3	0	0	0	1	0	3	0	0	0	0	0	0	0	1	0	0	0	0	0	0	0	1	
0	0	1	1	2	3	0	0	1	2	0	0	0	0	0	0	0	0	0	1	0	0	0	0	0	0	0	2	
1	0	0	1	0	3	2	0	0	0	0	3	0	0	0	2	0	0	0	1	0	0	0	0	0	0	3	2	
2	1	0	0	2	0	0	0	1	1	1	3	0	2	0	0	0	0	0	1	0	0	0	0	0	0	3	0	
2	3	0	1	0	0	2	0	1	1	0	0	0	0	0	0	0	0	0	0	0	0	0	0	0	0	3	2	
1	3	0	1	2	0	2	0	1	1	1	2	0	2	0	0	0	0	0	1	0	0	0	0	0	0	0	2	
0	0	2	1	0	0	2	0	3	1	1	3	0	2	0	1	0	0	0	0	0	0	0	0	0	0	0	0	
0	0	2	1	0	0	0	0	2	1	0	3	0	0	0	0	0	0	0	0	0	0	0	0	0	0	0	0	
2	0	0	2	0	3	2	0	1	1	0	0	0	0	0	2	0	0	0	2	0	0	0	0	0	0	3	2	
1	3	2	1	0	0	2	0	0	0	0	0	0	0	0	0	0	0	0	0	0	0	0	0	0	0	3	2	
1	3	0	0	2	3	0	0	0	0	1	3	0	2	0	2	0	0	0	0	0	0	0	0	0	0	0	1	
1	3	0	2	1	1	2	0	0	1	3	3	0	2	0	2	0	0	0	1	0	0	0	0	0	0	0	2	
1	1	0	1	0	3	2	0	1	1	1	3	0	0	0	2	0	0	0	0	0	0	0	0	0	0	0	0	
1	3	0	1	2	1	2	0	0	0	1	0	0	0	0	2	0	0	0	1	0	0	0	0	0	0	3	1	
--------------------

--------------------
Best Solution Found!
--------------------
Time: 0 hour(s), 3 minute(s), 2 second(s), 147 millisecond(s)

Fitness: 190743

1	3	2	1	0	3	1	0	0	0	0	3	0	2	0	2	0	0	0	2	0	0	0	0	0	0	0	2	
1	1	0	0	0	0	2	0	0	1	1	3	0	0	0	0	0	0	0	1	0	0	0	0	0	0	0	0	
1	0	0	1	2	0	0	0	0	1	1	3	0	0	0	0	0	0	0	2	0	0	0	0	0	0	3	2	
0	1	1	1	2	0	2	0	0	1	0	3	0	0	0	2	0	0	0	2	0	0	0	0	0	0	3	0	
1	3	0	1	2	0	0	0	1	2	0	3	0	0	0	0	0	0	0	1	0	0	0	0	0	0	1	1	
1	3	0	0	2	3	2	0	0	1	0	3	0	0	0	0	0	0	0	3	0	0	0	0	0	0	0	0	
2	3	0	1	1	1	2	0	3	1	1	0	0	2	0	2	0	0	0	1	0	0	0	0	0	0	3	2	
0	0	0	1	0	3	2	0	3	1	1	0	0	2	0	0	0	0	0	1	0	0	0	0	0	0	0	0	
1	0	0	0	0	1	2	0	1	0	1	3	0	2	0	1	0	0	0	1	0	0	0	0	0	0	1	0	
2	0	0	1	1	0	2	0	0	1	0	3	0	2	0	0	0	0	0	0	0	0	0	0	0	0	0	0	
2	0	2	1	0	0	2	0	0	0	1	3	0	2	0	2	0	0	0	0	0	0	0	0	0	0	0	2	
2	0	0	1	2	0	0	0	0	1	1	0	0	1	0	2	0	0	0	1	0	0	0	0	0	0	1	2	
1	3	1	0	0	3	0	0	1	1	0	0	0	2	0	0	0	0	0	1	0	0	0	0	0	0	0	1	
1	1	0	2	2	3	2	0	0	0	3	3	0	0	0	2	0	0	0	1	0	0	0	0	0	0	3	2	
0	3	2	1	0	3	2	0	1	1	0	0	0	0	0	2	0	0	0	0	0	0	0	0	0	0	3	2	
1	3	0	1	0	0	2	0	1	0	1	3	0	1	0	0	0	0	0	0	0	0	0	0	0	0	0	2	
0	0	0	1	1	0	0	0	1	2	0	3	0	0	0	2	0	0	0	0	0	0	0	0	0	0	3	1	
2	3	0	1	2	1	2	0	1	2	0	3	0	2	0	2	0	0	0	1	0	0	0	0	0	0	0	0	
1	0	0	2	2	0	0	0	1	2	0	0	0	0	0	2	0	0	0	0	0	0	0	0	0	0	3	2	
0	0	2	1	0	3	0	0	1	0	0	3	0	2	0	2	0	0	0	1	0	0	0	0	0	0	3	2	
1	0	0	0	2	3	1	0	0	1	0	3	0	2	0	1	0	0	0	0	0	0	0	0	0	0	0	0	
1	0	0	1	2	3	1	0	0	1	3	3	0	0	0	1	0	0	0	1	0	0	0	0	0	0	0	0	
1	3	0	2	2	0	2	0	1	1	0	0	0	0	0	2	0	0	0	1	0	0	0	0	0	0	0	0	
1	0	0	1	2	3	2	0	1	1	1	0	0	0	0	0	0	0	0	1	0	0	0	0	0	0	3	2	
0	3	1	0	0	1	0	0	3	0	3	3	0	1	0	2	0	0	0	0	0	0	0	0	0	0	3	2	
0	0	0	1	0	3	2	0	1	1	0	0	0	2	0	0	0	0	0	0	0	0	0	0	0	0	3	2	
1	3	0	0	0	3	2	0	1	0	1	2	0	2	0	0	0	0	0	0	0	0	0	0	0	0	3	1	
1	0	0	2	2	3	1	0	2	1	1	2	0	0	0	0	0	0	0	0	0	0	0	0	0	0	0	0	
1	3	0	1	2	3	2	0	1	1	1	2	0	2	0	2	0	0	0	1	0	0	0	0	0	0	0	2	
1	3	2	2	0	3	2	0	1	1	0	2	0	2	0	0	0	0	0	1	0	0	0	0	0	0	3	2	
--------------------


The best solution was found at the restart: 9, population: 0
Total Time Elapsed: 0 hour(s), 8 minute(s), 16 second(s), 269 millisecond(s)

