--------------------
Best Solution Found!
--------------------
Time: 0 hour(s), 0 minute(s), 0 second(s), 11 millisecond(s)

Fitness: 321081

0	2	0	0	0	1	0	0	1	0	2	0	0	2	0	0	1	2	2	0	2	0	0	2	0	0	1	2	
0	1	1	0	2	1	0	2	0	2	2	0	0	0	0	0	1	1	0	0	2	0	0	0	0	0	1	2	
0	0	1	1	2	1	0	2	0	0	2	0	0	0	0	0	1	1	0	3	2	1	1	2	0	0	1	2	
0	2	2	0	0	1	0	2	1	2	1	0	0	2	0	2	1	1	2	0	2	1	3	1	1	0	2	2	
0	2	0	0	2	1	0	3	0	0	2	0	0	0	0	0	1	2	0	3	2	1	0	0	0	0	2	2	
0	0	1	0	1	0	0	3	0	0	3	0	0	0	0	0	2	2	0	0	2	1	3	2	0	2	2	1	
1	1	2	0	2	0	0	2	0	0	3	0	0	0	0	0	1	2	0	0	0	0	1	2	0	0	1	2	
1	2	1	0	2	1	0	2	1	0	2	0	0	0	0	0	1	1	0	1	3	1	0	0	0	0	2	1	
0	0	2	0	2	3	0	2	0	0	3	0	0	0	2	2	1	2	0	0	2	1	0	2	0	2	1	2	
0	2	1	3	2	1	0	2	0	0	2	0	0	2	2	0	1	2	0	0	2	1	0	2	0	0	1	2	
1	2	1	0	3	1	0	2	0	0	2	0	0	0	0	2	1	2	0	0	2	1	0	2	0	2	1	2	
3	2	1	0	2	1	0	3	0	0	2	0	0	0	0	0	1	2	0	0	1	1	0	2	0	0	1	2	
0	1	2	0	1	1	0	2	0	2	2	0	0	0	3	0	1	2	0	0	2	1	0	0	0	2	0	2	
0	2	0	0	2	0	0	0	0	2	2	0	0	0	0	0	2	2	1	0	3	1	0	2	1	0	1	2	
0	2	1	0	3	0	2	2	0	0	2	0	1	0	0	0	1	2	0	0	2	1	0	0	1	0	1	1	
0	1	0	0	2	1	0	2	0	0	2	0	0	0	0	0	1	2	0	0	2	2	0	1	0	2	2	2	
0	0	2	0	2	1	0	2	0	0	2	0	0	0	0	0	1	1	0	0	0	0	0	2	0	0	1	2	
0	2	1	0	2	1	2	2	0	1	3	0	3	0	1	0	1	2	0	0	2	1	0	0	0	0	1	1	
0	1	2	0	2	1	0	2	0	0	2	0	0	0	0	0	1	2	0	0	2	1	0	2	0	0	1	0	
0	2	0	0	2	1	0	2	1	2	2	0	0	2	0	0	1	2	0	3	2	0	0	0	0	0	1	2	
0	2	1	0	3	1	1	0	0	0	3	0	0	0	0	2	1	1	0	0	2	3	1	0	0	0	1	1	
0	1	1	0	2	1	0	2	0	0	3	0	0	0	0	0	1	2	0	0	2	1	0	2	1	0	0	2	
0	2	1	0	2	1	1	2	0	2	2	0	0	0	2	0	1	2	0	0	2	3	0	1	0	0	0	2	
0	0	1	0	3	3	0	3	1	0	2	0	0	0	0	0	1	2	0	0	2	2	0	1	0	0	2	2	
0	2	1	0	2	2	0	2	0	0	2	0	0	0	0	0	0	1	0	0	1	1	1	2	0	0	2	2	
0	0	0	0	2	3	0	0	0	0	2	0	0	2	0	0	1	2	0	0	2	1	1	2	0	0	1	2	
0	2	1	0	2	1	0	0	0	2	2	0	3	0	0	0	1	2	0	0	3	1	0	2	1	0	1	2	
0	2	1	3	2	1	0	2	2	0	2	0	3	0	0	0	2	2	0	1	3	1	0	0	0	0	1	2	
0	2	1	0	2	0	0	2	0	2	2	0	3	0	0	0	2	1	0	3	2	1	0	2	0	0	0	2	
0	2	1	0	2	1	1	0	0	0	2	0	0	0	0	0	1	0	0	0	2	1	0	0	0	2	2	2	
0	2	1	0	2	1	0	2	1	0	3	0	0	2	0	0	2	2	2	0	1	3	1	2	0	2	1	1	
0	0	2	1	2	2	0	2	0	0	2	0	0	0	2	0	1	1	0	0	0	1	0	1	0	2	1	1	
0	2	1	0	3	3	0	2	0	0	2	0	0	0	0	0	1	2	0	0	2	1	0	2	0	0	1	2	
3	1	1	0	2	1	1	2	0	0	2	0	0	0	2	0	1	2	0	0	2	2	0	1	0	0	1	0	
0	2	1	3	1	1	1	2	0	2	2	0	0	2	2	0	1	2	1	0	0	1	0	2	0	0	0	2	
1	2	1	3	3	1	0	2	0	0	2	0	3	0	2	0	1	1	0	3	0	1	1	0	0	0	1	1	
1	1	1	0	2	1	0	2	0	0	2	0	0	0	0	0	2	2	0	0	2	2	0	2	0	0	1	2	
0	2	1	0	2	3	1	2	1	0	3	0	0	0	0	2	1	2	0	0	2	1	0	2	0	0	1	2	
0	1	1	0	0	0	1	2	0	0	2	0	0	0	2	0	0	2	2	0	2	1	1	2	0	0	1	2	
0	2	2	0	2	0	1	2	0	0	2	0	0	0	0	0	2	2	0	3	0	1	0	2	0	0	0	2	
0	2	0	0	2	1	0	0	0	0	2	0	0	0	0	0	1	2	0	0	3	0	1	1	0	0	2	2	
0	2	1	0	2	0	0	0	0	0	2	0	0	0	0	2	1	2	0	0	2	0	0	2	0	3	1	2	
0	2	2	0	2	0	0	3	2	0	2	0	0	2	0	0	1	2	2	0	2	0	0	0	0	0	1	1	
0	2	1	3	2	1	1	3	1	0	3	0	0	0	0	1	1	2	0	0	3	1	0	2	2	2	1	2	
0	0	1	3	2	1	0	2	1	0	2	2	0	0	0	0	1	2	0	0	1	1	0	2	0	0	0	2	
0	0	1	3	2	2	0	0	0	0	2	0	0	0	2	0	2	2	0	0	0	2	0	1	0	0	1	2	
0	2	1	0	0	1	2	3	2	0	2	0	0	2	0	0	2	2	0	0	0	3	0	2	0	0	1	0	
0	0	1	0	0	1	0	0	0	0	1	3	0	0	0	0	2	2	0	0	2	1	0	0	0	0	1	2	
0	2	1	0	2	1	0	3	0	0	2	2	0	0	2	1	1	2	0	0	0	3	3	2	0	3	1	2	
0	2	1	0	0	0	0	2	0	0	2	0	3	1	0	0	0	2	0	0	2	1	1	1	0	0	0	2	
0	2	2	0	3	1	0	2	0	2	2	0	0	0	0	0	1	2	0	0	2	1	0	1	0	0	0	0	
0	2	1	0	2	1	1	3	0	0	2	0	0	0	0	2	0	1	0	0	2	1	0	2	0	0	1	2	
0	2	1	3	2	1	0	2	0	1	2	0	0	2	0	0	1	2	0	3	2	1	0	2	1	0	1	2	
0	1	1	0	2	3	0	2	0	0	2	0	3	0	2	0	1	2	0	0	2	1	0	2	0	0	2	0	
1	2	1	0	2	1	1	3	1	0	2	0	0	0	2	0	1	2	0	0	0	2	0	2	0	2	1	2	
1	2	1	0	3	0	0	0	0	0	2	0	0	2	0	0	2	2	0	0	0	1	0	2	0	0	1	1	
0	2	1	0	2	1	0	0	1	0	2	0	1	0	0	0	1	2	0	0	2	1	0	2	0	0	0	2	
0	2	2	0	2	1	0	2	0	0	2	0	0	0	0	0	1	2	0	0	2	1	0	2	0	0	1	2	
1	2	0	0	2	1	0	2	0	1	2	0	0	1	3	0	1	1	0	0	0	1	0	2	0	0	1	1	
0	2	1	0	2	3	0	2	0	0	3	0	0	1	0	0	1	2	1	0	2	1	0	2	0	0	1	2	
--------------------

--------------------
Best Solution Found!
--------------------
Time: 0 hour(s), 0 minute(s), 0 second(s), 46 millisecond(s)

Fitness: 312084

0	2	1	0	0	1	0	0	1	0	2	0	0	0	0	0	1	2	0	0	2	1	0	0	0	0	1	2	
0	1	1	0	2	1	0	2	0	2	3	0	0	2	2	0	1	2	0	0	2	1	0	0	0	0	1	2	
0	2	2	0	2	0	0	2	0	0	2	0	0	2	3	0	1	2	0	0	2	1	1	2	1	0	1	2	
0	2	1	0	0	1	0	2	1	2	2	0	0	1	0	0	1	2	1	0	2	1	3	2	0	0	1	2	
0	2	0	1	2	1	1	3	0	0	2	0	0	0	0	0	1	2	0	0	2	1	0	2	0	0	2	2	
0	2	2	0	1	0	0	3	0	0	2	0	0	0	0	0	1	2	0	0	2	1	3	2	0	0	0	2	
1	1	1	0	2	0	0	2	0	0	2	0	3	0	0	0	1	1	2	0	0	2	1	1	0	2	1	2	
0	2	1	0	2	0	0	2	1	0	2	0	0	2	0	1	1	2	0	0	3	1	0	2	0	3	0	2	
1	1	1	0	2	0	0	2	0	0	2	0	0	0	3	0	1	1	0	0	2	1	0	0	0	0	0	1	
0	0	0	0	2	1	1	2	0	0	3	2	0	2	0	0	0	2	0	3	2	2	0	2	1	0	1	2	
0	2	1	0	3	2	0	2	0	0	3	0	0	0	0	0	1	2	2	0	2	1	0	1	0	0	1	1	
1	2	0	1	2	1	0	3	0	0	2	3	0	0	2	2	1	2	1	0	1	1	0	2	0	0	1	2	
0	2	1	0	1	1	0	2	0	2	2	0	0	2	2	0	2	1	0	3	2	1	0	2	0	0	1	1	
0	2	1	0	2	1	1	0	0	2	2	0	1	0	0	0	0	2	0	0	3	0	0	2	1	0	1	2	
0	0	0	3	3	1	0	2	0	0	2	0	3	0	0	0	1	2	0	0	2	1	0	1	0	0	1	2	
0	2	1	0	2	1	0	2	0	0	3	0	0	2	2	0	1	2	0	0	2	1	0	2	0	0	2	1	
0	2	2	0	2	1	0	2	0	0	2	0	0	0	0	0	1	1	0	0	0	1	0	0	0	3	1	2	
0	0	1	3	2	1	1	2	0	1	2	0	0	0	0	0	1	2	0	0	2	1	0	1	0	0	1	2	
0	2	1	0	2	1	1	2	0	0	2	0	0	0	0	0	1	2	0	0	2	1	0	2	0	2	1	1	
0	2	2	0	2	1	2	2	1	2	3	0	3	0	0	0	2	2	0	0	2	3	0	2	0	0	0	0	
3	1	1	0	3	3	0	0	0	0	2	0	0	0	0	0	1	2	0	0	2	1	1	2	0	0	2	2	
0	2	0	0	2	3	0	2	0	0	2	0	0	0	0	0	1	2	0	0	2	1	0	0	0	0	1	2	
0	2	1	0	2	3	1	2	0	2	2	0	3	0	0	0	1	2	0	3	2	1	0	2	2	0	0	2	
0	2	2	0	3	1	0	3	1	0	2	0	0	0	0	0	1	2	0	0	2	1	0	2	0	0	0	1	
0	2	1	0	2	1	0	2	0	0	2	0	0	0	0	0	1	1	0	0	1	1	1	2	1	0	1	2	
1	2	1	0	2	1	0	0	0	0	2	0	0	0	0	0	2	2	0	0	2	1	1	2	0	0	0	1	
1	2	1	0	2	1	0	0	0	2	2	0	0	0	2	2	1	2	0	0	3	0	0	1	0	0	1	2	
0	0	1	0	2	0	0	2	2	0	2	0	0	0	0	0	1	2	0	3	3	1	0	0	0	2	1	1	
0	1	1	3	2	0	0	2	0	2	2	0	0	0	1	2	1	1	2	0	2	2	0	2	1	0	1	2	
1	0	1	0	2	3	0	0	0	0	2	0	0	0	2	0	1	0	0	0	2	1	0	0	1	0	1	2	
0	0	2	0	2	1	1	2	1	0	3	0	3	2	0	0	1	1	0	0	1	1	1	2	0	0	1	2	
0	2	1	0	2	1	0	2	0	0	2	0	3	0	0	2	1	2	0	3	0	0	0	1	0	0	2	2	
0	1	2	0	3	2	2	2	0	0	2	0	0	0	2	0	1	2	0	0	2	3	0	0	0	0	2	2	
0	2	1	0	2	1	0	2	0	0	2	0	0	0	0	2	1	2	0	0	2	0	0	2	0	0	1	2	
0	2	1	0	1	1	0	2	0	2	2	0	0	0	0	0	1	1	0	0	0	1	0	1	0	0	1	2	
0	2	1	0	3	3	0	2	0	0	2	0	0	0	0	0	1	2	0	0	0	3	1	2	0	2	1	2	
0	2	1	0	2	1	0	2	0	0	2	0	0	0	0	0	1	2	0	0	2	1	0	2	0	0	1	2	
0	2	1	3	2	0	2	2	1	0	2	0	0	0	0	0	2	2	0	0	2	1	0	2	0	0	1	2	
0	2	1	0	0	1	0	2	0	0	2	0	0	0	0	0	1	2	0	0	2	1	1	2	0	0	1	2	
0	2	1	0	2	1	0	2	0	0	2	0	0	0	0	0	1	2	0	0	0	1	0	2	0	0	1	2	
0	1	1	0	2	1	1	0	0	0	2	0	0	1	0	0	1	1	0	1	3	1	1	2	0	0	1	2	
0	2	2	0	2	1	0	0	0	0	2	0	0	2	2	0	1	2	0	0	2	0	0	2	0	0	1	2	
0	1	1	3	2	0	0	3	2	0	2	0	0	0	0	0	2	2	0	0	2	0	0	0	0	2	1	1	
0	2	0	0	2	0	1	3	1	0	2	0	0	0	0	0	0	2	0	0	3	3	0	2	0	2	0	2	
0	1	1	0	2	0	0	2	1	0	2	0	1	0	2	2	1	1	1	0	1	1	0	0	0	0	1	2	
0	2	0	0	2	3	0	0	0	0	2	0	0	0	0	2	2	2	2	0	0	1	0	0	0	2	0	2	
3	2	1	0	0	1	0	3	2	0	2	0	0	0	0	0	1	2	0	0	0	3	0	0	0	0	2	2	
0	2	2	0	0	1	0	0	0	0	3	0	0	0	0	0	1	2	0	0	2	2	0	2	0	0	1	2	
0	2	1	0	2	1	0	3	0	0	1	0	0	0	2	0	2	2	0	0	0	0	3	1	0	0	1	0	
0	0	2	3	0	1	1	2	0	0	3	0	0	0	0	0	1	2	0	0	2	2	1	2	0	0	1	2	
1	0	2	0	3	1	0	2	0	2	2	0	0	0	0	0	2	2	0	0	2	1	0	2	0	0	0	2	
0	0	0	3	2	1	1	3	0	0	2	0	0	2	0	0	1	2	0	0	2	2	0	2	0	0	1	2	
0	2	1	0	2	1	0	2	0	1	2	0	3	2	0	0	2	2	2	1	2	1	0	2	0	0	2	2	
0	2	1	0	2	1	0	2	0	0	3	0	0	0	2	1	1	2	0	0	2	1	0	2	0	0	1	2	
0	2	1	0	2	3	0	3	1	0	3	0	0	1	0	0	1	2	0	0	0	1	0	1	0	0	2	0	
0	2	1	0	3	1	0	0	0	0	2	0	0	0	0	0	1	1	0	3	0	1	0	2	0	2	2	2	
0	2	1	0	2	1	0	0	1	0	2	0	0	0	0	0	2	1	0	0	2	1	0	2	0	2	1	1	
0	1	1	0	2	1	0	2	0	0	2	0	0	2	2	0	2	2	0	0	2	0	0	0	0	2	1	0	
1	2	1	0	2	2	0	2	0	1	2	0	0	0	0	0	0	2	0	0	0	1	0	1	0	0	1	1	
0	0	1	3	2	1	0	2	0	0	1	2	0	0	0	0	1	2	0	3	2	1	0	2	0	0	2	0	
--------------------

--------------------
Best Solution Found!
--------------------
Time: 0 hour(s), 0 minute(s), 0 second(s), 49 millisecond(s)

Fitness: 312084

0	2	1	0	0	1	0	0	1	0	2	0	0	0	0	0	1	2	0	0	2	1	0	0	0	0	1	2	
0	1	1	0	2	1	0	2	0	2	3	0	0	2	2	0	1	2	0	0	2	1	0	0	0	0	1	2	
0	2	2	0	2	0	0	2	0	0	2	0	0	2	3	0	1	2	0	0	2	1	1	2	1	0	1	2	
0	2	1	0	0	1	0	2	1	2	2	0	0	1	0	0	1	2	1	0	2	1	3	2	0	0	1	2	
0	2	0	1	2	1	1	3	0	0	2	0	0	0	0	0	1	2	0	0	2	1	0	2	0	0	2	2	
0	2	2	0	1	0	0	3	0	0	2	0	0	0	0	0	1	2	0	0	2	1	3	2	0	0	0	2	
1	1	1	0	2	0	0	2	0	0	2	0	3	0	0	0	1	1	2	0	0	2	1	1	0	2	1	2	
0	2	1	0	2	0	0	2	1	0	2	0	0	2	0	1	1	2	0	0	3	1	0	2	0	3	0	2	
1	1	1	0	2	0	0	2	0	0	2	0	0	0	3	0	1	1	0	0	2	1	0	0	0	0	0	1	
0	0	0	0	2	1	1	2	0	0	3	2	0	2	0	0	0	2	0	3	2	2	0	2	1	0	1	2	
0	2	1	0	3	2	0	2	0	0	3	0	0	0	0	0	1	2	2	0	2	1	0	1	0	0	1	1	
1	2	0	1	2	1	0	3	0	0	2	3	0	0	2	2	1	2	1	0	1	1	0	2	0	0	1	2	
0	2	1	0	1	1	0	2	0	2	2	0	0	2	2	0	2	1	0	3	2	1	0	2	0	0	1	1	
0	2	1	0	2	1	1	0	0	2	2	0	1	0	0	0	0	2	0	0	3	0	0	2	1	0	1	2	
0	0	0	3	3	1	0	2	0	0	2	0	3	0	0	0	1	2	0	0	2	1	0	1	0	0	1	2	
0	2	1	0	2	1	0	2	0	0	3	0	0	2	2	0	1	2	0	0	2	1	0	2	0	0	2	1	
0	2	2	0	2	1	0	2	0	0	2	0	0	0	0	0	1	1	0	0	0	1	0	0	0	3	1	2	
0	0	1	3	2	1	1	2	0	1	2	0	0	0	0	0	1	2	0	0	2	1	0	1	0	0	1	2	
0	2	1	0	2	1	1	2	0	0	2	0	0	0	0	0	1	2	0	0	2	1	0	2	0	2	1	1	
0	2	2	0	2	1	2	2	1	2	3	0	3	0	0	0	2	2	0	0	2	3	0	2	0	0	0	0	
3	1	1	0	3	3	0	0	0	0	2	0	0	0	0	0	1	2	0	0	2	1	1	2	0	0	2	2	
0	2	0	0	2	3	0	2	0	0	2	0	0	0	0	0	1	2	0	0	2	1	0	0	0	0	1	2	
0	2	1	0	2	3	1	2	0	2	2	0	3	0	0	0	1	2	0	3	2	1	0	2	2	0	0	2	
0	2	2	0	3	1	0	3	1	0	2	0	0	0	0	0	1	2	0	0	2	1	0	2	0	0	0	1	
0	2	1	0	2	1	0	2	0	0	2	0	0	0	0	0	1	1	0	0	1	1	1	2	1	0	1	2	
1	2	1	0	2	1	0	0	0	0	2	0	0	0	0	0	2	2	0	0	2	1	1	2	0	0	0	1	
1	2	1	0	2	1	0	0	0	2	2	0	0	0	2	2	1	2	0	0	3	0	0	1	0	0	1	2	
0	0	1	0	2	0	0	2	2	0	2	0	0	0	0	0	1	2	0	3	3	1	0	0	0	2	1	1	
0	1	1	3	2	0	0	2	0	2	2	0	0	0	1	2	1	1	2	0	2	2	0	2	1	0	1	2	
1	0	1	0	2	3	0	0	0	0	2	0	0	0	2	0	1	0	0	0	2	1	0	0	1	0	1	2	
0	0	2	0	2	1	1	2	1	0	3	0	3	2	0	0	1	1	0	0	1	1	1	2	0	0	1	2	
0	2	1	0	2	1	0	2	0	0	2	0	3	0	0	2	1	2	0	3	0	0	0	1	0	0	2	2	
0	1	2	0	3	2	2	2	0	0	2	0	0	0	2	0	1	2	0	0	2	3	0	0	0	0	2	2	
0	2	1	0	2	1	0	2	0	0	2	0	0	0	0	2	1	2	0	0	2	0	0	2	0	0	1	2	
0	2	1	0	1	1	0	2	0	2	2	0	0	0	0	0	1	1	0	0	0	1	0	1	0	0	1	2	
0	2	1	0	3	3	0	2	0	0	2	0	0	0	0	0	1	2	0	0	0	3	1	2	0	2	1	2	
0	2	1	0	2	1	0	2	0	0	2	0	0	0	0	0	1	2	0	0	2	1	0	2	0	0	1	2	
0	2	1	3	2	0	2	2	1	0	2	0	0	0	0	0	2	2	0	0	2	1	0	2	0	0	1	2	
0	2	1	0	0	1	0	2	0	0	2	0	0	0	0	0	1	2	0	0	2	1	1	2	0	0	1	2	
0	2	1	0	2	1	0	2	0	0	2	0	0	0	0	0	1	2	0	0	0	1	0	2	0	0	1	2	
0	1	1	0	2	1	1	0	0	0	2	0	0	1	0	0	1	1	0	1	3	1	1	2	0	0	1	2	
0	2	2	0	2	1	0	0	0	0	2	0	0	2	2	0	1	2	0	0	2	0	0	2	0	0	1	2	
0	1	1	3	2	0	0	3	2	0	2	0	0	0	0	0	2	2	0	0	2	0	0	0	0	2	1	1	
0	2	0	0	2	0	1	3	1	0	2	0	0	0	0	0	0	2	0	0	3	3	0	2	0	2	0	2	
0	1	1	0	2	0	0	2	1	0	2	0	1	0	2	2	1	1	1	0	1	1	0	0	0	0	1	2	
0	2	0	0	2	3	0	0	0	0	2	0	0	0	0	2	2	2	2	0	0	1	0	0	0	2	0	2	
3	2	1	0	0	1	0	3	2	0	2	0	0	0	0	0	1	2	0	0	0	3	0	0	0	0	2	2	
0	2	2	0	0	1	0	0	0	0	3	0	0	0	0	0	1	2	0	0	2	2	0	2	0	0	1	2	
0	2	1	0	2	1	0	3	0	0	1	0	0	0	2	0	2	2	0	0	0	0	3	1	0	0	1	0	
0	0	2	3	0	1	1	2	0	0	3	0	0	0	0	0	1	2	0	0	2	2	1	2	0	0	1	2	
1	0	2	0	3	1	0	2	0	2	2	0	0	0	0	0	2	2	0	0	2	1	0	2	0	0	0	2	
0	0	0	3	2	1	1	3	0	0	2	0	0	2	0	0	1	2	0	0	2	2	0	2	0	0	1	2	
0	2	1	0	2	1	0	2	0	1	2	0	3	2	0	0	2	2	2	1	2	1	0	2	0	0	2	2	
0	2	1	0	2	1	0	2	0	0	3	0	0	0	2	1	1	2	0	0	2	1	0	2	0	0	1	2	
0	2	1	0	2	3	0	3	1	0	3	0	0	1	0	0	1	2	0	0	0	1	0	1	0	0	2	0	
0	2	1	0	3	1	0	0	0	0	2	0	0	0	0	0	1	1	0	3	0	1	0	2	0	2	2	2	
0	2	1	0	2	1	0	0	1	0	2	0	0	0	0	0	2	1	0	0	2	1	0	2	0	2	1	1	
0	1	1	0	2	1	0	2	0	0	2	0	0	2	2	0	2	2	0	0	2	0	0	0	0	2	1	0	
1	2	1	0	2	2	0	2	0	1	2	0	0	0	0	0	0	2	0	0	0	1	0	1	0	0	1	1	
0	0	1	3	2	1	0	2	0	0	1	2	0	0	0	0	1	2	0	3	2	1	0	2	0	0	2	0	
--------------------

--------------------
Best Solution Found!
--------------------
Time: 0 hour(s), 0 minute(s), 0 second(s), 123 millisecond(s)

Fitness: 308094

0	0	1	0	3	1	0	0	0	0	2	0	0	2	0	0	1	2	0	0	2	1	0	2	0	0	1	2	
0	1	0	3	2	1	0	2	1	0	2	0	3	0	0	0	2	2	0	0	2	1	0	2	0	2	0	2	
0	2	1	0	3	0	2	2	0	0	3	0	0	0	0	0	1	2	0	0	3	2	0	1	0	2	1	2	
0	0	2	0	2	3	0	2	0	0	2	0	0	2	2	0	1	2	0	0	2	3	0	2	0	2	2	1	
0	2	1	3	2	0	0	2	0	0	2	0	1	0	0	2	1	2	0	0	1	1	0	0	0	0	1	2	
0	1	0	0	2	2	0	2	0	2	2	0	0	0	2	0	1	2	0	0	1	0	0	2	0	0	1	2	
0	2	2	0	0	0	0	0	0	0	1	0	0	2	2	0	1	2	0	3	2	2	1	2	0	0	1	1	
0	1	1	0	2	0	0	2	2	0	2	0	0	0	1	0	2	2	0	0	3	3	0	2	0	0	1	2	
0	2	1	0	2	3	0	2	0	0	2	0	0	0	0	0	2	1	0	3	2	3	3	1	0	2	2	2	
0	1	1	0	1	1	0	2	0	1	2	0	0	2	0	0	2	2	2	0	0	1	1	0	0	0	1	2	
0	2	1	0	2	1	0	0	0	0	2	0	0	2	2	0	1	1	0	0	0	1	0	2	0	0	1	2	
0	1	1	0	2	1	0	0	0	0	2	0	0	0	0	0	2	2	1	0	2	1	0	2	0	0	1	2	
3	2	1	0	2	1	0	2	0	2	3	0	0	0	0	0	1	2	0	0	0	1	0	2	0	0	1	2	
0	2	2	0	3	1	1	2	1	2	3	0	0	2	2	0	1	2	0	0	0	1	0	2	1	0	1	2	
0	2	0	3	3	1	2	2	0	0	2	0	0	0	0	2	1	2	0	3	2	1	0	2	0	3	1	2	
0	2	1	0	0	3	1	2	0	0	2	0	0	0	0	0	1	2	0	0	2	1	0	2	0	0	1	2	
0	2	1	0	2	1	0	3	0	0	2	0	0	0	0	0	1	1	0	0	2	1	1	1	0	0	0	0	
1	2	2	0	2	1	0	2	1	0	2	0	0	0	0	0	1	1	0	0	2	1	0	2	0	0	2	0	
0	1	2	0	0	1	1	2	0	0	2	0	0	0	0	0	1	2	0	1	2	1	0	2	0	0	1	2	
0	0	0	0	2	1	0	3	0	0	2	2	0	2	2	0	1	2	0	0	2	0	0	1	0	0	1	2	
0	0	1	3	3	1	0	2	2	0	3	0	0	0	0	0	0	2	1	0	2	3	0	1	0	0	0	2	
1	2	1	0	2	1	0	2	1	0	2	0	0	0	2	0	1	2	0	3	2	0	1	0	0	0	1	2	
0	2	1	0	3	1	1	0	1	2	2	0	0	0	0	2	1	2	0	0	1	1	1	0	0	0	1	2	
0	2	1	0	2	1	0	2	0	0	2	0	0	0	0	0	0	2	0	0	2	1	0	2	0	0	1	2	
1	2	1	0	2	1	0	0	0	1	2	0	0	0	0	2	1	2	0	0	2	1	0	2	0	0	0	2	
0	2	1	0	2	1	0	3	2	0	2	0	0	0	0	0	0	1	0	1	2	2	0	2	1	0	1	2	
0	2	0	0	2	1	1	2	0	0	2	0	3	2	0	0	2	2	0	0	2	2	1	2	0	0	0	2	
0	0	1	0	2	0	0	0	0	0	2	0	0	0	0	2	1	2	0	0	2	1	0	0	0	0	1	2	
0	2	1	0	2	1	0	2	0	0	2	0	0	0	0	0	0	1	0	0	0	1	0	2	0	0	1	2	
0	2	1	0	2	1	1	3	0	0	2	0	0	0	3	0	1	2	2	0	2	3	0	2	1	0	2	0	
1	2	1	0	2	1	0	0	0	0	2	0	3	0	2	1	1	2	0	0	3	1	0	2	0	0	1	2	
0	2	1	0	2	1	1	2	0	0	2	0	0	2	0	0	1	2	0	0	3	1	0	2	0	0	1	2	
0	2	1	0	2	3	0	2	0	1	3	0	0	0	0	0	1	2	0	0	2	1	0	1	0	0	1	2	
0	2	1	0	2	0	0	2	1	2	2	0	3	0	0	0	1	2	0	0	2	1	1	0	0	2	2	2	
0	0	1	0	2	0	0	2	0	2	2	0	1	0	3	0	1	2	2	0	2	1	0	2	0	2	1	1	
0	2	1	0	0	1	0	2	0	0	2	0	3	0	0	0	1	2	0	3	3	1	0	2	0	0	1	1	
0	2	1	3	2	1	0	3	0	2	3	0	0	0	0	0	1	2	0	0	2	2	0	0	1	0	0	1	
0	2	2	0	2	1	0	2	0	0	2	0	0	1	0	0	1	2	0	0	2	1	0	0	0	2	1	2	
0	0	1	0	2	2	1	2	0	2	3	0	3	0	0	0	1	2	0	0	2	1	1	0	0	0	0	1	
0	2	1	3	3	1	1	2	0	0	3	0	0	0	0	0	1	2	0	0	2	1	0	2	0	2	2	2	
0	1	1	0	2	2	1	2	0	0	2	0	0	0	2	0	1	1	0	0	2	1	0	2	0	0	0	2	
0	2	1	0	2	3	0	3	1	0	2	0	0	1	2	0	2	2	0	0	0	0	0	2	0	0	1	2	
0	2	2	3	2	1	0	2	1	0	2	0	0	0	0	0	2	1	0	0	1	1	0	2	0	0	1	2	
0	2	1	0	2	1	0	0	0	0	2	0	0	0	0	0	1	0	0	0	0	2	0	1	0	0	2	0	
0	2	2	0	0	1	2	3	0	0	3	0	0	0	0	2	2	1	0	0	0	1	0	2	0	0	1	2	
0	2	0	0	2	0	0	2	0	0	2	0	0	0	0	0	1	2	0	0	2	0	3	2	0	0	1	1	
1	2	2	1	2	3	0	2	0	0	2	0	0	0	0	0	1	1	0	3	0	0	0	2	0	0	2	1	
0	2	2	0	2	0	1	2	0	0	2	0	0	0	0	0	1	2	0	3	3	1	0	2	0	0	1	2	
0	0	1	3	1	0	0	2	1	0	2	0	0	0	0	2	1	2	0	0	2	1	0	2	0	2	2	2	
0	2	0	0	2	1	0	2	0	2	2	2	0	0	0	0	2	2	0	0	2	1	3	0	0	0	1	0	
1	0	1	0	1	3	0	2	1	0	1	3	0	0	0	0	1	2	0	0	2	1	0	1	0	0	2	2	
1	1	2	0	3	1	0	2	0	0	3	0	0	0	0	0	1	2	0	0	0	1	1	1	0	2	1	2	
0	1	1	0	2	1	0	3	0	0	2	0	0	0	0	0	1	1	0	0	0	1	0	1	0	0	1	1	
1	2	1	1	2	1	0	2	0	0	2	0	0	0	0	1	1	2	0	0	2	1	0	0	0	0	1	1	
0	1	1	0	2	1	0	0	0	0	2	0	0	0	0	0	1	2	0	0	2	1	0	0	1	0	1	2	
3	2	1	0	2	1	0	2	0	0	2	0	0	2	0	0	1	2	2	0	2	0	0	0	0	0	0	1	
0	2	0	0	0	1	0	3	0	0	2	0	3	2	0	0	1	2	0	0	0	1	0	2	2	0	1	2	
0	2	1	0	2	0	0	0	0	2	2	0	0	0	2	0	1	1	0	0	2	1	0	2	0	0	0	2	
0	2	1	0	2	1	0	0	0	0	2	0	0	1	0	0	1	2	2	0	2	1	0	2	1	0	1	2	
0	0	1	0	2	1	0	3	1	0	2	0	0	0	2	0	2	2	1	0	2	0	1	2	0	3	1	2	
--------------------

--------------------
Best Solution Found!
--------------------
Time: 0 hour(s), 0 minute(s), 0 second(s), 129 millisecond(s)

Fitness: 308094

0	0	1	0	3	1	0	0	0	0	2	0	0	2	0	0	1	2	0	0	2	1	0	2	0	0	1	2	
0	1	0	3	2	1	0	2	1	0	2	0	3	0	0	0	2	2	0	0	2	1	0	2	0	2	0	2	
0	2	1	0	3	0	2	2	0	0	3	0	0	0	0	0	1	2	0	0	3	2	0	1	0	2	1	2	
0	0	2	0	2	3	0	2	0	0	2	0	0	2	2	0	1	2	0	0	2	3	0	2	0	2	2	1	
0	2	1	3	2	0	0	2	0	0	2	0	1	0	0	2	1	2	0	0	1	1	0	0	0	0	1	2	
0	1	0	0	2	2	0	2	0	2	2	0	0	0	2	0	1	2	0	0	1	0	0	2	0	0	1	2	
0	2	2	0	0	0	0	0	0	0	1	0	0	2	2	0	1	2	0	3	2	2	1	2	0	0	1	1	
0	1	1	0	2	0	0	2	2	0	2	0	0	0	1	0	2	2	0	0	3	3	0	2	0	0	1	2	
0	2	1	0	2	3	0	2	0	0	2	0	0	0	0	0	2	1	0	3	2	3	3	1	0	2	2	2	
0	1	1	0	1	1	0	2	0	1	2	0	0	2	0	0	2	2	2	0	0	1	1	0	0	0	1	2	
0	2	1	0	2	1	0	0	0	0	2	0	0	2	2	0	1	1	0	0	0	1	0	2	0	0	1	2	
0	1	1	0	2	1	0	0	0	0	2	0	0	0	0	0	2	2	1	0	2	1	0	2	0	0	1	2	
3	2	1	0	2	1	0	2	0	2	3	0	0	0	0	0	1	2	0	0	0	1	0	2	0	0	1	2	
0	2	2	0	3	1	1	2	1	2	3	0	0	2	2	0	1	2	0	0	0	1	0	2	1	0	1	2	
0	2	0	3	3	1	2	2	0	0	2	0	0	0	0	2	1	2	0	3	2	1	0	2	0	3	1	2	
0	2	1	0	0	3	1	2	0	0	2	0	0	0	0	0	1	2	0	0	2	1	0	2	0	0	1	2	
0	2	1	0	2	1	0	3	0	0	2	0	0	0	0	0	1	1	0	0	2	1	1	1	0	0	0	0	
1	2	2	0	2	1	0	2	1	0	2	0	0	0	0	0	1	1	0	0	2	1	0	2	0	0	2	0	
0	1	2	0	0	1	1	2	0	0	2	0	0	0	0	0	1	2	0	1	2	1	0	2	0	0	1	2	
0	0	0	0	2	1	0	3	0	0	2	2	0	2	2	0	1	2	0	0	2	0	0	1	0	0	1	2	
0	0	1	3	3	1	0	2	2	0	3	0	0	0	0	0	0	2	1	0	2	3	0	1	0	0	0	2	
1	2	1	0	2	1	0	2	1	0	2	0	0	0	2	0	1	2	0	3	2	0	1	0	0	0	1	2	
0	2	1	0	3	1	1	0	1	2	2	0	0	0	0	2	1	2	0	0	1	1	1	0	0	0	1	2	
0	2	1	0	2	1	0	2	0	0	2	0	0	0	0	0	0	2	0	0	2	1	0	2	0	0	1	2	
1	2	1	0	2	1	0	0	0	1	2	0	0	0	0	2	1	2	0	0	2	1	0	2	0	0	0	2	
0	2	1	0	2	1	0	3	2	0	2	0	0	0	0	0	0	1	0	1	2	2	0	2	1	0	1	2	
0	2	0	0	2	1	1	2	0	0	2	0	3	2	0	0	2	2	0	0	2	2	1	2	0	0	0	2	
0	0	1	0	2	0	0	0	0	0	2	0	0	0	0	2	1	2	0	0	2	1	0	0	0	0	1	2	
0	2	1	0	2	1	0	2	0	0	2	0	0	0	0	0	0	1	0	0	0	1	0	2	0	0	1	2	
0	2	1	0	2	1	1	3	0	0	2	0	0	0	3	0	1	2	2	0	2	3	0	2	1	0	2	0	
1	2	1	0	2	1	0	0	0	0	2	0	3	0	2	1	1	2	0	0	3	1	0	2	0	0	1	2	
0	2	1	0	2	1	1	2	0	0	2	0	0	2	0	0	1	2	0	0	3	1	0	2	0	0	1	2	
0	2	1	0	2	3	0	2	0	1	3	0	0	0	0	0	1	2	0	0	2	1	0	1	0	0	1	2	
0	2	1	0	2	0	0	2	1	2	2	0	3	0	0	0	1	2	0	0	2	1	1	0	0	2	2	2	
0	0	1	0	2	0	0	2	0	2	2	0	1	0	3	0	1	2	2	0	2	1	0	2	0	2	1	1	
0	2	1	0	0	1	0	2	0	0	2	0	3	0	0	0	1	2	0	3	3	1	0	2	0	0	1	1	
0	2	1	3	2	1	0	3	0	2	3	0	0	0	0	0	1	2	0	0	2	2	0	0	1	0	0	1	
0	2	2	0	2	1	0	2	0	0	2	0	0	1	0	0	1	2	0	0	2	1	0	0	0	2	1	2	
0	0	1	0	2	2	1	2	0	2	3	0	3	0	0	0	1	2	0	0	2	1	1	0	0	0	0	1	
0	2	1	3	3	1	1	2	0	0	3	0	0	0	0	0	1	2	0	0	2	1	0	2	0	2	2	2	
0	1	1	0	2	2	1	2	0	0	2	0	0	0	2	0	1	1	0	0	2	1	0	2	0	0	0	2	
0	2	1	0	2	3	0	3	1	0	2	0	0	1	2	0	2	2	0	0	0	0	0	2	0	0	1	2	
0	2	2	3	2	1	0	2	1	0	2	0	0	0	0	0	2	1	0	0	1	1	0	2	0	0	1	2	
0	2	1	0	2	1	0	0	0	0	2	0	0	0	0	0	1	0	0	0	0	2	0	1	0	0	2	0	
0	2	2	0	0	1	2	3	0	0	3	0	0	0	0	2	2	1	0	0	0	1	0	2	0	0	1	2	
0	2	0	0	2	0	0	2	0	0	2	0	0	0	0	0	1	2	0	0	2	0	3	2	0	0	1	1	
1	2	2	1	2	3	0	2	0	0	2	0	0	0	0	0	1	1	0	3	0	0	0	2	0	0	2	1	
0	2	2	0	2	0	1	2	0	0	2	0	0	0	0	0	1	2	0	3	3	1	0	2	0	0	1	2	
0	0	1	3	1	0	0	2	1	0	2	0	0	0	0	2	1	2	0	0	2	1	0	2	0	2	2	2	
0	2	0	0	2	1	0	2	0	2	2	2	0	0	0	0	2	2	0	0	2	1	3	0	0	0	1	0	
1	0	1	0	1	3	0	2	1	0	1	3	0	0	0	0	1	2	0	0	2	1	0	1	0	0	2	2	
1	1	2	0	3	1	0	2	0	0	3	0	0	0	0	0	1	2	0	0	0	1	1	1	0	2	1	2	
0	1	1	0	2	1	0	3	0	0	2	0	0	0	0	0	1	1	0	0	0	1	0	1	0	0	1	1	
1	2	1	1	2	1	0	2	0	0	2	0	0	0	0	1	1	2	0	0	2	1	0	0	0	0	1	1	
0	1	1	0	2	1	0	0	0	0	2	0	0	0	0	0	1	2	0	0	2	1	0	0	1	0	1	2	
3	2	1	0	2	1	0	2	0	0	2	0	0	2	0	0	1	2	2	0	2	0	0	0	0	0	0	1	
0	2	0	0	0	1	0	3	0	0	2	0	3	2	0	0	1	2	0	0	0	1	0	2	2	0	1	2	
0	2	1	0	2	0	0	0	0	2	2	0	0	0	2	0	1	1	0	0	2	1	0	2	0	0	0	2	
0	2	1	0	2	1	0	0	0	0	2	0	0	1	0	0	1	2	2	0	2	1	0	2	1	0	1	2	
0	0	1	0	2	1	0	3	1	0	2	0	0	0	2	0	2	2	1	0	2	0	1	2	0	3	1	2	
--------------------

--------------------
Best Solution Found!
--------------------
Time: 0 hour(s), 0 minute(s), 0 second(s), 144 millisecond(s)

Fitness: 304088

0	2	1	0	2	1	1	0	0	0	2	0	3	0	2	2	1	1	0	0	2	1	0	2	0	0	0	2	
0	2	1	0	2	3	0	0	0	0	3	0	0	1	0	0	0	2	2	0	2	1	1	1	0	2	1	2	
0	2	2	0	2	0	0	3	1	0	2	0	0	2	2	0	1	2	0	0	2	1	0	0	0	0	1	2	
0	0	1	0	3	3	1	2	0	0	2	0	0	0	0	0	1	2	0	0	2	1	0	1	0	0	1	2	
1	2	0	0	2	1	0	3	2	0	2	0	0	0	0	0	2	1	1	0	2	3	1	2	0	0	1	2	
0	2	2	0	2	1	0	2	0	0	2	0	3	2	2	0	0	2	0	0	2	1	0	2	0	0	2	2	
0	2	1	0	0	1	2	0	0	2	2	0	0	0	2	1	2	2	0	0	0	1	0	2	0	0	2	2	
0	0	1	0	2	2	0	2	0	0	2	0	0	0	0	0	1	2	0	0	3	1	3	1	0	0	2	0	
0	2	1	0	2	1	0	2	0	0	2	0	1	0	0	0	2	2	0	0	2	1	3	2	0	0	2	2	
3	1	0	0	2	0	0	2	0	0	2	0	0	0	0	2	1	1	0	0	2	1	0	2	0	2	1	2	
0	2	1	0	2	2	0	2	0	0	2	0	0	2	0	0	1	2	0	0	2	1	0	2	1	0	1	0	
0	2	0	3	2	1	1	0	1	0	2	0	3	0	0	0	1	1	0	0	1	1	0	2	0	2	1	2	
0	2	1	0	2	1	0	3	0	0	2	0	0	0	0	0	2	2	2	0	2	1	0	2	0	2	1	0	
0	2	1	0	3	2	1	3	1	0	2	0	0	0	0	0	1	2	0	0	3	1	0	1	1	0	0	2	
1	2	0	0	2	0	0	2	0	2	2	0	0	0	0	0	1	2	0	0	2	1	0	2	0	0	1	1	
0	0	1	0	1	1	0	2	2	0	2	0	0	0	0	0	2	2	0	0	2	1	0	1	0	2	2	2	
0	2	2	0	2	1	1	2	0	2	2	0	0	2	0	0	1	2	0	0	0	1	1	2	0	0	1	2	
0	2	1	0	2	1	0	2	0	0	3	0	0	0	0	0	1	1	0	0	2	1	1	2	0	0	1	2	
0	2	1	0	2	1	0	2	1	0	2	0	0	0	0	0	2	2	0	0	2	1	0	0	1	0	0	0	
0	2	2	0	0	1	0	2	0	0	2	0	0	0	0	0	1	2	0	0	2	1	0	2	0	0	2	2	
0	2	1	0	3	3	0	3	0	0	2	0	0	0	0	1	1	2	0	0	2	0	0	1	0	2	0	2	
0	2	0	3	0	1	0	0	0	1	2	0	0	2	2	0	1	2	0	0	2	0	0	0	0	0	1	2	
0	2	1	3	1	0	1	2	0	1	3	0	0	0	0	0	1	2	1	0	2	1	0	2	0	0	1	1	
1	1	2	0	2	1	0	2	0	2	2	0	0	0	2	0	1	1	0	0	2	2	0	2	0	0	1	2	
0	2	1	0	2	3	0	2	0	0	2	2	3	0	0	0	1	1	0	0	1	1	0	0	0	0	1	2	
0	1	1	0	2	1	1	0	0	0	2	0	0	0	0	0	1	0	0	3	2	1	0	2	0	0	0	2	
0	0	1	3	2	0	0	2	0	0	2	0	0	1	0	0	2	2	2	0	3	0	0	2	0	0	1	2	
0	0	1	3	0	1	0	2	1	0	2	0	1	0	0	0	1	2	0	0	3	0	1	1	1	0	1	2	
0	2	1	3	3	0	0	2	1	0	2	0	0	0	0	0	1	2	0	0	2	1	0	2	0	0	0	2	
0	2	1	0	2	0	0	2	0	0	2	0	0	0	0	2	1	2	0	3	2	2	0	2	0	0	1	1	
0	1	2	0	2	1	1	2	0	2	3	0	0	0	0	0	1	2	0	0	1	2	0	2	0	2	1	1	
0	1	1	0	3	1	0	3	0	0	1	0	0	0	3	0	1	2	0	0	0	1	0	2	0	0	1	2	
0	1	2	0	2	1	0	2	1	0	2	0	0	0	0	0	1	2	0	0	2	1	0	0	0	0	0	2	
3	2	1	0	2	1	0	0	0	0	2	0	0	0	2	0	1	2	0	0	2	1	0	1	1	0	1	1	
0	2	1	0	2	3	0	2	0	0	1	0	0	0	2	0	1	2	0	0	0	3	0	2	2	0	1	2	
0	2	1	0	2	3	0	2	1	0	3	0	0	0	0	0	1	2	0	0	0	1	1	2	0	0	1	2	
0	1	1	0	1	0	0	0	0	0	3	0	3	2	0	2	1	1	0	0	2	1	0	2	0	0	2	2	
1	2	1	0	2	1	0	2	1	1	2	0	0	0	0	0	2	1	0	0	2	1	0	0	0	0	1	2	
0	2	1	0	0	1	1	2	1	0	2	0	0	2	2	0	1	2	0	0	2	2	0	2	0	2	1	2	
0	2	1	0	2	1	0	2	0	2	3	0	0	0	0	0	1	2	0	0	0	1	0	2	0	0	1	1	
0	0	1	1	2	1	0	0	0	0	2	0	0	0	1	0	1	2	0	0	3	3	0	0	0	0	1	2	
0	0	2	0	2	1	0	3	0	0	2	0	0	0	0	0	2	2	0	3	2	1	1	2	0	0	1	2	
0	2	1	0	2	1	0	0	0	0	2	0	0	2	2	0	1	2	0	0	2	2	0	2	0	3	1	2	
1	1	0	0	2	0	0	2	1	0	2	0	0	0	2	2	1	2	1	0	3	1	0	2	0	2	0	2	
0	2	1	0	3	1	0	2	0	0	2	0	0	0	3	0	1	2	0	0	1	1	0	0	0	0	1	2	
1	2	0	0	2	1	0	2	0	0	2	0	0	0	0	0	1	2	2	0	0	1	1	2	0	0	1	2	
0	1	1	0	2	3	0	3	0	0	3	0	0	0	0	0	1	2	0	0	0	1	0	0	0	0	0	1	
0	2	2	0	3	1	1	2	0	0	3	0	0	0	0	0	1	2	0	3	2	0	3	0	0	0	1	1	
0	2	1	0	2	1	0	2	2	2	2	3	0	0	0	0	1	1	2	0	0	1	0	1	0	0	2	2	
1	2	2	0	2	0	0	3	0	0	2	0	0	0	0	2	2	2	0	3	2	1	0	2	1	0	1	0	
0	2	2	3	2	0	2	2	0	0	2	2	0	2	0	0	0	2	0	1	2	3	0	2	0	0	2	2	
0	2	0	0	2	1	0	2	0	0	2	0	0	0	0	0	1	1	0	0	2	0	1	2	0	0	1	2	
0	0	1	0	2	1	0	2	0	0	2	0	0	2	0	0	1	2	0	0	2	3	0	0	0	0	1	2	
0	0	1	1	3	1	0	2	0	0	2	0	3	0	0	0	1	2	0	0	2	1	0	2	0	2	1	2	
0	2	1	3	2	1	0	2	0	0	2	0	0	0	2	0	1	2	0	0	0	1	0	2	0	0	1	2	
0	0	1	0	2	1	1	2	0	2	2	0	0	0	0	0	1	1	0	0	0	0	0	1	0	0	0	1	
0	2	1	0	2	1	0	3	0	2	2	0	0	2	0	2	1	2	0	3	2	2	0	0	0	0	1	1	
0	2	1	0	2	1	0	2	0	2	2	0	3	0	0	0	1	2	0	3	2	1	0	2	0	0	1	2	
0	2	1	0	2	1	0	0	0	0	3	0	0	1	0	0	0	2	0	1	0	1	1	2	0	3	1	1	
1	1	1	0	0	1	2	0	0	0	2	0	0	0	0	0	2	2	0	0	2	0	0	0	0	0	2	2	
--------------------

--------------------
Best Solution Found!
--------------------
Time: 0 hour(s), 0 minute(s), 1 second(s), 371 millisecond(s)

Fitness: 301086

0	2	2	0	3	3	0	3	1	0	2	2	3	2	2	0	1	2	0	3	3	1	0	2	1	2	0	2	
0	2	1	0	2	1	1	3	0	0	2	0	0	0	0	0	1	2	2	0	0	1	0	1	0	0	2	2	
1	0	2	0	0	1	0	0	0	2	2	0	0	0	0	0	1	2	0	1	2	0	0	2	0	0	1	2	
0	1	2	0	2	1	1	2	0	0	3	0	1	0	0	0	1	2	1	0	2	0	0	2	0	0	0	2	
0	2	1	0	2	2	0	2	1	0	2	0	0	1	2	0	2	2	0	0	2	1	0	2	0	2	1	2	
1	2	1	3	0	1	1	2	0	2	2	0	0	2	0	0	1	2	0	0	2	0	0	0	0	2	0	2	
0	2	0	0	2	1	1	2	0	0	2	0	0	0	0	0	2	2	0	0	2	2	0	2	0	0	1	2	
0	1	1	0	2	1	0	2	2	0	3	0	0	0	3	2	0	2	0	0	2	1	0	0	0	2	1	2	
0	0	0	0	2	1	0	2	0	0	2	0	0	0	0	0	1	2	2	0	2	0	0	2	0	0	2	2	
1	2	1	3	2	1	0	0	0	0	2	0	0	0	0	2	0	2	0	0	2	1	0	1	1	0	1	2	
0	0	0	0	2	1	0	2	0	0	2	0	3	1	2	0	1	1	0	0	2	1	0	2	0	0	2	1	
0	1	1	0	0	1	0	0	1	0	2	0	0	0	0	0	1	2	0	0	2	1	3	1	0	0	1	1	
0	2	2	0	2	1	0	3	0	2	3	0	0	0	0	0	1	2	0	0	2	2	0	0	0	0	1	2	
0	2	1	0	2	1	0	0	0	0	2	0	0	0	2	0	1	1	0	0	2	1	0	2	1	0	2	2	
1	2	0	0	2	0	0	2	0	0	2	0	0	0	0	0	2	2	0	0	3	1	1	2	0	0	1	0	
0	2	1	0	2	1	0	0	0	1	3	0	3	0	0	0	1	1	0	1	2	1	0	1	0	0	0	1	
1	2	1	0	2	0	2	2	0	1	2	0	3	0	0	0	1	2	0	0	3	3	1	2	0	0	1	2	
0	2	1	0	2	1	0	0	0	0	2	0	0	2	2	0	2	2	0	0	2	1	0	1	0	0	0	2	
0	2	1	0	2	1	0	0	0	0	2	0	0	0	0	0	1	2	0	0	2	1	0	2	0	2	1	2	
1	2	1	3	2	1	0	2	1	0	3	0	0	0	0	0	1	2	0	0	2	0	0	0	0	0	1	0	
1	2	1	0	2	1	0	2	0	0	2	0	3	2	2	0	2	2	0	0	3	1	0	0	0	0	1	2	
0	2	2	3	2	0	0	2	0	0	2	0	0	0	0	2	1	2	0	0	0	1	1	1	0	0	1	2	
0	1	1	0	3	1	0	2	0	0	2	0	0	0	0	0	1	1	0	0	2	2	0	0	0	2	1	2	
0	2	1	3	2	1	0	2	0	0	2	0	0	0	0	0	1	2	0	0	2	1	0	2	0	0	0	2	
0	0	1	0	2	0	2	2	0	0	3	0	0	0	2	0	1	2	0	0	2	2	0	0	0	2	2	1	
0	1	1	0	2	1	0	3	0	0	2	0	0	2	0	0	1	2	0	0	2	3	1	2	0	0	1	2	
3	2	1	0	2	3	0	2	0	0	3	2	0	0	0	0	1	2	0	0	2	1	0	2	0	0	1	0	
0	1	0	0	2	1	1	2	0	0	2	0	0	0	0	0	1	1	0	0	2	1	0	0	0	0	1	2	
0	2	2	0	2	0	0	2	0	2	2	0	0	2	0	0	1	2	0	3	0	1	0	0	0	0	1	1	
1	2	1	0	2	1	0	3	0	1	2	0	0	0	0	0	1	2	0	0	0	1	3	2	0	0	2	2	
0	2	2	0	2	1	0	2	0	2	2	0	0	0	0	0	1	1	2	0	2	0	3	1	0	0	2	2	
0	1	2	0	2	1	0	2	0	0	3	0	0	0	0	0	1	2	0	0	0	1	0	2	0	0	2	2	
0	0	1	3	2	1	0	2	2	0	2	0	0	0	0	0	1	2	0	0	0	1	1	2	0	0	1	0	
0	2	1	0	2	1	0	2	1	0	2	0	0	0	0	0	1	2	0	3	0	1	0	1	0	2	1	1	
0	2	1	0	0	1	0	2	0	0	2	0	0	0	0	0	1	0	0	3	2	1	0	1	0	3	0	1	
0	2	1	0	2	1	0	2	0	0	2	0	0	0	0	0	1	1	1	3	3	2	0	2	0	0	1	2	
0	2	2	0	2	0	0	2	0	0	3	0	3	0	0	2	2	2	2	0	1	1	0	2	0	0	1	2	
3	2	1	0	2	3	0	2	0	0	2	3	0	2	3	1	1	2	0	0	0	1	0	2	0	0	1	2	
0	2	1	0	2	1	0	0	0	0	2	0	0	0	0	0	2	2	0	0	2	3	0	2	0	0	1	2	
0	0	1	0	2	1	1	3	0	0	1	0	0	0	2	0	1	2	0	0	2	1	0	0	0	0	1	2	
0	2	1	0	0	1	1	2	0	0	2	0	0	0	0	1	1	2	0	0	2	3	0	0	0	0	1	2	
0	2	0	0	2	1	0	3	0	0	2	0	0	0	0	2	1	2	0	3	3	3	0	2	2	0	1	2	
0	1	1	0	2	2	1	2	1	0	2	0	0	0	0	0	1	1	0	0	2	1	0	2	0	0	1	1	
0	0	1	0	2	0	0	3	0	2	2	0	1	1	2	0	1	2	0	0	2	1	1	0	0	2	1	1	
0	2	1	0	0	0	2	2	0	0	2	0	3	0	0	0	1	2	0	0	2	2	0	2	0	0	2	1	
0	2	1	0	1	3	1	2	0	0	1	0	0	2	1	0	2	2	0	0	2	1	0	2	0	0	0	2	
0	2	1	1	3	0	1	2	0	2	2	0	0	0	0	0	1	1	0	0	2	1	0	2	0	0	1	2	
0	2	0	0	3	1	0	2	1	0	2	0	0	2	0	0	2	2	1	0	0	1	0	2	1	3	0	2	
0	2	1	0	2	3	0	3	0	0	2	0	0	0	2	0	0	2	0	0	2	1	0	2	0	0	1	2	
0	2	1	0	3	1	0	2	1	2	2	0	0	0	2	0	1	1	2	0	2	1	0	2	0	0	1	2	
0	2	1	0	2	2	0	0	0	0	2	0	0	0	0	2	1	2	0	0	1	0	1	0	1	0	1	2	
0	2	1	0	3	3	0	2	0	0	2	0	0	0	0	2	1	2	0	0	1	1	0	2	0	0	1	1	
0	0	1	1	2	0	0	2	1	0	2	0	0	2	0	0	1	2	0	0	0	1	0	2	0	2	1	2	
0	2	1	0	2	1	1	3	0	2	2	0	0	0	0	0	1	2	0	3	2	1	0	2	0	0	2	2	
0	1	1	0	3	1	0	2	2	0	2	0	0	0	0	0	1	2	0	0	0	1	0	2	1	0	1	0	
0	1	2	0	2	0	0	2	1	0	2	0	0	0	2	0	2	2	0	0	2	1	0	2	0	0	1	2	
0	2	1	3	1	1	0	0	0	0	2	0	0	0	0	0	1	1	0	0	0	0	1	2	0	0	0	2	
0	2	0	0	3	3	0	2	1	0	3	0	0	0	0	0	1	1	0	0	1	1	0	2	0	0	1	2	
0	0	2	0	1	1	0	0	0	2	2	0	0	2	0	0	2	2	0	0	2	1	1	1	0	0	1	2	
0	0	1	3	2	1	0	0	0	0	2	0	0	0	0	0	0	2	0	0	2	1	1	2	0	0	1	2	
--------------------

--------------------
Best Solution Found!
--------------------
Time: 0 hour(s), 0 minute(s), 1 second(s), 374 millisecond(s)

Fitness: 301086

0	2	2	0	3	3	0	3	1	0	2	2	3	2	2	0	1	2	0	3	3	1	0	2	1	2	0	2	
0	2	1	0	2	1	1	3	0	0	2	0	0	0	0	0	1	2	2	0	0	1	0	1	0	0	2	2	
1	0	2	0	0	1	0	0	0	2	2	0	0	0	0	0	1	2	0	1	2	0	0	2	0	0	1	2	
0	1	2	0	2	1	1	2	0	0	3	0	1	0	0	0	1	2	1	0	2	0	0	2	0	0	0	2	
0	2	1	0	2	2	0	2	1	0	2	0	0	1	2	0	2	2	0	0	2	1	0	2	0	2	1	2	
1	2	1	3	0	1	1	2	0	2	2	0	0	2	0	0	1	2	0	0	2	0	0	0	0	2	0	2	
0	2	0	0	2	1	1	2	0	0	2	0	0	0	0	0	2	2	0	0	2	2	0	2	0	0	1	2	
0	1	1	0	2	1	0	2	2	0	3	0	0	0	3	2	0	2	0	0	2	1	0	0	0	2	1	2	
0	0	0	0	2	1	0	2	0	0	2	0	0	0	0	0	1	2	2	0	2	0	0	2	0	0	2	2	
1	2	1	3	2	1	0	0	0	0	2	0	0	0	0	2	0	2	0	0	2	1	0	1	1	0	1	2	
0	0	0	0	2	1	0	2	0	0	2	0	3	1	2	0	1	1	0	0	2	1	0	2	0	0	2	1	
0	1	1	0	0	1	0	0	1	0	2	0	0	0	0	0	1	2	0	0	2	1	3	1	0	0	1	1	
0	2	2	0	2	1	0	3	0	2	3	0	0	0	0	0	1	2	0	0	2	2	0	0	0	0	1	2	
0	2	1	0	2	1	0	0	0	0	2	0	0	0	2	0	1	1	0	0	2	1	0	2	1	0	2	2	
1	2	0	0	2	0	0	2	0	0	2	0	0	0	0	0	2	2	0	0	3	1	1	2	0	0	1	0	
0	2	1	0	2	1	0	0	0	1	3	0	3	0	0	0	1	1	0	1	2	1	0	1	0	0	0	1	
1	2	1	0	2	0	2	2	0	1	2	0	3	0	0	0	1	2	0	0	3	3	1	2	0	0	1	2	
0	2	1	0	2	1	0	0	0	0	2	0	0	2	2	0	2	2	0	0	2	1	0	1	0	0	0	2	
0	2	1	0	2	1	0	0	0	0	2	0	0	0	0	0	1	2	0	0	2	1	0	2	0	2	1	2	
1	2	1	3	2	1	0	2	1	0	3	0	0	0	0	0	1	2	0	0	2	0	0	0	0	0	1	0	
1	2	1	0	2	1	0	2	0	0	2	0	3	2	2	0	2	2	0	0	3	1	0	0	0	0	1	2	
0	2	2	3	2	0	0	2	0	0	2	0	0	0	0	2	1	2	0	0	0	1	1	1	0	0	1	2	
0	1	1	0	3	1	0	2	0	0	2	0	0	0	0	0	1	1	0	0	2	2	0	0	0	2	1	2	
0	2	1	3	2	1	0	2	0	0	2	0	0	0	0	0	1	2	0	0	2	1	0	2	0	0	0	2	
0	0	1	0	2	0	2	2	0	0	3	0	0	0	2	0	1	2	0	0	2	2	0	0	0	2	2	1	
0	1	1	0	2	1	0	3	0	0	2	0	0	2	0	0	1	2	0	0	2	3	1	2	0	0	1	2	
3	2	1	0	2	3	0	2	0	0	3	2	0	0	0	0	1	2	0	0	2	1	0	2	0	0	1	0	
0	1	0	0	2	1	1	2	0	0	2	0	0	0	0	0	1	1	0	0	2	1	0	0	0	0	1	2	
0	2	2	0	2	0	0	2	0	2	2	0	0	2	0	0	1	2	0	3	0	1	0	0	0	0	1	1	
1	2	1	0	2	1	0	3	0	1	2	0	0	0	0	0	1	2	0	0	0	1	3	2	0	0	2	2	
0	2	2	0	2	1	0	2	0	2	2	0	0	0	0	0	1	1	2	0	2	0	3	1	0	0	2	2	
0	1	2	0	2	1	0	2	0	0	3	0	0	0	0	0	1	2	0	0	0	1	0	2	0	0	2	2	
0	0	1	3	2	1	0	2	2	0	2	0	0	0	0	0	1	2	0	0	0	1	1	2	0	0	1	0	
0	2	1	0	2	1	0	2	1	0	2	0	0	0	0	0	1	2	0	3	0	1	0	1	0	2	1	1	
0	2	1	0	0	1	0	2	0	0	2	0	0	0	0	0	1	0	0	3	2	1	0	1	0	3	0	1	
0	2	1	0	2	1	0	2	0	0	2	0	0	0	0	0	1	1	1	3	3	2	0	2	0	0	1	2	
0	2	2	0	2	0	0	2	0	0	3	0	3	0	0	2	2	2	2	0	1	1	0	2	0	0	1	2	
3	2	1	0	2	3	0	2	0	0	2	3	0	2	3	1	1	2	0	0	0	1	0	2	0	0	1	2	
0	2	1	0	2	1	0	0	0	0	2	0	0	0	0	0	2	2	0	0	2	3	0	2	0	0	1	2	
0	0	1	0	2	1	1	3	0	0	1	0	0	0	2	0	1	2	0	0	2	1	0	0	0	0	1	2	
0	2	1	0	0	1	1	2	0	0	2	0	0	0	0	1	1	2	0	0	2	3	0	0	0	0	1	2	
0	2	0	0	2	1	0	3	0	0	2	0	0	0	0	2	1	2	0	3	3	3	0	2	2	0	1	2	
0	1	1	0	2	2	1	2	1	0	2	0	0	0	0	0	1	1	0	0	2	1	0	2	0	0	1	1	
0	0	1	0	2	0	0	3	0	2	2	0	1	1	2	0	1	2	0	0	2	1	1	0	0	2	1	1	
0	2	1	0	0	0	2	2	0	0	2	0	3	0	0	0	1	2	0	0	2	2	0	2	0	0	2	1	
0	2	1	0	1	3	1	2	0	0	1	0	0	2	1	0	2	2	0	0	2	1	0	2	0	0	0	2	
0	2	1	1	3	0	1	2	0	2	2	0	0	0	0	0	1	1	0	0	2	1	0	2	0	0	1	2	
0	2	0	0	3	1	0	2	1	0	2	0	0	2	0	0	2	2	1	0	0	1	0	2	1	3	0	2	
0	2	1	0	2	3	0	3	0	0	2	0	0	0	2	0	0	2	0	0	2	1	0	2	0	0	1	2	
0	2	1	0	3	1	0	2	1	2	2	0	0	0	2	0	1	1	2	0	2	1	0	2	0	0	1	2	
0	2	1	0	2	2	0	0	0	0	2	0	0	0	0	2	1	2	0	0	1	0	1	0	1	0	1	2	
0	2	1	0	3	3	0	2	0	0	2	0	0	0	0	2	1	2	0	0	1	1	0	2	0	0	1	1	
0	0	1	1	2	0	0	2	1	0	2	0	0	2	0	0	1	2	0	0	0	1	0	2	0	2	1	2	
0	2	1	0	2	1	1	3	0	2	2	0	0	0	0	0	1	2	0	3	2	1	0	2	0	0	2	2	
0	1	1	0	3	1	0	2	2	0	2	0	0	0	0	0	1	2	0	0	0	1	0	2	1	0	1	0	
0	1	2	0	2	0	0	2	1	0	2	0	0	0	2	0	2	2	0	0	2	1	0	2	0	0	1	2	
0	2	1	3	1	1	0	0	0	0	2	0	0	0	0	0	1	1	0	0	0	0	1	2	0	0	0	2	
0	2	0	0	3	3	0	2	1	0	3	0	0	0	0	0	1	1	0	0	1	1	0	2	0	0	1	2	
0	0	2	0	1	1	0	0	0	2	2	0	0	2	0	0	2	2	0	0	2	1	1	1	0	0	1	2	
0	0	1	3	2	1	0	0	0	0	2	0	0	0	0	0	0	2	0	0	2	1	1	2	0	0	1	2	
--------------------

--------------------
Best Solution Found!
--------------------
Time: 0 hour(s), 0 minute(s), 3 second(s), 96 millisecond(s)

Fitness: 298098

0	2	1	0	2	1	1	3	0	0	2	0	1	0	0	0	1	2	0	0	2	1	1	2	0	0	1	2	
0	2	1	0	1	1	0	2	0	0	2	0	3	0	0	2	1	2	0	0	2	1	0	0	0	2	2	2	
0	2	1	0	3	0	0	2	0	0	2	0	0	0	0	0	1	2	0	0	2	1	0	1	1	0	1	2	
3	1	1	3	3	1	0	2	0	0	2	0	0	2	2	0	2	2	0	0	2	1	0	2	0	0	2	1	
0	0	1	3	2	1	0	2	0	0	2	0	0	0	3	0	1	2	0	0	2	1	0	0	0	0	2	2	
0	2	2	0	3	2	0	0	0	0	2	0	0	0	0	0	1	2	0	0	2	3	3	2	0	0	1	2	
0	2	1	0	2	0	0	2	0	2	2	0	0	0	0	0	1	2	0	0	0	1	0	2	0	2	1	2	
0	1	1	0	2	3	0	2	0	0	3	0	0	0	0	0	1	1	0	0	0	1	0	2	0	0	1	2	
0	2	2	0	3	3	0	2	1	0	3	0	0	0	2	0	2	2	0	0	2	1	0	2	0	2	1	2	
1	2	0	0	2	1	0	0	0	0	2	0	0	0	0	0	0	2	2	0	2	1	0	0	1	0	1	2	
1	1	1	3	2	2	0	2	1	0	2	0	3	0	2	1	1	2	0	0	0	1	0	2	0	0	1	2	
3	2	1	0	2	1	0	2	1	2	2	0	0	0	2	2	2	2	0	0	0	1	0	2	1	0	1	1	
0	2	2	0	2	0	0	2	0	0	2	0	0	0	0	0	1	1	0	0	3	1	0	0	0	0	1	2	
0	2	1	0	2	1	1	2	0	0	2	0	0	1	0	0	1	1	0	0	2	1	0	1	1	0	1	0	
0	1	1	0	2	1	0	2	0	2	3	0	0	0	0	2	1	2	0	0	2	1	0	2	0	0	1	2	
0	2	1	0	2	0	0	0	0	0	2	0	0	0	0	0	1	2	1	0	0	2	0	2	0	0	0	2	
0	2	1	0	2	1	0	2	0	0	3	0	0	0	0	0	0	2	0	1	2	2	0	2	0	2	1	2	
0	2	1	0	2	1	0	2	1	0	3	0	0	0	2	0	1	2	0	0	2	0	0	2	0	0	1	1	
0	1	0	0	3	3	0	0	0	2	2	0	0	2	0	0	1	2	0	3	0	0	0	2	0	0	0	0	
0	0	1	0	3	1	0	0	0	0	2	0	0	0	0	0	1	1	0	1	2	1	1	2	0	0	1	2	
1	2	1	0	2	1	0	2	1	2	2	0	3	0	0	0	1	2	0	0	2	0	0	1	1	0	1	2	
0	2	2	3	2	0	2	2	0	0	3	0	0	0	0	0	1	1	0	0	2	2	0	1	0	2	0	1	
0	0	1	0	0	0	0	2	0	0	2	0	0	0	0	0	1	2	2	0	2	1	0	1	0	0	1	2	
0	1	2	0	2	1	1	2	0	2	2	0	0	0	0	0	1	2	0	0	0	3	0	2	0	0	0	2	
0	2	1	0	2	0	1	3	0	2	2	0	0	0	2	2	2	2	0	0	1	0	0	1	0	0	1	1	
0	0	0	0	2	1	0	2	0	0	2	2	3	0	0	0	1	2	0	0	3	2	0	2	0	0	0	2	
0	2	1	0	2	1	0	3	0	2	2	0	0	0	0	0	1	2	0	3	2	0	1	1	0	0	1	2	
0	2	1	3	2	0	2	2	0	0	3	2	0	0	0	2	1	2	0	0	2	1	3	0	0	2	1	2	
0	2	0	0	2	0	0	2	0	0	2	0	3	0	0	0	2	1	2	0	2	3	0	0	0	0	1	1	
0	2	1	0	2	1	0	2	0	0	3	0	0	0	0	0	1	2	0	0	2	1	1	0	0	0	1	0	
1	2	0	1	2	1	0	3	0	0	2	0	0	0	2	0	2	2	0	3	2	1	0	1	2	0	0	2	
0	1	2	0	2	0	1	2	0	0	3	0	0	0	0	0	2	1	0	0	2	1	0	2	0	3	2	1	
0	2	1	0	2	3	0	2	0	0	2	0	0	0	0	0	2	1	0	0	2	1	0	2	0	0	1	2	
1	2	1	0	2	3	0	3	1	0	1	0	0	2	2	0	2	2	2	3	0	1	3	1	0	0	1	2	
0	2	1	0	3	1	0	3	2	0	2	0	0	0	0	0	1	2	0	0	0	2	0	2	0	0	1	2	
0	2	0	0	2	1	0	2	1	0	2	0	0	0	0	0	1	2	0	0	2	1	0	2	0	0	1	2	
0	2	1	1	2	3	1	0	0	0	2	0	0	0	0	2	1	2	0	0	1	1	0	0	0	2	2	2	
0	0	0	3	2	1	0	0	0	0	2	3	0	2	0	0	0	2	0	0	2	1	1	2	0	0	1	2	
0	2	1	3	3	1	0	3	0	0	2	0	0	0	0	0	1	2	0	0	2	0	0	0	0	2	1	2	
1	2	1	0	0	3	0	2	0	0	2	0	0	0	3	0	1	2	0	0	2	0	1	2	0	0	1	1	
0	2	1	0	2	1	0	2	0	0	2	0	0	2	0	0	1	2	2	0	2	1	0	2	0	0	1	2	
0	2	2	0	0	1	1	2	0	0	2	0	0	0	0	0	1	0	0	0	3	3	0	0	0	0	1	2	
0	2	1	0	2	1	0	0	0	1	2	0	0	2	0	0	2	2	0	0	2	1	1	2	0	0	1	2	
1	2	0	0	2	1	0	3	1	0	2	0	0	2	0	0	1	2	0	0	2	2	0	2	0	0	2	2	
0	2	2	3	1	1	2	0	0	0	2	0	0	0	2	0	1	1	0	0	3	1	0	0	0	0	1	2	
0	2	1	0	2	1	0	2	1	2	2	0	0	0	0	0	1	2	1	0	2	1	0	0	0	0	1	1	
0	2	1	0	1	1	0	0	1	0	2	0	0	0	2	0	1	2	0	3	0	1	1	2	1	0	0	2	
0	1	1	0	2	2	1	2	0	0	2	0	0	2	0	0	1	1	0	0	1	1	0	0	0	0	2	2	
1	0	2	0	2	0	0	2	1	0	2	0	3	0	0	1	1	2	0	0	2	1	0	2	0	0	1	2	
0	2	1	0	2	1	0	2	0	1	2	0	1	1	2	0	1	1	0	0	0	3	0	2	0	2	0	2	
0	0	1	0	2	1	1	2	0	0	2	0	0	0	1	2	1	2	1	0	3	1	0	2	0	2	2	0	
0	2	2	0	0	1	0	2	2	1	3	0	0	1	0	0	1	1	0	0	2	1	1	2	0	0	1	2	
0	0	1	0	2	1	1	3	0	0	2	0	3	2	2	0	0	2	0	0	0	0	0	2	0	0	2	2	
0	0	2	0	2	1	0	2	2	0	1	0	0	0	0	0	1	2	0	3	2	1	0	1	0	0	1	1	
0	0	1	0	0	1	0	2	0	0	2	0	0	0	0	0	1	2	0	0	2	1	0	2	0	0	0	2	
0	1	1	0	2	1	0	0	0	2	2	0	0	0	0	0	1	2	0	0	1	1	0	2	0	0	0	2	
0	2	1	0	2	1	1	2	0	0	2	0	0	2	0	0	1	2	0	3	3	1	0	2	0	0	1	1	
0	2	1	0	2	1	0	3	0	0	2	0	0	2	0	0	1	2	0	0	2	1	1	2	0	3	2	2	
0	1	1	0	2	1	0	2	0	0	2	0	0	0	0	0	1	2	0	0	2	1	0	2	0	0	1	0	
0	2	1	0	0	1	0	0	0	0	2	0	0	0	0	0	2	2	0	0	2	1	0	2	0	0	1	2	
--------------------

--------------------
Best Solution Found!
--------------------
Time: 0 hour(s), 0 minute(s), 4 second(s), 390 millisecond(s)

Fitness: 297101

0	2	1	0	2	1	0	2	0	0	2	0	0	0	0	0	1	1	0	0	2	1	0	2	0	0	1	2	
0	0	0	3	2	0	1	2	0	0	2	0	3	0	0	0	1	1	0	0	3	1	0	0	0	0	1	1	
0	2	1	0	2	1	1	0	0	0	2	0	0	0	3	2	1	1	0	0	1	3	1	2	0	2	1	2	
1	2	1	0	0	1	0	2	0	0	2	0	3	0	0	0	1	2	1	0	2	1	3	2	0	0	1	2	
0	1	1	3	2	0	0	3	0	0	2	0	0	0	2	0	2	1	0	3	2	3	0	2	1	2	1	1	
0	2	1	0	2	1	0	2	0	2	2	0	0	2	2	0	1	2	0	0	2	3	0	2	0	0	1	2	
0	0	1	0	2	1	1	2	0	1	2	0	3	0	0	2	1	2	0	0	2	1	0	1	0	0	2	2	
0	2	1	0	0	0	2	2	0	0	2	0	0	0	0	0	1	2	0	1	2	2	0	0	0	0	1	1	
0	2	1	0	2	1	1	2	0	0	2	0	0	0	3	2	1	2	0	0	3	2	0	2	0	0	1	1	
0	2	2	0	2	1	0	3	0	2	2	0	0	0	0	2	1	2	0	3	0	1	0	2	0	0	2	2	
1	2	0	0	2	1	2	2	0	0	2	0	0	0	0	0	1	2	0	0	2	3	0	1	0	0	2	2	
0	2	1	0	2	1	0	2	2	0	2	0	0	0	0	0	1	2	1	0	2	2	0	2	0	0	1	2	
0	2	1	0	3	1	0	0	0	0	3	0	1	0	0	0	2	1	0	3	2	1	0	2	0	2	2	1	
0	2	1	0	3	3	1	2	0	0	2	0	0	0	0	0	0	2	0	0	2	1	0	0	0	0	1	2	
0	1	0	0	2	2	0	0	1	0	2	0	0	0	0	0	1	2	0	0	0	1	0	2	0	0	1	2	
1	2	1	0	2	1	0	3	0	0	2	0	0	0	0	0	1	2	0	0	1	1	0	1	0	0	1	0	
0	2	1	3	3	1	0	2	0	0	2	0	0	2	0	0	1	2	0	0	2	1	0	2	1	0	1	2	
1	2	1	0	2	1	0	2	0	0	2	0	3	0	0	0	1	2	0	0	3	1	0	1	0	2	0	2	
1	2	1	0	2	1	0	3	0	0	2	0	0	1	0	0	1	2	0	3	2	1	0	2	0	0	0	2	
0	2	2	0	3	3	0	3	0	2	2	0	0	0	0	0	1	2	0	0	2	1	0	1	0	0	0	0	
0	0	1	0	2	1	0	2	0	0	2	0	3	0	0	0	1	2	0	0	2	0	1	2	0	0	1	2	
0	0	0	0	2	1	1	2	0	0	1	0	0	1	0	0	1	2	0	0	2	1	0	2	0	2	2	2	
0	2	1	0	3	3	2	3	0	0	2	3	3	0	2	0	1	2	0	0	2	1	0	2	0	0	1	0	
0	0	2	3	2	0	0	3	0	0	2	0	0	0	2	0	1	2	0	0	2	1	0	2	0	0	1	2	
3	0	0	0	2	1	1	0	0	0	2	0	0	0	0	0	1	2	0	0	2	1	0	2	0	0	2	1	
0	2	1	0	2	1	0	2	0	0	3	0	0	0	0	0	2	1	0	0	0	1	0	2	0	0	1	2	
0	2	1	0	2	1	0	0	0	0	2	0	0	2	0	0	2	2	0	0	0	0	0	2	1	2	0	2	
0	2	1	3	2	1	0	0	1	0	1	0	0	0	0	2	0	2	0	0	2	1	0	2	1	0	1	2	
0	0	2	3	3	1	0	2	0	0	2	0	0	0	0	0	1	1	0	0	2	1	0	2	2	0	1	2	
0	2	1	0	2	0	0	0	0	0	2	0	0	0	0	0	1	2	0	0	2	1	0	2	0	2	1	1	
0	2	0	0	2	1	0	2	0	0	2	2	0	0	0	2	2	2	2	0	3	1	1	2	0	0	1	2	
0	0	1	0	1	1	0	2	1	2	2	2	0	2	0	0	1	2	0	0	2	3	0	1	0	0	1	1	
0	0	1	3	2	1	0	2	1	2	3	0	0	0	2	0	1	2	0	0	2	1	0	1	0	0	1	2	
0	2	1	0	2	1	0	2	1	2	2	0	0	0	0	0	1	2	0	0	2	0	0	1	0	0	1	0	
0	2	1	0	2	1	1	2	0	1	3	0	0	0	0	0	1	1	2	0	2	1	1	2	0	0	1	2	
0	2	1	0	2	2	0	3	0	0	2	0	0	0	0	0	1	0	2	3	2	1	0	2	1	0	2	2	
0	2	1	0	1	2	0	2	1	0	2	0	0	0	0	1	1	1	0	0	2	1	0	2	0	0	1	2	
0	2	2	0	2	0	0	2	0	0	2	0	0	0	0	0	2	2	1	0	0	1	0	0	0	2	0	2	
0	1	1	0	2	1	0	2	0	1	2	0	0	2	2	0	1	2	0	0	1	0	0	2	0	0	0	1	
0	2	1	0	1	1	0	0	0	0	2	0	0	0	0	0	1	2	0	0	2	1	0	0	1	0	0	2	
0	1	2	0	0	1	0	3	2	0	3	0	3	0	0	0	0	2	0	0	2	0	0	0	0	2	1	2	
0	2	1	0	2	0	0	2	1	0	2	0	0	0	0	0	1	2	0	0	2	0	1	2	0	0	1	1	
0	2	2	3	3	3	0	2	1	0	3	0	0	0	0	0	2	2	0	3	3	2	0	2	0	3	1	2	
1	1	1	0	2	1	1	0	0	0	2	0	1	0	0	0	1	2	0	0	0	1	0	2	0	0	0	2	
0	0	2	0	2	1	0	2	0	0	2	0	0	2	2	1	0	2	2	3	0	1	0	0	0	0	1	2	
3	1	0	1	2	1	0	2	0	2	2	0	0	0	2	0	1	2	0	0	2	1	0	0	0	2	0	2	
0	2	1	0	0	1	0	0	1	0	2	0	0	2	1	0	1	2	0	0	0	0	3	2	0	0	2	2	
1	2	1	0	2	3	0	2	0	0	3	0	0	0	2	0	2	2	0	0	0	1	3	2	0	0	1	2	
1	2	1	0	2	0	0	3	0	0	2	0	0	0	0	0	1	2	0	0	1	1	0	2	0	0	2	2	
0	2	1	0	2	1	0	0	0	0	3	0	0	0	0	0	1	2	0	0	2	2	0	2	0	0	1	2	
0	1	1	0	2	1	0	2	0	0	3	0	0	2	2	0	1	1	0	0	0	1	0	0	0	0	1	2	
0	1	2	1	2	1	0	2	0	2	2	0	0	2	0	0	1	2	0	0	2	0	1	2	0	0	1	1	
0	2	2	0	2	0	0	0	0	2	2	0	0	0	0	0	1	2	0	0	0	2	0	0	0	0	0	2	
0	2	0	0	3	3	0	2	1	2	3	0	0	0	2	0	1	2	0	1	0	1	0	0	0	0	1	0	
0	1	2	0	0	1	1	2	0	0	2	0	0	0	0	0	2	2	0	0	2	1	1	2	0	0	1	2	
0	1	1	0	2	1	0	2	0	0	2	0	0	2	0	0	1	2	0	0	2	1	0	1	0	3	1	2	
0	2	1	0	2	0	1	2	2	0	2	0	0	2	0	2	2	2	0	0	2	1	1	1	0	0	2	2	
0	2	1	0	0	0	0	2	0	0	2	0	0	0	2	0	1	2	2	0	3	1	1	2	0	0	1	2	
0	2	1	0	2	1	0	2	1	0	2	0	0	1	0	0	1	1	0	0	2	1	1	0	0	0	1	2	
0	2	1	0	2	3	0	2	0	0	2	0	0	0	0	0	2	1	0	0	2	1	0	0	0	0	1	2	
--------------------

--------------------
Best Solution Found!
--------------------
Time: 0 hour(s), 0 minute(s), 10 second(s), 175 millisecond(s)

Fitness: 294078

0	2	1	3	0	0	0	2	0	2	3	0	0	1	0	0	2	2	0	1	2	1	0	2	0	2	1	2	
0	0	1	0	2	1	0	2	1	0	2	0	0	2	0	0	1	2	0	0	3	2	0	2	0	0	1	1	
0	2	2	0	2	1	1	2	0	0	2	0	3	0	0	0	1	1	0	3	2	1	0	2	0	0	1	2	
0	2	1	0	2	1	0	0	0	0	2	0	0	0	0	0	1	2	0	0	2	1	0	0	0	2	1	2	
0	2	0	0	2	1	0	0	0	2	2	0	0	0	0	0	1	2	0	0	0	1	1	0	0	0	0	2	
0	2	2	0	3	1	0	2	0	0	2	0	0	0	3	0	1	2	2	0	0	1	0	0	0	0	0	1	
1	1	2	0	1	3	0	3	0	0	2	0	3	0	2	0	1	2	0	0	2	3	1	2	0	0	2	2	
0	2	1	0	2	1	0	2	2	0	2	0	0	0	0	0	1	2	0	0	2	0	1	1	0	2	1	0	
0	2	0	0	3	1	0	3	0	0	2	0	0	0	0	0	1	1	0	0	2	2	0	2	0	0	0	2	
0	1	0	3	2	1	0	3	1	0	2	0	0	0	0	0	1	2	0	0	2	1	1	2	0	0	2	1	
0	0	1	1	2	1	0	0	0	2	2	0	0	2	2	0	0	1	1	0	2	0	0	0	0	2	2	1	
1	2	1	0	2	3	0	2	0	0	3	0	0	0	2	2	1	2	0	3	2	3	0	2	0	0	1	2	
0	2	2	0	2	0	0	2	1	0	1	0	3	0	0	0	1	2	2	0	2	1	0	1	0	0	1	2	
0	2	1	0	2	1	1	3	0	1	3	0	0	0	2	2	2	2	0	0	2	1	0	1	1	0	1	2	
0	1	1	0	2	0	0	2	0	0	2	0	0	0	0	0	1	2	0	0	2	2	0	2	1	0	1	2	
0	0	0	0	2	0	2	3	0	0	2	0	0	0	0	0	0	2	0	0	2	1	0	2	0	0	1	2	
0	2	0	0	2	1	1	0	1	0	2	2	0	0	2	0	2	1	0	0	2	2	0	2	0	2	2	0	
1	0	1	0	2	1	1	2	0	0	3	0	0	0	0	0	1	2	0	0	3	3	0	1	0	0	0	2	
0	2	2	0	2	1	0	2	0	2	2	0	0	0	0	2	2	2	0	0	2	1	0	2	0	0	2	2	
0	2	1	0	2	1	0	2	0	2	2	0	0	2	0	0	1	2	0	0	2	1	0	2	0	0	1	2	
0	2	0	0	3	0	0	2	0	0	2	0	0	0	0	2	1	2	0	0	2	2	0	2	0	0	1	2	
0	2	1	3	3	1	0	0	0	0	2	0	0	0	0	0	0	2	0	0	1	1	0	2	0	0	1	1	
3	2	1	3	2	1	0	2	0	0	2	0	0	0	0	0	1	2	0	0	3	0	0	0	0	2	1	2	
0	1	2	0	2	1	0	2	0	0	2	0	0	0	0	0	1	2	0	0	0	0	0	2	0	0	1	2	
1	0	1	0	1	1	0	0	0	0	3	0	0	2	2	0	1	1	0	0	2	1	0	2	0	0	1	0	
0	2	1	0	3	1	1	3	0	0	2	0	1	2	3	0	1	2	0	0	2	1	0	1	0	0	0	2	
0	2	1	0	2	0	1	2	0	0	3	0	0	0	0	0	2	2	0	0	2	2	0	0	0	2	1	2	
0	1	0	3	2	3	0	0	0	0	2	0	0	0	0	0	1	2	0	0	0	0	0	0	0	0	1	1	
0	0	1	0	2	1	0	2	1	2	2	2	3	0	0	0	2	1	0	0	2	1	0	0	0	0	0	2	
0	1	1	0	2	1	0	2	2	0	2	0	0	0	0	0	2	1	0	0	2	1	0	2	0	0	1	2	
0	2	1	3	3	3	0	2	0	0	2	0	0	0	0	2	1	2	0	0	0	1	3	2	0	2	1	2	
0	2	1	0	0	1	1	2	0	0	2	0	0	0	0	0	1	2	0	0	0	1	0	2	0	0	1	2	
0	0	1	3	0	1	0	2	1	2	2	0	0	0	1	0	2	2	0	0	3	1	0	0	0	0	1	2	
0	2	1	0	2	1	0	0	0	2	2	0	0	1	0	0	0	2	2	3	2	0	0	2	0	0	1	1	
0	2	2	0	2	1	0	3	0	0	2	0	0	0	0	0	1	2	0	1	2	1	0	0	1	0	1	2	
1	2	1	0	2	2	1	2	0	0	2	0	0	0	0	0	1	2	0	0	0	3	0	2	0	0	1	1	
0	2	1	0	2	1	0	0	0	0	2	0	0	0	0	0	1	2	1	0	2	1	0	2	0	0	1	2	
0	2	1	0	2	1	0	2	0	0	2	0	1	2	0	0	1	2	0	0	2	1	0	1	0	0	1	1	
0	2	1	0	2	1	2	3	1	0	2	0	0	0	0	0	1	2	0	3	2	3	1	2	1	0	2	2	
0	0	1	0	2	1	0	2	0	0	2	0	0	2	0	0	1	1	0	0	0	1	0	2	0	3	2	2	
1	2	1	0	3	1	0	2	0	0	1	0	0	0	0	0	1	1	0	0	0	1	0	2	1	0	1	2	
0	2	2	0	0	0	0	2	1	0	3	0	0	0	0	0	1	2	0	0	0	1	1	2	0	0	1	2	
0	2	1	0	2	0	0	2	0	0	2	0	0	0	2	0	1	2	0	0	2	1	0	2	0	0	2	1	
0	0	1	0	2	1	0	2	0	0	2	0	0	0	0	0	1	2	0	0	2	1	3	2	0	0	2	2	
0	2	1	0	2	3	2	2	0	0	2	0	0	1	0	0	1	1	0	0	2	1	3	1	0	0	1	2	
0	2	1	0	1	2	0	2	1	0	2	0	0	2	0	0	1	2	0	0	0	1	0	2	0	0	1	2	
0	1	1	1	2	0	1	2	2	0	3	0	0	0	0	1	1	2	1	0	2	1	0	0	0	3	1	2	
0	2	1	0	2	1	0	0	0	0	2	0	0	0	0	0	2	2	0	0	3	1	0	1	0	0	0	1	
0	1	1	0	2	3	0	2	0	0	3	0	0	0	0	0	1	0	0	3	2	1	0	1	0	0	1	2	
1	1	1	3	3	1	0	2	0	0	2	0	0	0	0	0	1	2	2	0	1	1	0	0	0	0	0	2	
0	2	1	0	2	1	0	2	0	0	2	0	3	2	2	0	1	2	0	3	3	1	0	2	1	0	1	2	
0	0	2	0	2	2	0	2	0	0	2	0	0	0	0	2	1	2	0	0	0	1	1	2	0	2	1	2	
1	2	2	0	2	1	0	3	0	2	2	0	0	0	2	1	2	1	0	0	1	1	0	1	0	0	1	2	
3	2	1	0	2	0	0	2	1	2	2	0	3	0	0	0	1	2	0	0	2	0	1	2	0	0	0	0	
0	2	2	0	2	1	0	3	0	0	3	0	0	0	2	0	1	2	2	0	2	0	1	2	0	0	1	2	
0	2	1	0	0	3	0	2	1	1	2	0	0	0	2	0	1	2	0	0	1	1	0	2	0	0	0	2	
0	2	1	0	2	1	1	2	0	0	2	0	0	0	0	2	1	2	0	3	2	1	0	0	0	0	1	2	
0	2	1	0	2	0	1	2	0	1	2	3	0	0	0	0	1	1	0	0	2	1	0	2	2	2	1	0	
0	1	1	0	2	1	0	0	0	0	2	0	3	2	2	0	2	2	0	0	2	1	1	2	0	0	1	2	
0	2	0	0	0	1	0	0	0	0	2	0	0	2	0	0	1	2	0	0	2	1	0	2	0	0	2	2	
--------------------

--------------------
Best Solution Found!
--------------------
Time: 0 hour(s), 0 minute(s), 10 second(s), 183 millisecond(s)

Fitness: 294078

0	2	1	3	0	0	0	2	0	2	3	0	0	1	0	0	2	2	0	1	2	1	0	2	0	2	1	2	
0	0	1	0	2	1	0	2	1	0	2	0	0	2	0	0	1	2	0	0	3	2	0	2	0	0	1	1	
0	2	2	0	2	1	1	2	0	0	2	0	3	0	0	0	1	1	0	3	2	1	0	2	0	0	1	2	
0	2	1	0	2	1	0	0	0	0	2	0	0	0	0	0	1	2	0	0	2	1	0	0	0	2	1	2	
0	2	0	0	2	1	0	0	0	2	2	0	0	0	0	0	1	2	0	0	0	1	1	0	0	0	0	2	
0	2	2	0	3	1	0	2	0	0	2	0	0	0	3	0	1	2	2	0	0	1	0	0	0	0	0	1	
1	1	2	0	1	3	0	3	0	0	2	0	3	0	2	0	1	2	0	0	2	3	1	2	0	0	2	2	
0	2	1	0	2	1	0	2	2	0	2	0	0	0	0	0	1	2	0	0	2	0	1	1	0	2	1	0	
0	2	0	0	3	1	0	3	0	0	2	0	0	0	0	0	1	1	0	0	2	2	0	2	0	0	0	2	
0	1	0	3	2	1	0	3	1	0	2	0	0	0	0	0	1	2	0	0	2	1	1	2	0	0	2	1	
0	0	1	1	2	1	0	0	0	2	2	0	0	2	2	0	0	1	1	0	2	0	0	0	0	2	2	1	
1	2	1	0	2	3	0	2	0	0	3	0	0	0	2	2	1	2	0	3	2	3	0	2	0	0	1	2	
0	2	2	0	2	0	0	2	1	0	1	0	3	0	0	0	1	2	2	0	2	1	0	1	0	0	1	2	
0	2	1	0	2	1	1	3	0	1	3	0	0	0	2	2	2	2	0	0	2	1	0	1	1	0	1	2	
0	1	1	0	2	0	0	2	0	0	2	0	0	0	0	0	1	2	0	0	2	2	0	2	1	0	1	2	
0	0	0	0	2	0	2	3	0	0	2	0	0	0	0	0	0	2	0	0	2	1	0	2	0	0	1	2	
0	2	0	0	2	1	1	0	1	0	2	2	0	0	2	0	2	1	0	0	2	2	0	2	0	2	2	0	
1	0	1	0	2	1	1	2	0	0	3	0	0	0	0	0	1	2	0	0	3	3	0	1	0	0	0	2	
0	2	2	0	2	1	0	2	0	2	2	0	0	0	0	2	2	2	0	0	2	1	0	2	0	0	2	2	
0	2	1	0	2	1	0	2	0	2	2	0	0	2	0	0	1	2	0	0	2	1	0	2	0	0	1	2	
0	2	0	0	3	0	0	2	0	0	2	0	0	0	0	2	1	2	0	0	2	2	0	2	0	0	1	2	
0	2	1	3	3	1	0	0	0	0	2	0	0	0	0	0	0	2	0	0	1	1	0	2	0	0	1	1	
3	2	1	3	2	1	0	2	0	0	2	0	0	0	0	0	1	2	0	0	3	0	0	0	0	2	1	2	
0	1	2	0	2	1	0	2	0	0	2	0	0	0	0	0	1	2	0	0	0	0	0	2	0	0	1	2	
1	0	1	0	1	1	0	0	0	0	3	0	0	2	2	0	1	1	0	0	2	1	0	2	0	0	1	0	
0	2	1	0	3	1	1	3	0	0	2	0	1	2	3	0	1	2	0	0	2	1	0	1	0	0	0	2	
0	2	1	0	2	0	1	2	0	0	3	0	0	0	0	0	2	2	0	0	2	2	0	0	0	2	1	2	
0	1	0	3	2	3	0	0	0	0	2	0	0	0	0	0	1	2	0	0	0	0	0	0	0	0	1	1	
0	0	1	0	2	1	0	2	1	2	2	2	3	0	0	0	2	1	0	0	2	1	0	0	0	0	0	2	
0	1	1	0	2	1	0	2	2	0	2	0	0	0	0	0	2	1	0	0	2	1	0	2	0	0	1	2	
0	2	1	3	3	3	0	2	0	0	2	0	0	0	0	2	1	2	0	0	0	1	3	2	0	2	1	2	
0	2	1	0	0	1	1	2	0	0	2	0	0	0	0	0	1	2	0	0	0	1	0	2	0	0	1	2	
0	0	1	3	0	1	0	2	1	2	2	0	0	0	1	0	2	2	0	0	3	1	0	0	0	0	1	2	
0	2	1	0	2	1	0	0	0	2	2	0	0	1	0	0	0	2	2	3	2	0	0	2	0	0	1	1	
0	2	2	0	2	1	0	3	0	0	2	0	0	0	0	0	1	2	0	1	2	1	0	0	1	0	1	2	
1	2	1	0	2	2	1	2	0	0	2	0	0	0	0	0	1	2	0	0	0	3	0	2	0	0	1	1	
0	2	1	0	2	1	0	0	0	0	2	0	0	0	0	0	1	2	1	0	2	1	0	2	0	0	1	2	
0	2	1	0	2	1	0	2	0	0	2	0	1	2	0	0	1	2	0	0	2	1	0	1	0	0	1	1	
0	2	1	0	2	1	2	3	1	0	2	0	0	0	0	0	1	2	0	3	2	3	1	2	1	0	2	2	
0	0	1	0	2	1	0	2	0	0	2	0	0	2	0	0	1	1	0	0	0	1	0	2	0	3	2	2	
1	2	1	0	3	1	0	2	0	0	1	0	0	0	0	0	1	1	0	0	0	1	0	2	1	0	1	2	
0	2	2	0	0	0	0	2	1	0	3	0	0	0	0	0	1	2	0	0	0	1	1	2	0	0	1	2	
0	2	1	0	2	0	0	2	0	0	2	0	0	0	2	0	1	2	0	0	2	1	0	2	0	0	2	1	
0	0	1	0	2	1	0	2	0	0	2	0	0	0	0	0	1	2	0	0	2	1	3	2	0	0	2	2	
0	2	1	0	2	3	2	2	0	0	2	0	0	1	0	0	1	1	0	0	2	1	3	1	0	0	1	2	
0	2	1	0	1	2	0	2	1	0	2	0	0	2	0	0	1	2	0	0	0	1	0	2	0	0	1	2	
0	1	1	1	2	0	1	2	2	0	3	0	0	0	0	1	1	2	1	0	2	1	0	0	0	3	1	2	
0	2	1	0	2	1	0	0	0	0	2	0	0	0	0	0	2	2	0	0	3	1	0	1	0	0	0	1	
0	1	1	0	2	3	0	2	0	0	3	0	0	0	0	0	1	0	0	3	2	1	0	1	0	0	1	2	
1	1	1	3	3	1	0	2	0	0	2	0	0	0	0	0	1	2	2	0	1	1	0	0	0	0	0	2	
0	2	1	0	2	1	0	2	0	0	2	0	3	2	2	0	1	2	0	3	3	1	0	2	1	0	1	2	
0	0	2	0	2	2	0	2	0	0	2	0	0	0	0	2	1	2	0	0	0	1	1	2	0	2	1	2	
1	2	2	0	2	1	0	3	0	2	2	0	0	0	2	1	2	1	0	0	1	1	0	1	0	0	1	2	
3	2	1	0	2	0	0	2	1	2	2	0	3	0	0	0	1	2	0	0	2	0	1	2	0	0	0	0	
0	2	2	0	2	1	0	3	0	0	3	0	0	0	2	0	1	2	2	0	2	0	1	2	0	0	1	2	
0	2	1	0	0	3	0	2	1	1	2	0	0	0	2	0	1	2	0	0	1	1	0	2	0	0	0	2	
0	2	1	0	2	1	1	2	0	0	2	0	0	0	0	2	1	2	0	3	2	1	0	0	0	0	1	2	
0	2	1	0	2	0	1	2	0	1	2	3	0	0	0	0	1	1	0	0	2	1	0	2	2	2	1	0	
0	1	1	0	2	1	0	0	0	0	2	0	3	2	2	0	2	2	0	0	2	1	1	2	0	0	1	2	
0	2	0	0	0	1	0	0	0	0	2	0	0	2	0	0	1	2	0	0	2	1	0	2	0	0	2	2	
--------------------

--------------------
Best Solution Found!
--------------------
Time: 0 hour(s), 0 minute(s), 21 second(s), 36 millisecond(s)

Fitness: 290076

0	2	1	0	2	1	2	2	0	0	2	0	0	0	0	0	1	1	0	0	2	1	0	2	1	0	1	2	
1	1	1	0	2	1	0	3	0	2	3	0	3	0	2	0	0	2	1	0	2	1	0	2	0	0	1	1	
0	1	1	3	3	1	0	2	0	0	2	0	0	0	2	0	1	2	0	0	2	1	1	2	0	2	1	2	
0	2	1	0	0	1	0	0	0	0	2	0	0	0	0	1	1	2	0	0	2	1	0	2	0	0	1	2	
0	2	1	0	0	0	2	2	0	0	2	0	0	0	0	0	2	2	2	0	3	1	0	2	0	3	1	2	
0	0	1	0	2	1	0	2	0	0	2	0	0	2	0	0	1	2	0	0	0	0	0	0	0	2	1	2	
0	2	1	0	2	1	0	2	0	0	2	0	0	0	2	0	1	1	0	0	0	2	0	0	0	0	2	1	
1	1	1	3	2	1	0	2	0	0	2	0	0	2	0	0	1	2	0	0	2	1	0	0	0	0	1	2	
0	2	1	0	2	0	0	2	0	0	3	0	3	0	0	0	1	0	0	0	2	0	0	2	0	0	1	2	
0	2	2	0	2	0	1	3	1	0	2	0	0	0	0	0	1	2	0	0	0	1	1	1	0	0	1	1	
0	2	2	0	2	2	0	2	0	2	2	0	0	0	0	0	1	2	0	0	3	1	0	2	0	0	0	2	
0	2	1	0	2	2	0	2	0	0	2	0	0	0	0	0	1	2	0	0	1	2	0	0	0	0	0	2	
0	2	1	0	3	3	0	2	0	0	2	0	0	1	0	0	2	2	0	0	0	0	0	0	0	2	0	1	
0	2	2	0	2	1	1	2	0	1	2	0	0	0	2	0	1	2	0	3	2	1	0	2	0	3	1	2	
0	1	1	0	3	0	0	2	1	0	2	0	0	0	0	0	2	2	2	0	0	0	0	2	0	2	2	0	
1	1	1	0	2	1	0	2	1	0	2	2	0	0	2	0	1	2	0	0	2	1	1	2	0	0	1	2	
0	2	1	0	3	1	0	2	2	0	2	0	0	0	0	2	1	2	2	3	2	3	0	2	0	0	2	2	
0	2	1	3	2	1	1	2	0	0	2	0	1	0	0	2	1	2	0	0	0	1	0	2	1	2	1	1	
0	2	2	0	2	1	0	2	0	2	2	0	1	0	0	0	1	1	0	0	2	1	0	2	0	0	1	1	
0	2	1	3	3	0	1	2	0	0	2	0	0	0	0	0	2	1	0	0	2	1	0	1	0	0	2	2	
0	0	2	0	2	1	0	2	0	0	3	0	0	2	3	0	2	1	0	0	2	1	0	0	0	0	1	2	
0	0	1	0	2	1	1	3	1	0	2	0	0	2	3	0	1	2	0	0	2	2	1	2	0	0	1	1	
0	2	2	0	0	3	1	2	0	2	2	0	0	0	0	0	1	2	1	0	2	1	0	2	0	0	0	2	
0	2	2	1	0	1	1	2	0	0	3	0	0	0	0	0	1	2	0	0	1	1	0	0	0	2	1	2	
0	2	1	0	2	1	0	0	0	0	1	0	0	2	2	0	1	1	0	0	2	1	3	2	0	0	1	2	
1	0	1	3	2	0	0	2	0	0	2	0	0	0	2	0	1	2	0	0	2	1	0	2	0	0	0	2	
0	2	1	0	0	0	1	0	0	0	2	0	0	0	0	0	1	2	0	0	1	2	0	2	0	0	0	2	
0	2	2	0	3	3	0	2	1	0	3	0	0	0	0	0	1	2	0	0	2	1	1	2	0	0	1	2	
0	1	0	0	2	1	0	3	1	0	2	0	0	2	0	1	1	2	0	0	2	3	3	1	0	0	1	2	
0	2	1	0	2	1	0	0	2	1	2	0	0	0	0	2	1	2	0	0	0	1	1	1	0	0	0	2	
3	1	1	0	2	0	0	0	0	2	2	0	0	0	2	0	1	2	2	0	3	1	0	2	0	0	1	2	
0	0	1	0	2	1	2	2	2	0	2	0	0	0	0	2	1	2	0	1	2	1	1	2	0	2	1	2	
0	2	0	0	2	1	0	0	0	0	2	0	0	0	0	0	1	2	0	0	2	0	0	1	2	0	1	2	
3	0	1	1	2	0	0	2	0	2	3	0	0	0	0	0	1	2	0	0	3	1	0	0	0	0	1	1	
0	2	1	0	2	3	0	0	0	0	2	3	3	0	0	0	1	2	0	0	2	1	0	2	0	0	0	2	
0	2	0	0	2	1	0	3	0	0	2	0	0	0	0	0	1	2	0	3	3	1	0	0	0	0	1	2	
0	0	0	0	2	1	1	3	0	0	2	0	0	0	0	0	2	2	0	0	0	1	0	2	0	0	2	2	
0	0	0	3	2	1	0	2	0	2	2	0	3	1	0	0	1	2	0	1	3	1	0	2	0	0	1	2	
0	2	1	0	2	1	0	0	0	0	2	0	0	0	0	0	2	2	0	0	2	3	0	2	0	0	1	1	
0	2	1	0	0	1	0	0	0	0	2	0	0	0	0	0	1	1	0	0	0	1	0	0	0	0	1	0	
0	2	2	0	2	1	0	2	1	1	2	0	0	2	2	0	2	1	0	0	2	0	0	1	0	0	2	2	
0	2	1	0	2	3	0	0	0	0	1	0	0	0	2	0	1	1	0	0	2	1	1	2	0	0	0	2	
0	1	1	0	2	1	0	2	0	0	2	0	3	0	0	0	2	2	0	0	2	1	0	2	0	0	2	2	
0	2	1	0	2	1	0	2	1	0	2	0	0	2	0	0	1	1	0	0	2	1	0	2	0	0	1	2	
1	2	2	0	1	1	0	3	0	2	3	0	0	1	2	0	0	2	0	0	1	3	0	2	0	0	1	2	
0	2	2	0	2	1	1	2	0	0	2	0	0	2	0	0	1	2	0	0	2	1	0	2	1	0	1	2	
0	1	1	0	2	1	0	2	0	0	3	0	0	0	0	2	2	2	0	0	2	1	0	0	0	0	2	0	
0	2	1	0	2	1	0	2	0	0	2	0	0	0	0	0	1	2	0	0	2	0	1	2	0	0	1	1	
0	0	1	0	2	0	0	2	0	0	2	0	3	0	0	2	1	2	0	0	0	1	0	1	1	0	1	2	
0	2	1	0	3	3	0	2	0	2	2	0	0	0	0	0	0	1	0	0	2	2	0	0	0	0	1	2	
1	1	1	0	2	3	0	0	1	0	2	0	0	2	0	0	1	2	0	0	2	1	0	2	1	0	2	2	
0	2	1	0	1	1	0	2	1	0	2	0	0	0	0	0	2	2	0	3	2	1	0	1	0	2	1	0	
0	2	1	0	2	1	0	3	0	0	2	0	0	0	1	0	1	1	0	0	2	1	0	0	0	0	1	2	
1	2	1	3	2	1	0	0	0	0	3	0	0	0	0	0	1	2	2	3	2	1	0	1	0	0	1	2	
0	0	0	0	3	1	1	2	0	0	2	0	3	0	0	0	1	2	0	3	2	3	1	2	0	0	1	2	
1	2	0	3	2	2	0	2	0	0	3	0	0	2	0	2	0	2	1	0	0	0	0	2	0	0	1	1	
0	2	1	0	2	1	0	3	1	2	2	0	0	0	0	0	1	2	0	0	0	1	0	1	0	0	1	2	
0	2	1	0	2	1	0	2	0	0	2	2	0	0	0	0	1	2	0	0	2	1	3	2	0	2	2	0	
0	2	0	0	2	0	0	2	0	0	2	0	0	0	0	0	1	2	0	0	2	1	0	2	0	2	0	2	
0	2	1	0	1	1	0	3	0	0	2	0	0	0	2	0	1	2	0	3	2	2	0	2	1	0	1	2	
--------------------

--------------------
Best Solution Found!
--------------------
Time: 0 hour(s), 0 minute(s), 21 second(s), 39 millisecond(s)

Fitness: 290076

0	2	1	0	2	1	2	2	0	0	2	0	0	0	0	0	1	1	0	0	2	1	0	2	1	0	1	2	
1	1	1	0	2	1	0	3	0	2	3	0	3	0	2	0	0	2	1	0	2	1	0	2	0	0	1	1	
0	1	1	3	3	1	0	2	0	0	2	0	0	0	2	0	1	2	0	0	2	1	1	2	0	2	1	2	
0	2	1	0	0	1	0	0	0	0	2	0	0	0	0	1	1	2	0	0	2	1	0	2	0	0	1	2	
0	2	1	0	0	0	2	2	0	0	2	0	0	0	0	0	2	2	2	0	3	1	0	2	0	3	1	2	
0	0	1	0	2	1	0	2	0	0	2	0	0	2	0	0	1	2	0	0	0	0	0	0	0	2	1	2	
0	2	1	0	2	1	0	2	0	0	2	0	0	0	2	0	1	1	0	0	0	2	0	0	0	0	2	1	
1	1	1	3	2	1	0	2	0	0	2	0	0	2	0	0	1	2	0	0	2	1	0	0	0	0	1	2	
0	2	1	0	2	0	0	2	0	0	3	0	3	0	0	0	1	0	0	0	2	0	0	2	0	0	1	2	
0	2	2	0	2	0	1	3	1	0	2	0	0	0	0	0	1	2	0	0	0	1	1	1	0	0	1	1	
0	2	2	0	2	2	0	2	0	2	2	0	0	0	0	0	1	2	0	0	3	1	0	2	0	0	0	2	
0	2	1	0	2	2	0	2	0	0	2	0	0	0	0	0	1	2	0	0	1	2	0	0	0	0	0	2	
0	2	1	0	3	3	0	2	0	0	2	0	0	1	0	0	2	2	0	0	0	0	0	0	0	2	0	1	
0	2	2	0	2	1	1	2	0	1	2	0	0	0	2	0	1	2	0	3	2	1	0	2	0	3	1	2	
0	1	1	0	3	0	0	2	1	0	2	0	0	0	0	0	2	2	2	0	0	0	0	2	0	2	2	0	
1	1	1	0	2	1	0	2	1	0	2	2	0	0	2	0	1	2	0	0	2	1	1	2	0	0	1	2	
0	2	1	0	3	1	0	2	2	0	2	0	0	0	0	2	1	2	2	3	2	3	0	2	0	0	2	2	
0	2	1	3	2	1	1	2	0	0	2	0	1	0	0	2	1	2	0	0	0	1	0	2	1	2	1	1	
0	2	2	0	2	1	0	2	0	2	2	0	1	0	0	0	1	1	0	0	2	1	0	2	0	0	1	1	
0	2	1	3	3	0	1	2	0	0	2	0	0	0	0	0	2	1	0	0	2	1	0	1	0	0	2	2	
0	0	2	0	2	1	0	2	0	0	3	0	0	2	3	0	2	1	0	0	2	1	0	0	0	0	1	2	
0	0	1	0	2	1	1	3	1	0	2	0	0	2	3	0	1	2	0	0	2	2	1	2	0	0	1	1	
0	2	2	0	0	3	1	2	0	2	2	0	0	0	0	0	1	2	1	0	2	1	0	2	0	0	0	2	
0	2	2	1	0	1	1	2	0	0	3	0	0	0	0	0	1	2	0	0	1	1	0	0	0	2	1	2	
0	2	1	0	2	1	0	0	0	0	1	0	0	2	2	0	1	1	0	0	2	1	3	2	0	0	1	2	
1	0	1	3	2	0	0	2	0	0	2	0	0	0	2	0	1	2	0	0	2	1	0	2	0	0	0	2	
0	2	1	0	0	0	1	0	0	0	2	0	0	0	0	0	1	2	0	0	1	2	0	2	0	0	0	2	
0	2	2	0	3	3	0	2	1	0	3	0	0	0	0	0	1	2	0	0	2	1	1	2	0	0	1	2	
0	1	0	0	2	1	0	3	1	0	2	0	0	2	0	1	1	2	0	0	2	3	3	1	0	0	1	2	
0	2	1	0	2	1	0	0	2	1	2	0	0	0	0	2	1	2	0	0	0	1	1	1	0	0	0	2	
3	1	1	0	2	0	0	0	0	2	2	0	0	0	2	0	1	2	2	0	3	1	0	2	0	0	1	2	
0	0	1	0	2	1	2	2	2	0	2	0	0	0	0	2	1	2	0	1	2	1	1	2	0	2	1	2	
0	2	0	0	2	1	0	0	0	0	2	0	0	0	0	0	1	2	0	0	2	0	0	1	2	0	1	2	
3	0	1	1	2	0	0	2	0	2	3	0	0	0	0	0	1	2	0	0	3	1	0	0	0	0	1	1	
0	2	1	0	2	3	0	0	0	0	2	3	3	0	0	0	1	2	0	0	2	1	0	2	0	0	0	2	
0	2	0	0	2	1	0	3	0	0	2	0	0	0	0	0	1	2	0	3	3	1	0	0	0	0	1	2	
0	0	0	0	2	1	1	3	0	0	2	0	0	0	0	0	2	2	0	0	0	1	0	2	0	0	2	2	
0	0	0	3	2	1	0	2	0	2	2	0	3	1	0	0	1	2	0	1	3	1	0	2	0	0	1	2	
0	2	1	0	2	1	0	0	0	0	2	0	0	0	0	0	2	2	0	0	2	3	0	2	0	0	1	1	
0	2	1	0	0	1	0	0	0	0	2	0	0	0	0	0	1	1	0	0	0	1	0	0	0	0	1	0	
0	2	2	0	2	1	0	2	1	1	2	0	0	2	2	0	2	1	0	0	2	0	0	1	0	0	2	2	
0	2	1	0	2	3	0	0	0	0	1	0	0	0	2	0	1	1	0	0	2	1	1	2	0	0	0	2	
0	1	1	0	2	1	0	2	0	0	2	0	3	0	0	0	2	2	0	0	2	1	0	2	0	0	2	2	
0	2	1	0	2	1	0	2	1	0	2	0	0	2	0	0	1	1	0	0	2	1	0	2	0	0	1	2	
1	2	2	0	1	1	0	3	0	2	3	0	0	1	2	0	0	2	0	0	1	3	0	2	0	0	1	2	
0	2	2	0	2	1	1	2	0	0	2	0	0	2	0	0	1	2	0	0	2	1	0	2	1	0	1	2	
0	1	1	0	2	1	0	2	0	0	3	0	0	0	0	2	2	2	0	0	2	1	0	0	0	0	2	0	
0	2	1	0	2	1	0	2	0	0	2	0	0	0	0	0	1	2	0	0	2	0	1	2	0	0	1	1	
0	0	1	0	2	0	0	2	0	0	2	0	3	0	0	2	1	2	0	0	0	1	0	1	1	0	1	2	
0	2	1	0	3	3	0	2	0	2	2	0	0	0	0	0	0	1	0	0	2	2	0	0	0	0	1	2	
1	1	1	0	2	3	0	0	1	0	2	0	0	2	0	0	1	2	0	0	2	1	0	2	1	0	2	2	
0	2	1	0	1	1	0	2	1	0	2	0	0	0	0	0	2	2	0	3	2	1	0	1	0	2	1	0	
0	2	1	0	2	1	0	3	0	0	2	0	0	0	1	0	1	1	0	0	2	1	0	0	0	0	1	2	
1	2	1	3	2	1	0	0	0	0	3	0	0	0	0	0	1	2	2	3	2	1	0	1	0	0	1	2	
0	0	0	0	3	1	1	2	0	0	2	0	3	0	0	0	1	2	0	3	2	3	1	2	0	0	1	2	
1	2	0	3	2	2	0	2	0	0	3	0	0	2	0	2	0	2	1	0	0	0	0	2	0	0	1	1	
0	2	1	0	2	1	0	3	1	2	2	0	0	0	0	0	1	2	0	0	0	1	0	1	0	0	1	2	
0	2	1	0	2	1	0	2	0	0	2	2	0	0	0	0	1	2	0	0	2	1	3	2	0	2	2	0	
0	2	0	0	2	0	0	2	0	0	2	0	0	0	0	0	1	2	0	0	2	1	0	2	0	2	0	2	
0	2	1	0	1	1	0	3	0	0	2	0	0	0	2	0	1	2	0	3	2	2	0	2	1	0	1	2	
--------------------

--------------------
Best Solution Found!
--------------------
Time: 0 hour(s), 4 minute(s), 8 second(s), 467 millisecond(s)

Fitness: 289135

3	1	2	3	0	1	0	2	0	0	2	0	0	0	0	0	1	2	0	0	2	1	0	0	0	0	1	2	
0	2	2	0	2	1	0	2	1	0	2	0	0	0	0	0	1	2	0	0	1	2	0	2	1	0	0	2	
0	0	0	0	2	2	1	2	0	0	2	0	0	1	0	0	1	1	0	0	2	2	0	2	0	0	1	0	
0	2	2	0	2	1	0	2	1	2	2	0	0	0	0	0	1	2	2	0	0	1	0	0	0	0	0	0	
0	2	1	0	2	0	0	0	0	0	2	0	0	0	0	0	2	2	0	3	0	1	0	2	0	0	1	1	
0	2	1	0	0	1	1	2	0	0	1	2	0	2	2	0	1	1	2	0	2	1	0	2	0	0	1	2	
0	2	1	0	2	1	0	2	0	0	2	0	0	2	0	0	1	1	0	0	0	1	0	1	0	0	1	1	
0	2	1	0	2	3	0	2	0	0	2	0	0	0	0	0	1	2	0	0	2	1	1	0	0	0	1	2	
0	1	1	0	2	1	0	2	0	0	2	0	0	2	0	0	2	2	0	3	2	1	0	2	0	0	2	2	
0	2	1	0	2	1	0	0	0	0	2	0	0	0	0	0	1	2	0	0	2	3	3	1	0	0	2	1	
0	2	0	0	2	0	0	0	0	1	3	0	3	0	0	0	1	2	0	3	2	1	1	0	0	0	2	2	
0	2	2	0	1	1	0	3	0	0	2	0	0	2	0	2	1	2	0	0	2	2	0	1	0	2	2	0	
0	1	1	0	3	3	1	3	0	0	2	0	0	0	2	0	1	2	0	0	2	3	0	0	1	0	0	2	
0	2	1	0	2	1	0	2	1	0	2	0	0	0	0	0	0	2	0	1	0	1	0	2	0	0	0	2	
0	2	1	3	2	1	0	2	0	0	2	0	0	2	0	2	1	0	0	0	2	1	1	2	0	0	1	2	
0	1	1	0	2	1	1	2	0	2	2	0	0	2	0	0	1	2	0	0	0	1	1	1	0	0	1	2	
0	2	1	0	2	1	0	2	1	0	2	0	3	2	2	0	1	2	0	0	2	2	0	2	2	0	1	1	
1	2	1	0	3	3	2	2	0	0	2	0	0	0	0	0	2	1	0	3	2	1	0	2	0	0	0	2	
0	0	1	0	2	1	0	2	1	0	2	0	0	0	2	2	1	2	0	0	0	0	0	2	1	0	2	2	
0	2	1	0	2	1	1	0	0	0	2	0	0	0	0	0	1	2	0	0	3	0	0	2	0	2	0	2	
0	2	1	0	0	1	0	2	0	0	3	0	1	1	0	0	2	2	0	0	2	1	0	2	0	0	1	2	
1	0	0	0	3	1	0	3	1	2	2	0	0	2	0	0	2	1	0	0	2	1	0	2	0	2	1	2	
0	0	1	3	2	0	0	2	1	2	2	0	3	0	0	0	2	2	2	0	2	1	0	2	0	0	0	2	
0	2	2	3	2	2	0	2	0	0	2	2	1	0	2	1	1	2	0	3	2	1	0	2	0	0	1	2	
3	2	1	0	0	1	1	3	0	0	2	0	0	0	0	0	1	1	0	0	0	1	1	0	0	0	1	1	
0	2	1	0	2	0	0	2	0	0	2	0	3	0	3	2	1	2	0	0	2	1	0	0	0	0	1	1	
0	2	2	0	2	0	0	0	0	0	2	0	0	0	2	0	1	2	2	0	2	1	1	2	0	2	1	1	
0	0	2	0	2	0	0	2	2	0	3	0	0	0	0	0	1	2	0	0	2	3	0	0	0	0	0	2	
0	2	1	0	2	0	0	2	2	0	2	0	0	0	2	2	1	1	0	1	2	1	0	2	0	0	1	2	
0	0	1	0	2	3	0	2	0	0	2	0	0	0	0	0	1	2	2	0	2	1	0	2	0	0	1	2	
0	1	1	0	2	1	0	2	0	2	2	0	0	0	0	0	1	2	0	0	0	0	0	2	0	0	2	0	
1	2	1	0	2	1	0	0	0	0	3	0	0	2	2	0	1	2	0	0	3	1	0	2	0	0	1	2	
1	2	2	0	2	1	0	0	0	2	3	0	0	0	0	0	1	1	0	0	1	1	0	2	0	0	1	2	
0	2	1	1	0	0	0	2	0	0	2	0	0	0	0	2	1	2	0	0	2	1	0	1	0	0	0	1	
1	2	1	0	3	1	0	0	0	0	2	0	0	0	0	0	2	1	0	0	2	1	0	2	0	0	1	2	
0	2	1	0	2	1	0	2	1	0	3	0	0	0	0	2	1	2	0	0	2	1	3	2	0	0	2	2	
0	1	0	0	2	1	1	2	0	0	2	0	0	0	0	0	1	2	0	0	2	1	0	2	0	0	2	2	
0	2	1	3	3	1	0	2	0	0	2	0	0	0	2	0	1	2	0	0	2	1	0	2	0	0	1	2	
0	2	2	0	2	1	0	0	0	0	2	0	0	0	0	0	1	2	0	0	2	1	0	1	0	0	1	2	
0	2	0	0	2	1	0	2	0	2	2	0	0	2	0	0	2	2	0	0	1	2	0	2	0	3	1	2	
0	2	0	0	2	1	2	2	0	0	2	0	0	2	0	0	1	1	0	3	1	3	0	2	0	0	1	2	
0	2	2	0	2	3	0	2	0	2	2	0	0	0	0	1	1	2	1	0	0	0	0	2	0	2	1	2	
0	0	1	0	3	3	0	3	0	0	2	0	0	0	0	0	1	2	0	0	2	1	1	2	0	0	1	2	
0	0	1	1	2	3	2	0	0	0	2	0	0	0	0	0	1	2	0	0	2	2	0	1	0	0	2	1	
0	0	0	0	2	0	0	3	0	1	2	0	0	0	3	0	1	2	1	0	2	1	0	0	0	0	0	1	
0	2	1	0	3	2	0	2	2	0	3	0	0	0	1	0	1	2	0	0	0	3	1	2	0	2	1	2	
0	0	1	0	1	1	0	2	1	0	3	0	0	0	0	0	1	2	0	0	2	0	0	0	0	0	1	2	
0	2	2	0	0	1	0	3	1	0	3	0	0	0	0	0	2	2	0	0	2	1	0	0	0	0	2	1	
0	2	1	0	2	1	0	2	0	0	2	0	0	0	0	0	0	2	1	0	3	1	0	2	0	0	1	0	
0	2	1	0	2	0	1	2	0	2	2	0	0	0	2	0	1	2	0	0	0	0	0	1	1	2	1	2	
0	1	1	0	2	1	0	3	0	0	2	0	0	0	0	0	1	2	0	0	2	1	0	1	0	3	1	2	
0	1	1	0	2	1	1	2	0	2	2	0	0	0	0	0	0	2	0	0	2	1	0	2	0	0	1	2	
0	2	1	3	2	0	0	0	0	1	2	0	3	0	0	0	1	2	0	0	2	0	0	2	0	0	1	2	
0	2	1	0	2	1	1	2	0	0	2	0	0	0	0	0	2	1	0	0	2	0	0	0	0	2	1	2	
0	1	1	0	1	1	0	2	0	0	2	0	0	0	0	0	1	2	0	3	3	1	0	2	0	2	1	2	
1	2	1	3	2	1	0	0	0	0	1	0	0	0	0	0	1	2	0	0	2	1	0	1	1	0	1	2	
0	2	1	0	2	1	0	2	1	0	2	3	3	0	0	0	1	2	0	0	0	1	1	2	1	0	1	2	
1	1	0	3	2	1	0	3	0	0	2	0	0	0	2	0	0	1	0	0	3	1	0	2	0	0	1	2	
1	2	1	0	2	1	0	3	0	0	3	0	0	1	2	0	2	2	0	0	2	1	1	2	0	2	1	2	
0	2	1	0	3	1	1	2	0	0	2	0	3	0	0	0	1	2	0	0	3	1	3	0	0	0	1	2	
--------------------

--------------------
Best Solution Found!
--------------------
Time: 0 hour(s), 4 minute(s), 8 second(s), 470 millisecond(s)

Fitness: 289135

3	1	2	3	0	1	0	2	0	0	2	0	0	0	0	0	1	2	0	0	2	1	0	0	0	0	1	2	
0	2	2	0	2	1	0	2	1	0	2	0	0	0	0	0	1	2	0	0	1	2	0	2	1	0	0	2	
0	0	0	0	2	2	1	2	0	0	2	0	0	1	0	0	1	1	0	0	2	2	0	2	0	0	1	0	
0	2	2	0	2	1	0	2	1	2	2	0	0	0	0	0	1	2	2	0	0	1	0	0	0	0	0	0	
0	2	1	0	2	0	0	0	0	0	2	0	0	0	0	0	2	2	0	3	0	1	0	2	0	0	1	1	
0	2	1	0	0	1	1	2	0	0	1	2	0	2	2	0	1	1	2	0	2	1	0	2	0	0	1	2	
0	2	1	0	2	1	0	2	0	0	2	0	0	2	0	0	1	1	0	0	0	1	0	1	0	0	1	1	
0	2	1	0	2	3	0	2	0	0	2	0	0	0	0	0	1	2	0	0	2	1	1	0	0	0	1	2	
0	1	1	0	2	1	0	2	0	0	2	0	0	2	0	0	2	2	0	3	2	1	0	2	0	0	2	2	
0	2	1	0	2	1	0	0	0	0	2	0	0	0	0	0	1	2	0	0	2	3	3	1	0	0	2	1	
0	2	0	0	2	0	0	0	0	1	3	0	3	0	0	0	1	2	0	3	2	1	1	0	0	0	2	2	
0	2	2	0	1	1	0	3	0	0	2	0	0	2	0	2	1	2	0	0	2	2	0	1	0	2	2	0	
0	1	1	0	3	3	1	3	0	0	2	0	0	0	2	0	1	2	0	0	2	3	0	0	1	0	0	2	
0	2	1	0	2	1	0	2	1	0	2	0	0	0	0	0	0	2	0	1	0	1	0	2	0	0	0	2	
0	2	1	3	2	1	0	2	0	0	2	0	0	2	0	2	1	0	0	0	2	1	1	2	0	0	1	2	
0	1	1	0	2	1	1	2	0	2	2	0	0	2	0	0	1	2	0	0	0	1	1	1	0	0	1	2	
0	2	1	0	2	1	0	2	1	0	2	0	3	2	2	0	1	2	0	0	2	2	0	2	2	0	1	1	
1	2	1	0	3	3	2	2	0	0	2	0	0	0	0	0	2	1	0	3	2	1	0	2	0	0	0	2	
0	0	1	0	2	1	0	2	1	0	2	0	0	0	2	2	1	2	0	0	0	0	0	2	1	0	2	2	
0	2	1	0	2	1	1	0	0	0	2	0	0	0	0	0	1	2	0	0	3	0	0	2	0	2	0	2	
0	2	1	0	0	1	0	2	0	0	3	0	1	1	0	0	2	2	0	0	2	1	0	2	0	0	1	2	
1	0	0	0	3	1	0	3	1	2	2	0	0	2	0	0	2	1	0	0	2	1	0	2	0	2	1	2	
0	0	1	3	2	0	0	2	1	2	2	0	3	0	0	0	2	2	2	0	2	1	0	2	0	0	0	2	
0	2	2	3	2	2	0	2	0	0	2	2	1	0	2	1	1	2	0	3	2	1	0	2	0	0	1	2	
3	2	1	0	0	1	1	3	0	0	2	0	0	0	0	0	1	1	0	0	0	1	1	0	0	0	1	1	
0	2	1	0	2	0	0	2	0	0	2	0	3	0	3	2	1	2	0	0	2	1	0	0	0	0	1	1	
0	2	2	0	2	0	0	0	0	0	2	0	0	0	2	0	1	2	2	0	2	1	1	2	0	2	1	1	
0	0	2	0	2	0	0	2	2	0	3	0	0	0	0	0	1	2	0	0	2	3	0	0	0	0	0	2	
0	2	1	0	2	0	0	2	2	0	2	0	0	0	2	2	1	1	0	1	2	1	0	2	0	0	1	2	
0	0	1	0	2	3	0	2	0	0	2	0	0	0	0	0	1	2	2	0	2	1	0	2	0	0	1	2	
0	1	1	0	2	1	0	2	0	2	2	0	0	0	0	0	1	2	0	0	0	0	0	2	0	0	2	0	
1	2	1	0	2	1	0	0	0	0	3	0	0	2	2	0	1	2	0	0	3	1	0	2	0	0	1	2	
1	2	2	0	2	1	0	0	0	2	3	0	0	0	0	0	1	1	0	0	1	1	0	2	0	0	1	2	
0	2	1	1	0	0	0	2	0	0	2	0	0	0	0	2	1	2	0	0	2	1	0	1	0	0	0	1	
1	2	1	0	3	1	0	0	0	0	2	0	0	0	0	0	2	1	0	0	2	1	0	2	0	0	1	2	
0	2	1	0	2	1	0	2	1	0	3	0	0	0	0	2	1	2	0	0	2	1	3	2	0	0	2	2	
0	1	0	0	2	1	1	2	0	0	2	0	0	0	0	0	1	2	0	0	2	1	0	2	0	0	2	2	
0	2	1	3	3	1	0	2	0	0	2	0	0	0	2	0	1	2	0	0	2	1	0	2	0	0	1	2	
0	2	2	0	2	1	0	0	0	0	2	0	0	0	0	0	1	2	0	0	2	1	0	1	0	0	1	2	
0	2	0	0	2	1	0	2	0	2	2	0	0	2	0	0	2	2	0	0	1	2	0	2	0	3	1	2	
0	2	0	0	2	1	2	2	0	0	2	0	0	2	0	0	1	1	0	3	1	3	0	2	0	0	1	2	
0	2	2	0	2	3	0	2	0	2	2	0	0	0	0	1	1	2	1	0	0	0	0	2	0	2	1	2	
0	0	1	0	3	3	0	3	0	0	2	0	0	0	0	0	1	2	0	0	2	1	1	2	0	0	1	2	
0	0	1	1	2	3	2	0	0	0	2	0	0	0	0	0	1	2	0	0	2	2	0	1	0	0	2	1	
0	0	0	0	2	0	0	3	0	1	2	0	0	0	3	0	1	2	1	0	2	1	0	0	0	0	0	1	
0	2	1	0	3	2	0	2	2	0	3	0	0	0	1	0	1	2	0	0	0	3	1	2	0	2	1	2	
0	0	1	0	1	1	0	2	1	0	3	0	0	0	0	0	1	2	0	0	2	0	0	0	0	0	1	2	
0	2	2	0	0	1	0	3	1	0	3	0	0	0	0	0	2	2	0	0	2	1	0	0	0	0	2	1	
0	2	1	0	2	1	0	2	0	0	2	0	0	0	0	0	0	2	1	0	3	1	0	2	0	0	1	0	
0	2	1	0	2	0	1	2	0	2	2	0	0	0	2	0	1	2	0	0	0	0	0	1	1	2	1	2	
0	1	1	0	2	1	0	3	0	0	2	0	0	0	0	0	1	2	0	0	2	1	0	1	0	3	1	2	
0	1	1	0	2	1	1	2	0	2	2	0	0	0	0	0	0	2	0	0	2	1	0	2	0	0	1	2	
0	2	1	3	2	0	0	0	0	1	2	0	3	0	0	0	1	2	0	0	2	0	0	2	0	0	1	2	
0	2	1	0	2	1	1	2	0	0	2	0	0	0	0	0	2	1	0	0	2	0	0	0	0	2	1	2	
0	1	1	0	1	1	0	2	0	0	2	0	0	0	0	0	1	2	0	3	3	1	0	2	0	2	1	2	
1	2	1	3	2	1	0	0	0	0	1	0	0	0	0	0	1	2	0	0	2	1	0	1	1	0	1	2	
0	2	1	0	2	1	0	2	1	0	2	3	3	0	0	0	1	2	0	0	0	1	1	2	1	0	1	2	
1	1	0	3	2	1	0	3	0	0	2	0	0	0	2	0	0	1	0	0	3	1	0	2	0	0	1	2	
1	2	1	0	2	1	0	3	0	0	3	0	0	1	2	0	2	2	0	0	2	1	1	2	0	2	1	2	
0	2	1	0	3	1	1	2	0	0	2	0	3	0	0	0	1	2	0	0	3	1	3	0	0	0	1	2	
--------------------

--------------------
Best Solution Found!
--------------------
Time: 0 hour(s), 7 minute(s), 33 second(s), 350 millisecond(s)

Fitness: 285089

1	2	0	0	0	1	0	0	0	0	2	0	0	0	0	0	1	2	0	0	0	1	0	0	0	0	1	1	
0	2	1	0	2	0	0	3	0	0	2	0	0	0	0	0	1	1	0	0	2	1	0	2	0	0	1	2	
0	2	1	0	2	1	0	3	1	0	2	0	0	0	0	0	1	2	0	0	0	1	0	2	0	0	1	2	
0	2	1	0	2	1	0	0	0	0	3	0	0	0	0	0	1	2	0	0	2	1	0	2	0	0	2	2	
0	2	1	0	0	1	0	0	0	2	2	0	0	2	0	2	1	2	0	0	0	1	1	2	0	0	1	2	
0	0	0	0	2	0	0	0	0	2	2	0	0	2	0	0	1	1	0	3	2	3	3	2	0	0	1	2	
0	0	1	0	2	0	0	0	0	0	3	0	0	0	2	0	1	2	0	0	1	1	0	2	0	0	1	1	
0	0	2	0	2	1	0	0	0	0	2	2	1	0	0	2	1	2	0	3	2	0	0	2	0	0	1	2	
0	2	1	0	1	0	0	3	0	0	3	0	0	2	0	0	1	0	0	0	2	1	0	0	0	0	0	2	
0	2	1	0	2	2	0	3	0	0	2	0	3	1	2	0	1	1	0	0	2	0	0	2	0	0	0	0	
0	2	1	0	3	1	0	3	0	0	2	0	3	0	2	0	2	1	0	0	3	1	0	2	0	0	2	1	
0	2	1	0	2	1	1	3	0	0	2	0	0	0	0	0	1	2	0	1	3	1	0	1	1	0	1	2	
3	2	1	3	2	1	0	2	2	0	2	0	0	0	0	0	1	1	0	0	2	1	0	0	0	0	2	2	
0	2	1	3	0	1	1	2	0	0	3	0	0	2	2	0	1	2	0	0	1	1	0	0	2	0	1	2	
0	1	1	0	2	1	0	2	0	0	2	3	0	0	0	0	2	2	2	0	2	2	0	2	0	0	2	2	
0	2	1	1	2	0	0	2	1	0	2	0	0	0	0	0	1	1	0	3	2	1	0	1	1	0	1	2	
0	2	1	0	2	1	0	2	0	0	2	0	0	1	0	0	1	1	0	3	2	2	0	1	1	0	1	0	
0	1	1	0	2	1	0	0	0	0	2	0	0	0	2	0	2	2	0	0	2	1	1	0	0	0	1	2	
0	2	1	0	2	1	0	0	0	1	2	0	3	0	2	0	1	2	0	0	0	1	0	2	0	0	0	0	
0	1	0	0	2	3	0	2	0	2	2	0	0	0	0	0	2	1	2	0	2	3	0	2	0	0	1	2	
1	1	1	0	3	1	0	2	0	0	3	0	3	2	0	0	1	2	2	0	2	0	0	2	0	2	1	2	
0	1	1	0	2	3	0	2	0	0	2	0	0	0	0	0	1	2	0	0	2	1	0	2	0	0	2	2	
0	2	0	0	2	1	1	2	0	0	2	0	0	0	2	0	1	2	0	0	0	0	0	2	1	0	1	2	
1	1	1	0	0	0	2	2	0	0	2	0	0	0	0	0	1	2	2	0	2	2	1	2	1	0	1	2	
0	1	1	3	3	1	0	0	0	0	2	0	0	0	0	0	1	2	0	0	1	1	0	2	0	0	1	1	
1	0	1	0	3	1	1	2	2	0	2	0	0	2	3	0	1	2	0	0	2	1	3	2	0	0	0	2	
0	2	2	0	2	1	0	2	0	0	2	0	0	0	0	0	1	2	1	0	3	1	0	0	0	2	1	2	
1	2	2	0	2	1	0	2	0	0	2	0	0	0	2	1	1	1	0	0	2	1	0	0	0	0	0	1	
0	2	2	0	2	1	1	2	0	0	2	0	0	0	0	0	1	1	0	3	3	0	1	2	0	0	1	2	
0	2	1	0	3	1	1	2	0	0	2	0	3	0	0	0	1	2	0	0	0	2	0	2	1	0	1	1	
0	2	0	0	1	1	0	2	0	0	2	0	0	0	0	0	1	2	2	0	0	1	1	1	0	0	1	2	
0	0	1	0	1	0	0	0	0	0	1	0	0	0	0	0	1	2	0	0	2	1	0	2	0	0	1	1	
0	2	2	0	2	0	2	2	0	2	2	0	0	0	0	0	0	2	1	0	2	1	0	2	0	0	0	0	
0	2	1	0	2	1	0	2	0	0	2	0	0	0	0	0	2	2	0	0	2	2	0	1	0	2	1	2	
0	2	1	3	3	3	1	0	0	0	3	0	0	0	0	2	2	2	0	0	2	1	0	2	0	0	0	2	
0	2	0	0	2	1	1	3	0	2	2	0	0	2	2	0	0	2	0	0	2	1	1	2	0	0	1	2	
0	2	1	0	2	2	0	2	1	0	2	0	0	0	0	2	1	2	0	0	2	3	0	2	0	2	1	2	
0	1	1	0	2	3	0	2	1	0	2	2	0	0	2	0	1	2	0	0	2	1	1	2	0	0	1	1	
0	2	1	0	2	1	0	2	0	0	2	0	0	2	0	0	1	2	0	0	2	0	1	2	0	0	1	2	
1	2	1	0	2	0	0	3	0	2	2	0	0	0	0	0	1	2	0	0	2	1	0	2	0	0	1	2	
0	2	2	3	0	0	0	2	0	0	3	0	1	2	0	0	2	1	0	0	2	1	0	1	0	3	1	2	
0	2	1	0	2	1	0	2	0	0	1	0	0	0	0	0	1	2	0	0	2	0	0	2	0	0	2	2	
0	2	2	0	3	1	0	2	1	2	2	0	0	0	0	1	1	2	0	0	1	1	0	1	0	0	2	1	
0	0	1	1	2	1	0	2	1	0	2	0	0	0	0	0	2	2	0	0	0	2	0	1	0	0	1	2	
0	2	1	0	2	1	0	2	1	0	2	0	0	0	0	0	1	2	0	0	2	1	0	0	0	2	2	2	
0	1	1	0	2	1	2	2	0	0	3	0	0	0	0	0	1	2	0	0	3	3	0	2	0	0	1	2	
0	2	1	0	2	3	0	2	1	0	2	0	0	0	0	0	1	2	0	0	2	1	3	0	0	0	2	2	
1	2	2	0	2	3	0	0	1	0	2	0	0	0	0	0	0	2	0	0	3	1	0	0	0	2	1	2	
0	2	1	0	2	1	0	2	0	1	2	0	0	0	0	0	2	2	0	0	0	1	0	2	0	0	0	2	
1	2	2	0	0	0	0	3	2	0	2	0	0	0	0	2	1	2	0	0	0	1	0	2	0	0	0	2	
0	0	0	0	3	1	0	2	0	1	2	0	0	1	0	0	0	2	0	0	0	1	0	0	0	0	1	2	
0	0	1	0	2	1	1	2	0	0	2	0	0	0	2	0	1	2	0	3	2	1	1	0	0	2	1	1	
0	0	2	3	2	1	0	2	1	0	2	0	0	0	1	0	1	2	0	0	2	1	0	2	0	0	1	2	
0	2	1	0	2	1	0	3	0	0	2	0	3	2	3	0	2	2	0	1	2	1	0	2	0	0	1	2	
0	2	1	0	2	3	1	2	0	2	2	0	0	0	0	0	1	2	0	0	2	3	0	2	0	3	1	2	
0	0	2	3	2	1	0	2	0	2	2	0	0	0	0	2	1	2	0	0	2	1	0	1	0	2	2	2	
0	2	1	0	2	1	1	2	0	0	3	0	0	0	0	0	1	2	0	0	0	1	0	2	0	2	1	0	
0	1	1	3	2	1	0	2	0	2	3	0	0	0	0	0	2	1	0	0	2	0	1	1	0	0	1	1	
0	2	1	0	2	1	0	2	0	0	2	0	0	0	0	2	1	2	1	3	2	1	0	2	0	0	0	2	
3	2	0	0	2	2	0	2	1	0	2	0	3	2	2	0	1	2	0	0	2	1	0	0	0	2	1	2	
--------------------

--------------------
Best Solution Found!
--------------------
Time: 0 hour(s), 7 minute(s), 33 second(s), 354 millisecond(s)

Fitness: 285089

1	2	0	0	0	1	0	0	0	0	2	0	0	0	0	0	1	2	0	0	0	1	0	0	0	0	1	1	
0	2	1	0	2	0	0	3	0	0	2	0	0	0	0	0	1	1	0	0	2	1	0	2	0	0	1	2	
0	2	1	0	2	1	0	3	1	0	2	0	0	0	0	0	1	2	0	0	0	1	0	2	0	0	1	2	
0	2	1	0	2	1	0	0	0	0	3	0	0	0	0	0	1	2	0	0	2	1	0	2	0	0	2	2	
0	2	1	0	0	1	0	0	0	2	2	0	0	2	0	2	1	2	0	0	0	1	1	2	0	0	1	2	
0	0	0	0	2	0	0	0	0	2	2	0	0	2	0	0	1	1	0	3	2	3	3	2	0	0	1	2	
0	0	1	0	2	0	0	0	0	0	3	0	0	0	2	0	1	2	0	0	1	1	0	2	0	0	1	1	
0	0	2	0	2	1	0	0	0	0	2	2	1	0	0	2	1	2	0	3	2	0	0	2	0	0	1	2	
0	2	1	0	1	0	0	3	0	0	3	0	0	2	0	0	1	0	0	0	2	1	0	0	0	0	0	2	
0	2	1	0	2	2	0	3	0	0	2	0	3	1	2	0	1	1	0	0	2	0	0	2	0	0	0	0	
0	2	1	0	3	1	0	3	0	0	2	0	3	0	2	0	2	1	0	0	3	1	0	2	0	0	2	1	
0	2	1	0	2	1	1	3	0	0	2	0	0	0	0	0	1	2	0	1	3	1	0	1	1	0	1	2	
3	2	1	3	2	1	0	2	2	0	2	0	0	0	0	0	1	1	0	0	2	1	0	0	0	0	2	2	
0	2	1	3	0	1	1	2	0	0	3	0	0	2	2	0	1	2	0	0	1	1	0	0	2	0	1	2	
0	1	1	0	2	1	0	2	0	0	2	3	0	0	0	0	2	2	2	0	2	2	0	2	0	0	2	2	
0	2	1	1	2	0	0	2	1	0	2	0	0	0	0	0	1	1	0	3	2	1	0	1	1	0	1	2	
0	2	1	0	2	1	0	2	0	0	2	0	0	1	0	0	1	1	0	3	2	2	0	1	1	0	1	0	
0	1	1	0	2	1	0	0	0	0	2	0	0	0	2	0	2	2	0	0	2	1	1	0	0	0	1	2	
0	2	1	0	2	1	0	0	0	1	2	0	3	0	2	0	1	2	0	0	0	1	0	2	0	0	0	0	
0	1	0	0	2	3	0	2	0	2	2	0	0	0	0	0	2	1	2	0	2	3	0	2	0	0	1	2	
1	1	1	0	3	1	0	2	0	0	3	0	3	2	0	0	1	2	2	0	2	0	0	2	0	2	1	2	
0	1	1	0	2	3	0	2	0	0	2	0	0	0	0	0	1	2	0	0	2	1	0	2	0	0	2	2	
0	2	0	0	2	1	1	2	0	0	2	0	0	0	2	0	1	2	0	0	0	0	0	2	1	0	1	2	
1	1	1	0	0	0	2	2	0	0	2	0	0	0	0	0	1	2	2	0	2	2	1	2	1	0	1	2	
0	1	1	3	3	1	0	0	0	0	2	0	0	0	0	0	1	2	0	0	1	1	0	2	0	0	1	1	
1	0	1	0	3	1	1	2	2	0	2	0	0	2	3	0	1	2	0	0	2	1	3	2	0	0	0	2	
0	2	2	0	2	1	0	2	0	0	2	0	0	0	0	0	1	2	1	0	3	1	0	0	0	2	1	2	
1	2	2	0	2	1	0	2	0	0	2	0	0	0	2	1	1	1	0	0	2	1	0	0	0	0	0	1	
0	2	2	0	2	1	1	2	0	0	2	0	0	0	0	0	1	1	0	3	3	0	1	2	0	0	1	2	
0	2	1	0	3	1	1	2	0	0	2	0	3	0	0	0	1	2	0	0	0	2	0	2	1	0	1	1	
0	2	0	0	1	1	0	2	0	0	2	0	0	0	0	0	1	2	2	0	0	1	1	1	0	0	1	2	
0	0	1	0	1	0	0	0	0	0	1	0	0	0	0	0	1	2	0	0	2	1	0	2	0	0	1	1	
0	2	2	0	2	0	2	2	0	2	2	0	0	0	0	0	0	2	1	0	2	1	0	2	0	0	0	0	
0	2	1	0	2	1	0	2	0	0	2	0	0	0	0	0	2	2	0	0	2	2	0	1	0	2	1	2	
0	2	1	3	3	3	1	0	0	0	3	0	0	0	0	2	2	2	0	0	2	1	0	2	0	0	0	2	
0	2	0	0	2	1	1	3	0	2	2	0	0	2	2	0	0	2	0	0	2	1	1	2	0	0	1	2	
0	2	1	0	2	2	0	2	1	0	2	0	0	0	0	2	1	2	0	0	2	3	0	2	0	2	1	2	
0	1	1	0	2	3	0	2	1	0	2	2	0	0	2	0	1	2	0	0	2	1	1	2	0	0	1	1	
0	2	1	0	2	1	0	2	0	0	2	0	0	2	0	0	1	2	0	0	2	0	1	2	0	0	1	2	
1	2	1	0	2	0	0	3	0	2	2	0	0	0	0	0	1	2	0	0	2	1	0	2	0	0	1	2	
0	2	2	3	0	0	0	2	0	0	3	0	1	2	0	0	2	1	0	0	2	1	0	1	0	3	1	2	
0	2	1	0	2	1	0	2	0	0	1	0	0	0	0	0	1	2	0	0	2	0	0	2	0	0	2	2	
0	2	2	0	3	1	0	2	1	2	2	0	0	0	0	1	1	2	0	0	1	1	0	1	0	0	2	1	
0	0	1	1	2	1	0	2	1	0	2	0	0	0	0	0	2	2	0	0	0	2	0	1	0	0	1	2	
0	2	1	0	2	1	0	2	1	0	2	0	0	0	0	0	1	2	0	0	2	1	0	0	0	2	2	2	
0	1	1	0	2	1	2	2	0	0	3	0	0	0	0	0	1	2	0	0	3	3	0	2	0	0	1	2	
0	2	1	0	2	3	0	2	1	0	2	0	0	0	0	0	1	2	0	0	2	1	3	0	0	0	2	2	
1	2	2	0	2	3	0	0	1	0	2	0	0	0	0	0	0	2	0	0	3	1	0	0	0	2	1	2	
0	2	1	0	2	1	0	2	0	1	2	0	0	0	0	0	2	2	0	0	0	1	0	2	0	0	0	2	
1	2	2	0	0	0	0	3	2	0	2	0	0	0	0	2	1	2	0	0	0	1	0	2	0	0	0	2	
0	0	0	0	3	1	0	2	0	1	2	0	0	1	0	0	0	2	0	0	0	1	0	0	0	0	1	2	
0	0	1	0	2	1	1	2	0	0	2	0	0	0	2	0	1	2	0	3	2	1	1	0	0	2	1	1	
0	0	2	3	2	1	0	2	1	0	2	0	0	0	1	0	1	2	0	0	2	1	0	2	0	0	1	2	
0	2	1	0	2	1	0	3	0	0	2	0	3	2	3	0	2	2	0	1	2	1	0	2	0	0	1	2	
0	2	1	0	2	3	1	2	0	2	2	0	0	0	0	0	1	2	0	0	2	3	0	2	0	3	1	2	
0	0	2	3	2	1	0	2	0	2	2	0	0	0	0	2	1	2	0	0	2	1	0	1	0	2	2	2	
0	2	1	0	2	1	1	2	0	0	3	0	0	0	0	0	1	2	0	0	0	1	0	2	0	2	1	0	
0	1	1	3	2	1	0	2	0	2	3	0	0	0	0	0	2	1	0	0	2	0	1	1	0	0	1	1	
0	2	1	0	2	1	0	2	0	0	2	0	0	0	0	2	1	2	1	3	2	1	0	2	0	0	0	2	
3	2	0	0	2	2	0	2	1	0	2	0	3	2	2	0	1	2	0	0	2	1	0	0	0	2	1	2	
--------------------


The best solution was found at the restart: 11, population: 0
Total Time Elapsed: 0 hour(s), 19 minute(s), 20 second(s), 191 millisecond(s)

