--------------------
Best Solution Found!
--------------------
Time: 0 hour(s), 0 minute(s), 0 second(s), 3 millisecond(s)

Fitness: 74229

0	0	0	0	0	0	0	
3	1	0	0	0	0	1	
0	0	0	2	0	0	0	
0	0	1	1	0	0	0	
1	0	1	0	0	0	0	
1	2	0	0	0	0	0	
0	0	0	0	0	0	1	
0	0	0	1	2	2	0	
3	0	2	0	0	2	0	
0	0	0	0	0	3	0	
0	0	0	0	0	0	0	
3	0	0	0	0	3	2	
0	0	0	0	0	3	0	
0	0	0	0	0	0	0	
0	1	0	0	0	0	0	
0	0	2	0	0	0	0	
0	0	0	0	3	0	0	
0	0	0	0	0	0	0	
0	0	0	2	0	0	0	
0	2	0	0	0	0	0	
0	0	0	1	0	0	0	
3	0	0	0	0	0	0	
0	0	0	0	0	0	1	
1	0	0	0	0	0	0	
0	1	0	1	0	1	0	
0	0	0	2	0	0	0	
0	0	0	1	0	0	0	
0	1	0	1	0	0	0	
0	0	1	1	0	0	0	
0	0	0	0	0	0	0	
1	0	0	0	0	3	0	
0	0	0	0	0	0	1	
1	0	0	0	0	1	3	
0	0	0	2	0	0	0	
0	2	0	0	0	0	0	
0	0	0	0	0	3	1	
0	2	0	2	2	0	0	
0	0	0	0	0	0	2	
3	0	0	0	0	0	0	
0	0	0	0	0	3	2	
1	0	1	0	0	0	0	
3	0	0	0	0	0	1	
0	0	0	0	0	0	1	
3	1	0	2	0	0	0	
0	1	0	0	0	0	0	
0	0	0	0	0	0	0	
0	0	0	0	0	0	0	
0	0	0	0	0	0	0	
0	0	0	0	0	0	1	
0	0	0	1	0	0	0	
3	1	0	0	0	0	0	
0	0	0	0	0	0	1	
3	0	0	0	0	0	1	
0	1	0	1	0	0	0	
0	0	0	0	0	0	0	
0	0	0	0	0	0	0	
0	0	0	0	0	0	3	
0	0	0	2	0	0	0	
0	0	2	0	0	0	0	
3	0	1	0	0	0	0	
0	2	0	0	0	0	0	
0	0	0	0	0	0	0	
0	2	0	0	0	0	0	
1	2	0	0	0	0	0	
0	1	0	2	0	3	0	
1	0	0	0	0	0	2	
0	1	0	0	0	0	1	
0	1	0	0	0	0	0	
0	1	0	0	0	0	0	
1	0	2	0	0	0	1	
0	0	2	0	0	0	0	
0	0	0	0	0	0	0	
1	0	0	0	0	0	0	
3	2	2	1	0	3	0	
0	2	0	1	0	0	0	
--------------------

--------------------
Best Solution Found!
--------------------
Time: 0 hour(s), 0 minute(s), 0 second(s), 14 millisecond(s)

Fitness: 74223

0	1	0	0	0	2	0	
3	1	1	1	0	0	1	
0	0	0	0	0	0	1	
0	1	0	0	0	2	0	
1	0	0	0	0	0	0	
1	0	0	0	0	3	0	
0	0	0	0	0	0	0	
0	0	0	0	2	1	0	
3	2	0	2	0	0	3	
0	2	0	0	0	0	2	
0	0	0	2	0	3	0	
3	0	0	0	0	0	0	
0	0	1	2	0	0	0	
0	0	0	0	0	0	1	
0	0	0	0	0	0	0	
0	2	0	0	0	0	0	
0	2	0	0	3	0	0	
0	0	0	0	0	0	1	
0	0	0	0	0	0	0	
0	0	0	0	0	0	0	
0	0	0	0	0	0	0	
3	1	1	0	0	3	0	
0	0	0	0	0	0	0	
1	1	0	0	0	0	1	
0	0	0	0	0	0	1	
0	0	0	0	0	3	0	
0	0	0	0	0	3	0	
0	0	0	0	0	0	0	
0	0	0	0	0	0	0	
0	0	0	0	0	0	0	
1	1	0	1	0	0	1	
0	0	0	2	0	0	0	
1	2	0	1	0	0	0	
0	0	0	0	0	0	0	
0	0	0	0	0	3	3	
0	1	0	1	0	0	0	
0	0	0	2	2	0	0	
0	0	0	0	0	0	0	
3	0	0	0	0	0	1	
0	0	2	0	0	0	0	
1	0	2	0	0	0	1	
3	0	0	1	0	0	2	
0	0	0	0	0	0	0	
3	0	0	0	0	0	0	
0	1	0	0	0	0	0	
0	0	0	1	0	0	0	
0	0	0	1	0	0	0	
0	0	0	0	0	0	0	
0	0	2	0	0	1	0	
0	2	0	0	0	0	0	
3	0	0	0	0	0	0	
0	0	0	2	0	0	1	
3	0	0	0	0	0	1	
0	0	0	0	0	0	0	
0	0	2	0	0	0	2	
0	2	0	0	0	0	0	
0	1	0	0	0	0	0	
0	0	0	0	0	0	1	
0	0	0	1	0	0	0	
3	2	1	2	0	0	0	
0	1	0	0	0	0	0	
0	1	0	0	0	0	0	
0	0	0	0	0	0	0	
1	1	0	1	0	0	2	
0	0	0	0	0	0	0	
1	0	0	1	0	0	0	
0	0	2	0	0	0	0	
0	0	0	0	0	3	0	
0	0	0	0	0	0	0	
1	0	0	0	0	0	0	
0	2	1	2	0	0	0	
0	0	0	0	0	3	0	
1	0	0	1	0	0	0	
3	0	0	0	0	0	0	
0	0	2	0	0	0	0	
--------------------

--------------------
Best Solution Found!
--------------------
Time: 0 hour(s), 0 minute(s), 0 second(s), 15 millisecond(s)

Fitness: 74223

0	1	0	0	0	2	0	
3	1	1	1	0	0	1	
0	0	0	0	0	0	1	
0	1	0	0	0	2	0	
1	0	0	0	0	0	0	
1	0	0	0	0	3	0	
0	0	0	0	0	0	0	
0	0	0	0	2	1	0	
3	2	0	2	0	0	3	
0	2	0	0	0	0	2	
0	0	0	2	0	3	0	
3	0	0	0	0	0	0	
0	0	1	2	0	0	0	
0	0	0	0	0	0	1	
0	0	0	0	0	0	0	
0	2	0	0	0	0	0	
0	2	0	0	3	0	0	
0	0	0	0	0	0	1	
0	0	0	0	0	0	0	
0	0	0	0	0	0	0	
0	0	0	0	0	0	0	
3	1	1	0	0	3	0	
0	0	0	0	0	0	0	
1	1	0	0	0	0	1	
0	0	0	0	0	0	1	
0	0	0	0	0	3	0	
0	0	0	0	0	3	0	
0	0	0	0	0	0	0	
0	0	0	0	0	0	0	
0	0	0	0	0	0	0	
1	1	0	1	0	0	1	
0	0	0	2	0	0	0	
1	2	0	1	0	0	0	
0	0	0	0	0	0	0	
0	0	0	0	0	3	3	
0	1	0	1	0	0	0	
0	0	0	2	2	0	0	
0	0	0	0	0	0	0	
3	0	0	0	0	0	1	
0	0	2	0	0	0	0	
1	0	2	0	0	0	1	
3	0	0	1	0	0	2	
0	0	0	0	0	0	0	
3	0	0	0	0	0	0	
0	1	0	0	0	0	0	
0	0	0	1	0	0	0	
0	0	0	1	0	0	0	
0	0	0	0	0	0	0	
0	0	2	0	0	1	0	
0	2	0	0	0	0	0	
3	0	0	0	0	0	0	
0	0	0	2	0	0	1	
3	0	0	0	0	0	1	
0	0	0	0	0	0	0	
0	0	2	0	0	0	2	
0	2	0	0	0	0	0	
0	1	0	0	0	0	0	
0	0	0	0	0	0	1	
0	0	0	1	0	0	0	
3	2	1	2	0	0	0	
0	1	0	0	0	0	0	
0	1	0	0	0	0	0	
0	0	0	0	0	0	0	
1	1	0	1	0	0	2	
0	0	0	0	0	0	0	
1	0	0	1	0	0	0	
0	0	2	0	0	0	0	
0	0	0	0	0	3	0	
0	0	0	0	0	0	0	
1	0	0	0	0	0	0	
0	2	1	2	0	0	0	
0	0	0	0	0	3	0	
1	0	0	1	0	0	0	
3	0	0	0	0	0	0	
0	0	2	0	0	0	0	
--------------------

--------------------
Best Solution Found!
--------------------
Time: 0 hour(s), 0 minute(s), 0 second(s), 17 millisecond(s)

Fitness: 74220

0	0	0	0	0	0	0	
3	1	1	0	0	3	1	
0	0	0	0	0	0	1	
0	0	0	0	0	0	0	
1	0	0	1	2	0	0	
1	0	0	1	0	0	0	
0	1	0	0	0	0	0	
0	1	0	1	0	0	0	
3	0	0	2	0	0	3	
0	2	0	0	0	0	2	
0	0	0	0	0	2	0	
3	1	0	0	0	0	0	
0	0	1	0	0	3	0	
0	0	0	0	0	0	1	
0	1	0	0	0	0	0	
0	0	0	0	0	3	0	
0	0	0	0	0	0	0	
0	0	0	0	0	0	1	
0	0	0	0	0	0	0	
0	0	0	2	0	0	0	
0	0	0	2	0	0	0	
3	1	1	0	0	0	0	
0	2	0	1	0	0	0	
1	1	0	0	2	0	1	
0	0	0	0	0	0	1	
0	2	0	0	0	0	0	
0	2	0	1	0	0	0	
0	0	0	0	0	0	0	
0	0	0	1	0	3	0	
0	0	0	0	3	0	0	
1	0	0	0	0	0	1	
0	0	0	1	0	0	0	
1	1	0	0	0	0	0	
0	0	0	0	0	0	0	
0	0	0	0	0	0	3	
0	0	0	2	0	0	0	
0	0	0	0	0	0	0	
0	0	0	2	0	0	0	
3	2	0	0	0	3	1	
0	0	2	0	0	0	0	
1	0	2	0	0	0	1	
3	0	0	0	0	0	2	
0	0	0	0	0	0	0	
3	0	0	0	0	0	0	
0	0	0	0	0	0	0	
0	0	0	0	0	3	0	
0	0	0	2	0	0	0	
0	0	0	0	0	0	0	
0	0	2	0	0	0	0	
0	0	0	0	0	0	0	
3	0	0	0	0	0	0	
0	0	0	0	0	0	1	
3	2	0	0	0	0	1	
0	1	0	0	0	1	0	
0	0	2	0	0	0	2	
0	2	0	0	0	1	0	
0	0	0	0	0	0	0	
0	0	0	0	0	0	1	
0	1	0	0	0	0	0	
3	0	1	0	0	0	0	
0	0	0	1	0	0	0	
0	0	0	0	0	0	0	
0	0	0	2	0	0	0	
1	2	0	0	0	0	2	
0	0	0	0	0	0	0	
1	2	0	1	0	0	0	
0	0	2	1	0	0	0	
0	0	0	0	0	2	0	
0	0	0	1	0	0	0	
1	0	0	0	0	3	0	
0	1	1	2	0	0	0	
0	1	0	0	0	0	0	
1	0	0	0	0	0	0	
3	0	0	0	0	3	0	
0	0	2	0	0	0	0	
--------------------

--------------------
Best Solution Found!
--------------------
Time: 0 hour(s), 0 minute(s), 0 second(s), 20 millisecond(s)

Fitness: 74214

0	0	0	0	0	0	0	
3	1	1	1	0	3	1	
0	0	0	0	0	0	1	
0	0	0	0	0	0	0	
1	0	0	0	2	0	0	
1	0	0	0	0	0	0	
0	1	0	0	0	0	0	
0	1	0	0	0	0	0	
3	0	0	0	0	0	3	
0	2	0	2	0	0	2	
0	0	0	0	0	2	0	
3	1	0	2	0	0	0	
0	0	1	2	0	3	0	
0	0	0	0	0	0	1	
0	1	0	0	0	0	0	
0	0	0	0	0	3	0	
0	0	0	0	0	0	0	
0	0	0	0	0	0	1	
0	0	0	0	0	0	0	
0	0	0	0	0	0	0	
0	0	0	2	0	0	0	
3	1	1	0	0	0	0	
0	2	0	1	0	0	0	
1	1	0	2	2	0	1	
0	0	0	0	0	0	1	
0	2	0	0	0	0	0	
0	2	0	0	0	0	0	
0	0	0	0	0	0	0	
0	0	0	2	0	3	0	
0	0	0	0	3	0	0	
1	0	0	0	0	0	1	
0	0	0	0	0	0	0	
1	1	0	0	0	0	0	
0	0	0	0	0	0	0	
0	0	0	0	0	0	3	
0	0	0	0	0	0	0	
0	0	0	1	0	0	0	
0	0	0	0	0	0	0	
3	2	0	0	0	3	1	
0	0	2	0	0	0	0	
1	0	2	1	0	0	1	
3	0	0	0	0	0	2	
0	0	0	0	0	0	0	
3	0	0	0	0	0	0	
0	0	0	0	0	0	0	
0	0	0	0	0	3	0	
0	0	0	0	0	0	0	
0	0	0	0	0	0	0	
0	0	2	0	0	0	0	
0	0	0	0	0	0	0	
3	0	0	0	0	0	0	
0	0	0	1	0	0	1	
3	2	0	0	0	0	1	
0	1	0	1	0	1	0	
0	0	2	2	0	0	2	
0	2	0	0	0	1	0	
0	0	0	0	0	0	0	
0	0	0	0	0	0	1	
0	1	0	0	0	0	0	
3	0	1	0	0	0	0	
0	0	0	0	0	0	0	
0	0	0	0	0	0	0	
0	0	0	0	0	0	0	
1	2	0	1	0	0	2	
0	0	0	0	0	0	0	
1	2	0	1	0	0	0	
0	0	2	0	0	0	0	
0	0	0	1	0	2	0	
0	0	0	0	0	0	0	
1	0	0	0	0	3	0	
0	1	1	0	0	0	0	
0	1	0	0	0	0	0	
1	0	0	1	0	0	0	
3	0	0	2	0	3	0	
0	0	2	1	0	0	0	
--------------------

--------------------
Best Solution Found!
--------------------
Time: 0 hour(s), 0 minute(s), 0 second(s), 50 millisecond(s)

Fitness: 73248

0	0	2	0	0	0	1	
0	0	0	0	0	0	0	
0	0	0	0	0	0	1	
1	2	0	0	0	0	1	
0	0	0	0	0	0	2	
0	2	0	0	0	0	3	
0	0	0	1	0	0	1	
0	1	0	1	0	1	0	
0	0	0	2	0	0	1	
0	0	0	0	0	3	1	
0	0	0	0	0	2	0	
1	0	0	0	0	2	0	
0	0	0	0	0	0	0	
0	1	0	2	0	0	0	
0	0	0	0	0	0	0	
0	0	0	2	0	0	0	
0	0	0	0	0	0	0	
0	0	0	0	2	0	0	
1	0	2	0	0	0	0	
0	0	0	0	0	0	0	
0	0	0	0	0	0	0	
0	0	1	0	0	0	0	
0	0	1	1	0	0	0	
0	1	2	0	0	0	0	
0	0	0	0	0	0	0	
0	0	0	2	0	0	0	
0	0	0	0	0	0	2	
0	0	0	0	0	3	0	
0	1	1	2	0	0	1	
0	0	0	2	0	0	0	
0	0	0	0	0	0	0	
0	0	0	0	0	0	0	
0	0	0	0	0	0	0	
0	0	0	1	0	0	0	
0	0	0	0	0	3	0	
0	1	0	0	0	0	0	
1	2	0	0	0	3	0	
0	0	0	0	0	0	0	
0	1	0	0	0	0	0	
0	1	0	0	0	0	0	
0	0	0	2	0	0	1	
1	0	0	0	0	0	0	
1	0	2	0	0	3	0	
0	0	0	0	0	0	1	
3	1	2	0	0	1	1	
0	2	0	1	0	0	0	
3	0	0	0	0	0	0	
3	2	0	1	0	0	0	
0	0	0	0	0	0	0	
0	2	0	1	0	0	0	
0	1	2	0	0	0	2	
0	0	0	1	0	0	0	
1	0	0	2	0	0	0	
0	0	0	0	0	3	0	
0	0	0	0	0	0	0	
0	0	0	0	0	0	0	
0	0	0	0	0	0	0	
1	0	0	0	0	0	0	
0	1	0	0	0	0	0	
0	0	0	0	0	0	0	
3	2	0	0	0	0	2	
0	0	0	0	0	0	1	
0	0	0	0	0	0	0	
0	0	0	1	2	0	0	
3	2	0	0	0	0	0	
1	0	0	0	0	0	0	
3	0	0	0	0	0	0	
0	0	1	0	0	0	0	
3	0	0	0	0	3	0	
3	0	0	0	0	0	0	
0	0	0	0	0	0	3	
3	1	1	0	0	3	0	
3	1	0	1	3	0	1	
3	2	0	0	0	0	0	
1	0	0	1	0	0	0	
--------------------

--------------------
Best Solution Found!
--------------------
Time: 0 hour(s), 0 minute(s), 0 second(s), 97 millisecond(s)

Fitness: 73232

1	0	0	0	0	0	0	
0	0	0	0	0	0	0	
0	0	0	0	0	0	1	
0	0	0	0	0	1	0	
0	2	1	0	0	0	0	
3	0	0	1	0	0	0	
0	0	2	1	3	3	2	
1	0	0	0	0	0	0	
0	0	0	0	0	0	0	
0	0	0	0	0	0	0	
0	0	1	0	0	0	0	
0	0	0	1	0	0	0	
0	0	0	0	0	1	0	
0	0	0	0	0	0	0	
1	0	0	0	0	0	2	
0	0	0	0	0	0	0	
1	1	0	2	0	0	0	
0	2	0	0	0	2	0	
0	1	0	0	0	3	1	
0	1	0	0	0	0	0	
0	0	0	0	0	3	0	
0	0	0	0	0	0	0	
0	0	0	0	0	0	0	
1	0	0	0	0	2	0	
0	0	0	0	0	0	0	
0	1	0	2	0	0	0	
0	0	0	2	0	0	1	
0	0	0	0	0	0	1	
0	0	0	0	0	3	0	
0	1	0	1	0	0	0	
1	1	0	1	0	0	0	
3	0	0	0	0	0	0	
0	0	0	0	0	0	0	
0	0	0	1	0	0	1	
0	1	0	0	0	0	3	
3	2	0	2	0	0	0	
0	0	0	0	0	0	0	
3	0	0	0	0	0	0	
0	0	0	0	0	0	0	
0	0	0	0	0	0	0	
0	0	0	0	0	3	0	
0	0	0	0	0	0	0	
0	0	0	0	0	0	0	
0	0	1	0	0	0	0	
3	0	0	0	0	0	0	
0	1	1	0	0	0	0	
0	0	2	0	0	0	0	
0	2	0	0	0	0	0	
0	0	0	2	0	3	0	
1	0	0	1	0	0	1	
3	0	0	0	2	0	0	
3	0	0	0	0	0	0	
0	0	0	1	0	0	1	
3	0	0	0	0	0	0	
1	0	2	0	0	3	0	
0	0	0	1	0	3	0	
0	0	1	0	0	0	0	
3	1	0	2	0	0	0	
0	2	0	0	0	0	2	
0	2	0	2	0	0	3	
3	1	0	0	0	0	0	
0	0	0	0	0	0	0	
0	0	2	0	0	0	2	
0	2	2	0	0	0	0	
0	2	0	0	0	0	0	
1	1	0	1	2	0	1	
0	0	0	0	0	0	0	
3	0	0	0	0	0	0	
0	1	0	0	0	0	0	
0	0	0	2	0	0	1	
0	0	0	0	0	0	0	
0	0	2	0	0	0	1	
1	0	0	0	0	0	1	
0	0	0	0	0	0	0	
0	2	0	1	0	0	1	
--------------------

--------------------
Best Solution Found!
--------------------
Time: 0 hour(s), 0 minute(s), 0 second(s), 100 millisecond(s)

Fitness: 73226

1	0	0	0	0	0	3	
0	0	0	0	0	0	0	
0	0	0	0	0	0	1	
0	0	0	0	0	0	0	
0	2	1	0	0	3	0	
3	0	0	1	0	0	0	
0	0	2	1	2	3	2	
1	0	0	0	0	0	1	
0	0	0	0	0	0	1	
0	0	0	0	0	0	1	
0	0	1	0	0	0	0	
0	0	0	1	0	0	0	
0	0	0	0	0	3	0	
0	0	0	0	0	0	1	
1	0	0	0	0	3	0	
0	0	0	0	0	0	0	
1	1	0	2	0	0	0	
0	2	0	0	0	0	0	
0	1	0	0	0	0	0	
0	1	0	0	0	0	0	
0	0	0	0	0	0	0	
0	0	0	0	0	0	0	
0	0	0	0	0	0	3	
1	0	0	0	0	0	0	
0	0	0	0	0	0	0	
0	1	0	2	0	0	2	
0	0	0	2	0	0	0	
0	0	0	0	0	0	0	
0	0	0	0	0	0	2	
0	1	0	1	0	0	1	
1	1	0	1	0	0	0	
3	0	0	0	0	0	0	
0	0	0	0	0	0	0	
0	0	0	1	0	3	0	
0	1	0	0	0	0	0	
3	2	0	2	0	0	0	
0	0	0	0	0	0	0	
3	0	0	0	0	0	0	
0	0	0	0	0	0	1	
0	0	0	0	0	0	1	
0	0	0	0	0	0	0	
0	0	0	0	0	0	0	
0	0	0	0	0	0	0	
0	0	1	0	0	3	0	
3	0	0	0	0	0	0	
0	1	1	0	0	0	0	
0	0	2	0	0	0	0	
0	2	0	0	0	1	0	
0	0	0	2	0	0	0	
1	0	0	1	0	0	0	
3	0	0	0	0	0	0	
3	0	0	0	0	0	0	
0	0	0	1	0	0	0	
3	0	0	0	0	2	0	
1	0	2	0	0	0	0	
0	0	0	1	0	0	0	
0	0	1	0	0	0	0	
3	1	0	2	0	0	0	
0	2	0	0	0	0	0	
0	2	0	2	0	3	0	
3	1	0	0	0	0	0	
0	0	0	0	2	0	0	
0	0	2	0	0	0	0	
0	2	2	0	0	0	0	
0	2	0	0	0	0	1	
1	1	0	1	0	1	1	
0	0	0	0	0	0	1	
3	0	0	0	0	0	2	
0	1	0	0	3	3	0	
0	0	0	2	0	0	0	
0	0	0	0	0	0	0	
0	0	2	0	0	0	0	
1	0	0	0	0	0	0	
0	0	0	0	0	0	1	
0	2	0	1	0	2	0	
--------------------

--------------------
Best Solution Found!
--------------------
Time: 0 hour(s), 0 minute(s), 0 second(s), 101 millisecond(s)

Fitness: 73226

1	0	0	0	0	0	3	
0	0	0	0	0	0	0	
0	0	0	0	0	0	1	
0	0	0	0	0	0	0	
0	2	1	0	0	3	0	
3	0	0	1	0	0	0	
0	0	2	1	2	3	2	
1	0	0	0	0	0	1	
0	0	0	0	0	0	1	
0	0	0	0	0	0	1	
0	0	1	0	0	0	0	
0	0	0	1	0	0	0	
0	0	0	0	0	3	0	
0	0	0	0	0	0	1	
1	0	0	0	0	3	0	
0	0	0	0	0	0	0	
1	1	0	2	0	0	0	
0	2	0	0	0	0	0	
0	1	0	0	0	0	0	
0	1	0	0	0	0	0	
0	0	0	0	0	0	0	
0	0	0	0	0	0	0	
0	0	0	0	0	0	3	
1	0	0	0	0	0	0	
0	0	0	0	0	0	0	
0	1	0	2	0	0	2	
0	0	0	2	0	0	0	
0	0	0	0	0	0	0	
0	0	0	0	0	0	2	
0	1	0	1	0	0	1	
1	1	0	1	0	0	0	
3	0	0	0	0	0	0	
0	0	0	0	0	0	0	
0	0	0	1	0	3	0	
0	1	0	0	0	0	0	
3	2	0	2	0	0	0	
0	0	0	0	0	0	0	
3	0	0	0	0	0	0	
0	0	0	0	0	0	1	
0	0	0	0	0	0	1	
0	0	0	0	0	0	0	
0	0	0	0	0	0	0	
0	0	0	0	0	0	0	
0	0	1	0	0	3	0	
3	0	0	0	0	0	0	
0	1	1	0	0	0	0	
0	0	2	0	0	0	0	
0	2	0	0	0	1	0	
0	0	0	2	0	0	0	
1	0	0	1	0	0	0	
3	0	0	0	0	0	0	
3	0	0	0	0	0	0	
0	0	0	1	0	0	0	
3	0	0	0	0	2	0	
1	0	2	0	0	0	0	
0	0	0	1	0	0	0	
0	0	1	0	0	0	0	
3	1	0	2	0	0	0	
0	2	0	0	0	0	0	
0	2	0	2	0	3	0	
3	1	0	0	0	0	0	
0	0	0	0	2	0	0	
0	0	2	0	0	0	0	
0	2	2	0	0	0	0	
0	2	0	0	0	0	1	
1	1	0	1	0	1	1	
0	0	0	0	0	0	1	
3	0	0	0	0	0	2	
0	1	0	0	3	3	0	
0	0	0	2	0	0	0	
0	0	0	0	0	0	0	
0	0	2	0	0	0	0	
1	0	0	0	0	0	0	
0	0	0	0	0	0	1	
0	2	0	1	0	2	0	
--------------------

--------------------
Best Solution Found!
--------------------
Time: 0 hour(s), 0 minute(s), 0 second(s), 120 millisecond(s)

Fitness: 73226

0	1	0	0	0	0	0	
0	0	0	0	0	1	0	
1	2	0	0	0	0	0	
0	1	0	1	0	0	0	
3	0	0	2	0	0	0	
0	0	0	0	0	0	0	
0	1	0	2	0	3	1	
3	0	0	0	0	0	0	
1	0	0	0	0	0	0	
0	0	0	0	0	0	0	
0	2	0	0	0	0	0	
3	0	0	0	0	0	0	
3	0	1	0	0	0	1	
3	0	0	0	0	0	0	
0	0	0	1	0	0	1	
1	0	0	0	0	0	0	
1	0	1	2	0	0	0	
0	0	0	0	0	0	0	
0	2	0	0	0	0	2	
0	0	0	0	0	0	0	
3	0	0	0	0	0	0	
0	0	0	0	0	0	0	
1	0	0	1	3	0	1	
0	0	0	0	0	3	0	
0	0	0	0	0	0	2	
0	0	0	0	0	0	0	
0	0	2	0	0	3	0	
0	1	0	2	0	0	1	
0	0	0	0	0	0	2	
0	2	0	0	0	0	0	
1	2	2	1	0	0	1	
0	0	0	1	0	3	1	
0	0	0	2	0	0	0	
0	0	0	0	0	0	0	
3	0	0	1	0	0	0	
3	0	0	0	0	0	3	
0	0	0	0	0	0	0	
0	0	0	0	0	0	0	
0	0	0	0	0	0	1	
0	1	2	0	0	0	0	
1	1	0	1	0	2	3	
0	0	2	0	0	0	0	
3	0	0	0	0	1	0	
0	0	2	0	0	2	2	
1	0	1	0	0	0	0	
0	2	1	0	2	0	0	
0	0	0	0	0	0	0	
0	2	0	0	0	3	0	
0	0	0	1	0	0	0	
0	0	0	2	0	3	1	
0	1	0	0	0	0	0	
0	1	0	0	0	0	0	
0	0	0	0	0	3	0	
0	0	2	0	0	0	0	
0	0	0	0	0	0	0	
0	1	0	0	2	0	1	
1	0	0	0	0	0	0	
0	0	0	0	0	0	0	
0	0	0	0	0	0	0	
0	0	0	1	0	0	0	
0	0	0	0	0	0	0	
0	0	0	2	0	0	0	
0	0	0	0	0	0	0	
0	0	0	2	0	0	0	
0	1	0	0	0	0	0	
0	1	0	0	0	0	0	
1	0	0	0	0	0	0	
0	1	0	0	0	0	1	
3	2	1	0	0	3	0	
0	0	0	0	0	0	0	
0	0	0	1	0	0	0	
0	0	0	1	0	0	0	
0	0	0	0	0	0	0	
0	0	0	0	0	0	0	
3	2	0	0	0	0	1	
--------------------

--------------------
Best Solution Found!
--------------------
Time: 0 hour(s), 0 minute(s), 0 second(s), 123 millisecond(s)

Fitness: 73226

0	1	0	0	0	0	0	
0	0	0	0	0	1	0	
1	2	0	0	0	0	0	
0	1	0	1	0	0	0	
3	0	0	2	0	0	0	
0	0	0	0	0	0	0	
0	1	0	2	0	3	1	
3	0	0	0	0	0	0	
1	0	0	0	0	0	0	
0	0	0	0	0	0	0	
0	2	0	0	0	0	0	
3	0	0	0	0	0	0	
3	0	1	0	0	0	1	
3	0	0	0	0	0	0	
0	0	0	1	0	0	1	
1	0	0	0	0	0	0	
1	0	1	2	0	0	0	
0	0	0	0	0	0	0	
0	2	0	0	0	0	2	
0	0	0	0	0	0	0	
3	0	0	0	0	0	0	
0	0	0	0	0	0	0	
1	0	0	1	3	0	1	
0	0	0	0	0	3	0	
0	0	0	0	0	0	2	
0	0	0	0	0	0	0	
0	0	2	0	0	3	0	
0	1	0	2	0	0	1	
0	0	0	0	0	0	2	
0	2	0	0	0	0	0	
1	2	2	1	0	0	1	
0	0	0	1	0	3	1	
0	0	0	2	0	0	0	
0	0	0	0	0	0	0	
3	0	0	1	0	0	0	
3	0	0	0	0	0	3	
0	0	0	0	0	0	0	
0	0	0	0	0	0	0	
0	0	0	0	0	0	1	
0	1	2	0	0	0	0	
1	1	0	1	0	2	3	
0	0	2	0	0	0	0	
3	0	0	0	0	1	0	
0	0	2	0	0	2	2	
1	0	1	0	0	0	0	
0	2	1	0	2	0	0	
0	0	0	0	0	0	0	
0	2	0	0	0	3	0	
0	0	0	1	0	0	0	
0	0	0	2	0	3	1	
0	1	0	0	0	0	0	
0	1	0	0	0	0	0	
0	0	0	0	0	3	0	
0	0	2	0	0	0	0	
0	0	0	0	0	0	0	
0	1	0	0	2	0	1	
1	0	0	0	0	0	0	
0	0	0	0	0	0	0	
0	0	0	0	0	0	0	
0	0	0	1	0	0	0	
0	0	0	0	0	0	0	
0	0	0	2	0	0	0	
0	0	0	0	0	0	0	
0	0	0	2	0	0	0	
0	1	0	0	0	0	0	
0	1	0	0	0	0	0	
1	0	0	0	0	0	0	
0	1	0	0	0	0	1	
3	2	1	0	0	3	0	
0	0	0	0	0	0	0	
0	0	0	1	0	0	0	
0	0	0	1	0	0	0	
0	0	0	0	0	0	0	
0	0	0	0	0	0	0	
3	2	0	0	0	0	1	
--------------------

--------------------
Best Solution Found!
--------------------
Time: 0 hour(s), 0 minute(s), 0 second(s), 140 millisecond(s)

Fitness: 73226

1	0	0	0	0	0	0	
0	0	0	0	0	0	1	
1	0	0	0	0	0	0	
0	1	0	0	0	0	0	
0	0	0	0	0	0	0	
0	0	0	0	0	0	0	
0	2	0	0	3	0	2	
0	0	0	0	0	0	0	
0	0	0	0	0	0	0	
0	0	0	0	0	1	0	
0	0	0	0	0	0	0	
3	0	2	1	0	0	2	
0	0	0	0	0	0	0	
0	0	0	0	0	3	2	
3	0	0	0	0	0	0	
0	0	2	0	0	3	0	
0	1	0	1	0	0	1	
1	0	0	0	0	0	0	
3	1	0	0	0	0	0	
0	2	1	1	0	0	0	
0	2	0	2	0	0	0	
0	0	0	0	0	0	0	
0	0	2	0	0	0	0	
1	0	0	0	0	3	0	
0	0	0	0	0	0	0	
0	0	0	2	0	0	0	
0	0	0	1	0	0	1	
3	1	0	0	0	0	1	
3	2	0	0	0	0	1	
0	0	0	0	0	0	0	
0	1	1	1	0	0	0	
0	0	2	0	0	3	0	
0	0	0	0	0	0	0	
1	0	0	0	0	3	0	
3	0	0	1	0	0	1	
0	1	0	0	0	0	0	
0	0	0	1	0	3	0	
3	0	1	1	0	3	1	
0	1	0	0	0	0	0	
3	0	0	0	0	0	0	
0	0	0	0	0	0	0	
1	0	0	0	0	0	0	
0	0	0	0	0	0	3	
0	2	1	0	0	0	0	
0	1	0	0	0	0	1	
1	2	0	0	0	0	0	
0	0	0	0	0	0	0	
0	0	0	0	0	0	1	
0	1	0	1	0	0	0	
0	0	0	1	0	0	0	
0	0	0	2	2	0	0	
0	0	0	0	0	0	1	
0	0	2	1	0	3	1	
3	0	0	0	0	0	0	
0	0	1	2	0	0	0	
0	0	0	0	0	1	0	
0	2	0	0	0	0	0	
3	0	0	0	0	0	0	
0	0	0	0	0	0	0	
1	1	0	2	0	2	1	
0	2	0	0	0	0	0	
0	0	0	0	0	0	0	
0	0	0	0	0	0	0	
0	1	0	0	0	0	0	
1	0	0	0	0	0	0	
0	0	2	2	2	0	0	
0	0	0	0	0	0	0	
1	0	0	2	0	0	0	
0	0	0	0	0	0	0	
0	0	0	0	0	0	3	
0	1	0	0	0	0	2	
0	0	0	0	0	0	0	
0	2	0	2	0	2	0	
0	0	0	0	0	0	0	
3	0	0	0	0	0	0	
--------------------

--------------------
Best Solution Found!
--------------------
Time: 0 hour(s), 0 minute(s), 0 second(s), 141 millisecond(s)

Fitness: 73226

1	0	0	0	0	0	0	
0	0	0	0	0	0	1	
1	0	0	0	0	0	0	
0	1	0	0	0	0	0	
0	0	0	0	0	0	0	
0	0	0	0	0	0	0	
0	2	0	0	3	0	2	
0	0	0	0	0	0	0	
0	0	0	0	0	0	0	
0	0	0	0	0	1	0	
0	0	0	0	0	0	0	
3	0	2	1	0	0	2	
0	0	0	0	0	0	0	
0	0	0	0	0	3	2	
3	0	0	0	0	0	0	
0	0	2	0	0	3	0	
0	1	0	1	0	0	1	
1	0	0	0	0	0	0	
3	1	0	0	0	0	0	
0	2	1	1	0	0	0	
0	2	0	2	0	0	0	
0	0	0	0	0	0	0	
0	0	2	0	0	0	0	
1	0	0	0	0	3	0	
0	0	0	0	0	0	0	
0	0	0	2	0	0	0	
0	0	0	1	0	0	1	
3	1	0	0	0	0	1	
3	2	0	0	0	0	1	
0	0	0	0	0	0	0	
0	1	1	1	0	0	0	
0	0	2	0	0	3	0	
0	0	0	0	0	0	0	
1	0	0	0	0	3	0	
3	0	0	1	0	0	1	
0	1	0	0	0	0	0	
0	0	0	1	0	3	0	
3	0	1	1	0	3	1	
0	1	0	0	0	0	0	
3	0	0	0	0	0	0	
0	0	0	0	0	0	0	
1	0	0	0	0	0	0	
0	0	0	0	0	0	3	
0	2	1	0	0	0	0	
0	1	0	0	0	0	1	
1	2	0	0	0	0	0	
0	0	0	0	0	0	0	
0	0	0	0	0	0	1	
0	1	0	1	0	0	0	
0	0	0	1	0	0	0	
0	0	0	2	2	0	0	
0	0	0	0	0	0	1	
0	0	2	1	0	3	1	
3	0	0	0	0	0	0	
0	0	1	2	0	0	0	
0	0	0	0	0	1	0	
0	2	0	0	0	0	0	
3	0	0	0	0	0	0	
0	0	0	0	0	0	0	
1	1	0	2	0	2	1	
0	2	0	0	0	0	0	
0	0	0	0	0	0	0	
0	0	0	0	0	0	0	
0	1	0	0	0	0	0	
1	0	0	0	0	0	0	
0	0	2	2	2	0	0	
0	0	0	0	0	0	0	
1	0	0	2	0	0	0	
0	0	0	0	0	0	0	
0	0	0	0	0	0	3	
0	1	0	0	0	0	2	
0	0	0	0	0	0	0	
0	2	0	2	0	2	0	
0	0	0	0	0	0	0	
3	0	0	0	0	0	0	
--------------------

--------------------
Best Solution Found!
--------------------
Time: 0 hour(s), 0 minute(s), 0 second(s), 236 millisecond(s)

Fitness: 73221

0	0	1	1	0	0	0	
0	0	2	0	0	0	0	
0	0	0	0	0	0	1	
0	0	0	0	0	2	0	
0	0	0	0	0	0	0	
0	0	0	0	0	0	0	
0	2	0	0	0	0	0	
0	0	0	0	0	0	0	
0	0	0	1	0	0	0	
0	0	0	0	2	0	0	
0	1	0	0	0	0	0	
0	0	2	0	0	0	0	
0	0	0	0	0	1	0	
0	0	1	0	0	0	0	
3	2	0	0	0	0	0	
1	1	0	1	0	0	0	
0	0	0	0	0	0	0	
0	0	0	0	0	3	0	
3	0	0	0	0	0	1	
3	1	0	0	0	0	0	
0	0	0	0	0	0	0	
3	2	0	1	3	0	1	
1	2	0	0	0	1	0	
0	0	0	0	0	3	0	
3	0	0	1	0	3	1	
0	1	0	0	0	0	0	
3	0	2	2	0	3	0	
3	1	0	2	0	0	0	
1	0	0	0	0	0	0	
0	0	1	0	0	0	0	
0	2	0	0	0	0	0	
0	0	2	0	0	0	2	
0	0	0	0	0	0	0	
0	1	0	0	0	3	0	
0	0	0	0	0	0	0	
3	2	1	2	0	0	1	
0	0	0	1	0	0	0	
0	1	0	0	0	0	0	
0	0	0	0	0	0	1	
0	2	0	0	0	0	0	
0	0	0	1	0	0	0	
0	0	2	0	0	0	0	
3	0	0	0	0	0	0	
0	0	0	0	0	0	0	
0	0	0	0	0	0	1	
1	0	0	2	0	0	2	
0	0	0	1	0	0	0	
0	2	0	0	0	0	2	
0	1	0	1	0	0	3	
1	0	0	0	0	0	3	
0	1	0	0	2	0	0	
0	0	0	0	0	0	0	
0	0	1	1	0	0	1	
0	0	0	1	0	0	2	
1	1	0	0	0	0	1	
1	0	0	0	0	0	0	
0	0	0	0	0	0	0	
0	1	0	0	0	0	0	
0	0	0	0	0	0	0	
0	0	0	0	0	3	0	
0	0	2	2	0	3	0	
0	0	0	0	0	0	0	
1	0	0	2	0	0	0	
3	0	0	0	0	0	0	
0	0	0	0	0	0	1	
0	0	0	0	0	0	0	
1	0	0	0	0	0	0	
0	0	0	2	0	0	0	
1	0	0	0	0	0	0	
0	0	0	0	0	2	0	
0	2	0	0	0	0	1	
0	0	0	0	0	0	1	
0	0	0	0	0	0	0	
3	0	0	0	0	3	0	
0	1	0	2	0	0	0	
--------------------

--------------------
Best Solution Found!
--------------------
Time: 0 hour(s), 0 minute(s), 0 second(s), 461 millisecond(s)

Fitness: 73217

0	0	0	0	0	0	2	
0	0	0	2	0	0	0	
0	0	2	0	0	0	0	
1	1	0	1	0	3	0	
0	0	0	0	0	0	0	
0	0	0	0	0	0	0	
0	0	0	0	0	0	2	
0	0	0	0	0	0	1	
0	2	0	0	0	0	1	
0	0	0	0	0	3	0	
0	0	0	0	0	3	0	
0	0	0	0	0	0	0	
0	0	0	2	0	0	0	
0	0	0	0	0	1	0	
3	0	1	0	0	0	0	
0	0	0	0	0	0	0	
0	1	0	0	0	0	0	
1	0	0	0	0	0	1	
0	0	0	0	0	0	0	
3	0	2	0	0	0	1	
0	0	0	0	0	0	0	
0	0	0	1	0	3	1	
0	0	0	1	0	0	0	
0	0	0	0	0	0	0	
0	1	0	0	0	0	0	
0	0	1	1	0	0	1	
0	0	0	0	0	0	2	
0	0	2	0	0	0	1	
0	0	0	1	0	0	1	
0	0	0	0	0	0	0	
3	0	2	0	0	0	0	
0	0	0	2	0	0	0	
0	2	0	0	2	0	0	
0	0	0	0	0	0	3	
0	0	0	0	0	0	0	
0	2	0	0	0	0	0	
0	0	1	0	0	0	0	
1	0	0	0	2	0	0	
3	0	0	2	0	0	0	
1	0	0	0	0	0	0	
0	0	0	0	0	3	0	
3	2	0	0	0	0	0	
0	1	0	0	0	0	0	
3	1	0	2	0	0	0	
1	1	0	0	0	0	1	
1	2	0	1	0	1	1	
0	0	0	0	0	0	0	
0	2	0	0	0	0	1	
0	0	0	0	0	0	0	
3	1	0	2	0	0	0	
1	0	0	0	0	3	0	
3	1	0	0	0	3	2	
0	0	0	2	0	2	0	
1	0	0	1	0	0	0	
0	0	1	0	0	2	0	
0	0	0	0	3	0	0	
0	0	0	0	0	0	0	
1	2	0	1	0	0	1	
0	0	0	0	0	0	0	
3	2	2	2	0	3	0	
1	0	0	0	0	0	0	
0	1	0	0	0	0	0	
0	0	0	1	0	0	0	
0	1	0	0	0	0	0	
3	0	0	0	0	0	0	
0	1	1	0	0	0	0	
0	0	0	1	0	0	0	
0	0	0	0	0	0	0	
0	0	0	0	0	0	0	
0	0	0	0	0	0	0	
0	0	0	0	0	0	0	
0	0	2	0	0	0	0	
0	1	0	0	0	0	0	
3	2	0	1	0	0	0	
0	0	0	0	0	0	3	
--------------------

--------------------
Best Solution Found!
--------------------
Time: 0 hour(s), 0 minute(s), 1 second(s), 46 millisecond(s)

Fitness: 72229

0	0	0	0	0	0	0	
0	0	0	1	0	0	0	
1	2	0	0	0	0	0	
0	0	0	0	0	0	0	
0	0	0	0	0	0	0	
1	0	0	0	0	0	1	
0	0	0	0	0	0	1	
0	0	0	2	0	0	2	
0	0	0	0	0	0	2	
0	1	0	0	0	0	0	
0	1	0	0	0	0	0	
3	0	0	0	0	0	0	
3	1	2	1	0	0	2	
0	0	0	0	0	0	0	
0	0	0	1	3	0	0	
0	0	0	2	0	0	0	
0	0	0	0	2	0	0	
1	1	0	2	0	0	0	
0	0	0	0	0	0	0	
3	0	2	0	2	0	0	
0	0	0	0	0	3	0	
0	0	0	0	0	0	0	
0	0	0	2	0	0	0	
0	1	0	0	0	0	1	
0	2	0	0	0	0	0	
1	0	0	1	0	3	0	
0	2	0	0	0	0	0	
0	1	0	2	0	0	0	
0	1	0	0	0	0	0	
3	0	0	2	0	0	0	
0	0	0	0	0	0	0	
0	0	0	0	0	2	0	
3	1	0	1	0	1	1	
1	2	0	0	0	0	2	
3	0	0	1	0	0	0	
3	0	0	0	0	0	3	
0	0	0	0	0	0	0	
0	0	0	0	0	0	1	
1	1	0	1	0	2	3	
0	0	2	1	0	1	0	
1	0	0	0	0	0	0	
0	0	0	1	0	0	0	
0	0	1	0	0	0	0	
0	0	0	0	0	0	0	
0	2	0	0	0	0	1	
0	0	0	2	0	0	0	
3	0	0	0	0	0	1	
0	0	0	0	0	0	0	
0	0	0	0	0	0	0	
0	2	0	0	0	3	1	
0	0	0	1	0	0	0	
0	2	0	2	0	0	1	
0	0	0	0	0	3	0	
0	0	2	0	0	0	1	
0	0	1	0	0	0	0	
1	1	0	0	0	0	0	
3	0	0	0	0	3	0	
0	0	0	0	0	0	0	
1	1	1	0	0	0	0	
0	0	0	0	0	3	0	
3	0	2	0	0	0	1	
0	0	0	0	0	0	0	
0	0	0	0	0	0	0	
0	0	2	0	0	3	0	
3	2	0	0	0	0	0	
0	0	0	0	0	0	0	
0	0	0	0	0	0	0	
0	0	1	0	0	0	0	
0	2	0	1	0	0	0	
0	0	1	0	0	0	0	
1	0	0	0	0	0	0	
0	0	0	0	0	0	0	
0	0	0	0	0	0	1	
0	0	0	0	0	3	0	
0	1	0	0	0	0	0	
--------------------

--------------------
Best Solution Found!
--------------------
Time: 0 hour(s), 0 minute(s), 1 second(s), 962 millisecond(s)

Fitness: 72224

0	0	2	0	0	0	0	
0	0	0	1	0	0	2	
3	0	0	0	0	3	0	
0	0	0	2	0	0	2	
0	0	0	0	0	0	1	
0	0	0	0	3	0	0	
0	0	0	0	0	0	0	
0	0	0	0	0	1	0	
3	0	0	0	0	0	0	
0	1	0	1	0	0	1	
0	1	0	0	0	0	0	
0	0	0	0	0	1	0	
1	1	0	0	0	0	0	
0	0	0	0	0	3	0	
0	1	1	1	0	0	0	
0	1	0	0	0	0	0	
1	0	0	0	0	0	0	
0	0	0	0	0	0	1	
0	0	0	0	0	0	0	
0	0	0	0	0	0	0	
0	0	0	2	0	0	2	
3	1	0	0	0	0	0	
1	0	0	0	0	0	0	
0	0	0	1	0	0	0	
0	0	0	1	0	0	1	
0	2	0	1	0	0	0	
0	1	0	2	0	0	0	
0	0	0	0	0	0	0	
0	0	0	0	0	0	0	
0	0	2	0	0	0	0	
0	0	1	2	0	0	0	
0	0	0	0	0	0	0	
0	1	0	0	0	3	0	
3	1	0	1	0	3	1	
0	0	0	0	0	0	1	
3	0	0	0	0	2	0	
0	0	1	0	0	0	0	
0	2	2	1	0	0	0	
0	0	0	1	0	0	2	
0	2	2	1	2	0	1	
0	0	0	0	0	0	0	
3	0	0	0	0	0	0	
0	1	0	1	0	3	1	
1	2	1	0	0	2	3	
0	0	0	0	0	0	1	
0	0	0	2	0	0	0	
3	1	0	0	0	0	0	
0	0	0	0	0	0	0	
3	2	0	0	0	0	0	
0	0	0	0	0	0	0	
0	2	0	0	0	0	0	
3	0	2	0	0	3	0	
1	2	0	0	2	0	0	
0	0	0	0	0	0	0	
3	1	0	0	0	0	0	
0	0	0	0	0	0	0	
0	0	0	0	0	0	3	
1	0	0	0	0	0	0	
0	0	0	2	0	0	0	
0	0	0	0	0	0	0	
0	0	0	0	0	0	0	
0	0	0	0	0	3	1	
0	0	1	2	0	0	0	
0	2	0	0	0	0	0	
0	0	0	0	0	0	0	
1	0	0	0	0	0	0	
1	2	0	0	0	0	0	
0	0	0	0	0	0	0	
3	0	0	0	0	0	1	
1	0	2	2	0	3	0	
0	0	0	0	0	0	1	
1	0	0	0	0	0	0	
0	0	0	0	0	0	0	
0	0	0	0	0	0	0	
0	0	0	0	0	0	0	
--------------------

--------------------
Best Solution Found!
--------------------
Time: 0 hour(s), 0 minute(s), 2 second(s), 77 millisecond(s)

Fitness: 72219

0	1	0	0	0	0	0	
0	0	0	0	0	0	0	
0	0	2	0	0	0	0	
0	0	1	0	0	0	0	
0	0	0	0	0	0	0	
0	0	0	2	0	0	1	
0	0	0	2	2	0	0	
1	0	2	1	0	0	0	
1	0	2	2	0	0	0	
0	2	0	0	0	0	0	
0	0	0	0	0	0	0	
3	1	0	0	0	0	0	
0	0	0	0	0	0	0	
0	0	0	0	0	3	0	
0	0	2	0	0	0	1	
1	0	0	0	0	0	0	
0	0	0	0	0	3	0	
0	0	0	0	0	0	3	
1	0	0	0	0	0	0	
3	2	0	1	0	3	1	
0	1	0	0	0	0	2	
0	0	0	0	0	0	0	
0	0	1	0	0	3	0	
3	0	0	0	0	0	0	
0	2	0	0	0	0	0	
0	0	0	0	0	3	1	
0	0	0	0	0	0	0	
0	0	0	1	0	0	0	
0	0	0	0	0	0	2	
0	0	0	0	0	0	0	
3	0	0	0	0	3	0	
0	0	0	1	0	0	0	
0	0	0	0	0	0	0	
0	0	0	0	0	0	0	
0	1	0	0	0	0	3	
0	0	1	0	0	0	0	
0	0	0	0	0	0	0	
0	2	0	0	0	0	0	
0	1	0	0	0	0	0	
0	0	0	0	0	0	0	
1	2	0	0	0	0	0	
1	2	2	2	0	1	0	
0	0	0	0	0	0	0	
3	1	0	0	0	0	2	
0	0	0	1	0	0	1	
3	0	0	0	0	1	0	
3	0	0	0	0	0	0	
0	1	0	0	0	0	1	
3	0	0	0	0	0	0	
0	2	1	0	0	0	0	
1	0	0	0	0	0	1	
0	0	0	0	0	0	1	
0	0	0	0	0	0	0	
0	0	0	2	0	0	0	
0	0	2	2	0	0	0	
0	0	0	1	0	0	0	
0	0	0	0	0	0	0	
0	0	0	0	2	0	1	
0	0	0	0	0	0	1	
0	1	0	0	0	3	0	
3	0	0	0	0	0	0	
3	0	1	1	0	0	0	
0	1	0	1	0	0	0	
1	2	0	0	0	0	0	
0	1	0	2	0	0	0	
0	0	0	1	0	2	0	
3	0	0	0	0	0	0	
0	0	0	0	0	0	0	
0	1	0	1	0	0	0	
0	0	0	0	0	0	2	
0	0	0	1	0	0	0	
0	0	0	0	0	2	0	
1	0	0	2	0	0	0	
1	1	0	0	3	3	1	
0	2	0	0	0	0	1	
--------------------

--------------------
Best Solution Found!
--------------------
Time: 0 hour(s), 0 minute(s), 4 second(s), 803 millisecond(s)

Fitness: 71232

0	2	0	2	3	3	1	
0	0	0	2	0	3	0	
0	2	0	0	0	0	0	
0	2	0	2	0	0	0	
3	0	0	0	0	0	0	
0	0	0	0	0	0	0	
0	0	0	0	0	0	0	
0	0	0	2	0	2	0	
0	2	0	2	0	0	1	
3	0	1	0	0	0	0	
0	0	0	0	0	0	1	
1	0	0	0	0	0	0	
0	1	0	0	0	0	0	
3	0	0	0	0	0	0	
1	0	0	0	0	0	1	
0	0	0	0	0	1	1	
0	1	0	0	0	0	1	
3	2	2	2	0	1	0	
0	0	0	0	0	0	0	
3	0	0	0	0	0	0	
0	0	1	1	0	3	0	
0	0	0	0	0	0	0	
0	0	0	0	0	0	0	
0	1	1	0	0	0	1	
1	0	0	0	0	0	0	
0	2	2	1	0	3	1	
0	0	0	0	0	0	0	
0	0	0	0	0	0	2	
0	0	2	0	2	3	0	
0	0	0	1	0	0	0	
1	0	0	0	0	0	0	
0	0	0	0	0	0	1	
0	1	0	0	0	0	0	
1	0	0	0	0	0	0	
0	1	0	0	2	0	1	
0	0	0	0	0	0	0	
0	0	0	0	0	0	0	
0	0	0	0	0	0	0	
0	1	0	0	0	0	0	
0	1	1	0	0	0	0	
0	0	0	0	0	0	0	
0	0	2	0	0	0	2	
0	0	0	2	0	0	0	
1	0	0	1	0	0	0	
0	0	0	0	0	0	0	
0	1	0	1	0	0	2	
0	0	0	0	0	0	0	
0	0	2	1	0	0	0	
0	0	0	0	0	0	0	
0	0	0	0	0	3	0	
0	0	0	0	0	0	0	
3	1	0	1	0	0	1	
0	0	0	0	0	0	0	
1	1	0	0	0	2	0	
1	1	0	0	0	0	0	
0	0	0	0	0	0	0	
0	0	2	0	0	0	0	
0	0	0	0	0	3	0	
3	0	0	0	0	0	0	
0	0	0	1	0	0	0	
1	0	0	1	0	0	3	
0	0	0	0	0	0	3	
0	0	0	0	0	0	2	
0	1	0	0	0	0	0	
0	2	0	1	0	0	0	
0	0	0	0	0	0	0	
0	0	0	0	0	0	0	
3	0	1	2	0	3	1	
3	0	0	0	0	0	0	
0	0	0	0	0	0	0	
0	0	0	0	0	0	0	
3	0	0	0	0	0	0	
3	2	0	0	0	0	0	
0	2	0	1	0	0	0	
1	0	0	0	0	0	0	
--------------------

--------------------
Best Solution Found!
--------------------
Time: 0 hour(s), 0 minute(s), 14 second(s), 788 millisecond(s)

Fitness: 71229

0	0	0	0	0	0	1	
1	2	0	0	0	0	2	
0	0	2	0	0	0	0	
3	0	0	0	0	0	0	
0	0	0	0	0	0	0	
1	0	0	0	0	0	0	
3	0	1	0	0	0	0	
0	2	2	0	0	0	0	
0	1	0	2	0	3	0	
0	0	0	0	0	0	0	
0	0	0	0	0	0	0	
0	0	0	2	0	1	1	
0	0	0	0	0	0	0	
0	0	0	0	0	0	0	
0	0	0	1	0	0	2	
0	0	0	0	0	0	0	
0	2	0	2	0	0	0	
0	0	0	0	0	0	0	
3	0	0	0	0	0	0	
0	0	0	0	0	3	1	
0	0	0	0	0	0	0	
0	2	0	2	0	0	0	
3	0	0	0	0	0	0	
1	0	2	1	3	0	1	
0	1	1	0	0	0	0	
0	1	0	0	0	0	3	
1	0	0	2	0	0	0	
0	2	0	0	0	0	0	
3	1	2	0	0	2	1	
0	0	0	1	0	0	0	
0	1	2	0	0	0	1	
0	0	0	0	0	0	0	
0	1	0	0	0	0	0	
0	2	0	0	0	0	0	
0	0	0	1	0	0	0	
0	0	0	0	0	0	0	
3	0	0	0	0	0	1	
0	0	0	0	0	0	0	
0	1	0	1	0	0	3	
0	0	0	1	0	0	0	
0	0	0	0	0	0	0	
0	0	0	0	0	0	1	
1	0	1	0	0	0	0	
3	0	0	0	0	0	0	
3	0	0	1	0	3	0	
0	0	0	0	0	0	2	
1	0	0	1	0	0	0	
0	0	0	0	0	0	0	
0	1	0	0	0	0	1	
0	0	0	0	0	0	0	
0	0	0	0	0	0	0	
0	0	0	0	0	2	2	
3	1	0	2	2	3	0	
0	0	0	0	0	0	0	
0	0	0	0	0	3	0	
0	0	0	0	0	0	0	
0	0	0	0	2	3	0	
3	0	0	0	0	0	0	
0	0	0	0	0	0	0	
1	0	2	0	0	0	0	
0	0	0	0	0	0	0	
0	2	0	0	0	0	0	
0	0	0	0	0	0	0	
0	0	0	1	0	3	0	
3	0	0	0	0	0	0	
1	2	0	0	0	0	1	
0	1	1	2	0	1	1	
0	0	1	0	0	0	0	
0	2	0	2	0	0	0	
1	0	0	0	0	0	0	
0	1	0	0	0	3	1	
0	1	0	1	0	0	0	
0	0	0	0	0	0	0	
1	0	0	0	0	0	0	
0	0	0	1	0	0	0	
--------------------

--------------------
Best Solution Found!
--------------------
Time: 0 hour(s), 0 minute(s), 14 second(s), 789 millisecond(s)

Fitness: 71229

0	0	0	0	0	0	1	
1	2	0	0	0	0	2	
0	0	2	0	0	0	0	
3	0	0	0	0	0	0	
0	0	0	0	0	0	0	
1	0	0	0	0	0	0	
3	0	1	0	0	0	0	
0	2	2	0	0	0	0	
0	1	0	2	0	3	0	
0	0	0	0	0	0	0	
0	0	0	0	0	0	0	
0	0	0	2	0	1	1	
0	0	0	0	0	0	0	
0	0	0	0	0	0	0	
0	0	0	1	0	0	2	
0	0	0	0	0	0	0	
0	2	0	2	0	0	0	
0	0	0	0	0	0	0	
3	0	0	0	0	0	0	
0	0	0	0	0	3	1	
0	0	0	0	0	0	0	
0	2	0	2	0	0	0	
3	0	0	0	0	0	0	
1	0	2	1	3	0	1	
0	1	1	0	0	0	0	
0	1	0	0	0	0	3	
1	0	0	2	0	0	0	
0	2	0	0	0	0	0	
3	1	2	0	0	2	1	
0	0	0	1	0	0	0	
0	1	2	0	0	0	1	
0	0	0	0	0	0	0	
0	1	0	0	0	0	0	
0	2	0	0	0	0	0	
0	0	0	1	0	0	0	
0	0	0	0	0	0	0	
3	0	0	0	0	0	1	
0	0	0	0	0	0	0	
0	1	0	1	0	0	3	
0	0	0	1	0	0	0	
0	0	0	0	0	0	0	
0	0	0	0	0	0	1	
1	0	1	0	0	0	0	
3	0	0	0	0	0	0	
3	0	0	1	0	3	0	
0	0	0	0	0	0	2	
1	0	0	1	0	0	0	
0	0	0	0	0	0	0	
0	1	0	0	0	0	1	
0	0	0	0	0	0	0	
0	0	0	0	0	0	0	
0	0	0	0	0	2	2	
3	1	0	2	2	3	0	
0	0	0	0	0	0	0	
0	0	0	0	0	3	0	
0	0	0	0	0	0	0	
0	0	0	0	2	3	0	
3	0	0	0	0	0	0	
0	0	0	0	0	0	0	
1	0	2	0	0	0	0	
0	0	0	0	0	0	0	
0	2	0	0	0	0	0	
0	0	0	0	0	0	0	
0	0	0	1	0	3	0	
3	0	0	0	0	0	0	
1	2	0	0	0	0	1	
0	1	1	2	0	1	1	
0	0	1	0	0	0	0	
0	2	0	2	0	0	0	
1	0	0	0	0	0	0	
0	1	0	0	0	3	1	
0	1	0	1	0	0	0	
0	0	0	0	0	0	0	
1	0	0	0	0	0	0	
0	0	0	1	0	0	0	
--------------------

--------------------
Best Solution Found!
--------------------
Time: 0 hour(s), 0 minute(s), 30 second(s), 618 millisecond(s)

Fitness: 71217

3	0	0	0	0	0	0	
0	0	1	0	0	0	0	
0	0	0	0	0	3	1	
0	0	0	1	0	0	0	
0	0	0	0	0	0	0	
0	0	0	0	0	0	2	
0	0	0	2	0	0	0	
0	1	1	0	0	2	1	
0	0	0	0	0	0	0	
0	2	0	0	3	0	2	
0	0	0	1	0	0	0	
0	2	0	0	0	0	0	
0	0	0	2	0	0	0	
0	0	0	0	0	3	0	
1	2	2	0	0	3	1	
3	0	0	0	0	0	0	
3	0	0	0	0	0	0	
0	0	1	0	0	0	0	
0	2	0	1	0	1	0	
0	0	0	0	0	0	0	
0	0	2	0	0	0	0	
0	1	0	1	0	0	0	
0	2	0	0	0	0	0	
3	0	0	0	0	0	0	
1	1	0	0	0	0	0	
0	0	0	0	0	3	0	
0	0	0	0	0	0	0	
3	0	0	0	0	0	1	
0	2	0	0	0	0	0	
0	0	0	0	0	3	0	
0	0	0	0	0	0	0	
0	0	0	0	0	0	3	
0	0	0	0	0	0	0	
0	0	0	0	0	0	0	
0	0	0	0	0	0	0	
0	0	2	0	0	0	0	
0	1	1	2	0	0	0	
3	0	0	0	0	0	0	
0	0	0	1	0	0	0	
0	0	0	2	0	0	0	
3	0	0	1	2	1	1	
0	0	1	0	0	0	0	
0	0	0	0	0	0	1	
0	0	2	0	0	0	1	
3	1	2	2	0	0	1	
0	0	0	0	0	0	0	
0	0	0	0	0	3	0	
1	0	0	0	0	2	0	
0	0	0	1	0	0	0	
0	0	0	0	0	0	0	
0	0	0	0	0	0	0	
0	2	0	0	0	0	1	
0	0	0	0	0	0	0	
0	2	0	1	0	0	0	
1	1	0	0	0	0	0	
3	0	0	0	0	0	0	
0	0	0	2	0	0	0	
1	1	0	2	0	3	1	
1	0	0	0	0	0	0	
3	0	0	0	0	3	0	
3	0	0	0	2	0	0	
0	2	0	0	0	0	0	
1	0	0	0	0	0	0	
0	0	0	1	0	0	0	
1	1	0	0	0	0	0	
0	1	0	0	0	0	0	
0	0	0	1	0	0	1	
0	1	0	0	0	0	3	
0	0	2	0	0	0	2	
0	0	0	0	0	0	1	
0	0	0	1	0	0	0	
1	0	0	0	0	0	2	
1	0	0	0	0	0	0	
0	1	0	0	0	0	0	
0	1	0	2	0	0	0	
--------------------

--------------------
Best Solution Found!
--------------------
Time: 0 hour(s), 0 minute(s), 46 second(s), 691 millisecond(s)

Fitness: 71207

3	0	0	0	0	0	0	
1	0	0	0	0	0	0	
0	0	0	0	0	0	1	
0	0	0	0	0	0	0	
0	0	2	1	0	0	0	
0	0	0	0	0	0	0	
0	1	0	2	0	0	0	
0	1	0	0	0	0	0	
0	0	0	0	0	0	0	
0	1	0	0	0	0	0	
0	0	0	0	0	0	1	
0	2	0	0	0	0	0	
1	1	0	2	2	0	2	
0	0	0	0	0	0	0	
0	2	0	1	0	3	1	
0	0	0	0	0	0	0	
3	0	1	0	0	0	1	
0	0	0	1	0	0	0	
1	0	0	2	0	0	1	
0	0	0	0	0	0	0	
0	0	0	0	0	0	0	
0	0	0	0	0	0	1	
0	0	0	0	0	0	0	
0	1	0	0	0	0	0	
0	0	2	1	0	0	0	
0	0	0	0	0	2	0	
0	0	0	0	0	3	0	
3	2	1	0	0	1	1	
3	0	0	0	0	0	1	
0	0	0	0	0	0	0	
1	0	0	1	0	0	0	
1	0	0	0	0	0	0	
0	2	0	0	0	0	0	
1	0	0	0	0	0	1	
0	0	0	1	0	0	0	
0	0	0	0	0	0	2	
0	0	0	0	0	0	0	
3	2	0	0	0	0	0	
0	2	0	0	0	0	2	
0	0	0	0	0	0	3	
0	0	0	0	0	0	0	
0	0	2	0	0	0	0	
0	0	0	0	0	3	0	
1	0	0	1	0	0	0	
0	0	0	1	0	0	0	
0	0	0	0	0	0	0	
0	0	0	0	0	0	0	
0	0	1	2	0	0	0	
0	0	2	0	0	0	0	
3	0	0	0	0	0	0	
0	1	0	0	0	0	0	
0	0	0	0	0	0	0	
0	1	0	0	3	0	0	
1	0	0	0	0	0	0	
1	1	0	0	0	0	0	
0	0	0	0	0	3	0	
3	0	0	2	0	0	0	
0	0	0	0	0	0	1	
0	0	1	0	0	3	0	
0	2	0	0	0	0	0	
0	0	2	0	0	0	2	
1	1	0	2	2	1	0	
0	0	1	0	0	2	0	
0	2	0	0	0	0	0	
0	0	0	0	0	0	0	
0	1	0	0	0	0	1	
0	0	0	0	0	0	0	
3	1	0	2	0	3	3	
0	0	0	1	0	0	1	
3	0	2	0	0	0	0	
3	2	0	1	0	0	0	
3	1	0	0	0	3	0	
0	0	0	1	0	0	0	
0	0	0	0	0	3	0	
0	0	0	2	0	0	0	
--------------------


The best solution was found at the restart: 2, population: 0
Total Time Elapsed: 0 hour(s), 4 minute(s), 11 second(s), 664 millisecond(s)

