--------------------
Best Solution Found!
--------------------
Time: 0 hour(s), 0 minute(s), 0 second(s), 152 millisecond(s)

Fitness: 17188

0	3	1	0	0	0	3	
3	1	0	1	1	0	1	
1	3	3	0	0	2	1	
0	0	0	0	0	0	1	
0	2	2	3	0	0	1	
1	2	0	0	3	0	2	
2	3	2	0	0	1	1	
1	3	0	0	0	0	3	
2	0	3	0	0	0	1	
0	3	1	0	0	0	0	
2	0	0	2	0	0	2	
3	3	3	0	0	3	2	
3	1	0	0	0	0	1	
1	2	1	0	1	0	0	
1	1	1	2	1	0	0	
0	0	0	0	0	0	3	
1	3	1	1	0	0	1	
1	0	0	0	0	0	1	
2	2	1	0	0	0	0	
0	0	3	1	0	1	0	
0	1	1	0	2	0	2	
1	1	3	2	2	0	0	
2	0	0	0	3	0	0	
2	3	3	0	2	0	3	
0	3	0	0	0	0	3	
--------------------

--------------------
Best Solution Found!
--------------------
Time: 0 hour(s), 0 minute(s), 0 second(s), 154 millisecond(s)

Fitness: 16194

2	3	0	0	0	0	0	
2	3	1	0	0	0	0	
0	0	0	0	0	0	2	
1	0	0	3	0	2	1	
0	1	1	0	0	0	1	
0	2	1	0	0	0	0	
3	2	3	2	0	0	0	
0	2	3	0	0	0	1	
1	1	2	0	1	0	1	
2	0	3	0	0	0	1	
0	0	0	0	0	0	2	
1	0	1	0	0	0	1	
1	3	3	2	0	0	1	
3	1	1	1	0	0	3	
1	2	0	0	0	1	2	
2	3	1	0	3	0	3	
0	3	3	1	3	0	3	
3	3	3	2	0	0	1	
1	3	0	0	1	0	0	
0	0	1	0	0	0	0	
1	1	0	0	1	1	3	
0	3	0	0	2	0	0	
2	3	0	0	2	3	1	
2	1	2	1	0	0	2	
1	0	0	0	2	0	3	
--------------------

--------------------
Best Solution Found!
--------------------
Time: 0 hour(s), 0 minute(s), 0 second(s), 154 millisecond(s)

Fitness: 16194

2	3	0	0	0	0	0	
2	3	1	0	0	0	0	
0	0	0	0	0	0	2	
1	0	0	3	0	2	1	
0	1	1	0	0	0	1	
0	2	1	0	0	0	0	
3	2	3	2	0	0	0	
0	2	3	0	0	0	1	
1	1	2	0	1	0	1	
2	0	3	0	0	0	1	
0	0	0	0	0	0	2	
1	0	1	0	0	0	1	
1	3	3	2	0	0	1	
3	1	1	1	0	0	3	
1	2	0	0	0	1	2	
2	3	1	0	3	0	3	
0	3	3	1	3	0	3	
3	3	3	2	0	0	1	
1	3	0	0	1	0	0	
0	0	1	0	0	0	0	
1	1	0	0	1	1	3	
0	3	0	0	2	0	0	
2	3	0	0	2	3	1	
2	1	2	1	0	0	2	
1	0	0	0	2	0	3	
--------------------

--------------------
Best Solution Found!
--------------------
Time: 0 hour(s), 0 minute(s), 0 second(s), 221 millisecond(s)

Fitness: 16179

3	3	1	0	3	0	1	
2	0	3	1	2	0	3	
3	1	0	0	0	0	3	
2	1	1	0	0	0	0	
1	3	1	1	0	0	1	
1	0	0	0	0	3	1	
2	1	0	1	2	0	1	
1	0	1	0	0	0	0	
0	0	3	0	0	0	1	
0	3	1	0	0	2	1	
1	3	0	0	0	0	3	
0	3	3	0	0	0	2	
1	0	3	0	0	1	0	
2	3	1	0	3	0	1	
0	0	0	2	0	0	0	
1	2	0	0	2	0	2	
3	1	3	2	0	0	1	
0	2	0	0	0	0	0	
1	3	2	0	0	0	0	
0	2	1	0	0	0	2	
0	3	0	2	1	1	3	
0	0	0	0	1	0	1	
1	3	3	0	1	0	3	
2	2	0	0	0	0	0	
2	1	2	3	0	0	2	
--------------------

--------------------
Best Solution Found!
--------------------
Time: 0 hour(s), 0 minute(s), 0 second(s), 222 millisecond(s)

Fitness: 16179

3	3	1	0	3	0	1	
2	0	3	1	2	0	3	
3	1	0	0	0	0	3	
2	1	1	0	0	0	0	
1	3	1	1	0	0	1	
1	0	0	0	0	3	1	
2	1	0	1	2	0	1	
1	0	1	0	0	0	0	
0	0	3	0	0	0	1	
0	3	1	0	0	2	1	
1	3	0	0	0	0	3	
0	3	3	0	0	0	2	
1	0	3	0	0	1	0	
2	3	1	0	3	0	1	
0	0	0	2	0	0	0	
1	2	0	0	2	0	2	
3	1	3	2	0	0	1	
0	2	0	0	0	0	0	
1	3	2	0	0	0	0	
0	2	1	0	0	0	2	
0	3	0	2	1	1	3	
0	0	0	0	1	0	1	
1	3	3	0	1	0	3	
2	2	0	0	0	0	0	
2	1	2	3	0	0	2	
--------------------

--------------------
Best Solution Found!
--------------------
Time: 0 hour(s), 0 minute(s), 1 second(s), 190 millisecond(s)

Fitness: 16167

3	2	1	1	3	0	0	
2	3	0	0	0	0	0	
1	3	1	3	0	0	2	
2	1	0	0	2	1	3	
1	3	0	1	2	0	3	
0	0	0	0	0	3	3	
0	3	2	0	0	0	0	
2	0	0	2	0	0	2	
1	1	3	2	0	0	2	
3	0	3	0	1	2	1	
2	3	0	0	0	0	0	
1	0	1	0	0	0	3	
2	2	0	0	0	0	1	
0	0	3	0	0	0	1	
0	0	1	2	0	0	1	
0	3	1	0	0	0	1	
1	1	2	0	1	0	0	
0	3	0	0	0	0	1	
1	3	3	0	2	0	1	
0	3	0	0	0	0	2	
1	2	1	0	0	1	1	
0	0	1	1	0	0	0	
3	1	3	0	3	0	0	
2	2	3	0	1	0	3	
1	1	0	0	0	0	1	
--------------------

--------------------
Best Solution Found!
--------------------
Time: 0 hour(s), 0 minute(s), 1 second(s), 191 millisecond(s)

Fitness: 16167

3	2	1	1	3	0	0	
2	3	0	0	0	0	0	
1	3	1	3	0	0	2	
2	1	0	0	2	1	3	
1	3	0	1	2	0	3	
0	0	0	0	0	3	3	
0	3	2	0	0	0	0	
2	0	0	2	0	0	2	
1	1	3	2	0	0	2	
3	0	3	0	1	2	1	
2	3	0	0	0	0	0	
1	0	1	0	0	0	3	
2	2	0	0	0	0	1	
0	0	3	0	0	0	1	
0	0	1	2	0	0	1	
0	3	1	0	0	0	1	
1	1	2	0	1	0	0	
0	3	0	0	0	0	1	
1	3	3	0	2	0	1	
0	3	0	0	0	0	2	
1	2	1	0	0	1	1	
0	0	1	1	0	0	0	
3	1	3	0	3	0	0	
2	2	3	0	1	0	3	
1	1	0	0	0	0	1	
--------------------

--------------------
Best Solution Found!
--------------------
Time: 0 hour(s), 0 minute(s), 4 second(s), 55 millisecond(s)

Fitness: 15194

0	0	0	0	2	0	1	
2	1	3	0	0	2	1	
2	3	2	1	0	0	3	
2	2	3	0	0	0	3	
1	3	3	0	1	0	1	
0	0	0	0	0	0	0	
3	3	2	2	0	0	1	
0	1	3	1	0	0	0	
1	0	0	0	0	0	0	
2	1	0	0	0	0	0	
0	3	3	0	0	3	1	
3	3	0	0	0	0	0	
3	2	1	0	3	0	2	
1	3	3	0	3	0	3	
0	0	0	0	0	0	1	
1	3	1	2	0	0	1	
0	3	0	0	0	0	2	
1	2	0	2	2	0	2	
0	3	0	3	0	0	0	
2	1	1	1	0	0	1	
0	0	0	0	0	0	2	
1	0	1	0	1	0	1	
1	1	1	0	1	1	3	
1	2	1	0	0	1	3	
2	0	1	0	2	0	0	
--------------------

--------------------
Best Solution Found!
--------------------
Time: 0 hour(s), 0 minute(s), 4 second(s), 56 millisecond(s)

Fitness: 15194

0	0	0	0	2	0	1	
2	1	3	0	0	2	1	
2	3	2	1	0	0	3	
2	2	3	0	0	0	3	
1	3	3	0	1	0	1	
0	0	0	0	0	0	0	
3	3	2	2	0	0	1	
0	1	3	1	0	0	0	
1	0	0	0	0	0	0	
2	1	0	0	0	0	0	
0	3	3	0	0	3	1	
3	3	0	0	0	0	0	
3	2	1	0	3	0	2	
1	3	3	0	3	0	3	
0	0	0	0	0	0	1	
1	3	1	2	0	0	1	
0	3	0	0	0	0	2	
1	2	0	2	2	0	2	
0	3	0	3	0	0	0	
2	1	1	1	0	0	1	
0	0	0	0	0	0	2	
1	0	1	0	1	0	1	
1	1	1	0	1	1	3	
1	2	1	0	0	1	3	
2	0	1	0	2	0	0	
--------------------

--------------------
Best Solution Found!
--------------------
Time: 0 hour(s), 0 minute(s), 4 second(s), 186 millisecond(s)

Fitness: 15190

2	1	1	0	3	0	1	
1	3	1	1	0	0	3	
1	0	0	0	3	0	1	
1	2	3	0	2	0	1	
1	2	1	0	0	0	2	
0	3	3	1	0	0	3	
2	3	2	0	0	1	2	
1	3	0	0	2	0	3	
1	3	2	2	0	0	1	
0	0	0	3	2	0	1	
0	1	0	0	0	0	0	
1	3	0	2	0	1	3	
3	1	0	0	0	0	0	
2	1	3	1	0	0	1	
0	0	0	0	0	0	1	
2	3	0	0	0	0	0	
0	3	1	2	0	3	2	
0	1	1	0	0	0	0	
0	2	0	0	1	0	0	
2	2	1	0	1	0	2	
1	3	3	0	1	0	3	
0	0	1	0	0	0	0	
3	0	0	0	0	0	0	
3	0	3	0	0	0	1	
2	0	3	0	0	2	1	
--------------------

--------------------
Best Solution Found!
--------------------
Time: 0 hour(s), 0 minute(s), 21 second(s), 388 millisecond(s)

Fitness: 14206

2	3	2	0	1	0	0	
3	1	3	3	0	0	1	
1	1	1	0	1	0	1	
2	0	2	2	2	0	3	
1	1	1	2	3	0	0	
1	3	0	0	0	0	0	
0	1	0	0	0	3	0	
2	0	1	0	0	0	1	
2	3	3	1	0	0	3	
0	3	0	0	0	0	1	
1	3	0	0	0	0	1	
1	1	0	2	3	0	2	
3	3	1	0	2	0	1	
1	3	3	0	1	0	3	
0	0	3	0	0	0	3	
3	0	3	1	0	1	1	
0	2	0	0	0	0	2	
0	2	0	0	0	0	2	
1	3	1	0	2	0	2	
0	0	0	0	0	0	0	
1	2	0	0	0	0	3	
2	0	3	1	0	0	0	
2	2	1	0	0	1	1	
0	3	1	0	0	2	1	
0	0	0	0	0	0	0	
--------------------


The best solution was found at the restart: 3, population: 0
Total Time Elapsed: 0 hour(s), 2 minute(s), 3 second(s), 597 millisecond(s)

