--------------------
Best Solution Found!
--------------------
Time: 0 hour(s), 0 minute(s), 0 second(s), 8 millisecond(s)

Fitness: 321065

0	2	0	0	0	1	0	2	0	0	2	0	0	0	2	0	1	2	0	0	2	1	0	2	0	0	1	2	
0	1	1	0	2	1	0	2	1	0	2	0	0	0	0	0	1	1	0	0	0	1	0	2	0	0	1	2	
0	0	1	1	2	1	0	2	0	2	2	0	0	0	0	0	2	1	0	0	3	1	1	1	0	0	1	2	
0	2	2	0	0	1	0	3	2	0	2	0	0	0	1	0	1	2	0	0	2	1	0	2	0	0	2	2	
0	2	0	0	2	1	0	0	0	0	2	0	0	0	0	0	1	2	0	0	3	1	1	0	0	0	2	2	
0	0	1	0	1	0	0	3	1	0	3	0	0	0	3	0	1	0	0	0	2	0	3	2	0	0	2	1	
1	1	2	0	2	0	0	3	0	0	2	0	0	2	0	0	2	2	0	0	0	1	0	2	0	0	1	2	
1	2	1	0	2	1	0	3	1	2	2	0	0	0	0	0	1	2	0	0	2	3	0	0	0	3	2	1	
0	0	2	0	2	3	0	2	1	0	3	0	0	0	0	0	0	2	0	3	2	1	1	2	0	0	1	2	
0	2	1	3	2	1	0	2	0	2	1	0	3	2	2	0	2	1	0	0	3	1	0	2	0	0	1	2	
1	2	1	0	3	1	0	0	0	0	3	0	0	0	0	0	1	2	0	1	1	1	0	2	0	2	1	2	
3	2	1	0	2	1	0	2	1	0	2	0	0	0	2	0	1	2	0	0	2	2	0	2	0	2	1	2	
0	1	2	0	1	1	1	2	0	1	2	0	0	0	0	0	1	2	0	0	2	0	0	2	0	0	0	2	
0	2	0	0	2	0	0	2	0	0	2	0	0	0	0	2	1	2	0	0	2	1	0	2	0	0	1	2	
0	2	1	0	3	0	2	3	1	0	2	0	0	0	0	0	1	2	0	3	1	0	1	1	0	0	1	1	
0	1	0	0	2	1	0	2	0	2	1	0	0	2	0	0	1	2	0	0	2	3	0	0	0	0	2	2	
0	0	2	0	2	1	1	0	0	0	3	0	0	0	0	0	1	1	2	0	3	2	0	0	0	0	1	2	
0	2	1	0	2	1	0	2	0	0	2	0	0	0	2	0	1	1	0	0	2	1	0	0	1	0	1	1	
0	1	2	0	2	1	0	2	0	0	2	0	3	0	0	0	1	2	0	0	2	1	0	2	0	2	1	0	
0	2	0	0	2	1	0	2	1	0	2	0	0	0	0	2	1	2	0	0	0	0	0	2	0	0	1	2	
0	2	1	0	3	1	0	2	0	0	2	2	0	0	0	0	1	2	0	0	2	1	0	1	0	2	1	1	
0	1	1	0	2	1	0	0	2	0	3	0	0	0	0	0	0	2	0	0	2	1	1	1	0	0	0	2	
0	2	1	0	2	1	0	0	0	2	2	0	0	0	0	0	1	1	0	0	2	1	0	2	0	2	0	2	
0	0	1	0	3	3	0	3	0	0	2	2	3	0	0	0	2	2	0	0	1	2	3	2	0	2	2	2	
0	2	1	0	2	2	1	2	0	0	2	0	0	0	2	0	2	2	2	0	2	1	0	2	0	0	2	2	
0	0	0	0	2	3	0	0	0	0	2	0	0	2	3	0	1	2	1	0	2	1	0	1	0	0	1	2	
0	2	1	0	2	1	0	0	0	0	2	0	0	0	0	0	1	2	0	0	0	0	0	2	0	0	1	2	
0	2	1	3	2	1	0	2	0	2	2	0	0	2	0	0	1	2	0	0	2	1	0	0	0	3	1	2	
0	2	1	0	2	0	1	2	1	0	2	0	0	0	0	0	1	2	0	0	2	1	0	2	0	0	0	2	
0	2	1	0	2	1	0	2	0	0	2	0	3	0	0	0	1	1	0	0	0	1	0	2	0	2	2	2	
0	2	1	0	2	1	0	2	0	2	2	0	0	0	0	2	1	2	2	0	2	1	0	2	1	0	1	1	
0	0	2	1	2	2	0	2	0	0	2	0	0	2	0	1	2	2	0	3	2	1	0	0	0	0	1	1	
0	2	1	0	3	3	0	0	0	0	2	0	0	0	0	0	1	2	0	0	0	3	0	2	0	0	1	2	
3	1	1	0	2	1	0	2	0	0	2	0	0	2	0	2	1	2	0	0	2	3	0	2	0	0	1	0	
0	2	1	3	1	1	0	2	0	0	3	0	3	0	2	0	0	2	0	0	2	1	0	1	0	0	0	2	
1	2	1	3	3	1	0	2	1	0	2	0	0	0	0	0	1	2	2	0	0	2	0	2	0	0	1	1	
1	1	1	0	2	1	0	0	0	0	2	0	0	0	0	0	2	2	0	0	1	1	3	2	1	0	1	2	
0	2	1	0	2	3	0	2	0	1	2	0	0	2	0	0	1	2	0	0	2	1	0	0	0	0	1	2	
0	1	1	0	0	0	0	2	0	0	3	0	0	0	2	0	1	2	0	0	2	1	1	0	0	0	1	2	
0	2	2	0	2	0	1	3	0	0	2	0	0	0	0	0	1	2	0	0	0	2	0	1	0	2	0	2	
0	2	0	0	2	1	0	2	0	0	2	0	0	0	0	0	2	2	0	0	3	1	0	2	0	2	2	2	
0	2	1	0	2	0	1	2	0	2	2	0	0	1	0	0	1	2	1	0	2	1	0	2	0	0	1	2	
0	2	2	0	2	0	0	2	0	0	2	0	0	0	0	0	1	2	0	0	2	0	1	0	0	0	1	1	
0	2	1	3	2	1	0	0	1	0	2	0	0	1	2	2	1	1	0	0	2	1	0	2	0	0	1	2	
0	0	1	3	2	1	1	2	0	2	3	3	0	0	0	0	2	2	0	0	3	1	0	2	0	0	0	2	
0	0	1	3	2	2	2	2	0	0	2	0	1	0	0	0	1	2	0	0	2	1	1	1	0	0	1	2	
0	2	1	0	0	1	0	0	0	0	2	0	0	0	0	0	2	1	0	0	0	0	0	2	1	0	1	0	
0	0	1	0	0	1	0	0	0	0	2	0	0	0	0	0	1	1	0	0	2	1	0	2	0	0	1	2	
0	2	1	0	2	1	1	3	0	2	2	0	0	0	0	0	1	2	1	3	2	1	0	0	0	0	1	2	
0	2	1	0	0	0	1	2	0	0	3	0	3	0	0	0	1	2	0	3	0	1	1	2	1	0	0	2	
0	2	2	0	3	1	0	2	0	0	2	0	0	0	0	0	1	2	0	0	2	1	0	2	0	2	0	0	
0	2	1	0	2	1	0	3	0	0	2	0	0	0	0	0	1	2	0	0	0	2	0	1	0	0	1	2	
0	2	1	3	2	1	2	2	0	0	2	0	0	0	2	0	1	2	0	0	2	1	0	2	0	0	1	2	
0	1	1	0	2	3	1	2	1	0	2	0	0	0	2	2	1	1	0	0	2	0	0	2	2	0	2	0	
1	2	1	0	2	1	0	2	0	0	3	0	0	0	2	2	1	2	2	0	2	3	1	0	1	0	1	2	
1	2	1	0	3	0	1	2	0	0	2	0	0	0	0	1	1	2	0	0	2	1	0	1	0	0	1	1	
0	2	1	0	2	1	0	2	0	0	2	0	0	1	0	0	1	2	0	3	0	1	0	2	0	0	0	2	
0	2	2	0	2	1	0	3	0	1	2	0	3	2	0	0	0	2	0	3	2	1	0	0	0	0	1	2	
1	2	0	0	2	1	0	2	0	0	2	0	1	2	0	0	2	2	0	0	2	1	0	2	0	0	1	1	
0	2	1	0	2	3	0	2	2	0	2	0	0	2	2	0	1	1	0	1	2	1	0	2	0	0	1	2	
--------------------

--------------------
Best Solution Found!
--------------------
Time: 0 hour(s), 0 minute(s), 0 second(s), 19 millisecond(s)

Fitness: 315110

1	0	2	0	2	3	0	0	0	2	1	0	0	2	0	2	2	2	0	3	2	1	0	2	0	0	2	2	
0	2	1	3	2	0	0	3	0	0	2	0	0	0	0	0	1	2	0	0	0	1	3	2	0	0	1	2	
1	2	1	0	2	0	2	2	1	2	2	0	0	0	0	0	1	2	0	0	3	1	1	2	0	0	1	2	
1	2	1	3	3	1	0	2	0	2	2	0	0	0	0	0	1	2	2	0	2	1	0	2	0	0	1	2	
0	0	2	3	3	1	1	2	0	0	2	0	0	0	0	0	1	2	0	0	3	1	0	2	0	0	2	2	
0	2	1	0	2	1	0	2	0	0	2	0	0	0	0	0	1	1	0	0	2	0	1	1	1	0	1	1	
0	2	1	0	0	1	1	3	1	0	3	0	0	0	0	0	0	1	0	0	0	1	1	2	0	0	1	2	
0	2	1	0	2	3	0	2	2	0	2	0	0	2	0	0	1	2	0	0	2	3	0	0	0	3	1	1	
0	0	1	0	2	1	0	3	0	0	2	0	0	0	0	0	1	2	0	0	2	1	3	2	0	0	2	2	
0	2	2	0	3	1	1	2	0	0	2	0	0	0	0	0	1	2	0	0	3	1	1	2	0	0	0	2	
0	2	1	0	2	1	0	2	0	0	1	0	0	0	3	0	2	1	0	0	1	1	0	2	0	2	1	2	
0	2	1	0	2	0	0	2	0	0	2	0	0	0	0	0	1	1	0	0	2	2	1	2	0	2	2	2	
0	2	1	0	2	1	0	2	1	0	2	0	3	0	0	0	2	1	0	0	2	0	0	2	0	0	1	2	
0	2	1	0	2	1	0	2	0	2	3	0	0	2	0	2	1	2	0	0	2	1	0	1	0	0	1	2	
0	1	1	3	2	0	1	2	0	1	2	0	0	0	0	0	1	1	0	0	1	0	0	0	0	0	1	1	
0	1	1	0	2	0	1	2	1	0	2	0	0	0	0	2	1	2	0	0	2	3	0	0	0	0	1	2	
0	0	1	0	2	1	2	0	0	0	2	0	0	0	2	0	1	1	0	0	3	2	0	2	0	0	1	2	
0	2	1	0	0	2	0	2	0	0	2	0	0	2	0	2	1	2	1	0	2	1	0	2	0	0	1	1	
0	2	1	0	2	1	0	2	0	0	3	0	0	0	0	0	1	2	0	3	2	1	0	2	0	2	1	0	
1	2	0	0	0	1	0	2	0	0	2	0	0	2	0	0	2	2	0	0	0	0	0	0	0	0	2	2	
0	2	1	0	2	1	0	2	0	0	2	0	1	0	2	2	1	1	0	0	2	1	0	2	0	2	1	1	
0	1	1	0	3	1	0	2	0	0	2	0	0	0	0	0	1	2	0	0	2	1	0	0	1	0	1	2	
0	2	0	0	2	1	0	2	1	0	2	0	0	0	0	0	0	2	1	0	2	1	0	2	0	2	1	2	
0	2	1	0	2	3	2	0	0	0	3	0	0	0	1	0	1	2	0	3	1	2	0	2	0	2	1	2	
0	2	1	0	0	0	0	3	0	0	3	0	0	0	0	1	1	2	0	0	2	1	0	0	0	0	1	2	
0	2	0	3	2	0	1	2	0	0	2	0	0	0	2	0	1	2	0	0	2	1	0	2	1	0	1	2	
0	2	1	0	2	0	0	0	0	0	3	3	0	2	0	0	0	2	0	0	0	0	0	0	0	0	1	2	
0	2	1	0	1	1	0	0	1	0	3	0	0	0	0	1	1	2	2	3	2	1	1	0	0	3	0	2	
0	2	2	0	2	1	0	0	2	0	2	0	0	0	0	0	2	2	0	3	2	1	0	2	0	0	1	2	
0	0	1	0	3	1	0	2	0	0	2	0	3	0	0	0	1	2	0	0	0	1	0	2	1	2	1	2	
0	2	1	0	2	1	1	2	0	0	2	0	0	0	0	0	2	2	1	0	2	1	0	1	0	0	1	1	
0	2	1	0	2	1	0	2	1	0	2	0	0	0	0	0	1	2	0	0	2	1	0	2	0	0	1	1	
1	2	0	0	2	0	0	0	0	2	2	0	0	0	0	0	1	2	0	0	0	3	0	0	0	0	0	2	
0	0	2	0	2	1	0	3	1	0	2	0	0	0	0	0	2	2	0	0	2	3	0	1	1	0	1	0	
0	2	1	0	2	1	0	0	0	2	2	0	0	2	2	0	1	2	0	0	2	1	0	2	0	0	1	2	
0	1	1	0	2	1	1	3	0	0	3	2	0	1	0	0	2	1	0	0	0	2	0	2	0	0	2	1	
3	1	1	0	2	3	0	2	0	2	2	0	1	0	0	0	1	2	0	0	1	1	0	2	0	0	1	2	
0	0	0	0	0	2	0	2	0	0	2	0	3	0	0	0	1	2	0	0	2	1	0	2	0	0	1	2	
0	0	1	1	2	1	0	3	0	0	2	0	0	1	2	0	1	2	0	0	2	1	1	0	0	0	1	2	
0	2	1	0	2	1	0	2	0	2	2	0	3	0	0	0	1	2	0	0	0	2	0	2	0	2	0	2	
0	2	2	0	1	1	0	2	1	0	3	0	0	0	2	0	1	2	0	3	3	1	0	1	0	2	0	2	
0	2	1	0	2	1	1	2	0	0	2	0	0	0	2	0	1	2	0	3	2	1	1	1	1	0	1	2	
0	1	0	3	2	0	0	2	1	2	2	0	0	2	0	0	1	2	0	0	2	0	0	2	0	0	0	1	
0	1	1	0	2	1	0	3	0	0	3	0	0	0	0	0	2	2	0	0	2	1	0	1	0	0	2	2	
0	2	2	0	2	1	0	2	0	0	2	0	0	2	0	0	2	1	0	1	3	1	0	2	0	0	1	2	
0	2	2	0	2	3	1	3	0	0	2	0	0	2	0	0	1	2	2	0	2	1	0	2	0	0	2	2	
0	2	1	0	2	1	0	0	2	0	2	0	0	0	0	0	0	2	0	0	0	0	0	2	0	0	2	0	
0	0	1	1	2	1	0	2	0	0	2	0	0	0	0	0	1	2	0	0	2	1	0	0	2	0	0	2	
0	0	0	0	2	1	0	2	0	0	2	0	0	0	2	0	1	1	2	0	2	1	1	1	0	0	2	2	
0	2	1	0	2	1	1	2	0	1	2	0	0	0	2	0	1	2	0	0	0	1	0	1	0	0	1	2	
1	2	1	3	3	1	0	2	0	0	2	0	0	0	3	0	1	2	0	0	2	1	0	2	0	2	1	0	
1	1	2	0	2	0	0	2	0	0	2	0	0	2	0	0	2	2	0	1	0	2	0	2	0	0	1	2	
3	2	1	0	3	2	0	2	0	1	2	0	3	0	0	0	1	2	0	0	2	1	0	2	0	0	1	2	
0	2	1	0	0	1	0	3	0	0	2	2	0	0	2	2	1	2	0	0	2	0	3	1	0	0	1	0	
0	1	1	0	2	3	0	0	0	0	2	0	3	0	2	0	1	0	2	0	2	3	0	2	0	0	0	2	
0	2	1	0	1	1	0	0	0	0	2	0	0	0	0	0	1	2	0	0	2	1	0	0	0	0	1	1	
0	1	2	0	3	3	0	2	0	0	2	0	0	0	0	0	1	2	0	0	0	1	1	0	0	0	0	2	
1	2	0	3	2	1	0	0	0	2	2	0	0	0	0	0	1	1	0	0	2	1	0	2	0	0	1	2	
0	2	1	0	2	1	0	2	1	0	2	0	0	1	2	2	1	2	0	0	2	1	0	2	0	0	0	1	
0	2	2	0	2	1	0	2	0	0	2	0	3	0	0	0	1	2	0	0	2	1	0	2	0	0	1	2	
--------------------

--------------------
Best Solution Found!
--------------------
Time: 0 hour(s), 0 minute(s), 0 second(s), 22 millisecond(s)

Fitness: 315110

1	0	2	0	2	3	0	0	0	2	1	0	0	2	0	2	2	2	0	3	2	1	0	2	0	0	2	2	
0	2	1	3	2	0	0	3	0	0	2	0	0	0	0	0	1	2	0	0	0	1	3	2	0	0	1	2	
1	2	1	0	2	0	2	2	1	2	2	0	0	0	0	0	1	2	0	0	3	1	1	2	0	0	1	2	
1	2	1	3	3	1	0	2	0	2	2	0	0	0	0	0	1	2	2	0	2	1	0	2	0	0	1	2	
0	0	2	3	3	1	1	2	0	0	2	0	0	0	0	0	1	2	0	0	3	1	0	2	0	0	2	2	
0	2	1	0	2	1	0	2	0	0	2	0	0	0	0	0	1	1	0	0	2	0	1	1	1	0	1	1	
0	2	1	0	0	1	1	3	1	0	3	0	0	0	0	0	0	1	0	0	0	1	1	2	0	0	1	2	
0	2	1	0	2	3	0	2	2	0	2	0	0	2	0	0	1	2	0	0	2	3	0	0	0	3	1	1	
0	0	1	0	2	1	0	3	0	0	2	0	0	0	0	0	1	2	0	0	2	1	3	2	0	0	2	2	
0	2	2	0	3	1	1	2	0	0	2	0	0	0	0	0	1	2	0	0	3	1	1	2	0	0	0	2	
0	2	1	0	2	1	0	2	0	0	1	0	0	0	3	0	2	1	0	0	1	1	0	2	0	2	1	2	
0	2	1	0	2	0	0	2	0	0	2	0	0	0	0	0	1	1	0	0	2	2	1	2	0	2	2	2	
0	2	1	0	2	1	0	2	1	0	2	0	3	0	0	0	2	1	0	0	2	0	0	2	0	0	1	2	
0	2	1	0	2	1	0	2	0	2	3	0	0	2	0	2	1	2	0	0	2	1	0	1	0	0	1	2	
0	1	1	3	2	0	1	2	0	1	2	0	0	0	0	0	1	1	0	0	1	0	0	0	0	0	1	1	
0	1	1	0	2	0	1	2	1	0	2	0	0	0	0	2	1	2	0	0	2	3	0	0	0	0	1	2	
0	0	1	0	2	1	2	0	0	0	2	0	0	0	2	0	1	1	0	0	3	2	0	2	0	0	1	2	
0	2	1	0	0	2	0	2	0	0	2	0	0	2	0	2	1	2	1	0	2	1	0	2	0	0	1	1	
0	2	1	0	2	1	0	2	0	0	3	0	0	0	0	0	1	2	0	3	2	1	0	2	0	2	1	0	
1	2	0	0	0	1	0	2	0	0	2	0	0	2	0	0	2	2	0	0	0	0	0	0	0	0	2	2	
0	2	1	0	2	1	0	2	0	0	2	0	1	0	2	2	1	1	0	0	2	1	0	2	0	2	1	1	
0	1	1	0	3	1	0	2	0	0	2	0	0	0	0	0	1	2	0	0	2	1	0	0	1	0	1	2	
0	2	0	0	2	1	0	2	1	0	2	0	0	0	0	0	0	2	1	0	2	1	0	2	0	2	1	2	
0	2	1	0	2	3	2	0	0	0	3	0	0	0	1	0	1	2	0	3	1	2	0	2	0	2	1	2	
0	2	1	0	0	0	0	3	0	0	3	0	0	0	0	1	1	2	0	0	2	1	0	0	0	0	1	2	
0	2	0	3	2	0	1	2	0	0	2	0	0	0	2	0	1	2	0	0	2	1	0	2	1	0	1	2	
0	2	1	0	2	0	0	0	0	0	3	3	0	2	0	0	0	2	0	0	0	0	0	0	0	0	1	2	
0	2	1	0	1	1	0	0	1	0	3	0	0	0	0	1	1	2	2	3	2	1	1	0	0	3	0	2	
0	2	2	0	2	1	0	0	2	0	2	0	0	0	0	0	2	2	0	3	2	1	0	2	0	0	1	2	
0	0	1	0	3	1	0	2	0	0	2	0	3	0	0	0	1	2	0	0	0	1	0	2	1	2	1	2	
0	2	1	0	2	1	1	2	0	0	2	0	0	0	0	0	2	2	1	0	2	1	0	1	0	0	1	1	
0	2	1	0	2	1	0	2	1	0	2	0	0	0	0	0	1	2	0	0	2	1	0	2	0	0	1	1	
1	2	0	0	2	0	0	0	0	2	2	0	0	0	0	0	1	2	0	0	0	3	0	0	0	0	0	2	
0	0	2	0	2	1	0	3	1	0	2	0	0	0	0	0	2	2	0	0	2	3	0	1	1	0	1	0	
0	2	1	0	2	1	0	0	0	2	2	0	0	2	2	0	1	2	0	0	2	1	0	2	0	0	1	2	
0	1	1	0	2	1	1	3	0	0	3	2	0	1	0	0	2	1	0	0	0	2	0	2	0	0	2	1	
3	1	1	0	2	3	0	2	0	2	2	0	1	0	0	0	1	2	0	0	1	1	0	2	0	0	1	2	
0	0	0	0	0	2	0	2	0	0	2	0	3	0	0	0	1	2	0	0	2	1	0	2	0	0	1	2	
0	0	1	1	2	1	0	3	0	0	2	0	0	1	2	0	1	2	0	0	2	1	1	0	0	0	1	2	
0	2	1	0	2	1	0	2	0	2	2	0	3	0	0	0	1	2	0	0	0	2	0	2	0	2	0	2	
0	2	2	0	1	1	0	2	1	0	3	0	0	0	2	0	1	2	0	3	3	1	0	1	0	2	0	2	
0	2	1	0	2	1	1	2	0	0	2	0	0	0	2	0	1	2	0	3	2	1	1	1	1	0	1	2	
0	1	0	3	2	0	0	2	1	2	2	0	0	2	0	0	1	2	0	0	2	0	0	2	0	0	0	1	
0	1	1	0	2	1	0	3	0	0	3	0	0	0	0	0	2	2	0	0	2	1	0	1	0	0	2	2	
0	2	2	0	2	1	0	2	0	0	2	0	0	2	0	0	2	1	0	1	3	1	0	2	0	0	1	2	
0	2	2	0	2	3	1	3	0	0	2	0	0	2	0	0	1	2	2	0	2	1	0	2	0	0	2	2	
0	2	1	0	2	1	0	0	2	0	2	0	0	0	0	0	0	2	0	0	0	0	0	2	0	0	2	0	
0	0	1	1	2	1	0	2	0	0	2	0	0	0	0	0	1	2	0	0	2	1	0	0	2	0	0	2	
0	0	0	0	2	1	0	2	0	0	2	0	0	0	2	0	1	1	2	0	2	1	1	1	0	0	2	2	
0	2	1	0	2	1	1	2	0	1	2	0	0	0	2	0	1	2	0	0	0	1	0	1	0	0	1	2	
1	2	1	3	3	1	0	2	0	0	2	0	0	0	3	0	1	2	0	0	2	1	0	2	0	2	1	0	
1	1	2	0	2	0	0	2	0	0	2	0	0	2	0	0	2	2	0	1	0	2	0	2	0	0	1	2	
3	2	1	0	3	2	0	2	0	1	2	0	3	0	0	0	1	2	0	0	2	1	0	2	0	0	1	2	
0	2	1	0	0	1	0	3	0	0	2	2	0	0	2	2	1	2	0	0	2	0	3	1	0	0	1	0	
0	1	1	0	2	3	0	0	0	0	2	0	3	0	2	0	1	0	2	0	2	3	0	2	0	0	0	2	
0	2	1	0	1	1	0	0	0	0	2	0	0	0	0	0	1	2	0	0	2	1	0	0	0	0	1	1	
0	1	2	0	3	3	0	2	0	0	2	0	0	0	0	0	1	2	0	0	0	1	1	0	0	0	0	2	
1	2	0	3	2	1	0	0	0	2	2	0	0	0	0	0	1	1	0	0	2	1	0	2	0	0	1	2	
0	2	1	0	2	1	0	2	1	0	2	0	0	1	2	2	1	2	0	0	2	1	0	2	0	0	0	1	
0	2	2	0	2	1	0	2	0	0	2	0	3	0	0	0	1	2	0	0	2	1	0	2	0	0	1	2	
--------------------

--------------------
Best Solution Found!
--------------------
Time: 0 hour(s), 0 minute(s), 0 second(s), 25 millisecond(s)

Fitness: 315110

1	0	2	0	2	3	0	0	0	2	1	0	0	2	0	2	2	2	0	3	2	1	0	2	0	0	2	2	
0	2	1	3	2	0	0	3	0	0	2	0	0	0	0	0	1	2	0	0	0	1	3	2	0	0	1	2	
1	2	1	0	2	0	2	2	1	2	2	0	0	0	0	0	1	2	0	0	3	1	1	2	0	0	1	2	
1	2	1	3	3	1	0	2	0	2	2	0	0	0	0	0	1	2	2	0	2	1	0	2	0	0	1	2	
0	0	2	3	3	1	1	2	0	0	2	0	0	0	0	0	1	2	0	0	3	1	0	2	0	0	2	2	
0	2	1	0	2	1	0	2	0	0	2	0	0	0	0	0	1	1	0	0	2	0	1	1	1	0	1	1	
0	2	1	0	0	1	1	3	1	0	3	0	0	0	0	0	0	1	0	0	0	1	1	2	0	0	1	2	
0	2	1	0	2	3	0	2	2	0	2	0	0	2	0	0	1	2	0	0	2	3	0	0	0	3	1	1	
0	0	1	0	2	1	0	3	0	0	2	0	0	0	0	0	1	2	0	0	2	1	3	2	0	0	2	2	
0	2	2	0	3	1	1	2	0	0	2	0	0	0	0	0	1	2	0	0	3	1	1	2	0	0	0	2	
0	2	1	0	2	1	0	2	0	0	1	0	0	0	3	0	2	1	0	0	1	1	0	2	0	2	1	2	
0	2	1	0	2	0	0	2	0	0	2	0	0	0	0	0	1	1	0	0	2	2	1	2	0	2	2	2	
0	2	1	0	2	1	0	2	1	0	2	0	3	0	0	0	2	1	0	0	2	0	0	2	0	0	1	2	
0	2	1	0	2	1	0	2	0	2	3	0	0	2	0	2	1	2	0	0	2	1	0	1	0	0	1	2	
0	1	1	3	2	0	1	2	0	1	2	0	0	0	0	0	1	1	0	0	1	0	0	0	0	0	1	1	
0	1	1	0	2	0	1	2	1	0	2	0	0	0	0	2	1	2	0	0	2	3	0	0	0	0	1	2	
0	0	1	0	2	1	2	0	0	0	2	0	0	0	2	0	1	1	0	0	3	2	0	2	0	0	1	2	
0	2	1	0	0	2	0	2	0	0	2	0	0	2	0	2	1	2	1	0	2	1	0	2	0	0	1	1	
0	2	1	0	2	1	0	2	0	0	3	0	0	0	0	0	1	2	0	3	2	1	0	2	0	2	1	0	
1	2	0	0	0	1	0	2	0	0	2	0	0	2	0	0	2	2	0	0	0	0	0	0	0	0	2	2	
0	2	1	0	2	1	0	2	0	0	2	0	1	0	2	2	1	1	0	0	2	1	0	2	0	2	1	1	
0	1	1	0	3	1	0	2	0	0	2	0	0	0	0	0	1	2	0	0	2	1	0	0	1	0	1	2	
0	2	0	0	2	1	0	2	1	0	2	0	0	0	0	0	0	2	1	0	2	1	0	2	0	2	1	2	
0	2	1	0	2	3	2	0	0	0	3	0	0	0	1	0	1	2	0	3	1	2	0	2	0	2	1	2	
0	2	1	0	0	0	0	3	0	0	3	0	0	0	0	1	1	2	0	0	2	1	0	0	0	0	1	2	
0	2	0	3	2	0	1	2	0	0	2	0	0	0	2	0	1	2	0	0	2	1	0	2	1	0	1	2	
0	2	1	0	2	0	0	0	0	0	3	3	0	2	0	0	0	2	0	0	0	0	0	0	0	0	1	2	
0	2	1	0	1	1	0	0	1	0	3	0	0	0	0	1	1	2	2	3	2	1	1	0	0	3	0	2	
0	2	2	0	2	1	0	0	2	0	2	0	0	0	0	0	2	2	0	3	2	1	0	2	0	0	1	2	
0	0	1	0	3	1	0	2	0	0	2	0	3	0	0	0	1	2	0	0	0	1	0	2	1	2	1	2	
0	2	1	0	2	1	1	2	0	0	2	0	0	0	0	0	2	2	1	0	2	1	0	1	0	0	1	1	
0	2	1	0	2	1	0	2	1	0	2	0	0	0	0	0	1	2	0	0	2	1	0	2	0	0	1	1	
1	2	0	0	2	0	0	0	0	2	2	0	0	0	0	0	1	2	0	0	0	3	0	0	0	0	0	2	
0	0	2	0	2	1	0	3	1	0	2	0	0	0	0	0	2	2	0	0	2	3	0	1	1	0	1	0	
0	2	1	0	2	1	0	0	0	2	2	0	0	2	2	0	1	2	0	0	2	1	0	2	0	0	1	2	
0	1	1	0	2	1	1	3	0	0	3	2	0	1	0	0	2	1	0	0	0	2	0	2	0	0	2	1	
3	1	1	0	2	3	0	2	0	2	2	0	1	0	0	0	1	2	0	0	1	1	0	2	0	0	1	2	
0	0	0	0	0	2	0	2	0	0	2	0	3	0	0	0	1	2	0	0	2	1	0	2	0	0	1	2	
0	0	1	1	2	1	0	3	0	0	2	0	0	1	2	0	1	2	0	0	2	1	1	0	0	0	1	2	
0	2	1	0	2	1	0	2	0	2	2	0	3	0	0	0	1	2	0	0	0	2	0	2	0	2	0	2	
0	2	2	0	1	1	0	2	1	0	3	0	0	0	2	0	1	2	0	3	3	1	0	1	0	2	0	2	
0	2	1	0	2	1	1	2	0	0	2	0	0	0	2	0	1	2	0	3	2	1	1	1	1	0	1	2	
0	1	0	3	2	0	0	2	1	2	2	0	0	2	0	0	1	2	0	0	2	0	0	2	0	0	0	1	
0	1	1	0	2	1	0	3	0	0	3	0	0	0	0	0	2	2	0	0	2	1	0	1	0	0	2	2	
0	2	2	0	2	1	0	2	0	0	2	0	0	2	0	0	2	1	0	1	3	1	0	2	0	0	1	2	
0	2	2	0	2	3	1	3	0	0	2	0	0	2	0	0	1	2	2	0	2	1	0	2	0	0	2	2	
0	2	1	0	2	1	0	0	2	0	2	0	0	0	0	0	0	2	0	0	0	0	0	2	0	0	2	0	
0	0	1	1	2	1	0	2	0	0	2	0	0	0	0	0	1	2	0	0	2	1	0	0	2	0	0	2	
0	0	0	0	2	1	0	2	0	0	2	0	0	0	2	0	1	1	2	0	2	1	1	1	0	0	2	2	
0	2	1	0	2	1	1	2	0	1	2	0	0	0	2	0	1	2	0	0	0	1	0	1	0	0	1	2	
1	2	1	3	3	1	0	2	0	0	2	0	0	0	3	0	1	2	0	0	2	1	0	2	0	2	1	0	
1	1	2	0	2	0	0	2	0	0	2	0	0	2	0	0	2	2	0	1	0	2	0	2	0	0	1	2	
3	2	1	0	3	2	0	2	0	1	2	0	3	0	0	0	1	2	0	0	2	1	0	2	0	0	1	2	
0	2	1	0	0	1	0	3	0	0	2	2	0	0	2	2	1	2	0	0	2	0	3	1	0	0	1	0	
0	1	1	0	2	3	0	0	0	0	2	0	3	0	2	0	1	0	2	0	2	3	0	2	0	0	0	2	
0	2	1	0	1	1	0	0	0	0	2	0	0	0	0	0	1	2	0	0	2	1	0	0	0	0	1	1	
0	1	2	0	3	3	0	2	0	0	2	0	0	0	0	0	1	2	0	0	0	1	1	0	0	0	0	2	
1	2	0	3	2	1	0	0	0	2	2	0	0	0	0	0	1	1	0	0	2	1	0	2	0	0	1	2	
0	2	1	0	2	1	0	2	1	0	2	0	0	1	2	2	1	2	0	0	2	1	0	2	0	0	0	1	
0	2	2	0	2	1	0	2	0	0	2	0	3	0	0	0	1	2	0	0	2	1	0	2	0	0	1	2	
--------------------

--------------------
Best Solution Found!
--------------------
Time: 0 hour(s), 0 minute(s), 0 second(s), 53 millisecond(s)

Fitness: 315092

0	2	1	0	2	1	0	2	0	0	2	0	0	0	0	0	1	1	0	0	2	1	1	1	1	0	1	2	
0	1	1	0	2	1	0	2	0	2	2	0	0	0	1	0	2	2	0	0	2	1	0	1	0	0	2	2	
0	2	1	0	2	1	2	3	0	0	2	0	0	1	0	0	1	2	0	3	2	1	0	0	0	0	2	1	
0	0	1	0	2	0	0	0	1	2	2	0	0	2	0	0	1	2	0	0	2	1	0	2	0	0	1	2	
0	1	2	0	2	1	0	2	0	0	2	0	0	0	0	0	2	2	0	0	2	1	1	2	0	0	1	2	
0	0	2	0	2	1	0	2	0	0	3	0	3	2	3	0	1	2	0	0	2	1	0	2	0	2	1	2	
0	2	2	0	2	1	2	2	0	0	2	0	0	0	0	0	1	2	0	0	2	1	3	2	0	0	0	2	
0	0	1	0	2	0	0	2	1	0	3	3	0	1	0	1	1	2	0	3	2	3	0	2	0	0	2	2	
0	2	1	0	1	3	0	2	0	0	2	0	0	0	2	0	2	2	0	0	2	1	0	2	0	2	1	2	
0	2	0	0	2	1	0	2	0	0	2	0	0	0	0	0	0	2	0	0	2	1	0	1	0	0	1	1	
1	1	1	0	2	0	0	2	2	0	2	0	0	0	2	0	1	2	2	0	2	1	0	1	0	2	1	0	
0	2	1	0	2	1	0	2	0	0	2	0	0	1	2	2	1	2	0	0	2	1	0	2	0	0	0	1	
0	2	1	0	2	1	0	2	0	2	2	0	0	0	0	0	1	2	0	0	2	3	0	2	0	2	1	2	
0	2	1	0	3	1	0	2	1	2	2	0	3	2	0	0	0	1	0	0	1	2	0	1	0	0	0	2	
3	2	1	0	1	3	0	3	0	0	2	0	0	0	2	0	1	2	0	3	2	1	0	2	0	0	2	2	
3	2	1	0	2	1	0	0	0	0	2	0	0	2	3	0	1	2	0	0	3	1	1	2	0	2	2	1	
0	0	1	0	2	1	0	2	0	0	2	0	0	0	0	0	1	2	0	0	3	1	0	2	1	0	1	2	
0	2	1	0	2	3	1	2	0	1	2	0	0	0	0	0	1	2	2	0	2	0	0	0	0	0	1	2	
0	0	1	0	2	1	0	0	0	0	3	0	0	0	0	0	1	2	0	0	0	1	0	2	0	0	1	2	
0	1	0	1	2	0	0	2	0	2	2	0	0	0	0	0	1	2	0	0	3	0	0	2	0	0	1	0	
0	2	1	3	2	3	0	2	2	0	2	0	0	0	2	0	1	2	0	3	2	2	0	2	0	0	1	2	
0	0	1	0	0	0	0	2	0	0	3	0	0	2	0	0	1	2	2	0	2	3	0	2	0	0	0	0	
0	1	1	3	2	0	0	2	0	2	3	0	0	0	2	0	1	2	0	0	1	1	0	2	0	0	1	2	
1	2	0	0	2	1	1	2	1	0	2	0	0	0	0	0	1	2	0	0	0	1	0	0	0	0	1	2	
1	2	1	0	2	1	0	2	0	0	2	0	0	0	2	0	1	2	0	0	2	0	0	1	0	0	1	1	
0	2	2	3	3	1	0	2	0	0	3	0	0	0	0	0	1	2	0	0	3	1	1	2	0	0	1	2	
0	2	1	0	2	0	0	3	0	2	2	0	0	0	0	2	0	2	0	0	2	1	0	2	0	0	0	0	
1	2	1	3	3	1	0	2	1	0	3	0	0	0	0	0	1	1	0	0	1	0	0	2	0	0	2	2	
0	2	0	0	2	1	0	0	1	2	1	0	3	0	0	2	1	2	0	0	0	0	1	2	0	0	1	2	
0	2	1	0	3	2	0	3	0	0	2	0	0	0	0	0	1	2	0	0	2	3	0	2	0	2	2	1	
1	0	2	3	2	1	0	3	1	0	3	0	0	0	0	0	1	1	2	0	2	1	0	0	1	2	1	2	
0	1	1	0	2	1	2	0	0	0	2	0	0	0	0	2	2	2	0	1	2	1	0	2	0	2	1	1	
0	2	1	0	3	1	0	2	0	0	2	0	0	0	0	0	1	0	0	0	3	2	1	2	0	0	1	2	
0	2	1	0	0	1	1	3	0	0	2	0	0	0	0	2	2	2	0	0	0	2	0	0	0	0	1	1	
0	1	0	0	2	1	1	3	1	2	3	0	0	0	0	0	1	2	0	0	0	1	0	0	2	0	1	2	
0	2	1	0	2	0	0	2	1	0	2	0	1	0	0	0	2	2	0	1	2	2	3	0	0	0	1	2	
0	2	2	0	2	1	0	2	0	0	2	0	0	0	0	0	1	2	0	0	2	1	1	1	0	0	0	1	
0	1	1	0	2	1	0	2	0	0	2	0	0	0	0	0	1	1	0	0	2	1	0	2	0	0	1	2	
0	1	1	0	2	1	0	2	1	0	2	0	0	2	0	0	2	2	0	0	2	1	0	1	0	0	2	2	
0	2	1	0	2	1	0	0	0	0	2	0	0	0	0	0	1	1	0	0	2	1	3	2	1	0	0	2	
0	2	2	0	0	1	0	2	0	0	2	0	0	2	2	0	0	1	0	0	2	1	0	0	0	0	1	2	
0	2	1	0	2	1	0	0	0	0	2	0	0	2	2	0	1	1	0	0	0	1	0	2	0	3	1	2	
0	2	2	0	2	3	0	0	0	0	2	0	0	0	0	0	1	1	0	0	2	1	0	1	0	0	0	2	
0	2	2	0	2	1	0	3	0	0	2	0	3	0	0	0	1	2	0	0	0	1	1	0	0	2	1	1	
0	2	1	1	0	3	0	2	0	0	2	0	0	0	0	2	1	2	0	0	2	1	0	2	1	0	1	2	
0	2	1	0	3	0	0	2	1	0	2	0	3	0	0	2	2	2	0	0	0	2	1	1	1	0	1	0	
1	0	1	3	1	1	1	3	0	0	2	0	3	0	0	0	1	1	1	0	2	1	0	2	0	0	1	2	
0	1	1	0	2	1	0	0	0	0	2	2	0	2	2	0	1	2	0	0	2	1	1	2	0	0	0	1	
1	2	1	0	2	1	1	0	0	0	2	0	0	0	0	0	1	2	2	0	0	1	0	2	0	3	1	2	
0	2	0	0	0	0	0	2	0	0	2	0	0	0	0	0	1	2	0	0	2	0	0	2	0	0	1	2	
0	2	1	3	3	1	1	0	0	2	2	0	0	0	2	0	1	2	0	3	2	1	0	2	0	0	1	2	
0	2	1	0	2	1	1	3	0	0	2	0	1	0	0	0	1	2	0	0	2	1	0	0	0	0	1	2	
1	2	1	0	3	2	0	2	0	1	2	0	0	2	2	0	2	2	1	0	2	1	0	0	0	0	1	2	
0	2	0	0	2	1	1	2	0	0	2	0	0	0	0	1	1	2	1	3	1	3	0	0	0	0	1	2	
0	0	1	0	2	1	1	0	0	0	2	0	0	0	0	0	1	2	0	3	3	1	0	2	0	2	0	2	
0	2	2	0	0	1	0	2	2	0	2	0	0	0	0	0	1	1	0	0	0	0	0	2	0	0	1	2	
0	0	0	3	2	1	0	2	0	0	2	0	0	0	0	0	2	1	0	0	0	1	0	2	0	0	2	2	
0	2	1	0	2	2	1	2	0	0	2	0	3	0	0	0	2	2	0	0	0	1	0	2	0	0	1	2	
0	2	1	0	2	0	0	2	0	1	1	2	0	2	0	0	1	2	0	0	2	0	0	0	0	0	1	2	
0	2	2	0	2	3	0	2	0	0	3	0	0	0	0	0	1	2	0	0	2	1	0	2	0	0	2	2	
--------------------

--------------------
Best Solution Found!
--------------------
Time: 0 hour(s), 0 minute(s), 0 second(s), 74 millisecond(s)

Fitness: 312093

0	2	1	0	2	1	0	2	0	2	2	0	0	0	0	0	1	2	0	0	2	0	0	2	0	0	0	2	
0	2	2	0	0	1	2	2	0	0	3	0	0	0	2	0	1	2	0	0	2	0	1	2	0	0	1	1	
0	0	1	3	2	1	0	2	0	2	2	0	0	0	2	0	2	2	0	0	2	1	0	1	0	0	0	2	
0	2	0	3	2	1	0	3	1	2	2	0	0	0	0	0	0	2	2	0	2	1	0	2	1	0	2	2	
3	2	1	0	3	1	0	0	0	0	2	0	0	0	0	0	2	2	0	0	2	1	0	2	0	0	1	2	
0	2	1	0	2	0	0	3	0	0	2	0	0	0	3	0	1	1	0	0	2	1	0	2	0	0	2	2	
0	2	0	0	2	1	0	3	0	0	2	0	0	0	0	0	1	1	0	1	0	0	0	0	0	0	0	2	
0	1	1	1	1	1	0	3	0	0	3	0	0	0	0	0	1	1	2	0	2	1	0	0	0	3	2	1	
0	0	2	0	0	3	0	2	2	0	2	0	0	2	0	0	1	1	0	0	2	1	0	2	0	0	1	2	
0	0	1	0	3	3	0	2	0	0	2	0	0	0	0	0	2	2	0	3	1	1	1	2	0	0	0	2	
0	2	1	0	1	0	0	0	0	0	2	0	3	0	0	0	1	2	0	0	3	1	0	0	2	2	2	2	
1	2	1	0	2	1	0	2	0	0	3	0	3	0	0	0	1	2	0	0	0	1	0	2	0	2	1	2	
0	2	2	0	2	3	0	2	0	0	2	0	0	1	2	0	1	2	1	0	0	1	0	2	0	0	0	1	
0	2	1	0	0	1	0	2	0	2	2	0	0	2	0	0	1	2	0	0	1	1	1	1	0	0	1	2	
0	1	1	0	2	0	0	3	0	1	2	0	3	2	0	0	1	2	2	0	2	1	1	2	0	0	1	2	
0	2	0	0	2	1	0	2	0	0	2	0	0	2	0	0	0	2	0	0	2	2	0	2	1	0	1	2	
0	2	1	0	0	1	0	0	1	0	2	0	1	0	0	0	1	1	0	3	0	0	1	2	0	0	1	0	
0	0	0	3	2	1	0	2	0	0	2	0	3	0	0	0	2	2	0	0	2	1	1	0	0	0	1	1	
0	1	1	0	2	1	0	2	1	0	2	2	0	0	2	0	1	2	0	0	0	1	0	1	0	2	1	2	
0	2	1	0	3	1	0	2	0	0	2	0	0	0	0	0	1	2	0	0	0	0	0	2	0	0	1	2	
1	2	1	0	1	1	1	2	1	0	2	0	0	0	0	0	2	2	0	0	2	3	0	1	1	2	1	2	
0	0	2	0	3	1	0	0	0	0	2	0	0	0	0	1	1	2	0	3	0	1	3	2	0	0	1	2	
1	1	1	0	2	1	0	0	0	0	1	0	0	2	1	0	1	2	0	3	2	3	0	0	0	2	1	2	
0	2	1	0	2	3	1	3	0	0	2	0	0	0	0	0	1	2	0	0	0	2	0	0	0	2	1	2	
0	1	1	0	2	1	0	2	0	0	2	0	3	2	0	0	1	2	0	0	2	1	1	2	0	0	1	2	
0	2	1	0	3	1	0	0	0	0	2	0	0	0	2	0	1	2	0	0	2	1	0	0	1	0	1	2	
0	2	2	0	2	1	2	0	0	0	2	0	0	0	0	0	1	1	0	0	0	1	0	2	0	0	1	2	
0	1	1	1	2	3	0	2	2	0	2	0	0	0	0	0	1	2	0	0	2	1	0	2	0	3	1	2	
0	2	0	3	0	1	0	2	0	0	2	0	0	0	0	0	1	2	1	3	2	1	0	0	0	0	2	2	
1	0	1	0	2	2	0	2	0	0	3	0	0	0	0	0	1	2	0	0	2	1	0	2	0	2	1	2	
0	2	2	0	2	1	0	2	0	0	2	0	0	0	0	0	1	2	0	0	2	3	0	2	0	0	0	2	
0	2	1	0	3	1	0	2	0	0	2	0	0	2	2	0	0	2	0	0	0	1	0	2	0	0	1	2	
0	2	1	3	2	1	0	0	0	2	2	0	0	0	2	1	1	2	0	0	2	1	3	1	0	0	0	1	
0	2	1	0	2	1	0	2	0	0	3	0	3	0	2	0	0	2	0	0	3	2	0	0	0	0	2	2	
1	2	1	0	2	0	1	2	0	2	3	0	0	0	2	2	1	2	0	0	2	1	0	2	0	0	1	2	
0	2	1	0	2	1	1	2	0	0	2	0	0	0	0	0	1	2	1	3	3	1	0	2	0	0	1	2	
0	2	2	0	2	1	0	0	0	2	1	0	0	0	0	0	1	1	0	0	2	2	0	2	0	0	1	2	
1	1	1	0	2	1	1	2	0	0	2	0	0	0	0	0	1	2	0	0	2	1	0	2	0	0	1	2	
0	0	1	0	2	0	1	2	0	0	2	0	0	0	0	0	2	2	0	0	0	1	0	2	1	0	1	2	
0	2	1	0	2	1	1	3	0	2	2	2	0	0	0	0	1	2	0	0	2	1	0	2	0	2	2	2	
0	0	0	0	2	0	0	2	1	0	2	0	0	0	0	0	1	2	0	0	2	0	0	2	0	2	1	0	
0	2	1	0	2	0	0	2	0	0	2	0	0	0	0	0	1	2	0	0	3	0	0	1	1	0	0	2	
3	2	2	0	2	1	0	2	0	2	2	0	0	2	0	2	2	2	0	0	2	0	0	2	0	0	1	0	
0	2	2	0	2	1	1	0	1	0	2	0	0	0	0	0	1	2	0	0	2	1	0	2	0	0	2	2	
0	2	1	3	0	0	0	2	1	0	2	0	3	0	2	2	1	2	0	0	2	1	0	0	0	0	1	2	
0	2	1	0	2	1	0	2	0	0	2	0	0	0	0	0	1	2	0	0	2	2	0	1	0	0	1	0	
0	2	1	0	2	1	0	0	0	0	3	0	0	1	2	0	1	1	0	0	2	3	0	2	0	0	1	2	
0	2	1	0	2	3	1	0	0	0	2	0	0	0	0	0	1	0	0	0	2	1	1	0	0	0	1	2	
0	2	1	0	2	1	1	3	0	0	2	3	0	2	0	0	2	1	0	0	2	3	0	2	0	0	1	1	
0	2	2	0	2	1	1	2	1	1	3	0	1	2	0	2	1	1	0	0	2	1	0	2	0	0	1	2	
0	1	1	0	2	2	0	2	0	0	2	0	0	2	3	0	2	2	2	0	0	1	1	2	0	2	2	2	
0	0	1	3	3	1	0	3	0	0	2	0	0	0	0	0	1	1	2	0	2	1	0	0	0	0	1	1	
0	1	1	0	2	1	0	2	0	1	2	0	0	0	0	0	1	2	0	0	1	1	3	2	0	0	1	0	
0	2	1	0	2	3	0	2	0	0	2	0	0	0	0	0	1	2	0	0	2	1	1	2	0	0	0	2	
0	2	1	0	2	1	0	2	1	0	2	0	0	0	0	2	1	2	0	3	1	2	0	2	0	0	1	1	
1	1	0	0	2	2	0	2	0	0	2	0	0	0	0	2	2	1	0	0	2	1	0	0	0	0	1	2	
0	2	1	3	2	0	0	2	2	0	2	0	0	0	0	0	1	2	0	1	2	1	0	1	0	0	2	1	
1	2	0	0	2	1	2	3	1	2	3	0	0	0	2	2	1	2	0	0	3	1	0	1	0	0	0	2	
0	2	2	0	3	0	0	2	0	0	2	0	0	1	0	0	2	2	0	0	2	1	0	1	0	0	1	1	
0	0	1	0	2	0	0	2	1	0	3	0	0	0	0	0	1	2	0	0	3	1	0	2	0	0	1	1	
--------------------

--------------------
Best Solution Found!
--------------------
Time: 0 hour(s), 0 minute(s), 0 second(s), 275 millisecond(s)

Fitness: 306069

0	2	1	1	2	0	1	2	2	0	2	0	0	2	0	0	1	2	0	0	3	3	0	0	1	0	1	2	
0	0	0	0	2	1	0	2	0	0	3	0	0	0	0	0	2	1	0	0	2	1	0	1	0	0	1	0	
0	2	2	0	3	1	0	2	0	0	2	0	0	0	0	0	2	2	0	0	1	3	0	1	0	0	2	2	
0	0	0	0	3	3	0	2	0	0	2	0	0	0	0	1	2	2	2	0	2	0	0	2	1	0	1	2	
0	2	1	0	2	1	0	2	1	0	2	0	0	1	0	0	1	1	0	0	0	1	0	2	0	0	0	2	
0	2	1	0	2	1	2	0	0	0	2	0	0	0	0	0	1	2	0	0	2	1	0	2	0	2	1	2	
0	2	1	0	0	3	0	3	0	0	2	0	1	2	0	0	1	2	0	0	2	1	1	2	0	2	1	2	
0	2	0	0	2	1	0	2	0	0	2	0	0	0	1	2	1	2	0	3	1	1	0	2	0	0	1	1	
1	0	2	0	2	1	0	0	0	0	2	0	0	0	2	0	1	2	0	3	2	1	1	2	0	0	1	2	
0	2	1	0	2	1	0	2	1	0	2	0	0	0	2	0	1	1	0	0	2	1	0	2	2	0	1	2	
0	1	1	0	2	1	0	2	1	0	1	0	0	0	0	0	1	2	0	0	0	1	0	2	0	0	1	2	
0	2	0	0	2	3	0	2	0	2	2	0	0	0	2	2	2	2	0	0	0	2	0	2	0	0	2	2	
0	2	1	0	0	3	0	0	0	0	3	0	0	0	0	0	1	2	0	0	0	1	0	2	0	0	1	2	
0	0	1	0	2	0	0	0	0	0	2	0	0	0	0	0	2	2	0	0	3	1	1	2	0	0	1	2	
0	2	2	3	3	3	0	2	0	0	2	0	0	0	0	0	1	1	0	0	2	1	1	2	0	2	0	2	
1	2	1	0	3	1	1	2	0	0	2	0	0	0	0	0	1	1	2	3	3	1	0	2	0	0	1	2	
1	2	0	3	2	0	0	0	0	0	2	0	0	0	0	0	1	2	2	0	0	3	1	2	0	0	1	2	
3	2	1	0	3	2	0	3	0	2	2	0	0	0	0	0	0	2	0	0	2	1	0	0	0	2	1	1	
0	2	1	0	2	1	0	3	1	0	2	0	0	0	2	2	1	2	0	0	2	2	0	1	1	0	1	1	
1	2	0	0	2	0	1	2	0	2	2	0	3	0	0	0	2	2	0	0	2	2	0	0	0	0	0	2	
0	2	2	0	0	1	0	2	0	0	3	0	3	0	0	0	1	2	0	0	2	1	0	2	0	2	1	2	
0	2	1	0	2	1	0	2	0	0	2	0	0	0	2	0	1	1	0	0	2	1	0	2	0	0	1	2	
0	2	2	3	2	1	0	2	0	0	2	0	0	0	2	0	1	2	0	0	2	1	1	0	0	0	2	1	
0	2	1	0	2	1	0	2	0	0	2	0	0	1	0	1	1	2	0	0	0	0	1	2	0	0	1	2	
1	2	1	0	3	1	1	2	0	0	2	0	0	0	0	0	2	1	1	0	0	1	0	2	0	3	1	2	
1	2	1	0	2	2	0	0	0	0	3	0	0	0	0	0	1	2	0	0	2	0	0	2	0	0	1	2	
1	2	2	0	2	1	1	3	0	2	2	0	0	0	0	0	2	2	0	0	2	1	0	1	0	0	2	2	
0	0	2	1	1	0	1	0	0	2	2	3	0	0	0	0	1	1	0	0	2	1	0	2	0	0	2	2	
0	1	1	0	3	1	0	2	0	0	2	0	0	0	0	2	1	2	0	0	2	1	0	2	0	0	1	1	
0	2	1	0	0	1	0	2	0	0	2	0	0	1	0	0	1	2	0	0	2	1	0	0	0	0	0	1	
0	2	1	0	3	3	0	3	0	2	2	0	3	0	2	0	1	1	0	0	0	1	0	1	0	2	1	2	
0	2	0	0	2	1	0	2	1	0	2	0	0	2	0	0	1	2	0	0	0	0	1	0	0	0	0	1	
0	2	1	0	2	3	0	2	0	1	2	0	0	0	0	0	1	2	0	0	2	1	0	2	0	0	1	2	
0	2	1	0	2	0	0	2	0	0	2	0	0	0	0	0	1	2	1	0	2	0	0	1	0	3	1	2	
0	2	1	0	0	1	0	0	0	0	2	0	0	0	0	0	1	2	0	3	0	1	0	2	0	2	0	2	
0	1	1	0	2	1	1	0	2	0	2	0	3	2	0	0	2	1	0	0	2	3	1	2	0	0	2	1	
0	0	1	0	2	1	0	0	2	2	2	0	0	0	0	2	1	2	0	3	2	1	3	2	0	2	1	2	
0	2	1	0	2	2	0	2	1	0	2	0	0	0	0	2	1	2	0	3	2	2	0	2	1	0	1	2	
0	2	1	3	2	1	0	3	0	0	2	0	0	0	0	0	1	2	0	1	2	2	0	2	0	0	1	2	
0	2	1	0	2	1	0	3	0	1	3	0	0	0	2	0	1	2	2	0	2	1	0	2	0	0	1	2	
0	0	1	3	2	1	1	2	0	0	2	0	0	0	0	0	1	2	0	0	2	1	0	0	0	0	1	2	
0	1	0	0	2	1	0	2	1	0	1	0	0	0	0	0	1	2	0	0	2	1	0	1	1	0	2	2	
0	1	1	3	2	1	0	2	0	0	2	0	3	2	0	0	1	2	0	0	2	1	0	0	0	0	1	0	
0	2	1	0	1	0	1	3	0	2	3	0	3	2	0	0	1	2	1	0	0	1	0	2	0	0	1	0	
0	2	1	0	2	1	1	2	0	1	2	0	3	0	0	0	1	2	0	0	2	1	0	0	0	0	0	1	
0	2	1	0	2	0	0	2	0	0	2	0	0	0	0	0	1	2	0	0	1	1	0	0	0	0	2	2	
1	1	1	0	2	0	1	2	0	0	2	2	0	0	0	0	1	2	0	0	2	1	0	2	0	0	1	2	
0	0	1	0	2	0	2	0	0	0	3	0	0	0	0	0	1	2	0	0	2	1	0	2	0	2	1	2	
0	2	1	0	2	1	2	2	0	0	2	2	1	0	0	0	0	2	0	0	0	0	0	2	0	0	1	2	
0	1	1	0	2	1	0	2	0	0	2	0	0	0	0	0	2	2	0	0	2	1	0	2	0	0	1	2	
0	1	1	0	1	1	0	2	1	0	2	0	0	0	0	0	2	2	0	1	2	2	0	2	0	0	1	2	
0	2	2	0	2	1	0	2	1	0	3	0	0	0	3	0	1	2	0	3	3	0	0	2	1	0	2	1	
0	1	1	0	2	1	0	2	0	0	2	0	0	0	0	0	0	2	0	0	2	1	3	2	0	0	1	2	
3	0	1	3	2	1	0	2	1	2	2	0	0	2	0	0	1	1	0	0	3	0	0	0	0	0	0	2	
0	2	2	0	2	1	0	3	0	0	2	0	0	2	0	0	1	2	0	0	2	1	3	0	0	0	1	2	
0	0	2	0	2	1	0	3	1	0	2	0	0	2	2	0	1	2	0	0	2	3	1	1	0	0	2	1	
0	2	1	3	2	1	0	2	0	0	2	0	0	0	2	0	1	0	0	0	1	1	0	2	0	0	0	0	
0	2	1	0	0	1	0	0	0	0	2	0	0	0	3	2	1	2	0	0	2	1	0	1	0	2	0	2	
0	1	1	0	2	0	0	2	0	0	3	0	0	2	2	0	1	1	0	0	3	1	0	0	0	0	1	0	
0	2	2	0	2	1	0	2	0	2	3	0	0	2	2	0	0	2	2	0	2	1	0	1	0	0	1	2	
--------------------

--------------------
Best Solution Found!
--------------------
Time: 0 hour(s), 0 minute(s), 0 second(s), 650 millisecond(s)

Fitness: 303106

0	1	0	0	2	1	0	2	0	0	2	0	0	0	0	2	1	1	0	0	2	1	0	2	0	0	1	1	
0	0	1	0	3	1	1	2	0	0	3	0	0	0	0	0	1	2	0	0	2	1	0	1	0	0	1	1	
0	2	0	0	2	0	1	2	0	0	2	0	0	0	0	0	1	2	0	0	2	1	1	2	0	0	1	2	
0	2	1	0	2	1	0	0	0	0	3	0	0	0	0	0	1	2	0	0	2	1	0	2	0	2	1	2	
0	0	1	3	3	2	0	2	0	0	2	0	3	0	0	1	1	2	0	0	2	1	1	2	0	0	2	2	
0	0	2	0	0	1	1	2	0	0	2	0	0	0	0	0	1	2	0	3	2	0	0	0	0	0	1	2	
3	2	0	0	2	1	0	2	0	0	2	0	1	0	0	2	2	2	0	0	2	1	0	0	0	0	1	2	
0	1	1	0	3	1	0	2	1	0	2	0	0	1	3	0	1	2	0	3	2	2	0	0	0	0	1	0	
0	2	1	0	2	1	1	0	0	0	3	0	0	0	0	2	1	2	0	0	3	1	0	0	0	0	2	2	
0	2	1	0	2	1	0	2	1	1	2	0	0	2	2	0	1	2	2	3	3	0	0	2	0	0	2	2	
0	2	1	0	3	1	0	2	1	2	2	0	0	2	0	0	1	2	0	0	2	1	0	2	0	2	2	0	
0	0	2	3	1	3	0	2	0	0	2	0	0	0	0	2	1	1	0	0	2	1	0	0	1	0	1	2	
0	2	2	3	2	1	0	0	0	0	2	0	0	2	0	0	0	2	0	0	0	1	0	2	0	2	0	2	
0	0	2	1	2	1	0	2	0	0	2	0	0	0	0	0	1	1	0	0	0	0	0	2	0	0	2	2	
0	2	1	0	0	1	0	2	0	0	2	0	1	2	2	0	2	2	0	0	0	1	0	0	0	3	1	2	
0	2	1	0	2	2	0	2	0	0	2	0	0	2	2	0	1	1	0	0	2	1	0	2	0	0	1	2	
0	2	1	0	2	1	0	2	0	0	2	0	0	0	0	2	1	2	0	0	2	1	1	2	0	0	1	2	
1	0	1	0	2	0	2	3	0	0	2	0	0	0	0	0	1	2	0	0	2	1	3	2	0	2	1	1	
1	2	1	0	0	3	0	3	0	0	2	0	0	0	2	0	1	2	0	0	0	1	0	2	0	2	0	2	
0	2	1	0	3	0	0	2	1	0	2	0	0	0	0	0	1	2	1	0	1	1	0	2	0	0	1	0	
0	2	1	0	0	0	0	3	2	2	3	0	0	0	0	0	2	2	1	0	2	1	1	2	0	0	0	0	
0	2	2	0	2	1	0	3	1	0	2	0	3	1	0	0	1	2	0	0	2	1	3	2	0	0	1	2	
0	2	1	0	2	0	0	2	1	0	2	0	0	0	0	0	1	2	0	0	2	1	0	1	0	0	1	2	
0	2	1	0	2	1	1	0	0	0	2	0	0	0	0	0	1	1	0	0	2	3	0	2	0	2	2	2	
0	2	1	0	0	1	1	2	0	0	2	0	0	0	2	0	2	2	0	0	1	2	0	2	0	0	1	1	
0	1	0	3	2	1	0	2	0	0	3	0	0	0	1	0	1	2	0	0	2	1	0	2	0	0	0	2	
0	1	2	0	2	1	0	0	0	0	2	0	0	0	0	0	2	2	0	0	2	1	0	2	0	0	1	2	
1	0	1	0	2	1	0	0	0	1	2	0	3	0	2	0	2	2	0	3	2	1	0	2	1	0	0	2	
3	2	1	0	2	0	0	2	0	0	2	0	0	0	0	0	1	2	0	0	2	1	1	2	0	0	2	2	
1	2	2	0	2	1	0	3	1	0	2	0	0	0	0	0	2	2	0	0	0	0	0	1	0	2	1	2	
0	2	1	0	2	1	0	2	0	2	2	0	0	0	0	0	1	2	0	0	0	1	0	0	0	0	1	2	
0	2	2	3	1	2	1	2	0	0	2	0	3	0	0	0	1	1	0	0	3	2	0	2	0	0	0	2	
0	2	0	0	1	1	0	2	0	2	2	0	0	2	0	0	2	2	0	0	0	1	0	2	0	0	1	2	
0	2	1	0	2	1	0	0	1	0	2	0	0	2	0	0	1	1	0	0	2	1	0	1	0	2	2	2	
0	1	2	0	2	3	0	2	0	2	3	0	0	0	2	0	1	2	2	1	3	1	0	2	2	2	1	1	
1	1	1	0	2	1	2	2	0	0	1	0	0	0	2	1	1	2	0	3	2	1	0	2	0	2	0	2	
0	2	1	0	2	1	0	2	0	0	3	0	0	2	2	0	0	2	0	0	0	1	1	1	0	0	1	1	
0	1	1	0	2	1	1	3	0	0	2	0	0	0	0	2	1	0	0	0	2	0	0	1	1	0	1	2	
0	2	1	0	2	0	0	0	0	0	2	0	0	0	2	0	2	2	0	0	2	1	0	2	0	0	1	2	
0	2	2	3	2	1	0	0	0	2	2	0	0	0	0	0	1	2	0	0	2	1	1	0	0	0	1	1	
0	1	2	0	2	1	0	2	1	1	2	0	0	0	0	0	1	2	2	3	3	0	0	2	0	0	1	1	
1	2	1	0	2	1	0	3	2	0	2	0	0	0	0	0	1	1	0	0	2	2	0	0	1	0	1	2	
0	1	1	0	2	1	0	2	1	0	2	0	0	0	0	0	1	2	0	0	2	3	1	0	0	0	1	1	
0	2	1	0	2	1	0	2	0	0	2	2	3	2	0	0	1	2	2	0	2	3	0	2	0	0	0	2	
0	2	1	0	3	0	0	0	0	0	2	0	0	0	0	0	1	2	1	0	2	3	0	2	0	0	1	2	
0	0	1	0	2	1	0	2	0	0	1	0	0	0	2	0	1	2	2	0	0	2	1	2	0	0	2	2	
0	0	1	0	3	0	0	3	0	0	3	3	0	0	0	0	1	2	0	0	3	1	0	2	0	0	1	2	
0	0	1	0	2	1	2	3	0	2	2	0	0	0	0	0	1	2	0	0	2	1	0	2	1	0	1	2	
0	2	0	1	2	1	1	2	0	0	2	0	0	2	3	0	0	1	0	0	2	3	0	1	0	0	1	2	
0	2	1	0	2	3	1	2	0	0	2	0	3	0	2	0	1	2	0	0	2	2	3	1	0	0	0	1	
1	2	0	0	3	1	0	2	0	2	2	2	0	0	0	0	2	2	0	3	2	1	1	2	0	0	1	2	
0	2	1	0	2	1	0	3	1	0	2	0	0	2	0	0	0	2	0	0	2	1	0	2	0	0	2	2	
0	2	1	0	2	3	0	2	0	2	2	0	0	0	0	0	1	1	0	0	2	1	0	2	0	3	1	1	
0	2	1	0	2	1	0	2	0	2	3	0	0	0	0	0	2	1	0	1	2	1	0	1	0	0	1	0	
0	2	1	0	2	3	0	2	0	0	2	0	0	0	0	2	1	1	0	0	0	0	0	0	0	0	0	2	
0	2	1	3	2	0	0	0	0	0	2	0	0	0	0	0	1	2	0	0	1	1	0	2	0	0	1	2	
0	1	1	0	2	1	0	2	2	0	2	0	0	0	0	0	1	2	0	0	0	0	0	1	1	0	1	2	
0	2	1	0	2	0	0	0	0	0	2	0	0	0	0	0	1	2	0	0	1	1	0	0	0	0	1	2	
1	2	0	0	0	1	0	2	0	0	3	0	3	1	0	0	1	2	0	0	2	1	0	0	0	0	1	2	
0	2	1	3	2	3	1	2	0	0	2	0	0	0	0	0	1	2	0	0	0	1	0	2	0	0	1	2	
--------------------

--------------------
Best Solution Found!
--------------------
Time: 0 hour(s), 0 minute(s), 1 second(s), 733 millisecond(s)

Fitness: 303106

0	0	1	0	0	0	0	2	0	2	3	0	0	2	0	2	1	2	0	0	2	1	0	2	0	0	1	0	
1	2	1	3	2	1	0	2	1	0	2	0	3	0	0	0	1	2	0	0	0	1	0	2	0	0	1	2	
0	2	1	3	2	0	2	2	2	0	3	0	0	0	2	0	1	2	0	3	3	1	0	2	0	2	1	0	
0	0	0	0	2	2	2	2	0	0	2	0	0	0	0	0	1	2	0	0	2	3	1	2	0	0	1	2	
0	2	0	3	2	1	0	2	1	0	2	0	3	0	0	0	1	2	0	0	0	1	1	0	0	0	2	2	
0	2	1	1	2	0	0	0	0	0	2	0	0	0	0	0	1	2	0	0	2	1	3	2	0	0	1	0	
0	2	1	0	2	1	0	2	0	0	2	0	0	0	0	0	1	2	0	0	3	1	0	1	0	0	2	2	
0	2	1	0	3	1	0	2	0	1	3	0	0	2	0	0	2	1	0	1	2	1	0	2	0	0	1	1	
0	1	1	0	2	1	0	2	0	2	2	0	0	0	0	0	1	2	0	0	2	1	0	2	0	0	1	2	
3	0	0	0	2	1	0	2	0	0	2	0	0	0	2	0	2	2	0	0	0	0	0	2	0	0	1	1	
0	1	2	0	0	0	1	3	0	0	2	0	0	0	2	0	1	2	0	0	0	1	0	0	0	0	0	0	
0	2	1	3	3	0	1	2	0	0	2	0	3	0	0	0	1	1	1	0	2	1	0	1	1	0	0	2	
0	2	1	0	3	1	1	3	0	0	1	0	0	0	0	0	0	1	0	0	3	1	0	1	0	0	1	2	
0	2	1	3	1	2	0	2	0	0	2	0	0	0	0	0	2	2	2	0	2	0	0	2	0	0	2	2	
0	2	1	0	2	1	0	2	0	2	2	0	0	2	2	0	1	1	2	0	1	1	0	1	0	0	1	2	
0	2	2	0	2	1	0	3	0	0	2	0	0	0	0	0	1	2	0	0	2	1	1	2	0	2	2	2	
0	1	2	0	2	2	0	2	0	0	2	0	0	1	0	0	1	2	0	3	0	2	0	2	0	0	1	2	
0	2	2	0	1	0	1	3	0	0	2	0	0	0	0	0	1	2	0	0	0	1	0	2	1	0	0	2	
0	2	0	0	2	1	0	2	0	2	2	0	0	0	3	0	1	1	1	0	2	1	0	2	0	0	1	2	
0	0	1	0	2	1	0	2	0	0	3	0	1	2	0	2	1	2	0	0	1	0	1	2	0	2	1	2	
0	2	0	0	2	1	1	2	1	1	3	0	0	0	0	1	1	2	0	0	2	1	0	2	0	0	1	2	
0	2	1	0	0	1	1	3	0	2	2	0	0	0	0	1	1	2	0	0	2	1	0	2	0	0	1	2	
0	2	2	0	1	1	0	0	0	0	2	0	0	0	0	0	1	2	0	0	2	1	0	2	0	0	1	2	
0	0	1	0	2	0	0	2	0	0	3	0	0	0	0	0	1	2	0	0	2	1	0	2	1	0	1	2	
0	2	1	0	2	0	1	2	0	0	2	0	0	2	2	0	1	0	0	0	2	3	1	0	0	0	1	2	
0	0	0	0	0	0	0	2	0	2	2	3	0	1	0	2	1	2	0	0	0	0	0	1	1	0	0	1	
0	1	1	0	2	3	0	0	0	0	2	0	0	1	0	0	1	2	0	0	2	1	0	2	0	2	0	2	
0	2	1	0	2	1	0	2	1	1	2	0	0	0	0	2	1	2	0	0	2	2	1	1	0	0	1	0	
1	2	1	0	2	3	2	0	0	2	2	0	0	0	0	0	1	2	2	0	2	2	0	0	0	2	2	2	
0	2	2	0	2	1	1	2	2	0	2	0	0	2	3	0	1	2	0	0	2	1	3	2	0	0	0	2	
0	0	1	3	3	3	0	2	0	0	2	0	3	2	0	0	0	2	0	0	2	2	0	2	0	0	2	2	
0	2	1	0	2	1	0	3	0	0	2	0	3	0	2	0	1	1	0	0	0	1	3	2	0	0	1	2	
0	2	1	3	3	1	0	0	0	0	2	0	0	0	0	0	2	2	0	0	2	1	0	2	0	3	1	2	
0	1	2	0	2	1	0	2	0	0	2	0	0	0	0	0	1	2	0	0	2	1	0	2	0	0	1	2	
0	2	1	0	2	1	0	3	0	0	2	0	0	0	0	0	1	2	0	0	2	0	0	1	1	0	1	1	
0	2	1	0	2	3	0	2	0	0	2	0	0	0	0	0	1	2	0	1	2	0	1	2	0	0	1	2	
0	2	1	0	2	1	0	2	0	0	2	0	0	0	0	0	1	1	0	3	1	1	0	1	0	0	0	2	
0	2	1	0	2	1	0	2	0	2	2	0	0	2	0	0	1	2	0	0	2	1	0	0	0	0	2	2	
0	2	2	0	2	3	1	2	1	0	2	0	0	0	0	2	1	2	0	0	2	1	0	0	0	0	1	2	
3	2	1	0	2	1	0	0	0	0	2	2	1	0	0	0	2	2	0	0	2	1	0	2	0	0	1	2	
1	1	1	0	2	1	0	3	0	0	2	0	0	0	0	0	2	2	0	0	0	3	0	1	0	2	1	2	
0	2	2	3	3	1	0	2	0	0	2	0	0	0	2	0	1	2	0	3	2	3	0	0	0	0	1	2	
1	2	2	0	2	3	0	3	0	2	2	0	0	0	0	0	1	2	0	3	2	1	0	0	0	0	1	2	
0	1	1	0	2	1	0	0	0	0	2	0	0	2	0	0	1	1	0	0	2	1	1	2	0	0	1	1	
0	2	1	0	2	1	0	2	0	0	2	0	0	0	0	0	1	2	0	0	2	1	0	2	0	3	1	2	
0	2	1	0	2	1	0	0	0	0	2	2	0	0	2	0	2	1	0	0	2	1	0	2	0	0	2	2	
0	1	1	0	2	0	1	2	2	0	2	0	0	0	0	0	2	2	0	0	0	1	0	0	0	0	1	2	
0	2	2	0	2	1	0	2	0	0	3	0	0	2	0	0	0	2	2	0	2	1	0	0	0	2	1	2	
1	2	0	1	0	1	0	0	1	2	2	0	0	0	0	0	2	2	0	0	2	0	1	2	0	0	1	2	
0	2	1	0	2	1	0	2	1	0	2	0	0	0	0	0	1	2	0	0	2	1	0	2	2	0	1	1	
1	2	1	0	2	1	0	2	0	0	1	0	3	2	2	0	2	2	0	0	2	3	0	0	0	0	1	2	
0	2	1	0	2	0	0	3	0	0	2	0	0	0	0	2	1	2	0	0	3	0	0	2	0	0	1	1	
0	2	1	0	2	1	1	0	0	0	3	0	0	0	2	0	1	2	0	3	2	2	0	0	0	2	1	2	
0	1	1	0	0	1	0	2	0	0	3	0	3	0	2	0	1	2	0	0	2	1	0	2	0	0	1	2	
0	0	1	0	2	1	0	0	1	0	2	0	0	0	0	0	0	1	0	0	3	1	1	2	1	2	1	1	
0	0	0	0	2	1	0	2	1	0	2	0	0	0	1	0	2	2	0	0	3	1	0	0	0	0	0	1	
1	2	1	0	3	1	0	2	0	0	2	0	0	0	2	0	1	2	1	0	0	2	0	2	0	2	0	1	
1	1	1	0	2	1	0	2	1	0	2	0	0	0	0	2	1	1	0	3	1	1	0	1	0	0	2	1	
0	0	1	0	3	3	0	2	0	0	3	0	0	0	0	0	1	1	0	0	2	1	0	2	0	0	2	2	
0	2	1	0	2	1	0	0	1	0	2	0	0	0	0	0	1	2	2	0	0	1	0	2	0	0	0	2	
--------------------

--------------------
Best Solution Found!
--------------------
Time: 0 hour(s), 0 minute(s), 1 second(s), 737 millisecond(s)

Fitness: 303106

0	0	1	0	0	0	0	2	0	2	3	0	0	2	0	2	1	2	0	0	2	1	0	2	0	0	1	0	
1	2	1	3	2	1	0	2	1	0	2	0	3	0	0	0	1	2	0	0	0	1	0	2	0	0	1	2	
0	2	1	3	2	0	2	2	2	0	3	0	0	0	2	0	1	2	0	3	3	1	0	2	0	2	1	0	
0	0	0	0	2	2	2	2	0	0	2	0	0	0	0	0	1	2	0	0	2	3	1	2	0	0	1	2	
0	2	0	3	2	1	0	2	1	0	2	0	3	0	0	0	1	2	0	0	0	1	1	0	0	0	2	2	
0	2	1	1	2	0	0	0	0	0	2	0	0	0	0	0	1	2	0	0	2	1	3	2	0	0	1	0	
0	2	1	0	2	1	0	2	0	0	2	0	0	0	0	0	1	2	0	0	3	1	0	1	0	0	2	2	
0	2	1	0	3	1	0	2	0	1	3	0	0	2	0	0	2	1	0	1	2	1	0	2	0	0	1	1	
0	1	1	0	2	1	0	2	0	2	2	0	0	0	0	0	1	2	0	0	2	1	0	2	0	0	1	2	
3	0	0	0	2	1	0	2	0	0	2	0	0	0	2	0	2	2	0	0	0	0	0	2	0	0	1	1	
0	1	2	0	0	0	1	3	0	0	2	0	0	0	2	0	1	2	0	0	0	1	0	0	0	0	0	0	
0	2	1	3	3	0	1	2	0	0	2	0	3	0	0	0	1	1	1	0	2	1	0	1	1	0	0	2	
0	2	1	0	3	1	1	3	0	0	1	0	0	0	0	0	0	1	0	0	3	1	0	1	0	0	1	2	
0	2	1	3	1	2	0	2	0	0	2	0	0	0	0	0	2	2	2	0	2	0	0	2	0	0	2	2	
0	2	1	0	2	1	0	2	0	2	2	0	0	2	2	0	1	1	2	0	1	1	0	1	0	0	1	2	
0	2	2	0	2	1	0	3	0	0	2	0	0	0	0	0	1	2	0	0	2	1	1	2	0	2	2	2	
0	1	2	0	2	2	0	2	0	0	2	0	0	1	0	0	1	2	0	3	0	2	0	2	0	0	1	2	
0	2	2	0	1	0	1	3	0	0	2	0	0	0	0	0	1	2	0	0	0	1	0	2	1	0	0	2	
0	2	0	0	2	1	0	2	0	2	2	0	0	0	3	0	1	1	1	0	2	1	0	2	0	0	1	2	
0	0	1	0	2	1	0	2	0	0	3	0	1	2	0	2	1	2	0	0	1	0	1	2	0	2	1	2	
0	2	0	0	2	1	1	2	1	1	3	0	0	0	0	1	1	2	0	0	2	1	0	2	0	0	1	2	
0	2	1	0	0	1	1	3	0	2	2	0	0	0	0	1	1	2	0	0	2	1	0	2	0	0	1	2	
0	2	2	0	1	1	0	0	0	0	2	0	0	0	0	0	1	2	0	0	2	1	0	2	0	0	1	2	
0	0	1	0	2	0	0	2	0	0	3	0	0	0	0	0	1	2	0	0	2	1	0	2	1	0	1	2	
0	2	1	0	2	0	1	2	0	0	2	0	0	2	2	0	1	0	0	0	2	3	1	0	0	0	1	2	
0	0	0	0	0	0	0	2	0	2	2	3	0	1	0	2	1	2	0	0	0	0	0	1	1	0	0	1	
0	1	1	0	2	3	0	0	0	0	2	0	0	1	0	0	1	2	0	0	2	1	0	2	0	2	0	2	
0	2	1	0	2	1	0	2	1	1	2	0	0	0	0	2	1	2	0	0	2	2	1	1	0	0	1	0	
1	2	1	0	2	3	2	0	0	2	2	0	0	0	0	0	1	2	2	0	2	2	0	0	0	2	2	2	
0	2	2	0	2	1	1	2	2	0	2	0	0	2	3	0	1	2	0	0	2	1	3	2	0	0	0	2	
0	0	1	3	3	3	0	2	0	0	2	0	3	2	0	0	0	2	0	0	2	2	0	2	0	0	2	2	
0	2	1	0	2	1	0	3	0	0	2	0	3	0	2	0	1	1	0	0	0	1	3	2	0	0	1	2	
0	2	1	3	3	1	0	0	0	0	2	0	0	0	0	0	2	2	0	0	2	1	0	2	0	3	1	2	
0	1	2	0	2	1	0	2	0	0	2	0	0	0	0	0	1	2	0	0	2	1	0	2	0	0	1	2	
0	2	1	0	2	1	0	3	0	0	2	0	0	0	0	0	1	2	0	0	2	0	0	1	1	0	1	1	
0	2	1	0	2	3	0	2	0	0	2	0	0	0	0	0	1	2	0	1	2	0	1	2	0	0	1	2	
0	2	1	0	2	1	0	2	0	0	2	0	0	0	0	0	1	1	0	3	1	1	0	1	0	0	0	2	
0	2	1	0	2	1	0	2	0	2	2	0	0	2	0	0	1	2	0	0	2	1	0	0	0	0	2	2	
0	2	2	0	2	3	1	2	1	0	2	0	0	0	0	2	1	2	0	0	2	1	0	0	0	0	1	2	
3	2	1	0	2	1	0	0	0	0	2	2	1	0	0	0	2	2	0	0	2	1	0	2	0	0	1	2	
1	1	1	0	2	1	0	3	0	0	2	0	0	0	0	0	2	2	0	0	0	3	0	1	0	2	1	2	
0	2	2	3	3	1	0	2	0	0	2	0	0	0	2	0	1	2	0	3	2	3	0	0	0	0	1	2	
1	2	2	0	2	3	0	3	0	2	2	0	0	0	0	0	1	2	0	3	2	1	0	0	0	0	1	2	
0	1	1	0	2	1	0	0	0	0	2	0	0	2	0	0	1	1	0	0	2	1	1	2	0	0	1	1	
0	2	1	0	2	1	0	2	0	0	2	0	0	0	0	0	1	2	0	0	2	1	0	2	0	3	1	2	
0	2	1	0	2	1	0	0	0	0	2	2	0	0	2	0	2	1	0	0	2	1	0	2	0	0	2	2	
0	1	1	0	2	0	1	2	2	0	2	0	0	0	0	0	2	2	0	0	0	1	0	0	0	0	1	2	
0	2	2	0	2	1	0	2	0	0	3	0	0	2	0	0	0	2	2	0	2	1	0	0	0	2	1	2	
1	2	0	1	0	1	0	0	1	2	2	0	0	0	0	0	2	2	0	0	2	0	1	2	0	0	1	2	
0	2	1	0	2	1	0	2	1	0	2	0	0	0	0	0	1	2	0	0	2	1	0	2	2	0	1	1	
1	2	1	0	2	1	0	2	0	0	1	0	3	2	2	0	2	2	0	0	2	3	0	0	0	0	1	2	
0	2	1	0	2	0	0	3	0	0	2	0	0	0	0	2	1	2	0	0	3	0	0	2	0	0	1	1	
0	2	1	0	2	1	1	0	0	0	3	0	0	0	2	0	1	2	0	3	2	2	0	0	0	2	1	2	
0	1	1	0	0	1	0	2	0	0	3	0	3	0	2	0	1	2	0	0	2	1	0	2	0	0	1	2	
0	0	1	0	2	1	0	0	1	0	2	0	0	0	0	0	0	1	0	0	3	1	1	2	1	2	1	1	
0	0	0	0	2	1	0	2	1	0	2	0	0	0	1	0	2	2	0	0	3	1	0	0	0	0	0	1	
1	2	1	0	3	1	0	2	0	0	2	0	0	0	2	0	1	2	1	0	0	2	0	2	0	2	0	1	
1	1	1	0	2	1	0	2	1	0	2	0	0	0	0	2	1	1	0	3	1	1	0	1	0	0	2	1	
0	0	1	0	3	3	0	2	0	0	3	0	0	0	0	0	1	1	0	0	2	1	0	2	0	0	2	2	
0	2	1	0	2	1	0	0	1	0	2	0	0	0	0	0	1	2	2	0	0	1	0	2	0	0	0	2	
--------------------

--------------------
Best Solution Found!
--------------------
Time: 0 hour(s), 0 minute(s), 2 second(s), 332 millisecond(s)

Fitness: 302075

0	2	1	0	2	1	0	0	0	0	2	0	0	0	0	0	0	2	0	0	2	1	0	2	0	0	0	2	
1	2	1	0	2	3	0	2	0	0	2	0	0	2	2	2	1	2	0	0	2	1	0	1	0	0	1	2	
0	2	2	0	3	1	0	2	0	0	2	0	0	2	2	0	1	2	0	0	3	3	3	2	0	0	1	2	
0	2	0	0	2	1	0	2	0	0	2	0	0	2	0	1	1	2	0	0	0	3	0	0	0	0	1	2	
0	2	1	0	0	1	1	2	0	2	3	0	0	2	2	0	0	2	0	3	2	1	1	0	0	0	1	2	
0	0	1	0	2	1	0	0	0	0	2	0	0	0	0	0	0	2	0	0	2	3	0	1	0	2	1	2	
0	2	1	0	2	3	0	2	1	1	2	0	0	0	3	0	1	1	0	0	2	2	1	2	1	0	1	2	
0	2	1	0	2	3	1	0	0	0	2	0	0	0	0	0	1	2	0	0	0	1	1	2	0	0	2	1	
3	2	2	0	2	1	0	2	0	2	2	0	0	2	0	0	1	0	2	0	2	1	0	2	0	0	1	2	
0	1	0	0	2	3	0	3	0	2	2	3	0	0	0	2	1	1	1	0	2	1	0	2	0	0	1	2	
1	1	1	0	2	1	1	2	1	0	2	0	0	0	0	0	1	2	0	0	0	1	0	2	0	2	1	2	
0	2	1	0	2	1	0	2	0	0	2	0	0	0	0	0	2	2	0	0	3	0	0	2	0	2	1	2	
0	0	1	0	2	1	0	2	0	0	2	0	3	0	0	2	1	1	0	0	2	0	0	0	0	0	0	1	
0	2	1	0	2	1	0	3	0	0	2	0	0	0	0	0	1	2	0	0	3	1	0	1	0	0	0	2	
0	0	1	0	0	0	0	0	0	0	2	0	0	0	0	0	2	1	0	0	1	1	0	2	0	0	1	1	
0	0	2	0	3	0	0	2	0	0	2	0	0	1	0	0	1	2	0	0	2	1	1	2	0	0	1	2	
0	2	1	0	2	1	1	2	0	0	2	0	0	0	0	0	1	2	0	0	0	3	0	2	0	0	2	2	
1	1	1	3	2	1	1	2	0	0	3	0	0	2	0	0	1	1	0	0	0	1	0	2	0	0	1	1	
0	2	1	0	2	2	0	2	1	0	3	0	1	0	0	0	1	2	2	0	1	1	3	1	0	2	2	2	
0	2	1	0	2	1	0	2	0	0	2	0	0	0	0	0	2	2	2	3	0	0	0	2	0	0	1	1	
0	2	2	3	2	1	0	2	0	0	2	0	3	0	0	0	1	2	0	0	2	1	0	2	1	2	1	2	
0	1	1	0	2	1	0	2	0	2	2	0	0	0	0	0	2	2	0	0	1	1	0	2	0	0	2	2	
0	2	1	0	2	2	0	2	0	0	3	0	0	0	2	0	1	2	0	0	2	1	0	0	0	0	0	0	
0	2	1	0	2	1	0	0	0	0	2	0	0	2	0	0	1	2	0	1	2	0	0	2	0	2	1	2	
0	2	1	0	0	0	0	2	0	0	2	0	0	0	0	0	2	2	0	0	2	1	3	2	0	0	1	1	
0	2	2	0	3	1	0	0	1	0	2	0	0	0	0	0	1	1	0	3	2	0	0	0	0	0	1	2	
0	1	1	0	2	1	0	3	0	0	3	0	3	0	0	0	2	2	0	0	2	1	1	2	0	0	0	2	
0	2	2	0	0	0	1	2	1	0	1	0	0	0	0	0	1	2	2	0	0	2	0	0	0	0	1	1	
0	2	1	0	3	1	0	2	0	0	2	0	0	1	0	2	1	2	0	3	2	1	0	2	0	2	1	2	
0	2	2	0	0	0	1	2	0	0	2	0	0	0	0	0	2	2	0	1	2	1	0	0	0	0	1	2	
0	0	0	0	2	3	0	3	0	0	2	0	0	2	2	0	1	1	0	3	3	1	0	1	0	0	0	2	
0	0	1	1	2	0	0	2	0	0	2	0	0	0	0	1	1	1	0	0	2	1	0	1	1	0	1	2	
1	1	0	3	2	1	0	2	0	0	2	0	0	0	0	0	1	1	0	0	2	1	0	2	0	0	2	2	
1	2	1	0	2	1	0	0	0	2	2	0	0	2	2	0	1	2	0	0	3	1	0	2	0	0	0	2	
0	2	2	0	1	0	0	3	0	0	3	0	0	0	0	0	1	1	0	3	1	2	0	1	0	0	1	0	
0	0	1	0	2	1	1	2	0	0	2	0	0	0	0	0	2	2	0	0	2	2	0	2	0	0	1	0	
0	1	1	3	2	1	2	2	1	0	2	0	0	0	0	0	1	2	0	0	2	1	0	1	0	0	1	0	
3	1	1	0	2	1	0	2	0	0	3	0	0	0	0	0	2	2	0	0	2	1	1	2	0	0	1	2	
0	0	0	0	2	1	1	2	0	0	2	0	0	0	0	0	1	2	0	0	0	2	0	2	0	0	1	2	
0	0	1	0	3	1	0	0	1	0	2	0	0	0	2	0	1	2	0	0	0	1	1	2	0	2	2	2	
0	2	0	0	2	1	0	2	2	2	2	0	0	1	0	0	1	2	0	0	2	1	0	0	2	0	1	2	
1	1	1	0	2	1	0	3	0	0	2	0	0	0	0	0	1	2	0	0	2	1	0	2	0	0	1	1	
0	2	1	3	2	0	1	2	2	0	2	0	0	0	0	2	2	2	0	0	3	1	0	2	0	2	0	2	
0	2	1	0	1	3	0	2	0	2	2	0	0	0	1	0	1	2	0	0	0	0	0	2	0	0	1	2	
0	2	1	1	2	1	0	3	0	0	2	0	3	0	0	0	1	2	0	0	2	1	1	2	0	0	2	1	
0	1	1	0	3	1	0	3	0	2	2	0	1	0	0	0	0	2	0	0	2	1	1	1	0	0	1	2	
0	2	1	3	2	1	0	2	0	0	3	2	0	0	0	0	1	2	0	0	2	1	0	0	0	0	0	2	
1	2	1	0	2	1	0	2	0	0	1	0	3	2	0	0	1	2	1	0	2	1	0	2	0	3	1	2	
0	2	2	0	0	1	0	0	0	1	2	0	0	0	0	0	2	1	0	0	2	3	0	0	0	0	0	2	
0	2	1	0	2	1	0	0	0	0	2	0	0	0	2	0	1	2	0	0	2	1	1	2	0	0	1	2	
0	2	1	0	2	0	1	2	0	2	2	0	0	0	0	0	1	2	0	0	2	0	0	2	0	0	1	2	
0	2	1	0	2	3	0	2	2	0	3	0	0	0	2	0	1	2	0	0	2	1	0	0	0	0	1	2	
1	2	2	0	2	1	2	2	0	0	2	0	0	0	0	0	1	2	2	0	0	1	0	2	1	3	1	2	
0	2	1	0	3	0	2	3	1	0	2	2	0	0	2	2	1	2	0	3	2	1	0	0	0	0	1	2	
0	2	0	0	2	1	0	0	0	1	2	0	0	0	0	0	1	1	0	0	2	1	0	1	0	0	1	0	
0	2	0	0	2	1	0	0	1	2	2	0	0	2	2	0	1	2	1	0	2	1	0	2	1	0	2	2	
0	2	2	0	2	1	0	2	1	0	2	0	3	0	0	0	1	2	0	0	2	2	0	2	1	0	1	2	
0	0	1	0	1	2	0	2	1	0	3	0	3	0	0	0	1	2	0	0	2	1	0	2	0	0	2	2	
0	2	1	3	3	1	0	2	0	0	2	0	0	0	2	2	1	2	0	0	2	1	0	0	0	0	1	1	
0	2	1	3	2	0	0	3	0	0	2	0	0	0	3	0	1	2	0	0	0	0	0	2	0	2	2	1	
--------------------

--------------------
Best Solution Found!
--------------------
Time: 0 hour(s), 0 minute(s), 2 second(s), 335 millisecond(s)

Fitness: 302075

0	2	1	0	2	1	0	0	0	0	2	0	0	0	0	0	0	2	0	0	2	1	0	2	0	0	0	2	
1	2	1	0	2	3	0	2	0	0	2	0	0	2	2	2	1	2	0	0	2	1	0	1	0	0	1	2	
0	2	2	0	3	1	0	2	0	0	2	0	0	2	2	0	1	2	0	0	3	3	3	2	0	0	1	2	
0	2	0	0	2	1	0	2	0	0	2	0	0	2	0	1	1	2	0	0	0	3	0	0	0	0	1	2	
0	2	1	0	0	1	1	2	0	2	3	0	0	2	2	0	0	2	0	3	2	1	1	0	0	0	1	2	
0	0	1	0	2	1	0	0	0	0	2	0	0	0	0	0	0	2	0	0	2	3	0	1	0	2	1	2	
0	2	1	0	2	3	0	2	1	1	2	0	0	0	3	0	1	1	0	0	2	2	1	2	1	0	1	2	
0	2	1	0	2	3	1	0	0	0	2	0	0	0	0	0	1	2	0	0	0	1	1	2	0	0	2	1	
3	2	2	0	2	1	0	2	0	2	2	0	0	2	0	0	1	0	2	0	2	1	0	2	0	0	1	2	
0	1	0	0	2	3	0	3	0	2	2	3	0	0	0	2	1	1	1	0	2	1	0	2	0	0	1	2	
1	1	1	0	2	1	1	2	1	0	2	0	0	0	0	0	1	2	0	0	0	1	0	2	0	2	1	2	
0	2	1	0	2	1	0	2	0	0	2	0	0	0	0	0	2	2	0	0	3	0	0	2	0	2	1	2	
0	0	1	0	2	1	0	2	0	0	2	0	3	0	0	2	1	1	0	0	2	0	0	0	0	0	0	1	
0	2	1	0	2	1	0	3	0	0	2	0	0	0	0	0	1	2	0	0	3	1	0	1	0	0	0	2	
0	0	1	0	0	0	0	0	0	0	2	0	0	0	0	0	2	1	0	0	1	1	0	2	0	0	1	1	
0	0	2	0	3	0	0	2	0	0	2	0	0	1	0	0	1	2	0	0	2	1	1	2	0	0	1	2	
0	2	1	0	2	1	1	2	0	0	2	0	0	0	0	0	1	2	0	0	0	3	0	2	0	0	2	2	
1	1	1	3	2	1	1	2	0	0	3	0	0	2	0	0	1	1	0	0	0	1	0	2	0	0	1	1	
0	2	1	0	2	2	0	2	1	0	3	0	1	0	0	0	1	2	2	0	1	1	3	1	0	2	2	2	
0	2	1	0	2	1	0	2	0	0	2	0	0	0	0	0	2	2	2	3	0	0	0	2	0	0	1	1	
0	2	2	3	2	1	0	2	0	0	2	0	3	0	0	0	1	2	0	0	2	1	0	2	1	2	1	2	
0	1	1	0	2	1	0	2	0	2	2	0	0	0	0	0	2	2	0	0	1	1	0	2	0	0	2	2	
0	2	1	0	2	2	0	2	0	0	3	0	0	0	2	0	1	2	0	0	2	1	0	0	0	0	0	0	
0	2	1	0	2	1	0	0	0	0	2	0	0	2	0	0	1	2	0	1	2	0	0	2	0	2	1	2	
0	2	1	0	0	0	0	2	0	0	2	0	0	0	0	0	2	2	0	0	2	1	3	2	0	0	1	1	
0	2	2	0	3	1	0	0	1	0	2	0	0	0	0	0	1	1	0	3	2	0	0	0	0	0	1	2	
0	1	1	0	2	1	0	3	0	0	3	0	3	0	0	0	2	2	0	0	2	1	1	2	0	0	0	2	
0	2	2	0	0	0	1	2	1	0	1	0	0	0	0	0	1	2	2	0	0	2	0	0	0	0	1	1	
0	2	1	0	3	1	0	2	0	0	2	0	0	1	0	2	1	2	0	3	2	1	0	2	0	2	1	2	
0	2	2	0	0	0	1	2	0	0	2	0	0	0	0	0	2	2	0	1	2	1	0	0	0	0	1	2	
0	0	0	0	2	3	0	3	0	0	2	0	0	2	2	0	1	1	0	3	3	1	0	1	0	0	0	2	
0	0	1	1	2	0	0	2	0	0	2	0	0	0	0	1	1	1	0	0	2	1	0	1	1	0	1	2	
1	1	0	3	2	1	0	2	0	0	2	0	0	0	0	0	1	1	0	0	2	1	0	2	0	0	2	2	
1	2	1	0	2	1	0	0	0	2	2	0	0	2	2	0	1	2	0	0	3	1	0	2	0	0	0	2	
0	2	2	0	1	0	0	3	0	0	3	0	0	0	0	0	1	1	0	3	1	2	0	1	0	0	1	0	
0	0	1	0	2	1	1	2	0	0	2	0	0	0	0	0	2	2	0	0	2	2	0	2	0	0	1	0	
0	1	1	3	2	1	2	2	1	0	2	0	0	0	0	0	1	2	0	0	2	1	0	1	0	0	1	0	
3	1	1	0	2	1	0	2	0	0	3	0	0	0	0	0	2	2	0	0	2	1	1	2	0	0	1	2	
0	0	0	0	2	1	1	2	0	0	2	0	0	0	0	0	1	2	0	0	0	2	0	2	0	0	1	2	
0	0	1	0	3	1	0	0	1	0	2	0	0	0	2	0	1	2	0	0	0	1	1	2	0	2	2	2	
0	2	0	0	2	1	0	2	2	2	2	0	0	1	0	0	1	2	0	0	2	1	0	0	2	0	1	2	
1	1	1	0	2	1	0	3	0	0	2	0	0	0	0	0	1	2	0	0	2	1	0	2	0	0	1	1	
0	2	1	3	2	0	1	2	2	0	2	0	0	0	0	2	2	2	0	0	3	1	0	2	0	2	0	2	
0	2	1	0	1	3	0	2	0	2	2	0	0	0	1	0	1	2	0	0	0	0	0	2	0	0	1	2	
0	2	1	1	2	1	0	3	0	0	2	0	3	0	0	0	1	2	0	0	2	1	1	2	0	0	2	1	
0	1	1	0	3	1	0	3	0	2	2	0	1	0	0	0	0	2	0	0	2	1	1	1	0	0	1	2	
0	2	1	3	2	1	0	2	0	0	3	2	0	0	0	0	1	2	0	0	2	1	0	0	0	0	0	2	
1	2	1	0	2	1	0	2	0	0	1	0	3	2	0	0	1	2	1	0	2	1	0	2	0	3	1	2	
0	2	2	0	0	1	0	0	0	1	2	0	0	0	0	0	2	1	0	0	2	3	0	0	0	0	0	2	
0	2	1	0	2	1	0	0	0	0	2	0	0	0	2	0	1	2	0	0	2	1	1	2	0	0	1	2	
0	2	1	0	2	0	1	2	0	2	2	0	0	0	0	0	1	2	0	0	2	0	0	2	0	0	1	2	
0	2	1	0	2	3	0	2	2	0	3	0	0	0	2	0	1	2	0	0	2	1	0	0	0	0	1	2	
1	2	2	0	2	1	2	2	0	0	2	0	0	0	0	0	1	2	2	0	0	1	0	2	1	3	1	2	
0	2	1	0	3	0	2	3	1	0	2	2	0	0	2	2	1	2	0	3	2	1	0	0	0	0	1	2	
0	2	0	0	2	1	0	0	0	1	2	0	0	0	0	0	1	1	0	0	2	1	0	1	0	0	1	0	
0	2	0	0	2	1	0	0	1	2	2	0	0	2	2	0	1	2	1	0	2	1	0	2	1	0	2	2	
0	2	2	0	2	1	0	2	1	0	2	0	3	0	0	0	1	2	0	0	2	2	0	2	1	0	1	2	
0	0	1	0	1	2	0	2	1	0	3	0	3	0	0	0	1	2	0	0	2	1	0	2	0	0	2	2	
0	2	1	3	3	1	0	2	0	0	2	0	0	0	2	2	1	2	0	0	2	1	0	0	0	0	1	1	
0	2	1	3	2	0	0	3	0	0	2	0	0	0	3	0	1	2	0	0	0	0	0	2	0	2	2	1	
--------------------

--------------------
Best Solution Found!
--------------------
Time: 0 hour(s), 0 minute(s), 2 second(s), 516 millisecond(s)

Fitness: 299088

0	0	2	0	3	1	0	2	1	0	2	0	0	0	0	0	1	2	0	0	0	1	0	2	0	0	1	2	
0	2	2	0	2	1	0	2	1	0	2	0	0	0	0	0	1	2	2	0	2	1	0	2	0	2	1	2	
0	0	1	3	2	1	0	2	1	0	2	0	0	0	0	0	1	2	0	0	2	1	3	1	0	0	1	2	
0	2	2	0	2	1	0	2	1	0	2	0	0	0	0	0	1	2	0	3	2	1	0	2	0	0	0	1	
0	1	0	0	3	1	1	3	0	0	2	0	0	0	0	0	1	2	0	3	3	1	3	2	0	0	1	2	
0	2	1	0	2	1	0	0	0	0	3	0	3	0	0	0	1	2	0	0	1	1	0	1	0	0	1	2	
0	2	1	0	2	1	1	2	0	0	2	0	0	0	0	0	1	1	0	0	2	2	1	2	0	0	0	1	
1	2	2	0	2	1	0	2	0	0	2	0	0	0	2	0	1	1	0	0	0	0	1	0	0	0	1	2	
0	2	1	0	2	1	0	3	1	0	3	0	0	2	0	0	1	2	0	0	0	0	0	2	1	0	1	1	
0	1	1	0	2	1	0	0	0	0	2	0	0	0	2	0	2	2	0	0	2	1	0	2	0	0	1	2	
1	1	1	0	2	0	0	0	1	0	2	0	0	0	0	0	0	2	0	0	0	3	0	1	0	0	1	2	
0	2	1	0	0	1	1	2	2	0	2	0	0	0	0	0	2	2	0	0	2	1	1	2	1	2	0	2	
0	2	2	3	2	1	0	3	0	2	2	0	1	2	0	0	1	2	0	3	2	1	0	2	0	2	1	2	
0	2	1	0	0	0	0	2	0	0	2	0	0	0	0	1	1	1	0	3	2	0	0	2	0	0	1	0	
0	2	0	0	0	0	0	2	0	0	3	3	0	2	2	0	1	2	0	0	0	1	0	0	0	0	1	2	
3	2	1	3	1	1	0	2	1	0	2	0	0	0	2	0	1	2	0	0	2	1	1	2	0	0	1	2	
0	2	1	0	0	3	0	3	0	0	2	0	0	0	0	0	1	2	0	0	1	1	0	2	0	0	1	2	
0	2	1	0	2	3	0	0	0	0	2	0	0	0	0	2	2	2	0	1	2	0	0	0	0	0	1	2	
0	2	1	0	3	0	0	0	0	0	1	0	0	2	2	0	1	2	0	0	2	1	1	2	2	0	1	0	
0	2	1	0	2	1	0	2	0	0	3	0	0	0	0	0	1	2	0	0	2	1	0	2	0	0	2	2	
0	0	0	0	2	1	0	2	0	0	2	0	0	0	0	0	1	1	0	0	2	0	0	1	0	0	1	1	
0	2	1	1	3	2	0	0	0	0	3	0	0	0	2	0	1	2	0	0	2	3	0	2	0	0	2	1	
1	2	1	3	3	1	1	2	0	0	3	0	0	0	0	2	1	2	0	0	0	1	0	2	0	0	0	2	
0	2	0	0	2	1	1	0	0	2	2	0	0	0	3	2	2	2	0	0	2	1	0	2	0	0	1	2	
0	2	1	0	2	1	0	2	0	2	2	0	0	0	0	0	1	2	0	0	2	1	0	2	0	0	1	2	
0	2	1	0	2	1	0	2	2	0	3	0	0	0	1	0	2	2	0	0	2	2	0	2	0	0	2	2	
0	2	1	0	2	1	0	2	0	0	2	0	0	0	0	0	1	2	0	0	2	1	1	0	0	2	1	2	
0	0	1	0	0	0	0	2	0	0	2	0	0	0	0	0	1	2	0	0	3	1	0	2	1	0	0	2	
0	0	1	0	2	1	0	2	0	1	2	0	0	0	0	2	1	2	0	0	1	2	0	0	0	0	1	2	
0	2	1	0	3	1	0	0	0	0	2	0	0	0	0	0	2	2	0	0	0	1	0	0	0	2	1	2	
0	2	2	0	2	3	2	2	0	2	2	0	0	0	0	0	1	2	0	0	0	3	3	0	0	0	1	2	
0	1	0	0	1	1	0	2	0	0	2	0	0	0	0	0	1	1	0	0	0	1	0	2	0	0	1	2	
0	2	1	0	2	0	0	3	0	0	2	2	0	0	0	2	1	1	0	0	2	1	1	2	0	0	0	2	
0	2	2	0	2	1	1	2	0	2	2	0	0	0	0	2	2	1	0	0	0	1	0	2	0	0	1	1	
0	1	1	0	2	0	0	0	0	0	2	0	0	0	0	0	0	2	0	0	2	1	0	2	0	0	1	2	
3	1	1	0	2	0	0	0	0	0	3	0	0	1	3	0	2	2	0	0	2	1	0	2	0	0	1	2	
0	2	2	3	2	1	0	2	0	0	2	0	3	2	0	0	1	2	1	0	2	1	0	2	0	0	1	2	
0	2	1	0	1	1	0	2	0	0	2	0	0	0	0	0	1	2	0	0	2	2	0	1	0	0	2	2	
0	2	1	0	2	1	1	2	0	0	2	0	0	1	2	0	0	1	1	0	2	0	0	1	0	0	1	2	
0	2	1	0	2	1	0	0	0	0	2	0	3	0	0	0	1	2	0	0	3	1	0	2	0	2	2	2	
1	1	1	0	2	1	0	3	0	2	2	0	0	2	2	0	1	2	2	3	3	0	0	2	0	0	1	2	
0	2	0	0	2	1	1	2	0	2	2	0	0	0	0	0	1	2	0	0	2	1	0	2	0	0	1	1	
0	2	1	0	2	2	0	2	0	0	2	0	0	0	2	0	1	2	0	0	3	1	0	2	0	0	0	2	
0	2	1	0	2	2	0	3	1	0	2	0	0	0	0	0	2	2	2	0	2	3	0	2	0	0	1	2	
0	1	0	0	2	3	0	2	1	2	2	2	0	0	2	0	2	2	0	0	2	2	0	0	1	0	2	2	
0	2	2	0	3	1	0	2	1	0	2	0	1	2	0	0	1	2	2	0	3	3	0	0	0	0	1	2	
0	0	2	0	2	1	1	0	0	0	2	0	0	0	0	1	1	2	0	0	0	1	0	2	0	0	1	0	
1	2	1	0	2	0	0	2	0	2	2	0	0	0	0	2	2	0	0	0	2	1	0	1	0	2	1	2	
0	2	1	0	2	1	1	2	0	0	2	0	3	0	0	0	1	2	0	0	2	1	0	0	0	2	1	2	
0	0	1	3	2	3	0	2	0	0	3	0	0	0	0	0	1	2	0	0	2	2	1	1	0	0	1	2	
0	2	1	0	2	1	2	2	2	0	2	0	0	2	0	0	1	2	0	3	2	1	0	1	0	2	1	2	
0	1	1	0	2	1	0	2	0	1	1	0	3	1	2	0	1	2	1	0	2	1	0	2	0	2	0	1	
0	2	1	0	0	0	0	2	0	0	2	0	3	0	0	0	1	2	0	0	2	0	0	2	0	0	0	1	
1	2	1	3	2	1	0	3	0	0	2	0	0	2	2	0	1	1	2	0	2	1	0	0	0	0	2	0	
0	2	2	0	2	3	1	3	0	2	2	0	0	0	0	0	1	1	0	3	2	1	0	2	1	0	1	1	
1	2	1	0	2	1	2	2	0	0	2	0	0	0	0	0	1	1	0	0	0	1	0	0	0	3	1	0	
0	0	1	1	2	1	0	3	0	1	2	0	0	2	0	0	1	2	0	1	2	1	0	0	0	0	2	2	
0	0	1	0	3	1	0	2	0	0	3	0	0	0	0	0	1	2	0	0	2	1	1	1	0	3	2	1	
0	1	1	3	2	0	0	2	1	0	2	0	0	2	0	0	0	1	0	0	2	1	1	2	0	0	2	2	
1	0	0	0	2	3	0	2	0	0	2	0	3	0	0	0	1	2	0	0	1	1	0	2	1	0	0	2	
--------------------

--------------------
Best Solution Found!
--------------------
Time: 0 hour(s), 0 minute(s), 4 second(s), 713 millisecond(s)

Fitness: 299067

0	1	1	0	2	1	0	0	0	1	2	0	0	0	0	2	2	2	0	0	0	0	0	1	0	0	0	2	
0	2	1	0	0	1	0	0	0	0	3	0	0	1	0	0	1	1	0	0	2	1	0	2	0	0	1	1	
0	1	1	0	1	1	1	2	1	0	2	0	0	0	0	0	2	1	0	0	3	0	0	0	0	0	2	1	
0	2	2	0	2	0	0	2	0	2	2	0	0	0	2	0	1	2	0	0	0	1	1	2	0	0	1	2	
0	2	1	0	2	3	0	2	0	0	2	0	0	0	2	0	0	2	0	0	2	1	0	1	0	0	0	2	
0	2	1	0	2	1	0	0	0	0	2	0	0	0	2	0	1	2	0	0	1	2	0	0	0	0	1	2	
0	1	1	0	2	1	0	2	0	0	3	3	0	0	3	2	1	2	0	3	3	1	1	1	0	0	1	2	
0	0	2	1	2	1	0	0	0	0	2	0	0	0	0	0	1	2	0	0	0	0	0	0	0	0	1	2	
0	1	1	0	2	1	0	0	0	0	2	0	0	2	0	0	1	2	0	0	1	1	0	2	0	0	1	2	
1	2	0	0	3	3	0	2	0	0	3	0	0	0	0	0	1	2	0	0	0	1	0	1	0	0	1	2	
0	2	1	3	2	0	0	2	0	0	2	0	0	0	0	0	1	2	2	0	2	1	1	2	2	2	1	2	
1	2	0	0	2	2	0	2	1	0	2	0	0	2	0	0	1	2	0	0	2	3	1	2	0	0	1	2	
0	2	1	0	2	3	0	3	1	0	2	0	0	0	2	2	1	2	1	3	3	1	0	1	0	0	0	2	
0	0	0	3	0	0	0	2	1	0	2	0	3	0	0	0	1	2	0	0	3	1	0	2	0	0	1	2	
0	2	1	0	0	1	0	3	0	0	3	0	3	0	0	0	2	0	0	0	2	2	1	1	0	0	1	1	
0	2	1	0	2	1	0	2	0	0	2	0	0	0	0	0	0	1	0	0	2	1	0	2	0	2	1	2	
0	2	1	0	2	2	0	0	0	0	3	2	0	0	2	0	2	2	0	0	2	1	0	2	0	0	1	2	
0	2	1	3	2	1	0	2	1	0	2	0	0	0	0	0	2	2	0	0	0	0	0	2	0	0	1	2	
0	1	2	0	2	1	0	2	0	2	2	0	0	0	0	1	1	2	2	0	2	1	0	0	0	2	2	2	
0	2	1	0	3	1	1	3	0	0	2	0	0	0	0	0	2	2	0	0	2	1	3	2	0	0	1	1	
0	2	1	0	2	0	2	3	1	0	2	0	0	0	0	0	1	1	0	0	0	1	0	2	0	0	0	2	
0	1	1	0	0	2	0	2	1	0	2	0	0	0	0	0	1	1	0	0	2	1	1	2	0	0	2	2	
0	2	2	0	2	1	0	2	1	0	2	0	0	0	0	2	1	2	0	3	2	1	0	2	0	0	1	2	
0	2	1	0	0	1	1	2	0	2	2	0	3	0	0	0	1	2	0	0	2	3	3	2	0	0	0	1	
0	2	1	0	2	3	0	2	0	0	2	0	3	0	0	0	1	2	0	0	2	3	0	2	0	0	1	2	
0	2	1	0	2	1	0	2	0	0	2	2	0	0	0	0	0	1	0	3	2	1	1	1	0	0	1	2	
0	0	0	3	2	1	0	2	1	2	2	0	1	0	2	0	1	1	1	0	2	1	0	0	0	0	1	2	
0	0	1	0	2	0	1	0	0	0	1	0	0	0	0	0	1	2	0	3	2	1	0	2	0	0	2	1	
0	1	1	3	1	1	1	3	0	0	2	0	0	0	2	0	1	2	0	0	2	3	0	1	1	0	1	0	
0	2	2	0	2	1	0	2	0	2	3	0	0	0	0	0	1	2	0	0	2	2	0	1	0	2	1	2	
1	2	1	0	2	1	0	2	0	0	2	0	0	2	0	0	1	1	0	3	2	1	0	2	0	2	1	2	
3	2	2	0	2	1	1	2	0	2	2	0	0	0	0	0	1	2	0	0	2	0	0	0	1	3	2	1	
0	2	1	0	2	1	0	2	0	0	2	0	0	0	0	0	1	2	0	0	2	3	0	2	0	0	1	2	
0	2	2	0	0	0	1	2	2	0	3	0	0	0	2	0	1	2	0	0	0	0	0	2	0	0	0	0	
0	0	0	0	3	1	0	2	0	0	2	0	0	1	2	0	1	2	0	0	2	1	0	2	1	0	2	2	
0	2	2	0	3	1	0	2	0	2	3	0	0	0	0	0	1	2	0	1	3	2	1	2	0	0	1	2	
0	2	1	0	2	3	0	2	0	0	3	0	1	0	0	2	1	2	0	0	2	1	0	2	0	2	1	1	
0	2	1	0	2	1	0	0	0	2	3	0	0	0	0	0	1	1	0	0	3	1	0	2	0	0	2	2	
0	2	1	0	2	1	1	2	0	0	2	0	0	2	0	0	2	1	0	0	2	0	0	2	0	2	2	2	
0	2	1	0	2	0	1	2	0	0	2	0	0	0	2	2	1	2	0	0	2	1	0	0	0	0	1	1	
0	2	1	1	2	1	0	2	1	0	2	0	0	2	0	0	2	2	0	0	2	1	0	2	0	2	1	2	
0	2	1	0	2	1	0	0	0	0	2	0	3	2	0	0	1	2	0	0	0	1	1	0	0	0	1	2	
0	0	2	0	2	1	0	3	0	0	2	0	3	0	0	0	1	2	0	0	0	1	0	2	0	0	2	2	
3	0	1	0	2	1	2	2	0	0	2	0	0	2	0	0	1	2	0	1	1	1	0	2	1	0	1	2	
0	2	1	0	1	1	0	2	2	0	2	0	0	0	0	0	1	2	2	0	1	2	0	2	0	0	1	1	
0	2	1	0	3	0	1	2	0	0	2	0	0	1	2	0	1	2	2	0	2	1	0	2	1	0	1	0	
0	2	0	3	2	1	0	0	1	2	2	0	0	2	0	0	1	2	0	0	0	1	0	2	0	0	1	0	
1	0	1	0	2	1	0	2	0	0	2	0	0	0	0	0	1	1	1	0	2	1	0	0	0	0	1	1	
1	2	1	0	3	1	0	2	0	0	2	0	0	2	0	0	1	2	0	0	2	1	0	1	0	0	0	2	
0	2	1	0	2	1	0	2	0	0	2	0	0	0	0	0	1	2	0	0	2	1	0	2	0	0	1	2	
0	1	0	0	2	1	2	3	0	2	1	0	0	0	0	2	1	2	0	0	2	2	0	0	0	0	0	2	
0	2	0	3	3	1	0	2	0	0	2	0	3	0	0	0	1	2	0	0	2	1	1	2	0	0	0	2	
0	2	1	0	2	1	0	3	0	1	2	0	0	0	0	1	2	2	0	0	2	1	0	2	0	0	2	2	
0	2	1	0	2	3	0	3	0	0	2	0	0	0	0	0	0	2	0	0	2	1	0	2	0	0	1	2	
0	2	1	0	2	1	0	0	2	0	2	0	0	0	0	0	1	2	2	0	2	1	0	2	0	0	0	2	
1	0	1	0	3	0	1	2	0	0	2	0	0	0	1	0	2	2	0	0	2	1	0	0	0	0	1	2	
0	0	2	0	2	1	0	3	0	0	2	0	0	0	2	0	1	2	0	0	2	1	0	0	1	2	1	0	
0	2	1	3	2	0	0	2	0	0	2	0	0	2	3	0	2	2	0	3	2	0	0	2	0	2	1	2	
1	1	2	0	2	3	0	2	0	1	2	0	0	0	0	0	1	1	0	0	0	1	0	0	0	0	1	2	
1	1	1	0	2	0	0	0	0	0	2	0	0	2	0	0	1	2	0	0	0	1	3	2	0	3	1	2	
--------------------

--------------------
Best Solution Found!
--------------------
Time: 0 hour(s), 0 minute(s), 4 second(s), 716 millisecond(s)

Fitness: 299067

0	1	1	0	2	1	0	0	0	1	2	0	0	0	0	2	2	2	0	0	0	0	0	1	0	0	0	2	
0	2	1	0	0	1	0	0	0	0	3	0	0	1	0	0	1	1	0	0	2	1	0	2	0	0	1	1	
0	1	1	0	1	1	1	2	1	0	2	0	0	0	0	0	2	1	0	0	3	0	0	0	0	0	2	1	
0	2	2	0	2	0	0	2	0	2	2	0	0	0	2	0	1	2	0	0	0	1	1	2	0	0	1	2	
0	2	1	0	2	3	0	2	0	0	2	0	0	0	2	0	0	2	0	0	2	1	0	1	0	0	0	2	
0	2	1	0	2	1	0	0	0	0	2	0	0	0	2	0	1	2	0	0	1	2	0	0	0	0	1	2	
0	1	1	0	2	1	0	2	0	0	3	3	0	0	3	2	1	2	0	3	3	1	1	1	0	0	1	2	
0	0	2	1	2	1	0	0	0	0	2	0	0	0	0	0	1	2	0	0	0	0	0	0	0	0	1	2	
0	1	1	0	2	1	0	0	0	0	2	0	0	2	0	0	1	2	0	0	1	1	0	2	0	0	1	2	
1	2	0	0	3	3	0	2	0	0	3	0	0	0	0	0	1	2	0	0	0	1	0	1	0	0	1	2	
0	2	1	3	2	0	0	2	0	0	2	0	0	0	0	0	1	2	2	0	2	1	1	2	2	2	1	2	
1	2	0	0	2	2	0	2	1	0	2	0	0	2	0	0	1	2	0	0	2	3	1	2	0	0	1	2	
0	2	1	0	2	3	0	3	1	0	2	0	0	0	2	2	1	2	1	3	3	1	0	1	0	0	0	2	
0	0	0	3	0	0	0	2	1	0	2	0	3	0	0	0	1	2	0	0	3	1	0	2	0	0	1	2	
0	2	1	0	0	1	0	3	0	0	3	0	3	0	0	0	2	0	0	0	2	2	1	1	0	0	1	1	
0	2	1	0	2	1	0	2	0	0	2	0	0	0	0	0	0	1	0	0	2	1	0	2	0	2	1	2	
0	2	1	0	2	2	0	0	0	0	3	2	0	0	2	0	2	2	0	0	2	1	0	2	0	0	1	2	
0	2	1	3	2	1	0	2	1	0	2	0	0	0	0	0	2	2	0	0	0	0	0	2	0	0	1	2	
0	1	2	0	2	1	0	2	0	2	2	0	0	0	0	1	1	2	2	0	2	1	0	0	0	2	2	2	
0	2	1	0	3	1	1	3	0	0	2	0	0	0	0	0	2	2	0	0	2	1	3	2	0	0	1	1	
0	2	1	0	2	0	2	3	1	0	2	0	0	0	0	0	1	1	0	0	0	1	0	2	0	0	0	2	
0	1	1	0	0	2	0	2	1	0	2	0	0	0	0	0	1	1	0	0	2	1	1	2	0	0	2	2	
0	2	2	0	2	1	0	2	1	0	2	0	0	0	0	2	1	2	0	3	2	1	0	2	0	0	1	2	
0	2	1	0	0	1	1	2	0	2	2	0	3	0	0	0	1	2	0	0	2	3	3	2	0	0	0	1	
0	2	1	0	2	3	0	2	0	0	2	0	3	0	0	0	1	2	0	0	2	3	0	2	0	0	1	2	
0	2	1	0	2	1	0	2	0	0	2	2	0	0	0	0	0	1	0	3	2	1	1	1	0	0	1	2	
0	0	0	3	2	1	0	2	1	2	2	0	1	0	2	0	1	1	1	0	2	1	0	0	0	0	1	2	
0	0	1	0	2	0	1	0	0	0	1	0	0	0	0	0	1	2	0	3	2	1	0	2	0	0	2	1	
0	1	1	3	1	1	1	3	0	0	2	0	0	0	2	0	1	2	0	0	2	3	0	1	1	0	1	0	
0	2	2	0	2	1	0	2	0	2	3	0	0	0	0	0	1	2	0	0	2	2	0	1	0	2	1	2	
1	2	1	0	2	1	0	2	0	0	2	0	0	2	0	0	1	1	0	3	2	1	0	2	0	2	1	2	
3	2	2	0	2	1	1	2	0	2	2	0	0	0	0	0	1	2	0	0	2	0	0	0	1	3	2	1	
0	2	1	0	2	1	0	2	0	0	2	0	0	0	0	0	1	2	0	0	2	3	0	2	0	0	1	2	
0	2	2	0	0	0	1	2	2	0	3	0	0	0	2	0	1	2	0	0	0	0	0	2	0	0	0	0	
0	0	0	0	3	1	0	2	0	0	2	0	0	1	2	0	1	2	0	0	2	1	0	2	1	0	2	2	
0	2	2	0	3	1	0	2	0	2	3	0	0	0	0	0	1	2	0	1	3	2	1	2	0	0	1	2	
0	2	1	0	2	3	0	2	0	0	3	0	1	0	0	2	1	2	0	0	2	1	0	2	0	2	1	1	
0	2	1	0	2	1	0	0	0	2	3	0	0	0	0	0	1	1	0	0	3	1	0	2	0	0	2	2	
0	2	1	0	2	1	1	2	0	0	2	0	0	2	0	0	2	1	0	0	2	0	0	2	0	2	2	2	
0	2	1	0	2	0	1	2	0	0	2	0	0	0	2	2	1	2	0	0	2	1	0	0	0	0	1	1	
0	2	1	1	2	1	0	2	1	0	2	0	0	2	0	0	2	2	0	0	2	1	0	2	0	2	1	2	
0	2	1	0	2	1	0	0	0	0	2	0	3	2	0	0	1	2	0	0	0	1	1	0	0	0	1	2	
0	0	2	0	2	1	0	3	0	0	2	0	3	0	0	0	1	2	0	0	0	1	0	2	0	0	2	2	
3	0	1	0	2	1	2	2	0	0	2	0	0	2	0	0	1	2	0	1	1	1	0	2	1	0	1	2	
0	2	1	0	1	1	0	2	2	0	2	0	0	0	0	0	1	2	2	0	1	2	0	2	0	0	1	1	
0	2	1	0	3	0	1	2	0	0	2	0	0	1	2	0	1	2	2	0	2	1	0	2	1	0	1	0	
0	2	0	3	2	1	0	0	1	2	2	0	0	2	0	0	1	2	0	0	0	1	0	2	0	0	1	0	
1	0	1	0	2	1	0	2	0	0	2	0	0	0	0	0	1	1	1	0	2	1	0	0	0	0	1	1	
1	2	1	0	3	1	0	2	0	0	2	0	0	2	0	0	1	2	0	0	2	1	0	1	0	0	0	2	
0	2	1	0	2	1	0	2	0	0	2	0	0	0	0	0	1	2	0	0	2	1	0	2	0	0	1	2	
0	1	0	0	2	1	2	3	0	2	1	0	0	0	0	2	1	2	0	0	2	2	0	0	0	0	0	2	
0	2	0	3	3	1	0	2	0	0	2	0	3	0	0	0	1	2	0	0	2	1	1	2	0	0	0	2	
0	2	1	0	2	1	0	3	0	1	2	0	0	0	0	1	2	2	0	0	2	1	0	2	0	0	2	2	
0	2	1	0	2	3	0	3	0	0	2	0	0	0	0	0	0	2	0	0	2	1	0	2	0	0	1	2	
0	2	1	0	2	1	0	0	2	0	2	0	0	0	0	0	1	2	2	0	2	1	0	2	0	0	0	2	
1	0	1	0	3	0	1	2	0	0	2	0	0	0	1	0	2	2	0	0	2	1	0	0	0	0	1	2	
0	0	2	0	2	1	0	3	0	0	2	0	0	0	2	0	1	2	0	0	2	1	0	0	1	2	1	0	
0	2	1	3	2	0	0	2	0	0	2	0	0	2	3	0	2	2	0	3	2	0	0	2	0	2	1	2	
1	1	2	0	2	3	0	2	0	1	2	0	0	0	0	0	1	1	0	0	0	1	0	0	0	0	1	2	
1	1	1	0	2	0	0	0	0	0	2	0	0	2	0	0	1	2	0	0	0	1	3	2	0	3	1	2	
--------------------

--------------------
Best Solution Found!
--------------------
Time: 0 hour(s), 0 minute(s), 20 second(s), 419 millisecond(s)

Fitness: 298100

0	2	2	3	2	0	0	0	0	0	2	0	0	0	2	0	2	2	0	0	2	1	0	2	0	2	1	2	
0	1	0	0	2	1	0	2	0	0	2	0	3	0	0	0	1	2	0	0	0	1	1	2	0	0	2	2	
0	2	2	0	2	0	0	0	0	2	2	0	3	2	2	0	1	2	0	0	2	1	0	1	0	2	2	0	
0	2	2	0	2	1	2	2	0	0	2	0	0	2	0	1	1	1	0	0	1	2	0	0	0	2	1	1	
0	0	1	0	2	1	0	2	0	2	2	0	0	2	0	0	1	2	0	3	2	0	0	1	0	2	2	0	
0	1	2	0	2	0	0	2	2	0	2	0	0	0	0	0	1	2	0	3	2	3	0	2	0	0	1	2	
0	2	0	0	2	1	0	2	0	0	3	0	0	1	0	0	1	2	0	0	3	0	0	2	0	0	0	2	
0	2	1	3	0	1	0	2	1	0	2	0	0	0	0	0	0	2	0	0	1	1	1	0	0	0	1	2	
1	1	2	0	2	1	0	3	0	0	2	0	0	0	0	0	1	2	0	0	2	1	0	2	0	2	1	0	
0	0	1	0	2	1	0	2	0	2	2	2	0	0	0	2	1	1	0	0	0	1	0	2	0	2	1	2	
1	2	1	0	0	1	0	2	0	0	2	0	0	2	2	0	1	2	0	0	2	1	0	2	1	0	1	2	
0	1	1	0	2	3	1	0	0	0	3	0	0	0	0	0	1	1	0	0	0	1	0	1	1	0	1	2	
0	2	1	0	2	1	0	0	0	0	2	0	0	0	0	0	1	2	2	0	2	1	0	2	0	0	2	2	
0	2	1	0	0	1	0	3	0	0	2	0	0	0	0	0	1	2	0	3	2	1	0	0	0	0	0	2	
1	2	1	0	2	1	0	0	0	0	2	0	0	0	2	0	1	2	0	0	2	1	0	2	0	3	2	2	
0	2	1	0	3	3	0	3	0	2	2	0	0	0	2	0	1	2	0	0	2	1	0	2	0	0	0	2	
0	2	1	0	2	1	0	3	1	1	2	0	0	0	2	0	1	2	0	0	2	1	0	1	0	3	1	2	
0	1	1	0	1	1	0	3	1	2	2	0	0	0	0	0	1	2	0	0	2	1	0	2	0	0	1	0	
0	2	1	1	2	3	0	2	1	0	2	0	0	2	2	0	1	2	0	0	2	0	0	1	0	0	2	2	
0	2	1	0	2	1	0	2	0	0	2	0	0	0	0	0	1	2	0	0	2	2	0	0	1	0	1	2	
0	2	2	0	2	0	0	2	0	0	3	0	1	0	0	0	2	2	0	0	2	1	1	2	0	0	1	2	
0	1	2	0	2	3	0	2	0	0	3	0	0	1	0	0	1	1	0	0	2	2	0	2	0	0	1	1	
0	2	1	0	2	1	0	2	0	1	2	0	0	0	0	0	1	2	0	3	3	0	0	1	0	0	1	2	
0	2	1	0	2	0	2	2	0	2	2	0	0	0	0	1	2	1	0	0	3	1	0	2	2	0	1	2	
0	2	1	0	2	1	0	0	0	0	1	0	0	1	0	0	0	1	2	1	2	1	0	2	0	0	1	1	
0	2	1	3	2	1	0	2	0	0	2	0	0	0	0	0	2	2	0	3	3	1	0	2	0	0	1	2	
0	2	1	0	2	1	0	2	0	0	2	0	3	0	0	0	1	2	0	0	2	1	0	2	0	0	2	2	
0	2	2	0	1	1	0	0	0	0	2	0	0	0	0	0	2	1	0	0	2	3	1	2	0	0	1	0	
0	2	1	0	3	1	1	2	0	0	2	0	0	0	0	0	1	2	0	0	2	1	0	2	0	0	0	2	
0	1	1	0	2	1	0	3	0	0	3	0	0	0	0	2	0	2	0	0	3	0	0	0	0	2	1	1	
0	0	1	0	2	0	0	2	0	0	2	0	0	0	0	0	1	1	2	3	2	1	1	0	0	0	1	2	
0	2	1	3	2	0	0	2	2	0	2	0	0	0	2	0	1	2	1	0	2	1	0	2	0	0	0	2	
0	0	0	0	2	1	0	2	2	0	2	0	0	0	3	0	1	2	0	0	2	1	1	1	0	0	0	2	
3	2	1	3	2	2	0	2	0	0	2	0	0	0	2	2	0	2	2	0	2	0	1	2	0	0	1	2	
0	0	1	0	3	1	2	3	0	2	3	0	0	0	0	2	1	1	0	0	2	1	0	0	0	0	1	2	
0	2	2	0	2	0	0	0	1	0	2	0	0	0	0	0	1	2	0	0	0	2	0	2	0	0	1	2	
0	2	2	1	2	1	1	2	0	0	2	0	0	0	0	0	1	2	0	0	2	1	0	0	0	0	0	2	
0	2	0	0	2	1	0	0	1	0	3	3	0	0	0	0	1	1	0	0	0	1	0	2	1	2	1	2	
0	2	1	0	2	1	1	2	0	0	2	0	0	2	0	2	1	2	1	0	2	1	0	1	0	0	1	2	
1	1	1	0	1	1	1	2	0	0	2	0	0	0	0	0	1	2	0	0	0	1	0	2	1	0	1	2	
0	2	1	0	2	2	0	2	0	0	3	0	0	0	0	0	1	2	0	0	0	1	0	2	0	0	1	1	
0	0	0	3	0	3	0	0	1	0	2	0	0	0	0	0	2	2	0	0	0	0	1	1	0	0	0	2	
1	0	1	0	2	2	0	2	0	0	2	0	0	2	3	0	1	2	0	0	2	2	0	2	1	2	1	2	
0	2	1	0	2	1	0	2	0	0	1	0	0	0	1	0	1	1	0	0	2	1	0	1	0	0	1	2	
0	2	1	0	2	0	1	2	0	0	2	0	0	0	2	0	1	2	1	0	2	3	3	2	0	0	1	2	
1	2	1	0	2	1	1	3	0	0	2	0	3	2	0	0	1	2	0	3	2	1	0	0	0	0	2	2	
1	1	1	0	2	3	1	3	0	0	2	0	3	0	0	2	1	2	0	0	0	0	0	0	0	0	1	2	
0	2	1	0	3	1	0	2	0	0	2	0	0	0	0	0	1	2	0	0	2	3	0	0	0	0	2	2	
0	2	0	0	2	1	1	2	0	0	2	2	0	0	2	0	2	2	2	0	0	1	1	2	0	0	1	2	
0	2	1	0	3	1	0	2	0	0	2	0	3	2	0	0	2	1	0	0	2	1	3	2	0	0	1	1	
0	2	1	0	3	1	0	2	1	2	3	0	0	2	0	0	1	2	0	0	2	1	3	2	0	0	1	2	
0	2	1	0	2	1	0	2	0	2	2	0	0	0	0	2	1	2	0	0	0	2	0	2	0	0	0	2	
1	2	1	0	2	3	1	2	0	0	2	0	1	0	0	0	2	2	0	0	0	1	0	2	0	2	1	1	
0	0	1	0	3	1	0	2	0	0	2	0	0	0	0	0	1	0	0	0	1	1	0	0	0	0	1	1	
3	1	1	0	0	1	1	2	0	1	2	0	3	0	2	0	2	2	0	0	2	1	0	2	0	0	1	2	
0	0	0	3	2	0	0	0	0	2	2	0	0	0	0	0	1	2	0	0	1	1	0	2	0	0	1	1	
0	2	1	0	0	0	0	3	1	0	2	0	0	2	0	0	2	2	0	0	2	1	1	2	0	0	1	2	
0	2	2	3	3	1	0	2	1	0	2	0	0	0	0	0	1	2	0	0	3	3	0	2	0	0	1	1	
0	0	0	0	2	1	0	0	0	0	2	0	0	0	0	0	1	2	0	0	2	1	0	2	0	0	0	1	
0	2	1	0	2	1	0	2	1	0	3	0	0	0	0	0	1	2	0	1	2	1	0	0	0	0	2	2	
--------------------

--------------------
Best Solution Found!
--------------------
Time: 0 hour(s), 0 minute(s), 23 second(s), 649 millisecond(s)

Fitness: 293068

0	2	0	0	2	1	1	2	0	2	2	0	0	0	0	0	1	2	0	0	2	2	0	1	0	0	1	2	
0	2	0	0	2	1	0	0	0	2	2	0	0	0	0	0	1	1	0	0	2	1	0	2	0	0	0	0	
0	2	1	0	2	1	0	0	0	0	2	0	0	0	0	0	1	2	0	0	2	1	0	1	0	0	1	2	
0	2	1	0	0	1	0	2	0	0	2	0	0	0	2	0	1	1	0	0	2	1	1	2	1	2	1	1	
1	2	1	0	3	1	1	2	0	1	2	0	1	1	2	2	2	2	0	0	3	2	0	2	0	0	1	2	
1	2	0	0	1	3	2	2	0	0	3	0	1	0	0	0	1	1	2	3	2	1	0	1	0	0	1	2	
0	0	1	0	2	1	0	3	0	0	2	0	0	0	0	0	1	1	0	0	2	2	0	2	0	3	0	2	
1	2	0	3	2	3	0	2	1	2	2	0	0	0	0	0	1	2	0	3	2	1	0	2	0	0	1	2	
1	1	2	3	3	1	0	3	2	0	2	0	3	0	0	0	0	2	0	0	3	0	0	0	0	0	1	2	
0	0	0	0	2	1	0	0	0	0	2	0	0	2	0	0	2	0	0	0	2	2	0	2	0	2	1	1	
0	2	2	0	2	1	0	2	1	0	2	0	0	0	0	1	1	2	0	0	1	3	1	2	0	0	1	2	
0	1	1	0	3	2	1	2	0	0	2	0	0	0	0	0	2	2	0	1	2	0	0	2	0	0	1	1	
0	2	1	3	2	1	0	2	0	0	2	0	3	0	0	0	2	2	0	0	2	1	0	2	0	2	2	2	
0	2	1	0	2	0	0	2	1	0	2	3	0	0	0	0	1	2	0	0	0	1	0	0	0	0	1	2	
0	0	2	0	2	1	1	2	0	0	2	0	0	0	0	1	1	2	2	0	2	1	0	2	1	0	2	2	
0	0	2	0	2	1	0	2	0	0	3	0	0	0	0	0	0	2	0	0	2	1	0	2	0	2	1	2	
0	2	2	3	2	1	2	2	0	2	3	0	3	0	2	2	0	2	0	0	2	1	0	0	0	0	0	2	
0	2	2	0	0	1	0	0	0	0	3	2	0	0	0	0	1	1	0	0	2	0	0	2	0	0	1	2	
1	2	1	0	2	1	0	2	0	0	1	0	0	0	0	0	2	2	0	0	0	1	1	1	0	0	1	2	
0	2	1	3	2	1	0	2	2	0	3	0	0	0	0	0	1	2	0	0	2	1	0	1	0	0	1	2	
0	2	1	0	2	1	0	2	1	2	2	0	0	0	0	0	1	2	0	0	2	1	1	0	0	2	1	2	
1	1	1	0	1	0	0	2	0	0	2	0	0	0	0	0	1	2	0	0	2	1	0	1	0	3	1	2	
0	2	1	0	2	1	0	3	0	0	2	0	3	2	0	0	1	1	1	0	2	1	0	1	0	0	1	2	
1	2	1	0	3	0	0	2	0	0	2	0	0	0	0	0	1	2	0	0	0	0	0	1	0	0	2	2	
0	2	1	0	2	0	0	2	0	2	2	0	0	2	2	0	2	2	0	0	2	0	1	2	0	0	0	2	
0	0	1	0	2	3	0	2	0	0	2	0	0	0	1	0	2	2	0	0	2	1	0	2	1	0	1	2	
3	0	0	3	2	0	0	3	1	0	3	0	0	0	0	0	1	2	0	0	3	1	0	2	0	0	1	2	
0	2	1	0	2	1	0	2	0	0	2	0	0	0	2	0	2	2	0	0	2	1	1	2	0	0	1	2	
0	2	1	0	3	3	1	2	0	0	2	0	0	0	3	2	0	2	0	0	3	1	0	1	0	0	1	2	
0	2	1	0	0	1	0	3	0	0	3	0	0	0	0	0	1	2	2	0	1	0	3	2	0	0	1	1	
0	2	1	1	2	0	1	0	0	0	1	0	0	2	0	0	1	2	0	0	2	3	0	2	0	0	0	2	
0	2	1	0	2	1	0	2	0	0	2	0	0	1	0	0	1	1	1	0	2	1	0	2	1	0	1	2	
0	2	1	0	2	2	0	2	0	0	2	0	0	0	0	0	1	1	0	0	0	1	0	2	0	0	1	1	
0	2	1	0	2	1	0	2	1	0	2	0	0	2	0	0	1	2	0	0	2	1	0	0	0	2	2	0	
0	2	2	0	2	1	0	2	0	2	3	0	0	0	0	0	1	1	2	0	2	1	1	1	0	2	1	2	
0	2	1	0	3	1	0	0	0	0	3	0	0	0	2	0	2	2	0	0	0	1	0	2	0	0	0	1	
0	2	2	3	0	1	0	0	0	0	2	0	0	0	2	0	1	2	0	0	2	2	0	2	1	0	1	2	
0	2	2	0	2	1	0	0	0	0	2	0	0	0	2	0	2	2	0	0	0	0	0	0	0	0	0	2	
0	2	1	0	1	1	0	2	1	0	2	0	0	2	0	2	1	2	0	3	2	1	0	0	0	0	1	1	
0	1	1	0	2	1	0	3	1	0	2	0	0	0	0	0	1	1	0	0	2	1	0	2	0	0	0	2	
0	2	1	0	2	0	1	3	0	0	2	2	0	2	2	0	1	2	1	0	2	1	0	0	0	0	1	2	
0	2	1	0	2	3	1	0	0	1	2	0	0	0	0	0	1	2	2	0	0	1	1	2	0	0	1	2	
1	2	1	0	2	1	1	3	0	0	2	0	3	0	2	0	1	2	0	0	2	1	0	0	0	0	2	2	
3	2	2	0	2	1	0	2	1	0	2	0	0	2	0	0	1	2	0	3	1	1	0	2	0	0	2	2	
0	1	1	0	2	0	1	2	0	0	2	0	0	0	0	0	1	1	0	0	0	1	1	0	0	0	2	0	
0	1	1	0	2	1	0	3	0	0	2	0	0	0	0	0	1	2	0	0	0	1	0	2	2	2	2	2	
0	2	1	1	2	0	0	3	0	0	2	0	0	0	2	0	2	2	0	0	2	3	0	2	0	0	1	2	
0	0	1	3	3	1	0	0	1	0	2	0	0	2	2	0	1	2	0	0	2	1	0	2	0	2	1	2	
0	2	1	0	3	1	0	2	0	0	2	0	0	0	0	0	1	2	0	0	2	1	0	2	0	0	1	2	
0	2	1	0	2	0	0	2	0	0	3	0	3	0	0	2	1	2	0	3	3	1	0	2	0	0	1	1	
0	1	0	0	2	3	0	2	0	0	2	0	0	2	0	0	1	2	0	0	2	1	0	0	0	2	1	2	
0	1	1	0	2	1	0	2	0	2	2	0	0	0	0	2	1	2	0	0	3	1	1	2	0	0	1	2	
0	2	1	0	2	3	0	2	1	0	2	0	0	0	0	0	1	2	0	3	2	0	0	2	1	0	0	0	
0	2	2	0	2	1	0	0	0	0	2	0	0	0	0	0	1	2	0	0	0	1	0	2	0	0	0	1	
0	0	1	0	2	1	0	2	0	2	2	0	0	0	0	2	1	2	0	1	0	1	0	0	0	0	1	2	
0	0	1	0	0	2	2	0	2	0	2	0	0	0	0	0	1	2	0	3	2	1	0	2	0	0	1	2	
0	2	1	0	2	0	0	2	0	0	2	0	0	1	3	0	1	2	0	0	0	3	3	2	0	0	1	1	
0	1	1	0	2	1	0	2	0	1	2	0	0	0	0	0	1	2	0	0	2	3	3	2	0	0	2	1	
0	0	0	0	2	1	0	2	0	0	2	0	0	2	0	0	1	2	0	0	2	1	0	0	0	0	1	2	
0	1	1	0	0	1	1	2	0	2	2	0	3	0	0	0	1	1	0	0	1	2	0	2	0	0	2	0	
--------------------

--------------------
Best Solution Found!
--------------------
Time: 0 hour(s), 1 minute(s), 10 second(s), 584 millisecond(s)

Fitness: 291088

0	2	2	0	1	1	0	2	0	2	2	0	0	0	0	0	2	2	0	0	0	1	0	0	0	0	2	2	
3	2	1	0	2	0	0	2	2	0	2	0	0	0	0	0	1	2	0	0	2	1	0	0	0	0	1	2	
0	2	0	0	2	0	1	3	1	1	2	0	0	0	0	0	1	1	0	0	2	0	0	2	2	0	1	2	
0	2	1	0	2	1	0	0	0	2	2	0	0	2	2	0	1	2	0	0	2	1	0	2	0	2	2	2	
0	2	1	1	2	1	1	2	0	0	2	0	0	0	2	0	1	2	0	0	2	2	1	2	0	0	1	2	
0	2	2	0	2	1	1	2	2	2	3	2	0	0	1	0	1	1	0	0	3	1	0	2	1	0	1	2	
0	2	1	0	2	0	1	3	0	0	2	0	3	0	0	2	1	0	0	0	2	1	0	1	1	0	1	2	
1	2	2	0	2	1	0	2	0	2	2	0	3	0	3	0	1	2	0	3	0	1	1	2	0	0	1	1	
0	1	1	0	2	1	0	2	1	1	2	0	0	0	0	0	1	2	0	0	0	0	0	2	0	0	2	2	
0	2	1	3	2	1	0	2	0	0	2	0	0	0	0	0	1	2	0	0	2	1	0	2	0	0	1	1	
1	2	1	0	2	1	0	3	1	0	2	0	0	0	0	0	1	1	0	0	2	1	1	1	0	0	0	2	
0	0	1	0	2	3	0	2	0	0	2	0	3	2	2	0	1	2	0	0	2	1	3	1	1	0	1	2	
0	2	1	0	0	1	1	2	0	0	2	0	0	0	0	2	1	1	0	0	2	1	1	2	0	0	1	2	
0	2	2	0	2	1	0	2	1	0	1	0	0	0	0	2	1	2	0	0	2	1	0	2	0	2	1	2	
0	2	1	0	2	2	0	2	0	2	2	0	0	0	0	0	1	2	0	3	2	1	0	0	0	0	1	2	
0	0	2	0	3	1	0	2	1	0	2	0	0	2	2	1	1	1	0	0	3	1	0	2	0	0	1	1	
0	2	1	0	2	1	0	2	0	0	2	0	0	0	0	0	1	2	1	0	2	1	0	2	0	0	1	0	
0	2	2	0	2	0	1	3	0	0	2	0	0	0	0	0	1	2	0	0	2	1	0	2	0	2	0	2	
3	2	2	0	2	1	0	0	0	0	2	0	0	0	3	2	1	2	0	0	2	1	0	0	0	0	1	0	
1	1	1	0	1	1	0	0	0	0	2	0	0	0	0	0	2	1	0	0	0	1	0	2	0	0	2	2	
1	1	2	0	2	1	0	2	0	0	2	0	0	2	0	0	1	2	0	0	2	1	0	2	0	0	0	2	
0	0	0	0	2	1	0	3	0	0	3	0	0	0	0	0	1	2	0	0	2	1	0	2	1	0	0	2	
0	2	1	0	3	1	0	2	0	0	2	0	0	0	0	0	2	2	1	0	0	1	0	1	0	0	1	2	
0	2	1	0	2	1	0	2	0	0	2	0	3	0	0	0	1	2	0	0	2	0	0	2	0	0	0	2	
0	2	0	0	2	3	0	3	0	0	3	0	0	2	0	0	0	2	2	1	3	1	0	2	1	0	1	1	
1	2	1	0	2	1	0	3	0	2	2	0	0	0	0	0	1	2	0	3	3	1	0	2	0	0	1	1	
0	2	1	3	2	3	0	0	0	0	2	0	0	0	0	0	1	2	0	0	2	0	0	2	0	0	0	2	
0	2	1	0	2	1	0	2	0	0	2	0	0	0	0	0	1	2	0	0	2	1	0	0	0	0	1	2	
0	0	1	3	3	1	0	2	0	0	3	0	0	0	0	0	1	2	0	0	2	3	3	0	0	2	1	0	
0	1	2	0	2	1	1	3	0	0	2	0	0	0	0	0	1	2	0	3	2	1	0	0	0	0	1	2	
0	2	1	0	2	1	0	2	1	1	2	0	0	1	2	2	0	2	0	0	3	1	0	2	0	0	2	2	
0	2	1	1	3	0	0	0	0	0	3	0	1	0	0	0	1	2	0	0	2	1	0	2	0	0	1	2	
0	2	0	0	2	0	1	2	0	0	2	0	0	0	0	0	2	1	0	1	2	1	0	1	0	0	1	2	
0	1	1	0	2	2	0	0	1	0	3	0	0	2	2	0	1	2	0	0	2	1	0	1	0	2	1	2	
0	2	1	3	2	1	0	2	1	2	3	0	0	2	2	2	1	2	0	0	3	1	0	2	0	0	1	0	
0	2	1	0	2	3	0	2	0	2	2	0	0	0	0	0	2	2	0	3	2	3	0	2	0	0	1	2	
0	2	1	0	2	3	0	2	0	0	2	0	0	0	0	0	1	2	0	0	2	1	0	0	0	0	1	2	
0	2	1	0	3	1	0	0	0	0	2	0	0	0	0	0	1	2	0	3	2	1	0	0	0	2	0	2	
0	0	1	0	2	1	0	2	0	0	2	0	0	0	0	0	1	2	2	0	0	1	0	2	0	0	1	1	
0	2	1	0	0	3	0	3	0	0	2	3	3	0	0	0	2	2	0	0	2	3	1	2	0	0	1	2	
0	2	1	0	2	0	0	0	0	2	2	0	0	2	2	0	2	1	0	0	2	1	1	2	0	2	1	2	
0	0	2	0	1	1	2	2	0	0	2	0	0	0	0	0	1	2	0	0	0	2	0	2	0	0	0	1	
1	2	1	0	2	1	2	2	0	0	2	0	0	2	0	0	2	1	0	0	0	1	0	1	0	2	1	2	
1	1	1	3	0	1	1	2	1	0	2	2	0	2	2	0	1	2	1	0	0	1	1	1	0	0	1	2	
0	1	2	0	2	1	0	0	0	0	2	0	0	0	0	0	2	2	0	0	1	2	0	2	0	0	1	2	
1	2	1	0	2	1	0	0	0	2	2	0	0	0	0	0	1	2	0	0	2	2	0	0	0	3	1	2	
0	0	0	3	2	0	0	0	0	0	2	0	3	0	0	0	1	1	0	0	2	2	0	2	0	2	1	1	
0	2	1	3	3	0	0	2	0	0	2	0	0	2	0	0	1	2	0	0	1	1	0	2	1	0	1	2	
0	2	1	0	3	3	0	2	2	0	3	0	0	0	0	0	1	1	0	0	0	1	0	2	0	0	2	2	
0	2	1	0	3	0	0	2	0	0	2	0	0	0	0	1	1	2	0	0	0	0	0	0	0	0	1	1	
0	1	0	0	0	1	0	2	0	0	2	0	0	0	2	0	1	2	0	0	2	1	0	1	0	0	0	0	
0	1	1	0	2	1	0	2	1	0	2	0	0	0	0	0	1	2	0	0	0	3	1	2	0	0	1	2	
0	0	0	0	0	2	0	2	0	0	3	0	0	0	0	0	1	2	0	0	2	0	0	0	0	0	2	2	
0	2	1	0	0	1	1	0	0	0	2	0	0	1	0	0	0	1	0	3	2	2	0	2	0	0	1	2	
0	0	0	0	2	0	1	2	0	0	2	0	0	0	2	0	1	2	0	0	1	0	3	1	0	3	1	2	
0	2	1	0	2	1	0	2	0	0	2	0	1	0	0	0	1	2	0	0	2	1	1	0	0	0	2	1	
0	0	1	0	2	1	0	3	1	0	2	0	0	1	2	0	2	2	2	0	2	1	0	2	0	0	2	2	
0	2	1	0	2	1	0	2	0	0	3	0	0	0	0	0	2	2	0	0	2	1	0	2	0	0	2	1	
0	1	1	0	2	1	0	2	0	0	1	0	0	0	0	0	0	2	2	0	1	0	0	2	0	2	1	2	
0	2	1	3	2	1	2	2	0	0	2	0	3	0	0	2	1	2	2	0	2	3	1	2	0	0	0	2	
--------------------

--------------------
Best Solution Found!
--------------------
Time: 0 hour(s), 2 minute(s), 18 second(s), 290 millisecond(s)

Fitness: 289091

0	2	1	3	2	0	0	2	0	2	2	0	0	0	2	0	1	2	0	0	0	0	0	2	0	0	1	2	
0	2	1	0	3	0	0	3	1	0	2	0	0	0	0	0	1	2	0	0	2	1	3	2	0	0	1	2	
0	2	1	0	2	1	1	2	0	0	2	0	0	0	0	0	1	2	0	0	3	1	0	0	0	0	1	2	
1	1	1	0	2	1	0	2	1	1	2	0	0	0	0	0	1	2	0	0	2	1	0	0	0	0	2	2	
0	0	1	3	0	1	0	0	0	0	3	0	0	0	0	0	1	2	0	0	0	1	0	2	0	0	2	2	
0	2	1	3	3	0	0	3	0	2	2	0	0	0	0	0	1	2	0	0	0	0	0	1	0	0	1	2	
0	2	1	0	3	1	0	2	0	2	2	0	0	0	0	0	1	2	0	0	2	1	1	0	0	0	1	2	
0	0	2	3	2	1	0	2	0	0	2	0	0	0	0	0	0	2	0	0	0	0	0	2	0	0	1	2	
0	2	1	0	2	1	0	0	0	0	2	0	0	0	0	0	0	2	0	0	0	1	1	2	1	0	1	2	
0	2	1	0	2	3	1	0	0	0	2	0	3	2	0	0	1	2	0	0	2	1	0	1	0	0	1	2	
0	2	1	0	2	1	2	2	0	2	2	0	0	2	0	0	1	2	0	0	1	3	0	2	0	0	1	1	
0	2	1	0	2	1	1	2	0	0	3	0	0	0	2	0	0	1	0	0	0	1	0	2	0	0	1	2	
0	1	1	0	2	1	1	2	0	0	2	0	0	2	0	2	2	2	0	0	2	1	0	0	0	0	1	1	
0	2	1	0	3	3	0	2	0	0	2	2	3	0	0	2	1	2	0	0	2	1	0	2	0	0	1	2	
1	1	1	0	2	3	0	2	0	0	3	0	0	0	2	0	1	2	1	0	2	1	0	2	1	0	1	2	
0	2	1	0	3	1	2	2	0	0	2	0	0	0	0	1	1	2	0	0	2	0	0	2	0	2	1	2	
0	2	1	0	2	1	0	3	1	0	2	0	0	0	0	2	1	2	0	0	2	1	0	0	0	0	0	1	
0	2	0	0	2	1	0	2	0	0	2	0	0	2	0	0	2	2	2	0	2	0	1	2	0	0	0	1	
0	2	0	0	2	0	0	3	0	0	2	0	0	0	0	0	1	2	0	0	2	1	0	0	0	0	1	2	
0	2	0	3	2	0	0	3	0	0	2	0	0	0	0	0	2	2	0	3	1	1	0	2	0	0	1	0	
0	2	2	0	2	0	0	3	0	0	2	0	0	2	2	0	1	2	0	3	0	1	0	2	0	0	1	2	
0	2	1	0	2	1	0	2	0	0	2	0	0	2	0	0	2	1	0	0	2	1	1	2	0	3	1	2	
0	1	2	0	2	1	1	2	0	0	2	0	0	0	0	0	1	2	0	0	1	1	3	2	0	2	2	2	
1	2	2	0	3	1	0	3	0	0	2	0	0	0	0	0	1	2	0	0	2	1	1	2	0	0	0	2	
3	2	1	0	3	3	1	0	0	0	1	0	0	1	0	0	1	2	0	0	2	2	0	2	0	0	1	2	
0	2	1	1	2	0	1	2	1	0	2	0	0	0	0	0	1	1	0	0	3	1	1	2	0	2	2	0	
1	0	1	3	2	1	0	0	1	0	2	0	3	0	0	0	1	2	0	0	2	2	0	0	0	0	1	0	
0	1	1	0	0	0	0	2	0	2	3	0	3	2	0	0	1	2	2	0	2	1	0	0	0	0	1	2	
0	2	2	0	0	1	1	2	0	0	2	0	0	1	2	2	1	1	0	0	2	2	0	2	1	0	0	2	
1	2	1	0	2	3	0	2	0	0	2	0	3	2	0	0	2	2	0	0	2	1	0	2	0	0	1	1	
0	1	1	0	2	1	0	2	0	0	2	0	0	0	0	0	1	2	0	0	2	1	0	2	0	0	2	2	
0	2	0	0	0	1	0	0	0	0	2	0	0	0	0	0	1	1	0	0	2	1	0	2	0	0	0	1	
1	2	2	0	2	0	0	2	0	0	2	0	0	0	0	0	2	2	0	3	0	0	0	1	0	0	1	2	
0	2	2	0	2	1	0	2	2	0	2	0	3	0	2	0	2	1	0	0	2	3	1	1	0	0	1	2	
0	1	2	3	0	1	0	2	0	2	2	0	0	0	0	0	2	2	0	0	0	1	0	1	1	0	1	2	
0	2	1	0	2	1	0	0	0	0	2	0	0	0	3	0	1	2	0	0	3	1	3	1	0	0	1	2	
0	1	2	0	2	1	0	2	0	0	2	0	0	0	0	0	1	2	0	0	0	3	0	0	0	2	2	2	
0	2	1	0	1	1	0	2	0	1	1	0	0	0	0	0	1	2	0	0	2	1	0	0	0	0	1	1	
0	2	2	0	2	2	1	2	0	2	2	0	0	1	0	2	1	2	0	1	2	1	0	2	2	2	1	2	
0	0	1	0	0	1	0	2	2	0	2	0	1	0	1	0	1	1	0	0	3	3	0	2	0	0	2	2	
0	0	1	1	1	0	0	3	0	0	3	0	0	0	0	0	1	2	0	0	3	1	0	2	0	2	2	2	
0	2	1	0	3	1	0	2	1	2	2	0	0	0	0	0	2	2	0	0	2	2	0	2	0	2	1	1	
0	2	1	0	2	2	0	2	1	0	2	0	0	0	0	0	1	2	0	0	3	1	0	1	0	2	1	2	
0	1	0	0	2	1	0	2	0	0	2	0	0	0	0	0	1	2	2	0	2	1	0	2	0	3	1	1	
1	0	2	0	2	2	1	0	0	0	3	0	0	0	0	2	1	0	0	1	2	1	1	2	0	0	0	0	
0	0	0	0	2	1	0	0	0	0	2	0	0	0	0	0	0	2	2	0	2	2	0	0	0	0	0	1	
0	0	0	0	2	1	0	2	0	0	2	0	0	0	0	0	1	1	0	0	1	3	0	1	0	0	1	1	
1	2	1	0	2	1	0	2	0	0	2	2	1	2	2	2	1	2	0	0	2	1	1	1	0	0	0	2	
0	2	1	3	2	3	1	2	0	0	2	0	0	0	0	0	1	2	0	0	2	1	1	2	0	0	2	0	
0	2	1	0	2	1	2	2	0	0	2	0	0	0	0	0	1	2	1	3	2	1	0	2	0	0	0	2	
0	2	1	0	2	0	0	2	0	0	2	0	3	2	0	0	1	2	0	0	0	1	0	0	0	0	1	2	
0	0	1	0	2	1	0	2	0	2	2	0	0	0	3	0	2	1	0	0	2	1	0	2	0	0	1	2	
0	1	1	0	2	1	0	2	1	0	2	0	0	0	0	0	1	2	1	3	2	1	0	2	0	2	1	2	
0	2	0	0	2	1	0	2	0	0	2	0	0	0	2	0	2	2	0	0	2	1	0	1	1	0	0	2	
0	2	1	0	2	1	0	0	1	0	3	0	0	0	2	0	1	1	0	0	2	1	0	2	0	0	1	2	
0	2	1	0	2	1	0	3	0	0	2	0	0	0	2	1	1	2	0	0	2	2	0	2	1	0	1	2	
3	0	1	0	1	3	0	0	2	2	3	0	0	0	2	0	1	2	0	3	2	1	0	2	0	2	1	2	
0	2	1	0	2	1	0	2	1	0	3	0	0	2	2	0	1	2	0	3	2	0	0	2	0	0	1	2	
0	2	1	0	2	1	0	0	0	1	2	0	0	0	0	0	1	1	0	0	0	0	0	2	0	0	1	2	
0	2	1	0	2	1	0	3	1	0	3	3	0	0	0	0	1	1	2	0	2	1	0	0	0	0	2	2	
--------------------


The best solution was found at the restart: 2, population: 0
Total Time Elapsed: 0 hour(s), 14 minute(s), 15 second(s), 667 millisecond(s)

