--------------------
Best Solution Found!
--------------------
Time: 0 hour(s), 0 minute(s), 0 second(s), 1 millisecond(s)

Fitness: 25078

0	0	0	0	0	0	0	
1	0	0	0	0	0	3	
3	0	0	0	0	0	0	
0	3	0	0	1	0	0	
0	0	0	0	0	3	0	
0	0	0	0	2	0	0	
0	0	0	0	1	2	0	
0	0	0	0	0	0	0	
0	0	0	0	0	0	0	
2	0	0	0	0	0	2	
0	2	0	0	0	0	0	
0	0	0	0	0	0	0	
1	0	2	3	0	0	0	
2	0	2	0	0	0	0	
0	0	0	2	3	3	1	
0	0	0	0	2	0	0	
0	0	1	0	0	0	0	
2	0	3	1	0	0	0	
0	0	0	0	0	0	0	
0	0	0	0	0	0	0	
0	0	1	1	0	0	0	
0	0	0	0	0	0	0	
3	0	1	0	0	0	1	
1	0	0	0	0	0	0	
0	3	2	0	1	0	0	
--------------------

--------------------
Best Solution Found!
--------------------
Time: 0 hour(s), 0 minute(s), 0 second(s), 1 millisecond(s)

Fitness: 24090

0	0	0	0	0	0	0	
0	0	0	1	0	0	0	
0	0	0	0	0	0	0	
0	3	0	0	0	0	1	
0	0	0	0	0	0	0	
0	0	0	0	2	3	3	
2	0	0	0	0	0	0	
1	0	0	0	0	2	0	
1	0	0	0	1	3	0	
0	0	0	0	0	0	0	
0	2	0	0	0	0	0	
0	0	0	0	0	0	2	
2	0	2	0	2	0	0	
3	0	2	2	3	0	1	
0	0	0	0	0	0	0	
0	0	0	0	0	0	0	
3	0	1	0	0	0	0	
0	0	3	0	0	0	0	
0	0	0	0	1	0	0	
1	0	0	0	0	0	0	
0	0	1	1	0	0	0	
0	0	0	0	0	0	0	
0	0	1	3	0	0	0	
2	0	0	0	1	0	0	
0	3	2	0	0	0	0	
--------------------

--------------------
Best Solution Found!
--------------------
Time: 0 hour(s), 0 minute(s), 0 second(s), 5 millisecond(s)

Fitness: 24079

0	3	0	0	0	0	0	
2	0	0	1	0	0	3	
0	0	0	0	0	3	0	
0	0	0	0	0	0	0	
0	2	0	0	0	0	0	
3	0	0	0	2	0	0	
0	0	0	0	0	0	0	
0	0	0	0	0	0	0	
0	0	0	0	0	0	0	
3	0	0	0	0	0	2	
0	0	0	0	0	0	0	
1	0	0	0	2	0	0	
0	0	2	0	0	3	0	
0	0	2	2	3	0	0	
0	0	0	0	1	0	1	
0	0	0	0	1	0	0	
2	0	1	0	0	0	0	
1	0	3	0	0	0	0	
2	0	0	0	0	0	0	
0	0	0	0	0	0	0	
0	0	1	1	0	0	0	
0	0	0	0	0	0	0	
0	3	1	3	1	0	1	
1	0	0	0	0	0	0	
0	0	2	0	0	2	0	
--------------------

--------------------
Best Solution Found!
--------------------
Time: 0 hour(s), 0 minute(s), 0 second(s), 20 millisecond(s)

Fitness: 24075

0	0	0	0	1	0	0	
0	0	0	0	3	3	0	
3	3	2	0	1	3	0	
0	0	2	0	0	0	0	
2	0	0	0	0	2	1	
0	0	2	0	0	0	0	
1	0	1	0	2	0	0	
2	0	0	0	0	0	0	
2	0	0	0	0	0	0	
0	0	0	0	0	0	0	
0	0	0	0	0	0	0	
0	0	0	0	0	0	1	
0	0	0	3	0	0	0	
0	0	1	0	0	0	0	
0	0	0	0	0	0	0	
0	0	3	0	1	0	0	
0	0	0	1	0	0	0	
1	2	0	2	0	0	0	
0	0	1	1	0	0	0	
0	0	0	0	2	0	0	
1	0	0	0	0	0	0	
0	3	0	0	0	0	3	
3	0	0	0	0	0	0	
0	0	0	0	0	0	0	
0	0	0	0	0	0	2	
--------------------

--------------------
Best Solution Found!
--------------------
Time: 0 hour(s), 0 minute(s), 0 second(s), 24 millisecond(s)

Fitness: 24074

0	0	0	0	0	0	0	
0	0	0	0	0	2	0	
0	0	1	0	0	3	2	
0	0	0	0	0	0	0	
0	0	1	0	1	0	0	
1	0	0	0	1	0	0	
2	0	0	0	2	0	0	
0	0	0	0	0	0	0	
0	0	0	0	0	0	0	
3	0	0	0	0	0	0	
0	3	0	0	0	0	0	
0	0	0	0	0	0	0	
1	0	0	0	0	0	0	
0	0	0	0	0	3	0	
0	0	3	0	3	0	0	
0	3	1	0	0	0	0	
0	0	0	1	0	0	0	
2	2	2	0	2	0	3	
0	0	0	3	0	0	0	
2	0	0	0	0	0	1	
0	0	2	2	0	0	0	
3	0	0	0	0	0	1	
0	0	2	1	1	0	0	
1	0	0	0	0	0	0	
0	0	0	0	0	0	0	
--------------------

--------------------
Best Solution Found!
--------------------
Time: 0 hour(s), 0 minute(s), 0 second(s), 25 millisecond(s)

Fitness: 24074

0	0	0	0	0	0	0	
0	0	0	0	0	2	0	
0	0	1	0	0	3	2	
0	0	0	0	0	0	0	
0	0	1	0	1	0	0	
1	0	0	0	1	0	0	
2	0	0	0	2	0	0	
0	0	0	0	0	0	0	
0	0	0	0	0	0	0	
3	0	0	0	0	0	0	
0	3	0	0	0	0	0	
0	0	0	0	0	0	0	
1	0	0	0	0	0	0	
0	0	0	0	0	3	0	
0	0	3	0	3	0	0	
0	3	1	0	0	0	0	
0	0	0	1	0	0	0	
2	2	2	0	2	0	3	
0	0	0	3	0	0	0	
2	0	0	0	0	0	1	
0	0	2	2	0	0	0	
3	0	0	0	0	0	1	
0	0	2	1	1	0	0	
1	0	0	0	0	0	0	
0	0	0	0	0	0	0	
--------------------

--------------------
Best Solution Found!
--------------------
Time: 0 hour(s), 0 minute(s), 0 second(s), 33 millisecond(s)

Fitness: 24071

0	0	0	0	0	0	0	
2	0	0	0	0	0	0	
0	0	0	2	1	0	2	
0	2	0	0	0	0	0	
0	0	2	0	0	2	0	
0	0	0	0	3	0	0	
0	0	1	0	0	0	0	
2	0	0	0	0	0	0	
1	0	1	1	0	0	0	
0	0	2	1	0	0	0	
0	0	0	0	0	0	0	
0	3	0	0	0	0	0	
0	0	1	0	2	0	0	
0	0	0	0	0	0	0	
2	0	0	0	0	0	0	
0	0	0	0	0	0	0	
3	0	0	0	0	0	0	
0	0	2	0	0	0	3	
0	0	3	0	0	0	0	
0	0	0	0	0	3	1	
0	0	0	0	2	0	0	
1	0	0	0	0	0	1	
0	0	0	0	0	0	0	
1	3	0	3	1	3	0	
3	0	0	0	1	0	0	
--------------------

--------------------
Best Solution Found!
--------------------
Time: 0 hour(s), 0 minute(s), 0 second(s), 45 millisecond(s)

Fitness: 24065

2	0	0	0	0	0	0	
1	0	0	0	0	0	0	
0	0	0	0	1	0	3	
2	0	0	0	0	0	0	
2	0	2	0	0	3	0	
0	0	0	0	3	0	0	
0	0	1	0	0	0	0	
3	0	0	2	0	0	0	
0	0	1	0	0	0	0	
0	0	2	0	0	0	0	
0	0	0	3	0	0	0	
1	0	0	0	0	0	0	
3	0	1	0	2	2	1	
0	0	0	0	0	0	0	
0	3	0	0	0	0	0	
0	0	0	1	0	0	0	
0	0	0	1	0	0	1	
0	2	2	0	0	0	0	
1	0	3	0	0	0	0	
0	0	0	0	0	0	0	
0	0	0	0	2	0	0	
0	0	0	0	0	0	2	
0	0	0	0	0	0	0	
0	0	0	0	1	3	0	
0	3	0	0	1	0	0	
--------------------

--------------------
Best Solution Found!
--------------------
Time: 0 hour(s), 0 minute(s), 0 second(s), 119 millisecond(s)

Fitness: 23088

0	0	2	0	0	0	0	
3	0	1	0	0	0	0	
1	0	0	0	0	0	0	
2	0	0	0	0	0	0	
0	0	2	3	0	0	0	
0	3	0	0	1	0	0	
0	3	3	0	0	0	0	
2	0	1	0	0	0	0	
0	0	0	1	0	0	0	
0	0	0	0	0	0	2	
0	0	0	0	0	0	3	
3	2	1	0	1	3	0	
1	0	0	0	1	0	0	
0	0	0	0	0	0	0	
0	0	0	0	0	0	1	
0	0	0	0	0	3	0	
1	0	0	0	0	0	0	
0	0	0	0	2	0	0	
2	0	2	2	3	2	0	
0	0	0	0	0	0	1	
0	0	0	0	2	0	0	
0	0	0	1	0	0	0	
0	0	0	0	0	0	0	
0	0	0	0	0	0	0	
0	0	0	0	0	0	0	
--------------------

--------------------
Best Solution Found!
--------------------
Time: 0 hour(s), 0 minute(s), 0 second(s), 279 millisecond(s)

Fitness: 23081

0	0	0	0	0	0	0	
0	0	1	3	0	0	0	
2	0	2	0	1	0	0	
0	0	0	0	3	0	0	
0	3	1	0	2	0	0	
1	0	0	0	0	0	0	
1	3	0	0	0	0	2	
0	0	1	0	0	3	0	
0	0	0	0	0	0	0	
2	2	0	0	1	3	1	
0	0	0	1	0	0	0	
0	0	0	0	0	0	0	
0	0	0	0	0	0	0	
0	0	0	1	0	0	0	
2	0	0	0	0	0	0	
0	0	2	0	0	0	0	
0	0	0	0	2	0	0	
0	0	0	0	0	0	0	
1	0	3	2	1	0	1	
0	0	0	0	0	0	0	
0	0	0	0	0	2	0	
3	0	0	0	0	0	0	
0	0	0	0	0	0	3	
0	0	0	0	0	0	0	
3	0	2	0	0	0	0	
--------------------

--------------------
Best Solution Found!
--------------------
Time: 0 hour(s), 0 minute(s), 0 second(s), 334 millisecond(s)

Fitness: 23078

0	0	2	1	0	0	0	
1	3	2	2	2	0	0	
0	0	1	0	0	0	3	
0	0	0	0	0	0	0	
0	0	2	0	1	3	0	
1	0	0	0	0	0	0	
1	0	0	0	0	0	0	
0	0	0	0	0	0	0	
0	0	0	0	3	0	1	
0	0	0	1	0	0	0	
0	0	0	0	0	0	0	
0	0	0	0	1	0	0	
2	0	0	0	0	0	0	
0	0	0	0	0	0	0	
0	0	0	0	2	0	2	
3	2	0	0	1	3	1	
0	0	0	0	0	0	0	
0	0	0	3	0	0	0	
0	0	0	0	0	0	0	
3	0	0	0	0	0	0	
0	3	1	0	0	0	0	
2	0	0	0	0	0	0	
2	0	0	0	0	2	0	
0	0	3	0	0	0	0	
0	0	1	0	0	0	0	
--------------------

--------------------
Best Solution Found!
--------------------
Time: 0 hour(s), 0 minute(s), 0 second(s), 412 millisecond(s)

Fitness: 23073

0	0	0	0	0	0	0	
0	0	3	0	0	0	0	
0	0	2	0	0	0	0	
2	2	0	0	0	0	1	
0	0	0	0	0	0	0	
0	0	0	0	2	0	0	
0	0	0	0	0	0	0	
0	0	1	0	0	0	0	
0	0	0	0	0	0	0	
0	0	0	0	1	0	0	
1	0	0	0	0	0	0	
2	0	0	0	0	2	0	
2	0	0	1	2	0	0	
0	0	0	0	0	0	0	
0	3	0	0	0	0	0	
0	0	0	3	0	0	0	
1	0	2	1	1	0	1	
0	0	0	0	0	0	0	
3	0	1	2	0	0	0	
0	0	0	0	3	3	0	
0	0	0	0	0	0	0	
0	3	2	0	1	3	2	
3	0	1	0	0	0	0	
1	0	0	0	0	0	3	
0	0	0	0	0	0	0	
--------------------

--------------------
Best Solution Found!
--------------------
Time: 0 hour(s), 0 minute(s), 0 second(s), 725 millisecond(s)

Fitness: 23070

0	0	0	0	0	0	3	
0	3	3	1	0	3	0	
1	2	2	3	0	3	0	
0	0	0	0	1	0	0	
0	0	0	0	1	0	0	
0	0	0	0	0	0	0	
0	3	0	0	0	0	0	
0	0	0	0	0	0	0	
0	0	1	0	0	0	0	
2	0	2	0	0	0	0	
0	0	0	0	0	2	0	
1	0	1	0	1	0	0	
3	0	1	1	3	0	2	
2	0	0	0	0	0	1	
0	0	0	0	0	0	0	
0	0	0	0	0	0	0	
0	0	0	0	0	0	0	
1	0	0	0	2	0	0	
0	0	0	0	0	0	0	
0	0	0	0	0	0	0	
2	0	0	0	0	0	0	
0	0	0	0	2	0	0	
0	0	2	0	0	0	1	
0	0	0	0	0	0	0	
3	0	0	2	0	0	0	
--------------------

--------------------
Best Solution Found!
--------------------
Time: 0 hour(s), 0 minute(s), 0 second(s), 725 millisecond(s)

Fitness: 23070

0	0	0	0	0	0	3	
0	3	3	1	0	3	0	
1	2	2	3	0	3	0	
0	0	0	0	1	0	0	
0	0	0	0	1	0	0	
0	0	0	0	0	0	0	
0	3	0	0	0	0	0	
0	0	0	0	0	0	0	
0	0	1	0	0	0	0	
2	0	2	0	0	0	0	
0	0	0	0	0	2	0	
1	0	1	0	1	0	0	
3	0	1	1	3	0	2	
2	0	0	0	0	0	1	
0	0	0	0	0	0	0	
0	0	0	0	0	0	0	
0	0	0	0	0	0	0	
1	0	0	0	2	0	0	
0	0	0	0	0	0	0	
0	0	0	0	0	0	0	
2	0	0	0	0	0	0	
0	0	0	0	2	0	0	
0	0	2	0	0	0	1	
0	0	0	0	0	0	0	
3	0	0	2	0	0	0	
--------------------

--------------------
Best Solution Found!
--------------------
Time: 0 hour(s), 0 minute(s), 5 second(s), 813 millisecond(s)

Fitness: 23070

0	0	0	0	0	0	0	
3	0	0	1	0	0	0	
0	0	2	0	0	0	0	
0	0	0	1	0	0	0	
2	0	0	0	0	0	0	
1	0	1	0	2	3	3	
0	0	0	0	0	0	0	
0	0	1	0	3	0	0	
0	0	0	0	0	0	0	
0	0	0	0	0	0	0	
0	0	0	0	0	0	0	
0	0	0	0	0	0	0	
0	0	3	0	0	0	1	
0	0	0	2	0	2	0	
3	2	0	0	2	3	2	
0	0	2	0	0	0	0	
1	3	0	0	0	0	0	
0	3	0	0	1	0	0	
2	0	1	0	0	0	0	
0	0	0	0	0	0	1	
0	0	0	0	1	0	0	
2	0	0	0	0	0	0	
0	0	2	0	0	0	0	
1	0	0	3	0	0	0	
0	0	0	0	1	0	0	
--------------------

--------------------
Best Solution Found!
--------------------
Time: 0 hour(s), 0 minute(s), 5 second(s), 813 millisecond(s)

Fitness: 23070

0	0	0	0	0	0	0	
3	0	0	1	0	0	0	
0	0	2	0	0	0	0	
0	0	0	1	0	0	0	
2	0	0	0	0	0	0	
1	0	1	0	2	3	3	
0	0	0	0	0	0	0	
0	0	1	0	3	0	0	
0	0	0	0	0	0	0	
0	0	0	0	0	0	0	
0	0	0	0	0	0	0	
0	0	0	0	0	0	0	
0	0	3	0	0	0	1	
0	0	0	2	0	2	0	
3	2	0	0	2	3	2	
0	0	2	0	0	0	0	
1	3	0	0	0	0	0	
0	3	0	0	1	0	0	
2	0	1	0	0	0	0	
0	0	0	0	0	0	1	
0	0	0	0	1	0	0	
2	0	0	0	0	0	0	
0	0	2	0	0	0	0	
1	0	0	3	0	0	0	
0	0	0	0	1	0	0	
--------------------

--------------------
Best Solution Found!
--------------------
Time: 0 hour(s), 0 minute(s), 6 second(s), 833 millisecond(s)

Fitness: 23069

2	2	2	0	3	0	1	
1	3	1	0	2	3	0	
0	3	0	0	0	0	0	
0	0	0	2	2	0	0	
0	0	0	0	0	0	0	
0	0	0	0	0	0	0	
0	0	0	0	0	0	3	
0	0	0	0	1	0	0	
0	0	0	1	0	0	0	
0	0	2	0	0	0	0	
0	0	1	0	0	3	1	
2	0	0	0	0	0	0	
1	0	0	3	0	0	0	
2	0	0	0	0	0	2	
3	0	0	0	0	0	0	
0	0	0	0	0	0	0	
3	0	0	0	0	2	0	
0	0	0	0	1	0	0	
0	0	1	0	1	0	0	
0	0	0	1	0	0	0	
0	0	3	0	0	0	0	
0	0	0	0	0	0	0	
0	0	2	0	0	0	0	
0	0	0	0	0	0	0	
1	0	0	0	0	0	0	
--------------------

--------------------
Best Solution Found!
--------------------
Time: 0 hour(s), 0 minute(s), 7 second(s), 665 millisecond(s)

Fitness: 22084

2	0	0	0	0	0	2	
0	0	0	2	0	0	0	
1	0	1	0	0	0	0	
0	0	0	0	1	0	0	
0	0	0	0	0	0	0	
0	0	0	0	0	3	0	
3	0	0	0	0	0	0	
0	0	0	0	0	0	0	
0	0	0	0	0	0	0	
2	3	0	0	2	3	1	
0	0	0	0	0	0	0	
1	0	0	0	0	0	0	
0	0	0	0	1	0	0	
0	0	1	0	3	0	0	
0	0	1	0	0	0	0	
0	0	2	0	0	0	0	
0	0	0	0	0	0	0	
0	0	0	0	0	0	0	
0	0	0	1	0	0	0	
3	2	2	3	1	0	0	
0	0	0	0	0	0	0	
0	0	0	0	0	2	0	
2	0	2	0	0	0	3	
0	0	3	0	0	0	0	
1	3	0	1	2	0	1	
--------------------

--------------------
Best Solution Found!
--------------------
Time: 0 hour(s), 0 minute(s), 7 second(s), 665 millisecond(s)

Fitness: 22084

2	0	0	0	0	0	2	
0	0	0	2	0	0	0	
1	0	1	0	0	0	0	
0	0	0	0	1	0	0	
0	0	0	0	0	0	0	
0	0	0	0	0	3	0	
3	0	0	0	0	0	0	
0	0	0	0	0	0	0	
0	0	0	0	0	0	0	
2	3	0	0	2	3	1	
0	0	0	0	0	0	0	
1	0	0	0	0	0	0	
0	0	0	0	1	0	0	
0	0	1	0	3	0	0	
0	0	1	0	0	0	0	
0	0	2	0	0	0	0	
0	0	0	0	0	0	0	
0	0	0	0	0	0	0	
0	0	0	1	0	0	0	
3	2	2	3	1	0	0	
0	0	0	0	0	0	0	
0	0	0	0	0	2	0	
2	0	2	0	0	0	3	
0	0	3	0	0	0	0	
1	3	0	1	2	0	1	
--------------------

--------------------
Best Solution Found!
--------------------
Time: 0 hour(s), 0 minute(s), 23 second(s), 537 millisecond(s)

Fitness: 22084

0	0	1	0	0	0	0	
0	0	0	0	0	0	0	
0	0	0	0	1	0	0	
0	0	0	2	0	0	0	
0	0	0	0	1	0	0	
0	0	0	0	0	0	0	
1	0	2	0	0	0	0	
3	0	1	1	1	3	0	
0	0	0	0	0	0	3	
0	0	1	0	0	0	0	
3	3	2	3	2	0	0	
0	0	3	0	0	0	2	
2	0	0	0	0	0	1	
2	0	0	0	0	0	0	
0	0	0	0	0	3	0	
0	0	0	0	0	0	0	
2	3	0	1	2	2	0	
1	0	0	0	0	0	0	
0	0	0	0	0	0	0	
0	0	2	0	0	0	0	
0	2	0	0	0	0	0	
0	0	0	0	3	0	1	
1	0	0	0	0	0	0	
0	0	0	0	0	0	0	
0	0	0	0	0	0	0	
--------------------

--------------------
Best Solution Found!
--------------------
Time: 0 hour(s), 0 minute(s), 30 second(s), 408 millisecond(s)

Fitness: 22081

0	0	0	0	0	0	0	
0	0	0	0	0	0	0	
0	2	2	0	1	3	1	
2	0	1	2	0	0	0	
2	0	0	1	0	0	0	
0	3	0	0	0	0	0	
0	0	0	0	0	0	0	
2	0	0	0	0	0	0	
3	0	2	1	0	3	1	
0	0	0	0	1	0	0	
0	0	0	3	0	0	0	
0	0	0	0	0	0	0	
0	0	0	0	0	0	0	
0	0	0	0	0	0	0	
0	3	0	0	0	0	3	
0	0	0	0	0	0	0	
1	0	1	0	2	0	0	
0	0	0	0	2	0	0	
1	0	1	0	0	0	0	
1	0	3	0	3	2	2	
0	0	0	0	1	0	0	
0	0	2	0	0	0	0	
3	0	0	0	0	0	0	
0	0	0	0	0	0	0	
0	0	0	0	0	0	0	
--------------------

--------------------
Best Solution Found!
--------------------
Time: 0 hour(s), 0 minute(s), 30 second(s), 409 millisecond(s)

Fitness: 22081

0	0	0	0	0	0	0	
0	0	0	0	0	0	0	
0	2	2	0	1	3	1	
2	0	1	2	0	0	0	
2	0	0	1	0	0	0	
0	3	0	0	0	0	0	
0	0	0	0	0	0	0	
2	0	0	0	0	0	0	
3	0	2	1	0	3	1	
0	0	0	0	1	0	0	
0	0	0	3	0	0	0	
0	0	0	0	0	0	0	
0	0	0	0	0	0	0	
0	0	0	0	0	0	0	
0	3	0	0	0	0	3	
0	0	0	0	0	0	0	
1	0	1	0	2	0	0	
0	0	0	0	2	0	0	
1	0	1	0	0	0	0	
1	0	3	0	3	2	2	
0	0	0	0	1	0	0	
0	0	2	0	0	0	0	
3	0	0	0	0	0	0	
0	0	0	0	0	0	0	
0	0	0	0	0	0	0	
--------------------

--------------------
Best Solution Found!
--------------------
Time: 0 hour(s), 0 minute(s), 39 second(s), 723 millisecond(s)

Fitness: 22073

0	0	0	0	0	0	0	
0	0	0	0	0	0	0	
1	0	2	3	1	0	2	
0	0	0	0	0	0	0	
2	3	0	1	0	3	3	
0	0	2	0	1	0	0	
0	0	0	0	0	0	0	
2	0	0	0	1	0	0	
0	0	0	0	0	0	0	
1	0	0	0	0	0	0	
0	0	2	0	0	0	0	
0	0	1	0	0	0	0	
0	0	0	0	0	0	1	
1	0	0	0	0	2	0	
0	0	0	0	0	0	0	
0	0	0	0	0	0	0	
0	0	0	0	2	0	0	
0	3	0	0	0	0	0	
0	0	1	0	3	0	0	
3	0	0	0	0	0	0	
0	0	3	1	0	0	0	
3	2	0	0	0	0	0	
0	0	0	0	0	0	0	
0	0	1	2	2	3	1	
2	0	0	0	0	0	0	
--------------------

--------------------
Best Solution Found!
--------------------
Time: 0 hour(s), 0 minute(s), 39 second(s), 724 millisecond(s)

Fitness: 22073

0	0	0	0	0	0	0	
0	0	0	0	0	0	0	
1	0	2	3	1	0	2	
0	0	0	0	0	0	0	
2	3	0	1	0	3	3	
0	0	2	0	1	0	0	
0	0	0	0	0	0	0	
2	0	0	0	1	0	0	
0	0	0	0	0	0	0	
1	0	0	0	0	0	0	
0	0	2	0	0	0	0	
0	0	1	0	0	0	0	
0	0	0	0	0	0	1	
1	0	0	0	0	2	0	
0	0	0	0	0	0	0	
0	0	0	0	0	0	0	
0	0	0	0	2	0	0	
0	3	0	0	0	0	0	
0	0	1	0	3	0	0	
3	0	0	0	0	0	0	
0	0	3	1	0	0	0	
3	2	0	0	0	0	0	
0	0	0	0	0	0	0	
0	0	1	2	2	3	1	
2	0	0	0	0	0	0	
--------------------


The best solution was found at the restart: 9, population: 0
Total Time Elapsed: 0 hour(s), 1 minute(s), 50 second(s), 28 millisecond(s)

