--------------------
Best Solution Found!
--------------------
Time: 0 hour(s), 0 minute(s), 0 second(s), 1 millisecond(s)

Fitness: 24087

0	0	0	0	0	0	0	
0	0	0	0	0	0	3	
0	0	0	0	0	0	0	
0	0	0	0	1	0	0	
2	0	1	0	0	3	0	
2	0	0	0	2	0	0	
0	0	0	0	1	2	0	
0	0	0	0	0	0	0	
0	0	0	0	0	0	0	
1	0	0	0	0	0	2	
1	3	2	0	0	0	0	
0	0	0	0	0	0	0	
3	0	0	3	0	0	0	
0	0	1	0	0	0	0	
0	2	0	2	3	3	1	
0	0	2	0	2	0	0	
0	3	0	0	0	0	0	
3	0	2	1	0	0	0	
1	0	1	0	0	0	0	
2	0	0	0	0	0	0	
0	0	0	1	0	0	0	
0	0	3	0	0	0	0	
0	0	0	0	0	0	1	
0	0	0	0	0	0	0	
0	0	0	0	1	0	0	
--------------------

--------------------
Best Solution Found!
--------------------
Time: 0 hour(s), 0 minute(s), 0 second(s), 1 millisecond(s)

Fitness: 24087

0	0	0	0	0	0	0	
0	0	0	0	0	0	3	
0	0	0	0	0	0	0	
0	0	0	0	1	0	0	
2	0	1	0	0	3	0	
2	0	0	0	2	0	0	
0	0	0	0	1	2	0	
0	0	0	0	0	0	0	
0	0	0	0	0	0	0	
1	0	0	0	0	0	2	
1	3	2	0	0	0	0	
0	0	0	0	0	0	0	
3	0	0	3	0	0	0	
0	0	1	0	0	0	0	
0	2	0	2	3	3	1	
0	0	2	0	2	0	0	
0	3	0	0	0	0	0	
3	0	2	1	0	0	0	
1	0	1	0	0	0	0	
2	0	0	0	0	0	0	
0	0	0	1	0	0	0	
0	0	3	0	0	0	0	
0	0	0	0	0	0	1	
0	0	0	0	0	0	0	
0	0	0	0	1	0	0	
--------------------

--------------------
Best Solution Found!
--------------------
Time: 0 hour(s), 0 minute(s), 0 second(s), 2 millisecond(s)

Fitness: 24087

0	0	0	0	0	0	0	
0	0	0	0	0	0	3	
0	0	0	0	0	0	0	
0	0	0	0	1	0	0	
2	0	1	0	0	3	0	
2	0	0	0	2	0	0	
0	0	0	0	1	2	0	
0	0	0	0	0	0	0	
0	0	0	0	0	0	0	
1	0	0	0	0	0	2	
1	3	2	0	0	0	0	
0	0	0	0	0	0	0	
3	0	0	3	0	0	0	
0	0	1	0	0	0	0	
0	2	0	2	3	3	1	
0	0	2	0	2	0	0	
0	3	0	0	0	0	0	
3	0	2	1	0	0	0	
1	0	1	0	0	0	0	
2	0	0	0	0	0	0	
0	0	0	1	0	0	0	
0	0	3	0	0	0	0	
0	0	0	0	0	0	1	
0	0	0	0	0	0	0	
0	0	0	0	1	0	0	
--------------------

--------------------
Best Solution Found!
--------------------
Time: 0 hour(s), 0 minute(s), 0 second(s), 13 millisecond(s)

Fitness: 24086

1	3	0	0	0	0	0	
1	0	0	0	0	0	0	
0	0	1	0	0	0	0	
0	0	0	0	1	0	0	
0	0	0	0	0	0	0	
0	0	0	0	0	3	0	
1	0	3	0	0	0	0	
3	0	0	0	0	2	0	
0	3	0	0	2	3	3	
2	0	0	0	0	0	0	
0	0	0	0	0	0	0	
0	0	0	0	0	0	0	
2	0	2	3	3	0	2	
2	0	0	0	2	0	0	
0	0	0	2	1	0	1	
3	0	0	0	1	0	0	
0	2	2	0	0	0	0	
0	0	1	1	0	0	0	
0	0	0	0	0	0	1	
0	0	0	0	0	0	0	
0	0	0	1	0	0	0	
0	0	2	0	0	0	0	
0	0	0	0	0	0	0	
0	0	0	0	0	0	0	
0	0	1	0	0	0	0	
--------------------

--------------------
Best Solution Found!
--------------------
Time: 0 hour(s), 0 minute(s), 0 second(s), 14 millisecond(s)

Fitness: 24086

1	3	0	0	0	0	0	
1	0	0	0	0	0	0	
0	0	1	0	0	0	0	
0	0	0	0	1	0	0	
0	0	0	0	0	0	0	
0	0	0	0	0	3	0	
1	0	3	0	0	0	0	
3	0	0	0	0	2	0	
0	3	0	0	2	3	3	
2	0	0	0	0	0	0	
0	0	0	0	0	0	0	
0	0	0	0	0	0	0	
2	0	2	3	3	0	2	
2	0	0	0	2	0	0	
0	0	0	2	1	0	1	
3	0	0	0	1	0	0	
0	2	2	0	0	0	0	
0	0	1	1	0	0	0	
0	0	0	0	0	0	1	
0	0	0	0	0	0	0	
0	0	0	1	0	0	0	
0	0	2	0	0	0	0	
0	0	0	0	0	0	0	
0	0	0	0	0	0	0	
0	0	1	0	0	0	0	
--------------------

--------------------
Best Solution Found!
--------------------
Time: 0 hour(s), 0 minute(s), 0 second(s), 14 millisecond(s)

Fitness: 24086

1	3	0	0	0	0	0	
1	0	0	0	0	0	0	
0	0	1	0	0	0	0	
0	0	0	0	1	0	0	
0	0	0	0	0	0	0	
0	0	0	0	0	3	0	
1	0	3	0	0	0	0	
3	0	0	0	0	2	0	
0	3	0	0	2	3	3	
2	0	0	0	0	0	0	
0	0	0	0	0	0	0	
0	0	0	0	0	0	0	
2	0	2	3	3	0	2	
2	0	0	0	2	0	0	
0	0	0	2	1	0	1	
3	0	0	0	1	0	0	
0	2	2	0	0	0	0	
0	0	1	1	0	0	0	
0	0	0	0	0	0	1	
0	0	0	0	0	0	0	
0	0	0	1	0	0	0	
0	0	2	0	0	0	0	
0	0	0	0	0	0	0	
0	0	0	0	0	0	0	
0	0	1	0	0	0	0	
--------------------

--------------------
Best Solution Found!
--------------------
Time: 0 hour(s), 0 minute(s), 0 second(s), 16 millisecond(s)

Fitness: 24075

0	0	2	0	0	0	0	
0	2	1	0	0	0	0	
0	0	0	3	0	0	0	
0	0	0	0	1	0	0	
2	0	0	0	0	0	0	
2	0	0	0	0	3	0	
0	0	0	0	0	0	0	
0	0	0	0	0	2	0	
0	0	0	0	2	3	3	
1	0	0	0	0	0	0	
1	0	1	0	0	0	0	
0	0	0	0	0	0	0	
3	0	1	1	3	0	2	
0	0	0	0	2	0	0	
0	0	2	0	1	0	1	
0	0	0	0	1	0	0	
0	0	0	1	0	0	0	
3	0	3	0	0	0	0	
1	0	2	0	0	0	1	
2	3	0	0	0	0	0	
0	0	0	0	0	0	0	
0	0	0	2	0	0	0	
0	0	0	0	0	0	0	
0	0	0	0	0	0	0	
0	3	0	0	0	0	0	
--------------------

--------------------
Best Solution Found!
--------------------
Time: 0 hour(s), 0 minute(s), 0 second(s), 23 millisecond(s)

Fitness: 23090

0	0	1	0	0	0	0	
0	0	1	0	3	0	0	
0	0	0	0	0	0	0	
0	0	3	0	0	0	0	
0	0	0	0	0	3	0	
0	0	0	0	0	0	0	
0	0	2	0	0	2	0	
2	0	0	0	0	0	3	
0	0	0	1	0	0	0	
2	0	0	0	0	0	0	
1	0	0	0	0	0	0	
0	0	2	0	2	0	0	
0	0	0	0	0	0	0	
1	0	0	3	1	0	2	
3	0	2	0	1	3	1	
0	2	0	0	0	0	0	
0	0	0	0	0	0	0	
0	0	0	0	0	0	0	
0	0	0	0	0	0	0	
1	0	0	0	0	0	0	
0	0	0	0	0	0	0	
3	3	0	0	1	0	1	
2	3	1	1	2	0	0	
0	0	0	0	0	0	0	
0	0	0	2	0	0	0	
--------------------

--------------------
Best Solution Found!
--------------------
Time: 0 hour(s), 0 minute(s), 0 second(s), 161 millisecond(s)

Fitness: 23074

0	0	0	0	0	0	0	
1	3	0	0	0	0	0	
0	0	0	0	0	0	1	
0	0	2	0	0	0	0	
2	0	0	0	0	0	0	
0	3	0	0	0	0	0	
0	0	0	0	0	0	0	
1	0	1	0	0	0	0	
0	0	0	1	0	0	0	
0	0	0	0	0	0	0	
2	0	0	0	2	0	0	
0	0	0	0	1	0	0	
1	0	3	0	0	0	0	
0	0	0	0	0	3	2	
0	0	0	0	1	0	1	
0	0	2	0	0	0	0	
0	0	0	0	0	0	0	
3	2	1	2	0	3	0	
0	0	1	0	0	0	0	
0	0	0	0	0	0	0	
0	0	0	0	0	0	0	
0	0	0	0	0	0	0	
3	0	0	0	1	2	0	
0	0	0	3	2	0	0	
2	0	2	1	3	0	3	
--------------------

--------------------
Best Solution Found!
--------------------
Time: 0 hour(s), 0 minute(s), 0 second(s), 389 millisecond(s)

Fitness: 23069

0	0	0	0	0	3	3	
0	0	0	0	0	0	0	
0	0	0	1	0	0	0	
0	2	0	0	0	0	0	
1	0	0	0	0	3	0	
0	0	0	0	0	0	0	
2	0	0	2	3	0	0	
3	0	0	0	0	0	0	
2	0	0	0	0	0	0	
0	0	0	0	1	0	0	
0	0	0	0	0	0	0	
0	0	0	0	0	0	0	
3	3	3	3	1	0	0	
0	0	2	0	0	0	2	
1	0	1	0	0	0	0	
0	0	0	0	0	0	0	
0	0	1	0	0	0	0	
1	0	2	1	2	0	1	
2	0	0	0	0	2	0	
0	0	0	0	2	0	0	
0	0	0	0	0	0	0	
0	0	1	0	0	0	1	
0	0	2	0	0	0	0	
0	0	0	0	1	0	0	
0	3	0	0	0	0	0	
--------------------

--------------------
Best Solution Found!
--------------------
Time: 0 hour(s), 0 minute(s), 2 second(s), 780 millisecond(s)

Fitness: 23062

0	0	0	0	0	0	0	
2	0	0	0	0	3	0	
0	0	0	0	0	0	0	
0	0	0	1	2	0	0	
0	3	2	2	0	0	1	
3	0	0	0	0	0	0	
0	0	0	1	0	0	0	
1	0	2	0	1	2	0	
0	0	0	0	0	0	3	
1	0	2	0	1	0	0	
0	0	0	0	3	0	0	
2	0	0	0	0	0	0	
0	0	0	0	0	0	0	
0	0	1	0	0	0	0	
1	3	1	0	2	0	2	
0	0	0	0	0	0	0	
0	0	0	0	1	0	0	
0	0	0	0	0	0	0	
3	2	0	3	0	3	1	
0	0	1	0	0	0	0	
0	0	0	0	0	0	0	
0	0	0	0	0	0	0	
2	0	0	0	0	0	0	
0	0	3	0	0	0	0	
0	0	0	0	0	0	0	
--------------------

--------------------
Best Solution Found!
--------------------
Time: 0 hour(s), 0 minute(s), 2 second(s), 781 millisecond(s)

Fitness: 23062

0	0	0	0	0	0	0	
2	0	0	0	0	3	0	
0	0	0	0	0	0	0	
0	0	0	1	2	0	0	
0	3	2	2	0	0	1	
3	0	0	0	0	0	0	
0	0	0	1	0	0	0	
1	0	2	0	1	2	0	
0	0	0	0	0	0	3	
1	0	2	0	1	0	0	
0	0	0	0	3	0	0	
2	0	0	0	0	0	0	
0	0	0	0	0	0	0	
0	0	1	0	0	0	0	
1	3	1	0	2	0	2	
0	0	0	0	0	0	0	
0	0	0	0	1	0	0	
0	0	0	0	0	0	0	
3	2	0	3	0	3	1	
0	0	1	0	0	0	0	
0	0	0	0	0	0	0	
0	0	0	0	0	0	0	
2	0	0	0	0	0	0	
0	0	3	0	0	0	0	
0	0	0	0	0	0	0	
--------------------

--------------------
Best Solution Found!
--------------------
Time: 0 hour(s), 0 minute(s), 4 second(s), 820 millisecond(s)

Fitness: 22081

0	0	0	0	0	0	0	
0	0	0	0	0	0	0	
0	0	1	3	0	0	3	
2	0	2	0	0	0	0	
0	0	0	0	0	0	0	
0	3	0	0	0	0	0	
0	0	1	0	0	0	0	
0	0	0	1	0	0	0	
0	0	0	0	0	0	0	
1	0	0	0	0	0	0	
3	0	0	0	0	0	0	
0	3	0	0	0	0	0	
2	0	2	0	0	0	0	
0	0	0	0	0	0	0	
3	0	0	2	0	0	0	
0	0	0	0	0	0	0	
0	0	0	0	3	0	0	
0	0	0	0	0	0	0	
0	0	0	0	0	0	0	
2	0	3	0	2	3	1	
0	0	0	0	1	2	0	
0	0	1	0	1	0	0	
0	0	0	0	0	0	0	
1	0	2	0	2	3	1	
1	2	0	1	1	0	2	
--------------------

--------------------
Best Solution Found!
--------------------
Time: 0 hour(s), 0 minute(s), 31 second(s), 452 millisecond(s)

Fitness: 22075

1	0	0	0	0	0	0	
0	0	1	0	0	0	0	
0	0	0	0	0	3	0	
0	0	0	0	0	0	0	
0	0	0	0	0	0	0	
0	0	0	0	0	0	0	
0	0	0	0	0	0	0	
2	0	0	3	0	0	0	
0	0	0	0	0	0	0	
0	3	1	1	1	0	1	
0	0	2	0	2	0	0	
0	0	0	0	0	0	0	
0	0	0	0	0	0	0	
0	0	2	0	1	0	3	
0	2	0	0	3	0	0	
0	0	0	0	0	0	0	
0	0	0	0	0	3	0	
3	0	0	0	0	0	0	
1	0	0	0	0	0	0	
0	0	0	0	0	0	1	
1	0	2	1	1	0	2	
3	0	0	0	0	0	0	
2	3	3	2	2	0	0	
0	0	0	0	0	2	0	
2	0	1	0	0	0	0	
--------------------

--------------------
Best Solution Found!
--------------------
Time: 0 hour(s), 0 minute(s), 41 second(s), 323 millisecond(s)

Fitness: 22074

0	0	0	0	0	0	0	
0	0	0	0	2	2	0	
0	0	0	0	0	0	0	
0	0	1	0	0	0	0	
1	0	0	0	1	0	0	
0	0	0	0	0	0	0	
0	0	0	3	0	0	0	
0	0	0	0	0	0	0	
0	2	0	2	0	0	0	
1	0	2	0	0	0	0	
0	0	0	0	1	0	0	
0	0	0	0	0	0	0	
3	0	3	0	0	0	0	
0	0	0	0	0	0	0	
2	3	1	0	3	0	3	
0	0	0	0	0	3	0	
0	0	0	1	0	0	0	
2	0	2	0	1	3	2	
0	0	0	0	0	0	0	
0	0	0	0	0	0	0	
2	3	2	0	2	0	1	
0	0	0	1	0	0	0	
1	0	0	0	0	0	1	
3	0	1	0	0	0	0	
0	0	0	0	0	0	0	
--------------------

--------------------
Best Solution Found!
--------------------
Time: 0 hour(s), 0 minute(s), 50 second(s), 601 millisecond(s)

Fitness: 22070

0	0	0	0	0	0	0	
0	0	3	1	0	0	0	
0	0	0	0	0	0	0	
1	0	0	0	0	0	3	
0	3	0	0	0	0	0	
0	0	0	0	0	3	0	
1	0	0	0	0	0	0	
0	0	2	0	1	0	0	
0	0	0	0	0	0	1	
3	0	1	1	3	2	0	
0	0	0	0	0	0	1	
0	0	0	0	0	0	0	
2	0	0	0	0	0	0	
0	0	0	0	0	0	0	
0	2	1	2	2	3	0	
0	0	0	0	0	0	0	
0	0	0	0	1	0	0	
2	3	1	0	2	0	2	
0	0	0	0	0	0	0	
0	0	0	0	0	0	0	
0	0	2	0	0	0	0	
2	0	0	0	1	0	0	
0	0	0	3	0	0	0	
1	0	2	0	0	0	0	
3	0	0	0	0	0	0	
--------------------


The best solution was found at the restart: 11, population: 0
Total Time Elapsed: 0 hour(s), 2 minute(s), 0 second(s), 578 millisecond(s)

