--------------------
Best Solution Found!
--------------------
Time: 0 hour(s), 0 minute(s), 0 second(s), 5 millisecond(s)

Fitness: 17187

3	2	0	0	0	0	1	
2	1	3	0	3	0	3	
3	3	1	0	0	0	2	
1	3	1	1	0	0	2	
0	1	0	0	0	0	0	
1	3	1	0	0	0	0	
0	1	1	0	2	0	1	
0	0	0	3	2	3	1	
0	0	0	0	2	0	0	
2	3	3	2	0	0	0	
2	0	3	0	0	0	1	
1	3	2	0	1	0	2	
1	0	0	0	0	0	0	
2	1	1	0	0	0	3	
2	1	2	0	0	2	3	
1	3	1	2	0	1	0	
2	3	3	0	1	0	1	
0	3	0	0	1	0	1	
1	0	1	1	0	1	1	
0	0	0	0	0	0	1	
1	2	3	0	0	0	1	
0	3	0	0	0	0	3	
3	2	0	0	3	0	2	
0	0	0	1	0	0	0	
1	2	3	2	0	0	3	
--------------------

--------------------
Best Solution Found!
--------------------
Time: 0 hour(s), 0 minute(s), 0 second(s), 107 millisecond(s)

Fitness: 16184

1	3	2	2	0	0	1	
1	2	1	0	2	0	3	
2	3	3	1	0	0	3	
3	0	0	0	0	0	1	
2	1	1	0	0	3	2	
2	0	0	0	1	0	3	
0	0	0	0	0	0	3	
0	3	0	0	0	0	0	
0	1	3	0	0	0	0	
1	0	1	1	0	0	0	
3	3	3	1	0	0	2	
3	1	3	0	2	1	0	
2	0	1	0	0	2	1	
0	1	1	0	0	0	2	
0	3	1	3	3	0	0	
1	2	1	0	2	0	1	
1	1	0	0	0	0	3	
1	3	0	2	0	0	0	
1	3	3	0	1	0	1	
2	2	0	2	0	1	1	
2	3	0	0	1	0	1	
0	0	3	0	0	0	1	
0	3	0	0	0	0	1	
1	0	2	0	0	0	0	
0	2	0	0	3	0	2	
--------------------

--------------------
Best Solution Found!
--------------------
Time: 0 hour(s), 0 minute(s), 0 second(s), 328 millisecond(s)

Fitness: 15205

0	2	3	0	0	0	0	
0	3	3	3	0	2	1	
0	0	0	0	0	0	0	
2	3	2	0	1	0	1	
2	3	1	0	2	0	1	
1	1	0	0	0	0	0	
2	0	3	0	2	0	0	
1	0	1	0	0	0	3	
3	2	3	2	1	0	0	
0	3	0	0	0	0	0	
0	1	0	0	0	0	1	
2	2	1	0	1	0	1	
0	3	1	0	0	0	1	
1	0	0	1	3	3	2	
3	1	0	0	0	0	3	
3	2	0	0	3	0	2	
0	1	0	0	0	0	3	
1	0	1	0	0	0	0	
1	1	3	2	0	0	1	
0	0	0	0	2	0	2	
1	0	1	2	0	1	1	
1	3	0	0	0	1	2	
1	3	1	1	0	0	3	
2	3	2	0	0	0	3	
2	3	3	1	0	0	1	
--------------------

--------------------
Best Solution Found!
--------------------
Time: 0 hour(s), 0 minute(s), 0 second(s), 329 millisecond(s)

Fitness: 15205

0	2	3	0	0	0	0	
0	3	3	3	0	2	1	
0	0	0	0	0	0	0	
2	3	2	0	1	0	1	
2	3	1	0	2	0	1	
1	1	0	0	0	0	0	
2	0	3	0	2	0	0	
1	0	1	0	0	0	3	
3	2	3	2	1	0	0	
0	3	0	0	0	0	0	
0	1	0	0	0	0	1	
2	2	1	0	1	0	1	
0	3	1	0	0	0	1	
1	0	0	1	3	3	2	
3	1	0	0	0	0	3	
3	2	0	0	3	0	2	
0	1	0	0	0	0	3	
1	0	1	0	0	0	0	
1	1	3	2	0	0	1	
0	0	0	0	2	0	2	
1	0	1	2	0	1	1	
1	3	0	0	0	1	2	
1	3	1	1	0	0	3	
2	3	2	0	0	0	3	
2	3	3	1	0	0	1	
--------------------

--------------------
Best Solution Found!
--------------------
Time: 0 hour(s), 0 minute(s), 0 second(s), 330 millisecond(s)

Fitness: 15205

0	2	3	0	0	0	0	
0	3	3	3	0	2	1	
0	0	0	0	0	0	0	
2	3	2	0	1	0	1	
2	3	1	0	2	0	1	
1	1	0	0	0	0	0	
2	0	3	0	2	0	0	
1	0	1	0	0	0	3	
3	2	3	2	1	0	0	
0	3	0	0	0	0	0	
0	1	0	0	0	0	1	
2	2	1	0	1	0	1	
0	3	1	0	0	0	1	
1	0	0	1	3	3	2	
3	1	0	0	0	0	3	
3	2	0	0	3	0	2	
0	1	0	0	0	0	3	
1	0	1	0	0	0	0	
1	1	3	2	0	0	1	
0	0	0	0	2	0	2	
1	0	1	2	0	1	1	
1	3	0	0	0	1	2	
1	3	1	1	0	0	3	
2	3	2	0	0	0	3	
2	3	3	1	0	0	1	
--------------------

--------------------
Best Solution Found!
--------------------
Time: 0 hour(s), 0 minute(s), 3 second(s), 327 millisecond(s)

Fitness: 15191

3	1	1	2	0	0	1	
0	1	0	0	2	0	0	
0	3	0	0	0	0	0	
2	0	3	0	0	0	0	
1	2	0	0	0	3	1	
2	2	1	0	3	0	1	
1	1	0	2	1	0	3	
0	1	0	0	1	0	3	
1	1	3	1	0	0	1	
2	3	1	1	0	0	2	
1	3	1	1	0	0	1	
0	3	0	0	0	0	1	
0	3	3	3	0	0	3	
2	3	2	0	2	0	1	
3	3	2	0	0	1	2	
1	2	3	0	3	1	0	
2	0	0	0	0	0	0	
1	0	1	0	2	0	3	
3	0	1	0	0	0	1	
1	0	3	0	0	0	0	
1	3	0	0	0	0	2	
0	2	1	0	1	2	1	
0	0	0	0	0	0	2	
0	0	3	2	0	0	0	
2	3	0	0	0	0	3	
--------------------

--------------------
Best Solution Found!
--------------------
Time: 0 hour(s), 0 minute(s), 3 second(s), 328 millisecond(s)

Fitness: 15191

3	1	1	2	0	0	1	
0	1	0	0	2	0	0	
0	3	0	0	0	0	0	
2	0	3	0	0	0	0	
1	2	0	0	0	3	1	
2	2	1	0	3	0	1	
1	1	0	2	1	0	3	
0	1	0	0	1	0	3	
1	1	3	1	0	0	1	
2	3	1	1	0	0	2	
1	3	1	1	0	0	1	
0	3	0	0	0	0	1	
0	3	3	3	0	0	3	
2	3	2	0	2	0	1	
3	3	2	0	0	1	2	
1	2	3	0	3	1	0	
2	0	0	0	0	0	0	
1	0	1	0	2	0	3	
3	0	1	0	0	0	1	
1	0	3	0	0	0	0	
1	3	0	0	0	0	2	
0	2	1	0	1	2	1	
0	0	0	0	0	0	2	
0	0	3	2	0	0	0	
2	3	0	0	0	0	3	
--------------------

--------------------
Best Solution Found!
--------------------
Time: 0 hour(s), 0 minute(s), 16 second(s), 153 millisecond(s)

Fitness: 15187

2	3	3	1	0	0	1	
0	0	1	0	0	0	2	
0	1	2	0	0	0	0	
1	2	1	0	3	0	2	
1	3	1	1	2	0	0	
2	2	0	2	0	1	3	
3	3	3	2	1	0	0	
1	0	0	0	0	0	1	
0	0	1	0	0	0	0	
2	0	1	0	0	0	1	
1	2	0	0	0	1	2	
0	1	1	0	1	3	1	
2	0	3	0	1	2	3	
1	3	3	0	3	0	1	
0	2	0	0	0	0	3	
0	3	0	0	2	0	1	
0	1	3	0	0	0	3	
2	1	0	0	0	0	0	
3	0	0	0	0	0	1	
1	3	0	3	0	0	2	
3	3	0	1	2	0	1	
0	3	3	0	0	0	0	
1	3	2	2	0	0	3	
1	0	0	0	0	0	0	
2	1	1	0	0	0	1	
--------------------

--------------------
Best Solution Found!
--------------------
Time: 0 hour(s), 0 minute(s), 16 second(s), 154 millisecond(s)

Fitness: 15187

2	3	3	1	0	0	1	
0	0	1	0	0	0	2	
0	1	2	0	0	0	0	
1	2	1	0	3	0	2	
1	3	1	1	2	0	0	
2	2	0	2	0	1	3	
3	3	3	2	1	0	0	
1	0	0	0	0	0	1	
0	0	1	0	0	0	0	
2	0	1	0	0	0	1	
1	2	0	0	0	1	2	
0	1	1	0	1	3	1	
2	0	3	0	1	2	3	
1	3	3	0	3	0	1	
0	2	0	0	0	0	3	
0	3	0	0	2	0	1	
0	1	3	0	0	0	3	
2	1	0	0	0	0	0	
3	0	0	0	0	0	1	
1	3	0	3	0	0	2	
3	3	0	1	2	0	1	
0	3	3	0	0	0	0	
1	3	2	2	0	0	3	
1	0	0	0	0	0	0	
2	1	1	0	0	0	1	
--------------------

--------------------
Best Solution Found!
--------------------
Time: 0 hour(s), 0 minute(s), 16 second(s), 155 millisecond(s)

Fitness: 15187

2	3	3	1	0	0	1	
0	0	1	0	0	0	2	
0	1	2	0	0	0	0	
1	2	1	0	3	0	2	
1	3	1	1	2	0	0	
2	2	0	2	0	1	3	
3	3	3	2	1	0	0	
1	0	0	0	0	0	1	
0	0	1	0	0	0	0	
2	0	1	0	0	0	1	
1	2	0	0	0	1	2	
0	1	1	0	1	3	1	
2	0	3	0	1	2	3	
1	3	3	0	3	0	1	
0	2	0	0	0	0	3	
0	3	0	0	2	0	1	
0	1	3	0	0	0	3	
2	1	0	0	0	0	0	
3	0	0	0	0	0	1	
1	3	0	3	0	0	2	
3	3	0	1	2	0	1	
0	3	3	0	0	0	0	
1	3	2	2	0	0	3	
1	0	0	0	0	0	0	
2	1	1	0	0	0	1	
--------------------

--------------------
Best Solution Found!
--------------------
Time: 0 hour(s), 0 minute(s), 16 second(s), 155 millisecond(s)

Fitness: 15187

2	3	3	1	0	0	1	
0	0	1	0	0	0	2	
0	1	2	0	0	0	0	
1	2	1	0	3	0	2	
1	3	1	1	2	0	0	
2	2	0	2	0	1	3	
3	3	3	2	1	0	0	
1	0	0	0	0	0	1	
0	0	1	0	0	0	0	
2	0	1	0	0	0	1	
1	2	0	0	0	1	2	
0	1	1	0	1	3	1	
2	0	3	0	1	2	3	
1	3	3	0	3	0	1	
0	2	0	0	0	0	3	
0	3	0	0	2	0	1	
0	1	3	0	0	0	3	
2	1	0	0	0	0	0	
3	0	0	0	0	0	1	
1	3	0	3	0	0	2	
3	3	0	1	2	0	1	
0	3	3	0	0	0	0	
1	3	2	2	0	0	3	
1	0	0	0	0	0	0	
2	1	1	0	0	0	1	
--------------------

--------------------
Best Solution Found!
--------------------
Time: 0 hour(s), 0 minute(s), 16 second(s), 157 millisecond(s)

Fitness: 15187

2	3	3	1	0	0	1	
0	0	1	0	0	0	2	
0	1	2	0	0	0	0	
1	2	1	0	3	0	2	
1	3	1	1	2	0	0	
2	2	0	2	0	1	3	
3	3	3	2	1	0	0	
1	0	0	0	0	0	1	
0	0	1	0	0	0	0	
2	0	1	0	0	0	1	
1	2	0	0	0	1	2	
0	1	1	0	1	3	1	
2	0	3	0	1	2	3	
1	3	3	0	3	0	1	
0	2	0	0	0	0	3	
0	3	0	0	2	0	1	
0	1	3	0	0	0	3	
2	1	0	0	0	0	0	
3	0	0	0	0	0	1	
1	3	0	3	0	0	2	
3	3	0	1	2	0	1	
0	3	3	0	0	0	0	
1	3	2	2	0	0	3	
1	0	0	0	0	0	0	
2	1	1	0	0	0	1	
--------------------

--------------------
Best Solution Found!
--------------------
Time: 0 hour(s), 0 minute(s), 16 second(s), 158 millisecond(s)

Fitness: 15187

2	3	3	1	0	0	1	
0	0	1	0	0	0	2	
0	1	2	0	0	0	0	
1	2	1	0	3	0	2	
1	3	1	1	2	0	0	
2	2	0	2	0	1	3	
3	3	3	2	1	0	0	
1	0	0	0	0	0	1	
0	0	1	0	0	0	0	
2	0	1	0	0	0	1	
1	2	0	0	0	1	2	
0	1	1	0	1	3	1	
2	0	3	0	1	2	3	
1	3	3	0	3	0	1	
0	2	0	0	0	0	3	
0	3	0	0	2	0	1	
0	1	3	0	0	0	3	
2	1	0	0	0	0	0	
3	0	0	0	0	0	1	
1	3	0	3	0	0	2	
3	3	0	1	2	0	1	
0	3	3	0	0	0	0	
1	3	2	2	0	0	3	
1	0	0	0	0	0	0	
2	1	1	0	0	0	1	
--------------------

--------------------
Best Solution Found!
--------------------
Time: 0 hour(s), 0 minute(s), 16 second(s), 159 millisecond(s)

Fitness: 15187

2	3	3	1	0	0	1	
0	0	1	0	0	0	2	
0	1	2	0	0	0	0	
1	2	1	0	3	0	2	
1	3	1	1	2	0	0	
2	2	0	2	0	1	3	
3	3	3	2	1	0	0	
1	0	0	0	0	0	1	
0	0	1	0	0	0	0	
2	0	1	0	0	0	1	
1	2	0	0	0	1	2	
0	1	1	0	1	3	1	
2	0	3	0	1	2	3	
1	3	3	0	3	0	1	
0	2	0	0	0	0	3	
0	3	0	0	2	0	1	
0	1	3	0	0	0	3	
2	1	0	0	0	0	0	
3	0	0	0	0	0	1	
1	3	0	3	0	0	2	
3	3	0	1	2	0	1	
0	3	3	0	0	0	0	
1	3	2	2	0	0	3	
1	0	0	0	0	0	0	
2	1	1	0	0	0	1	
--------------------

--------------------
Best Solution Found!
--------------------
Time: 0 hour(s), 0 minute(s), 16 second(s), 160 millisecond(s)

Fitness: 15187

2	3	3	1	0	0	1	
0	0	1	0	0	0	2	
0	1	2	0	0	0	0	
1	2	1	0	3	0	2	
1	3	1	1	2	0	0	
2	2	0	2	0	1	3	
3	3	3	2	1	0	0	
1	0	0	0	0	0	1	
0	0	1	0	0	0	0	
2	0	1	0	0	0	1	
1	2	0	0	0	1	2	
0	1	1	0	1	3	1	
2	0	3	0	1	2	3	
1	3	3	0	3	0	1	
0	2	0	0	0	0	3	
0	3	0	0	2	0	1	
0	1	3	0	0	0	3	
2	1	0	0	0	0	0	
3	0	0	0	0	0	1	
1	3	0	3	0	0	2	
3	3	0	1	2	0	1	
0	3	3	0	0	0	0	
1	3	2	2	0	0	3	
1	0	0	0	0	0	0	
2	1	1	0	0	0	1	
--------------------

--------------------
Best Solution Found!
--------------------
Time: 0 hour(s), 0 minute(s), 18 second(s), 715 millisecond(s)

Fitness: 15165

1	3	0	0	0	0	3	
2	3	0	0	0	0	1	
0	1	1	3	0	2	2	
0	2	1	0	0	0	2	
1	3	3	0	0	1	0	
1	2	1	2	1	0	0	
1	3	3	0	3	0	1	
0	0	1	0	0	0	0	
1	0	1	0	0	0	0	
2	2	3	0	2	0	3	
2	1	0	1	0	1	2	
2	0	2	0	0	0	1	
1	3	0	0	1	3	3	
2	0	0	0	0	0	1	
2	0	3	0	0	0	0	
0	0	0	0	0	0	1	
1	2	1	1	0	0	1	
3	1	0	1	0	0	0	
0	0	0	0	0	0	1	
0	1	1	2	1	0	1	
0	3	0	2	0	0	0	
3	3	0	0	2	0	1	
1	1	3	0	3	0	3	
0	3	3	0	0	0	3	
3	3	2	0	2	0	2	
--------------------

--------------------
Best Solution Found!
--------------------
Time: 0 hour(s), 0 minute(s), 18 second(s), 715 millisecond(s)

Fitness: 15165

1	3	0	0	0	0	3	
2	3	0	0	0	0	1	
0	1	1	3	0	2	2	
0	2	1	0	0	0	2	
1	3	3	0	0	1	0	
1	2	1	2	1	0	0	
1	3	3	0	3	0	1	
0	0	1	0	0	0	0	
1	0	1	0	0	0	0	
2	2	3	0	2	0	3	
2	1	0	1	0	1	2	
2	0	2	0	0	0	1	
1	3	0	0	1	3	3	
2	0	0	0	0	0	1	
2	0	3	0	0	0	0	
0	0	0	0	0	0	1	
1	2	1	1	0	0	1	
3	1	0	1	0	0	0	
0	0	0	0	0	0	1	
0	1	1	2	1	0	1	
0	3	0	2	0	0	0	
3	3	0	0	2	0	1	
1	1	3	0	3	0	3	
0	3	3	0	0	0	3	
3	3	2	0	2	0	2	
--------------------

--------------------
Best Solution Found!
--------------------
Time: 0 hour(s), 0 minute(s), 39 second(s), 655 millisecond(s)

Fitness: 14191

2	3	0	0	1	0	0	
1	0	0	0	0	0	1	
0	0	1	0	0	0	0	
1	0	1	0	0	0	3	
0	3	0	1	0	0	1	
2	2	1	0	1	0	2	
0	3	0	0	0	0	3	
3	0	0	0	0	0	2	
1	3	2	0	3	3	0	
2	3	0	2	2	0	3	
0	3	3	2	2	0	2	
1	2	0	2	1	0	2	
2	0	1	1	0	1	1	
1	3	3	0	0	2	3	
2	0	0	0	0	0	1	
3	1	1	0	0	1	3	
3	1	1	3	3	0	0	
1	1	3	0	2	0	1	
0	1	0	0	0	0	1	
1	3	3	0	0	0	0	
0	3	3	0	0	0	0	
0	2	3	0	0	0	1	
0	0	0	0	0	0	1	
2	1	1	0	0	0	0	
1	2	2	1	0	0	1	
--------------------


The best solution was found at the restart: 6, population: 0
Total Time Elapsed: 0 hour(s), 2 minute(s), 21 second(s), 688 millisecond(s)

