--------------------
Best Solution Found!
--------------------
Time: 0 hour(s), 0 minute(s), 0 second(s), 3 millisecond(s)

Fitness: 204742

2	3	2	1	2	3	0	0	3	1	0	0	0	0	0	0	0	0	0	0	0	0	0	0	0	0	0	2	
1	3	0	1	2	1	2	0	3	1	1	0	0	0	0	0	0	0	0	1	0	0	0	0	0	0	3	0	
1	0	0	1	2	0	2	0	1	0	1	3	0	0	0	2	0	0	0	0	0	0	0	0	0	0	0	0	
1	3	0	1	1	3	2	0	0	0	0	3	0	2	0	0	0	0	0	1	0	0	0	0	0	0	0	1	
1	3	0	1	0	3	0	0	1	1	1	0	0	0	0	0	0	0	0	1	0	0	0	0	0	0	1	2	
1	0	0	2	2	0	2	0	1	1	1	3	0	2	0	2	0	0	0	0	0	0	0	0	0	0	0	0	
1	3	0	2	2	3	2	0	1	0	0	0	0	1	0	2	0	0	0	1	0	0	0	0	0	0	3	2	
1	3	0	1	0	3	2	0	1	1	0	3	0	2	0	0	0	0	0	0	0	0	0	0	0	0	0	2	
0	3	1	0	0	3	2	0	1	1	0	3	0	0	0	0	0	0	0	0	0	0	0	0	0	0	3	2	
1	0	0	0	1	1	2	0	0	1	0	3	0	0	0	0	0	0	0	1	0	0	0	0	0	0	0	1	
2	3	1	1	0	3	1	0	0	2	1	0	0	2	0	2	0	0	0	1	0	0	0	0	0	0	0	0	
0	1	0	1	2	3	2	0	3	1	3	3	0	1	0	0	0	0	0	2	0	0	0	0	0	0	3	2	
2	1	0	1	2	1	2	0	0	2	1	3	0	2	0	2	0	0	0	1	0	0	0	0	0	0	0	0	
1	0	0	1	0	0	2	0	1	0	1	2	0	2	0	2	0	0	0	1	0	0	0	0	0	0	3	2	
1	0	0	1	2	3	0	0	1	1	3	3	0	2	0	2	0	0	0	1	0	0	0	0	0	0	3	2	
1	3	0	0	0	3	2	0	1	1	0	3	0	2	0	2	0	0	0	0	0	0	0	0	0	0	0	2	
2	0	2	1	2	0	0	0	0	1	3	3	0	2	0	0	0	0	0	1	0	0	0	0	0	0	3	2	
1	1	0	0	2	3	0	0	1	2	0	0	0	1	0	2	0	0	0	2	0	0	0	0	0	0	1	0	
2	3	0	0	2	0	0	0	1	1	0	3	0	2	0	0	0	0	0	3	0	0	0	0	0	0	0	0	
0	0	0	2	0	0	2	0	0	1	1	2	0	0	0	2	0	0	0	1	0	0	0	0	0	0	3	0	
1	3	2	1	2	0	0	0	2	1	0	2	0	0	0	2	0	0	0	0	0	0	0	0	0	0	1	1	
0	3	1	2	0	0	0	0	0	1	1	3	0	2	0	1	0	0	0	2	0	0	0	0	0	0	3	0	
1	0	0	0	0	1	1	0	0	0	0	2	0	2	0	2	0	0	0	0	0	0	0	0	0	0	0	2	
0	3	0	1	0	3	2	0	1	2	0	0	0	0	0	0	0	0	0	0	0	0	0	0	0	0	3	2	
0	0	2	2	0	0	2	0	1	0	0	3	0	2	0	0	0	0	0	1	0	0	0	0	0	0	0	2	
1	0	0	1	2	3	2	0	1	0	1	3	0	2	0	1	0	0	0	1	0	0	0	0	0	0	3	0	
0	0	2	1	2	0	1	0	0	1	1	0	0	0	0	0	0	0	0	0	0	0	0	0	0	0	3	1	
1	0	0	1	1	0	1	0	0	1	0	3	0	0	0	1	0	0	0	1	0	0	0	0	0	0	0	2	
1	0	0	0	0	3	2	0	0	1	1	0	0	0	0	2	0	0	0	0	0	0	0	0	0	0	3	2	
1	0	0	1	0	3	2	0	1	0	0	3	0	0	0	2	0	0	0	1	0	0	0	0	0	0	0	0	
--------------------

--------------------
Best Solution Found!
--------------------
Time: 0 hour(s), 0 minute(s), 0 second(s), 5 millisecond(s)

Fitness: 204742

2	3	2	1	2	3	0	0	3	1	0	0	0	0	0	0	0	0	0	0	0	0	0	0	0	0	0	2	
1	3	0	1	2	1	2	0	3	1	1	0	0	0	0	0	0	0	0	1	0	0	0	0	0	0	3	0	
1	0	0	1	2	0	2	0	1	0	1	3	0	0	0	2	0	0	0	0	0	0	0	0	0	0	0	0	
1	3	0	1	1	3	2	0	0	0	0	3	0	2	0	0	0	0	0	1	0	0	0	0	0	0	0	1	
1	3	0	1	0	3	0	0	1	1	1	0	0	0	0	0	0	0	0	1	0	0	0	0	0	0	1	2	
1	0	0	2	2	0	2	0	1	1	1	3	0	2	0	2	0	0	0	0	0	0	0	0	0	0	0	0	
1	3	0	2	2	3	2	0	1	0	0	0	0	1	0	2	0	0	0	1	0	0	0	0	0	0	3	2	
1	3	0	1	0	3	2	0	1	1	0	3	0	2	0	0	0	0	0	0	0	0	0	0	0	0	0	2	
0	3	1	0	0	3	2	0	1	1	0	3	0	0	0	0	0	0	0	0	0	0	0	0	0	0	3	2	
1	0	0	0	1	1	2	0	0	1	0	3	0	0	0	0	0	0	0	1	0	0	0	0	0	0	0	1	
2	3	1	1	0	3	1	0	0	2	1	0	0	2	0	2	0	0	0	1	0	0	0	0	0	0	0	0	
0	1	0	1	2	3	2	0	3	1	3	3	0	1	0	0	0	0	0	2	0	0	0	0	0	0	3	2	
2	1	0	1	2	1	2	0	0	2	1	3	0	2	0	2	0	0	0	1	0	0	0	0	0	0	0	0	
1	0	0	1	0	0	2	0	1	0	1	2	0	2	0	2	0	0	0	1	0	0	0	0	0	0	3	2	
1	0	0	1	2	3	0	0	1	1	3	3	0	2	0	2	0	0	0	1	0	0	0	0	0	0	3	2	
1	3	0	0	0	3	2	0	1	1	0	3	0	2	0	2	0	0	0	0	0	0	0	0	0	0	0	2	
2	0	2	1	2	0	0	0	0	1	3	3	0	2	0	0	0	0	0	1	0	0	0	0	0	0	3	2	
1	1	0	0	2	3	0	0	1	2	0	0	0	1	0	2	0	0	0	2	0	0	0	0	0	0	1	0	
2	3	0	0	2	0	0	0	1	1	0	3	0	2	0	0	0	0	0	3	0	0	0	0	0	0	0	0	
0	0	0	2	0	0	2	0	0	1	1	2	0	0	0	2	0	0	0	1	0	0	0	0	0	0	3	0	
1	3	2	1	2	0	0	0	2	1	0	2	0	0	0	2	0	0	0	0	0	0	0	0	0	0	1	1	
0	3	1	2	0	0	0	0	0	1	1	3	0	2	0	1	0	0	0	2	0	0	0	0	0	0	3	0	
1	0	0	0	0	1	1	0	0	0	0	2	0	2	0	2	0	0	0	0	0	0	0	0	0	0	0	2	
0	3	0	1	0	3	2	0	1	2	0	0	0	0	0	0	0	0	0	0	0	0	0	0	0	0	3	2	
0	0	2	2	0	0	2	0	1	0	0	3	0	2	0	0	0	0	0	1	0	0	0	0	0	0	0	2	
1	0	0	1	2	3	2	0	1	0	1	3	0	2	0	1	0	0	0	1	0	0	0	0	0	0	3	0	
0	0	2	1	2	0	1	0	0	1	1	0	0	0	0	0	0	0	0	0	0	0	0	0	0	0	3	1	
1	0	0	1	1	0	1	0	0	1	0	3	0	0	0	1	0	0	0	1	0	0	0	0	0	0	0	2	
1	0	0	0	0	3	2	0	0	1	1	0	0	0	0	2	0	0	0	0	0	0	0	0	0	0	3	2	
1	0	0	1	0	3	2	0	1	0	0	3	0	0	0	2	0	0	0	1	0	0	0	0	0	0	0	0	
--------------------

--------------------
Best Solution Found!
--------------------
Time: 0 hour(s), 0 minute(s), 0 second(s), 11 millisecond(s)

Fitness: 203756

1	3	2	0	0	3	2	0	1	2	0	0	0	2	0	2	0	0	0	0	0	0	0	0	0	0	0	0	
0	0	0	1	0	1	2	0	0	1	1	0	0	0	0	0	0	0	0	0	0	0	0	0	0	0	0	0	
0	3	0	0	2	3	1	0	1	0	1	3	0	2	0	2	0	0	0	1	0	0	0	0	0	0	0	2	
1	0	0	2	2	0	2	0	0	1	0	3	0	2	0	2	0	0	0	1	0	0	0	0	0	0	0	0	
1	0	0	1	0	0	0	0	0	1	1	0	0	2	0	0	0	0	0	0	0	0	0	0	0	0	3	0	
1	3	0	1	2	3	1	0	0	0	1	3	0	2	0	0	0	0	0	0	0	0	0	0	0	0	3	0	
1	3	0	2	2	0	2	0	0	0	0	0	0	0	0	2	0	0	0	1	0	0	0	0	0	0	3	1	
1	0	1	1	1	1	0	0	1	1	0	3	0	0	0	1	0	0	0	1	0	0	0	0	0	0	3	2	
2	0	0	1	0	3	0	0	1	1	0	3	0	2	0	1	0	0	0	0	0	0	0	0	0	0	0	2	
2	3	0	1	2	0	2	0	1	1	0	3	0	0	0	0	0	0	0	1	0	0	0	0	0	0	0	1	
1	3	0	0	0	3	2	0	1	1	1	0	0	0	0	2	0	0	0	1	0	0	0	0	0	0	0	0	
1	3	0	1	2	3	2	0	1	0	3	3	0	0	0	2	0	0	0	1	0	0	0	0	0	0	0	2	
2	3	0	1	2	3	0	0	0	1	1	3	0	0	0	0	0	0	0	1	0	0	0	0	0	0	0	2	
2	1	1	1	0	3	0	0	2	1	1	2	0	2	0	2	0	0	0	2	0	0	0	0	0	0	0	2	
0	0	2	0	0	3	2	0	0	1	3	3	0	0	0	2	0	0	0	1	0	0	0	0	0	0	3	2	
1	0	2	1	0	0	2	0	3	0	0	3	0	0	0	2	0	0	0	2	0	0	0	0	0	0	3	2	
1	1	1	2	0	3	1	0	0	1	3	3	0	2	0	0	0	0	0	3	0	0	0	0	0	0	3	2	
1	0	0	1	0	0	2	0	1	1	0	0	0	0	0	0	0	0	0	1	0	0	0	0	0	0	1	0	
1	0	0	0	0	0	2	0	3	2	0	3	0	0	0	2	0	0	0	0	0	0	0	0	0	0	1	1	
0	0	0	2	2	0	2	0	1	1	1	2	0	2	0	0	0	0	0	1	0	0	0	0	0	0	0	0	
1	3	0	1	2	3	2	0	1	1	0	2	0	0	0	1	0	0	0	1	0	0	0	0	0	0	3	0	
2	3	0	1	0	0	0	0	1	0	1	3	0	1	0	2	0	0	0	0	0	0	0	0	0	0	3	2	
0	0	0	1	2	1	0	0	1	0	0	2	0	2	0	0	0	0	0	1	0	0	0	0	0	0	3	0	
1	1	2	1	2	3	2	0	1	1	0	0	0	0	0	2	0	0	0	0	0	0	0	0	0	0	3	2	
1	0	0	1	1	0	2	0	1	1	0	3	0	2	0	2	0	0	0	0	0	0	0	0	0	0	0	0	
1	0	0	0	2	1	1	0	0	2	1	3	0	1	0	0	0	0	0	1	0	0	0	0	0	0	3	2	
1	3	0	0	1	3	2	0	1	2	1	0	0	2	0	0	0	0	0	2	0	0	0	0	0	0	0	2	
0	3	0	1	2	3	2	0	0	1	0	3	0	2	0	0	0	0	0	1	0	0	0	0	0	0	1	2	
0	3	2	1	0	3	2	0	0	0	1	0	0	1	0	2	0	0	0	0	0	0	0	0	0	0	0	2	
1	0	0	2	2	0	0	0	3	1	0	3	0	2	0	0	0	0	0	0	0	0	0	0	0	0	3	1	
--------------------

--------------------
Best Solution Found!
--------------------
Time: 0 hour(s), 0 minute(s), 0 second(s), 16 millisecond(s)

Fitness: 202741

1	3	0	0	0	0	0	0	0	2	1	3	0	2	0	0	0	0	0	0	0	0	0	0	0	0	0	0	
1	3	0	2	2	3	2	0	0	1	1	3	0	2	0	0	0	0	0	2	0	0	0	0	0	0	0	0	
2	0	0	2	2	0	2	0	1	1	0	0	0	2	0	0	0	0	0	1	0	0	0	0	0	0	0	2	
1	3	0	0	0	3	0	0	2	0	0	3	0	1	0	2	0	0	0	1	0	0	0	0	0	0	3	0	
2	1	0	1	2	3	0	0	1	1	1	3	0	2	0	0	0	0	0	3	0	0	0	0	0	0	3	0	
1	3	0	1	0	3	2	0	1	2	3	3	0	2	0	2	0	0	0	0	0	0	0	0	0	0	3	2	
1	0	0	1	2	3	0	0	1	0	1	3	0	2	0	2	0	0	0	1	0	0	0	0	0	0	1	2	
1	3	2	1	0	0	0	0	0	1	0	3	0	1	0	2	0	0	0	0	0	0	0	0	0	0	3	2	
2	3	0	1	2	1	2	0	0	1	1	0	0	0	0	2	0	0	0	0	0	0	0	0	0	0	0	2	
1	0	0	1	2	3	1	0	0	0	1	2	0	0	0	0	0	0	0	1	0	0	0	0	0	0	0	0	
1	0	0	0	0	0	2	0	0	1	0	3	0	0	0	0	0	0	0	1	0	0	0	0	0	0	3	1	
0	0	2	1	0	0	2	0	1	2	1	3	0	0	0	1	0	0	0	0	0	0	0	0	0	0	0	2	
1	1	0	2	0	1	1	0	1	1	0	3	0	0	0	1	0	0	0	2	0	0	0	0	0	0	1	2	
0	0	0	0	2	0	2	0	0	1	0	3	0	2	0	2	0	0	0	1	0	0	0	0	0	0	3	0	
0	3	1	2	2	3	1	0	1	0	0	0	0	0	0	2	0	0	0	1	0	0	0	0	0	0	3	2	
1	3	0	1	0	1	0	0	1	1	0	0	0	2	0	2	0	0	0	0	0	0	0	0	0	0	3	1	
0	3	0	1	1	3	0	0	3	1	0	3	0	0	0	2	0	0	0	1	0	0	0	0	0	0	1	0	
0	0	0	2	2	3	2	0	1	0	0	3	0	2	0	2	0	0	0	1	0	0	0	0	0	0	3	2	
1	0	1	1	0	0	2	0	1	0	3	2	0	0	0	0	0	0	0	1	0	0	0	0	0	0	0	0	
0	0	0	1	0	3	2	0	0	0	0	0	0	1	0	0	0	0	0	1	0	0	0	0	0	0	3	2	
2	0	0	1	2	3	2	0	0	0	0	2	0	0	0	1	0	0	0	0	0	0	0	0	0	0	0	0	
1	0	2	1	1	0	1	0	0	1	1	0	0	2	0	0	0	0	0	1	0	0	0	0	0	0	3	2	
2	3	0	1	2	3	2	0	1	1	1	3	0	0	0	2	0	0	0	0	0	0	0	0	0	0	3	2	
1	0	2	1	2	1	2	0	1	1	0	3	0	0	0	0	0	0	0	0	0	0	0	0	0	0	0	2	
1	3	1	1	2	3	2	0	3	1	1	0	0	2	0	2	0	0	0	1	0	0	0	0	0	0	3	2	
1	3	0	0	0	0	2	0	3	1	1	0	0	2	0	0	0	0	0	0	0	0	0	0	0	0	0	1	
1	1	0	0	2	3	0	0	1	2	0	0	0	0	0	2	0	0	0	2	0	0	0	0	0	0	0	2	
1	3	0	1	1	0	2	0	0	1	1	2	0	0	0	0	0	0	0	0	0	0	0	0	0	0	0	0	
1	0	2	1	0	3	2	0	1	1	3	3	0	2	0	2	0	0	0	1	0	0	0	0	0	0	0	1	
0	0	0	0	0	0	2	0	1	1	0	3	0	2	0	0	0	0	0	1	0	0	0	0	0	0	0	0	
--------------------

--------------------
Best Solution Found!
--------------------
Time: 0 hour(s), 0 minute(s), 0 second(s), 140 millisecond(s)

Fitness: 201752

0	0	0	1	0	0	2	0	0	0	3	3	0	1	0	2	0	0	0	1	0	0	0	0	0	0	0	2	
1	3	0	1	0	3	2	0	1	0	1	3	0	2	0	2	0	0	0	0	0	0	0	0	0	0	1	2	
1	3	0	1	0	0	2	0	1	1	3	0	0	2	0	2	0	0	0	1	0	0	0	0	0	0	3	1	
1	1	2	1	0	0	2	0	0	1	0	3	0	2	0	2	0	0	0	2	0	0	0	0	0	0	3	2	
1	0	1	1	1	0	1	0	0	1	0	0	0	2	0	0	0	0	0	1	0	0	0	0	0	0	3	2	
1	3	0	0	2	3	2	0	1	2	3	3	0	2	0	0	0	0	0	0	0	0	0	0	0	0	3	2	
0	3	0	2	2	0	0	0	1	1	1	3	0	0	0	2	0	0	0	0	0	0	0	0	0	0	0	1	
0	0	0	1	0	3	2	0	2	0	0	2	0	0	0	0	0	0	0	0	0	0	0	0	0	0	0	0	
1	1	0	1	0	1	2	0	0	0	0	0	0	0	0	2	0	0	0	3	0	0	0	0	0	0	3	2	
1	3	0	1	2	3	1	0	3	2	0	0	0	0	0	2	0	0	0	1	0	0	0	0	0	0	3	2	
2	0	0	1	1	3	1	0	1	1	0	3	0	0	0	0	0	0	0	1	0	0	0	0	0	0	0	0	
0	0	1	1	2	3	2	0	0	0	1	2	0	2	0	2	0	0	0	1	0	0	0	0	0	0	0	0	
2	1	2	2	2	3	2	0	1	0	0	3	0	2	0	2	0	0	0	1	0	0	0	0	0	0	3	0	
0	0	0	0	0	1	2	0	1	1	1	2	0	2	0	1	0	0	0	0	0	0	0	0	0	0	0	0	
0	0	0	1	2	3	2	0	1	1	1	3	0	0	0	0	0	0	0	1	0	0	0	0	0	0	0	0	
1	0	0	0	0	3	0	0	1	1	1	3	0	2	0	1	0	0	0	1	0	0	0	0	0	0	0	2	
2	3	2	1	0	0	2	0	1	1	0	2	0	1	0	0	0	0	0	1	0	0	0	0	0	0	3	2	
1	0	2	1	2	0	2	0	3	1	0	0	0	0	0	2	0	0	0	1	0	0	0	0	0	0	3	0	
1	3	0	1	0	3	1	0	0	1	1	3	0	2	0	2	0	0	0	1	0	0	0	0	0	0	3	2	
1	3	0	1	2	3	0	0	0	1	1	0	0	0	0	2	0	0	0	0	0	0	0	0	0	0	0	0	
1	3	0	1	2	0	0	0	0	1	0	0	0	0	0	0	0	0	0	2	0	0	0	0	0	0	0	2	
1	0	1	1	2	0	2	0	1	1	0	3	0	2	0	0	0	0	0	0	0	0	0	0	0	0	0	1	
1	3	2	0	2	3	2	0	0	0	0	3	0	0	0	0	0	0	0	0	0	0	0	0	0	0	0	0	
1	3	0	2	1	0	2	0	1	0	1	3	0	0	0	0	0	0	0	1	0	0	0	0	0	0	1	0	
1	3	0	0	2	1	2	0	3	2	0	3	0	0	0	2	0	0	0	0	0	0	0	0	0	0	3	2	
1	3	0	0	2	1	0	0	0	2	1	0	0	0	0	0	0	0	0	0	0	0	0	0	0	0	3	2	
2	0	0	0	2	3	2	0	1	1	1	3	0	2	0	0	0	0	0	2	0	0	0	0	0	0	0	0	
2	0	0	1	0	3	0	0	1	1	0	3	0	2	0	2	0	0	0	1	0	0	0	0	0	0	0	2	
1	0	0	2	0	3	0	0	1	1	0	3	0	2	0	0	0	0	0	0	0	0	0	0	0	0	1	2	
0	0	0	2	0	0	0	0	0	1	1	0	0	1	0	1	0	0	0	1	0	0	0	0	0	0	3	1	
--------------------

--------------------
Best Solution Found!
--------------------
Time: 0 hour(s), 0 minute(s), 0 second(s), 342 millisecond(s)

Fitness: 200749

0	0	1	0	1	1	1	0	3	1	0	3	0	0	0	2	0	0	0	2	0	0	0	0	0	0	3	2	
0	0	0	0	0	0	2	0	0	1	1	3	0	0	0	2	0	0	0	0	0	0	0	0	0	0	1	0	
1	0	2	1	0	1	2	0	1	0	0	0	0	2	0	2	0	0	0	1	0	0	0	0	0	0	0	0	
2	1	0	1	2	0	2	0	0	1	0	0	0	2	0	0	0	0	0	1	0	0	0	0	0	0	0	0	
1	3	0	1	2	3	1	0	0	1	1	3	0	2	0	2	0	0	0	0	0	0	0	0	0	0	3	1	
1	3	0	1	2	3	2	0	1	1	0	3	0	0	0	0	0	0	0	0	0	0	0	0	0	0	0	0	
2	1	0	1	1	3	0	0	3	1	0	0	0	2	0	0	0	0	0	0	0	0	0	0	0	0	0	2	
1	0	0	0	0	3	2	0	1	1	1	3	0	2	0	2	0	0	0	1	0	0	0	0	0	0	0	0	
1	0	0	2	0	3	2	0	0	0	3	3	0	2	0	2	0	0	0	1	0	0	0	0	0	0	0	2	
1	0	0	0	0	1	2	0	0	0	1	3	0	1	0	1	0	0	0	1	0	0	0	0	0	0	3	2	
1	3	0	2	0	3	0	0	1	1	1	2	0	0	0	0	0	0	0	1	0	0	0	0	0	0	3	0	
1	1	0	0	2	3	0	0	1	0	0	2	0	0	0	0	0	0	0	3	0	0	0	0	0	0	0	1	
1	0	0	1	0	0	2	0	1	1	1	2	0	2	0	0	0	0	0	0	0	0	0	0	0	0	3	0	
1	0	0	1	0	0	0	0	0	0	0	3	0	2	0	0	0	0	0	0	0	0	0	0	0	0	0	2	
1	3	2	1	0	3	0	0	2	1	0	3	0	1	0	1	0	0	0	2	0	0	0	0	0	0	0	2	
1	3	0	2	2	0	2	0	0	2	1	3	0	0	0	2	0	0	0	0	0	0	0	0	0	0	0	0	
0	0	2	1	0	0	1	0	0	2	1	3	0	0	0	2	0	0	0	1	0	0	0	0	0	0	1	2	
1	3	0	1	0	0	0	0	1	1	3	0	0	1	0	0	0	0	0	1	0	0	0	0	0	0	0	0	
2	3	0	1	2	1	0	0	1	1	0	2	0	0	0	2	0	0	0	2	0	0	0	0	0	0	3	2	
1	0	1	1	2	3	2	0	1	1	0	3	0	2	0	0	0	0	0	0	0	0	0	0	0	0	3	2	
1	3	0	1	1	3	2	0	1	1	3	3	0	2	0	0	0	0	0	0	0	0	0	0	0	0	3	2	
1	3	0	1	2	0	2	0	1	2	1	3	0	2	0	2	0	0	0	1	0	0	0	0	0	0	3	1	
0	0	0	1	2	3	2	0	1	1	1	0	0	0	0	2	0	0	0	1	0	0	0	0	0	0	1	2	
2	0	0	1	2	3	2	0	1	0	0	3	0	0	0	2	0	0	0	0	0	0	0	0	0	0	3	2	
0	3	0	2	2	3	2	0	0	0	0	3	0	2	0	0	0	0	0	1	0	0	0	0	0	0	0	2	
1	0	2	2	2	0	1	0	3	1	0	0	0	0	0	2	0	0	0	1	0	0	0	0	0	0	3	2	
2	3	0	0	2	0	2	0	1	1	1	3	0	2	0	1	0	0	0	1	0	0	0	0	0	0	0	0	
0	3	0	1	0	3	2	0	1	0	0	0	0	0	0	0	0	0	0	1	0	0	0	0	0	0	3	1	
1	0	1	1	2	3	0	0	0	1	0	0	0	0	0	0	0	0	0	0	0	0	0	0	0	0	0	0	
0	3	2	0	0	0	2	0	0	2	1	0	0	2	0	2	0	0	0	1	0	0	0	0	0	0	3	2	
--------------------

--------------------
Best Solution Found!
--------------------
Time: 0 hour(s), 0 minute(s), 0 second(s), 518 millisecond(s)

Fitness: 199767

0	0	2	1	2	0	2	0	0	0	3	3	0	0	0	0	0	0	0	2	0	0	0	0	0	0	0	0	
1	0	2	1	2	3	1	0	1	0	0	3	0	2	0	2	0	0	0	1	0	0	0	0	0	0	3	2	
1	0	0	2	2	3	2	0	0	0	0	0	0	0	0	2	0	0	0	0	0	0	0	0	0	0	0	0	
1	3	0	2	2	3	2	0	1	1	1	0	0	0	0	1	0	0	0	3	0	0	0	0	0	0	0	0	
0	0	0	0	0	1	2	0	0	1	1	3	0	2	0	0	0	0	0	1	0	0	0	0	0	0	0	0	
2	1	1	2	0	0	2	0	0	1	0	3	0	0	0	2	0	0	0	0	0	0	0	0	0	0	1	2	
1	3	0	1	1	3	2	0	0	1	0	3	0	2	0	1	0	0	0	1	0	0	0	0	0	0	3	1	
2	0	2	1	0	0	0	0	1	0	1	3	0	0	0	2	0	0	0	1	0	0	0	0	0	0	0	0	
1	0	0	1	2	3	2	0	2	2	0	2	0	2	0	2	0	0	0	1	0	0	0	0	0	0	0	1	
1	0	2	1	2	0	2	0	1	1	1	2	0	2	0	0	0	0	0	2	0	0	0	0	0	0	3	2	
1	0	0	0	0	0	0	0	3	1	0	2	0	2	0	2	0	0	0	1	0	0	0	0	0	0	3	1	
1	3	0	1	0	3	2	0	3	1	1	0	0	0	0	0	0	0	0	1	0	0	0	0	0	0	3	1	
1	0	1	0	2	0	2	0	3	0	1	3	0	1	0	2	0	0	0	2	0	0	0	0	0	0	3	2	
1	0	1	0	0	3	2	0	1	1	0	3	0	0	0	0	0	0	0	0	0	0	0	0	0	0	3	2	
1	0	0	1	1	0	2	0	0	1	1	0	0	2	0	2	0	0	0	0	0	0	0	0	0	0	0	2	
1	3	0	1	0	0	1	0	1	1	0	0	0	2	0	2	0	0	0	1	0	0	0	0	0	0	3	2	
2	3	0	1	0	0	0	0	1	2	0	0	0	0	0	0	0	0	0	0	0	0	0	0	0	0	1	2	
1	3	0	1	1	1	2	0	1	1	0	0	0	0	0	0	0	0	0	1	0	0	0	0	0	0	3	0	
1	1	0	2	2	0	1	0	1	0	3	3	0	1	0	0	0	0	0	1	0	0	0	0	0	0	3	2	
0	3	0	1	0	3	2	0	0	0	3	3	0	2	0	1	0	0	0	0	0	0	0	0	0	0	0	0	
1	3	0	1	0	3	1	0	0	1	1	3	0	0	0	0	0	0	0	1	0	0	0	0	0	0	3	0	
0	0	0	0	0	3	2	0	1	1	0	3	0	2	0	2	0	0	0	0	0	0	0	0	0	0	0	2	
2	3	0	1	2	1	0	0	1	1	1	2	0	0	0	2	0	0	0	0	0	0	0	0	0	0	0	0	
2	3	0	1	2	3	0	0	0	2	0	3	0	0	0	0	0	0	0	1	0	0	0	0	0	0	0	0	
1	1	2	1	2	3	2	0	1	2	0	0	0	2	0	2	0	0	0	0	0	0	0	0	0	0	0	2	
0	0	0	0	0	3	2	0	1	1	1	3	0	1	0	2	0	0	0	1	0	0	0	0	0	0	3	2	
0	3	0	1	0	1	0	0	0	0	0	3	0	2	0	0	0	0	0	0	0	0	0	0	0	0	0	0	
1	0	0	1	2	3	0	0	0	1	1	3	0	0	0	0	0	0	0	1	0	0	0	0	0	0	3	2	
1	3	0	2	2	3	2	0	1	1	1	0	0	2	0	0	0	0	0	1	0	0	0	0	0	0	0	2	
0	3	0	0	2	0	0	0	1	1	0	3	0	2	0	2	0	0	0	0	0	0	0	0	0	0	1	2	
--------------------

--------------------
Best Solution Found!
--------------------
Time: 0 hour(s), 0 minute(s), 1 second(s), 62 millisecond(s)

Fitness: 198769

1	1	0	1	2	0	2	0	1	1	0	3	0	1	0	0	0	0	0	0	0	0	0	0	0	0	0	0	
1	0	0	0	2	3	0	0	1	1	0	3	0	2	0	1	0	0	0	1	0	0	0	0	0	0	3	2	
1	3	1	1	0	0	0	0	1	1	0	2	0	0	0	0	0	0	0	1	0	0	0	0	0	0	3	2	
1	3	0	1	2	0	2	0	1	1	0	0	0	0	0	2	0	0	0	1	0	0	0	0	0	0	0	1	
2	3	2	2	0	3	2	0	1	1	0	3	0	0	0	2	0	0	0	1	0	0	0	0	0	0	0	0	
0	3	0	1	2	1	1	0	3	1	1	3	0	2	0	2	0	0	0	0	0	0	0	0	0	0	3	1	
1	3	0	2	0	3	2	0	1	1	1	0	0	2	0	2	0	0	0	1	0	0	0	0	0	0	0	2	
1	3	0	1	1	0	0	0	0	0	0	3	0	2	0	0	0	0	0	0	0	0	0	0	0	0	0	0	
0	0	0	1	0	3	2	0	1	0	1	2	0	2	0	2	0	0	0	3	0	0	0	0	0	0	0	0	
1	0	0	1	0	3	2	0	1	2	1	3	0	0	0	2	0	0	0	0	0	0	0	0	0	0	1	2	
2	0	2	1	0	3	2	0	1	1	0	0	0	2	0	0	0	0	0	1	0	0	0	0	0	0	3	2	
2	1	0	1	2	3	0	0	2	1	0	3	0	0	0	0	0	0	0	1	0	0	0	0	0	0	0	1	
0	0	0	1	2	0	1	0	0	2	1	0	0	0	0	0	0	0	0	2	0	0	0	0	0	0	3	0	
1	0	2	1	0	0	2	0	0	0	1	3	0	0	0	0	0	0	0	1	0	0	0	0	0	0	1	2	
0	0	0	2	0	3	2	0	0	0	3	3	0	2	0	0	0	0	0	1	0	0	0	0	0	0	0	2	
0	0	2	0	1	3	2	0	1	1	0	3	0	0	0	2	0	0	0	0	0	0	0	0	0	0	3	0	
0	3	0	1	2	1	1	0	1	1	0	0	0	2	0	2	0	0	0	0	0	0	0	0	0	0	3	0	
1	3	0	1	1	3	0	0	3	2	0	3	0	0	0	0	0	0	0	1	0	0	0	0	0	0	3	1	
1	3	1	0	0	0	0	0	0	0	1	0	0	2	0	0	0	0	0	1	0	0	0	0	0	0	0	0	
1	0	0	0	0	1	2	0	0	1	0	0	0	2	0	2	0	0	0	2	0	0	0	0	0	0	0	0	
0	0	0	1	2	3	2	0	1	1	0	3	0	0	0	0	0	0	0	1	0	0	0	0	0	0	0	2	
2	0	0	0	0	0	0	0	0	1	1	3	0	2	0	1	0	0	0	1	0	0	0	0	0	0	3	2	
1	0	0	1	0	0	2	0	0	1	3	3	0	2	0	2	0	0	0	0	0	0	0	0	0	0	3	0	
1	3	0	1	2	3	0	0	0	2	0	3	0	2	0	2	0	0	0	0	0	0	0	0	0	0	3	2	
1	3	0	2	2	0	2	0	3	1	1	2	0	1	0	0	0	0	0	2	0	0	0	0	0	0	0	2	
1	0	0	1	2	3	2	0	0	0	1	3	0	0	0	0	0	0	0	1	0	0	0	0	0	0	0	2	
1	1	2	2	0	3	2	0	1	0	0	3	0	0	0	2	0	0	0	1	0	0	0	0	0	0	3	2	
2	3	1	1	2	3	2	0	0	1	1	0	0	1	0	1	0	0	0	0	0	0	0	0	0	0	0	0	
1	0	0	0	2	1	1	0	1	1	3	0	0	2	0	2	0	0	0	0	0	0	0	0	0	0	3	2	
1	3	0	0	2	0	2	0	1	0	1	2	0	0	0	2	0	0	0	0	0	0	0	0	0	0	1	2	
--------------------

--------------------
Best Solution Found!
--------------------
Time: 0 hour(s), 0 minute(s), 1 second(s), 63 millisecond(s)

Fitness: 198769

1	1	0	1	2	0	2	0	1	1	0	3	0	1	0	0	0	0	0	0	0	0	0	0	0	0	0	0	
1	0	0	0	2	3	0	0	1	1	0	3	0	2	0	1	0	0	0	1	0	0	0	0	0	0	3	2	
1	3	1	1	0	0	0	0	1	1	0	2	0	0	0	0	0	0	0	1	0	0	0	0	0	0	3	2	
1	3	0	1	2	0	2	0	1	1	0	0	0	0	0	2	0	0	0	1	0	0	0	0	0	0	0	1	
2	3	2	2	0	3	2	0	1	1	0	3	0	0	0	2	0	0	0	1	0	0	0	0	0	0	0	0	
0	3	0	1	2	1	1	0	3	1	1	3	0	2	0	2	0	0	0	0	0	0	0	0	0	0	3	1	
1	3	0	2	0	3	2	0	1	1	1	0	0	2	0	2	0	0	0	1	0	0	0	0	0	0	0	2	
1	3	0	1	1	0	0	0	0	0	0	3	0	2	0	0	0	0	0	0	0	0	0	0	0	0	0	0	
0	0	0	1	0	3	2	0	1	0	1	2	0	2	0	2	0	0	0	3	0	0	0	0	0	0	0	0	
1	0	0	1	0	3	2	0	1	2	1	3	0	0	0	2	0	0	0	0	0	0	0	0	0	0	1	2	
2	0	2	1	0	3	2	0	1	1	0	0	0	2	0	0	0	0	0	1	0	0	0	0	0	0	3	2	
2	1	0	1	2	3	0	0	2	1	0	3	0	0	0	0	0	0	0	1	0	0	0	0	0	0	0	1	
0	0	0	1	2	0	1	0	0	2	1	0	0	0	0	0	0	0	0	2	0	0	0	0	0	0	3	0	
1	0	2	1	0	0	2	0	0	0	1	3	0	0	0	0	0	0	0	1	0	0	0	0	0	0	1	2	
0	0	0	2	0	3	2	0	0	0	3	3	0	2	0	0	0	0	0	1	0	0	0	0	0	0	0	2	
0	0	2	0	1	3	2	0	1	1	0	3	0	0	0	2	0	0	0	0	0	0	0	0	0	0	3	0	
0	3	0	1	2	1	1	0	1	1	0	0	0	2	0	2	0	0	0	0	0	0	0	0	0	0	3	0	
1	3	0	1	1	3	0	0	3	2	0	3	0	0	0	0	0	0	0	1	0	0	0	0	0	0	3	1	
1	3	1	0	0	0	0	0	0	0	1	0	0	2	0	0	0	0	0	1	0	0	0	0	0	0	0	0	
1	0	0	0	0	1	2	0	0	1	0	0	0	2	0	2	0	0	0	2	0	0	0	0	0	0	0	0	
0	0	0	1	2	3	2	0	1	1	0	3	0	0	0	0	0	0	0	1	0	0	0	0	0	0	0	2	
2	0	0	0	0	0	0	0	0	1	1	3	0	2	0	1	0	0	0	1	0	0	0	0	0	0	3	2	
1	0	0	1	0	0	2	0	0	1	3	3	0	2	0	2	0	0	0	0	0	0	0	0	0	0	3	0	
1	3	0	1	2	3	0	0	0	2	0	3	0	2	0	2	0	0	0	0	0	0	0	0	0	0	3	2	
1	3	0	2	2	0	2	0	3	1	1	2	0	1	0	0	0	0	0	2	0	0	0	0	0	0	0	2	
1	0	0	1	2	3	2	0	0	0	1	3	0	0	0	0	0	0	0	1	0	0	0	0	0	0	0	2	
1	1	2	2	0	3	2	0	1	0	0	3	0	0	0	2	0	0	0	1	0	0	0	0	0	0	3	2	
2	3	1	1	2	3	2	0	0	1	1	0	0	1	0	1	0	0	0	0	0	0	0	0	0	0	0	0	
1	0	0	0	2	1	1	0	1	1	3	0	0	2	0	2	0	0	0	0	0	0	0	0	0	0	3	2	
1	3	0	0	2	0	2	0	1	0	1	2	0	0	0	2	0	0	0	0	0	0	0	0	0	0	1	2	
--------------------

--------------------
Best Solution Found!
--------------------
Time: 0 hour(s), 0 minute(s), 1 second(s), 393 millisecond(s)

Fitness: 198753

2	3	0	1	2	1	2	0	3	1	0	2	0	0	0	2	0	0	0	1	0	0	0	0	0	0	3	2	
0	0	1	1	2	0	0	0	1	0	0	3	0	0	0	2	0	0	0	0	0	0	0	0	0	0	0	0	
1	1	0	1	1	0	2	0	0	2	0	3	0	0	0	0	0	0	0	1	0	0	0	0	0	0	1	2	
1	3	0	0	0	0	1	0	0	1	1	3	0	0	0	0	0	0	0	0	0	0	0	0	0	0	3	2	
1	1	0	1	2	3	2	0	1	1	0	0	0	0	0	0	0	0	0	1	0	0	0	0	0	0	0	0	
1	0	2	0	2	0	2	0	0	1	0	3	0	0	0	0	0	0	0	1	0	0	0	0	0	0	0	0	
1	0	2	2	0	3	2	0	1	1	1	3	0	1	0	2	0	0	0	1	0	0	0	0	0	0	1	2	
1	3	0	2	0	3	2	0	1	0	1	3	0	1	0	0	0	0	0	0	0	0	0	0	0	0	0	0	
1	3	0	2	2	0	0	0	0	1	0	0	0	2	0	0	0	0	0	3	0	0	0	0	0	0	0	0	
0	0	2	1	2	0	0	0	1	1	1	3	0	0	0	1	0	0	0	0	0	0	0	0	0	0	3	1	
1	0	0	0	2	3	2	0	1	0	0	0	0	0	0	2	0	0	0	2	0	0	0	0	0	0	3	0	
1	3	0	1	2	3	0	0	0	0	0	0	0	2	0	2	0	0	0	1	0	0	0	0	0	0	0	2	
0	3	1	2	0	0	2	0	1	1	1	2	0	2	0	2	0	0	0	1	0	0	0	0	0	0	3	2	
0	0	0	1	1	3	2	0	0	2	1	0	0	0	0	2	0	0	0	1	0	0	0	0	0	0	3	2	
1	0	0	1	0	3	0	0	1	1	0	0	0	2	0	0	0	0	0	1	0	0	0	0	0	0	3	2	
1	0	2	1	0	3	2	0	0	0	3	3	0	1	0	0	0	0	0	2	0	0	0	0	0	0	0	0	
0	0	0	0	2	0	0	0	1	1	0	2	0	2	0	1	0	0	0	1	0	0	0	0	0	0	1	2	
1	3	2	0	1	3	2	0	0	0	0	0	0	2	0	0	0	0	0	1	0	0	0	0	0	0	0	2	
1	1	0	2	2	3	2	0	1	1	0	2	0	2	0	0	0	0	0	0	0	0	0	0	0	0	0	1	
2	3	0	1	0	1	2	0	0	1	0	0	0	2	0	1	0	0	0	0	0	0	0	0	0	0	0	2	
1	0	0	1	2	0	2	0	1	1	1	3	0	2	0	2	0	0	0	0	0	0	0	0	0	0	3	1	
1	3	0	0	0	3	2	0	1	2	3	3	0	0	0	2	0	0	0	1	0	0	0	0	0	0	3	2	
1	3	0	1	0	1	1	0	0	0	1	3	0	2	0	2	0	0	0	0	0	0	0	0	0	0	3	0	
1	0	0	1	2	0	0	0	1	1	1	3	0	0	0	2	0	0	0	0	0	0	0	0	0	0	0	0	
0	3	0	1	0	3	0	0	3	2	0	3	0	2	0	2	0	0	0	1	0	0	0	0	0	0	0	2	
0	0	1	0	0	3	2	0	1	1	0	3	0	2	0	0	0	0	0	0	0	0	0	0	0	0	3	0	
2	3	0	1	0	3	1	0	3	1	1	3	0	2	0	2	0	0	0	2	0	0	0	0	0	0	3	1	
2	3	0	1	2	0	2	0	0	1	1	3	0	0	0	0	0	0	0	0	0	0	0	0	0	0	0	2	
2	0	0	1	2	3	1	0	1	1	3	0	0	0	0	2	0	0	0	1	0	0	0	0	0	0	0	0	
1	0	0	1	0	1	2	0	2	0	1	3	0	2	0	0	0	0	0	1	0	0	0	0	0	0	3	2	
--------------------

--------------------
Best Solution Found!
--------------------
Time: 0 hour(s), 0 minute(s), 1 second(s), 826 millisecond(s)

Fitness: 197759

1	0	0	0	0	0	0	0	0	0	1	3	0	0	0	0	0	0	0	1	0	0	0	0	0	0	3	2	
1	0	0	1	0	3	0	0	1	1	0	0	0	0	0	0	0	0	0	1	0	0	0	0	0	0	1	1	
1	3	0	1	0	0	2	0	3	1	0	3	0	2	0	0	0	0	0	1	0	0	0	0	0	0	0	0	
2	1	0	1	2	1	1	0	1	0	1	3	0	1	0	0	0	0	0	2	0	0	0	0	0	0	0	0	
1	3	0	0	0	3	2	0	1	2	1	3	0	2	0	1	0	0	0	0	0	0	0	0	0	0	0	0	
1	3	0	2	2	0	2	0	1	1	0	2	0	2	0	2	0	0	0	1	0	0	0	0	0	0	3	2	
1	0	0	1	2	3	2	0	1	1	0	2	0	0	0	0	0	0	0	1	0	0	0	0	0	0	0	0	
0	3	0	2	2	0	0	0	1	0	3	3	0	2	0	2	0	0	0	0	0	0	0	0	0	0	0	2	
2	3	1	1	0	1	1	0	0	1	3	3	0	2	0	0	0	0	0	1	0	0	0	0	0	0	0	2	
1	0	0	0	1	3	2	0	0	1	0	3	0	0	0	2	0	0	0	0	0	0	0	0	0	0	0	2	
1	0	0	1	2	3	2	0	0	0	0	3	0	2	0	2	0	0	0	0	0	0	0	0	0	0	3	2	
1	3	2	1	1	3	2	0	3	2	0	0	0	2	0	2	0	0	0	0	0	0	0	0	0	0	0	2	
1	3	0	1	2	3	2	0	0	2	1	3	0	0	0	0	0	0	0	1	0	0	0	0	0	0	3	0	
2	0	1	0	2	0	0	0	0	0	1	2	0	0	0	0	0	0	0	2	0	0	0	0	0	0	0	1	
1	3	0	1	2	3	2	0	1	1	0	3	0	2	0	0	0	0	0	1	0	0	0	0	0	0	0	0	
0	3	0	2	2	3	2	0	1	1	1	3	0	0	0	2	0	0	0	1	0	0	0	0	0	0	3	1	
1	3	2	1	0	0	0	0	1	1	3	3	0	0	0	1	0	0	0	0	0	0	0	0	0	0	3	2	
1	0	1	1	0	1	2	0	0	1	1	0	0	0	0	0	0	0	0	1	0	0	0	0	0	0	0	2	
1	3	0	1	0	3	0	0	0	1	0	0	0	0	0	2	0	0	0	1	0	0	0	0	0	0	3	2	
0	0	0	1	2	0	2	0	2	1	1	3	0	2	0	2	0	0	0	2	0	0	0	0	0	0	0	0	
1	0	0	2	2	0	2	0	1	1	0	3	0	2	0	0	0	0	0	1	0	0	0	0	0	0	3	2	
2	1	0	0	0	3	1	0	1	0	0	0	0	0	0	1	0	0	0	3	0	0	0	0	0	0	3	2	
0	0	0	0	0	3	0	0	1	1	1	0	0	2	0	2	0	0	0	1	0	0	0	0	0	0	1	0	
0	0	0	1	0	0	2	0	1	1	0	0	0	1	0	2	0	0	0	0	0	0	0	0	0	0	0	0	
0	0	2	1	2	1	0	0	0	1	0	2	0	0	0	0	0	0	0	0	0	0	0	0	0	0	1	2	
1	0	0	1	2	3	2	0	3	1	0	3	0	2	0	0	0	0	0	1	0	0	0	0	0	0	3	0	
2	3	2	2	0	3	1	0	0	0	1	3	0	2	0	2	0	0	0	0	0	0	0	0	0	0	3	0	
1	3	0	1	2	0	2	0	0	1	1	3	0	0	0	2	0	0	0	1	0	0	0	0	0	0	3	2	
0	0	0	1	1	0	2	0	1	0	0	0	0	2	0	2	0	0	0	0	0	0	0	0	0	0	0	1	
1	1	2	0	0	3	2	0	1	2	1	0	0	1	0	2	0	0	0	0	0	0	0	0	0	0	3	2	
--------------------

--------------------
Best Solution Found!
--------------------
Time: 0 hour(s), 0 minute(s), 2 second(s), 926 millisecond(s)

Fitness: 196741

1	3	0	2	2	0	2	0	1	1	0	2	0	0	0	2	0	0	0	0	0	0	0	0	0	0	0	0	
1	3	0	1	1	3	0	0	1	0	3	3	0	2	0	0	0	0	0	1	0	0	0	0	0	0	3	2	
1	0	0	0	2	3	0	0	1	1	0	0	0	0	0	0	0	0	0	1	0	0	0	0	0	0	0	0	
1	3	0	0	2	0	0	0	0	0	0	0	0	0	0	2	0	0	0	1	0	0	0	0	0	0	0	1	
1	3	1	1	0	3	2	0	0	1	1	0	0	2	0	2	0	0	0	2	0	0	0	0	0	0	0	0	
0	0	0	1	2	0	0	0	0	1	0	3	0	0	0	0	0	0	0	1	0	0	0	0	0	0	3	2	
1	0	0	1	0	3	2	0	1	1	1	3	0	2	0	0	0	0	0	1	0	0	0	0	0	0	0	2	
0	0	0	2	0	0	0	0	0	1	0	3	0	0	0	2	0	0	0	1	0	0	0	0	0	0	1	1	
0	3	2	1	0	1	2	0	0	2	1	3	0	0	0	2	0	0	0	0	0	0	0	0	0	0	0	0	
2	3	0	0	0	3	2	0	0	1	1	3	0	2	0	0	0	0	0	1	0	0	0	0	0	0	0	0	
1	3	0	2	2	0	2	0	0	1	1	3	0	1	0	0	0	0	0	0	0	0	0	0	0	0	3	2	
1	0	2	1	2	0	2	0	1	1	0	0	0	1	0	1	0	0	0	0	0	0	0	0	0	0	3	0	
1	0	0	1	2	0	2	0	1	0	0	3	0	2	0	0	0	0	0	0	0	0	0	0	0	0	3	0	
2	0	2	1	0	3	1	0	1	2	1	3	0	2	0	2	0	0	0	1	0	0	0	0	0	0	3	2	
0	0	0	2	0	0	2	0	3	1	1	2	0	2	0	0	0	0	0	1	0	0	0	0	0	0	0	1	
1	3	0	0	1	0	0	0	1	2	0	0	0	0	0	2	0	0	0	3	0	0	0	0	0	0	1	0	
1	3	0	1	0	0	1	0	0	0	0	0	0	2	0	1	0	0	0	0	0	0	0	0	0	0	3	2	
2	3	0	1	1	1	2	0	0	1	1	2	0	2	0	2	0	0	0	1	0	0	0	0	0	0	1	1	
1	0	1	1	0	3	2	0	0	1	1	0	0	2	0	0	0	0	0	1	0	0	0	0	0	0	3	2	
2	3	0	1	2	1	2	0	1	1	0	2	0	0	0	2	0	0	0	0	0	0	0	0	0	0	3	2	
0	1	0	2	2	3	1	0	1	1	0	0	0	0	0	2	0	0	0	0	0	0	0	0	0	0	0	0	
1	0	2	0	2	0	1	0	1	0	3	3	0	2	0	0	0	0	0	1	0	0	0	0	0	0	0	2	
1	0	0	0	2	3	2	0	0	1	0	3	0	2	0	0	0	0	0	0	0	0	0	0	0	0	3	2	
0	0	2	1	0	3	2	0	1	1	0	3	0	1	0	2	0	0	0	0	0	0	0	0	0	0	3	2	
0	0	0	1	0	3	2	0	3	0	1	3	0	0	0	2	0	0	0	0	0	0	0	0	0	0	0	0	
2	3	1	0	0	3	2	0	1	0	1	3	0	0	0	1	0	0	0	1	0	0	0	0	0	0	0	2	
1	1	0	1	2	3	0	0	1	2	1	0	0	0	0	2	0	0	0	2	0	0	0	0	0	0	0	0	
1	1	0	1	2	1	2	0	3	0	3	3	0	2	0	2	0	0	0	2	0	0	0	0	0	0	3	2	
1	0	0	1	0	3	2	0	2	1	0	3	0	0	0	0	0	0	0	1	0	0	0	0	0	0	3	2	
1	3	0	1	2	3	0	0	1	1	0	3	0	2	0	0	0	0	0	1	0	0	0	0	0	0	0	2	
--------------------

--------------------
Best Solution Found!
--------------------
Time: 0 hour(s), 0 minute(s), 4 second(s), 491 millisecond(s)

Fitness: 194764

2	3	1	1	0	1	2	0	0	1	3	3	0	2	0	2	0	0	0	1	0	0	0	0	0	0	3	2	
1	0	0	0	2	3	2	0	3	2	0	0	0	0	0	0	0	0	0	1	0	0	0	0	0	0	3	2	
1	3	0	1	2	3	2	0	1	0	1	3	0	0	0	2	0	0	0	2	0	0	0	0	0	0	0	2	
1	3	0	0	0	3	2	0	3	2	1	3	0	2	0	1	0	0	0	0	0	0	0	0	0	0	0	0	
1	0	1	1	1	3	2	0	1	0	1	3	0	1	0	2	0	0	0	0	0	0	0	0	0	0	3	2	
0	0	0	0	0	1	2	0	1	1	3	3	0	0	0	0	0	0	0	2	0	0	0	0	0	0	3	2	
0	0	2	2	0	0	0	0	1	0	0	3	0	2	0	0	0	0	0	1	0	0	0	0	0	0	1	2	
1	0	0	1	2	0	0	0	1	1	0	2	0	0	0	0	0	0	0	1	0	0	0	0	0	0	3	0	
1	3	2	1	0	3	1	0	1	1	0	3	0	2	0	2	0	0	0	0	0	0	0	0	0	0	1	1	
1	0	0	1	1	0	0	0	2	1	0	0	0	0	0	0	0	0	0	3	0	0	0	0	0	0	0	2	
1	3	0	2	0	0	2	0	0	0	0	2	0	0	0	1	0	0	0	1	0	0	0	0	0	0	0	0	
1	0	0	1	2	0	1	0	3	1	1	0	0	1	0	0	0	0	0	1	0	0	0	0	0	0	3	2	
1	0	0	1	2	3	2	0	1	0	1	3	0	1	0	0	0	0	0	1	0	0	0	0	0	0	0	1	
1	0	1	0	0	0	2	0	0	0	0	0	0	0	0	2	0	0	0	0	0	0	0	0	0	0	0	0	
1	3	0	0	0	3	2	0	0	1	1	3	0	2	0	0	0	0	0	0	0	0	0	0	0	0	3	2	
0	3	0	1	2	3	1	0	1	1	1	0	0	0	0	2	0	0	0	0	0	0	0	0	0	0	3	0	
1	3	0	2	0	3	2	0	0	1	0	0	0	0	0	2	0	0	0	1	0	0	0	0	0	0	3	2	
0	1	2	2	0	3	2	0	1	2	1	3	0	0	0	0	0	0	0	1	0	0	0	0	0	0	0	0	
2	1	0	1	2	0	2	0	0	0	1	3	0	0	0	2	0	0	0	1	0	0	0	0	0	0	0	0	
1	3	0	1	2	0	0	0	1	2	0	3	0	2	0	2	0	0	0	0	0	0	0	0	0	0	0	2	
0	0	0	1	2	3	2	0	1	1	0	0	0	2	0	2	0	0	0	1	0	0	0	0	0	0	0	2	
2	0	0	1	0	3	0	0	1	1	0	0	0	2	0	0	0	0	0	0	0	0	0	0	0	0	3	2	
0	3	0	1	1	3	2	0	1	1	0	2	0	2	0	2	0	0	0	1	0	0	0	0	0	0	3	0	
1	1	2	0	2	1	0	0	1	1	0	0	0	2	0	0	0	0	0	1	0	0	0	0	0	0	0	1	
0	3	0	1	2	3	2	0	1	1	0	3	0	2	0	2	0	0	0	1	0	0	0	0	0	0	0	0	
1	0	0	1	2	0	2	0	0	1	1	3	0	2	0	2	0	0	0	0	0	0	0	0	0	0	0	0	
2	3	2	1	0	1	2	0	0	1	1	2	0	2	0	0	0	0	0	1	0	0	0	0	0	0	3	2	
1	0	0	1	2	0	1	0	0	0	3	3	0	0	0	0	0	0	0	0	0	0	0	0	0	0	0	1	
2	3	0	0	0	3	0	0	0	1	1	3	0	2	0	1	0	0	0	2	0	0	0	0	0	0	3	2	
1	0	0	2	2	0	0	0	0	1	0	3	0	0	0	2	0	0	0	0	0	0	0	0	0	0	1	0	
--------------------

--------------------
Best Solution Found!
--------------------
Time: 0 hour(s), 0 minute(s), 18 second(s), 303 millisecond(s)

Fitness: 193752

1	3	0	1	0	0	0	0	1	0	1	3	0	2	0	0	0	0	0	1	0	0	0	0	0	0	0	0	
1	1	0	1	2	3	0	0	0	0	1	0	0	0	0	0	0	0	0	0	0	0	0	0	0	0	0	0	
1	3	0	0	0	3	2	0	0	0	0	2	0	0	0	0	0	0	0	0	0	0	0	0	0	0	3	2	
0	0	0	1	0	3	1	0	1	1	3	3	0	2	0	0	0	0	0	2	0	0	0	0	0	0	0	0	
1	0	0	1	2	1	1	0	1	2	3	3	0	2	0	0	0	0	0	3	0	0	0	0	0	0	0	0	
0	0	0	2	2	1	0	0	1	1	0	3	0	2	0	0	0	0	0	0	0	0	0	0	0	0	0	2	
1	0	0	1	2	3	2	0	3	1	0	3	0	0	0	0	0	0	0	1	0	0	0	0	0	0	0	2	
2	3	1	2	0	3	2	0	1	0	0	0	0	0	0	2	0	0	0	1	0	0	0	0	0	0	0	2	
1	3	0	1	0	0	2	0	0	2	1	3	0	0	0	0	0	0	0	0	0	0	0	0	0	0	1	2	
2	3	0	1	2	3	2	0	1	1	0	3	0	2	0	2	0	0	0	2	0	0	0	0	0	0	3	2	
0	3	2	1	0	0	2	0	0	1	1	3	0	1	0	2	0	0	0	2	0	0	0	0	0	0	0	0	
2	0	0	0	0	1	1	0	1	1	3	3	0	2	0	0	0	0	0	0	0	0	0	0	0	0	3	0	
1	3	2	1	0	0	0	0	1	1	0	0	0	0	0	0	0	0	0	1	0	0	0	0	0	0	0	0	
1	0	1	1	2	3	2	0	0	0	1	0	0	2	0	0	0	0	0	0	0	0	0	0	0	0	3	2	
1	0	0	0	0	3	2	0	0	1	1	3	0	0	0	0	0	0	0	0	0	0	0	0	0	0	3	2	
1	0	0	0	2	0	0	0	0	2	1	2	0	2	0	2	0	0	0	1	0	0	0	0	0	0	3	2	
1	0	2	0	2	3	2	0	1	0	0	0	0	2	0	2	0	0	0	1	0	0	0	0	0	0	3	2	
1	0	0	2	1	0	2	0	1	1	1	3	0	2	0	2	0	0	0	1	0	0	0	0	0	0	0	0	
2	0	2	1	2	0	2	0	2	1	0	0	0	0	0	2	0	0	0	0	0	0	0	0	0	0	0	0	
1	3	0	1	2	3	0	0	1	1	0	2	0	0	0	2	0	0	0	1	0	0	0	0	0	0	1	2	
1	0	1	0	0	3	2	0	3	1	1	2	0	0	0	2	0	0	0	1	0	0	0	0	0	0	3	0	
1	1	0	1	1	1	0	0	0	0	0	3	0	2	0	0	0	0	0	1	0	0	0	0	0	0	3	2	
0	3	0	0	2	3	2	0	1	1	0	0	0	1	0	2	0	0	0	0	0	0	0	0	0	0	3	1	
1	3	0	1	2	0	2	0	1	2	1	3	0	0	0	1	0	0	0	0	0	0	0	0	0	0	0	0	
0	0	0	1	1	0	2	0	1	1	0	3	0	2	0	2	0	0	0	1	0	0	0	0	0	0	0	1	
1	3	0	1	2	3	2	0	1	1	1	0	0	0	0	2	0	0	0	1	0	0	0	0	0	0	0	2	
1	1	0	1	0	0	2	0	3	1	0	3	0	0	0	2	0	0	0	1	0	0	0	0	0	0	3	1	
2	3	0	2	0	3	0	0	0	1	1	3	0	2	0	1	0	0	0	1	0	0	0	0	0	0	3	2	
0	3	2	1	0	3	1	0	0	0	0	0	0	1	0	2	0	0	0	1	0	0	0	0	0	0	3	1	
0	0	0	2	2	0	2	0	0	1	0	3	0	2	0	1	0	0	0	0	0	0	0	0	0	0	1	2	
--------------------

--------------------
Best Solution Found!
--------------------
Time: 0 hour(s), 0 minute(s), 18 second(s), 304 millisecond(s)

Fitness: 193752

1	3	0	1	0	0	0	0	1	0	1	3	0	2	0	0	0	0	0	1	0	0	0	0	0	0	0	0	
1	1	0	1	2	3	0	0	0	0	1	0	0	0	0	0	0	0	0	0	0	0	0	0	0	0	0	0	
1	3	0	0	0	3	2	0	0	0	0	2	0	0	0	0	0	0	0	0	0	0	0	0	0	0	3	2	
0	0	0	1	0	3	1	0	1	1	3	3	0	2	0	0	0	0	0	2	0	0	0	0	0	0	0	0	
1	0	0	1	2	1	1	0	1	2	3	3	0	2	0	0	0	0	0	3	0	0	0	0	0	0	0	0	
0	0	0	2	2	1	0	0	1	1	0	3	0	2	0	0	0	0	0	0	0	0	0	0	0	0	0	2	
1	0	0	1	2	3	2	0	3	1	0	3	0	0	0	0	0	0	0	1	0	0	0	0	0	0	0	2	
2	3	1	2	0	3	2	0	1	0	0	0	0	0	0	2	0	0	0	1	0	0	0	0	0	0	0	2	
1	3	0	1	0	0	2	0	0	2	1	3	0	0	0	0	0	0	0	0	0	0	0	0	0	0	1	2	
2	3	0	1	2	3	2	0	1	1	0	3	0	2	0	2	0	0	0	2	0	0	0	0	0	0	3	2	
0	3	2	1	0	0	2	0	0	1	1	3	0	1	0	2	0	0	0	2	0	0	0	0	0	0	0	0	
2	0	0	0	0	1	1	0	1	1	3	3	0	2	0	0	0	0	0	0	0	0	0	0	0	0	3	0	
1	3	2	1	0	0	0	0	1	1	0	0	0	0	0	0	0	0	0	1	0	0	0	0	0	0	0	0	
1	0	1	1	2	3	2	0	0	0	1	0	0	2	0	0	0	0	0	0	0	0	0	0	0	0	3	2	
1	0	0	0	0	3	2	0	0	1	1	3	0	0	0	0	0	0	0	0	0	0	0	0	0	0	3	2	
1	0	0	0	2	0	0	0	0	2	1	2	0	2	0	2	0	0	0	1	0	0	0	0	0	0	3	2	
1	0	2	0	2	3	2	0	1	0	0	0	0	2	0	2	0	0	0	1	0	0	0	0	0	0	3	2	
1	0	0	2	1	0	2	0	1	1	1	3	0	2	0	2	0	0	0	1	0	0	0	0	0	0	0	0	
2	0	2	1	2	0	2	0	2	1	0	0	0	0	0	2	0	0	0	0	0	0	0	0	0	0	0	0	
1	3	0	1	2	3	0	0	1	1	0	2	0	0	0	2	0	0	0	1	0	0	0	0	0	0	1	2	
1	0	1	0	0	3	2	0	3	1	1	2	0	0	0	2	0	0	0	1	0	0	0	0	0	0	3	0	
1	1	0	1	1	1	0	0	0	0	0	3	0	2	0	0	0	0	0	1	0	0	0	0	0	0	3	2	
0	3	0	0	2	3	2	0	1	1	0	0	0	1	0	2	0	0	0	0	0	0	0	0	0	0	3	1	
1	3	0	1	2	0	2	0	1	2	1	3	0	0	0	1	0	0	0	0	0	0	0	0	0	0	0	0	
0	0	0	1	1	0	2	0	1	1	0	3	0	2	0	2	0	0	0	1	0	0	0	0	0	0	0	1	
1	3	0	1	2	3	2	0	1	1	1	0	0	0	0	2	0	0	0	1	0	0	0	0	0	0	0	2	
1	1	0	1	0	0	2	0	3	1	0	3	0	0	0	2	0	0	0	1	0	0	0	0	0	0	3	1	
2	3	0	2	0	3	0	0	0	1	1	3	0	2	0	1	0	0	0	1	0	0	0	0	0	0	3	2	
0	3	2	1	0	3	1	0	0	0	0	0	0	1	0	2	0	0	0	1	0	0	0	0	0	0	3	1	
0	0	0	2	2	0	2	0	0	1	0	3	0	2	0	1	0	0	0	0	0	0	0	0	0	0	1	2	
--------------------

--------------------
Best Solution Found!
--------------------
Time: 0 hour(s), 0 minute(s), 36 second(s), 666 millisecond(s)

Fitness: 193749

1	1	0	0	0	0	0	0	2	1	0	3	0	2	0	2	0	0	0	0	0	0	0	0	0	0	0	2	
0	3	0	0	2	0	2	0	3	1	3	3	0	2	0	1	0	0	0	1	0	0	0	0	0	0	0	0	
1	0	0	1	0	1	1	0	0	1	1	3	0	1	0	0	0	0	0	1	0	0	0	0	0	0	0	2	
1	3	0	1	0	0	0	0	1	0	0	0	0	0	0	0	0	0	0	0	0	0	0	0	0	0	3	2	
1	0	0	2	2	3	2	0	0	0	1	3	0	2	0	2	0	0	0	1	0	0	0	0	0	0	0	2	
2	0	2	2	2	3	2	0	1	1	0	2	0	0	0	2	0	0	0	0	0	0	0	0	0	0	3	1	
2	0	0	1	0	0	2	0	1	1	0	0	0	0	0	0	0	0	0	1	0	0	0	0	0	0	0	0	
1	0	0	2	1	3	2	0	0	0	3	3	0	2	0	2	0	0	0	1	0	0	0	0	0	0	1	2	
1	0	0	2	0	0	0	0	1	1	0	0	0	0	0	0	0	0	0	2	0	0	0	0	0	0	0	2	
0	0	0	2	2	3	2	0	1	2	1	2	0	1	0	0	0	0	0	1	0	0	0	0	0	0	3	2	
1	3	2	1	0	1	0	0	1	1	1	3	0	1	0	2	0	0	0	1	0	0	0	0	0	0	3	0	
1	3	0	0	0	3	2	0	1	1	1	0	0	2	0	1	0	0	0	2	0	0	0	0	0	0	1	2	
1	3	0	0	2	3	2	0	1	1	1	0	0	2	0	2	0	0	0	0	0	0	0	0	0	0	3	1	
2	0	0	1	2	3	2	0	0	2	0	2	0	2	0	2	0	0	0	1	0	0	0	0	0	0	3	0	
0	0	2	1	0	3	2	0	0	1	1	3	0	2	0	0	0	0	0	0	0	0	0	0	0	0	0	1	
0	3	0	1	2	3	1	0	0	1	0	0	0	0	0	2	0	0	0	1	0	0	0	0	0	0	3	0	
0	0	0	0	0	1	2	0	3	1	0	3	0	0	0	2	0	0	0	1	0	0	0	0	0	0	0	2	
1	3	0	1	1	3	1	0	1	1	1	3	0	2	0	2	0	0	0	1	0	0	0	0	0	0	3	1	
1	3	0	0	2	3	2	0	0	0	0	3	0	2	0	0	0	0	0	1	0	0	0	0	0	0	0	0	
1	3	0	1	2	3	1	0	1	1	0	0	0	0	0	2	0	0	0	0	0	0	0	0	0	0	3	2	
1	3	0	0	0	0	2	0	0	1	1	3	0	2	0	1	0	0	0	1	0	0	0	0	0	0	3	2	
1	3	1	1	2	3	0	0	3	0	1	2	0	0	0	0	0	0	0	2	0	0	0	0	0	0	0	0	
2	1	0	1	2	3	2	0	1	2	0	0	0	0	0	0	0	0	0	0	0	0	0	0	0	0	0	0	
0	3	1	1	1	0	0	0	1	1	0	3	0	2	0	0	0	0	0	0	0	0	0	0	0	0	0	2	
1	0	2	1	0	3	2	0	1	0	0	3	0	0	0	0	0	0	0	1	0	0	0	0	0	0	0	0	
2	0	1	1	0	1	2	0	0	1	3	3	0	2	0	0	0	0	0	1	0	0	0	0	0	0	3	2	
1	0	0	1	2	0	0	0	1	1	1	3	0	0	0	2	0	0	0	0	0	0	0	0	0	0	1	0	
1	3	0	1	2	0	0	0	0	0	0	3	0	2	0	2	0	0	0	3	0	0	0	0	0	0	3	0	
1	1	0	1	2	0	2	0	1	2	0	0	0	0	0	2	0	0	0	0	0	0	0	0	0	0	0	2	
0	0	2	1	0	0	2	0	0	0	1	3	0	0	0	0	0	0	0	0	0	0	0	0	0	0	3	2	
--------------------

--------------------
Best Solution Found!
--------------------
Time: 0 hour(s), 0 minute(s), 36 second(s), 667 millisecond(s)

Fitness: 193749

1	1	0	0	0	0	0	0	2	1	0	3	0	2	0	2	0	0	0	0	0	0	0	0	0	0	0	2	
0	3	0	0	2	0	2	0	3	1	3	3	0	2	0	1	0	0	0	1	0	0	0	0	0	0	0	0	
1	0	0	1	0	1	1	0	0	1	1	3	0	1	0	0	0	0	0	1	0	0	0	0	0	0	0	2	
1	3	0	1	0	0	0	0	1	0	0	0	0	0	0	0	0	0	0	0	0	0	0	0	0	0	3	2	
1	0	0	2	2	3	2	0	0	0	1	3	0	2	0	2	0	0	0	1	0	0	0	0	0	0	0	2	
2	0	2	2	2	3	2	0	1	1	0	2	0	0	0	2	0	0	0	0	0	0	0	0	0	0	3	1	
2	0	0	1	0	0	2	0	1	1	0	0	0	0	0	0	0	0	0	1	0	0	0	0	0	0	0	0	
1	0	0	2	1	3	2	0	0	0	3	3	0	2	0	2	0	0	0	1	0	0	0	0	0	0	1	2	
1	0	0	2	0	0	0	0	1	1	0	0	0	0	0	0	0	0	0	2	0	0	0	0	0	0	0	2	
0	0	0	2	2	3	2	0	1	2	1	2	0	1	0	0	0	0	0	1	0	0	0	0	0	0	3	2	
1	3	2	1	0	1	0	0	1	1	1	3	0	1	0	2	0	0	0	1	0	0	0	0	0	0	3	0	
1	3	0	0	0	3	2	0	1	1	1	0	0	2	0	1	0	0	0	2	0	0	0	0	0	0	1	2	
1	3	0	0	2	3	2	0	1	1	1	0	0	2	0	2	0	0	0	0	0	0	0	0	0	0	3	1	
2	0	0	1	2	3	2	0	0	2	0	2	0	2	0	2	0	0	0	1	0	0	0	0	0	0	3	0	
0	0	2	1	0	3	2	0	0	1	1	3	0	2	0	0	0	0	0	0	0	0	0	0	0	0	0	1	
0	3	0	1	2	3	1	0	0	1	0	0	0	0	0	2	0	0	0	1	0	0	0	0	0	0	3	0	
0	0	0	0	0	1	2	0	3	1	0	3	0	0	0	2	0	0	0	1	0	0	0	0	0	0	0	2	
1	3	0	1	1	3	1	0	1	1	1	3	0	2	0	2	0	0	0	1	0	0	0	0	0	0	3	1	
1	3	0	0	2	3	2	0	0	0	0	3	0	2	0	0	0	0	0	1	0	0	0	0	0	0	0	0	
1	3	0	1	2	3	1	0	1	1	0	0	0	0	0	2	0	0	0	0	0	0	0	0	0	0	3	2	
1	3	0	0	0	0	2	0	0	1	1	3	0	2	0	1	0	0	0	1	0	0	0	0	0	0	3	2	
1	3	1	1	2	3	0	0	3	0	1	2	0	0	0	0	0	0	0	2	0	0	0	0	0	0	0	0	
2	1	0	1	2	3	2	0	1	2	0	0	0	0	0	0	0	0	0	0	0	0	0	0	0	0	0	0	
0	3	1	1	1	0	0	0	1	1	0	3	0	2	0	0	0	0	0	0	0	0	0	0	0	0	0	2	
1	0	2	1	0	3	2	0	1	0	0	3	0	0	0	0	0	0	0	1	0	0	0	0	0	0	0	0	
2	0	1	1	0	1	2	0	0	1	3	3	0	2	0	0	0	0	0	1	0	0	0	0	0	0	3	2	
1	0	0	1	2	0	0	0	1	1	1	3	0	0	0	2	0	0	0	0	0	0	0	0	0	0	1	0	
1	3	0	1	2	0	0	0	0	0	0	3	0	2	0	2	0	0	0	3	0	0	0	0	0	0	3	0	
1	1	0	1	2	0	2	0	1	2	0	0	0	0	0	2	0	0	0	0	0	0	0	0	0	0	0	2	
0	0	2	1	0	0	2	0	0	0	1	3	0	0	0	0	0	0	0	0	0	0	0	0	0	0	3	2	
--------------------

--------------------
Best Solution Found!
--------------------
Time: 0 hour(s), 0 minute(s), 44 second(s), 283 millisecond(s)

Fitness: 191780

1	3	0	0	2	0	1	0	3	1	0	0	0	0	0	2	0	0	0	2	0	0	0	0	0	0	0	0	
1	0	0	0	0	3	2	0	0	1	0	3	0	0	0	0	0	0	0	0	0	0	0	0	0	0	0	2	
1	3	0	0	0	3	2	0	2	1	0	3	0	2	0	0	0	0	0	0	0	0	0	0	0	0	3	2	
1	0	0	1	2	3	0	0	1	1	0	3	0	0	0	0	0	0	0	1	0	0	0	0	0	0	0	2	
1	0	0	2	0	0	2	0	0	2	1	0	0	0	0	2	0	0	0	3	0	0	0	0	0	0	0	0	
2	1	0	0	1	1	2	0	3	1	1	3	0	0	0	2	0	0	0	0	0	0	0	0	0	0	0	1	
2	0	0	1	1	1	0	0	3	1	1	2	0	0	0	1	0	0	0	1	0	0	0	0	0	0	3	2	
1	3	0	0	0	0	0	0	0	0	1	3	0	0	0	0	0	0	0	2	0	0	0	0	0	0	3	0	
1	3	0	1	0	3	2	0	1	1	0	0	0	0	0	0	0	0	0	0	0	0	0	0	0	0	0	0	
1	3	0	0	0	3	0	0	1	1	1	3	0	0	0	1	0	0	0	1	0	0	0	0	0	0	3	2	
1	3	1	2	2	3	2	0	1	1	0	0	0	1	0	0	0	0	0	1	0	0	0	0	0	0	0	0	
0	0	0	1	2	3	2	0	1	2	0	3	0	0	0	2	0	0	0	0	0	0	0	0	0	0	0	0	
0	1	2	1	0	0	1	0	0	0	1	2	0	0	0	2	0	0	0	2	0	0	0	0	0	0	0	0	
1	0	2	1	0	0	2	0	1	1	1	3	0	2	0	2	0	0	0	1	0	0	0	0	0	0	3	2	
2	0	2	1	2	0	0	0	1	1	3	0	0	2	0	2	0	0	0	0	0	0	0	0	0	0	3	2	
1	1	0	1	0	3	2	0	1	2	0	3	0	0	0	0	0	0	0	0	0	0	0	0	0	0	0	2	
1	3	1	1	0	3	2	0	1	1	1	3	0	2	0	0	0	0	0	1	0	0	0	0	0	0	0	2	
1	0	2	1	2	0	0	0	1	1	0	0	0	2	0	2	0	0	0	1	0	0	0	0	0	0	0	0	
1	3	0	2	0	3	2	0	0	0	0	0	0	2	0	1	0	0	0	1	0	0	0	0	0	0	1	1	
1	3	0	1	0	3	2	0	0	1	1	0	0	2	0	0	0	0	0	1	0	0	0	0	0	0	0	0	
0	0	0	1	2	0	1	0	1	0	0	3	0	0	0	2	0	0	0	1	0	0	0	0	0	0	1	2	
2	0	0	0	1	0	2	0	1	2	0	0	0	2	0	0	0	0	0	0	0	0	0	0	0	0	3	0	
0	0	0	2	2	1	2	0	1	1	1	2	0	2	0	2	0	0	0	0	0	0	0	0	0	0	3	2	
0	0	0	1	2	3	2	0	0	0	1	2	0	2	0	0	0	0	0	0	0	0	0	0	0	0	0	2	
1	3	0	1	0	3	2	0	0	0	0	3	0	2	0	2	0	0	0	1	0	0	0	0	0	0	3	1	
1	3	0	1	2	0	0	0	0	0	3	3	0	1	0	2	0	0	0	1	0	0	0	0	0	0	3	1	
0	3	0	2	2	1	2	0	0	0	0	3	0	1	0	0	0	0	0	1	0	0	0	0	0	0	3	2	
0	0	2	1	2	0	0	0	1	1	1	3	0	2	0	0	0	0	0	1	0	0	0	0	0	0	1	0	
1	0	1	1	2	3	2	0	0	1	3	3	0	2	0	2	0	0	0	1	0	0	0	0	0	0	3	2	
2	3	0	1	2	3	1	0	1	1	0	3	0	2	0	2	0	0	0	0	0	0	0	0	0	0	3	2	
--------------------

--------------------
Best Solution Found!
--------------------
Time: 0 hour(s), 2 minute(s), 43 second(s), 990 millisecond(s)

Fitness: 190743

0	0	0	0	0	3	1	0	1	1	0	0	0	2	0	0	0	0	0	0	0	0	0	0	0	0	0	0	
1	3	2	1	2	3	2	0	1	1	0	0	0	2	0	2	0	0	0	1	0	0	0	0	0	0	1	1	
1	3	0	0	0	3	1	0	0	2	0	0	0	0	0	2	0	0	0	1	0	0	0	0	0	0	3	1	
0	0	0	1	0	0	1	0	0	1	1	3	0	0	0	0	0	0	0	1	0	0	0	0	0	0	3	2	
1	3	0	1	2	1	1	0	1	1	0	0	0	1	0	0	0	0	0	0	0	0	0	0	0	0	0	0	
2	0	0	0	1	3	2	0	0	1	1	3	0	0	0	0	0	0	0	2	0	0	0	0	0	0	3	0	
1	3	0	1	1	0	0	0	1	1	0	3	0	2	0	2	0	0	0	1	0	0	0	0	0	0	3	2	
2	0	0	0	0	1	2	0	1	2	1	3	0	2	0	0	0	0	0	1	0	0	0	0	0	0	3	1	
1	3	0	1	2	3	2	0	2	2	1	0	0	0	0	0	0	0	0	1	0	0	0	0	0	0	1	2	
0	1	1	1	2	0	0	0	1	1	1	3	0	1	0	2	0	0	0	0	0	0	0	0	0	0	3	2	
1	3	2	2	0	0	0	0	0	1	1	0	0	1	0	1	0	0	0	0	0	0	0	0	0	0	0	0	
1	3	2	2	0	3	2	0	0	0	0	2	0	2	0	1	0	0	0	3	0	0	0	0	0	0	0	0	
2	0	2	1	0	3	2	0	1	1	1	2	0	0	0	2	0	0	0	0	0	0	0	0	0	0	0	1	
1	0	0	1	2	0	0	0	0	0	1	3	0	0	0	0	0	0	0	1	0	0	0	0	0	0	0	2	
1	0	1	1	0	0	2	0	1	0	0	3	0	0	0	0	0	0	0	1	0	0	0	0	0	0	3	2	
1	3	0	1	0	1	2	0	0	1	1	0	0	2	0	2	0	0	0	1	0	0	0	0	0	0	0	2	
1	3	0	0	0	3	2	0	1	1	0	2	0	2	0	2	0	0	0	0	0	0	0	0	0	0	0	2	
2	1	0	2	2	3	2	0	0	1	0	3	0	0	0	2	0	0	0	2	0	0	0	0	0	0	3	0	
0	3	2	1	2	0	0	0	0	1	0	3	0	0	0	0	0	0	0	1	0	0	0	0	0	0	0	0	
1	1	0	0	0	0	2	0	3	1	1	0	0	0	0	2	0	0	0	1	0	0	0	0	0	0	0	2	
0	0	0	2	0	0	2	0	3	1	1	3	0	2	0	2	0	0	0	1	0	0	0	0	0	0	3	2	
0	0	1	1	2	3	0	0	1	0	3	3	0	0	0	0	0	0	0	0	0	0	0	0	0	0	3	2	
0	0	0	1	2	3	2	0	1	0	1	3	0	2	0	2	0	0	0	2	0	0	0	0	0	0	3	0	
2	0	0	1	2	3	0	0	1	0	3	3	0	2	0	0	0	0	0	1	0	0	0	0	0	0	0	0	
1	0	0	1	2	3	2	0	1	1	0	3	0	2	0	0	0	0	0	0	0	0	0	0	0	0	0	2	
1	0	0	1	1	0	0	0	0	2	0	2	0	2	0	2	0	0	0	0	0	0	0	0	0	0	0	0	
1	3	0	1	2	3	2	0	3	0	0	3	0	0	0	0	0	0	0	0	0	0	0	0	0	0	1	0	
1	0	0	1	2	3	2	0	1	1	3	3	0	0	0	2	0	0	0	1	0	0	0	0	0	0	0	2	
1	3	0	2	2	1	2	0	0	0	0	0	0	2	0	2	0	0	0	1	0	0	0	0	0	0	3	2	
1	3	0	0	0	0	2	0	1	1	0	3	0	2	0	1	0	0	0	0	0	0	0	0	0	0	3	2	
--------------------

--------------------
Best Solution Found!
--------------------
Time: 0 hour(s), 2 minute(s), 43 second(s), 992 millisecond(s)

Fitness: 190743

0	0	0	0	0	3	1	0	1	1	0	0	0	2	0	0	0	0	0	0	0	0	0	0	0	0	0	0	
1	3	2	1	2	3	2	0	1	1	0	0	0	2	0	2	0	0	0	1	0	0	0	0	0	0	1	1	
1	3	0	0	0	3	1	0	0	2	0	0	0	0	0	2	0	0	0	1	0	0	0	0	0	0	3	1	
0	0	0	1	0	0	1	0	0	1	1	3	0	0	0	0	0	0	0	1	0	0	0	0	0	0	3	2	
1	3	0	1	2	1	1	0	1	1	0	0	0	1	0	0	0	0	0	0	0	0	0	0	0	0	0	0	
2	0	0	0	1	3	2	0	0	1	1	3	0	0	0	0	0	0	0	2	0	0	0	0	0	0	3	0	
1	3	0	1	1	0	0	0	1	1	0	3	0	2	0	2	0	0	0	1	0	0	0	0	0	0	3	2	
2	0	0	0	0	1	2	0	1	2	1	3	0	2	0	0	0	0	0	1	0	0	0	0	0	0	3	1	
1	3	0	1	2	3	2	0	2	2	1	0	0	0	0	0	0	0	0	1	0	0	0	0	0	0	1	2	
0	1	1	1	2	0	0	0	1	1	1	3	0	1	0	2	0	0	0	0	0	0	0	0	0	0	3	2	
1	3	2	2	0	0	0	0	0	1	1	0	0	1	0	1	0	0	0	0	0	0	0	0	0	0	0	0	
1	3	2	2	0	3	2	0	0	0	0	2	0	2	0	1	0	0	0	3	0	0	0	0	0	0	0	0	
2	0	2	1	0	3	2	0	1	1	1	2	0	0	0	2	0	0	0	0	0	0	0	0	0	0	0	1	
1	0	0	1	2	0	0	0	0	0	1	3	0	0	0	0	0	0	0	1	0	0	0	0	0	0	0	2	
1	0	1	1	0	0	2	0	1	0	0	3	0	0	0	0	0	0	0	1	0	0	0	0	0	0	3	2	
1	3	0	1	0	1	2	0	0	1	1	0	0	2	0	2	0	0	0	1	0	0	0	0	0	0	0	2	
1	3	0	0	0	3	2	0	1	1	0	2	0	2	0	2	0	0	0	0	0	0	0	0	0	0	0	2	
2	1	0	2	2	3	2	0	0	1	0	3	0	0	0	2	0	0	0	2	0	0	0	0	0	0	3	0	
0	3	2	1	2	0	0	0	0	1	0	3	0	0	0	0	0	0	0	1	0	0	0	0	0	0	0	0	
1	1	0	0	0	0	2	0	3	1	1	0	0	0	0	2	0	0	0	1	0	0	0	0	0	0	0	2	
0	0	0	2	0	0	2	0	3	1	1	3	0	2	0	2	0	0	0	1	0	0	0	0	0	0	3	2	
0	0	1	1	2	3	0	0	1	0	3	3	0	0	0	0	0	0	0	0	0	0	0	0	0	0	3	2	
0	0	0	1	2	3	2	0	1	0	1	3	0	2	0	2	0	0	0	2	0	0	0	0	0	0	3	0	
2	0	0	1	2	3	0	0	1	0	3	3	0	2	0	0	0	0	0	1	0	0	0	0	0	0	0	0	
1	0	0	1	2	3	2	0	1	1	0	3	0	2	0	0	0	0	0	0	0	0	0	0	0	0	0	2	
1	0	0	1	1	0	0	0	0	2	0	2	0	2	0	2	0	0	0	0	0	0	0	0	0	0	0	0	
1	3	0	1	2	3	2	0	3	0	0	3	0	0	0	0	0	0	0	0	0	0	0	0	0	0	1	0	
1	0	0	1	2	3	2	0	1	1	3	3	0	0	0	2	0	0	0	1	0	0	0	0	0	0	0	2	
1	3	0	2	2	1	2	0	0	0	0	0	0	2	0	2	0	0	0	1	0	0	0	0	0	0	3	2	
1	3	0	0	0	0	2	0	1	1	0	3	0	2	0	1	0	0	0	0	0	0	0	0	0	0	3	2	
--------------------

--------------------
Best Solution Found!
--------------------
Time: 0 hour(s), 4 minute(s), 38 second(s), 873 millisecond(s)

Fitness: 189757

1	0	0	1	0	3	0	0	1	1	0	0	0	0	0	2	0	0	0	0	0	0	0	0	0	0	3	2	
0	3	2	1	0	3	1	0	1	1	0	3	0	0	0	2	0	0	0	1	0	0	0	0	0	0	3	1	
1	1	2	2	2	0	0	0	1	0	1	3	0	0	0	2	0	0	0	0	0	0	0	0	0	0	3	2	
1	0	0	1	2	3	2	0	0	2	0	3	0	1	0	2	0	0	0	0	0	0	0	0	0	0	0	0	
1	3	0	0	2	3	2	0	1	0	0	0	0	2	0	2	0	0	0	1	0	0	0	0	0	0	3	0	
1	3	0	1	1	3	2	0	1	1	0	0	0	2	0	0	0	0	0	1	0	0	0	0	0	0	0	0	
1	0	0	1	0	0	0	0	0	0	1	2	0	0	0	2	0	0	0	1	0	0	0	0	0	0	3	2	
1	3	0	1	2	3	1	0	0	1	1	3	0	2	0	0	0	0	0	1	0	0	0	0	0	0	3	2	
0	1	2	1	0	0	0	0	0	1	3	3	0	2	0	2	0	0	0	1	0	0	0	0	0	0	0	2	
1	3	0	0	0	3	2	0	1	1	0	2	0	0	0	0	0	0	0	2	0	0	0	0	0	0	0	0	
2	0	0	1	2	0	0	0	1	1	1	3	0	0	0	2	0	0	0	1	0	0	0	0	0	0	0	0	
1	0	0	0	2	3	1	0	0	0	1	0	0	2	0	2	0	0	0	0	0	0	0	0	0	0	0	0	
1	3	0	1	2	0	2	0	3	0	1	3	0	0	0	0	0	0	0	0	0	0	0	0	0	0	3	2	
0	3	0	1	0	3	2	0	1	0	1	3	0	2	0	2	0	0	0	1	0	0	0	0	0	0	3	2	
0	0	0	0	0	3	2	0	1	1	0	3	0	2	0	0	0	0	0	1	0	0	0	0	0	0	1	2	
1	3	1	1	0	3	2	0	1	1	0	0	0	1	0	0	0	0	0	0	0	0	0	0	0	0	0	0	
2	3	2	2	0	1	2	0	1	2	1	0	0	0	0	0	0	0	0	1	0	0	0	0	0	0	1	2	
2	3	1	1	0	0	2	0	0	1	3	3	0	0	0	0	0	0	0	1	0	0	0	0	0	0	0	2	
0	0	1	0	2	0	0	0	2	1	1	3	0	2	0	2	0	0	0	1	0	0	0	0	0	0	1	0	
1	0	0	2	0	3	1	0	3	2	0	3	0	2	0	2	0	0	0	1	0	0	0	0	0	0	0	2	
1	3	0	0	0	1	2	0	0	1	1	3	0	2	0	1	0	0	0	1	0	0	0	0	0	0	0	0	
1	0	0	2	2	0	0	0	0	0	0	0	0	0	0	0	0	0	0	0	0	0	0	0	0	0	3	1	
2	0	0	0	2	3	2	0	1	1	1	3	0	0	0	0	0	0	0	1	0	0	0	0	0	0	0	0	
0	0	0	1	2	1	2	0	0	1	0	2	0	0	0	1	0	0	0	3	0	0	0	0	0	0	3	2	
0	0	2	1	1	0	2	0	3	2	0	0	0	2	0	0	0	0	0	0	0	0	0	0	0	0	0	1	
1	0	0	1	0	3	2	0	1	1	3	3	0	2	0	0	0	0	0	0	0	0	0	0	0	0	0	2	
1	0	0	1	2	0	2	0	0	0	0	0	0	2	0	0	0	0	0	2	0	0	0	0	0	0	0	0	
1	3	0	1	2	3	2	0	1	1	0	3	0	2	0	2	0	0	0	0	0	0	0	0	0	0	3	2	
2	3	0	2	1	1	0	0	1	1	0	2	0	0	0	2	0	0	0	0	0	0	0	0	0	0	3	1	
1	1	0	1	2	0	2	0	0	1	1	3	0	1	0	1	0	0	0	2	0	0	0	0	0	0	3	2	
--------------------

--------------------
Best Solution Found!
--------------------
Time: 0 hour(s), 7 minute(s), 2 second(s), 278 millisecond(s)

Fitness: 187759

2	0	2	0	0	3	0	0	1	2	1	0	0	2	0	0	0	0	0	0	0	0	0	0	0	0	3	2	
2	3	0	1	0	1	2	0	0	1	0	0	0	2	0	2	0	0	0	0	0	0	0	0	0	0	0	0	
1	0	1	1	0	3	2	0	1	0	0	0	0	0	0	2	0	0	0	0	0	0	0	0	0	0	1	2	
1	1	0	0	2	3	1	0	0	1	0	3	0	0	0	2	0	0	0	1	0	0	0	0	0	0	3	2	
1	3	0	0	0	0	0	0	0	1	1	3	0	2	0	1	0	0	0	1	0	0	0	0	0	0	3	2	
1	0	1	2	2	0	2	0	1	0	0	3	0	0	0	2	0	0	0	0	0	0	0	0	0	0	0	0	
1	0	0	0	0	3	2	0	1	2	0	2	0	2	0	2	0	0	0	1	0	0	0	0	0	0	1	0	
0	1	2	1	0	0	0	0	0	1	1	2	0	2	0	2	0	0	0	1	0	0	0	0	0	0	0	0	
1	3	0	0	2	0	2	0	3	1	3	3	0	0	0	2	0	0	0	0	0	0	0	0	0	0	0	1	
1	3	0	1	0	1	2	0	0	0	1	3	0	0	0	2	0	0	0	3	0	0	0	0	0	0	0	0	
1	0	0	2	2	3	2	0	0	0	3	3	0	2	0	2	0	0	0	1	0	0	0	0	0	0	3	2	
1	3	0	0	1	3	0	0	2	1	1	3	0	0	0	0	0	0	0	0	0	0	0	0	0	0	0	0	
0	0	0	1	2	1	2	0	1	1	1	3	0	2	0	0	0	0	0	1	0	0	0	0	0	0	0	0	
0	0	2	1	0	0	0	0	0	1	1	2	0	1	0	0	0	0	0	1	0	0	0	0	0	0	3	2	
0	3	0	1	2	0	0	0	0	0	3	3	0	1	0	2	0	0	0	0	0	0	0	0	0	0	1	2	
1	0	2	1	0	0	0	0	0	0	0	2	0	0	0	1	0	0	0	1	0	0	0	0	0	0	0	0	
1	0	0	1	2	3	1	0	1	1	0	3	0	2	0	2	0	0	0	1	0	0	0	0	0	0	0	2	
2	3	0	1	0	3	2	0	1	1	1	3	0	2	0	0	0	0	0	1	0	0	0	0	0	0	3	2	
0	3	1	1	1	0	2	0	0	0	0	3	0	0	0	0	0	0	0	0	0	0	0	0	0	0	3	2	
1	0	0	1	2	3	0	0	1	1	0	0	0	0	0	0	0	0	0	0	0	0	0	0	0	0	0	2	
0	1	0	1	0	1	2	0	1	1	0	0	0	0	0	0	0	0	0	1	0	0	0	0	0	0	0	0	
1	3	0	1	2	0	2	0	3	1	1	0	0	0	0	0	0	0	0	2	0	0	0	0	0	0	3	2	
1	0	0	1	2	3	1	0	1	1	0	0	0	2	0	0	0	0	0	1	0	0	0	0	0	0	0	1	
1	0	0	2	0	3	2	0	1	1	0	0	0	2	0	2	0	0	0	2	0	0	0	0	0	0	3	2	
0	0	0	1	2	0	2	0	1	2	0	0	0	0	0	1	0	0	0	0	0	0	0	0	0	0	3	2	
1	3	0	0	2	3	2	0	1	1	0	3	0	1	0	0	0	0	0	2	0	0	0	0	0	0	3	2	
2	3	2	1	0	3	2	0	1	2	1	3	0	2	0	2	0	0	0	1	0	0	0	0	0	0	3	1	
1	0	0	1	2	3	2	0	1	1	0	3	0	0	0	2	0	0	0	0	0	0	0	0	0	0	0	0	
2	3	0	2	1	0	2	0	3	0	1	3	0	2	0	0	0	0	0	1	0	0	0	0	0	0	3	1	
1	3	0	2	2	3	1	0	0	1	1	3	0	2	0	0	0	0	0	1	0	0	0	0	0	0	0	0	
--------------------

--------------------
Best Solution Found!
--------------------
Time: 0 hour(s), 7 minute(s), 2 second(s), 280 millisecond(s)

Fitness: 187759

2	0	2	0	0	3	0	0	1	2	1	0	0	2	0	0	0	0	0	0	0	0	0	0	0	0	3	2	
2	3	0	1	0	1	2	0	0	1	0	0	0	2	0	2	0	0	0	0	0	0	0	0	0	0	0	0	
1	0	1	1	0	3	2	0	1	0	0	0	0	0	0	2	0	0	0	0	0	0	0	0	0	0	1	2	
1	1	0	0	2	3	1	0	0	1	0	3	0	0	0	2	0	0	0	1	0	0	0	0	0	0	3	2	
1	3	0	0	0	0	0	0	0	1	1	3	0	2	0	1	0	0	0	1	0	0	0	0	0	0	3	2	
1	0	1	2	2	0	2	0	1	0	0	3	0	0	0	2	0	0	0	0	0	0	0	0	0	0	0	0	
1	0	0	0	0	3	2	0	1	2	0	2	0	2	0	2	0	0	0	1	0	0	0	0	0	0	1	0	
0	1	2	1	0	0	0	0	0	1	1	2	0	2	0	2	0	0	0	1	0	0	0	0	0	0	0	0	
1	3	0	0	2	0	2	0	3	1	3	3	0	0	0	2	0	0	0	0	0	0	0	0	0	0	0	1	
1	3	0	1	0	1	2	0	0	0	1	3	0	0	0	2	0	0	0	3	0	0	0	0	0	0	0	0	
1	0	0	2	2	3	2	0	0	0	3	3	0	2	0	2	0	0	0	1	0	0	0	0	0	0	3	2	
1	3	0	0	1	3	0	0	2	1	1	3	0	0	0	0	0	0	0	0	0	0	0	0	0	0	0	0	
0	0	0	1	2	1	2	0	1	1	1	3	0	2	0	0	0	0	0	1	0	0	0	0	0	0	0	0	
0	0	2	1	0	0	0	0	0	1	1	2	0	1	0	0	0	0	0	1	0	0	0	0	0	0	3	2	
0	3	0	1	2	0	0	0	0	0	3	3	0	1	0	2	0	0	0	0	0	0	0	0	0	0	1	2	
1	0	2	1	0	0	0	0	0	0	0	2	0	0	0	1	0	0	0	1	0	0	0	0	0	0	0	0	
1	0	0	1	2	3	1	0	1	1	0	3	0	2	0	2	0	0	0	1	0	0	0	0	0	0	0	2	
2	3	0	1	0	3	2	0	1	1	1	3	0	2	0	0	0	0	0	1	0	0	0	0	0	0	3	2	
0	3	1	1	1	0	2	0	0	0	0	3	0	0	0	0	0	0	0	0	0	0	0	0	0	0	3	2	
1	0	0	1	2	3	0	0	1	1	0	0	0	0	0	0	0	0	0	0	0	0	0	0	0	0	0	2	
0	1	0	1	0	1	2	0	1	1	0	0	0	0	0	0	0	0	0	1	0	0	0	0	0	0	0	0	
1	3	0	1	2	0	2	0	3	1	1	0	0	0	0	0	0	0	0	2	0	0	0	0	0	0	3	2	
1	0	0	1	2	3	1	0	1	1	0	0	0	2	0	0	0	0	0	1	0	0	0	0	0	0	0	1	
1	0	0	2	0	3	2	0	1	1	0	0	0	2	0	2	0	0	0	2	0	0	0	0	0	0	3	2	
0	0	0	1	2	0	2	0	1	2	0	0	0	0	0	1	0	0	0	0	0	0	0	0	0	0	3	2	
1	3	0	0	2	3	2	0	1	1	0	3	0	1	0	0	0	0	0	2	0	0	0	0	0	0	3	2	
2	3	2	1	0	3	2	0	1	2	1	3	0	2	0	2	0	0	0	1	0	0	0	0	0	0	3	1	
1	0	0	1	2	3	2	0	1	1	0	3	0	0	0	2	0	0	0	0	0	0	0	0	0	0	0	0	
2	3	0	2	1	0	2	0	3	0	1	3	0	2	0	0	0	0	0	1	0	0	0	0	0	0	3	1	
1	3	0	2	2	3	1	0	0	1	1	3	0	2	0	0	0	0	0	1	0	0	0	0	0	0	0	0	
--------------------


The best solution was found at the restart: 24, population: 0
Total Time Elapsed: 0 hour(s), 12 minute(s), 16 second(s), 182 millisecond(s)

