--------------------
Best Solution Found!
--------------------
Time: 0 hour(s), 0 minute(s), 0 second(s), 7 millisecond(s)

Fitness: 308092

0	2	1	0	2	1	0	2	0	0	2	0	0	0	2	0	1	2	0	0	3	1	0	1	0	0	1	2	
0	2	0	3	2	3	0	3	0	0	3	0	0	1	0	0	2	1	0	0	2	1	1	0	0	0	1	2	
0	2	1	0	2	3	0	2	0	0	2	0	0	0	0	2	2	2	0	3	2	0	1	2	0	2	1	1	
0	2	1	3	2	1	1	3	1	0	3	0	0	0	0	2	1	2	0	0	2	1	0	0	0	0	1	1	
0	2	1	0	1	1	0	2	0	0	2	0	0	0	0	0	1	2	2	3	0	1	0	2	1	0	0	2	
1	2	1	0	3	0	0	3	0	0	2	0	0	0	0	0	1	2	0	3	2	2	0	2	0	0	0	2	
0	2	2	1	2	1	0	2	1	2	2	0	0	0	0	0	1	2	0	0	2	1	0	2	0	2	1	2	
0	2	1	0	2	1	1	2	0	0	2	0	0	2	2	0	2	2	0	0	2	1	1	2	0	0	1	2	
3	2	1	0	2	1	2	0	0	0	2	0	0	2	2	0	1	2	0	3	3	1	0	1	1	0	2	2	
0	0	1	0	2	1	0	0	0	0	2	0	0	2	0	1	1	1	0	0	2	1	0	1	0	0	2	2	
0	0	1	0	2	1	0	2	0	0	2	0	3	0	0	0	1	2	1	0	2	1	0	2	0	0	1	2	
0	2	1	0	3	3	2	0	1	0	3	0	0	0	0	0	1	2	0	1	1	1	1	0	0	2	1	2	
1	2	1	0	2	3	0	2	0	0	2	0	1	0	0	0	1	2	0	0	2	2	0	2	0	0	1	1	
0	2	1	3	2	1	0	0	0	0	2	0	0	0	0	2	1	2	0	0	2	1	0	2	0	0	1	1	
3	2	1	0	2	1	0	2	0	0	2	0	0	0	0	0	1	1	2	0	3	1	0	2	0	0	2	2	
0	2	0	0	2	1	0	2	0	0	2	0	0	0	1	2	1	2	2	0	2	3	0	2	0	0	1	2	
1	0	0	0	2	1	0	2	0	0	2	0	0	0	3	0	0	2	2	0	0	1	0	2	0	0	1	2	
0	0	1	0	2	1	0	2	0	0	2	0	0	0	0	0	1	2	0	0	0	3	3	2	1	0	1	2	
0	1	2	0	2	1	1	2	0	0	1	0	0	0	0	0	1	1	0	3	2	2	0	2	2	0	1	2	
1	2	1	0	3	1	1	0	0	0	2	0	0	0	0	0	1	2	0	0	2	1	0	1	0	0	1	2	
0	2	1	0	2	1	0	0	0	0	2	0	0	0	0	0	2	2	0	0	2	1	3	2	0	0	1	0	
1	2	1	0	2	0	2	2	0	0	2	0	0	0	0	0	1	1	0	0	2	0	0	2	0	0	1	0	
0	1	1	0	2	1	0	2	0	2	2	0	3	0	0	0	2	1	0	0	2	1	0	2	0	0	1	2	
0	2	2	0	2	1	0	2	2	0	2	0	0	1	2	0	1	2	0	0	2	1	0	2	0	0	0	1	
0	2	1	0	0	2	1	2	0	0	2	0	3	0	0	0	1	2	0	0	2	1	0	0	0	0	1	2	
0	2	1	0	2	1	0	2	0	0	2	0	0	0	0	0	1	2	0	0	0	1	1	1	0	0	2	2	
0	2	1	3	2	1	0	2	1	0	2	2	3	0	2	0	0	1	0	0	2	3	0	2	1	0	1	2	
0	0	1	0	2	0	0	2	1	0	2	0	0	2	0	0	1	2	0	0	0	0	0	0	0	2	1	2	
0	1	1	0	3	1	0	2	1	0	2	0	0	2	0	0	1	2	0	0	2	2	0	0	0	0	0	2	
0	2	2	0	1	1	1	2	0	0	2	0	0	0	0	0	2	0	0	0	2	1	0	2	0	3	0	2	
0	2	1	0	2	3	1	2	1	1	3	0	0	0	0	1	2	1	0	0	1	1	0	2	0	0	1	2	
0	2	1	1	1	1	1	2	0	2	2	0	3	0	2	0	2	2	1	0	2	1	1	2	0	0	1	2	
0	2	1	3	3	0	0	0	0	0	2	3	3	2	2	0	1	2	0	0	2	0	0	2	1	0	0	1	
0	0	1	0	2	1	0	3	0	0	2	0	0	0	0	0	1	2	0	3	0	2	0	2	1	0	1	0	
0	0	2	0	0	1	0	2	1	0	2	0	0	0	0	0	1	2	0	0	1	1	0	2	0	2	1	1	
0	2	1	0	2	1	0	2	2	0	2	0	0	0	0	2	1	2	0	0	2	0	1	0	0	0	1	2	
0	2	0	0	2	2	0	0	0	2	2	0	0	0	0	0	1	2	1	1	3	0	0	2	0	0	1	2	
0	1	1	3	0	1	0	2	0	2	2	0	0	2	0	0	1	1	0	0	2	1	0	2	0	0	1	1	
0	1	2	0	2	0	1	2	0	1	2	0	0	0	0	0	1	2	0	0	2	1	0	2	0	2	2	2	
0	0	1	0	2	1	1	2	0	0	3	0	0	1	0	0	2	2	0	0	2	1	0	1	0	2	0	2	
0	2	1	0	2	1	0	2	1	2	3	0	0	2	2	0	1	2	0	0	2	1	0	2	0	0	1	1	
0	1	1	0	2	1	0	2	0	2	2	0	0	0	0	0	1	2	0	3	0	1	3	2	0	0	1	2	
0	2	0	3	3	0	0	3	0	0	2	0	0	0	0	0	1	2	0	0	2	1	0	2	0	0	2	2	
0	0	1	0	2	3	0	3	0	0	2	0	0	0	2	0	1	2	0	0	2	1	0	0	0	0	1	2	
1	2	1	0	2	0	0	2	0	0	2	0	0	0	0	0	1	2	0	0	0	1	0	0	0	2	0	0	
0	1	2	0	2	3	0	2	0	0	2	0	0	0	0	0	1	2	0	0	3	0	0	2	0	0	1	2	
0	2	2	0	3	1	0	0	0	0	3	0	3	2	2	0	1	2	0	0	2	3	0	0	0	2	2	2	
1	2	2	0	2	1	0	2	0	1	2	0	0	0	0	0	2	2	0	0	0	1	1	2	0	2	1	2	
0	2	2	0	2	0	0	3	2	2	2	0	0	0	0	2	1	1	0	0	2	1	0	0	0	0	1	2	
0	2	0	0	2	1	0	2	1	0	2	0	0	2	0	0	0	2	0	0	3	1	0	0	0	0	2	2	
0	2	1	0	2	2	0	0	0	2	2	0	0	0	0	0	1	2	0	0	0	0	0	2	0	0	1	1	
0	1	1	3	3	1	1	2	0	0	1	0	0	0	0	0	1	1	0	0	1	1	0	0	0	0	0	2	
0	1	1	0	0	1	0	2	1	0	2	0	1	0	0	0	1	2	0	0	2	1	0	2	0	3	1	2	
0	2	2	0	0	0	0	0	0	0	3	0	0	2	0	0	1	2	0	0	0	1	0	1	0	0	1	2	
1	1	0	0	2	1	0	3	0	2	3	0	0	0	2	0	1	2	0	0	0	1	0	2	0	0	1	1	
0	2	1	0	2	1	0	0	0	0	2	0	0	0	0	2	1	2	0	0	2	1	0	2	0	0	1	2	
0	0	0	0	2	1	0	2	0	0	2	0	0	0	0	0	1	1	0	0	2	1	0	1	0	0	2	2	
0	2	1	0	2	0	0	3	0	0	2	0	0	0	0	0	2	2	0	0	2	3	0	1	0	0	2	0	
0	2	1	0	0	1	0	3	0	0	3	0	0	0	2	0	1	2	2	0	2	2	1	1	0	0	0	2	
0	2	1	0	2	0	0	2	0	0	2	2	0	0	3	0	0	2	0	0	2	1	1	2	0	0	1	2	
--------------------

--------------------
Best Solution Found!
--------------------
Time: 0 hour(s), 0 minute(s), 0 second(s), 11 millisecond(s)

Fitness: 308092

0	2	1	0	2	1	0	2	0	0	2	0	0	0	2	0	1	2	0	0	3	1	0	1	0	0	1	2	
0	2	0	3	2	3	0	3	0	0	3	0	0	1	0	0	2	1	0	0	2	1	1	0	0	0	1	2	
0	2	1	0	2	3	0	2	0	0	2	0	0	0	0	2	2	2	0	3	2	0	1	2	0	2	1	1	
0	2	1	3	2	1	1	3	1	0	3	0	0	0	0	2	1	2	0	0	2	1	0	0	0	0	1	1	
0	2	1	0	1	1	0	2	0	0	2	0	0	0	0	0	1	2	2	3	0	1	0	2	1	0	0	2	
1	2	1	0	3	0	0	3	0	0	2	0	0	0	0	0	1	2	0	3	2	2	0	2	0	0	0	2	
0	2	2	1	2	1	0	2	1	2	2	0	0	0	0	0	1	2	0	0	2	1	0	2	0	2	1	2	
0	2	1	0	2	1	1	2	0	0	2	0	0	2	2	0	2	2	0	0	2	1	1	2	0	0	1	2	
3	2	1	0	2	1	2	0	0	0	2	0	0	2	2	0	1	2	0	3	3	1	0	1	1	0	2	2	
0	0	1	0	2	1	0	0	0	0	2	0	0	2	0	1	1	1	0	0	2	1	0	1	0	0	2	2	
0	0	1	0	2	1	0	2	0	0	2	0	3	0	0	0	1	2	1	0	2	1	0	2	0	0	1	2	
0	2	1	0	3	3	2	0	1	0	3	0	0	0	0	0	1	2	0	1	1	1	1	0	0	2	1	2	
1	2	1	0	2	3	0	2	0	0	2	0	1	0	0	0	1	2	0	0	2	2	0	2	0	0	1	1	
0	2	1	3	2	1	0	0	0	0	2	0	0	0	0	2	1	2	0	0	2	1	0	2	0	0	1	1	
3	2	1	0	2	1	0	2	0	0	2	0	0	0	0	0	1	1	2	0	3	1	0	2	0	0	2	2	
0	2	0	0	2	1	0	2	0	0	2	0	0	0	1	2	1	2	2	0	2	3	0	2	0	0	1	2	
1	0	0	0	2	1	0	2	0	0	2	0	0	0	3	0	0	2	2	0	0	1	0	2	0	0	1	2	
0	0	1	0	2	1	0	2	0	0	2	0	0	0	0	0	1	2	0	0	0	3	3	2	1	0	1	2	
0	1	2	0	2	1	1	2	0	0	1	0	0	0	0	0	1	1	0	3	2	2	0	2	2	0	1	2	
1	2	1	0	3	1	1	0	0	0	2	0	0	0	0	0	1	2	0	0	2	1	0	1	0	0	1	2	
0	2	1	0	2	1	0	0	0	0	2	0	0	0	0	0	2	2	0	0	2	1	3	2	0	0	1	0	
1	2	1	0	2	0	2	2	0	0	2	0	0	0	0	0	1	1	0	0	2	0	0	2	0	0	1	0	
0	1	1	0	2	1	0	2	0	2	2	0	3	0	0	0	2	1	0	0	2	1	0	2	0	0	1	2	
0	2	2	0	2	1	0	2	2	0	2	0	0	1	2	0	1	2	0	0	2	1	0	2	0	0	0	1	
0	2	1	0	0	2	1	2	0	0	2	0	3	0	0	0	1	2	0	0	2	1	0	0	0	0	1	2	
0	2	1	0	2	1	0	2	0	0	2	0	0	0	0	0	1	2	0	0	0	1	1	1	0	0	2	2	
0	2	1	3	2	1	0	2	1	0	2	2	3	0	2	0	0	1	0	0	2	3	0	2	1	0	1	2	
0	0	1	0	2	0	0	2	1	0	2	0	0	2	0	0	1	2	0	0	0	0	0	0	0	2	1	2	
0	1	1	0	3	1	0	2	1	0	2	0	0	2	0	0	1	2	0	0	2	2	0	0	0	0	0	2	
0	2	2	0	1	1	1	2	0	0	2	0	0	0	0	0	2	0	0	0	2	1	0	2	0	3	0	2	
0	2	1	0	2	3	1	2	1	1	3	0	0	0	0	1	2	1	0	0	1	1	0	2	0	0	1	2	
0	2	1	1	1	1	1	2	0	2	2	0	3	0	2	0	2	2	1	0	2	1	1	2	0	0	1	2	
0	2	1	3	3	0	0	0	0	0	2	3	3	2	2	0	1	2	0	0	2	0	0	2	1	0	0	1	
0	0	1	0	2	1	0	3	0	0	2	0	0	0	0	0	1	2	0	3	0	2	0	2	1	0	1	0	
0	0	2	0	0	1	0	2	1	0	2	0	0	0	0	0	1	2	0	0	1	1	0	2	0	2	1	1	
0	2	1	0	2	1	0	2	2	0	2	0	0	0	0	2	1	2	0	0	2	0	1	0	0	0	1	2	
0	2	0	0	2	2	0	0	0	2	2	0	0	0	0	0	1	2	1	1	3	0	0	2	0	0	1	2	
0	1	1	3	0	1	0	2	0	2	2	0	0	2	0	0	1	1	0	0	2	1	0	2	0	0	1	1	
0	1	2	0	2	0	1	2	0	1	2	0	0	0	0	0	1	2	0	0	2	1	0	2	0	2	2	2	
0	0	1	0	2	1	1	2	0	0	3	0	0	1	0	0	2	2	0	0	2	1	0	1	0	2	0	2	
0	2	1	0	2	1	0	2	1	2	3	0	0	2	2	0	1	2	0	0	2	1	0	2	0	0	1	1	
0	1	1	0	2	1	0	2	0	2	2	0	0	0	0	0	1	2	0	3	0	1	3	2	0	0	1	2	
0	2	0	3	3	0	0	3	0	0	2	0	0	0	0	0	1	2	0	0	2	1	0	2	0	0	2	2	
0	0	1	0	2	3	0	3	0	0	2	0	0	0	2	0	1	2	0	0	2	1	0	0	0	0	1	2	
1	2	1	0	2	0	0	2	0	0	2	0	0	0	0	0	1	2	0	0	0	1	0	0	0	2	0	0	
0	1	2	0	2	3	0	2	0	0	2	0	0	0	0	0	1	2	0	0	3	0	0	2	0	0	1	2	
0	2	2	0	3	1	0	0	0	0	3	0	3	2	2	0	1	2	0	0	2	3	0	0	0	2	2	2	
1	2	2	0	2	1	0	2	0	1	2	0	0	0	0	0	2	2	0	0	0	1	1	2	0	2	1	2	
0	2	2	0	2	0	0	3	2	2	2	0	0	0	0	2	1	1	0	0	2	1	0	0	0	0	1	2	
0	2	0	0	2	1	0	2	1	0	2	0	0	2	0	0	0	2	0	0	3	1	0	0	0	0	2	2	
0	2	1	0	2	2	0	0	0	2	2	0	0	0	0	0	1	2	0	0	0	0	0	2	0	0	1	1	
0	1	1	3	3	1	1	2	0	0	1	0	0	0	0	0	1	1	0	0	1	1	0	0	0	0	0	2	
0	1	1	0	0	1	0	2	1	0	2	0	1	0	0	0	1	2	0	0	2	1	0	2	0	3	1	2	
0	2	2	0	0	0	0	0	0	0	3	0	0	2	0	0	1	2	0	0	0	1	0	1	0	0	1	2	
1	1	0	0	2	1	0	3	0	2	3	0	0	0	2	0	1	2	0	0	0	1	0	2	0	0	1	1	
0	2	1	0	2	1	0	0	0	0	2	0	0	0	0	2	1	2	0	0	2	1	0	2	0	0	1	2	
0	0	0	0	2	1	0	2	0	0	2	0	0	0	0	0	1	1	0	0	2	1	0	1	0	0	2	2	
0	2	1	0	2	0	0	3	0	0	2	0	0	0	0	0	2	2	0	0	2	3	0	1	0	0	2	0	
0	2	1	0	0	1	0	3	0	0	3	0	0	0	2	0	1	2	2	0	2	2	1	1	0	0	0	2	
0	2	1	0	2	0	0	2	0	0	2	2	0	0	3	0	0	2	0	0	2	1	1	2	0	0	1	2	
--------------------

--------------------
Best Solution Found!
--------------------
Time: 0 hour(s), 0 minute(s), 0 second(s), 96 millisecond(s)

Fitness: 308062

0	1	1	0	2	1	1	2	0	0	2	0	0	0	0	0	1	2	0	0	2	1	0	1	0	0	1	2	
1	2	0	0	0	1	0	0	0	1	2	0	0	2	3	0	1	2	0	0	2	1	0	2	0	0	1	2	
0	1	2	0	2	1	0	2	0	0	2	0	0	0	0	0	1	2	0	3	3	0	0	2	0	3	1	2	
0	2	2	0	2	1	0	2	0	0	2	0	0	0	0	0	0	2	0	0	2	1	0	2	0	0	1	0	
0	2	1	0	2	1	0	2	0	0	3	0	0	0	0	0	2	2	1	3	3	1	0	1	1	0	1	2	
0	2	1	0	2	1	0	2	1	0	2	0	0	0	3	0	1	2	0	0	3	2	0	0	0	0	0	2	
0	1	1	3	2	1	0	2	1	0	2	0	3	0	0	0	2	2	0	0	3	1	3	2	0	2	2	1	
0	1	1	0	3	0	0	3	0	0	2	0	0	0	1	0	1	2	2	0	2	1	0	1	0	0	1	2	
1	1	1	0	2	3	0	0	0	0	2	0	0	0	0	0	1	2	0	0	1	1	0	0	0	0	2	2	
0	2	1	0	2	1	0	3	2	0	2	0	3	0	0	0	1	2	0	0	0	1	0	2	0	0	1	0	
0	2	1	0	2	1	0	3	0	0	2	0	0	0	0	0	1	2	0	0	2	1	0	2	0	0	1	1	
0	2	1	0	0	0	0	2	1	0	3	0	0	0	0	0	2	1	0	0	2	1	1	0	0	0	0	2	
0	2	2	0	2	1	0	3	0	0	2	0	3	0	2	0	0	1	0	0	3	2	0	1	0	0	1	1	
0	2	1	0	2	0	1	2	0	2	2	0	0	0	0	0	1	2	0	0	2	1	0	1	0	2	2	0	
0	0	1	0	0	0	0	2	0	0	2	0	0	0	2	1	1	2	0	3	0	1	1	0	0	0	2	2	
1	2	1	0	2	1	0	2	1	0	2	0	0	2	0	0	2	2	2	0	0	3	0	2	0	0	1	1	
0	0	0	0	2	2	0	3	0	0	2	0	0	0	2	0	1	2	0	3	2	1	0	2	1	0	0	2	
0	2	1	0	2	3	1	2	0	0	2	0	0	0	2	0	1	1	0	0	2	3	0	2	0	0	2	2	
3	0	2	0	2	1	1	2	0	0	3	0	0	1	2	0	1	2	1	0	2	2	1	2	0	0	1	2	
0	2	0	0	2	1	0	2	2	0	2	2	0	0	0	0	1	2	0	0	0	1	0	2	0	0	2	2	
1	2	0	0	2	0	0	2	0	2	2	0	0	0	0	0	1	2	0	0	2	1	0	2	0	0	1	0	
0	0	1	0	2	1	0	2	1	0	2	0	0	0	0	0	1	1	0	0	0	0	0	2	1	0	1	1	
0	2	2	0	2	2	1	2	0	2	1	0	0	2	0	2	1	2	0	0	0	1	0	1	0	0	1	1	
3	2	0	0	2	1	0	2	0	0	3	0	0	0	0	0	1	2	2	0	2	1	3	1	0	0	1	2	
0	2	1	0	2	3	0	0	0	0	2	0	1	2	0	0	1	1	0	0	2	1	0	2	0	0	1	2	
0	2	1	3	2	1	2	2	0	0	2	0	0	0	0	2	1	2	0	0	2	1	0	2	0	0	1	2	
0	2	1	3	2	1	0	2	0	0	2	0	0	2	2	1	1	2	0	0	2	3	0	0	0	0	1	2	
0	1	1	0	2	1	0	2	1	0	3	0	0	0	0	0	1	2	0	0	2	0	0	1	0	0	0	2	
1	2	1	3	3	0	0	2	0	0	2	0	0	0	2	0	1	1	0	0	2	2	0	2	0	0	1	2	
0	2	1	0	2	1	0	0	0	2	2	0	0	0	0	0	1	2	0	0	2	1	0	2	0	0	1	2	
0	2	1	0	2	0	1	2	0	0	2	0	3	0	0	0	1	2	0	0	2	1	0	2	0	0	2	2	
0	2	2	3	3	0	0	0	1	0	2	0	0	0	0	2	1	1	0	0	0	1	0	2	0	0	1	1	
1	2	1	0	3	1	0	2	0	0	3	0	0	0	0	2	1	2	0	0	2	0	0	2	1	0	1	2	
0	1	1	0	2	1	1	2	0	1	2	0	0	0	2	0	1	2	0	1	2	2	1	1	0	0	1	1	
1	0	1	0	3	1	0	2	0	0	2	0	3	2	2	0	1	0	0	0	2	1	0	2	2	0	1	2	
0	2	1	1	2	1	0	2	0	0	2	0	0	0	0	2	1	1	2	3	2	0	0	2	0	0	1	2	
0	2	2	0	2	1	0	0	0	0	2	0	0	0	0	0	1	2	0	0	2	0	1	2	0	2	1	2	
0	0	1	3	2	0	0	2	0	0	2	0	0	0	2	0	2	2	0	0	2	1	0	2	0	0	2	2	
0	2	1	0	1	3	0	2	0	2	2	0	0	2	0	0	1	1	0	0	2	1	0	2	0	2	1	2	
0	2	1	0	2	1	0	0	0	1	2	0	1	2	0	0	1	1	0	0	1	1	0	1	0	3	1	2	
0	2	2	0	2	1	0	0	0	0	3	0	0	0	0	0	1	2	0	1	2	1	0	2	0	0	0	2	
0	2	1	0	0	0	0	2	0	2	2	0	0	1	0	2	1	2	1	0	1	1	0	2	0	2	1	2	
0	1	1	0	2	1	1	2	0	0	2	0	0	2	0	0	1	2	0	0	2	1	0	2	0	0	0	2	
0	2	0	0	2	1	0	0	0	0	2	0	3	0	0	0	2	2	0	0	2	1	0	2	0	2	0	2	
0	2	1	0	2	1	0	3	1	0	2	0	0	0	0	0	2	2	0	0	0	1	0	2	0	0	1	2	
0	0	1	3	1	3	1	2	1	2	2	0	0	0	0	0	2	2	0	0	2	0	0	2	1	0	1	1	
0	2	1	0	2	1	0	2	0	0	2	0	0	0	0	2	1	2	0	3	2	3	0	0	0	0	1	0	
0	2	1	0	3	2	0	2	2	0	2	0	0	1	0	0	2	1	0	0	2	1	1	0	0	0	1	2	
1	1	2	0	0	1	0	0	0	2	3	0	0	2	0	0	1	1	0	0	0	1	0	0	0	2	1	2	
0	2	2	0	2	0	0	3	0	2	2	0	0	2	0	0	1	2	0	0	2	1	1	2	1	0	0	2	
0	2	1	0	2	1	1	2	0	0	3	0	0	0	2	0	2	2	2	0	0	0	0	0	0	0	0	2	
0	2	1	0	2	1	0	0	1	0	2	0	3	0	0	0	0	2	0	0	2	1	0	0	0	0	1	2	
0	0	0	0	2	1	1	3	1	0	2	2	0	0	0	0	1	2	0	3	0	1	0	0	0	2	2	2	
0	2	2	1	1	3	2	2	0	0	2	3	0	0	0	0	0	2	0	0	2	1	1	2	0	2	1	2	
0	1	1	0	3	1	2	2	0	0	2	0	0	0	0	0	2	2	0	0	2	1	1	2	0	0	1	2	
0	2	1	0	2	1	0	2	0	0	2	0	0	0	0	0	1	2	0	0	3	1	0	0	0	0	2	1	
0	0	1	0	3	1	0	0	0	2	2	0	0	0	2	0	1	2	0	0	1	1	0	0	0	2	1	1	
0	2	0	3	2	3	0	2	0	0	2	0	0	0	0	0	1	2	0	0	2	3	0	2	0	0	1	2	
0	2	1	0	0	1	0	3	0	0	3	0	0	0	0	0	1	2	0	0	2	2	1	2	0	0	1	2	
0	0	1	0	2	1	0	3	0	0	1	0	0	0	0	0	1	2	0	0	0	1	3	2	0	0	0	2	
--------------------

--------------------
Best Solution Found!
--------------------
Time: 0 hour(s), 0 minute(s), 0 second(s), 173 millisecond(s)

Fitness: 306103

1	2	2	0	2	1	1	2	0	0	3	0	0	0	0	2	2	1	0	0	2	1	1	2	0	0	2	2	
1	0	1	0	2	1	0	2	0	0	2	0	0	0	0	0	2	1	2	0	2	1	0	2	0	2	0	0	
1	2	1	0	0	1	0	2	0	2	2	0	0	0	0	0	1	1	0	0	1	3	0	2	0	0	1	0	
0	0	0	0	1	1	0	2	0	0	2	0	0	0	0	0	1	2	0	0	0	1	3	1	0	0	1	2	
0	2	1	0	2	1	0	2	0	0	2	0	0	0	0	1	1	2	0	0	2	1	0	2	0	0	1	2	
0	2	1	0	0	0	0	2	0	0	2	0	0	0	0	0	1	1	0	0	3	2	0	2	0	0	1	2	
0	2	1	0	2	0	0	2	0	0	2	0	0	2	2	0	2	2	0	3	2	1	0	2	0	0	0	2	
0	2	1	0	2	1	0	2	0	2	2	0	0	0	0	0	1	1	0	0	2	1	0	0	0	0	2	2	
0	2	1	0	3	3	0	3	2	0	2	0	3	0	0	0	1	2	0	0	0	1	1	2	0	0	1	1	
0	0	1	3	3	1	1	3	0	2	3	0	0	2	0	0	1	2	0	0	2	1	0	2	0	0	1	2	
3	2	1	0	2	1	1	2	0	0	2	0	0	2	0	0	0	2	0	0	2	0	0	2	0	0	1	2	
0	1	1	0	2	1	1	2	0	0	2	0	0	0	0	0	2	2	0	0	2	1	0	1	0	0	1	1	
0	2	0	0	3	1	0	2	0	1	2	0	0	0	0	0	1	2	0	0	2	1	0	2	1	0	1	2	
0	1	0	0	2	0	0	2	0	0	2	0	0	0	0	0	1	2	0	0	3	0	0	2	1	0	1	2	
3	1	0	0	2	0	0	0	0	0	3	0	0	2	0	2	1	2	0	0	2	1	0	2	0	0	2	2	
0	1	2	0	2	1	0	0	0	2	2	0	3	2	2	0	1	1	0	0	2	1	0	2	0	0	0	2	
0	1	1	0	0	1	0	2	0	0	3	0	0	0	0	0	2	1	0	0	1	1	0	2	0	0	1	1	
0	0	1	0	2	1	0	0	0	0	2	0	0	0	0	0	2	2	1	0	2	3	0	2	0	0	2	2	
0	0	0	3	2	1	2	2	0	0	2	0	0	0	0	0	1	1	0	0	2	1	0	2	0	0	1	2	
0	2	1	0	2	1	0	2	1	0	2	0	3	0	0	0	0	2	1	3	1	1	0	2	0	0	1	2	
0	2	0	0	3	1	0	2	0	0	1	0	0	0	0	0	1	2	0	0	2	3	0	2	1	0	1	2	
0	2	1	0	0	1	0	0	0	0	2	0	0	0	0	0	1	2	0	0	3	1	0	0	0	0	1	2	
0	2	1	0	2	1	0	3	2	2	2	0	1	0	0	2	1	1	0	0	0	1	0	2	0	0	1	2	
0	2	1	0	2	3	0	2	1	0	3	0	0	0	0	0	2	1	0	0	2	1	1	1	0	0	1	2	
0	1	1	0	2	2	1	0	0	0	2	0	0	0	0	2	1	2	0	0	2	1	1	2	0	0	1	1	
0	2	1	0	1	3	0	0	1	0	2	0	0	2	0	0	1	2	0	0	1	1	0	2	1	3	1	2	
0	2	1	0	2	1	0	2	0	0	2	0	0	0	2	0	1	2	0	0	0	0	0	0	0	0	1	1	
0	2	2	0	2	1	0	2	0	2	3	0	0	0	0	0	1	2	0	0	3	2	0	0	0	2	2	2	
0	2	1	0	2	0	0	2	0	0	3	0	0	0	0	0	1	2	0	0	2	1	0	2	0	0	0	2	
1	0	0	1	2	1	0	0	0	0	2	0	1	0	0	0	1	2	0	0	2	1	0	1	2	0	1	1	
0	1	2	0	0	1	1	0	0	2	2	0	0	0	0	0	1	2	0	0	2	1	0	2	0	0	0	2	
0	2	1	0	3	2	0	3	0	0	2	0	0	1	2	0	1	2	0	0	2	1	1	2	0	0	2	0	
0	2	1	0	1	3	0	3	1	0	2	0	0	0	0	0	1	1	0	0	2	2	0	2	0	2	1	2	
1	1	2	0	2	1	0	0	0	0	2	0	0	0	0	0	1	2	0	0	0	3	0	0	0	3	2	2	
0	2	1	3	2	1	0	3	0	0	3	0	0	0	0	0	1	2	2	0	0	1	0	0	0	2	0	2	
0	2	2	0	2	1	0	2	0	0	3	3	0	0	0	0	2	2	2	0	2	2	1	2	1	0	1	1	
0	2	0	0	0	1	0	0	0	0	2	0	0	2	2	0	1	2	0	0	0	1	3	0	0	2	2	2	
0	2	1	0	2	3	0	2	1	1	2	0	0	1	0	0	1	2	0	3	3	1	0	1	0	0	1	2	
0	1	2	0	2	0	1	3	1	0	2	0	0	0	0	0	1	2	0	0	2	1	0	2	0	2	1	2	
0	0	1	0	2	0	0	2	0	0	2	2	3	0	2	0	1	2	0	0	2	0	0	1	0	0	1	2	
0	2	2	0	3	1	0	2	0	0	1	0	0	2	2	2	1	1	0	0	3	1	0	2	0	0	1	2	
0	2	1	0	2	0	0	2	0	2	3	0	0	2	2	2	2	2	0	0	2	1	0	2	0	2	1	1	
0	1	1	0	2	0	1	2	0	0	2	2	0	2	0	2	1	2	0	1	2	1	0	0	0	0	1	2	
0	0	1	3	2	1	0	2	0	0	2	0	0	0	0	0	1	2	0	0	2	1	0	2	1	0	0	1	
0	2	1	0	2	1	0	2	1	2	2	0	3	2	3	0	1	2	0	0	0	0	0	2	0	0	0	2	
0	2	1	0	2	2	0	3	0	0	2	0	0	0	1	1	2	2	0	0	2	1	1	1	0	0	1	2	
0	2	1	0	2	1	0	0	0	0	2	0	3	0	0	0	1	0	1	0	2	2	0	2	0	0	1	1	
0	2	2	0	2	1	1	2	1	0	2	0	0	0	0	0	1	2	0	0	2	1	0	1	0	0	1	2	
1	2	1	0	2	1	0	2	0	2	2	0	0	0	3	0	1	2	2	0	2	0	1	2	0	0	1	1	
0	0	2	0	2	0	0	2	0	0	2	0	0	0	0	0	1	2	2	3	0	1	0	2	0	0	2	2	
1	2	1	3	2	1	0	2	2	0	2	0	0	0	2	0	0	2	0	3	2	1	1	2	0	0	1	2	
0	2	1	3	2	1	2	2	0	0	2	0	0	1	0	0	1	2	0	3	2	1	0	1	0	0	1	2	
1	2	1	3	2	1	1	2	0	0	2	0	0	0	0	0	1	2	0	0	2	1	3	2	0	0	1	2	
0	2	1	0	3	3	1	3	0	0	2	0	0	0	2	0	1	2	0	0	0	3	0	2	0	2	0	2	
0	2	1	0	2	1	0	2	0	0	2	0	0	0	0	0	0	2	0	1	0	1	0	0	0	2	1	2	
0	2	1	0	2	0	0	0	0	0	2	0	0	0	0	0	1	2	0	0	2	2	0	0	0	0	1	2	
0	0	1	1	2	1	0	2	1	0	2	0	0	0	0	0	1	2	0	3	2	0	0	0	0	0	1	2	
0	2	1	0	2	1	2	2	1	1	2	0	0	0	0	0	2	2	0	0	2	1	0	0	0	2	0	0	
0	2	1	3	3	1	0	2	0	0	2	0	0	0	2	0	1	2	0	0	2	0	0	1	0	0	1	0	
0	2	2	0	2	3	0	3	1	0	2	0	3	0	2	0	1	2	0	0	0	1	1	0	0	0	2	2	
--------------------

--------------------
Best Solution Found!
--------------------
Time: 0 hour(s), 0 minute(s), 0 second(s), 176 millisecond(s)

Fitness: 306103

1	2	2	0	2	1	1	2	0	0	3	0	0	0	0	2	2	1	0	0	2	1	1	2	0	0	2	2	
1	0	1	0	2	1	0	2	0	0	2	0	0	0	0	0	2	1	2	0	2	1	0	2	0	2	0	0	
1	2	1	0	0	1	0	2	0	2	2	0	0	0	0	0	1	1	0	0	1	3	0	2	0	0	1	0	
0	0	0	0	1	1	0	2	0	0	2	0	0	0	0	0	1	2	0	0	0	1	3	1	0	0	1	2	
0	2	1	0	2	1	0	2	0	0	2	0	0	0	0	1	1	2	0	0	2	1	0	2	0	0	1	2	
0	2	1	0	0	0	0	2	0	0	2	0	0	0	0	0	1	1	0	0	3	2	0	2	0	0	1	2	
0	2	1	0	2	0	0	2	0	0	2	0	0	2	2	0	2	2	0	3	2	1	0	2	0	0	0	2	
0	2	1	0	2	1	0	2	0	2	2	0	0	0	0	0	1	1	0	0	2	1	0	0	0	0	2	2	
0	2	1	0	3	3	0	3	2	0	2	0	3	0	0	0	1	2	0	0	0	1	1	2	0	0	1	1	
0	0	1	3	3	1	1	3	0	2	3	0	0	2	0	0	1	2	0	0	2	1	0	2	0	0	1	2	
3	2	1	0	2	1	1	2	0	0	2	0	0	2	0	0	0	2	0	0	2	0	0	2	0	0	1	2	
0	1	1	0	2	1	1	2	0	0	2	0	0	0	0	0	2	2	0	0	2	1	0	1	0	0	1	1	
0	2	0	0	3	1	0	2	0	1	2	0	0	0	0	0	1	2	0	0	2	1	0	2	1	0	1	2	
0	1	0	0	2	0	0	2	0	0	2	0	0	0	0	0	1	2	0	0	3	0	0	2	1	0	1	2	
3	1	0	0	2	0	0	0	0	0	3	0	0	2	0	2	1	2	0	0	2	1	0	2	0	0	2	2	
0	1	2	0	2	1	0	0	0	2	2	0	3	2	2	0	1	1	0	0	2	1	0	2	0	0	0	2	
0	1	1	0	0	1	0	2	0	0	3	0	0	0	0	0	2	1	0	0	1	1	0	2	0	0	1	1	
0	0	1	0	2	1	0	0	0	0	2	0	0	0	0	0	2	2	1	0	2	3	0	2	0	0	2	2	
0	0	0	3	2	1	2	2	0	0	2	0	0	0	0	0	1	1	0	0	2	1	0	2	0	0	1	2	
0	2	1	0	2	1	0	2	1	0	2	0	3	0	0	0	0	2	1	3	1	1	0	2	0	0	1	2	
0	2	0	0	3	1	0	2	0	0	1	0	0	0	0	0	1	2	0	0	2	3	0	2	1	0	1	2	
0	2	1	0	0	1	0	0	0	0	2	0	0	0	0	0	1	2	0	0	3	1	0	0	0	0	1	2	
0	2	1	0	2	1	0	3	2	2	2	0	1	0	0	2	1	1	0	0	0	1	0	2	0	0	1	2	
0	2	1	0	2	3	0	2	1	0	3	0	0	0	0	0	2	1	0	0	2	1	1	1	0	0	1	2	
0	1	1	0	2	2	1	0	0	0	2	0	0	0	0	2	1	2	0	0	2	1	1	2	0	0	1	1	
0	2	1	0	1	3	0	0	1	0	2	0	0	2	0	0	1	2	0	0	1	1	0	2	1	3	1	2	
0	2	1	0	2	1	0	2	0	0	2	0	0	0	2	0	1	2	0	0	0	0	0	0	0	0	1	1	
0	2	2	0	2	1	0	2	0	2	3	0	0	0	0	0	1	2	0	0	3	2	0	0	0	2	2	2	
0	2	1	0	2	0	0	2	0	0	3	0	0	0	0	0	1	2	0	0	2	1	0	2	0	0	0	2	
1	0	0	1	2	1	0	0	0	0	2	0	1	0	0	0	1	2	0	0	2	1	0	1	2	0	1	1	
0	1	2	0	0	1	1	0	0	2	2	0	0	0	0	0	1	2	0	0	2	1	0	2	0	0	0	2	
0	2	1	0	3	2	0	3	0	0	2	0	0	1	2	0	1	2	0	0	2	1	1	2	0	0	2	0	
0	2	1	0	1	3	0	3	1	0	2	0	0	0	0	0	1	1	0	0	2	2	0	2	0	2	1	2	
1	1	2	0	2	1	0	0	0	0	2	0	0	0	0	0	1	2	0	0	0	3	0	0	0	3	2	2	
0	2	1	3	2	1	0	3	0	0	3	0	0	0	0	0	1	2	2	0	0	1	0	0	0	2	0	2	
0	2	2	0	2	1	0	2	0	0	3	3	0	0	0	0	2	2	2	0	2	2	1	2	1	0	1	1	
0	2	0	0	0	1	0	0	0	0	2	0	0	2	2	0	1	2	0	0	0	1	3	0	0	2	2	2	
0	2	1	0	2	3	0	2	1	1	2	0	0	1	0	0	1	2	0	3	3	1	0	1	0	0	1	2	
0	1	2	0	2	0	1	3	1	0	2	0	0	0	0	0	1	2	0	0	2	1	0	2	0	2	1	2	
0	0	1	0	2	0	0	2	0	0	2	2	3	0	2	0	1	2	0	0	2	0	0	1	0	0	1	2	
0	2	2	0	3	1	0	2	0	0	1	0	0	2	2	2	1	1	0	0	3	1	0	2	0	0	1	2	
0	2	1	0	2	0	0	2	0	2	3	0	0	2	2	2	2	2	0	0	2	1	0	2	0	2	1	1	
0	1	1	0	2	0	1	2	0	0	2	2	0	2	0	2	1	2	0	1	2	1	0	0	0	0	1	2	
0	0	1	3	2	1	0	2	0	0	2	0	0	0	0	0	1	2	0	0	2	1	0	2	1	0	0	1	
0	2	1	0	2	1	0	2	1	2	2	0	3	2	3	0	1	2	0	0	0	0	0	2	0	0	0	2	
0	2	1	0	2	2	0	3	0	0	2	0	0	0	1	1	2	2	0	0	2	1	1	1	0	0	1	2	
0	2	1	0	2	1	0	0	0	0	2	0	3	0	0	0	1	0	1	0	2	2	0	2	0	0	1	1	
0	2	2	0	2	1	1	2	1	0	2	0	0	0	0	0	1	2	0	0	2	1	0	1	0	0	1	2	
1	2	1	0	2	1	0	2	0	2	2	0	0	0	3	0	1	2	2	0	2	0	1	2	0	0	1	1	
0	0	2	0	2	0	0	2	0	0	2	0	0	0	0	0	1	2	2	3	0	1	0	2	0	0	2	2	
1	2	1	3	2	1	0	2	2	0	2	0	0	0	2	0	0	2	0	3	2	1	1	2	0	0	1	2	
0	2	1	3	2	1	2	2	0	0	2	0	0	1	0	0	1	2	0	3	2	1	0	1	0	0	1	2	
1	2	1	3	2	1	1	2	0	0	2	0	0	0	0	0	1	2	0	0	2	1	3	2	0	0	1	2	
0	2	1	0	3	3	1	3	0	0	2	0	0	0	2	0	1	2	0	0	0	3	0	2	0	2	0	2	
0	2	1	0	2	1	0	2	0	0	2	0	0	0	0	0	0	2	0	1	0	1	0	0	0	2	1	2	
0	2	1	0	2	0	0	0	0	0	2	0	0	0	0	0	1	2	0	0	2	2	0	0	0	0	1	2	
0	0	1	1	2	1	0	2	1	0	2	0	0	0	0	0	1	2	0	3	2	0	0	0	0	0	1	2	
0	2	1	0	2	1	2	2	1	1	2	0	0	0	0	0	2	2	0	0	2	1	0	0	0	2	0	0	
0	2	1	3	3	1	0	2	0	0	2	0	0	0	2	0	1	2	0	0	2	0	0	1	0	0	1	0	
0	2	2	0	2	3	0	3	1	0	2	0	3	0	2	0	1	2	0	0	0	1	1	0	0	0	2	2	
--------------------

--------------------
Best Solution Found!
--------------------
Time: 0 hour(s), 0 minute(s), 0 second(s), 316 millisecond(s)

Fitness: 306093

0	2	0	0	2	1	0	0	0	0	2	0	3	0	0	0	2	2	0	0	0	1	0	0	0	0	1	2	
0	0	1	0	1	1	2	0	0	1	2	0	0	0	2	0	0	2	2	0	2	1	0	1	0	2	1	2	
0	0	1	0	3	1	0	2	2	0	2	0	0	0	2	0	1	2	0	0	0	0	0	0	0	3	1	2	
0	1	1	3	3	1	0	2	0	2	2	0	0	0	0	0	1	2	0	0	2	1	0	2	0	0	0	2	
0	1	1	0	0	1	0	2	0	0	1	0	0	0	0	0	0	2	0	0	2	0	0	2	0	2	1	1	
1	2	1	0	3	0	0	2	0	0	2	0	0	0	2	0	1	2	0	0	3	0	0	2	0	0	1	1	
1	0	1	3	2	0	0	0	0	0	2	0	0	0	0	0	1	1	0	0	2	1	1	2	1	2	0	2	
0	2	1	0	2	1	0	2	0	0	2	0	0	2	0	0	1	2	0	1	2	1	0	2	0	0	1	1	
0	2	2	0	2	3	1	2	0	0	3	0	0	0	0	0	2	2	0	0	2	1	0	2	0	0	1	2	
1	2	1	0	1	1	0	0	0	0	2	2	0	0	3	0	1	1	0	0	2	1	0	2	2	0	1	2	
0	1	1	1	2	1	0	0	1	0	2	0	0	0	0	0	1	2	2	0	2	1	0	2	0	0	0	2	
0	2	0	0	2	1	1	2	1	0	2	0	0	0	0	0	1	2	0	0	1	3	0	2	0	0	2	1	
0	2	1	3	3	1	0	2	0	2	2	0	0	1	0	1	1	2	0	0	0	1	1	2	0	3	0	2	
0	2	0	3	2	0	0	2	1	0	2	0	3	0	0	0	2	2	0	0	2	1	0	2	1	0	1	2	
1	2	1	0	2	0	1	3	0	2	2	0	0	0	0	0	2	2	0	0	2	1	0	0	0	0	2	1	
0	2	1	0	0	1	0	2	0	0	3	0	3	2	2	0	1	2	0	0	1	2	1	0	0	0	1	2	
0	1	1	0	2	1	0	2	0	0	3	0	0	2	2	0	1	2	0	0	2	1	0	2	0	0	2	2	
3	2	2	0	2	1	0	2	1	0	2	0	0	0	0	0	1	2	1	0	2	1	0	1	0	0	1	0	
1	2	1	0	2	1	2	2	0	2	2	0	0	0	3	0	1	2	2	0	2	0	0	2	0	0	0	2	
0	2	1	0	2	1	0	3	1	0	3	0	0	0	1	0	1	2	0	0	2	1	0	0	0	0	1	2	
0	2	2	0	2	1	0	3	0	0	2	0	0	0	0	0	2	2	0	3	2	1	0	0	0	0	1	2	
1	1	1	0	2	1	0	2	0	0	2	0	0	2	0	0	1	2	1	0	2	2	0	0	0	0	2	2	
0	0	1	0	2	1	0	2	0	2	2	0	0	0	2	0	2	2	0	0	3	1	0	1	0	0	2	0	
0	2	1	0	2	3	0	3	0	0	2	0	0	0	0	0	1	2	0	3	2	1	0	0	0	0	1	2	
0	2	0	0	2	2	0	3	0	0	1	0	0	0	0	0	2	1	0	0	0	0	0	2	0	2	0	2	
0	2	1	0	2	3	1	0	0	0	2	0	0	0	0	0	1	2	0	0	2	1	0	0	1	0	2	2	
0	2	0	0	2	1	0	0	0	0	2	0	0	0	0	0	1	1	0	0	1	2	0	2	0	2	1	1	
0	0	1	0	3	1	0	2	0	0	2	0	3	2	0	0	1	2	1	0	0	1	0	0	0	0	1	2	
0	2	1	1	2	0	0	0	0	0	2	0	3	0	0	0	1	1	0	0	0	1	0	2	0	2	1	2	
0	2	1	3	2	1	0	2	0	2	2	0	0	2	0	0	0	2	0	0	2	1	0	2	0	0	1	2	
0	1	2	0	2	1	0	2	0	0	3	0	0	0	2	2	2	2	0	3	2	0	1	1	0	0	1	2	
0	2	2	0	0	2	0	2	0	1	2	0	0	0	0	1	1	1	0	0	2	1	0	2	0	0	1	2	
0	0	1	0	2	3	0	2	1	0	3	0	0	0	0	2	1	2	0	0	2	1	0	2	1	0	1	2	
0	0	1	0	2	1	0	3	2	2	2	0	0	0	0	2	1	1	0	0	2	3	1	1	0	0	1	2	
0	0	1	0	2	1	1	2	0	0	2	0	0	0	0	0	1	2	0	0	0	0	0	2	0	2	2	2	
0	2	1	0	2	1	0	3	0	0	2	0	0	2	0	2	2	2	0	0	2	2	0	2	0	0	1	2	
1	2	2	0	2	1	0	2	0	0	3	0	1	0	0	0	2	1	0	3	0	1	1	2	0	2	1	2	
0	2	1	0	3	3	0	2	0	0	2	0	0	0	0	0	1	2	0	0	0	1	0	2	0	0	1	1	
0	1	0	0	0	0	0	2	1	0	2	0	0	0	0	2	1	2	0	0	3	1	0	2	1	2	1	2	
0	2	1	0	2	0	0	2	0	0	3	0	0	0	0	0	1	1	0	3	3	1	3	2	0	0	1	2	
0	2	1	0	2	1	0	0	0	0	2	0	0	0	2	0	1	2	0	0	2	1	0	2	0	0	1	2	
0	1	1	3	3	0	0	2	1	0	2	0	0	2	2	0	2	2	0	0	1	1	0	2	0	0	1	2	
0	2	1	0	2	0	0	0	0	0	2	0	0	0	0	0	0	0	0	1	2	2	0	2	0	0	0	1	
0	2	1	3	2	1	1	2	0	0	2	0	0	0	0	0	1	2	0	0	0	3	0	1	0	0	1	1	
0	2	2	0	2	1	2	2	0	1	2	0	0	0	0	0	1	2	0	0	0	3	0	0	0	0	1	2	
1	2	0	0	2	2	1	3	1	0	2	0	0	0	2	2	1	2	0	0	3	1	0	2	0	0	2	2	
0	2	1	0	2	1	1	3	0	0	2	0	0	0	0	0	1	2	0	0	2	1	3	0	0	0	0	0	
0	2	2	0	2	1	0	2	0	0	2	0	0	0	2	0	1	1	0	0	2	0	0	2	0	0	0	0	
0	2	1	0	1	1	0	3	0	0	2	0	3	0	0	0	1	2	0	3	2	1	1	1	0	0	1	1	
0	2	1	0	0	0	1	2	0	0	2	0	0	0	0	0	1	2	0	0	2	1	0	2	0	0	1	0	
0	2	1	0	2	1	0	2	0	2	2	0	3	0	0	0	1	2	0	0	0	3	1	1	0	0	1	2	
0	2	1	0	3	1	1	2	1	2	2	0	0	0	0	0	1	2	0	0	2	1	1	1	0	2	2	2	
0	2	1	0	2	1	0	2	0	0	2	0	0	0	0	0	1	2	0	0	2	1	0	2	0	0	1	2	
0	0	2	0	2	3	1	2	0	0	2	0	1	2	0	0	1	1	0	0	3	1	3	2	0	0	1	2	
0	1	0	0	2	1	0	0	0	2	2	0	0	0	0	2	1	2	2	0	2	1	0	2	0	0	0	2	
0	2	2	0	2	0	0	2	1	0	2	0	0	2	0	0	1	2	0	3	2	2	1	2	0	0	1	2	
0	0	1	0	0	1	0	2	2	0	2	0	0	1	0	0	1	2	0	0	2	1	0	2	0	0	1	2	
0	2	1	3	2	1	0	2	0	0	2	2	0	0	0	0	1	2	0	0	2	1	0	0	0	0	2	1	
0	1	1	0	2	1	0	2	0	0	3	3	0	1	0	0	1	2	0	0	2	1	0	1	1	0	1	2	
3	2	2	0	2	3	0	0	0	0	3	0	0	2	2	0	1	1	2	0	2	1	0	2	0	0	1	2	
--------------------

--------------------
Best Solution Found!
--------------------
Time: 0 hour(s), 0 minute(s), 1 second(s), 337 millisecond(s)

Fitness: 305077

1	2	1	0	2	0	1	2	0	0	2	0	0	0	0	0	1	1	1	0	0	1	0	2	0	0	1	2	
0	0	1	0	2	1	0	3	0	1	2	0	0	0	0	0	2	2	0	0	2	1	0	2	0	0	1	2	
0	0	1	3	1	1	0	2	0	0	2	0	0	0	2	0	2	0	0	0	2	0	0	2	0	0	1	2	
0	2	1	0	2	1	0	0	0	0	2	0	0	0	0	0	2	1	0	0	2	2	1	2	0	0	2	2	
0	2	1	0	2	2	0	0	0	0	3	2	0	2	2	0	1	1	0	0	0	1	1	0	0	2	1	1	
3	2	2	0	2	0	0	0	0	0	2	0	0	0	3	0	1	2	0	0	2	1	1	2	1	0	0	2	
0	2	1	3	0	1	0	2	0	0	3	0	0	0	0	0	1	2	0	0	3	1	0	2	0	0	1	2	
1	2	2	0	2	1	0	3	1	0	2	0	0	0	0	0	1	2	0	3	3	1	0	2	0	0	1	1	
0	1	1	0	3	1	0	3	1	1	2	0	0	0	0	0	1	2	0	0	0	1	0	0	0	0	2	0	
0	0	2	0	2	1	0	2	0	0	2	0	3	0	0	0	2	2	0	0	0	1	1	0	0	0	1	2	
0	2	1	0	2	0	0	2	0	2	2	0	0	0	0	2	1	2	0	3	2	2	0	2	0	2	1	2	
0	2	1	0	3	3	1	0	0	0	2	0	0	0	0	0	1	2	0	0	2	3	0	1	0	0	0	1	
0	2	1	0	2	1	0	2	0	0	2	0	0	0	0	0	0	2	0	3	1	3	0	1	1	0	1	2	
1	2	1	1	2	1	0	2	0	2	2	0	0	2	2	0	0	2	2	0	2	1	0	0	0	0	0	1	
1	2	1	0	3	1	0	2	0	0	2	0	0	0	0	0	1	2	0	0	1	1	0	0	0	0	1	2	
0	2	1	0	2	1	1	2	0	0	2	0	3	0	0	1	1	2	0	0	2	1	0	1	0	0	1	2	
1	2	1	0	2	0	1	2	0	0	2	0	0	0	2	0	1	2	0	3	2	0	0	2	0	2	1	2	
0	2	2	0	2	1	0	2	0	0	2	3	0	1	0	2	1	2	0	0	0	0	0	1	0	0	1	2	
0	2	1	3	0	1	2	0	0	0	2	0	1	2	0	0	1	2	0	0	2	1	0	2	0	0	1	2	
1	0	1	3	2	0	0	2	0	0	2	0	0	0	0	0	1	2	0	0	2	2	0	2	0	0	1	1	
0	1	2	0	2	1	1	2	1	0	2	0	0	0	0	0	1	2	0	0	2	2	0	2	0	0	1	2	
1	2	1	0	2	1	0	2	0	0	3	0	0	0	2	0	1	2	0	0	0	1	0	2	0	0	2	2	
0	2	1	0	2	1	0	2	1	0	2	0	0	0	0	0	1	2	0	0	0	1	0	0	0	0	1	1	
0	2	0	0	1	3	0	0	0	2	2	0	0	0	0	0	2	2	2	0	3	1	1	2	0	2	1	2	
0	2	1	0	3	3	0	2	0	0	2	0	0	2	2	0	1	2	0	0	1	1	0	1	0	0	0	2	
1	1	1	0	2	0	1	2	0	2	3	0	0	0	0	0	1	2	0	0	2	1	0	2	0	0	2	2	
0	2	2	0	2	1	0	3	0	0	2	0	1	0	0	2	1	2	0	0	2	1	0	2	0	0	1	2	
0	2	0	0	3	1	2	2	0	0	1	0	0	0	0	0	1	2	0	0	2	1	0	2	2	2	1	2	
0	0	0	0	2	2	0	2	1	0	3	0	0	0	0	0	1	2	0	0	2	1	0	2	0	2	1	2	
0	2	0	0	2	0	0	3	0	0	2	0	3	2	0	2	0	2	0	0	2	0	0	0	0	0	1	0	
0	0	0	0	2	1	0	3	0	0	3	2	0	0	0	0	2	2	0	0	2	3	0	0	0	0	2	2	
0	1	1	0	2	1	0	2	0	0	2	0	0	2	0	0	2	2	0	0	2	1	0	2	0	2	2	2	
0	2	1	0	3	1	1	3	0	0	2	0	3	0	0	0	1	1	0	0	0	1	0	2	0	0	2	2	
0	1	1	0	2	1	0	0	0	0	2	0	0	2	2	0	1	2	0	1	0	0	0	1	0	3	1	2	
0	1	1	1	1	1	0	0	0	0	2	0	3	0	0	0	1	2	2	0	0	0	0	2	0	0	1	0	
0	1	1	0	2	1	0	3	1	0	2	0	0	0	0	2	1	2	0	0	2	1	0	2	0	0	1	2	
0	2	1	0	2	1	0	2	0	2	2	0	3	0	0	2	1	2	0	0	2	1	0	2	0	0	2	2	
0	1	1	0	2	3	0	2	0	2	2	0	0	0	0	2	2	2	0	0	1	1	1	0	0	0	1	1	
0	1	1	0	0	1	1	2	2	2	2	0	0	0	0	0	2	1	0	0	2	1	0	0	0	0	1	2	
0	0	2	3	0	1	0	2	0	2	3	0	0	2	0	0	1	1	0	0	2	1	1	0	0	0	1	2	
0	2	2	0	2	1	0	0	0	0	2	0	0	0	2	0	1	2	0	1	2	1	0	1	0	2	1	2	
0	2	1	0	0	1	0	2	0	0	3	0	0	0	0	0	1	2	2	3	2	1	0	0	0	0	1	2	
0	2	0	0	2	1	2	2	1	0	2	0	0	2	0	0	2	1	0	0	2	1	3	1	0	2	1	2	
0	2	1	0	2	1	0	2	0	0	2	0	0	0	0	0	1	2	0	0	2	2	0	1	1	3	2	1	
0	0	1	3	3	3	0	3	0	1	2	0	0	0	2	0	1	2	0	0	0	1	0	2	0	0	0	1	
0	2	1	0	2	1	0	2	0	0	2	0	0	0	0	1	0	1	2	0	2	1	0	2	0	0	1	2	
0	1	2	0	2	0	1	2	0	0	2	0	0	1	0	0	1	1	1	0	2	0	0	2	1	0	1	2	
0	0	1	0	2	1	1	2	0	0	2	0	0	0	2	0	1	2	1	0	2	1	0	2	1	0	1	2	
0	2	0	0	3	0	0	2	2	2	2	0	0	0	2	0	1	2	0	0	3	1	3	2	0	0	1	2	
0	2	1	0	2	1	1	2	0	0	2	0	0	0	2	0	1	2	0	3	2	3	0	0	0	0	0	0	
0	2	1	3	2	1	0	2	1	0	3	0	3	2	0	0	1	2	0	0	0	3	3	1	0	0	2	2	
3	2	1	0	2	1	0	0	0	0	2	0	0	0	0	0	1	2	0	0	3	1	1	2	0	0	1	2	
0	2	1	0	2	1	0	2	0	0	1	0	0	0	0	0	2	2	0	0	2	0	0	2	0	0	1	1	
0	2	2	0	2	0	0	3	1	0	2	0	0	0	0	0	1	1	0	0	2	1	0	2	0	0	0	0	
0	2	2	0	2	3	0	0	0	0	2	0	0	2	1	0	1	2	0	3	2	1	0	2	0	0	0	2	
0	0	1	0	2	1	0	2	1	0	2	0	0	0	0	0	1	1	0	0	2	1	1	2	0	0	0	2	
0	2	1	0	2	3	0	0	1	2	2	0	0	1	0	0	1	2	0	0	2	1	0	2	1	0	1	1	
0	2	1	3	0	2	0	2	2	0	2	0	0	0	0	0	1	1	0	0	2	2	0	2	0	0	1	2	
0	2	1	0	2	1	0	2	0	0	2	0	0	0	3	0	1	2	0	0	2	1	1	2	0	2	1	2	
0	2	0	0	2	0	0	2	0	0	3	0	0	0	0	0	1	2	0	0	3	1	0	2	0	0	0	2	
--------------------

--------------------
Best Solution Found!
--------------------
Time: 0 hour(s), 0 minute(s), 2 second(s), 284 millisecond(s)

Fitness: 303102

3	2	1	0	0	1	0	0	1	0	2	0	0	1	2	0	1	1	0	0	3	1	0	2	1	0	0	2	
0	2	1	0	3	1	0	2	0	0	2	0	0	0	0	0	0	2	0	1	2	1	0	0	0	0	1	2	
0	0	0	0	2	1	1	2	0	0	2	2	0	0	2	0	2	2	0	0	1	0	0	2	0	0	2	2	
0	2	1	0	2	1	0	2	0	2	2	0	0	1	2	0	1	2	0	3	2	1	0	2	0	0	1	2	
0	2	2	0	2	1	0	0	0	2	2	0	0	0	3	0	1	2	2	0	2	1	1	2	0	0	1	2	
1	2	1	0	2	1	0	0	0	2	2	0	0	0	0	2	1	2	2	0	0	1	1	0	0	3	1	2	
0	2	2	0	2	1	0	2	1	0	2	0	0	2	2	0	1	2	0	0	2	1	1	2	0	0	1	2	
0	2	1	0	2	1	0	2	1	0	2	0	0	0	0	0	1	2	0	0	2	1	0	2	0	0	1	2	
0	1	2	0	2	1	0	3	1	0	2	2	0	2	0	0	1	1	0	0	3	2	0	1	0	0	1	2	
0	2	2	0	2	0	2	0	1	0	2	0	0	0	0	0	2	2	0	0	2	3	0	2	0	0	1	2	
0	2	1	3	2	0	1	2	0	0	1	0	0	2	0	0	1	1	0	0	0	1	0	0	1	0	1	2	
0	0	1	3	3	0	0	0	0	0	2	0	0	0	0	0	1	2	0	0	0	1	0	2	0	0	2	2	
0	0	2	0	0	0	0	2	1	0	3	0	3	0	0	2	1	2	0	0	2	1	0	1	0	2	2	0	
0	1	1	0	2	3	0	2	0	0	2	0	0	0	0	0	2	2	1	0	0	1	1	2	0	0	1	2	
0	1	0	0	2	2	1	2	0	0	2	0	0	0	0	0	1	2	0	0	2	1	0	2	0	0	1	1	
0	2	1	0	2	1	0	2	0	0	2	0	0	2	2	1	2	1	0	0	2	1	0	1	0	0	1	2	
0	2	1	0	2	1	0	3	0	0	2	3	0	0	0	0	1	1	0	0	2	2	1	2	0	0	1	2	
0	1	2	0	2	1	1	3	0	0	2	0	0	0	0	0	2	2	0	0	2	1	0	2	0	2	2	2	
0	0	1	0	1	1	1	2	0	0	2	0	0	0	0	2	1	2	0	0	2	1	0	1	0	0	0	0	
0	2	1	0	2	3	0	2	0	2	2	0	1	2	0	2	1	2	0	0	2	3	0	0	0	0	1	1	
0	1	1	0	2	1	0	2	2	0	2	0	3	0	0	0	1	2	0	0	0	1	0	2	0	0	0	1	
1	2	1	0	2	2	0	2	0	2	2	0	0	0	0	0	1	2	0	0	2	1	0	2	0	2	1	2	
0	2	1	0	2	1	0	2	0	2	2	0	0	0	0	0	1	1	0	0	2	1	0	2	0	3	1	1	
0	1	1	3	2	1	0	2	0	0	2	0	0	0	0	0	1	2	0	0	0	0	0	2	0	0	1	2	
0	2	1	0	1	1	0	3	0	0	2	0	0	0	0	1	0	2	0	0	2	0	0	1	0	0	1	2	
0	2	0	0	2	0	0	0	1	0	3	0	0	0	1	0	1	2	2	0	2	1	0	0	2	0	1	2	
1	0	1	0	2	0	1	2	0	0	3	0	0	2	0	0	1	2	0	0	0	2	0	2	0	0	2	2	
1	2	1	0	2	3	1	2	0	0	3	0	0	2	0	0	1	2	0	0	3	1	0	2	1	0	1	2	
0	0	0	0	3	1	0	2	0	0	2	0	0	0	0	0	1	1	0	0	2	3	3	2	0	0	1	2	
0	2	1	0	2	1	0	3	0	0	2	0	0	0	0	0	1	2	0	0	2	2	0	0	0	0	2	2	
0	2	1	0	3	1	0	3	0	0	3	0	3	0	0	0	1	2	0	0	2	3	0	2	0	0	1	1	
0	2	1	0	2	1	1	2	0	0	2	0	0	2	0	0	1	1	0	0	3	1	0	1	0	0	0	2	
1	2	1	0	0	1	0	2	0	2	3	0	0	0	0	0	1	2	0	0	2	1	3	2	0	0	0	2	
0	2	1	0	2	1	0	2	0	0	1	0	0	2	0	0	1	2	0	3	2	1	0	0	0	0	1	2	
0	2	1	3	3	0	0	2	0	0	2	0	0	0	0	0	1	2	0	0	2	0	3	2	1	0	0	1	
0	2	1	0	3	1	0	3	0	0	2	0	0	0	0	0	1	2	0	0	3	2	0	2	0	0	1	2	
0	0	0	0	2	3	2	2	0	0	2	0	3	0	0	0	2	2	0	0	0	1	0	2	0	0	0	2	
1	2	2	0	2	2	0	2	1	0	2	0	3	0	2	2	1	2	0	0	2	1	0	2	0	0	1	2	
0	1	1	3	3	0	0	0	0	2	2	0	0	0	2	2	1	2	0	3	2	0	0	1	0	0	1	2	
0	2	0	3	2	1	1	2	0	1	2	0	0	2	2	0	2	2	0	0	3	1	1	2	0	0	1	1	
0	2	1	0	2	1	0	2	0	0	2	0	3	0	2	0	1	2	0	0	2	1	0	2	1	0	2	2	
0	1	1	0	0	0	0	2	1	0	2	0	0	0	0	0	1	2	0	0	2	0	0	2	0	0	1	2	
0	1	1	0	1	0	0	2	2	0	3	0	0	0	0	0	1	2	0	0	2	1	0	1	1	0	1	2	
3	2	1	3	2	1	0	0	0	0	2	0	0	0	2	0	1	1	2	0	2	1	1	2	0	0	1	2	
0	2	1	0	2	1	0	2	0	2	2	0	0	0	0	0	1	2	0	0	2	1	0	2	0	2	2	2	
0	1	1	3	2	1	0	2	1	0	3	0	0	0	3	0	0	2	0	3	2	1	0	2	0	2	0	2	
0	0	0	0	0	1	0	3	1	0	2	0	0	0	0	0	1	2	0	0	1	1	0	0	0	0	0	1	
1	2	2	0	2	1	0	0	0	0	2	0	0	0	0	0	1	2	0	3	2	0	0	2	0	0	1	2	
0	2	1	0	2	1	2	0	0	1	2	0	0	1	0	0	1	2	1	3	2	1	0	2	0	0	2	2	
0	2	0	1	2	1	0	2	0	0	2	0	0	0	2	0	2	1	0	0	2	1	1	1	0	2	1	1	
0	2	2	1	2	3	0	2	0	1	2	0	0	0	0	0	2	1	0	3	0	1	0	0	0	0	1	0	
0	2	2	0	2	1	0	0	0	0	2	0	0	0	0	0	1	0	0	0	0	1	0	2	0	0	1	0	
1	2	1	0	2	3	0	2	0	0	2	0	0	0	2	0	2	2	0	0	0	3	0	0	0	0	2	2	
0	2	1	0	2	1	0	2	0	0	2	0	0	0	0	0	2	2	0	0	1	1	0	0	0	0	0	1	
0	0	1	0	2	0	1	0	0	0	3	0	0	2	0	0	1	2	2	0	1	1	1	0	0	0	1	2	
0	0	1	0	3	3	0	2	0	0	3	0	3	0	0	2	1	2	0	0	2	0	0	2	0	2	1	2	
0	2	1	0	2	1	0	2	0	0	2	0	1	0	0	0	1	1	0	0	2	1	0	2	0	2	1	1	
0	2	2	0	2	1	0	3	0	0	2	0	0	0	0	0	1	2	1	0	2	1	0	0	0	2	1	0	
0	2	1	0	2	1	0	2	2	0	2	0	0	0	0	0	0	2	0	0	0	1	1	2	0	0	1	2	
0	2	1	0	0	1	1	3	0	2	2	0	0	0	0	0	1	2	0	1	2	2	0	1	0	2	1	2	
--------------------

--------------------
Best Solution Found!
--------------------
Time: 0 hour(s), 0 minute(s), 2 second(s), 294 millisecond(s)

Fitness: 303102

3	2	1	0	0	1	0	0	1	0	2	0	0	1	2	0	1	1	0	0	3	1	0	2	1	0	0	2	
0	2	1	0	3	1	0	2	0	0	2	0	0	0	0	0	0	2	0	1	2	1	0	0	0	0	1	2	
0	0	0	0	2	1	1	2	0	0	2	2	0	0	2	0	2	2	0	0	1	0	0	2	0	0	2	2	
0	2	1	0	2	1	0	2	0	2	2	0	0	1	2	0	1	2	0	3	2	1	0	2	0	0	1	2	
0	2	2	0	2	1	0	0	0	2	2	0	0	0	3	0	1	2	2	0	2	1	1	2	0	0	1	2	
1	2	1	0	2	1	0	0	0	2	2	0	0	0	0	2	1	2	2	0	0	1	1	0	0	3	1	2	
0	2	2	0	2	1	0	2	1	0	2	0	0	2	2	0	1	2	0	0	2	1	1	2	0	0	1	2	
0	2	1	0	2	1	0	2	1	0	2	0	0	0	0	0	1	2	0	0	2	1	0	2	0	0	1	2	
0	1	2	0	2	1	0	3	1	0	2	2	0	2	0	0	1	1	0	0	3	2	0	1	0	0	1	2	
0	2	2	0	2	0	2	0	1	0	2	0	0	0	0	0	2	2	0	0	2	3	0	2	0	0	1	2	
0	2	1	3	2	0	1	2	0	0	1	0	0	2	0	0	1	1	0	0	0	1	0	0	1	0	1	2	
0	0	1	3	3	0	0	0	0	0	2	0	0	0	0	0	1	2	0	0	0	1	0	2	0	0	2	2	
0	0	2	0	0	0	0	2	1	0	3	0	3	0	0	2	1	2	0	0	2	1	0	1	0	2	2	0	
0	1	1	0	2	3	0	2	0	0	2	0	0	0	0	0	2	2	1	0	0	1	1	2	0	0	1	2	
0	1	0	0	2	2	1	2	0	0	2	0	0	0	0	0	1	2	0	0	2	1	0	2	0	0	1	1	
0	2	1	0	2	1	0	2	0	0	2	0	0	2	2	1	2	1	0	0	2	1	0	1	0	0	1	2	
0	2	1	0	2	1	0	3	0	0	2	3	0	0	0	0	1	1	0	0	2	2	1	2	0	0	1	2	
0	1	2	0	2	1	1	3	0	0	2	0	0	0	0	0	2	2	0	0	2	1	0	2	0	2	2	2	
0	0	1	0	1	1	1	2	0	0	2	0	0	0	0	2	1	2	0	0	2	1	0	1	0	0	0	0	
0	2	1	0	2	3	0	2	0	2	2	0	1	2	0	2	1	2	0	0	2	3	0	0	0	0	1	1	
0	1	1	0	2	1	0	2	2	0	2	0	3	0	0	0	1	2	0	0	0	1	0	2	0	0	0	1	
1	2	1	0	2	2	0	2	0	2	2	0	0	0	0	0	1	2	0	0	2	1	0	2	0	2	1	2	
0	2	1	0	2	1	0	2	0	2	2	0	0	0	0	0	1	1	0	0	2	1	0	2	0	3	1	1	
0	1	1	3	2	1	0	2	0	0	2	0	0	0	0	0	1	2	0	0	0	0	0	2	0	0	1	2	
0	2	1	0	1	1	0	3	0	0	2	0	0	0	0	1	0	2	0	0	2	0	0	1	0	0	1	2	
0	2	0	0	2	0	0	0	1	0	3	0	0	0	1	0	1	2	2	0	2	1	0	0	2	0	1	2	
1	0	1	0	2	0	1	2	0	0	3	0	0	2	0	0	1	2	0	0	0	2	0	2	0	0	2	2	
1	2	1	0	2	3	1	2	0	0	3	0	0	2	0	0	1	2	0	0	3	1	0	2	1	0	1	2	
0	0	0	0	3	1	0	2	0	0	2	0	0	0	0	0	1	1	0	0	2	3	3	2	0	0	1	2	
0	2	1	0	2	1	0	3	0	0	2	0	0	0	0	0	1	2	0	0	2	2	0	0	0	0	2	2	
0	2	1	0	3	1	0	3	0	0	3	0	3	0	0	0	1	2	0	0	2	3	0	2	0	0	1	1	
0	2	1	0	2	1	1	2	0	0	2	0	0	2	0	0	1	1	0	0	3	1	0	1	0	0	0	2	
1	2	1	0	0	1	0	2	0	2	3	0	0	0	0	0	1	2	0	0	2	1	3	2	0	0	0	2	
0	2	1	0	2	1	0	2	0	0	1	0	0	2	0	0	1	2	0	3	2	1	0	0	0	0	1	2	
0	2	1	3	3	0	0	2	0	0	2	0	0	0	0	0	1	2	0	0	2	0	3	2	1	0	0	1	
0	2	1	0	3	1	0	3	0	0	2	0	0	0	0	0	1	2	0	0	3	2	0	2	0	0	1	2	
0	0	0	0	2	3	2	2	0	0	2	0	3	0	0	0	2	2	0	0	0	1	0	2	0	0	0	2	
1	2	2	0	2	2	0	2	1	0	2	0	3	0	2	2	1	2	0	0	2	1	0	2	0	0	1	2	
0	1	1	3	3	0	0	0	0	2	2	0	0	0	2	2	1	2	0	3	2	0	0	1	0	0	1	2	
0	2	0	3	2	1	1	2	0	1	2	0	0	2	2	0	2	2	0	0	3	1	1	2	0	0	1	1	
0	2	1	0	2	1	0	2	0	0	2	0	3	0	2	0	1	2	0	0	2	1	0	2	1	0	2	2	
0	1	1	0	0	0	0	2	1	0	2	0	0	0	0	0	1	2	0	0	2	0	0	2	0	0	1	2	
0	1	1	0	1	0	0	2	2	0	3	0	0	0	0	0	1	2	0	0	2	1	0	1	1	0	1	2	
3	2	1	3	2	1	0	0	0	0	2	0	0	0	2	0	1	1	2	0	2	1	1	2	0	0	1	2	
0	2	1	0	2	1	0	2	0	2	2	0	0	0	0	0	1	2	0	0	2	1	0	2	0	2	2	2	
0	1	1	3	2	1	0	2	1	0	3	0	0	0	3	0	0	2	0	3	2	1	0	2	0	2	0	2	
0	0	0	0	0	1	0	3	1	0	2	0	0	0	0	0	1	2	0	0	1	1	0	0	0	0	0	1	
1	2	2	0	2	1	0	0	0	0	2	0	0	0	0	0	1	2	0	3	2	0	0	2	0	0	1	2	
0	2	1	0	2	1	2	0	0	1	2	0	0	1	0	0	1	2	1	3	2	1	0	2	0	0	2	2	
0	2	0	1	2	1	0	2	0	0	2	0	0	0	2	0	2	1	0	0	2	1	1	1	0	2	1	1	
0	2	2	1	2	3	0	2	0	1	2	0	0	0	0	0	2	1	0	3	0	1	0	0	0	0	1	0	
0	2	2	0	2	1	0	0	0	0	2	0	0	0	0	0	1	0	0	0	0	1	0	2	0	0	1	0	
1	2	1	0	2	3	0	2	0	0	2	0	0	0	2	0	2	2	0	0	0	3	0	0	0	0	2	2	
0	2	1	0	2	1	0	2	0	0	2	0	0	0	0	0	2	2	0	0	1	1	0	0	0	0	0	1	
0	0	1	0	2	0	1	0	0	0	3	0	0	2	0	0	1	2	2	0	1	1	1	0	0	0	1	2	
0	0	1	0	3	3	0	2	0	0	3	0	3	0	0	2	1	2	0	0	2	0	0	2	0	2	1	2	
0	2	1	0	2	1	0	2	0	0	2	0	1	0	0	0	1	1	0	0	2	1	0	2	0	2	1	1	
0	2	2	0	2	1	0	3	0	0	2	0	0	0	0	0	1	2	1	0	2	1	0	0	0	2	1	0	
0	2	1	0	2	1	0	2	2	0	2	0	0	0	0	0	0	2	0	0	0	1	1	2	0	0	1	2	
0	2	1	0	0	1	1	3	0	2	2	0	0	0	0	0	1	2	0	1	2	2	0	1	0	2	1	2	
--------------------

--------------------
Best Solution Found!
--------------------
Time: 0 hour(s), 0 minute(s), 2 second(s), 932 millisecond(s)

Fitness: 302086

0	1	0	0	2	1	0	2	0	0	2	0	0	2	0	0	1	1	0	1	1	1	1	0	0	0	1	2	
0	2	2	0	2	1	0	2	0	0	2	0	3	1	0	0	1	2	1	0	0	1	1	2	0	0	0	2	
0	0	2	0	2	1	1	0	0	0	2	0	0	0	0	0	2	2	0	3	2	1	0	2	0	0	2	1	
0	2	1	0	3	1	2	2	0	0	2	0	0	0	0	0	0	2	0	3	0	3	0	1	0	0	2	1	
0	2	1	0	2	0	0	2	0	0	1	0	0	0	0	0	1	1	0	0	3	3	0	1	0	0	1	1	
1	2	2	0	2	1	0	2	1	0	3	0	0	0	2	0	1	2	0	0	0	1	0	2	0	0	0	2	
0	1	1	0	2	1	0	2	0	0	2	0	0	0	0	0	2	2	0	0	2	2	0	2	1	0	1	1	
1	0	1	1	2	2	1	2	0	0	3	0	0	0	2	0	1	1	0	0	2	1	0	2	0	0	1	2	
0	0	1	0	2	1	0	2	0	2	2	0	3	0	0	0	1	2	0	0	2	2	0	0	0	0	1	1	
0	2	1	0	0	1	0	2	1	0	2	0	0	0	0	2	1	1	0	0	0	1	1	2	0	0	1	2	
0	1	0	0	2	1	0	2	0	0	2	0	0	2	0	0	1	2	0	0	2	1	1	2	0	0	1	2	
0	2	1	3	2	1	0	3	1	2	2	0	3	2	0	0	2	0	0	0	2	1	0	2	0	0	1	2	
0	1	1	0	2	1	0	2	1	0	2	0	0	0	0	1	2	1	0	0	2	1	0	2	0	0	2	2	
0	2	0	0	2	3	0	2	0	0	2	0	0	0	0	0	1	2	0	0	0	1	0	2	0	0	0	2	
0	2	1	0	2	1	0	3	0	2	2	0	0	0	0	0	1	1	2	0	2	2	0	2	1	0	1	2	
0	2	2	0	2	0	0	2	0	2	2	0	0	2	2	0	2	2	0	0	3	1	0	1	0	0	2	0	
0	2	1	0	3	3	0	2	0	0	2	0	0	0	0	0	1	2	0	0	1	0	0	2	1	2	1	2	
0	1	1	0	3	1	0	0	0	0	2	0	0	0	0	0	1	2	0	0	2	1	0	2	0	0	0	1	
0	2	1	0	3	3	0	0	0	0	3	0	0	0	0	0	2	2	0	3	2	1	0	2	0	0	2	2	
1	2	1	0	2	2	0	2	0	0	2	0	0	0	0	2	1	2	0	0	2	1	0	2	1	2	1	2	
0	0	2	0	2	0	0	3	0	0	2	0	0	2	2	0	0	2	0	0	2	1	0	0	0	0	1	2	
1	2	0	0	2	0	0	2	1	0	1	0	0	2	0	2	1	2	0	0	0	1	1	2	0	2	2	2	
0	1	1	0	2	1	0	3	0	0	2	0	0	2	0	0	1	2	0	0	2	1	0	0	0	0	2	2	
0	1	2	0	2	2	0	0	0	0	2	0	0	0	2	0	1	1	0	3	0	1	0	2	0	0	1	2	
0	0	1	3	3	3	0	0	0	0	3	0	0	0	0	2	1	2	0	0	2	1	0	2	0	0	1	2	
0	0	1	0	0	1	0	2	0	2	2	0	0	0	0	0	1	2	0	0	2	1	1	2	0	0	0	2	
0	2	2	0	2	1	0	2	1	0	2	0	0	0	2	0	1	2	0	0	0	1	0	2	0	0	1	2	
0	2	0	0	2	1	1	0	0	0	2	0	0	2	1	0	2	2	0	3	3	0	1	2	0	2	1	2	
0	2	0	3	1	1	2	3	0	0	2	0	0	0	0	0	1	2	1	0	2	1	0	1	2	2	1	2	
0	0	1	0	2	3	0	0	1	2	2	0	0	0	2	0	1	2	0	0	2	1	0	2	0	3	1	2	
0	2	1	3	2	1	1	2	2	0	2	0	0	0	0	0	1	2	2	0	2	1	0	1	0	0	1	1	
0	2	1	0	2	1	0	2	0	0	2	3	1	0	0	0	0	2	0	0	2	1	1	0	1	0	1	0	
0	2	1	0	2	1	0	2	0	0	2	0	0	0	0	0	1	2	0	0	2	3	0	0	0	0	1	2	
0	2	1	0	2	1	1	0	0	0	3	0	0	0	0	0	1	2	0	0	2	0	3	2	0	0	1	2	
0	2	1	0	0	1	0	0	0	0	3	0	0	0	0	0	1	2	0	0	0	1	0	2	0	2	1	2	
0	2	2	0	2	1	0	2	0	0	3	0	0	0	0	0	1	2	0	0	2	1	0	0	0	0	0	0	
0	2	1	0	2	1	0	3	1	0	2	2	3	0	0	0	1	2	0	0	2	0	0	1	0	0	1	2	
0	2	1	0	1	1	2	2	0	0	2	0	0	0	3	2	1	2	0	3	2	0	0	1	0	0	0	2	
3	1	0	0	2	1	0	0	2	0	2	2	3	0	0	0	1	2	0	0	0	3	0	2	0	0	1	1	
1	2	2	0	2	3	1	3	0	0	3	0	0	2	0	0	1	1	0	1	3	3	0	2	1	0	0	2	
0	0	1	0	3	1	0	2	1	0	2	0	0	0	2	0	1	2	0	0	2	1	3	2	0	0	1	2	
0	1	1	0	2	3	0	2	0	0	2	0	0	0	2	0	1	2	0	0	1	1	1	2	0	0	1	2	
1	2	1	0	2	1	0	0	0	0	2	0	0	0	0	0	2	2	0	3	2	1	3	2	0	0	0	2	
0	2	1	0	3	0	0	3	0	2	2	0	0	0	0	2	1	2	0	0	2	2	0	1	0	0	1	2	
0	2	1	0	2	1	0	2	1	1	2	0	0	0	0	0	1	2	0	0	2	1	1	1	0	2	1	2	
0	0	2	3	2	1	0	2	0	1	2	0	1	0	0	2	1	2	2	0	2	1	0	1	0	0	1	2	
0	2	1	0	2	1	0	2	0	0	2	0	0	0	0	0	1	1	0	0	2	0	0	0	0	0	1	2	
0	0	1	1	2	0	1	2	0	2	2	0	0	0	0	0	1	2	0	0	2	1	0	2	0	0	1	2	
0	2	1	3	2	1	1	2	0	1	2	0	0	0	3	0	2	2	0	0	0	1	0	2	0	3	1	1	
1	1	1	0	0	1	0	0	0	0	2	0	3	0	0	0	1	2	1	0	2	1	0	2	0	0	1	0	
3	2	0	3	2	0	1	2	0	0	2	0	0	2	2	0	1	2	0	0	1	0	0	2	0	0	1	2	
0	2	1	0	2	0	0	3	0	0	2	0	0	1	0	0	1	1	2	0	2	1	0	0	0	0	0	0	
0	2	1	0	0	1	0	2	0	0	2	0	0	0	0	0	1	2	0	0	2	1	0	2	0	2	2	2	
0	2	1	0	2	1	1	2	0	0	2	0	0	1	0	1	1	2	2	0	0	0	0	2	0	0	1	1	
1	2	1	0	0	1	0	2	0	0	2	0	0	0	0	0	1	2	0	0	3	1	0	2	0	0	1	2	
0	2	1	0	2	1	0	2	0	0	2	0	3	0	0	0	2	2	0	0	2	1	0	0	0	2	1	2	
0	2	1	0	3	0	0	2	1	0	3	0	0	0	2	0	1	1	0	0	2	1	0	0	0	0	2	2	
0	2	2	3	2	0	0	2	0	2	2	0	0	0	0	0	2	2	0	0	2	1	0	0	0	0	2	1	
0	2	1	0	2	0	0	3	2	0	3	0	0	0	0	0	0	2	0	0	3	2	0	0	0	2	1	2	
0	2	1	0	1	1	1	2	0	2	2	0	0	2	2	0	1	1	0	0	2	2	0	2	0	0	1	2	
--------------------

--------------------
Best Solution Found!
--------------------
Time: 0 hour(s), 0 minute(s), 3 second(s), 538 millisecond(s)

Fitness: 300105

0	2	1	0	2	1	0	2	0	1	2	0	0	0	2	0	1	2	0	0	2	1	0	2	0	0	1	1	
0	1	2	0	2	1	0	0	0	0	2	0	0	0	0	2	1	2	2	0	3	0	1	1	0	2	1	2	
0	2	1	0	2	0	1	0	0	0	2	0	0	2	0	2	1	2	0	0	2	1	0	0	0	0	1	2	
0	2	2	0	2	1	0	3	1	0	2	0	0	0	0	1	1	1	0	0	2	1	0	2	0	0	1	1	
0	0	1	3	3	1	0	2	0	2	2	0	1	0	3	0	1	1	0	0	2	1	0	2	0	2	1	1	
0	2	2	0	2	1	0	2	1	1	2	0	3	0	2	0	2	1	0	0	0	2	3	1	0	0	1	0	
0	2	1	0	2	1	0	2	1	2	2	0	3	0	0	0	0	1	2	0	2	1	0	2	0	0	1	2	
0	0	1	0	2	0	0	3	0	0	2	0	0	0	2	0	1	2	0	0	0	1	0	0	0	0	1	2	
0	1	0	0	2	1	0	2	0	0	1	0	0	2	0	0	1	1	0	0	2	3	0	0	0	0	0	2	
3	2	1	0	3	1	0	2	0	0	2	0	0	2	0	0	1	1	1	0	2	3	0	2	0	2	1	0	
0	2	2	0	2	0	0	2	0	0	2	0	0	2	2	0	1	1	0	0	1	1	0	2	0	2	2	2	
0	2	1	0	2	1	2	3	0	0	2	0	0	2	0	0	1	2	0	3	2	1	1	0	0	0	1	2	
0	2	1	0	1	1	0	0	0	0	2	0	0	0	0	0	1	1	0	0	3	1	0	0	0	0	0	1	
0	2	1	0	2	1	0	2	0	0	3	0	0	0	0	0	1	2	0	3	2	1	0	2	1	2	1	2	
0	0	2	0	2	1	0	2	0	0	2	0	0	2	0	2	1	2	0	0	2	2	1	1	0	0	1	2	
0	1	1	0	2	1	0	2	0	0	2	3	0	2	0	0	1	2	1	0	2	1	3	1	0	0	1	2	
0	2	1	3	2	1	0	0	0	0	2	0	0	0	0	0	1	2	0	0	2	1	0	2	0	0	1	2	
0	1	2	0	2	3	0	3	0	0	2	0	0	0	2	0	1	2	0	3	2	0	0	2	0	0	0	2	
0	2	1	3	3	0	0	2	2	0	2	0	3	0	0	2	1	2	0	0	0	1	0	1	0	2	1	2	
0	2	1	0	2	1	1	2	0	0	2	0	0	0	0	0	1	2	0	0	2	1	1	2	0	0	0	1	
1	2	0	0	1	1	0	2	0	0	2	2	0	2	3	0	1	2	0	0	0	3	1	2	0	0	2	2	
0	2	2	0	0	1	0	2	1	2	2	0	0	2	2	0	1	2	0	3	3	2	1	2	0	0	1	2	
0	2	1	0	2	1	0	2	0	0	2	0	0	0	0	0	1	2	0	0	2	1	0	2	0	0	1	2	
1	2	2	1	2	1	0	2	0	0	2	0	0	0	0	0	2	2	0	0	2	1	0	2	1	0	1	1	
0	2	1	0	2	1	0	2	0	0	2	0	0	0	2	1	1	2	0	3	0	1	1	2	0	0	2	2	
0	0	0	0	0	1	1	0	0	2	3	0	0	0	2	0	1	0	0	0	2	2	1	2	0	0	1	2	
0	2	1	0	0	1	1	0	0	0	2	0	0	0	0	0	2	2	0	0	2	1	0	0	0	0	0	1	
0	0	1	0	2	0	1	2	0	0	2	0	1	0	0	0	1	2	1	0	2	1	0	2	0	0	1	1	
0	0	0	0	2	1	0	2	0	0	2	0	0	2	0	0	1	1	0	0	2	0	0	2	0	0	1	2	
0	2	0	0	2	3	0	0	0	2	2	0	0	0	0	0	1	2	0	0	2	0	0	2	0	3	1	2	
0	1	1	3	2	1	0	2	0	0	2	0	0	0	0	0	2	2	0	1	2	1	0	2	0	2	1	2	
0	0	1	3	3	0	0	2	0	0	2	0	0	0	0	0	1	1	2	0	3	3	0	2	0	0	0	2	
0	0	1	0	2	3	0	2	0	0	2	0	0	0	0	0	1	2	0	0	2	3	0	2	0	0	2	2	
0	2	1	0	2	1	0	0	0	0	2	0	0	0	0	0	2	2	0	0	2	1	0	0	1	2	1	2	
3	2	0	0	2	1	0	3	0	0	2	0	0	0	0	0	1	2	2	0	1	0	1	2	0	0	1	1	
0	1	2	3	3	0	1	2	0	0	2	0	0	0	0	0	2	2	0	0	2	1	0	2	0	2	1	2	
0	2	1	0	2	1	0	3	0	0	2	0	0	0	0	0	1	2	0	0	2	1	0	1	0	0	1	2	
0	2	0	0	3	1	0	3	1	0	2	0	3	2	1	0	1	2	0	0	2	1	0	0	0	0	1	2	
1	2	1	0	2	1	0	2	2	0	2	0	0	0	0	2	0	2	0	0	0	0	0	2	0	0	1	2	
0	2	1	0	2	1	1	3	0	0	2	0	0	0	0	2	1	2	0	0	0	1	0	0	0	2	2	2	
0	0	1	0	0	0	0	2	1	0	2	0	3	0	0	0	1	1	0	0	3	1	3	2	0	0	0	2	
0	2	2	1	2	3	0	2	0	0	2	0	0	0	2	2	2	2	2	0	2	2	0	2	0	0	2	2	
0	2	1	0	2	1	2	3	1	2	2	0	0	0	0	0	0	2	0	0	2	1	0	2	0	0	1	2	
0	2	0	0	3	3	1	2	0	0	2	0	0	1	2	0	1	2	0	0	0	1	0	0	0	0	1	2	
0	2	1	0	2	1	0	0	1	2	3	0	0	0	0	0	1	2	0	0	1	1	0	1	0	0	2	2	
0	1	1	0	2	1	1	0	0	0	2	0	0	0	0	0	1	2	0	0	2	1	0	1	0	0	0	2	
0	2	1	0	2	2	0	2	0	1	2	0	0	0	0	0	2	2	0	0	0	1	0	2	0	0	1	2	
1	2	1	0	0	0	0	2	1	0	2	0	0	0	0	0	1	2	0	0	0	1	0	0	1	0	2	2	
0	1	1	0	0	2	0	2	0	0	2	0	0	0	2	0	2	2	0	0	2	1	1	2	0	0	2	2	
0	2	1	3	2	1	2	0	0	0	3	0	0	0	0	0	1	2	0	1	3	1	0	2	0	0	0	2	
0	2	1	0	2	2	0	2	0	0	3	0	0	0	0	0	1	2	0	3	2	1	0	2	0	0	1	2	
0	2	1	3	3	1	0	2	0	0	3	0	0	0	0	0	1	2	0	0	2	1	0	1	0	0	1	2	
1	1	1	0	1	0	0	3	0	0	2	0	0	0	0	0	1	2	0	0	2	0	0	2	0	0	1	1	
0	2	1	0	2	3	1	0	2	2	1	0	0	0	0	0	1	2	0	0	2	1	0	2	0	0	1	0	
0	2	2	0	2	1	0	2	0	0	2	0	0	0	0	0	1	2	0	0	2	1	0	2	1	0	1	0	
1	2	1	0	2	3	0	2	1	2	3	0	0	0	0	0	2	1	0	3	1	1	0	0	2	0	2	2	
1	2	1	0	2	1	0	2	0	0	3	0	0	0	0	0	1	2	0	0	2	0	0	2	0	0	1	1	
0	0	1	0	2	1	1	2	0	0	2	2	0	1	0	0	0	2	0	0	0	1	0	0	1	3	1	0	
1	1	1	0	2	0	0	2	0	0	3	0	3	0	0	0	2	2	0	0	0	1	0	1	0	0	0	2	
0	2	1	0	2	1	0	2	1	2	3	0	3	1	2	0	1	2	0	0	2	2	0	2	0	0	1	2	
--------------------

--------------------
Best Solution Found!
--------------------
Time: 0 hour(s), 0 minute(s), 6 second(s), 632 millisecond(s)

Fitness: 297112

0	2	1	0	1	2	0	0	0	0	2	0	0	2	0	0	1	1	2	3	0	1	0	0	0	0	1	2	
0	2	1	3	3	1	0	2	0	2	3	0	0	0	1	0	2	2	0	3	3	0	0	2	0	0	1	2	
1	2	2	0	2	1	0	2	0	0	2	0	0	0	0	1	1	2	0	3	2	1	0	2	1	0	1	2	
0	2	2	0	3	1	0	2	0	0	2	0	0	0	0	0	1	2	0	0	2	1	0	1	0	3	1	2	
0	2	0	0	2	1	0	0	0	0	2	0	3	0	3	0	2	2	0	0	0	2	0	1	1	0	2	2	
0	0	1	3	3	0	1	2	0	0	2	0	1	2	0	0	1	2	0	0	2	1	0	1	0	0	1	2	
0	2	2	0	2	1	0	0	0	2	2	0	3	2	3	0	1	2	0	0	0	2	1	2	0	0	1	1	
0	0	1	0	2	1	2	2	0	0	2	0	0	0	0	0	2	2	0	0	2	1	0	0	0	0	1	1	
1	1	1	3	2	1	0	3	0	0	2	0	0	0	0	0	0	2	0	0	2	2	0	1	0	0	1	2	
0	2	1	0	2	1	1	2	0	2	2	0	0	0	0	0	2	2	0	0	2	1	0	0	1	0	0	2	
1	1	1	0	2	1	0	2	0	0	2	0	0	0	0	0	1	2	0	0	2	1	0	1	0	2	1	2	
0	2	0	0	2	1	1	2	0	1	2	0	0	2	0	0	1	2	0	0	2	2	0	2	0	0	2	2	
0	0	1	1	2	3	1	2	0	0	2	0	0	0	2	0	1	2	1	0	0	0	1	2	0	0	1	2	
1	1	1	0	0	1	1	2	0	0	2	0	0	2	0	0	0	2	0	3	2	0	0	1	1	2	1	0	
1	2	1	3	3	2	0	2	0	0	2	0	0	0	0	0	1	0	0	0	2	1	0	0	0	0	1	2	
0	2	1	3	2	0	0	0	0	0	2	0	0	0	0	0	1	2	0	0	0	3	0	2	0	0	0	2	
0	2	1	0	2	0	0	2	1	0	2	0	0	0	0	0	1	2	0	3	2	0	3	2	0	0	1	2	
0	0	2	3	0	1	0	2	1	0	3	0	0	0	2	0	1	1	0	0	2	1	0	2	0	0	0	1	
0	2	1	0	3	1	0	0	0	0	3	0	0	0	2	2	1	2	0	0	2	1	0	2	0	0	2	1	
0	2	1	0	0	1	0	2	2	2	2	0	0	0	0	0	1	2	0	0	0	1	0	2	1	0	2	2	
0	2	0	0	2	1	0	2	0	0	2	0	0	0	0	0	1	2	0	0	1	3	3	0	0	2	1	2	
1	2	2	0	2	1	0	0	1	0	2	0	0	0	0	0	1	2	0	0	2	0	0	0	0	2	1	0	
3	1	1	0	2	1	1	2	0	0	2	0	0	0	0	2	1	2	0	3	0	1	0	1	0	0	1	2	
0	2	1	0	2	0	0	2	0	0	2	0	0	2	0	0	1	2	0	0	2	1	1	0	0	0	2	2	
0	2	2	0	0	1	0	2	1	0	2	3	3	0	0	1	1	2	0	1	2	0	0	2	0	0	0	2	
0	2	2	3	2	1	2	2	0	0	3	0	0	0	2	0	1	1	0	0	0	1	0	2	0	0	1	2	
0	0	1	0	2	1	0	2	0	0	2	0	0	0	0	0	0	2	0	0	2	1	0	2	0	2	0	2	
0	0	0	0	2	1	0	2	1	0	2	0	0	0	0	0	1	1	0	0	2	1	0	2	0	0	1	2	
0	2	1	1	2	3	0	0	0	0	2	0	0	1	2	0	1	2	0	0	2	1	0	0	0	3	1	1	
0	2	1	0	2	1	1	3	0	0	2	0	0	0	0	0	1	2	0	0	3	1	0	2	2	0	1	2	
0	2	1	0	3	3	0	3	0	0	1	0	0	0	0	0	1	2	0	0	2	0	0	0	0	2	2	2	
0	2	1	3	2	1	0	2	0	0	3	0	0	2	2	0	1	2	0	0	2	1	1	0	0	0	1	1	
0	2	1	0	1	0	0	3	0	0	2	0	0	0	0	0	2	2	0	0	2	1	1	2	0	0	0	0	
0	1	1	0	1	0	0	2	0	2	2	0	3	0	2	0	1	2	0	0	2	1	0	2	0	2	1	2	
0	1	1	0	2	1	0	3	0	0	2	0	0	0	0	0	1	2	0	0	2	1	0	2	0	0	1	2	
0	2	0	0	2	2	0	2	0	0	2	0	0	0	0	2	1	2	0	0	2	1	0	2	0	0	1	2	
0	0	0	0	2	3	0	2	0	0	2	0	0	0	0	0	1	1	0	0	2	1	0	2	0	0	1	2	
0	2	2	0	3	1	0	2	1	0	2	0	0	0	2	2	2	2	1	0	2	1	0	1	0	0	1	2	
3	0	1	0	2	0	0	2	0	2	2	0	0	0	0	0	1	1	1	0	2	3	1	2	0	0	1	1	
0	2	1	0	2	1	0	2	0	1	3	0	3	0	2	0	2	2	2	0	2	2	1	0	0	0	2	2	
0	2	1	0	2	0	0	2	1	0	1	0	1	2	0	0	1	2	0	0	3	1	1	1	0	0	1	0	
0	2	2	0	2	0	0	0	0	0	2	0	0	0	0	0	0	1	0	0	3	3	1	2	0	2	1	2	
0	1	0	0	2	1	0	3	0	0	3	0	0	0	0	0	1	2	0	0	3	3	0	2	0	0	1	1	
0	2	1	0	2	1	2	2	0	0	2	2	0	2	2	0	2	1	0	0	2	1	0	2	0	0	0	0	
0	2	0	0	2	1	0	2	0	0	2	0	0	2	0	2	1	1	0	0	2	1	0	2	0	0	2	2	
0	2	1	0	2	1	0	0	2	0	2	0	0	2	0	0	1	2	0	0	2	2	0	2	0	0	1	2	
0	0	1	0	2	0	0	0	0	2	3	0	3	1	0	0	1	2	2	0	2	1	0	0	0	2	1	2	
0	1	2	0	2	1	0	3	0	2	2	0	3	0	0	0	1	2	0	0	2	1	1	2	0	0	1	2	
1	2	1	0	0	1	1	0	0	0	2	0	0	0	2	0	1	2	2	0	0	1	0	2	0	0	1	2	
0	1	1	0	2	0	0	0	2	0	3	0	0	0	0	2	2	2	0	0	2	1	0	2	0	0	1	2	
0	2	1	0	3	1	0	2	0	0	2	0	0	0	0	0	1	2	0	0	3	1	0	2	0	2	1	2	
0	2	1	0	2	1	0	2	1	0	2	0	0	0	0	0	1	2	0	3	1	1	0	2	0	0	1	1	
0	2	1	0	2	1	0	2	0	2	2	0	0	0	0	0	1	2	0	0	2	1	0	2	0	0	1	1	
0	0	1	0	2	3	1	2	0	1	2	0	0	0	0	0	1	1	0	0	1	1	0	2	0	0	1	2	
1	1	1	0	2	3	1	3	1	0	2	0	0	0	2	0	2	2	0	0	0	1	3	2	0	0	0	2	
0	2	2	0	2	3	0	3	0	0	2	0	0	1	0	0	1	1	0	1	0	0	0	2	1	0	1	2	
0	2	1	0	2	1	0	2	1	0	2	2	0	0	0	0	2	2	0	0	1	1	0	2	0	0	0	2	
0	2	1	0	0	1	1	2	0	0	2	0	0	0	0	0	1	2	0	0	2	1	0	0	0	0	2	2	
0	2	1	0	2	1	0	3	1	2	3	0	0	0	0	2	1	1	0	0	0	1	0	1	0	0	2	2	
0	2	1	0	2	1	0	2	0	0	2	0	0	0	0	0	1	2	2	0	2	1	0	2	0	0	0	1	
--------------------

--------------------
Best Solution Found!
--------------------
Time: 0 hour(s), 0 minute(s), 31 second(s), 207 millisecond(s)

Fitness: 297086

0	2	1	1	0	1	0	2	1	0	2	0	0	0	0	0	1	2	0	0	0	1	0	2	0	0	2	2	
0	2	1	0	2	3	1	2	0	1	2	0	0	0	0	0	1	1	0	0	2	1	0	1	0	0	1	1	
0	2	2	0	3	3	0	3	0	0	2	0	0	0	2	2	1	2	0	0	2	1	1	2	0	0	1	2	
0	2	1	0	2	3	0	2	2	1	1	0	0	0	0	0	1	2	0	3	2	1	0	2	0	0	0	2	
0	1	0	0	2	1	0	0	0	0	3	0	0	0	0	2	1	2	1	0	3	1	0	2	1	0	2	2	
0	1	0	0	1	1	0	2	0	0	2	0	0	0	2	0	1	1	0	3	2	3	0	2	0	0	1	1	
0	2	1	0	2	1	0	2	0	0	3	0	0	2	0	0	1	2	0	0	0	1	1	2	0	0	1	2	
1	2	2	3	2	1	0	2	0	0	3	0	0	0	0	1	1	1	0	0	2	2	0	2	1	0	0	2	
0	2	1	0	3	1	0	2	0	0	2	0	1	0	0	0	1	1	0	0	2	2	0	1	0	0	2	0	
0	2	1	0	2	2	0	0	0	0	3	0	3	0	0	0	1	2	2	0	0	1	3	1	0	0	0	2	
0	0	2	3	2	1	0	3	0	0	2	0	0	0	0	0	1	2	0	0	2	3	0	2	0	0	1	1	
0	0	1	0	2	1	0	3	0	2	1	0	3	2	0	0	1	2	0	0	3	1	1	2	0	0	1	2	
0	2	1	0	2	1	2	2	0	0	2	0	0	0	2	0	0	0	0	1	2	1	1	1	0	0	0	1	
0	2	1	0	2	2	0	2	2	0	2	0	0	0	0	0	1	2	0	0	2	0	0	2	0	0	1	2	
0	2	1	0	2	0	0	2	1	0	2	0	0	2	2	0	1	2	0	0	1	1	0	2	0	0	1	2	
0	0	0	0	2	3	0	2	1	2	2	0	0	0	0	0	1	1	0	0	2	1	0	2	0	2	1	2	
0	2	1	0	2	1	0	2	0	0	2	0	0	2	2	0	1	2	0	0	2	2	0	2	0	2	2	2	
0	2	1	0	2	0	0	0	2	2	3	2	0	2	0	0	0	1	0	0	2	0	0	0	0	0	1	2	
0	0	1	0	3	1	0	2	0	0	2	0	0	0	0	0	2	2	1	0	3	1	0	2	1	0	0	2	
1	1	1	0	2	1	0	0	0	0	2	0	0	2	0	0	1	2	0	0	3	2	0	2	0	0	1	2	
0	0	1	0	2	3	0	2	1	0	2	0	0	0	0	0	0	2	0	0	0	1	0	0	0	0	1	2	
0	2	2	0	3	1	1	3	0	0	2	0	3	1	0	0	1	2	2	0	1	1	0	2	0	0	0	1	
0	2	2	3	2	0	1	2	0	0	2	0	0	0	2	0	1	2	0	0	2	1	0	2	0	0	1	2	
0	2	2	0	3	0	0	2	0	0	3	0	0	0	0	0	2	2	0	3	2	0	1	2	1	0	1	2	
3	2	1	0	0	0	1	3	0	0	2	0	0	0	0	0	1	1	0	0	2	1	3	0	0	2	1	2	
1	2	1	3	2	1	0	2	0	0	2	0	0	0	0	0	1	2	2	0	0	0	1	2	0	0	2	2	
0	1	1	0	1	1	0	0	0	0	2	0	0	0	0	0	1	1	0	0	2	1	0	2	0	0	1	2	
0	0	1	0	2	1	0	2	0	0	2	0	0	0	0	0	1	1	0	0	0	1	0	2	0	0	1	2	
1	2	1	0	2	1	0	2	1	0	2	0	0	0	0	0	2	2	0	0	2	1	0	2	2	0	1	0	
0	1	1	0	2	1	0	2	0	0	2	3	3	0	0	0	1	2	0	3	2	1	0	2	0	0	1	1	
1	1	1	0	2	1	0	2	0	0	2	0	0	2	0	0	2	2	0	0	0	1	0	0	0	0	2	2	
1	1	0	0	2	1	2	2	0	0	2	0	0	0	0	0	1	1	0	0	0	1	3	1	1	0	1	1	
0	1	1	0	2	1	0	0	0	2	2	0	0	0	3	0	1	2	0	0	2	2	0	1	0	0	1	2	
0	2	1	0	2	0	0	2	1	2	2	0	0	2	0	0	2	2	0	0	2	1	0	1	0	0	1	2	
0	2	0	0	2	1	1	3	0	0	3	0	0	0	0	0	0	2	0	0	1	1	0	1	0	0	1	2	
0	0	1	0	2	0	0	2	0	2	2	0	0	1	2	0	1	2	0	1	3	3	0	1	0	2	0	2	
0	0	1	3	2	3	0	2	0	0	2	0	0	0	0	0	1	2	0	0	2	3	0	2	0	2	1	2	
0	1	1	3	3	0	1	3	0	2	2	0	0	2	0	2	1	2	1	0	2	1	0	2	0	2	1	2	
1	2	1	0	2	1	0	2	0	0	2	0	0	0	2	0	1	2	0	0	2	1	0	2	0	0	1	1	
0	2	1	0	2	2	0	2	0	0	2	0	0	0	0	0	1	2	0	0	2	0	0	2	0	0	1	2	
3	1	0	0	2	1	0	0	0	0	2	0	0	0	0	0	1	2	0	0	2	2	0	2	0	0	0	2	
0	2	1	0	3	1	0	2	1	0	3	0	0	2	0	2	1	2	0	0	2	1	0	0	0	0	1	1	
0	2	0	0	2	1	1	0	0	0	2	0	3	0	0	0	1	2	0	0	2	1	1	0	0	2	1	2	
0	2	1	0	2	1	1	2	0	0	2	0	0	0	2	0	2	2	0	0	2	1	0	2	0	3	1	0	
0	2	1	0	2	1	1	2	0	0	2	2	0	0	0	0	1	1	0	0	2	1	0	0	0	3	1	0	
0	2	1	3	2	1	0	0	1	0	2	0	0	0	2	0	2	2	0	0	2	1	0	2	0	2	2	2	
0	2	1	0	2	3	0	2	0	0	2	0	0	0	2	2	1	2	0	0	2	3	0	2	0	0	0	2	
1	2	2	0	2	1	0	0	0	0	2	0	0	0	3	0	2	2	0	0	0	1	0	0	0	0	1	2	
0	2	2	0	2	1	0	0	0	0	2	0	3	2	0	0	1	2	0	0	0	1	1	0	0	2	1	2	
0	2	1	0	2	0	1	3	0	0	2	0	1	0	0	0	2	2	2	0	2	1	0	2	0	0	1	2	
0	2	1	0	3	1	1	2	0	2	2	0	0	0	0	0	2	2	0	3	2	0	0	0	0	2	1	2	
0	2	1	1	2	0	0	2	0	0	2	0	0	0	0	0	1	2	0	0	2	1	0	2	0	0	2	2	
0	0	0	3	1	1	0	2	1	0	2	0	0	0	0	0	2	2	0	0	1	1	0	0	0	0	1	0	
0	2	2	0	2	1	0	2	0	2	3	0	0	0	0	1	1	2	0	0	0	0	0	2	1	0	1	2	
0	2	2	0	0	0	0	2	0	0	2	0	0	0	0	0	1	1	0	3	2	1	0	2	0	0	1	2	
0	2	1	0	0	1	0	3	0	0	2	0	0	0	0	0	1	2	0	0	3	1	0	0	0	0	1	2	
0	2	1	0	2	1	0	3	0	0	2	0	0	0	0	0	1	2	0	3	2	1	1	0	0	0	2	2	
0	2	1	0	0	1	0	2	1	2	2	0	0	0	2	2	1	2	2	0	2	1	0	2	0	0	1	2	
0	0	2	0	2	1	2	2	1	0	2	0	3	1	1	2	1	2	0	0	2	0	0	1	0	0	2	1	
0	2	1	0	0	1	0	0	0	1	3	0	0	0	0	0	1	2	0	0	0	1	1	2	0	0	0	1	
--------------------

--------------------
Best Solution Found!
--------------------
Time: 0 hour(s), 0 minute(s), 31 second(s), 210 millisecond(s)

Fitness: 297086

0	2	1	1	0	1	0	2	1	0	2	0	0	0	0	0	1	2	0	0	0	1	0	2	0	0	2	2	
0	2	1	0	2	3	1	2	0	1	2	0	0	0	0	0	1	1	0	0	2	1	0	1	0	0	1	1	
0	2	2	0	3	3	0	3	0	0	2	0	0	0	2	2	1	2	0	0	2	1	1	2	0	0	1	2	
0	2	1	0	2	3	0	2	2	1	1	0	0	0	0	0	1	2	0	3	2	1	0	2	0	0	0	2	
0	1	0	0	2	1	0	0	0	0	3	0	0	0	0	2	1	2	1	0	3	1	0	2	1	0	2	2	
0	1	0	0	1	1	0	2	0	0	2	0	0	0	2	0	1	1	0	3	2	3	0	2	0	0	1	1	
0	2	1	0	2	1	0	2	0	0	3	0	0	2	0	0	1	2	0	0	0	1	1	2	0	0	1	2	
1	2	2	3	2	1	0	2	0	0	3	0	0	0	0	1	1	1	0	0	2	2	0	2	1	0	0	2	
0	2	1	0	3	1	0	2	0	0	2	0	1	0	0	0	1	1	0	0	2	2	0	1	0	0	2	0	
0	2	1	0	2	2	0	0	0	0	3	0	3	0	0	0	1	2	2	0	0	1	3	1	0	0	0	2	
0	0	2	3	2	1	0	3	0	0	2	0	0	0	0	0	1	2	0	0	2	3	0	2	0	0	1	1	
0	0	1	0	2	1	0	3	0	2	1	0	3	2	0	0	1	2	0	0	3	1	1	2	0	0	1	2	
0	2	1	0	2	1	2	2	0	0	2	0	0	0	2	0	0	0	0	1	2	1	1	1	0	0	0	1	
0	2	1	0	2	2	0	2	2	0	2	0	0	0	0	0	1	2	0	0	2	0	0	2	0	0	1	2	
0	2	1	0	2	0	0	2	1	0	2	0	0	2	2	0	1	2	0	0	1	1	0	2	0	0	1	2	
0	0	0	0	2	3	0	2	1	2	2	0	0	0	0	0	1	1	0	0	2	1	0	2	0	2	1	2	
0	2	1	0	2	1	0	2	0	0	2	0	0	2	2	0	1	2	0	0	2	2	0	2	0	2	2	2	
0	2	1	0	2	0	0	0	2	2	3	2	0	2	0	0	0	1	0	0	2	0	0	0	0	0	1	2	
0	0	1	0	3	1	0	2	0	0	2	0	0	0	0	0	2	2	1	0	3	1	0	2	1	0	0	2	
1	1	1	0	2	1	0	0	0	0	2	0	0	2	0	0	1	2	0	0	3	2	0	2	0	0	1	2	
0	0	1	0	2	3	0	2	1	0	2	0	0	0	0	0	0	2	0	0	0	1	0	0	0	0	1	2	
0	2	2	0	3	1	1	3	0	0	2	0	3	1	0	0	1	2	2	0	1	1	0	2	0	0	0	1	
0	2	2	3	2	0	1	2	0	0	2	0	0	0	2	0	1	2	0	0	2	1	0	2	0	0	1	2	
0	2	2	0	3	0	0	2	0	0	3	0	0	0	0	0	2	2	0	3	2	0	1	2	1	0	1	2	
3	2	1	0	0	0	1	3	0	0	2	0	0	0	0	0	1	1	0	0	2	1	3	0	0	2	1	2	
1	2	1	3	2	1	0	2	0	0	2	0	0	0	0	0	1	2	2	0	0	0	1	2	0	0	2	2	
0	1	1	0	1	1	0	0	0	0	2	0	0	0	0	0	1	1	0	0	2	1	0	2	0	0	1	2	
0	0	1	0	2	1	0	2	0	0	2	0	0	0	0	0	1	1	0	0	0	1	0	2	0	0	1	2	
1	2	1	0	2	1	0	2	1	0	2	0	0	0	0	0	2	2	0	0	2	1	0	2	2	0	1	0	
0	1	1	0	2	1	0	2	0	0	2	3	3	0	0	0	1	2	0	3	2	1	0	2	0	0	1	1	
1	1	1	0	2	1	0	2	0	0	2	0	0	2	0	0	2	2	0	0	0	1	0	0	0	0	2	2	
1	1	0	0	2	1	2	2	0	0	2	0	0	0	0	0	1	1	0	0	0	1	3	1	1	0	1	1	
0	1	1	0	2	1	0	0	0	2	2	0	0	0	3	0	1	2	0	0	2	2	0	1	0	0	1	2	
0	2	1	0	2	0	0	2	1	2	2	0	0	2	0	0	2	2	0	0	2	1	0	1	0	0	1	2	
0	2	0	0	2	1	1	3	0	0	3	0	0	0	0	0	0	2	0	0	1	1	0	1	0	0	1	2	
0	0	1	0	2	0	0	2	0	2	2	0	0	1	2	0	1	2	0	1	3	3	0	1	0	2	0	2	
0	0	1	3	2	3	0	2	0	0	2	0	0	0	0	0	1	2	0	0	2	3	0	2	0	2	1	2	
0	1	1	3	3	0	1	3	0	2	2	0	0	2	0	2	1	2	1	0	2	1	0	2	0	2	1	2	
1	2	1	0	2	1	0	2	0	0	2	0	0	0	2	0	1	2	0	0	2	1	0	2	0	0	1	1	
0	2	1	0	2	2	0	2	0	0	2	0	0	0	0	0	1	2	0	0	2	0	0	2	0	0	1	2	
3	1	0	0	2	1	0	0	0	0	2	0	0	0	0	0	1	2	0	0	2	2	0	2	0	0	0	2	
0	2	1	0	3	1	0	2	1	0	3	0	0	2	0	2	1	2	0	0	2	1	0	0	0	0	1	1	
0	2	0	0	2	1	1	0	0	0	2	0	3	0	0	0	1	2	0	0	2	1	1	0	0	2	1	2	
0	2	1	0	2	1	1	2	0	0	2	0	0	0	2	0	2	2	0	0	2	1	0	2	0	3	1	0	
0	2	1	0	2	1	1	2	0	0	2	2	0	0	0	0	1	1	0	0	2	1	0	0	0	3	1	0	
0	2	1	3	2	1	0	0	1	0	2	0	0	0	2	0	2	2	0	0	2	1	0	2	0	2	2	2	
0	2	1	0	2	3	0	2	0	0	2	0	0	0	2	2	1	2	0	0	2	3	0	2	0	0	0	2	
1	2	2	0	2	1	0	0	0	0	2	0	0	0	3	0	2	2	0	0	0	1	0	0	0	0	1	2	
0	2	2	0	2	1	0	0	0	0	2	0	3	2	0	0	1	2	0	0	0	1	1	0	0	2	1	2	
0	2	1	0	2	0	1	3	0	0	2	0	1	0	0	0	2	2	2	0	2	1	0	2	0	0	1	2	
0	2	1	0	3	1	1	2	0	2	2	0	0	0	0	0	2	2	0	3	2	0	0	0	0	2	1	2	
0	2	1	1	2	0	0	2	0	0	2	0	0	0	0	0	1	2	0	0	2	1	0	2	0	0	2	2	
0	0	0	3	1	1	0	2	1	0	2	0	0	0	0	0	2	2	0	0	1	1	0	0	0	0	1	0	
0	2	2	0	2	1	0	2	0	2	3	0	0	0	0	1	1	2	0	0	0	0	0	2	1	0	1	2	
0	2	2	0	0	0	0	2	0	0	2	0	0	0	0	0	1	1	0	3	2	1	0	2	0	0	1	2	
0	2	1	0	0	1	0	3	0	0	2	0	0	0	0	0	1	2	0	0	3	1	0	0	0	0	1	2	
0	2	1	0	2	1	0	3	0	0	2	0	0	0	0	0	1	2	0	3	2	1	1	0	0	0	2	2	
0	2	1	0	0	1	0	2	1	2	2	0	0	0	2	2	1	2	2	0	2	1	0	2	0	0	1	2	
0	0	2	0	2	1	2	2	1	0	2	0	3	1	1	2	1	2	0	0	2	0	0	1	0	0	2	1	
0	2	1	0	0	1	0	0	0	1	3	0	0	0	0	0	1	2	0	0	0	1	1	2	0	0	0	1	
--------------------

--------------------
Best Solution Found!
--------------------
Time: 0 hour(s), 0 minute(s), 31 second(s), 617 millisecond(s)

Fitness: 296077

0	1	2	0	2	1	0	2	0	0	2	0	0	2	1	0	1	1	0	0	1	1	0	0	0	0	1	2	
0	2	1	0	2	1	1	2	0	0	2	0	0	0	0	0	1	2	0	0	2	0	1	2	0	2	2	2	
1	2	2	0	2	1	0	3	0	0	2	0	0	0	0	0	1	2	1	3	2	1	0	2	0	0	1	1	
1	2	1	0	2	1	2	2	2	0	2	0	0	0	0	0	1	1	0	0	2	1	0	0	0	0	1	2	
0	2	2	0	2	2	0	2	0	0	2	0	0	1	0	0	1	2	0	0	2	1	0	2	0	2	1	1	
0	0	1	0	2	0	0	0	0	0	2	0	0	0	0	0	1	2	0	0	0	0	0	2	0	0	1	2	
0	2	0	3	3	1	0	2	1	2	2	0	0	0	0	0	2	1	0	0	0	1	0	2	0	0	0	1	
1	2	1	0	2	1	0	2	2	0	2	0	3	0	0	0	1	2	0	0	0	1	0	0	0	0	1	1	
0	2	2	0	2	1	0	2	0	2	3	0	0	0	0	0	2	2	0	0	3	3	3	2	0	0	1	2	
1	0	0	3	2	0	0	0	0	0	2	0	0	0	0	0	1	2	0	0	2	1	0	2	1	0	1	2	
0	2	1	0	2	0	1	2	0	0	2	0	3	0	0	0	0	2	0	0	2	0	0	2	0	0	1	2	
0	2	1	0	2	1	0	0	0	0	2	0	0	0	0	0	1	2	0	0	0	1	0	2	0	0	2	2	
0	2	1	0	2	1	0	2	2	0	3	0	0	1	0	1	1	2	2	0	0	1	0	1	0	0	1	2	
0	1	1	0	2	1	0	0	0	2	2	0	0	0	0	0	1	2	0	0	2	1	3	1	0	0	1	2	
0	1	1	0	2	1	0	0	0	2	2	0	3	2	0	0	1	2	0	0	2	1	0	0	0	0	0	2	
0	0	1	3	3	1	0	2	0	0	2	0	0	0	2	2	1	2	0	1	1	1	0	2	0	0	0	0	
0	2	1	0	1	1	0	3	1	0	2	0	0	0	0	0	1	2	0	0	2	0	0	0	0	0	2	1	
0	2	1	0	2	3	1	3	1	0	3	0	0	0	2	0	1	2	0	0	2	1	0	2	0	0	1	2	
0	1	1	0	2	2	0	2	0	0	2	0	0	2	2	0	1	2	0	0	2	1	0	2	0	0	1	1	
0	2	1	3	2	1	1	2	0	0	2	0	0	0	0	0	1	1	0	0	0	1	0	0	0	0	1	2	
0	1	1	0	1	1	0	3	1	2	3	0	0	0	2	0	1	2	0	0	2	1	0	0	0	0	0	1	
0	2	1	0	2	1	0	2	0	2	2	0	0	0	0	0	1	2	0	0	2	2	0	2	0	0	0	0	
0	2	1	0	2	1	0	0	1	0	2	0	0	0	0	0	2	2	0	0	2	1	0	0	0	0	0	2	
0	1	1	0	2	1	1	3	0	0	2	0	0	0	0	0	1	2	0	0	2	1	0	2	0	0	0	2	
0	2	1	0	2	3	0	2	0	0	2	0	0	2	0	0	1	2	0	0	2	1	0	1	0	0	1	2	
0	2	1	0	2	3	1	2	0	0	2	0	0	0	0	0	1	2	2	0	2	1	1	2	0	0	1	2	
0	0	1	0	2	1	0	2	1	0	2	0	0	0	0	0	1	2	2	3	2	3	0	2	1	0	1	2	
0	0	1	0	2	0	0	3	0	2	2	0	0	2	0	2	2	2	0	0	2	1	0	2	0	0	1	2	
0	2	1	0	0	0	0	3	0	2	3	0	0	0	0	0	1	2	0	3	3	0	0	1	1	2	1	2	
0	2	2	0	3	3	2	2	1	0	3	0	0	0	0	2	1	2	1	0	3	1	0	2	0	2	1	0	
3	2	1	0	2	3	0	0	0	0	2	0	0	2	2	0	1	2	0	0	2	2	0	1	0	0	2	1	
0	0	2	3	0	1	0	3	0	0	3	0	0	2	2	0	1	1	0	0	0	1	0	1	0	0	1	2	
3	2	1	0	2	0	0	2	0	0	2	2	0	0	0	0	1	2	2	0	2	1	1	2	0	0	1	2	
0	1	2	0	2	1	0	0	0	0	2	0	0	0	2	0	1	2	0	0	3	0	1	1	0	0	1	2	
0	1	1	0	2	1	0	2	0	0	2	0	0	0	0	0	1	2	0	0	2	3	0	1	0	2	1	2	
0	2	1	0	2	1	1	0	0	0	3	0	0	0	2	2	2	2	0	0	0	1	0	2	0	2	1	2	
0	2	1	0	2	1	0	2	0	0	2	0	3	2	0	0	1	0	0	0	2	3	0	2	1	0	1	0	
1	1	1	1	2	1	0	3	0	0	2	3	0	0	0	0	2	2	1	0	2	1	0	2	0	2	1	1	
1	2	2	0	3	1	0	2	0	0	2	0	1	0	0	0	1	2	0	0	2	1	1	2	0	0	1	2	
0	2	1	1	0	2	0	0	0	0	2	0	0	0	0	0	1	1	0	0	2	1	0	2	0	0	2	2	
0	2	0	0	2	1	0	2	0	0	1	0	3	0	2	0	1	1	0	0	2	1	0	1	0	0	1	1	
0	2	2	3	3	0	0	2	0	0	2	2	0	0	0	0	1	2	0	0	2	1	0	2	0	3	1	0	
0	2	1	0	2	0	0	0	0	0	2	0	0	2	0	0	1	2	0	0	1	1	0	0	0	0	1	2	
1	1	2	0	3	1	0	2	0	2	2	0	0	0	2	0	1	2	0	0	2	1	1	1	0	0	2	2	
0	2	1	0	3	1	0	2	0	0	2	0	0	0	0	0	0	2	0	0	2	1	0	2	0	2	1	2	
0	2	1	0	2	1	0	2	0	1	2	0	0	0	0	1	1	1	0	3	0	1	0	0	0	0	0	2	
0	0	1	0	2	1	1	2	0	0	2	0	3	2	0	2	1	2	0	0	2	2	1	2	0	0	0	1	
1	0	1	0	2	1	1	2	0	0	2	0	0	0	0	0	1	2	2	0	3	1	1	2	0	0	1	2	
0	2	0	0	0	3	0	2	1	0	1	0	0	0	0	0	1	1	0	3	2	2	1	0	0	0	1	2	
0	2	0	3	2	1	0	2	0	0	2	0	0	0	0	0	0	2	0	0	3	1	0	2	0	0	1	2	
0	2	0	0	0	1	0	2	0	0	3	0	0	0	2	0	2	2	0	0	2	2	0	2	1	0	1	2	
0	2	1	0	2	1	0	2	0	0	2	0	0	1	2	0	2	2	0	0	0	1	0	0	1	2	0	2	
0	2	0	0	2	1	1	2	0	2	2	0	0	0	3	2	2	2	0	0	2	2	3	2	0	0	1	2	
0	2	0	0	2	1	0	2	0	0	2	0	0	0	3	0	1	1	0	0	1	1	0	2	0	0	2	2	
0	2	2	0	1	0	0	2	0	0	3	0	3	0	0	0	2	1	0	0	2	1	0	2	0	0	1	2	
0	2	1	0	2	0	0	3	1	1	2	0	0	0	0	0	0	2	0	0	0	1	1	0	0	2	1	2	
0	2	1	0	0	3	0	2	1	0	2	0	0	0	0	0	1	1	0	3	2	3	0	2	0	3	2	2	
0	0	1	0	3	1	2	2	0	0	2	0	0	0	0	2	1	2	0	0	2	0	0	2	0	0	2	2	
0	2	1	0	2	1	1	0	0	0	2	0	1	2	0	0	1	2	0	1	0	0	0	2	0	0	1	2	
0	0	1	3	2	0	0	2	1	1	2	0	0	0	0	0	2	2	0	3	2	1	0	2	2	0	2	2	
--------------------

--------------------
Best Solution Found!
--------------------
Time: 0 hour(s), 1 minute(s), 5 second(s), 380 millisecond(s)

Fitness: 296070

0	2	1	0	2	1	0	2	0	0	2	0	0	0	0	0	0	2	0	0	0	1	1	1	0	0	1	2	
0	2	1	0	2	1	0	0	0	0	2	0	0	2	0	0	0	2	0	0	3	1	1	2	1	0	1	1	
0	2	1	0	0	1	0	2	0	0	2	0	0	0	0	0	1	2	0	0	0	1	0	0	0	0	1	2	
0	0	2	0	3	1	0	2	0	0	3	0	0	0	2	0	2	2	0	0	0	1	0	2	0	0	1	2	
0	0	0	0	2	0	0	0	0	0	2	3	3	0	0	0	1	2	0	0	2	1	0	0	0	0	0	2	
1	2	2	3	2	1	0	2	0	0	2	0	0	0	0	0	1	2	2	0	2	1	0	2	0	0	0	2	
0	1	1	0	3	3	0	2	0	0	2	0	3	0	0	2	1	2	0	3	3	1	0	2	1	0	1	1	
1	1	0	3	2	1	0	3	0	2	2	0	0	2	0	2	1	2	0	0	2	1	0	2	0	0	1	2	
3	2	2	0	2	1	0	2	0	0	2	0	1	0	2	0	1	2	0	0	2	2	1	2	0	0	1	2	
0	0	2	0	2	2	0	0	0	1	2	0	0	0	0	0	1	2	0	0	0	0	0	1	0	0	1	2	
0	0	1	0	2	1	1	2	1	0	2	0	3	2	0	0	1	2	1	0	0	2	0	2	0	0	1	2	
0	1	1	0	2	1	0	0	2	0	2	0	3	0	0	0	2	2	2	3	0	0	0	0	0	0	1	2	
0	2	1	0	2	0	0	2	0	0	2	0	0	0	2	0	1	1	0	0	2	1	0	2	0	0	1	2	
0	0	1	0	2	1	0	2	1	1	2	0	0	0	0	2	1	2	0	0	2	1	0	2	0	3	1	1	
0	2	1	0	2	3	0	2	0	0	2	2	0	0	0	0	0	2	0	0	2	1	0	2	0	2	0	1	
0	2	1	0	3	1	0	3	0	0	2	0	0	0	2	1	1	2	0	3	2	1	0	0	0	3	1	1	
0	1	1	0	2	1	1	2	0	2	2	0	0	1	0	0	1	2	0	0	2	3	0	2	0	0	1	2	
0	2	1	0	2	0	1	2	0	0	2	0	3	1	0	0	1	1	2	0	1	1	0	2	0	2	1	2	
0	1	1	0	2	3	0	3	0	0	2	0	0	0	0	0	1	1	0	0	3	2	0	1	0	0	1	2	
0	2	2	0	2	1	0	2	0	0	2	0	0	0	0	2	1	2	0	0	0	1	0	2	0	0	2	2	
0	2	1	0	1	1	0	0	1	1	2	0	0	0	2	0	2	1	0	0	2	1	0	0	0	0	2	2	
0	1	2	3	3	0	0	2	0	0	2	0	0	0	0	0	1	1	0	3	2	0	1	2	0	0	0	2	
0	2	1	0	2	3	1	0	1	0	1	0	0	2	0	0	1	2	1	0	3	3	1	1	0	0	1	0	
0	2	1	0	2	3	0	3	0	0	2	0	0	0	0	0	1	2	0	3	2	1	0	2	1	0	0	0	
0	0	1	0	2	1	1	2	0	0	2	0	0	0	0	0	1	1	2	0	0	1	0	0	0	0	1	0	
0	2	1	3	0	1	0	2	0	0	2	0	0	0	0	0	1	2	0	0	2	1	1	1	0	0	0	1	
0	2	0	0	2	1	1	2	1	0	2	0	0	0	2	0	1	2	0	0	3	3	0	2	0	0	1	2	
1	2	1	3	2	1	0	2	0	0	2	0	0	0	0	0	1	2	0	0	2	1	0	2	0	0	1	2	
3	2	1	3	1	1	0	2	1	2	2	0	0	0	0	0	1	1	0	0	2	1	0	2	0	0	2	2	
0	2	1	0	2	1	0	2	0	0	2	0	0	0	0	0	1	2	0	0	2	1	0	0	0	0	2	1	
0	0	1	0	2	3	0	0	0	0	2	0	3	0	0	0	1	2	0	0	2	1	0	2	0	0	0	0	
1	1	1	1	2	1	1	2	0	0	3	0	3	2	0	0	2	2	0	0	2	0	0	1	0	0	1	2	
0	2	1	0	0	0	0	0	0	0	2	2	0	2	2	2	1	1	1	0	2	2	1	2	1	0	2	2	
0	2	1	0	0	1	0	2	0	0	2	0	0	0	0	0	2	2	0	0	2	2	3	1	1	0	0	2	
0	2	2	0	2	1	0	3	0	0	3	0	0	0	0	0	1	2	0	0	2	1	1	2	0	2	2	1	
1	1	1	0	2	1	0	2	0	2	1	0	0	0	0	0	1	2	0	0	2	3	0	2	0	2	1	1	
0	2	2	0	3	1	0	3	2	0	3	0	0	2	3	0	0	2	0	0	1	1	1	2	0	0	1	2	
0	1	1	0	2	1	2	2	1	0	2	0	0	2	2	0	1	2	0	0	2	1	0	0	0	0	2	2	
0	2	0	0	0	0	0	2	0	0	3	0	1	0	0	2	2	1	0	0	2	1	0	2	0	0	0	2	
0	2	1	0	1	1	1	2	0	0	2	0	0	0	0	0	2	2	0	0	2	2	0	1	0	0	1	2	
1	2	1	0	3	0	0	2	0	0	2	0	0	0	0	0	1	1	0	0	0	1	1	2	0	0	1	2	
0	2	1	0	2	1	0	2	1	0	2	0	0	0	0	0	1	2	0	3	2	1	3	0	0	2	1	2	
0	2	1	0	3	0	0	3	0	0	2	0	0	0	0	0	1	2	0	0	2	1	0	2	1	2	1	2	
1	2	0	0	2	1	0	2	0	0	2	0	0	0	0	0	1	1	0	0	2	1	0	2	0	2	1	2	
0	2	1	0	2	2	0	2	1	2	2	0	0	0	0	0	1	2	0	0	0	1	0	1	0	0	1	2	
0	1	2	0	0	1	1	0	0	0	2	0	0	2	0	0	1	2	0	1	0	0	0	1	0	0	2	2	
0	2	1	0	2	0	0	0	0	0	3	0	0	0	0	0	1	2	0	0	2	0	0	2	0	0	1	2	
0	2	1	0	2	1	0	2	0	0	3	0	0	0	0	0	1	2	0	0	2	1	0	0	0	2	1	2	
1	2	1	0	2	1	0	2	2	2	2	0	0	0	2	0	1	2	0	0	1	1	0	2	0	0	1	2	
0	2	1	0	2	1	2	2	1	2	2	0	0	0	0	2	1	0	0	0	2	0	0	2	0	0	1	1	
0	2	2	0	2	1	1	0	0	0	3	0	0	0	0	0	2	1	0	0	2	1	0	2	0	2	2	2	
0	2	0	0	2	1	2	3	0	0	3	0	0	0	0	0	1	2	0	0	2	1	0	2	0	0	1	1	
0	2	1	0	2	2	0	2	0	0	2	0	0	0	2	1	1	2	0	0	2	1	0	0	0	0	1	2	
0	2	1	0	2	1	0	2	0	2	2	0	0	0	2	0	2	2	0	0	2	3	3	2	2	0	0	2	
0	2	1	3	2	0	0	3	0	2	2	0	0	2	0	0	1	2	2	0	3	0	0	0	0	0	2	2	
0	0	0	0	2	0	0	2	0	0	2	0	0	0	0	0	1	2	0	0	2	1	0	2	0	0	1	2	
0	0	0	0	2	1	0	3	0	0	2	0	0	0	1	0	1	2	0	0	2	1	0	2	0	2	1	2	
0	2	2	3	3	1	1	2	0	0	3	0	0	2	2	0	2	2	0	0	1	1	0	2	0	0	1	0	
0	0	1	1	2	1	0	0	1	0	2	0	0	0	0	0	1	2	0	1	2	1	0	0	0	0	1	2	
0	2	1	0	2	3	0	2	0	2	2	0	0	1	3	0	2	2	0	3	0	1	0	2	0	0	1	2	
--------------------

--------------------
Best Solution Found!
--------------------
Time: 0 hour(s), 1 minute(s), 14 second(s), 737 millisecond(s)

Fitness: 295115

1	1	0	0	1	2	0	2	0	0	2	0	0	1	0	0	2	2	0	0	2	0	3	2	0	0	1	2	
0	2	1	0	0	0	1	2	1	0	2	0	0	0	0	0	1	2	0	0	0	1	0	2	0	0	2	2	
0	2	2	0	2	3	0	0	0	0	2	0	0	0	0	0	1	2	0	0	2	1	0	1	0	0	2	2	
1	2	0	0	3	1	0	3	0	0	2	0	0	0	0	0	1	2	0	0	2	2	1	2	0	0	1	2	
0	2	0	0	2	1	0	0	0	0	2	0	0	0	0	0	1	2	0	0	2	1	1	0	0	0	0	2	
3	2	1	0	2	1	0	0	1	1	2	0	0	0	0	2	1	2	0	0	1	3	0	2	0	0	1	2	
0	2	1	0	2	1	0	2	0	0	2	0	3	2	0	0	0	1	0	0	2	1	0	0	0	0	0	2	
0	2	1	3	3	0	0	3	1	0	2	0	0	0	0	2	2	2	1	0	2	1	0	2	0	0	0	2	
1	0	2	3	3	2	2	2	0	0	2	0	0	0	0	0	1	2	0	0	0	1	0	0	0	0	1	2	
0	2	1	0	2	0	0	2	0	0	2	0	3	0	2	0	2	2	2	0	0	2	1	2	0	0	1	2	
0	2	0	0	3	1	0	2	1	0	3	0	0	0	0	0	0	1	0	0	2	1	0	2	1	0	0	2	
0	1	2	0	2	1	0	2	0	1	3	0	0	0	0	0	1	1	0	0	0	0	0	2	0	0	1	1	
0	0	1	0	2	1	0	2	2	2	3	0	0	0	0	2	1	2	0	0	0	1	1	2	0	0	2	2	
1	2	1	0	2	3	0	3	0	0	2	0	0	0	0	0	0	2	1	0	2	0	1	2	0	0	1	1	
0	2	1	0	3	0	0	3	0	2	2	0	0	0	0	0	1	2	0	3	2	1	0	0	0	0	1	2	
0	2	1	0	0	1	1	2	0	0	2	0	3	0	3	0	2	0	0	0	3	1	0	0	0	2	1	2	
0	0	2	1	2	0	0	2	1	0	2	0	0	2	0	0	1	2	0	0	3	1	0	2	0	2	1	2	
0	2	2	0	2	1	1	2	0	2	2	2	0	0	0	0	1	1	0	0	2	1	3	2	0	0	1	2	
0	2	1	0	2	1	0	0	0	2	3	0	0	0	2	0	1	2	0	3	2	1	0	2	1	0	1	1	
0	2	1	0	0	1	1	3	0	0	2	0	0	0	0	0	1	2	0	0	0	1	0	0	0	0	0	2	
0	2	0	0	2	1	2	2	0	0	1	0	0	0	0	0	1	1	0	0	1	1	1	2	0	0	1	2	
0	2	1	0	1	1	0	2	1	0	2	0	0	0	0	2	1	2	0	0	2	1	0	2	1	0	1	2	
0	2	1	0	2	3	0	2	1	0	2	0	0	0	1	0	1	2	0	3	2	1	0	1	0	3	1	2	
0	0	1	0	2	0	0	2	0	0	2	0	3	1	0	0	1	2	2	0	2	1	0	2	0	2	1	1	
0	2	1	0	2	3	0	0	0	0	2	0	0	0	0	0	1	2	0	0	2	1	0	0	0	0	2	2	
3	1	1	0	2	1	0	2	0	2	2	0	0	0	0	0	2	2	0	0	0	1	0	1	0	0	1	2	
0	2	1	0	2	1	1	0	0	0	2	0	0	0	2	0	1	2	2	0	3	1	0	2	0	0	1	1	
0	0	1	0	2	2	0	3	0	0	2	0	0	0	2	0	1	1	0	0	1	0	0	2	0	0	1	2	
0	1	1	0	2	0	1	2	0	2	2	0	0	0	0	0	1	2	0	0	2	1	0	1	0	0	1	2	
0	2	2	0	2	1	0	2	2	0	2	0	3	0	0	1	2	2	0	3	2	1	0	2	0	0	0	2	
0	2	1	0	2	3	0	2	0	0	3	0	0	2	2	0	1	2	0	0	2	1	0	2	0	2	2	2	
0	2	1	0	0	1	0	2	0	2	2	0	0	0	0	0	1	2	0	0	2	1	0	2	0	0	0	2	
0	2	2	3	2	1	0	2	0	2	2	0	0	0	0	0	1	2	0	0	2	1	1	0	0	0	1	2	
0	0	1	1	2	1	1	2	1	0	2	0	0	0	2	0	2	2	0	0	2	1	0	2	0	0	2	2	
0	2	1	3	2	1	0	2	0	0	2	0	0	0	0	0	1	2	0	1	2	3	0	1	0	0	1	2	
0	0	1	0	2	1	0	2	0	0	3	0	1	2	0	0	1	2	0	0	2	1	0	1	0	0	1	2	
0	1	1	0	2	1	0	2	0	0	1	0	0	0	0	0	2	2	0	0	3	3	1	1	0	2	0	1	
0	0	1	0	2	1	1	2	0	0	2	0	0	0	0	0	0	2	2	0	1	1	0	1	0	0	1	2	
0	2	2	0	0	1	0	0	0	0	3	0	0	0	0	0	1	1	0	0	2	3	0	2	0	0	1	1	
0	2	1	0	2	3	0	3	0	0	2	0	0	0	0	1	1	1	0	0	2	1	0	2	2	2	1	2	
0	2	1	0	2	1	0	2	0	0	2	0	0	0	0	0	2	2	0	0	0	1	0	2	0	0	1	2	
0	2	1	3	3	1	0	2	1	0	2	0	0	0	0	0	1	2	0	3	2	2	0	2	0	2	0	0	
0	2	1	0	2	1	0	3	0	0	2	0	0	0	0	2	1	1	0	0	0	1	1	0	0	0	1	0	
0	2	1	0	2	1	0	2	0	0	2	0	1	0	0	0	2	2	0	0	2	3	0	1	1	0	1	2	
0	2	0	3	2	1	0	2	2	0	2	0	3	0	2	0	1	2	1	0	2	1	0	0	0	2	2	2	
0	0	0	0	2	0	0	3	1	0	2	0	0	2	0	0	1	2	0	0	2	0	0	2	0	0	1	0	
0	1	1	0	2	1	0	2	0	2	2	0	0	2	2	0	1	2	0	0	2	2	0	2	0	0	1	1	
0	2	1	0	3	1	0	2	0	0	2	0	0	0	0	0	2	2	0	0	2	2	0	2	0	3	0	1	
0	1	1	0	2	0	0	2	0	0	2	0	0	2	2	0	1	2	0	0	2	1	0	2	1	0	1	2	
0	2	1	0	2	1	1	3	0	0	2	0	3	2	0	0	1	2	0	3	2	0	0	0	0	0	1	2	
0	2	1	0	2	1	0	2	0	0	2	2	0	0	0	0	1	2	0	0	0	0	0	2	0	2	2	2	
1	2	1	0	2	1	2	2	0	1	2	0	0	2	0	0	1	2	0	0	0	1	3	2	0	0	2	2	
1	1	1	3	2	1	0	2	0	0	2	0	0	0	0	0	1	2	0	0	3	1	0	2	0	0	1	2	
0	2	1	3	2	0	1	2	0	0	3	0	0	0	3	0	1	2	0	0	2	2	0	2	1	0	1	2	
1	1	1	0	3	1	0	0	0	0	2	3	0	1	0	2	1	2	0	0	0	1	0	2	0	0	1	0	
0	2	0	0	2	1	0	0	0	0	2	0	0	0	2	0	1	1	0	1	2	1	0	0	0	2	1	1	
0	1	2	0	0	0	0	0	0	0	3	0	0	0	2	2	1	1	0	3	3	1	0	0	0	0	1	2	
1	2	1	0	1	1	0	2	0	2	3	0	0	2	0	0	1	2	2	0	2	1	0	2	0	0	1	2	
0	2	2	0	2	3	1	0	0	0	2	0	0	2	2	0	1	1	0	0	2	1	1	1	0	0	1	1	
0	0	2	0	2	1	0	0	1	0	2	0	0	0	0	0	1	2	0	0	2	0	0	2	0	0	2	0	
--------------------

--------------------
Best Solution Found!
--------------------
Time: 0 hour(s), 1 minute(s), 45 second(s), 394 millisecond(s)

Fitness: 294112

0	2	1	0	2	3	1	2	0	0	2	0	0	0	0	0	2	2	1	3	2	1	0	2	0	0	1	2	
1	2	1	0	2	2	1	2	0	0	2	0	0	0	0	0	2	2	0	0	2	1	1	2	0	0	1	0	
0	0	1	0	2	1	1	2	0	1	2	0	0	0	0	2	2	2	0	0	0	1	1	2	0	0	1	2	
0	2	2	0	0	1	0	3	0	0	2	0	0	0	0	0	1	2	0	0	2	1	0	1	0	0	1	2	
0	2	1	1	2	1	0	2	1	0	3	0	3	2	0	0	2	2	1	0	2	1	0	0	0	0	1	2	
0	2	1	0	3	1	2	2	0	0	3	0	0	1	0	0	2	2	0	0	0	2	0	2	0	0	1	2	
0	2	1	0	0	1	2	3	0	0	2	0	0	0	2	2	1	2	0	0	2	1	3	2	0	0	1	2	
0	2	1	0	2	1	0	2	0	2	3	0	0	0	0	0	1	2	0	0	0	1	1	0	0	0	1	2	
0	2	1	3	3	0	0	2	2	0	2	0	3	2	0	0	0	2	0	0	2	0	0	2	0	0	1	2	
0	2	1	0	2	3	1	2	0	2	2	0	0	0	0	0	1	2	0	0	2	1	1	2	0	2	1	2	
1	1	1	0	2	1	0	2	0	0	2	0	0	2	0	0	2	2	0	0	1	2	3	2	0	2	0	2	
0	1	2	0	2	1	0	2	1	0	2	0	0	0	2	2	1	2	0	0	2	1	0	1	0	2	1	2	
0	2	1	0	1	1	0	2	0	2	2	0	0	0	0	0	1	1	0	3	3	1	1	2	0	2	0	1	
0	0	0	0	2	2	0	3	0	1	3	0	0	0	0	0	1	2	0	3	2	1	0	2	0	0	2	0	
3	2	1	3	2	0	0	0	0	0	2	0	0	0	0	0	1	2	0	0	2	1	0	2	2	0	1	1	
0	2	0	0	0	1	0	2	0	2	2	0	0	0	0	2	1	1	0	0	2	1	0	0	0	0	1	1	
0	2	1	0	2	3	0	2	0	0	2	0	0	0	0	0	1	2	2	0	2	1	1	2	0	3	2	2	
1	1	0	0	2	1	0	2	0	0	2	0	1	0	0	0	1	2	0	0	3	1	1	1	1	2	2	2	
0	0	1	0	2	0	0	3	0	0	2	2	0	0	0	0	1	2	0	0	0	2	0	0	0	0	1	2	
0	2	1	0	3	3	1	0	1	2	2	0	0	0	0	0	1	2	2	0	0	1	0	2	1	2	1	2	
0	2	2	0	3	1	1	3	0	2	2	0	0	0	0	0	1	2	0	0	2	1	0	1	0	0	1	2	
0	2	1	0	2	1	0	2	0	0	3	3	3	0	0	0	2	1	0	0	1	1	0	0	0	0	1	2	
0	2	1	0	2	1	1	0	0	0	2	0	0	2	3	0	1	2	0	0	0	1	0	2	0	0	1	2	
0	0	1	0	2	0	0	0	0	0	3	0	0	2	2	0	1	1	0	0	3	3	0	2	1	0	2	2	
0	2	2	0	0	1	0	0	0	0	2	0	0	0	0	0	1	2	0	0	2	1	0	2	0	0	1	2	
0	2	1	0	2	3	0	0	0	0	2	0	0	2	2	0	1	1	0	0	0	0	0	2	0	0	1	2	
0	2	0	0	2	1	1	2	0	0	2	0	0	0	0	0	2	2	0	0	2	1	1	1	0	0	1	2	
0	1	1	0	2	0	0	0	0	0	2	0	0	0	0	0	1	2	0	0	2	1	1	2	0	0	0	0	
0	2	1	0	2	1	0	2	1	0	2	0	0	0	1	0	1	2	0	0	0	0	0	2	0	2	1	2	
0	2	2	0	3	0	0	2	0	0	2	0	0	0	0	0	1	2	0	0	2	2	0	2	0	3	1	0	
0	1	2	0	2	3	0	2	0	0	2	0	0	2	2	0	2	1	2	3	3	1	3	2	1	0	2	1	
0	1	1	0	0	0	0	3	0	0	3	0	0	0	0	1	1	2	0	0	2	0	0	2	0	0	1	2	
0	2	1	0	3	1	0	2	1	0	2	0	0	0	0	0	1	2	0	0	2	1	0	2	0	0	1	1	
1	2	1	0	2	0	0	3	0	0	2	0	0	0	2	0	0	2	0	0	2	1	0	0	0	0	1	2	
0	2	1	0	2	1	0	2	0	2	2	0	3	0	0	0	1	1	0	0	2	1	0	1	0	2	1	2	
0	2	1	0	2	1	0	2	1	0	3	0	0	0	0	1	1	2	0	0	0	0	0	0	0	0	1	2	
0	0	2	0	2	1	0	0	1	0	1	0	0	2	2	0	1	2	0	0	2	1	0	0	0	0	1	2	
0	2	0	0	2	3	0	2	1	0	2	0	0	0	0	2	1	2	1	0	2	1	0	0	0	0	1	1	
0	2	0	3	2	1	2	2	0	0	2	0	1	0	0	0	1	1	0	3	2	1	0	2	0	2	1	1	
0	2	2	1	1	0	1	0	1	0	2	0	0	1	0	0	2	2	0	0	2	0	0	1	0	0	0	2	
0	2	1	0	2	1	0	2	0	0	3	0	0	0	0	0	1	2	0	0	0	1	0	2	1	0	1	2	
0	2	1	3	2	1	0	2	0	0	2	0	0	0	0	0	1	2	0	0	1	1	0	2	0	0	1	1	
1	1	1	3	2	1	0	2	1	0	2	0	3	2	0	0	1	2	0	1	2	3	0	2	0	2	1	2	
1	2	1	0	2	2	0	0	0	0	2	0	0	0	0	0	1	1	0	0	0	1	0	0	0	0	2	1	
1	2	1	0	2	1	0	0	0	0	2	0	0	1	0	0	1	2	0	0	2	0	0	2	0	0	2	2	
0	2	1	0	2	1	0	2	0	0	2	0	0	0	0	2	1	0	0	0	2	1	0	2	0	0	2	2	
0	2	1	0	2	1	1	2	0	0	2	0	0	2	0	0	2	2	0	0	2	1	0	2	0	0	0	2	
0	0	2	3	2	1	0	2	0	0	2	0	0	0	0	0	1	1	2	0	2	1	0	2	0	0	1	2	
0	0	2	0	3	1	0	2	0	0	2	0	0	0	2	0	1	2	0	0	2	1	0	0	0	0	1	2	
0	2	1	0	2	1	0	3	1	2	2	2	0	0	3	0	1	2	0	0	3	3	0	0	0	0	2	2	
0	2	1	3	3	1	0	3	0	0	3	0	0	0	0	0	1	2	0	3	2	1	0	2	0	0	1	2	
0	1	1	0	2	0	0	2	0	2	2	0	0	0	2	0	1	2	0	0	2	1	0	2	0	0	1	1	
3	1	1	0	2	1	0	2	0	1	2	0	0	0	2	0	1	1	0	0	2	0	0	2	0	0	1	2	
1	2	0	0	0	1	1	2	0	0	2	0	0	2	2	0	0	2	0	0	2	3	0	1	1	0	1	2	
0	0	0	0	2	1	0	2	0	0	2	0	0	0	0	2	1	2	0	0	3	2	1	2	0	0	0	2	
0	0	1	0	2	0	0	3	2	0	1	0	0	0	2	0	0	1	0	1	1	1	0	1	0	0	2	1	
0	1	2	0	2	1	0	2	0	0	2	0	0	0	0	0	1	2	0	3	0	1	0	2	0	0	0	2	
0	2	1	3	1	1	0	2	0	0	2	0	0	0	0	0	1	2	0	0	2	3	0	0	0	0	0	0	
0	0	1	0	2	1	0	0	2	0	2	0	3	0	0	0	1	2	2	0	2	1	0	1	0	0	0	2	
0	2	1	0	2	1	0	2	0	2	2	0	3	0	0	0	1	2	0	0	2	2	0	2	0	0	0	2	
--------------------

--------------------
Best Solution Found!
--------------------
Time: 0 hour(s), 1 minute(s), 45 second(s), 401 millisecond(s)

Fitness: 294112

0	2	1	0	2	3	1	2	0	0	2	0	0	0	0	0	2	2	1	3	2	1	0	2	0	0	1	2	
1	2	1	0	2	2	1	2	0	0	2	0	0	0	0	0	2	2	0	0	2	1	1	2	0	0	1	0	
0	0	1	0	2	1	1	2	0	1	2	0	0	0	0	2	2	2	0	0	0	1	1	2	0	0	1	2	
0	2	2	0	0	1	0	3	0	0	2	0	0	0	0	0	1	2	0	0	2	1	0	1	0	0	1	2	
0	2	1	1	2	1	0	2	1	0	3	0	3	2	0	0	2	2	1	0	2	1	0	0	0	0	1	2	
0	2	1	0	3	1	2	2	0	0	3	0	0	1	0	0	2	2	0	0	0	2	0	2	0	0	1	2	
0	2	1	0	0	1	2	3	0	0	2	0	0	0	2	2	1	2	0	0	2	1	3	2	0	0	1	2	
0	2	1	0	2	1	0	2	0	2	3	0	0	0	0	0	1	2	0	0	0	1	1	0	0	0	1	2	
0	2	1	3	3	0	0	2	2	0	2	0	3	2	0	0	0	2	0	0	2	0	0	2	0	0	1	2	
0	2	1	0	2	3	1	2	0	2	2	0	0	0	0	0	1	2	0	0	2	1	1	2	0	2	1	2	
1	1	1	0	2	1	0	2	0	0	2	0	0	2	0	0	2	2	0	0	1	2	3	2	0	2	0	2	
0	1	2	0	2	1	0	2	1	0	2	0	0	0	2	2	1	2	0	0	2	1	0	1	0	2	1	2	
0	2	1	0	1	1	0	2	0	2	2	0	0	0	0	0	1	1	0	3	3	1	1	2	0	2	0	1	
0	0	0	0	2	2	0	3	0	1	3	0	0	0	0	0	1	2	0	3	2	1	0	2	0	0	2	0	
3	2	1	3	2	0	0	0	0	0	2	0	0	0	0	0	1	2	0	0	2	1	0	2	2	0	1	1	
0	2	0	0	0	1	0	2	0	2	2	0	0	0	0	2	1	1	0	0	2	1	0	0	0	0	1	1	
0	2	1	0	2	3	0	2	0	0	2	0	0	0	0	0	1	2	2	0	2	1	1	2	0	3	2	2	
1	1	0	0	2	1	0	2	0	0	2	0	1	0	0	0	1	2	0	0	3	1	1	1	1	2	2	2	
0	0	1	0	2	0	0	3	0	0	2	2	0	0	0	0	1	2	0	0	0	2	0	0	0	0	1	2	
0	2	1	0	3	3	1	0	1	2	2	0	0	0	0	0	1	2	2	0	0	1	0	2	1	2	1	2	
0	2	2	0	3	1	1	3	0	2	2	0	0	0	0	0	1	2	0	0	2	1	0	1	0	0	1	2	
0	2	1	0	2	1	0	2	0	0	3	3	3	0	0	0	2	1	0	0	1	1	0	0	0	0	1	2	
0	2	1	0	2	1	1	0	0	0	2	0	0	2	3	0	1	2	0	0	0	1	0	2	0	0	1	2	
0	0	1	0	2	0	0	0	0	0	3	0	0	2	2	0	1	1	0	0	3	3	0	2	1	0	2	2	
0	2	2	0	0	1	0	0	0	0	2	0	0	0	0	0	1	2	0	0	2	1	0	2	0	0	1	2	
0	2	1	0	2	3	0	0	0	0	2	0	0	2	2	0	1	1	0	0	0	0	0	2	0	0	1	2	
0	2	0	0	2	1	1	2	0	0	2	0	0	0	0	0	2	2	0	0	2	1	1	1	0	0	1	2	
0	1	1	0	2	0	0	0	0	0	2	0	0	0	0	0	1	2	0	0	2	1	1	2	0	0	0	0	
0	2	1	0	2	1	0	2	1	0	2	0	0	0	1	0	1	2	0	0	0	0	0	2	0	2	1	2	
0	2	2	0	3	0	0	2	0	0	2	0	0	0	0	0	1	2	0	0	2	2	0	2	0	3	1	0	
0	1	2	0	2	3	0	2	0	0	2	0	0	2	2	0	2	1	2	3	3	1	3	2	1	0	2	1	
0	1	1	0	0	0	0	3	0	0	3	0	0	0	0	1	1	2	0	0	2	0	0	2	0	0	1	2	
0	2	1	0	3	1	0	2	1	0	2	0	0	0	0	0	1	2	0	0	2	1	0	2	0	0	1	1	
1	2	1	0	2	0	0	3	0	0	2	0	0	0	2	0	0	2	0	0	2	1	0	0	0	0	1	2	
0	2	1	0	2	1	0	2	0	2	2	0	3	0	0	0	1	1	0	0	2	1	0	1	0	2	1	2	
0	2	1	0	2	1	0	2	1	0	3	0	0	0	0	1	1	2	0	0	0	0	0	0	0	0	1	2	
0	0	2	0	2	1	0	0	1	0	1	0	0	2	2	0	1	2	0	0	2	1	0	0	0	0	1	2	
0	2	0	0	2	3	0	2	1	0	2	0	0	0	0	2	1	2	1	0	2	1	0	0	0	0	1	1	
0	2	0	3	2	1	2	2	0	0	2	0	1	0	0	0	1	1	0	3	2	1	0	2	0	2	1	1	
0	2	2	1	1	0	1	0	1	0	2	0	0	1	0	0	2	2	0	0	2	0	0	1	0	0	0	2	
0	2	1	0	2	1	0	2	0	0	3	0	0	0	0	0	1	2	0	0	0	1	0	2	1	0	1	2	
0	2	1	3	2	1	0	2	0	0	2	0	0	0	0	0	1	2	0	0	1	1	0	2	0	0	1	1	
1	1	1	3	2	1	0	2	1	0	2	0	3	2	0	0	1	2	0	1	2	3	0	2	0	2	1	2	
1	2	1	0	2	2	0	0	0	0	2	0	0	0	0	0	1	1	0	0	0	1	0	0	0	0	2	1	
1	2	1	0	2	1	0	0	0	0	2	0	0	1	0	0	1	2	0	0	2	0	0	2	0	0	2	2	
0	2	1	0	2	1	0	2	0	0	2	0	0	0	0	2	1	0	0	0	2	1	0	2	0	0	2	2	
0	2	1	0	2	1	1	2	0	0	2	0	0	2	0	0	2	2	0	0	2	1	0	2	0	0	0	2	
0	0	2	3	2	1	0	2	0	0	2	0	0	0	0	0	1	1	2	0	2	1	0	2	0	0	1	2	
0	0	2	0	3	1	0	2	0	0	2	0	0	0	2	0	1	2	0	0	2	1	0	0	0	0	1	2	
0	2	1	0	2	1	0	3	1	2	2	2	0	0	3	0	1	2	0	0	3	3	0	0	0	0	2	2	
0	2	1	3	3	1	0	3	0	0	3	0	0	0	0	0	1	2	0	3	2	1	0	2	0	0	1	2	
0	1	1	0	2	0	0	2	0	2	2	0	0	0	2	0	1	2	0	0	2	1	0	2	0	0	1	1	
3	1	1	0	2	1	0	2	0	1	2	0	0	0	2	0	1	1	0	0	2	0	0	2	0	0	1	2	
1	2	0	0	0	1	1	2	0	0	2	0	0	2	2	0	0	2	0	0	2	3	0	1	1	0	1	2	
0	0	0	0	2	1	0	2	0	0	2	0	0	0	0	2	1	2	0	0	3	2	1	2	0	0	0	2	
0	0	1	0	2	0	0	3	2	0	1	0	0	0	2	0	0	1	0	1	1	1	0	1	0	0	2	1	
0	1	2	0	2	1	0	2	0	0	2	0	0	0	0	0	1	2	0	3	0	1	0	2	0	0	0	2	
0	2	1	3	1	1	0	2	0	0	2	0	0	0	0	0	1	2	0	0	2	3	0	0	0	0	0	0	
0	0	1	0	2	1	0	0	2	0	2	0	3	0	0	0	1	2	2	0	2	1	0	1	0	0	0	2	
0	2	1	0	2	1	0	2	0	2	2	0	3	0	0	0	1	2	0	0	2	2	0	2	0	0	0	2	
--------------------

--------------------
Best Solution Found!
--------------------
Time: 0 hour(s), 1 minute(s), 51 second(s), 853 millisecond(s)

Fitness: 294060

0	2	1	3	2	1	1	2	0	0	3	0	0	0	2	0	2	2	0	0	2	0	0	2	0	0	2	2	
0	0	0	0	2	1	0	0	0	0	2	0	3	0	0	0	1	2	1	0	2	2	1	2	0	0	1	2	
0	1	1	0	2	1	1	2	0	2	2	0	0	0	2	2	1	2	0	0	0	0	0	2	0	0	2	2	
3	2	2	3	2	1	0	2	0	0	2	0	0	0	0	2	2	2	2	0	2	1	0	2	0	0	1	2	
1	1	0	0	3	3	0	2	1	0	2	0	0	0	0	1	2	1	0	0	2	3	0	2	0	2	0	2	
0	0	1	3	2	0	0	2	0	0	2	0	0	2	3	0	1	2	0	0	0	0	0	2	0	0	2	2	
0	2	0	0	2	1	0	3	0	0	2	2	0	0	0	2	1	2	0	0	2	2	0	2	0	2	1	2	
0	2	1	0	2	1	0	2	0	2	2	0	0	0	0	0	1	1	0	0	0	1	1	2	0	0	1	2	
0	2	1	0	1	1	0	0	0	0	2	0	0	0	0	0	1	1	0	3	1	1	0	2	0	0	1	2	
0	0	0	0	2	1	0	0	1	0	2	0	1	0	0	0	1	1	0	0	2	1	0	2	0	0	1	2	
0	2	1	0	2	2	0	2	0	0	2	0	0	2	0	0	1	2	0	0	2	0	0	2	0	0	1	0	
1	2	1	0	3	0	1	2	0	0	2	0	0	0	2	0	1	1	0	0	2	1	0	2	0	2	1	2	
0	2	1	0	2	1	0	2	0	0	2	0	0	0	0	0	2	2	2	0	2	1	0	2	1	3	1	2	
0	2	1	0	2	1	0	2	0	0	3	0	0	0	0	0	1	2	0	0	0	1	1	2	0	0	1	2	
1	2	1	0	2	1	1	2	2	1	2	0	0	0	0	0	1	2	0	0	2	1	0	0	0	0	1	2	
1	1	0	0	3	0	0	2	0	0	2	0	0	0	0	0	2	1	0	3	2	1	0	0	0	2	1	2	
0	2	1	0	2	3	0	2	0	0	2	0	0	0	2	0	1	1	0	0	3	1	1	0	0	0	1	2	
0	1	1	0	2	1	1	3	0	0	3	0	3	0	0	2	1	2	0	0	3	1	0	2	0	0	1	2	
0	2	1	0	2	1	0	2	0	0	2	0	0	0	2	0	1	2	2	0	3	1	0	2	2	2	1	2	
0	2	2	0	1	1	0	2	2	0	2	0	3	2	2	0	1	2	0	0	0	1	0	1	1	0	0	1	
0	2	2	0	2	1	1	2	0	2	2	0	0	0	0	0	1	2	0	0	0	1	0	2	0	0	1	2	
0	0	1	3	2	1	0	2	2	0	2	0	0	1	0	2	1	2	2	0	2	3	0	2	1	0	0	0	
0	2	1	0	2	0	0	2	0	0	3	0	0	0	0	0	2	1	0	0	2	0	0	2	0	0	1	1	
0	2	1	0	0	0	1	3	0	1	2	0	0	0	1	0	0	2	0	0	2	1	3	1	0	0	1	2	
0	2	1	0	2	1	0	0	1	0	2	0	0	1	0	0	0	2	0	0	0	0	0	0	0	2	0	1	
0	2	1	0	0	0	0	2	0	0	2	0	0	0	0	0	1	2	0	0	2	1	0	2	0	0	0	2	
0	2	1	0	2	1	0	2	1	0	3	2	3	0	0	2	1	1	0	0	2	1	0	0	0	0	2	2	
0	2	2	0	2	0	0	3	0	1	1	0	0	0	0	0	1	2	0	0	2	1	0	0	0	3	2	2	
1	1	0	0	2	1	0	2	0	0	3	0	0	0	0	0	1	2	0	0	2	1	0	1	0	0	1	2	
1	2	1	0	2	1	1	3	0	0	2	0	0	0	0	0	1	2	0	3	2	1	0	2	0	0	1	2	
1	2	1	0	2	1	0	2	0	0	3	0	1	0	0	0	2	0	0	0	2	1	0	2	0	0	1	2	
0	2	2	0	2	1	0	2	0	0	3	3	3	0	0	0	1	2	0	0	2	1	0	0	0	0	1	2	
0	2	1	0	0	1	1	2	1	0	2	0	0	0	0	1	1	2	0	0	2	1	3	0	0	0	1	1	
0	2	1	0	2	3	0	3	0	2	2	0	0	0	3	2	1	2	0	0	3	3	0	2	1	0	1	2	
0	1	1	0	0	1	2	2	0	0	2	0	0	0	0	0	2	2	0	3	2	3	0	2	0	0	1	2	
1	0	2	0	3	1	0	3	0	2	2	0	3	0	0	0	1	2	0	0	2	1	0	2	0	0	1	2	
0	1	2	3	2	1	0	2	0	0	2	0	0	2	2	0	1	2	0	0	2	1	0	2	0	2	1	2	
0	2	1	0	3	1	0	0	1	0	2	0	0	0	0	0	1	2	0	0	3	1	0	2	0	0	1	2	
0	2	1	0	2	3	0	2	0	0	2	0	0	0	2	0	1	2	0	0	0	0	1	1	0	2	1	2	
0	2	1	0	2	2	1	0	0	0	2	0	0	0	0	0	1	2	0	1	2	1	0	1	1	0	0	0	
0	0	1	3	2	0	0	3	0	2	1	0	0	0	0	0	1	2	0	0	2	1	1	2	0	0	0	1	
0	2	0	0	2	1	1	3	1	0	2	0	0	2	0	0	1	2	0	0	0	1	0	0	0	0	1	1	
0	2	1	3	2	1	2	2	1	0	3	0	0	0	0	0	1	1	0	3	2	1	1	1	0	2	1	2	
0	2	1	0	0	0	0	0	0	2	2	0	0	0	0	0	1	2	1	1	2	0	0	1	0	0	1	2	
0	0	2	0	2	1	0	2	1	0	2	0	0	2	0	0	0	2	0	3	2	1	0	0	0	0	0	2	
0	2	1	0	2	0	2	2	0	0	3	0	3	0	0	0	1	2	0	0	2	2	1	2	0	2	2	2	
0	1	1	1	2	3	0	0	0	0	2	0	0	0	0	0	1	2	1	0	0	1	1	2	1	0	1	2	
0	1	1	0	2	1	0	2	0	0	2	0	0	0	0	0	2	2	2	0	1	1	0	2	0	0	1	2	
0	2	1	0	2	1	0	2	0	0	2	0	0	0	2	0	1	2	0	0	3	1	0	1	0	0	1	2	
3	2	2	0	3	1	0	0	0	0	2	0	0	0	0	0	2	2	0	3	2	1	0	0	0	0	2	2	
0	2	1	0	2	1	0	2	0	0	2	0	0	0	0	0	1	1	0	0	1	1	1	2	0	0	2	1	
0	0	0	3	2	3	0	0	1	2	2	0	0	0	0	0	1	2	0	0	0	1	0	1	0	0	1	0	
0	2	2	0	2	1	0	2	0	0	2	0	0	2	2	0	1	2	0	0	2	1	0	1	0	0	2	1	
0	1	1	0	0	1	0	3	0	0	2	0	0	1	2	0	1	2	0	0	2	2	0	2	0	0	0	0	
0	0	1	0	2	1	0	2	0	0	2	0	0	2	2	0	1	1	0	0	0	1	0	0	0	0	1	1	
0	2	1	0	3	2	0	2	0	0	2	0	0	0	0	0	1	2	0	0	1	3	0	0	0	0	1	2	
0	2	1	0	2	1	0	0	0	2	2	0	0	2	0	0	2	2	0	0	2	1	0	2	0	0	1	2	
0	0	1	0	2	1	0	2	1	2	2	0	0	2	0	0	1	2	0	0	2	2	0	2	0	0	0	2	
0	2	2	0	1	3	0	2	0	0	2	0	0	0	0	0	1	2	0	0	2	2	0	2	0	0	2	1	
0	2	1	1	3	0	0	0	0	0	2	0	0	2	0	0	0	2	0	0	2	1	3	2	0	0	1	1	
--------------------

--------------------
Best Solution Found!
--------------------
Time: 0 hour(s), 1 minute(s), 51 second(s), 858 millisecond(s)

Fitness: 294060

0	2	1	3	2	1	1	2	0	0	3	0	0	0	2	0	2	2	0	0	2	0	0	2	0	0	2	2	
0	0	0	0	2	1	0	0	0	0	2	0	3	0	0	0	1	2	1	0	2	2	1	2	0	0	1	2	
0	1	1	0	2	1	1	2	0	2	2	0	0	0	2	2	1	2	0	0	0	0	0	2	0	0	2	2	
3	2	2	3	2	1	0	2	0	0	2	0	0	0	0	2	2	2	2	0	2	1	0	2	0	0	1	2	
1	1	0	0	3	3	0	2	1	0	2	0	0	0	0	1	2	1	0	0	2	3	0	2	0	2	0	2	
0	0	1	3	2	0	0	2	0	0	2	0	0	2	3	0	1	2	0	0	0	0	0	2	0	0	2	2	
0	2	0	0	2	1	0	3	0	0	2	2	0	0	0	2	1	2	0	0	2	2	0	2	0	2	1	2	
0	2	1	0	2	1	0	2	0	2	2	0	0	0	0	0	1	1	0	0	0	1	1	2	0	0	1	2	
0	2	1	0	1	1	0	0	0	0	2	0	0	0	0	0	1	1	0	3	1	1	0	2	0	0	1	2	
0	0	0	0	2	1	0	0	1	0	2	0	1	0	0	0	1	1	0	0	2	1	0	2	0	0	1	2	
0	2	1	0	2	2	0	2	0	0	2	0	0	2	0	0	1	2	0	0	2	0	0	2	0	0	1	0	
1	2	1	0	3	0	1	2	0	0	2	0	0	0	2	0	1	1	0	0	2	1	0	2	0	2	1	2	
0	2	1	0	2	1	0	2	0	0	2	0	0	0	0	0	2	2	2	0	2	1	0	2	1	3	1	2	
0	2	1	0	2	1	0	2	0	0	3	0	0	0	0	0	1	2	0	0	0	1	1	2	0	0	1	2	
1	2	1	0	2	1	1	2	2	1	2	0	0	0	0	0	1	2	0	0	2	1	0	0	0	0	1	2	
1	1	0	0	3	0	0	2	0	0	2	0	0	0	0	0	2	1	0	3	2	1	0	0	0	2	1	2	
0	2	1	0	2	3	0	2	0	0	2	0	0	0	2	0	1	1	0	0	3	1	1	0	0	0	1	2	
0	1	1	0	2	1	1	3	0	0	3	0	3	0	0	2	1	2	0	0	3	1	0	2	0	0	1	2	
0	2	1	0	2	1	0	2	0	0	2	0	0	0	2	0	1	2	2	0	3	1	0	2	2	2	1	2	
0	2	2	0	1	1	0	2	2	0	2	0	3	2	2	0	1	2	0	0	0	1	0	1	1	0	0	1	
0	2	2	0	2	1	1	2	0	2	2	0	0	0	0	0	1	2	0	0	0	1	0	2	0	0	1	2	
0	0	1	3	2	1	0	2	2	0	2	0	0	1	0	2	1	2	2	0	2	3	0	2	1	0	0	0	
0	2	1	0	2	0	0	2	0	0	3	0	0	0	0	0	2	1	0	0	2	0	0	2	0	0	1	1	
0	2	1	0	0	0	1	3	0	1	2	0	0	0	1	0	0	2	0	0	2	1	3	1	0	0	1	2	
0	2	1	0	2	1	0	0	1	0	2	0	0	1	0	0	0	2	0	0	0	0	0	0	0	2	0	1	
0	2	1	0	0	0	0	2	0	0	2	0	0	0	0	0	1	2	0	0	2	1	0	2	0	0	0	2	
0	2	1	0	2	1	0	2	1	0	3	2	3	0	0	2	1	1	0	0	2	1	0	0	0	0	2	2	
0	2	2	0	2	0	0	3	0	1	1	0	0	0	0	0	1	2	0	0	2	1	0	0	0	3	2	2	
1	1	0	0	2	1	0	2	0	0	3	0	0	0	0	0	1	2	0	0	2	1	0	1	0	0	1	2	
1	2	1	0	2	1	1	3	0	0	2	0	0	0	0	0	1	2	0	3	2	1	0	2	0	0	1	2	
1	2	1	0	2	1	0	2	0	0	3	0	1	0	0	0	2	0	0	0	2	1	0	2	0	0	1	2	
0	2	2	0	2	1	0	2	0	0	3	3	3	0	0	0	1	2	0	0	2	1	0	0	0	0	1	2	
0	2	1	0	0	1	1	2	1	0	2	0	0	0	0	1	1	2	0	0	2	1	3	0	0	0	1	1	
0	2	1	0	2	3	0	3	0	2	2	0	0	0	3	2	1	2	0	0	3	3	0	2	1	0	1	2	
0	1	1	0	0	1	2	2	0	0	2	0	0	0	0	0	2	2	0	3	2	3	0	2	0	0	1	2	
1	0	2	0	3	1	0	3	0	2	2	0	3	0	0	0	1	2	0	0	2	1	0	2	0	0	1	2	
0	1	2	3	2	1	0	2	0	0	2	0	0	2	2	0	1	2	0	0	2	1	0	2	0	2	1	2	
0	2	1	0	3	1	0	0	1	0	2	0	0	0	0	0	1	2	0	0	3	1	0	2	0	0	1	2	
0	2	1	0	2	3	0	2	0	0	2	0	0	0	2	0	1	2	0	0	0	0	1	1	0	2	1	2	
0	2	1	0	2	2	1	0	0	0	2	0	0	0	0	0	1	2	0	1	2	1	0	1	1	0	0	0	
0	0	1	3	2	0	0	3	0	2	1	0	0	0	0	0	1	2	0	0	2	1	1	2	0	0	0	1	
0	2	0	0	2	1	1	3	1	0	2	0	0	2	0	0	1	2	0	0	0	1	0	0	0	0	1	1	
0	2	1	3	2	1	2	2	1	0	3	0	0	0	0	0	1	1	0	3	2	1	1	1	0	2	1	2	
0	2	1	0	0	0	0	0	0	2	2	0	0	0	0	0	1	2	1	1	2	0	0	1	0	0	1	2	
0	0	2	0	2	1	0	2	1	0	2	0	0	2	0	0	0	2	0	3	2	1	0	0	0	0	0	2	
0	2	1	0	2	0	2	2	0	0	3	0	3	0	0	0	1	2	0	0	2	2	1	2	0	2	2	2	
0	1	1	1	2	3	0	0	0	0	2	0	0	0	0	0	1	2	1	0	0	1	1	2	1	0	1	2	
0	1	1	0	2	1	0	2	0	0	2	0	0	0	0	0	2	2	2	0	1	1	0	2	0	0	1	2	
0	2	1	0	2	1	0	2	0	0	2	0	0	0	2	0	1	2	0	0	3	1	0	1	0	0	1	2	
3	2	2	0	3	1	0	0	0	0	2	0	0	0	0	0	2	2	0	3	2	1	0	0	0	0	2	2	
0	2	1	0	2	1	0	2	0	0	2	0	0	0	0	0	1	1	0	0	1	1	1	2	0	0	2	1	
0	0	0	3	2	3	0	0	1	2	2	0	0	0	0	0	1	2	0	0	0	1	0	1	0	0	1	0	
0	2	2	0	2	1	0	2	0	0	2	0	0	2	2	0	1	2	0	0	2	1	0	1	0	0	2	1	
0	1	1	0	0	1	0	3	0	0	2	0	0	1	2	0	1	2	0	0	2	2	0	2	0	0	0	0	
0	0	1	0	2	1	0	2	0	0	2	0	0	2	2	0	1	1	0	0	0	1	0	0	0	0	1	1	
0	2	1	0	3	2	0	2	0	0	2	0	0	0	0	0	1	2	0	0	1	3	0	0	0	0	1	2	
0	2	1	0	2	1	0	0	0	2	2	0	0	2	0	0	2	2	0	0	2	1	0	2	0	0	1	2	
0	0	1	0	2	1	0	2	1	2	2	0	0	2	0	0	1	2	0	0	2	2	0	2	0	0	0	2	
0	2	2	0	1	3	0	2	0	0	2	0	0	0	0	0	1	2	0	0	2	2	0	2	0	0	2	1	
0	2	1	1	3	0	0	0	0	0	2	0	0	2	0	0	0	2	0	0	2	1	3	2	0	0	1	1	
--------------------

--------------------
Best Solution Found!
--------------------
Time: 0 hour(s), 1 minute(s), 53 second(s), 386 millisecond(s)

Fitness: 292099

0	2	1	0	2	3	0	2	0	0	2	0	0	0	0	2	1	2	1	0	3	1	0	1	0	0	1	1	
1	2	1	0	2	1	0	0	1	0	3	2	0	0	0	0	0	2	0	0	2	0	0	2	0	0	1	2	
1	2	1	0	2	1	0	2	1	0	3	0	3	0	0	2	1	2	0	0	0	2	0	0	0	2	1	2	
1	1	1	0	2	1	0	0	0	0	2	0	0	0	2	0	1	2	2	3	1	2	0	1	0	0	1	0	
1	2	1	3	2	1	0	2	2	0	2	0	0	0	0	0	1	2	0	0	2	1	0	2	0	0	1	2	
0	0	1	0	2	1	0	3	0	0	3	0	0	0	0	0	0	2	0	0	0	1	1	2	0	0	1	2	
0	2	1	0	2	3	0	2	1	2	2	0	0	0	0	0	1	2	0	0	2	2	0	0	0	0	0	2	
0	1	2	0	2	1	1	3	0	0	2	0	0	0	0	0	1	2	0	0	0	1	0	2	0	0	1	2	
0	2	1	0	1	0	0	3	0	0	2	0	3	0	0	0	1	2	0	0	2	1	3	2	0	3	1	2	
0	2	0	0	2	1	1	2	0	2	2	0	0	0	0	0	1	2	0	0	0	1	0	2	1	0	1	2	
1	2	1	0	2	1	0	2	0	1	2	0	0	0	0	2	1	2	0	3	3	0	0	2	0	0	1	2	
0	0	1	0	2	3	2	2	0	0	3	0	3	2	0	0	0	2	0	1	2	0	0	0	0	0	2	2	
0	2	1	0	2	1	0	2	1	2	2	0	0	0	0	0	1	2	0	0	2	1	0	2	1	0	2	2	
0	2	2	0	2	0	0	3	0	0	3	0	3	0	0	0	1	2	0	3	2	1	0	2	0	0	1	2	
0	2	0	0	3	1	0	0	0	0	2	0	3	0	0	0	1	1	0	1	2	1	1	2	0	0	1	1	
0	0	0	3	3	1	0	2	0	0	2	0	0	0	2	2	1	2	0	0	2	1	0	2	0	3	0	2	
0	2	1	0	1	1	0	0	0	0	2	0	0	2	0	0	1	1	0	0	0	1	1	0	0	0	1	2	
0	1	1	0	0	0	0	3	0	0	2	0	1	0	0	0	1	2	0	0	0	2	0	0	0	0	0	0	
0	2	1	0	2	1	0	2	0	0	1	0	0	0	0	0	1	2	2	3	2	1	0	2	0	2	1	2	
1	2	1	3	2	1	0	2	0	0	2	0	0	0	0	0	1	2	0	0	2	1	0	1	0	2	1	2	
0	2	2	0	0	0	0	0	0	2	2	0	0	0	0	0	1	2	0	0	2	1	0	2	0	0	0	0	
0	0	0	0	0	1	0	2	1	0	2	0	0	0	0	0	1	2	0	0	2	1	0	1	0	0	2	2	
0	2	1	0	2	3	1	2	0	0	3	3	0	1	2	0	1	2	0	0	2	1	0	2	2	0	1	1	
0	2	1	0	2	1	2	2	1	0	2	0	0	0	2	0	1	1	0	0	0	1	1	2	0	0	1	2	
0	2	2	0	2	1	0	0	0	0	2	0	0	0	0	2	2	2	2	0	2	0	0	0	1	2	1	2	
0	1	1	1	2	1	0	2	0	0	2	0	0	2	3	0	2	2	0	0	0	1	0	2	0	0	2	2	
0	0	2	3	3	2	0	0	0	1	2	0	0	0	0	0	1	1	0	0	2	1	0	2	0	2	1	2	
0	2	1	0	3	1	0	3	0	0	2	0	0	0	0	0	1	2	0	0	2	1	0	2	0	0	2	2	
0	0	1	3	2	0	1	2	0	0	2	0	0	0	2	0	1	2	1	0	2	1	0	2	0	2	1	1	
0	2	2	3	1	1	0	2	0	0	2	0	0	0	0	0	1	1	0	0	3	3	0	2	0	0	1	2	
0	1	1	0	2	1	1	2	0	1	2	0	0	0	0	0	1	1	0	0	2	1	0	2	0	0	2	2	
0	1	1	0	2	1	0	2	0	0	2	0	0	1	0	0	1	2	0	0	2	1	1	0	0	0	0	2	
0	2	2	0	2	0	1	3	0	0	3	0	0	0	2	0	2	2	0	0	2	1	1	1	0	0	1	2	
0	2	1	0	3	2	0	0	0	0	2	0	0	0	0	0	2	1	0	0	2	1	0	1	0	0	0	2	
0	2	2	3	2	1	0	2	1	0	2	0	0	2	0	0	1	2	0	0	1	2	1	2	0	0	1	2	
0	2	1	0	2	1	0	2	0	0	2	0	0	0	0	0	2	2	0	0	2	0	1	2	0	0	1	0	
0	1	0	0	2	1	0	2	0	0	2	0	0	0	0	0	1	1	0	0	3	1	3	1	0	0	1	1	
0	2	1	0	2	0	0	0	0	2	2	0	0	0	0	0	1	2	0	0	0	2	0	1	1	2	1	1	
0	2	1	0	2	0	0	0	1	0	2	0	0	0	0	1	1	2	0	0	1	1	0	2	0	0	1	1	
0	2	1	0	2	0	0	2	1	2	2	0	0	0	3	0	2	2	0	0	3	3	0	0	1	0	1	0	
0	0	0	0	2	1	0	3	0	0	2	0	0	0	0	0	1	2	0	3	3	1	0	2	0	0	1	2	
0	2	1	0	2	1	0	2	1	0	2	0	3	2	0	0	1	2	2	0	0	1	1	2	0	0	0	2	
0	0	1	0	2	3	1	2	0	0	2	0	0	2	0	2	1	2	0	0	2	3	0	0	0	2	0	2	
1	2	1	3	2	1	1	2	2	0	3	0	0	0	2	0	1	1	0	0	2	1	0	0	0	0	2	1	
0	2	1	0	3	1	0	2	0	0	2	0	0	0	0	0	2	2	2	0	2	1	3	2	0	0	1	2	
0	2	1	0	2	1	0	2	0	0	2	0	3	0	0	0	1	1	0	0	2	1	0	0	1	2	1	1	
1	2	1	0	2	1	0	2	0	2	2	0	0	2	2	0	1	2	0	0	2	3	0	2	0	0	1	2	
0	1	1	0	3	0	0	3	0	0	3	0	1	0	0	0	2	2	0	0	2	1	0	2	0	0	0	1	
0	2	2	0	2	1	0	2	0	0	1	0	0	0	0	0	1	2	0	0	2	1	0	2	0	0	1	2	
0	2	1	0	2	2	1	2	0	0	2	0	0	2	2	0	1	2	0	0	2	1	0	2	0	0	2	2	
0	2	0	0	0	1	1	0	0	2	3	0	0	2	1	0	1	2	0	0	2	1	0	2	0	0	1	2	
0	2	1	0	0	1	0	0	0	0	2	0	0	2	2	0	1	2	0	3	1	1	0	1	0	0	2	2	
0	2	1	0	2	1	0	2	0	2	2	0	0	0	0	0	2	1	0	0	0	0	0	2	0	0	1	2	
0	1	1	0	2	1	0	2	1	0	2	0	0	0	0	1	1	2	0	0	0	1	0	0	0	0	1	2	
3	2	2	0	2	3	1	2	0	0	2	0	0	0	0	0	1	2	0	0	2	0	1	2	0	0	1	2	
0	1	1	0	2	1	0	2	0	0	2	0	0	1	0	0	1	2	0	0	2	1	0	2	0	0	1	2	
0	2	1	0	2	1	0	3	2	2	2	0	0	2	2	0	1	1	0	0	2	0	0	1	0	0	2	2	
0	2	0	0	2	1	0	2	0	0	2	2	0	0	2	0	0	2	0	0	2	1	0	0	0	0	1	1	
3	0	2	1	0	0	0	2	0	0	2	0	0	0	0	2	2	2	0	0	2	1	0	2	0	0	0	2	
0	0	1	0	3	3	2	2	0	0	2	0	0	0	0	0	2	0	1	3	2	3	0	2	0	2	1	2	
--------------------

--------------------
Best Solution Found!
--------------------
Time: 0 hour(s), 3 minute(s), 7 second(s), 798 millisecond(s)

Fitness: 289104

0	2	2	0	2	3	0	2	0	0	2	0	0	0	0	0	1	0	0	0	0	1	1	2	0	0	1	1	
0	0	1	0	2	1	0	3	0	0	1	0	0	0	3	0	0	2	2	0	2	0	0	2	0	0	1	2	
3	1	1	0	2	2	2	3	0	0	2	2	0	2	0	0	1	1	0	0	2	1	0	1	0	0	0	2	
0	2	1	0	2	1	0	0	0	0	2	0	0	0	0	2	1	2	0	0	2	3	0	2	1	0	1	1	
0	2	2	0	3	1	0	2	1	0	2	0	0	0	0	0	1	2	0	3	3	1	0	1	0	0	1	2	
0	2	0	0	3	1	0	2	0	0	2	0	0	0	0	0	1	2	0	0	0	3	0	0	0	0	0	2	
0	0	1	0	2	1	0	2	2	2	2	0	0	2	2	0	2	2	0	0	2	1	0	2	0	0	2	2	
0	2	0	1	2	1	0	2	0	0	2	0	0	0	0	0	1	1	0	0	2	1	0	2	0	0	1	2	
0	1	2	0	0	0	0	2	0	0	2	0	0	0	0	0	1	2	0	0	1	1	3	2	0	0	2	2	
0	0	0	0	2	3	0	2	1	0	2	0	0	2	0	0	2	2	0	0	3	2	0	2	0	2	0	2	
0	0	1	0	2	1	1	3	0	0	2	2	3	0	0	0	2	2	0	0	0	1	1	2	0	0	1	2	
0	2	1	3	2	1	1	2	1	0	2	0	0	2	0	0	2	1	0	0	2	1	3	1	0	0	1	2	
1	0	1	3	3	1	1	2	0	2	1	0	0	0	0	0	1	2	0	0	1	1	0	0	0	0	1	2	
0	0	1	3	3	1	1	3	1	0	2	0	0	0	0	0	1	2	0	0	0	1	1	2	0	0	2	0	
0	2	1	0	0	1	0	2	1	2	3	0	1	2	2	0	1	1	0	0	2	1	0	2	0	0	1	1	
0	2	2	0	2	1	1	2	0	0	2	0	0	0	0	0	1	2	0	0	2	1	1	0	0	0	1	0	
0	2	1	0	1	2	1	3	0	2	2	0	0	0	0	0	2	2	2	1	0	1	0	2	0	0	1	2	
0	2	1	0	3	0	1	0	0	2	3	0	1	2	0	0	1	2	0	0	2	1	0	2	1	0	1	2	
0	2	1	0	2	1	0	2	0	0	2	0	0	0	2	0	2	2	0	0	0	1	0	2	0	0	1	2	
0	2	1	0	2	1	0	0	0	0	3	0	3	2	0	0	1	1	0	0	2	1	1	1	0	0	1	1	
0	0	1	0	2	1	0	2	0	0	2	0	0	0	2	0	1	2	0	0	2	1	0	0	1	0	1	0	
0	2	1	0	2	1	2	2	0	0	3	0	0	0	0	0	2	2	0	0	2	1	0	2	0	0	1	2	
0	2	1	0	2	1	0	2	1	0	2	0	0	2	0	0	2	2	0	0	2	1	1	2	0	0	1	1	
0	2	1	0	2	1	0	2	0	0	2	0	0	2	2	0	1	2	0	0	2	0	0	2	0	0	1	2	
0	2	1	0	2	1	0	0	0	0	3	3	0	0	0	0	1	1	0	0	0	0	0	0	1	0	1	2	
3	1	1	0	2	1	1	0	0	0	2	0	0	0	0	0	0	2	0	3	2	1	0	2	1	2	2	2	
0	1	1	0	1	1	0	2	0	2	2	0	0	2	0	0	1	2	0	0	2	1	0	0	0	0	0	1	
0	2	1	0	2	1	0	3	1	0	3	0	0	0	0	0	1	2	2	0	2	1	0	1	0	2	2	2	
0	1	0	0	0	1	0	0	0	0	2	0	0	0	2	0	1	2	0	0	0	1	1	2	0	0	2	2	
0	1	1	0	2	0	0	2	0	1	2	0	3	0	0	0	1	2	0	0	2	0	0	2	0	0	1	2	
0	2	1	3	2	0	0	2	0	0	2	0	0	0	0	0	1	2	0	0	1	1	0	2	0	0	1	2	
0	0	2	0	2	1	0	2	0	0	2	0	0	1	1	0	1	2	0	3	2	1	1	0	0	3	0	2	
0	1	0	0	2	1	0	3	0	0	2	0	3	0	2	0	2	2	1	0	2	1	0	2	0	0	1	2	
0	2	2	0	2	3	0	3	0	0	2	0	0	0	0	2	1	2	0	0	3	1	0	2	0	0	2	2	
0	2	1	1	2	0	0	3	1	0	2	0	0	0	3	1	1	2	1	3	2	2	0	2	0	2	1	2	
0	2	0	3	3	3	0	2	0	0	2	0	0	0	0	0	2	2	0	0	3	3	0	2	1	2	0	2	
1	2	0	0	0	1	0	2	0	0	2	0	0	0	0	0	1	2	2	1	0	0	0	0	0	0	0	2	
0	2	1	0	2	1	0	2	0	0	2	0	0	0	0	0	1	2	0	3	2	0	0	0	0	0	0	1	
0	2	1	0	2	1	0	2	0	0	2	0	0	0	2	2	1	1	0	0	2	1	1	2	0	0	1	1	
0	0	2	0	2	3	0	2	1	2	2	0	0	0	0	0	1	1	1	0	2	2	0	2	0	0	0	2	
1	2	1	0	2	0	1	2	0	0	2	0	0	0	2	0	1	2	0	0	3	2	0	2	0	0	2	1	
1	2	1	0	2	1	0	0	0	0	3	0	3	0	0	2	1	2	0	0	2	1	0	2	0	2	1	2	
1	2	1	3	2	3	2	2	0	1	2	0	0	0	0	0	1	2	0	0	2	1	0	2	0	2	1	1	
0	1	1	0	2	0	0	3	1	2	2	0	0	1	2	0	1	2	0	3	2	1	0	1	0	2	0	2	
0	0	2	3	2	3	0	2	0	0	3	0	0	0	0	0	1	2	0	0	2	3	0	1	0	0	1	1	
0	2	2	0	3	1	0	0	0	2	2	0	0	0	0	0	1	2	0	0	2	2	0	2	0	0	1	0	
0	2	1	0	2	0	0	2	0	0	2	0	0	0	2	0	1	2	0	0	2	1	0	0	0	0	1	2	
0	2	1	0	2	1	0	0	0	0	2	0	0	0	0	2	1	2	0	0	0	1	0	1	0	2	2	2	
0	2	1	0	0	0	0	2	0	0	2	0	0	0	0	0	1	2	0	0	2	0	0	2	0	0	1	2	
1	2	1	0	2	1	0	2	1	0	2	0	3	0	0	0	1	2	0	0	2	1	0	1	0	0	1	2	
0	2	2	0	2	1	0	2	0	0	2	0	0	0	0	0	2	1	0	0	0	1	3	2	0	0	1	2	
0	2	2	0	2	2	0	2	2	0	3	0	0	0	2	2	1	2	0	0	2	2	0	2	0	0	1	2	
0	1	0	0	2	1	1	0	2	2	3	0	0	0	0	0	0	2	2	0	2	1	0	2	0	3	1	2	
0	2	1	0	2	1	0	0	0	1	2	0	0	0	0	0	1	2	0	0	1	1	0	0	0	0	2	2	
1	2	1	0	1	1	1	2	0	0	2	0	0	0	0	2	1	1	0	0	2	1	0	2	0	2	1	0	
0	2	1	0	2	0	0	2	0	0	2	0	3	0	0	1	0	2	0	3	2	1	0	1	0	0	1	2	
0	2	1	0	0	1	0	2	0	0	2	0	0	1	0	0	1	2	0	0	0	0	0	0	0	0	1	2	
1	1	1	0	2	1	0	2	0	0	2	0	0	0	0	0	1	2	0	0	2	1	0	2	2	0	1	2	
0	2	1	0	2	1	0	0	0	0	2	0	0	0	0	0	1	1	0	0	2	3	1	2	0	0	1	2	
0	2	1	3	3	0	0	2	0	0	2	0	0	2	0	0	1	1	0	0	3	1	0	0	0	0	1	2	
--------------------

--------------------
Best Solution Found!
--------------------
Time: 0 hour(s), 3 minute(s), 7 second(s), 802 millisecond(s)

Fitness: 289104

0	2	2	0	2	3	0	2	0	0	2	0	0	0	0	0	1	0	0	0	0	1	1	2	0	0	1	1	
0	0	1	0	2	1	0	3	0	0	1	0	0	0	3	0	0	2	2	0	2	0	0	2	0	0	1	2	
3	1	1	0	2	2	2	3	0	0	2	2	0	2	0	0	1	1	0	0	2	1	0	1	0	0	0	2	
0	2	1	0	2	1	0	0	0	0	2	0	0	0	0	2	1	2	0	0	2	3	0	2	1	0	1	1	
0	2	2	0	3	1	0	2	1	0	2	0	0	0	0	0	1	2	0	3	3	1	0	1	0	0	1	2	
0	2	0	0	3	1	0	2	0	0	2	0	0	0	0	0	1	2	0	0	0	3	0	0	0	0	0	2	
0	0	1	0	2	1	0	2	2	2	2	0	0	2	2	0	2	2	0	0	2	1	0	2	0	0	2	2	
0	2	0	1	2	1	0	2	0	0	2	0	0	0	0	0	1	1	0	0	2	1	0	2	0	0	1	2	
0	1	2	0	0	0	0	2	0	0	2	0	0	0	0	0	1	2	0	0	1	1	3	2	0	0	2	2	
0	0	0	0	2	3	0	2	1	0	2	0	0	2	0	0	2	2	0	0	3	2	0	2	0	2	0	2	
0	0	1	0	2	1	1	3	0	0	2	2	3	0	0	0	2	2	0	0	0	1	1	2	0	0	1	2	
0	2	1	3	2	1	1	2	1	0	2	0	0	2	0	0	2	1	0	0	2	1	3	1	0	0	1	2	
1	0	1	3	3	1	1	2	0	2	1	0	0	0	0	0	1	2	0	0	1	1	0	0	0	0	1	2	
0	0	1	3	3	1	1	3	1	0	2	0	0	0	0	0	1	2	0	0	0	1	1	2	0	0	2	0	
0	2	1	0	0	1	0	2	1	2	3	0	1	2	2	0	1	1	0	0	2	1	0	2	0	0	1	1	
0	2	2	0	2	1	1	2	0	0	2	0	0	0	0	0	1	2	0	0	2	1	1	0	0	0	1	0	
0	2	1	0	1	2	1	3	0	2	2	0	0	0	0	0	2	2	2	1	0	1	0	2	0	0	1	2	
0	2	1	0	3	0	1	0	0	2	3	0	1	2	0	0	1	2	0	0	2	1	0	2	1	0	1	2	
0	2	1	0	2	1	0	2	0	0	2	0	0	0	2	0	2	2	0	0	0	1	0	2	0	0	1	2	
0	2	1	0	2	1	0	0	0	0	3	0	3	2	0	0	1	1	0	0	2	1	1	1	0	0	1	1	
0	0	1	0	2	1	0	2	0	0	2	0	0	0	2	0	1	2	0	0	2	1	0	0	1	0	1	0	
0	2	1	0	2	1	2	2	0	0	3	0	0	0	0	0	2	2	0	0	2	1	0	2	0	0	1	2	
0	2	1	0	2	1	0	2	1	0	2	0	0	2	0	0	2	2	0	0	2	1	1	2	0	0	1	1	
0	2	1	0	2	1	0	2	0	0	2	0	0	2	2	0	1	2	0	0	2	0	0	2	0	0	1	2	
0	2	1	0	2	1	0	0	0	0	3	3	0	0	0	0	1	1	0	0	0	0	0	0	1	0	1	2	
3	1	1	0	2	1	1	0	0	0	2	0	0	0	0	0	0	2	0	3	2	1	0	2	1	2	2	2	
0	1	1	0	1	1	0	2	0	2	2	0	0	2	0	0	1	2	0	0	2	1	0	0	0	0	0	1	
0	2	1	0	2	1	0	3	1	0	3	0	0	0	0	0	1	2	2	0	2	1	0	1	0	2	2	2	
0	1	0	0	0	1	0	0	0	0	2	0	0	0	2	0	1	2	0	0	0	1	1	2	0	0	2	2	
0	1	1	0	2	0	0	2	0	1	2	0	3	0	0	0	1	2	0	0	2	0	0	2	0	0	1	2	
0	2	1	3	2	0	0	2	0	0	2	0	0	0	0	0	1	2	0	0	1	1	0	2	0	0	1	2	
0	0	2	0	2	1	0	2	0	0	2	0	0	1	1	0	1	2	0	3	2	1	1	0	0	3	0	2	
0	1	0	0	2	1	0	3	0	0	2	0	3	0	2	0	2	2	1	0	2	1	0	2	0	0	1	2	
0	2	2	0	2	3	0	3	0	0	2	0	0	0	0	2	1	2	0	0	3	1	0	2	0	0	2	2	
0	2	1	1	2	0	0	3	1	0	2	0	0	0	3	1	1	2	1	3	2	2	0	2	0	2	1	2	
0	2	0	3	3	3	0	2	0	0	2	0	0	0	0	0	2	2	0	0	3	3	0	2	1	2	0	2	
1	2	0	0	0	1	0	2	0	0	2	0	0	0	0	0	1	2	2	1	0	0	0	0	0	0	0	2	
0	2	1	0	2	1	0	2	0	0	2	0	0	0	0	0	1	2	0	3	2	0	0	0	0	0	0	1	
0	2	1	0	2	1	0	2	0	0	2	0	0	0	2	2	1	1	0	0	2	1	1	2	0	0	1	1	
0	0	2	0	2	3	0	2	1	2	2	0	0	0	0	0	1	1	1	0	2	2	0	2	0	0	0	2	
1	2	1	0	2	0	1	2	0	0	2	0	0	0	2	0	1	2	0	0	3	2	0	2	0	0	2	1	
1	2	1	0	2	1	0	0	0	0	3	0	3	0	0	2	1	2	0	0	2	1	0	2	0	2	1	2	
1	2	1	3	2	3	2	2	0	1	2	0	0	0	0	0	1	2	0	0	2	1	0	2	0	2	1	1	
0	1	1	0	2	0	0	3	1	2	2	0	0	1	2	0	1	2	0	3	2	1	0	1	0	2	0	2	
0	0	2	3	2	3	0	2	0	0	3	0	0	0	0	0	1	2	0	0	2	3	0	1	0	0	1	1	
0	2	2	0	3	1	0	0	0	2	2	0	0	0	0	0	1	2	0	0	2	2	0	2	0	0	1	0	
0	2	1	0	2	0	0	2	0	0	2	0	0	0	2	0	1	2	0	0	2	1	0	0	0	0	1	2	
0	2	1	0	2	1	0	0	0	0	2	0	0	0	0	2	1	2	0	0	0	1	0	1	0	2	2	2	
0	2	1	0	0	0	0	2	0	0	2	0	0	0	0	0	1	2	0	0	2	0	0	2	0	0	1	2	
1	2	1	0	2	1	0	2	1	0	2	0	3	0	0	0	1	2	0	0	2	1	0	1	0	0	1	2	
0	2	2	0	2	1	0	2	0	0	2	0	0	0	0	0	2	1	0	0	0	1	3	2	0	0	1	2	
0	2	2	0	2	2	0	2	2	0	3	0	0	0	2	2	1	2	0	0	2	2	0	2	0	0	1	2	
0	1	0	0	2	1	1	0	2	2	3	0	0	0	0	0	0	2	2	0	2	1	0	2	0	3	1	2	
0	2	1	0	2	1	0	0	0	1	2	0	0	0	0	0	1	2	0	0	1	1	0	0	0	0	2	2	
1	2	1	0	1	1	1	2	0	0	2	0	0	0	0	2	1	1	0	0	2	1	0	2	0	2	1	0	
0	2	1	0	2	0	0	2	0	0	2	0	3	0	0	1	0	2	0	3	2	1	0	1	0	0	1	2	
0	2	1	0	0	1	0	2	0	0	2	0	0	1	0	0	1	2	0	0	0	0	0	0	0	0	1	2	
1	1	1	0	2	1	0	2	0	0	2	0	0	0	0	0	1	2	0	0	2	1	0	2	2	0	1	2	
0	2	1	0	2	1	0	0	0	0	2	0	0	0	0	0	1	1	0	0	2	3	1	2	0	0	1	2	
0	2	1	3	3	0	0	2	0	0	2	0	0	2	0	0	1	1	0	0	3	1	0	0	0	0	1	2	
--------------------

--------------------
Best Solution Found!
--------------------
Time: 0 hour(s), 4 minute(s), 43 second(s), 627 millisecond(s)

Fitness: 288089

0	1	1	0	2	0	0	2	0	0	2	0	0	2	0	2	2	2	0	0	2	0	0	1	0	0	1	1	
0	2	1	3	1	3	0	0	0	0	3	0	0	0	0	0	1	1	0	0	0	3	0	1	0	0	0	2	
0	1	1	0	2	1	1	2	0	1	2	0	0	0	0	0	2	2	0	0	2	1	1	2	0	2	1	1	
0	1	1	0	2	1	1	2	0	2	2	0	0	0	0	0	1	0	0	0	0	1	0	2	1	0	2	2	
1	2	1	0	0	1	0	2	0	1	2	0	3	2	0	0	1	2	0	0	2	1	1	2	0	0	1	2	
0	2	1	0	0	1	2	2	0	0	2	0	0	2	2	0	1	2	0	0	0	3	3	0	0	2	2	2	
0	2	1	0	2	1	0	2	0	0	2	0	0	0	0	0	1	2	0	0	2	2	0	2	0	0	0	2	
0	2	1	0	3	1	0	2	0	0	2	0	0	0	0	0	1	2	0	0	1	1	0	2	0	0	1	2	
0	2	2	0	2	0	0	2	0	0	2	0	0	2	0	0	1	2	2	0	2	1	0	2	1	0	2	2	
0	0	1	0	3	1	0	0	0	2	2	0	0	1	0	2	1	2	0	0	3	1	0	2	1	0	0	2	
0	2	1	0	1	1	0	2	0	0	2	0	0	0	2	0	1	2	0	0	1	0	0	1	0	0	1	1	
0	2	1	3	3	1	0	2	0	2	2	0	0	0	0	2	1	2	0	0	2	1	0	1	0	0	1	2	
0	2	1	0	2	1	0	2	2	2	2	0	0	2	0	2	0	2	0	0	1	2	0	2	0	0	1	0	
0	0	1	0	2	1	0	3	2	0	3	0	0	0	0	0	1	2	0	0	0	2	1	0	0	0	1	2	
0	0	1	1	2	1	0	2	1	0	3	0	0	1	1	2	1	1	1	0	1	1	0	0	0	0	1	2	
0	2	1	0	2	2	0	0	0	0	2	0	0	0	2	0	1	2	0	0	0	2	0	2	0	2	1	2	
0	2	1	3	3	2	0	0	0	0	2	0	0	0	0	0	1	2	0	3	2	0	0	2	0	0	1	2	
0	2	1	0	2	1	0	3	0	2	3	0	3	0	0	0	2	2	0	0	2	1	0	2	0	3	1	2	
1	2	2	0	2	0	0	3	1	0	2	0	3	0	0	0	1	2	0	0	3	1	0	2	0	2	0	2	
0	1	1	0	2	1	0	2	0	0	2	0	0	0	3	0	1	2	0	0	2	1	0	1	0	0	2	0	
0	1	2	0	3	3	2	2	0	0	2	2	0	1	2	0	1	1	0	0	2	1	0	2	0	0	1	2	
0	0	1	3	0	1	1	2	0	0	3	3	0	0	0	2	1	1	0	0	2	1	0	0	0	0	2	2	
0	1	1	3	2	0	1	3	0	0	2	0	0	2	0	0	1	2	0	0	2	0	1	2	0	0	2	2	
0	2	2	0	2	1	0	3	0	0	2	2	0	0	0	0	0	2	0	3	2	1	0	0	0	0	1	2	
0	0	1	3	0	1	0	3	1	0	2	0	0	0	0	0	1	2	0	0	0	1	1	2	0	0	1	2	
0	2	1	0	2	1	0	0	0	0	2	0	0	0	0	0	0	2	0	0	2	1	0	2	0	0	1	1	
0	2	1	0	2	1	0	2	0	0	2	0	0	0	2	0	0	1	1	0	0	1	0	2	1	0	1	2	
1	2	1	0	2	1	0	0	0	2	2	0	0	0	2	0	1	2	0	0	2	0	0	0	1	0	0	2	
0	2	1	0	2	1	0	2	0	0	2	0	0	0	0	0	1	1	0	0	2	3	0	1	0	0	0	0	
0	2	0	0	2	3	0	3	0	0	3	0	0	0	0	0	1	2	0	0	0	1	0	2	0	0	1	2	
0	2	2	3	2	0	0	2	0	1	2	0	0	0	3	0	1	2	0	0	0	1	0	1	0	0	1	1	
3	2	1	0	2	1	0	2	1	0	2	0	0	0	0	0	1	2	0	0	0	1	1	1	0	0	0	2	
1	2	1	0	2	1	1	2	0	0	3	0	0	0	0	0	1	2	0	0	2	1	0	2	0	0	1	1	
0	2	2	0	2	1	0	3	0	0	2	0	0	0	0	0	1	2	0	0	0	1	1	2	0	0	2	2	
0	2	1	0	2	1	0	0	0	0	2	0	3	0	0	1	1	2	2	0	2	0	0	2	1	0	2	2	
0	2	1	0	2	1	0	2	0	0	3	0	0	0	0	0	1	2	0	0	2	1	0	0	0	0	1	2	
1	2	1	0	2	1	0	0	0	2	2	0	0	0	0	0	2	2	0	1	2	0	3	2	0	0	2	2	
0	2	1	0	2	1	0	0	0	0	2	0	1	0	0	0	1	2	0	3	2	1	0	2	0	2	1	2	
0	0	1	0	2	1	0	2	0	0	2	0	0	0	0	0	1	2	2	0	2	2	0	2	0	0	1	2	
0	0	0	0	2	1	0	2	1	0	2	0	0	2	0	0	1	2	0	0	2	1	0	2	0	0	0	1	
0	2	0	0	0	0	0	2	1	0	2	0	0	0	0	0	1	1	0	0	2	1	0	2	2	0	1	2	
0	2	1	0	3	1	0	2	0	0	1	0	0	0	0	0	2	2	0	0	2	1	0	0	0	2	1	2	
1	1	0	0	2	1	0	2	1	0	2	0	0	0	0	2	2	1	0	0	2	1	0	2	0	0	1	2	
0	2	2	0	2	0	1	2	0	0	2	0	0	0	0	0	1	2	0	0	2	1	3	0	0	0	1	2	
1	2	1	0	3	1	0	2	0	0	2	0	0	0	0	0	1	2	0	3	3	3	0	2	0	0	1	1	
0	2	1	0	2	1	1	2	0	2	1	0	3	0	0	0	2	2	0	0	2	1	0	2	0	2	1	0	
0	1	2	0	2	3	1	2	0	0	2	0	0	0	0	0	1	2	1	3	2	1	0	0	0	0	1	1	
0	1	1	0	2	2	1	2	1	0	2	0	3	0	2	1	1	1	0	0	2	1	0	0	0	0	1	0	
0	0	0	0	3	3	0	0	0	0	2	0	1	2	0	0	1	2	0	0	0	0	1	2	0	0	0	2	
0	2	2	3	2	1	0	0	1	2	2	0	0	2	0	0	1	1	2	0	3	1	0	2	0	0	1	2	
0	2	2	1	2	0	0	2	0	0	2	0	3	0	2	0	1	2	0	0	3	1	0	0	0	0	2	1	
0	2	1	0	2	1	0	2	2	0	2	0	0	0	2	0	1	1	0	0	2	1	0	2	0	0	0	2	
1	2	1	0	0	1	1	2	0	0	3	0	0	0	0	0	1	2	0	0	2	1	1	2	0	0	1	2	
0	2	2	0	1	1	0	3	1	0	2	0	0	2	0	0	2	2	0	3	2	2	0	1	0	0	1	2	
0	2	1	0	2	3	0	2	0	0	2	0	0	0	2	0	1	2	0	0	3	1	0	2	0	0	1	2	
0	1	1	0	2	0	2	2	0	2	2	0	0	0	0	0	1	2	0	0	2	1	1	2	0	2	1	2	
0	0	0	0	2	0	0	0	0	0	2	0	0	0	0	0	1	2	0	1	2	3	0	2	0	3	1	2	
0	2	1	0	2	0	1	2	0	0	3	0	0	2	0	0	2	2	2	0	2	1	0	1	0	2	1	1	
0	0	0	0	2	1	0	2	1	0	2	0	0	0	2	0	2	1	0	3	2	1	0	0	0	0	1	2	
3	2	0	0	2	3	0	3	0	0	2	0	0	0	2	0	2	2	0	0	2	1	0	2	0	2	1	2	
--------------------

--------------------
Best Solution Found!
--------------------
Time: 0 hour(s), 4 minute(s), 47 second(s), 206 millisecond(s)

Fitness: 286117

0	2	1	0	2	1	0	3	1	0	2	0	0	0	3	2	1	2	0	0	2	1	0	2	0	0	1	2	
0	2	1	0	3	0	0	2	0	0	2	0	0	2	0	0	1	2	0	0	2	1	0	1	0	2	1	2	
0	2	2	0	2	3	1	2	2	0	2	0	0	0	0	0	1	2	0	0	2	1	1	2	0	0	0	2	
0	2	1	0	2	1	0	2	0	0	2	0	0	2	0	2	1	2	0	0	1	3	3	2	0	0	2	2	
0	2	1	0	2	2	0	2	0	0	2	0	0	0	0	0	1	2	0	0	2	3	0	2	0	0	2	2	
0	2	1	0	2	1	0	2	2	0	3	0	0	0	0	0	1	0	0	0	2	0	0	1	0	0	1	2	
1	1	2	0	2	1	0	2	0	0	2	0	0	0	0	0	1	1	0	0	3	1	3	0	0	0	1	1	
0	1	2	3	2	1	0	2	0	0	2	0	0	0	0	0	1	2	0	0	2	1	0	2	1	0	2	2	
1	2	0	0	2	3	0	3	0	0	2	0	0	0	0	0	1	2	0	1	2	1	0	0	0	0	1	2	
0	2	2	0	0	1	0	0	0	0	2	0	3	0	0	1	1	2	0	0	2	1	0	1	0	2	0	1	
0	2	1	0	3	1	1	2	0	0	2	0	0	0	0	0	1	2	0	0	3	3	0	0	0	0	1	2	
1	2	0	3	2	1	0	0	0	0	3	0	0	0	2	0	1	2	0	0	1	1	0	0	0	0	1	2	
0	2	1	0	2	1	1	3	2	0	2	0	0	0	0	2	1	2	0	3	3	1	0	2	0	0	0	2	
0	2	0	0	2	1	0	0	0	1	3	0	0	0	0	0	2	2	1	3	2	1	0	2	0	0	0	0	
1	0	2	1	2	0	0	2	0	0	2	0	0	0	0	0	2	2	0	0	0	1	0	2	1	0	2	1	
0	1	1	0	2	1	2	3	0	0	3	2	0	0	2	0	1	1	0	0	2	2	0	2	0	2	1	2	
0	2	1	0	2	2	0	0	0	0	2	0	0	1	2	0	1	2	0	0	2	0	0	2	0	0	1	1	
1	0	1	3	2	3	0	0	0	0	2	0	0	2	0	0	2	2	0	0	3	2	0	0	0	2	1	2	
0	2	0	0	2	0	1	2	0	0	1	0	0	2	0	0	1	2	0	0	0	1	1	2	0	0	1	2	
0	2	1	3	2	0	0	2	1	0	3	0	1	0	2	0	1	2	0	0	2	1	0	0	0	0	1	2	
0	0	1	0	2	1	0	0	0	0	2	0	0	0	0	0	1	1	0	0	2	1	0	2	0	0	2	1	
0	2	1	0	2	1	0	2	0	0	2	0	0	0	0	0	2	2	0	0	2	1	0	2	0	0	2	2	
0	2	1	0	2	1	0	0	0	0	2	0	0	0	2	0	1	2	0	0	2	1	1	2	0	0	1	2	
0	2	1	0	2	1	1	2	0	2	2	0	0	2	3	0	0	2	0	0	0	0	0	2	0	0	1	2	
1	2	1	1	3	1	0	2	0	0	2	0	0	0	2	2	1	2	2	0	1	1	1	2	0	0	1	2	
0	2	1	0	0	0	0	2	0	0	2	0	0	0	2	0	0	2	0	0	2	1	0	2	0	0	2	2	
0	2	0	0	2	0	0	2	0	0	2	0	0	0	0	1	1	2	0	0	0	0	0	0	0	0	1	1	
0	1	1	0	2	0	0	3	0	2	2	0	0	0	0	0	1	2	0	0	1	1	0	2	0	0	0	2	
0	2	1	0	1	1	0	3	1	0	2	0	0	0	2	0	2	2	2	0	3	1	0	0	2	0	1	2	
0	2	1	0	0	3	1	2	0	2	2	0	0	0	2	0	1	2	0	0	0	3	1	0	0	0	1	0	
0	0	0	0	2	1	0	2	0	0	2	0	1	1	0	0	1	2	0	0	2	3	3	1	0	0	1	2	
0	2	2	0	2	1	0	2	0	1	3	3	0	0	0	0	1	1	0	0	0	0	1	2	0	2	0	1	
0	0	1	0	2	1	0	2	0	0	2	0	0	0	0	0	1	2	0	0	2	1	0	2	0	3	0	2	
0	2	1	0	0	0	0	0	0	0	2	0	0	0	0	0	1	2	1	0	2	2	0	1	0	0	2	2	
0	1	0	0	0	1	0	2	0	0	3	0	0	0	0	0	1	1	0	0	2	0	0	0	0	2	1	0	
0	1	1	0	2	1	1	2	0	2	2	0	0	0	0	0	1	2	2	0	2	1	1	2	0	0	1	2	
0	0	1	0	2	0	0	2	0	0	2	0	0	0	0	0	1	2	0	3	0	1	0	0	0	0	1	2	
0	2	1	3	2	2	0	0	0	2	2	0	0	2	0	0	1	1	0	1	2	0	0	2	1	0	1	2	
0	2	1	0	3	1	1	2	0	0	3	0	0	0	0	0	1	2	0	3	2	1	0	2	0	0	1	2	
3	0	2	0	2	1	0	0	0	0	2	0	3	0	0	0	0	1	0	0	2	1	0	2	0	2	1	0	
0	2	1	0	2	1	0	2	1	2	2	0	0	0	0	0	1	2	0	0	2	1	0	2	0	3	1	1	
0	0	1	0	3	1	0	2	0	0	2	0	0	2	0	0	1	1	1	0	2	2	0	2	0	2	1	2	
0	2	1	0	1	3	0	2	1	2	2	0	3	2	0	0	2	2	0	0	2	1	0	2	0	0	1	2	
0	0	1	3	2	1	0	2	0	2	2	0	3	1	0	0	1	2	0	0	2	1	0	0	0	0	1	1	
0	2	2	0	2	1	0	3	0	0	2	0	0	0	0	0	1	2	0	0	2	0	1	1	0	0	0	2	
3	1	0	0	3	1	0	0	1	2	2	0	0	0	0	0	1	2	0	0	2	1	0	2	0	0	1	2	
0	2	2	0	2	1	0	3	0	0	1	2	0	0	0	0	1	2	0	0	3	1	1	1	0	0	1	2	
0	2	1	0	2	1	0	2	0	0	2	0	0	0	0	0	1	2	0	3	0	1	0	2	0	2	1	2	
0	0	1	0	2	1	2	2	0	1	2	0	0	0	1	2	2	2	0	0	2	1	0	2	0	0	1	2	
0	2	2	0	3	1	0	3	0	0	3	0	3	0	0	0	0	2	2	3	0	1	0	2	0	0	0	2	
0	2	2	0	3	3	0	2	1	0	2	0	0	2	0	0	1	2	0	0	2	1	0	0	0	0	1	2	
0	2	1	0	0	1	0	0	0	0	3	0	0	0	0	0	1	2	0	0	2	1	0	2	0	0	1	2	
0	1	1	0	2	1	1	2	0	0	2	0	0	0	0	0	1	2	0	0	2	2	0	2	1	0	1	2	
0	2	1	0	2	1	0	2	1	2	2	0	3	2	2	0	1	1	0	0	0	1	0	1	1	0	0	0	
1	2	1	0	2	3	0	2	1	0	2	0	0	0	0	2	2	2	0	0	2	1	0	2	0	0	2	1	
0	2	1	0	2	1	2	3	0	0	2	0	0	0	0	0	1	2	2	0	2	2	1	2	0	2	1	2	
0	2	1	3	2	0	0	2	1	0	2	0	0	0	2	2	2	2	0	0	0	1	0	2	0	0	1	1	
0	2	1	0	1	1	1	2	0	0	2	0	3	2	2	0	1	1	0	3	2	1	0	2	0	0	2	2	
0	1	1	3	2	0	0	2	1	0	2	0	0	0	0	0	2	1	0	0	0	1	0	1	0	0	1	2	
1	1	1	0	2	1	1	2	0	0	2	0	0	0	0	0	2	1	0	0	2	1	0	1	1	0	1	2	
--------------------


The best solution was found at the restart: 4, population: 0
Total Time Elapsed: 0 hour(s), 16 minute(s), 37 second(s), 427 millisecond(s)

