--------------------
Best Solution Found!
--------------------
Time: 0 hour(s), 0 minute(s), 0 second(s), 1 millisecond(s)

Fitness: 95618

0	3	3	0	1	0	2	
0	0	0	0	0	2	0	
0	0	0	2	0	0	0	
1	0	0	1	0	0	0	
0	0	1	0	2	1	0	
0	0	3	1	1	0	0	
0	2	0	3	0	0	0	
0	0	1	0	0	2	0	
0	0	3	2	1	1	0	
0	0	3	0	0	1	0	
1	0	0	0	2	0	0	
0	0	0	0	0	0	0	
0	3	0	3	0	1	0	
1	0	0	3	0	0	0	
2	0	3	0	1	0	0	
2	1	3	0	2	3	0	
0	1	0	0	0	1	0	
0	0	0	0	0	0	0	
0	2	3	3	0	0	0	
0	0	3	3	1	0	0	
2	0	0	0	0	0	0	
0	2	0	0	0	0	0	
0	0	0	2	0	1	0	
3	0	0	3	0	0	0	
0	1	1	0	0	0	0	
1	0	0	0	1	2	0	
0	1	1	0	0	0	0	
0	1	0	0	3	1	0	
1	0	1	0	0	1	0	
1	0	1	0	1	0	0	
2	0	0	1	2	0	0	
1	0	0	0	0	1	0	
0	2	2	0	0	2	0	
1	2	2	0	0	0	0	
2	0	0	3	0	2	0	
0	0	0	3	1	0	0	
0	0	1	3	0	0	0	
0	0	0	1	0	0	0	
2	0	0	0	0	0	0	
0	0	1	0	0	0	0	
0	0	0	1	3	2	0	
0	1	1	0	0	1	0	
0	2	0	0	0	0	1	
1	0	0	3	3	0	0	
3	2	0	0	0	0	0	
0	0	0	0	1	0	0	
2	1	3	0	2	1	0	
2	0	2	0	0	2	0	
3	0	3	2	0	0	0	
2	3	0	0	3	0	0	
0	2	1	2	1	0	0	
0	1	0	0	2	2	0	
2	0	0	3	0	0	0	
0	1	0	0	0	0	0	
0	2	3	0	0	1	0	
1	0	0	3	1	0	0	
0	3	0	0	2	1	0	
1	0	0	2	1	1	0	
0	0	0	0	0	0	0	
0	1	0	1	1	1	0	
1	0	0	3	2	2	0	
0	1	0	1	0	0	0	
2	3	1	0	2	2	0	
2	1	2	3	3	0	0	
0	2	0	0	0	0	0	
0	0	0	0	0	0	0	
2	0	0	0	0	0	0	
0	2	0	3	0	0	0	
0	0	0	0	2	0	0	
0	0	1	0	0	0	0	
0	0	0	0	1	3	0	
0	0	3	2	0	0	0	
0	0	3	1	0	0	0	
2	0	0	0	2	0	0	
3	2	0	0	1	2	0	
0	0	3	3	1	1	0	
0	1	3	0	2	0	0	
1	0	0	0	0	1	0	
2	0	0	0	0	3	0	
1	0	3	0	0	0	0	
0	3	0	0	0	0	0	
0	2	0	0	0	2	0	
0	0	3	0	0	3	0	
2	2	1	1	0	2	0	
0	0	3	0	3	0	0	
2	2	0	0	0	3	0	
3	0	1	3	0	0	0	
0	1	0	3	0	0	0	
1	1	0	0	0	1	0	
0	0	2	3	0	0	0	
0	0	2	0	2	0	0	
0	3	0	1	3	0	0	
0	1	0	0	2	0	0	
0	1	0	1	0	2	0	
0	0	0	0	2	3	0	
0	0	0	2	0	3	0	
3	2	0	0	2	2	0	
2	0	1	0	1	0	0	
3	1	0	0	2	0	0	
1	0	0	3	0	1	0	
--------------------

--------------------
Best Solution Found!
--------------------
Time: 0 hour(s), 0 minute(s), 0 second(s), 5 millisecond(s)

Fitness: 95606

0	2	3	0	2	0	0	
0	0	0	0	0	0	0	
2	3	0	0	1	1	0	
0	0	0	3	3	1	0	
0	0	1	1	0	0	0	
2	0	3	1	0	0	0	
0	2	0	0	0	0	0	
1	0	1	0	0	0	0	
0	1	3	0	0	0	0	
0	0	3	0	0	0	0	
3	0	0	0	0	1	0	
0	2	0	0	2	0	0	
3	0	0	3	1	0	0	
0	0	0	2	0	0	0	
0	0	3	3	2	0	0	
2	2	3	0	0	0	0	
0	1	0	0	0	1	0	
0	0	0	0	1	0	0	
1	2	3	0	0	0	0	
0	1	3	3	3	0	0	
1	1	0	2	0	0	0	
1	2	0	0	0	0	0	
0	2	0	1	0	0	0	
0	1	0	3	0	1	0	
3	0	1	2	0	2	0	
1	2	0	0	0	3	0	
1	0	1	1	2	0	0	
0	0	0	0	2	3	0	
3	3	1	0	3	1	0	
0	2	1	0	2	0	0	
0	0	0	0	2	0	0	
0	0	0	0	0	2	0	
0	0	2	2	2	3	0	
0	0	2	0	1	0	0	
0	3	0	3	0	0	0	
0	0	0	0	1	0	0	
2	2	1	0	0	1	0	
0	0	0	0	0	0	0	
0	3	0	0	2	0	0	
1	2	1	0	2	1	0	
0	1	0	0	0	3	0	
0	0	1	0	0	2	0	
1	2	0	0	0	0	0	
2	0	0	0	1	1	0	
0	0	0	3	0	0	0	
0	0	0	0	0	1	2	
0	0	3	0	0	0	0	
0	0	2	0	0	0	0	
3	0	3	0	1	0	0	
0	1	0	0	0	0	0	
0	1	1	0	1	0	0	
0	2	0	2	0	1	0	
0	0	0	1	0	2	0	
0	0	0	0	0	0	1	
3	2	3	0	1	3	0	
1	0	0	0	3	3	0	
0	0	0	3	2	0	0	
2	0	0	0	2	2	0	
0	1	0	3	0	0	0	
0	1	0	1	0	1	0	
0	1	0	0	2	0	0	
1	0	0	1	0	1	0	
0	0	1	0	1	0	0	
1	1	2	0	0	0	0	
0	3	0	0	3	0	0	
1	0	0	3	0	3	0	
2	0	0	0	1	2	0	
0	1	0	3	1	2	0	
2	2	0	0	0	2	0	
3	0	1	3	2	1	0	
0	1	0	3	0	0	0	
0	0	3	0	0	0	0	
0	0	3	1	0	0	0	
1	0	0	0	0	2	0	
2	0	0	3	0	0	0	
2	0	3	1	2	2	0	
0	3	3	0	0	0	0	
1	0	0	3	1	1	0	
1	0	0	3	0	0	0	
0	0	3	3	0	2	0	
0	0	0	3	0	2	0	
0	0	0	0	3	1	0	
0	1	3	0	2	0	0	
2	0	1	1	3	0	0	
2	0	3	2	1	0	0	
0	2	0	2	0	2	0	
2	0	1	3	0	1	0	
1	0	0	0	2	2	0	
0	0	0	0	1	1	0	
2	0	2	0	1	0	0	
2	0	2	0	0	1	0	
0	1	0	0	0	0	0	
0	0	0	0	0	0	0	
0	1	0	3	0	0	0	
0	0	0	0	0	0	0	
0	0	0	0	0	0	0	
2	0	0	0	1	2	0	
0	1	1	2	0	0	0	
2	0	0	0	0	0	0	
2	3	0	1	0	0	0	
--------------------

--------------------
Best Solution Found!
--------------------
Time: 0 hour(s), 0 minute(s), 0 second(s), 6 millisecond(s)

Fitness: 95600

0	0	0	0	0	0	0	
0	0	0	1	0	3	0	
0	0	2	3	0	2	0	
2	1	1	0	0	0	0	
1	1	0	0	0	1	0	
2	2	1	1	0	1	0	
1	0	0	0	0	0	0	
0	0	0	3	0	2	0	
3	2	0	0	2	3	0	
0	0	2	3	0	2	0	
2	0	1	0	0	0	0	
3	0	0	0	3	2	0	
1	0	0	0	0	0	0	
0	0	0	0	0	0	0	
0	0	2	0	0	0	0	
0	0	0	2	1	0	0	
0	2	0	0	2	0	0	
1	0	3	3	0	2	0	
1	2	0	0	0	3	0	
2	1	3	3	1	0	0	
0	0	0	3	1	2	0	
2	0	0	0	2	3	0	
2	3	0	0	1	0	0	
2	0	0	0	0	1	0	
3	0	0	0	1	1	0	
1	3	0	0	0	1	0	
0	0	3	3	2	2	0	
0	0	3	0	1	0	0	
3	2	0	0	3	2	0	
0	0	0	0	0	2	0	
0	1	3	0	0	0	0	
0	0	0	0	2	0	0	
0	0	3	3	0	0	0	
0	0	0	0	2	2	0	
2	0	3	2	1	0	0	
0	0	0	0	0	1	0	
2	0	0	0	0	1	0	
2	0	0	0	0	0	0	
2	1	3	0	3	1	0	
0	1	3	1	0	1	0	
0	0	3	0	0	0	0	
2	0	1	1	0	0	0	
0	0	0	0	1	0	0	
0	0	1	0	0	0	0	
1	1	0	0	0	0	0	
0	3	0	0	0	0	0	
1	0	0	0	0	0	0	
0	1	3	0	0	1	0	
0	0	0	3	0	0	0	
3	0	1	3	0	0	0	
0	0	0	0	2	1	0	
0	2	1	3	0	0	0	
0	0	3	0	2	0	0	
1	0	1	0	1	0	0	
0	0	1	0	0	2	0	
0	1	0	0	0	3	0	
0	0	0	3	0	0	0	
2	0	0	0	2	1	0	
2	1	0	0	1	0	0	
0	0	0	0	0	2	0	
0	1	0	0	2	1	0	
0	0	0	0	3	1	0	
3	3	2	3	0	1	0	
2	0	1	2	2	0	0	
0	2	2	0	3	1	0	
0	0	0	2	0	0	0	
0	0	0	0	0	1	0	
0	1	0	0	0	1	0	
2	0	1	1	0	0	0	
3	2	0	0	2	0	0	
0	1	1	1	2	3	1	
0	1	0	0	2	3	0	
0	0	0	1	0	0	0	
0	0	0	3	2	0	0	
1	1	0	0	1	0	2	
0	0	3	0	0	0	0	
0	0	0	0	1	0	0	
0	2	3	0	0	2	0	
1	2	0	0	0	0	0	
2	2	0	1	0	0	0	
0	0	3	3	3	0	0	
1	3	0	3	3	0	0	
1	1	0	1	0	0	0	
0	0	1	3	0	0	0	
0	0	0	3	0	0	0	
1	3	3	3	2	0	0	
0	2	1	0	0	0	0	
0	0	0	2	1	2	0	
0	0	0	0	1	0	0	
0	1	3	0	0	0	0	
0	0	3	2	0	1	0	
1	2	0	3	0	0	0	
0	2	1	1	1	0	0	
0	0	0	0	0	0	0	
1	0	0	2	0	0	0	
0	1	2	0	1	2	0	
2	0	0	0	0	0	0	
0	3	0	2	0	0	0	
0	2	0	0	1	0	0	
0	2	0	1	2	0	0	
--------------------

--------------------
Best Solution Found!
--------------------
Time: 0 hour(s), 0 minute(s), 0 second(s), 7 millisecond(s)

Fitness: 95585

3	0	0	0	2	2	0	
0	0	1	0	2	1	0	
0	1	0	0	1	1	0	
2	0	2	0	0	0	0	
2	3	0	0	0	2	0	
0	0	3	3	0	1	0	
0	0	0	0	1	1	0	
2	0	3	0	2	0	0	
0	2	0	0	0	0	0	
3	0	0	2	0	0	0	
0	3	0	1	1	0	0	
0	0	2	0	2	2	0	
0	2	1	0	0	0	0	
1	0	3	1	0	0	0	
0	2	0	0	2	0	0	
1	1	2	0	0	0	0	
0	0	0	0	0	0	0	
0	0	3	0	3	0	0	
1	2	0	0	1	0	0	
0	0	0	0	2	0	0	
1	0	0	0	0	2	0	
0	0	0	3	0	1	0	
3	0	0	3	0	2	0	
1	2	1	3	0	0	0	
2	0	0	1	1	1	0	
1	0	0	3	0	0	0	
2	0	0	0	0	2	0	
0	0	0	0	0	0	0	
0	0	1	0	0	1	0	
0	0	0	0	0	0	0	
2	2	2	0	1	3	0	
0	0	0	1	0	1	0	
0	0	0	0	1	1	0	
0	0	0	2	0	1	0	
0	0	0	0	0	2	0	
3	0	0	3	0	0	0	
2	1	0	1	2	0	0	
0	3	3	0	0	0	0	
0	0	1	0	0	0	0	
3	0	0	3	0	0	0	
0	0	0	3	0	0	0	
0	0	0	1	1	0	0	
0	3	0	3	0	0	0	
2	0	1	0	0	0	0	
0	2	0	0	1	0	0	
0	1	3	0	1	1	0	
0	1	3	0	0	0	0	
0	0	3	0	0	1	0	
0	2	1	0	3	0	0	
0	0	0	0	0	2	0	
1	0	1	3	3	0	0	
2	0	3	0	0	0	0	
1	1	3	2	2	0	0	
1	2	1	3	0	2	0	
1	0	0	0	0	3	0	
1	0	0	2	2	0	0	
0	2	0	1	0	0	0	
2	0	0	0	0	2	0	
0	1	3	0	0	0	0	
0	0	2	0	1	0	0	
3	0	1	0	1	2	0	
0	0	0	3	1	0	0	
2	0	0	0	0	0	0	
0	0	1	0	0	0	0	
1	1	0	0	2	1	0	
0	1	0	3	2	0	0	
0	1	3	0	3	2	0	
0	1	2	3	0	3	0	
1	1	0	2	0	1	0	
1	0	0	0	0	0	1	
2	0	0	0	2	0	0	
0	3	1	3	0	0	0	
0	0	0	0	0	0	0	
0	0	1	0	0	2	0	
0	0	0	2	0	0	2	
0	0	0	0	2	0	0	
0	1	3	0	3	0	0	
0	2	0	1	1	0	0	
0	0	0	0	0	1	0	
1	0	0	3	0	0	0	
0	3	3	0	0	0	0	
0	0	0	0	0	0	0	
2	0	0	0	1	3	0	
3	0	0	0	0	0	0	
0	0	0	1	0	0	0	
1	1	0	0	3	0	0	
0	2	0	2	0	1	0	
0	0	0	0	0	1	0	
2	1	0	0	2	1	0	
2	2	0	3	2	1	0	
0	0	3	1	0	3	0	
0	2	3	3	2	0	0	
2	0	0	0	1	2	0	
0	2	0	3	3	0	0	
0	0	3	2	1	3	0	
2	1	0	0	0	0	0	
0	3	1	0	0	0	0	
0	2	0	3	0	3	0	
2	1	3	0	2	2	0	
0	1	1	1	0	0	0	
--------------------

--------------------
Best Solution Found!
--------------------
Time: 0 hour(s), 0 minute(s), 0 second(s), 24 millisecond(s)

Fitness: 94583

0	0	0	0	2	1	0	
0	0	1	0	0	0	0	
2	0	3	0	1	0	0	
0	0	0	0	3	0	0	
0	3	0	1	0	0	0	
2	0	0	0	0	0	0	
0	1	1	0	0	2	0	
1	2	1	1	0	2	0	
0	0	2	0	0	3	0	
0	2	0	2	0	0	0	
3	0	0	0	0	0	0	
0	0	3	0	2	0	0	
3	2	0	1	1	1	0	
0	0	0	0	0	0	0	
0	1	0	0	2	0	0	
2	0	0	2	0	1	0	
0	2	0	0	0	2	0	
0	0	0	0	1	0	0	
1	0	0	0	0	2	0	
0	0	3	0	3	3	0	
1	0	0	0	0	0	0	
1	1	0	0	0	2	0	
0	0	0	0	0	0	0	
0	1	0	0	0	3	0	
3	0	0	1	0	0	0	
1	0	2	3	0	0	0	
1	1	3	1	2	0	0	
0	0	0	3	2	2	0	
3	0	0	3	3	0	0	
0	0	2	0	2	0	0	
0	3	1	0	2	1	0	
0	2	0	0	0	3	0	
0	0	0	0	2	2	0	
0	0	3	0	1	2	0	
0	0	3	0	0	0	0	
0	3	0	0	1	0	0	
2	1	0	0	0	0	0	
0	1	0	3	0	0	0	
0	0	1	0	2	0	0	
1	3	0	2	2	0	0	
0	3	0	0	0	1	0	
0	0	1	1	0	1	0	
1	3	0	3	0	2	0	
2	0	1	0	1	2	0	
0	2	0	3	0	2	0	
0	2	0	0	0	0	0	
0	1	3	0	0	3	0	
0	0	0	0	0	0	0	
3	0	0	0	1	0	0	
0	0	0	1	0	0	0	
0	1	0	0	1	0	0	
0	0	0	2	0	2	0	
0	0	3	1	0	0	0	
0	0	0	2	0	1	0	
3	0	0	0	1	1	0	
1	0	0	0	3	0	0	
0	1	0	0	2	0	0	
2	0	0	3	2	1	0	
0	0	3	0	0	1	0	
0	0	0	3	0	2	0	
0	1	0	1	2	0	0	
1	0	0	0	0	1	0	
0	2	2	3	1	1	0	
1	0	0	0	0	0	0	
0	0	0	3	3	0	0	
1	2	0	0	0	0	0	
2	0	1	2	1	0	0	
0	3	1	0	1	3	0	
2	0	0	0	0	1	0	
3	2	0	0	2	0	1	
0	1	0	0	0	0	0	
0	0	3	3	0	1	0	
0	0	1	0	0	0	0	
1	0	1	3	0	0	0	
2	0	1	0	0	0	2	
2	2	0	0	2	1	0	
0	1	0	0	0	0	0	
1	2	3	3	1	0	0	
1	1	0	3	0	0	0	
0	0	1	3	0	3	0	
0	1	3	1	0	0	0	
0	0	0	2	3	0	0	
0	1	3	3	2	0	0	
2	1	3	0	3	0	0	
2	0	1	0	1	0	0	
0	0	2	0	0	0	0	
2	2	0	0	0	1	0	
1	2	0	3	2	1	0	
0	0	1	0	1	0	0	
2	0	2	3	1	0	0	
2	1	0	0	0	2	0	
0	0	3	0	0	0	0	
0	0	3	3	0	1	0	
0	2	0	1	0	0	0	
0	0	3	0	0	0	0	
0	2	0	2	0	0	0	
2	0	0	0	1	0	0	
0	0	0	0	0	0	0	
2	0	3	0	0	2	0	
2	0	0	3	0	1	0	
--------------------

--------------------
Best Solution Found!
--------------------
Time: 0 hour(s), 0 minute(s), 0 second(s), 25 millisecond(s)

Fitness: 93611

0	0	3	3	2	0	0	
2	0	1	3	0	0	0	
1	3	0	2	0	2	0	
2	0	1	0	0	0	0	
1	0	0	2	0	0	0	
0	0	0	3	0	3	0	
2	1	0	3	0	0	0	
1	2	0	0	0	0	0	
3	0	0	2	1	0	0	
0	0	0	3	2	1	0	
2	1	3	0	0	0	0	
0	2	0	0	0	3	0	
0	0	0	1	0	0	0	
0	0	3	0	0	0	0	
1	0	0	2	3	1	0	
2	1	0	0	0	0	0	
3	0	0	0	1	2	0	
2	2	0	0	2	0	0	
0	0	3	0	0	0	0	
2	2	0	0	0	3	0	
0	0	3	3	0	0	0	
2	0	0	1	3	0	0	
0	0	0	1	2	0	0	
1	0	3	0	0	0	0	
0	1	0	1	0	0	0	
0	0	1	0	0	0	0	
1	1	3	0	0	0	0	
0	0	0	0	0	1	0	
2	1	3	0	0	2	0	
0	0	0	0	0	0	0	
0	0	0	0	0	0	0	
0	0	0	1	1	0	0	
0	0	2	0	0	0	0	
0	0	1	3	0	1	0	
0	0	0	3	0	2	0	
2	0	1	0	2	0	0	
0	1	0	1	1	0	0	
0	0	2	2	1	2	0	
2	1	0	0	3	3	0	
0	0	1	0	1	1	0	
0	0	0	0	2	0	0	
0	0	0	0	1	2	0	
0	0	0	0	2	1	0	
1	2	0	3	0	2	0	
3	0	0	0	0	0	0	
0	0	1	0	0	0	2	
2	0	2	0	1	2	0	
0	0	0	0	0	0	0	
3	0	0	3	0	0	0	
0	0	3	3	0	3	0	
2	0	0	0	1	0	0	
1	0	0	3	0	0	0	
0	2	0	1	2	0	0	
1	0	1	0	2	1	1	
0	3	2	3	0	1	0	
0	1	0	3	1	2	0	
0	2	3	0	0	2	0	
1	1	1	3	2	0	0	
0	1	0	0	0	0	0	
1	0	1	0	0	0	0	
0	1	3	0	0	0	0	
0	0	0	0	1	0	0	
1	2	0	0	0	1	0	
0	1	0	0	1	0	0	
0	0	0	3	0	1	0	
0	0	1	2	0	0	0	
0	0	0	0	2	0	0	
3	2	2	0	2	0	0	
3	0	0	0	0	0	0	
2	2	3	2	0	1	0	
0	0	3	0	2	0	0	
2	1	0	1	3	2	0	
2	1	0	0	3	0	0	
0	0	3	0	3	0	0	
0	0	0	3	0	1	0	
0	3	3	0	0	2	0	
1	3	3	0	1	0	0	
0	0	0	0	2	0	0	
0	1	0	0	0	3	0	
1	0	1	1	2	1	0	
0	2	0	0	0	0	0	
0	0	0	0	1	0	0	
1	1	0	1	0	2	0	
0	3	1	0	0	1	0	
0	0	0	0	0	1	0	
3	3	2	0	0	3	0	
0	0	0	3	0	1	0	
0	0	1	0	2	0	0	
0	0	3	0	1	0	0	
0	0	0	2	0	2	0	
0	0	0	0	0	0	0	
0	2	1	1	1	1	0	
0	2	0	3	0	0	0	
0	2	0	0	3	0	0	
0	0	0	0	0	0	0	
0	1	0	0	0	1	0	
0	2	0	3	0	2	0	
1	3	3	0	1	1	0	
2	0	0	0	0	0	0	
2	2	0	0	2	0	0	
--------------------

--------------------
Best Solution Found!
--------------------
Time: 0 hour(s), 0 minute(s), 0 second(s), 44 millisecond(s)

Fitness: 93588

0	0	0	0	0	1	0	
3	0	2	1	0	2	0	
0	0	3	0	2	1	0	
0	0	0	0	2	1	0	
0	3	0	3	0	0	0	
3	0	0	3	3	3	0	
0	0	2	0	2	0	0	
2	1	0	0	0	0	0	
3	2	3	3	1	0	0	
0	2	3	0	0	0	0	
0	0	0	0	0	0	0	
0	0	1	0	2	0	0	
1	0	1	0	0	1	0	
0	0	3	3	1	3	0	
1	1	1	0	2	0	0	
1	0	0	3	1	1	0	
1	0	1	3	0	0	0	
1	0	0	0	0	0	0	
0	2	0	0	1	0	0	
0	1	0	0	0	2	0	
2	0	0	0	0	3	0	
1	1	1	3	0	2	0	
1	0	0	0	0	3	0	
0	3	0	0	0	0	0	
0	2	3	0	1	0	0	
0	0	0	0	0	2	0	
3	0	0	0	0	0	0	
2	1	1	3	0	3	0	
1	0	3	2	0	3	0	
0	0	0	0	0	1	0	
0	0	0	3	1	0	0	
3	0	3	0	0	0	0	
1	2	0	0	0	0	0	
2	1	0	0	1	0	0	
0	0	0	0	3	1	0	
0	2	0	1	0	0	0	
1	0	3	0	2	2	0	
2	2	1	2	0	0	0	
0	1	0	0	0	0	0	
0	0	3	0	1	0	0	
2	0	0	0	0	1	0	
2	0	0	0	3	0	0	
0	1	3	3	3	1	0	
2	0	0	0	0	1	0	
0	1	0	0	0	0	0	
0	1	0	3	1	0	0	
0	3	2	0	2	2	0	
0	1	1	2	2	2	0	
0	1	0	0	2	0	0	
2	0	0	0	0	1	0	
0	0	1	3	2	2	0	
3	0	0	1	0	0	0	
1	0	0	0	0	0	0	
0	0	0	1	0	1	0	
0	0	1	1	1	0	0	
0	2	0	2	0	2	0	
0	0	1	3	0	0	0	
0	2	3	0	1	0	0	
2	1	0	0	2	0	0	
0	0	0	0	0	0	0	
2	1	3	0	0	0	0	
0	0	0	0	0	1	0	
0	0	0	3	0	0	0	
0	0	0	0	1	0	0	
0	1	1	0	0	0	0	
0	0	3	3	0	2	0	
3	0	0	0	1	0	0	
0	0	3	0	0	0	0	
0	0	0	1	3	0	0	
0	0	0	0	0	0	1	
2	0	0	0	3	0	0	
0	3	3	0	2	0	0	
0	0	0	3	0	0	0	
0	0	0	2	0	2	0	
0	0	0	3	1	0	2	
0	3	0	0	0	1	0	
2	2	0	3	0	1	0	
0	0	0	1	1	0	0	
0	0	0	0	2	0	0	
0	0	2	0	0	2	0	
0	0	2	0	0	2	0	
1	2	0	0	0	0	0	
2	3	0	0	0	0	0	
2	0	1	0	0	0	0	
0	0	0	1	0	0	0	
0	0	0	0	0	1	0	
0	2	3	0	3	1	0	
1	1	0	1	0	2	0	
2	2	1	3	2	0	0	
0	0	0	2	0	0	0	
2	2	3	3	2	0	0	
0	0	0	0	2	1	0	
1	1	0	0	0	0	0	
0	2	0	1	2	0	0	
0	0	3	2	1	1	0	
1	0	0	2	0	3	0	
0	3	0	0	0	0	0	
0	1	2	0	0	2	0	
2	2	1	1	0	0	0	
1	0	0	0	1	0	0	
--------------------

--------------------
Best Solution Found!
--------------------
Time: 0 hour(s), 0 minute(s), 0 second(s), 73 millisecond(s)

Fitness: 93578

0	0	0	0	0	0	0	
0	1	3	0	1	1	0	
0	0	0	0	0	0	0	
1	0	0	0	3	2	0	
0	1	0	0	1	0	0	
3	3	0	0	3	0	0	
2	0	0	1	0	0	0	
0	1	1	0	0	0	0	
1	0	1	0	0	0	0	
2	0	2	1	1	1	0	
0	0	0	1	1	2	0	
0	0	0	0	1	1	0	
0	0	0	1	0	2	0	
0	0	1	3	0	0	0	
1	0	2	3	1	0	0	
0	0	0	0	0	3	0	
0	0	0	3	3	3	0	
0	0	0	0	2	1	0	
0	2	0	3	0	0	0	
0	3	3	0	0	1	0	
0	3	0	0	0	0	0	
0	0	0	3	0	1	0	
1	0	1	2	0	1	0	
0	0	0	0	0	0	0	
0	0	3	3	0	0	0	
2	0	3	0	0	1	0	
0	1	0	0	0	0	0	
1	2	0	0	0	0	0	
0	0	3	3	3	0	0	
0	2	0	0	0	0	0	
0	0	0	0	2	0	0	
1	1	0	3	0	1	0	
3	1	1	0	0	0	0	
2	0	0	2	0	0	0	
0	0	3	0	2	2	0	
3	0	2	0	0	0	0	
0	3	0	3	0	0	0	
0	0	0	0	2	0	0	
0	1	0	0	0	0	0	
0	0	0	0	3	0	0	
2	0	0	2	2	2	0	
0	0	1	0	0	1	0	
0	0	1	3	1	3	0	
0	0	1	1	0	2	0	
0	0	1	1	0	0	1	
0	1	0	0	0	0	0	
0	2	0	0	0	2	0	
0	0	0	0	0	1	0	
1	3	0	0	0	0	0	
3	1	1	0	2	3	0	
3	0	0	0	0	1	0	
0	0	1	3	3	0	0	
0	0	0	0	1	0	0	
2	0	3	3	0	0	0	
1	0	3	0	2	0	0	
1	2	0	1	1	0	0	
0	1	0	1	0	0	0	
1	0	3	0	1	3	0	
2	2	0	0	0	1	0	
2	2	3	0	0	0	0	
2	3	0	3	0	0	0	
0	2	0	0	0	1	0	
2	0	2	3	2	2	0	
2	0	0	1	0	0	0	
0	0	0	0	0	0	0	
2	0	3	0	2	0	0	
1	0	2	3	3	0	0	
0	2	0	2	2	0	0	
0	0	0	0	0	1	0	
0	0	0	2	0	1	0	
2	2	2	0	0	0	0	
0	0	0	0	0	0	0	
0	2	1	3	0	0	0	
0	2	0	0	2	0	0	
1	0	1	1	0	2	2	
0	2	0	0	2	2	0	
1	0	3	0	1	0	0	
0	2	0	0	1	0	0	
0	0	0	0	0	0	0	
0	0	0	0	2	3	0	
2	1	0	3	2	1	0	
1	0	0	2	0	0	0	
0	0	0	0	2	0	0	
2	1	1	3	2	0	0	
2	2	3	0	0	2	0	
0	0	3	0	0	2	0	
0	0	3	0	0	0	0	
0	1	0	1	1	2	0	
0	0	3	0	1	0	0	
2	1	0	2	1	2	0	
3	1	3	3	0	0	0	
1	0	1	0	0	1	0	
0	0	0	0	1	0	0	
2	0	0	0	0	2	0	
0	1	0	0	2	0	0	
0	1	0	0	0	0	0	
3	2	0	2	0	1	0	
1	1	0	0	0	3	0	
0	0	0	3	0	0	0	
0	3	3	0	1	0	0	
--------------------

--------------------
Best Solution Found!
--------------------
Time: 0 hour(s), 0 minute(s), 0 second(s), 75 millisecond(s)

Fitness: 92605

0	2	0	0	2	1	0	
0	2	0	0	0	1	0	
0	0	0	0	0	1	0	
1	0	0	2	0	0	0	
0	0	2	2	0	2	0	
3	2	2	0	0	0	0	
2	0	0	0	0	0	0	
0	0	3	0	0	1	0	
1	1	3	0	1	2	0	
2	1	0	3	2	1	0	
0	2	3	0	0	0	0	
0	2	1	0	0	0	0	
0	0	0	3	0	0	0	
0	0	0	0	0	2	0	
1	0	1	1	3	3	0	
0	0	0	3	0	0	0	
0	0	0	2	1	1	0	
0	1	0	3	2	1	0	
0	1	0	0	0	1	0	
0	1	0	0	0	0	0	
0	2	0	0	0	2	0	
0	1	0	0	3	0	0	
1	3	0	0	2	0	0	
0	0	0	0	0	2	0	
0	0	1	0	0	0	0	
2	0	0	1	0	1	0	
0	1	0	3	0	0	0	
1	0	0	3	0	0	0	
0	1	0	0	0	0	0	
0	2	3	0	0	0	0	
0	0	3	1	0	0	0	
1	0	3	0	1	0	0	
3	3	0	0	0	0	0	
2	0	0	1	0	0	0	
0	0	0	3	0	2	0	
3	0	0	0	2	0	0	
0	0	0	3	1	0	2	
0	1	1	0	1	0	0	
0	0	0	0	3	0	0	
0	0	0	0	1	0	0	
2	0	0	3	2	2	0	
0	1	2	0	1	0	0	
0	0	1	0	2	1	0	
0	0	3	0	0	2	0	
0	3	3	0	0	1	0	
0	0	1	0	0	0	0	
0	0	0	0	1	0	0	
0	2	0	0	0	0	0	
1	0	2	0	0	0	0	
3	1	0	0	0	1	0	
3	0	3	0	1	2	0	
0	2	0	0	0	0	0	
0	1	0	1	2	1	0	
2	0	0	3	2	0	0	
1	0	3	0	0	0	0	
1	0	3	2	1	0	1	
0	0	0	0	0	0	0	
1	0	3	2	2	2	0	
2	2	0	1	0	0	0	
2	0	0	3	0	1	0	
2	2	0	2	0	2	0	
0	0	0	0	1	3	0	
2	2	0	0	0	0	0	
2	2	0	1	1	3	0	
0	3	1	0	0	3	0	
2	0	1	3	0	0	0	
1	0	0	0	2	2	0	
0	1	0	0	2	3	0	
0	0	0	0	0	2	0	
0	0	1	0	0	0	0	
2	0	0	3	2	0	0	
0	1	0	0	3	0	0	
0	0	1	3	3	2	0	
0	3	1	0	3	0	0	
1	0	0	0	0	0	0	
0	0	2	0	0	0	0	
1	0	1	2	1	3	0	
0	0	0	3	2	1	0	
0	2	3	0	0	0	0	
0	0	0	0	2	3	0	
2	0	0	1	0	0	0	
1	2	3	0	1	1	0	
0	0	0	1	0	1	0	
2	0	0	3	0	0	0	
2	0	0	0	0	0	0	
0	1	1	0	0	0	0	
0	0	3	3	0	0	0	
0	0	0	3	2	0	0	
0	1	0	3	1	0	0	
2	0	2	3	0	0	0	
3	0	0	0	0	0	0	
1	1	0	0	1	1	0	
0	1	3	1	0	0	0	
2	0	0	2	3	0	0	
0	0	1	1	0	0	0	
0	0	3	0	0	1	0	
3	3	1	0	0	0	0	
1	0	0	0	1	2	0	
0	3	3	0	0	0	0	
0	2	0	0	2	0	0	
--------------------

--------------------
Best Solution Found!
--------------------
Time: 0 hour(s), 0 minute(s), 0 second(s), 158 millisecond(s)

Fitness: 92588

0	0	0	2	0	0	0	
0	1	3	1	1	0	0	
0	0	1	0	0	0	0	
0	0	0	0	3	2	0	
1	1	0	1	1	0	0	
1	3	0	1	3	2	0	
0	0	0	3	0	1	0	
1	1	0	3	0	1	0	
3	0	0	0	0	2	2	
0	3	1	0	1	3	0	
0	0	0	1	1	0	0	
0	0	0	3	1	0	0	
0	2	3	0	0	0	0	
3	2	2	3	0	1	0	
1	0	0	0	1	0	0	
0	0	1	0	0	0	0	
1	0	0	0	3	0	0	
1	1	3	0	2	0	0	
0	2	0	0	0	0	0	
0	1	0	0	0	0	0	
0	0	1	0	0	1	0	
0	0	0	0	0	0	0	
0	0	3	0	0	0	0	
1	0	0	0	0	0	0	
0	0	0	3	0	0	0	
0	0	0	3	0	0	0	
0	0	0	1	0	0	0	
2	0	0	0	0	0	0	
2	3	0	0	3	1	0	
0	0	3	3	0	2	0	
2	0	0	2	2	0	0	
2	0	2	3	0	0	0	
0	1	0	1	0	0	0	
0	1	1	3	0	3	0	
2	0	2	0	2	0	0	
0	0	0	3	0	1	0	
0	0	0	0	0	0	0	
2	0	0	0	2	2	0	
0	0	2	0	0	2	0	
2	1	0	2	3	1	0	
0	1	3	0	2	2	0	
0	1	1	0	0	2	0	
1	0	0	0	1	1	0	
0	0	3	1	0	0	0	
0	0	0	0	0	0	0	
3	0	0	0	0	0	0	
0	3	0	0	0	0	0	
0	0	0	1	0	0	0	
0	0	3	0	0	0	0	
2	2	2	0	2	1	0	
3	1	0	0	0	3	0	
0	0	0	0	3	3	0	
2	0	0	0	1	0	0	
2	0	0	2	0	1	0	
1	2	1	0	2	0	0	
0	0	0	0	1	3	0	
3	2	3	0	0	0	0	
2	2	3	0	1	3	0	
2	2	0	0	0	0	0	
1	2	3	3	0	0	0	
0	1	0	1	0	0	0	
0	3	0	3	0	0	0	
0	0	0	3	2	2	0	
1	0	0	1	0	1	0	
2	0	0	3	0	1	0	
2	3	3	0	2	1	0	
0	0	0	3	3	0	0	
0	0	1	0	2	2	0	
1	1	0	0	0	0	0	
2	1	2	3	0	0	0	
0	0	0	0	0	2	0	
3	0	0	0	0	2	0	
0	0	3	2	0	0	0	
0	0	0	0	2	0	1	
0	0	3	0	0	0	0	
1	0	1	0	2	1	0	
0	2	0	3	1	0	0	
0	1	0	0	1	0	0	
2	0	1	0	0	3	0	
0	0	0	0	2	1	0	
0	2	1	3	2	0	0	
0	0	0	0	0	0	0	
0	0	3	0	2	2	0	
2	1	3	0	2	0	0	
0	2	1	0	0	0	0	
0	0	3	1	0	0	0	
0	0	0	3	0	0	0	
0	1	3	2	1	2	0	
1	3	0	0	1	1	0	
1	0	0	0	1	0	0	
0	0	0	0	0	0	0	
3	0	0	0	0	1	0	
0	0	0	0	1	1	0	
0	2	1	0	0	0	0	
0	1	0	3	2	2	0	
1	2	1	2	0	1	0	
0	2	0	0	0	0	0	
2	0	1	2	0	0	0	
0	0	0	0	0	0	0	
0	2	0	0	1	0	0	
--------------------

--------------------
Best Solution Found!
--------------------
Time: 0 hour(s), 0 minute(s), 0 second(s), 164 millisecond(s)

Fitness: 91620

0	0	0	2	0	0	0	
1	2	0	0	1	0	0	
3	0	0	0	1	1	0	
2	1	0	0	2	0	0	
0	0	0	3	3	0	0	
3	2	0	1	0	1	0	
0	0	0	0	2	1	0	
3	2	3	2	2	0	0	
1	0	0	2	0	0	0	
0	0	3	0	2	0	0	
0	0	0	0	0	2	0	
2	3	2	0	0	0	0	
0	2	0	3	0	2	0	
0	0	0	0	0	0	0	
0	1	1	0	0	2	0	
0	1	0	3	1	0	0	
2	2	1	0	2	0	2	
1	1	0	0	0	0	0	
1	0	0	0	1	0	0	
3	1	2	0	2	1	0	
0	0	0	0	0	1	0	
0	1	0	0	0	0	0	
0	2	0	0	0	0	0	
0	0	0	0	0	0	0	
2	0	1	0	0	0	0	
0	3	0	3	0	0	0	
0	0	1	0	0	0	0	
0	1	3	3	1	3	0	
1	3	0	0	3	2	0	
0	0	0	0	3	0	0	
0	2	0	0	0	0	0	
2	0	0	3	0	0	0	
1	2	3	0	2	2	0	
0	0	0	3	1	0	0	
0	0	3	3	0	0	0	
3	0	0	0	1	2	0	
1	0	1	0	0	0	0	
0	0	0	0	0	0	0	
0	0	0	0	3	0	0	
2	3	1	0	2	0	0	
0	0	3	1	0	0	0	
2	2	0	0	2	0	0	
1	1	0	0	0	2	0	
0	2	0	2	1	0	0	
0	0	0	1	0	3	0	
0	0	0	2	0	0	0	
3	1	3	0	0	0	0	
0	3	0	0	2	2	0	
2	0	0	0	0	1	0	
0	1	0	3	0	0	0	
0	3	0	2	0	2	0	
0	0	0	0	0	0	0	
0	0	1	3	1	0	0	
0	1	3	3	0	2	0	
0	0	0	0	0	1	0	
2	0	1	0	2	3	0	
0	2	0	0	0	1	0	
2	0	0	3	0	2	0	
0	1	0	2	0	1	0	
2	0	0	0	0	1	0	
2	2	0	3	0	1	0	
2	0	3	1	1	3	0	
0	0	0	1	1	0	0	
1	0	0	0	1	0	0	
0	1	3	3	0	2	0	
0	0	1	0	0	0	0	
0	3	3	0	0	1	0	
0	0	0	2	0	3	0	
0	0	2	0	2	0	0	
2	0	2	1	3	3	0	
2	1	3	0	0	0	0	
0	0	3	1	0	0	0	
0	2	0	0	2	1	0	
1	0	3	0	0	0	0	
1	0	1	3	1	1	0	
0	0	0	0	1	0	0	
2	0	0	0	1	3	0	
2	0	0	0	0	0	0	
0	0	1	0	0	0	0	
0	0	3	0	0	2	1	
1	2	0	1	2	0	0	
0	2	0	0	2	0	0	
2	0	1	3	0	0	0	
1	0	3	0	2	0	0	
1	0	0	0	0	2	0	
0	0	0	0	0	0	0	
0	0	1	1	1	1	0	
0	0	0	0	3	0	0	
0	1	0	0	0	1	0	
0	0	0	0	0	0	0	
0	1	0	3	0	2	0	
1	0	2	1	2	1	0	
1	0	3	0	3	0	0	
0	0	0	1	0	0	0	
0	0	2	3	0	1	0	
0	0	0	0	0	0	0	
0	1	0	0	0	1	0	
3	1	1	3	0	0	0	
0	2	3	3	0	0	0	
0	0	1	0	1	0	0	
--------------------

--------------------
Best Solution Found!
--------------------
Time: 0 hour(s), 0 minute(s), 0 second(s), 166 millisecond(s)

Fitness: 91620

0	0	0	2	0	0	0	
1	2	0	0	1	0	0	
3	0	0	0	1	1	0	
2	1	0	0	2	0	0	
0	0	0	3	3	0	0	
3	2	0	1	0	1	0	
0	0	0	0	2	1	0	
3	2	3	2	2	0	0	
1	0	0	2	0	0	0	
0	0	3	0	2	0	0	
0	0	0	0	0	2	0	
2	3	2	0	0	0	0	
0	2	0	3	0	2	0	
0	0	0	0	0	0	0	
0	1	1	0	0	2	0	
0	1	0	3	1	0	0	
2	2	1	0	2	0	2	
1	1	0	0	0	0	0	
1	0	0	0	1	0	0	
3	1	2	0	2	1	0	
0	0	0	0	0	1	0	
0	1	0	0	0	0	0	
0	2	0	0	0	0	0	
0	0	0	0	0	0	0	
2	0	1	0	0	0	0	
0	3	0	3	0	0	0	
0	0	1	0	0	0	0	
0	1	3	3	1	3	0	
1	3	0	0	3	2	0	
0	0	0	0	3	0	0	
0	2	0	0	0	0	0	
2	0	0	3	0	0	0	
1	2	3	0	2	2	0	
0	0	0	3	1	0	0	
0	0	3	3	0	0	0	
3	0	0	0	1	2	0	
1	0	1	0	0	0	0	
0	0	0	0	0	0	0	
0	0	0	0	3	0	0	
2	3	1	0	2	0	0	
0	0	3	1	0	0	0	
2	2	0	0	2	0	0	
1	1	0	0	0	2	0	
0	2	0	2	1	0	0	
0	0	0	1	0	3	0	
0	0	0	2	0	0	0	
3	1	3	0	0	0	0	
0	3	0	0	2	2	0	
2	0	0	0	0	1	0	
0	1	0	3	0	0	0	
0	3	0	2	0	2	0	
0	0	0	0	0	0	0	
0	0	1	3	1	0	0	
0	1	3	3	0	2	0	
0	0	0	0	0	1	0	
2	0	1	0	2	3	0	
0	2	0	0	0	1	0	
2	0	0	3	0	2	0	
0	1	0	2	0	1	0	
2	0	0	0	0	1	0	
2	2	0	3	0	1	0	
2	0	3	1	1	3	0	
0	0	0	1	1	0	0	
1	0	0	0	1	0	0	
0	1	3	3	0	2	0	
0	0	1	0	0	0	0	
0	3	3	0	0	1	0	
0	0	0	2	0	3	0	
0	0	2	0	2	0	0	
2	0	2	1	3	3	0	
2	1	3	0	0	0	0	
0	0	3	1	0	0	0	
0	2	0	0	2	1	0	
1	0	3	0	0	0	0	
1	0	1	3	1	1	0	
0	0	0	0	1	0	0	
2	0	0	0	1	3	0	
2	0	0	0	0	0	0	
0	0	1	0	0	0	0	
0	0	3	0	0	2	1	
1	2	0	1	2	0	0	
0	2	0	0	2	0	0	
2	0	1	3	0	0	0	
1	0	3	0	2	0	0	
1	0	0	0	0	2	0	
0	0	0	0	0	0	0	
0	0	1	1	1	1	0	
0	0	0	0	3	0	0	
0	1	0	0	0	1	0	
0	0	0	0	0	0	0	
0	1	0	3	0	2	0	
1	0	2	1	2	1	0	
1	0	3	0	3	0	0	
0	0	0	1	0	0	0	
0	0	2	3	0	1	0	
0	0	0	0	0	0	0	
0	1	0	0	0	1	0	
3	1	1	3	0	0	0	
0	2	3	3	0	0	0	
0	0	1	0	1	0	0	
--------------------

--------------------
Best Solution Found!
--------------------
Time: 0 hour(s), 0 minute(s), 0 second(s), 168 millisecond(s)

Fitness: 91620

0	0	0	2	0	0	0	
1	2	0	0	1	0	0	
3	0	0	0	1	1	0	
2	1	0	0	2	0	0	
0	0	0	3	3	0	0	
3	2	0	1	0	1	0	
0	0	0	0	2	1	0	
3	2	3	2	2	0	0	
1	0	0	2	0	0	0	
0	0	3	0	2	0	0	
0	0	0	0	0	2	0	
2	3	2	0	0	0	0	
0	2	0	3	0	2	0	
0	0	0	0	0	0	0	
0	1	1	0	0	2	0	
0	1	0	3	1	0	0	
2	2	1	0	2	0	2	
1	1	0	0	0	0	0	
1	0	0	0	1	0	0	
3	1	2	0	2	1	0	
0	0	0	0	0	1	0	
0	1	0	0	0	0	0	
0	2	0	0	0	0	0	
0	0	0	0	0	0	0	
2	0	1	0	0	0	0	
0	3	0	3	0	0	0	
0	0	1	0	0	0	0	
0	1	3	3	1	3	0	
1	3	0	0	3	2	0	
0	0	0	0	3	0	0	
0	2	0	0	0	0	0	
2	0	0	3	0	0	0	
1	2	3	0	2	2	0	
0	0	0	3	1	0	0	
0	0	3	3	0	0	0	
3	0	0	0	1	2	0	
1	0	1	0	0	0	0	
0	0	0	0	0	0	0	
0	0	0	0	3	0	0	
2	3	1	0	2	0	0	
0	0	3	1	0	0	0	
2	2	0	0	2	0	0	
1	1	0	0	0	2	0	
0	2	0	2	1	0	0	
0	0	0	1	0	3	0	
0	0	0	2	0	0	0	
3	1	3	0	0	0	0	
0	3	0	0	2	2	0	
2	0	0	0	0	1	0	
0	1	0	3	0	0	0	
0	3	0	2	0	2	0	
0	0	0	0	0	0	0	
0	0	1	3	1	0	0	
0	1	3	3	0	2	0	
0	0	0	0	0	1	0	
2	0	1	0	2	3	0	
0	2	0	0	0	1	0	
2	0	0	3	0	2	0	
0	1	0	2	0	1	0	
2	0	0	0	0	1	0	
2	2	0	3	0	1	0	
2	0	3	1	1	3	0	
0	0	0	1	1	0	0	
1	0	0	0	1	0	0	
0	1	3	3	0	2	0	
0	0	1	0	0	0	0	
0	3	3	0	0	1	0	
0	0	0	2	0	3	0	
0	0	2	0	2	0	0	
2	0	2	1	3	3	0	
2	1	3	0	0	0	0	
0	0	3	1	0	0	0	
0	2	0	0	2	1	0	
1	0	3	0	0	0	0	
1	0	1	3	1	1	0	
0	0	0	0	1	0	0	
2	0	0	0	1	3	0	
2	0	0	0	0	0	0	
0	0	1	0	0	0	0	
0	0	3	0	0	2	1	
1	2	0	1	2	0	0	
0	2	0	0	2	0	0	
2	0	1	3	0	0	0	
1	0	3	0	2	0	0	
1	0	0	0	0	2	0	
0	0	0	0	0	0	0	
0	0	1	1	1	1	0	
0	0	0	0	3	0	0	
0	1	0	0	0	1	0	
0	0	0	0	0	0	0	
0	1	0	3	0	2	0	
1	0	2	1	2	1	0	
1	0	3	0	3	0	0	
0	0	0	1	0	0	0	
0	0	2	3	0	1	0	
0	0	0	0	0	0	0	
0	1	0	0	0	1	0	
3	1	1	3	0	0	0	
0	2	3	3	0	0	0	
0	0	1	0	1	0	0	
--------------------

--------------------
Best Solution Found!
--------------------
Time: 0 hour(s), 0 minute(s), 0 second(s), 169 millisecond(s)

Fitness: 91620

0	0	0	2	0	0	0	
1	2	0	0	1	0	0	
3	0	0	0	1	1	0	
2	1	0	0	2	0	0	
0	0	0	3	3	0	0	
3	2	0	1	0	1	0	
0	0	0	0	2	1	0	
3	2	3	2	2	0	0	
1	0	0	2	0	0	0	
0	0	3	0	2	0	0	
0	0	0	0	0	2	0	
2	3	2	0	0	0	0	
0	2	0	3	0	2	0	
0	0	0	0	0	0	0	
0	1	1	0	0	2	0	
0	1	0	3	1	0	0	
2	2	1	0	2	0	2	
1	1	0	0	0	0	0	
1	0	0	0	1	0	0	
3	1	2	0	2	1	0	
0	0	0	0	0	1	0	
0	1	0	0	0	0	0	
0	2	0	0	0	0	0	
0	0	0	0	0	0	0	
2	0	1	0	0	0	0	
0	3	0	3	0	0	0	
0	0	1	0	0	0	0	
0	1	3	3	1	3	0	
1	3	0	0	3	2	0	
0	0	0	0	3	0	0	
0	2	0	0	0	0	0	
2	0	0	3	0	0	0	
1	2	3	0	2	2	0	
0	0	0	3	1	0	0	
0	0	3	3	0	0	0	
3	0	0	0	1	2	0	
1	0	1	0	0	0	0	
0	0	0	0	0	0	0	
0	0	0	0	3	0	0	
2	3	1	0	2	0	0	
0	0	3	1	0	0	0	
2	2	0	0	2	0	0	
1	1	0	0	0	2	0	
0	2	0	2	1	0	0	
0	0	0	1	0	3	0	
0	0	0	2	0	0	0	
3	1	3	0	0	0	0	
0	3	0	0	2	2	0	
2	0	0	0	0	1	0	
0	1	0	3	0	0	0	
0	3	0	2	0	2	0	
0	0	0	0	0	0	0	
0	0	1	3	1	0	0	
0	1	3	3	0	2	0	
0	0	0	0	0	1	0	
2	0	1	0	2	3	0	
0	2	0	0	0	1	0	
2	0	0	3	0	2	0	
0	1	0	2	0	1	0	
2	0	0	0	0	1	0	
2	2	0	3	0	1	0	
2	0	3	1	1	3	0	
0	0	0	1	1	0	0	
1	0	0	0	1	0	0	
0	1	3	3	0	2	0	
0	0	1	0	0	0	0	
0	3	3	0	0	1	0	
0	0	0	2	0	3	0	
0	0	2	0	2	0	0	
2	0	2	1	3	3	0	
2	1	3	0	0	0	0	
0	0	3	1	0	0	0	
0	2	0	0	2	1	0	
1	0	3	0	0	0	0	
1	0	1	3	1	1	0	
0	0	0	0	1	0	0	
2	0	0	0	1	3	0	
2	0	0	0	0	0	0	
0	0	1	0	0	0	0	
0	0	3	0	0	2	1	
1	2	0	1	2	0	0	
0	2	0	0	2	0	0	
2	0	1	3	0	0	0	
1	0	3	0	2	0	0	
1	0	0	0	0	2	0	
0	0	0	0	0	0	0	
0	0	1	1	1	1	0	
0	0	0	0	3	0	0	
0	1	0	0	0	1	0	
0	0	0	0	0	0	0	
0	1	0	3	0	2	0	
1	0	2	1	2	1	0	
1	0	3	0	3	0	0	
0	0	0	1	0	0	0	
0	0	2	3	0	1	0	
0	0	0	0	0	0	0	
0	1	0	0	0	1	0	
3	1	1	3	0	0	0	
0	2	3	3	0	0	0	
0	0	1	0	1	0	0	
--------------------

--------------------
Best Solution Found!
--------------------
Time: 0 hour(s), 0 minute(s), 0 second(s), 171 millisecond(s)

Fitness: 91620

0	0	0	2	0	0	0	
1	2	0	0	1	0	0	
3	0	0	0	1	1	0	
2	1	0	0	2	0	0	
0	0	0	3	3	0	0	
3	2	0	1	0	1	0	
0	0	0	0	2	1	0	
3	2	3	2	2	0	0	
1	0	0	2	0	0	0	
0	0	3	0	2	0	0	
0	0	0	0	0	2	0	
2	3	2	0	0	0	0	
0	2	0	3	0	2	0	
0	0	0	0	0	0	0	
0	1	1	0	0	2	0	
0	1	0	3	1	0	0	
2	2	1	0	2	0	2	
1	1	0	0	0	0	0	
1	0	0	0	1	0	0	
3	1	2	0	2	1	0	
0	0	0	0	0	1	0	
0	1	0	0	0	0	0	
0	2	0	0	0	0	0	
0	0	0	0	0	0	0	
2	0	1	0	0	0	0	
0	3	0	3	0	0	0	
0	0	1	0	0	0	0	
0	1	3	3	1	3	0	
1	3	0	0	3	2	0	
0	0	0	0	3	0	0	
0	2	0	0	0	0	0	
2	0	0	3	0	0	0	
1	2	3	0	2	2	0	
0	0	0	3	1	0	0	
0	0	3	3	0	0	0	
3	0	0	0	1	2	0	
1	0	1	0	0	0	0	
0	0	0	0	0	0	0	
0	0	0	0	3	0	0	
2	3	1	0	2	0	0	
0	0	3	1	0	0	0	
2	2	0	0	2	0	0	
1	1	0	0	0	2	0	
0	2	0	2	1	0	0	
0	0	0	1	0	3	0	
0	0	0	2	0	0	0	
3	1	3	0	0	0	0	
0	3	0	0	2	2	0	
2	0	0	0	0	1	0	
0	1	0	3	0	0	0	
0	3	0	2	0	2	0	
0	0	0	0	0	0	0	
0	0	1	3	1	0	0	
0	1	3	3	0	2	0	
0	0	0	0	0	1	0	
2	0	1	0	2	3	0	
0	2	0	0	0	1	0	
2	0	0	3	0	2	0	
0	1	0	2	0	1	0	
2	0	0	0	0	1	0	
2	2	0	3	0	1	0	
2	0	3	1	1	3	0	
0	0	0	1	1	0	0	
1	0	0	0	1	0	0	
0	1	3	3	0	2	0	
0	0	1	0	0	0	0	
0	3	3	0	0	1	0	
0	0	0	2	0	3	0	
0	0	2	0	2	0	0	
2	0	2	1	3	3	0	
2	1	3	0	0	0	0	
0	0	3	1	0	0	0	
0	2	0	0	2	1	0	
1	0	3	0	0	0	0	
1	0	1	3	1	1	0	
0	0	0	0	1	0	0	
2	0	0	0	1	3	0	
2	0	0	0	0	0	0	
0	0	1	0	0	0	0	
0	0	3	0	0	2	1	
1	2	0	1	2	0	0	
0	2	0	0	2	0	0	
2	0	1	3	0	0	0	
1	0	3	0	2	0	0	
1	0	0	0	0	2	0	
0	0	0	0	0	0	0	
0	0	1	1	1	1	0	
0	0	0	0	3	0	0	
0	1	0	0	0	1	0	
0	0	0	0	0	0	0	
0	1	0	3	0	2	0	
1	0	2	1	2	1	0	
1	0	3	0	3	0	0	
0	0	0	1	0	0	0	
0	0	2	3	0	1	0	
0	0	0	0	0	0	0	
0	1	0	0	0	1	0	
3	1	1	3	0	0	0	
0	2	3	3	0	0	0	
0	0	1	0	1	0	0	
--------------------

--------------------
Best Solution Found!
--------------------
Time: 0 hour(s), 0 minute(s), 0 second(s), 301 millisecond(s)

Fitness: 91591

3	2	0	0	0	0	0	
0	2	0	0	0	1	0	
0	0	0	0	3	0	0	
0	2	0	0	1	0	0	
0	0	0	3	0	2	0	
1	1	0	0	0	0	0	
2	0	0	3	0	0	0	
0	0	3	3	0	0	0	
2	2	0	0	0	0	0	
1	2	3	0	1	1	0	
0	1	0	0	0	0	0	
0	2	2	0	1	0	0	
0	0	0	3	3	0	2	
3	0	0	1	0	0	0	
2	1	1	0	0	1	0	
2	0	0	3	0	0	0	
0	0	1	1	0	0	0	
0	0	0	1	0	0	0	
2	0	0	0	0	1	0	
3	0	2	0	0	0	0	
0	1	0	0	0	0	0	
3	0	0	0	0	2	0	
1	0	0	0	1	0	0	
0	1	0	0	3	1	0	
0	0	1	0	0	0	0	
1	0	0	1	2	0	0	
0	3	1	1	2	0	0	
2	3	3	0	0	0	0	
0	0	0	0	0	0	0	
0	1	0	3	0	1	0	
1	0	0	0	0	3	0	
0	0	0	0	0	0	0	
0	0	3	0	0	3	0	
0	1	0	3	0	0	0	
0	0	3	1	1	1	0	
0	0	0	0	0	0	0	
2	2	1	3	2	1	0	
0	2	0	0	0	0	0	
2	0	0	0	2	3	0	
1	1	1	0	0	0	0	
1	0	3	0	0	3	0	
0	0	0	3	0	0	0	
0	0	0	3	0	2	0	
0	2	0	0	2	0	0	
2	0	0	0	0	2	0	
3	2	0	0	0	2	0	
0	3	3	0	3	0	0	
2	1	0	1	0	0	0	
0	1	0	0	0	1	0	
0	3	0	0	0	0	0	
0	0	0	0	0	0	0	
0	0	0	0	1	1	0	
0	0	1	1	0	0	0	
0	1	3	3	1	3	0	
1	0	0	1	0	2	0	
2	2	1	2	2	0	0	
0	2	0	0	2	0	0	
0	1	0	0	0	1	0	
0	0	0	3	1	0	0	
1	0	0	1	2	0	0	
2	1	0	2	2	1	0	
0	0	3	2	1	0	0	
1	0	0	0	0	0	0	
2	0	0	2	1	2	0	
0	0	3	0	0	1	0	
2	0	1	3	1	0	0	
2	1	3	0	2	0	0	
0	1	0	0	1	1	0	
1	1	2	0	2	3	0	
0	0	2	0	0	1	0	
0	0	3	0	0	0	0	
1	0	3	2	2	0	0	
3	0	0	0	0	2	0	
0	0	3	3	0	0	0	
1	0	1	2	3	0	0	
0	0	0	0	1	0	0	
0	0	0	0	0	0	0	
0	0	0	3	0	0	0	
1	2	1	0	1	0	1	
0	0	3	3	2	2	0	
2	2	0	1	0	0	0	
2	2	0	0	2	0	0	
0	0	1	0	0	2	0	
0	1	3	3	1	3	0	
1	3	0	0	2	0	0	
0	0	0	0	3	2	0	
0	0	1	0	0	2	0	
0	0	0	0	2	2	0	
0	3	0	0	0	1	0	
0	0	0	0	0	1	0	
0	0	0	0	0	1	0	
0	0	2	2	0	1	0	
2	0	3	3	1	2	0	
1	0	0	0	2	2	0	
0	1	2	0	0	0	0	
0	0	0	0	0	0	0	
0	3	0	2	0	0	0	
0	0	1	3	3	0	0	
0	0	3	0	0	0	0	
3	2	1	3	1	0	0	
--------------------

--------------------
Best Solution Found!
--------------------
Time: 0 hour(s), 0 minute(s), 0 second(s), 371 millisecond(s)

Fitness: 90607

0	0	0	0	0	0	0	
0	0	2	2	1	0	0	
0	0	0	0	0	0	0	
3	0	0	0	2	0	0	
0	1	0	0	3	1	0	
2	2	0	1	1	0	0	
2	1	0	0	1	0	0	
0	1	2	0	0	2	0	
1	2	0	0	0	2	0	
0	2	0	0	3	3	0	
0	0	0	0	0	0	0	
2	1	0	1	1	3	0	
1	0	0	0	0	0	0	
0	0	0	0	2	0	0	
3	0	3	0	0	2	0	
0	2	2	0	0	0	0	
0	1	0	2	0	3	0	
0	0	0	0	1	2	0	
0	1	0	0	0	0	0	
0	2	3	0	1	0	0	
0	2	0	0	2	1	0	
0	0	3	3	3	1	0	
0	2	0	0	0	1	0	
0	0	3	0	0	0	0	
2	0	1	0	0	0	0	
0	0	0	0	0	0	1	
1	0	0	0	2	0	0	
2	1	0	2	0	0	0	
0	2	1	0	0	1	0	
3	1	3	0	1	0	0	
1	2	2	0	0	2	0	
0	1	0	1	0	0	0	
0	0	3	3	0	0	0	
0	0	1	0	0	1	0	
0	2	0	2	1	0	0	
0	2	3	0	0	0	0	
2	1	3	3	2	0	0	
2	0	0	0	1	1	0	
0	0	1	0	0	0	0	
2	0	0	0	0	1	0	
1	2	1	0	1	2	0	
1	0	0	0	0	0	0	
0	0	2	0	0	0	0	
0	3	0	3	2	1	2	
3	1	0	0	2	0	0	
0	2	3	3	2	2	0	
2	0	0	0	1	0	0	
0	0	1	0	0	0	0	
0	0	1	1	0	0	0	
1	0	0	0	3	0	0	
0	0	3	3	0	0	0	
0	1	0	3	2	0	0	
1	0	0	2	0	1	0	
2	3	0	3	2	2	0	
3	2	3	1	1	0	0	
0	0	0	1	0	0	0	
0	3	0	0	0	0	0	
0	0	3	0	3	0	0	
3	0	0	3	0	1	0	
0	3	1	3	1	1	0	
1	0	3	0	0	2	0	
0	0	0	0	0	0	0	
0	1	0	3	0	1	0	
2	0	0	3	0	0	0	
0	0	0	0	0	0	0	
0	1	3	0	0	0	0	
0	0	0	0	1	0	0	
0	0	0	0	0	2	0	
0	0	0	1	0	2	0	
2	2	0	3	2	0	0	
1	0	0	0	0	2	0	
0	0	3	0	0	0	0	
1	0	0	0	0	0	0	
3	0	0	0	3	0	0	
0	0	0	1	0	2	0	
0	0	1	0	1	3	0	
2	0	0	2	2	0	0	
2	0	3	0	0	1	0	
0	0	0	1	2	0	0	
0	0	0	3	0	3	0	
0	0	1	1	0	1	0	
0	0	1	0	0	0	0	
1	0	1	1	1	3	0	
0	3	3	0	0	0	0	
1	3	0	0	0	2	0	
0	0	0	0	0	0	0	
0	1	0	3	2	0	0	
2	0	0	0	0	1	0	
1	0	1	3	0	2	0	
0	0	0	3	0	0	0	
0	0	0	2	0	0	0	
0	1	1	2	2	0	0	
2	3	0	0	2	0	0	
2	0	2	0	0	0	0	
1	1	3	3	0	3	0	
0	1	0	3	0	0	0	
0	0	0	0	3	1	0	
1	2	0	0	1	0	0	
0	0	0	3	0	1	0	
2	0	1	0	2	1	0	
--------------------

--------------------
Best Solution Found!
--------------------
Time: 0 hour(s), 0 minute(s), 0 second(s), 411 millisecond(s)

Fitness: 88633

0	0	0	0	2	2	0	
0	0	2	0	0	0	0	
0	0	0	1	3	0	0	
1	1	0	0	0	0	0	
0	2	0	0	0	0	0	
0	0	0	3	0	0	0	
0	0	0	2	3	0	0	
0	0	2	2	1	0	0	
2	0	0	0	1	1	0	
0	0	0	3	0	0	0	
2	0	0	0	0	1	0	
1	1	0	3	1	1	0	
1	2	0	0	0	2	0	
0	0	0	3	0	2	0	
2	0	3	0	1	1	0	
0	0	2	0	0	0	0	
0	0	0	3	0	2	0	
0	0	0	0	0	1	0	
0	0	0	1	0	0	0	
0	0	3	0	0	0	0	
0	2	0	0	0	0	0	
0	0	3	0	0	0	0	
2	0	0	3	0	0	2	
3	0	3	0	3	0	0	
0	0	1	0	0	0	0	
0	0	0	0	2	0	0	
0	0	0	0	0	2	0	
0	0	0	0	2	0	0	
0	1	1	0	0	1	0	
0	1	3	0	1	1	0	
3	0	2	0	0	0	0	
0	1	0	0	0	1	0	
0	0	3	0	0	0	0	
0	1	1	0	0	0	0	
0	0	0	1	0	0	0	
0	1	3	0	1	0	0	
1	0	3	1	1	2	0	
3	2	0	0	0	0	0	
2	3	1	0	2	1	0	
2	0	0	0	2	0	0	
1	2	1	3	2	1	0	
0	2	0	0	1	0	0	
1	3	2	1	2	0	0	
1	0	0	0	0	1	0	
0	0	0	3	0	2	0	
0	1	3	0	3	2	0	
0	2	0	0	0	1	0	
0	0	1	0	1	0	0	
0	0	1	0	1	2	0	
0	0	0	0	0	0	0	
1	2	3	2	0	2	0	
1	0	0	0	0	0	0	
0	0	0	0	0	2	0	
0	0	0	3	2	2	0	
0	1	3	3	2	0	0	
0	2	0	3	0	0	0	
0	0	0	0	0	0	0	
0	1	3	0	0	0	0	
2	3	0	0	0	1	1	
2	0	1	1	1	1	0	
1	2	3	2	1	0	0	
2	0	0	0	2	0	0	
1	1	0	0	0	0	0	
0	0	0	0	0	0	0	
0	0	0	2	0	1	0	
0	0	3	3	2	1	0	
2	1	0	0	0	0	0	
1	0	0	1	1	1	0	
3	2	0	2	0	2	0	
0	0	0	2	2	0	0	
0	2	0	0	0	2	0	
0	0	3	3	0	3	0	
2	3	0	0	2	1	0	
1	2	0	3	3	2	0	
0	1	0	2	0	0	0	
2	0	1	0	0	0	0	
2	0	0	1	1	0	0	
0	2	3	3	3	3	0	
2	0	0	3	0	0	0	
0	0	0	0	0	0	0	
0	0	1	1	0	0	0	
3	0	1	0	0	1	0	
0	0	1	0	0	0	0	
1	3	3	1	3	0	0	
1	0	0	0	0	0	0	
1	3	0	1	2	0	0	
0	0	0	0	1	0	0	
0	0	0	3	2	0	0	
2	3	1	0	0	0	0	
0	1	0	0	0	0	0	
0	0	0	0	0	3	0	
0	1	1	3	2	3	0	
0	1	0	0	0	3	0	
3	1	2	0	0	0	0	
2	2	3	3	2	0	0	
3	0	0	0	0	0	0	
0	2	0	0	0	3	0	
0	0	0	3	1	3	0	
2	1	0	0	0	0	0	
2	0	1	0	1	0	0	
--------------------

--------------------
Best Solution Found!
--------------------
Time: 0 hour(s), 0 minute(s), 3 second(s), 942 millisecond(s)

Fitness: 88596

0	1	0	0	2	2	0	
2	1	1	2	0	1	0	
2	2	0	0	0	2	0	
0	0	0	0	0	1	0	
0	1	0	1	0	2	0	
0	0	0	0	2	0	0	
0	0	0	3	0	2	0	
0	0	0	0	0	2	0	
0	1	0	0	0	2	0	
1	0	3	0	0	1	0	
1	0	0	0	0	0	0	
0	0	2	3	3	0	0	
0	0	0	0	2	0	0	
0	0	1	1	0	0	0	
2	0	0	2	1	0	0	
2	0	3	0	0	0	0	
1	0	3	0	0	0	0	
0	0	0	0	2	0	0	
0	2	3	3	0	0	0	
0	3	1	0	0	0	0	
2	0	0	0	0	1	0	
0	0	0	1	3	0	0	
1	2	0	3	2	1	0	
0	2	0	0	0	1	0	
0	0	0	3	0	0	0	
3	1	3	0	2	2	0	
0	0	0	3	1	1	0	
3	0	1	0	2	0	0	
3	2	3	0	3	2	0	
1	3	0	0	3	0	0	
0	0	0	1	2	0	0	
3	1	3	3	0	0	0	
1	0	0	0	0	0	0	
0	0	3	0	1	0	0	
0	0	0	0	2	0	0	
0	0	1	0	0	0	0	
0	0	0	0	1	0	0	
0	0	1	0	0	0	0	
0	0	0	0	0	0	0	
0	1	1	3	3	0	0	
2	0	2	0	0	0	0	
2	2	3	1	1	2	0	
0	1	1	2	1	1	0	
3	0	0	0	2	0	0	
0	2	0	0	1	1	0	
2	2	0	1	1	3	0	
0	1	3	3	1	3	0	
0	0	0	3	1	0	0	
0	0	1	0	2	0	0	
0	0	0	0	0	0	0	
0	0	0	0	1	0	0	
2	1	0	0	0	3	0	
0	0	0	0	1	0	0	
0	0	0	0	0	2	0	
0	0	1	0	2	0	0	
2	1	1	1	0	1	0	
0	0	0	0	0	1	0	
0	1	2	0	0	2	0	
1	2	3	0	2	1	0	
2	0	2	0	0	0	0	
1	0	0	2	3	0	0	
0	0	1	3	0	0	0	
0	0	0	1	0	1	0	
2	3	0	3	2	3	0	
0	2	0	1	0	2	0	
2	1	3	3	2	3	0	
0	1	2	3	0	0	0	
0	0	0	2	0	1	0	
2	3	0	0	0	0	0	
0	3	0	0	0	0	0	
0	0	0	3	0	0	0	
0	0	0	1	1	0	2	
1	0	1	0	1	0	0	
0	0	0	0	0	1	0	
0	1	0	2	1	3	0	
1	0	3	0	0	1	0	
1	0	2	0	0	0	0	
1	0	3	0	0	1	0	
0	0	0	0	0	2	0	
0	1	0	3	0	0	0	
1	2	0	0	0	1	0	
2	0	3	0	0	0	0	
0	0	0	0	2	0	0	
2	2	0	0	0	0	0	
0	3	1	0	0	1	0	
2	0	0	0	0	3	0	
0	2	0	0	2	0	0	
0	0	3	3	0	0	0	
3	1	0	0	0	0	0	
0	0	0	2	0	0	0	
1	0	1	0	0	0	0	
1	0	3	0	0	0	0	
0	2	0	3	0	0	0	
0	0	0	2	0	0	0	
0	2	0	0	0	2	0	
1	3	0	3	1	0	0	
0	0	0	0	0	0	0	
0	1	0	0	0	0	0	
2	0	3	1	3	2	0	
3	2	0	3	1	0	1	
--------------------

--------------------
Best Solution Found!
--------------------
Time: 0 hour(s), 0 minute(s), 6 second(s), 951 millisecond(s)

Fitness: 88579

0	1	3	0	0	0	0	
3	1	3	0	1	1	0	
0	2	1	2	3	1	0	
0	0	0	3	0	0	0	
0	2	0	0	2	0	0	
1	0	1	0	0	0	0	
0	0	1	0	3	1	0	
2	2	3	0	1	3	0	
3	2	2	0	0	2	0	
0	2	0	3	0	0	0	
3	1	0	2	1	2	0	
2	2	2	0	1	3	0	
2	2	0	1	2	1	0	
2	1	0	0	0	0	0	
0	1	1	3	1	2	0	
2	1	0	0	0	2	0	
0	1	0	0	2	0	0	
0	2	0	0	3	0	0	
0	3	0	0	0	1	0	
0	1	0	2	1	0	0	
0	0	0	0	0	2	0	
0	0	3	0	2	0	0	
0	3	0	3	0	1	0	
0	0	0	2	0	1	0	
1	0	0	0	1	1	0	
0	0	0	0	2	0	0	
0	0	0	0	2	0	0	
1	0	0	0	0	1	0	
3	0	0	3	2	0	0	
0	0	0	3	0	0	0	
0	2	3	0	3	0	0	
0	0	0	0	1	2	0	
2	3	3	3	0	0	0	
1	0	1	0	0	0	0	
0	0	3	0	0	0	0	
0	2	0	0	0	0	0	
0	0	0	0	0	0	0	
0	2	1	0	0	0	0	
0	2	0	0	0	0	0	
0	0	0	1	0	2	0	
2	0	0	0	0	0	0	
0	0	0	0	1	3	0	
0	1	0	1	2	0	0	
0	1	0	0	0	2	0	
0	0	2	0	3	3	0	
2	0	0	2	0	1	0	
3	1	0	1	3	0	0	
1	0	3	3	2	1	0	
0	0	1	0	0	0	0	
2	0	0	0	1	0	0	
0	0	0	0	1	2	0	
0	0	1	3	0	0	0	
0	0	3	0	0	0	0	
0	0	2	1	0	0	0	
0	0	3	1	0	0	0	
0	0	0	0	1	0	0	
0	1	1	0	0	2	0	
0	0	1	1	0	1	0	
1	0	0	0	2	1	0	
1	0	0	0	0	0	0	
0	0	3	0	2	2	0	
0	0	0	3	2	0	0	
0	0	0	0	0	3	0	
2	0	1	3	2	1	0	
1	0	0	1	0	3	0	
2	0	0	0	0	0	0	
1	0	1	1	0	0	0	
0	0	0	0	0	0	0	
0	1	0	1	0	1	1	
0	0	0	0	0	0	0	
1	0	2	0	0	3	0	
2	0	0	0	0	2	0	
2	0	0	0	1	0	0	
2	3	0	0	0	0	0	
0	0	3	0	0	0	0	
1	2	1	0	1	1	0	
0	0	0	0	0	0	0	
1	1	0	1	2	0	0	
3	0	3	3	0	1	0	
2	0	3	3	0	0	0	
2	0	3	0	0	0	0	
0	0	3	0	0	0	0	
0	3	0	0	0	0	0	
0	0	3	2	0	0	0	
1	1	2	0	0	0	0	
0	0	3	0	0	2	0	
0	0	0	3	0	0	0	
1	3	0	0	0	0	0	
2	0	0	2	0	0	0	
0	1	0	0	2	0	0	
0	2	0	3	2	0	0	
0	2	1	3	1	1	0	
1	1	0	3	2	0	0	
1	0	0	2	0	0	0	
3	3	1	0	0	1	2	
0	0	0	3	3	2	0	
0	2	0	3	0	0	0	
0	1	0	0	1	0	0	
0	0	0	3	1	0	0	
2	0	0	0	0	2	0	
--------------------

--------------------
Best Solution Found!
--------------------
Time: 0 hour(s), 0 minute(s), 6 second(s), 953 millisecond(s)

Fitness: 88579

0	1	3	0	0	0	0	
3	1	3	0	1	1	0	
0	2	1	2	3	1	0	
0	0	0	3	0	0	0	
0	2	0	0	2	0	0	
1	0	1	0	0	0	0	
0	0	1	0	3	1	0	
2	2	3	0	1	3	0	
3	2	2	0	0	2	0	
0	2	0	3	0	0	0	
3	1	0	2	1	2	0	
2	2	2	0	1	3	0	
2	2	0	1	2	1	0	
2	1	0	0	0	0	0	
0	1	1	3	1	2	0	
2	1	0	0	0	2	0	
0	1	0	0	2	0	0	
0	2	0	0	3	0	0	
0	3	0	0	0	1	0	
0	1	0	2	1	0	0	
0	0	0	0	0	2	0	
0	0	3	0	2	0	0	
0	3	0	3	0	1	0	
0	0	0	2	0	1	0	
1	0	0	0	1	1	0	
0	0	0	0	2	0	0	
0	0	0	0	2	0	0	
1	0	0	0	0	1	0	
3	0	0	3	2	0	0	
0	0	0	3	0	0	0	
0	2	3	0	3	0	0	
0	0	0	0	1	2	0	
2	3	3	3	0	0	0	
1	0	1	0	0	0	0	
0	0	3	0	0	0	0	
0	2	0	0	0	0	0	
0	0	0	0	0	0	0	
0	2	1	0	0	0	0	
0	2	0	0	0	0	0	
0	0	0	1	0	2	0	
2	0	0	0	0	0	0	
0	0	0	0	1	3	0	
0	1	0	1	2	0	0	
0	1	0	0	0	2	0	
0	0	2	0	3	3	0	
2	0	0	2	0	1	0	
3	1	0	1	3	0	0	
1	0	3	3	2	1	0	
0	0	1	0	0	0	0	
2	0	0	0	1	0	0	
0	0	0	0	1	2	0	
0	0	1	3	0	0	0	
0	0	3	0	0	0	0	
0	0	2	1	0	0	0	
0	0	3	1	0	0	0	
0	0	0	0	1	0	0	
0	1	1	0	0	2	0	
0	0	1	1	0	1	0	
1	0	0	0	2	1	0	
1	0	0	0	0	0	0	
0	0	3	0	2	2	0	
0	0	0	3	2	0	0	
0	0	0	0	0	3	0	
2	0	1	3	2	1	0	
1	0	0	1	0	3	0	
2	0	0	0	0	0	0	
1	0	1	1	0	0	0	
0	0	0	0	0	0	0	
0	1	0	1	0	1	1	
0	0	0	0	0	0	0	
1	0	2	0	0	3	0	
2	0	0	0	0	2	0	
2	0	0	0	1	0	0	
2	3	0	0	0	0	0	
0	0	3	0	0	0	0	
1	2	1	0	1	1	0	
0	0	0	0	0	0	0	
1	1	0	1	2	0	0	
3	0	3	3	0	1	0	
2	0	3	3	0	0	0	
2	0	3	0	0	0	0	
0	0	3	0	0	0	0	
0	3	0	0	0	0	0	
0	0	3	2	0	0	0	
1	1	2	0	0	0	0	
0	0	3	0	0	2	0	
0	0	0	3	0	0	0	
1	3	0	0	0	0	0	
2	0	0	2	0	0	0	
0	1	0	0	2	0	0	
0	2	0	3	2	0	0	
0	2	1	3	1	1	0	
1	1	0	3	2	0	0	
1	0	0	2	0	0	0	
3	3	1	0	0	1	2	
0	0	0	3	3	2	0	
0	2	0	3	0	0	0	
0	1	0	0	1	0	0	
0	0	0	3	1	0	0	
2	0	0	0	0	2	0	
--------------------

--------------------
Best Solution Found!
--------------------
Time: 0 hour(s), 0 minute(s), 6 second(s), 954 millisecond(s)

Fitness: 88579

0	1	3	0	0	0	0	
3	1	3	0	1	1	0	
0	2	1	2	3	1	0	
0	0	0	3	0	0	0	
0	2	0	0	2	0	0	
1	0	1	0	0	0	0	
0	0	1	0	3	1	0	
2	2	3	0	1	3	0	
3	2	2	0	0	2	0	
0	2	0	3	0	0	0	
3	1	0	2	1	2	0	
2	2	2	0	1	3	0	
2	2	0	1	2	1	0	
2	1	0	0	0	0	0	
0	1	1	3	1	2	0	
2	1	0	0	0	2	0	
0	1	0	0	2	0	0	
0	2	0	0	3	0	0	
0	3	0	0	0	1	0	
0	1	0	2	1	0	0	
0	0	0	0	0	2	0	
0	0	3	0	2	0	0	
0	3	0	3	0	1	0	
0	0	0	2	0	1	0	
1	0	0	0	1	1	0	
0	0	0	0	2	0	0	
0	0	0	0	2	0	0	
1	0	0	0	0	1	0	
3	0	0	3	2	0	0	
0	0	0	3	0	0	0	
0	2	3	0	3	0	0	
0	0	0	0	1	2	0	
2	3	3	3	0	0	0	
1	0	1	0	0	0	0	
0	0	3	0	0	0	0	
0	2	0	0	0	0	0	
0	0	0	0	0	0	0	
0	2	1	0	0	0	0	
0	2	0	0	0	0	0	
0	0	0	1	0	2	0	
2	0	0	0	0	0	0	
0	0	0	0	1	3	0	
0	1	0	1	2	0	0	
0	1	0	0	0	2	0	
0	0	2	0	3	3	0	
2	0	0	2	0	1	0	
3	1	0	1	3	0	0	
1	0	3	3	2	1	0	
0	0	1	0	0	0	0	
2	0	0	0	1	0	0	
0	0	0	0	1	2	0	
0	0	1	3	0	0	0	
0	0	3	0	0	0	0	
0	0	2	1	0	0	0	
0	0	3	1	0	0	0	
0	0	0	0	1	0	0	
0	1	1	0	0	2	0	
0	0	1	1	0	1	0	
1	0	0	0	2	1	0	
1	0	0	0	0	0	0	
0	0	3	0	2	2	0	
0	0	0	3	2	0	0	
0	0	0	0	0	3	0	
2	0	1	3	2	1	0	
1	0	0	1	0	3	0	
2	0	0	0	0	0	0	
1	0	1	1	0	0	0	
0	0	0	0	0	0	0	
0	1	0	1	0	1	1	
0	0	0	0	0	0	0	
1	0	2	0	0	3	0	
2	0	0	0	0	2	0	
2	0	0	0	1	0	0	
2	3	0	0	0	0	0	
0	0	3	0	0	0	0	
1	2	1	0	1	1	0	
0	0	0	0	0	0	0	
1	1	0	1	2	0	0	
3	0	3	3	0	1	0	
2	0	3	3	0	0	0	
2	0	3	0	0	0	0	
0	0	3	0	0	0	0	
0	3	0	0	0	0	0	
0	0	3	2	0	0	0	
1	1	2	0	0	0	0	
0	0	3	0	0	2	0	
0	0	0	3	0	0	0	
1	3	0	0	0	0	0	
2	0	0	2	0	0	0	
0	1	0	0	2	0	0	
0	2	0	3	2	0	0	
0	2	1	3	1	1	0	
1	1	0	3	2	0	0	
1	0	0	2	0	0	0	
3	3	1	0	0	1	2	
0	0	0	3	3	2	0	
0	2	0	3	0	0	0	
0	1	0	0	1	0	0	
0	0	0	3	1	0	0	
2	0	0	0	0	2	0	
--------------------

--------------------
Best Solution Found!
--------------------
Time: 0 hour(s), 0 minute(s), 6 second(s), 956 millisecond(s)

Fitness: 88579

0	1	3	0	0	0	0	
3	1	3	0	1	1	0	
0	2	1	2	3	1	0	
0	0	0	3	0	0	0	
0	2	0	0	2	0	0	
1	0	1	0	0	0	0	
0	0	1	0	3	1	0	
2	2	3	0	1	3	0	
3	2	2	0	0	2	0	
0	2	0	3	0	0	0	
3	1	0	2	1	2	0	
2	2	2	0	1	3	0	
2	2	0	1	2	1	0	
2	1	0	0	0	0	0	
0	1	1	3	1	2	0	
2	1	0	0	0	2	0	
0	1	0	0	2	0	0	
0	2	0	0	3	0	0	
0	3	0	0	0	1	0	
0	1	0	2	1	0	0	
0	0	0	0	0	2	0	
0	0	3	0	2	0	0	
0	3	0	3	0	1	0	
0	0	0	2	0	1	0	
1	0	0	0	1	1	0	
0	0	0	0	2	0	0	
0	0	0	0	2	0	0	
1	0	0	0	0	1	0	
3	0	0	3	2	0	0	
0	0	0	3	0	0	0	
0	2	3	0	3	0	0	
0	0	0	0	1	2	0	
2	3	3	3	0	0	0	
1	0	1	0	0	0	0	
0	0	3	0	0	0	0	
0	2	0	0	0	0	0	
0	0	0	0	0	0	0	
0	2	1	0	0	0	0	
0	2	0	0	0	0	0	
0	0	0	1	0	2	0	
2	0	0	0	0	0	0	
0	0	0	0	1	3	0	
0	1	0	1	2	0	0	
0	1	0	0	0	2	0	
0	0	2	0	3	3	0	
2	0	0	2	0	1	0	
3	1	0	1	3	0	0	
1	0	3	3	2	1	0	
0	0	1	0	0	0	0	
2	0	0	0	1	0	0	
0	0	0	0	1	2	0	
0	0	1	3	0	0	0	
0	0	3	0	0	0	0	
0	0	2	1	0	0	0	
0	0	3	1	0	0	0	
0	0	0	0	1	0	0	
0	1	1	0	0	2	0	
0	0	1	1	0	1	0	
1	0	0	0	2	1	0	
1	0	0	0	0	0	0	
0	0	3	0	2	2	0	
0	0	0	3	2	0	0	
0	0	0	0	0	3	0	
2	0	1	3	2	1	0	
1	0	0	1	0	3	0	
2	0	0	0	0	0	0	
1	0	1	1	0	0	0	
0	0	0	0	0	0	0	
0	1	0	1	0	1	1	
0	0	0	0	0	0	0	
1	0	2	0	0	3	0	
2	0	0	0	0	2	0	
2	0	0	0	1	0	0	
2	3	0	0	0	0	0	
0	0	3	0	0	0	0	
1	2	1	0	1	1	0	
0	0	0	0	0	0	0	
1	1	0	1	2	0	0	
3	0	3	3	0	1	0	
2	0	3	3	0	0	0	
2	0	3	0	0	0	0	
0	0	3	0	0	0	0	
0	3	0	0	0	0	0	
0	0	3	2	0	0	0	
1	1	2	0	0	0	0	
0	0	3	0	0	2	0	
0	0	0	3	0	0	0	
1	3	0	0	0	0	0	
2	0	0	2	0	0	0	
0	1	0	0	2	0	0	
0	2	0	3	2	0	0	
0	2	1	3	1	1	0	
1	1	0	3	2	0	0	
1	0	0	2	0	0	0	
3	3	1	0	0	1	2	
0	0	0	3	3	2	0	
0	2	0	3	0	0	0	
0	1	0	0	1	0	0	
0	0	0	3	1	0	0	
2	0	0	0	0	2	0	
--------------------

--------------------
Best Solution Found!
--------------------
Time: 0 hour(s), 0 minute(s), 9 second(s), 946 millisecond(s)

Fitness: 87598

0	0	3	0	0	0	0	
0	1	3	0	0	0	1	
0	0	0	0	2	0	0	
0	0	1	3	0	0	0	
0	2	0	3	0	0	0	
0	2	1	0	2	0	0	
0	0	0	0	0	0	0	
0	0	0	0	2	1	0	
0	2	1	0	0	0	0	
0	0	3	0	0	0	0	
2	3	3	2	0	3	0	
0	0	0	0	0	0	0	
1	0	0	1	1	1	0	
2	2	1	0	1	2	0	
0	0	0	0	1	0	0	
0	0	0	0	2	0	0	
2	2	3	3	2	0	0	
2	1	0	3	0	0	0	
0	0	0	0	2	1	0	
0	0	0	3	0	0	0	
0	0	0	0	2	0	0	
0	1	2	0	0	1	0	
3	1	3	0	0	1	0	
0	1	0	2	0	0	0	
2	2	0	0	0	2	0	
0	2	0	0	0	1	0	
0	0	0	0	0	1	0	
0	0	0	0	0	0	0	
3	0	0	0	0	2	0	
3	0	0	0	0	0	0	
0	2	1	3	3	2	0	
2	0	0	0	1	2	0	
0	0	1	0	0	0	0	
1	0	1	0	2	0	0	
1	1	3	3	0	1	0	
0	1	0	3	0	2	0	
1	3	1	2	0	0	0	
1	1	0	0	0	1	0	
0	2	1	0	0	3	0	
0	0	0	2	1	0	0	
0	0	2	3	2	1	0	
0	2	0	0	1	0	0	
2	0	0	3	0	2	0	
2	0	0	0	0	3	0	
0	0	0	1	1	0	0	
0	0	0	0	0	0	0	
1	0	0	0	0	0	0	
1	0	0	0	0	0	0	
0	1	0	0	0	2	0	
0	0	3	0	1	0	2	
1	0	0	0	0	1	0	
0	0	0	0	0	2	0	
1	1	0	1	0	3	0	
0	0	0	0	1	0	0	
0	0	0	0	0	0	0	
1	0	0	0	0	0	0	
0	0	0	1	0	0	0	
0	0	0	1	0	2	0	
2	0	0	0	0	2	0	
2	0	3	0	0	1	0	
2	0	3	0	3	3	0	
0	0	0	0	2	1	0	
0	0	3	0	1	0	0	
0	1	0	0	2	0	0	
0	3	2	3	0	0	0	
2	0	0	3	1	0	0	
3	3	0	2	3	2	0	
0	0	3	3	1	0	0	
0	0	3	0	0	0	0	
0	3	0	1	0	0	0	
3	1	1	2	0	1	0	
1	1	1	2	3	0	0	
0	0	0	0	0	0	0	
2	2	1	1	1	0	0	
0	0	3	0	1	1	0	
1	1	0	3	0	0	0	
0	0	0	3	2	0	0	
0	0	2	3	2	3	0	
2	0	3	0	2	3	0	
0	0	0	0	1	0	0	
2	2	2	1	0	0	0	
1	0	0	0	0	0	0	
1	0	1	0	2	0	0	
0	0	0	0	0	0	0	
0	0	1	3	0	2	0	
3	3	1	2	0	1	0	
0	0	0	0	0	0	0	
3	3	3	0	0	1	0	
0	2	0	3	0	1	0	
2	1	3	3	3	0	0	
0	2	0	1	2	0	0	
0	2	0	0	0	0	0	
1	0	3	0	0	2	0	
0	0	0	0	1	0	0	
1	1	2	3	1	0	0	
0	0	0	0	0	0	0	
2	0	0	0	2	0	0	
2	2	0	1	3	1	0	
0	1	0	0	0	2	0	
0	1	0	1	3	0	0	
--------------------

--------------------
Best Solution Found!
--------------------
Time: 0 hour(s), 0 minute(s), 9 second(s), 948 millisecond(s)

Fitness: 87598

0	0	3	0	0	0	0	
0	1	3	0	0	0	1	
0	0	0	0	2	0	0	
0	0	1	3	0	0	0	
0	2	0	3	0	0	0	
0	2	1	0	2	0	0	
0	0	0	0	0	0	0	
0	0	0	0	2	1	0	
0	2	1	0	0	0	0	
0	0	3	0	0	0	0	
2	3	3	2	0	3	0	
0	0	0	0	0	0	0	
1	0	0	1	1	1	0	
2	2	1	0	1	2	0	
0	0	0	0	1	0	0	
0	0	0	0	2	0	0	
2	2	3	3	2	0	0	
2	1	0	3	0	0	0	
0	0	0	0	2	1	0	
0	0	0	3	0	0	0	
0	0	0	0	2	0	0	
0	1	2	0	0	1	0	
3	1	3	0	0	1	0	
0	1	0	2	0	0	0	
2	2	0	0	0	2	0	
0	2	0	0	0	1	0	
0	0	0	0	0	1	0	
0	0	0	0	0	0	0	
3	0	0	0	0	2	0	
3	0	0	0	0	0	0	
0	2	1	3	3	2	0	
2	0	0	0	1	2	0	
0	0	1	0	0	0	0	
1	0	1	0	2	0	0	
1	1	3	3	0	1	0	
0	1	0	3	0	2	0	
1	3	1	2	0	0	0	
1	1	0	0	0	1	0	
0	2	1	0	0	3	0	
0	0	0	2	1	0	0	
0	0	2	3	2	1	0	
0	2	0	0	1	0	0	
2	0	0	3	0	2	0	
2	0	0	0	0	3	0	
0	0	0	1	1	0	0	
0	0	0	0	0	0	0	
1	0	0	0	0	0	0	
1	0	0	0	0	0	0	
0	1	0	0	0	2	0	
0	0	3	0	1	0	2	
1	0	0	0	0	1	0	
0	0	0	0	0	2	0	
1	1	0	1	0	3	0	
0	0	0	0	1	0	0	
0	0	0	0	0	0	0	
1	0	0	0	0	0	0	
0	0	0	1	0	0	0	
0	0	0	1	0	2	0	
2	0	0	0	0	2	0	
2	0	3	0	0	1	0	
2	0	3	0	3	3	0	
0	0	0	0	2	1	0	
0	0	3	0	1	0	0	
0	1	0	0	2	0	0	
0	3	2	3	0	0	0	
2	0	0	3	1	0	0	
3	3	0	2	3	2	0	
0	0	3	3	1	0	0	
0	0	3	0	0	0	0	
0	3	0	1	0	0	0	
3	1	1	2	0	1	0	
1	1	1	2	3	0	0	
0	0	0	0	0	0	0	
2	2	1	1	1	0	0	
0	0	3	0	1	1	0	
1	1	0	3	0	0	0	
0	0	0	3	2	0	0	
0	0	2	3	2	3	0	
2	0	3	0	2	3	0	
0	0	0	0	1	0	0	
2	2	2	1	0	0	0	
1	0	0	0	0	0	0	
1	0	1	0	2	0	0	
0	0	0	0	0	0	0	
0	0	1	3	0	2	0	
3	3	1	2	0	1	0	
0	0	0	0	0	0	0	
3	3	3	0	0	1	0	
0	2	0	3	0	1	0	
2	1	3	3	3	0	0	
0	2	0	1	2	0	0	
0	2	0	0	0	0	0	
1	0	3	0	0	2	0	
0	0	0	0	1	0	0	
1	1	2	3	1	0	0	
0	0	0	0	0	0	0	
2	0	0	0	2	0	0	
2	2	0	1	3	1	0	
0	1	0	0	0	2	0	
0	1	0	1	3	0	0	
--------------------
---------------------
Best Solution Found!
--------------------
Time: 0 hour(s), 1 minute(s), 54 second(s), 853 millisecond(s)

Fitness: 86599

0	2	0	0	0	0	0	
2	0	0	0	3	0	0	
0	3	0	3	0	0	0	
0	1	1	1	1	3	0	
0	0	0	0	0	2	0	
0	0	0	0	0	0	0	
0	0	0	1	2	1	0	
2	0	0	3	0	0	0	
0	0	2	3	2	0	0	
0	0	0	0	0	1	0	
0	0	3	0	0	1	0	
0	1	0	3	2	0	0	
1	0	3	0	0	3	0	
1	1	2	3	0	1	0	
2	3	0	3	0	0	0	
0	0	0	0	2	3	0	
2	1	1	0	1	0	0	
2	1	0	0	0	0	0	
0	2	1	1	3	2	0	
0	0	0	0	0	0	0	
0	3	0	3	0	0	0	
3	0	3	0	0	1	0	
0	0	0	0	0	2	0	
3	0	0	0	0	0	0	
2	1	3	3	0	2	0	
0	0	0	0	2	1	0	
2	0	2	0	0	1	0	
1	0	0	2	1	0	0	
0	0	0	1	0	0	0	
0	0	0	0	0	0	0	
3	0	1	0	0	1	0	
1	3	0	0	2	0	0	
0	0	3	0	1	1	0	
0	0	0	2	0	0	0	
0	1	3	0	0	2	0	
0	0	0	0	0	2	0	
0	0	0	0	2	0	0	
0	0	0	0	0	0	0	
0	0	0	0	0	0	0	
3	1	1	0	0	0	0	
0	0	0	3	2	0	0	
2	2	3	0	1	0	0	
0	0	0	0	2	1	0	
0	0	0	0	0	0	0	
0	0	0	0	0	0	0	
0	0	1	0	3	1	0	
1	2	0	0	1	0	0	
2	2	0	0	1	0	0	
0	2	0	0	0	0	0	
1	3	1	2	0	2	0	
1	2	0	0	0	2	0	
2	2	3	3	2	0	0	
1	0	3	2	2	1	0	
0	0	1	3	2	0	0	
2	2	0	0	0	1	0	
0	0	2	3	0	0	0	
0	0	0	0	1	0	0	
2	1	0	2	1	3	0	
0	0	1	0	1	0	0	
1	1	0	1	2	2	0	
1	0	0	2	0	0	0	
3	0	1	0	0	0	0	
2	2	0	0	0	2	0	
0	1	0	1	0	0	0	
0	0	1	1	1	0	0	
2	2	0	0	1	0	0	
0	3	0	0	0	2	0	
2	0	1	1	2	3	0	
0	0	3	0	0	2	0	
0	0	1	3	3	0	0	
0	0	3	0	0	0	0	
1	1	0	1	0	1	0	
3	2	1	1	1	0	0	
1	0	0	3	0	0	0	
0	0	3	2	3	0	0	
0	1	0	0	1	0	0	
0	0	0	0	0	0	0	
2	1	1	0	0	1	0	
1	3	3	3	2	0	0	
1	0	0	0	3	0	0	
1	0	0	0	0	0	2	
3	0	2	2	0	1	0	
0	2	0	0	0	0	0	
0	0	3	0	0	2	0	
0	0	0	0	0	0	0	
2	2	0	3	0	0	0	
0	0	0	3	1	0	0	
0	0	0	0	1	1	0	
0	1	0	0	2	0	0	
0	0	2	0	0	3	0	
0	2	3	0	0	2	1	
1	1	3	0	2	2	0	
0	0	0	0	0	0	0	
2	1	3	1	1	0	0	
0	0	0	3	0	1	0	
0	2	0	0	3	0	0	
0	0	0	0	0	0	0	
0	1	0	0	0	1	0	
0	0	0	3	0	3	0	
0	0	3	3	0	0	0	
--------------------

--------------------
Best Solution Found!
--------------------
Time: 0 hour(s), 1 minute(s), 54 second(s), 855 millisecond(s)

Fitness: 86599

0	2	0	0	0	0	0	
2	0	0	0	3	0	0	
0	3	0	3	0	0	0	
0	1	1	1	1	3	0	
0	0	0	0	0	2	0	
0	0	0	0	0	0	0	
0	0	0	1	2	1	0	
2	0	0	3	0	0	0	
0	0	2	3	2	0	0	
0	0	0	0	0	1	0	
0	0	3	0	0	1	0	
0	1	0	3	2	0	0	
1	0	3	0	0	3	0	
1	1	2	3	0	1	0	
2	3	0	3	0	0	0	
0	0	0	0	2	3	0	
2	1	1	0	1	0	0	
2	1	0	0	0	0	0	
0	2	1	1	3	2	0	
0	0	0	0	0	0	0	
0	3	0	3	0	0	0	
3	0	3	0	0	1	0	
0	0	0	0	0	2	0	
3	0	0	0	0	0	0	
2	1	3	3	0	2	0	
0	0	0	0	2	1	0	
2	0	2	0	0	1	0	
1	0	0	2	1	0	0	
0	0	0	1	0	0	0	
0	0	0	0	0	0	0	
3	0	1	0	0	1	0	
1	3	0	0	2	0	0	
0	0	3	0	1	1	0	
0	0	0	2	0	0	0	
0	1	3	0	0	2	0	
0	0	0	0	0	2	0	
0	0	0	0	2	0	0	
0	0	0	0	0	0	0	
0	0	0	0	0	0	0	
3	1	1	0	0	0	0	
0	0	0	3	2	0	0	
2	2	3	0	1	0	0	
0	0	0	0	2	1	0	
0	0	0	0	0	0	0	
0	0	0	0	0	0	0	
0	0	1	0	3	1	0	
1	2	0	0	1	0	0	
2	2	0	0	1	0	0	
0	2	0	0	0	0	0	
1	3	1	2	0	2	0	
1	2	0	0	0	2	0	
2	2	3	3	2	0	0	
1	0	3	2	2	1	0	
0	0	1	3	2	0	0	
2	2	0	0	0	1	0	
0	0	2	3	0	0	0	
0	0	0	0	1	0	0	
2	1	0	2	1	3	0	
0	0	1	0	1	0	0	
1	1	0	1	2	2	0	
1	0	0	2	0	0	0	
3	0	1	0	0	0	0	
2	2	0	0	0	2	0	
0	1	0	1	0	0	0	
0	0	1	1	1	0	0	
2	2	0	0	1	0	0	
0	3	0	0	0	2	0	
2	0	1	1	2	3	0	
0	0	3	0	0	2	0	
0	0	1	3	3	0	0	
0	0	3	0	0	0	0	
1	1	0	1	0	1	0	
3	2	1	1	1	0	0	
1	0	0	3	0	0	0	
0	0	3	2	3	0	0	
0	1	0	0	1	0	0	
0	0	0	0	0	0	0	
2	1	1	0	0	1	0	
1	3	3	3	2	0	0	
1	0	0	0	3	0	0	
1	0	0	0	0	0	2	
3	0	2	2	0	1	0	
0	2	0	0	0	0	0	
0	0	3	0	0	2	0	
0	0	0	0	0	0	0	
2	2	0	3	0	0	0	
0	0	0	3	1	0	0	
0	0	0	0	1	1	0	
0	1	0	0	2	0	0	
0	0	2	0	0	3	0	
0	2	3	0	0	2	1	
1	1	3	0	2	2	0	
0	0	0	0	0	0	0	
2	1	3	1	1	0	0	
0	0	0	3	0	1	0	
0	2	0	0	3	0	0	
0	0	0	0	0	0	0	
0	1	0	0	0	1	0	
0	0	0	3	0	3	0	
0	0	3	3	0	0	0	
--------------------

--------------------
Best Solution Found!
--------------------
Time: 0 hour(s), 1 minute(s), 54 second(s), 856 millisecond(s)

Fitness: 86599

0	2	0	0	0	0	0	
2	0	0	0	3	0	0	
0	3	0	3	0	0	0	
0	1	1	1	1	3	0	
0	0	0	0	0	2	0	
0	0	0	0	0	0	0	
0	0	0	1	2	1	0	
2	0	0	3	0	0	0	
0	0	2	3	2	0	0	
0	0	0	0	0	1	0	
0	0	3	0	0	1	0	
0	1	0	3	2	0	0	
1	0	3	0	0	3	0	
1	1	2	3	0	1	0	
2	3	0	3	0	0	0	
0	0	0	0	2	3	0	
2	1	1	0	1	0	0	
2	1	0	0	0	0	0	
0	2	1	1	3	2	0	
0	0	0	0	0	0	0	
0	3	0	3	0	0	0	
3	0	3	0	0	1	0	
0	0	0	0	0	2	0	
3	0	0	0	0	0	0	
2	1	3	3	0	2	0	
0	0	0	0	2	1	0	
2	0	2	0	0	1	0	
1	0	0	2	1	0	0	
0	0	0	1	0	0	0	
0	0	0	0	0	0	0	
3	0	1	0	0	1	0	
1	3	0	0	2	0	0	
0	0	3	0	1	1	0	
0	0	0	2	0	0	0	
0	1	3	0	0	2	0	
0	0	0	0	0	2	0	
0	0	0	0	2	0	0	
0	0	0	0	0	0	0	
0	0	0	0	0	0	0	
3	1	1	0	0	0	0	
0	0	0	3	2	0	0	
2	2	3	0	1	0	0	
0	0	0	0	2	1	0	
0	0	0	0	0	0	0	
0	0	0	0	0	0	0	
0	0	1	0	3	1	0	
1	2	0	0	1	0	0	
2	2	0	0	1	0	0	
0	2	0	0	0	0	0	
1	3	1	2	0	2	0	
1	2	0	0	0	2	0	
2	2	3	3	2	0	0	
1	0	3	2	2	1	0	
0	0	1	3	2	0	0	
2	2	0	0	0	1	0	
0	0	2	3	0	0	0	
0	0	0	0	1	0	0	
2	1	0	2	1	3	0	
0	0	1	0	1	0	0	
1	1	0	1	2	2	0	
1	0	0	2	0	0	0	
3	0	1	0	0	0	0	
2	2	0	0	0	2	0	
0	1	0	1	0	0	0	
0	0	1	1	1	0	0	
2	2	0	0	1	0	0	
0	3	0	0	0	2	0	
2	0	1	1	2	3	0	
0	0	3	0	0	2	0	
0	0	1	3	3	0	0	
0	0	3	0	0	0	0	
1	1	0	1	0	1	0	
3	2	1	1	1	0	0	
1	0	0	3	0	0	0	
0	0	3	2	3	0	0	
0	1	0	0	1	0	0	
0	0	0	0	0	0	0	
2	1	1	0	0	1	0	
1	3	3	3	2	0	0	
1	0	0	0	3	0	0	
1	0	0	0	0	0	2	
3	0	2	2	0	1	0	
0	2	0	0	0	0	0	
0	0	3	0	0	2	0	
0	0	0	0	0	0	0	
2	2	0	3	0	0	0	
0	0	0	3	1	0	0	
0	0	0	0	1	1	0	
0	1	0	0	2	0	0	
0	0	2	0	0	3	0	
0	2	3	0	0	2	1	
1	1	3	0	2	2	0	
0	0	0	0	0	0	0	
2	1	3	1	1	0	0	
0	0	0	3	0	1	0	
0	2	0	0	3	0	0	
0	0	0	0	0	0	0	
0	1	0	0	0	1	0	
0	0	0	3	0	3	0	
0	0	3	3	0	0	0	
--------------------

--------------------
Best Solution Found!
--------------------
Time: 0 hour(s), 1 minute(s), 54 second(s), 858 millisecond(s)

Fitness: 86599

0	2	0	0	0	0	0	
2	0	0	0	3	0	0	
0	3	0	3	0	0	0	
0	1	1	1	1	3	0	
0	0	0	0	0	2	0	
0	0	0	0	0	0	0	
0	0	0	1	2	1	0	
2	0	0	3	0	0	0	
0	0	2	3	2	0	0	
0	0	0	0	0	1	0	
0	0	3	0	0	1	0	
0	1	0	3	2	0	0	
1	0	3	0	0	3	0	
1	1	2	3	0	1	0	
2	3	0	3	0	0	0	
0	0	0	0	2	3	0	
2	1	1	0	1	0	0	
2	1	0	0	0	0	0	
0	2	1	1	3	2	0	
0	0	0	0	0	0	0	
0	3	0	3	0	0	0	
3	0	3	0	0	1	0	
0	0	0	0	0	2	0	
3	0	0	0	0	0	0	
2	1	3	3	0	2	0	
0	0	0	0	2	1	0	
2	0	2	0	0	1	0	
1	0	0	2	1	0	0	
0	0	0	1	0	0	0	
0	0	0	0	0	0	0	
3	0	1	0	0	1	0	
1	3	0	0	2	0	0	
0	0	3	0	1	1	0	
0	0	0	2	0	0	0	
0	1	3	0	0	2	0	
0	0	0	0	0	2	0	
0	0	0	0	2	0	0	
0	0	0	0	0	0	0	
0	0	0	0	0	0	0	
3	1	1	0	0	0	0	
0	0	0	3	2	0	0	
2	2	3	0	1	0	0	
0	0	0	0	2	1	0	
0	0	0	0	0	0	0	
0	0	0	0	0	0	0	
0	0	1	0	3	1	0	
1	2	0	0	1	0	0	
2	2	0	0	1	0	0	
0	2	0	0	0	0	0	
1	3	1	2	0	2	0	
1	2	0	0	0	2	0	
2	2	3	3	2	0	0	
1	0	3	2	2	1	0	
0	0	1	3	2	0	0	
2	2	0	0	0	1	0	
0	0	2	3	0	0	0	
0	0	0	0	1	0	0	
2	1	0	2	1	3	0	
0	0	1	0	1	0	0	
1	1	0	1	2	2	0	
1	0	0	2	0	0	0	
3	0	1	0	0	0	0	
2	2	0	0	0	2	0	
0	1	0	1	0	0	0	
0	0	1	1	1	0	0	
2	2	0	0	1	0	0	
0	3	0	0	0	2	0	
2	0	1	1	2	3	0	
0	0	3	0	0	2	0	
0	0	1	3	3	0	0	
0	0	3	0	0	0	0	
1	1	0	1	0	1	0	
3	2	1	1	1	0	0	
1	0	0	3	0	0	0	
0	0	3	2	3	0	0	
0	1	0	0	1	0	0	
0	0	0	0	0	0	0	
2	1	1	0	0	1	0	
1	3	3	3	2	0	0	
1	0	0	0	3	0	0	
1	0	0	0	0	0	2	
3	0	2	2	0	1	0	
0	2	0	0	0	0	0	
0	0	3	0	0	2	0	
0	0	0	0	0	0	0	
2	2	0	3	0	0	0	
0	0	0	3	1	0	0	
0	0	0	0	1	1	0	
0	1	0	0	2	0	0	
0	0	2	0	0	3	0	
0	2	3	0	0	2	1	
1	1	3	0	2	2	0	
0	0	0	0	0	0	0	
2	1	3	1	1	0	0	
0	0	0	3	0	1	0	
0	2	0	0	3	0	0	
0	0	0	0	0	0	0	
0	1	0	0	0	1	0	
0	0	0	3	0	3	0	
0	0	3	3	0	0	0	
--------------------

--------------------
Best Solution Found!
--------------------
Time: 0 hour(s), 9 minute(s), 1 second(s), 208 millisecond(s)

Fitness: 86598

0	0	0	0	0	0	0	
1	0	0	0	3	0	0	
2	1	2	0	0	2	0	
0	0	0	0	2	1	0	
0	0	3	3	0	1	2	
3	0	0	0	1	0	0	
0	0	1	1	0	0	0	
2	2	0	2	1	2	0	
0	0	3	3	0	0	0	
0	0	0	0	2	0	0	
0	0	2	0	0	0	0	
1	0	0	0	1	0	0	
0	0	0	0	2	2	0	
0	1	0	0	0	2	0	
1	1	1	3	1	0	0	
0	3	3	0	0	0	0	
1	2	1	0	0	0	0	
2	0	0	0	0	0	0	
1	2	0	3	3	1	0	
0	1	0	2	0	1	0	
1	0	0	0	0	0	0	
0	2	0	0	0	0	0	
0	0	0	0	2	0	0	
0	1	3	1	1	1	0	
0	2	3	1	1	1	0	
0	0	0	0	0	2	0	
0	0	1	0	0	0	0	
0	0	3	2	1	0	0	
1	0	0	0	3	0	0	
2	0	0	0	1	0	0	
0	0	0	0	0	0	0	
0	3	0	0	2	0	0	
3	2	0	0	0	0	0	
0	3	0	0	0	2	0	
0	0	0	0	2	0	0	
0	0	0	0	0	0	0	
2	1	1	0	0	0	0	
1	0	0	0	0	0	0	
0	0	0	0	1	0	0	
0	0	0	3	2	0	0	
1	0	0	0	2	0	0	
0	0	0	0	0	0	0	
0	0	1	0	3	0	0	
2	0	0	0	1	0	0	
0	0	0	0	2	0	0	
1	0	0	0	1	2	0	
0	0	0	2	1	1	0	
0	2	0	0	0	0	0	
0	0	0	1	2	0	0	
0	0	1	3	0	1	0	
0	0	3	0	0	1	0	
0	1	2	0	0	0	0	
2	2	3	1	0	2	0	
0	1	0	0	0	0	0	
3	1	3	3	2	0	0	
0	2	0	2	2	0	0	
0	0	1	0	2	2	0	
0	0	3	3	0	3	0	
2	1	2	0	1	3	0	
3	0	0	0	0	0	0	
1	2	0	0	0	1	0	
1	3	3	0	0	2	0	
2	0	0	0	1	0	0	
1	0	1	0	0	0	0	
0	1	0	2	0	3	0	
2	0	3	1	1	2	0	
0	0	0	3	0	0	0	
3	3	0	0	0	0	0	
0	1	0	3	0	0	0	
2	2	0	0	0	0	0	
0	0	0	0	0	1	0	
0	1	0	0	0	0	0	
0	3	0	1	2	2	0	
0	1	0	3	2	3	0	
2	2	1	0	0	0	0	
0	0	0	0	1	1	0	
0	2	0	0	0	0	0	
2	0	0	1	3	0	0	
0	0	0	1	0	3	0	
2	0	3	1	3	3	0	
0	0	0	0	0	0	0	
0	0	1	0	0	2	0	
0	1	1	1	3	2	0	
0	0	3	3	0	1	0	
3	0	0	3	0	0	0	
2	0	1	2	2	0	0	
2	2	3	3	0	1	0	
3	1	3	0	0	0	0	
2	0	1	0	0	0	0	
1	0	0	3	0	0	0	
0	0	2	0	0	0	0	
0	1	2	2	0	2	0	
0	2	1	3	2	3	0	
1	1	0	3	0	0	0	
2	2	0	0	0	1	1	
0	0	3	0	0	0	0	
0	3	3	3	1	1	0	
0	0	0	3	0	1	0	
1	0	0	0	0	1	0	
0	0	0	3	0	1	0	
--------------------

--------------------
Best Solution Found!
--------------------
Time: 0 hour(s), 10 minute(s), 17 second(s), 888 millisecond(s)

Fitness: 85628

0	0	0	0	0	0	0	
0	0	1	3	0	1	0	
2	0	3	0	0	0	0	
0	0	0	0	1	0	0	
0	0	3	0	1	0	0	
0	0	3	0	1	2	0	
1	0	0	2	0	3	0	
0	2	0	0	0	0	0	
2	0	0	0	0	0	0	
1	1	3	0	2	1	0	
2	0	3	0	0	1	0	
0	2	0	3	1	3	0	
0	1	0	0	2	0	0	
2	2	1	3	1	0	0	
0	0	0	0	2	0	0	
0	0	0	2	0	1	0	
3	0	0	3	0	0	0	
0	3	0	0	0	0	0	
0	1	1	2	1	2	0	
2	0	0	0	0	0	0	
0	0	0	0	3	0	0	
0	0	0	2	2	0	0	
2	0	1	3	3	0	0	
0	0	3	1	0	2	0	
1	2	3	1	2	2	0	
2	0	2	0	1	0	0	
0	0	0	3	3	0	0	
3	0	0	0	0	0	0	
2	0	3	1	3	1	0	
1	3	0	2	1	1	0	
2	2	1	1	0	1	0	
0	1	0	0	0	2	0	
0	0	0	0	2	0	0	
1	0	3	1	0	0	0	
0	0	0	3	0	1	0	
0	0	0	0	0	0	0	
1	1	0	0	2	0	0	
2	0	0	0	0	0	0	
1	1	3	3	0	2	0	
0	1	0	3	0	1	0	
0	0	0	0	0	0	0	
0	0	1	0	0	3	0	
2	3	0	3	3	3	0	
0	3	1	0	0	2	0	
0	1	1	0	2	1	0	
0	3	3	2	0	1	2	
3	0	0	0	1	0	0	
0	1	0	1	0	0	0	
2	1	0	0	1	0	0	
0	1	0	0	2	0	0	
1	0	3	0	0	0	0	
1	0	0	0	0	0	0	
0	0	1	3	0	0	0	
2	2	0	0	0	0	0	
0	0	0	0	0	2	0	
2	2	0	0	0	2	0	
2	0	0	0	0	0	0	
0	1	0	0	0	0	0	
0	1	0	3	0	2	0	
0	0	0	0	0	1	0	
3	2	0	1	0	0	0	
0	0	0	0	1	0	0	
3	2	0	3	1	2	0	
0	0	0	0	0	1	0	
0	0	1	0	2	1	0	
0	1	2	1	0	2	0	
0	1	0	0	0	0	0	
3	0	2	0	0	0	0	
0	0	1	0	1	0	0	
1	0	3	0	2	0	0	
3	1	0	3	2	3	0	
0	0	0	0	0	0	0	
1	1	3	2	0	0	0	
1	2	2	3	2	0	0	
0	2	0	0	0	1	0	
0	0	0	0	0	0	0	
0	0	3	0	1	0	0	
0	3	0	0	0	0	0	
1	3	1	1	0	1	0	
2	0	2	0	2	0	0	
0	0	3	0	0	0	0	
0	2	2	3	1	1	0	
0	2	0	0	0	0	0	
0	2	0	1	0	0	0	
0	0	0	3	0	0	0	
1	0	0	0	2	0	0	
2	0	0	0	2	0	0	
0	1	0	0	0	1	0	
0	0	1	3	0	0	0	
0	2	0	3	3	0	0	
0	0	0	1	0	2	0	
2	0	1	3	2	2	0	
1	0	0	0	0	0	0	
0	0	3	0	0	3	0	
1	0	1	0	0	0	0	
0	0	0	0	0	0	1	
0	0	0	0	3	0	0	
0	2	3	0	1	1	0	
0	0	0	0	0	2	0	
0	0	0	2	1	3	0	
--------------------

