--------------------
Best Solution Found!
--------------------
Time: 0 hour(s), 0 minute(s), 0 second(s), 0 millisecond(s)

Fitness: 23173

3	2	3	0	0	0	1	
2	1	2	0	0	0	1	
3	3	2	0	0	0	0	
1	3	0	0	1	0	3	
0	1	1	0	0	1	1	
1	3	0	0	2	0	3	
0	1	0	0	1	1	3	
0	0	3	2	0	0	2	
0	0	0	0	0	0	1	
2	3	3	0	0	3	1	
2	0	1	0	0	0	0	
1	3	0	0	0	0	2	
1	0	3	2	0	0	2	
2	1	1	0	0	0	3	
2	1	0	1	2	2	1	
1	3	1	0	2	0	0	
2	3	0	0	0	0	1	
0	3	1	1	0	0	0	
1	0	1	0	3	0	1	
0	0	0	0	0	0	2	
1	2	0	1	0	0	0	
0	3	1	2	0	0	3	
3	2	3	0	3	0	1	
0	0	3	3	0	0	0	
1	2	0	0	1	0	0	
--------------------

--------------------
Best Solution Found!
--------------------
Time: 0 hour(s), 0 minute(s), 0 second(s), 0 millisecond(s)

Fitness: 17195

2	0	0	1	0	0	0	
0	3	3	0	0	1	1	
2	3	1	0	0	0	1	
3	3	1	2	0	3	0	
1	0	0	0	0	0	1	
1	2	1	0	2	0	1	
2	1	1	1	0	0	2	
2	0	0	0	0	0	0	
0	1	0	1	0	0	0	
1	0	3	0	0	0	2	
1	2	3	0	0	0	2	
3	0	2	2	2	0	1	
1	2	0	0	0	0	3	
3	1	1	0	2	0	1	
2	2	2	0	1	1	0	
0	0	1	0	1	0	1	
0	3	3	0	0	0	1	
1	0	0	3	0	0	0	
1	3	1	0	3	0	3	
1	3	0	0	0	0	1	
0	1	3	0	0	2	3	
0	3	0	0	0	0	2	
2	3	0	0	1	0	3	
0	3	0	0	0	0	0	
0	1	3	2	3	0	3	
--------------------

--------------------
Best Solution Found!
--------------------
Time: 0 hour(s), 0 minute(s), 0 second(s), 1 millisecond(s)

Fitness: 17195

2	0	0	1	0	0	0	
0	3	3	0	0	1	1	
2	3	1	0	0	0	1	
3	3	1	2	0	3	0	
1	0	0	0	0	0	1	
1	2	1	0	2	0	1	
2	1	1	1	0	0	2	
2	0	0	0	0	0	0	
0	1	0	1	0	0	0	
1	0	3	0	0	0	2	
1	2	3	0	0	0	2	
3	0	2	2	2	0	1	
1	2	0	0	0	0	3	
3	1	1	0	2	0	1	
2	2	2	0	1	1	0	
0	0	1	0	1	0	1	
0	3	3	0	0	0	1	
1	0	0	3	0	0	0	
1	3	1	0	3	0	3	
1	3	0	0	0	0	1	
0	1	3	0	0	2	3	
0	3	0	0	0	0	2	
2	3	0	0	1	0	3	
0	3	0	0	0	0	0	
0	1	3	2	3	0	3	
--------------------

--------------------
Best Solution Found!
--------------------
Time: 0 hour(s), 0 minute(s), 0 second(s), 1 millisecond(s)

Fitness: 17195

2	0	0	1	0	0	0	
0	3	3	0	0	1	1	
2	3	1	0	0	0	1	
3	3	1	2	0	3	0	
1	0	0	0	0	0	1	
1	2	1	0	2	0	1	
2	1	1	1	0	0	2	
2	0	0	0	0	0	0	
0	1	0	1	0	0	0	
1	0	3	0	0	0	2	
1	2	3	0	0	0	2	
3	0	2	2	2	0	1	
1	2	0	0	0	0	3	
3	1	1	0	2	0	1	
2	2	2	0	1	1	0	
0	0	1	0	1	0	1	
0	3	3	0	0	0	1	
1	0	0	3	0	0	0	
1	3	1	0	3	0	3	
1	3	0	0	0	0	1	
0	1	3	0	0	2	3	
0	3	0	0	0	0	2	
2	3	0	0	1	0	3	
0	3	0	0	0	0	0	
0	1	3	2	3	0	3	
--------------------

--------------------
Best Solution Found!
--------------------
Time: 0 hour(s), 0 minute(s), 0 second(s), 2 millisecond(s)

Fitness: 17195

2	0	0	1	0	0	0	
0	3	3	0	0	1	1	
2	3	1	0	0	0	1	
3	3	1	2	0	3	0	
1	0	0	0	0	0	1	
1	2	1	0	2	0	1	
2	1	1	1	0	0	2	
2	0	0	0	0	0	0	
0	1	0	1	0	0	0	
1	0	3	0	0	0	2	
1	2	3	0	0	0	2	
3	0	2	2	2	0	1	
1	2	0	0	0	0	3	
3	1	1	0	2	0	1	
2	2	2	0	1	1	0	
0	0	1	0	1	0	1	
0	3	3	0	0	0	1	
1	0	0	3	0	0	0	
1	3	1	0	3	0	3	
1	3	0	0	0	0	1	
0	1	3	0	0	2	3	
0	3	0	0	0	0	2	
2	3	0	0	1	0	3	
0	3	0	0	0	0	0	
0	1	3	2	3	0	3	
--------------------

--------------------
Best Solution Found!
--------------------
Time: 0 hour(s), 0 minute(s), 0 second(s), 3 millisecond(s)

Fitness: 17192

3	2	1	0	0	0	1	
1	0	3	0	0	0	1	
1	0	0	3	0	0	0	
2	1	3	0	1	0	3	
2	0	1	2	0	1	1	
2	3	2	0	2	0	3	
0	0	3	1	1	1	3	
0	0	1	0	0	0	2	
0	2	0	1	0	0	1	
1	3	3	0	0	3	1	
0	1	2	0	0	0	0	
0	3	1	0	0	0	2	
1	3	1	2	0	0	2	
1	3	0	0	0	0	3	
2	3	0	0	2	2	1	
3	0	0	0	2	0	0	
2	3	3	0	0	0	1	
1	3	0	0	0	0	0	
0	3	3	2	3	0	1	
0	2	0	0	0	0	2	
0	2	0	0	0	0	0	
3	0	1	0	0	0	3	
1	1	1	1	3	0	1	
1	1	0	0	0	0	0	
2	1	0	0	1	0	0	
--------------------

--------------------
Best Solution Found!
--------------------
Time: 0 hour(s), 0 minute(s), 0 second(s), 7 millisecond(s)

Fitness: 17189

0	0	0	0	0	0	2	
0	2	3	0	0	0	0	
0	1	1	2	0	0	1	
0	0	1	0	0	0	0	
1	0	0	1	0	3	0	
0	3	1	0	2	0	1	
2	3	1	3	0	0	1	
1	0	0	2	0	0	2	
0	3	0	0	0	0	1	
2	1	3	0	0	0	3	
3	3	3	0	0	0	0	
2	3	2	0	2	0	3	
0	1	0	0	0	0	0	
1	3	1	0	2	0	1	
1	0	2	2	1	0	3	
3	2	1	1	1	0	0	
2	3	3	1	0	0	2	
0	3	0	0	0	2	3	
1	0	1	0	3	1	1	
2	3	0	0	0	1	1	
3	0	3	0	0	0	1	
1	1	0	0	0	0	1	
1	1	0	0	1	0	3	
1	2	0	0	0	0	0	
2	2	3	0	3	0	2	
--------------------

--------------------
Best Solution Found!
--------------------
Time: 0 hour(s), 0 minute(s), 0 second(s), 7 millisecond(s)

Fitness: 17189

0	0	0	0	0	0	2	
0	2	3	0	0	0	0	
0	1	1	2	0	0	1	
0	0	1	0	0	0	0	
1	0	0	1	0	3	0	
0	3	1	0	2	0	1	
2	3	1	3	0	0	1	
1	0	0	2	0	0	2	
0	3	0	0	0	0	1	
2	1	3	0	0	0	3	
3	3	3	0	0	0	0	
2	3	2	0	2	0	3	
0	1	0	0	0	0	0	
1	3	1	0	2	0	1	
1	0	2	2	1	0	3	
3	2	1	1	1	0	0	
2	3	3	1	0	0	2	
0	3	0	0	0	2	3	
1	0	1	0	3	1	1	
2	3	0	0	0	1	1	
3	0	3	0	0	0	1	
1	1	0	0	0	0	1	
1	1	0	0	1	0	3	
1	2	0	0	0	0	0	
2	2	3	0	3	0	2	
--------------------

--------------------
Best Solution Found!
--------------------
Time: 0 hour(s), 0 minute(s), 0 second(s), 8 millisecond(s)

Fitness: 17189

0	0	0	0	0	0	2	
0	2	3	0	0	0	0	
0	1	1	2	0	0	1	
0	0	1	0	0	0	0	
1	0	0	1	0	3	0	
0	3	1	0	2	0	1	
2	3	1	3	0	0	1	
1	0	0	2	0	0	2	
0	3	0	0	0	0	1	
2	1	3	0	0	0	3	
3	3	3	0	0	0	0	
2	3	2	0	2	0	3	
0	1	0	0	0	0	0	
1	3	1	0	2	0	1	
1	0	2	2	1	0	3	
3	2	1	1	1	0	0	
2	3	3	1	0	0	2	
0	3	0	0	0	2	3	
1	0	1	0	3	1	1	
2	3	0	0	0	1	1	
3	0	3	0	0	0	1	
1	1	0	0	0	0	1	
1	1	0	0	1	0	3	
1	2	0	0	0	0	0	
2	2	3	0	3	0	2	
--------------------

--------------------
Best Solution Found!
--------------------
Time: 0 hour(s), 0 minute(s), 0 second(s), 70 millisecond(s)

Fitness: 17180

1	0	1	1	1	0	1	
1	0	0	0	2	0	0	
3	1	1	0	0	0	2	
1	2	1	1	0	0	3	
1	1	1	0	2	0	3	
1	2	3	0	0	0	3	
2	1	3	0	0	0	0	
0	3	3	0	0	0	0	
2	0	3	0	0	0	0	
0	3	0	2	0	0	0	
2	3	0	2	3	0	1	
2	1	0	0	0	0	2	
0	3	3	0	0	2	0	
0	1	0	3	0	0	3	
2	0	0	0	0	3	1	
2	2	1	0	0	1	1	
0	0	0	2	0	0	2	
1	0	0	0	0	0	2	
0	2	3	0	3	1	1	
1	3	0	0	0	0	1	
3	3	1	0	1	0	3	
0	3	0	0	0	0	1	
3	3	2	1	0	0	0	
1	3	1	0	1	0	1	
0	0	2	0	2	0	1	
--------------------

--------------------
Best Solution Found!
--------------------
Time: 0 hour(s), 0 minute(s), 0 second(s), 73 millisecond(s)

Fitness: 17179

1	2	0	0	0	0	1	
2	0	0	2	0	0	1	
3	3	0	0	0	2	2	
2	2	3	0	1	0	1	
1	0	0	0	0	3	3	
0	2	1	0	0	0	1	
1	3	0	0	0	0	0	
2	1	0	0	3	0	0	
1	1	1	2	0	0	3	
3	3	1	1	0	0	1	
0	3	3	3	2	0	1	
2	2	1	1	0	1	3	
0	0	1	0	0	0	2	
2	3	0	0	0	0	1	
1	3	1	0	2	0	1	
0	1	0	0	0	0	1	
0	3	2	0	1	1	0	
0	0	0	0	0	0	2	
1	0	3	0	2	0	3	
2	0	0	0	0	0	0	
1	1	2	1	0	0	2	
3	3	3	2	1	0	0	
0	0	1	0	0	0	0	
1	1	3	0	3	0	3	
0	3	3	0	0	0	0	
--------------------

--------------------
Best Solution Found!
--------------------
Time: 0 hour(s), 0 minute(s), 0 second(s), 120 millisecond(s)

Fitness: 16202

0	1	1	2	0	3	1	
2	3	1	2	0	0	3	
1	2	0	0	3	1	3	
0	3	3	0	0	0	2	
2	2	3	0	2	0	2	
1	0	0	0	2	0	0	
0	0	0	0	0	0	0	
1	1	0	0	0	0	1	
2	3	0	0	0	0	2	
0	0	0	1	0	0	1	
3	3	0	0	1	0	0	
1	1	1	0	0	2	3	
0	3	3	0	0	0	0	
0	0	3	3	0	0	2	
3	3	1	0	0	0	1	
1	3	2	0	0	0	3	
2	2	0	1	1	0	1	
1	1	1	2	0	0	3	
2	0	0	0	0	0	1	
0	0	3	0	0	0	0	
1	1	0	0	0	1	1	
1	3	1	0	0	0	0	
0	2	3	0	2	0	0	
2	0	1	1	1	0	1	
3	3	2	0	3	0	1	
--------------------

--------------------
Best Solution Found!
--------------------
Time: 0 hour(s), 0 minute(s), 0 second(s), 121 millisecond(s)

Fitness: 16202

0	1	1	2	0	3	1	
2	3	1	2	0	0	3	
1	2	0	0	3	1	3	
0	3	3	0	0	0	2	
2	2	3	0	2	0	2	
1	0	0	0	2	0	0	
0	0	0	0	0	0	0	
1	1	0	0	0	0	1	
2	3	0	0	0	0	2	
0	0	0	1	0	0	1	
3	3	0	0	1	0	0	
1	1	1	0	0	2	3	
0	3	3	0	0	0	0	
0	0	3	3	0	0	2	
3	3	1	0	0	0	1	
1	3	2	0	0	0	3	
2	2	0	1	1	0	1	
1	1	1	2	0	0	3	
2	0	0	0	0	0	1	
0	0	3	0	0	0	0	
1	1	0	0	0	1	1	
1	3	1	0	0	0	0	
0	2	3	0	2	0	0	
2	0	1	1	1	0	1	
3	3	2	0	3	0	1	
--------------------

--------------------
Best Solution Found!
--------------------
Time: 0 hour(s), 0 minute(s), 0 second(s), 436 millisecond(s)

Fitness: 16185

1	2	3	1	0	1	0	
0	3	1	0	0	0	0	
0	3	1	3	0	0	0	
1	2	0	0	0	0	2	
3	2	1	0	2	0	3	
2	1	3	1	0	0	2	
3	1	0	0	1	0	1	
2	0	3	0	0	0	2	
0	3	3	2	2	0	3	
0	3	1	0	0	0	3	
1	1	0	0	0	0	0	
0	0	2	0	0	1	1	
1	3	0	0	0	2	0	
0	2	0	0	1	0	1	
1	1	1	0	0	3	1	
2	1	3	0	3	0	1	
2	0	0	0	0	0	3	
0	3	0	0	0	0	1	
3	3	1	2	0	0	3	
2	0	0	0	2	0	0	
1	0	1	2	0	0	1	
0	3	0	0	0	0	1	
1	0	0	0	0	0	0	
1	0	3	1	3	0	2	
2	3	2	0	1	0	1	
--------------------

--------------------
Best Solution Found!
--------------------
Time: 0 hour(s), 0 minute(s), 3 second(s), 20 millisecond(s)

Fitness: 16184

0	3	3	0	3	3	3	
2	0	0	0	2	0	3	
0	0	0	0	0	0	0	
2	1	1	2	2	0	0	
3	0	0	0	2	0	0	
1	3	3	0	1	0	1	
2	3	2	2	0	0	2	
3	0	0	0	3	0	3	
2	1	3	3	0	0	0	
0	1	1	0	1	1	2	
2	1	3	0	0	0	1	
1	2	0	0	0	0	1	
1	3	2	0	0	0	0	
0	0	1	0	0	0	1	
0	3	0	0	0	0	2	
3	2	1	0	0	1	1	
1	3	1	1	0	0	2	
1	3	3	1	0	0	3	
0	2	1	0	0	0	0	
1	2	0	0	0	0	0	
0	0	0	1	0	2	1	
2	1	1	0	1	0	1	
0	3	0	2	0	0	3	
1	0	3	0	0	0	1	
1	3	0	0	0	0	1	
--------------------

--------------------
Best Solution Found!
--------------------
Time: 0 hour(s), 0 minute(s), 3 second(s), 21 millisecond(s)

Fitness: 16184

0	3	3	0	3	3	3	
2	0	0	0	2	0	3	
0	0	0	0	0	0	0	
2	1	1	2	2	0	0	
3	0	0	0	2	0	0	
1	3	3	0	1	0	1	
2	3	2	2	0	0	2	
3	0	0	0	3	0	3	
2	1	3	3	0	0	0	
0	1	1	0	1	1	2	
2	1	3	0	0	0	1	
1	2	0	0	0	0	1	
1	3	2	0	0	0	0	
0	0	1	0	0	0	1	
0	3	0	0	0	0	2	
3	2	1	0	0	1	1	
1	3	1	1	0	0	2	
1	3	3	1	0	0	3	
0	2	1	0	0	0	0	
1	2	0	0	0	0	0	
0	0	0	1	0	2	1	
2	1	1	0	1	0	1	
0	3	0	2	0	0	3	
1	0	3	0	0	0	1	
1	3	0	0	0	0	1	
--------------------

--------------------
Best Solution Found!
--------------------
Time: 0 hour(s), 0 minute(s), 3 second(s), 21 millisecond(s)

Fitness: 16184

0	3	3	0	3	3	3	
2	0	0	0	2	0	3	
0	0	0	0	0	0	0	
2	1	1	2	2	0	0	
3	0	0	0	2	0	0	
1	3	3	0	1	0	1	
2	3	2	2	0	0	2	
3	0	0	0	3	0	3	
2	1	3	3	0	0	0	
0	1	1	0	1	1	2	
2	1	3	0	0	0	1	
1	2	0	0	0	0	1	
1	3	2	0	0	0	0	
0	0	1	0	0	0	1	
0	3	0	0	0	0	2	
3	2	1	0	0	1	1	
1	3	1	1	0	0	2	
1	3	3	1	0	0	3	
0	2	1	0	0	0	0	
1	2	0	0	0	0	0	
0	0	0	1	0	2	1	
2	1	1	0	1	0	1	
0	3	0	2	0	0	3	
1	0	3	0	0	0	1	
1	3	0	0	0	0	1	
--------------------

--------------------
Best Solution Found!
--------------------
Time: 0 hour(s), 0 minute(s), 3 second(s), 96 millisecond(s)

Fitness: 16184

1	0	0	3	0	0	0	
0	3	0	0	0	0	3	
1	2	1	0	0	3	3	
1	2	1	2	0	0	0	
2	3	3	1	0	0	1	
3	3	0	0	0	0	0	
0	3	0	1	0	0	1	
1	1	3	0	2	0	2	
0	3	0	0	1	0	1	
0	2	1	0	3	0	2	
0	0	1	0	0	1	3	
2	3	0	0	0	0	0	
0	3	0	0	0	0	3	
3	1	2	0	1	0	1	
1	1	1	2	0	0	1	
1	0	3	2	1	0	1	
2	2	1	0	2	0	1	
2	0	3	0	2	0	1	
3	3	1	0	0	0	1	
2	0	3	0	0	0	0	
0	1	0	0	0	0	0	
0	0	0	0	0	0	3	
1	3	2	0	0	2	2	
2	0	0	0	3	0	2	
1	1	3	1	0	1	0	
--------------------

--------------------
Best Solution Found!
--------------------
Time: 0 hour(s), 0 minute(s), 4 second(s), 46 millisecond(s)

Fitness: 15208

1	3	3	1	0	0	1	
2	3	1	0	3	0	3	
1	3	1	0	1	0	1	
0	0	0	0	0	0	3	
0	0	0	0	0	0	0	
1	3	3	0	0	0	2	
1	0	0	0	0	0	0	
3	3	3	0	0	0	1	
1	1	1	0	1	1	0	
2	2	0	0	0	0	0	
1	2	2	3	0	3	0	
3	1	3	2	0	0	3	
0	2	1	2	0	2	1	
1	0	0	0	0	0	1	
0	1	0	0	0	1	1	
2	3	2	0	0	0	1	
0	0	3	2	0	0	0	
0	1	0	0	2	0	3	
0	2	0	0	2	0	0	
0	3	0	0	0	0	2	
3	0	3	1	0	0	2	
2	3	1	0	3	0	1	
2	3	1	1	0	0	2	
2	0	0	0	1	0	1	
1	1	1	0	2	0	3	
--------------------

--------------------
Best Solution Found!
--------------------
Time: 0 hour(s), 0 minute(s), 4 second(s), 46 millisecond(s)

Fitness: 15208

1	3	3	1	0	0	1	
2	3	1	0	3	0	3	
1	3	1	0	1	0	1	
0	0	0	0	0	0	3	
0	0	0	0	0	0	0	
1	3	3	0	0	0	2	
1	0	0	0	0	0	0	
3	3	3	0	0	0	1	
1	1	1	0	1	1	0	
2	2	0	0	0	0	0	
1	2	2	3	0	3	0	
3	1	3	2	0	0	3	
0	2	1	2	0	2	1	
1	0	0	0	0	0	1	
0	1	0	0	0	1	1	
2	3	2	0	0	0	1	
0	0	3	2	0	0	0	
0	1	0	0	2	0	3	
0	2	0	0	2	0	0	
0	3	0	0	0	0	2	
3	0	3	1	0	0	2	
2	3	1	0	3	0	1	
2	3	1	1	0	0	2	
2	0	0	0	1	0	1	
1	1	1	0	2	0	3	
--------------------

--------------------
Best Solution Found!
--------------------
Time: 0 hour(s), 0 minute(s), 5 second(s), 144 millisecond(s)

Fitness: 15203

1	1	3	0	0	0	0	
1	1	3	1	0	0	2	
0	0	0	0	0	0	3	
0	1	3	2	3	3	0	
0	3	0	0	0	0	1	
1	3	1	0	1	0	1	
0	2	0	0	0	0	0	
0	0	1	0	0	0	1	
0	3	0	0	0	0	2	
0	0	0	0	0	0	3	
1	0	0	2	0	0	1	
2	2	1	2	1	0	0	
3	3	2	1	0	0	2	
1	3	3	0	1	0	1	
2	2	3	1	0	0	3	
0	0	3	0	0	0	1	
3	1	0	0	3	0	0	
2	3	1	3	0	0	0	
2	3	0	0	0	0	3	
1	0	0	0	0	2	3	
2	1	1	0	0	1	1	
2	3	2	0	0	0	1	
1	3	0	0	2	1	1	
1	0	1	0	2	0	0	
3	2	1	0	2	0	2	
--------------------

--------------------
Best Solution Found!
--------------------
Time: 0 hour(s), 0 minute(s), 8 second(s), 825 millisecond(s)

Fitness: 15195

1	3	0	0	0	0	3	
2	3	0	0	0	0	0	
0	0	0	0	2	0	3	
0	0	3	3	2	0	0	
2	0	0	2	0	0	0	
2	3	2	0	0	3	2	
1	3	3	0	2	0	1	
0	0	0	0	0	0	2	
2	1	1	1	0	0	2	
3	2	1	0	0	1	1	
2	2	1	0	0	1	3	
0	1	0	0	0	0	1	
1	3	3	0	1	0	1	
2	3	1	2	0	0	1	
0	3	0	0	0	0	3	
3	1	1	0	1	0	2	
1	0	0	0	1	0	1	
0	2	1	0	0	0	0	
1	1	2	1	0	0	1	
0	2	3	2	0	0	0	
0	1	0	1	0	0	0	
1	0	1	0	0	0	1	
1	3	0	0	3	0	1	
1	0	3	0	0	2	0	
3	3	3	0	3	0	3	
--------------------

--------------------
Best Solution Found!
--------------------
Time: 0 hour(s), 0 minute(s), 8 second(s), 826 millisecond(s)

Fitness: 15195

1	3	0	0	0	0	3	
2	3	0	0	0	0	0	
0	0	0	0	2	0	3	
0	0	3	3	2	0	0	
2	0	0	2	0	0	0	
2	3	2	0	0	3	2	
1	3	3	0	2	0	1	
0	0	0	0	0	0	2	
2	1	1	1	0	0	2	
3	2	1	0	0	1	1	
2	2	1	0	0	1	3	
0	1	0	0	0	0	1	
1	3	3	0	1	0	1	
2	3	1	2	0	0	1	
0	3	0	0	0	0	3	
3	1	1	0	1	0	2	
1	0	0	0	1	0	1	
0	2	1	0	0	0	0	
1	1	2	1	0	0	1	
0	2	3	2	0	0	0	
0	1	0	1	0	0	0	
1	0	1	0	0	0	1	
1	3	0	0	3	0	1	
1	0	3	0	0	2	0	
3	3	3	0	3	0	3	
--------------------

--------------------
Best Solution Found!
--------------------
Time: 0 hour(s), 0 minute(s), 11 second(s), 657 millisecond(s)

Fitness: 15188

0	0	3	0	0	0	0	
1	1	3	2	0	0	3	
1	1	1	2	0	0	1	
0	1	0	0	0	0	1	
2	2	0	0	0	0	3	
3	3	1	0	0	3	3	
0	3	0	1	0	0	1	
1	2	0	2	0	0	0	
1	2	0	1	0	1	2	
0	0	1	0	2	0	1	
1	0	0	0	0	0	2	
2	2	3	0	3	2	0	
0	3	1	0	0	0	0	
0	0	0	0	2	0	0	
2	3	1	1	0	0	2	
2	0	0	0	1	0	3	
1	3	3	0	1	0	1	
0	0	1	0	0	0	1	
2	1	1	0	0	1	1	
1	0	3	0	0	0	0	
1	3	0	0	0	0	2	
3	3	3	3	2	0	0	
3	3	0	0	0	0	1	
0	1	2	0	1	0	1	
2	3	2	0	3	0	3	
--------------------

--------------------
Best Solution Found!
--------------------
Time: 0 hour(s), 0 minute(s), 13 second(s), 255 millisecond(s)

Fitness: 15174

1	2	3	2	0	0	3	
0	1	0	0	0	0	3	
2	0	0	0	0	0	2	
0	3	1	0	0	0	0	
1	3	0	0	1	3	1	
1	0	2	0	2	1	1	
0	3	2	0	0	0	2	
2	2	1	0	0	2	1	
1	3	3	0	2	0	2	
1	0	3	1	3	0	0	
3	3	1	1	0	0	1	
2	1	0	0	0	0	0	
0	2	0	0	0	0	0	
1	3	0	0	0	0	1	
2	1	1	3	1	0	0	
3	0	3	2	3	0	1	
0	0	0	0	0	0	3	
1	1	1	1	0	0	2	
2	1	1	0	1	0	3	
3	0	0	0	0	1	1	
2	3	3	0	0	0	0	
0	2	1	2	0	0	1	
0	3	0	0	2	0	0	
1	0	3	0	0	0	1	
0	3	0	0	0	0	3	
--------------------

--------------------
Best Solution Found!
--------------------
Time: 0 hour(s), 0 minute(s), 50 second(s), 926 millisecond(s)

Fitness: 14211

1	2	0	0	0	0	0	
2	3	3	0	2	0	1	
1	1	3	3	0	0	3	
0	0	0	0	0	0	1	
1	0	0	0	0	0	0	
1	1	0	0	0	0	2	
2	1	3	0	0	0	1	
0	2	1	0	0	0	0	
1	1	3	0	3	0	1	
0	3	1	2	0	1	3	
0	2	0	2	2	0	3	
0	3	2	0	2	1	1	
2	3	1	1	0	0	2	
1	3	0	0	0	0	3	
0	3	1	1	0	0	1	
2	0	3	1	1	0	1	
0	3	0	0	0	0	0	
3	0	0	2	0	0	0	
1	0	1	0	0	0	0	
2	1	2	0	3	0	2	
0	0	0	0	0	0	2	
3	2	0	0	1	2	1	
1	3	1	0	0	3	1	
3	0	1	0	0	0	0	
2	3	3	0	1	0	3	
--------------------

--------------------
Best Solution Found!
--------------------
Time: 0 hour(s), 0 minute(s), 50 second(s), 927 millisecond(s)

Fitness: 14211

1	2	0	0	0	0	0	
2	3	3	0	2	0	1	
1	1	3	3	0	0	3	
0	0	0	0	0	0	1	
1	0	0	0	0	0	0	
1	1	0	0	0	0	2	
2	1	3	0	0	0	1	
0	2	1	0	0	0	0	
1	1	3	0	3	0	1	
0	3	1	2	0	1	3	
0	2	0	2	2	0	3	
0	3	2	0	2	1	1	
2	3	1	1	0	0	2	
1	3	0	0	0	0	3	
0	3	1	1	0	0	1	
2	0	3	1	1	0	1	
0	3	0	0	0	0	0	
3	0	0	2	0	0	0	
1	0	1	0	0	0	0	
2	1	2	0	3	0	2	
0	0	0	0	0	0	2	
3	2	0	0	1	2	1	
1	3	1	0	0	3	1	
3	0	1	0	0	0	0	
2	3	3	0	1	0	3	
--------------------

--------------------
Best Solution Found!
--------------------
Time: 0 hour(s), 0 minute(s), 50 second(s), 927 millisecond(s)

Fitness: 14211

1	2	0	0	0	0	0	
2	3	3	0	2	0	1	
1	1	3	3	0	0	3	
0	0	0	0	0	0	1	
1	0	0	0	0	0	0	
1	1	0	0	0	0	2	
2	1	3	0	0	0	1	
0	2	1	0	0	0	0	
1	1	3	0	3	0	1	
0	3	1	2	0	1	3	
0	2	0	2	2	0	3	
0	3	2	0	2	1	1	
2	3	1	1	0	0	2	
1	3	0	0	0	0	3	
0	3	1	1	0	0	1	
2	0	3	1	1	0	1	
0	3	0	0	0	0	0	
3	0	0	2	0	0	0	
1	0	1	0	0	0	0	
2	1	2	0	3	0	2	
0	0	0	0	0	0	2	
3	2	0	0	1	2	1	
1	3	1	0	0	3	1	
3	0	1	0	0	0	0	
2	3	3	0	1	0	3	
--------------------

--------------------
Best Solution Found!
--------------------
Time: 0 hour(s), 0 minute(s), 50 second(s), 928 millisecond(s)

Fitness: 14211

1	2	0	0	0	0	0	
2	3	3	0	2	0	1	
1	1	3	3	0	0	3	
0	0	0	0	0	0	1	
1	0	0	0	0	0	0	
1	1	0	0	0	0	2	
2	1	3	0	0	0	1	
0	2	1	0	0	0	0	
1	1	3	0	3	0	1	
0	3	1	2	0	1	3	
0	2	0	2	2	0	3	
0	3	2	0	2	1	1	
2	3	1	1	0	0	2	
1	3	0	0	0	0	3	
0	3	1	1	0	0	1	
2	0	3	1	1	0	1	
0	3	0	0	0	0	0	
3	0	0	2	0	0	0	
1	0	1	0	0	0	0	
2	1	2	0	3	0	2	
0	0	0	0	0	0	2	
3	2	0	0	1	2	1	
1	3	1	0	0	3	1	
3	0	1	0	0	0	0	
2	3	3	0	1	0	3	
--------------------

--------------------
Best Solution Found!
--------------------
Time: 0 hour(s), 0 minute(s), 50 second(s), 928 millisecond(s)

Fitness: 14211

1	2	0	0	0	0	0	
2	3	3	0	2	0	1	
1	1	3	3	0	0	3	
0	0	0	0	0	0	1	
1	0	0	0	0	0	0	
1	1	0	0	0	0	2	
2	1	3	0	0	0	1	
0	2	1	0	0	0	0	
1	1	3	0	3	0	1	
0	3	1	2	0	1	3	
0	2	0	2	2	0	3	
0	3	2	0	2	1	1	
2	3	1	1	0	0	2	
1	3	0	0	0	0	3	
0	3	1	1	0	0	1	
2	0	3	1	1	0	1	
0	3	0	0	0	0	0	
3	0	0	2	0	0	0	
1	0	1	0	0	0	0	
2	1	2	0	3	0	2	
0	0	0	0	0	0	2	
3	2	0	0	1	2	1	
1	3	1	0	0	3	1	
3	0	1	0	0	0	0	
2	3	3	0	1	0	3	
--------------------

--------------------
Best Solution Found!
--------------------
Time: 0 hour(s), 1 minute(s), 3 second(s), 365 millisecond(s)

Fitness: 14197

1	3	0	0	0	0	0	
1	3	0	3	0	0	0	
0	0	1	0	0	0	0	
0	3	1	0	0	2	1	
3	1	3	2	0	0	0	
2	2	2	0	1	0	1	
3	0	3	0	0	0	1	
0	0	0	1	0	0	3	
1	0	3	0	0	0	0	
2	1	1	0	3	0	2	
1	2	0	0	2	1	1	
1	1	1	1	0	0	1	
2	2	1	0	2	0	1	
0	0	0	0	0	0	2	
0	3	0	0	0	0	2	
2	3	0	0	0	0	1	
2	3	3	0	3	0	3	
2	3	1	0	2	0	1	
1	2	3	2	0	0	3	
0	0	0	2	0	0	0	
0	3	0	0	0	0	2	
0	1	1	0	1	3	3	
1	0	0	0	1	0	0	
3	3	3	1	0	0	3	
1	1	2	0	0	1	1	
--------------------

--------------------
Best Solution Found!
--------------------
Time: 0 hour(s), 1 minute(s), 20 second(s), 89 millisecond(s)

Fitness: 14197

0	3	1	1	2	0	1	
0	0	0	0	0	0	3	
0	3	3	0	0	0	2	
2	1	3	1	0	0	1	
3	3	1	2	0	0	3	
3	0	1	0	1	0	3	
2	3	0	2	1	0	3	
2	2	0	3	0	3	1	
2	2	3	0	2	0	2	
0	0	0	0	0	0	1	
0	2	2	0	0	0	0	
2	2	1	0	0	0	0	
1	1	3	0	0	0	1	
1	0	3	2	3	0	1	
0	0	0	0	0	0	0	
1	1	0	0	0	0	0	
1	3	2	0	1	0	1	
2	3	1	0	2	1	2	
0	0	0	0	0	0	0	
1	1	0	1	3	0	2	
1	3	1	0	0	2	1	
1	1	3	0	0	1	1	
3	3	1	0	0	0	3	
0	3	0	0	0	0	0	
1	0	0	0	0	0	0	
--------------------

--------------------
Best Solution Found!
--------------------
Time: 0 hour(s), 3 minute(s), 50 second(s), 629 millisecond(s)

Fitness: 14185

2	2	1	0	1	0	1	
3	0	1	0	0	0	0	
3	3	0	1	0	1	1	
2	1	0	3	3	0	3	
1	3	0	1	2	0	1	
1	3	0	2	0	1	1	
0	0	1	0	0	0	0	
0	0	0	0	0	0	3	
2	3	3	0	2	0	1	
0	3	3	0	0	0	1	
0	0	1	0	0	0	0	
2	0	3	0	0	0	1	
1	3	0	0	2	0	0	
0	1	0	0	0	0	0	
0	2	0	0	0	0	0	
3	1	0	0	0	0	2	
1	1	1	2	0	0	2	
1	2	1	0	1	0	3	
1	2	2	0	0	3	0	
0	0	1	1	0	0	1	
1	1	3	0	0	2	1	
2	3	2	0	0	0	3	
1	3	3	2	0	0	2	
2	3	3	0	1	0	3	
0	0	0	0	3	0	2	
--------------------

--------------------
Best Solution Found!
--------------------
Time: 0 hour(s), 3 minute(s), 50 second(s), 630 millisecond(s)

Fitness: 14185

2	2	1	0	1	0	1	
3	0	1	0	0	0	0	
3	3	0	1	0	1	1	
2	1	0	3	3	0	3	
1	3	0	1	2	0	1	
1	3	0	2	0	1	1	
0	0	1	0	0	0	0	
0	0	0	0	0	0	3	
2	3	3	0	2	0	1	
0	3	3	0	0	0	1	
0	0	1	0	0	0	0	
2	0	3	0	0	0	1	
1	3	0	0	2	0	0	
0	1	0	0	0	0	0	
0	2	0	0	0	0	0	
3	1	0	0	0	0	2	
1	1	1	2	0	0	2	
1	2	1	0	1	0	3	
1	2	2	0	0	3	0	
0	0	1	1	0	0	1	
1	1	3	0	0	2	1	
2	3	2	0	0	0	3	
1	3	3	2	0	0	2	
2	3	3	0	1	0	3	
0	0	0	0	3	0	2	
--------------------

--------------------
Best Solution Found!
--------------------
Time: 0 hour(s), 5 minute(s), 57 second(s), 816 millisecond(s)

Fitness: 14182

1	1	0	0	1	3	1	
2	1	3	0	0	1	2	
3	3	1	2	0	0	2	
2	2	3	0	0	0	1	
2	0	2	1	0	0	3	
1	0	1	2	3	0	1	
3	3	0	0	1	0	0	
0	3	0	0	2	0	2	
2	3	1	0	2	1	0	
1	0	0	0	0	0	0	
1	1	3	0	2	0	1	
0	0	0	2	0	0	0	
0	1	0	0	0	0	3	
0	0	0	0	0	0	0	
2	0	0	0	0	0	1	
3	2	1	0	3	0	3	
0	0	0	0	0	0	3	
2	1	2	1	0	0	2	
1	3	3	1	0	0	1	
1	3	1	0	0	0	1	
1	3	3	0	0	2	3	
0	2	1	0	0	0	0	
0	3	1	0	0	0	1	
0	3	3	3	1	0	1	
1	2	0	0	0	0	0	
--------------------





