--------------------
Best Solution Found!
--------------------
Time: 0 hour(s), 8 minute(s), 58 second(s), 568 millisecond(s)

Fitness: 21082

0	0	0	0	0	0	0	
0	0	0	0	0	0	0	
0	0	0	0	0	0	0	
0	0	0	0	1	0	0	
3	3	2	1	2	0	0	
0	2	0	0	0	0	0	
0	0	0	0	0	0	0	
0	0	1	0	0	0	0	
0	0	0	0	0	0	0	
1	0	1	0	1	3	1	
0	0	0	0	0	0	0	
0	0	0	0	0	0	0	
0	0	0	0	0	0	0	
2	0	0	0	0	0	0	
0	0	0	0	0	0	0	
0	3	1	2	0	0	0	
0	0	0	0	0	2	3	
3	0	0	0	0	0	0	
0	0	0	0	0	0	0	
1	0	2	0	0	0	0	
1	0	2	3	3	0	2	
2	0	0	0	0	0	0	
2	0	0	0	0	0	0	
0	0	3	1	2	3	1	
0	0	0	0	1	0	0	
--------------------
------------------
Best Solution Found!
--------------------
Time: 0 hour(s), 0 minute(s), 0 second(s), 0 millisecond(s)

Fitness: 25092

0	0	0	1	0	0	0	
0	0	0	0	0	2	0	
0	0	2	0	0	0	0	
0	0	2	3	0	0	0	
2	0	0	0	0	0	0	
2	0	2	0	2	0	2	
0	2	1	1	0	0	0	
0	0	0	0	0	0	0	
0	0	0	2	0	0	0	
1	0	0	0	0	0	0	
1	0	0	0	0	0	0	
0	0	0	0	2	0	0	
3	0	0	0	0	0	0	
0	0	1	0	3	0	1	
0	0	0	0	1	3	0	
0	0	3	0	1	0	1	
0	0	0	0	0	0	0	
3	0	0	0	0	0	0	
1	0	1	0	0	0	0	
2	0	0	0	0	0	3	
0	3	0	0	0	3	0	
0	0	0	0	0	0	0	
0	0	0	0	1	0	0	
0	0	0	0	0	0	0	
0	3	0	0	0	0	0	
--------------------

--------------------
Best Solution Found!
--------------------
Time: 0 hour(s), 0 minute(s), 0 second(s), 0 millisecond(s)

Fitness: 25082

0	0	0	0	0	0	0	
1	0	0	0	0	0	0	
3	0	0	0	0	0	0	
0	3	0	0	0	0	0	
0	0	0	3	0	0	0	
0	0	0	0	0	0	0	
0	0	0	1	3	0	3	
0	0	0	0	2	0	2	
0	0	0	2	2	0	0	
2	0	0	0	0	0	0	
0	2	0	0	0	0	1	
0	0	0	0	1	0	0	
1	0	2	0	0	0	0	
2	0	2	0	0	0	0	
0	0	0	0	0	3	0	
0	0	0	0	0	2	0	
0	0	1	0	1	0	0	
2	0	3	0	1	0	1	
0	0	0	0	0	3	0	
0	0	0	0	0	0	0	
0	0	1	0	0	0	0	
0	0	0	0	0	0	0	
3	0	1	1	0	0	0	
1	0	0	0	0	0	0	
0	3	2	0	0	0	0	
--------------------

--------------------
Best Solution Found!
--------------------
Time: 0 hour(s), 0 minute(s), 0 second(s), 1 millisecond(s)

Fitness: 24094

0	0	0	1	0	0	0	
0	0	0	0	0	0	3	
0	0	2	0	0	0	0	
0	0	2	3	1	0	0	
2	0	0	0	0	3	0	
2	0	2	0	2	0	0	
0	2	1	1	1	2	0	
0	0	0	0	0	0	0	
0	0	0	2	0	0	0	
1	0	0	0	0	0	2	
1	0	0	0	0	0	0	
0	0	0	0	0	0	0	
3	0	0	0	0	0	0	
0	0	1	0	0	0	0	
0	0	0	0	3	3	1	
0	0	3	0	2	0	0	
0	0	0	0	0	0	0	
3	0	0	0	0	0	0	
1	0	1	0	0	0	0	
2	0	0	0	0	0	0	
0	3	0	0	0	0	0	
0	0	0	0	0	0	0	
0	0	0	0	0	0	1	
0	0	0	0	0	0	0	
0	3	0	0	1	0	0	
--------------------

--------------------
Best Solution Found!
--------------------
Time: 0 hour(s), 0 minute(s), 0 second(s), 1 millisecond(s)

Fitness: 24094

0	0	0	1	0	0	0	
0	0	0	0	0	0	3	
0	0	2	0	0	0	0	
0	0	2	3	1	0	0	
2	0	0	0	0	3	0	
2	0	2	0	2	0	0	
0	2	1	1	1	2	0	
0	0	0	0	0	0	0	
0	0	0	2	0	0	0	
1	0	0	0	0	0	2	
1	0	0	0	0	0	0	
0	0	0	0	0	0	0	
3	0	0	0	0	0	0	
0	0	1	0	0	0	0	
0	0	0	0	3	3	1	
0	0	3	0	2	0	0	
0	0	0	0	0	0	0	
3	0	0	0	0	0	0	
1	0	1	0	0	0	0	
2	0	0	0	0	0	0	
0	3	0	0	0	0	0	
0	0	0	0	0	0	0	
0	0	0	0	0	0	1	
0	0	0	0	0	0	0	
0	3	0	0	1	0	0	
--------------------

--------------------
Best Solution Found!
--------------------
Time: 0 hour(s), 0 minute(s), 0 second(s), 2 millisecond(s)

Fitness: 24089

0	0	1	0	0	0	0	
1	3	0	0	0	3	0	
0	2	0	0	0	0	0	
1	0	0	0	0	0	0	
0	0	1	0	0	3	1	
3	0	0	0	2	0	0	
1	0	0	0	0	0	0	
0	0	2	3	0	0	0	
0	0	0	0	0	0	0	
2	0	0	2	0	0	0	
0	0	0	0	0	0	0	
3	0	3	1	2	0	3	
2	0	2	0	0	2	0	
0	0	0	0	3	0	0	
0	0	0	0	1	0	0	
0	0	0	0	1	0	2	
0	0	0	0	0	0	0	
0	0	0	0	0	0	0	
0	0	0	0	0	0	1	
2	0	0	0	0	0	0	
0	0	0	0	0	0	0	
0	3	1	0	0	0	0	
0	0	2	1	1	0	0	
0	0	0	0	0	0	0	
0	0	0	0	0	0	0	
--------------------

--------------------
Best Solution Found!
--------------------
Time: 0 hour(s), 0 minute(s), 0 second(s), 2 millisecond(s)

Fitness: 24089

0	0	1	0	0	0	0	
1	3	0	0	0	3	0	
0	2	0	0	0	0	0	
1	0	0	0	0	0	0	
0	0	1	0	0	3	1	
3	0	0	0	2	0	0	
1	0	0	0	0	0	0	
0	0	2	3	0	0	0	
0	0	0	0	0	0	0	
2	0	0	2	0	0	0	
0	0	0	0	0	0	0	
3	0	3	1	2	0	3	
2	0	2	0	0	2	0	
0	0	0	0	3	0	0	
0	0	0	0	1	0	0	
0	0	0	0	1	0	2	
0	0	0	0	0	0	0	
0	0	0	0	0	0	0	
0	0	0	0	0	0	1	
2	0	0	0	0	0	0	
0	0	0	0	0	0	0	
0	3	1	0	0	0	0	
0	0	2	1	1	0	0	
0	0	0	0	0	0	0	
0	0	0	0	0	0	0	
--------------------

--------------------
Best Solution Found!
--------------------
Time: 0 hour(s), 0 minute(s), 0 second(s), 2 millisecond(s)

Fitness: 24082

2	0	0	0	0	0	0	
0	0	0	0	0	3	0	
0	0	0	0	0	0	0	
0	3	0	0	0	0	0	
0	0	0	0	0	3	1	
0	0	0	3	2	0	0	
2	0	0	0	0	0	0	
0	0	0	0	0	0	0	
0	0	0	0	1	0	0	
0	0	0	0	0	0	0	
0	2	0	0	0	0	0	
0	0	0	0	0	0	3	
2	0	2	1	2	2	0	
0	0	2	0	3	0	0	
1	0	0	0	0	0	0	
0	0	0	0	0	0	2	
3	0	1	0	0	0	0	
0	0	3	2	0	0	0	
0	0	0	0	1	0	1	
0	0	0	0	0	0	0	
1	0	1	0	0	0	0	
3	0	0	0	0	0	0	
0	0	1	1	0	0	0	
1	0	0	0	1	0	0	
0	3	2	0	0	0	0	
--------------------

--------------------
Best Solution Found!
--------------------
Time: 0 hour(s), 0 minute(s), 0 second(s), 3 millisecond(s)

Fitness: 24082

2	0	0	0	0	0	0	
0	0	0	0	0	3	0	
0	0	0	0	0	0	0	
0	3	0	0	0	0	0	
0	0	0	0	0	3	1	
0	0	0	3	2	0	0	
2	0	0	0	0	0	0	
0	0	0	0	0	0	0	
0	0	0	0	1	0	0	
0	0	0	0	0	0	0	
0	2	0	0	0	0	0	
0	0	0	0	0	0	3	
2	0	2	1	2	2	0	
0	0	2	0	3	0	0	
1	0	0	0	0	0	0	
0	0	0	0	0	0	2	
3	0	1	0	0	0	0	
0	0	3	2	0	0	0	
0	0	0	0	1	0	1	
0	0	0	0	0	0	0	
1	0	1	0	0	0	0	
3	0	0	0	0	0	0	
0	0	1	1	0	0	0	
1	0	0	0	1	0	0	
0	3	2	0	0	0	0	
--------------------

--------------------
Best Solution Found!
--------------------
Time: 0 hour(s), 0 minute(s), 0 second(s), 7 millisecond(s)

Fitness: 24080

0	0	0	0	0	0	0	
2	0	0	0	0	0	0	
0	0	0	0	2	0	1	
0	0	0	0	0	0	0	
0	0	0	0	1	0	0	
3	0	0	0	0	0	0	
0	0	0	0	2	0	0	
0	0	1	0	3	0	0	
0	0	0	0	1	0	1	
3	2	0	0	0	0	0	
0	0	1	0	0	0	0	
1	0	2	0	0	2	0	
0	0	0	0	0	0	0	
0	0	2	0	0	0	0	
0	0	0	0	0	0	3	
0	3	0	0	0	0	0	
2	3	0	1	1	0	2	
1	0	0	0	0	0	0	
2	0	3	1	0	0	0	
0	0	0	0	0	0	0	
0	0	1	0	0	0	0	
0	0	2	0	0	0	0	
0	0	0	3	0	0	0	
1	0	0	0	0	3	0	
0	0	0	2	0	3	0	
--------------------

--------------------
Best Solution Found!
--------------------
Time: 0 hour(s), 0 minute(s), 0 second(s), 11 millisecond(s)

Fitness: 24079

1	0	0	0	0	0	0	
1	0	0	2	2	0	0	
0	0	0	3	0	0	0	
0	0	0	0	0	0	0	
0	0	0	0	0	0	0	
0	0	0	0	0	0	0	
0	0	0	1	0	3	3	
0	0	2	0	0	0	2	
2	0	0	0	0	0	0	
0	0	3	0	0	3	0	
0	0	0	0	2	0	1	
3	0	0	0	0	0	0	
1	2	0	0	0	0	0	
0	0	0	0	1	0	0	
0	0	0	0	0	0	0	
0	0	0	0	0	0	0	
3	0	0	0	0	0	0	
0	3	1	1	1	0	1	
2	0	2	0	1	0	0	
2	0	1	0	0	0	0	
0	0	0	0	0	0	0	
0	0	0	0	0	0	0	
0	0	2	0	0	0	0	
0	0	1	0	0	2	0	
0	3	0	0	3	0	0	
--------------------

--------------------
Best Solution Found!
--------------------
Time: 0 hour(s), 0 minute(s), 0 second(s), 12 millisecond(s)

Fitness: 24079

1	0	0	0	0	0	0	
1	0	0	2	2	0	0	
0	0	0	3	0	0	0	
0	0	0	0	0	0	0	
0	0	0	0	0	0	0	
0	0	0	0	0	0	0	
0	0	0	1	0	3	3	
0	0	2	0	0	0	2	
2	0	0	0	0	0	0	
0	0	3	0	0	3	0	
0	0	0	0	2	0	1	
3	0	0	0	0	0	0	
1	2	0	0	0	0	0	
0	0	0	0	1	0	0	
0	0	0	0	0	0	0	
0	0	0	0	0	0	0	
3	0	0	0	0	0	0	
0	3	1	1	1	0	1	
2	0	2	0	1	0	0	
2	0	1	0	0	0	0	
0	0	0	0	0	0	0	
0	0	0	0	0	0	0	
0	0	2	0	0	0	0	
0	0	1	0	0	2	0	
0	3	0	0	3	0	0	
--------------------

--------------------
Best Solution Found!
--------------------
Time: 0 hour(s), 0 minute(s), 0 second(s), 12 millisecond(s)

Fitness: 24079

1	0	0	0	0	0	0	
1	0	0	2	2	0	0	
0	0	0	3	0	0	0	
0	0	0	0	0	0	0	
0	0	0	0	0	0	0	
0	0	0	0	0	0	0	
0	0	0	1	0	3	3	
0	0	2	0	0	0	2	
2	0	0	0	0	0	0	
0	0	3	0	0	3	0	
0	0	0	0	2	0	1	
3	0	0	0	0	0	0	
1	2	0	0	0	0	0	
0	0	0	0	1	0	0	
0	0	0	0	0	0	0	
0	0	0	0	0	0	0	
3	0	0	0	0	0	0	
0	3	1	1	1	0	1	
2	0	2	0	1	0	0	
2	0	1	0	0	0	0	
0	0	0	0	0	0	0	
0	0	0	0	0	0	0	
0	0	2	0	0	0	0	
0	0	1	0	0	2	0	
0	3	0	0	3	0	0	
--------------------

--------------------
Best Solution Found!
--------------------
Time: 0 hour(s), 0 minute(s), 0 second(s), 19 millisecond(s)

Fitness: 23088

0	0	0	0	0	0	1	
2	0	0	0	1	0	0	
0	0	0	0	3	0	0	
1	0	0	0	0	0	0	
0	0	1	0	0	0	0	
2	0	1	1	1	3	0	
0	0	1	0	1	0	0	
0	2	0	1	2	3	3	
0	3	0	0	0	0	2	
0	0	0	0	0	0	0	
0	0	0	0	0	0	0	
0	0	0	0	0	0	0	
3	0	0	3	0	0	0	
0	0	0	0	0	0	0	
1	0	0	0	0	2	0	
0	0	2	0	0	0	0	
0	0	0	0	0	0	0	
0	0	0	0	0	0	0	
2	0	0	0	0	0	0	
1	0	2	0	2	0	0	
0	0	0	2	0	0	0	
0	3	2	0	0	0	0	
3	0	0	0	0	0	1	
0	0	0	0	0	0	0	
0	0	3	0	0	0	0	
--------------------

--------------------
Best Solution Found!
--------------------
Time: 0 hour(s), 0 minute(s), 0 second(s), 19 millisecond(s)

Fitness: 23088

0	0	0	0	0	0	1	
2	0	0	0	1	0	0	
0	0	0	0	3	0	0	
1	0	0	0	0	0	0	
0	0	1	0	0	0	0	
2	0	1	1	1	3	0	
0	0	1	0	1	0	0	
0	2	0	1	2	3	3	
0	3	0	0	0	0	2	
0	0	0	0	0	0	0	
0	0	0	0	0	0	0	
0	0	0	0	0	0	0	
3	0	0	3	0	0	0	
0	0	0	0	0	0	0	
1	0	0	0	0	2	0	
0	0	2	0	0	0	0	
0	0	0	0	0	0	0	
0	0	0	0	0	0	0	
2	0	0	0	0	0	0	
1	0	2	0	2	0	0	
0	0	0	2	0	0	0	
0	3	2	0	0	0	0	
3	0	0	0	0	0	1	
0	0	0	0	0	0	0	
0	0	3	0	0	0	0	
--------------------

--------------------
Best Solution Found!
--------------------
Time: 0 hour(s), 0 minute(s), 0 second(s), 20 millisecond(s)

Fitness: 23088

0	0	0	0	0	0	1	
2	0	0	0	1	0	0	
0	0	0	0	3	0	0	
1	0	0	0	0	0	0	
0	0	1	0	0	0	0	
2	0	1	1	1	3	0	
0	0	1	0	1	0	0	
0	2	0	1	2	3	3	
0	3	0	0	0	0	2	
0	0	0	0	0	0	0	
0	0	0	0	0	0	0	
0	0	0	0	0	0	0	
3	0	0	3	0	0	0	
0	0	0	0	0	0	0	
1	0	0	0	0	2	0	
0	0	2	0	0	0	0	
0	0	0	0	0	0	0	
0	0	0	0	0	0	0	
2	0	0	0	0	0	0	
1	0	2	0	2	0	0	
0	0	0	2	0	0	0	
0	3	2	0	0	0	0	
3	0	0	0	0	0	1	
0	0	0	0	0	0	0	
0	0	3	0	0	0	0	
--------------------

--------------------
Best Solution Found!
--------------------
Time: 0 hour(s), 0 minute(s), 0 second(s), 50 millisecond(s)

Fitness: 23085

3	0	3	0	0	0	0	
0	0	0	0	2	0	2	
2	0	0	0	0	3	0	
1	0	0	1	0	0	0	
0	0	0	0	0	0	0	
0	0	0	0	0	0	0	
1	2	1	0	2	0	1	
0	0	0	0	0	0	0	
2	0	0	0	0	0	0	
0	0	0	1	0	0	0	
0	0	1	0	1	0	0	
0	0	2	0	0	0	0	
0	0	0	0	0	0	0	
0	0	1	0	0	0	0	
0	0	0	0	1	0	0	
0	0	0	0	0	0	0	
3	3	2	3	0	0	1	
1	0	0	0	0	2	0	
0	3	0	0	0	3	0	
0	0	0	0	1	0	0	
0	0	0	0	0	0	0	
0	0	0	2	0	0	0	
0	0	0	0	0	0	3	
0	0	0	0	3	0	0	
2	0	2	0	0	0	0	
--------------------

--------------------
Best Solution Found!
--------------------
Time: 0 hour(s), 0 minute(s), 0 second(s), 201 millisecond(s)

Fitness: 23075

0	0	0	0	0	0	0	
0	0	0	0	0	0	0	
0	0	2	0	1	3	2	
0	0	0	0	0	0	1	
0	0	0	0	0	0	0	
0	0	0	0	0	0	0	
0	0	0	0	0	0	0	
3	0	0	0	0	0	0	
1	0	0	0	0	0	0	
1	2	1	1	2	0	0	
1	3	3	0	0	0	0	
0	0	0	0	0	0	0	
0	0	1	0	2	0	3	
0	0	0	1	0	0	0	
0	0	0	0	3	0	0	
0	0	0	2	0	0	0	
0	0	2	0	1	0	0	
3	3	0	0	0	0	0	
2	0	2	3	1	0	1	
0	0	0	0	0	0	0	
0	0	1	0	0	2	0	
2	0	0	0	0	0	0	
0	0	0	0	0	3	0	
2	0	0	0	0	0	0	
0	0	0	0	0	0	0	
--------------------

--------------------
Best Solution Found!
--------------------
Time: 0 hour(s), 0 minute(s), 0 second(s), 201 millisecond(s)

Fitness: 23075

0	0	0	0	0	0	0	
0	0	0	0	0	0	0	
0	0	2	0	1	3	2	
0	0	0	0	0	0	1	
0	0	0	0	0	0	0	
0	0	0	0	0	0	0	
0	0	0	0	0	0	0	
3	0	0	0	0	0	0	
1	0	0	0	0	0	0	
1	2	1	1	2	0	0	
1	3	3	0	0	0	0	
0	0	0	0	0	0	0	
0	0	1	0	2	0	3	
0	0	0	1	0	0	0	
0	0	0	0	3	0	0	
0	0	0	2	0	0	0	
0	0	2	0	1	0	0	
3	3	0	0	0	0	0	
2	0	2	3	1	0	1	
0	0	0	0	0	0	0	
0	0	1	0	0	2	0	
2	0	0	0	0	0	0	
0	0	0	0	0	3	0	
2	0	0	0	0	0	0	
0	0	0	0	0	0	0	
--------------------

--------------------
Best Solution Found!
--------------------
Time: 0 hour(s), 0 minute(s), 1 second(s), 114 millisecond(s)

Fitness: 23074

0	0	1	0	2	0	0	
0	0	0	0	0	0	0	
0	0	0	0	0	0	0	
1	0	0	0	0	0	0	
0	3	0	0	0	0	0	
0	0	0	0	0	0	0	
0	0	0	0	0	0	0	
1	2	2	0	0	2	3	
0	0	0	0	0	0	0	
0	0	0	0	0	0	0	
0	0	2	0	0	0	0	
0	0	0	0	0	0	0	
0	0	2	3	0	0	0	
2	0	0	0	0	0	0	
0	0	1	0	2	0	1	
3	0	0	2	1	0	0	
1	0	0	0	1	0	0	
0	0	0	0	0	3	0	
3	0	3	0	0	0	0	
0	0	0	0	0	0	0	
2	0	0	1	0	0	0	
0	3	0	0	1	0	2	
0	0	0	0	0	0	0	
0	0	1	0	0	0	0	
2	0	0	1	3	3	1	
--------------------

--------------------
Best Solution Found!
--------------------
Time: 0 hour(s), 0 minute(s), 1 second(s), 291 millisecond(s)

Fitness: 23072

2	0	0	0	0	0	0	
0	0	0	0	2	0	0	
0	0	0	0	0	0	0	
3	0	2	0	1	3	3	
2	0	0	2	1	2	0	
0	0	0	0	0	0	0	
0	0	0	0	0	0	1	
1	0	0	0	0	0	0	
0	0	0	0	3	3	0	
0	0	3	0	0	0	0	
0	0	0	0	1	0	0	
0	0	2	0	0	0	0	
0	0	1	0	0	0	0	
0	3	0	0	0	0	0	
0	3	1	1	2	0	2	
0	0	0	1	0	0	0	
0	0	2	0	0	0	0	
1	0	1	0	0	0	0	
0	0	0	3	0	0	0	
0	0	0	0	0	0	0	
1	2	0	0	0	0	1	
0	0	0	0	0	0	0	
3	0	0	0	0	0	0	
0	0	0	0	0	0	0	
2	0	0	0	0	0	0	
--------------------

--------------------
Best Solution Found!
--------------------
Time: 0 hour(s), 0 minute(s), 1 second(s), 714 millisecond(s)

Fitness: 23069

0	3	0	0	0	0	0	
0	2	3	2	0	0	0	
1	0	0	0	1	0	0	
1	0	0	0	0	0	0	
0	0	2	0	0	0	0	
0	0	0	0	0	0	1	
0	0	0	0	0	3	0	
3	0	0	1	0	0	0	
0	0	1	0	0	0	0	
3	0	1	0	3	0	0	
0	0	0	0	0	0	0	
0	0	0	0	0	0	0	
0	0	1	0	0	0	0	
0	0	0	0	0	0	0	
2	0	2	0	0	0	0	
0	0	0	0	0	0	0	
0	0	0	0	0	0	0	
2	0	0	0	0	2	0	
0	0	0	0	0	0	0	
0	0	0	0	2	0	0	
1	0	0	1	1	3	3	
2	0	0	0	1	0	2	
0	0	0	0	0	0	0	
0	0	0	0	0	0	0	
0	3	2	3	2	0	1	
--------------------

--------------------
Best Solution Found!
--------------------
Time: 0 hour(s), 0 minute(s), 1 second(s), 714 millisecond(s)

Fitness: 23069

0	3	0	0	0	0	0	
0	2	3	2	0	0	0	
1	0	0	0	1	0	0	
1	0	0	0	0	0	0	
0	0	2	0	0	0	0	
0	0	0	0	0	0	1	
0	0	0	0	0	3	0	
3	0	0	1	0	0	0	
0	0	1	0	0	0	0	
3	0	1	0	3	0	0	
0	0	0	0	0	0	0	
0	0	0	0	0	0	0	
0	0	1	0	0	0	0	
0	0	0	0	0	0	0	
2	0	2	0	0	0	0	
0	0	0	0	0	0	0	
0	0	0	0	0	0	0	
2	0	0	0	0	2	0	
0	0	0	0	0	0	0	
0	0	0	0	2	0	0	
1	0	0	1	1	3	3	
2	0	0	0	1	0	2	
0	0	0	0	0	0	0	
0	0	0	0	0	0	0	
0	3	2	3	2	0	1	
--------------------

--------------------
Best Solution Found!
--------------------
Time: 0 hour(s), 0 minute(s), 3 second(s), 210 millisecond(s)

Fitness: 23066

0	0	0	2	0	2	0	
0	0	2	0	1	3	0	
2	0	0	0	2	0	0	
0	0	0	0	0	0	0	
3	0	2	0	2	3	3	
2	0	1	0	0	0	0	
0	0	0	0	0	0	0	
0	0	0	0	0	0	1	
2	0	0	0	0	0	2	
0	0	1	0	0	0	0	
0	0	0	0	0	0	0	
0	0	0	0	0	0	0	
0	0	2	0	1	0	0	
0	0	0	0	0	0	0	
0	0	0	0	0	0	0	
0	0	0	0	0	0	0	
0	0	0	0	0	0	0	
0	2	0	0	0	0	0	
1	3	3	1	1	0	0	
0	0	0	1	3	0	1	
3	0	0	0	0	0	0	
0	0	0	0	0	0	0	
1	0	0	0	0	0	0	
1	3	1	0	0	0	0	
0	0	0	3	0	0	0	
--------------------

--------------------
Best Solution Found!
--------------------
Time: 0 hour(s), 0 minute(s), 22 second(s), 404 millisecond(s)

Fitness: 23060

1	3	1	0	2	0	1	
1	0	2	2	0	2	3	
0	0	1	1	0	3	0	
0	0	0	0	0	0	0	
2	0	0	0	0	0	0	
0	0	0	0	0	0	0	
0	0	0	0	0	0	2	
0	2	2	0	1	0	0	
0	0	0	0	0	0	0	
1	0	0	0	0	0	0	
0	0	0	0	1	0	0	
0	0	0	0	2	0	1	
3	0	3	3	0	0	0	
0	0	0	0	0	0	0	
0	0	0	1	0	3	0	
0	0	0	0	0	0	0	
0	0	0	0	0	0	0	
0	0	2	0	0	0	0	
0	0	0	0	3	0	0	
2	0	0	0	0	0	0	
0	0	1	0	0	0	0	
2	0	0	0	0	0	0	
0	0	0	0	0	0	0	
3	0	0	0	0	0	0	
0	3	0	0	1	0	0	
--------------------

--------------------
Best Solution Found!
--------------------
Time: 0 hour(s), 0 minute(s), 22 second(s), 776 millisecond(s)

Fitness: 22080

0	0	0	0	0	0	0	
0	0	0	0	0	0	0	
1	0	3	0	0	0	0	
3	2	2	0	2	0	3	
0	0	0	0	0	0	0	
0	0	1	0	0	0	0	
0	0	2	0	0	0	0	
0	0	0	0	0	0	0	
0	0	0	0	0	0	1	
2	3	0	2	2	0	1	
2	0	0	3	0	2	0	
0	0	0	0	0	0	0	
0	0	0	0	0	0	0	
0	0	0	0	1	3	0	
0	0	0	0	0	0	0	
0	0	0	0	0	3	0	
0	0	0	0	0	0	0	
3	0	0	1	3	0	0	
1	3	2	1	0	0	2	
1	0	0	0	1	0	0	
0	0	0	0	0	0	0	
0	0	0	0	0	0	0	
2	0	1	0	0	0	0	
0	0	1	0	1	0	0	
0	0	0	0	0	0	0	
--------------------

--------------------
Best Solution Found!
--------------------
Time: 0 hour(s), 0 minute(s), 29 second(s), 182 millisecond(s)

Fitness: 22075

0	0	0	0	0	0	0	
1	3	0	0	1	3	1	
0	0	1	0	0	0	1	
0	0	0	0	0	0	0	
0	0	0	0	0	0	0	
0	0	0	0	2	0	0	
0	0	0	0	0	0	0	
1	3	1	3	0	3	0	
0	0	0	2	3	0	0	
0	0	2	0	0	0	0	
2	0	0	0	2	0	0	
3	0	0	0	1	0	0	
0	0	0	0	0	0	0	
0	0	2	1	0	2	0	
0	0	0	0	0	0	0	
0	0	0	0	0	0	0	
0	0	0	0	0	0	0	
0	0	0	0	0	0	0	
3	0	0	0	0	0	0	
2	0	0	0	0	0	0	
1	2	3	1	1	0	0	
0	0	2	0	0	0	3	
2	0	1	0	0	0	2	
0	0	0	0	0	0	0	
0	0	0	0	0	0	0	
--------------------

--------------------
Best Solution Found!
--------------------
Time: 0 hour(s), 1 minute(s), 55 second(s), 204 millisecond(s)

Fitness: 22070

0	0	0	0	0	0	0	
1	0	0	0	0	0	0	
0	0	0	0	0	0	0	
0	0	2	0	0	0	0	
0	0	0	1	0	0	3	
3	0	0	0	0	0	0	
2	0	0	0	0	0	0	
1	0	0	0	0	0	0	
0	0	0	0	0	0	0	
0	0	1	0	0	0	1	
0	0	0	0	1	0	0	
0	0	0	0	0	0	0	
0	0	0	0	1	0	0	
0	0	0	0	0	0	0	
1	2	2	0	1	2	0	
2	0	0	0	0	3	0	
0	0	2	0	0	0	0	
0	0	0	0	2	0	2	
0	3	3	1	3	0	1	
2	3	1	3	0	3	0	
0	0	0	2	0	0	0	
0	0	1	0	0	0	0	
0	0	0	0	2	0	0	
3	0	0	0	0	0	0	
0	0	0	0	0	0	0	
--------------------

--------------------
Best Solution Found!
--------------------
Time: 0 hour(s), 1 minute(s), 55 second(s), 205 millisecond(s)

Fitness: 22070

0	0	0	0	0	0	0	
1	0	0	0	0	0	0	
0	0	0	0	0	0	0	
0	0	2	0	0	0	0	
0	0	0	1	0	0	3	
3	0	0	0	0	0	0	
2	0	0	0	0	0	0	
1	0	0	0	0	0	0	
0	0	0	0	0	0	0	
0	0	1	0	0	0	1	
0	0	0	0	1	0	0	
0	0	0	0	0	0	0	
0	0	0	0	1	0	0	
0	0	0	0	0	0	0	
1	2	2	0	1	2	0	
2	0	0	0	0	3	0	
0	0	2	0	0	0	0	
0	0	0	0	2	0	2	
0	3	3	1	3	0	1	
2	3	1	3	0	3	0	
0	0	0	2	0	0	0	
0	0	1	0	0	0	0	
0	0	0	0	2	0	0	
3	0	0	0	0	0	0	
0	0	0	0	0	0	0	
--------------------
--------------------
Best Solution Found!
--------------------
Time: 0 hour(s), 8 minute(s), 56 second(s), 57 millisecond(s)

Fitness: 21082

0	0	0	0	0	0	0	
0	0	0	0	0	0	0	
0	0	0	0	0	0	0	
0	0	0	0	1	0	0	
3	3	2	1	2	0	0	
0	2	0	0	0	0	0	
0	0	0	0	0	0	0	
0	0	1	0	0	0	0	
0	0	0	0	0	0	0	
1	0	1	0	1	3	1	
0	0	0	0	0	0	0	
0	0	0	0	0	0	0	
0	0	0	0	0	0	0	
2	0	0	0	0	0	0	
0	0	0	0	0	0	0	
0	3	1	2	0	0	0	
0	0	0	0	0	2	3	
3	0	0	0	0	0	0	
0	0	0	0	0	0	0	
1	0	2	0	0	0	0	
1	0	2	3	3	0	2	
2	0	0	0	0	0	0	
2	0	0	0	0	0	0	
0	0	3	1	2	3	1	
0	0	0	0	1	0	0	
--------------------

