--------------------
Best Solution Found!
--------------------
Time: 0 hour(s), 0 minute(s), 0 second(s), 1 millisecond(s)

Fitness: 208798

1	0	0	0	0	1	0	3	1	1	0	0	2	1	0	0	0	0	0	0	1	0	2	0	0	0	1	0	
1	0	0	1	0	1	0	2	0	0	3	1	0	2	0	0	2	0	0	0	1	0	0	0	0	0	0	0	
1	0	0	0	1	2	2	0	0	0	1	1	0	0	0	0	3	3	1	0	1	0	0	0	0	0	2	0	
1	2	1	0	0	0	1	3	0	1	0	1	3	0	0	0	0	3	0	0	1	0	2	0	0	0	1	1	
0	2	0	1	0	0	0	0	0	0	0	1	0	1	1	0	0	0	0	0	0	1	0	0	0	2	0	0	
0	2	0	2	1	0	0	3	0	0	0	0	0	1	2	3	0	0	0	0	0	0	0	0	0	0	0	0	
1	0	1	1	0	0	0	2	0	0	0	2	0	0	0	0	3	0	0	0	1	2	0	1	2	0	1	1	
0	0	1	1	0	1	0	2	0	3	0	1	2	0	0	0	3	0	3	0	1	0	1	3	0	0	1	1	
1	0	1	0	1	0	0	3	1	0	0	1	2	1	1	0	3	0	0	0	0	0	2	0	0	1	1	0	
2	2	3	0	1	0	0	0	1	0	0	2	0	1	0	2	0	0	0	0	0	0	0	0	0	0	1	0	
1	2	1	0	2	1	0	0	1	0	1	0	0	0	2	0	0	2	0	0	0	0	1	1	0	0	1	0	
2	0	1	0	1	0	0	0	1	0	0	0	0	3	0	0	0	0	0	0	1	0	0	0	0	0	0	1	
1	2	0	0	0	0	0	0	0	1	0	1	0	1	0	0	0	0	0	0	0	0	0	0	1	0	1	0	
0	0	0	1	1	1	0	0	0	1	0	2	0	0	0	0	0	3	0	0	1	0	0	0	0	0	1	0	
0	2	1	1	0	1	0	3	0	0	0	0	1	1	0	0	0	0	3	0	0	0	0	1	0	0	0	0	
2	1	0	1	1	0	1	3	0	0	0	1	1	1	0	3	0	0	0	0	1	0	2	0	0	0	1	3	
0	0	2	1	2	0	1	3	0	1	0	1	0	2	0	3	0	0	0	0	1	0	0	0	0	0	0	0	
2	3	0	2	0	0	1	0	1	0	1	1	2	0	1	0	0	0	0	0	0	0	0	1	0	0	2	0	
1	2	0	0	0	0	0	3	0	0	1	0	0	0	2	0	3	0	0	0	2	0	0	0	0	1	0	0	
1	2	0	0	0	0	0	0	1	1	1	1	0	1	0	3	3	0	1	0	0	0	2	1	0	0	0	0	
0	0	1	1	0	0	2	3	0	1	0	0	2	0	0	0	0	0	0	0	0	0	0	0	0	0	2	0	
1	0	0	0	0	0	1	3	2	1	1	0	2	0	0	0	0	3	0	0	0	0	1	0	0	1	0	0	
0	0	0	0	2	1	1	0	1	0	1	1	2	0	0	3	0	0	0	0	0	0	0	0	0	1	0	1	
1	0	1	0	1	0	1	0	1	0	0	0	2	1	0	0	0	0	0	0	0	0	0	0	0	0	1	0	
0	0	0	1	0	0	1	0	1	0	1	1	0	0	0	0	2	3	0	0	0	1	0	0	0	0	0	0	
1	2	3	0	0	1	0	0	0	0	1	0	2	0	0	0	0	0	0	0	2	0	0	0	0	2	0	0	
0	0	1	0	1	1	0	3	2	1	1	0	2	0	1	0	0	0	0	0	2	0	0	1	2	0	1	0	
0	0	1	1	0	2	0	3	0	1	0	0	2	0	1	0	3	0	0	1	1	1	0	0	0	2	0	0	
0	0	1	0	1	1	0	0	0	0	0	0	2	0	0	0	0	0	0	0	0	0	0	0	0	0	1	0	
1	0	1	2	1	0	1	0	0	3	3	0	0	0	0	0	0	0	0	0	0	0	0	0	0	1	0	1	
--------------------

--------------------
Best Solution Found!
--------------------
Time: 0 hour(s), 0 minute(s), 0 second(s), 1 millisecond(s)

Fitness: 191799

2	0	0	1	1	1	0	3	1	1	3	1	0	0	0	3	0	0	3	0	1	0	2	0	0	1	1	1	
1	2	0	0	0	1	0	3	0	0	0	0	1	0	1	0	0	0	0	0	0	0	0	1	0	0	1	0	
1	2	0	0	0	0	0	0	2	0	0	0	0	1	0	2	3	0	0	0	0	0	0	0	0	0	1	0	
1	0	0	0	0	1	1	0	0	0	0	1	2	1	0	3	3	0	0	0	0	0	1	0	0	0	1	1	
1	0	1	1	0	0	0	0	1	1	0	1	0	0	1	0	0	0	0	0	1	0	0	0	0	0	1	0	
1	0	1	0	0	0	1	0	0	0	0	2	2	2	0	0	0	0	3	0	2	0	0	0	0	0	1	0	
0	0	1	0	1	0	1	0	0	0	1	1	2	0	0	0	0	0	0	0	0	0	0	0	0	0	0	0	
1	0	3	2	1	1	0	0	0	0	1	0	0	1	2	0	0	0	0	0	0	0	0	0	0	0	0	0	
0	0	0	0	0	0	0	0	1	3	0	1	2	0	0	0	0	0	1	0	1	1	0	3	0	1	2	1	
1	0	1	1	0	0	0	3	1	1	0	1	0	1	0	0	0	0	0	0	0	0	0	1	0	0	1	0	
1	3	2	0	1	0	0	0	0	0	1	0	2	0	0	0	0	3	0	0	0	0	2	0	1	0	0	1	
0	0	1	1	0	1	0	0	0	0	0	1	2	1	1	0	2	0	0	0	0	0	0	0	0	0	0	1	
0	2	0	2	1	2	1	3	1	0	0	0	0	1	0	0	0	0	0	0	1	0	1	1	0	0	0	0	
0	0	1	0	0	1	0	2	1	0	1	0	0	3	1	0	0	0	0	0	0	0	2	0	0	0	2	3	
2	0	0	0	1	0	1	0	0	0	1	2	3	0	0	0	0	0	0	0	0	1	0	0	0	0	0	0	
0	0	0	2	0	2	1	2	1	1	0	1	2	0	0	0	0	0	0	0	1	0	0	0	0	0	1	0	
0	0	0	0	0	0	0	0	1	0	0	1	0	0	0	0	0	0	0	0	0	0	0	0	2	0	1	0	
0	2	1	0	0	1	0	3	0	0	0	1	0	0	0	0	3	3	0	0	1	0	0	1	0	0	0	0	
1	0	1	0	1	0	0	0	0	1	0	0	2	2	0	0	3	0	0	0	1	0	0	0	0	0	0	0	
0	0	1	1	0	0	1	0	1	3	1	1	2	0	0	0	0	0	0	0	2	0	0	0	0	0	0	0	
2	1	0	1	0	0	0	2	0	1	0	2	2	0	0	0	2	0	0	0	1	0	0	0	0	1	0	0	
1	2	1	1	2	0	1	3	0	0	0	0	0	0	1	0	0	3	0	0	0	1	0	0	0	1	0	0	
0	2	1	1	0	0	0	0	0	1	1	1	2	1	2	0	0	3	0	0	0	0	1	1	0	0	1	1	
1	2	1	1	1	1	2	3	0	0	0	0	0	1	0	3	0	0	0	0	0	0	0	1	0	0	0	0	
1	2	3	0	1	1	0	3	0	0	1	0	0	0	0	3	0	2	0	1	1	0	0	0	0	1	1	0	
1	0	0	0	1	0	1	3	0	1	1	1	0	0	0	0	0	3	0	0	1	0	2	0	0	0	2	0	
1	2	0	1	2	0	0	3	0	0	1	0	2	1	0	0	3	0	0	0	2	0	0	0	0	0	1	0	
0	0	0	0	0	0	0	3	2	1	3	0	0	0	2	0	3	0	0	0	0	0	2	0	0	2	0	0	
0	0	1	0	2	1	2	0	0	0	0	0	0	0	0	0	3	0	0	0	0	0	0	0	2	2	0	0	
2	2	0	1	1	0	0	3	1	1	0	0	1	1	0	3	0	0	1	0	1	2	0	0	0	2	1	0	
--------------------

--------------------
Best Solution Found!
--------------------
Time: 0 hour(s), 0 minute(s), 0 second(s), 2 millisecond(s)

Fitness: 175793

2	2	1	0	1	0	0	3	0	0	0	1	2	2	0	3	0	3	0	0	0	0	0	1	0	0	0	1	
0	0	1	0	1	0	0	2	0	0	0	0	0	1	0	0	3	3	0	1	1	0	0	3	0	0	0	1	
1	2	0	0	1	0	0	0	1	1	0	0	2	1	0	0	2	0	0	0	0	0	0	0	0	0	1	0	
1	0	0	0	0	0	1	3	0	0	0	1	2	0	1	0	0	3	0	0	1	0	0	0	0	0	1	1	
2	0	1	0	1	1	0	0	2	1	0	1	2	0	0	0	0	0	0	0	0	0	0	0	0	0	0	0	
0	1	1	1	0	0	2	3	1	0	0	0	1	0	0	0	0	0	0	0	1	0	0	1	0	0	1	0	
1	0	1	2	1	1	0	0	0	0	1	1	2	1	0	2	0	0	0	0	1	0	0	0	0	1	0	0	
1	2	0	1	0	0	1	0	0	1	0	0	3	0	0	0	0	0	0	0	0	0	1	0	0	0	0	0	
0	0	2	1	1	1	0	3	0	1	0	0	0	0	0	3	0	0	0	0	0	0	2	1	0	0	0	0	
0	2	0	0	0	0	0	3	0	0	1	1	0	1	2	0	0	0	0	0	0	0	0	0	0	0	1	0	
1	2	0	0	0	0	0	3	0	1	1	1	2	0	0	0	0	0	0	0	0	0	0	1	0	1	1	0	
0	0	0	1	0	0	0	0	1	0	1	0	0	0	1	0	0	0	0	0	0	0	0	0	0	1	0	0	
0	0	3	0	0	1	0	0	1	3	3	2	2	0	0	0	0	3	3	0	0	2	0	0	2	0	1	0	
1	0	1	0	0	0	0	3	0	1	1	0	0	0	2	0	0	0	0	0	0	0	0	1	1	0	0	0	
0	2	0	0	0	2	0	2	1	0	1	0	0	0	0	0	0	0	0	0	0	0	0	0	0	0	0	0	
1	3	1	1	1	1	1	2	1	0	0	0	2	1	1	0	3	0	0	0	1	0	0	0	0	0	0	0	
1	0	0	2	0	0	0	3	0	1	0	1	0	0	1	0	0	0	0	0	2	1	1	0	0	0	0	0	
1	2	1	0	0	1	0	0	0	0	0	1	0	0	0	3	3	0	0	0	1	0	0	0	0	2	1	1	
0	2	0	1	2	0	1	3	2	0	1	1	2	0	0	0	0	0	3	0	0	0	0	0	0	0	1	3	
1	2	0	1	1	1	0	0	0	0	3	0	0	0	0	0	0	0	0	0	1	0	0	0	0	2	1	0	
1	0	1	1	0	0	0	0	0	0	1	1	2	2	1	0	3	0	0	0	0	0	0	0	0	0	2	0	
1	0	0	1	1	0	2	3	0	0	0	0	0	0	0	0	3	0	1	0	1	0	0	0	0	1	2	0	
0	0	1	2	0	0	0	0	1	0	0	1	1	3	0	0	3	0	0	0	2	0	2	0	0	0	2	0	
2	0	1	0	2	1	1	0	0	1	1	2	0	0	0	0	0	0	0	0	2	0	2	0	0	2	1	0	
0	0	1	0	1	1	1	3	0	1	0	0	0	1	0	3	3	3	1	0	0	0	0	0	0	0	0	0	
0	0	3	0	0	0	0	3	0	3	0	0	2	1	0	0	0	2	0	0	1	0	0	0	0	0	1	1	
1	0	0	0	2	1	1	0	1	0	0	0	0	1	0	0	0	0	0	0	0	0	0	0	0	0	1	0	
2	2	0	1	0	0	1	0	0	0	0	1	2	1	0	0	0	0	0	0	1	1	1	0	2	0	0	0	
0	0	1	1	1	2	1	0	1	1	1	1	0	0	2	3	2	0	0	0	0	0	2	0	0	1	1	1	
1	0	0	0	0	0	0	0	1	0	0	2	0	1	0	0	0	0	0	0	1	1	2	1	0	0	0	0	
--------------------

--------------------
Best Solution Found!
--------------------
Time: 0 hour(s), 0 minute(s), 0 second(s), 3 millisecond(s)

Fitness: 170785

1	0	0	0	0	1	0	3	0	0	0	1	2	2	0	3	0	3	0	0	0	0	0	1	0	0	0	1	
1	0	0	1	0	1	0	2	0	0	0	0	0	1	0	0	3	3	0	1	1	0	0	3	0	0	0	1	
1	0	0	0	1	2	0	0	1	1	0	0	2	1	0	0	2	0	0	0	0	0	0	0	0	0	1	0	
1	2	1	0	0	0	1	3	0	0	0	1	2	0	1	0	0	3	0	0	1	0	0	0	0	0	1	1	
0	2	0	1	0	0	0	0	2	1	0	1	2	0	0	0	0	0	0	0	0	0	0	0	0	0	0	0	
0	2	0	2	1	0	2	3	1	0	0	0	1	0	0	0	0	0	0	0	1	0	0	1	0	0	1	0	
1	0	1	1	0	0	0	0	0	0	1	1	2	1	0	2	0	0	0	0	1	0	0	0	0	1	0	0	
0	0	1	1	0	1	1	0	0	1	0	0	3	0	0	0	0	0	0	0	0	0	1	0	0	0	0	0	
1	0	1	0	1	0	0	3	0	1	0	0	0	0	0	3	0	0	0	0	0	0	2	1	0	0	0	0	
2	2	3	0	1	0	0	3	0	0	1	1	0	1	2	0	0	0	0	0	0	0	0	0	0	0	1	0	
1	2	1	0	2	1	0	3	0	1	1	1	2	0	0	0	0	0	0	0	0	0	0	1	0	1	1	0	
2	0	1	0	1	0	0	0	1	0	1	0	0	0	1	0	0	0	0	0	0	0	0	0	0	1	0	0	
1	2	0	0	0	0	0	0	1	3	3	2	2	0	0	0	0	3	3	0	0	2	0	0	2	0	1	0	
0	0	0	1	1	1	0	3	0	1	1	0	0	0	2	0	0	0	0	0	0	0	0	1	1	0	0	0	
0	2	1	1	0	1	0	2	1	0	1	0	0	0	0	0	0	0	0	0	0	0	0	0	0	0	0	0	
2	1	0	1	1	0	1	2	1	0	0	0	2	1	1	0	3	0	0	0	1	0	0	0	0	0	0	0	
0	0	2	1	2	0	0	3	0	1	0	1	0	0	1	0	0	0	0	0	2	1	1	0	0	0	0	0	
2	3	0	2	0	0	0	0	0	0	0	1	0	0	0	3	3	0	0	0	1	0	0	0	0	2	1	1	
1	2	0	0	0	0	1	3	2	0	1	1	2	0	0	0	0	0	3	0	0	0	0	0	0	0	1	3	
1	2	0	0	0	0	0	0	0	0	3	0	0	0	0	0	0	0	0	0	1	0	0	0	0	2	1	0	
0	0	1	1	0	0	0	0	0	0	1	1	2	2	1	0	3	0	0	0	0	0	0	0	0	0	2	0	
1	0	0	0	0	0	2	3	0	0	0	0	0	0	0	0	3	0	1	0	1	0	0	0	0	1	2	0	
0	0	0	0	2	1	0	0	1	0	0	1	1	3	0	0	3	0	0	0	2	0	2	0	0	0	2	0	
1	0	1	0	1	0	1	0	0	1	1	2	0	0	0	0	0	0	0	0	2	0	2	0	0	2	1	0	
0	0	0	1	0	0	1	3	0	1	0	0	0	1	0	3	3	3	1	0	0	0	0	0	0	0	0	0	
1	2	3	0	0	1	0	3	0	3	0	0	2	1	0	0	0	2	0	0	1	0	0	0	0	0	1	1	
0	0	1	0	1	1	1	0	1	0	0	0	0	1	0	0	0	0	0	0	0	0	0	0	0	0	1	0	
0	0	1	1	0	2	1	0	0	0	0	1	2	1	0	0	0	0	0	0	1	1	1	0	2	0	0	0	
0	0	1	0	1	1	1	0	1	1	1	1	0	0	2	3	2	0	0	0	0	0	2	0	0	1	1	1	
1	0	1	2	1	0	0	0	1	0	0	2	0	1	0	0	0	0	0	0	1	1	2	1	0	0	0	0	
--------------------

--------------------
Best Solution Found!
--------------------
Time: 0 hour(s), 0 minute(s), 0 second(s), 4 millisecond(s)

Fitness: 170785

1	0	0	0	0	1	0	3	0	0	0	1	2	2	0	3	0	3	0	0	0	0	0	1	0	0	0	1	
1	0	0	1	0	1	0	2	0	0	0	0	0	1	0	0	3	3	0	1	1	0	0	3	0	0	0	1	
1	0	0	0	1	2	0	0	1	1	0	0	2	1	0	0	2	0	0	0	0	0	0	0	0	0	1	0	
1	2	1	0	0	0	1	3	0	0	0	1	2	0	1	0	0	3	0	0	1	0	0	0	0	0	1	1	
0	2	0	1	0	0	0	0	2	1	0	1	2	0	0	0	0	0	0	0	0	0	0	0	0	0	0	0	
0	2	0	2	1	0	2	3	1	0	0	0	1	0	0	0	0	0	0	0	1	0	0	1	0	0	1	0	
1	0	1	1	0	0	0	0	0	0	1	1	2	1	0	2	0	0	0	0	1	0	0	0	0	1	0	0	
0	0	1	1	0	1	1	0	0	1	0	0	3	0	0	0	0	0	0	0	0	0	1	0	0	0	0	0	
1	0	1	0	1	0	0	3	0	1	0	0	0	0	0	3	0	0	0	0	0	0	2	1	0	0	0	0	
2	2	3	0	1	0	0	3	0	0	1	1	0	1	2	0	0	0	0	0	0	0	0	0	0	0	1	0	
1	2	1	0	2	1	0	3	0	1	1	1	2	0	0	0	0	0	0	0	0	0	0	1	0	1	1	0	
2	0	1	0	1	0	0	0	1	0	1	0	0	0	1	0	0	0	0	0	0	0	0	0	0	1	0	0	
1	2	0	0	0	0	0	0	1	3	3	2	2	0	0	0	0	3	3	0	0	2	0	0	2	0	1	0	
0	0	0	1	1	1	0	3	0	1	1	0	0	0	2	0	0	0	0	0	0	0	0	1	1	0	0	0	
0	2	1	1	0	1	0	2	1	0	1	0	0	0	0	0	0	0	0	0	0	0	0	0	0	0	0	0	
2	1	0	1	1	0	1	2	1	0	0	0	2	1	1	0	3	0	0	0	1	0	0	0	0	0	0	0	
0	0	2	1	2	0	0	3	0	1	0	1	0	0	1	0	0	0	0	0	2	1	1	0	0	0	0	0	
2	3	0	2	0	0	0	0	0	0	0	1	0	0	0	3	3	0	0	0	1	0	0	0	0	2	1	1	
1	2	0	0	0	0	1	3	2	0	1	1	2	0	0	0	0	0	3	0	0	0	0	0	0	0	1	3	
1	2	0	0	0	0	0	0	0	0	3	0	0	0	0	0	0	0	0	0	1	0	0	0	0	2	1	0	
0	0	1	1	0	0	0	0	0	0	1	1	2	2	1	0	3	0	0	0	0	0	0	0	0	0	2	0	
1	0	0	0	0	0	2	3	0	0	0	0	0	0	0	0	3	0	1	0	1	0	0	0	0	1	2	0	
0	0	0	0	2	1	0	0	1	0	0	1	1	3	0	0	3	0	0	0	2	0	2	0	0	0	2	0	
1	0	1	0	1	0	1	0	0	1	1	2	0	0	0	0	0	0	0	0	2	0	2	0	0	2	1	0	
0	0	0	1	0	0	1	3	0	1	0	0	0	1	0	3	3	3	1	0	0	0	0	0	0	0	0	0	
1	2	3	0	0	1	0	3	0	3	0	0	2	1	0	0	0	2	0	0	1	0	0	0	0	0	1	1	
0	0	1	0	1	1	1	0	1	0	0	0	0	1	0	0	0	0	0	0	0	0	0	0	0	0	1	0	
0	0	1	1	0	2	1	0	0	0	0	1	2	1	0	0	0	0	0	0	1	1	1	0	2	0	0	0	
0	0	1	0	1	1	1	0	1	1	1	1	0	0	2	3	2	0	0	0	0	0	2	0	0	1	1	1	
1	0	1	2	1	0	0	0	1	0	0	2	0	1	0	0	0	0	0	0	1	1	2	1	0	0	0	0	
--------------------

--------------------
Best Solution Found!
--------------------
Time: 0 hour(s), 0 minute(s), 0 second(s), 6 millisecond(s)

Fitness: 170785

1	0	0	0	0	1	0	3	0	0	0	1	2	2	0	3	0	3	0	0	0	0	0	1	0	0	0	1	
1	0	0	1	0	1	0	2	0	0	0	0	0	1	0	0	3	3	0	1	1	0	0	3	0	0	0	1	
1	0	0	0	1	2	0	0	1	1	0	0	2	1	0	0	2	0	0	0	0	0	0	0	0	0	1	0	
1	2	1	0	0	0	1	3	0	0	0	1	2	0	1	0	0	3	0	0	1	0	0	0	0	0	1	1	
0	2	0	1	0	0	0	0	2	1	0	1	2	0	0	0	0	0	0	0	0	0	0	0	0	0	0	0	
0	2	0	2	1	0	2	3	1	0	0	0	1	0	0	0	0	0	0	0	1	0	0	1	0	0	1	0	
1	0	1	1	0	0	0	0	0	0	1	1	2	1	0	2	0	0	0	0	1	0	0	0	0	1	0	0	
0	0	1	1	0	1	1	0	0	1	0	0	3	0	0	0	0	0	0	0	0	0	1	0	0	0	0	0	
1	0	1	0	1	0	0	3	0	1	0	0	0	0	0	3	0	0	0	0	0	0	2	1	0	0	0	0	
2	2	3	0	1	0	0	3	0	0	1	1	0	1	2	0	0	0	0	0	0	0	0	0	0	0	1	0	
1	2	1	0	2	1	0	3	0	1	1	1	2	0	0	0	0	0	0	0	0	0	0	1	0	1	1	0	
2	0	1	0	1	0	0	0	1	0	1	0	0	0	1	0	0	0	0	0	0	0	0	0	0	1	0	0	
1	2	0	0	0	0	0	0	1	3	3	2	2	0	0	0	0	3	3	0	0	2	0	0	2	0	1	0	
0	0	0	1	1	1	0	3	0	1	1	0	0	0	2	0	0	0	0	0	0	0	0	1	1	0	0	0	
0	2	1	1	0	1	0	2	1	0	1	0	0	0	0	0	0	0	0	0	0	0	0	0	0	0	0	0	
2	1	0	1	1	0	1	2	1	0	0	0	2	1	1	0	3	0	0	0	1	0	0	0	0	0	0	0	
0	0	2	1	2	0	0	3	0	1	0	1	0	0	1	0	0	0	0	0	2	1	1	0	0	0	0	0	
2	3	0	2	0	0	0	0	0	0	0	1	0	0	0	3	3	0	0	0	1	0	0	0	0	2	1	1	
1	2	0	0	0	0	1	3	2	0	1	1	2	0	0	0	0	0	3	0	0	0	0	0	0	0	1	3	
1	2	0	0	0	0	0	0	0	0	3	0	0	0	0	0	0	0	0	0	1	0	0	0	0	2	1	0	
0	0	1	1	0	0	0	0	0	0	1	1	2	2	1	0	3	0	0	0	0	0	0	0	0	0	2	0	
1	0	0	0	0	0	2	3	0	0	0	0	0	0	0	0	3	0	1	0	1	0	0	0	0	1	2	0	
0	0	0	0	2	1	0	0	1	0	0	1	1	3	0	0	3	0	0	0	2	0	2	0	0	0	2	0	
1	0	1	0	1	0	1	0	0	1	1	2	0	0	0	0	0	0	0	0	2	0	2	0	0	2	1	0	
0	0	0	1	0	0	1	3	0	1	0	0	0	1	0	3	3	3	1	0	0	0	0	0	0	0	0	0	
1	2	3	0	0	1	0	3	0	3	0	0	2	1	0	0	0	2	0	0	1	0	0	0	0	0	1	1	
0	0	1	0	1	1	1	0	1	0	0	0	0	1	0	0	0	0	0	0	0	0	0	0	0	0	1	0	
0	0	1	1	0	2	1	0	0	0	0	1	2	1	0	0	0	0	0	0	1	1	1	0	2	0	0	0	
0	0	1	0	1	1	1	0	1	1	1	1	0	0	2	3	2	0	0	0	0	0	2	0	0	1	1	1	
1	0	1	2	1	0	0	0	1	0	0	2	0	1	0	0	0	0	0	0	1	1	2	1	0	0	0	0	
--------------------

--------------------
Best Solution Found!
--------------------
Time: 0 hour(s), 0 minute(s), 0 second(s), 79 millisecond(s)

Fitness: 160770

0	0	0	0	1	0	0	0	0	0	0	0	2	0	1	0	0	0	0	0	0	0	0	1	0	0	1	0	
1	0	0	1	0	2	1	3	0	1	0	0	2	0	0	0	0	0	0	0	1	0	0	0	0	0	1	0	
0	0	1	1	0	1	1	0	0	1	1	1	2	0	0	2	0	0	0	0	0	0	0	0	0	1	1	0	
0	0	1	1	1	0	0	2	0	0	0	1	0	0	0	0	0	0	0	0	1	0	2	0	0	0	0	1	
1	0	1	1	0	0	1	0	0	1	1	0	0	0	0	3	0	0	1	0	0	0	0	0	0	0	1	1	
1	0	1	0	0	2	1	3	1	0	3	1	2	0	0	0	0	0	0	0	0	0	0	1	0	0	1	1	
0	1	1	0	0	1	0	0	1	0	0	1	2	1	0	3	3	0	0	0	1	0	2	1	0	2	0	0	
1	0	0	0	1	1	2	3	0	0	0	0	2	0	2	0	3	0	0	0	1	0	0	0	0	0	1	1	
2	0	0	2	2	0	2	0	2	0	1	1	0	0	0	0	0	0	0	0	1	0	2	1	0	0	2	0	
2	0	1	0	1	1	0	0	0	0	0	0	0	0	0	0	2	0	0	0	0	0	2	0	0	0	2	3	
1	0	0	1	0	0	0	0	0	1	0	2	3	1	0	0	0	0	3	0	0	0	0	0	1	0	1	0	
2	2	1	0	0	0	0	0	0	0	0	1	0	1	1	0	0	0	0	0	0	0	2	0	0	2	2	0	
1	3	1	0	0	0	0	3	1	0	0	0	0	1	0	3	0	3	3	0	0	0	0	0	0	0	1	1	
1	2	1	1	0	0	1	3	1	0	0	0	0	0	0	0	0	0	0	0	0	0	1	0	0	0	0	0	
0	2	0	1	1	0	1	2	0	1	0	0	0	3	1	0	0	3	0	1	0	0	0	0	0	0	0	0	
0	0	1	1	2	1	0	3	0	0	0	0	1	1	1	0	0	0	0	0	1	0	0	0	0	0	0	0	
1	2	0	0	1	0	0	0	1	0	0	1	0	0	0	0	2	3	0	0	1	1	0	0	0	0	1	1	
1	2	0	1	0	1	0	3	1	0	0	0	0	0	0	0	3	0	0	0	1	0	0	1	2	1	0	0	
2	2	0	2	0	0	0	0	2	0	1	1	0	1	0	3	3	2	0	0	1	1	0	0	0	1	1	0	
1	0	0	0	0	0	1	2	1	0	0	0	2	1	0	0	0	0	0	0	1	0	0	3	0	0	1	0	
0	0	2	0	0	0	1	0	0	3	3	0	0	1	1	0	0	0	0	0	2	0	0	0	0	0	0	0	
0	0	1	1	0	1	1	0	1	1	1	0	1	0	0	0	0	0	0	0	0	0	0	0	2	0	0	0	
0	0	3	2	1	0	0	3	0	0	1	1	2	1	0	3	3	0	0	0	0	0	0	1	0	0	0	0	
1	2	3	0	0	0	0	3	0	3	0	2	2	0	0	0	0	0	0	0	0	0	1	0	0	0	0	0	
0	0	0	1	1	0	0	0	0	0	1	2	0	0	2	0	0	3	1	0	2	0	0	0	0	1	0	0	
1	2	0	0	2	0	0	3	1	1	1	1	2	2	0	0	0	0	0	0	0	2	0	0	0	0	0	0	
1	0	0	0	1	1	0	3	0	0	1	0	0	0	0	0	3	3	0	0	1	1	0	0	0	0	1	0	
1	2	1	0	1	1	0	0	0	1	1	1	0	1	2	0	3	0	0	0	2	0	0	0	0	0	0	0	
0	2	1	0	1	0	0	3	1	1	0	1	2	0	0	0	0	0	0	0	0	0	0	0	0	2	1	0	
0	0	0	0	0	1	0	0	0	1	0	1	2	2	0	0	0	0	0	0	0	0	1	0	0	1	0	0	
--------------------

--------------------
Best Solution Found!
--------------------
Time: 0 hour(s), 0 minute(s), 3 second(s), 135 millisecond(s)

Fitness: 157788

0	0	1	0	1	2	0	0	0	1	1	1	2	1	0	0	0	0	0	0	0	0	0	0	0	0	0	0	
0	0	0	0	0	0	0	3	1	0	0	0	0	0	0	0	3	0	0	0	1	0	2	0	0	0	2	1	
1	0	1	1	0	0	0	2	0	1	0	1	0	0	0	3	3	3	0	0	0	0	0	0	2	0	0	0	
1	0	0	0	0	0	0	0	1	3	3	0	0	0	0	3	3	0	0	0	0	1	2	0	0	0	1	0	
1	2	1	1	1	1	1	3	0	0	0	0	2	1	0	0	0	0	1	0	1	1	0	0	0	2	1	0	
0	0	1	1	0	0	0	0	2	0	0	0	0	1	1	0	0	0	0	0	0	0	0	1	0	0	1	0	
2	0	0	0	0	2	1	0	0	0	0	0	2	0	0	0	0	0	0	0	0	2	0	0	0	0	0	0	
2	0	0	0	1	0	0	0	0	0	0	0	2	0	2	2	3	0	0	0	0	0	0	1	0	2	1	1	
0	0	1	1	0	1	0	0	1	0	0	0	0	0	1	0	0	0	0	0	1	0	0	3	0	1	1	0	
1	1	1	0	1	1	0	3	1	1	0	2	2	1	2	0	0	0	0	0	2	0	0	0	0	0	0	0	
1	0	0	0	0	0	1	3	0	0	0	0	0	3	0	0	0	0	0	0	1	0	0	1	0	0	1	0	
0	2	1	1	2	0	0	3	0	0	1	2	0	0	0	0	0	0	0	0	0	0	1	0	0	0	1	0	
1	0	3	1	0	0	0	3	1	0	0	0	0	0	0	0	0	0	0	0	0	0	0	0	2	1	0	0	
1	2	0	0	1	0	1	3	0	1	0	1	2	1	0	3	3	0	0	0	0	0	0	0	0	1	1	0	
2	0	0	0	0	1	2	0	0	0	1	0	0	0	0	0	0	0	1	0	0	0	0	0	0	0	1	1	
0	2	0	1	2	1	1	3	0	0	0	1	2	1	0	0	0	0	0	0	0	0	2	1	0	0	0	1	
0	0	0	0	0	0	2	2	0	1	1	1	2	1	0	0	2	3	3	0	1	0	0	0	0	0	1	1	
1	2	3	2	0	1	0	3	1	1	1	1	3	0	0	3	0	0	0	0	2	0	0	0	0	0	2	0	
0	0	1	2	1	0	1	3	1	1	1	1	0	0	0	0	0	0	3	0	1	0	1	0	0	1	1	1	
0	0	1	1	0	1	0	0	1	0	0	0	0	0	1	0	0	0	0	0	1	0	2	1	0	2	1	3	
0	2	2	1	0	1	1	0	0	0	0	2	0	2	1	0	0	3	0	0	0	0	0	0	1	0	0	0	
0	2	0	0	1	0	0	3	0	3	0	1	1	0	0	0	3	3	0	0	1	0	0	0	0	0	0	0	
1	0	0	2	1	0	1	0	0	0	0	1	2	1	2	3	3	0	0	0	1	0	0	0	0	1	0	0	
1	3	0	0	0	0	0	0	1	1	0	0	2	0	0	0	0	3	0	0	0	1	2	0	0	0	0	0	
0	2	1	1	0	1	0	0	1	0	1	1	0	0	0	0	2	0	0	0	1	0	1	1	0	0	0	0	
1	2	1	0	1	1	0	2	0	0	1	1	2	2	0	0	0	0	0	0	0	0	0	0	0	0	2	0	
1	0	1	0	2	0	0	0	0	0	3	1	1	0	0	0	0	2	0	0	0	0	0	0	0	0	0	0	
2	2	1	0	1	0	0	0	0	0	0	1	0	0	1	0	0	0	0	1	0	0	0	0	0	0	1	0	
1	0	0	1	1	0	1	0	2	1	1	0	2	1	0	0	0	0	0	0	1	0	0	0	0	0	0	0	
1	0	0	0	0	0	0	3	0	1	1	0	0	1	0	0	0	0	0	0	2	0	0	0	0	0	0	0	
--------------------

--------------------
Best Solution Found!
--------------------
Time: 0 hour(s), 0 minute(s), 3 second(s), 136 millisecond(s)

Fitness: 157788

0	0	1	0	1	2	0	0	0	1	1	1	2	1	0	0	0	0	0	0	0	0	0	0	0	0	0	0	
0	0	0	0	0	0	0	3	1	0	0	0	0	0	0	0	3	0	0	0	1	0	2	0	0	0	2	1	
1	0	1	1	0	0	0	2	0	1	0	1	0	0	0	3	3	3	0	0	0	0	0	0	2	0	0	0	
1	0	0	0	0	0	0	0	1	3	3	0	0	0	0	3	3	0	0	0	0	1	2	0	0	0	1	0	
1	2	1	1	1	1	1	3	0	0	0	0	2	1	0	0	0	0	1	0	1	1	0	0	0	2	1	0	
0	0	1	1	0	0	0	0	2	0	0	0	0	1	1	0	0	0	0	0	0	0	0	1	0	0	1	0	
2	0	0	0	0	2	1	0	0	0	0	0	2	0	0	0	0	0	0	0	0	2	0	0	0	0	0	0	
2	0	0	0	1	0	0	0	0	0	0	0	2	0	2	2	3	0	0	0	0	0	0	1	0	2	1	1	
0	0	1	1	0	1	0	0	1	0	0	0	0	0	1	0	0	0	0	0	1	0	0	3	0	1	1	0	
1	1	1	0	1	1	0	3	1	1	0	2	2	1	2	0	0	0	0	0	2	0	0	0	0	0	0	0	
1	0	0	0	0	0	1	3	0	0	0	0	0	3	0	0	0	0	0	0	1	0	0	1	0	0	1	0	
0	2	1	1	2	0	0	3	0	0	1	2	0	0	0	0	0	0	0	0	0	0	1	0	0	0	1	0	
1	0	3	1	0	0	0	3	1	0	0	0	0	0	0	0	0	0	0	0	0	0	0	0	2	1	0	0	
1	2	0	0	1	0	1	3	0	1	0	1	2	1	0	3	3	0	0	0	0	0	0	0	0	1	1	0	
2	0	0	0	0	1	2	0	0	0	1	0	0	0	0	0	0	0	1	0	0	0	0	0	0	0	1	1	
0	2	0	1	2	1	1	3	0	0	0	1	2	1	0	0	0	0	0	0	0	0	2	1	0	0	0	1	
0	0	0	0	0	0	2	2	0	1	1	1	2	1	0	0	2	3	3	0	1	0	0	0	0	0	1	1	
1	2	3	2	0	1	0	3	1	1	1	1	3	0	0	3	0	0	0	0	2	0	0	0	0	0	2	0	
0	0	1	2	1	0	1	3	1	1	1	1	0	0	0	0	0	0	3	0	1	0	1	0	0	1	1	1	
0	0	1	1	0	1	0	0	1	0	0	0	0	0	1	0	0	0	0	0	1	0	2	1	0	2	1	3	
0	2	2	1	0	1	1	0	0	0	0	2	0	2	1	0	0	3	0	0	0	0	0	0	1	0	0	0	
0	2	0	0	1	0	0	3	0	3	0	1	1	0	0	0	3	3	0	0	1	0	0	0	0	0	0	0	
1	0	0	2	1	0	1	0	0	0	0	1	2	1	2	3	3	0	0	0	1	0	0	0	0	1	0	0	
1	3	0	0	0	0	0	0	1	1	0	0	2	0	0	0	0	3	0	0	0	1	2	0	0	0	0	0	
0	2	1	1	0	1	0	0	1	0	1	1	0	0	0	0	2	0	0	0	1	0	1	1	0	0	0	0	
1	2	1	0	1	1	0	2	0	0	1	1	2	2	0	0	0	0	0	0	0	0	0	0	0	0	2	0	
1	0	1	0	2	0	0	0	0	0	3	1	1	0	0	0	0	2	0	0	0	0	0	0	0	0	0	0	
2	2	1	0	1	0	0	0	0	0	0	1	0	0	1	0	0	0	0	1	0	0	0	0	0	0	1	0	
1	0	0	1	1	0	1	0	2	1	1	0	2	1	0	0	0	0	0	0	1	0	0	0	0	0	0	0	
1	0	0	0	0	0	0	3	0	1	1	0	0	1	0	0	0	0	0	0	2	0	0	0	0	0	0	0	
--------------------

--------------------
Best Solution Found!
--------------------
Time: 0 hour(s), 0 minute(s), 12 second(s), 973 millisecond(s)

Fitness: 153783

0	0	0	0	0	0	0	2	1	0	0	0	0	0	0	3	3	0	0	0	1	0	0	0	0	2	0	1	
0	0	1	0	0	0	2	0	0	1	0	0	2	1	1	3	0	0	0	0	1	0	0	0	0	0	0	0	
1	0	2	1	0	1	0	3	1	1	0	0	0	0	0	0	0	0	0	0	0	0	0	0	0	0	1	0	
1	2	0	2	1	0	0	0	0	0	1	1	2	3	0	3	3	3	0	1	2	0	2	0	0	0	0	0	
1	2	0	0	0	2	0	3	0	0	1	1	1	0	0	0	0	0	0	0	0	0	0	0	0	0	1	0	
1	1	0	1	1	2	0	0	1	1	0	2	0	0	0	2	3	3	0	0	0	1	0	0	0	0	0	1	
1	0	0	0	0	0	0	3	0	0	1	0	0	0	1	3	2	0	0	0	2	0	1	0	0	0	2	0	
0	0	0	0	0	0	1	3	1	1	1	0	0	1	2	0	0	0	0	0	0	0	1	0	0	2	0	0	
1	0	0	1	0	0	0	0	2	0	0	1	2	1	0	0	0	2	0	0	0	0	0	0	0	0	0	1	
0	2	0	0	1	1	1	0	1	0	0	0	0	0	0	0	0	0	3	0	1	0	0	1	0	1	0	0	
0	0	1	0	0	1	1	0	0	1	0	1	2	0	0	0	0	0	0	0	0	0	2	1	0	0	1	0	
1	0	1	0	0	1	1	2	0	1	1	0	0	1	0	0	0	3	3	0	1	1	2	0	0	0	0	0	
2	0	3	1	2	0	0	0	1	3	3	1	2	0	2	0	3	3	0	0	0	0	0	0	0	0	0	0	
0	0	3	1	1	0	0	3	0	0	0	1	2	0	0	0	0	0	0	0	1	0	0	0	0	0	1	3	
1	0	1	1	0	1	0	3	0	0	1	0	0	1	0	0	0	0	0	0	0	0	0	3	2	1	1	0	
1	2	1	0	0	0	0	3	0	0	0	2	2	2	2	0	3	0	0	0	1	2	0	0	0	1	1	1	
0	3	0	1	0	1	0	0	2	1	1	0	0	1	1	0	0	0	0	0	0	0	0	1	0	1	0	0	
0	2	0	1	1	0	1	3	0	0	0	1	2	0	0	0	0	0	0	0	2	0	0	0	0	0	0	0	
1	0	1	0	0	0	0	0	0	1	1	0	0	0	0	0	0	0	0	0	0	0	0	0	0	0	1	1	
0	2	1	0	1	0	0	3	1	0	1	1	0	0	1	0	2	0	0	0	0	0	0	0	0	0	1	0	
1	0	1	2	0	1	1	0	1	1	0	0	0	1	0	0	0	0	0	0	1	0	0	0	0	0	1	0	
2	2	1	1	0	0	1	3	0	0	0	1	2	0	0	0	0	0	0	0	1	0	0	0	0	1	0	0	
1	2	1	0	0	0	0	0	0	0	0	2	0	1	0	0	0	0	0	0	0	0	0	0	0	0	1	0	
0	0	0	0	1	1	0	0	0	3	0	0	0	0	0	0	0	0	0	0	1	0	0	0	0	0	0	0	
2	0	0	1	2	0	1	2	0	0	0	0	0	0	0	3	0	0	1	0	0	0	2	1	0	0	1	0	
2	2	0	0	1	1	2	0	0	1	1	1	2	2	0	0	0	0	0	0	1	0	0	0	1	0	2	0	
1	0	1	0	1	1	0	0	0	0	0	1	1	1	0	0	3	0	0	0	0	0	0	0	2	2	1	1	
0	0	0	0	2	0	0	0	1	0	0	1	2	1	1	0	0	0	0	0	1	1	2	1	0	0	2	0	
0	0	1	2	1	0	1	3	0	0	3	1	2	0	0	0	0	0	0	0	0	0	1	1	0	0	0	0	
1	2	1	1	1	0	0	3	1	0	0	0	3	0	0	0	3	3	1	0	0	0	0	0	0	0	1	0	
--------------------
---------------------
Best Solution Found!
--------------------
Time: 0 hour(s), 1 minute(s), 0 second(s), 385 millisecond(s)

Fitness: 151748

1	0	1	0	1	1	0	0	0	0	0	0	2	1	0	0	0	0	0	0	1	1	0	0	0	0	0	0	
1	0	1	1	0	0	0	0	0	0	0	0	2	1	1	0	0	0	0	0	2	0	0	0	0	0	1	0	
2	0	1	2	0	1	0	3	1	0	1	0	0	1	1	0	0	0	0	0	1	0	0	0	0	0	0	0	
1	0	0	1	0	1	1	3	0	1	1	0	0	1	2	0	0	0	3	0	1	2	0	0	0	0	1	0	
1	0	0	0	0	0	0	0	2	0	0	0	0	0	0	0	0	3	0	0	0	0	0	0	0	1	0	0	
1	0	1	0	2	2	0	0	0	0	0	1	2	0	2	3	0	0	0	0	1	0	0	0	1	0	0	0	
0	2	0	1	1	0	0	3	1	0	0	0	2	0	2	0	0	0	0	0	0	0	0	0	0	0	1	1	
1	0	0	1	0	0	0	3	0	0	0	1	1	0	0	0	2	0	0	0	0	0	2	1	0	1	2	0	
0	0	0	0	0	2	0	2	0	3	3	0	2	0	0	0	0	0	0	0	0	0	0	0	0	0	0	1	
0	0	1	0	2	0	1	2	0	0	0	1	0	2	0	0	0	0	0	0	0	0	2	0	0	0	1	1	
1	0	0	1	0	1	1	0	1	1	0	1	2	0	0	3	3	3	0	1	1	0	1	1	2	0	0	0	
1	2	1	1	0	0	2	0	0	1	1	1	0	0	0	3	3	0	0	0	0	0	0	3	0	0	0	0	
1	2	1	1	0	1	1	3	0	0	0	1	0	0	0	0	0	0	0	0	1	0	1	0	0	0	0	0	
0	2	0	0	0	0	1	3	1	0	1	1	0	0	0	0	3	2	0	0	1	0	0	0	0	0	1	1	
1	2	1	0	1	0	1	0	1	1	0	1	2	1	0	0	0	0	0	0	1	0	0	0	0	2	1	1	
1	0	0	1	1	0	0	0	0	0	1	2	0	0	0	0	2	0	0	0	0	0	2	1	0	0	1	0	
0	0	1	2	0	1	2	0	1	1	1	0	0	0	1	0	0	0	0	0	0	0	0	0	0	0	1	0	
0	0	0	1	2	0	0	3	0	1	0	2	2	2	0	0	3	0	0	0	0	0	0	0	0	0	0	0	
2	0	0	0	1	1	1	3	1	0	1	0	2	0	0	0	0	3	0	0	0	0	0	0	0	0	0	0	
1	2	0	0	0	0	0	0	0	0	0	0	2	0	0	0	0	0	0	0	0	0	0	1	0	2	1	0	
0	1	1	0	0	1	0	3	1	1	0	1	2	1	0	0	0	0	0	0	1	0	0	0	0	0	1	0	
2	0	3	1	0	0	0	0	0	1	1	1	0	0	0	0	0	0	0	0	1	1	1	0	0	0	0	0	
1	0	0	0	1	0	1	3	0	0	0	0	0	0	0	0	0	0	0	0	2	0	0	0	0	1	1	0	
0	2	3	1	1	0	0	3	1	0	1	1	3	0	0	0	3	3	3	0	2	0	0	1	0	0	0	0	
0	0	1	0	0	0	0	3	0	0	0	2	0	0	0	0	0	0	0	0	0	0	0	0	0	0	2	0	
2	2	2	2	1	1	0	0	0	0	3	1	0	1	1	3	0	0	1	0	0	0	0	1	0	0	0	0	
1	0	0	0	1	0	0	0	2	0	0	0	0	3	0	0	0	0	0	0	0	0	0	0	0	2	2	3	
0	2	1	0	1	1	1	2	0	1	1	1	0	1	0	2	3	0	1	0	0	0	2	0	0	1	1	0	
0	3	1	0	0	0	0	0	0	1	0	0	1	1	0	0	0	3	0	0	0	0	0	0	0	0	0	1	
0	2	0	0	1	0	0	0	1	3	0	0	2	1	1	3	3	0	0	0	1	1	2	0	2	1	1	0	
--------------------
---------------------
Best Solution Found!
--------------------
Time: 0 hour(s), 5 minute(s), 18 second(s), 929 millisecond(s)

Fitness: 145768

1	2	1	0	0	0	0	0	1	0	0	1	2	1	2	0	0	0	0	0	0	0	0	0	0	1	2	0	
1	0	1	0	0	0	0	3	1	0	1	1	0	0	0	0	3	3	0	0	2	1	0	0	0	2	0	0	
0	0	0	0	1	0	1	3	0	1	1	0	3	0	0	0	0	0	0	0	0	0	0	1	0	0	1	0	
1	2	1	1	1	2	0	3	1	1	1	0	2	1	0	0	0	0	0	0	0	0	0	0	0	0	0	0	
0	0	0	2	2	0	2	3	0	0	0	0	0	0	0	0	0	0	0	0	0	0	1	0	2	0	0	0	
1	0	0	1	0	0	1	3	0	0	0	1	2	0	0	0	0	0	0	0	1	0	1	0	0	0	2	0	
0	0	0	0	0	0	0	3	0	0	0	0	0	1	0	3	3	0	0	0	1	0	0	0	0	2	1	0	
0	0	1	0	1	0	1	0	0	0	3	0	2	1	0	0	0	0	0	0	0	1	2	0	0	0	1	1	
1	0	1	1	0	0	0	0	1	0	0	1	1	0	0	0	0	3	3	0	0	0	0	1	0	0	0	0	
0	0	1	0	1	0	0	0	2	3	3	0	1	1	0	0	0	0	0	0	0	0	1	1	0	1	1	0	
2	2	3	0	0	0	0	0	0	0	1	0	2	0	2	0	0	0	0	0	2	0	0	0	0	0	1	0	
1	0	1	1	0	0	0	0	1	1	0	1	0	0	0	0	0	2	0	0	1	0	2	0	0	0	0	0	
2	2	1	1	1	1	1	0	0	1	1	1	0	1	0	0	0	3	0	0	0	0	0	0	0	0	0	1	
0	3	2	1	0	0	0	3	2	1	0	2	0	0	1	3	0	0	1	0	0	0	0	0	0	0	0	0	
0	0	0	1	0	1	1	0	0	1	1	0	0	0	0	0	0	0	0	0	0	0	0	1	0	0	0	0	
1	1	1	2	2	1	0	0	1	0	0	2	2	0	0	3	3	0	0	1	0	0	2	1	0	1	1	0	
0	0	0	0	0	1	1	0	0	3	0	0	0	0	2	0	0	0	0	0	1	0	0	0	0	0	0	0	
0	2	0	0	1	1	2	0	1	1	0	1	2	1	0	0	3	3	0	0	0	0	0	1	0	1	1	0	
1	0	1	1	1	0	0	2	0	0	0	1	2	0	0	0	0	0	0	0	1	0	2	0	0	0	1	0	
1	0	0	1	1	2	0	3	0	0	1	1	0	0	1	0	3	0	0	0	1	0	0	0	0	0	1	1	
2	2	0	0	0	0	1	3	1	0	0	0	2	1	0	0	0	0	0	0	1	0	0	0	0	1	1	3	
1	2	0	2	0	0	0	0	0	0	0	0	2	2	0	0	0	0	0	0	0	0	0	0	0	0	0	0	
1	0	1	0	1	1	0	2	0	0	0	1	0	0	0	2	2	0	0	0	2	0	0	3	2	0	1	1	
1	0	3	1	0	0	1	0	0	1	1	2	0	0	0	0	0	0	0	0	1	0	0	0	1	2	1	0	
2	2	0	0	1	1	1	0	0	1	1	0	0	2	0	0	0	0	0	0	0	0	0	0	0	0	0	0	
0	0	1	0	0	0	0	3	0	1	1	1	0	0	0	0	3	3	1	0	0	0	0	0	0	0	0	0	
0	0	1	0	0	1	0	0	0	0	0	0	0	1	0	3	0	0	0	0	1	1	0	0	0	0	2	1	
1	2	0	0	0	0	0	2	1	0	0	1	2	0	1	3	3	0	0	0	1	2	0	0	0	0	0	0	
0	2	0	1	1	1	0	3	1	0	0	0	2	1	1	0	2	0	3	0	1	0	2	0	0	0	0	0	
1	0	0	0	2	1	0	3	0	0	0	1	0	3	1	0	0	0	0	0	0	0	0	0	0	0	1	1	
--------------------

