--------------------
Best Solution Found!
--------------------
Time: 0 hour(s), 0 minute(s), 0 second(s), 1 millisecond(s)

Fitness: 223750

1	0	0	2	0	3	2	0	1	1	3	3	0	2	0	0	0	0	0	1	0	0	0	0	0	0	1	0	
1	0	0	1	0	1	0	0	0	2	1	3	0	2	0	2	0	0	0	2	0	0	0	0	0	0	0	0	
1	0	0	0	2	3	2	0	1	0	1	3	0	0	0	2	0	0	0	1	0	0	0	0	0	0	3	0	
1	3	0	0	0	0	2	0	0	1	0	2	0	0	0	2	0	0	0	1	0	0	0	0	0	0	3	1	
2	3	0	1	0	0	0	0	0	1	0	3	0	2	0	0	0	0	0	1	0	0	0	0	0	0	0	2	
2	3	0	1	2	3	0	0	0	0	0	0	0	2	0	1	0	0	0	2	0	0	0	0	0	0	0	2	
1	3	0	1	0	0	2	0	0	1	0	3	0	0	0	2	0	0	0	0	0	0	0	0	0	0	3	1	
2	0	0	1	2	1	2	0	1	1	0	3	0	0	0	0	0	0	0	1	0	0	0	0	0	0	3	2	
1	0	1	1	1	3	2	0	1	1	3	3	0	2	0	2	0	0	0	0	0	0	0	0	0	0	3	2	
1	3	0	0	1	0	2	0	1	1	0	3	0	2	0	1	0	0	0	0	0	0	0	0	0	0	3	0	
1	1	0	1	2	3	0	0	1	0	1	0	0	0	0	0	0	0	0	1	0	0	0	0	0	0	3	2	
1	0	2	1	2	3	2	0	1	2	0	3	0	2	0	0	0	0	0	0	0	0	0	0	0	0	0	2	
1	3	0	0	0	3	0	0	0	1	0	2	0	2	0	2	0	0	0	0	0	0	0	0	0	0	3	0	
0	0	0	1	2	3	0	0	2	1	0	3	0	0	0	2	0	0	0	1	0	0	0	0	0	0	1	2	
0	1	0	1	2	3	2	0	0	0	0	3	0	1	0	0	0	0	0	2	0	0	0	0	0	0	0	2	
1	1	0	1	2	0	2	0	3	0	3	3	0	2	0	1	0	0	0	1	0	0	0	0	0	0	3	2	
0	3	0	1	2	3	2	0	0	1	0	3	0	2	0	2	0	0	0	0	0	0	0	0	0	0	0	0	
1	3	0	1	0	0	2	0	1	0	1	2	0	0	0	2	0	0	0	1	0	0	0	0	0	0	3	0	
1	3	0	2	0	0	2	0	3	2	1	0	0	0	0	0	0	0	0	0	0	0	0	0	0	0	0	2	
1	3	0	0	0	0	0	0	1	1	1	3	0	1	0	2	0	0	0	1	0	0	0	0	0	0	0	2	
0	0	2	1	0	3	2	0	1	1	0	0	0	2	0	0	0	0	0	0	0	0	0	0	0	0	3	0	
1	0	0	2	2	0	1	0	1	1	1	0	0	2	0	0	0	0	0	1	0	0	0	0	0	0	0	2	
0	0	0	2	2	1	1	0	1	1	1	3	0	0	0	2	0	0	0	0	0	0	0	0	0	0	0	1	
1	3	2	2	1	3	1	0	1	0	0	0	0	1	0	0	0	0	0	1	0	0	0	0	0	0	3	0	
2	0	0	1	0	0	2	0	1	0	1	2	0	0	0	0	0	0	0	1	0	0	0	0	0	0	0	0	
1	3	0	1	0	1	2	0	0	2	1	3	0	0	0	2	0	0	0	0	0	0	0	0	0	0	0	2	
0	0	2	0	2	3	0	0	1	1	1	0	0	2	0	0	0	0	0	3	0	0	0	0	0	0	1	2	
2	0	1	1	0	3	2	0	0	1	0	0	0	0	0	2	0	0	0	1	0	0	0	0	0	0	0	2	
0	0	2	0	2	3	2	0	0	1	0	3	0	2	0	2	0	0	0	1	0	0	0	0	0	0	3	0	
1	3	1	1	2	0	1	0	3	1	1	0	0	0	0	0	0	0	0	0	0	0	0	0	0	0	0	1	
--------------------

--------------------
Best Solution Found!
--------------------
Time: 0 hour(s), 0 minute(s), 0 second(s), 1 millisecond(s)

Fitness: 205744

1	3	0	1	2	3	2	0	1	1	1	2	0	2	0	1	0	0	0	2	0	0	0	0	0	0	3	1	
1	3	0	0	2	3	0	0	2	0	0	3	0	2	0	2	0	0	0	3	0	0	0	0	0	0	3	2	
1	3	0	1	2	3	2	0	1	1	0	0	0	2	0	1	0	0	0	1	0	0	0	0	0	0	3	2	
1	0	0	0	0	1	2	0	0	1	0	3	0	1	0	2	0	0	0	1	0	0	0	0	0	0	1	1	
1	0	2	1	0	0	2	0	1	1	0	2	0	0	0	0	0	0	0	1	0	0	0	0	0	0	3	0	
1	0	0	0	0	3	2	0	0	0	0	3	0	2	0	2	0	0	0	0	0	0	0	0	0	0	3	2	
2	3	2	0	1	3	1	0	0	2	1	3	0	0	0	2	0	0	0	0	0	0	0	0	0	0	0	2	
1	3	0	1	2	3	0	0	1	0	1	0	0	1	0	0	0	0	0	0	0	0	0	0	0	0	0	0	
2	3	0	2	2	0	2	0	1	1	0	3	0	0	0	0	0	0	0	1	0	0	0	0	0	0	3	1	
1	0	2	1	0	3	0	0	1	1	0	3	0	2	0	0	0	0	0	2	0	0	0	0	0	0	3	2	
1	3	0	1	2	0	0	0	0	0	1	0	0	0	0	0	0	0	0	0	0	0	0	0	0	0	0	2	
0	0	0	1	0	1	2	0	0	0	3	3	0	2	0	2	0	0	0	0	0	0	0	0	0	0	0	2	
2	3	0	1	2	3	1	0	1	1	0	0	0	2	0	0	0	0	0	1	0	0	0	0	0	0	0	0	
0	0	1	0	0	3	2	0	1	2	1	3	0	2	0	2	0	0	0	0	0	0	0	0	0	0	3	2	
1	0	0	2	1	3	1	0	1	2	1	3	0	2	0	2	0	0	0	1	0	0	0	0	0	0	0	2	
2	0	0	1	0	3	2	0	1	1	0	2	0	0	0	2	0	0	0	0	0	0	0	0	0	0	3	0	
0	0	0	1	0	0	2	0	1	1	0	2	0	0	0	0	0	0	0	0	0	0	0	0	0	0	3	0	
2	3	2	0	0	1	0	0	0	1	3	3	0	0	0	0	0	0	0	1	0	0	0	0	0	0	0	2	
1	0	0	2	1	0	2	0	0	1	0	3	0	2	0	2	0	0	0	0	0	0	0	0	0	0	0	0	
0	0	1	1	0	0	2	0	1	1	1	3	0	2	0	2	0	0	0	1	0	0	0	0	0	0	0	0	
1	1	0	1	0	0	0	0	3	1	0	3	0	0	0	0	0	0	0	1	0	0	0	0	0	0	0	2	
1	3	1	1	2	3	1	0	0	0	0	0	0	0	0	0	0	0	0	1	0	0	0	0	0	0	0	2	
0	1	0	1	0	0	2	0	0	1	1	3	0	2	0	0	0	0	0	1	0	0	0	0	0	0	3	1	
1	3	2	1	2	3	2	0	3	0	0	0	0	2	0	1	0	0	0	1	0	0	0	0	0	0	0	2	
1	3	0	1	2	3	0	0	3	2	1	3	0	0	0	2	0	0	0	1	0	0	0	0	0	0	1	2	
1	0	0	2	2	0	2	0	1	1	1	3	0	0	0	0	0	0	0	0	0	0	0	0	0	0	3	0	
1	3	0	1	2	0	0	0	0	0	1	0	0	1	0	2	0	0	0	0	0	0	0	0	0	0	1	0	
0	0	0	2	0	3	2	0	1	1	1	3	0	0	0	2	0	0	0	1	0	0	0	0	0	0	0	2	
0	0	0	0	2	1	2	0	0	1	3	0	0	0	0	0	0	0	0	2	0	0	0	0	0	0	0	0	
1	1	0	1	2	0	2	0	1	1	0	0	0	2	0	2	0	0	0	1	0	0	0	0	0	0	3	0	
--------------------

--------------------
Best Solution Found!
--------------------
Time: 0 hour(s), 0 minute(s), 0 second(s), 3 millisecond(s)

Fitness: 205744

1	3	0	1	2	3	2	0	1	1	1	2	0	2	0	1	0	0	0	2	0	0	0	0	0	0	3	1	
1	3	0	0	2	3	0	0	2	0	0	3	0	2	0	2	0	0	0	3	0	0	0	0	0	0	3	2	
1	3	0	1	2	3	2	0	1	1	0	0	0	2	0	1	0	0	0	1	0	0	0	0	0	0	3	2	
1	0	0	0	0	1	2	0	0	1	0	3	0	1	0	2	0	0	0	1	0	0	0	0	0	0	1	1	
1	0	2	1	0	0	2	0	1	1	0	2	0	0	0	0	0	0	0	1	0	0	0	0	0	0	3	0	
1	0	0	0	0	3	2	0	0	0	0	3	0	2	0	2	0	0	0	0	0	0	0	0	0	0	3	2	
2	3	2	0	1	3	1	0	0	2	1	3	0	0	0	2	0	0	0	0	0	0	0	0	0	0	0	2	
1	3	0	1	2	3	0	0	1	0	1	0	0	1	0	0	0	0	0	0	0	0	0	0	0	0	0	0	
2	3	0	2	2	0	2	0	1	1	0	3	0	0	0	0	0	0	0	1	0	0	0	0	0	0	3	1	
1	0	2	1	0	3	0	0	1	1	0	3	0	2	0	0	0	0	0	2	0	0	0	0	0	0	3	2	
1	3	0	1	2	0	0	0	0	0	1	0	0	0	0	0	0	0	0	0	0	0	0	0	0	0	0	2	
0	0	0	1	0	1	2	0	0	0	3	3	0	2	0	2	0	0	0	0	0	0	0	0	0	0	0	2	
2	3	0	1	2	3	1	0	1	1	0	0	0	2	0	0	0	0	0	1	0	0	0	0	0	0	0	0	
0	0	1	0	0	3	2	0	1	2	1	3	0	2	0	2	0	0	0	0	0	0	0	0	0	0	3	2	
1	0	0	2	1	3	1	0	1	2	1	3	0	2	0	2	0	0	0	1	0	0	0	0	0	0	0	2	
2	0	0	1	0	3	2	0	1	1	0	2	0	0	0	2	0	0	0	0	0	0	0	0	0	0	3	0	
0	0	0	1	0	0	2	0	1	1	0	2	0	0	0	0	0	0	0	0	0	0	0	0	0	0	3	0	
2	3	2	0	0	1	0	0	0	1	3	3	0	0	0	0	0	0	0	1	0	0	0	0	0	0	0	2	
1	0	0	2	1	0	2	0	0	1	0	3	0	2	0	2	0	0	0	0	0	0	0	0	0	0	0	0	
0	0	1	1	0	0	2	0	1	1	1	3	0	2	0	2	0	0	0	1	0	0	0	0	0	0	0	0	
1	1	0	1	0	0	0	0	3	1	0	3	0	0	0	0	0	0	0	1	0	0	0	0	0	0	0	2	
1	3	1	1	2	3	1	0	0	0	0	0	0	0	0	0	0	0	0	1	0	0	0	0	0	0	0	2	
0	1	0	1	0	0	2	0	0	1	1	3	0	2	0	0	0	0	0	1	0	0	0	0	0	0	3	1	
1	3	2	1	2	3	2	0	3	0	0	0	0	2	0	1	0	0	0	1	0	0	0	0	0	0	0	2	
1	3	0	1	2	3	0	0	3	2	1	3	0	0	0	2	0	0	0	1	0	0	0	0	0	0	1	2	
1	0	0	2	2	0	2	0	1	1	1	3	0	0	0	0	0	0	0	0	0	0	0	0	0	0	3	0	
1	3	0	1	2	0	0	0	0	0	1	0	0	1	0	2	0	0	0	0	0	0	0	0	0	0	1	0	
0	0	0	2	0	3	2	0	1	1	1	3	0	0	0	2	0	0	0	1	0	0	0	0	0	0	0	2	
0	0	0	0	2	1	2	0	0	1	3	0	0	0	0	0	0	0	0	2	0	0	0	0	0	0	0	0	
1	1	0	1	2	0	2	0	1	1	0	0	0	2	0	2	0	0	0	1	0	0	0	0	0	0	3	0	
--------------------

--------------------
Best Solution Found!
--------------------
Time: 0 hour(s), 0 minute(s), 0 second(s), 5 millisecond(s)

Fitness: 203740

1	3	0	1	2	3	2	0	1	1	1	2	0	2	0	1	0	0	0	2	0	0	0	0	0	0	0	2	
1	3	0	0	2	3	0	0	2	0	0	3	0	2	0	2	0	0	0	3	0	0	0	0	0	0	1	0	
1	3	0	1	2	3	2	0	1	1	0	0	0	2	0	1	0	0	0	1	0	0	0	0	0	0	3	0	
1	0	0	0	0	1	2	0	0	1	0	3	0	1	0	2	0	0	0	1	0	0	0	0	0	0	3	1	
1	0	2	1	0	0	2	0	1	1	0	2	0	0	0	0	0	0	0	1	0	0	0	0	0	0	3	2	
1	0	0	0	0	3	2	0	0	0	0	3	0	2	0	2	0	0	0	0	0	0	0	0	0	0	3	0	
2	3	2	0	1	3	1	0	0	2	1	3	0	0	0	2	0	0	0	0	0	0	0	0	0	0	1	2	
1	3	0	1	2	3	0	0	1	0	1	0	0	1	0	0	0	0	0	0	0	0	0	0	0	0	0	2	
2	3	0	2	2	0	2	0	1	1	0	3	0	0	0	0	0	0	0	1	0	0	0	0	0	0	3	2	
1	0	2	1	0	3	0	0	1	1	0	3	0	2	0	0	0	0	0	2	0	0	0	0	0	0	3	1	
1	3	0	1	2	0	0	0	0	0	1	0	0	0	0	0	0	0	0	0	0	0	0	0	0	0	0	0	
0	0	0	1	0	1	2	0	0	0	3	3	0	2	0	2	0	0	0	0	0	0	0	0	0	0	0	2	
2	3	0	1	2	3	1	0	1	1	0	0	0	2	0	0	0	0	0	1	0	0	0	0	0	0	0	0	
0	0	1	0	0	3	2	0	1	2	1	3	0	2	0	2	0	0	0	0	0	0	0	0	0	0	0	2	
1	0	0	2	1	3	1	0	1	2	1	3	0	2	0	2	0	0	0	1	0	0	0	0	0	0	1	2	
2	0	0	1	0	3	2	0	1	1	0	2	0	0	0	2	0	0	0	0	0	0	0	0	0	0	3	2	
0	0	0	1	0	0	2	0	1	1	0	2	0	0	0	0	0	0	0	0	0	0	0	0	0	0	0	2	
2	3	2	0	0	1	0	0	0	1	3	3	0	0	0	0	0	0	0	1	0	0	0	0	0	0	0	0	
1	0	0	2	1	0	2	0	0	1	0	3	0	2	0	2	0	0	0	0	0	0	0	0	0	0	3	0	
0	0	1	1	0	0	2	0	1	1	1	3	0	2	0	2	0	0	0	1	0	0	0	0	0	0	0	0	
1	1	0	1	0	0	0	0	3	1	0	3	0	0	0	0	0	0	0	1	0	0	0	0	0	0	3	1	
1	3	1	1	2	3	1	0	0	0	0	0	0	0	0	0	0	0	0	1	0	0	0	0	0	0	0	0	
0	1	0	1	0	0	2	0	0	1	1	3	0	2	0	0	0	0	0	1	0	0	0	0	0	0	0	2	
1	3	2	1	2	3	2	0	3	0	0	0	0	2	0	1	0	0	0	1	0	0	0	0	0	0	3	2	
1	3	0	1	2	3	0	0	3	2	1	3	0	0	0	2	0	0	0	1	0	0	0	0	0	0	3	2	
1	0	0	2	2	0	2	0	1	1	1	3	0	0	0	0	0	0	0	0	0	0	0	0	0	0	0	0	
1	3	0	1	2	0	0	0	0	0	1	0	0	1	0	2	0	0	0	0	0	0	0	0	0	0	3	1	
0	0	0	2	0	3	2	0	1	1	1	3	0	0	0	2	0	0	0	1	0	0	0	0	0	0	0	2	
0	0	0	0	2	1	2	0	0	1	3	0	0	0	0	0	0	0	0	2	0	0	0	0	0	0	0	2	
1	1	0	1	2	0	2	0	1	1	0	0	0	2	0	2	0	0	0	1	0	0	0	0	0	0	3	0	
--------------------

--------------------
Best Solution Found!
--------------------
Time: 0 hour(s), 0 minute(s), 0 second(s), 19 millisecond(s)

Fitness: 202749

2	0	0	1	2	3	2	0	1	1	1	2	0	1	0	1	0	0	0	0	0	0	0	0	0	0	0	0	
0	0	0	0	2	3	0	0	2	0	1	3	0	2	0	2	0	0	0	1	0	0	0	0	0	0	0	0	
0	3	0	1	2	0	2	0	1	1	0	0	0	2	0	0	0	0	0	1	0	0	0	0	0	0	1	0	
1	1	0	0	0	0	2	0	0	1	0	3	0	2	0	0	0	0	0	1	0	0	0	0	0	0	3	1	
0	0	2	1	0	3	2	0	1	1	3	2	0	1	0	0	0	0	0	1	0	0	0	0	0	0	3	2	
1	3	0	0	0	3	2	0	0	0	0	3	0	2	0	2	0	0	0	1	0	0	0	0	0	0	3	2	
1	1	2	0	1	1	1	0	0	2	1	3	0	2	0	1	0	0	0	2	0	0	0	0	0	0	3	1	
1	3	0	1	2	3	0	0	1	0	1	0	0	0	0	0	0	0	0	1	0	0	0	0	0	0	0	2	
1	0	0	2	2	3	2	0	1	1	0	3	0	0	0	1	0	0	0	1	0	0	0	0	0	0	0	2	
1	3	2	1	0	0	0	0	1	1	0	3	0	0	0	2	0	0	0	1	0	0	0	0	0	0	0	0	
0	3	0	1	2	0	0	0	0	0	0	0	0	0	0	0	0	0	0	3	0	0	0	0	0	0	0	2	
2	3	0	1	0	0	2	0	0	0	1	3	0	0	0	2	0	0	0	1	0	0	0	0	0	0	3	2	
0	3	0	1	2	3	1	0	1	1	0	0	0	0	0	0	0	0	0	0	0	0	0	0	0	0	1	0	
1	0	1	0	0	3	2	0	1	2	0	3	0	2	0	0	0	0	0	1	0	0	0	0	0	0	3	2	
1	0	0	2	1	1	1	0	1	2	0	3	0	0	0	0	0	0	0	0	0	0	0	0	0	0	3	2	
1	0	0	1	0	3	2	0	1	1	1	2	0	0	0	2	0	0	0	0	0	0	0	0	0	0	3	2	
0	0	0	1	0	3	2	0	1	1	1	2	0	0	0	2	0	0	0	0	0	0	0	0	0	0	0	0	
1	3	2	0	0	0	0	0	0	1	1	3	0	2	0	2	0	0	0	2	0	0	0	0	0	0	3	0	
0	3	0	2	1	3	2	0	0	1	1	3	0	0	0	0	0	0	0	1	0	0	0	0	0	0	3	2	
1	0	1	1	0	3	2	0	1	1	0	3	0	2	0	0	0	0	0	1	0	0	0	0	0	0	3	2	
1	3	0	1	0	3	0	0	3	1	1	3	0	2	0	2	0	0	0	0	0	0	0	0	0	0	0	0	
1	3	1	1	2	0	1	0	0	0	0	0	0	1	0	2	0	0	0	0	0	0	0	0	0	0	0	2	
2	3	0	1	0	3	2	0	0	1	3	3	0	2	0	2	0	0	0	1	0	0	0	0	0	0	1	1	
1	0	2	1	2	3	2	0	3	0	3	0	0	2	0	2	0	0	0	1	0	0	0	0	0	0	0	0	
2	0	0	1	2	0	0	0	3	2	0	3	0	0	0	2	0	0	0	0	0	0	0	0	0	0	0	0	
1	3	0	2	2	1	2	0	1	1	1	3	0	2	0	0	0	0	0	0	0	0	0	0	0	0	3	2	
1	0	0	1	2	0	0	0	0	0	0	0	0	0	0	0	0	0	0	1	0	0	0	0	0	0	3	2	
2	0	0	2	0	0	2	0	1	1	0	3	0	2	0	0	0	0	0	0	0	0	0	0	0	0	0	2	
1	1	0	0	2	0	2	0	0	1	1	0	0	0	0	2	0	0	0	0	0	0	0	0	0	0	0	0	
1	0	0	1	2	1	2	0	1	1	0	0	0	2	0	2	0	0	0	2	0	0	0	0	0	0	0	1	
--------------------

--------------------
Best Solution Found!
--------------------
Time: 0 hour(s), 0 minute(s), 0 second(s), 28 millisecond(s)

Fitness: 202740

1	3	0	1	2	3	2	0	3	1	1	3	0	2	0	2	0	0	0	3	0	0	0	0	0	0	1	2	
1	0	0	1	2	0	0	0	1	2	3	0	0	0	0	1	0	0	0	0	0	0	0	0	0	0	0	0	
1	0	0	1	2	0	2	0	1	1	0	3	0	0	0	0	0	0	0	1	0	0	0	0	0	0	0	0	
1	3	0	0	0	3	2	0	1	0	0	0	0	2	0	2	0	0	0	1	0	0	0	0	0	0	3	1	
2	0	0	1	0	0	2	0	1	1	1	3	0	0	0	2	0	0	0	1	0	0	0	0	0	0	0	2	
2	3	0	0	0	1	2	0	3	0	0	2	0	2	0	0	0	0	0	1	0	0	0	0	0	0	3	0	
1	0	0	2	1	3	1	0	1	1	0	3	0	2	0	2	0	0	0	2	0	0	0	0	0	0	3	2	
2	3	0	0	2	0	0	0	1	0	0	0	0	2	0	2	0	0	0	1	0	0	0	0	0	0	3	2	
1	3	1	2	2	3	2	0	1	1	0	0	0	0	0	0	0	0	0	0	0	0	0	0	0	0	1	2	
1	0	0	1	0	0	0	0	0	0	0	0	0	2	0	1	0	0	0	1	0	0	0	0	0	0	1	1	
1	0	0	1	2	3	0	0	3	1	1	0	0	0	0	2	0	0	0	1	0	0	0	0	0	0	3	0	
1	3	2	1	0	3	2	0	1	1	1	3	0	0	0	0	0	0	0	0	0	0	0	0	0	0	3	2	
1	3	0	1	2	0	1	0	1	0	1	3	0	0	0	0	0	0	0	1	0	0	0	0	0	0	0	0	
0	0	0	1	0	3	2	0	1	1	1	3	0	0	0	2	0	0	0	0	0	0	0	0	0	0	0	2	
0	0	0	1	1	3	1	0	0	0	0	3	0	2	0	0	0	0	0	1	0	0	0	0	0	0	0	2	
1	3	0	1	0	1	2	0	1	1	0	0	0	0	0	0	0	0	0	2	0	0	0	0	0	0	3	2	
0	3	0	0	0	3	2	0	0	0	1	3	0	2	0	2	0	0	0	0	0	0	0	0	0	0	3	2	
1	3	0	2	0	0	0	0	0	2	1	2	0	2	0	0	0	0	0	0	0	0	0	0	0	0	3	0	
1	0	0	2	1	3	2	0	0	2	0	3	0	0	0	2	0	0	0	0	0	0	0	0	0	0	3	0	
1	0	0	0	0	1	2	0	0	1	1	3	0	2	0	2	0	0	0	1	0	0	0	0	0	0	0	0	
0	0	2	1	0	0	0	0	0	1	1	3	0	0	0	2	0	0	0	2	0	0	0	0	0	0	0	1	
1	3	0	1	2	3	1	0	1	2	3	0	0	2	0	0	0	0	0	0	0	0	0	0	0	0	0	0	
0	0	0	1	0	3	2	0	0	1	0	2	0	2	0	2	0	0	0	1	0	0	0	0	0	0	0	2	
1	3	2	1	2	0	2	0	0	1	1	0	0	2	0	0	0	0	0	1	0	0	0	0	0	0	0	2	
2	1	0	1	2	3	0	0	1	1	1	3	0	1	0	0	0	0	0	0	0	0	0	0	0	0	0	2	
1	0	0	0	2	3	2	0	1	0	0	3	0	1	0	2	0	0	0	1	0	0	0	0	0	0	0	0	
0	0	2	1	2	0	0	0	1	1	3	3	0	2	0	0	0	0	0	0	0	0	0	0	0	0	3	1	
2	1	1	2	0	1	2	0	0	1	0	3	0	1	0	2	0	0	0	0	0	0	0	0	0	0	3	2	
0	1	2	1	2	0	2	0	0	1	0	3	0	0	0	0	0	0	0	1	0	0	0	0	0	0	0	2	
1	3	1	0	2	3	2	0	2	1	0	2	0	0	0	1	0	0	0	1	0	0	0	0	0	0	3	0	
--------------------

--------------------
Best Solution Found!
--------------------
Time: 0 hour(s), 0 minute(s), 0 second(s), 30 millisecond(s)

Fitness: 202740

1	3	0	1	2	3	2	0	3	1	1	3	0	2	0	2	0	0	0	3	0	0	0	0	0	0	1	2	
1	0	0	1	2	0	0	0	1	2	3	0	0	0	0	1	0	0	0	0	0	0	0	0	0	0	0	0	
1	0	0	1	2	0	2	0	1	1	0	3	0	0	0	0	0	0	0	1	0	0	0	0	0	0	0	0	
1	3	0	0	0	3	2	0	1	0	0	0	0	2	0	2	0	0	0	1	0	0	0	0	0	0	3	1	
2	0	0	1	0	0	2	0	1	1	1	3	0	0	0	2	0	0	0	1	0	0	0	0	0	0	0	2	
2	3	0	0	0	1	2	0	3	0	0	2	0	2	0	0	0	0	0	1	0	0	0	0	0	0	3	0	
1	0	0	2	1	3	1	0	1	1	0	3	0	2	0	2	0	0	0	2	0	0	0	0	0	0	3	2	
2	3	0	0	2	0	0	0	1	0	0	0	0	2	0	2	0	0	0	1	0	0	0	0	0	0	3	2	
1	3	1	2	2	3	2	0	1	1	0	0	0	0	0	0	0	0	0	0	0	0	0	0	0	0	1	2	
1	0	0	1	0	0	0	0	0	0	0	0	0	2	0	1	0	0	0	1	0	0	0	0	0	0	1	1	
1	0	0	1	2	3	0	0	3	1	1	0	0	0	0	2	0	0	0	1	0	0	0	0	0	0	3	0	
1	3	2	1	0	3	2	0	1	1	1	3	0	0	0	0	0	0	0	0	0	0	0	0	0	0	3	2	
1	3	0	1	2	0	1	0	1	0	1	3	0	0	0	0	0	0	0	1	0	0	0	0	0	0	0	0	
0	0	0	1	0	3	2	0	1	1	1	3	0	0	0	2	0	0	0	0	0	0	0	0	0	0	0	2	
0	0	0	1	1	3	1	0	0	0	0	3	0	2	0	0	0	0	0	1	0	0	0	0	0	0	0	2	
1	3	0	1	0	1	2	0	1	1	0	0	0	0	0	0	0	0	0	2	0	0	0	0	0	0	3	2	
0	3	0	0	0	3	2	0	0	0	1	3	0	2	0	2	0	0	0	0	0	0	0	0	0	0	3	2	
1	3	0	2	0	0	0	0	0	2	1	2	0	2	0	0	0	0	0	0	0	0	0	0	0	0	3	0	
1	0	0	2	1	3	2	0	0	2	0	3	0	0	0	2	0	0	0	0	0	0	0	0	0	0	3	0	
1	0	0	0	0	1	2	0	0	1	1	3	0	2	0	2	0	0	0	1	0	0	0	0	0	0	0	0	
0	0	2	1	0	0	0	0	0	1	1	3	0	0	0	2	0	0	0	2	0	0	0	0	0	0	0	1	
1	3	0	1	2	3	1	0	1	2	3	0	0	2	0	0	0	0	0	0	0	0	0	0	0	0	0	0	
0	0	0	1	0	3	2	0	0	1	0	2	0	2	0	2	0	0	0	1	0	0	0	0	0	0	0	2	
1	3	2	1	2	0	2	0	0	1	1	0	0	2	0	0	0	0	0	1	0	0	0	0	0	0	0	2	
2	1	0	1	2	3	0	0	1	1	1	3	0	1	0	0	0	0	0	0	0	0	0	0	0	0	0	2	
1	0	0	0	2	3	2	0	1	0	0	3	0	1	0	2	0	0	0	1	0	0	0	0	0	0	0	0	
0	0	2	1	2	0	0	0	1	1	3	3	0	2	0	0	0	0	0	0	0	0	0	0	0	0	3	1	
2	1	1	2	0	1	2	0	0	1	0	3	0	1	0	2	0	0	0	0	0	0	0	0	0	0	3	2	
0	1	2	1	2	0	2	0	0	1	0	3	0	0	0	0	0	0	0	1	0	0	0	0	0	0	0	2	
1	3	1	0	2	3	2	0	2	1	0	2	0	0	0	1	0	0	0	1	0	0	0	0	0	0	3	0	
--------------------

--------------------
Best Solution Found!
--------------------
Time: 0 hour(s), 0 minute(s), 0 second(s), 31 millisecond(s)

Fitness: 202740

1	3	0	1	2	3	2	0	3	1	1	3	0	2	0	2	0	0	0	3	0	0	0	0	0	0	1	2	
1	0	0	1	2	0	0	0	1	2	3	0	0	0	0	1	0	0	0	0	0	0	0	0	0	0	0	0	
1	0	0	1	2	0	2	0	1	1	0	3	0	0	0	0	0	0	0	1	0	0	0	0	0	0	0	0	
1	3	0	0	0	3	2	0	1	0	0	0	0	2	0	2	0	0	0	1	0	0	0	0	0	0	3	1	
2	0	0	1	0	0	2	0	1	1	1	3	0	0	0	2	0	0	0	1	0	0	0	0	0	0	0	2	
2	3	0	0	0	1	2	0	3	0	0	2	0	2	0	0	0	0	0	1	0	0	0	0	0	0	3	0	
1	0	0	2	1	3	1	0	1	1	0	3	0	2	0	2	0	0	0	2	0	0	0	0	0	0	3	2	
2	3	0	0	2	0	0	0	1	0	0	0	0	2	0	2	0	0	0	1	0	0	0	0	0	0	3	2	
1	3	1	2	2	3	2	0	1	1	0	0	0	0	0	0	0	0	0	0	0	0	0	0	0	0	1	2	
1	0	0	1	0	0	0	0	0	0	0	0	0	2	0	1	0	0	0	1	0	0	0	0	0	0	1	1	
1	0	0	1	2	3	0	0	3	1	1	0	0	0	0	2	0	0	0	1	0	0	0	0	0	0	3	0	
1	3	2	1	0	3	2	0	1	1	1	3	0	0	0	0	0	0	0	0	0	0	0	0	0	0	3	2	
1	3	0	1	2	0	1	0	1	0	1	3	0	0	0	0	0	0	0	1	0	0	0	0	0	0	0	0	
0	0	0	1	0	3	2	0	1	1	1	3	0	0	0	2	0	0	0	0	0	0	0	0	0	0	0	2	
0	0	0	1	1	3	1	0	0	0	0	3	0	2	0	0	0	0	0	1	0	0	0	0	0	0	0	2	
1	3	0	1	0	1	2	0	1	1	0	0	0	0	0	0	0	0	0	2	0	0	0	0	0	0	3	2	
0	3	0	0	0	3	2	0	0	0	1	3	0	2	0	2	0	0	0	0	0	0	0	0	0	0	3	2	
1	3	0	2	0	0	0	0	0	2	1	2	0	2	0	0	0	0	0	0	0	0	0	0	0	0	3	0	
1	0	0	2	1	3	2	0	0	2	0	3	0	0	0	2	0	0	0	0	0	0	0	0	0	0	3	0	
1	0	0	0	0	1	2	0	0	1	1	3	0	2	0	2	0	0	0	1	0	0	0	0	0	0	0	0	
0	0	2	1	0	0	0	0	0	1	1	3	0	0	0	2	0	0	0	2	0	0	0	0	0	0	0	1	
1	3	0	1	2	3	1	0	1	2	3	0	0	2	0	0	0	0	0	0	0	0	0	0	0	0	0	0	
0	0	0	1	0	3	2	0	0	1	0	2	0	2	0	2	0	0	0	1	0	0	0	0	0	0	0	2	
1	3	2	1	2	0	2	0	0	1	1	0	0	2	0	0	0	0	0	1	0	0	0	0	0	0	0	2	
2	1	0	1	2	3	0	0	1	1	1	3	0	1	0	0	0	0	0	0	0	0	0	0	0	0	0	2	
1	0	0	0	2	3	2	0	1	0	0	3	0	1	0	2	0	0	0	1	0	0	0	0	0	0	0	0	
0	0	2	1	2	0	0	0	1	1	3	3	0	2	0	0	0	0	0	0	0	0	0	0	0	0	3	1	
2	1	1	2	0	1	2	0	0	1	0	3	0	1	0	2	0	0	0	0	0	0	0	0	0	0	3	2	
0	1	2	1	2	0	2	0	0	1	0	3	0	0	0	0	0	0	0	1	0	0	0	0	0	0	0	2	
1	3	1	0	2	3	2	0	2	1	0	2	0	0	0	1	0	0	0	1	0	0	0	0	0	0	3	0	
--------------------

--------------------
Best Solution Found!
--------------------
Time: 0 hour(s), 0 minute(s), 0 second(s), 414 millisecond(s)

Fitness: 199758

1	0	0	1	2	1	2	0	0	1	1	3	0	0	0	0	0	0	0	3	0	0	0	0	0	0	0	2	
1	3	0	1	0	3	2	0	0	1	1	3	0	0	0	2	0	0	0	1	0	0	0	0	0	0	3	0	
2	3	2	2	0	0	2	0	0	1	0	3	0	1	0	0	0	0	0	1	0	0	0	0	0	0	0	1	
1	3	0	1	0	3	2	0	1	0	0	0	0	0	0	0	0	0	0	1	0	0	0	0	0	0	0	2	
0	0	2	1	1	0	0	0	0	1	0	2	0	0	0	1	0	0	0	0	0	0	0	0	0	0	0	1	
2	0	0	2	0	0	0	0	0	1	0	0	0	0	0	2	0	0	0	0	0	0	0	0	0	0	0	0	
1	1	2	1	2	0	0	0	1	1	3	3	0	2	0	2	0	0	0	1	0	0	0	0	0	0	3	2	
0	1	1	0	0	0	1	0	1	0	0	0	0	2	0	2	0	0	0	1	0	0	0	0	0	0	3	2	
0	3	0	0	2	1	2	0	3	1	0	0	0	2	0	1	0	0	0	1	0	0	0	0	0	0	0	2	
0	0	0	1	2	0	0	0	1	1	3	3	0	2	0	0	0	0	0	1	0	0	0	0	0	0	3	2	
1	0	0	1	0	3	1	0	1	2	1	2	0	0	0	2	0	0	0	0	0	0	0	0	0	0	3	2	
1	3	0	1	2	3	2	0	1	1	1	0	0	2	0	0	0	0	0	0	0	0	0	0	0	0	0	0	
1	3	0	1	0	1	0	0	2	1	0	3	0	2	0	0	0	0	0	2	0	0	0	0	0	0	3	1	
1	3	0	0	0	3	2	0	0	1	1	3	0	0	0	0	0	0	0	1	0	0	0	0	0	0	0	2	
1	0	0	1	2	0	0	0	3	0	1	3	0	0	0	0	0	0	0	1	0	0	0	0	0	0	0	0	
1	0	1	2	0	3	2	0	1	2	1	2	0	1	0	1	0	0	0	1	0	0	0	0	0	0	0	0	
1	0	0	1	1	0	2	0	1	1	0	3	0	0	0	2	0	0	0	1	0	0	0	0	0	0	0	0	
2	0	0	0	0	3	2	0	1	0	0	3	0	2	0	2	0	0	0	0	0	0	0	0	0	0	3	2	
0	0	0	1	1	3	2	0	0	1	0	0	0	0	0	2	0	0	0	0	0	0	0	0	0	0	0	0	
0	0	2	0	2	3	1	0	3	1	1	3	0	2	0	2	0	0	0	0	0	0	0	0	0	0	3	2	
1	3	0	1	2	1	2	0	1	1	0	0	0	2	0	2	0	0	0	0	0	0	0	0	0	0	1	0	
1	3	2	1	2	3	2	0	0	0	0	0	0	2	0	0	0	0	0	1	0	0	0	0	0	0	1	1	
1	1	0	0	2	3	2	0	1	2	1	3	0	2	0	2	0	0	0	2	0	0	0	0	0	0	0	2	
2	3	0	2	0	0	0	0	0	0	0	3	0	2	0	0	0	0	0	0	0	0	0	0	0	0	0	2	
1	0	0	1	2	3	2	0	1	2	1	3	0	2	0	0	0	0	0	0	0	0	0	0	0	0	3	2	
0	3	0	1	2	0	2	0	0	0	0	2	0	2	0	0	0	0	0	1	0	0	0	0	0	0	3	2	
1	3	0	1	2	3	2	0	1	1	3	0	0	0	0	2	0	0	0	1	0	0	0	0	0	0	3	0	
1	0	0	0	0	3	1	0	0	0	0	3	0	0	0	0	0	0	0	0	0	0	0	0	0	0	3	0	
2	3	1	1	0	0	0	0	1	1	1	3	0	1	0	2	0	0	0	1	0	0	0	0	0	0	1	0	
1	0	0	2	2	3	2	0	1	1	1	3	0	0	0	2	0	0	0	2	0	0	0	0	0	0	3	2	
--------------------

--------------------
Best Solution Found!
--------------------
Time: 0 hour(s), 0 minute(s), 0 second(s), 804 millisecond(s)

Fitness: 198744

0	3	0	0	1	1	0	0	1	0	1	3	0	1	0	0	0	0	0	1	0	0	0	0	0	0	3	2	
2	0	0	0	2	3	2	0	3	0	1	3	0	2	0	0	0	0	0	1	0	0	0	0	0	0	0	2	
1	3	0	0	2	1	2	0	0	1	1	0	0	2	0	0	0	0	0	0	0	0	0	0	0	0	3	0	
0	3	0	1	2	0	0	0	1	1	0	0	0	0	0	0	0	0	0	0	0	0	0	0	0	0	3	2	
0	0	0	2	0	3	2	0	3	1	1	3	0	2	0	2	0	0	0	1	0	0	0	0	0	0	3	0	
2	0	0	1	2	3	1	0	1	1	0	0	0	0	0	2	0	0	0	1	0	0	0	0	0	0	0	2	
2	0	0	1	2	3	2	0	0	0	1	3	0	2	0	0	0	0	0	0	0	0	0	0	0	0	3	1	
1	3	0	1	2	3	2	0	1	1	1	2	0	1	0	2	0	0	0	2	0	0	0	0	0	0	0	0	
0	0	2	1	0	1	2	0	0	2	0	0	0	0	0	2	0	0	0	2	0	0	0	0	0	0	1	2	
0	3	2	2	0	0	2	0	1	0	0	0	0	0	0	0	0	0	0	1	0	0	0	0	0	0	3	2	
1	1	0	1	2	3	0	0	0	1	1	3	0	2	0	0	0	0	0	2	0	0	0	0	0	0	0	0	
1	0	0	0	0	3	2	0	0	1	0	0	0	2	0	0	0	0	0	0	0	0	0	0	0	0	1	0	
1	3	2	0	2	3	1	0	1	0	3	3	0	2	0	0	0	0	0	1	0	0	0	0	0	0	1	2	
1	1	0	2	1	3	2	0	1	1	1	2	0	0	0	2	0	0	0	1	0	0	0	0	0	0	3	2	
2	0	1	1	1	0	2	0	0	0	1	3	0	0	0	0	0	0	0	1	0	0	0	0	0	0	0	0	
1	3	0	1	2	0	2	0	1	2	0	3	0	2	0	2	0	0	0	3	0	0	0	0	0	0	3	1	
1	0	2	1	0	0	0	0	1	1	0	3	0	0	0	1	0	0	0	0	0	0	0	0	0	0	0	1	
1	3	0	1	0	3	2	0	3	1	0	0	0	1	0	2	0	0	0	0	0	0	0	0	0	0	3	2	
0	0	0	2	0	3	2	0	0	1	3	3	0	0	0	0	0	0	0	0	0	0	0	0	0	0	0	2	
1	0	0	1	2	0	2	0	1	1	0	2	0	2	0	1	0	0	0	0	0	0	0	0	0	0	3	1	
1	0	0	1	0	3	2	0	0	2	1	3	0	2	0	2	0	0	0	1	0	0	0	0	0	0	0	0	
1	3	0	0	0	0	0	0	1	1	0	3	0	2	0	0	0	0	0	1	0	0	0	0	0	0	0	2	
1	3	0	2	2	1	0	0	1	1	3	3	0	0	0	2	0	0	0	0	0	0	0	0	0	0	3	0	
1	0	1	1	2	0	1	0	1	1	1	2	0	2	0	2	0	0	0	1	0	0	0	0	0	0	0	2	
1	3	0	1	2	0	1	0	2	2	0	3	0	0	0	2	0	0	0	1	0	0	0	0	0	0	0	0	
1	3	1	1	2	3	0	0	1	1	0	0	0	2	0	2	0	0	0	1	0	0	0	0	0	0	0	2	
0	1	0	1	0	3	2	0	0	0	0	0	0	0	0	0	0	0	0	1	0	0	0	0	0	0	0	2	
2	0	0	1	0	0	2	0	0	1	1	3	0	2	0	2	0	0	0	1	0	0	0	0	0	0	3	0	
1	0	2	1	0	3	2	0	1	0	0	3	0	0	0	2	0	0	0	0	0	0	0	0	0	0	0	0	
1	3	0	0	0	0	0	0	0	1	0	3	0	0	0	1	0	0	0	0	0	0	0	0	0	0	3	2	
--------------------

--------------------
Best Solution Found!
--------------------
Time: 0 hour(s), 0 minute(s), 3 second(s), 349 millisecond(s)

Fitness: 197752

0	3	0	1	2	0	2	0	2	1	0	3	0	1	0	2	0	0	0	1	0	0	0	0	0	0	3	2	
2	3	0	1	2	3	2	0	0	0	0	3	0	0	0	2	0	0	0	1	0	0	0	0	0	0	1	2	
1	3	1	1	0	3	2	0	1	1	1	2	0	0	0	2	0	0	0	1	0	0	0	0	0	0	3	0	
1	3	0	0	2	0	0	0	0	0	0	3	0	0	0	0	0	0	0	0	0	0	0	0	0	0	3	2	
1	0	0	0	0	1	2	0	0	1	1	3	0	2	0	2	0	0	0	1	0	0	0	0	0	0	3	2	
1	3	0	0	2	1	1	0	0	0	0	3	0	0	0	2	0	0	0	0	0	0	0	0	0	0	0	0	
1	0	0	0	0	0	0	0	0	1	0	0	0	0	0	0	0	0	0	0	0	0	0	0	0	0	0	0	
2	3	1	1	0	0	0	0	1	1	0	3	0	1	0	1	0	0	0	3	0	0	0	0	0	0	3	2	
1	3	0	1	2	0	1	0	1	2	1	3	0	0	0	0	0	0	0	1	0	0	0	0	0	0	3	0	
1	0	0	1	2	3	2	0	1	0	0	3	0	2	0	0	0	0	0	0	0	0	0	0	0	0	3	1	
0	3	2	1	0	3	0	0	1	1	0	0	0	2	0	0	0	0	0	1	0	0	0	0	0	0	1	2	
2	0	0	1	1	0	0	0	0	2	0	3	0	2	0	2	0	0	0	2	0	0	0	0	0	0	0	2	
2	3	0	1	2	1	2	0	0	1	1	3	0	2	0	1	0	0	0	2	0	0	0	0	0	0	0	0	
2	3	2	1	0	3	2	0	1	0	1	0	0	0	0	1	0	0	0	0	0	0	0	0	0	0	0	0	
0	3	0	1	2	0	2	0	1	1	1	3	0	2	0	0	0	0	0	1	0	0	0	0	0	0	0	0	
1	3	0	1	2	0	2	0	1	1	1	3	0	2	0	0	0	0	0	1	0	0	0	0	0	0	0	0	
0	0	2	2	0	0	2	0	1	0	1	2	0	2	0	2	0	0	0	0	0	0	0	0	0	0	3	2	
1	1	0	1	0	3	2	0	0	1	3	3	0	0	0	0	0	0	0	1	0	0	0	0	0	0	0	0	
1	0	0	1	0	3	2	0	1	1	0	0	0	2	0	2	0	0	0	1	0	0	0	0	0	0	3	2	
1	0	0	2	2	3	2	0	0	2	1	0	0	2	0	2	0	0	0	0	0	0	0	0	0	0	0	1	
1	3	0	2	2	0	0	0	3	2	0	2	0	0	0	0	0	0	0	2	0	0	0	0	0	0	0	2	
1	1	0	0	0	3	0	0	1	1	0	0	0	0	0	2	0	0	0	0	0	0	0	0	0	0	1	2	
1	0	1	1	1	3	0	0	1	1	1	3	0	0	0	2	0	0	0	1	0	0	0	0	0	0	0	2	
1	0	2	0	1	3	2	0	0	1	3	0	0	2	0	0	0	0	0	1	0	0	0	0	0	0	3	1	
0	0	0	0	2	3	1	0	3	1	1	0	0	1	0	0	0	0	0	1	0	0	0	0	0	0	3	1	
1	1	0	2	2	3	1	0	3	0	0	2	0	2	0	2	0	0	0	0	0	0	0	0	0	0	0	0	
1	0	2	2	0	3	2	0	1	1	0	0	0	2	0	0	0	0	0	1	0	0	0	0	0	0	3	0	
1	0	0	1	0	1	2	0	1	1	3	3	0	0	0	2	0	0	0	0	0	0	0	0	0	0	0	2	
0	0	0	1	0	0	2	0	0	1	1	3	0	2	0	2	0	0	0	0	0	0	0	0	0	0	0	2	
0	0	0	1	2	3	2	0	1	0	0	3	0	0	0	0	0	0	0	1	0	0	0	0	0	0	3	2	
--------------------

--------------------
Best Solution Found!
--------------------
Time: 0 hour(s), 0 minute(s), 4 second(s), 670 millisecond(s)

Fitness: 197734

2	3	0	1	0	0	2	0	0	0	0	3	0	0	0	0	0	0	0	1	0	0	0	0	0	0	0	0	
2	3	0	1	2	3	2	0	1	1	0	3	0	0	0	2	0	0	0	0	0	0	0	0	0	0	1	1	
0	0	2	2	0	0	2	0	3	0	0	0	0	0	0	0	0	0	0	1	0	0	0	0	0	0	3	2	
1	0	2	2	0	1	1	0	1	1	1	0	0	2	0	0	0	0	0	1	0	0	0	0	0	0	3	2	
1	1	0	1	1	0	0	0	2	1	1	3	0	1	0	2	0	0	0	1	0	0	0	0	0	0	0	0	
1	0	0	1	1	1	0	0	0	1	3	3	0	0	0	2	0	0	0	1	0	0	0	0	0	0	3	2	
1	3	1	0	2	3	2	0	3	1	0	0	0	2	0	0	0	0	0	0	0	0	0	0	0	0	0	2	
1	0	0	0	0	3	2	0	1	0	0	0	0	0	0	2	0	0	0	0	0	0	0	0	0	0	0	1	
0	3	0	1	2	3	2	0	1	1	1	3	0	2	0	1	0	0	0	0	0	0	0	0	0	0	3	2	
2	3	0	0	2	3	2	0	1	2	1	0	0	2	0	0	0	0	0	0	0	0	0	0	0	0	3	1	
0	0	0	1	0	3	2	0	1	1	0	2	0	0	0	2	0	0	0	2	0	0	0	0	0	0	3	0	
0	3	0	0	0	3	2	0	0	0	1	2	0	0	0	2	0	0	0	1	0	0	0	0	0	0	3	2	
2	0	0	1	1	3	2	0	1	1	0	3	0	2	0	0	0	0	0	3	0	0	0	0	0	0	3	0	
1	0	0	1	2	3	0	0	1	1	1	3	0	2	0	1	0	0	0	1	0	0	0	0	0	0	3	2	
1	1	2	0	0	0	2	0	1	0	0	3	0	0	0	2	0	0	0	1	0	0	0	0	0	0	0	2	
0	3	1	1	2	0	1	0	0	1	3	0	0	0	0	2	0	0	0	1	0	0	0	0	0	0	0	0	
0	0	0	1	2	0	1	0	0	1	1	3	0	1	0	0	0	0	0	1	0	0	0	0	0	0	0	0	
0	1	0	1	2	1	0	0	0	1	0	3	0	2	0	0	0	0	0	0	0	0	0	0	0	0	3	0	
1	3	0	1	2	3	0	0	1	1	1	3	0	2	0	0	0	0	0	2	0	0	0	0	0	0	3	2	
1	3	0	1	2	0	2	0	1	1	1	3	0	2	0	0	0	0	0	1	0	0	0	0	0	0	0	0	
2	0	0	0	0	0	1	0	1	0	1	3	0	0	0	2	0	0	0	0	0	0	0	0	0	0	3	2	
1	0	0	0	0	0	0	0	1	0	0	3	0	2	0	2	0	0	0	1	0	0	0	0	0	0	1	2	
1	3	0	2	2	1	2	0	0	1	3	2	0	2	0	1	0	0	0	0	0	0	0	0	0	0	3	2	
1	0	0	2	0	3	2	0	0	1	0	0	0	0	0	2	0	0	0	1	0	0	0	0	0	0	0	2	
1	3	0	1	2	3	2	0	3	2	0	3	0	2	0	2	0	0	0	0	0	0	0	0	0	0	1	1	
1	3	0	1	2	0	0	0	1	2	0	2	0	1	0	0	0	0	0	0	0	0	0	0	0	0	0	0	
1	0	2	2	0	3	2	0	0	0	0	3	0	0	0	2	0	0	0	1	0	0	0	0	0	0	0	0	
1	0	1	1	0	3	2	0	1	1	1	3	0	0	0	0	0	0	0	0	0	0	0	0	0	0	0	0	
1	0	0	1	2	3	2	0	0	1	0	0	0	2	0	2	0	0	0	2	0	0	0	0	0	0	0	2	
1	3	2	1	0	0	0	0	0	2	1	0	0	2	0	0	0	0	0	1	0	0	0	0	0	0	0	2	
--------------------

--------------------
Best Solution Found!
--------------------
Time: 0 hour(s), 0 minute(s), 6 second(s), 193 millisecond(s)

Fitness: 193746

1	0	1	1	2	0	2	0	0	1	0	3	0	0	0	0	0	0	0	1	0	0	0	0	0	0	0	0	
0	3	0	1	2	3	2	0	1	1	0	0	0	0	0	2	0	0	0	1	0	0	0	0	0	0	0	2	
1	3	2	1	2	3	2	0	1	2	1	0	0	0	0	2	0	0	0	1	0	0	0	0	0	0	1	2	
0	0	0	0	2	3	0	0	1	2	1	3	0	0	0	0	0	0	0	1	0	0	0	0	0	0	3	0	
0	0	0	0	2	1	0	0	0	1	1	0	0	2	0	0	0	0	0	1	0	0	0	0	0	0	0	0	
0	3	2	1	0	3	2	0	1	2	0	0	0	2	0	2	0	0	0	1	0	0	0	0	0	0	3	0	
0	0	0	1	2	0	2	0	1	1	1	2	0	2	0	0	0	0	0	0	0	0	0	0	0	0	0	2	
0	3	0	0	0	0	2	0	1	1	0	0	0	2	0	0	0	0	0	1	0	0	0	0	0	0	0	2	
2	1	0	1	0	3	1	0	2	1	3	3	0	0	0	0	0	0	0	1	0	0	0	0	0	0	0	0	
1	3	0	2	2	3	1	0	0	0	3	3	0	2	0	2	0	0	0	1	0	0	0	0	0	0	0	2	
1	3	0	0	0	0	0	0	1	1	1	3	0	0	0	1	0	0	0	0	0	0	0	0	0	0	3	2	
1	0	0	2	1	3	2	0	0	0	1	3	0	0	0	0	0	0	0	2	0	0	0	0	0	0	0	0	
0	0	0	0	2	3	0	0	3	1	0	2	0	2	0	0	0	0	0	2	0	0	0	0	0	0	0	2	
1	0	0	1	0	3	1	0	1	0	1	2	0	0	0	2	0	0	0	0	0	0	0	0	0	0	3	0	
1	3	0	0	0	1	2	0	1	1	1	3	0	1	0	0	0	0	0	1	0	0	0	0	0	0	1	2	
1	1	0	1	2	3	2	0	0	1	0	0	0	0	0	2	0	0	0	1	0	0	0	0	0	0	0	1	
1	3	2	0	0	0	2	0	1	1	1	0	0	0	0	2	0	0	0	0	0	0	0	0	0	0	0	0	
1	0	0	1	2	0	2	0	3	1	0	0	0	2	0	1	0	0	0	2	0	0	0	0	0	0	3	2	
1	0	0	2	0	3	2	0	0	0	0	2	0	2	0	2	0	0	0	0	0	0	0	0	0	0	0	2	
1	1	2	1	0	0	2	0	0	1	1	3	0	1	0	0	0	0	0	1	0	0	0	0	0	0	0	0	
2	0	0	1	1	3	1	0	1	1	0	0	0	2	0	0	0	0	0	1	0	0	0	0	0	0	1	2	
1	3	1	1	2	3	0	0	1	1	0	3	0	0	0	2	0	0	0	0	0	0	0	0	0	0	0	0	
1	3	0	1	1	3	2	0	1	2	0	3	0	0	0	1	0	0	0	0	0	0	0	0	0	0	3	2	
2	3	2	1	2	0	0	0	0	0	1	3	0	2	0	2	0	0	0	3	0	0	0	0	0	0	3	1	
2	0	0	1	2	1	2	0	3	1	1	3	0	2	0	2	0	0	0	1	0	0	0	0	0	0	3	2	
1	0	0	2	0	0	0	0	1	1	0	3	0	2	0	2	0	0	0	0	0	0	0	0	0	0	3	2	
1	3	0	1	0	1	2	0	1	1	3	3	0	2	0	0	0	0	0	0	0	0	0	0	0	0	3	0	
1	0	1	2	0	0	0	0	0	0	0	3	0	2	0	0	0	0	0	1	0	0	0	0	0	0	3	2	
1	0	0	1	0	3	2	0	0	0	0	3	0	1	0	2	0	0	0	0	0	0	0	0	0	0	3	1	
2	3	0	1	2	0	2	0	0	0	0	3	0	0	0	2	0	0	0	0	0	0	0	0	0	0	3	1	
--------------------

--------------------
Best Solution Found!
--------------------
Time: 0 hour(s), 0 minute(s), 11 second(s), 612 millisecond(s)

Fitness: 192756

2	0	0	0	0	0	1	0	0	1	1	3	0	0	0	0	0	0	0	0	0	0	0	0	0	0	0	0	
1	0	0	2	0	3	1	0	1	0	0	3	0	0	0	2	0	0	0	1	0	0	0	0	0	0	3	0	
2	3	0	1	0	1	0	0	1	1	1	3	0	2	0	1	0	0	0	1	0	0	0	0	0	0	3	2	
1	1	0	2	1	3	2	0	3	0	1	2	0	2	0	2	0	0	0	0	0	0	0	0	0	0	0	0	
0	0	0	1	2	3	2	0	1	1	0	3	0	2	0	2	0	0	0	1	0	0	0	0	0	0	1	2	
1	3	0	2	0	0	1	0	1	1	0	3	0	1	0	2	0	0	0	1	0	0	0	0	0	0	3	2	
1	0	0	1	0	0	1	0	0	1	1	0	0	2	0	2	0	0	0	0	0	0	0	0	0	0	3	2	
0	0	0	2	2	0	0	0	0	2	1	3	0	0	0	2	0	0	0	0	0	0	0	0	0	0	0	0	
1	0	0	1	2	0	2	0	3	1	1	0	0	2	0	0	0	0	0	1	0	0	0	0	0	0	3	2	
1	0	2	1	0	3	2	0	1	2	3	3	0	0	0	0	0	0	0	2	0	0	0	0	0	0	3	2	
1	3	0	1	1	3	2	0	0	0	1	2	0	0	0	2	0	0	0	1	0	0	0	0	0	0	3	2	
1	0	0	1	2	0	2	0	3	1	0	0	0	0	0	2	0	0	0	1	0	0	0	0	0	0	0	1	
1	3	0	0	0	3	2	0	1	1	0	0	0	0	0	0	0	0	0	1	0	0	0	0	0	0	3	2	
0	0	0	1	0	0	0	0	0	1	3	3	0	2	0	2	0	0	0	0	0	0	0	0	0	0	0	0	
0	0	0	1	2	3	2	0	1	1	1	3	0	2	0	0	0	0	0	0	0	0	0	0	0	0	0	2	
1	3	0	0	2	0	2	0	0	0	0	0	0	0	0	0	0	0	0	3	0	0	0	0	0	0	1	0	
1	0	0	1	0	3	2	0	1	1	0	3	0	2	0	0	0	0	0	1	0	0	0	0	0	0	0	0	
1	0	1	0	1	3	0	0	2	0	0	0	0	2	0	1	0	0	0	0	0	0	0	0	0	0	0	0	
0	1	1	1	0	1	2	0	1	1	0	2	0	0	0	0	0	0	0	1	0	0	0	0	0	0	3	0	
0	3	2	1	2	0	0	0	0	1	1	3	0	0	0	2	0	0	0	1	0	0	0	0	0	0	3	2	
1	3	2	0	2	1	2	0	1	1	0	3	0	2	0	2	0	0	0	2	0	0	0	0	0	0	0	2	
2	3	0	0	2	0	0	0	0	0	3	3	0	2	0	0	0	0	0	0	0	0	0	0	0	0	0	1	
1	3	0	1	0	3	2	0	1	1	0	2	0	1	0	0	0	0	0	2	0	0	0	0	0	0	3	2	
1	0	0	1	2	3	2	0	1	1	0	3	0	0	0	2	0	0	0	1	0	0	0	0	0	0	0	2	
1	3	0	1	0	0	0	0	0	2	1	0	0	2	0	2	0	0	0	1	0	0	0	0	0	0	3	2	
0	0	0	1	2	3	2	0	1	2	1	3	0	2	0	0	0	0	0	1	0	0	0	0	0	0	1	1	
2	3	2	0	2	1	2	0	1	1	0	3	0	0	0	1	0	0	0	0	0	0	0	0	0	0	0	2	
2	3	0	1	2	3	2	0	0	0	0	0	0	2	0	0	0	0	0	0	0	0	0	0	0	0	3	1	
1	3	1	1	0	3	0	0	0	0	0	0	0	0	0	0	0	0	0	1	0	0	0	0	0	0	0	0	
1	1	2	2	2	3	2	0	1	1	1	3	0	1	0	2	0	0	0	0	0	0	0	0	0	0	0	0	
--------------------

--------------------
Best Solution Found!
--------------------
Time: 0 hour(s), 0 minute(s), 11 second(s), 613 millisecond(s)

Fitness: 192756

2	0	0	0	0	0	1	0	0	1	1	3	0	0	0	0	0	0	0	0	0	0	0	0	0	0	0	0	
1	0	0	2	0	3	1	0	1	0	0	3	0	0	0	2	0	0	0	1	0	0	0	0	0	0	3	0	
2	3	0	1	0	1	0	0	1	1	1	3	0	2	0	1	0	0	0	1	0	0	0	0	0	0	3	2	
1	1	0	2	1	3	2	0	3	0	1	2	0	2	0	2	0	0	0	0	0	0	0	0	0	0	0	0	
0	0	0	1	2	3	2	0	1	1	0	3	0	2	0	2	0	0	0	1	0	0	0	0	0	0	1	2	
1	3	0	2	0	0	1	0	1	1	0	3	0	1	0	2	0	0	0	1	0	0	0	0	0	0	3	2	
1	0	0	1	0	0	1	0	0	1	1	0	0	2	0	2	0	0	0	0	0	0	0	0	0	0	3	2	
0	0	0	2	2	0	0	0	0	2	1	3	0	0	0	2	0	0	0	0	0	0	0	0	0	0	0	0	
1	0	0	1	2	0	2	0	3	1	1	0	0	2	0	0	0	0	0	1	0	0	0	0	0	0	3	2	
1	0	2	1	0	3	2	0	1	2	3	3	0	0	0	0	0	0	0	2	0	0	0	0	0	0	3	2	
1	3	0	1	1	3	2	0	0	0	1	2	0	0	0	2	0	0	0	1	0	0	0	0	0	0	3	2	
1	0	0	1	2	0	2	0	3	1	0	0	0	0	0	2	0	0	0	1	0	0	0	0	0	0	0	1	
1	3	0	0	0	3	2	0	1	1	0	0	0	0	0	0	0	0	0	1	0	0	0	0	0	0	3	2	
0	0	0	1	0	0	0	0	0	1	3	3	0	2	0	2	0	0	0	0	0	0	0	0	0	0	0	0	
0	0	0	1	2	3	2	0	1	1	1	3	0	2	0	0	0	0	0	0	0	0	0	0	0	0	0	2	
1	3	0	0	2	0	2	0	0	0	0	0	0	0	0	0	0	0	0	3	0	0	0	0	0	0	1	0	
1	0	0	1	0	3	2	0	1	1	0	3	0	2	0	0	0	0	0	1	0	0	0	0	0	0	0	0	
1	0	1	0	1	3	0	0	2	0	0	0	0	2	0	1	0	0	0	0	0	0	0	0	0	0	0	0	
0	1	1	1	0	1	2	0	1	1	0	2	0	0	0	0	0	0	0	1	0	0	0	0	0	0	3	0	
0	3	2	1	2	0	0	0	0	1	1	3	0	0	0	2	0	0	0	1	0	0	0	0	0	0	3	2	
1	3	2	0	2	1	2	0	1	1	0	3	0	2	0	2	0	0	0	2	0	0	0	0	0	0	0	2	
2	3	0	0	2	0	0	0	0	0	3	3	0	2	0	0	0	0	0	0	0	0	0	0	0	0	0	1	
1	3	0	1	0	3	2	0	1	1	0	2	0	1	0	0	0	0	0	2	0	0	0	0	0	0	3	2	
1	0	0	1	2	3	2	0	1	1	0	3	0	0	0	2	0	0	0	1	0	0	0	0	0	0	0	2	
1	3	0	1	0	0	0	0	0	2	1	0	0	2	0	2	0	0	0	1	0	0	0	0	0	0	3	2	
0	0	0	1	2	3	2	0	1	2	1	3	0	2	0	0	0	0	0	1	0	0	0	0	0	0	1	1	
2	3	2	0	2	1	2	0	1	1	0	3	0	0	0	1	0	0	0	0	0	0	0	0	0	0	0	2	
2	3	0	1	2	3	2	0	0	0	0	0	0	2	0	0	0	0	0	0	0	0	0	0	0	0	3	1	
1	3	1	1	0	3	0	0	0	0	0	0	0	0	0	0	0	0	0	1	0	0	0	0	0	0	0	0	
1	1	2	2	2	3	2	0	1	1	1	3	0	1	0	2	0	0	0	0	0	0	0	0	0	0	0	0	
--------------------

--------------------
Best Solution Found!
--------------------
Time: 0 hour(s), 0 minute(s), 11 second(s), 615 millisecond(s)

Fitness: 192756

2	0	0	0	0	0	1	0	0	1	1	3	0	0	0	0	0	0	0	0	0	0	0	0	0	0	0	0	
1	0	0	2	0	3	1	0	1	0	0	3	0	0	0	2	0	0	0	1	0	0	0	0	0	0	3	0	
2	3	0	1	0	1	0	0	1	1	1	3	0	2	0	1	0	0	0	1	0	0	0	0	0	0	3	2	
1	1	0	2	1	3	2	0	3	0	1	2	0	2	0	2	0	0	0	0	0	0	0	0	0	0	0	0	
0	0	0	1	2	3	2	0	1	1	0	3	0	2	0	2	0	0	0	1	0	0	0	0	0	0	1	2	
1	3	0	2	0	0	1	0	1	1	0	3	0	1	0	2	0	0	0	1	0	0	0	0	0	0	3	2	
1	0	0	1	0	0	1	0	0	1	1	0	0	2	0	2	0	0	0	0	0	0	0	0	0	0	3	2	
0	0	0	2	2	0	0	0	0	2	1	3	0	0	0	2	0	0	0	0	0	0	0	0	0	0	0	0	
1	0	0	1	2	0	2	0	3	1	1	0	0	2	0	0	0	0	0	1	0	0	0	0	0	0	3	2	
1	0	2	1	0	3	2	0	1	2	3	3	0	0	0	0	0	0	0	2	0	0	0	0	0	0	3	2	
1	3	0	1	1	3	2	0	0	0	1	2	0	0	0	2	0	0	0	1	0	0	0	0	0	0	3	2	
1	0	0	1	2	0	2	0	3	1	0	0	0	0	0	2	0	0	0	1	0	0	0	0	0	0	0	1	
1	3	0	0	0	3	2	0	1	1	0	0	0	0	0	0	0	0	0	1	0	0	0	0	0	0	3	2	
0	0	0	1	0	0	0	0	0	1	3	3	0	2	0	2	0	0	0	0	0	0	0	0	0	0	0	0	
0	0	0	1	2	3	2	0	1	1	1	3	0	2	0	0	0	0	0	0	0	0	0	0	0	0	0	2	
1	3	0	0	2	0	2	0	0	0	0	0	0	0	0	0	0	0	0	3	0	0	0	0	0	0	1	0	
1	0	0	1	0	3	2	0	1	1	0	3	0	2	0	0	0	0	0	1	0	0	0	0	0	0	0	0	
1	0	1	0	1	3	0	0	2	0	0	0	0	2	0	1	0	0	0	0	0	0	0	0	0	0	0	0	
0	1	1	1	0	1	2	0	1	1	0	2	0	0	0	0	0	0	0	1	0	0	0	0	0	0	3	0	
0	3	2	1	2	0	0	0	0	1	1	3	0	0	0	2	0	0	0	1	0	0	0	0	0	0	3	2	
1	3	2	0	2	1	2	0	1	1	0	3	0	2	0	2	0	0	0	2	0	0	0	0	0	0	0	2	
2	3	0	0	2	0	0	0	0	0	3	3	0	2	0	0	0	0	0	0	0	0	0	0	0	0	0	1	
1	3	0	1	0	3	2	0	1	1	0	2	0	1	0	0	0	0	0	2	0	0	0	0	0	0	3	2	
1	0	0	1	2	3	2	0	1	1	0	3	0	0	0	2	0	0	0	1	0	0	0	0	0	0	0	2	
1	3	0	1	0	0	0	0	0	2	1	0	0	2	0	2	0	0	0	1	0	0	0	0	0	0	3	2	
0	0	0	1	2	3	2	0	1	2	1	3	0	2	0	0	0	0	0	1	0	0	0	0	0	0	1	1	
2	3	2	0	2	1	2	0	1	1	0	3	0	0	0	1	0	0	0	0	0	0	0	0	0	0	0	2	
2	3	0	1	2	3	2	0	0	0	0	0	0	2	0	0	0	0	0	0	0	0	0	0	0	0	3	1	
1	3	1	1	0	3	0	0	0	0	0	0	0	0	0	0	0	0	0	1	0	0	0	0	0	0	0	0	
1	1	2	2	2	3	2	0	1	1	1	3	0	1	0	2	0	0	0	0	0	0	0	0	0	0	0	0	
--------------------

--------------------
Best Solution Found!
--------------------
Time: 0 hour(s), 0 minute(s), 33 second(s), 720 millisecond(s)

Fitness: 191744

0	3	2	1	0	3	2	0	1	1	0	0	0	0	0	2	0	0	0	1	0	0	0	0	0	0	0	0	
1	1	0	0	0	0	2	0	2	0	3	3	0	0	0	0	0	0	0	2	0	0	0	0	0	0	0	0	
0	0	0	1	1	3	1	0	3	1	1	3	0	0	0	2	0	0	0	0	0	0	0	0	0	0	3	2	
2	0	0	2	2	3	2	0	0	1	3	3	0	2	0	2	0	0	0	1	0	0	0	0	0	0	3	2	
1	3	0	1	1	0	0	0	1	1	1	2	0	0	0	2	0	0	0	1	0	0	0	0	0	0	3	0	
1	3	0	1	2	3	0	0	1	1	1	3	0	2	0	0	0	0	0	1	0	0	0	0	0	0	0	2	
1	0	0	1	2	3	0	0	0	1	0	0	0	1	0	0	0	0	0	1	0	0	0	0	0	0	0	2	
0	3	0	0	2	0	0	0	0	2	1	0	0	2	0	2	0	0	0	0	0	0	0	0	0	0	0	0	
1	0	0	2	2	0	1	0	1	1	0	0	0	0	0	0	0	0	0	0	0	0	0	0	0	0	3	1	
1	3	0	1	2	1	2	0	0	2	0	3	0	2	0	0	0	0	0	1	0	0	0	0	0	0	3	2	
1	0	2	0	0	1	1	0	1	1	0	0	0	2	0	0	0	0	0	1	0	0	0	0	0	0	0	0	
1	3	0	2	0	3	1	0	1	1	0	0	0	0	0	2	0	0	0	1	0	0	0	0	0	0	0	0	
2	0	0	1	0	3	2	0	1	1	1	2	0	2	0	0	0	0	0	1	0	0	0	0	0	0	0	2	
0	3	2	1	0	0	2	0	0	0	0	3	0	0	0	2	0	0	0	0	0	0	0	0	0	0	0	2	
1	0	1	1	1	3	2	0	1	1	1	0	0	2	0	0	0	0	0	0	0	0	0	0	0	0	0	2	
1	0	0	2	2	0	2	0	3	2	0	2	0	2	0	2	0	0	0	1	0	0	0	0	0	0	3	2	
1	3	0	0	0	0	0	0	3	1	1	3	0	0	0	0	0	0	0	0	0	0	0	0	0	0	0	0	
2	0	1	1	2	3	2	0	1	0	1	3	0	2	0	1	0	0	0	1	0	0	0	0	0	0	0	0	
1	3	0	1	2	3	0	0	0	0	3	3	0	1	0	2	0	0	0	1	0	0	0	0	0	0	1	1	
0	0	0	1	2	0	2	0	0	0	0	0	0	0	0	2	0	0	0	0	0	0	0	0	0	0	3	0	
1	0	2	1	0	3	0	0	1	1	0	3	0	0	0	1	0	0	0	0	0	0	0	0	0	0	3	2	
2	0	0	1	2	1	2	0	0	2	1	3	0	2	0	2	0	0	0	3	0	0	0	0	0	0	0	0	
2	3	1	1	0	0	2	0	0	0	0	2	0	0	0	1	0	0	0	0	0	0	0	0	0	0	3	2	
0	3	2	1	0	0	2	0	1	1	0	3	0	2	0	0	0	0	0	0	0	0	0	0	0	0	1	1	
0	0	0	1	2	3	0	0	1	1	0	3	0	2	0	2	0	0	0	1	0	0	0	0	0	0	3	2	
1	3	0	0	0	3	2	0	1	1	1	3	0	0	0	2	0	0	0	2	0	0	0	0	0	0	3	2	
1	0	0	0	2	0	2	0	0	1	1	3	0	1	0	0	0	0	0	1	0	0	0	0	0	0	3	2	
1	3	0	1	2	1	2	0	1	0	0	0	0	2	0	0	0	0	0	2	0	0	0	0	0	0	3	1	
1	1	0	2	0	3	2	0	1	1	0	3	0	0	0	0	0	0	0	1	0	0	0	0	0	0	1	2	
1	1	0	0	0	3	2	0	0	0	1	3	0	2	0	2	0	0	0	0	0	0	0	0	0	0	0	0	
--------------------

--------------------
Best Solution Found!
--------------------
Time: 0 hour(s), 0 minute(s), 37 second(s), 585 millisecond(s)

Fitness: 191725

2	3	1	1	0	3	2	0	0	1	1	3	0	2	0	0	0	0	0	1	0	0	0	0	0	0	1	1	
0	0	0	2	0	0	2	0	1	1	3	3	0	0	0	0	0	0	0	1	0	0	0	0	0	0	3	2	
1	3	0	1	2	3	0	0	1	1	0	3	0	2	0	2	0	0	0	1	0	0	0	0	0	0	3	2	
0	1	0	1	2	0	2	0	0	1	1	2	0	0	0	2	0	0	0	0	0	0	0	0	0	0	0	0	
0	0	0	2	2	3	2	0	1	1	1	3	0	2	0	2	0	0	0	1	0	0	0	0	0	0	1	2	
1	0	0	1	2	0	2	0	3	2	0	3	0	0	0	2	0	0	0	0	0	0	0	0	0	0	3	2	
0	0	2	1	0	3	1	0	0	0	1	3	0	0	0	2	0	0	0	0	0	0	0	0	0	0	3	2	
1	3	1	0	1	3	2	0	1	1	1	3	0	0	0	1	0	0	0	0	0	0	0	0	0	0	3	1	
0	1	2	1	2	0	0	0	1	1	1	0	0	0	0	2	0	0	0	1	0	0	0	0	0	0	0	0	
2	0	2	1	2	3	0	0	0	2	1	0	0	0	0	0	0	0	0	2	0	0	0	0	0	0	0	0	
1	0	0	2	0	3	0	0	1	1	0	2	0	2	0	2	0	0	0	2	0	0	0	0	0	0	3	2	
1	3	0	1	2	3	2	0	1	2	0	0	0	0	0	2	0	0	0	0	0	0	0	0	0	0	0	2	
1	3	0	2	0	3	2	0	1	2	0	0	0	0	0	0	0	0	0	0	0	0	0	0	0	0	3	0	
1	0	0	1	1	3	2	0	1	1	3	3	0	0	0	2	0	0	0	2	0	0	0	0	0	0	0	0	
1	1	0	1	0	0	2	0	1	0	0	0	0	2	0	0	0	0	0	1	0	0	0	0	0	0	3	2	
0	3	0	1	0	1	2	0	1	0	0	3	0	2	0	2	0	0	0	1	0	0	0	0	0	0	0	0	
1	0	0	0	2	3	2	0	0	1	1	3	0	0	0	0	0	0	0	1	0	0	0	0	0	0	3	0	
2	3	0	2	0	1	1	0	2	0	0	0	0	1	0	0	0	0	0	1	0	0	0	0	0	0	0	1	
1	0	0	1	2	3	2	0	3	1	1	2	0	0	0	2	0	0	0	1	0	0	0	0	0	0	3	2	
1	3	0	0	0	1	1	0	0	0	0	3	0	2	0	1	0	0	0	0	0	0	0	0	0	0	1	2	
1	3	0	0	1	0	0	0	0	1	1	3	0	2	0	2	0	0	0	1	0	0	0	0	0	0	0	0	
1	3	2	1	0	0	1	0	0	1	1	3	0	2	0	2	0	0	0	1	0	0	0	0	0	0	3	2	
1	0	0	1	0	3	2	0	1	1	0	3	0	2	0	0	0	0	0	0	0	0	0	0	0	0	3	2	
1	3	2	1	0	3	2	0	0	0	0	3	0	2	0	0	0	0	0	1	0	0	0	0	0	0	0	2	
1	0	1	1	2	1	0	0	1	0	0	2	0	2	0	1	0	0	0	1	0	0	0	0	0	0	0	2	
1	3	0	0	2	3	2	0	1	1	3	3	0	0	0	0	0	0	0	0	0	0	0	0	0	0	0	0	
1	0	0	0	2	0	0	0	3	1	0	0	0	2	0	0	0	0	0	0	0	0	0	0	0	0	3	2	
2	3	0	1	2	0	2	0	0	0	1	3	0	1	0	2	0	0	0	0	0	0	0	0	0	0	0	0	
2	0	0	0	0	0	2	0	1	1	0	0	0	1	0	0	0	0	0	3	0	0	0	0	0	0	0	1	
0	0	0	1	2	0	0	0	0	1	0	0	0	2	0	0	0	0	0	1	0	0	0	0	0	0	0	0	
--------------------
---------------------
Best Solution Found!
--------------------
Time: 0 hour(s), 5 minute(s), 23 second(s), 109 millisecond(s)

Fitness: 189735

1	0	0	1	1	3	2	0	1	2	1	0	0	1	0	0	0	0	0	0	0	0	0	0	0	0	0	2	
1	0	0	0	0	0	1	0	0	0	0	3	0	2	0	2	0	0	0	2	0	0	0	0	0	0	0	0	
1	0	1	1	2	0	0	0	1	1	0	0	0	2	0	0	0	0	0	0	0	0	0	0	0	0	0	1	
1	0	0	1	2	0	2	0	1	2	0	0	0	0	0	0	0	0	0	1	0	0	0	0	0	0	0	2	
1	3	0	1	2	3	2	0	0	0	0	0	0	2	0	0	0	0	0	1	0	0	0	0	0	0	3	0	
1	0	0	0	2	3	1	0	0	1	0	2	0	2	0	0	0	0	0	0	0	0	0	0	0	0	0	0	
0	0	1	1	0	3	2	0	1	0	0	3	0	0	0	1	0	0	0	1	0	0	0	0	0	0	3	2	
1	1	0	0	0	0	1	0	1	1	1	3	0	0	0	0	0	0	0	1	0	0	0	0	0	0	3	0	
0	3	2	2	2	3	2	0	1	1	0	3	0	0	0	1	0	0	0	1	0	0	0	0	0	0	3	2	
0	0	0	1	0	1	0	0	3	1	1	3	0	2	0	2	0	0	0	0	0	0	0	0	0	0	0	0	
2	1	0	1	2	3	2	0	2	1	1	0	0	0	0	0	0	0	0	1	0	0	0	0	0	0	1	2	
1	3	0	1	0	0	0	0	1	1	0	2	0	2	0	2	0	0	0	1	0	0	0	0	0	0	3	1	
1	0	0	0	1	3	0	0	1	1	0	3	0	0	0	2	0	0	0	1	0	0	0	0	0	0	0	2	
0	0	2	1	2	0	2	0	0	1	0	3	0	0	0	2	0	0	0	0	0	0	0	0	0	0	3	2	
1	0	1	1	2	0	2	0	0	0	0	0	0	0	0	2	0	0	0	0	0	0	0	0	0	0	0	2	
2	3	0	1	2	1	1	0	1	1	3	3	0	2	0	0	0	0	0	2	0	0	0	0	0	0	3	2	
1	3	0	0	0	1	2	0	0	0	0	0	0	0	0	0	0	0	0	1	0	0	0	0	0	0	0	0	
2	3	0	1	0	3	2	0	0	0	3	3	0	2	0	2	0	0	0	1	0	0	0	0	0	0	0	2	
1	3	0	1	2	3	0	0	1	1	0	3	0	2	0	2	0	0	0	1	0	0	0	0	0	0	0	0	
1	3	0	1	2	3	2	0	0	1	1	2	0	1	0	2	0	0	0	1	0	0	0	0	0	0	3	0	
0	0	0	2	0	3	2	0	1	1	0	2	0	2	0	2	0	0	0	1	0	0	0	0	0	0	0	2	
2	3	2	2	0	0	0	0	1	1	1	0	0	2	0	0	0	0	0	0	0	0	0	0	0	0	1	2	
0	0	2	2	1	0	0	0	1	1	1	3	0	2	0	2	0	0	0	1	0	0	0	0	0	0	3	2	
1	1	0	1	2	3	2	0	0	0	1	0	0	2	0	2	0	0	0	0	0	0	0	0	0	0	0	0	
1	3	2	0	0	3	2	0	3	1	1	3	0	0	0	1	0	0	0	0	0	0	0	0	0	0	0	0	
1	3	0	0	0	3	2	0	0	1	3	3	0	0	0	0	0	0	0	1	0	0	0	0	0	0	3	2	
1	3	0	1	2	0	2	0	1	2	0	3	0	0	0	2	0	0	0	3	0	0	0	0	0	0	3	1	
1	0	0	1	0	3	2	0	3	2	1	3	0	2	0	2	0	0	0	2	0	0	0	0	0	0	3	2	
2	3	0	1	0	0	0	0	0	0	1	3	0	0	0	0	0	0	0	0	0	0	0	0	0	0	3	1	
0	0	0	2	2	1	2	0	1	1	1	3	0	1	0	0	0	0	0	0	0	0	0	0	0	0	1	0	
--------------------

--------------------
Best Solution Found!
--------------------
Time: 0 hour(s), 5 minute(s), 23 second(s), 110 millisecond(s)

Fitness: 189735

1	0	0	1	1	3	2	0	1	2	1	0	0	1	0	0	0	0	0	0	0	0	0	0	0	0	0	2	
1	0	0	0	0	0	1	0	0	0	0	3	0	2	0	2	0	0	0	2	0	0	0	0	0	0	0	0	
1	0	1	1	2	0	0	0	1	1	0	0	0	2	0	0	0	0	0	0	0	0	0	0	0	0	0	1	
1	0	0	1	2	0	2	0	1	2	0	0	0	0	0	0	0	0	0	1	0	0	0	0	0	0	0	2	
1	3	0	1	2	3	2	0	0	0	0	0	0	2	0	0	0	0	0	1	0	0	0	0	0	0	3	0	
1	0	0	0	2	3	1	0	0	1	0	2	0	2	0	0	0	0	0	0	0	0	0	0	0	0	0	0	
0	0	1	1	0	3	2	0	1	0	0	3	0	0	0	1	0	0	0	1	0	0	0	0	0	0	3	2	
1	1	0	0	0	0	1	0	1	1	1	3	0	0	0	0	0	0	0	1	0	0	0	0	0	0	3	0	
0	3	2	2	2	3	2	0	1	1	0	3	0	0	0	1	0	0	0	1	0	0	0	0	0	0	3	2	
0	0	0	1	0	1	0	0	3	1	1	3	0	2	0	2	0	0	0	0	0	0	0	0	0	0	0	0	
2	1	0	1	2	3	2	0	2	1	1	0	0	0	0	0	0	0	0	1	0	0	0	0	0	0	1	2	
1	3	0	1	0	0	0	0	1	1	0	2	0	2	0	2	0	0	0	1	0	0	0	0	0	0	3	1	
1	0	0	0	1	3	0	0	1	1	0	3	0	0	0	2	0	0	0	1	0	0	0	0	0	0	0	2	
0	0	2	1	2	0	2	0	0	1	0	3	0	0	0	2	0	0	0	0	0	0	0	0	0	0	3	2	
1	0	1	1	2	0	2	0	0	0	0	0	0	0	0	2	0	0	0	0	0	0	0	0	0	0	0	2	
2	3	0	1	2	1	1	0	1	1	3	3	0	2	0	0	0	0	0	2	0	0	0	0	0	0	3	2	
1	3	0	0	0	1	2	0	0	0	0	0	0	0	0	0	0	0	0	1	0	0	0	0	0	0	0	0	
2	3	0	1	0	3	2	0	0	0	3	3	0	2	0	2	0	0	0	1	0	0	0	0	0	0	0	2	
1	3	0	1	2	3	0	0	1	1	0	3	0	2	0	2	0	0	0	1	0	0	0	0	0	0	0	0	
1	3	0	1	2	3	2	0	0	1	1	2	0	1	0	2	0	0	0	1	0	0	0	0	0	0	3	0	
0	0	0	2	0	3	2	0	1	1	0	2	0	2	0	2	0	0	0	1	0	0	0	0	0	0	0	2	
2	3	2	2	0	0	0	0	1	1	1	0	0	2	0	0	0	0	0	0	0	0	0	0	0	0	1	2	
0	0	2	2	1	0	0	0	1	1	1	3	0	2	0	2	0	0	0	1	0	0	0	0	0	0	3	2	
1	1	0	1	2	3	2	0	0	0	1	0	0	2	0	2	0	0	0	0	0	0	0	0	0	0	0	0	
1	3	2	0	0	3	2	0	3	1	1	3	0	0	0	1	0	0	0	0	0	0	0	0	0	0	0	0	
1	3	0	0	0	3	2	0	0	1	3	3	0	0	0	0	0	0	0	1	0	0	0	0	0	0	3	2	
1	3	0	1	2	0	2	0	1	2	0	3	0	0	0	2	0	0	0	3	0	0	0	0	0	0	3	1	
1	0	0	1	0	3	2	0	3	2	1	3	0	2	0	2	0	0	0	2	0	0	0	0	0	0	3	2	
2	3	0	1	0	0	0	0	0	0	1	3	0	0	0	0	0	0	0	0	0	0	0	0	0	0	3	1	
0	0	0	2	2	1	2	0	1	1	1	3	0	1	0	0	0	0	0	0	0	0	0	0	0	0	1	0	
--------------------

