--------------------
Best Solution Found!
--------------------
Time: 0 hour(s), 0 minute(s), 0 second(s), 0 millisecond(s)

Fitness: 43347

0	2	2	0	0	2	3	
2	2	2	0	0	1	3	
0	1	0	3	0	3	3	
0	3	0	3	3	1	1	
0	3	0	3	0	1	2	
0	0	0	0	0	0	1	
0	2	2	3	0	2	0	
0	2	0	2	0	1	2	
0	1	0	3	0	2	2	
0	0	0	0	0	1	2	
0	1	0	1	0	2	2	
0	3	0	2	0	0	2	
0	0	0	1	0	1	1	
0	3	0	0	0	2	2	
0	2	0	1	0	2	1	
1	1	0	2	0	1	1	
0	2	3	0	0	1	2	
0	2	0	1	0	1	2	
0	0	0	3	0	0	1	
0	0	0	3	0	2	2	
3	1	0	1	0	2	2	
0	0	0	2	0	2	0	
0	0	0	0	0	2	0	
0	1	0	3	0	0	1	
0	1	0	0	2	3	2	
1	2	0	1	0	1	0	
0	0	0	0	0	0	1	
0	0	0	3	0	1	1	
0	0	0	1	1	1	1	
0	1	0	0	0	2	0	
0	2	0	3	2	2	3	
0	1	0	3	0	3	2	
0	1	0	3	0	3	0	
0	3	0	2	0	3	1	
0	1	1	2	1	3	0	
0	2	1	3	0	1	0	
0	0	0	2	0	2	0	
0	3	0	0	1	3	3	
0	2	0	3	0	2	1	
0	1	0	2	0	2	2	
0	0	0	3	0	2	1	
0	1	0	2	1	0	0	
0	2	0	0	0	3	3	
0	2	1	1	0	1	0	
0	1	0	1	0	1	3	
0	1	0	3	0	2	1	
0	1	0	0	0	2	1	
0	3	0	3	0	2	0	
0	2	3	3	0	1	2	
0	2	0	0	0	1	1	
--------------------

--------------------
Best Solution Found!
--------------------
Time: 0 hour(s), 0 minute(s), 0 second(s), 1 millisecond(s)

Fitness: 42360

0	3	3	3	0	0	0	
0	1	0	2	0	0	1	
0	2	0	3	0	1	2	
0	1	1	0	0	3	1	
0	0	0	0	2	0	0	
0	2	0	2	0	2	3	
0	1	2	3	0	2	0	
0	0	0	0	0	2	1	
0	2	0	2	1	2	2	
0	3	3	1	0	1	1	
0	2	0	2	0	2	0	
0	2	0	3	0	1	0	
0	2	0	1	0	1	1	
0	2	0	3	0	3	1	
1	1	0	2	0	3	1	
0	0	0	0	1	2	1	
0	1	0	2	2	3	1	
0	2	0	3	0	1	2	
0	3	0	1	0	2	3	
3	1	0	1	0	2	2	
0	2	0	3	0	2	1	
0	3	0	2	0	1	1	
0	0	0	2	0	2	3	
0	0	0	0	1	1	0	
0	0	0	3	0	1	2	
0	2	1	0	0	2	2	
0	2	0	0	0	1	1	
0	1	0	3	0	3	3	
0	2	0	0	3	1	3	
0	0	1	1	0	2	0	
0	1	0	0	0	0	2	
0	3	0	3	0	1	3	
0	2	0	1	0	2	1	
0	2	0	0	0	3	0	
1	1	0	3	0	2	2	
0	1	0	1	0	2	1	
0	0	0	1	0	1	2	
0	1	0	3	0	2	2	
0	0	0	3	0	1	0	
0	0	0	3	0	0	1	
0	1	0	0	0	1	2	
0	1	0	3	0	2	0	
0	2	2	0	1	3	2	
0	3	0	3	0	0	3	
0	0	2	1	0	2	0	
0	1	0	0	0	2	2	
0	1	0	3	0	3	2	
2	1	0	2	0	1	2	
0	3	0	3	0	1	0	
0	0	0	0	0	1	1	
--------------------

--------------------
Best Solution Found!
--------------------
Time: 0 hour(s), 0 minute(s), 0 second(s), 2 millisecond(s)

Fitness: 41350

0	2	2	0	0	2	1	
2	2	2	0	0	2	2	
0	1	0	3	0	1	1	
0	3	0	3	0	0	3	
0	3	0	3	0	1	2	
0	0	0	0	0	3	2	
0	2	2	3	0	2	1	
0	2	0	2	0	1	2	
0	1	0	3	0	0	1	
0	0	0	0	0	2	2	
0	1	0	1	0	2	0	
0	3	0	2	0	2	2	
0	0	0	1	0	1	1	
0	3	0	0	0	2	0	
0	2	0	1	0	2	0	
1	1	0	2	2	3	0	
0	2	3	0	0	2	0	
0	2	0	1	1	0	0	
0	0	0	3	1	1	1	
0	0	0	3	0	1	3	
3	1	0	1	0	2	0	
0	0	0	2	0	2	0	
0	0	0	0	3	1	2	
0	1	0	3	0	0	0	
0	1	0	0	0	1	2	
1	2	0	1	0	2	3	
0	0	0	0	0	3	3	
0	0	0	3	2	2	1	
0	0	0	1	0	2	2	
0	1	0	0	0	0	3	
0	2	0	3	0	1	0	
0	1	0	3	0	1	0	
0	1	0	3	1	2	2	
0	3	0	2	0	0	1	
0	1	1	2	0	3	2	
0	2	1	3	0	2	1	
0	0	0	2	0	2	2	
0	3	0	0	0	2	2	
0	2	0	3	0	3	1	
0	1	0	2	0	1	3	
0	0	0	3	1	1	0	
0	1	0	2	0	1	2	
0	2	0	0	0	1	1	
0	2	1	1	0	1	1	
0	1	0	1	0	2	1	
0	1	0	3	0	1	1	
0	1	0	0	0	3	3	
0	3	0	3	0	1	2	
0	2	3	3	0	3	1	
0	2	0	0	0	3	1	
--------------------

--------------------
Best Solution Found!
--------------------
Time: 0 hour(s), 0 minute(s), 0 second(s), 3 millisecond(s)

Fitness: 40352

0	1	0	2	0	0	0	
0	2	0	0	0	0	1	
0	1	0	0	0	1	2	
0	3	1	3	0	3	1	
0	0	0	0	2	0	0	
0	1	0	0	0	2	3	
0	2	0	1	0	2	0	
0	0	0	0	0	2	1	
0	2	0	0	1	2	2	
0	2	0	0	0	1	1	
0	0	0	3	0	2	0	
0	0	0	1	0	1	0	
3	1	0	3	0	1	1	
0	0	0	2	0	3	1	
2	2	0	1	0	3	1	
0	3	0	1	1	2	1	
0	1	0	2	2	3	1	
0	2	0	3	0	1	2	
1	1	0	2	0	2	3	
0	0	0	2	0	2	2	
0	1	0	0	0	2	1	
1	2	0	0	0	1	1	
0	3	3	0	0	2	3	
0	2	0	1	1	1	0	
0	3	2	3	0	1	2	
0	2	2	1	0	2	2	
0	3	0	1	0	1	1	
0	2	0	3	0	3	3	
0	3	0	3	3	1	3	
0	1	0	3	0	2	0	
0	0	0	2	0	0	2	
0	2	0	3	0	1	3	
0	1	0	3	0	2	1	
0	0	0	0	0	3	0	
0	2	0	2	0	2	2	
0	2	3	0	0	2	1	
0	0	0	3	0	1	2	
0	2	0	2	0	2	2	
0	3	0	1	0	1	0	
0	1	0	3	0	0	1	
0	1	1	3	0	1	2	
0	0	1	3	0	2	0	
0	0	0	3	1	3	2	
0	1	0	3	0	0	3	
0	0	2	0	0	2	0	
0	1	0	1	0	2	2	
0	1	0	3	0	3	2	
0	2	0	3	0	1	2	
0	1	0	0	0	1	0	
0	1	0	2	0	1	1	
--------------------

--------------------
Best Solution Found!
--------------------
Time: 0 hour(s), 0 minute(s), 0 second(s), 16 millisecond(s)

Fitness: 40346

0	2	0	0	0	3	1	
0	3	0	3	0	2	2	
1	0	0	1	0	2	1	
0	1	0	2	0	3	3	
0	1	0	1	1	1	2	
0	0	0	2	0	1	2	
0	0	0	0	0	2	1	
0	3	0	3	1	1	2	
0	3	0	3	0	2	1	
0	0	0	1	0	2	2	
0	1	0	0	1	1	0	
0	3	0	0	0	0	2	
1	1	3	1	0	0	1	
0	2	0	0	0	1	0	
0	0	0	1	0	0	0	
0	1	0	3	0	2	0	
0	2	0	0	0	1	0	
0	0	0	3	0	2	0	
0	2	1	0	1	1	1	
0	1	1	3	0	1	3	
0	2	0	0	0	3	0	
0	0	3	3	0	2	0	
3	0	2	2	0	1	2	
0	2	0	0	0	1	0	
0	1	0	2	0	2	2	
0	2	0	2	0	0	3	
0	0	0	0	0	2	3	
0	0	0	3	2	2	1	
0	1	0	2	0	2	2	
0	2	1	0	0	3	3	
0	0	0	0	0	3	0	
0	2	0	2	0	1	0	
0	0	0	3	0	3	2	
2	1	0	3	0	2	1	
0	2	2	1	0	2	2	
0	1	0	0	0	1	1	
0	3	0	3	0	1	2	
0	1	0	3	0	2	2	
0	2	0	3	0	1	1	
0	1	0	3	0	3	3	
0	1	0	3	0	1	0	
0	1	0	2	0	2	2	
0	3	0	0	0	1	1	
0	3	0	1	0	0	1	
0	1	0	2	0	2	1	
0	2	2	3	0	0	1	
0	2	0	1	2	3	3	
0	1	0	3	3	1	2	
0	2	0	1	0	2	1	
0	2	0	3	0	2	1	
--------------------

--------------------
Best Solution Found!
--------------------
Time: 0 hour(s), 0 minute(s), 0 second(s), 29 millisecond(s)

Fitness: 40338

0	2	0	0	0	1	1	
0	0	0	3	0	0	0	
0	1	0	3	0	1	1	
0	0	0	3	0	1	2	
0	1	0	2	1	1	2	
0	1	0	0	0	3	3	
2	1	0	3	0	3	1	
0	1	0	0	0	1	0	
0	0	0	0	0	3	1	
0	1	0	0	0	2	0	
0	0	0	3	0	1	1	
1	2	0	1	0	2	1	
0	2	0	3	0	2	2	
0	2	0	3	0	1	1	
0	0	0	1	0	3	2	
0	0	0	3	0	1	0	
0	2	0	3	0	0	3	
0	3	0	2	0	2	1	
0	0	0	1	0	1	3	
0	2	0	0	0	1	0	
0	3	0	2	0	1	1	
0	1	3	2	0	2	0	
0	2	0	3	3	1	1	
0	0	0	0	0	2	2	
3	1	0	0	0	2	2	
0	1	0	3	0	2	1	
0	3	0	3	0	0	1	
0	3	0	1	0	1	0	
0	2	1	1	1	1	1	
0	3	0	2	2	0	0	
0	2	0	1	1	2	2	
0	0	0	2	0	2	3	
0	2	1	3	0	2	1	
0	1	0	0	0	3	2	
0	0	0	3	0	2	2	
0	3	3	2	2	0	3	
0	2	0	1	0	1	0	
0	1	0	0	0	3	3	
1	1	0	0	0	2	2	
0	1	0	0	0	0	1	
0	1	0	1	0	2	2	
0	1	0	2	0	2	0	
0	2	2	3	0	3	2	
0	1	1	1	0	2	0	
0	0	0	0	0	1	0	
0	2	0	3	0	1	1	
0	0	0	0	1	2	2	
0	3	0	2	0	2	2	
0	2	2	3	0	3	3	
0	2	2	3	0	2	2	
--------------------

--------------------
Best Solution Found!
--------------------
Time: 0 hour(s), 0 minute(s), 0 second(s), 30 millisecond(s)

Fitness: 40338

0	2	0	0	0	1	1	
0	0	0	3	0	0	0	
0	1	0	3	0	1	1	
0	0	0	3	0	1	2	
0	1	0	2	1	1	2	
0	1	0	0	0	3	3	
2	1	0	3	0	3	1	
0	1	0	0	0	1	0	
0	0	0	0	0	3	1	
0	1	0	0	0	2	0	
0	0	0	3	0	1	1	
1	2	0	1	0	2	1	
0	2	0	3	0	2	2	
0	2	0	3	0	1	1	
0	0	0	1	0	3	2	
0	0	0	3	0	1	0	
0	2	0	3	0	0	3	
0	3	0	2	0	2	1	
0	0	0	1	0	1	3	
0	2	0	0	0	1	0	
0	3	0	2	0	1	1	
0	1	3	2	0	2	0	
0	2	0	3	3	1	1	
0	0	0	0	0	2	2	
3	1	0	0	0	2	2	
0	1	0	3	0	2	1	
0	3	0	3	0	0	1	
0	3	0	1	0	1	0	
0	2	1	1	1	1	1	
0	3	0	2	2	0	0	
0	2	0	1	1	2	2	
0	0	0	2	0	2	3	
0	2	1	3	0	2	1	
0	1	0	0	0	3	2	
0	0	0	3	0	2	2	
0	3	3	2	2	0	3	
0	2	0	1	0	1	0	
0	1	0	0	0	3	3	
1	1	0	0	0	2	2	
0	1	0	0	0	0	1	
0	1	0	1	0	2	2	
0	1	0	2	0	2	0	
0	2	2	3	0	3	2	
0	1	1	1	0	2	0	
0	0	0	0	0	1	0	
0	2	0	3	0	1	1	
0	0	0	0	1	2	2	
0	3	0	2	0	2	2	
0	2	2	3	0	3	3	
0	2	2	3	0	2	2	
--------------------

--------------------
Best Solution Found!
--------------------
Time: 0 hour(s), 0 minute(s), 0 second(s), 31 millisecond(s)

Fitness: 40338

0	2	0	0	0	1	1	
0	0	0	3	0	0	0	
0	1	0	3	0	1	1	
0	0	0	3	0	1	2	
0	1	0	2	1	1	2	
0	1	0	0	0	3	3	
2	1	0	3	0	3	1	
0	1	0	0	0	1	0	
0	0	0	0	0	3	1	
0	1	0	0	0	2	0	
0	0	0	3	0	1	1	
1	2	0	1	0	2	1	
0	2	0	3	0	2	2	
0	2	0	3	0	1	1	
0	0	0	1	0	3	2	
0	0	0	3	0	1	0	
0	2	0	3	0	0	3	
0	3	0	2	0	2	1	
0	0	0	1	0	1	3	
0	2	0	0	0	1	0	
0	3	0	2	0	1	1	
0	1	3	2	0	2	0	
0	2	0	3	3	1	1	
0	0	0	0	0	2	2	
3	1	0	0	0	2	2	
0	1	0	3	0	2	1	
0	3	0	3	0	0	1	
0	3	0	1	0	1	0	
0	2	1	1	1	1	1	
0	3	0	2	2	0	0	
0	2	0	1	1	2	2	
0	0	0	2	0	2	3	
0	2	1	3	0	2	1	
0	1	0	0	0	3	2	
0	0	0	3	0	2	2	
0	3	3	2	2	0	3	
0	2	0	1	0	1	0	
0	1	0	0	0	3	3	
1	1	0	0	0	2	2	
0	1	0	0	0	0	1	
0	1	0	1	0	2	2	
0	1	0	2	0	2	0	
0	2	2	3	0	3	2	
0	1	1	1	0	2	0	
0	0	0	0	0	1	0	
0	2	0	3	0	1	1	
0	0	0	0	1	2	2	
0	3	0	2	0	2	2	
0	2	2	3	0	3	3	
0	2	2	3	0	2	2	
--------------------

--------------------
Best Solution Found!
--------------------
Time: 0 hour(s), 0 minute(s), 0 second(s), 92 millisecond(s)

Fitness: 38353

0	0	0	3	0	3	3	
0	2	0	3	0	2	1	
0	0	0	0	0	2	3	
0	1	0	0	1	0	2	
0	0	1	3	1	3	2	
0	1	2	1	0	1	2	
0	1	0	0	0	3	3	
0	2	0	3	0	1	1	
0	0	0	0	0	1	1	
0	0	2	3	0	2	1	
0	1	0	2	0	1	0	
0	3	0	3	0	2	0	
0	1	0	3	0	2	2	
0	2	0	2	3	2	1	
0	2	0	3	0	2	2	
2	3	0	0	0	3	3	
0	1	0	3	0	2	1	
0	2	0	0	0	0	0	
0	2	0	0	0	0	3	
0	2	0	1	1	1	2	
0	1	0	0	0	1	2	
0	3	0	1	0	3	1	
1	1	0	2	0	2	1	
0	1	0	0	0	2	0	
0	0	0	2	2	1	0	
0	3	2	1	0	1	2	
0	1	0	0	0	0	2	
0	1	0	1	0	1	1	
0	1	0	3	0	2	0	
0	1	0	3	0	1	2	
0	0	0	3	0	1	0	
0	1	1	1	0	2	2	
0	0	0	3	0	2	0	
0	2	0	3	0	1	0	
0	2	0	3	0	3	3	
0	0	0	0	0	2	1	
0	2	0	3	0	3	1	
0	3	3	2	0	3	2	
0	0	0	1	0	1	0	
0	2	0	2	0	1	2	
1	2	0	1	0	2	2	
0	2	1	0	0	0	1	
0	2	3	3	0	2	3	
3	1	0	2	0	1	1	
0	0	0	2	0	1	2	
0	0	0	2	1	2	0	
0	1	0	0	0	0	1	
0	3	0	3	0	1	1	
0	2	0	0	0	2	0	
0	3	0	1	2	2	1	
--------------------

--------------------
Best Solution Found!
--------------------
Time: 0 hour(s), 0 minute(s), 0 second(s), 94 millisecond(s)

Fitness: 38352

0	0	0	3	0	3	1	
0	2	0	3	0	1	3	
0	0	0	0	0	2	0	
0	1	0	0	1	0	0	
0	0	1	3	1	3	3	
0	1	2	1	0	1	1	
0	1	0	0	0	3	0	
0	2	0	3	0	3	3	
0	0	0	0	0	1	3	
0	0	2	3	0	2	0	
0	1	0	2	0	0	0	
1	3	0	3	0	3	2	
0	1	0	3	0	2	1	
0	2	0	2	3	2	1	
3	2	0	3	0	1	2	
0	3	0	0	0	0	3	
0	1	0	3	0	1	0	
0	2	0	0	0	2	1	
0	2	0	0	0	2	1	
0	2	0	1	1	2	2	
0	1	0	0	0	2	1	
0	3	0	1	0	2	0	
0	1	0	2	0	2	2	
0	1	0	0	0	1	1	
0	0	0	2	2	2	0	
0	3	2	1	0	3	1	
0	1	0	0	0	2	0	
0	1	0	1	0	0	2	
0	1	0	3	0	1	0	
1	1	0	3	0	2	2	
0	0	0	3	0	2	3	
0	1	1	1	0	1	2	
0	0	0	3	0	1	1	
0	2	0	3	0	1	0	
0	2	0	3	0	2	2	
0	0	0	0	0	1	2	
0	2	0	3	0	1	2	
0	3	3	2	0	0	2	
0	0	0	1	0	2	2	
0	2	0	2	0	3	1	
0	2	0	1	0	1	2	
0	2	1	0	0	1	2	
0	2	3	3	0	2	1	
0	1	0	2	0	3	1	
0	0	0	2	0	1	2	
0	0	0	2	1	0	1	
0	1	0	0	0	1	0	
2	3	0	3	0	2	3	
0	2	0	0	0	2	1	
0	3	0	1	2	1	1	
--------------------

--------------------
Best Solution Found!
--------------------
Time: 0 hour(s), 0 minute(s), 0 second(s), 95 millisecond(s)

Fitness: 38352

0	0	0	3	0	3	1	
0	2	0	3	0	1	3	
0	0	0	0	0	2	0	
0	1	0	0	1	0	0	
0	0	1	3	1	3	3	
0	1	2	1	0	1	1	
0	1	0	0	0	3	0	
0	2	0	3	0	3	3	
0	0	0	0	0	1	3	
0	0	2	3	0	2	0	
0	1	0	2	0	0	0	
1	3	0	3	0	3	2	
0	1	0	3	0	2	1	
0	2	0	2	3	2	1	
3	2	0	3	0	1	2	
0	3	0	0	0	0	3	
0	1	0	3	0	1	0	
0	2	0	0	0	2	1	
0	2	0	0	0	2	1	
0	2	0	1	1	2	2	
0	1	0	0	0	2	1	
0	3	0	1	0	2	0	
0	1	0	2	0	2	2	
0	1	0	0	0	1	1	
0	0	0	2	2	2	0	
0	3	2	1	0	3	1	
0	1	0	0	0	2	0	
0	1	0	1	0	0	2	
0	1	0	3	0	1	0	
1	1	0	3	0	2	2	
0	0	0	3	0	2	3	
0	1	1	1	0	1	2	
0	0	0	3	0	1	1	
0	2	0	3	0	1	0	
0	2	0	3	0	2	2	
0	0	0	0	0	1	2	
0	2	0	3	0	1	2	
0	3	3	2	0	0	2	
0	0	0	1	0	2	2	
0	2	0	2	0	3	1	
0	2	0	1	0	1	2	
0	2	1	0	0	1	2	
0	2	3	3	0	2	1	
0	1	0	2	0	3	1	
0	0	0	2	0	1	2	
0	0	0	2	1	0	1	
0	1	0	0	0	1	0	
2	3	0	3	0	2	3	
0	2	0	0	0	2	1	
0	3	0	1	2	1	1	
--------------------

--------------------
Best Solution Found!
--------------------
Time: 0 hour(s), 0 minute(s), 0 second(s), 96 millisecond(s)

Fitness: 38352

0	0	0	3	0	3	1	
0	2	0	3	0	1	3	
0	0	0	0	0	2	0	
0	1	0	0	1	0	0	
0	0	1	3	1	3	3	
0	1	2	1	0	1	1	
0	1	0	0	0	3	0	
0	2	0	3	0	3	3	
0	0	0	0	0	1	3	
0	0	2	3	0	2	0	
0	1	0	2	0	0	0	
1	3	0	3	0	3	2	
0	1	0	3	0	2	1	
0	2	0	2	3	2	1	
3	2	0	3	0	1	2	
0	3	0	0	0	0	3	
0	1	0	3	0	1	0	
0	2	0	0	0	2	1	
0	2	0	0	0	2	1	
0	2	0	1	1	2	2	
0	1	0	0	0	2	1	
0	3	0	1	0	2	0	
0	1	0	2	0	2	2	
0	1	0	0	0	1	1	
0	0	0	2	2	2	0	
0	3	2	1	0	3	1	
0	1	0	0	0	2	0	
0	1	0	1	0	0	2	
0	1	0	3	0	1	0	
1	1	0	3	0	2	2	
0	0	0	3	0	2	3	
0	1	1	1	0	1	2	
0	0	0	3	0	1	1	
0	2	0	3	0	1	0	
0	2	0	3	0	2	2	
0	0	0	0	0	1	2	
0	2	0	3	0	1	2	
0	3	3	2	0	0	2	
0	0	0	1	0	2	2	
0	2	0	2	0	3	1	
0	2	0	1	0	1	2	
0	2	1	0	0	1	2	
0	2	3	3	0	2	1	
0	1	0	2	0	3	1	
0	0	0	2	0	1	2	
0	0	0	2	1	0	1	
0	1	0	0	0	1	0	
2	3	0	3	0	2	3	
0	2	0	0	0	2	1	
0	3	0	1	2	1	1	
--------------------

--------------------
Best Solution Found!
--------------------
Time: 0 hour(s), 0 minute(s), 0 second(s), 199 millisecond(s)

Fitness: 38346

0	1	0	3	0	1	0	
0	1	0	1	0	1	1	
0	2	0	3	1	2	2	
0	0	0	0	0	1	1	
0	1	3	1	0	1	3	
0	1	0	1	0	3	2	
0	1	0	0	0	2	1	
0	3	0	3	0	1	0	
0	1	0	1	0	2	0	
0	2	1	2	2	0	2	
0	2	0	3	1	1	1	
1	3	0	3	0	3	3	
0	0	0	3	1	2	1	
0	0	0	0	0	1	1	
1	0	0	2	3	1	2	
0	2	0	2	0	2	0	
0	2	0	1	0	0	2	
0	1	2	3	0	3	1	
0	0	0	1	0	2	1	
0	1	0	3	0	2	3	
0	1	0	0	0	2	1	
0	1	1	2	0	2	1	
0	3	0	0	0	2	0	
0	2	0	3	0	1	2	
0	2	0	3	0	1	2	
0	1	0	3	0	2	0	
0	3	0	0	0	2	2	
0	2	2	1	1	3	0	
0	2	0	0	0	0	1	
3	2	0	2	0	1	2	
0	0	0	3	0	1	0	
2	2	0	3	0	3	2	
0	2	1	0	0	3	3	
0	2	0	0	0	3	3	
0	1	0	0	0	0	1	
0	0	0	0	0	1	1	
0	2	0	2	0	0	3	
0	3	0	2	0	2	2	
0	1	0	3	0	0	2	
0	1	0	3	0	1	0	
0	0	0	3	0	2	0	
0	0	0	0	2	1	2	
0	0	0	1	0	1	1	
0	3	0	0	0	1	1	
0	1	2	1	0	3	3	
0	0	0	3	0	2	0	
0	1	0	3	0	2	2	
0	2	0	2	0	2	2	
0	0	3	2	0	2	0	
0	3	0	0	0	2	1	
--------------------

--------------------
Best Solution Found!
--------------------
Time: 0 hour(s), 0 minute(s), 0 second(s), 200 millisecond(s)

Fitness: 38346

0	1	0	3	0	1	0	
0	1	0	1	0	1	1	
0	2	0	3	1	2	2	
0	0	0	0	0	1	1	
0	1	3	1	0	1	3	
0	1	0	1	0	3	2	
0	1	0	0	0	2	1	
0	3	0	3	0	1	0	
0	1	0	1	0	2	0	
0	2	1	2	2	0	2	
0	2	0	3	1	1	1	
1	3	0	3	0	3	3	
0	0	0	3	1	2	1	
0	0	0	0	0	1	1	
1	0	0	2	3	1	2	
0	2	0	2	0	2	0	
0	2	0	1	0	0	2	
0	1	2	3	0	3	1	
0	0	0	1	0	2	1	
0	1	0	3	0	2	3	
0	1	0	0	0	2	1	
0	1	1	2	0	2	1	
0	3	0	0	0	2	0	
0	2	0	3	0	1	2	
0	2	0	3	0	1	2	
0	1	0	3	0	2	0	
0	3	0	0	0	2	2	
0	2	2	1	1	3	0	
0	2	0	0	0	0	1	
3	2	0	2	0	1	2	
0	0	0	3	0	1	0	
2	2	0	3	0	3	2	
0	2	1	0	0	3	3	
0	2	0	0	0	3	3	
0	1	0	0	0	0	1	
0	0	0	0	0	1	1	
0	2	0	2	0	0	3	
0	3	0	2	0	2	2	
0	1	0	3	0	0	2	
0	1	0	3	0	1	0	
0	0	0	3	0	2	0	
0	0	0	0	2	1	2	
0	0	0	1	0	1	1	
0	3	0	0	0	1	1	
0	1	2	1	0	3	3	
0	0	0	3	0	2	0	
0	1	0	3	0	2	2	
0	2	0	2	0	2	2	
0	0	3	2	0	2	0	
0	3	0	0	0	2	1	
--------------------

--------------------
Best Solution Found!
--------------------
Time: 0 hour(s), 0 minute(s), 0 second(s), 200 millisecond(s)

Fitness: 38346

0	1	0	3	0	1	0	
0	1	0	1	0	1	1	
0	2	0	3	1	2	2	
0	0	0	0	0	1	1	
0	1	3	1	0	1	3	
0	1	0	1	0	3	2	
0	1	0	0	0	2	1	
0	3	0	3	0	1	0	
0	1	0	1	0	2	0	
0	2	1	2	2	0	2	
0	2	0	3	1	1	1	
1	3	0	3	0	3	3	
0	0	0	3	1	2	1	
0	0	0	0	0	1	1	
1	0	0	2	3	1	2	
0	2	0	2	0	2	0	
0	2	0	1	0	0	2	
0	1	2	3	0	3	1	
0	0	0	1	0	2	1	
0	1	0	3	0	2	3	
0	1	0	0	0	2	1	
0	1	1	2	0	2	1	
0	3	0	0	0	2	0	
0	2	0	3	0	1	2	
0	2	0	3	0	1	2	
0	1	0	3	0	2	0	
0	3	0	0	0	2	2	
0	2	2	1	1	3	0	
0	2	0	0	0	0	1	
3	2	0	2	0	1	2	
0	0	0	3	0	1	0	
2	2	0	3	0	3	2	
0	2	1	0	0	3	3	
0	2	0	0	0	3	3	
0	1	0	0	0	0	1	
0	0	0	0	0	1	1	
0	2	0	2	0	0	3	
0	3	0	2	0	2	2	
0	1	0	3	0	0	2	
0	1	0	3	0	1	0	
0	0	0	3	0	2	0	
0	0	0	0	2	1	2	
0	0	0	1	0	1	1	
0	3	0	0	0	1	1	
0	1	2	1	0	3	3	
0	0	0	3	0	2	0	
0	1	0	3	0	2	2	
0	2	0	2	0	2	2	
0	0	3	2	0	2	0	
0	3	0	0	0	2	1	
--------------------

--------------------
Best Solution Found!
--------------------
Time: 0 hour(s), 0 minute(s), 0 second(s), 201 millisecond(s)

Fitness: 38346

0	1	0	3	0	1	0	
0	1	0	1	0	1	1	
0	2	0	3	1	2	2	
0	0	0	0	0	1	1	
0	1	3	1	0	1	3	
0	1	0	1	0	3	2	
0	1	0	0	0	2	1	
0	3	0	3	0	1	0	
0	1	0	1	0	2	0	
0	2	1	2	2	0	2	
0	2	0	3	1	1	1	
1	3	0	3	0	3	3	
0	0	0	3	1	2	1	
0	0	0	0	0	1	1	
1	0	0	2	3	1	2	
0	2	0	2	0	2	0	
0	2	0	1	0	0	2	
0	1	2	3	0	3	1	
0	0	0	1	0	2	1	
0	1	0	3	0	2	3	
0	1	0	0	0	2	1	
0	1	1	2	0	2	1	
0	3	0	0	0	2	0	
0	2	0	3	0	1	2	
0	2	0	3	0	1	2	
0	1	0	3	0	2	0	
0	3	0	0	0	2	2	
0	2	2	1	1	3	0	
0	2	0	0	0	0	1	
3	2	0	2	0	1	2	
0	0	0	3	0	1	0	
2	2	0	3	0	3	2	
0	2	1	0	0	3	3	
0	2	0	0	0	3	3	
0	1	0	0	0	0	1	
0	0	0	0	0	1	1	
0	2	0	2	0	0	3	
0	3	0	2	0	2	2	
0	1	0	3	0	0	2	
0	1	0	3	0	1	0	
0	0	0	3	0	2	0	
0	0	0	0	2	1	2	
0	0	0	1	0	1	1	
0	3	0	0	0	1	1	
0	1	2	1	0	3	3	
0	0	0	3	0	2	0	
0	1	0	3	0	2	2	
0	2	0	2	0	2	2	
0	0	3	2	0	2	0	
0	3	0	0	0	2	1	
--------------------

--------------------
Best Solution Found!
--------------------
Time: 0 hour(s), 0 minute(s), 1 second(s), 36 millisecond(s)

Fitness: 38346

0	1	0	0	0	2	1	
0	3	0	3	0	2	0	
0	2	0	0	0	2	0	
0	1	0	2	0	1	0	
0	1	0	0	0	2	3	
2	2	0	2	0	2	2	
1	2	0	3	0	1	2	
0	2	0	2	2	3	1	
0	3	2	3	3	2	0	
0	2	0	3	0	3	1	
0	1	0	2	1	3	3	
0	0	0	0	0	3	3	
0	2	1	0	0	1	1	
0	2	0	3	0	2	1	
0	0	0	3	0	2	0	
0	0	0	0	0	1	1	
0	0	0	1	0	3	2	
0	3	0	3	1	0	1	
0	1	0	3	0	2	1	
0	3	0	3	2	2	2	
0	1	0	3	0	2	2	
0	1	0	1	0	3	2	
0	0	0	2	0	2	2	
0	1	0	3	0	1	2	
0	2	0	2	0	1	1	
0	1	2	0	0	0	2	
0	1	0	0	0	0	1	
0	2	3	3	0	1	3	
0	0	0	1	0	2	1	
0	2	0	1	0	2	0	
0	2	1	2	0	2	1	
0	2	0	1	0	2	2	
0	3	0	1	0	2	2	
0	0	0	3	0	2	0	
0	1	0	2	1	3	2	
0	1	0	3	0	1	1	
0	1	0	3	0	1	3	
0	3	0	0	0	1	0	
0	2	0	1	0	3	0	
0	1	0	0	0	0	0	
0	0	1	0	0	1	2	
3	0	2	3	0	1	3	
0	2	3	3	0	1	1	
0	0	0	0	0	1	0	
1	1	0	0	0	2	0	
0	0	0	1	0	1	3	
0	3	0	1	0	1	2	
0	0	0	0	0	0	1	
0	2	0	2	1	1	1	
0	1	0	3	0	0	2	
--------------------

--------------------
Best Solution Found!
--------------------
Time: 0 hour(s), 0 minute(s), 1 second(s), 580 millisecond(s)

Fitness: 37360

0	1	0	0	0	0	3	
0	1	0	0	0	1	2	
0	1	0	1	2	2	3	
0	2	0	2	0	1	0	
0	2	2	0	0	1	0	
0	1	1	1	0	1	1	
0	0	0	3	0	3	1	
0	3	0	0	0	2	3	
0	0	0	0	0	2	0	
0	2	0	1	1	3	3	
0	2	0	3	0	1	0	
0	3	0	3	0	1	0	
0	1	3	3	0	2	1	
0	1	0	0	0	0	3	
0	0	1	2	0	1	3	
1	1	0	3	0	2	0	
1	0	0	3	0	3	0	
0	2	0	2	3	2	1	
0	2	0	3	2	1	2	
2	0	2	3	0	1	1	
0	1	0	2	0	3	1	
0	2	0	3	0	2	2	
0	0	0	3	0	2	1	
0	2	0	1	0	1	1	
0	2	0	1	0	1	0	
0	0	0	3	0	1	2	
0	2	0	1	0	2	2	
0	2	0	3	1	1	2	
3	3	3	0	0	2	2	
0	3	0	2	0	3	2	
0	0	0	2	0	3	0	
0	1	0	0	0	0	1	
0	3	0	1	1	1	1	
0	1	0	1	0	3	1	
0	0	0	0	0	1	0	
0	2	1	3	0	3	2	
0	3	0	0	0	2	2	
0	1	0	3	0	0	0	
0	0	0	2	0	2	2	
0	0	0	2	0	2	3	
0	1	0	0	0	0	1	
0	3	0	3	0	1	1	
0	2	0	0	0	2	1	
0	2	2	3	0	2	1	
0	1	0	1	0	0	1	
0	1	0	2	1	2	2	
0	0	0	3	0	2	0	
0	1	0	3	0	2	2	
0	1	0	0	0	2	2	
0	2	0	0	0	1	2	
--------------------

--------------------
Best Solution Found!
--------------------
Time: 0 hour(s), 0 minute(s), 3 second(s), 668 millisecond(s)

Fitness: 37338

0	2	0	2	0	1	2	
0	0	0	1	0	2	2	
0	1	0	1	1	2	3	
0	2	0	1	0	2	2	
0	0	0	0	0	3	3	
0	0	0	3	0	1	0	
0	0	0	3	0	1	2	
0	1	0	0	2	0	1	
0	2	0	3	0	0	1	
0	2	0	1	0	1	2	
2	1	0	3	0	3	1	
0	0	0	2	0	0	0	
0	0	0	2	0	3	2	
0	1	0	0	0	1	3	
0	0	0	0	0	2	0	
0	3	3	2	0	2	2	
0	2	0	1	1	1	1	
0	1	2	0	0	0	2	
0	2	1	3	0	2	0	
0	2	0	2	0	2	2	
0	3	0	3	0	1	0	
3	1	0	3	0	1	2	
0	3	0	3	0	3	3	
0	1	0	2	0	2	0	
0	1	0	0	3	0	0	
1	2	0	0	0	2	0	
1	1	0	1	0	2	1	
0	1	0	0	0	0	1	
0	2	0	0	0	2	1	
0	1	0	3	0	3	1	
0	2	0	3	0	2	1	
0	1	1	2	0	1	3	
0	0	0	3	0	1	1	
0	0	0	0	2	1	2	
0	2	1	3	0	2	3	
0	1	0	3	1	1	2	
0	2	0	1	0	2	0	
0	3	0	0	0	2	0	
0	2	0	0	0	3	1	
0	0	0	0	0	2	0	
0	1	3	3	0	2	1	
0	0	0	1	0	1	1	
0	0	0	3	0	1	2	
0	3	2	1	0	2	3	
0	1	2	3	0	1	2	
0	2	0	0	0	1	0	
0	3	0	3	0	2	1	
0	3	0	2	0	3	1	
0	2	0	2	0	3	1	
0	1	0	3	1	1	2	
--------------------

--------------------
Best Solution Found!
--------------------
Time: 0 hour(s), 0 minute(s), 3 second(s), 668 millisecond(s)

Fitness: 37338

0	2	0	2	0	1	2	
0	0	0	1	0	2	2	
0	1	0	1	1	2	3	
0	2	0	1	0	2	2	
0	0	0	0	0	3	3	
0	0	0	3	0	1	0	
0	0	0	3	0	1	2	
0	1	0	0	2	0	1	
0	2	0	3	0	0	1	
0	2	0	1	0	1	2	
2	1	0	3	0	3	1	
0	0	0	2	0	0	0	
0	0	0	2	0	3	2	
0	1	0	0	0	1	3	
0	0	0	0	0	2	0	
0	3	3	2	0	2	2	
0	2	0	1	1	1	1	
0	1	2	0	0	0	2	
0	2	1	3	0	2	0	
0	2	0	2	0	2	2	
0	3	0	3	0	1	0	
3	1	0	3	0	1	2	
0	3	0	3	0	3	3	
0	1	0	2	0	2	0	
0	1	0	0	3	0	0	
1	2	0	0	0	2	0	
1	1	0	1	0	2	1	
0	1	0	0	0	0	1	
0	2	0	0	0	2	1	
0	1	0	3	0	3	1	
0	2	0	3	0	2	1	
0	1	1	2	0	1	3	
0	0	0	3	0	1	1	
0	0	0	0	2	1	2	
0	2	1	3	0	2	3	
0	1	0	3	1	1	2	
0	2	0	1	0	2	0	
0	3	0	0	0	2	0	
0	2	0	0	0	3	1	
0	0	0	0	0	2	0	
0	1	3	3	0	2	1	
0	0	0	1	0	1	1	
0	0	0	3	0	1	2	
0	3	2	1	0	2	3	
0	1	2	3	0	1	2	
0	2	0	0	0	1	0	
0	3	0	3	0	2	1	
0	3	0	2	0	3	1	
0	2	0	2	0	3	1	
0	1	0	3	1	1	2	
--------------------

--------------------
Best Solution Found!
--------------------
Time: 0 hour(s), 0 minute(s), 3 second(s), 671 millisecond(s)

Fitness: 37338

0	2	0	2	0	1	2	
0	0	0	1	0	2	2	
0	1	0	1	1	2	3	
0	2	0	1	0	2	2	
0	0	0	0	0	3	3	
0	0	0	3	0	1	0	
0	0	0	3	0	1	2	
0	1	0	0	2	0	1	
0	2	0	3	0	0	1	
0	2	0	1	0	1	2	
2	1	0	3	0	3	1	
0	0	0	2	0	0	0	
0	0	0	2	0	3	2	
0	1	0	0	0	1	3	
0	0	0	0	0	2	0	
0	3	3	2	0	2	2	
0	2	0	1	1	1	1	
0	1	2	0	0	0	2	
0	2	1	3	0	2	0	
0	2	0	2	0	2	2	
0	3	0	3	0	1	0	
3	1	0	3	0	1	2	
0	3	0	3	0	3	3	
0	1	0	2	0	2	0	
0	1	0	0	3	0	0	
1	2	0	0	0	2	0	
1	1	0	1	0	2	1	
0	1	0	0	0	0	1	
0	2	0	0	0	2	1	
0	1	0	3	0	3	1	
0	2	0	3	0	2	1	
0	1	1	2	0	1	3	
0	0	0	3	0	1	1	
0	0	0	0	2	1	2	
0	2	1	3	0	2	3	
0	1	0	3	1	1	2	
0	2	0	1	0	2	0	
0	3	0	0	0	2	0	
0	2	0	0	0	3	1	
0	0	0	0	0	2	0	
0	1	3	3	0	2	1	
0	0	0	1	0	1	1	
0	0	0	3	0	1	2	
0	3	2	1	0	2	3	
0	1	2	3	0	1	2	
0	2	0	0	0	1	0	
0	3	0	3	0	2	1	
0	3	0	2	0	3	1	
0	2	0	2	0	3	1	
0	1	0	3	1	1	2	
--------------------

--------------------
Best Solution Found!
--------------------
Time: 0 hour(s), 0 minute(s), 3 second(s), 671 millisecond(s)

Fitness: 37338

0	2	0	2	0	1	2	
0	0	0	1	0	2	2	
0	1	0	1	1	2	3	
0	2	0	1	0	2	2	
0	0	0	0	0	3	3	
0	0	0	3	0	1	0	
0	0	0	3	0	1	2	
0	1	0	0	2	0	1	
0	2	0	3	0	0	1	
0	2	0	1	0	1	2	
2	1	0	3	0	3	1	
0	0	0	2	0	0	0	
0	0	0	2	0	3	2	
0	1	0	0	0	1	3	
0	0	0	0	0	2	0	
0	3	3	2	0	2	2	
0	2	0	1	1	1	1	
0	1	2	0	0	0	2	
0	2	1	3	0	2	0	
0	2	0	2	0	2	2	
0	3	0	3	0	1	0	
3	1	0	3	0	1	2	
0	3	0	3	0	3	3	
0	1	0	2	0	2	0	
0	1	0	0	3	0	0	
1	2	0	0	0	2	0	
1	1	0	1	0	2	1	
0	1	0	0	0	0	1	
0	2	0	0	0	2	1	
0	1	0	3	0	3	1	
0	2	0	3	0	2	1	
0	1	1	2	0	1	3	
0	0	0	3	0	1	1	
0	0	0	0	2	1	2	
0	2	1	3	0	2	3	
0	1	0	3	1	1	2	
0	2	0	1	0	2	0	
0	3	0	0	0	2	0	
0	2	0	0	0	3	1	
0	0	0	0	0	2	0	
0	1	3	3	0	2	1	
0	0	0	1	0	1	1	
0	0	0	3	0	1	2	
0	3	2	1	0	2	3	
0	1	2	3	0	1	2	
0	2	0	0	0	1	0	
0	3	0	3	0	2	1	
0	3	0	2	0	3	1	
0	2	0	2	0	3	1	
0	1	0	3	1	1	2	
--------------------

--------------------
Best Solution Found!
--------------------
Time: 0 hour(s), 0 minute(s), 4 second(s), 502 millisecond(s)

Fitness: 36358

0	3	0	0	0	1	0	
0	0	0	0	0	2	0	
0	2	0	2	0	1	1	
0	2	0	3	0	2	0	
2	1	0	3	0	2	3	
0	1	0	1	0	1	0	
0	1	0	3	0	2	1	
0	3	0	2	0	0	2	
0	0	0	1	0	3	1	
0	1	1	1	0	1	3	
0	0	0	3	0	3	0	
0	1	0	3	0	2	3	
1	0	0	2	0	2	1	
0	3	0	0	0	1	0	
0	3	0	2	0	2	0	
0	2	0	3	0	2	1	
0	2	0	0	0	1	1	
0	0	0	1	0	1	2	
0	0	0	0	0	3	1	
0	2	0	3	2	2	1	
0	3	3	3	0	2	2	
0	2	0	3	0	0	1	
0	1	2	3	0	2	1	
0	1	0	2	1	3	3	
0	2	0	3	3	2	1	
0	1	2	0	0	0	0	
0	2	0	1	2	1	1	
0	2	0	3	1	1	2	
0	2	1	3	0	3	1	
3	0	0	0	0	3	3	
0	3	0	1	0	2	0	
0	0	0	0	0	2	2	
0	1	1	3	0	1	0	
0	1	0	1	0	2	2	
0	1	0	0	0	1	0	
0	2	0	0	1	1	3	
0	2	0	3	1	1	2	
0	0	0	3	0	2	2	
1	2	0	3	0	2	2	
0	0	0	0	0	1	2	
0	0	0	2	0	1	1	
0	2	0	1	0	3	3	
0	1	0	2	0	1	2	
0	0	0	0	0	0	2	
0	1	0	0	0	1	2	
0	3	2	2	0	2	1	
0	2	0	0	0	2	1	
0	1	3	1	0	3	2	
0	1	0	3	0	0	0	
0	1	0	2	0	0	2	
--------------------

--------------------
Best Solution Found!
--------------------
Time: 0 hour(s), 0 minute(s), 4 second(s), 503 millisecond(s)

Fitness: 36358

0	3	0	0	0	1	0	
0	0	0	0	0	2	0	
0	2	0	2	0	1	1	
0	2	0	3	0	2	0	
2	1	0	3	0	2	3	
0	1	0	1	0	1	0	
0	1	0	3	0	2	1	
0	3	0	2	0	0	2	
0	0	0	1	0	3	1	
0	1	1	1	0	1	3	
0	0	0	3	0	3	0	
0	1	0	3	0	2	3	
1	0	0	2	0	2	1	
0	3	0	0	0	1	0	
0	3	0	2	0	2	0	
0	2	0	3	0	2	1	
0	2	0	0	0	1	1	
0	0	0	1	0	1	2	
0	0	0	0	0	3	1	
0	2	0	3	2	2	1	
0	3	3	3	0	2	2	
0	2	0	3	0	0	1	
0	1	2	3	0	2	1	
0	1	0	2	1	3	3	
0	2	0	3	3	2	1	
0	1	2	0	0	0	0	
0	2	0	1	2	1	1	
0	2	0	3	1	1	2	
0	2	1	3	0	3	1	
3	0	0	0	0	3	3	
0	3	0	1	0	2	0	
0	0	0	0	0	2	2	
0	1	1	3	0	1	0	
0	1	0	1	0	2	2	
0	1	0	0	0	1	0	
0	2	0	0	1	1	3	
0	2	0	3	1	1	2	
0	0	0	3	0	2	2	
1	2	0	3	0	2	2	
0	0	0	0	0	1	2	
0	0	0	2	0	1	1	
0	2	0	1	0	3	3	
0	1	0	2	0	1	2	
0	0	0	0	0	0	2	
0	1	0	0	0	1	2	
0	3	2	2	0	2	1	
0	2	0	0	0	2	1	
0	1	3	1	0	3	2	
0	1	0	3	0	0	0	
0	1	0	2	0	0	2	
--------------------

--------------------
Best Solution Found!
--------------------
Time: 0 hour(s), 0 minute(s), 4 second(s), 504 millisecond(s)

Fitness: 36358

0	3	0	0	0	1	0	
0	0	0	0	0	2	0	
0	2	0	2	0	1	1	
0	2	0	3	0	2	0	
2	1	0	3	0	2	3	
0	1	0	1	0	1	0	
0	1	0	3	0	2	1	
0	3	0	2	0	0	2	
0	0	0	1	0	3	1	
0	1	1	1	0	1	3	
0	0	0	3	0	3	0	
0	1	0	3	0	2	3	
1	0	0	2	0	2	1	
0	3	0	0	0	1	0	
0	3	0	2	0	2	0	
0	2	0	3	0	2	1	
0	2	0	0	0	1	1	
0	0	0	1	0	1	2	
0	0	0	0	0	3	1	
0	2	0	3	2	2	1	
0	3	3	3	0	2	2	
0	2	0	3	0	0	1	
0	1	2	3	0	2	1	
0	1	0	2	1	3	3	
0	2	0	3	3	2	1	
0	1	2	0	0	0	0	
0	2	0	1	2	1	1	
0	2	0	3	1	1	2	
0	2	1	3	0	3	1	
3	0	0	0	0	3	3	
0	3	0	1	0	2	0	
0	0	0	0	0	2	2	
0	1	1	3	0	1	0	
0	1	0	1	0	2	2	
0	1	0	0	0	1	0	
0	2	0	0	1	1	3	
0	2	0	3	1	1	2	
0	0	0	3	0	2	2	
1	2	0	3	0	2	2	
0	0	0	0	0	1	2	
0	0	0	2	0	1	1	
0	2	0	1	0	3	3	
0	1	0	2	0	1	2	
0	0	0	0	0	0	2	
0	1	0	0	0	1	2	
0	3	2	2	0	2	1	
0	2	0	0	0	2	1	
0	1	3	1	0	3	2	
0	1	0	3	0	0	0	
0	1	0	2	0	0	2	
--------------------

--------------------
Best Solution Found!
--------------------
Time: 0 hour(s), 0 minute(s), 4 second(s), 505 millisecond(s)

Fitness: 36358

0	3	0	0	0	1	0	
0	0	0	0	0	2	0	
0	2	0	2	0	1	1	
0	2	0	3	0	2	0	
2	1	0	3	0	2	3	
0	1	0	1	0	1	0	
0	1	0	3	0	2	1	
0	3	0	2	0	0	2	
0	0	0	1	0	3	1	
0	1	1	1	0	1	3	
0	0	0	3	0	3	0	
0	1	0	3	0	2	3	
1	0	0	2	0	2	1	
0	3	0	0	0	1	0	
0	3	0	2	0	2	0	
0	2	0	3	0	2	1	
0	2	0	0	0	1	1	
0	0	0	1	0	1	2	
0	0	0	0	0	3	1	
0	2	0	3	2	2	1	
0	3	3	3	0	2	2	
0	2	0	3	0	0	1	
0	1	2	3	0	2	1	
0	1	0	2	1	3	3	
0	2	0	3	3	2	1	
0	1	2	0	0	0	0	
0	2	0	1	2	1	1	
0	2	0	3	1	1	2	
0	2	1	3	0	3	1	
3	0	0	0	0	3	3	
0	3	0	1	0	2	0	
0	0	0	0	0	2	2	
0	1	1	3	0	1	0	
0	1	0	1	0	2	2	
0	1	0	0	0	1	0	
0	2	0	0	1	1	3	
0	2	0	3	1	1	2	
0	0	0	3	0	2	2	
1	2	0	3	0	2	2	
0	0	0	0	0	1	2	
0	0	0	2	0	1	1	
0	2	0	1	0	3	3	
0	1	0	2	0	1	2	
0	0	0	0	0	0	2	
0	1	0	0	0	1	2	
0	3	2	2	0	2	1	
0	2	0	0	0	2	1	
0	1	3	1	0	3	2	
0	1	0	3	0	0	0	
0	1	0	2	0	0	2	
--------------------

--------------------
Best Solution Found!
--------------------
Time: 0 hour(s), 0 minute(s), 4 second(s), 756 millisecond(s)

Fitness: 36355

0	2	0	3	0	3	2	
0	2	0	0	0	3	0	
0	2	0	2	0	2	1	
0	1	0	1	0	2	1	
0	1	0	3	0	1	2	
0	1	0	2	1	1	2	
0	2	0	3	0	2	3	
0	0	0	3	0	2	1	
0	2	0	0	0	3	2	
0	2	0	1	0	2	1	
0	2	0	2	0	0	2	
0	3	0	3	0	1	2	
0	0	0	0	0	0	1	
0	0	0	0	0	2	2	
2	1	0	2	0	2	1	
0	2	0	3	0	1	0	
0	0	0	0	0	2	0	
0	1	0	0	0	1	3	
0	0	0	0	0	2	2	
3	3	3	1	0	0	3	
0	1	1	2	0	1	2	
0	1	0	3	2	3	2	
0	1	0	3	0	2	0	
0	2	2	3	0	3	1	
0	3	0	2	0	0	1	
0	1	0	3	0	2	1	
0	0	0	0	0	1	2	
0	0	0	0	0	3	3	
1	3	0	0	0	0	1	
0	2	0	1	3	1	2	
0	2	0	3	0	1	0	
0	1	0	0	0	0	1	
0	1	0	2	0	2	3	
0	1	0	3	1	2	2	
0	2	2	2	0	1	1	
0	3	2	3	0	2	1	
0	2	0	1	1	1	0	
0	0	0	0	0	3	3	
0	2	0	1	0	2	0	
0	0	0	3	0	1	0	
0	1	0	3	0	2	1	
0	0	1	3	0	2	0	
0	1	3	3	0	1	1	
0	0	0	2	0	1	0	
0	1	0	1	0	2	3	
0	3	1	3	0	1	2	
0	0	0	1	0	1	0	
0	2	0	0	0	3	0	
1	3	0	0	2	2	2	
0	1	0	1	1	1	1	
--------------------

--------------------
Best Solution Found!
--------------------
Time: 0 hour(s), 0 minute(s), 4 second(s), 757 millisecond(s)

Fitness: 36355

0	2	0	3	0	3	2	
0	2	0	0	0	3	0	
0	2	0	2	0	2	1	
0	1	0	1	0	2	1	
0	1	0	3	0	1	2	
0	1	0	2	1	1	2	
0	2	0	3	0	2	3	
0	0	0	3	0	2	1	
0	2	0	0	0	3	2	
0	2	0	1	0	2	1	
0	2	0	2	0	0	2	
0	3	0	3	0	1	2	
0	0	0	0	0	0	1	
0	0	0	0	0	2	2	
2	1	0	2	0	2	1	
0	2	0	3	0	1	0	
0	0	0	0	0	2	0	
0	1	0	0	0	1	3	
0	0	0	0	0	2	2	
3	3	3	1	0	0	3	
0	1	1	2	0	1	2	
0	1	0	3	2	3	2	
0	1	0	3	0	2	0	
0	2	2	3	0	3	1	
0	3	0	2	0	0	1	
0	1	0	3	0	2	1	
0	0	0	0	0	1	2	
0	0	0	0	0	3	3	
1	3	0	0	0	0	1	
0	2	0	1	3	1	2	
0	2	0	3	0	1	0	
0	1	0	0	0	0	1	
0	1	0	2	0	2	3	
0	1	0	3	1	2	2	
0	2	2	2	0	1	1	
0	3	2	3	0	2	1	
0	2	0	1	1	1	0	
0	0	0	0	0	3	3	
0	2	0	1	0	2	0	
0	0	0	3	0	1	0	
0	1	0	3	0	2	1	
0	0	1	3	0	2	0	
0	1	3	3	0	1	1	
0	0	0	2	0	1	0	
0	1	0	1	0	2	3	
0	3	1	3	0	1	2	
0	0	0	1	0	1	0	
0	2	0	0	0	3	0	
1	3	0	0	2	2	2	
0	1	0	1	1	1	1	
--------------------

--------------------
Best Solution Found!
--------------------
Time: 0 hour(s), 0 minute(s), 8 second(s), 506 millisecond(s)

Fitness: 36353

2	3	0	2	0	0	0	
0	2	1	3	0	1	3	
0	0	0	3	3	1	2	
3	2	0	3	0	1	1	
0	3	1	3	0	2	2	
0	1	0	0	0	3	2	
0	0	2	2	0	3	0	
0	0	0	2	0	2	2	
0	3	0	1	0	3	1	
0	0	0	0	0	2	0	
0	0	0	1	0	0	1	
0	1	0	1	1	2	2	
0	0	0	1	0	2	0	
0	2	3	2	0	1	1	
0	1	0	3	1	1	2	
0	2	0	0	0	0	1	
0	0	0	0	0	2	2	
0	1	0	1	0	2	0	
0	2	0	3	0	2	2	
0	2	0	2	0	1	3	
1	0	0	3	0	3	2	
0	2	0	3	1	3	3	
0	2	0	1	0	3	0	
0	3	0	2	1	2	1	
0	1	0	3	0	1	1	
0	0	0	0	0	1	1	
0	3	0	3	0	1	0	
0	0	0	2	0	1	0	
0	1	0	0	0	0	1	
0	1	0	0	0	2	0	
0	2	0	0	0	1	3	
0	1	1	2	0	1	2	
0	2	0	0	0	0	2	
0	1	0	0	0	1	0	
0	1	0	3	0	1	0	
0	3	2	3	0	3	3	
0	3	3	3	0	2	1	
0	2	0	3	0	2	1	
0	2	0	3	0	1	1	
0	2	0	1	2	0	3	
0	1	0	1	2	3	1	
1	2	0	3	0	2	2	
0	1	2	1	0	2	1	
0	1	0	3	0	2	2	
0	2	0	3	0	2	1	
0	1	0	0	0	2	2	
0	0	0	0	0	2	0	
0	1	0	0	0	1	1	
0	1	0	2	0	2	2	
0	0	0	0	0	1	3	
--------------------

--------------------
Best Solution Found!
--------------------
Time: 0 hour(s), 0 minute(s), 22 second(s), 8 millisecond(s)

Fitness: 36349

0	1	0	0	0	1	1	
0	1	1	3	0	2	1	
0	0	0	0	0	2	0	
0	1	0	2	1	1	2	
0	3	0	1	0	3	2	
0	3	0	0	0	2	0	
0	3	0	3	0	0	1	
0	1	0	0	0	0	3	
0	2	0	1	0	1	0	
0	0	0	1	0	1	1	
0	2	0	2	0	1	2	
0	2	0	3	0	2	0	
1	1	0	2	0	2	1	
0	1	0	0	0	2	1	
2	3	2	0	0	2	3	
0	1	0	3	0	0	0	
0	0	0	0	0	0	0	
0	2	0	0	0	1	0	
0	1	0	0	0	2	2	
0	1	0	2	0	3	0	
0	2	0	3	0	2	2	
0	2	0	3	2	1	1	
0	2	0	3	0	1	1	
0	0	0	3	0	1	2	
0	0	2	0	0	1	2	
0	2	0	1	0	1	3	
0	1	0	3	2	2	1	
0	1	2	3	0	3	1	
1	1	0	2	0	3	1	
0	0	0	0	0	1	3	
0	0	0	1	0	2	0	
0	2	0	3	0	3	1	
0	0	3	3	1	0	0	
0	0	0	2	0	1	2	
0	0	1	0	0	2	0	
0	2	0	0	0	2	2	
0	0	0	1	0	1	3	
0	1	0	1	0	3	2	
0	0	0	2	0	2	0	
3	2	0	3	0	2	1	
0	3	0	0	0	2	3	
0	2	0	2	0	3	3	
0	3	0	3	1	1	1	
0	2	0	3	3	1	2	
0	1	0	1	1	2	1	
0	3	1	3	0	3	2	
0	2	0	2	0	1	2	
0	1	0	3	0	0	2	
0	2	3	3	0	2	1	
0	1	0	1	0	2	2	
--------------------

--------------------
Best Solution Found!
--------------------
Time: 0 hour(s), 0 minute(s), 32 second(s), 585 millisecond(s)

Fitness: 36338

0	2	0	3	0	2	3	
0	2	0	0	1	2	2	
0	1	0	0	0	1	1	
0	0	3	1	0	1	1	
0	2	0	3	0	2	1	
0	1	0	0	0	3	3	
0	0	1	3	0	1	1	
0	1	0	3	0	3	0	
0	0	0	3	0	2	2	
0	3	2	3	0	1	2	
0	0	0	0	0	2	0	
0	3	0	0	0	1	1	
0	1	3	1	0	3	1	
0	0	0	0	0	2	0	
0	1	0	2	0	2	2	
0	2	0	3	1	1	2	
0	3	2	3	0	2	2	
0	0	0	2	0	2	1	
0	3	0	0	0	0	0	
0	0	2	0	0	0	3	
0	1	0	3	0	0	2	
0	0	0	2	0	2	3	
1	2	0	2	0	3	3	
0	1	0	1	3	1	2	
0	0	0	3	0	3	1	
1	3	0	0	0	2	1	
0	2	0	0	0	2	0	
0	1	0	2	0	1	0	
0	2	0	2	0	2	0	
0	1	0	0	0	2	2	
0	0	0	3	0	1	0	
3	3	0	1	0	1	1	
0	2	0	3	0	2	1	
2	1	0	3	0	1	2	
0	2	0	2	1	3	2	
0	1	0	3	0	1	1	
0	2	0	3	0	0	0	
0	3	1	3	0	2	1	
0	0	0	0	0	1	3	
0	1	0	1	2	1	2	
0	1	0	0	0	2	0	
0	1	1	3	0	1	2	
0	1	0	2	2	1	1	
0	2	0	1	0	0	0	
0	2	0	1	0	3	0	
0	1	0	0	0	3	2	
0	2	0	1	0	1	1	
0	2	0	2	0	0	1	
0	2	0	1	1	2	2	
0	0	0	3	0	2	3	
--------------------

--------------------
Best Solution Found!
--------------------
Time: 0 hour(s), 0 minute(s), 32 second(s), 586 millisecond(s)

Fitness: 36338

0	2	0	3	0	2	3	
0	2	0	0	1	2	2	
0	1	0	0	0	1	1	
0	0	3	1	0	1	1	
0	2	0	3	0	2	1	
0	1	0	0	0	3	3	
0	0	1	3	0	1	1	
0	1	0	3	0	3	0	
0	0	0	3	0	2	2	
0	3	2	3	0	1	2	
0	0	0	0	0	2	0	
0	3	0	0	0	1	1	
0	1	3	1	0	3	1	
0	0	0	0	0	2	0	
0	1	0	2	0	2	2	
0	2	0	3	1	1	2	
0	3	2	3	0	2	2	
0	0	0	2	0	2	1	
0	3	0	0	0	0	0	
0	0	2	0	0	0	3	
0	1	0	3	0	0	2	
0	0	0	2	0	2	3	
1	2	0	2	0	3	3	
0	1	0	1	3	1	2	
0	0	0	3	0	3	1	
1	3	0	0	0	2	1	
0	2	0	0	0	2	0	
0	1	0	2	0	1	0	
0	2	0	2	0	2	0	
0	1	0	0	0	2	2	
0	0	0	3	0	1	0	
3	3	0	1	0	1	1	
0	2	0	3	0	2	1	
2	1	0	3	0	1	2	
0	2	0	2	1	3	2	
0	1	0	3	0	1	1	
0	2	0	3	0	0	0	
0	3	1	3	0	2	1	
0	0	0	0	0	1	3	
0	1	0	1	2	1	2	
0	1	0	0	0	2	0	
0	1	1	3	0	1	2	
0	1	0	2	2	1	1	
0	2	0	1	0	0	0	
0	2	0	1	0	3	0	
0	1	0	0	0	3	2	
0	2	0	1	0	1	1	
0	2	0	2	0	0	1	
0	2	0	1	1	2	2	
0	0	0	3	0	2	3	
--------------------

--------------------
Best Solution Found!
--------------------
Time: 0 hour(s), 0 minute(s), 57 second(s), 445 millisecond(s)

Fitness: 35358

0	2	3	3	0	1	2	
0	2	2	1	0	1	2	
3	2	0	1	0	2	1	
0	0	0	3	0	3	0	
1	2	0	1	0	2	1	
0	1	0	2	0	2	0	
0	1	2	2	0	1	2	
0	2	0	0	0	1	1	
0	1	0	3	0	0	0	
0	1	0	2	3	2	2	
0	2	0	0	0	1	0	
0	1	0	0	1	0	2	
0	0	0	2	0	2	1	
0	3	1	3	0	2	3	
0	1	1	2	0	2	2	
0	1	0	3	2	2	1	
2	3	0	3	0	1	3	
0	1	0	3	0	1	2	
0	3	0	0	0	1	2	
0	0	0	1	0	1	0	
0	1	2	3	0	2	3	
0	2	0	0	2	2	3	
0	1	0	2	0	0	1	
0	0	0	0	0	2	1	
0	2	0	3	0	1	1	
0	2	0	0	1	3	0	
0	1	0	2	0	3	0	
0	1	0	0	0	3	1	
0	0	0	3	0	2	1	
0	3	0	1	1	2	2	
0	1	0	0	0	0	0	
0	0	0	0	0	3	1	
0	1	0	3	0	2	2	
0	2	0	2	0	1	1	
0	1	3	3	0	2	2	
0	0	0	3	0	2	0	
0	3	0	1	0	0	2	
0	0	0	3	0	2	1	
0	1	0	3	0	2	0	
0	0	0	1	0	1	0	
0	2	0	0	0	1	0	
0	0	0	3	0	1	3	
0	3	0	0	0	3	2	
0	0	0	3	0	3	1	
0	2	0	1	0	0	3	
1	2	0	2	0	3	1	
0	3	1	0	0	1	2	
0	2	0	1	1	2	1	
0	2	0	3	0	1	3	
0	0	0	0	0	1	2	
--------------------

--------------------
Best Solution Found!
--------------------
Time: 0 hour(s), 0 minute(s), 57 second(s), 446 millisecond(s)

Fitness: 35358

0	2	3	3	0	1	2	
0	2	2	1	0	1	2	
3	2	0	1	0	2	1	
0	0	0	3	0	3	0	
1	2	0	1	0	2	1	
0	1	0	2	0	2	0	
0	1	2	2	0	1	2	
0	2	0	0	0	1	1	
0	1	0	3	0	0	0	
0	1	0	2	3	2	2	
0	2	0	0	0	1	0	
0	1	0	0	1	0	2	
0	0	0	2	0	2	1	
0	3	1	3	0	2	3	
0	1	1	2	0	2	2	
0	1	0	3	2	2	1	
2	3	0	3	0	1	3	
0	1	0	3	0	1	2	
0	3	0	0	0	1	2	
0	0	0	1	0	1	0	
0	1	2	3	0	2	3	
0	2	0	0	2	2	3	
0	1	0	2	0	0	1	
0	0	0	0	0	2	1	
0	2	0	3	0	1	1	
0	2	0	0	1	3	0	
0	1	0	2	0	3	0	
0	1	0	0	0	3	1	
0	0	0	3	0	2	1	
0	3	0	1	1	2	2	
0	1	0	0	0	0	0	
0	0	0	0	0	3	1	
0	1	0	3	0	2	2	
0	2	0	2	0	1	1	
0	1	3	3	0	2	2	
0	0	0	3	0	2	0	
0	3	0	1	0	0	2	
0	0	0	3	0	2	1	
0	1	0	3	0	2	0	
0	0	0	1	0	1	0	
0	2	0	0	0	1	0	
0	0	0	3	0	1	3	
0	3	0	0	0	3	2	
0	0	0	3	0	3	1	
0	2	0	1	0	0	3	
1	2	0	2	0	3	1	
0	3	1	0	0	1	2	
0	2	0	1	1	2	1	
0	2	0	3	0	1	3	
0	0	0	0	0	1	2	
--------------------

--------------------
Best Solution Found!
--------------------
Time: 0 hour(s), 0 minute(s), 57 second(s), 447 millisecond(s)

Fitness: 35358

0	2	3	3	0	1	2	
0	2	2	1	0	1	2	
3	2	0	1	0	2	1	
0	0	0	3	0	3	0	
1	2	0	1	0	2	1	
0	1	0	2	0	2	0	
0	1	2	2	0	1	2	
0	2	0	0	0	1	1	
0	1	0	3	0	0	0	
0	1	0	2	3	2	2	
0	2	0	0	0	1	0	
0	1	0	0	1	0	2	
0	0	0	2	0	2	1	
0	3	1	3	0	2	3	
0	1	1	2	0	2	2	
0	1	0	3	2	2	1	
2	3	0	3	0	1	3	
0	1	0	3	0	1	2	
0	3	0	0	0	1	2	
0	0	0	1	0	1	0	
0	1	2	3	0	2	3	
0	2	0	0	2	2	3	
0	1	0	2	0	0	1	
0	0	0	0	0	2	1	
0	2	0	3	0	1	1	
0	2	0	0	1	3	0	
0	1	0	2	0	3	0	
0	1	0	0	0	3	1	
0	0	0	3	0	2	1	
0	3	0	1	1	2	2	
0	1	0	0	0	0	0	
0	0	0	0	0	3	1	
0	1	0	3	0	2	2	
0	2	0	2	0	1	1	
0	1	3	3	0	2	2	
0	0	0	3	0	2	0	
0	3	0	1	0	0	2	
0	0	0	3	0	2	1	
0	1	0	3	0	2	0	
0	0	0	1	0	1	0	
0	2	0	0	0	1	0	
0	0	0	3	0	1	3	
0	3	0	0	0	3	2	
0	0	0	3	0	3	1	
0	2	0	1	0	0	3	
1	2	0	2	0	3	1	
0	3	1	0	0	1	2	
0	2	0	1	1	2	1	
0	2	0	3	0	1	3	
0	0	0	0	0	1	2	
--------------------

--------------------
Best Solution Found!
--------------------
Time: 0 hour(s), 2 minute(s), 22 second(s), 581 millisecond(s)

Fitness: 35349

0	1	0	3	0	0	0	
0	2	3	3	0	3	3	
0	0	0	1	0	0	2	
0	1	0	3	3	1	3	
0	2	0	0	0	0	0	
0	2	0	0	0	3	0	
0	2	0	0	0	0	1	
0	2	1	1	0	3	2	
0	1	0	2	0	3	2	
0	0	0	3	0	2	3	
0	1	0	3	0	2	0	
0	2	0	2	0	1	1	
0	2	1	1	0	2	1	
0	2	0	0	0	2	1	
0	0	0	0	0	1	2	
0	2	0	2	1	3	3	
3	1	0	2	0	2	1	
0	3	0	3	0	0	1	
0	1	0	0	0	2	2	
0	0	0	2	0	1	1	
1	2	0	3	0	1	2	
0	2	0	1	1	1	1	
0	1	0	1	1	1	3	
0	0	3	3	0	3	0	
0	0	0	0	0	3	0	
0	1	0	1	0	1	2	
0	1	0	2	0	0	3	
0	1	2	3	0	2	1	
0	0	0	0	0	1	2	
0	2	0	3	0	2	2	
0	1	0	1	0	2	3	
0	3	2	2	0	1	2	
1	2	0	3	0	2	2	
0	1	1	3	0	1	1	
0	1	0	3	0	1	1	
0	2	0	3	0	2	0	
0	1	0	0	0	2	0	
0	3	0	0	0	2	2	
0	2	0	0	0	2	0	
0	3	0	0	0	3	0	
0	3	0	3	0	2	0	
2	0	0	0	0	2	0	
0	0	0	3	0	2	2	
0	0	0	1	0	1	1	
0	3	0	3	2	1	1	
0	1	0	2	1	2	1	
0	3	0	2	0	1	2	
0	0	0	1	0	2	2	
0	0	2	0	2	1	1	
0	1	0	3	0	1	1	
--------------------

--------------------
Best Solution Found!
--------------------
Time: 0 hour(s), 2 minute(s), 22 second(s), 582 millisecond(s)

Fitness: 35349

0	1	0	3	0	0	0	
0	2	3	3	0	3	3	
0	0	0	1	0	0	2	
0	1	0	3	3	1	3	
0	2	0	0	0	0	0	
0	2	0	0	0	3	0	
0	2	0	0	0	0	1	
0	2	1	1	0	3	2	
0	1	0	2	0	3	2	
0	0	0	3	0	2	3	
0	1	0	3	0	2	0	
0	2	0	2	0	1	1	
0	2	1	1	0	2	1	
0	2	0	0	0	2	1	
0	0	0	0	0	1	2	
0	2	0	2	1	3	3	
3	1	0	2	0	2	1	
0	3	0	3	0	0	1	
0	1	0	0	0	2	2	
0	0	0	2	0	1	1	
1	2	0	3	0	1	2	
0	2	0	1	1	1	1	
0	1	0	1	1	1	3	
0	0	3	3	0	3	0	
0	0	0	0	0	3	0	
0	1	0	1	0	1	2	
0	1	0	2	0	0	3	
0	1	2	3	0	2	1	
0	0	0	0	0	1	2	
0	2	0	3	0	2	2	
0	1	0	1	0	2	3	
0	3	2	2	0	1	2	
1	2	0	3	0	2	2	
0	1	1	3	0	1	1	
0	1	0	3	0	1	1	
0	2	0	3	0	2	0	
0	1	0	0	0	2	0	
0	3	0	0	0	2	2	
0	2	0	0	0	2	0	
0	3	0	0	0	3	0	
0	3	0	3	0	2	0	
2	0	0	0	0	2	0	
0	0	0	3	0	2	2	
0	0	0	1	0	1	1	
0	3	0	3	2	1	1	
0	1	0	2	1	2	1	
0	3	0	2	0	1	2	
0	0	0	1	0	2	2	
0	0	2	0	2	1	1	
0	1	0	3	0	1	1	
--------------------

--------------------
Best Solution Found!
--------------------
Time: 0 hour(s), 2 minute(s), 27 second(s), 366 millisecond(s)

Fitness: 35345

0	2	2	1	0	2	3	
0	0	0	3	0	1	2	
0	0	0	0	0	3	0	
0	1	0	1	0	1	1	
0	1	0	3	2	2	3	
0	3	0	1	1	0	0	
0	1	1	0	0	2	3	
0	2	3	3	0	1	3	
0	1	0	1	1	1	1	
0	1	2	1	0	1	2	
0	0	0	0	0	1	0	
0	0	0	2	0	1	2	
0	1	0	3	2	2	1	
0	3	0	2	0	1	0	
0	0	0	0	0	1	3	
0	1	0	0	0	0	0	
0	2	0	3	0	2	1	
0	0	0	0	0	0	2	
0	1	0	0	0	2	2	
0	1	0	3	0	0	0	
0	1	0	2	0	1	2	
0	3	0	2	0	3	2	
0	2	0	3	0	0	2	
0	2	1	2	0	2	2	
0	1	0	0	0	2	2	
0	0	0	0	0	1	0	
0	1	0	3	0	1	0	
0	0	0	0	0	2	2	
3	3	0	2	0	2	1	
0	2	0	3	0	0	1	
0	2	0	0	0	3	0	
0	2	1	3	0	2	3	
0	2	0	1	0	3	1	
0	2	0	1	0	2	1	
2	0	0	3	0	1	1	
0	1	0	3	1	3	2	
0	0	0	0	0	2	1	
0	2	0	2	0	2	0	
0	0	0	3	0	2	2	
0	3	0	3	0	1	0	
0	2	0	1	0	2	1	
0	1	0	0	0	2	0	
0	1	0	2	3	3	3	
0	2	2	3	0	1	1	
0	2	0	2	1	1	1	
1	2	0	3	0	1	2	
0	1	0	0	0	2	1	
0	0	3	3	0	3	1	
1	3	0	1	0	3	1	
0	3	0	3	0	2	2	
--------------------

--------------------
Best Solution Found!
--------------------
Time: 0 hour(s), 2 minute(s), 27 second(s), 367 millisecond(s)

Fitness: 35345

0	2	2	1	0	2	3	
0	0	0	3	0	1	2	
0	0	0	0	0	3	0	
0	1	0	1	0	1	1	
0	1	0	3	2	2	3	
0	3	0	1	1	0	0	
0	1	1	0	0	2	3	
0	2	3	3	0	1	3	
0	1	0	1	1	1	1	
0	1	2	1	0	1	2	
0	0	0	0	0	1	0	
0	0	0	2	0	1	2	
0	1	0	3	2	2	1	
0	3	0	2	0	1	0	
0	0	0	0	0	1	3	
0	1	0	0	0	0	0	
0	2	0	3	0	2	1	
0	0	0	0	0	0	2	
0	1	0	0	0	2	2	
0	1	0	3	0	0	0	
0	1	0	2	0	1	2	
0	3	0	2	0	3	2	
0	2	0	3	0	0	2	
0	2	1	2	0	2	2	
0	1	0	0	0	2	2	
0	0	0	0	0	1	0	
0	1	0	3	0	1	0	
0	0	0	0	0	2	2	
3	3	0	2	0	2	1	
0	2	0	3	0	0	1	
0	2	0	0	0	3	0	
0	2	1	3	0	2	3	
0	2	0	1	0	3	1	
0	2	0	1	0	2	1	
2	0	0	3	0	1	1	
0	1	0	3	1	3	2	
0	0	0	0	0	2	1	
0	2	0	2	0	2	0	
0	0	0	3	0	2	2	
0	3	0	3	0	1	0	
0	2	0	1	0	2	1	
0	1	0	0	0	2	0	
0	1	0	2	3	3	3	
0	2	2	3	0	1	1	
0	2	0	2	1	1	1	
1	2	0	3	0	1	2	
0	1	0	0	0	2	1	
0	0	3	3	0	3	1	
1	3	0	1	0	3	1	
0	3	0	3	0	2	2	
--------------------

--------------------
Best Solution Found!
--------------------
Time: 0 hour(s), 5 minute(s), 57 second(s), 497 millisecond(s)

Fitness: 35343

0	2	0	2	0	0	1	
0	2	0	3	1	2	1	
0	3	3	3	0	1	1	
0	3	0	2	0	2	1	
1	3	0	2	0	2	1	
0	1	0	0	0	1	3	
0	2	0	1	0	3	1	
0	0	0	0	0	2	0	
0	3	0	1	0	0	0	
0	0	2	1	0	2	0	
0	2	0	3	0	3	3	
0	0	0	0	0	3	2	
0	1	0	1	0	2	0	
0	1	1	3	0	2	2	
0	2	0	0	0	1	1	
0	2	3	2	0	2	3	
0	1	0	1	0	0	2	
0	0	0	3	0	0	2	
0	1	0	0	0	3	0	
0	3	0	0	0	0	0	
0	1	0	3	2	3	2	
0	0	0	0	0	2	1	
0	2	0	3	2	1	1	
0	1	2	2	0	1	2	
0	2	0	0	0	1	0	
0	1	0	3	1	3	2	
0	1	1	1	0	2	2	
0	0	0	1	0	1	1	
0	2	0	1	1	2	2	
0	1	0	3	0	1	3	
3	3	0	3	0	1	1	
0	1	0	0	0	1	2	
0	0	0	3	0	2	0	
0	2	0	3	0	3	0	
0	0	0	3	0	1	0	
0	2	0	2	0	2	3	
0	2	0	2	0	2	3	
0	2	1	3	0	2	2	
2	2	2	0	0	1	0	
0	0	0	3	0	2	0	
0	2	0	0	0	1	1	
0	1	0	0	0	2	3	
0	1	0	1	0	1	1	
0	3	0	0	0	1	2	
0	1	0	2	3	1	2	
0	0	0	0	0	0	2	
0	0	0	3	0	3	1	
0	0	0	3	1	2	1	
0	1	0	2	0	2	2	
1	1	0	3	0	1	1	
--------------------

--------------------
Best Solution Found!
--------------------
Time: 0 hour(s), 5 minute(s), 57 second(s), 498 millisecond(s)

Fitness: 35343

0	2	0	2	0	0	1	
0	2	0	3	1	2	1	
0	3	3	3	0	1	1	
0	3	0	2	0	2	1	
1	3	0	2	0	2	1	
0	1	0	0	0	1	3	
0	2	0	1	0	3	1	
0	0	0	0	0	2	0	
0	3	0	1	0	0	0	
0	0	2	1	0	2	0	
0	2	0	3	0	3	3	
0	0	0	0	0	3	2	
0	1	0	1	0	2	0	
0	1	1	3	0	2	2	
0	2	0	0	0	1	1	
0	2	3	2	0	2	3	
0	1	0	1	0	0	2	
0	0	0	3	0	0	2	
0	1	0	0	0	3	0	
0	3	0	0	0	0	0	
0	1	0	3	2	3	2	
0	0	0	0	0	2	1	
0	2	0	3	2	1	1	
0	1	2	2	0	1	2	
0	2	0	0	0	1	0	
0	1	0	3	1	3	2	
0	1	1	1	0	2	2	
0	0	0	1	0	1	1	
0	2	0	1	1	2	2	
0	1	0	3	0	1	3	
3	3	0	3	0	1	1	
0	1	0	0	0	1	2	
0	0	0	3	0	2	0	
0	2	0	3	0	3	0	
0	0	0	3	0	1	0	
0	2	0	2	0	2	3	
0	2	0	2	0	2	3	
0	2	1	3	0	2	2	
2	2	2	0	0	1	0	
0	0	0	3	0	2	0	
0	2	0	0	0	1	1	
0	1	0	0	0	2	3	
0	1	0	1	0	1	1	
0	3	0	0	0	1	2	
0	1	0	2	3	1	2	
0	0	0	0	0	0	2	
0	0	0	3	0	3	1	
0	0	0	3	1	2	1	
0	1	0	2	0	2	2	
1	1	0	3	0	1	1	
--------------------

--------------------
Best Solution Found!
--------------------
Time: 0 hour(s), 5 minute(s), 57 second(s), 499 millisecond(s)

Fitness: 35343

0	2	0	2	0	0	1	
0	2	0	3	1	2	1	
0	3	3	3	0	1	1	
0	3	0	2	0	2	1	
1	3	0	2	0	2	1	
0	1	0	0	0	1	3	
0	2	0	1	0	3	1	
0	0	0	0	0	2	0	
0	3	0	1	0	0	0	
0	0	2	1	0	2	0	
0	2	0	3	0	3	3	
0	0	0	0	0	3	2	
0	1	0	1	0	2	0	
0	1	1	3	0	2	2	
0	2	0	0	0	1	1	
0	2	3	2	0	2	3	
0	1	0	1	0	0	2	
0	0	0	3	0	0	2	
0	1	0	0	0	3	0	
0	3	0	0	0	0	0	
0	1	0	3	2	3	2	
0	0	0	0	0	2	1	
0	2	0	3	2	1	1	
0	1	2	2	0	1	2	
0	2	0	0	0	1	0	
0	1	0	3	1	3	2	
0	1	1	1	0	2	2	
0	0	0	1	0	1	1	
0	2	0	1	1	2	2	
0	1	0	3	0	1	3	
3	3	0	3	0	1	1	
0	1	0	0	0	1	2	
0	0	0	3	0	2	0	
0	2	0	3	0	3	0	
0	0	0	3	0	1	0	
0	2	0	2	0	2	3	
0	2	0	2	0	2	3	
0	2	1	3	0	2	2	
2	2	2	0	0	1	0	
0	0	0	3	0	2	0	
0	2	0	0	0	1	1	
0	1	0	0	0	2	3	
0	1	0	1	0	1	1	
0	3	0	0	0	1	2	
0	1	0	2	3	1	2	
0	0	0	0	0	0	2	
0	0	0	3	0	3	1	
0	0	0	3	1	2	1	
0	1	0	2	0	2	2	
1	1	0	3	0	1	1	
--------------------



