--------------------
Best Solution Found!
--------------------
Time: 0 hour(s), 0 minute(s), 0 second(s), 0 millisecond(s)

Fitness: 75248

0	0	0	0	0	0	1	
3	0	0	0	0	0	1	
0	0	0	0	0	0	0	
3	0	1	0	0	0	2	
3	1	1	0	0	0	0	
0	0	0	1	0	0	0	
0	0	0	0	0	0	0	
0	0	0	0	0	0	2	
0	0	2	0	0	0	0	
1	0	0	0	0	0	1	
0	0	0	1	0	0	0	
0	0	0	0	0	0	0	
0	0	0	2	0	0	0	
0	1	0	2	3	0	3	
0	0	0	2	2	0	1	
0	0	2	1	0	0	0	
0	0	0	0	0	3	0	
0	0	0	0	0	0	0	
0	1	0	1	0	0	0	
0	1	0	0	0	0	0	
0	0	0	1	0	0	0	
0	0	0	0	0	0	0	
0	0	0	0	0	3	0	
0	0	0	0	0	0	0	
0	1	0	0	0	2	1	
0	0	0	0	0	0	0	
1	0	0	0	0	0	0	
1	1	0	0	0	3	2	
1	2	1	0	2	0	0	
0	0	0	0	0	0	0	
0	1	0	2	0	1	0	
0	0	0	0	0	0	0	
0	2	0	1	0	0	0	
0	0	0	0	0	0	0	
3	0	0	0	0	0	1	
0	1	0	0	0	0	0	
3	0	0	0	0	0	0	
0	0	0	0	0	0	0	
0	2	0	2	0	0	0	
0	0	0	0	0	3	0	
0	0	1	0	0	3	0	
1	0	0	0	0	0	0	
3	1	0	0	0	0	1	
1	0	0	0	0	0	0	
3	0	0	0	0	0	0	
0	0	0	0	0	0	0	
1	2	0	1	0	0	1	
0	0	0	1	0	0	1	
3	0	0	0	0	0	1	
3	0	0	0	0	3	0	
0	0	0	0	0	0	0	
1	2	0	1	0	0	0	
0	0	0	0	0	0	2	
0	0	0	0	0	0	0	
0	0	0	0	0	0	1	
1	0	0	0	0	0	0	
0	1	0	0	0	3	0	
1	0	0	0	0	0	0	
0	1	2	1	0	0	0	
0	0	1	1	0	0	1	
0	0	0	0	0	0	0	
0	2	0	2	0	0	0	
0	0	0	0	0	3	0	
3	2	0	0	0	0	0	
0	0	0	0	0	1	0	
0	0	0	2	0	0	0	
0	2	0	0	0	0	0	
0	1	0	0	0	0	0	
0	0	0	0	0	0	3	
0	0	2	0	0	2	0	
0	0	2	0	0	0	0	
0	0	0	0	0	0	0	
3	0	0	2	0	0	0	
0	2	2	0	0	0	0	
0	0	0	0	0	0	0	
--------------------

--------------------
Best Solution Found!
--------------------
Time: 0 hour(s), 0 minute(s), 0 second(s), 1 millisecond(s)

Fitness: 75238

0	0	0	2	0	0	1	
3	0	0	0	0	0	1	
0	0	0	0	0	3	0	
0	1	0	0	0	3	1	
0	1	0	0	0	0	0	
1	0	0	1	0	0	1	
3	2	0	0	0	0	0	
0	1	0	0	0	0	0	
3	0	0	0	0	0	2	
1	1	0	0	0	1	0	
3	0	0	0	0	0	0	
0	1	0	0	0	0	0	
0	0	2	0	0	3	0	
0	0	2	0	0	0	3	
3	0	0	0	0	0	0	
0	0	0	0	0	0	0	
0	0	0	0	0	3	0	
0	0	0	0	0	2	0	
0	2	0	0	0	0	0	
0	0	0	1	0	3	0	
0	0	0	2	0	0	0	
1	2	0	0	0	0	0	
0	0	0	0	0	0	0	
0	0	0	0	0	0	0	
0	0	0	0	0	0	2	
0	0	0	0	0	0	0	
0	0	0	1	0	0	1	
0	0	0	0	0	0	0	
3	0	0	0	0	0	3	
3	1	0	0	0	0	0	
0	1	0	0	0	0	0	
0	0	0	1	0	0	0	
0	0	2	0	0	0	0	
0	0	0	2	0	0	0	
0	0	0	0	0	0	0	
1	0	0	1	0	0	0	
0	1	0	2	3	0	1	
0	0	0	0	0	0	0	
0	0	0	0	0	0	0	
0	0	0	2	0	0	0	
0	0	0	1	0	0	0	
0	0	0	2	0	3	1	
0	0	0	0	0	0	0	
0	1	0	0	0	0	0	
0	2	0	0	0	0	0	
0	0	1	0	0	0	2	
0	0	0	1	0	0	2	
0	0	1	0	0	0	0	
0	2	0	0	0	0	0	
0	0	0	1	0	0	1	
1	0	2	0	0	3	1	
1	0	0	1	0	0	0	
3	1	0	0	0	0	0	
0	2	0	0	0	0	0	
0	0	0	0	0	0	0	
0	0	0	1	0	0	0	
3	0	0	0	0	0	1	
0	0	0	0	0	0	0	
0	1	0	0	2	0	0	
0	0	0	0	0	0	1	
1	0	0	0	0	0	0	
1	0	1	0	0	0	0	
0	0	2	0	0	0	0	
1	0	0	0	0	0	0	
1	0	0	0	0	0	0	
0	2	0	0	0	0	0	
0	0	0	2	0	0	0	
3	0	0	0	0	0	1	
0	1	0	0	0	1	0	
0	2	0	2	0	0	0	
0	2	1	0	0	3	0	
0	0	1	1	2	0	0	
0	0	0	0	0	0	0	
0	0	0	0	0	2	0	
3	0	2	0	0	0	0	
--------------------

--------------------
Best Solution Found!
--------------------
Time: 0 hour(s), 0 minute(s), 0 second(s), 1 millisecond(s)

Fitness: 75232

0	2	0	0	0	0	0	
0	1	0	1	0	0	1	
0	0	0	1	0	0	0	
0	1	0	0	0	0	0	
0	0	0	0	0	0	0	
0	0	0	0	0	0	0	
0	2	0	0	0	0	1	
0	0	2	0	2	0	0	
0	0	0	0	0	0	0	
0	0	0	0	0	2	0	
1	0	2	2	0	0	0	
1	0	0	0	0	0	2	
0	0	0	0	0	3	0	
0	1	0	0	0	0	0	
1	2	0	0	0	3	0	
0	0	0	0	0	0	0	
0	2	0	0	3	0	0	
3	0	0	0	0	0	0	
0	1	0	0	0	0	0	
0	1	0	1	0	0	0	
0	0	0	0	0	0	0	
3	1	0	2	0	0	0	
0	0	0	0	0	0	1	
0	2	0	2	0	0	0	
0	0	0	0	0	0	0	
1	1	0	2	0	0	0	
3	0	1	0	0	0	0	
0	0	0	0	0	0	0	
3	0	0	0	0	2	0	
1	0	0	0	0	0	0	
3	2	0	0	0	0	0	
1	0	0	0	0	0	1	
3	0	0	0	0	0	3	
0	0	0	0	0	0	0	
0	0	0	0	0	0	0	
0	0	0	0	0	1	1	
0	0	0	0	2	0	0	
0	0	0	0	0	0	2	
0	0	0	0	0	0	0	
0	0	0	0	0	0	2	
0	0	0	0	0	0	0	
0	0	0	0	0	0	1	
0	0	2	0	0	0	1	
0	0	1	1	0	0	0	
1	0	0	1	0	0	0	
0	0	2	1	0	0	0	
0	0	0	0	0	0	0	
0	0	0	0	0	1	0	
0	0	0	0	0	0	1	
3	1	0	0	0	3	0	
0	2	0	0	0	0	0	
0	0	0	0	0	0	1	
3	0	0	0	0	0	1	
0	2	0	2	0	0	0	
0	0	0	0	0	0	0	
3	0	1	0	0	0	0	
0	0	2	0	0	0	3	
0	0	0	0	0	0	0	
1	0	0	0	0	0	0	
1	0	1	0	0	3	0	
3	1	0	0	0	0	0	
0	0	0	0	0	0	0	
0	0	0	1	0	0	0	
0	0	1	0	0	3	0	
0	1	0	2	0	0	0	
0	0	0	0	0	0	2	
0	0	2	1	0	0	1	
0	1	0	0	0	0	0	
0	0	0	2	0	0	0	
0	0	0	1	0	3	1	
0	0	0	2	0	0	0	
0	2	0	0	0	3	0	
1	0	0	1	0	3	0	
0	0	0	1	0	0	0	
3	1	0	0	0	0	0	
--------------------

--------------------
Best Solution Found!
--------------------
Time: 0 hour(s), 0 minute(s), 0 second(s), 2 millisecond(s)

Fitness: 75224

0	0	0	0	2	0	0	
0	1	0	1	0	0	1	
0	0	0	0	0	0	1	
3	0	1	0	0	0	0	
0	0	0	0	0	3	0	
0	0	2	0	0	3	0	
0	0	0	0	0	0	0	
0	0	0	2	0	0	0	
3	0	0	0	0	0	3	
0	1	0	0	0	0	2	
3	0	1	0	0	0	0	
1	1	0	0	0	3	0	
0	0	0	0	0	0	0	
0	1	0	0	0	2	1	
0	0	0	0	0	0	0	
0	2	0	0	0	0	0	
0	0	0	0	0	0	0	
0	1	0	0	0	0	1	
0	0	0	0	0	0	0	
0	0	0	0	0	0	0	
3	0	0	0	0	0	0	
0	0	0	0	0	1	0	
0	0	0	0	0	3	0	
0	0	0	1	0	0	1	
0	0	0	0	0	0	1	
0	0	2	0	0	0	0	
0	0	0	0	0	0	0	
0	2	2	0	0	0	0	
3	0	0	0	0	0	0	
0	1	0	0	0	0	0	
0	0	0	0	0	0	1	
0	0	0	0	0	0	0	
3	0	2	0	0	1	0	
1	0	0	2	0	0	0	
0	0	0	1	0	0	3	
0	0	0	0	0	0	0	
0	0	0	0	0	0	0	
0	0	1	2	0	0	0	
1	2	0	0	0	0	1	
3	2	0	1	0	3	0	
0	0	0	2	3	3	1	
0	2	0	0	0	0	2	
0	0	0	0	0	0	0	
0	0	0	0	0	0	0	
0	1	0	0	0	0	0	
0	0	0	1	0	0	0	
1	0	0	2	0	0	0	
0	0	0	0	0	0	0	
1	0	0	0	0	0	0	
1	0	0	0	0	0	0	
0	1	0	2	0	0	0	
0	0	0	0	0	0	1	
0	0	0	2	0	0	1	
0	1	2	0	2	0	0	
3	0	0	0	0	0	2	
0	0	0	0	0	0	0	
0	0	0	0	0	0	0	
1	2	0	0	0	0	1	
0	2	0	0	0	0	0	
0	1	0	0	0	0	0	
3	2	0	2	0	0	0	
3	0	0	0	0	0	0	
0	0	0	1	0	0	0	
0	0	0	1	0	0	2	
0	1	0	0	0	3	0	
0	0	0	1	0	0	0	
0	0	2	0	0	0	0	
3	0	1	1	0	0	0	
1	0	0	0	0	0	0	
0	0	0	1	0	0	0	
0	0	1	0	0	0	0	
1	1	0	0	0	3	0	
1	0	0	0	0	0	0	
0	2	0	1	0	0	0	
0	0	0	0	0	2	0	
--------------------

--------------------
Best Solution Found!
--------------------
Time: 0 hour(s), 0 minute(s), 0 second(s), 3 millisecond(s)

Fitness: 75224

0	0	0	0	2	0	0	
0	1	0	1	0	0	1	
0	0	0	0	0	0	1	
3	0	1	0	0	0	0	
0	0	0	0	0	3	0	
0	0	2	0	0	3	0	
0	0	0	0	0	0	0	
0	0	0	2	0	0	0	
3	0	0	0	0	0	3	
0	1	0	0	0	0	2	
3	0	1	0	0	0	0	
1	1	0	0	0	3	0	
0	0	0	0	0	0	0	
0	1	0	0	0	2	1	
0	0	0	0	0	0	0	
0	2	0	0	0	0	0	
0	0	0	0	0	0	0	
0	1	0	0	0	0	1	
0	0	0	0	0	0	0	
0	0	0	0	0	0	0	
3	0	0	0	0	0	0	
0	0	0	0	0	1	0	
0	0	0	0	0	3	0	
0	0	0	1	0	0	1	
0	0	0	0	0	0	1	
0	0	2	0	0	0	0	
0	0	0	0	0	0	0	
0	2	2	0	0	0	0	
3	0	0	0	0	0	0	
0	1	0	0	0	0	0	
0	0	0	0	0	0	1	
0	0	0	0	0	0	0	
3	0	2	0	0	1	0	
1	0	0	2	0	0	0	
0	0	0	1	0	0	3	
0	0	0	0	0	0	0	
0	0	0	0	0	0	0	
0	0	1	2	0	0	0	
1	2	0	0	0	0	1	
3	2	0	1	0	3	0	
0	0	0	2	3	3	1	
0	2	0	0	0	0	2	
0	0	0	0	0	0	0	
0	0	0	0	0	0	0	
0	1	0	0	0	0	0	
0	0	0	1	0	0	0	
1	0	0	2	0	0	0	
0	0	0	0	0	0	0	
1	0	0	0	0	0	0	
1	0	0	0	0	0	0	
0	1	0	2	0	0	0	
0	0	0	0	0	0	1	
0	0	0	2	0	0	1	
0	1	2	0	2	0	0	
3	0	0	0	0	0	2	
0	0	0	0	0	0	0	
0	0	0	0	0	0	0	
1	2	0	0	0	0	1	
0	2	0	0	0	0	0	
0	1	0	0	0	0	0	
3	2	0	2	0	0	0	
3	0	0	0	0	0	0	
0	0	0	1	0	0	0	
0	0	0	1	0	0	2	
0	1	0	0	0	3	0	
0	0	0	1	0	0	0	
0	0	2	0	0	0	0	
3	0	1	1	0	0	0	
1	0	0	0	0	0	0	
0	0	0	1	0	0	0	
0	0	1	0	0	0	0	
1	1	0	0	0	3	0	
1	0	0	0	0	0	0	
0	2	0	1	0	0	0	
0	0	0	0	0	2	0	
--------------------

--------------------
Best Solution Found!
--------------------
Time: 0 hour(s), 0 minute(s), 0 second(s), 4 millisecond(s)

Fitness: 75224

0	0	0	0	2	0	0	
0	1	0	1	0	0	1	
0	0	0	0	0	0	1	
3	0	1	0	0	0	0	
0	0	0	0	0	3	0	
0	0	2	0	0	3	0	
0	0	0	0	0	0	0	
0	0	0	2	0	0	0	
3	0	0	0	0	0	3	
0	1	0	0	0	0	2	
3	0	1	0	0	0	0	
1	1	0	0	0	3	0	
0	0	0	0	0	0	0	
0	1	0	0	0	2	1	
0	0	0	0	0	0	0	
0	2	0	0	0	0	0	
0	0	0	0	0	0	0	
0	1	0	0	0	0	1	
0	0	0	0	0	0	0	
0	0	0	0	0	0	0	
3	0	0	0	0	0	0	
0	0	0	0	0	1	0	
0	0	0	0	0	3	0	
0	0	0	1	0	0	1	
0	0	0	0	0	0	1	
0	0	2	0	0	0	0	
0	0	0	0	0	0	0	
0	2	2	0	0	0	0	
3	0	0	0	0	0	0	
0	1	0	0	0	0	0	
0	0	0	0	0	0	1	
0	0	0	0	0	0	0	
3	0	2	0	0	1	0	
1	0	0	2	0	0	0	
0	0	0	1	0	0	3	
0	0	0	0	0	0	0	
0	0	0	0	0	0	0	
0	0	1	2	0	0	0	
1	2	0	0	0	0	1	
3	2	0	1	0	3	0	
0	0	0	2	3	3	1	
0	2	0	0	0	0	2	
0	0	0	0	0	0	0	
0	0	0	0	0	0	0	
0	1	0	0	0	0	0	
0	0	0	1	0	0	0	
1	0	0	2	0	0	0	
0	0	0	0	0	0	0	
1	0	0	0	0	0	0	
1	0	0	0	0	0	0	
0	1	0	2	0	0	0	
0	0	0	0	0	0	1	
0	0	0	2	0	0	1	
0	1	2	0	2	0	0	
3	0	0	0	0	0	2	
0	0	0	0	0	0	0	
0	0	0	0	0	0	0	
1	2	0	0	0	0	1	
0	2	0	0	0	0	0	
0	1	0	0	0	0	0	
3	2	0	2	0	0	0	
3	0	0	0	0	0	0	
0	0	0	1	0	0	0	
0	0	0	1	0	0	2	
0	1	0	0	0	3	0	
0	0	0	1	0	0	0	
0	0	2	0	0	0	0	
3	0	1	1	0	0	0	
1	0	0	0	0	0	0	
0	0	0	1	0	0	0	
0	0	1	0	0	0	0	
1	1	0	0	0	3	0	
1	0	0	0	0	0	0	
0	2	0	1	0	0	0	
0	0	0	0	0	2	0	
--------------------

--------------------
Best Solution Found!
--------------------
Time: 0 hour(s), 0 minute(s), 0 second(s), 5 millisecond(s)

Fitness: 74229

0	0	0	0	0	0	0	
3	1	0	0	0	0	1	
0	0	0	2	0	0	0	
0	0	1	1	0	0	0	
1	0	1	0	0	0	0	
1	2	0	0	0	0	0	
0	0	0	0	0	0	1	
0	0	0	1	2	2	0	
3	0	2	0	0	2	0	
0	0	0	0	0	3	0	
0	0	0	0	0	0	0	
3	0	0	0	0	3	2	
0	0	0	0	0	3	0	
0	0	0	0	0	0	0	
0	1	0	0	0	0	0	
0	0	2	0	0	0	0	
0	0	0	0	3	0	0	
0	0	0	0	0	0	0	
0	0	0	2	0	0	0	
0	2	0	0	0	0	0	
0	0	0	1	0	0	0	
3	0	0	0	0	0	0	
0	0	0	0	0	0	1	
1	0	0	0	0	0	0	
0	1	0	1	0	1	0	
0	0	0	2	0	0	0	
0	0	0	1	0	0	0	
0	1	0	1	0	0	0	
0	0	1	1	0	0	0	
0	0	0	0	0	0	0	
1	0	0	0	0	3	0	
0	0	0	0	0	0	1	
1	0	0	0	0	1	3	
0	0	0	2	0	0	0	
0	2	0	0	0	0	0	
0	0	0	0	0	3	1	
0	2	0	2	2	0	0	
0	0	0	0	0	0	2	
3	0	0	0	0	0	0	
0	0	0	0	0	3	2	
1	0	1	0	0	0	0	
3	0	0	0	0	0	1	
0	0	0	0	0	0	1	
3	1	0	2	0	0	0	
0	1	0	0	0	0	0	
0	0	0	0	0	0	0	
0	0	0	0	0	0	0	
0	0	0	0	0	0	0	
0	0	0	0	0	0	1	
0	0	0	1	0	0	0	
3	1	0	0	0	0	0	
0	0	0	0	0	0	1	
3	0	0	0	0	0	1	
0	1	0	1	0	0	0	
0	0	0	0	0	0	0	
0	0	0	0	0	0	0	
0	0	0	0	0	0	3	
0	0	0	2	0	0	0	
0	0	2	0	0	0	0	
3	0	1	0	0	0	0	
0	2	0	0	0	0	0	
0	0	0	0	0	0	0	
0	2	0	0	0	0	0	
1	2	0	0	0	0	0	
0	1	0	2	0	3	0	
1	0	0	0	0	0	2	
0	1	0	0	0	0	1	
0	1	0	0	0	0	0	
0	1	0	0	0	0	0	
1	0	2	0	0	0	1	
0	0	2	0	0	0	0	
0	0	0	0	0	0	0	
1	0	0	0	0	0	0	
3	2	2	1	0	3	0	
0	2	0	1	0	0	0	
--------------------

--------------------
Best Solution Found!
--------------------
Time: 0 hour(s), 0 minute(s), 0 second(s), 16 millisecond(s)

Fitness: 74223

0	1	0	0	0	2	0	
3	1	1	1	0	0	1	
0	0	0	0	0	0	1	
0	1	0	0	0	2	0	
1	0	0	0	0	0	0	
1	0	0	0	0	3	0	
0	0	0	0	0	0	0	
0	0	0	0	2	1	0	
3	2	0	2	0	0	3	
0	2	0	0	0	0	2	
0	0	0	2	0	3	0	
3	0	0	0	0	0	0	
0	0	1	2	0	0	0	
0	0	0	0	0	0	1	
0	0	0	0	0	0	0	
0	2	0	0	0	0	0	
0	2	0	0	3	0	0	
0	0	0	0	0	0	1	
0	0	0	0	0	0	0	
0	0	0	0	0	0	0	
0	0	0	0	0	0	0	
3	1	1	0	0	3	0	
0	0	0	0	0	0	0	
1	1	0	0	0	0	1	
0	0	0	0	0	0	1	
0	0	0	0	0	3	0	
0	0	0	0	0	3	0	
0	0	0	0	0	0	0	
0	0	0	0	0	0	0	
0	0	0	0	0	0	0	
1	1	0	1	0	0	1	
0	0	0	2	0	0	0	
1	2	0	1	0	0	0	
0	0	0	0	0	0	0	
0	0	0	0	0	3	3	
0	1	0	1	0	0	0	
0	0	0	2	2	0	0	
0	0	0	0	0	0	0	
3	0	0	0	0	0	1	
0	0	2	0	0	0	0	
1	0	2	0	0	0	1	
3	0	0	1	0	0	2	
0	0	0	0	0	0	0	
3	0	0	0	0	0	0	
0	1	0	0	0	0	0	
0	0	0	1	0	0	0	
0	0	0	1	0	0	0	
0	0	0	0	0	0	0	
0	0	2	0	0	1	0	
0	2	0	0	0	0	0	
3	0	0	0	0	0	0	
0	0	0	2	0	0	1	
3	0	0	0	0	0	1	
0	0	0	0	0	0	0	
0	0	2	0	0	0	2	
0	2	0	0	0	0	0	
0	1	0	0	0	0	0	
0	0	0	0	0	0	1	
0	0	0	1	0	0	0	
3	2	1	2	0	0	0	
0	1	0	0	0	0	0	
0	1	0	0	0	0	0	
0	0	0	0	0	0	0	
1	1	0	1	0	0	2	
0	0	0	0	0	0	0	
1	0	0	1	0	0	0	
0	0	2	0	0	0	0	
0	0	0	0	0	3	0	
0	0	0	0	0	0	0	
1	0	0	0	0	0	0	
0	2	1	2	0	0	0	
0	0	0	0	0	3	0	
1	0	0	1	0	0	0	
3	0	0	0	0	0	0	
0	0	2	0	0	0	0	
--------------------

--------------------
Best Solution Found!
--------------------
Time: 0 hour(s), 0 minute(s), 0 second(s), 17 millisecond(s)

Fitness: 74223

0	1	0	0	0	2	0	
3	1	1	1	0	0	1	
0	0	0	0	0	0	1	
0	1	0	0	0	2	0	
1	0	0	0	0	0	0	
1	0	0	0	0	3	0	
0	0	0	0	0	0	0	
0	0	0	0	2	1	0	
3	2	0	2	0	0	3	
0	2	0	0	0	0	2	
0	0	0	2	0	3	0	
3	0	0	0	0	0	0	
0	0	1	2	0	0	0	
0	0	0	0	0	0	1	
0	0	0	0	0	0	0	
0	2	0	0	0	0	0	
0	2	0	0	3	0	0	
0	0	0	0	0	0	1	
0	0	0	0	0	0	0	
0	0	0	0	0	0	0	
0	0	0	0	0	0	0	
3	1	1	0	0	3	0	
0	0	0	0	0	0	0	
1	1	0	0	0	0	1	
0	0	0	0	0	0	1	
0	0	0	0	0	3	0	
0	0	0	0	0	3	0	
0	0	0	0	0	0	0	
0	0	0	0	0	0	0	
0	0	0	0	0	0	0	
1	1	0	1	0	0	1	
0	0	0	2	0	0	0	
1	2	0	1	0	0	0	
0	0	0	0	0	0	0	
0	0	0	0	0	3	3	
0	1	0	1	0	0	0	
0	0	0	2	2	0	0	
0	0	0	0	0	0	0	
3	0	0	0	0	0	1	
0	0	2	0	0	0	0	
1	0	2	0	0	0	1	
3	0	0	1	0	0	2	
0	0	0	0	0	0	0	
3	0	0	0	0	0	0	
0	1	0	0	0	0	0	
0	0	0	1	0	0	0	
0	0	0	1	0	0	0	
0	0	0	0	0	0	0	
0	0	2	0	0	1	0	
0	2	0	0	0	0	0	
3	0	0	0	0	0	0	
0	0	0	2	0	0	1	
3	0	0	0	0	0	1	
0	0	0	0	0	0	0	
0	0	2	0	0	0	2	
0	2	0	0	0	0	0	
0	1	0	0	0	0	0	
0	0	0	0	0	0	1	
0	0	0	1	0	0	0	
3	2	1	2	0	0	0	
0	1	0	0	0	0	0	
0	1	0	0	0	0	0	
0	0	0	0	0	0	0	
1	1	0	1	0	0	2	
0	0	0	0	0	0	0	
1	0	0	1	0	0	0	
0	0	2	0	0	0	0	
0	0	0	0	0	3	0	
0	0	0	0	0	0	0	
1	0	0	0	0	0	0	
0	2	1	2	0	0	0	
0	0	0	0	0	3	0	
1	0	0	1	0	0	0	
3	0	0	0	0	0	0	
0	0	2	0	0	0	0	
--------------------

--------------------
Best Solution Found!
--------------------
Time: 0 hour(s), 0 minute(s), 0 second(s), 20 millisecond(s)

Fitness: 74220

0	0	0	0	0	0	0	
3	1	1	0	0	3	1	
0	0	0	0	0	0	1	
0	0	0	0	0	0	0	
1	0	0	1	2	0	0	
1	0	0	1	0	0	0	
0	1	0	0	0	0	0	
0	1	0	1	0	0	0	
3	0	0	2	0	0	3	
0	2	0	0	0	0	2	
0	0	0	0	0	2	0	
3	1	0	0	0	0	0	
0	0	1	0	0	3	0	
0	0	0	0	0	0	1	
0	1	0	0	0	0	0	
0	0	0	0	0	3	0	
0	0	0	0	0	0	0	
0	0	0	0	0	0	1	
0	0	0	0	0	0	0	
0	0	0	2	0	0	0	
0	0	0	2	0	0	0	
3	1	1	0	0	0	0	
0	2	0	1	0	0	0	
1	1	0	0	2	0	1	
0	0	0	0	0	0	1	
0	2	0	0	0	0	0	
0	2	0	1	0	0	0	
0	0	0	0	0	0	0	
0	0	0	1	0	3	0	
0	0	0	0	3	0	0	
1	0	0	0	0	0	1	
0	0	0	1	0	0	0	
1	1	0	0	0	0	0	
0	0	0	0	0	0	0	
0	0	0	0	0	0	3	
0	0	0	2	0	0	0	
0	0	0	0	0	0	0	
0	0	0	2	0	0	0	
3	2	0	0	0	3	1	
0	0	2	0	0	0	0	
1	0	2	0	0	0	1	
3	0	0	0	0	0	2	
0	0	0	0	0	0	0	
3	0	0	0	0	0	0	
0	0	0	0	0	0	0	
0	0	0	0	0	3	0	
0	0	0	2	0	0	0	
0	0	0	0	0	0	0	
0	0	2	0	0	0	0	
0	0	0	0	0	0	0	
3	0	0	0	0	0	0	
0	0	0	0	0	0	1	
3	2	0	0	0	0	1	
0	1	0	0	0	1	0	
0	0	2	0	0	0	2	
0	2	0	0	0	1	0	
0	0	0	0	0	0	0	
0	0	0	0	0	0	1	
0	1	0	0	0	0	0	
3	0	1	0	0	0	0	
0	0	0	1	0	0	0	
0	0	0	0	0	0	0	
0	0	0	2	0	0	0	
1	2	0	0	0	0	2	
0	0	0	0	0	0	0	
1	2	0	1	0	0	0	
0	0	2	1	0	0	0	
0	0	0	0	0	2	0	
0	0	0	1	0	0	0	
1	0	0	0	0	3	0	
0	1	1	2	0	0	0	
0	1	0	0	0	0	0	
1	0	0	0	0	0	0	
3	0	0	0	0	3	0	
0	0	2	0	0	0	0	
--------------------

--------------------
Best Solution Found!
--------------------
Time: 0 hour(s), 0 minute(s), 0 second(s), 22 millisecond(s)

Fitness: 74214

0	0	0	0	0	0	0	
3	1	1	1	0	3	1	
0	0	0	0	0	0	1	
0	0	0	0	0	0	0	
1	0	0	0	2	0	0	
1	0	0	0	0	0	0	
0	1	0	0	0	0	0	
0	1	0	0	0	0	0	
3	0	0	0	0	0	3	
0	2	0	2	0	0	2	
0	0	0	0	0	2	0	
3	1	0	2	0	0	0	
0	0	1	2	0	3	0	
0	0	0	0	0	0	1	
0	1	0	0	0	0	0	
0	0	0	0	0	3	0	
0	0	0	0	0	0	0	
0	0	0	0	0	0	1	
0	0	0	0	0	0	0	
0	0	0	0	0	0	0	
0	0	0	2	0	0	0	
3	1	1	0	0	0	0	
0	2	0	1	0	0	0	
1	1	0	2	2	0	1	
0	0	0	0	0	0	1	
0	2	0	0	0	0	0	
0	2	0	0	0	0	0	
0	0	0	0	0	0	0	
0	0	0	2	0	3	0	
0	0	0	0	3	0	0	
1	0	0	0	0	0	1	
0	0	0	0	0	0	0	
1	1	0	0	0	0	0	
0	0	0	0	0	0	0	
0	0	0	0	0	0	3	
0	0	0	0	0	0	0	
0	0	0	1	0	0	0	
0	0	0	0	0	0	0	
3	2	0	0	0	3	1	
0	0	2	0	0	0	0	
1	0	2	1	0	0	1	
3	0	0	0	0	0	2	
0	0	0	0	0	0	0	
3	0	0	0	0	0	0	
0	0	0	0	0	0	0	
0	0	0	0	0	3	0	
0	0	0	0	0	0	0	
0	0	0	0	0	0	0	
0	0	2	0	0	0	0	
0	0	0	0	0	0	0	
3	0	0	0	0	0	0	
0	0	0	1	0	0	1	
3	2	0	0	0	0	1	
0	1	0	1	0	1	0	
0	0	2	2	0	0	2	
0	2	0	0	0	1	0	
0	0	0	0	0	0	0	
0	0	0	0	0	0	1	
0	1	0	0	0	0	0	
3	0	1	0	0	0	0	
0	0	0	0	0	0	0	
0	0	0	0	0	0	0	
0	0	0	0	0	0	0	
1	2	0	1	0	0	2	
0	0	0	0	0	0	0	
1	2	0	1	0	0	0	
0	0	2	0	0	0	0	
0	0	0	1	0	2	0	
0	0	0	0	0	0	0	
1	0	0	0	0	3	0	
0	1	1	0	0	0	0	
0	1	0	0	0	0	0	
1	0	0	1	0	0	0	
3	0	0	2	0	3	0	
0	0	2	1	0	0	0	
--------------------

--------------------
Best Solution Found!
--------------------
Time: 0 hour(s), 0 minute(s), 0 second(s), 23 millisecond(s)

Fitness: 74214

0	0	0	0	0	0	0	
3	1	1	1	0	3	1	
0	0	0	0	0	0	1	
0	0	0	0	0	0	0	
1	0	0	0	2	0	0	
1	0	0	0	0	0	0	
0	1	0	0	0	0	0	
0	1	0	0	0	0	0	
3	0	0	0	0	0	3	
0	2	0	2	0	0	2	
0	0	0	0	0	2	0	
3	1	0	2	0	0	0	
0	0	1	2	0	3	0	
0	0	0	0	0	0	1	
0	1	0	0	0	0	0	
0	0	0	0	0	3	0	
0	0	0	0	0	0	0	
0	0	0	0	0	0	1	
0	0	0	0	0	0	0	
0	0	0	0	0	0	0	
0	0	0	2	0	0	0	
3	1	1	0	0	0	0	
0	2	0	1	0	0	0	
1	1	0	2	2	0	1	
0	0	0	0	0	0	1	
0	2	0	0	0	0	0	
0	2	0	0	0	0	0	
0	0	0	0	0	0	0	
0	0	0	2	0	3	0	
0	0	0	0	3	0	0	
1	0	0	0	0	0	1	
0	0	0	0	0	0	0	
1	1	0	0	0	0	0	
0	0	0	0	0	0	0	
0	0	0	0	0	0	3	
0	0	0	0	0	0	0	
0	0	0	1	0	0	0	
0	0	0	0	0	0	0	
3	2	0	0	0	3	1	
0	0	2	0	0	0	0	
1	0	2	1	0	0	1	
3	0	0	0	0	0	2	
0	0	0	0	0	0	0	
3	0	0	0	0	0	0	
0	0	0	0	0	0	0	
0	0	0	0	0	3	0	
0	0	0	0	0	0	0	
0	0	0	0	0	0	0	
0	0	2	0	0	0	0	
0	0	0	0	0	0	0	
3	0	0	0	0	0	0	
0	0	0	1	0	0	1	
3	2	0	0	0	0	1	
0	1	0	1	0	1	0	
0	0	2	2	0	0	2	
0	2	0	0	0	1	0	
0	0	0	0	0	0	0	
0	0	0	0	0	0	1	
0	1	0	0	0	0	0	
3	0	1	0	0	0	0	
0	0	0	0	0	0	0	
0	0	0	0	0	0	0	
0	0	0	0	0	0	0	
1	2	0	1	0	0	2	
0	0	0	0	0	0	0	
1	2	0	1	0	0	0	
0	0	2	0	0	0	0	
0	0	0	1	0	2	0	
0	0	0	0	0	0	0	
1	0	0	0	0	3	0	
0	1	1	0	0	0	0	
0	1	0	0	0	0	0	
1	0	0	1	0	0	0	
3	0	0	2	0	3	0	
0	0	2	1	0	0	0	
--------------------

--------------------
Best Solution Found!
--------------------
Time: 0 hour(s), 0 minute(s), 0 second(s), 53 millisecond(s)

Fitness: 73248

0	0	2	0	0	0	1	
0	0	0	0	0	0	0	
0	0	0	0	0	0	1	
1	2	0	0	0	0	1	
0	0	0	0	0	0	2	
0	2	0	0	0	0	3	
0	0	0	1	0	0	1	
0	1	0	1	0	1	0	
0	0	0	2	0	0	1	
0	0	0	0	0	3	1	
0	0	0	0	0	2	0	
1	0	0	0	0	2	0	
0	0	0	0	0	0	0	
0	1	0	2	0	0	0	
0	0	0	0	0	0	0	
0	0	0	2	0	0	0	
0	0	0	0	0	0	0	
0	0	0	0	2	0	0	
1	0	2	0	0	0	0	
0	0	0	0	0	0	0	
0	0	0	0	0	0	0	
0	0	1	0	0	0	0	
0	0	1	1	0	0	0	
0	1	2	0	0	0	0	
0	0	0	0	0	0	0	
0	0	0	2	0	0	0	
0	0	0	0	0	0	2	
0	0	0	0	0	3	0	
0	1	1	2	0	0	1	
0	0	0	2	0	0	0	
0	0	0	0	0	0	0	
0	0	0	0	0	0	0	
0	0	0	0	0	0	0	
0	0	0	1	0	0	0	
0	0	0	0	0	3	0	
0	1	0	0	0	0	0	
1	2	0	0	0	3	0	
0	0	0	0	0	0	0	
0	1	0	0	0	0	0	
0	1	0	0	0	0	0	
0	0	0	2	0	0	1	
1	0	0	0	0	0	0	
1	0	2	0	0	3	0	
0	0	0	0	0	0	1	
3	1	2	0	0	1	1	
0	2	0	1	0	0	0	
3	0	0	0	0	0	0	
3	2	0	1	0	0	0	
0	0	0	0	0	0	0	
0	2	0	1	0	0	0	
0	1	2	0	0	0	2	
0	0	0	1	0	0	0	
1	0	0	2	0	0	0	
0	0	0	0	0	3	0	
0	0	0	0	0	0	0	
0	0	0	0	0	0	0	
0	0	0	0	0	0	0	
1	0	0	0	0	0	0	
0	1	0	0	0	0	0	
0	0	0	0	0	0	0	
3	2	0	0	0	0	2	
0	0	0	0	0	0	1	
0	0	0	0	0	0	0	
0	0	0	1	2	0	0	
3	2	0	0	0	0	0	
1	0	0	0	0	0	0	
3	0	0	0	0	0	0	
0	0	1	0	0	0	0	
3	0	0	0	0	3	0	
3	0	0	0	0	0	0	
0	0	0	0	0	0	3	
3	1	1	0	0	3	0	
3	1	0	1	3	0	1	
3	2	0	0	0	0	0	
1	0	0	1	0	0	0	
--------------------

--------------------
Best Solution Found!
--------------------
Time: 0 hour(s), 0 minute(s), 0 second(s), 100 millisecond(s)

Fitness: 73232

1	0	0	0	0	0	0	
0	0	0	0	0	0	0	
0	0	0	0	0	0	1	
0	0	0	0	0	1	0	
0	2	1	0	0	0	0	
3	0	0	1	0	0	0	
0	0	2	1	3	3	2	
1	0	0	0	0	0	0	
0	0	0	0	0	0	0	
0	0	0	0	0	0	0	
0	0	1	0	0	0	0	
0	0	0	1	0	0	0	
0	0	0	0	0	1	0	
0	0	0	0	0	0	0	
1	0	0	0	0	0	2	
0	0	0	0	0	0	0	
1	1	0	2	0	0	0	
0	2	0	0	0	2	0	
0	1	0	0	0	3	1	
0	1	0	0	0	0	0	
0	0	0	0	0	3	0	
0	0	0	0	0	0	0	
0	0	0	0	0	0	0	
1	0	0	0	0	2	0	
0	0	0	0	0	0	0	
0	1	0	2	0	0	0	
0	0	0	2	0	0	1	
0	0	0	0	0	0	1	
0	0	0	0	0	3	0	
0	1	0	1	0	0	0	
1	1	0	1	0	0	0	
3	0	0	0	0	0	0	
0	0	0	0	0	0	0	
0	0	0	1	0	0	1	
0	1	0	0	0	0	3	
3	2	0	2	0	0	0	
0	0	0	0	0	0	0	
3	0	0	0	0	0	0	
0	0	0	0	0	0	0	
0	0	0	0	0	0	0	
0	0	0	0	0	3	0	
0	0	0	0	0	0	0	
0	0	0	0	0	0	0	
0	0	1	0	0	0	0	
3	0	0	0	0	0	0	
0	1	1	0	0	0	0	
0	0	2	0	0	0	0	
0	2	0	0	0	0	0	
0	0	0	2	0	3	0	
1	0	0	1	0	0	1	
3	0	0	0	2	0	0	
3	0	0	0	0	0	0	
0	0	0	1	0	0	1	
3	0	0	0	0	0	0	
1	0	2	0	0	3	0	
0	0	0	1	0	3	0	
0	0	1	0	0	0	0	
3	1	0	2	0	0	0	
0	2	0	0	0	0	2	
0	2	0	2	0	0	3	
3	1	0	0	0	0	0	
0	0	0	0	0	0	0	
0	0	2	0	0	0	2	
0	2	2	0	0	0	0	
0	2	0	0	0	0	0	
1	1	0	1	2	0	1	
0	0	0	0	0	0	0	
3	0	0	0	0	0	0	
0	1	0	0	0	0	0	
0	0	0	2	0	0	1	
0	0	0	0	0	0	0	
0	0	2	0	0	0	1	
1	0	0	0	0	0	1	
0	0	0	0	0	0	0	
0	2	0	1	0	0	1	
--------------------

--------------------
Best Solution Found!
--------------------
Time: 0 hour(s), 0 minute(s), 0 second(s), 102 millisecond(s)

Fitness: 73226

1	0	0	0	0	0	3	
0	0	0	0	0	0	0	
0	0	0	0	0	0	1	
0	0	0	0	0	0	0	
0	2	1	0	0	3	0	
3	0	0	1	0	0	0	
0	0	2	1	2	3	2	
1	0	0	0	0	0	1	
0	0	0	0	0	0	1	
0	0	0	0	0	0	1	
0	0	1	0	0	0	0	
0	0	0	1	0	0	0	
0	0	0	0	0	3	0	
0	0	0	0	0	0	1	
1	0	0	0	0	3	0	
0	0	0	0	0	0	0	
1	1	0	2	0	0	0	
0	2	0	0	0	0	0	
0	1	0	0	0	0	0	
0	1	0	0	0	0	0	
0	0	0	0	0	0	0	
0	0	0	0	0	0	0	
0	0	0	0	0	0	3	
1	0	0	0	0	0	0	
0	0	0	0	0	0	0	
0	1	0	2	0	0	2	
0	0	0	2	0	0	0	
0	0	0	0	0	0	0	
0	0	0	0	0	0	2	
0	1	0	1	0	0	1	
1	1	0	1	0	0	0	
3	0	0	0	0	0	0	
0	0	0	0	0	0	0	
0	0	0	1	0	3	0	
0	1	0	0	0	0	0	
3	2	0	2	0	0	0	
0	0	0	0	0	0	0	
3	0	0	0	0	0	0	
0	0	0	0	0	0	1	
0	0	0	0	0	0	1	
0	0	0	0	0	0	0	
0	0	0	0	0	0	0	
0	0	0	0	0	0	0	
0	0	1	0	0	3	0	
3	0	0	0	0	0	0	
0	1	1	0	0	0	0	
0	0	2	0	0	0	0	
0	2	0	0	0	1	0	
0	0	0	2	0	0	0	
1	0	0	1	0	0	0	
3	0	0	0	0	0	0	
3	0	0	0	0	0	0	
0	0	0	1	0	0	0	
3	0	0	0	0	2	0	
1	0	2	0	0	0	0	
0	0	0	1	0	0	0	
0	0	1	0	0	0	0	
3	1	0	2	0	0	0	
0	2	0	0	0	0	0	
0	2	0	2	0	3	0	
3	1	0	0	0	0	0	
0	0	0	0	2	0	0	
0	0	2	0	0	0	0	
0	2	2	0	0	0	0	
0	2	0	0	0	0	1	
1	1	0	1	0	1	1	
0	0	0	0	0	0	1	
3	0	0	0	0	0	2	
0	1	0	0	3	3	0	
0	0	0	2	0	0	0	
0	0	0	0	0	0	0	
0	0	2	0	0	0	0	
1	0	0	0	0	0	0	
0	0	0	0	0	0	1	
0	2	0	1	0	2	0	
--------------------

--------------------
Best Solution Found!
--------------------
Time: 0 hour(s), 0 minute(s), 0 second(s), 103 millisecond(s)

Fitness: 73226

1	0	0	0	0	0	3	
0	0	0	0	0	0	0	
0	0	0	0	0	0	1	
0	0	0	0	0	0	0	
0	2	1	0	0	3	0	
3	0	0	1	0	0	0	
0	0	2	1	2	3	2	
1	0	0	0	0	0	1	
0	0	0	0	0	0	1	
0	0	0	0	0	0	1	
0	0	1	0	0	0	0	
0	0	0	1	0	0	0	
0	0	0	0	0	3	0	
0	0	0	0	0	0	1	
1	0	0	0	0	3	0	
0	0	0	0	0	0	0	
1	1	0	2	0	0	0	
0	2	0	0	0	0	0	
0	1	0	0	0	0	0	
0	1	0	0	0	0	0	
0	0	0	0	0	0	0	
0	0	0	0	0	0	0	
0	0	0	0	0	0	3	
1	0	0	0	0	0	0	
0	0	0	0	0	0	0	
0	1	0	2	0	0	2	
0	0	0	2	0	0	0	
0	0	0	0	0	0	0	
0	0	0	0	0	0	2	
0	1	0	1	0	0	1	
1	1	0	1	0	0	0	
3	0	0	0	0	0	0	
0	0	0	0	0	0	0	
0	0	0	1	0	3	0	
0	1	0	0	0	0	0	
3	2	0	2	0	0	0	
0	0	0	0	0	0	0	
3	0	0	0	0	0	0	
0	0	0	0	0	0	1	
0	0	0	0	0	0	1	
0	0	0	0	0	0	0	
0	0	0	0	0	0	0	
0	0	0	0	0	0	0	
0	0	1	0	0	3	0	
3	0	0	0	0	0	0	
0	1	1	0	0	0	0	
0	0	2	0	0	0	0	
0	2	0	0	0	1	0	
0	0	0	2	0	0	0	
1	0	0	1	0	0	0	
3	0	0	0	0	0	0	
3	0	0	0	0	0	0	
0	0	0	1	0	0	0	
3	0	0	0	0	2	0	
1	0	2	0	0	0	0	
0	0	0	1	0	0	0	
0	0	1	0	0	0	0	
3	1	0	2	0	0	0	
0	2	0	0	0	0	0	
0	2	0	2	0	3	0	
3	1	0	0	0	0	0	
0	0	0	0	2	0	0	
0	0	2	0	0	0	0	
0	2	2	0	0	0	0	
0	2	0	0	0	0	1	
1	1	0	1	0	1	1	
0	0	0	0	0	0	1	
3	0	0	0	0	0	2	
0	1	0	0	3	3	0	
0	0	0	2	0	0	0	
0	0	0	0	0	0	0	
0	0	2	0	0	0	0	
1	0	0	0	0	0	0	
0	0	0	0	0	0	1	
0	2	0	1	0	2	0	
--------------------

--------------------
Best Solution Found!
--------------------
Time: 0 hour(s), 0 minute(s), 0 second(s), 104 millisecond(s)

Fitness: 73226

1	0	0	0	0	0	3	
0	0	0	0	0	0	0	
0	0	0	0	0	0	1	
0	0	0	0	0	0	0	
0	2	1	0	0	3	0	
3	0	0	1	0	0	0	
0	0	2	1	2	3	2	
1	0	0	0	0	0	1	
0	0	0	0	0	0	1	
0	0	0	0	0	0	1	
0	0	1	0	0	0	0	
0	0	0	1	0	0	0	
0	0	0	0	0	3	0	
0	0	0	0	0	0	1	
1	0	0	0	0	3	0	
0	0	0	0	0	0	0	
1	1	0	2	0	0	0	
0	2	0	0	0	0	0	
0	1	0	0	0	0	0	
0	1	0	0	0	0	0	
0	0	0	0	0	0	0	
0	0	0	0	0	0	0	
0	0	0	0	0	0	3	
1	0	0	0	0	0	0	
0	0	0	0	0	0	0	
0	1	0	2	0	0	2	
0	0	0	2	0	0	0	
0	0	0	0	0	0	0	
0	0	0	0	0	0	2	
0	1	0	1	0	0	1	
1	1	0	1	0	0	0	
3	0	0	0	0	0	0	
0	0	0	0	0	0	0	
0	0	0	1	0	3	0	
0	1	0	0	0	0	0	
3	2	0	2	0	0	0	
0	0	0	0	0	0	0	
3	0	0	0	0	0	0	
0	0	0	0	0	0	1	
0	0	0	0	0	0	1	
0	0	0	0	0	0	0	
0	0	0	0	0	0	0	
0	0	0	0	0	0	0	
0	0	1	0	0	3	0	
3	0	0	0	0	0	0	
0	1	1	0	0	0	0	
0	0	2	0	0	0	0	
0	2	0	0	0	1	0	
0	0	0	2	0	0	0	
1	0	0	1	0	0	0	
3	0	0	0	0	0	0	
3	0	0	0	0	0	0	
0	0	0	1	0	0	0	
3	0	0	0	0	2	0	
1	0	2	0	0	0	0	
0	0	0	1	0	0	0	
0	0	1	0	0	0	0	
3	1	0	2	0	0	0	
0	2	0	0	0	0	0	
0	2	0	2	0	3	0	
3	1	0	0	0	0	0	
0	0	0	0	2	0	0	
0	0	2	0	0	0	0	
0	2	2	0	0	0	0	
0	2	0	0	0	0	1	
1	1	0	1	0	1	1	
0	0	0	0	0	0	1	
3	0	0	0	0	0	2	
0	1	0	0	3	3	0	
0	0	0	2	0	0	0	
0	0	0	0	0	0	0	
0	0	2	0	0	0	0	
1	0	0	0	0	0	0	
0	0	0	0	0	0	1	
0	2	0	1	0	2	0	
--------------------

--------------------
Best Solution Found!
--------------------
Time: 0 hour(s), 0 minute(s), 0 second(s), 122 millisecond(s)

Fitness: 73226

0	1	0	0	0	0	0	
0	0	0	0	0	1	0	
1	2	0	0	0	0	0	
0	1	0	1	0	0	0	
3	0	0	2	0	0	0	
0	0	0	0	0	0	0	
0	1	0	2	0	3	1	
3	0	0	0	0	0	0	
1	0	0	0	0	0	0	
0	0	0	0	0	0	0	
0	2	0	0	0	0	0	
3	0	0	0	0	0	0	
3	0	1	0	0	0	1	
3	0	0	0	0	0	0	
0	0	0	1	0	0	1	
1	0	0	0	0	0	0	
1	0	1	2	0	0	0	
0	0	0	0	0	0	0	
0	2	0	0	0	0	2	
0	0	0	0	0	0	0	
3	0	0	0	0	0	0	
0	0	0	0	0	0	0	
1	0	0	1	3	0	1	
0	0	0	0	0	3	0	
0	0	0	0	0	0	2	
0	0	0	0	0	0	0	
0	0	2	0	0	3	0	
0	1	0	2	0	0	1	
0	0	0	0	0	0	2	
0	2	0	0	0	0	0	
1	2	2	1	0	0	1	
0	0	0	1	0	3	1	
0	0	0	2	0	0	0	
0	0	0	0	0	0	0	
3	0	0	1	0	0	0	
3	0	0	0	0	0	3	
0	0	0	0	0	0	0	
0	0	0	0	0	0	0	
0	0	0	0	0	0	1	
0	1	2	0	0	0	0	
1	1	0	1	0	2	3	
0	0	2	0	0	0	0	
3	0	0	0	0	1	0	
0	0	2	0	0	2	2	
1	0	1	0	0	0	0	
0	2	1	0	2	0	0	
0	0	0	0	0	0	0	
0	2	0	0	0	3	0	
0	0	0	1	0	0	0	
0	0	0	2	0	3	1	
0	1	0	0	0	0	0	
0	1	0	0	0	0	0	
0	0	0	0	0	3	0	
0	0	2	0	0	0	0	
0	0	0	0	0	0	0	
0	1	0	0	2	0	1	
1	0	0	0	0	0	0	
0	0	0	0	0	0	0	
0	0	0	0	0	0	0	
0	0	0	1	0	0	0	
0	0	0	0	0	0	0	
0	0	0	2	0	0	0	
0	0	0	0	0	0	0	
0	0	0	2	0	0	0	
0	1	0	0	0	0	0	
0	1	0	0	0	0	0	
1	0	0	0	0	0	0	
0	1	0	0	0	0	1	
3	2	1	0	0	3	0	
0	0	0	0	0	0	0	
0	0	0	1	0	0	0	
0	0	0	1	0	0	0	
0	0	0	0	0	0	0	
0	0	0	0	0	0	0	
3	2	0	0	0	0	1	
--------------------

--------------------
Best Solution Found!
--------------------
Time: 0 hour(s), 0 minute(s), 0 second(s), 123 millisecond(s)

Fitness: 73226

0	1	0	0	0	0	0	
0	0	0	0	0	1	0	
1	2	0	0	0	0	0	
0	1	0	1	0	0	0	
3	0	0	2	0	0	0	
0	0	0	0	0	0	0	
0	1	0	2	0	3	1	
3	0	0	0	0	0	0	
1	0	0	0	0	0	0	
0	0	0	0	0	0	0	
0	2	0	0	0	0	0	
3	0	0	0	0	0	0	
3	0	1	0	0	0	1	
3	0	0	0	0	0	0	
0	0	0	1	0	0	1	
1	0	0	0	0	0	0	
1	0	1	2	0	0	0	
0	0	0	0	0	0	0	
0	2	0	0	0	0	2	
0	0	0	0	0	0	0	
3	0	0	0	0	0	0	
0	0	0	0	0	0	0	
1	0	0	1	3	0	1	
0	0	0	0	0	3	0	
0	0	0	0	0	0	2	
0	0	0	0	0	0	0	
0	0	2	0	0	3	0	
0	1	0	2	0	0	1	
0	0	0	0	0	0	2	
0	2	0	0	0	0	0	
1	2	2	1	0	0	1	
0	0	0	1	0	3	1	
0	0	0	2	0	0	0	
0	0	0	0	0	0	0	
3	0	0	1	0	0	0	
3	0	0	0	0	0	3	
0	0	0	0	0	0	0	
0	0	0	0	0	0	0	
0	0	0	0	0	0	1	
0	1	2	0	0	0	0	
1	1	0	1	0	2	3	
0	0	2	0	0	0	0	
3	0	0	0	0	1	0	
0	0	2	0	0	2	2	
1	0	1	0	0	0	0	
0	2	1	0	2	0	0	
0	0	0	0	0	0	0	
0	2	0	0	0	3	0	
0	0	0	1	0	0	0	
0	0	0	2	0	3	1	
0	1	0	0	0	0	0	
0	1	0	0	0	0	0	
0	0	0	0	0	3	0	
0	0	2	0	0	0	0	
0	0	0	0	0	0	0	
0	1	0	0	2	0	1	
1	0	0	0	0	0	0	
0	0	0	0	0	0	0	
0	0	0	0	0	0	0	
0	0	0	1	0	0	0	
0	0	0	0	0	0	0	
0	0	0	2	0	0	0	
0	0	0	0	0	0	0	
0	0	0	2	0	0	0	
0	1	0	0	0	0	0	
0	1	0	0	0	0	0	
1	0	0	0	0	0	0	
0	1	0	0	0	0	1	
3	2	1	0	0	3	0	
0	0	0	0	0	0	0	
0	0	0	1	0	0	0	
0	0	0	1	0	0	0	
0	0	0	0	0	0	0	
0	0	0	0	0	0	0	
3	2	0	0	0	0	1	
--------------------

--------------------
Best Solution Found!
--------------------
Time: 0 hour(s), 0 minute(s), 0 second(s), 124 millisecond(s)

Fitness: 73226

0	1	0	0	0	0	0	
0	0	0	0	0	1	0	
1	2	0	0	0	0	0	
0	1	0	1	0	0	0	
3	0	0	2	0	0	0	
0	0	0	0	0	0	0	
0	1	0	2	0	3	1	
3	0	0	0	0	0	0	
1	0	0	0	0	0	0	
0	0	0	0	0	0	0	
0	2	0	0	0	0	0	
3	0	0	0	0	0	0	
3	0	1	0	0	0	1	
3	0	0	0	0	0	0	
0	0	0	1	0	0	1	
1	0	0	0	0	0	0	
1	0	1	2	0	0	0	
0	0	0	0	0	0	0	
0	2	0	0	0	0	2	
0	0	0	0	0	0	0	
3	0	0	0	0	0	0	
0	0	0	0	0	0	0	
1	0	0	1	3	0	1	
0	0	0	0	0	3	0	
0	0	0	0	0	0	2	
0	0	0	0	0	0	0	
0	0	2	0	0	3	0	
0	1	0	2	0	0	1	
0	0	0	0	0	0	2	
0	2	0	0	0	0	0	
1	2	2	1	0	0	1	
0	0	0	1	0	3	1	
0	0	0	2	0	0	0	
0	0	0	0	0	0	0	
3	0	0	1	0	0	0	
3	0	0	0	0	0	3	
0	0	0	0	0	0	0	
0	0	0	0	0	0	0	
0	0	0	0	0	0	1	
0	1	2	0	0	0	0	
1	1	0	1	0	2	3	
0	0	2	0	0	0	0	
3	0	0	0	0	1	0	
0	0	2	0	0	2	2	
1	0	1	0	0	0	0	
0	2	1	0	2	0	0	
0	0	0	0	0	0	0	
0	2	0	0	0	3	0	
0	0	0	1	0	0	0	
0	0	0	2	0	3	1	
0	1	0	0	0	0	0	
0	1	0	0	0	0	0	
0	0	0	0	0	3	0	
0	0	2	0	0	0	0	
0	0	0	0	0	0	0	
0	1	0	0	2	0	1	
1	0	0	0	0	0	0	
0	0	0	0	0	0	0	
0	0	0	0	0	0	0	
0	0	0	1	0	0	0	
0	0	0	0	0	0	0	
0	0	0	2	0	0	0	
0	0	0	0	0	0	0	
0	0	0	2	0	0	0	
0	1	0	0	0	0	0	
0	1	0	0	0	0	0	
1	0	0	0	0	0	0	
0	1	0	0	0	0	1	
3	2	1	0	0	3	0	
0	0	0	0	0	0	0	
0	0	0	1	0	0	0	
0	0	0	1	0	0	0	
0	0	0	0	0	0	0	
0	0	0	0	0	0	0	
3	2	0	0	0	0	1	
--------------------

--------------------
Best Solution Found!
--------------------
Time: 0 hour(s), 0 minute(s), 0 second(s), 125 millisecond(s)

Fitness: 73226

0	1	0	0	0	0	0	
0	0	0	0	0	1	0	
1	2	0	0	0	0	0	
0	1	0	1	0	0	0	
3	0	0	2	0	0	0	
0	0	0	0	0	0	0	
0	1	0	2	0	3	1	
3	0	0	0	0	0	0	
1	0	0	0	0	0	0	
0	0	0	0	0	0	0	
0	2	0	0	0	0	0	
3	0	0	0	0	0	0	
3	0	1	0	0	0	1	
3	0	0	0	0	0	0	
0	0	0	1	0	0	1	
1	0	0	0	0	0	0	
1	0	1	2	0	0	0	
0	0	0	0	0	0	0	
0	2	0	0	0	0	2	
0	0	0	0	0	0	0	
3	0	0	0	0	0	0	
0	0	0	0	0	0	0	
1	0	0	1	3	0	1	
0	0	0	0	0	3	0	
0	0	0	0	0	0	2	
0	0	0	0	0	0	0	
0	0	2	0	0	3	0	
0	1	0	2	0	0	1	
0	0	0	0	0	0	2	
0	2	0	0	0	0	0	
1	2	2	1	0	0	1	
0	0	0	1	0	3	1	
0	0	0	2	0	0	0	
0	0	0	0	0	0	0	
3	0	0	1	0	0	0	
3	0	0	0	0	0	3	
0	0	0	0	0	0	0	
0	0	0	0	0	0	0	
0	0	0	0	0	0	1	
0	1	2	0	0	0	0	
1	1	0	1	0	2	3	
0	0	2	0	0	0	0	
3	0	0	0	0	1	0	
0	0	2	0	0	2	2	
1	0	1	0	0	0	0	
0	2	1	0	2	0	0	
0	0	0	0	0	0	0	
0	2	0	0	0	3	0	
0	0	0	1	0	0	0	
0	0	0	2	0	3	1	
0	1	0	0	0	0	0	
0	1	0	0	0	0	0	
0	0	0	0	0	3	0	
0	0	2	0	0	0	0	
0	0	0	0	0	0	0	
0	1	0	0	2	0	1	
1	0	0	0	0	0	0	
0	0	0	0	0	0	0	
0	0	0	0	0	0	0	
0	0	0	1	0	0	0	
0	0	0	0	0	0	0	
0	0	0	2	0	0	0	
0	0	0	0	0	0	0	
0	0	0	2	0	0	0	
0	1	0	0	0	0	0	
0	1	0	0	0	0	0	
1	0	0	0	0	0	0	
0	1	0	0	0	0	1	
3	2	1	0	0	3	0	
0	0	0	0	0	0	0	
0	0	0	1	0	0	0	
0	0	0	1	0	0	0	
0	0	0	0	0	0	0	
0	0	0	0	0	0	0	
3	2	0	0	0	0	1	
--------------------

--------------------
Best Solution Found!
--------------------
Time: 0 hour(s), 0 minute(s), 0 second(s), 126 millisecond(s)

Fitness: 73226

0	1	0	0	0	0	0	
0	0	0	0	0	1	0	
1	2	0	0	0	0	0	
0	1	0	1	0	0	0	
3	0	0	2	0	0	0	
0	0	0	0	0	0	0	
0	1	0	2	0	3	1	
3	0	0	0	0	0	0	
1	0	0	0	0	0	0	
0	0	0	0	0	0	0	
0	2	0	0	0	0	0	
3	0	0	0	0	0	0	
3	0	1	0	0	0	1	
3	0	0	0	0	0	0	
0	0	0	1	0	0	1	
1	0	0	0	0	0	0	
1	0	1	2	0	0	0	
0	0	0	0	0	0	0	
0	2	0	0	0	0	2	
0	0	0	0	0	0	0	
3	0	0	0	0	0	0	
0	0	0	0	0	0	0	
1	0	0	1	3	0	1	
0	0	0	0	0	3	0	
0	0	0	0	0	0	2	
0	0	0	0	0	0	0	
0	0	2	0	0	3	0	
0	1	0	2	0	0	1	
0	0	0	0	0	0	2	
0	2	0	0	0	0	0	
1	2	2	1	0	0	1	
0	0	0	1	0	3	1	
0	0	0	2	0	0	0	
0	0	0	0	0	0	0	
3	0	0	1	0	0	0	
3	0	0	0	0	0	3	
0	0	0	0	0	0	0	
0	0	0	0	0	0	0	
0	0	0	0	0	0	1	
0	1	2	0	0	0	0	
1	1	0	1	0	2	3	
0	0	2	0	0	0	0	
3	0	0	0	0	1	0	
0	0	2	0	0	2	2	
1	0	1	0	0	0	0	
0	2	1	0	2	0	0	
0	0	0	0	0	0	0	
0	2	0	0	0	3	0	
0	0	0	1	0	0	0	
0	0	0	2	0	3	1	
0	1	0	0	0	0	0	
0	1	0	0	0	0	0	
0	0	0	0	0	3	0	
0	0	2	0	0	0	0	
0	0	0	0	0	0	0	
0	1	0	0	2	0	1	
1	0	0	0	0	0	0	
0	0	0	0	0	0	0	
0	0	0	0	0	0	0	
0	0	0	1	0	0	0	
0	0	0	0	0	0	0	
0	0	0	2	0	0	0	
0	0	0	0	0	0	0	
0	0	0	2	0	0	0	
0	1	0	0	0	0	0	
0	1	0	0	0	0	0	
1	0	0	0	0	0	0	
0	1	0	0	0	0	1	
3	2	1	0	0	3	0	
0	0	0	0	0	0	0	
0	0	0	1	0	0	0	
0	0	0	1	0	0	0	
0	0	0	0	0	0	0	
0	0	0	0	0	0	0	
3	2	0	0	0	0	1	
--------------------

--------------------
Best Solution Found!
--------------------
Time: 0 hour(s), 0 minute(s), 0 second(s), 127 millisecond(s)

Fitness: 73226

0	1	0	0	0	0	0	
0	0	0	0	0	1	0	
1	2	0	0	0	0	0	
0	1	0	1	0	0	0	
3	0	0	2	0	0	0	
0	0	0	0	0	0	0	
0	1	0	2	0	3	1	
3	0	0	0	0	0	0	
1	0	0	0	0	0	0	
0	0	0	0	0	0	0	
0	2	0	0	0	0	0	
3	0	0	0	0	0	0	
3	0	1	0	0	0	1	
3	0	0	0	0	0	0	
0	0	0	1	0	0	1	
1	0	0	0	0	0	0	
1	0	1	2	0	0	0	
0	0	0	0	0	0	0	
0	2	0	0	0	0	2	
0	0	0	0	0	0	0	
3	0	0	0	0	0	0	
0	0	0	0	0	0	0	
1	0	0	1	3	0	1	
0	0	0	0	0	3	0	
0	0	0	0	0	0	2	
0	0	0	0	0	0	0	
0	0	2	0	0	3	0	
0	1	0	2	0	0	1	
0	0	0	0	0	0	2	
0	2	0	0	0	0	0	
1	2	2	1	0	0	1	
0	0	0	1	0	3	1	
0	0	0	2	0	0	0	
0	0	0	0	0	0	0	
3	0	0	1	0	0	0	
3	0	0	0	0	0	3	
0	0	0	0	0	0	0	
0	0	0	0	0	0	0	
0	0	0	0	0	0	1	
0	1	2	0	0	0	0	
1	1	0	1	0	2	3	
0	0	2	0	0	0	0	
3	0	0	0	0	1	0	
0	0	2	0	0	2	2	
1	0	1	0	0	0	0	
0	2	1	0	2	0	0	
0	0	0	0	0	0	0	
0	2	0	0	0	3	0	
0	0	0	1	0	0	0	
0	0	0	2	0	3	1	
0	1	0	0	0	0	0	
0	1	0	0	0	0	0	
0	0	0	0	0	3	0	
0	0	2	0	0	0	0	
0	0	0	0	0	0	0	
0	1	0	0	2	0	1	
1	0	0	0	0	0	0	
0	0	0	0	0	0	0	
0	0	0	0	0	0	0	
0	0	0	1	0	0	0	
0	0	0	0	0	0	0	
0	0	0	2	0	0	0	
0	0	0	0	0	0	0	
0	0	0	2	0	0	0	
0	1	0	0	0	0	0	
0	1	0	0	0	0	0	
1	0	0	0	0	0	0	
0	1	0	0	0	0	1	
3	2	1	0	0	3	0	
0	0	0	0	0	0	0	
0	0	0	1	0	0	0	
0	0	0	1	0	0	0	
0	0	0	0	0	0	0	
0	0	0	0	0	0	0	
3	2	0	0	0	0	1	
--------------------

--------------------
Best Solution Found!
--------------------
Time: 0 hour(s), 0 minute(s), 0 second(s), 128 millisecond(s)

Fitness: 73226

0	1	0	0	0	0	0	
0	0	0	0	0	1	0	
1	2	0	0	0	0	0	
0	1	0	1	0	0	0	
3	0	0	2	0	0	0	
0	0	0	0	0	0	0	
0	1	0	2	0	3	1	
3	0	0	0	0	0	0	
1	0	0	0	0	0	0	
0	0	0	0	0	0	0	
0	2	0	0	0	0	0	
3	0	0	0	0	0	0	
3	0	1	0	0	0	1	
3	0	0	0	0	0	0	
0	0	0	1	0	0	1	
1	0	0	0	0	0	0	
1	0	1	2	0	0	0	
0	0	0	0	0	0	0	
0	2	0	0	0	0	2	
0	0	0	0	0	0	0	
3	0	0	0	0	0	0	
0	0	0	0	0	0	0	
1	0	0	1	3	0	1	
0	0	0	0	0	3	0	
0	0	0	0	0	0	2	
0	0	0	0	0	0	0	
0	0	2	0	0	3	0	
0	1	0	2	0	0	1	
0	0	0	0	0	0	2	
0	2	0	0	0	0	0	
1	2	2	1	0	0	1	
0	0	0	1	0	3	1	
0	0	0	2	0	0	0	
0	0	0	0	0	0	0	
3	0	0	1	0	0	0	
3	0	0	0	0	0	3	
0	0	0	0	0	0	0	
0	0	0	0	0	0	0	
0	0	0	0	0	0	1	
0	1	2	0	0	0	0	
1	1	0	1	0	2	3	
0	0	2	0	0	0	0	
3	0	0	0	0	1	0	
0	0	2	0	0	2	2	
1	0	1	0	0	0	0	
0	2	1	0	2	0	0	
0	0	0	0	0	0	0	
0	2	0	0	0	3	0	
0	0	0	1	0	0	0	
0	0	0	2	0	3	1	
0	1	0	0	0	0	0	
0	1	0	0	0	0	0	
0	0	0	0	0	3	0	
0	0	2	0	0	0	0	
0	0	0	0	0	0	0	
0	1	0	0	2	0	1	
1	0	0	0	0	0	0	
0	0	0	0	0	0	0	
0	0	0	0	0	0	0	
0	0	0	1	0	0	0	
0	0	0	0	0	0	0	
0	0	0	2	0	0	0	
0	0	0	0	0	0	0	
0	0	0	2	0	0	0	
0	1	0	0	0	0	0	
0	1	0	0	0	0	0	
1	0	0	0	0	0	0	
0	1	0	0	0	0	1	
3	2	1	0	0	3	0	
0	0	0	0	0	0	0	
0	0	0	1	0	0	0	
0	0	0	1	0	0	0	
0	0	0	0	0	0	0	
0	0	0	0	0	0	0	
3	2	0	0	0	0	1	
--------------------

--------------------
Best Solution Found!
--------------------
Time: 0 hour(s), 0 minute(s), 0 second(s), 129 millisecond(s)

Fitness: 73226

0	1	0	0	0	0	0	
0	0	0	0	0	1	0	
1	2	0	0	0	0	0	
0	1	0	1	0	0	0	
3	0	0	2	0	0	0	
0	0	0	0	0	0	0	
0	1	0	2	0	3	1	
3	0	0	0	0	0	0	
1	0	0	0	0	0	0	
0	0	0	0	0	0	0	
0	2	0	0	0	0	0	
3	0	0	0	0	0	0	
3	0	1	0	0	0	1	
3	0	0	0	0	0	0	
0	0	0	1	0	0	1	
1	0	0	0	0	0	0	
1	0	1	2	0	0	0	
0	0	0	0	0	0	0	
0	2	0	0	0	0	2	
0	0	0	0	0	0	0	
3	0	0	0	0	0	0	
0	0	0	0	0	0	0	
1	0	0	1	3	0	1	
0	0	0	0	0	3	0	
0	0	0	0	0	0	2	
0	0	0	0	0	0	0	
0	0	2	0	0	3	0	
0	1	0	2	0	0	1	
0	0	0	0	0	0	2	
0	2	0	0	0	0	0	
1	2	2	1	0	0	1	
0	0	0	1	0	3	1	
0	0	0	2	0	0	0	
0	0	0	0	0	0	0	
3	0	0	1	0	0	0	
3	0	0	0	0	0	3	
0	0	0	0	0	0	0	
0	0	0	0	0	0	0	
0	0	0	0	0	0	1	
0	1	2	0	0	0	0	
1	1	0	1	0	2	3	
0	0	2	0	0	0	0	
3	0	0	0	0	1	0	
0	0	2	0	0	2	2	
1	0	1	0	0	0	0	
0	2	1	0	2	0	0	
0	0	0	0	0	0	0	
0	2	0	0	0	3	0	
0	0	0	1	0	0	0	
0	0	0	2	0	3	1	
0	1	0	0	0	0	0	
0	1	0	0	0	0	0	
0	0	0	0	0	3	0	
0	0	2	0	0	0	0	
0	0	0	0	0	0	0	
0	1	0	0	2	0	1	
1	0	0	0	0	0	0	
0	0	0	0	0	0	0	
0	0	0	0	0	0	0	
0	0	0	1	0	0	0	
0	0	0	0	0	0	0	
0	0	0	2	0	0	0	
0	0	0	0	0	0	0	
0	0	0	2	0	0	0	
0	1	0	0	0	0	0	
0	1	0	0	0	0	0	
1	0	0	0	0	0	0	
0	1	0	0	0	0	1	
3	2	1	0	0	3	0	
0	0	0	0	0	0	0	
0	0	0	1	0	0	0	
0	0	0	1	0	0	0	
0	0	0	0	0	0	0	
0	0	0	0	0	0	0	
3	2	0	0	0	0	1	
--------------------

--------------------
Best Solution Found!
--------------------
Time: 0 hour(s), 0 minute(s), 0 second(s), 146 millisecond(s)

Fitness: 73226

1	0	0	0	0	0	0	
0	0	0	0	0	0	1	
1	0	0	0	0	0	0	
0	1	0	0	0	0	0	
0	0	0	0	0	0	0	
0	0	0	0	0	0	0	
0	2	0	0	3	0	2	
0	0	0	0	0	0	0	
0	0	0	0	0	0	0	
0	0	0	0	0	1	0	
0	0	0	0	0	0	0	
3	0	2	1	0	0	2	
0	0	0	0	0	0	0	
0	0	0	0	0	3	2	
3	0	0	0	0	0	0	
0	0	2	0	0	3	0	
0	1	0	1	0	0	1	
1	0	0	0	0	0	0	
3	1	0	0	0	0	0	
0	2	1	1	0	0	0	
0	2	0	2	0	0	0	
0	0	0	0	0	0	0	
0	0	2	0	0	0	0	
1	0	0	0	0	3	0	
0	0	0	0	0	0	0	
0	0	0	2	0	0	0	
0	0	0	1	0	0	1	
3	1	0	0	0	0	1	
3	2	0	0	0	0	1	
0	0	0	0	0	0	0	
0	1	1	1	0	0	0	
0	0	2	0	0	3	0	
0	0	0	0	0	0	0	
1	0	0	0	0	3	0	
3	0	0	1	0	0	1	
0	1	0	0	0	0	0	
0	0	0	1	0	3	0	
3	0	1	1	0	3	1	
0	1	0	0	0	0	0	
3	0	0	0	0	0	0	
0	0	0	0	0	0	0	
1	0	0	0	0	0	0	
0	0	0	0	0	0	3	
0	2	1	0	0	0	0	
0	1	0	0	0	0	1	
1	2	0	0	0	0	0	
0	0	0	0	0	0	0	
0	0	0	0	0	0	1	
0	1	0	1	0	0	0	
0	0	0	1	0	0	0	
0	0	0	2	2	0	0	
0	0	0	0	0	0	1	
0	0	2	1	0	3	1	
3	0	0	0	0	0	0	
0	0	1	2	0	0	0	
0	0	0	0	0	1	0	
0	2	0	0	0	0	0	
3	0	0	0	0	0	0	
0	0	0	0	0	0	0	
1	1	0	2	0	2	1	
0	2	0	0	0	0	0	
0	0	0	0	0	0	0	
0	0	0	0	0	0	0	
0	1	0	0	0	0	0	
1	0	0	0	0	0	0	
0	0	2	2	2	0	0	
0	0	0	0	0	0	0	
1	0	0	2	0	0	0	
0	0	0	0	0	0	0	
0	0	0	0	0	0	3	
0	1	0	0	0	0	2	
0	0	0	0	0	0	0	
0	2	0	2	0	2	0	
0	0	0	0	0	0	0	
3	0	0	0	0	0	0	
--------------------

--------------------
Best Solution Found!
--------------------
Time: 0 hour(s), 0 minute(s), 0 second(s), 147 millisecond(s)

Fitness: 73226

1	0	0	0	0	0	0	
0	0	0	0	0	0	1	
1	0	0	0	0	0	0	
0	1	0	0	0	0	0	
0	0	0	0	0	0	0	
0	0	0	0	0	0	0	
0	2	0	0	3	0	2	
0	0	0	0	0	0	0	
0	0	0	0	0	0	0	
0	0	0	0	0	1	0	
0	0	0	0	0	0	0	
3	0	2	1	0	0	2	
0	0	0	0	0	0	0	
0	0	0	0	0	3	2	
3	0	0	0	0	0	0	
0	0	2	0	0	3	0	
0	1	0	1	0	0	1	
1	0	0	0	0	0	0	
3	1	0	0	0	0	0	
0	2	1	1	0	0	0	
0	2	0	2	0	0	0	
0	0	0	0	0	0	0	
0	0	2	0	0	0	0	
1	0	0	0	0	3	0	
0	0	0	0	0	0	0	
0	0	0	2	0	0	0	
0	0	0	1	0	0	1	
3	1	0	0	0	0	1	
3	2	0	0	0	0	1	
0	0	0	0	0	0	0	
0	1	1	1	0	0	0	
0	0	2	0	0	3	0	
0	0	0	0	0	0	0	
1	0	0	0	0	3	0	
3	0	0	1	0	0	1	
0	1	0	0	0	0	0	
0	0	0	1	0	3	0	
3	0	1	1	0	3	1	
0	1	0	0	0	0	0	
3	0	0	0	0	0	0	
0	0	0	0	0	0	0	
1	0	0	0	0	0	0	
0	0	0	0	0	0	3	
0	2	1	0	0	0	0	
0	1	0	0	0	0	1	
1	2	0	0	0	0	0	
0	0	0	0	0	0	0	
0	0	0	0	0	0	1	
0	1	0	1	0	0	0	
0	0	0	1	0	0	0	
0	0	0	2	2	0	0	
0	0	0	0	0	0	1	
0	0	2	1	0	3	1	
3	0	0	0	0	0	0	
0	0	1	2	0	0	0	
0	0	0	0	0	1	0	
0	2	0	0	0	0	0	
3	0	0	0	0	0	0	
0	0	0	0	0	0	0	
1	1	0	2	0	2	1	
0	2	0	0	0	0	0	
0	0	0	0	0	0	0	
0	0	0	0	0	0	0	
0	1	0	0	0	0	0	
1	0	0	0	0	0	0	
0	0	2	2	2	0	0	
0	0	0	0	0	0	0	
1	0	0	2	0	0	0	
0	0	0	0	0	0	0	
0	0	0	0	0	0	3	
0	1	0	0	0	0	2	
0	0	0	0	0	0	0	
0	2	0	2	0	2	0	
0	0	0	0	0	0	0	
3	0	0	0	0	0	0	
--------------------

--------------------
Best Solution Found!
--------------------
Time: 0 hour(s), 0 minute(s), 0 second(s), 148 millisecond(s)

Fitness: 73226

1	0	0	0	0	0	0	
0	0	0	0	0	0	1	
1	0	0	0	0	0	0	
0	1	0	0	0	0	0	
0	0	0	0	0	0	0	
0	0	0	0	0	0	0	
0	2	0	0	3	0	2	
0	0	0	0	0	0	0	
0	0	0	0	0	0	0	
0	0	0	0	0	1	0	
0	0	0	0	0	0	0	
3	0	2	1	0	0	2	
0	0	0	0	0	0	0	
0	0	0	0	0	3	2	
3	0	0	0	0	0	0	
0	0	2	0	0	3	0	
0	1	0	1	0	0	1	
1	0	0	0	0	0	0	
3	1	0	0	0	0	0	
0	2	1	1	0	0	0	
0	2	0	2	0	0	0	
0	0	0	0	0	0	0	
0	0	2	0	0	0	0	
1	0	0	0	0	3	0	
0	0	0	0	0	0	0	
0	0	0	2	0	0	0	
0	0	0	1	0	0	1	
3	1	0	0	0	0	1	
3	2	0	0	0	0	1	
0	0	0	0	0	0	0	
0	1	1	1	0	0	0	
0	0	2	0	0	3	0	
0	0	0	0	0	0	0	
1	0	0	0	0	3	0	
3	0	0	1	0	0	1	
0	1	0	0	0	0	0	
0	0	0	1	0	3	0	
3	0	1	1	0	3	1	
0	1	0	0	0	0	0	
3	0	0	0	0	0	0	
0	0	0	0	0	0	0	
1	0	0	0	0	0	0	
0	0	0	0	0	0	3	
0	2	1	0	0	0	0	
0	1	0	0	0	0	1	
1	2	0	0	0	0	0	
0	0	0	0	0	0	0	
0	0	0	0	0	0	1	
0	1	0	1	0	0	0	
0	0	0	1	0	0	0	
0	0	0	2	2	0	0	
0	0	0	0	0	0	1	
0	0	2	1	0	3	1	
3	0	0	0	0	0	0	
0	0	1	2	0	0	0	
0	0	0	0	0	1	0	
0	2	0	0	0	0	0	
3	0	0	0	0	0	0	
0	0	0	0	0	0	0	
1	1	0	2	0	2	1	
0	2	0	0	0	0	0	
0	0	0	0	0	0	0	
0	0	0	0	0	0	0	
0	1	0	0	0	0	0	
1	0	0	0	0	0	0	
0	0	2	2	2	0	0	
0	0	0	0	0	0	0	
1	0	0	2	0	0	0	
0	0	0	0	0	0	0	
0	0	0	0	0	0	3	
0	1	0	0	0	0	2	
0	0	0	0	0	0	0	
0	2	0	2	0	2	0	
0	0	0	0	0	0	0	
3	0	0	0	0	0	0	
--------------------

--------------------
Best Solution Found!
--------------------
Time: 0 hour(s), 0 minute(s), 0 second(s), 244 millisecond(s)

Fitness: 73221

0	0	1	1	0	0	0	
0	0	2	0	0	0	0	
0	0	0	0	0	0	1	
0	0	0	0	0	2	0	
0	0	0	0	0	0	0	
0	0	0	0	0	0	0	
0	2	0	0	0	0	0	
0	0	0	0	0	0	0	
0	0	0	1	0	0	0	
0	0	0	0	2	0	0	
0	1	0	0	0	0	0	
0	0	2	0	0	0	0	
0	0	0	0	0	1	0	
0	0	1	0	0	0	0	
3	2	0	0	0	0	0	
1	1	0	1	0	0	0	
0	0	0	0	0	0	0	
0	0	0	0	0	3	0	
3	0	0	0	0	0	1	
3	1	0	0	0	0	0	
0	0	0	0	0	0	0	
3	2	0	1	3	0	1	
1	2	0	0	0	1	0	
0	0	0	0	0	3	0	
3	0	0	1	0	3	1	
0	1	0	0	0	0	0	
3	0	2	2	0	3	0	
3	1	0	2	0	0	0	
1	0	0	0	0	0	0	
0	0	1	0	0	0	0	
0	2	0	0	0	0	0	
0	0	2	0	0	0	2	
0	0	0	0	0	0	0	
0	1	0	0	0	3	0	
0	0	0	0	0	0	0	
3	2	1	2	0	0	1	
0	0	0	1	0	0	0	
0	1	0	0	0	0	0	
0	0	0	0	0	0	1	
0	2	0	0	0	0	0	
0	0	0	1	0	0	0	
0	0	2	0	0	0	0	
3	0	0	0	0	0	0	
0	0	0	0	0	0	0	
0	0	0	0	0	0	1	
1	0	0	2	0	0	2	
0	0	0	1	0	0	0	
0	2	0	0	0	0	2	
0	1	0	1	0	0	3	
1	0	0	0	0	0	3	
0	1	0	0	2	0	0	
0	0	0	0	0	0	0	
0	0	1	1	0	0	1	
0	0	0	1	0	0	2	
1	1	0	0	0	0	1	
1	0	0	0	0	0	0	
0	0	0	0	0	0	0	
0	1	0	0	0	0	0	
0	0	0	0	0	0	0	
0	0	0	0	0	3	0	
0	0	2	2	0	3	0	
0	0	0	0	0	0	0	
1	0	0	2	0	0	0	
3	0	0	0	0	0	0	
0	0	0	0	0	0	1	
0	0	0	0	0	0	0	
1	0	0	0	0	0	0	
0	0	0	2	0	0	0	
1	0	0	0	0	0	0	
0	0	0	0	0	2	0	
0	2	0	0	0	0	1	
0	0	0	0	0	0	1	
0	0	0	0	0	0	0	
3	0	0	0	0	3	0	
0	1	0	2	0	0	0	
--------------------

--------------------
Best Solution Found!
--------------------
Time: 0 hour(s), 0 minute(s), 0 second(s), 473 millisecond(s)

Fitness: 73217

0	0	0	0	0	0	2	
0	0	0	2	0	0	0	
0	0	2	0	0	0	0	
1	1	0	1	0	3	0	
0	0	0	0	0	0	0	
0	0	0	0	0	0	0	
0	0	0	0	0	0	2	
0	0	0	0	0	0	1	
0	2	0	0	0	0	1	
0	0	0	0	0	3	0	
0	0	0	0	0	3	0	
0	0	0	0	0	0	0	
0	0	0	2	0	0	0	
0	0	0	0	0	1	0	
3	0	1	0	0	0	0	
0	0	0	0	0	0	0	
0	1	0	0	0	0	0	
1	0	0	0	0	0	1	
0	0	0	0	0	0	0	
3	0	2	0	0	0	1	
0	0	0	0	0	0	0	
0	0	0	1	0	3	1	
0	0	0	1	0	0	0	
0	0	0	0	0	0	0	
0	1	0	0	0	0	0	
0	0	1	1	0	0	1	
0	0	0	0	0	0	2	
0	0	2	0	0	0	1	
0	0	0	1	0	0	1	
0	0	0	0	0	0	0	
3	0	2	0	0	0	0	
0	0	0	2	0	0	0	
0	2	0	0	2	0	0	
0	0	0	0	0	0	3	
0	0	0	0	0	0	0	
0	2	0	0	0	0	0	
0	0	1	0	0	0	0	
1	0	0	0	2	0	0	
3	0	0	2	0	0	0	
1	0	0	0	0	0	0	
0	0	0	0	0	3	0	
3	2	0	0	0	0	0	
0	1	0	0	0	0	0	
3	1	0	2	0	0	0	
1	1	0	0	0	0	1	
1	2	0	1	0	1	1	
0	0	0	0	0	0	0	
0	2	0	0	0	0	1	
0	0	0	0	0	0	0	
3	1	0	2	0	0	0	
1	0	0	0	0	3	0	
3	1	0	0	0	3	2	
0	0	0	2	0	2	0	
1	0	0	1	0	0	0	
0	0	1	0	0	2	0	
0	0	0	0	3	0	0	
0	0	0	0	0	0	0	
1	2	0	1	0	0	1	
0	0	0	0	0	0	0	
3	2	2	2	0	3	0	
1	0	0	0	0	0	0	
0	1	0	0	0	0	0	
0	0	0	1	0	0	0	
0	1	0	0	0	0	0	
3	0	0	0	0	0	0	
0	1	1	0	0	0	0	
0	0	0	1	0	0	0	
0	0	0	0	0	0	0	
0	0	0	0	0	0	0	
0	0	0	0	0	0	0	
0	0	0	0	0	0	0	
0	0	2	0	0	0	0	
0	1	0	0	0	0	0	
3	2	0	1	0	0	0	
0	0	0	0	0	0	3	
--------------------

--------------------
Best Solution Found!
--------------------
Time: 0 hour(s), 0 minute(s), 1 second(s), 65 millisecond(s)

Fitness: 72229

0	0	0	0	0	0	0	
0	0	0	1	0	0	0	
1	2	0	0	0	0	0	
0	0	0	0	0	0	0	
0	0	0	0	0	0	0	
1	0	0	0	0	0	1	
0	0	0	0	0	0	1	
0	0	0	2	0	0	2	
0	0	0	0	0	0	2	
0	1	0	0	0	0	0	
0	1	0	0	0	0	0	
3	0	0	0	0	0	0	
3	1	2	1	0	0	2	
0	0	0	0	0	0	0	
0	0	0	1	3	0	0	
0	0	0	2	0	0	0	
0	0	0	0	2	0	0	
1	1	0	2	0	0	0	
0	0	0	0	0	0	0	
3	0	2	0	2	0	0	
0	0	0	0	0	3	0	
0	0	0	0	0	0	0	
0	0	0	2	0	0	0	
0	1	0	0	0	0	1	
0	2	0	0	0	0	0	
1	0	0	1	0	3	0	
0	2	0	0	0	0	0	
0	1	0	2	0	0	0	
0	1	0	0	0	0	0	
3	0	0	2	0	0	0	
0	0	0	0	0	0	0	
0	0	0	0	0	2	0	
3	1	0	1	0	1	1	
1	2	0	0	0	0	2	
3	0	0	1	0	0	0	
3	0	0	0	0	0	3	
0	0	0	0	0	0	0	
0	0	0	0	0	0	1	
1	1	0	1	0	2	3	
0	0	2	1	0	1	0	
1	0	0	0	0	0	0	
0	0	0	1	0	0	0	
0	0	1	0	0	0	0	
0	0	0	0	0	0	0	
0	2	0	0	0	0	1	
0	0	0	2	0	0	0	
3	0	0	0	0	0	1	
0	0	0	0	0	0	0	
0	0	0	0	0	0	0	
0	2	0	0	0	3	1	
0	0	0	1	0	0	0	
0	2	0	2	0	0	1	
0	0	0	0	0	3	0	
0	0	2	0	0	0	1	
0	0	1	0	0	0	0	
1	1	0	0	0	0	0	
3	0	0	0	0	3	0	
0	0	0	0	0	0	0	
1	1	1	0	0	0	0	
0	0	0	0	0	3	0	
3	0	2	0	0	0	1	
0	0	0	0	0	0	0	
0	0	0	0	0	0	0	
0	0	2	0	0	3	0	
3	2	0	0	0	0	0	
0	0	0	0	0	0	0	
0	0	0	0	0	0	0	
0	0	1	0	0	0	0	
0	2	0	1	0	0	0	
0	0	1	0	0	0	0	
1	0	0	0	0	0	0	
0	0	0	0	0	0	0	
0	0	0	0	0	0	1	
0	0	0	0	0	3	0	
0	1	0	0	0	0	0	
--------------------

--------------------
Best Solution Found!
--------------------
Time: 0 hour(s), 0 minute(s), 1 second(s), 995 millisecond(s)

Fitness: 72224

0	0	2	0	0	0	0	
0	0	0	1	0	0	2	
3	0	0	0	0	3	0	
0	0	0	2	0	0	2	
0	0	0	0	0	0	1	
0	0	0	0	3	0	0	
0	0	0	0	0	0	0	
0	0	0	0	0	1	0	
3	0	0	0	0	0	0	
0	1	0	1	0	0	1	
0	1	0	0	0	0	0	
0	0	0	0	0	1	0	
1	1	0	0	0	0	0	
0	0	0	0	0	3	0	
0	1	1	1	0	0	0	
0	1	0	0	0	0	0	
1	0	0	0	0	0	0	
0	0	0	0	0	0	1	
0	0	0	0	0	0	0	
0	0	0	0	0	0	0	
0	0	0	2	0	0	2	
3	1	0	0	0	0	0	
1	0	0	0	0	0	0	
0	0	0	1	0	0	0	
0	0	0	1	0	0	1	
0	2	0	1	0	0	0	
0	1	0	2	0	0	0	
0	0	0	0	0	0	0	
0	0	0	0	0	0	0	
0	0	2	0	0	0	0	
0	0	1	2	0	0	0	
0	0	0	0	0	0	0	
0	1	0	0	0	3	0	
3	1	0	1	0	3	1	
0	0	0	0	0	0	1	
3	0	0	0	0	2	0	
0	0	1	0	0	0	0	
0	2	2	1	0	0	0	
0	0	0	1	0	0	2	
0	2	2	1	2	0	1	
0	0	0	0	0	0	0	
3	0	0	0	0	0	0	
0	1	0	1	0	3	1	
1	2	1	0	0	2	3	
0	0	0	0	0	0	1	
0	0	0	2	0	0	0	
3	1	0	0	0	0	0	
0	0	0	0	0	0	0	
3	2	0	0	0	0	0	
0	0	0	0	0	0	0	
0	2	0	0	0	0	0	
3	0	2	0	0	3	0	
1	2	0	0	2	0	0	
0	0	0	0	0	0	0	
3	1	0	0	0	0	0	
0	0	0	0	0	0	0	
0	0	0	0	0	0	3	
1	0	0	0	0	0	0	
0	0	0	2	0	0	0	
0	0	0	0	0	0	0	
0	0	0	0	0	0	0	
0	0	0	0	0	3	1	
0	0	1	2	0	0	0	
0	2	0	0	0	0	0	
0	0	0	0	0	0	0	
1	0	0	0	0	0	0	
1	2	0	0	0	0	0	
0	0	0	0	0	0	0	
3	0	0	0	0	0	1	
1	0	2	2	0	3	0	
0	0	0	0	0	0	1	
1	0	0	0	0	0	0	
0	0	0	0	0	0	0	
0	0	0	0	0	0	0	
0	0	0	0	0	0	0	
--------------------

--------------------
Best Solution Found!
--------------------
Time: 0 hour(s), 0 minute(s), 1 second(s), 996 millisecond(s)

Fitness: 72224

0	0	2	0	0	0	0	
0	0	0	1	0	0	2	
3	0	0	0	0	3	0	
0	0	0	2	0	0	2	
0	0	0	0	0	0	1	
0	0	0	0	3	0	0	
0	0	0	0	0	0	0	
0	0	0	0	0	1	0	
3	0	0	0	0	0	0	
0	1	0	1	0	0	1	
0	1	0	0	0	0	0	
0	0	0	0	0	1	0	
1	1	0	0	0	0	0	
0	0	0	0	0	3	0	
0	1	1	1	0	0	0	
0	1	0	0	0	0	0	
1	0	0	0	0	0	0	
0	0	0	0	0	0	1	
0	0	0	0	0	0	0	
0	0	0	0	0	0	0	
0	0	0	2	0	0	2	
3	1	0	0	0	0	0	
1	0	0	0	0	0	0	
0	0	0	1	0	0	0	
0	0	0	1	0	0	1	
0	2	0	1	0	0	0	
0	1	0	2	0	0	0	
0	0	0	0	0	0	0	
0	0	0	0	0	0	0	
0	0	2	0	0	0	0	
0	0	1	2	0	0	0	
0	0	0	0	0	0	0	
0	1	0	0	0	3	0	
3	1	0	1	0	3	1	
0	0	0	0	0	0	1	
3	0	0	0	0	2	0	
0	0	1	0	0	0	0	
0	2	2	1	0	0	0	
0	0	0	1	0	0	2	
0	2	2	1	2	0	1	
0	0	0	0	0	0	0	
3	0	0	0	0	0	0	
0	1	0	1	0	3	1	
1	2	1	0	0	2	3	
0	0	0	0	0	0	1	
0	0	0	2	0	0	0	
3	1	0	0	0	0	0	
0	0	0	0	0	0	0	
3	2	0	0	0	0	0	
0	0	0	0	0	0	0	
0	2	0	0	0	0	0	
3	0	2	0	0	3	0	
1	2	0	0	2	0	0	
0	0	0	0	0	0	0	
3	1	0	0	0	0	0	
0	0	0	0	0	0	0	
0	0	0	0	0	0	3	
1	0	0	0	0	0	0	
0	0	0	2	0	0	0	
0	0	0	0	0	0	0	
0	0	0	0	0	0	0	
0	0	0	0	0	3	1	
0	0	1	2	0	0	0	
0	2	0	0	0	0	0	
0	0	0	0	0	0	0	
1	0	0	0	0	0	0	
1	2	0	0	0	0	0	
0	0	0	0	0	0	0	
3	0	0	0	0	0	1	
1	0	2	2	0	3	0	
0	0	0	0	0	0	1	
1	0	0	0	0	0	0	
0	0	0	0	0	0	0	
0	0	0	0	0	0	0	
0	0	0	0	0	0	0	
--------------------

--------------------
Best Solution Found!
--------------------
Time: 0 hour(s), 0 minute(s), 2 second(s), 115 millisecond(s)

Fitness: 72219

0	1	0	0	0	0	0	
0	0	0	0	0	0	0	
0	0	2	0	0	0	0	
0	0	1	0	0	0	0	
0	0	0	0	0	0	0	
0	0	0	2	0	0	1	
0	0	0	2	2	0	0	
1	0	2	1	0	0	0	
1	0	2	2	0	0	0	
0	2	0	0	0	0	0	
0	0	0	0	0	0	0	
3	1	0	0	0	0	0	
0	0	0	0	0	0	0	
0	0	0	0	0	3	0	
0	0	2	0	0	0	1	
1	0	0	0	0	0	0	
0	0	0	0	0	3	0	
0	0	0	0	0	0	3	
1	0	0	0	0	0	0	
3	2	0	1	0	3	1	
0	1	0	0	0	0	2	
0	0	0	0	0	0	0	
0	0	1	0	0	3	0	
3	0	0	0	0	0	0	
0	2	0	0	0	0	0	
0	0	0	0	0	3	1	
0	0	0	0	0	0	0	
0	0	0	1	0	0	0	
0	0	0	0	0	0	2	
0	0	0	0	0	0	0	
3	0	0	0	0	3	0	
0	0	0	1	0	0	0	
0	0	0	0	0	0	0	
0	0	0	0	0	0	0	
0	1	0	0	0	0	3	
0	0	1	0	0	0	0	
0	0	0	0	0	0	0	
0	2	0	0	0	0	0	
0	1	0	0	0	0	0	
0	0	0	0	0	0	0	
1	2	0	0	0	0	0	
1	2	2	2	0	1	0	
0	0	0	0	0	0	0	
3	1	0	0	0	0	2	
0	0	0	1	0	0	1	
3	0	0	0	0	1	0	
3	0	0	0	0	0	0	
0	1	0	0	0	0	1	
3	0	0	0	0	0	0	
0	2	1	0	0	0	0	
1	0	0	0	0	0	1	
0	0	0	0	0	0	1	
0	0	0	0	0	0	0	
0	0	0	2	0	0	0	
0	0	2	2	0	0	0	
0	0	0	1	0	0	0	
0	0	0	0	0	0	0	
0	0	0	0	2	0	1	
0	0	0	0	0	0	1	
0	1	0	0	0	3	0	
3	0	0	0	0	0	0	
3	0	1	1	0	0	0	
0	1	0	1	0	0	0	
1	2	0	0	0	0	0	
0	1	0	2	0	0	0	
0	0	0	1	0	2	0	
3	0	0	0	0	0	0	
0	0	0	0	0	0	0	
0	1	0	1	0	0	0	
0	0	0	0	0	0	2	
0	0	0	1	0	0	0	
0	0	0	0	0	2	0	
1	0	0	2	0	0	0	
1	1	0	0	3	3	1	
0	2	0	0	0	0	1	
--------------------

--------------------
Best Solution Found!
--------------------
Time: 0 hour(s), 0 minute(s), 4 second(s), 881 millisecond(s)

Fitness: 71232

0	2	0	2	3	3	1	
0	0	0	2	0	3	0	
0	2	0	0	0	0	0	
0	2	0	2	0	0	0	
3	0	0	0	0	0	0	
0	0	0	0	0	0	0	
0	0	0	0	0	0	0	
0	0	0	2	0	2	0	
0	2	0	2	0	0	1	
3	0	1	0	0	0	0	
0	0	0	0	0	0	1	
1	0	0	0	0	0	0	
0	1	0	0	0	0	0	
3	0	0	0	0	0	0	
1	0	0	0	0	0	1	
0	0	0	0	0	1	1	
0	1	0	0	0	0	1	
3	2	2	2	0	1	0	
0	0	0	0	0	0	0	
3	0	0	0	0	0	0	
0	0	1	1	0	3	0	
0	0	0	0	0	0	0	
0	0	0	0	0	0	0	
0	1	1	0	0	0	1	
1	0	0	0	0	0	0	
0	2	2	1	0	3	1	
0	0	0	0	0	0	0	
0	0	0	0	0	0	2	
0	0	2	0	2	3	0	
0	0	0	1	0	0	0	
1	0	0	0	0	0	0	
0	0	0	0	0	0	1	
0	1	0	0	0	0	0	
1	0	0	0	0	0	0	
0	1	0	0	2	0	1	
0	0	0	0	0	0	0	
0	0	0	0	0	0	0	
0	0	0	0	0	0	0	
0	1	0	0	0	0	0	
0	1	1	0	0	0	0	
0	0	0	0	0	0	0	
0	0	2	0	0	0	2	
0	0	0	2	0	0	0	
1	0	0	1	0	0	0	
0	0	0	0	0	0	0	
0	1	0	1	0	0	2	
0	0	0	0	0	0	0	
0	0	2	1	0	0	0	
0	0	0	0	0	0	0	
0	0	0	0	0	3	0	
0	0	0	0	0	0	0	
3	1	0	1	0	0	1	
0	0	0	0	0	0	0	
1	1	0	0	0	2	0	
1	1	0	0	0	0	0	
0	0	0	0	0	0	0	
0	0	2	0	0	0	0	
0	0	0	0	0	3	0	
3	0	0	0	0	0	0	
0	0	0	1	0	0	0	
1	0	0	1	0	0	3	
0	0	0	0	0	0	3	
0	0	0	0	0	0	2	
0	1	0	0	0	0	0	
0	2	0	1	0	0	0	
0	0	0	0	0	0	0	
0	0	0	0	0	0	0	
3	0	1	2	0	3	1	
3	0	0	0	0	0	0	
0	0	0	0	0	0	0	
0	0	0	0	0	0	0	
3	0	0	0	0	0	0	
3	2	0	0	0	0	0	
0	2	0	1	0	0	0	
1	0	0	0	0	0	0	
--------------------

--------------------
Best Solution Found!
--------------------
Time: 0 hour(s), 0 minute(s), 4 second(s), 882 millisecond(s)

Fitness: 71232

0	2	0	2	3	3	1	
0	0	0	2	0	3	0	
0	2	0	0	0	0	0	
0	2	0	2	0	0	0	
3	0	0	0	0	0	0	
0	0	0	0	0	0	0	
0	0	0	0	0	0	0	
0	0	0	2	0	2	0	
0	2	0	2	0	0	1	
3	0	1	0	0	0	0	
0	0	0	0	0	0	1	
1	0	0	0	0	0	0	
0	1	0	0	0	0	0	
3	0	0	0	0	0	0	
1	0	0	0	0	0	1	
0	0	0	0	0	1	1	
0	1	0	0	0	0	1	
3	2	2	2	0	1	0	
0	0	0	0	0	0	0	
3	0	0	0	0	0	0	
0	0	1	1	0	3	0	
0	0	0	0	0	0	0	
0	0	0	0	0	0	0	
0	1	1	0	0	0	1	
1	0	0	0	0	0	0	
0	2	2	1	0	3	1	
0	0	0	0	0	0	0	
0	0	0	0	0	0	2	
0	0	2	0	2	3	0	
0	0	0	1	0	0	0	
1	0	0	0	0	0	0	
0	0	0	0	0	0	1	
0	1	0	0	0	0	0	
1	0	0	0	0	0	0	
0	1	0	0	2	0	1	
0	0	0	0	0	0	0	
0	0	0	0	0	0	0	
0	0	0	0	0	0	0	
0	1	0	0	0	0	0	
0	1	1	0	0	0	0	
0	0	0	0	0	0	0	
0	0	2	0	0	0	2	
0	0	0	2	0	0	0	
1	0	0	1	0	0	0	
0	0	0	0	0	0	0	
0	1	0	1	0	0	2	
0	0	0	0	0	0	0	
0	0	2	1	0	0	0	
0	0	0	0	0	0	0	
0	0	0	0	0	3	0	
0	0	0	0	0	0	0	
3	1	0	1	0	0	1	
0	0	0	0	0	0	0	
1	1	0	0	0	2	0	
1	1	0	0	0	0	0	
0	0	0	0	0	0	0	
0	0	2	0	0	0	0	
0	0	0	0	0	3	0	
3	0	0	0	0	0	0	
0	0	0	1	0	0	0	
1	0	0	1	0	0	3	
0	0	0	0	0	0	3	
0	0	0	0	0	0	2	
0	1	0	0	0	0	0	
0	2	0	1	0	0	0	
0	0	0	0	0	0	0	
0	0	0	0	0	0	0	
3	0	1	2	0	3	1	
3	0	0	0	0	0	0	
0	0	0	0	0	0	0	
0	0	0	0	0	0	0	
3	0	0	0	0	0	0	
3	2	0	0	0	0	0	
0	2	0	1	0	0	0	
1	0	0	0	0	0	0	
--------------------

--------------------
Best Solution Found!
--------------------
Time: 0 hour(s), 0 minute(s), 4 second(s), 883 millisecond(s)

Fitness: 71232

0	2	0	2	3	3	1	
0	0	0	2	0	3	0	
0	2	0	0	0	0	0	
0	2	0	2	0	0	0	
3	0	0	0	0	0	0	
0	0	0	0	0	0	0	
0	0	0	0	0	0	0	
0	0	0	2	0	2	0	
0	2	0	2	0	0	1	
3	0	1	0	0	0	0	
0	0	0	0	0	0	1	
1	0	0	0	0	0	0	
0	1	0	0	0	0	0	
3	0	0	0	0	0	0	
1	0	0	0	0	0	1	
0	0	0	0	0	1	1	
0	1	0	0	0	0	1	
3	2	2	2	0	1	0	
0	0	0	0	0	0	0	
3	0	0	0	0	0	0	
0	0	1	1	0	3	0	
0	0	0	0	0	0	0	
0	0	0	0	0	0	0	
0	1	1	0	0	0	1	
1	0	0	0	0	0	0	
0	2	2	1	0	3	1	
0	0	0	0	0	0	0	
0	0	0	0	0	0	2	
0	0	2	0	2	3	0	
0	0	0	1	0	0	0	
1	0	0	0	0	0	0	
0	0	0	0	0	0	1	
0	1	0	0	0	0	0	
1	0	0	0	0	0	0	
0	1	0	0	2	0	1	
0	0	0	0	0	0	0	
0	0	0	0	0	0	0	
0	0	0	0	0	0	0	
0	1	0	0	0	0	0	
0	1	1	0	0	0	0	
0	0	0	0	0	0	0	
0	0	2	0	0	0	2	
0	0	0	2	0	0	0	
1	0	0	1	0	0	0	
0	0	0	0	0	0	0	
0	1	0	1	0	0	2	
0	0	0	0	0	0	0	
0	0	2	1	0	0	0	
0	0	0	0	0	0	0	
0	0	0	0	0	3	0	
0	0	0	0	0	0	0	
3	1	0	1	0	0	1	
0	0	0	0	0	0	0	
1	1	0	0	0	2	0	
1	1	0	0	0	0	0	
0	0	0	0	0	0	0	
0	0	2	0	0	0	0	
0	0	0	0	0	3	0	
3	0	0	0	0	0	0	
0	0	0	1	0	0	0	
1	0	0	1	0	0	3	
0	0	0	0	0	0	3	
0	0	0	0	0	0	2	
0	1	0	0	0	0	0	
0	2	0	1	0	0	0	
0	0	0	0	0	0	0	
0	0	0	0	0	0	0	
3	0	1	2	0	3	1	
3	0	0	0	0	0	0	
0	0	0	0	0	0	0	
0	0	0	0	0	0	0	
3	0	0	0	0	0	0	
3	2	0	0	0	0	0	
0	2	0	1	0	0	0	
1	0	0	0	0	0	0	
--------------------

--------------------
Best Solution Found!
--------------------
Time: 0 hour(s), 0 minute(s), 4 second(s), 884 millisecond(s)

Fitness: 71232

0	2	0	2	3	3	1	
0	0	0	2	0	3	0	
0	2	0	0	0	0	0	
0	2	0	2	0	0	0	
3	0	0	0	0	0	0	
0	0	0	0	0	0	0	
0	0	0	0	0	0	0	
0	0	0	2	0	2	0	
0	2	0	2	0	0	1	
3	0	1	0	0	0	0	
0	0	0	0	0	0	1	
1	0	0	0	0	0	0	
0	1	0	0	0	0	0	
3	0	0	0	0	0	0	
1	0	0	0	0	0	1	
0	0	0	0	0	1	1	
0	1	0	0	0	0	1	
3	2	2	2	0	1	0	
0	0	0	0	0	0	0	
3	0	0	0	0	0	0	
0	0	1	1	0	3	0	
0	0	0	0	0	0	0	
0	0	0	0	0	0	0	
0	1	1	0	0	0	1	
1	0	0	0	0	0	0	
0	2	2	1	0	3	1	
0	0	0	0	0	0	0	
0	0	0	0	0	0	2	
0	0	2	0	2	3	0	
0	0	0	1	0	0	0	
1	0	0	0	0	0	0	
0	0	0	0	0	0	1	
0	1	0	0	0	0	0	
1	0	0	0	0	0	0	
0	1	0	0	2	0	1	
0	0	0	0	0	0	0	
0	0	0	0	0	0	0	
0	0	0	0	0	0	0	
0	1	0	0	0	0	0	
0	1	1	0	0	0	0	
0	0	0	0	0	0	0	
0	0	2	0	0	0	2	
0	0	0	2	0	0	0	
1	0	0	1	0	0	0	
0	0	0	0	0	0	0	
0	1	0	1	0	0	2	
0	0	0	0	0	0	0	
0	0	2	1	0	0	0	
0	0	0	0	0	0	0	
0	0	0	0	0	3	0	
0	0	0	0	0	0	0	
3	1	0	1	0	0	1	
0	0	0	0	0	0	0	
1	1	0	0	0	2	0	
1	1	0	0	0	0	0	
0	0	0	0	0	0	0	
0	0	2	0	0	0	0	
0	0	0	0	0	3	0	
3	0	0	0	0	0	0	
0	0	0	1	0	0	0	
1	0	0	1	0	0	3	
0	0	0	0	0	0	3	
0	0	0	0	0	0	2	
0	1	0	0	0	0	0	
0	2	0	1	0	0	0	
0	0	0	0	0	0	0	
0	0	0	0	0	0	0	
3	0	1	2	0	3	1	
3	0	0	0	0	0	0	
0	0	0	0	0	0	0	
0	0	0	0	0	0	0	
3	0	0	0	0	0	0	
3	2	0	0	0	0	0	
0	2	0	1	0	0	0	
1	0	0	0	0	0	0	
--------------------
---------------------
Best Solution Found!
--------------------
Time: 0 hour(s), 0 minute(s), 37 second(s), 769 millisecond(s)

Fitness: 71218

0	0	0	0	0	0	0	
1	2	0	0	0	0	0	
0	0	0	0	0	0	1	
0	0	0	0	0	0	0	
1	0	0	0	0	0	0	
0	0	0	2	0	0	3	
0	0	0	0	0	0	0	
3	0	0	0	0	0	3	
0	1	0	0	0	0	0	
0	0	1	0	0	0	1	
0	0	2	0	0	0	2	
1	2	0	0	0	0	1	
0	1	0	0	0	0	0	
0	0	0	0	0	0	0	
0	1	0	0	0	0	0	
0	0	0	0	0	0	0	
3	0	0	0	0	0	0	
3	0	0	2	0	0	0	
0	0	1	0	0	0	0	
0	0	0	0	0	2	0	
0	0	0	0	0	0	0	
0	2	1	2	0	0	0	
0	0	0	0	0	3	0	
1	0	0	0	0	0	0	
0	0	0	0	0	1	1	
0	0	0	0	0	0	0	
0	0	0	0	0	0	0	
0	0	0	0	0	0	0	
0	2	2	0	0	0	0	
0	0	1	0	0	0	0	
0	1	0	0	0	0	0	
0	0	0	0	0	0	0	
1	0	0	0	0	0	0	
0	0	0	1	0	3	0	
0	0	0	0	0	0	0	
3	0	0	0	0	0	0	
0	0	0	1	0	0	1	
1	1	0	2	2	0	1	
3	0	2	2	0	0	0	
0	0	0	0	0	0	0	
3	0	0	1	0	3	0	
0	0	0	0	0	0	0	
0	0	0	0	0	0	0	
0	1	0	1	0	0	0	
3	1	2	0	0	2	2	
1	0	0	0	0	0	0	
0	2	0	1	0	0	0	
0	0	0	1	2	3	0	
0	0	0	0	0	0	0	
3	2	1	0	0	0	0	
0	0	0	0	0	0	0	
0	0	0	0	0	0	1	
0	0	0	0	0	0	0	
3	2	0	0	0	3	0	
0	0	0	1	0	3	0	
1	0	0	0	0	0	0	
0	0	0	0	0	0	0	
0	0	0	0	0	0	1	
3	2	2	2	0	0	1	
0	0	0	0	0	0	0	
0	0	0	0	0	0	0	
0	1	0	2	0	0	1	
0	0	0	1	0	3	0	
0	0	0	1	0	0	2	
0	1	0	1	0	0	0	
0	1	0	0	0	0	1	
0	0	0	0	0	0	0	
0	0	0	1	0	0	0	
1	0	0	0	0	0	0	
0	0	0	0	0	0	0	
1	1	0	0	3	1	1	
0	1	0	0	0	3	2	
0	2	0	0	0	0	0	
0	0	0	2	0	0	0	
3	0	2	0	0	0	0	
--------------------

--------------------
Best Solution Found!
--------------------
Time: 0 hour(s), 0 minute(s), 37 second(s), 770 millisecond(s)

Fitness: 71218

0	0	0	0	0	0	0	
1	2	0	0	0	0	0	
0	0	0	0	0	0	1	
0	0	0	0	0	0	0	
1	0	0	0	0	0	0	
0	0	0	2	0	0	3	
0	0	0	0	0	0	0	
3	0	0	0	0	0	3	
0	1	0	0	0	0	0	
0	0	1	0	0	0	1	
0	0	2	0	0	0	2	
1	2	0	0	0	0	1	
0	1	0	0	0	0	0	
0	0	0	0	0	0	0	
0	1	0	0	0	0	0	
0	0	0	0	0	0	0	
3	0	0	0	0	0	0	
3	0	0	2	0	0	0	
0	0	1	0	0	0	0	
0	0	0	0	0	2	0	
0	0	0	0	0	0	0	
0	2	1	2	0	0	0	
0	0	0	0	0	3	0	
1	0	0	0	0	0	0	
0	0	0	0	0	1	1	
0	0	0	0	0	0	0	
0	0	0	0	0	0	0	
0	0	0	0	0	0	0	
0	2	2	0	0	0	0	
0	0	1	0	0	0	0	
0	1	0	0	0	0	0	
0	0	0	0	0	0	0	
1	0	0	0	0	0	0	
0	0	0	1	0	3	0	
0	0	0	0	0	0	0	
3	0	0	0	0	0	0	
0	0	0	1	0	0	1	
1	1	0	2	2	0	1	
3	0	2	2	0	0	0	
0	0	0	0	0	0	0	
3	0	0	1	0	3	0	
0	0	0	0	0	0	0	
0	0	0	0	0	0	0	
0	1	0	1	0	0	0	
3	1	2	0	0	2	2	
1	0	0	0	0	0	0	
0	2	0	1	0	0	0	
0	0	0	1	2	3	0	
0	0	0	0	0	0	0	
3	2	1	0	0	0	0	
0	0	0	0	0	0	0	
0	0	0	0	0	0	1	
0	0	0	0	0	0	0	
3	2	0	0	0	3	0	
0	0	0	1	0	3	0	
1	0	0	0	0	0	0	
0	0	0	0	0	0	0	
0	0	0	0	0	0	1	
3	2	2	2	0	0	1	
0	0	0	0	0	0	0	
0	0	0	0	0	0	0	
0	1	0	2	0	0	1	
0	0	0	1	0	3	0	
0	0	0	1	0	0	2	
0	1	0	1	0	0	0	
0	1	0	0	0	0	1	
0	0	0	0	0	0	0	
0	0	0	1	0	0	0	
1	0	0	0	0	0	0	
0	0	0	0	0	0	0	
1	1	0	0	3	1	1	
0	1	0	0	0	3	2	
0	2	0	0	0	0	0	
0	0	0	2	0	0	0	
3	0	2	0	0	0	0	
--------------------

--------------------
Best Solution Found!
--------------------
Time: 0 hour(s), 0 minute(s), 44 second(s), 568 millisecond(s)

Fitness: 71209

3	1	0	0	3	1	1	
3	0	0	0	0	0	0	
3	1	2	0	0	3	2	
0	0	0	0	0	0	0	
0	0	0	2	0	0	0	
1	0	0	0	0	0	0	
0	0	0	0	0	0	3	
0	0	0	0	0	0	0	
0	0	0	0	0	0	0	
0	0	0	1	0	0	1	
3	2	0	0	0	0	0	
0	0	0	0	0	0	0	
0	0	0	2	2	0	0	
0	1	0	0	0	0	0	
0	1	0	0	0	0	0	
1	0	1	1	0	0	0	
3	0	0	0	0	0	0	
0	0	0	0	0	0	0	
0	2	0	0	0	0	0	
0	1	0	0	0	0	0	
0	0	0	0	0	0	0	
0	0	0	0	0	2	1	
0	2	0	2	0	0	0	
1	0	0	2	0	0	1	
0	0	0	0	0	0	1	
0	0	0	0	0	0	0	
1	0	0	0	0	0	0	
0	2	0	2	0	1	0	
1	0	0	0	0	0	0	
0	1	0	0	0	0	0	
3	0	0	0	0	0	0	
1	1	1	0	0	3	1	
0	0	0	2	0	0	0	
0	0	0	0	0	0	1	
3	0	0	0	0	0	0	
0	2	0	0	0	0	0	
0	0	0	0	0	0	0	
0	0	0	1	0	0	0	
0	0	0	0	0	0	0	
0	0	0	0	0	0	0	
0	0	1	0	0	0	0	
1	0	0	0	0	0	0	
0	0	0	0	0	0	0	
1	0	0	0	0	0	2	
0	0	0	0	0	0	1	
0	0	0	1	0	0	0	
3	0	0	0	0	3	1	
0	0	0	0	0	0	0	
0	2	0	1	2	0	0	
0	1	0	0	0	3	0	
3	0	0	1	0	0	0	
1	0	0	1	0	0	0	
0	2	0	1	0	0	0	
0	1	2	0	0	2	2	
0	0	0	0	0	0	1	
0	0	0	0	0	3	1	
0	2	0	0	0	0	0	
1	0	1	1	0	3	2	
0	0	2	0	0	0	1	
0	0	0	1	0	0	3	
0	1	2	0	0	0	0	
3	0	0	0	0	0	0	
0	1	0	0	0	3	0	
0	0	0	0	0	0	0	
0	0	0	2	0	0	0	
0	0	0	0	0	0	0	
3	0	0	0	0	0	0	
0	0	2	0	0	3	0	
0	0	1	0	0	0	0	
0	0	0	0	0	0	0	
0	0	0	0	0	0	0	
0	0	0	0	0	0	0	
0	0	0	1	0	0	0	
0	1	2	0	0	0	0	
0	2	0	2	0	0	0	
--------------------

--------------------
Best Solution Found!
--------------------
Time: 0 hour(s), 0 minute(s), 44 second(s), 569 millisecond(s)

Fitness: 71209

3	1	0	0	3	1	1	
3	0	0	0	0	0	0	
3	1	2	0	0	3	2	
0	0	0	0	0	0	0	
0	0	0	2	0	0	0	
1	0	0	0	0	0	0	
0	0	0	0	0	0	3	
0	0	0	0	0	0	0	
0	0	0	0	0	0	0	
0	0	0	1	0	0	1	
3	2	0	0	0	0	0	
0	0	0	0	0	0	0	
0	0	0	2	2	0	0	
0	1	0	0	0	0	0	
0	1	0	0	0	0	0	
1	0	1	1	0	0	0	
3	0	0	0	0	0	0	
0	0	0	0	0	0	0	
0	2	0	0	0	0	0	
0	1	0	0	0	0	0	
0	0	0	0	0	0	0	
0	0	0	0	0	2	1	
0	2	0	2	0	0	0	
1	0	0	2	0	0	1	
0	0	0	0	0	0	1	
0	0	0	0	0	0	0	
1	0	0	0	0	0	0	
0	2	0	2	0	1	0	
1	0	0	0	0	0	0	
0	1	0	0	0	0	0	
3	0	0	0	0	0	0	
1	1	1	0	0	3	1	
0	0	0	2	0	0	0	
0	0	0	0	0	0	1	
3	0	0	0	0	0	0	
0	2	0	0	0	0	0	
0	0	0	0	0	0	0	
0	0	0	1	0	0	0	
0	0	0	0	0	0	0	
0	0	0	0	0	0	0	
0	0	1	0	0	0	0	
1	0	0	0	0	0	0	
0	0	0	0	0	0	0	
1	0	0	0	0	0	2	
0	0	0	0	0	0	1	
0	0	0	1	0	0	0	
3	0	0	0	0	3	1	
0	0	0	0	0	0	0	
0	2	0	1	2	0	0	
0	1	0	0	0	3	0	
3	0	0	1	0	0	0	
1	0	0	1	0	0	0	
0	2	0	1	0	0	0	
0	1	2	0	0	2	2	
0	0	0	0	0	0	1	
0	0	0	0	0	3	1	
0	2	0	0	0	0	0	
1	0	1	1	0	3	2	
0	0	2	0	0	0	1	
0	0	0	1	0	0	3	
0	1	2	0	0	0	0	
3	0	0	0	0	0	0	
0	1	0	0	0	3	0	
0	0	0	0	0	0	0	
0	0	0	2	0	0	0	
0	0	0	0	0	0	0	
3	0	0	0	0	0	0	
0	0	2	0	0	3	0	
0	0	1	0	0	0	0	
0	0	0	0	0	0	0	
0	0	0	0	0	0	0	
0	0	0	0	0	0	0	
0	0	0	1	0	0	0	
0	1	2	0	0	0	0	
0	2	0	2	0	0	0	
--------------------

--------------------
Best Solution Found!
--------------------
Time: 0 hour(s), 0 minute(s), 44 second(s), 570 millisecond(s)

Fitness: 71209

3	1	0	0	3	1	1	
3	0	0	0	0	0	0	
3	1	2	0	0	3	2	
0	0	0	0	0	0	0	
0	0	0	2	0	0	0	
1	0	0	0	0	0	0	
0	0	0	0	0	0	3	
0	0	0	0	0	0	0	
0	0	0	0	0	0	0	
0	0	0	1	0	0	1	
3	2	0	0	0	0	0	
0	0	0	0	0	0	0	
0	0	0	2	2	0	0	
0	1	0	0	0	0	0	
0	1	0	0	0	0	0	
1	0	1	1	0	0	0	
3	0	0	0	0	0	0	
0	0	0	0	0	0	0	
0	2	0	0	0	0	0	
0	1	0	0	0	0	0	
0	0	0	0	0	0	0	
0	0	0	0	0	2	1	
0	2	0	2	0	0	0	
1	0	0	2	0	0	1	
0	0	0	0	0	0	1	
0	0	0	0	0	0	0	
1	0	0	0	0	0	0	
0	2	0	2	0	1	0	
1	0	0	0	0	0	0	
0	1	0	0	0	0	0	
3	0	0	0	0	0	0	
1	1	1	0	0	3	1	
0	0	0	2	0	0	0	
0	0	0	0	0	0	1	
3	0	0	0	0	0	0	
0	2	0	0	0	0	0	
0	0	0	0	0	0	0	
0	0	0	1	0	0	0	
0	0	0	0	0	0	0	
0	0	0	0	0	0	0	
0	0	1	0	0	0	0	
1	0	0	0	0	0	0	
0	0	0	0	0	0	0	
1	0	0	0	0	0	2	
0	0	0	0	0	0	1	
0	0	0	1	0	0	0	
3	0	0	0	0	3	1	
0	0	0	0	0	0	0	
0	2	0	1	2	0	0	
0	1	0	0	0	3	0	
3	0	0	1	0	0	0	
1	0	0	1	0	0	0	
0	2	0	1	0	0	0	
0	1	2	0	0	2	2	
0	0	0	0	0	0	1	
0	0	0	0	0	3	1	
0	2	0	0	0	0	0	
1	0	1	1	0	3	2	
0	0	2	0	0	0	1	
0	0	0	1	0	0	3	
0	1	2	0	0	0	0	
3	0	0	0	0	0	0	
0	1	0	0	0	3	0	
0	0	0	0	0	0	0	
0	0	0	2	0	0	0	
0	0	0	0	0	0	0	
3	0	0	0	0	0	0	
0	0	2	0	0	3	0	
0	0	1	0	0	0	0	
0	0	0	0	0	0	0	
0	0	0	0	0	0	0	
0	0	0	0	0	0	0	
0	0	0	1	0	0	0	
0	1	2	0	0	0	0	
0	2	0	2	0	0	0	
--------------------

--------------------
Best Solution Found!
--------------------
Time: 0 hour(s), 0 minute(s), 44 second(s), 571 millisecond(s)

Fitness: 71209

3	1	0	0	3	1	1	
3	0	0	0	0	0	0	
3	1	2	0	0	3	2	
0	0	0	0	0	0	0	
0	0	0	2	0	0	0	
1	0	0	0	0	0	0	
0	0	0	0	0	0	3	
0	0	0	0	0	0	0	
0	0	0	0	0	0	0	
0	0	0	1	0	0	1	
3	2	0	0	0	0	0	
0	0	0	0	0	0	0	
0	0	0	2	2	0	0	
0	1	0	0	0	0	0	
0	1	0	0	0	0	0	
1	0	1	1	0	0	0	
3	0	0	0	0	0	0	
0	0	0	0	0	0	0	
0	2	0	0	0	0	0	
0	1	0	0	0	0	0	
0	0	0	0	0	0	0	
0	0	0	0	0	2	1	
0	2	0	2	0	0	0	
1	0	0	2	0	0	1	
0	0	0	0	0	0	1	
0	0	0	0	0	0	0	
1	0	0	0	0	0	0	
0	2	0	2	0	1	0	
1	0	0	0	0	0	0	
0	1	0	0	0	0	0	
3	0	0	0	0	0	0	
1	1	1	0	0	3	1	
0	0	0	2	0	0	0	
0	0	0	0	0	0	1	
3	0	0	0	0	0	0	
0	2	0	0	0	0	0	
0	0	0	0	0	0	0	
0	0	0	1	0	0	0	
0	0	0	0	0	0	0	
0	0	0	0	0	0	0	
0	0	1	0	0	0	0	
1	0	0	0	0	0	0	
0	0	0	0	0	0	0	
1	0	0	0	0	0	2	
0	0	0	0	0	0	1	
0	0	0	1	0	0	0	
3	0	0	0	0	3	1	
0	0	0	0	0	0	0	
0	2	0	1	2	0	0	
0	1	0	0	0	3	0	
3	0	0	1	0	0	0	
1	0	0	1	0	0	0	
0	2	0	1	0	0	0	
0	1	2	0	0	2	2	
0	0	0	0	0	0	1	
0	0	0	0	0	3	1	
0	2	0	0	0	0	0	
1	0	1	1	0	3	2	
0	0	2	0	0	0	1	
0	0	0	1	0	0	3	
0	1	2	0	0	0	0	
3	0	0	0	0	0	0	
0	1	0	0	0	3	0	
0	0	0	0	0	0	0	
0	0	0	2	0	0	0	
0	0	0	0	0	0	0	
3	0	0	0	0	0	0	
0	0	2	0	0	3	0	
0	0	1	0	0	0	0	
0	0	0	0	0	0	0	
0	0	0	0	0	0	0	
0	0	0	0	0	0	0	
0	0	0	1	0	0	0	
0	1	2	0	0	0	0	
0	2	0	2	0	0	0	
--------------------

--------------------
Best Solution Found!
--------------------
Time: 0 hour(s), 0 minute(s), 44 second(s), 572 millisecond(s)

Fitness: 71209

3	1	0	0	3	1	1	
3	0	0	0	0	0	0	
3	1	2	0	0	3	2	
0	0	0	0	0	0	0	
0	0	0	2	0	0	0	
1	0	0	0	0	0	0	
0	0	0	0	0	0	3	
0	0	0	0	0	0	0	
0	0	0	0	0	0	0	
0	0	0	1	0	0	1	
3	2	0	0	0	0	0	
0	0	0	0	0	0	0	
0	0	0	2	2	0	0	
0	1	0	0	0	0	0	
0	1	0	0	0	0	0	
1	0	1	1	0	0	0	
3	0	0	0	0	0	0	
0	0	0	0	0	0	0	
0	2	0	0	0	0	0	
0	1	0	0	0	0	0	
0	0	0	0	0	0	0	
0	0	0	0	0	2	1	
0	2	0	2	0	0	0	
1	0	0	2	0	0	1	
0	0	0	0	0	0	1	
0	0	0	0	0	0	0	
1	0	0	0	0	0	0	
0	2	0	2	0	1	0	
1	0	0	0	0	0	0	
0	1	0	0	0	0	0	
3	0	0	0	0	0	0	
1	1	1	0	0	3	1	
0	0	0	2	0	0	0	
0	0	0	0	0	0	1	
3	0	0	0	0	0	0	
0	2	0	0	0	0	0	
0	0	0	0	0	0	0	
0	0	0	1	0	0	0	
0	0	0	0	0	0	0	
0	0	0	0	0	0	0	
0	0	1	0	0	0	0	
1	0	0	0	0	0	0	
0	0	0	0	0	0	0	
1	0	0	0	0	0	2	
0	0	0	0	0	0	1	
0	0	0	1	0	0	0	
3	0	0	0	0	3	1	
0	0	0	0	0	0	0	
0	2	0	1	2	0	0	
0	1	0	0	0	3	0	
3	0	0	1	0	0	0	
1	0	0	1	0	0	0	
0	2	0	1	0	0	0	
0	1	2	0	0	2	2	
0	0	0	0	0	0	1	
0	0	0	0	0	3	1	
0	2	0	0	0	0	0	
1	0	1	1	0	3	2	
0	0	2	0	0	0	1	
0	0	0	1	0	0	3	
0	1	2	0	0	0	0	
3	0	0	0	0	0	0	
0	1	0	0	0	3	0	
0	0	0	0	0	0	0	
0	0	0	2	0	0	0	
0	0	0	0	0	0	0	
3	0	0	0	0	0	0	
0	0	2	0	0	3	0	
0	0	1	0	0	0	0	
0	0	0	0	0	0	0	
0	0	0	0	0	0	0	
0	0	0	0	0	0	0	
0	0	0	1	0	0	0	
0	1	2	0	0	0	0	
0	2	0	2	0	0	0	
--------------------

--------------------
Best Solution Found!
--------------------
Time: 0 hour(s), 0 minute(s), 44 second(s), 573 millisecond(s)

Fitness: 71209

3	1	0	0	3	1	1	
3	0	0	0	0	0	0	
3	1	2	0	0	3	2	
0	0	0	0	0	0	0	
0	0	0	2	0	0	0	
1	0	0	0	0	0	0	
0	0	0	0	0	0	3	
0	0	0	0	0	0	0	
0	0	0	0	0	0	0	
0	0	0	1	0	0	1	
3	2	0	0	0	0	0	
0	0	0	0	0	0	0	
0	0	0	2	2	0	0	
0	1	0	0	0	0	0	
0	1	0	0	0	0	0	
1	0	1	1	0	0	0	
3	0	0	0	0	0	0	
0	0	0	0	0	0	0	
0	2	0	0	0	0	0	
0	1	0	0	0	0	0	
0	0	0	0	0	0	0	
0	0	0	0	0	2	1	
0	2	0	2	0	0	0	
1	0	0	2	0	0	1	
0	0	0	0	0	0	1	
0	0	0	0	0	0	0	
1	0	0	0	0	0	0	
0	2	0	2	0	1	0	
1	0	0	0	0	0	0	
0	1	0	0	0	0	0	
3	0	0	0	0	0	0	
1	1	1	0	0	3	1	
0	0	0	2	0	0	0	
0	0	0	0	0	0	1	
3	0	0	0	0	0	0	
0	2	0	0	0	0	0	
0	0	0	0	0	0	0	
0	0	0	1	0	0	0	
0	0	0	0	0	0	0	
0	0	0	0	0	0	0	
0	0	1	0	0	0	0	
1	0	0	0	0	0	0	
0	0	0	0	0	0	0	
1	0	0	0	0	0	2	
0	0	0	0	0	0	1	
0	0	0	1	0	0	0	
3	0	0	0	0	3	1	
0	0	0	0	0	0	0	
0	2	0	1	2	0	0	
0	1	0	0	0	3	0	
3	0	0	1	0	0	0	
1	0	0	1	0	0	0	
0	2	0	1	0	0	0	
0	1	2	0	0	2	2	
0	0	0	0	0	0	1	
0	0	0	0	0	3	1	
0	2	0	0	0	0	0	
1	0	1	1	0	3	2	
0	0	2	0	0	0	1	
0	0	0	1	0	0	3	
0	1	2	0	0	0	0	
3	0	0	0	0	0	0	
0	1	0	0	0	3	0	
0	0	0	0	0	0	0	
0	0	0	2	0	0	0	
0	0	0	0	0	0	0	
3	0	0	0	0	0	0	
0	0	2	0	0	3	0	
0	0	1	0	0	0	0	
0	0	0	0	0	0	0	
0	0	0	0	0	0	0	
0	0	0	0	0	0	0	
0	0	0	1	0	0	0	
0	1	2	0	0	0	0	
0	2	0	2	0	0	0	
--------------------
---------------------
Best Solution Found!
--------------------
Time: 0 hour(s), 2 minute(s), 43 second(s), 733 millisecond(s)

Fitness: 70214

1	0	0	0	0	3	3	
0	2	0	0	0	0	0	
0	0	0	1	0	0	0	
0	0	0	0	0	0	0	
0	0	1	0	0	0	0	
0	1	0	0	0	0	1	
0	2	0	0	0	0	0	
0	0	2	0	0	3	1	
1	0	0	1	0	0	0	
0	0	0	1	0	0	0	
3	0	0	0	0	0	0	
0	1	0	0	0	0	0	
0	0	0	1	0	1	0	
0	0	0	0	0	0	1	
0	0	0	0	0	0	0	
0	0	0	0	0	0	0	
0	0	0	0	0	0	0	
0	0	0	0	0	0	0	
0	0	0	0	0	0	0	
0	2	0	0	0	0	0	
0	2	1	2	0	3	3	
3	1	0	2	3	0	1	
0	0	0	0	0	0	0	
0	0	0	2	0	0	0	
0	1	2	0	0	0	0	
3	0	0	1	0	1	1	
0	0	0	0	0	0	1	
3	0	0	0	0	0	0	
0	0	0	0	0	0	0	
0	1	0	0	0	0	0	
0	0	2	0	0	0	1	
0	0	0	0	0	0	0	
0	0	0	0	0	2	0	
0	0	2	2	0	2	2	
1	1	0	0	0	0	2	
3	0	0	2	0	0	0	
0	0	0	1	0	0	0	
0	0	0	0	0	0	0	
0	0	0	0	0	0	0	
0	2	0	0	0	0	0	
0	0	0	0	0	0	2	
1	0	0	1	0	0	0	
1	0	0	0	0	0	0	
0	0	0	0	0	0	0	
1	1	0	1	0	0	0	
3	0	2	1	0	3	1	
3	1	0	2	0	0	1	
1	2	1	1	2	0	0	
0	1	0	0	0	0	0	
0	0	0	0	0	0	0	
0	0	0	0	0	0	0	
0	2	0	0	0	0	0	
3	0	0	0	0	0	0	
0	0	0	2	0	0	0	
1	1	0	0	0	3	0	
0	0	0	0	0	0	0	
3	0	0	0	0	0	0	
0	0	0	0	0	0	0	
0	0	0	0	0	0	0	
1	2	0	2	2	3	0	
0	0	0	0	0	0	0	
3	0	2	0	0	0	0	
0	0	0	0	0	0	0	
0	0	0	0	0	0	2	
0	0	0	0	0	3	0	
1	2	0	0	0	3	0	
3	0	0	0	0	0	0	
0	0	0	1	0	0	0	
0	0	0	0	0	0	0	
0	0	1	0	0	0	1	
0	1	1	0	0	0	0	
0	0	0	0	0	0	0	
0	1	0	0	0	0	1	
0	0	0	0	0	0	0	
0	0	0	0	0	0	1	
--------------------

--------------------
Best Solution Found!
--------------------
Time: 0 hour(s), 2 minute(s), 43 second(s), 734 millisecond(s)

Fitness: 70214

1	0	0	0	0	3	3	
0	2	0	0	0	0	0	
0	0	0	1	0	0	0	
0	0	0	0	0	0	0	
0	0	1	0	0	0	0	
0	1	0	0	0	0	1	
0	2	0	0	0	0	0	
0	0	2	0	0	3	1	
1	0	0	1	0	0	0	
0	0	0	1	0	0	0	
3	0	0	0	0	0	0	
0	1	0	0	0	0	0	
0	0	0	1	0	1	0	
0	0	0	0	0	0	1	
0	0	0	0	0	0	0	
0	0	0	0	0	0	0	
0	0	0	0	0	0	0	
0	0	0	0	0	0	0	
0	0	0	0	0	0	0	
0	2	0	0	0	0	0	
0	2	1	2	0	3	3	
3	1	0	2	3	0	1	
0	0	0	0	0	0	0	
0	0	0	2	0	0	0	
0	1	2	0	0	0	0	
3	0	0	1	0	1	1	
0	0	0	0	0	0	1	
3	0	0	0	0	0	0	
0	0	0	0	0	0	0	
0	1	0	0	0	0	0	
0	0	2	0	0	0	1	
0	0	0	0	0	0	0	
0	0	0	0	0	2	0	
0	0	2	2	0	2	2	
1	1	0	0	0	0	2	
3	0	0	2	0	0	0	
0	0	0	1	0	0	0	
0	0	0	0	0	0	0	
0	0	0	0	0	0	0	
0	2	0	0	0	0	0	
0	0	0	0	0	0	2	
1	0	0	1	0	0	0	
1	0	0	0	0	0	0	
0	0	0	0	0	0	0	
1	1	0	1	0	0	0	
3	0	2	1	0	3	1	
3	1	0	2	0	0	1	
1	2	1	1	2	0	0	
0	1	0	0	0	0	0	
0	0	0	0	0	0	0	
0	0	0	0	0	0	0	
0	2	0	0	0	0	0	
3	0	0	0	0	0	0	
0	0	0	2	0	0	0	
1	1	0	0	0	3	0	
0	0	0	0	0	0	0	
3	0	0	0	0	0	0	
0	0	0	0	0	0	0	
0	0	0	0	0	0	0	
1	2	0	2	2	3	0	
0	0	0	0	0	0	0	
3	0	2	0	0	0	0	
0	0	0	0	0	0	0	
0	0	0	0	0	0	2	
0	0	0	0	0	3	0	
1	2	0	0	0	3	0	
3	0	0	0	0	0	0	
0	0	0	1	0	0	0	
0	0	0	0	0	0	0	
0	0	1	0	0	0	1	
0	1	1	0	0	0	0	
0	0	0	0	0	0	0	
0	1	0	0	0	0	1	
0	0	0	0	0	0	0	
0	0	0	0	0	0	1	
--------------------

--------------------
Best Solution Found!
--------------------
Time: 0 hour(s), 2 minute(s), 43 second(s), 734 millisecond(s)

Fitness: 70214

1	0	0	0	0	3	3	
0	2	0	0	0	0	0	
0	0	0	1	0	0	0	
0	0	0	0	0	0	0	
0	0	1	0	0	0	0	
0	1	0	0	0	0	1	
0	2	0	0	0	0	0	
0	0	2	0	0	3	1	
1	0	0	1	0	0	0	
0	0	0	1	0	0	0	
3	0	0	0	0	0	0	
0	1	0	0	0	0	0	
0	0	0	1	0	1	0	
0	0	0	0	0	0	1	
0	0	0	0	0	0	0	
0	0	0	0	0	0	0	
0	0	0	0	0	0	0	
0	0	0	0	0	0	0	
0	0	0	0	0	0	0	
0	2	0	0	0	0	0	
0	2	1	2	0	3	3	
3	1	0	2	3	0	1	
0	0	0	0	0	0	0	
0	0	0	2	0	0	0	
0	1	2	0	0	0	0	
3	0	0	1	0	1	1	
0	0	0	0	0	0	1	
3	0	0	0	0	0	0	
0	0	0	0	0	0	0	
0	1	0	0	0	0	0	
0	0	2	0	0	0	1	
0	0	0	0	0	0	0	
0	0	0	0	0	2	0	
0	0	2	2	0	2	2	
1	1	0	0	0	0	2	
3	0	0	2	0	0	0	
0	0	0	1	0	0	0	
0	0	0	0	0	0	0	
0	0	0	0	0	0	0	
0	2	0	0	0	0	0	
0	0	0	0	0	0	2	
1	0	0	1	0	0	0	
1	0	0	0	0	0	0	
0	0	0	0	0	0	0	
1	1	0	1	0	0	0	
3	0	2	1	0	3	1	
3	1	0	2	0	0	1	
1	2	1	1	2	0	0	
0	1	0	0	0	0	0	
0	0	0	0	0	0	0	
0	0	0	0	0	0	0	
0	2	0	0	0	0	0	
3	0	0	0	0	0	0	
0	0	0	2	0	0	0	
1	1	0	0	0	3	0	
0	0	0	0	0	0	0	
3	0	0	0	0	0	0	
0	0	0	0	0	0	0	
0	0	0	0	0	0	0	
1	2	0	2	2	3	0	
0	0	0	0	0	0	0	
3	0	2	0	0	0	0	
0	0	0	0	0	0	0	
0	0	0	0	0	0	2	
0	0	0	0	0	3	0	
1	2	0	0	0	3	0	
3	0	0	0	0	0	0	
0	0	0	1	0	0	0	
0	0	0	0	0	0	0	
0	0	1	0	0	0	1	
0	1	1	0	0	0	0	
0	0	0	0	0	0	0	
0	1	0	0	0	0	1	
0	0	0	0	0	0	0	
0	0	0	0	0	0	1	
--------------------

--------------------
Best Solution Found!
--------------------
Time: 0 hour(s), 2 minute(s), 43 second(s), 735 millisecond(s)

Fitness: 70214

1	0	0	0	0	3	3	
0	2	0	0	0	0	0	
0	0	0	1	0	0	0	
0	0	0	0	0	0	0	
0	0	1	0	0	0	0	
0	1	0	0	0	0	1	
0	2	0	0	0	0	0	
0	0	2	0	0	3	1	
1	0	0	1	0	0	0	
0	0	0	1	0	0	0	
3	0	0	0	0	0	0	
0	1	0	0	0	0	0	
0	0	0	1	0	1	0	
0	0	0	0	0	0	1	
0	0	0	0	0	0	0	
0	0	0	0	0	0	0	
0	0	0	0	0	0	0	
0	0	0	0	0	0	0	
0	0	0	0	0	0	0	
0	2	0	0	0	0	0	
0	2	1	2	0	3	3	
3	1	0	2	3	0	1	
0	0	0	0	0	0	0	
0	0	0	2	0	0	0	
0	1	2	0	0	0	0	
3	0	0	1	0	1	1	
0	0	0	0	0	0	1	
3	0	0	0	0	0	0	
0	0	0	0	0	0	0	
0	1	0	0	0	0	0	
0	0	2	0	0	0	1	
0	0	0	0	0	0	0	
0	0	0	0	0	2	0	
0	0	2	2	0	2	2	
1	1	0	0	0	0	2	
3	0	0	2	0	0	0	
0	0	0	1	0	0	0	
0	0	0	0	0	0	0	
0	0	0	0	0	0	0	
0	2	0	0	0	0	0	
0	0	0	0	0	0	2	
1	0	0	1	0	0	0	
1	0	0	0	0	0	0	
0	0	0	0	0	0	0	
1	1	0	1	0	0	0	
3	0	2	1	0	3	1	
3	1	0	2	0	0	1	
1	2	1	1	2	0	0	
0	1	0	0	0	0	0	
0	0	0	0	0	0	0	
0	0	0	0	0	0	0	
0	2	0	0	0	0	0	
3	0	0	0	0	0	0	
0	0	0	2	0	0	0	
1	1	0	0	0	3	0	
0	0	0	0	0	0	0	
3	0	0	0	0	0	0	
0	0	0	0	0	0	0	
0	0	0	0	0	0	0	
1	2	0	2	2	3	0	
0	0	0	0	0	0	0	
3	0	2	0	0	0	0	
0	0	0	0	0	0	0	
0	0	0	0	0	0	2	
0	0	0	0	0	3	0	
1	2	0	0	0	3	0	
3	0	0	0	0	0	0	
0	0	0	1	0	0	0	
0	0	0	0	0	0	0	
0	0	1	0	0	0	1	
0	1	1	0	0	0	0	
0	0	0	0	0	0	0	
0	1	0	0	0	0	1	
0	0	0	0	0	0	0	
0	0	0	0	0	0	1	
--------------------

--------------------
Best Solution Found!
--------------------
Time: 0 hour(s), 2 minute(s), 43 second(s), 736 millisecond(s)

Fitness: 70214

1	0	0	0	0	3	3	
0	2	0	0	0	0	0	
0	0	0	1	0	0	0	
0	0	0	0	0	0	0	
0	0	1	0	0	0	0	
0	1	0	0	0	0	1	
0	2	0	0	0	0	0	
0	0	2	0	0	3	1	
1	0	0	1	0	0	0	
0	0	0	1	0	0	0	
3	0	0	0	0	0	0	
0	1	0	0	0	0	0	
0	0	0	1	0	1	0	
0	0	0	0	0	0	1	
0	0	0	0	0	0	0	
0	0	0	0	0	0	0	
0	0	0	0	0	0	0	
0	0	0	0	0	0	0	
0	0	0	0	0	0	0	
0	2	0	0	0	0	0	
0	2	1	2	0	3	3	
3	1	0	2	3	0	1	
0	0	0	0	0	0	0	
0	0	0	2	0	0	0	
0	1	2	0	0	0	0	
3	0	0	1	0	1	1	
0	0	0	0	0	0	1	
3	0	0	0	0	0	0	
0	0	0	0	0	0	0	
0	1	0	0	0	0	0	
0	0	2	0	0	0	1	
0	0	0	0	0	0	0	
0	0	0	0	0	2	0	
0	0	2	2	0	2	2	
1	1	0	0	0	0	2	
3	0	0	2	0	0	0	
0	0	0	1	0	0	0	
0	0	0	0	0	0	0	
0	0	0	0	0	0	0	
0	2	0	0	0	0	0	
0	0	0	0	0	0	2	
1	0	0	1	0	0	0	
1	0	0	0	0	0	0	
0	0	0	0	0	0	0	
1	1	0	1	0	0	0	
3	0	2	1	0	3	1	
3	1	0	2	0	0	1	
1	2	1	1	2	0	0	
0	1	0	0	0	0	0	
0	0	0	0	0	0	0	
0	0	0	0	0	0	0	
0	2	0	0	0	0	0	
3	0	0	0	0	0	0	
0	0	0	2	0	0	0	
1	1	0	0	0	3	0	
0	0	0	0	0	0	0	
3	0	0	0	0	0	0	
0	0	0	0	0	0	0	
0	0	0	0	0	0	0	
1	2	0	2	2	3	0	
0	0	0	0	0	0	0	
3	0	2	0	0	0	0	
0	0	0	0	0	0	0	
0	0	0	0	0	0	2	
0	0	0	0	0	3	0	
1	2	0	0	0	3	0	
3	0	0	0	0	0	0	
0	0	0	1	0	0	0	
0	0	0	0	0	0	0	
0	0	1	0	0	0	1	
0	1	1	0	0	0	0	
0	0	0	0	0	0	0	
0	1	0	0	0	0	1	
0	0	0	0	0	0	0	
0	0	0	0	0	0	1	
--------------------

