--------------------
Best Solution Found!
--------------------
Time: 0 hour(s), 0 minute(s), 0 second(s), 1 millisecond(s)

Fitness: 95618

0	3	3	0	1	0	2	
0	0	0	0	0	2	0	
0	0	0	2	0	0	0	
1	0	0	1	0	0	0	
0	0	1	0	2	1	0	
0	0	3	1	1	0	0	
0	2	0	3	0	0	0	
0	0	1	0	0	2	0	
0	0	3	2	1	1	0	
0	0	3	0	0	1	0	
1	0	0	0	2	0	0	
0	0	0	0	0	0	0	
0	3	0	3	0	1	0	
1	0	0	3	0	0	0	
2	0	3	0	1	0	0	
2	1	3	0	2	3	0	
0	1	0	0	0	1	0	
0	0	0	0	0	0	0	
0	2	3	3	0	0	0	
0	0	3	3	1	0	0	
2	0	0	0	0	0	0	
0	2	0	0	0	0	0	
0	0	0	2	0	1	0	
3	0	0	3	0	0	0	
0	1	1	0	0	0	0	
1	0	0	0	1	2	0	
0	1	1	0	0	0	0	
0	1	0	0	3	1	0	
1	0	1	0	0	1	0	
1	0	1	0	1	0	0	
2	0	0	1	2	0	0	
1	0	0	0	0	1	0	
0	2	2	0	0	2	0	
1	2	2	0	0	0	0	
2	0	0	3	0	2	0	
0	0	0	3	1	0	0	
0	0	1	3	0	0	0	
0	0	0	1	0	0	0	
2	0	0	0	0	0	0	
0	0	1	0	0	0	0	
0	0	0	1	3	2	0	
0	1	1	0	0	1	0	
0	2	0	0	0	0	1	
1	0	0	3	3	0	0	
3	2	0	0	0	0	0	
0	0	0	0	1	0	0	
2	1	3	0	2	1	0	
2	0	2	0	0	2	0	
3	0	3	2	0	0	0	
2	3	0	0	3	0	0	
0	2	1	2	1	0	0	
0	1	0	0	2	2	0	
2	0	0	3	0	0	0	
0	1	0	0	0	0	0	
0	2	3	0	0	1	0	
1	0	0	3	1	0	0	
0	3	0	0	2	1	0	
1	0	0	2	1	1	0	
0	0	0	0	0	0	0	
0	1	0	1	1	1	0	
1	0	0	3	2	2	0	
0	1	0	1	0	0	0	
2	3	1	0	2	2	0	
2	1	2	3	3	0	0	
0	2	0	0	0	0	0	
0	0	0	0	0	0	0	
2	0	0	0	0	0	0	
0	2	0	3	0	0	0	
0	0	0	0	2	0	0	
0	0	1	0	0	0	0	
0	0	0	0	1	3	0	
0	0	3	2	0	0	0	
0	0	3	1	0	0	0	
2	0	0	0	2	0	0	
3	2	0	0	1	2	0	
0	0	3	3	1	1	0	
0	1	3	0	2	0	0	
1	0	0	0	0	1	0	
2	0	0	0	0	3	0	
1	0	3	0	0	0	0	
0	3	0	0	0	0	0	
0	2	0	0	0	2	0	
0	0	3	0	0	3	0	
2	2	1	1	0	2	0	
0	0	3	0	3	0	0	
2	2	0	0	0	3	0	
3	0	1	3	0	0	0	
0	1	0	3	0	0	0	
1	1	0	0	0	1	0	
0	0	2	3	0	0	0	
0	0	2	0	2	0	0	
0	3	0	1	3	0	0	
0	1	0	0	2	0	0	
0	1	0	1	0	2	0	
0	0	0	0	2	3	0	
0	0	0	2	0	3	0	
3	2	0	0	2	2	0	
2	0	1	0	1	0	0	
3	1	0	0	2	0	0	
1	0	0	3	0	1	0	
--------------------

--------------------
Best Solution Found!
--------------------
Time: 0 hour(s), 0 minute(s), 0 second(s), 5 millisecond(s)

Fitness: 95606

0	2	3	0	2	0	0	
0	0	0	0	0	0	0	
2	3	0	0	1	1	0	
0	0	0	3	3	1	0	
0	0	1	1	0	0	0	
2	0	3	1	0	0	0	
0	2	0	0	0	0	0	
1	0	1	0	0	0	0	
0	1	3	0	0	0	0	
0	0	3	0	0	0	0	
3	0	0	0	0	1	0	
0	2	0	0	2	0	0	
3	0	0	3	1	0	0	
0	0	0	2	0	0	0	
0	0	3	3	2	0	0	
2	2	3	0	0	0	0	
0	1	0	0	0	1	0	
0	0	0	0	1	0	0	
1	2	3	0	0	0	0	
0	1	3	3	3	0	0	
1	1	0	2	0	0	0	
1	2	0	0	0	0	0	
0	2	0	1	0	0	0	
0	1	0	3	0	1	0	
3	0	1	2	0	2	0	
1	2	0	0	0	3	0	
1	0	1	1	2	0	0	
0	0	0	0	2	3	0	
3	3	1	0	3	1	0	
0	2	1	0	2	0	0	
0	0	0	0	2	0	0	
0	0	0	0	0	2	0	
0	0	2	2	2	3	0	
0	0	2	0	1	0	0	
0	3	0	3	0	0	0	
0	0	0	0	1	0	0	
2	2	1	0	0	1	0	
0	0	0	0	0	0	0	
0	3	0	0	2	0	0	
1	2	1	0	2	1	0	
0	1	0	0	0	3	0	
0	0	1	0	0	2	0	
1	2	0	0	0	0	0	
2	0	0	0	1	1	0	
0	0	0	3	0	0	0	
0	0	0	0	0	1	2	
0	0	3	0	0	0	0	
0	0	2	0	0	0	0	
3	0	3	0	1	0	0	
0	1	0	0	0	0	0	
0	1	1	0	1	0	0	
0	2	0	2	0	1	0	
0	0	0	1	0	2	0	
0	0	0	0	0	0	1	
3	2	3	0	1	3	0	
1	0	0	0	3	3	0	
0	0	0	3	2	0	0	
2	0	0	0	2	2	0	
0	1	0	3	0	0	0	
0	1	0	1	0	1	0	
0	1	0	0	2	0	0	
1	0	0	1	0	1	0	
0	0	1	0	1	0	0	
1	1	2	0	0	0	0	
0	3	0	0	3	0	0	
1	0	0	3	0	3	0	
2	0	0	0	1	2	0	
0	1	0	3	1	2	0	
2	2	0	0	0	2	0	
3	0	1	3	2	1	0	
0	1	0	3	0	0	0	
0	0	3	0	0	0	0	
0	0	3	1	0	0	0	
1	0	0	0	0	2	0	
2	0	0	3	0	0	0	
2	0	3	1	2	2	0	
0	3	3	0	0	0	0	
1	0	0	3	1	1	0	
1	0	0	3	0	0	0	
0	0	3	3	0	2	0	
0	0	0	3	0	2	0	
0	0	0	0	3	1	0	
0	1	3	0	2	0	0	
2	0	1	1	3	0	0	
2	0	3	2	1	0	0	
0	2	0	2	0	2	0	
2	0	1	3	0	1	0	
1	0	0	0	2	2	0	
0	0	0	0	1	1	0	
2	0	2	0	1	0	0	
2	0	2	0	0	1	0	
0	1	0	0	0	0	0	
0	0	0	0	0	0	0	
0	1	0	3	0	0	0	
0	0	0	0	0	0	0	
0	0	0	0	0	0	0	
2	0	0	0	1	2	0	
0	1	1	2	0	0	0	
2	0	0	0	0	0	0	
2	3	0	1	0	0	0	
--------------------

--------------------
Best Solution Found!
--------------------
Time: 0 hour(s), 0 minute(s), 0 second(s), 6 millisecond(s)

Fitness: 95600

0	0	0	0	0	0	0	
0	0	0	1	0	3	0	
0	0	2	3	0	2	0	
2	1	1	0	0	0	0	
1	1	0	0	0	1	0	
2	2	1	1	0	1	0	
1	0	0	0	0	0	0	
0	0	0	3	0	2	0	
3	2	0	0	2	3	0	
0	0	2	3	0	2	0	
2	0	1	0	0	0	0	
3	0	0	0	3	2	0	
1	0	0	0	0	0	0	
0	0	0	0	0	0	0	
0	0	2	0	0	0	0	
0	0	0	2	1	0	0	
0	2	0	0	2	0	0	
1	0	3	3	0	2	0	
1	2	0	0	0	3	0	
2	1	3	3	1	0	0	
0	0	0	3	1	2	0	
2	0	0	0	2	3	0	
2	3	0	0	1	0	0	
2	0	0	0	0	1	0	
3	0	0	0	1	1	0	
1	3	0	0	0	1	0	
0	0	3	3	2	2	0	
0	0	3	0	1	0	0	
3	2	0	0	3	2	0	
0	0	0	0	0	2	0	
0	1	3	0	0	0	0	
0	0	0	0	2	0	0	
0	0	3	3	0	0	0	
0	0	0	0	2	2	0	
2	0	3	2	1	0	0	
0	0	0	0	0	1	0	
2	0	0	0	0	1	0	
2	0	0	0	0	0	0	
2	1	3	0	3	1	0	
0	1	3	1	0	1	0	
0	0	3	0	0	0	0	
2	0	1	1	0	0	0	
0	0	0	0	1	0	0	
0	0	1	0	0	0	0	
1	1	0	0	0	0	0	
0	3	0	0	0	0	0	
1	0	0	0	0	0	0	
0	1	3	0	0	1	0	
0	0	0	3	0	0	0	
3	0	1	3	0	0	0	
0	0	0	0	2	1	0	
0	2	1	3	0	0	0	
0	0	3	0	2	0	0	
1	0	1	0	1	0	0	
0	0	1	0	0	2	0	
0	1	0	0	0	3	0	
0	0	0	3	0	0	0	
2	0	0	0	2	1	0	
2	1	0	0	1	0	0	
0	0	0	0	0	2	0	
0	1	0	0	2	1	0	
0	0	0	0	3	1	0	
3	3	2	3	0	1	0	
2	0	1	2	2	0	0	
0	2	2	0	3	1	0	
0	0	0	2	0	0	0	
0	0	0	0	0	1	0	
0	1	0	0	0	1	0	
2	0	1	1	0	0	0	
3	2	0	0	2	0	0	
0	1	1	1	2	3	1	
0	1	0	0	2	3	0	
0	0	0	1	0	0	0	
0	0	0	3	2	0	0	
1	1	0	0	1	0	2	
0	0	3	0	0	0	0	
0	0	0	0	1	0	0	
0	2	3	0	0	2	0	
1	2	0	0	0	0	0	
2	2	0	1	0	0	0	
0	0	3	3	3	0	0	
1	3	0	3	3	0	0	
1	1	0	1	0	0	0	
0	0	1	3	0	0	0	
0	0	0	3	0	0	0	
1	3	3	3	2	0	0	
0	2	1	0	0	0	0	
0	0	0	2	1	2	0	
0	0	0	0	1	0	0	
0	1	3	0	0	0	0	
0	0	3	2	0	1	0	
1	2	0	3	0	0	0	
0	2	1	1	1	0	0	
0	0	0	0	0	0	0	
1	0	0	2	0	0	0	
0	1	2	0	1	2	0	
2	0	0	0	0	0	0	
0	3	0	2	0	0	0	
0	2	0	0	1	0	0	
0	2	0	1	2	0	0	
--------------------

--------------------
Best Solution Found!
--------------------
Time: 0 hour(s), 0 minute(s), 0 second(s), 6 millisecond(s)

Fitness: 95585

3	0	0	0	2	2	0	
0	0	1	0	2	1	0	
0	1	0	0	1	1	0	
2	0	2	0	0	0	0	
2	3	0	0	0	2	0	
0	0	3	3	0	1	0	
0	0	0	0	1	1	0	
2	0	3	0	2	0	0	
0	2	0	0	0	0	0	
3	0	0	2	0	0	0	
0	3	0	1	1	0	0	
0	0	2	0	2	2	0	
0	2	1	0	0	0	0	
1	0	3	1	0	0	0	
0	2	0	0	2	0	0	
1	1	2	0	0	0	0	
0	0	0	0	0	0	0	
0	0	3	0	3	0	0	
1	2	0	0	1	0	0	
0	0	0	0	2	0	0	
1	0	0	0	0	2	0	
0	0	0	3	0	1	0	
3	0	0	3	0	2	0	
1	2	1	3	0	0	0	
2	0	0	1	1	1	0	
1	0	0	3	0	0	0	
2	0	0	0	0	2	0	
0	0	0	0	0	0	0	
0	0	1	0	0	1	0	
0	0	0	0	0	0	0	
2	2	2	0	1	3	0	
0	0	0	1	0	1	0	
0	0	0	0	1	1	0	
0	0	0	2	0	1	0	
0	0	0	0	0	2	0	
3	0	0	3	0	0	0	
2	1	0	1	2	0	0	
0	3	3	0	0	0	0	
0	0	1	0	0	0	0	
3	0	0	3	0	0	0	
0	0	0	3	0	0	0	
0	0	0	1	1	0	0	
0	3	0	3	0	0	0	
2	0	1	0	0	0	0	
0	2	0	0	1	0	0	
0	1	3	0	1	1	0	
0	1	3	0	0	0	0	
0	0	3	0	0	1	0	
0	2	1	0	3	0	0	
0	0	0	0	0	2	0	
1	0	1	3	3	0	0	
2	0	3	0	0	0	0	
1	1	3	2	2	0	0	
1	2	1	3	0	2	0	
1	0	0	0	0	3	0	
1	0	0	2	2	0	0	
0	2	0	1	0	0	0	
2	0	0	0	0	2	0	
0	1	3	0	0	0	0	
0	0	2	0	1	0	0	
3	0	1	0	1	2	0	
0	0	0	3	1	0	0	
2	0	0	0	0	0	0	
0	0	1	0	0	0	0	
1	1	0	0	2	1	0	
0	1	0	3	2	0	0	
0	1	3	0	3	2	0	
0	1	2	3	0	3	0	
1	1	0	2	0	1	0	
1	0	0	0	0	0	1	
2	0	0	0	2	0	0	
0	3	1	3	0	0	0	
0	0	0	0	0	0	0	
0	0	1	0	0	2	0	
0	0	0	2	0	0	2	
0	0	0	0	2	0	0	
0	1	3	0	3	0	0	
0	2	0	1	1	0	0	
0	0	0	0	0	1	0	
1	0	0	3	0	0	0	
0	3	3	0	0	0	0	
0	0	0	0	0	0	0	
2	0	0	0	1	3	0	
3	0	0	0	0	0	0	
0	0	0	1	0	0	0	
1	1	0	0	3	0	0	
0	2	0	2	0	1	0	
0	0	0	0	0	1	0	
2	1	0	0	2	1	0	
2	2	0	3	2	1	0	
0	0	3	1	0	3	0	
0	2	3	3	2	0	0	
2	0	0	0	1	2	0	
0	2	0	3	3	0	0	
0	0	3	2	1	3	0	
2	1	0	0	0	0	0	
0	3	1	0	0	0	0	
0	2	0	3	0	3	0	
2	1	3	0	2	2	0	
0	1	1	1	0	0	0	
--------------------

--------------------
Best Solution Found!
--------------------
Time: 0 hour(s), 0 minute(s), 0 second(s), 24 millisecond(s)

Fitness: 94583

0	0	0	0	2	1	0	
0	0	1	0	0	0	0	
2	0	3	0	1	0	0	
0	0	0	0	3	0	0	
0	3	0	1	0	0	0	
2	0	0	0	0	0	0	
0	1	1	0	0	2	0	
1	2	1	1	0	2	0	
0	0	2	0	0	3	0	
0	2	0	2	0	0	0	
3	0	0	0	0	0	0	
0	0	3	0	2	0	0	
3	2	0	1	1	1	0	
0	0	0	0	0	0	0	
0	1	0	0	2	0	0	
2	0	0	2	0	1	0	
0	2	0	0	0	2	0	
0	0	0	0	1	0	0	
1	0	0	0	0	2	0	
0	0	3	0	3	3	0	
1	0	0	0	0	0	0	
1	1	0	0	0	2	0	
0	0	0	0	0	0	0	
0	1	0	0	0	3	0	
3	0	0	1	0	0	0	
1	0	2	3	0	0	0	
1	1	3	1	2	0	0	
0	0	0	3	2	2	0	
3	0	0	3	3	0	0	
0	0	2	0	2	0	0	
0	3	1	0	2	1	0	
0	2	0	0	0	3	0	
0	0	0	0	2	2	0	
0	0	3	0	1	2	0	
0	0	3	0	0	0	0	
0	3	0	0	1	0	0	
2	1	0	0	0	0	0	
0	1	0	3	0	0	0	
0	0	1	0	2	0	0	
1	3	0	2	2	0	0	
0	3	0	0	0	1	0	
0	0	1	1	0	1	0	
1	3	0	3	0	2	0	
2	0	1	0	1	2	0	
0	2	0	3	0	2	0	
0	2	0	0	0	0	0	
0	1	3	0	0	3	0	
0	0	0	0	0	0	0	
3	0	0	0	1	0	0	
0	0	0	1	0	0	0	
0	1	0	0	1	0	0	
0	0	0	2	0	2	0	
0	0	3	1	0	0	0	
0	0	0	2	0	1	0	
3	0	0	0	1	1	0	
1	0	0	0	3	0	0	
0	1	0	0	2	0	0	
2	0	0	3	2	1	0	
0	0	3	0	0	1	0	
0	0	0	3	0	2	0	
0	1	0	1	2	0	0	
1	0	0	0	0	1	0	
0	2	2	3	1	1	0	
1	0	0	0	0	0	0	
0	0	0	3	3	0	0	
1	2	0	0	0	0	0	
2	0	1	2	1	0	0	
0	3	1	0	1	3	0	
2	0	0	0	0	1	0	
3	2	0	0	2	0	1	
0	1	0	0	0	0	0	
0	0	3	3	0	1	0	
0	0	1	0	0	0	0	
1	0	1	3	0	0	0	
2	0	1	0	0	0	2	
2	2	0	0	2	1	0	
0	1	0	0	0	0	0	
1	2	3	3	1	0	0	
1	1	0	3	0	0	0	
0	0	1	3	0	3	0	
0	1	3	1	0	0	0	
0	0	0	2	3	0	0	
0	1	3	3	2	0	0	
2	1	3	0	3	0	0	
2	0	1	0	1	0	0	
0	0	2	0	0	0	0	
2	2	0	0	0	1	0	
1	2	0	3	2	1	0	
0	0	1	0	1	0	0	
2	0	2	3	1	0	0	
2	1	0	0	0	2	0	
0	0	3	0	0	0	0	
0	0	3	3	0	1	0	
0	2	0	1	0	0	0	
0	0	3	0	0	0	0	
0	2	0	2	0	0	0	
2	0	0	0	1	0	0	
0	0	0	0	0	0	0	
2	0	3	0	0	2	0	
2	0	0	3	0	1	0	
--------------------

--------------------
Best Solution Found!
--------------------
Time: 0 hour(s), 0 minute(s), 0 second(s), 25 millisecond(s)

Fitness: 93611

0	0	3	3	2	0	0	
2	0	1	3	0	0	0	
1	3	0	2	0	2	0	
2	0	1	0	0	0	0	
1	0	0	2	0	0	0	
0	0	0	3	0	3	0	
2	1	0	3	0	0	0	
1	2	0	0	0	0	0	
3	0	0	2	1	0	0	
0	0	0	3	2	1	0	
2	1	3	0	0	0	0	
0	2	0	0	0	3	0	
0	0	0	1	0	0	0	
0	0	3	0	0	0	0	
1	0	0	2	3	1	0	
2	1	0	0	0	0	0	
3	0	0	0	1	2	0	
2	2	0	0	2	0	0	
0	0	3	0	0	0	0	
2	2	0	0	0	3	0	
0	0	3	3	0	0	0	
2	0	0	1	3	0	0	
0	0	0	1	2	0	0	
1	0	3	0	0	0	0	
0	1	0	1	0	0	0	
0	0	1	0	0	0	0	
1	1	3	0	0	0	0	
0	0	0	0	0	1	0	
2	1	3	0	0	2	0	
0	0	0	0	0	0	0	
0	0	0	0	0	0	0	
0	0	0	1	1	0	0	
0	0	2	0	0	0	0	
0	0	1	3	0	1	0	
0	0	0	3	0	2	0	
2	0	1	0	2	0	0	
0	1	0	1	1	0	0	
0	0	2	2	1	2	0	
2	1	0	0	3	3	0	
0	0	1	0	1	1	0	
0	0	0	0	2	0	0	
0	0	0	0	1	2	0	
0	0	0	0	2	1	0	
1	2	0	3	0	2	0	
3	0	0	0	0	0	0	
0	0	1	0	0	0	2	
2	0	2	0	1	2	0	
0	0	0	0	0	0	0	
3	0	0	3	0	0	0	
0	0	3	3	0	3	0	
2	0	0	0	1	0	0	
1	0	0	3	0	0	0	
0	2	0	1	2	0	0	
1	0	1	0	2	1	1	
0	3	2	3	0	1	0	
0	1	0	3	1	2	0	
0	2	3	0	0	2	0	
1	1	1	3	2	0	0	
0	1	0	0	0	0	0	
1	0	1	0	0	0	0	
0	1	3	0	0	0	0	
0	0	0	0	1	0	0	
1	2	0	0	0	1	0	
0	1	0	0	1	0	0	
0	0	0	3	0	1	0	
0	0	1	2	0	0	0	
0	0	0	0	2	0	0	
3	2	2	0	2	0	0	
3	0	0	0	0	0	0	
2	2	3	2	0	1	0	
0	0	3	0	2	0	0	
2	1	0	1	3	2	0	
2	1	0	0	3	0	0	
0	0	3	0	3	0	0	
0	0	0	3	0	1	0	
0	3	3	0	0	2	0	
1	3	3	0	1	0	0	
0	0	0	0	2	0	0	
0	1	0	0	0	3	0	
1	0	1	1	2	1	0	
0	2	0	0	0	0	0	
0	0	0	0	1	0	0	
1	1	0	1	0	2	0	
0	3	1	0	0	1	0	
0	0	0	0	0	1	0	
3	3	2	0	0	3	0	
0	0	0	3	0	1	0	
0	0	1	0	2	0	0	
0	0	3	0	1	0	0	
0	0	0	2	0	2	0	
0	0	0	0	0	0	0	
0	2	1	1	1	1	0	
0	2	0	3	0	0	0	
0	2	0	0	3	0	0	
0	0	0	0	0	0	0	
0	1	0	0	0	1	0	
0	2	0	3	0	2	0	
1	3	3	0	1	1	0	
2	0	0	0	0	0	0	
2	2	0	0	2	0	0	
--------------------

--------------------
Best Solution Found!
--------------------
Time: 0 hour(s), 0 minute(s), 0 second(s), 43 millisecond(s)

Fitness: 93588

0	0	0	0	0	1	0	
3	0	2	1	0	2	0	
0	0	3	0	2	1	0	
0	0	0	0	2	1	0	
0	3	0	3	0	0	0	
3	0	0	3	3	3	0	
0	0	2	0	2	0	0	
2	1	0	0	0	0	0	
3	2	3	3	1	0	0	
0	2	3	0	0	0	0	
0	0	0	0	0	0	0	
0	0	1	0	2	0	0	
1	0	1	0	0	1	0	
0	0	3	3	1	3	0	
1	1	1	0	2	0	0	
1	0	0	3	1	1	0	
1	0	1	3	0	0	0	
1	0	0	0	0	0	0	
0	2	0	0	1	0	0	
0	1	0	0	0	2	0	
2	0	0	0	0	3	0	
1	1	1	3	0	2	0	
1	0	0	0	0	3	0	
0	3	0	0	0	0	0	
0	2	3	0	1	0	0	
0	0	0	0	0	2	0	
3	0	0	0	0	0	0	
2	1	1	3	0	3	0	
1	0	3	2	0	3	0	
0	0	0	0	0	1	0	
0	0	0	3	1	0	0	
3	0	3	0	0	0	0	
1	2	0	0	0	0	0	
2	1	0	0	1	0	0	
0	0	0	0	3	1	0	
0	2	0	1	0	0	0	
1	0	3	0	2	2	0	
2	2	1	2	0	0	0	
0	1	0	0	0	0	0	
0	0	3	0	1	0	0	
2	0	0	0	0	1	0	
2	0	0	0	3	0	0	
0	1	3	3	3	1	0	
2	0	0	0	0	1	0	
0	1	0	0	0	0	0	
0	1	0	3	1	0	0	
0	3	2	0	2	2	0	
0	1	1	2	2	2	0	
0	1	0	0	2	0	0	
2	0	0	0	0	1	0	
0	0	1	3	2	2	0	
3	0	0	1	0	0	0	
1	0	0	0	0	0	0	
0	0	0	1	0	1	0	
0	0	1	1	1	0	0	
0	2	0	2	0	2	0	
0	0	1	3	0	0	0	
0	2	3	0	1	0	0	
2	1	0	0	2	0	0	
0	0	0	0	0	0	0	
2	1	3	0	0	0	0	
0	0	0	0	0	1	0	
0	0	0	3	0	0	0	
0	0	0	0	1	0	0	
0	1	1	0	0	0	0	
0	0	3	3	0	2	0	
3	0	0	0	1	0	0	
0	0	3	0	0	0	0	
0	0	0	1	3	0	0	
0	0	0	0	0	0	1	
2	0	0	0	3	0	0	
0	3	3	0	2	0	0	
0	0	0	3	0	0	0	
0	0	0	2	0	2	0	
0	0	0	3	1	0	2	
0	3	0	0	0	1	0	
2	2	0	3	0	1	0	
0	0	0	1	1	0	0	
0	0	0	0	2	0	0	
0	0	2	0	0	2	0	
0	0	2	0	0	2	0	
1	2	0	0	0	0	0	
2	3	0	0	0	0	0	
2	0	1	0	0	0	0	
0	0	0	1	0	0	0	
0	0	0	0	0	1	0	
0	2	3	0	3	1	0	
1	1	0	1	0	2	0	
2	2	1	3	2	0	0	
0	0	0	2	0	0	0	
2	2	3	3	2	0	0	
0	0	0	0	2	1	0	
1	1	0	0	0	0	0	
0	2	0	1	2	0	0	
0	0	3	2	1	1	0	
1	0	0	2	0	3	0	
0	3	0	0	0	0	0	
0	1	2	0	0	2	0	
2	2	1	1	0	0	0	
1	0	0	0	1	0	0	
--------------------

--------------------
Best Solution Found!
--------------------
Time: 0 hour(s), 0 minute(s), 0 second(s), 72 millisecond(s)

Fitness: 93578

0	0	0	0	0	0	0	
0	1	3	0	1	1	0	
0	0	0	0	0	0	0	
1	0	0	0	3	2	0	
0	1	0	0	1	0	0	
3	3	0	0	3	0	0	
2	0	0	1	0	0	0	
0	1	1	0	0	0	0	
1	0	1	0	0	0	0	
2	0	2	1	1	1	0	
0	0	0	1	1	2	0	
0	0	0	0	1	1	0	
0	0	0	1	0	2	0	
0	0	1	3	0	0	0	
1	0	2	3	1	0	0	
0	0	0	0	0	3	0	
0	0	0	3	3	3	0	
0	0	0	0	2	1	0	
0	2	0	3	0	0	0	
0	3	3	0	0	1	0	
0	3	0	0	0	0	0	
0	0	0	3	0	1	0	
1	0	1	2	0	1	0	
0	0	0	0	0	0	0	
0	0	3	3	0	0	0	
2	0	3	0	0	1	0	
0	1	0	0	0	0	0	
1	2	0	0	0	0	0	
0	0	3	3	3	0	0	
0	2	0	0	0	0	0	
0	0	0	0	2	0	0	
1	1	0	3	0	1	0	
3	1	1	0	0	0	0	
2	0	0	2	0	0	0	
0	0	3	0	2	2	0	
3	0	2	0	0	0	0	
0	3	0	3	0	0	0	
0	0	0	0	2	0	0	
0	1	0	0	0	0	0	
0	0	0	0	3	0	0	
2	0	0	2	2	2	0	
0	0	1	0	0	1	0	
0	0	1	3	1	3	0	
0	0	1	1	0	2	0	
0	0	1	1	0	0	1	
0	1	0	0	0	0	0	
0	2	0	0	0	2	0	
0	0	0	0	0	1	0	
1	3	0	0	0	0	0	
3	1	1	0	2	3	0	
3	0	0	0	0	1	0	
0	0	1	3	3	0	0	
0	0	0	0	1	0	0	
2	0	3	3	0	0	0	
1	0	3	0	2	0	0	
1	2	0	1	1	0	0	
0	1	0	1	0	0	0	
1	0	3	0	1	3	0	
2	2	0	0	0	1	0	
2	2	3	0	0	0	0	
2	3	0	3	0	0	0	
0	2	0	0	0	1	0	
2	0	2	3	2	2	0	
2	0	0	1	0	0	0	
0	0	0	0	0	0	0	
2	0	3	0	2	0	0	
1	0	2	3	3	0	0	
0	2	0	2	2	0	0	
0	0	0	0	0	1	0	
0	0	0	2	0	1	0	
2	2	2	0	0	0	0	
0	0	0	0	0	0	0	
0	2	1	3	0	0	0	
0	2	0	0	2	0	0	
1	0	1	1	0	2	2	
0	2	0	0	2	2	0	
1	0	3	0	1	0	0	
0	2	0	0	1	0	0	
0	0	0	0	0	0	0	
0	0	0	0	2	3	0	
2	1	0	3	2	1	0	
1	0	0	2	0	0	0	
0	0	0	0	2	0	0	
2	1	1	3	2	0	0	
2	2	3	0	0	2	0	
0	0	3	0	0	2	0	
0	0	3	0	0	0	0	
0	1	0	1	1	2	0	
0	0	3	0	1	0	0	
2	1	0	2	1	2	0	
3	1	3	3	0	0	0	
1	0	1	0	0	1	0	
0	0	0	0	1	0	0	
2	0	0	0	0	2	0	
0	1	0	0	2	0	0	
0	1	0	0	0	0	0	
3	2	0	2	0	1	0	
1	1	0	0	0	3	0	
0	0	0	3	0	0	0	
0	3	3	0	1	0	0	
--------------------

--------------------
Best Solution Found!
--------------------
Time: 0 hour(s), 0 minute(s), 0 second(s), 75 millisecond(s)

Fitness: 92605

0	2	0	0	2	1	0	
0	2	0	0	0	1	0	
0	0	0	0	0	1	0	
1	0	0	2	0	0	0	
0	0	2	2	0	2	0	
3	2	2	0	0	0	0	
2	0	0	0	0	0	0	
0	0	3	0	0	1	0	
1	1	3	0	1	2	0	
2	1	0	3	2	1	0	
0	2	3	0	0	0	0	
0	2	1	0	0	0	0	
0	0	0	3	0	0	0	
0	0	0	0	0	2	0	
1	0	1	1	3	3	0	
0	0	0	3	0	0	0	
0	0	0	2	1	1	0	
0	1	0	3	2	1	0	
0	1	0	0	0	1	0	
0	1	0	0	0	0	0	
0	2	0	0	0	2	0	
0	1	0	0	3	0	0	
1	3	0	0	2	0	0	
0	0	0	0	0	2	0	
0	0	1	0	0	0	0	
2	0	0	1	0	1	0	
0	1	0	3	0	0	0	
1	0	0	3	0	0	0	
0	1	0	0	0	0	0	
0	2	3	0	0	0	0	
0	0	3	1	0	0	0	
1	0	3	0	1	0	0	
3	3	0	0	0	0	0	
2	0	0	1	0	0	0	
0	0	0	3	0	2	0	
3	0	0	0	2	0	0	
0	0	0	3	1	0	2	
0	1	1	0	1	0	0	
0	0	0	0	3	0	0	
0	0	0	0	1	0	0	
2	0	0	3	2	2	0	
0	1	2	0	1	0	0	
0	0	1	0	2	1	0	
0	0	3	0	0	2	0	
0	3	3	0	0	1	0	
0	0	1	0	0	0	0	
0	0	0	0	1	0	0	
0	2	0	0	0	0	0	
1	0	2	0	0	0	0	
3	1	0	0	0	1	0	
3	0	3	0	1	2	0	
0	2	0	0	0	0	0	
0	1	0	1	2	1	0	
2	0	0	3	2	0	0	
1	0	3	0	0	0	0	
1	0	3	2	1	0	1	
0	0	0	0	0	0	0	
1	0	3	2	2	2	0	
2	2	0	1	0	0	0	
2	0	0	3	0	1	0	
2	2	0	2	0	2	0	
0	0	0	0	1	3	0	
2	2	0	0	0	0	0	
2	2	0	1	1	3	0	
0	3	1	0	0	3	0	
2	0	1	3	0	0	0	
1	0	0	0	2	2	0	
0	1	0	0	2	3	0	
0	0	0	0	0	2	0	
0	0	1	0	0	0	0	
2	0	0	3	2	0	0	
0	1	0	0	3	0	0	
0	0	1	3	3	2	0	
0	3	1	0	3	0	0	
1	0	0	0	0	0	0	
0	0	2	0	0	0	0	
1	0	1	2	1	3	0	
0	0	0	3	2	1	0	
0	2	3	0	0	0	0	
0	0	0	0	2	3	0	
2	0	0	1	0	0	0	
1	2	3	0	1	1	0	
0	0	0	1	0	1	0	
2	0	0	3	0	0	0	
2	0	0	0	0	0	0	
0	1	1	0	0	0	0	
0	0	3	3	0	0	0	
0	0	0	3	2	0	0	
0	1	0	3	1	0	0	
2	0	2	3	0	0	0	
3	0	0	0	0	0	0	
1	1	0	0	1	1	0	
0	1	3	1	0	0	0	
2	0	0	2	3	0	0	
0	0	1	1	0	0	0	
0	0	3	0	0	1	0	
3	3	1	0	0	0	0	
1	0	0	0	1	2	0	
0	3	3	0	0	0	0	
0	2	0	0	2	0	0	
--------------------

--------------------
Best Solution Found!
--------------------
Time: 0 hour(s), 0 minute(s), 0 second(s), 157 millisecond(s)

Fitness: 92588

0	0	0	2	0	0	0	
0	1	3	1	1	0	0	
0	0	1	0	0	0	0	
0	0	0	0	3	2	0	
1	1	0	1	1	0	0	
1	3	0	1	3	2	0	
0	0	0	3	0	1	0	
1	1	0	3	0	1	0	
3	0	0	0	0	2	2	
0	3	1	0	1	3	0	
0	0	0	1	1	0	0	
0	0	0	3	1	0	0	
0	2	3	0	0	0	0	
3	2	2	3	0	1	0	
1	0	0	0	1	0	0	
0	0	1	0	0	0	0	
1	0	0	0	3	0	0	
1	1	3	0	2	0	0	
0	2	0	0	0	0	0	
0	1	0	0	0	0	0	
0	0	1	0	0	1	0	
0	0	0	0	0	0	0	
0	0	3	0	0	0	0	
1	0	0	0	0	0	0	
0	0	0	3	0	0	0	
0	0	0	3	0	0	0	
0	0	0	1	0	0	0	
2	0	0	0	0	0	0	
2	3	0	0	3	1	0	
0	0	3	3	0	2	0	
2	0	0	2	2	0	0	
2	0	2	3	0	0	0	
0	1	0	1	0	0	0	
0	1	1	3	0	3	0	
2	0	2	0	2	0	0	
0	0	0	3	0	1	0	
0	0	0	0	0	0	0	
2	0	0	0	2	2	0	
0	0	2	0	0	2	0	
2	1	0	2	3	1	0	
0	1	3	0	2	2	0	
0	1	1	0	0	2	0	
1	0	0	0	1	1	0	
0	0	3	1	0	0	0	
0	0	0	0	0	0	0	
3	0	0	0	0	0	0	
0	3	0	0	0	0	0	
0	0	0	1	0	0	0	
0	0	3	0	0	0	0	
2	2	2	0	2	1	0	
3	1	0	0	0	3	0	
0	0	0	0	3	3	0	
2	0	0	0	1	0	0	
2	0	0	2	0	1	0	
1	2	1	0	2	0	0	
0	0	0	0	1	3	0	
3	2	3	0	0	0	0	
2	2	3	0	1	3	0	
2	2	0	0	0	0	0	
1	2	3	3	0	0	0	
0	1	0	1	0	0	0	
0	3	0	3	0	0	0	
0	0	0	3	2	2	0	
1	0	0	1	0	1	0	
2	0	0	3	0	1	0	
2	3	3	0	2	1	0	
0	0	0	3	3	0	0	
0	0	1	0	2	2	0	
1	1	0	0	0	0	0	
2	1	2	3	0	0	0	
0	0	0	0	0	2	0	
3	0	0	0	0	2	0	
0	0	3	2	0	0	0	
0	0	0	0	2	0	1	
0	0	3	0	0	0	0	
1	0	1	0	2	1	0	
0	2	0	3	1	0	0	
0	1	0	0	1	0	0	
2	0	1	0	0	3	0	
0	0	0	0	2	1	0	
0	2	1	3	2	0	0	
0	0	0	0	0	0	0	
0	0	3	0	2	2	0	
2	1	3	0	2	0	0	
0	2	1	0	0	0	0	
0	0	3	1	0	0	0	
0	0	0	3	0	0	0	
0	1	3	2	1	2	0	
1	3	0	0	1	1	0	
1	0	0	0	1	0	0	
0	0	0	0	0	0	0	
3	0	0	0	0	1	0	
0	0	0	0	1	1	0	
0	2	1	0	0	0	0	
0	1	0	3	2	2	0	
1	2	1	2	0	1	0	
0	2	0	0	0	0	0	
2	0	1	2	0	0	0	
0	0	0	0	0	0	0	
0	2	0	0	1	0	0	
--------------------

--------------------
Best Solution Found!
--------------------
Time: 0 hour(s), 0 minute(s), 0 second(s), 164 millisecond(s)

Fitness: 91620

0	0	0	2	0	0	0	
1	2	0	0	1	0	0	
3	0	0	0	1	1	0	
2	1	0	0	2	0	0	
0	0	0	3	3	0	0	
3	2	0	1	0	1	0	
0	0	0	0	2	1	0	
3	2	3	2	2	0	0	
1	0	0	2	0	0	0	
0	0	3	0	2	0	0	
0	0	0	0	0	2	0	
2	3	2	0	0	0	0	
0	2	0	3	0	2	0	
0	0	0	0	0	0	0	
0	1	1	0	0	2	0	
0	1	0	3	1	0	0	
2	2	1	0	2	0	2	
1	1	0	0	0	0	0	
1	0	0	0	1	0	0	
3	1	2	0	2	1	0	
0	0	0	0	0	1	0	
0	1	0	0	0	0	0	
0	2	0	0	0	0	0	
0	0	0	0	0	0	0	
2	0	1	0	0	0	0	
0	3	0	3	0	0	0	
0	0	1	0	0	0	0	
0	1	3	3	1	3	0	
1	3	0	0	3	2	0	
0	0	0	0	3	0	0	
0	2	0	0	0	0	0	
2	0	0	3	0	0	0	
1	2	3	0	2	2	0	
0	0	0	3	1	0	0	
0	0	3	3	0	0	0	
3	0	0	0	1	2	0	
1	0	1	0	0	0	0	
0	0	0	0	0	0	0	
0	0	0	0	3	0	0	
2	3	1	0	2	0	0	
0	0	3	1	0	0	0	
2	2	0	0	2	0	0	
1	1	0	0	0	2	0	
0	2	0	2	1	0	0	
0	0	0	1	0	3	0	
0	0	0	2	0	0	0	
3	1	3	0	0	0	0	
0	3	0	0	2	2	0	
2	0	0	0	0	1	0	
0	1	0	3	0	0	0	
0	3	0	2	0	2	0	
0	0	0	0	0	0	0	
0	0	1	3	1	0	0	
0	1	3	3	0	2	0	
0	0	0	0	0	1	0	
2	0	1	0	2	3	0	
0	2	0	0	0	1	0	
2	0	0	3	0	2	0	
0	1	0	2	0	1	0	
2	0	0	0	0	1	0	
2	2	0	3	0	1	0	
2	0	3	1	1	3	0	
0	0	0	1	1	0	0	
1	0	0	0	1	0	0	
0	1	3	3	0	2	0	
0	0	1	0	0	0	0	
0	3	3	0	0	1	0	
0	0	0	2	0	3	0	
0	0	2	0	2	0	0	
2	0	2	1	3	3	0	
2	1	3	0	0	0	0	
0	0	3	1	0	0	0	
0	2	0	0	2	1	0	
1	0	3	0	0	0	0	
1	0	1	3	1	1	0	
0	0	0	0	1	0	0	
2	0	0	0	1	3	0	
2	0	0	0	0	0	0	
0	0	1	0	0	0	0	
0	0	3	0	0	2	1	
1	2	0	1	2	0	0	
0	2	0	0	2	0	0	
2	0	1	3	0	0	0	
1	0	3	0	2	0	0	
1	0	0	0	0	2	0	
0	0	0	0	0	0	0	
0	0	1	1	1	1	0	
0	0	0	0	3	0	0	
0	1	0	0	0	1	0	
0	0	0	0	0	0	0	
0	1	0	3	0	2	0	
1	0	2	1	2	1	0	
1	0	3	0	3	0	0	
0	0	0	1	0	0	0	
0	0	2	3	0	1	0	
0	0	0	0	0	0	0	
0	1	0	0	0	1	0	
3	1	1	3	0	0	0	
0	2	3	3	0	0	0	
0	0	1	0	1	0	0	
--------------------

--------------------
Best Solution Found!
--------------------
Time: 0 hour(s), 0 minute(s), 0 second(s), 166 millisecond(s)

Fitness: 91620

0	0	0	2	0	0	0	
1	2	0	0	1	0	0	
3	0	0	0	1	1	0	
2	1	0	0	2	0	0	
0	0	0	3	3	0	0	
3	2	0	1	0	1	0	
0	0	0	0	2	1	0	
3	2	3	2	2	0	0	
1	0	0	2	0	0	0	
0	0	3	0	2	0	0	
0	0	0	0	0	2	0	
2	3	2	0	0	0	0	
0	2	0	3	0	2	0	
0	0	0	0	0	0	0	
0	1	1	0	0	2	0	
0	1	0	3	1	0	0	
2	2	1	0	2	0	2	
1	1	0	0	0	0	0	
1	0	0	0	1	0	0	
3	1	2	0	2	1	0	
0	0	0	0	0	1	0	
0	1	0	0	0	0	0	
0	2	0	0	0	0	0	
0	0	0	0	0	0	0	
2	0	1	0	0	0	0	
0	3	0	3	0	0	0	
0	0	1	0	0	0	0	
0	1	3	3	1	3	0	
1	3	0	0	3	2	0	
0	0	0	0	3	0	0	
0	2	0	0	0	0	0	
2	0	0	3	0	0	0	
1	2	3	0	2	2	0	
0	0	0	3	1	0	0	
0	0	3	3	0	0	0	
3	0	0	0	1	2	0	
1	0	1	0	0	0	0	
0	0	0	0	0	0	0	
0	0	0	0	3	0	0	
2	3	1	0	2	0	0	
0	0	3	1	0	0	0	
2	2	0	0	2	0	0	
1	1	0	0	0	2	0	
0	2	0	2	1	0	0	
0	0	0	1	0	3	0	
0	0	0	2	0	0	0	
3	1	3	0	0	0	0	
0	3	0	0	2	2	0	
2	0	0	0	0	1	0	
0	1	0	3	0	0	0	
0	3	0	2	0	2	0	
0	0	0	0	0	0	0	
0	0	1	3	1	0	0	
0	1	3	3	0	2	0	
0	0	0	0	0	1	0	
2	0	1	0	2	3	0	
0	2	0	0	0	1	0	
2	0	0	3	0	2	0	
0	1	0	2	0	1	0	
2	0	0	0	0	1	0	
2	2	0	3	0	1	0	
2	0	3	1	1	3	0	
0	0	0	1	1	0	0	
1	0	0	0	1	0	0	
0	1	3	3	0	2	0	
0	0	1	0	0	0	0	
0	3	3	0	0	1	0	
0	0	0	2	0	3	0	
0	0	2	0	2	0	0	
2	0	2	1	3	3	0	
2	1	3	0	0	0	0	
0	0	3	1	0	0	0	
0	2	0	0	2	1	0	
1	0	3	0	0	0	0	
1	0	1	3	1	1	0	
0	0	0	0	1	0	0	
2	0	0	0	1	3	0	
2	0	0	0	0	0	0	
0	0	1	0	0	0	0	
0	0	3	0	0	2	1	
1	2	0	1	2	0	0	
0	2	0	0	2	0	0	
2	0	1	3	0	0	0	
1	0	3	0	2	0	0	
1	0	0	0	0	2	0	
0	0	0	0	0	0	0	
0	0	1	1	1	1	0	
0	0	0	0	3	0	0	
0	1	0	0	0	1	0	
0	0	0	0	0	0	0	
0	1	0	3	0	2	0	
1	0	2	1	2	1	0	
1	0	3	0	3	0	0	
0	0	0	1	0	0	0	
0	0	2	3	0	1	0	
0	0	0	0	0	0	0	
0	1	0	0	0	1	0	
3	1	1	3	0	0	0	
0	2	3	3	0	0	0	
0	0	1	0	1	0	0	
--------------------

--------------------
Best Solution Found!
--------------------
Time: 0 hour(s), 0 minute(s), 0 second(s), 167 millisecond(s)

Fitness: 91620

0	0	0	2	0	0	0	
1	2	0	0	1	0	0	
3	0	0	0	1	1	0	
2	1	0	0	2	0	0	
0	0	0	3	3	0	0	
3	2	0	1	0	1	0	
0	0	0	0	2	1	0	
3	2	3	2	2	0	0	
1	0	0	2	0	0	0	
0	0	3	0	2	0	0	
0	0	0	0	0	2	0	
2	3	2	0	0	0	0	
0	2	0	3	0	2	0	
0	0	0	0	0	0	0	
0	1	1	0	0	2	0	
0	1	0	3	1	0	0	
2	2	1	0	2	0	2	
1	1	0	0	0	0	0	
1	0	0	0	1	0	0	
3	1	2	0	2	1	0	
0	0	0	0	0	1	0	
0	1	0	0	0	0	0	
0	2	0	0	0	0	0	
0	0	0	0	0	0	0	
2	0	1	0	0	0	0	
0	3	0	3	0	0	0	
0	0	1	0	0	0	0	
0	1	3	3	1	3	0	
1	3	0	0	3	2	0	
0	0	0	0	3	0	0	
0	2	0	0	0	0	0	
2	0	0	3	0	0	0	
1	2	3	0	2	2	0	
0	0	0	3	1	0	0	
0	0	3	3	0	0	0	
3	0	0	0	1	2	0	
1	0	1	0	0	0	0	
0	0	0	0	0	0	0	
0	0	0	0	3	0	0	
2	3	1	0	2	0	0	
0	0	3	1	0	0	0	
2	2	0	0	2	0	0	
1	1	0	0	0	2	0	
0	2	0	2	1	0	0	
0	0	0	1	0	3	0	
0	0	0	2	0	0	0	
3	1	3	0	0	0	0	
0	3	0	0	2	2	0	
2	0	0	0	0	1	0	
0	1	0	3	0	0	0	
0	3	0	2	0	2	0	
0	0	0	0	0	0	0	
0	0	1	3	1	0	0	
0	1	3	3	0	2	0	
0	0	0	0	0	1	0	
2	0	1	0	2	3	0	
0	2	0	0	0	1	0	
2	0	0	3	0	2	0	
0	1	0	2	0	1	0	
2	0	0	0	0	1	0	
2	2	0	3	0	1	0	
2	0	3	1	1	3	0	
0	0	0	1	1	0	0	
1	0	0	0	1	0	0	
0	1	3	3	0	2	0	
0	0	1	0	0	0	0	
0	3	3	0	0	1	0	
0	0	0	2	0	3	0	
0	0	2	0	2	0	0	
2	0	2	1	3	3	0	
2	1	3	0	0	0	0	
0	0	3	1	0	0	0	
0	2	0	0	2	1	0	
1	0	3	0	0	0	0	
1	0	1	3	1	1	0	
0	0	0	0	1	0	0	
2	0	0	0	1	3	0	
2	0	0	0	0	0	0	
0	0	1	0	0	0	0	
0	0	3	0	0	2	1	
1	2	0	1	2	0	0	
0	2	0	0	2	0	0	
2	0	1	3	0	0	0	
1	0	3	0	2	0	0	
1	0	0	0	0	2	0	
0	0	0	0	0	0	0	
0	0	1	1	1	1	0	
0	0	0	0	3	0	0	
0	1	0	0	0	1	0	
0	0	0	0	0	0	0	
0	1	0	3	0	2	0	
1	0	2	1	2	1	0	
1	0	3	0	3	0	0	
0	0	0	1	0	0	0	
0	0	2	3	0	1	0	
0	0	0	0	0	0	0	
0	1	0	0	0	1	0	
3	1	1	3	0	0	0	
0	2	3	3	0	0	0	
0	0	1	0	1	0	0	
--------------------

--------------------
Best Solution Found!
--------------------
Time: 0 hour(s), 0 minute(s), 0 second(s), 169 millisecond(s)

Fitness: 91620

0	0	0	2	0	0	0	
1	2	0	0	1	0	0	
3	0	0	0	1	1	0	
2	1	0	0	2	0	0	
0	0	0	3	3	0	0	
3	2	0	1	0	1	0	
0	0	0	0	2	1	0	
3	2	3	2	2	0	0	
1	0	0	2	0	0	0	
0	0	3	0	2	0	0	
0	0	0	0	0	2	0	
2	3	2	0	0	0	0	
0	2	0	3	0	2	0	
0	0	0	0	0	0	0	
0	1	1	0	0	2	0	
0	1	0	3	1	0	0	
2	2	1	0	2	0	2	
1	1	0	0	0	0	0	
1	0	0	0	1	0	0	
3	1	2	0	2	1	0	
0	0	0	0	0	1	0	
0	1	0	0	0	0	0	
0	2	0	0	0	0	0	
0	0	0	0	0	0	0	
2	0	1	0	0	0	0	
0	3	0	3	0	0	0	
0	0	1	0	0	0	0	
0	1	3	3	1	3	0	
1	3	0	0	3	2	0	
0	0	0	0	3	0	0	
0	2	0	0	0	0	0	
2	0	0	3	0	0	0	
1	2	3	0	2	2	0	
0	0	0	3	1	0	0	
0	0	3	3	0	0	0	
3	0	0	0	1	2	0	
1	0	1	0	0	0	0	
0	0	0	0	0	0	0	
0	0	0	0	3	0	0	
2	3	1	0	2	0	0	
0	0	3	1	0	0	0	
2	2	0	0	2	0	0	
1	1	0	0	0	2	0	
0	2	0	2	1	0	0	
0	0	0	1	0	3	0	
0	0	0	2	0	0	0	
3	1	3	0	0	0	0	
0	3	0	0	2	2	0	
2	0	0	0	0	1	0	
0	1	0	3	0	0	0	
0	3	0	2	0	2	0	
0	0	0	0	0	0	0	
0	0	1	3	1	0	0	
0	1	3	3	0	2	0	
0	0	0	0	0	1	0	
2	0	1	0	2	3	0	
0	2	0	0	0	1	0	
2	0	0	3	0	2	0	
0	1	0	2	0	1	0	
2	0	0	0	0	1	0	
2	2	0	3	0	1	0	
2	0	3	1	1	3	0	
0	0	0	1	1	0	0	
1	0	0	0	1	0	0	
0	1	3	3	0	2	0	
0	0	1	0	0	0	0	
0	3	3	0	0	1	0	
0	0	0	2	0	3	0	
0	0	2	0	2	0	0	
2	0	2	1	3	3	0	
2	1	3	0	0	0	0	
0	0	3	1	0	0	0	
0	2	0	0	2	1	0	
1	0	3	0	0	0	0	
1	0	1	3	1	1	0	
0	0	0	0	1	0	0	
2	0	0	0	1	3	0	
2	0	0	0	0	0	0	
0	0	1	0	0	0	0	
0	0	3	0	0	2	1	
1	2	0	1	2	0	0	
0	2	0	0	2	0	0	
2	0	1	3	0	0	0	
1	0	3	0	2	0	0	
1	0	0	0	0	2	0	
0	0	0	0	0	0	0	
0	0	1	1	1	1	0	
0	0	0	0	3	0	0	
0	1	0	0	0	1	0	
0	0	0	0	0	0	0	
0	1	0	3	0	2	0	
1	0	2	1	2	1	0	
1	0	3	0	3	0	0	
0	0	0	1	0	0	0	
0	0	2	3	0	1	0	
0	0	0	0	0	0	0	
0	1	0	0	0	1	0	
3	1	1	3	0	0	0	
0	2	3	3	0	0	0	
0	0	1	0	1	0	0	
--------------------

--------------------
Best Solution Found!
--------------------
Time: 0 hour(s), 0 minute(s), 0 second(s), 170 millisecond(s)

Fitness: 91620

0	0	0	2	0	0	0	
1	2	0	0	1	0	0	
3	0	0	0	1	1	0	
2	1	0	0	2	0	0	
0	0	0	3	3	0	0	
3	2	0	1	0	1	0	
0	0	0	0	2	1	0	
3	2	3	2	2	0	0	
1	0	0	2	0	0	0	
0	0	3	0	2	0	0	
0	0	0	0	0	2	0	
2	3	2	0	0	0	0	
0	2	0	3	0	2	0	
0	0	0	0	0	0	0	
0	1	1	0	0	2	0	
0	1	0	3	1	0	0	
2	2	1	0	2	0	2	
1	1	0	0	0	0	0	
1	0	0	0	1	0	0	
3	1	2	0	2	1	0	
0	0	0	0	0	1	0	
0	1	0	0	0	0	0	
0	2	0	0	0	0	0	
0	0	0	0	0	0	0	
2	0	1	0	0	0	0	
0	3	0	3	0	0	0	
0	0	1	0	0	0	0	
0	1	3	3	1	3	0	
1	3	0	0	3	2	0	
0	0	0	0	3	0	0	
0	2	0	0	0	0	0	
2	0	0	3	0	0	0	
1	2	3	0	2	2	0	
0	0	0	3	1	0	0	
0	0	3	3	0	0	0	
3	0	0	0	1	2	0	
1	0	1	0	0	0	0	
0	0	0	0	0	0	0	
0	0	0	0	3	0	0	
2	3	1	0	2	0	0	
0	0	3	1	0	0	0	
2	2	0	0	2	0	0	
1	1	0	0	0	2	0	
0	2	0	2	1	0	0	
0	0	0	1	0	3	0	
0	0	0	2	0	0	0	
3	1	3	0	0	0	0	
0	3	0	0	2	2	0	
2	0	0	0	0	1	0	
0	1	0	3	0	0	0	
0	3	0	2	0	2	0	
0	0	0	0	0	0	0	
0	0	1	3	1	0	0	
0	1	3	3	0	2	0	
0	0	0	0	0	1	0	
2	0	1	0	2	3	0	
0	2	0	0	0	1	0	
2	0	0	3	0	2	0	
0	1	0	2	0	1	0	
2	0	0	0	0	1	0	
2	2	0	3	0	1	0	
2	0	3	1	1	3	0	
0	0	0	1	1	0	0	
1	0	0	0	1	0	0	
0	1	3	3	0	2	0	
0	0	1	0	0	0	0	
0	3	3	0	0	1	0	
0	0	0	2	0	3	0	
0	0	2	0	2	0	0	
2	0	2	1	3	3	0	
2	1	3	0	0	0	0	
0	0	3	1	0	0	0	
0	2	0	0	2	1	0	
1	0	3	0	0	0	0	
1	0	1	3	1	1	0	
0	0	0	0	1	0	0	
2	0	0	0	1	3	0	
2	0	0	0	0	0	0	
0	0	1	0	0	0	0	
0	0	3	0	0	2	1	
1	2	0	1	2	0	0	
0	2	0	0	2	0	0	
2	0	1	3	0	0	0	
1	0	3	0	2	0	0	
1	0	0	0	0	2	0	
0	0	0	0	0	0	0	
0	0	1	1	1	1	0	
0	0	0	0	3	0	0	
0	1	0	0	0	1	0	
0	0	0	0	0	0	0	
0	1	0	3	0	2	0	
1	0	2	1	2	1	0	
1	0	3	0	3	0	0	
0	0	0	1	0	0	0	
0	0	2	3	0	1	0	
0	0	0	0	0	0	0	
0	1	0	0	0	1	0	
3	1	1	3	0	0	0	
0	2	3	3	0	0	0	
0	0	1	0	1	0	0	
--------------------

--------------------
Best Solution Found!
--------------------
Time: 0 hour(s), 0 minute(s), 0 second(s), 300 millisecond(s)

Fitness: 91591

3	2	0	0	0	0	0	
0	2	0	0	0	1	0	
0	0	0	0	3	0	0	
0	2	0	0	1	0	0	
0	0	0	3	0	2	0	
1	1	0	0	0	0	0	
2	0	0	3	0	0	0	
0	0	3	3	0	0	0	
2	2	0	0	0	0	0	
1	2	3	0	1	1	0	
0	1	0	0	0	0	0	
0	2	2	0	1	0	0	
0	0	0	3	3	0	2	
3	0	0	1	0	0	0	
2	1	1	0	0	1	0	
2	0	0	3	0	0	0	
0	0	1	1	0	0	0	
0	0	0	1	0	0	0	
2	0	0	0	0	1	0	
3	0	2	0	0	0	0	
0	1	0	0	0	0	0	
3	0	0	0	0	2	0	
1	0	0	0	1	0	0	
0	1	0	0	3	1	0	
0	0	1	0	0	0	0	
1	0	0	1	2	0	0	
0	3	1	1	2	0	0	
2	3	3	0	0	0	0	
0	0	0	0	0	0	0	
0	1	0	3	0	1	0	
1	0	0	0	0	3	0	
0	0	0	0	0	0	0	
0	0	3	0	0	3	0	
0	1	0	3	0	0	0	
0	0	3	1	1	1	0	
0	0	0	0	0	0	0	
2	2	1	3	2	1	0	
0	2	0	0	0	0	0	
2	0	0	0	2	3	0	
1	1	1	0	0	0	0	
1	0	3	0	0	3	0	
0	0	0	3	0	0	0	
0	0	0	3	0	2	0	
0	2	0	0	2	0	0	
2	0	0	0	0	2	0	
3	2	0	0	0	2	0	
0	3	3	0	3	0	0	
2	1	0	1	0	0	0	
0	1	0	0	0	1	0	
0	3	0	0	0	0	0	
0	0	0	0	0	0	0	
0	0	0	0	1	1	0	
0	0	1	1	0	0	0	
0	1	3	3	1	3	0	
1	0	0	1	0	2	0	
2	2	1	2	2	0	0	
0	2	0	0	2	0	0	
0	1	0	0	0	1	0	
0	0	0	3	1	0	0	
1	0	0	1	2	0	0	
2	1	0	2	2	1	0	
0	0	3	2	1	0	0	
1	0	0	0	0	0	0	
2	0	0	2	1	2	0	
0	0	3	0	0	1	0	
2	0	1	3	1	0	0	
2	1	3	0	2	0	0	
0	1	0	0	1	1	0	
1	1	2	0	2	3	0	
0	0	2	0	0	1	0	
0	0	3	0	0	0	0	
1	0	3	2	2	0	0	
3	0	0	0	0	2	0	
0	0	3	3	0	0	0	
1	0	1	2	3	0	0	
0	0	0	0	1	0	0	
0	0	0	0	0	0	0	
0	0	0	3	0	0	0	
1	2	1	0	1	0	1	
0	0	3	3	2	2	0	
2	2	0	1	0	0	0	
2	2	0	0	2	0	0	
0	0	1	0	0	2	0	
0	1	3	3	1	3	0	
1	3	0	0	2	0	0	
0	0	0	0	3	2	0	
0	0	1	0	0	2	0	
0	0	0	0	2	2	0	
0	3	0	0	0	1	0	
0	0	0	0	0	1	0	
0	0	0	0	0	1	0	
0	0	2	2	0	1	0	
2	0	3	3	1	2	0	
1	0	0	0	2	2	0	
0	1	2	0	0	0	0	
0	0	0	0	0	0	0	
0	3	0	2	0	0	0	
0	0	1	3	3	0	0	
0	0	3	0	0	0	0	
3	2	1	3	1	0	0	
--------------------

--------------------
Best Solution Found!
--------------------
Time: 0 hour(s), 0 minute(s), 0 second(s), 370 millisecond(s)

Fitness: 90607

0	0	0	0	0	0	0	
0	0	2	2	1	0	0	
0	0	0	0	0	0	0	
3	0	0	0	2	0	0	
0	1	0	0	3	1	0	
2	2	0	1	1	0	0	
2	1	0	0	1	0	0	
0	1	2	0	0	2	0	
1	2	0	0	0	2	0	
0	2	0	0	3	3	0	
0	0	0	0	0	0	0	
2	1	0	1	1	3	0	
1	0	0	0	0	0	0	
0	0	0	0	2	0	0	
3	0	3	0	0	2	0	
0	2	2	0	0	0	0	
0	1	0	2	0	3	0	
0	0	0	0	1	2	0	
0	1	0	0	0	0	0	
0	2	3	0	1	0	0	
0	2	0	0	2	1	0	
0	0	3	3	3	1	0	
0	2	0	0	0	1	0	
0	0	3	0	0	0	0	
2	0	1	0	0	0	0	
0	0	0	0	0	0	1	
1	0	0	0	2	0	0	
2	1	0	2	0	0	0	
0	2	1	0	0	1	0	
3	1	3	0	1	0	0	
1	2	2	0	0	2	0	
0	1	0	1	0	0	0	
0	0	3	3	0	0	0	
0	0	1	0	0	1	0	
0	2	0	2	1	0	0	
0	2	3	0	0	0	0	
2	1	3	3	2	0	0	
2	0	0	0	1	1	0	
0	0	1	0	0	0	0	
2	0	0	0	0	1	0	
1	2	1	0	1	2	0	
1	0	0	0	0	0	0	
0	0	2	0	0	0	0	
0	3	0	3	2	1	2	
3	1	0	0	2	0	0	
0	2	3	3	2	2	0	
2	0	0	0	1	0	0	
0	0	1	0	0	0	0	
0	0	1	1	0	0	0	
1	0	0	0	3	0	0	
0	0	3	3	0	0	0	
0	1	0	3	2	0	0	
1	0	0	2	0	1	0	
2	3	0	3	2	2	0	
3	2	3	1	1	0	0	
0	0	0	1	0	0	0	
0	3	0	0	0	0	0	
0	0	3	0	3	0	0	
3	0	0	3	0	1	0	
0	3	1	3	1	1	0	
1	0	3	0	0	2	0	
0	0	0	0	0	0	0	
0	1	0	3	0	1	0	
2	0	0	3	0	0	0	
0	0	0	0	0	0	0	
0	1	3	0	0	0	0	
0	0	0	0	1	0	0	
0	0	0	0	0	2	0	
0	0	0	1	0	2	0	
2	2	0	3	2	0	0	
1	0	0	0	0	2	0	
0	0	3	0	0	0	0	
1	0	0	0	0	0	0	
3	0	0	0	3	0	0	
0	0	0	1	0	2	0	
0	0	1	0	1	3	0	
2	0	0	2	2	0	0	
2	0	3	0	0	1	0	
0	0	0	1	2	0	0	
0	0	0	3	0	3	0	
0	0	1	1	0	1	0	
0	0	1	0	0	0	0	
1	0	1	1	1	3	0	
0	3	3	0	0	0	0	
1	3	0	0	0	2	0	
0	0	0	0	0	0	0	
0	1	0	3	2	0	0	
2	0	0	0	0	1	0	
1	0	1	3	0	2	0	
0	0	0	3	0	0	0	
0	0	0	2	0	0	0	
0	1	1	2	2	0	0	
2	3	0	0	2	0	0	
2	0	2	0	0	0	0	
1	1	3	3	0	3	0	
0	1	0	3	0	0	0	
0	0	0	0	3	1	0	
1	2	0	0	1	0	0	
0	0	0	3	0	1	0	
2	0	1	0	2	1	0	
--------------------

--------------------
Best Solution Found!
--------------------
Time: 0 hour(s), 0 minute(s), 0 second(s), 410 millisecond(s)

Fitness: 88633

0	0	0	0	2	2	0	
0	0	2	0	0	0	0	
0	0	0	1	3	0	0	
1	1	0	0	0	0	0	
0	2	0	0	0	0	0	
0	0	0	3	0	0	0	
0	0	0	2	3	0	0	
0	0	2	2	1	0	0	
2	0	0	0	1	1	0	
0	0	0	3	0	0	0	
2	0	0	0	0	1	0	
1	1	0	3	1	1	0	
1	2	0	0	0	2	0	
0	0	0	3	0	2	0	
2	0	3	0	1	1	0	
0	0	2	0	0	0	0	
0	0	0	3	0	2	0	
0	0	0	0	0	1	0	
0	0	0	1	0	0	0	
0	0	3	0	0	0	0	
0	2	0	0	0	0	0	
0	0	3	0	0	0	0	
2	0	0	3	0	0	2	
3	0	3	0	3	0	0	
0	0	1	0	0	0	0	
0	0	0	0	2	0	0	
0	0	0	0	0	2	0	
0	0	0	0	2	0	0	
0	1	1	0	0	1	0	
0	1	3	0	1	1	0	
3	0	2	0	0	0	0	
0	1	0	0	0	1	0	
0	0	3	0	0	0	0	
0	1	1	0	0	0	0	
0	0	0	1	0	0	0	
0	1	3	0	1	0	0	
1	0	3	1	1	2	0	
3	2	0	0	0	0	0	
2	3	1	0	2	1	0	
2	0	0	0	2	0	0	
1	2	1	3	2	1	0	
0	2	0	0	1	0	0	
1	3	2	1	2	0	0	
1	0	0	0	0	1	0	
0	0	0	3	0	2	0	
0	1	3	0	3	2	0	
0	2	0	0	0	1	0	
0	0	1	0	1	0	0	
0	0	1	0	1	2	0	
0	0	0	0	0	0	0	
1	2	3	2	0	2	0	
1	0	0	0	0	0	0	
0	0	0	0	0	2	0	
0	0	0	3	2	2	0	
0	1	3	3	2	0	0	
0	2	0	3	0	0	0	
0	0	0	0	0	0	0	
0	1	3	0	0	0	0	
2	3	0	0	0	1	1	
2	0	1	1	1	1	0	
1	2	3	2	1	0	0	
2	0	0	0	2	0	0	
1	1	0	0	0	0	0	
0	0	0	0	0	0	0	
0	0	0	2	0	1	0	
0	0	3	3	2	1	0	
2	1	0	0	0	0	0	
1	0	0	1	1	1	0	
3	2	0	2	0	2	0	
0	0	0	2	2	0	0	
0	2	0	0	0	2	0	
0	0	3	3	0	3	0	
2	3	0	0	2	1	0	
1	2	0	3	3	2	0	
0	1	0	2	0	0	0	
2	0	1	0	0	0	0	
2	0	0	1	1	0	0	
0	2	3	3	3	3	0	
2	0	0	3	0	0	0	
0	0	0	0	0	0	0	
0	0	1	1	0	0	0	
3	0	1	0	0	1	0	
0	0	1	0	0	0	0	
1	3	3	1	3	0	0	
1	0	0	0	0	0	0	
1	3	0	1	2	0	0	
0	0	0	0	1	0	0	
0	0	0	3	2	0	0	
2	3	1	0	0	0	0	
0	1	0	0	0	0	0	
0	0	0	0	0	3	0	
0	1	1	3	2	3	0	
0	1	0	0	0	3	0	
3	1	2	0	0	0	0	
2	2	3	3	2	0	0	
3	0	0	0	0	0	0	
0	2	0	0	0	3	0	
0	0	0	3	1	3	0	
2	1	0	0	0	0	0	
2	0	1	0	1	0	0	
--------------------

--------------------
Best Solution Found!
--------------------
Time: 0 hour(s), 0 minute(s), 3 second(s), 927 millisecond(s)

Fitness: 88596

0	1	0	0	2	2	0	
2	1	1	2	0	1	0	
2	2	0	0	0	2	0	
0	0	0	0	0	1	0	
0	1	0	1	0	2	0	
0	0	0	0	2	0	0	
0	0	0	3	0	2	0	
0	0	0	0	0	2	0	
0	1	0	0	0	2	0	
1	0	3	0	0	1	0	
1	0	0	0	0	0	0	
0	0	2	3	3	0	0	
0	0	0	0	2	0	0	
0	0	1	1	0	0	0	
2	0	0	2	1	0	0	
2	0	3	0	0	0	0	
1	0	3	0	0	0	0	
0	0	0	0	2	0	0	
0	2	3	3	0	0	0	
0	3	1	0	0	0	0	
2	0	0	0	0	1	0	
0	0	0	1	3	0	0	
1	2	0	3	2	1	0	
0	2	0	0	0	1	0	
0	0	0	3	0	0	0	
3	1	3	0	2	2	0	
0	0	0	3	1	1	0	
3	0	1	0	2	0	0	
3	2	3	0	3	2	0	
1	3	0	0	3	0	0	
0	0	0	1	2	0	0	
3	1	3	3	0	0	0	
1	0	0	0	0	0	0	
0	0	3	0	1	0	0	
0	0	0	0	2	0	0	
0	0	1	0	0	0	0	
0	0	0	0	1	0	0	
0	0	1	0	0	0	0	
0	0	0	0	0	0	0	
0	1	1	3	3	0	0	
2	0	2	0	0	0	0	
2	2	3	1	1	2	0	
0	1	1	2	1	1	0	
3	0	0	0	2	0	0	
0	2	0	0	1	1	0	
2	2	0	1	1	3	0	
0	1	3	3	1	3	0	
0	0	0	3	1	0	0	
0	0	1	0	2	0	0	
0	0	0	0	0	0	0	
0	0	0	0	1	0	0	
2	1	0	0	0	3	0	
0	0	0	0	1	0	0	
0	0	0	0	0	2	0	
0	0	1	0	2	0	0	
2	1	1	1	0	1	0	
0	0	0	0	0	1	0	
0	1	2	0	0	2	0	
1	2	3	0	2	1	0	
2	0	2	0	0	0	0	
1	0	0	2	3	0	0	
0	0	1	3	0	0	0	
0	0	0	1	0	1	0	
2	3	0	3	2	3	0	
0	2	0	1	0	2	0	
2	1	3	3	2	3	0	
0	1	2	3	0	0	0	
0	0	0	2	0	1	0	
2	3	0	0	0	0	0	
0	3	0	0	0	0	0	
0	0	0	3	0	0	0	
0	0	0	1	1	0	2	
1	0	1	0	1	0	0	
0	0	0	0	0	1	0	
0	1	0	2	1	3	0	
1	0	3	0	0	1	0	
1	0	2	0	0	0	0	
1	0	3	0	0	1	0	
0	0	0	0	0	2	0	
0	1	0	3	0	0	0	
1	2	0	0	0	1	0	
2	0	3	0	0	0	0	
0	0	0	0	2	0	0	
2	2	0	0	0	0	0	
0	3	1	0	0	1	0	
2	0	0	0	0	3	0	
0	2	0	0	2	0	0	
0	0	3	3	0	0	0	
3	1	0	0	0	0	0	
0	0	0	2	0	0	0	
1	0	1	0	0	0	0	
1	0	3	0	0	0	0	
0	2	0	3	0	0	0	
0	0	0	2	0	0	0	
0	2	0	0	0	2	0	
1	3	0	3	1	0	0	
0	0	0	0	0	0	0	
0	1	0	0	0	0	0	
2	0	3	1	3	2	0	
3	2	0	3	1	0	1	
--------------------

--------------------
Best Solution Found!
--------------------
Time: 0 hour(s), 0 minute(s), 6 second(s), 927 millisecond(s)

Fitness: 88579

0	1	3	0	0	0	0	
3	1	3	0	1	1	0	
0	2	1	2	3	1	0	
0	0	0	3	0	0	0	
0	2	0	0	2	0	0	
1	0	1	0	0	0	0	
0	0	1	0	3	1	0	
2	2	3	0	1	3	0	
3	2	2	0	0	2	0	
0	2	0	3	0	0	0	
3	1	0	2	1	2	0	
2	2	2	0	1	3	0	
2	2	0	1	2	1	0	
2	1	0	0	0	0	0	
0	1	1	3	1	2	0	
2	1	0	0	0	2	0	
0	1	0	0	2	0	0	
0	2	0	0	3	0	0	
0	3	0	0	0	1	0	
0	1	0	2	1	0	0	
0	0	0	0	0	2	0	
0	0	3	0	2	0	0	
0	3	0	3	0	1	0	
0	0	0	2	0	1	0	
1	0	0	0	1	1	0	
0	0	0	0	2	0	0	
0	0	0	0	2	0	0	
1	0	0	0	0	1	0	
3	0	0	3	2	0	0	
0	0	0	3	0	0	0	
0	2	3	0	3	0	0	
0	0	0	0	1	2	0	
2	3	3	3	0	0	0	
1	0	1	0	0	0	0	
0	0	3	0	0	0	0	
0	2	0	0	0	0	0	
0	0	0	0	0	0	0	
0	2	1	0	0	0	0	
0	2	0	0	0	0	0	
0	0	0	1	0	2	0	
2	0	0	0	0	0	0	
0	0	0	0	1	3	0	
0	1	0	1	2	0	0	
0	1	0	0	0	2	0	
0	0	2	0	3	3	0	
2	0	0	2	0	1	0	
3	1	0	1	3	0	0	
1	0	3	3	2	1	0	
0	0	1	0	0	0	0	
2	0	0	0	1	0	0	
0	0	0	0	1	2	0	
0	0	1	3	0	0	0	
0	0	3	0	0	0	0	
0	0	2	1	0	0	0	
0	0	3	1	0	0	0	
0	0	0	0	1	0	0	
0	1	1	0	0	2	0	
0	0	1	1	0	1	0	
1	0	0	0	2	1	0	
1	0	0	0	0	0	0	
0	0	3	0	2	2	0	
0	0	0	3	2	0	0	
0	0	0	0	0	3	0	
2	0	1	3	2	1	0	
1	0	0	1	0	3	0	
2	0	0	0	0	0	0	
1	0	1	1	0	0	0	
0	0	0	0	0	0	0	
0	1	0	1	0	1	1	
0	0	0	0	0	0	0	
1	0	2	0	0	3	0	
2	0	0	0	0	2	0	
2	0	0	0	1	0	0	
2	3	0	0	0	0	0	
0	0	3	0	0	0	0	
1	2	1	0	1	1	0	
0	0	0	0	0	0	0	
1	1	0	1	2	0	0	
3	0	3	3	0	1	0	
2	0	3	3	0	0	0	
2	0	3	0	0	0	0	
0	0	3	0	0	0	0	
0	3	0	0	0	0	0	
0	0	3	2	0	0	0	
1	1	2	0	0	0	0	
0	0	3	0	0	2	0	
0	0	0	3	0	0	0	
1	3	0	0	0	0	0	
2	0	0	2	0	0	0	
0	1	0	0	2	0	0	
0	2	0	3	2	0	0	
0	2	1	3	1	1	0	
1	1	0	3	2	0	0	
1	0	0	2	0	0	0	
3	3	1	0	0	1	2	
0	0	0	3	3	2	0	
0	2	0	3	0	0	0	
0	1	0	0	1	0	0	
0	0	0	3	1	0	0	
2	0	0	0	0	2	0	
--------------------

--------------------
Best Solution Found!
--------------------
Time: 0 hour(s), 0 minute(s), 6 second(s), 929 millisecond(s)

Fitness: 88579

0	1	3	0	0	0	0	
3	1	3	0	1	1	0	
0	2	1	2	3	1	0	
0	0	0	3	0	0	0	
0	2	0	0	2	0	0	
1	0	1	0	0	0	0	
0	0	1	0	3	1	0	
2	2	3	0	1	3	0	
3	2	2	0	0	2	0	
0	2	0	3	0	0	0	
3	1	0	2	1	2	0	
2	2	2	0	1	3	0	
2	2	0	1	2	1	0	
2	1	0	0	0	0	0	
0	1	1	3	1	2	0	
2	1	0	0	0	2	0	
0	1	0	0	2	0	0	
0	2	0	0	3	0	0	
0	3	0	0	0	1	0	
0	1	0	2	1	0	0	
0	0	0	0	0	2	0	
0	0	3	0	2	0	0	
0	3	0	3	0	1	0	
0	0	0	2	0	1	0	
1	0	0	0	1	1	0	
0	0	0	0	2	0	0	
0	0	0	0	2	0	0	
1	0	0	0	0	1	0	
3	0	0	3	2	0	0	
0	0	0	3	0	0	0	
0	2	3	0	3	0	0	
0	0	0	0	1	2	0	
2	3	3	3	0	0	0	
1	0	1	0	0	0	0	
0	0	3	0	0	0	0	
0	2	0	0	0	0	0	
0	0	0	0	0	0	0	
0	2	1	0	0	0	0	
0	2	0	0	0	0	0	
0	0	0	1	0	2	0	
2	0	0	0	0	0	0	
0	0	0	0	1	3	0	
0	1	0	1	2	0	0	
0	1	0	0	0	2	0	
0	0	2	0	3	3	0	
2	0	0	2	0	1	0	
3	1	0	1	3	0	0	
1	0	3	3	2	1	0	
0	0	1	0	0	0	0	
2	0	0	0	1	0	0	
0	0	0	0	1	2	0	
0	0	1	3	0	0	0	
0	0	3	0	0	0	0	
0	0	2	1	0	0	0	
0	0	3	1	0	0	0	
0	0	0	0	1	0	0	
0	1	1	0	0	2	0	
0	0	1	1	0	1	0	
1	0	0	0	2	1	0	
1	0	0	0	0	0	0	
0	0	3	0	2	2	0	
0	0	0	3	2	0	0	
0	0	0	0	0	3	0	
2	0	1	3	2	1	0	
1	0	0	1	0	3	0	
2	0	0	0	0	0	0	
1	0	1	1	0	0	0	
0	0	0	0	0	0	0	
0	1	0	1	0	1	1	
0	0	0	0	0	0	0	
1	0	2	0	0	3	0	
2	0	0	0	0	2	0	
2	0	0	0	1	0	0	
2	3	0	0	0	0	0	
0	0	3	0	0	0	0	
1	2	1	0	1	1	0	
0	0	0	0	0	0	0	
1	1	0	1	2	0	0	
3	0	3	3	0	1	0	
2	0	3	3	0	0	0	
2	0	3	0	0	0	0	
0	0	3	0	0	0	0	
0	3	0	0	0	0	0	
0	0	3	2	0	0	0	
1	1	2	0	0	0	0	
0	0	3	0	0	2	0	
0	0	0	3	0	0	0	
1	3	0	0	0	0	0	
2	0	0	2	0	0	0	
0	1	0	0	2	0	0	
0	2	0	3	2	0	0	
0	2	1	3	1	1	0	
1	1	0	3	2	0	0	
1	0	0	2	0	0	0	
3	3	1	0	0	1	2	
0	0	0	3	3	2	0	
0	2	0	3	0	0	0	
0	1	0	0	1	0	0	
0	0	0	3	1	0	0	
2	0	0	0	0	2	0	
--------------------

--------------------
Best Solution Found!
--------------------
Time: 0 hour(s), 0 minute(s), 6 second(s), 930 millisecond(s)

Fitness: 88579

0	1	3	0	0	0	0	
3	1	3	0	1	1	0	
0	2	1	2	3	1	0	
0	0	0	3	0	0	0	
0	2	0	0	2	0	0	
1	0	1	0	0	0	0	
0	0	1	0	3	1	0	
2	2	3	0	1	3	0	
3	2	2	0	0	2	0	
0	2	0	3	0	0	0	
3	1	0	2	1	2	0	
2	2	2	0	1	3	0	
2	2	0	1	2	1	0	
2	1	0	0	0	0	0	
0	1	1	3	1	2	0	
2	1	0	0	0	2	0	
0	1	0	0	2	0	0	
0	2	0	0	3	0	0	
0	3	0	0	0	1	0	
0	1	0	2	1	0	0	
0	0	0	0	0	2	0	
0	0	3	0	2	0	0	
0	3	0	3	0	1	0	
0	0	0	2	0	1	0	
1	0	0	0	1	1	0	
0	0	0	0	2	0	0	
0	0	0	0	2	0	0	
1	0	0	0	0	1	0	
3	0	0	3	2	0	0	
0	0	0	3	0	0	0	
0	2	3	0	3	0	0	
0	0	0	0	1	2	0	
2	3	3	3	0	0	0	
1	0	1	0	0	0	0	
0	0	3	0	0	0	0	
0	2	0	0	0	0	0	
0	0	0	0	0	0	0	
0	2	1	0	0	0	0	
0	2	0	0	0	0	0	
0	0	0	1	0	2	0	
2	0	0	0	0	0	0	
0	0	0	0	1	3	0	
0	1	0	1	2	0	0	
0	1	0	0	0	2	0	
0	0	2	0	3	3	0	
2	0	0	2	0	1	0	
3	1	0	1	3	0	0	
1	0	3	3	2	1	0	
0	0	1	0	0	0	0	
2	0	0	0	1	0	0	
0	0	0	0	1	2	0	
0	0	1	3	0	0	0	
0	0	3	0	0	0	0	
0	0	2	1	0	0	0	
0	0	3	1	0	0	0	
0	0	0	0	1	0	0	
0	1	1	0	0	2	0	
0	0	1	1	0	1	0	
1	0	0	0	2	1	0	
1	0	0	0	0	0	0	
0	0	3	0	2	2	0	
0	0	0	3	2	0	0	
0	0	0	0	0	3	0	
2	0	1	3	2	1	0	
1	0	0	1	0	3	0	
2	0	0	0	0	0	0	
1	0	1	1	0	0	0	
0	0	0	0	0	0	0	
0	1	0	1	0	1	1	
0	0	0	0	0	0	0	
1	0	2	0	0	3	0	
2	0	0	0	0	2	0	
2	0	0	0	1	0	0	
2	3	0	0	0	0	0	
0	0	3	0	0	0	0	
1	2	1	0	1	1	0	
0	0	0	0	0	0	0	
1	1	0	1	2	0	0	
3	0	3	3	0	1	0	
2	0	3	3	0	0	0	
2	0	3	0	0	0	0	
0	0	3	0	0	0	0	
0	3	0	0	0	0	0	
0	0	3	2	0	0	0	
1	1	2	0	0	0	0	
0	0	3	0	0	2	0	
0	0	0	3	0	0	0	
1	3	0	0	0	0	0	
2	0	0	2	0	0	0	
0	1	0	0	2	0	0	
0	2	0	3	2	0	0	
0	2	1	3	1	1	0	
1	1	0	3	2	0	0	
1	0	0	2	0	0	0	
3	3	1	0	0	1	2	
0	0	0	3	3	2	0	
0	2	0	3	0	0	0	
0	1	0	0	1	0	0	
0	0	0	3	1	0	0	
2	0	0	0	0	2	0	
--------------------

--------------------
Best Solution Found!
--------------------
Time: 0 hour(s), 0 minute(s), 6 second(s), 932 millisecond(s)

Fitness: 88579

0	1	3	0	0	0	0	
3	1	3	0	1	1	0	
0	2	1	2	3	1	0	
0	0	0	3	0	0	0	
0	2	0	0	2	0	0	
1	0	1	0	0	0	0	
0	0	1	0	3	1	0	
2	2	3	0	1	3	0	
3	2	2	0	0	2	0	
0	2	0	3	0	0	0	
3	1	0	2	1	2	0	
2	2	2	0	1	3	0	
2	2	0	1	2	1	0	
2	1	0	0	0	0	0	
0	1	1	3	1	2	0	
2	1	0	0	0	2	0	
0	1	0	0	2	0	0	
0	2	0	0	3	0	0	
0	3	0	0	0	1	0	
0	1	0	2	1	0	0	
0	0	0	0	0	2	0	
0	0	3	0	2	0	0	
0	3	0	3	0	1	0	
0	0	0	2	0	1	0	
1	0	0	0	1	1	0	
0	0	0	0	2	0	0	
0	0	0	0	2	0	0	
1	0	0	0	0	1	0	
3	0	0	3	2	0	0	
0	0	0	3	0	0	0	
0	2	3	0	3	0	0	
0	0	0	0	1	2	0	
2	3	3	3	0	0	0	
1	0	1	0	0	0	0	
0	0	3	0	0	0	0	
0	2	0	0	0	0	0	
0	0	0	0	0	0	0	
0	2	1	0	0	0	0	
0	2	0	0	0	0	0	
0	0	0	1	0	2	0	
2	0	0	0	0	0	0	
0	0	0	0	1	3	0	
0	1	0	1	2	0	0	
0	1	0	0	0	2	0	
0	0	2	0	3	3	0	
2	0	0	2	0	1	0	
3	1	0	1	3	0	0	
1	0	3	3	2	1	0	
0	0	1	0	0	0	0	
2	0	0	0	1	0	0	
0	0	0	0	1	2	0	
0	0	1	3	0	0	0	
0	0	3	0	0	0	0	
0	0	2	1	0	0	0	
0	0	3	1	0	0	0	
0	0	0	0	1	0	0	
0	1	1	0	0	2	0	
0	0	1	1	0	1	0	
1	0	0	0	2	1	0	
1	0	0	0	0	0	0	
0	0	3	0	2	2	0	
0	0	0	3	2	0	0	
0	0	0	0	0	3	0	
2	0	1	3	2	1	0	
1	0	0	1	0	3	0	
2	0	0	0	0	0	0	
1	0	1	1	0	0	0	
0	0	0	0	0	0	0	
0	1	0	1	0	1	1	
0	0	0	0	0	0	0	
1	0	2	0	0	3	0	
2	0	0	0	0	2	0	
2	0	0	0	1	0	0	
2	3	0	0	0	0	0	
0	0	3	0	0	0	0	
1	2	1	0	1	1	0	
0	0	0	0	0	0	0	
1	1	0	1	2	0	0	
3	0	3	3	0	1	0	
2	0	3	3	0	0	0	
2	0	3	0	0	0	0	
0	0	3	0	0	0	0	
0	3	0	0	0	0	0	
0	0	3	2	0	0	0	
1	1	2	0	0	0	0	
0	0	3	0	0	2	0	
0	0	0	3	0	0	0	
1	3	0	0	0	0	0	
2	0	0	2	0	0	0	
0	1	0	0	2	0	0	
0	2	0	3	2	0	0	
0	2	1	3	1	1	0	
1	1	0	3	2	0	0	
1	0	0	2	0	0	0	
3	3	1	0	0	1	2	
0	0	0	3	3	2	0	
0	2	0	3	0	0	0	
0	1	0	0	1	0	0	
0	0	0	3	1	0	0	
2	0	0	0	0	2	0	
--------------------

--------------------
Best Solution Found!
--------------------
Time: 0 hour(s), 0 minute(s), 9 second(s), 928 millisecond(s)

Fitness: 87598

0	0	3	0	0	0	0	
0	1	3	0	0	0	1	
0	0	0	0	2	0	0	
0	0	1	3	0	0	0	
0	2	0	3	0	0	0	
0	2	1	0	2	0	0	
0	0	0	0	0	0	0	
0	0	0	0	2	1	0	
0	2	1	0	0	0	0	
0	0	3	0	0	0	0	
2	3	3	2	0	3	0	
0	0	0	0	0	0	0	
1	0	0	1	1	1	0	
2	2	1	0	1	2	0	
0	0	0	0	1	0	0	
0	0	0	0	2	0	0	
2	2	3	3	2	0	0	
2	1	0	3	0	0	0	
0	0	0	0	2	1	0	
0	0	0	3	0	0	0	
0	0	0	0	2	0	0	
0	1	2	0	0	1	0	
3	1	3	0	0	1	0	
0	1	0	2	0	0	0	
2	2	0	0	0	2	0	
0	2	0	0	0	1	0	
0	0	0	0	0	1	0	
0	0	0	0	0	0	0	
3	0	0	0	0	2	0	
3	0	0	0	0	0	0	
0	2	1	3	3	2	0	
2	0	0	0	1	2	0	
0	0	1	0	0	0	0	
1	0	1	0	2	0	0	
1	1	3	3	0	1	0	
0	1	0	3	0	2	0	
1	3	1	2	0	0	0	
1	1	0	0	0	1	0	
0	2	1	0	0	3	0	
0	0	0	2	1	0	0	
0	0	2	3	2	1	0	
0	2	0	0	1	0	0	
2	0	0	3	0	2	0	
2	0	0	0	0	3	0	
0	0	0	1	1	0	0	
0	0	0	0	0	0	0	
1	0	0	0	0	0	0	
1	0	0	0	0	0	0	
0	1	0	0	0	2	0	
0	0	3	0	1	0	2	
1	0	0	0	0	1	0	
0	0	0	0	0	2	0	
1	1	0	1	0	3	0	
0	0	0	0	1	0	0	
0	0	0	0	0	0	0	
1	0	0	0	0	0	0	
0	0	0	1	0	0	0	
0	0	0	1	0	2	0	
2	0	0	0	0	2	0	
2	0	3	0	0	1	0	
2	0	3	0	3	3	0	
0	0	0	0	2	1	0	
0	0	3	0	1	0	0	
0	1	0	0	2	0	0	
0	3	2	3	0	0	0	
2	0	0	3	1	0	0	
3	3	0	2	3	2	0	
0	0	3	3	1	0	0	
0	0	3	0	0	0	0	
0	3	0	1	0	0	0	
3	1	1	2	0	1	0	
1	1	1	2	3	0	0	
0	0	0	0	0	0	0	
2	2	1	1	1	0	0	
0	0	3	0	1	1	0	
1	1	0	3	0	0	0	
0	0	0	3	2	0	0	
0	0	2	3	2	3	0	
2	0	3	0	2	3	0	
0	0	0	0	1	0	0	
2	2	2	1	0	0	0	
1	0	0	0	0	0	0	
1	0	1	0	2	0	0	
0	0	0	0	0	0	0	
0	0	1	3	0	2	0	
3	3	1	2	0	1	0	
0	0	0	0	0	0	0	
3	3	3	0	0	1	0	
0	2	0	3	0	1	0	
2	1	3	3	3	0	0	
0	2	0	1	2	0	0	
0	2	0	0	0	0	0	
1	0	3	0	0	2	0	
0	0	0	0	1	0	0	
1	1	2	3	1	0	0	
0	0	0	0	0	0	0	
2	0	0	0	2	0	0	
2	2	0	1	3	1	0	
0	1	0	0	0	2	0	
0	1	0	1	3	0	0	
--------------------

--------------------
Best Solution Found!
--------------------
Time: 0 hour(s), 0 minute(s), 9 second(s), 929 millisecond(s)

Fitness: 87598

0	0	3	0	0	0	0	
0	1	3	0	0	0	1	
0	0	0	0	2	0	0	
0	0	1	3	0	0	0	
0	2	0	3	0	0	0	
0	2	1	0	2	0	0	
0	0	0	0	0	0	0	
0	0	0	0	2	1	0	
0	2	1	0	0	0	0	
0	0	3	0	0	0	0	
2	3	3	2	0	3	0	
0	0	0	0	0	0	0	
1	0	0	1	1	1	0	
2	2	1	0	1	2	0	
0	0	0	0	1	0	0	
0	0	0	0	2	0	0	
2	2	3	3	2	0	0	
2	1	0	3	0	0	0	
0	0	0	0	2	1	0	
0	0	0	3	0	0	0	
0	0	0	0	2	0	0	
0	1	2	0	0	1	0	
3	1	3	0	0	1	0	
0	1	0	2	0	0	0	
2	2	0	0	0	2	0	
0	2	0	0	0	1	0	
0	0	0	0	0	1	0	
0	0	0	0	0	0	0	
3	0	0	0	0	2	0	
3	0	0	0	0	0	0	
0	2	1	3	3	2	0	
2	0	0	0	1	2	0	
0	0	1	0	0	0	0	
1	0	1	0	2	0	0	
1	1	3	3	0	1	0	
0	1	0	3	0	2	0	
1	3	1	2	0	0	0	
1	1	0	0	0	1	0	
0	2	1	0	0	3	0	
0	0	0	2	1	0	0	
0	0	2	3	2	1	0	
0	2	0	0	1	0	0	
2	0	0	3	0	2	0	
2	0	0	0	0	3	0	
0	0	0	1	1	0	0	
0	0	0	0	0	0	0	
1	0	0	0	0	0	0	
1	0	0	0	0	0	0	
0	1	0	0	0	2	0	
0	0	3	0	1	0	2	
1	0	0	0	0	1	0	
0	0	0	0	0	2	0	
1	1	0	1	0	3	0	
0	0	0	0	1	0	0	
0	0	0	0	0	0	0	
1	0	0	0	0	0	0	
0	0	0	1	0	0	0	
0	0	0	1	0	2	0	
2	0	0	0	0	2	0	
2	0	3	0	0	1	0	
2	0	3	0	3	3	0	
0	0	0	0	2	1	0	
0	0	3	0	1	0	0	
0	1	0	0	2	0	0	
0	3	2	3	0	0	0	
2	0	0	3	1	0	0	
3	3	0	2	3	2	0	
0	0	3	3	1	0	0	
0	0	3	0	0	0	0	
0	3	0	1	0	0	0	
3	1	1	2	0	1	0	
1	1	1	2	3	0	0	
0	0	0	0	0	0	0	
2	2	1	1	1	0	0	
0	0	3	0	1	1	0	
1	1	0	3	0	0	0	
0	0	0	3	2	0	0	
0	0	2	3	2	3	0	
2	0	3	0	2	3	0	
0	0	0	0	1	0	0	
2	2	2	1	0	0	0	
1	0	0	0	0	0	0	
1	0	1	0	2	0	0	
0	0	0	0	0	0	0	
0	0	1	3	0	2	0	
3	3	1	2	0	1	0	
0	0	0	0	0	0	0	
3	3	3	0	0	1	0	
0	2	0	3	0	1	0	
2	1	3	3	3	0	0	
0	2	0	1	2	0	0	
0	2	0	0	0	0	0	
1	0	3	0	0	2	0	
0	0	0	0	1	0	0	
1	1	2	3	1	0	0	
0	0	0	0	0	0	0	
2	0	0	0	2	0	0	
2	2	0	1	3	1	0	
0	1	0	0	0	2	0	
0	1	0	1	3	0	0	
--------------------

