--------------------
Best Solution Found!
--------------------
Time: 0 hour(s), 0 minute(s), 0 second(s), 0 millisecond(s)

Fitness: 23173

3	2	3	0	0	0	1	
2	1	2	0	0	0	1	
3	3	2	0	0	0	0	
1	3	0	0	1	0	3	
0	1	1	0	0	1	1	
1	3	0	0	2	0	3	
0	1	0	0	1	1	3	
0	0	3	2	0	0	2	
0	0	0	0	0	0	1	
2	3	3	0	0	3	1	
2	0	1	0	0	0	0	
1	3	0	0	0	0	2	
1	0	3	2	0	0	2	
2	1	1	0	0	0	3	
2	1	0	1	2	2	1	
1	3	1	0	2	0	0	
2	3	0	0	0	0	1	
0	3	1	1	0	0	0	
1	0	1	0	3	0	1	
0	0	0	0	0	0	2	
1	2	0	1	0	0	0	
0	3	1	2	0	0	3	
3	2	3	0	3	0	1	
0	0	3	3	0	0	0	
1	2	0	0	1	0	0	
--------------------

--------------------
Best Solution Found!
--------------------
Time: 0 hour(s), 0 minute(s), 0 second(s), 0 millisecond(s)

Fitness: 17195

2	0	0	1	0	0	0	
0	3	3	0	0	1	1	
2	3	1	0	0	0	1	
3	3	1	2	0	3	0	
1	0	0	0	0	0	1	
1	2	1	0	2	0	1	
2	1	1	1	0	0	2	
2	0	0	0	0	0	0	
0	1	0	1	0	0	0	
1	0	3	0	0	0	2	
1	2	3	0	0	0	2	
3	0	2	2	2	0	1	
1	2	0	0	0	0	3	
3	1	1	0	2	0	1	
2	2	2	0	1	1	0	
0	0	1	0	1	0	1	
0	3	3	0	0	0	1	
1	0	0	3	0	0	0	
1	3	1	0	3	0	3	
1	3	0	0	0	0	1	
0	1	3	0	0	2	3	
0	3	0	0	0	0	2	
2	3	0	0	1	0	3	
0	3	0	0	0	0	0	
0	1	3	2	3	0	3	
--------------------

--------------------
Best Solution Found!
--------------------
Time: 0 hour(s), 0 minute(s), 0 second(s), 1 millisecond(s)

Fitness: 17195

2	0	0	1	0	0	0	
0	3	3	0	0	1	1	
2	3	1	0	0	0	1	
3	3	1	2	0	3	0	
1	0	0	0	0	0	1	
1	2	1	0	2	0	1	
2	1	1	1	0	0	2	
2	0	0	0	0	0	0	
0	1	0	1	0	0	0	
1	0	3	0	0	0	2	
1	2	3	0	0	0	2	
3	0	2	2	2	0	1	
1	2	0	0	0	0	3	
3	1	1	0	2	0	1	
2	2	2	0	1	1	0	
0	0	1	0	1	0	1	
0	3	3	0	0	0	1	
1	0	0	3	0	0	0	
1	3	1	0	3	0	3	
1	3	0	0	0	0	1	
0	1	3	0	0	2	3	
0	3	0	0	0	0	2	
2	3	0	0	1	0	3	
0	3	0	0	0	0	0	
0	1	3	2	3	0	3	
--------------------

--------------------
Best Solution Found!
--------------------
Time: 0 hour(s), 0 minute(s), 0 second(s), 1 millisecond(s)

Fitness: 17195

2	0	0	1	0	0	0	
0	3	3	0	0	1	1	
2	3	1	0	0	0	1	
3	3	1	2	0	3	0	
1	0	0	0	0	0	1	
1	2	1	0	2	0	1	
2	1	1	1	0	0	2	
2	0	0	0	0	0	0	
0	1	0	1	0	0	0	
1	0	3	0	0	0	2	
1	2	3	0	0	0	2	
3	0	2	2	2	0	1	
1	2	0	0	0	0	3	
3	1	1	0	2	0	1	
2	2	2	0	1	1	0	
0	0	1	0	1	0	1	
0	3	3	0	0	0	1	
1	0	0	3	0	0	0	
1	3	1	0	3	0	3	
1	3	0	0	0	0	1	
0	1	3	0	0	2	3	
0	3	0	0	0	0	2	
2	3	0	0	1	0	3	
0	3	0	0	0	0	0	
0	1	3	2	3	0	3	
--------------------

--------------------
Best Solution Found!
--------------------
Time: 0 hour(s), 0 minute(s), 0 second(s), 2 millisecond(s)

Fitness: 17195

2	0	0	1	0	0	0	
0	3	3	0	0	1	1	
2	3	1	0	0	0	1	
3	3	1	2	0	3	0	
1	0	0	0	0	0	1	
1	2	1	0	2	0	1	
2	1	1	1	0	0	2	
2	0	0	0	0	0	0	
0	1	0	1	0	0	0	
1	0	3	0	0	0	2	
1	2	3	0	0	0	2	
3	0	2	2	2	0	1	
1	2	0	0	0	0	3	
3	1	1	0	2	0	1	
2	2	2	0	1	1	0	
0	0	1	0	1	0	1	
0	3	3	0	0	0	1	
1	0	0	3	0	0	0	
1	3	1	0	3	0	3	
1	3	0	0	0	0	1	
0	1	3	0	0	2	3	
0	3	0	0	0	0	2	
2	3	0	0	1	0	3	
0	3	0	0	0	0	0	
0	1	3	2	3	0	3	
--------------------

--------------------
Best Solution Found!
--------------------
Time: 0 hour(s), 0 minute(s), 0 second(s), 3 millisecond(s)

Fitness: 17192

3	2	1	0	0	0	1	
1	0	3	0	0	0	1	
1	0	0	3	0	0	0	
2	1	3	0	1	0	3	
2	0	1	2	0	1	1	
2	3	2	0	2	0	3	
0	0	3	1	1	1	3	
0	0	1	0	0	0	2	
0	2	0	1	0	0	1	
1	3	3	0	0	3	1	
0	1	2	0	0	0	0	
0	3	1	0	0	0	2	
1	3	1	2	0	0	2	
1	3	0	0	0	0	3	
2	3	0	0	2	2	1	
3	0	0	0	2	0	0	
2	3	3	0	0	0	1	
1	3	0	0	0	0	0	
0	3	3	2	3	0	1	
0	2	0	0	0	0	2	
0	2	0	0	0	0	0	
3	0	1	0	0	0	3	
1	1	1	1	3	0	1	
1	1	0	0	0	0	0	
2	1	0	0	1	0	0	
--------------------

--------------------
Best Solution Found!
--------------------
Time: 0 hour(s), 0 minute(s), 0 second(s), 6 millisecond(s)

Fitness: 17189

0	0	0	0	0	0	2	
0	2	3	0	0	0	0	
0	1	1	2	0	0	1	
0	0	1	0	0	0	0	
1	0	0	1	0	3	0	
0	3	1	0	2	0	1	
2	3	1	3	0	0	1	
1	0	0	2	0	0	2	
0	3	0	0	0	0	1	
2	1	3	0	0	0	3	
3	3	3	0	0	0	0	
2	3	2	0	2	0	3	
0	1	0	0	0	0	0	
1	3	1	0	2	0	1	
1	0	2	2	1	0	3	
3	2	1	1	1	0	0	
2	3	3	1	0	0	2	
0	3	0	0	0	2	3	
1	0	1	0	3	1	1	
2	3	0	0	0	1	1	
3	0	3	0	0	0	1	
1	1	0	0	0	0	1	
1	1	0	0	1	0	3	
1	2	0	0	0	0	0	
2	2	3	0	3	0	2	
--------------------

--------------------
Best Solution Found!
--------------------
Time: 0 hour(s), 0 minute(s), 0 second(s), 7 millisecond(s)

Fitness: 17189

0	0	0	0	0	0	2	
0	2	3	0	0	0	0	
0	1	1	2	0	0	1	
0	0	1	0	0	0	0	
1	0	0	1	0	3	0	
0	3	1	0	2	0	1	
2	3	1	3	0	0	1	
1	0	0	2	0	0	2	
0	3	0	0	0	0	1	
2	1	3	0	0	0	3	
3	3	3	0	0	0	0	
2	3	2	0	2	0	3	
0	1	0	0	0	0	0	
1	3	1	0	2	0	1	
1	0	2	2	1	0	3	
3	2	1	1	1	0	0	
2	3	3	1	0	0	2	
0	3	0	0	0	2	3	
1	0	1	0	3	1	1	
2	3	0	0	0	1	1	
3	0	3	0	0	0	1	
1	1	0	0	0	0	1	
1	1	0	0	1	0	3	
1	2	0	0	0	0	0	
2	2	3	0	3	0	2	
--------------------

--------------------
Best Solution Found!
--------------------
Time: 0 hour(s), 0 minute(s), 0 second(s), 7 millisecond(s)

Fitness: 17189

0	0	0	0	0	0	2	
0	2	3	0	0	0	0	
0	1	1	2	0	0	1	
0	0	1	0	0	0	0	
1	0	0	1	0	3	0	
0	3	1	0	2	0	1	
2	3	1	3	0	0	1	
1	0	0	2	0	0	2	
0	3	0	0	0	0	1	
2	1	3	0	0	0	3	
3	3	3	0	0	0	0	
2	3	2	0	2	0	3	
0	1	0	0	0	0	0	
1	3	1	0	2	0	1	
1	0	2	2	1	0	3	
3	2	1	1	1	0	0	
2	3	3	1	0	0	2	
0	3	0	0	0	2	3	
1	0	1	0	3	1	1	
2	3	0	0	0	1	1	
3	0	3	0	0	0	1	
1	1	0	0	0	0	1	
1	1	0	0	1	0	3	
1	2	0	0	0	0	0	
2	2	3	0	3	0	2	
--------------------

--------------------
Best Solution Found!
--------------------
Time: 0 hour(s), 0 minute(s), 0 second(s), 69 millisecond(s)

Fitness: 17180

1	0	1	1	1	0	1	
1	0	0	0	2	0	0	
3	1	1	0	0	0	2	
1	2	1	1	0	0	3	
1	1	1	0	2	0	3	
1	2	3	0	0	0	3	
2	1	3	0	0	0	0	
0	3	3	0	0	0	0	
2	0	3	0	0	0	0	
0	3	0	2	0	0	0	
2	3	0	2	3	0	1	
2	1	0	0	0	0	2	
0	3	3	0	0	2	0	
0	1	0	3	0	0	3	
2	0	0	0	0	3	1	
2	2	1	0	0	1	1	
0	0	0	2	0	0	2	
1	0	0	0	0	0	2	
0	2	3	0	3	1	1	
1	3	0	0	0	0	1	
3	3	1	0	1	0	3	
0	3	0	0	0	0	1	
3	3	2	1	0	0	0	
1	3	1	0	1	0	1	
0	0	2	0	2	0	1	
--------------------

--------------------
Best Solution Found!
--------------------
Time: 0 hour(s), 0 minute(s), 0 second(s), 72 millisecond(s)

Fitness: 17179

1	2	0	0	0	0	1	
2	0	0	2	0	0	1	
3	3	0	0	0	2	2	
2	2	3	0	1	0	1	
1	0	0	0	0	3	3	
0	2	1	0	0	0	1	
1	3	0	0	0	0	0	
2	1	0	0	3	0	0	
1	1	1	2	0	0	3	
3	3	1	1	0	0	1	
0	3	3	3	2	0	1	
2	2	1	1	0	1	3	
0	0	1	0	0	0	2	
2	3	0	0	0	0	1	
1	3	1	0	2	0	1	
0	1	0	0	0	0	1	
0	3	2	0	1	1	0	
0	0	0	0	0	0	2	
1	0	3	0	2	0	3	
2	0	0	0	0	0	0	
1	1	2	1	0	0	2	
3	3	3	2	1	0	0	
0	0	1	0	0	0	0	
1	1	3	0	3	0	3	
0	3	3	0	0	0	0	
--------------------

--------------------
Best Solution Found!
--------------------
Time: 0 hour(s), 0 minute(s), 0 second(s), 119 millisecond(s)

Fitness: 16202

0	1	1	2	0	3	1	
2	3	1	2	0	0	3	
1	2	0	0	3	1	3	
0	3	3	0	0	0	2	
2	2	3	0	2	0	2	
1	0	0	0	2	0	0	
0	0	0	0	0	0	0	
1	1	0	0	0	0	1	
2	3	0	0	0	0	2	
0	0	0	1	0	0	1	
3	3	0	0	1	0	0	
1	1	1	0	0	2	3	
0	3	3	0	0	0	0	
0	0	3	3	0	0	2	
3	3	1	0	0	0	1	
1	3	2	0	0	0	3	
2	2	0	1	1	0	1	
1	1	1	2	0	0	3	
2	0	0	0	0	0	1	
0	0	3	0	0	0	0	
1	1	0	0	0	1	1	
1	3	1	0	0	0	0	
0	2	3	0	2	0	0	
2	0	1	1	1	0	1	
3	3	2	0	3	0	1	
--------------------

--------------------
Best Solution Found!
--------------------
Time: 0 hour(s), 0 minute(s), 0 second(s), 120 millisecond(s)

Fitness: 16202

0	1	1	2	0	3	1	
2	3	1	2	0	0	3	
1	2	0	0	3	1	3	
0	3	3	0	0	0	2	
2	2	3	0	2	0	2	
1	0	0	0	2	0	0	
0	0	0	0	0	0	0	
1	1	0	0	0	0	1	
2	3	0	0	0	0	2	
0	0	0	1	0	0	1	
3	3	0	0	1	0	0	
1	1	1	0	0	2	3	
0	3	3	0	0	0	0	
0	0	3	3	0	0	2	
3	3	1	0	0	0	1	
1	3	2	0	0	0	3	
2	2	0	1	1	0	1	
1	1	1	2	0	0	3	
2	0	0	0	0	0	1	
0	0	3	0	0	0	0	
1	1	0	0	0	1	1	
1	3	1	0	0	0	0	
0	2	3	0	2	0	0	
2	0	1	1	1	0	1	
3	3	2	0	3	0	1	
--------------------

--------------------
Best Solution Found!
--------------------
Time: 0 hour(s), 0 minute(s), 0 second(s), 435 millisecond(s)

Fitness: 16185

1	2	3	1	0	1	0	
0	3	1	0	0	0	0	
0	3	1	3	0	0	0	
1	2	0	0	0	0	2	
3	2	1	0	2	0	3	
2	1	3	1	0	0	2	
3	1	0	0	1	0	1	
2	0	3	0	0	0	2	
0	3	3	2	2	0	3	
0	3	1	0	0	0	3	
1	1	0	0	0	0	0	
0	0	2	0	0	1	1	
1	3	0	0	0	2	0	
0	2	0	0	1	0	1	
1	1	1	0	0	3	1	
2	1	3	0	3	0	1	
2	0	0	0	0	0	3	
0	3	0	0	0	0	1	
3	3	1	2	0	0	3	
2	0	0	0	2	0	0	
1	0	1	2	0	0	1	
0	3	0	0	0	0	1	
1	0	0	0	0	0	0	
1	0	3	1	3	0	2	
2	3	2	0	1	0	1	
--------------------

--------------------
Best Solution Found!
--------------------
Time: 0 hour(s), 0 minute(s), 2 second(s), 997 millisecond(s)

Fitness: 16184

0	3	3	0	3	3	3	
2	0	0	0	2	0	3	
0	0	0	0	0	0	0	
2	1	1	2	2	0	0	
3	0	0	0	2	0	0	
1	3	3	0	1	0	1	
2	3	2	2	0	0	2	
3	0	0	0	3	0	3	
2	1	3	3	0	0	0	
0	1	1	0	1	1	2	
2	1	3	0	0	0	1	
1	2	0	0	0	0	1	
1	3	2	0	0	0	0	
0	0	1	0	0	0	1	
0	3	0	0	0	0	2	
3	2	1	0	0	1	1	
1	3	1	1	0	0	2	
1	3	3	1	0	0	3	
0	2	1	0	0	0	0	
1	2	0	0	0	0	0	
0	0	0	1	0	2	1	
2	1	1	0	1	0	1	
0	3	0	2	0	0	3	
1	0	3	0	0	0	1	
1	3	0	0	0	0	1	
--------------------

--------------------
Best Solution Found!
--------------------
Time: 0 hour(s), 0 minute(s), 2 second(s), 998 millisecond(s)

Fitness: 16184

0	3	3	0	3	3	3	
2	0	0	0	2	0	3	
0	0	0	0	0	0	0	
2	1	1	2	2	0	0	
3	0	0	0	2	0	0	
1	3	3	0	1	0	1	
2	3	2	2	0	0	2	
3	0	0	0	3	0	3	
2	1	3	3	0	0	0	
0	1	1	0	1	1	2	
2	1	3	0	0	0	1	
1	2	0	0	0	0	1	
1	3	2	0	0	0	0	
0	0	1	0	0	0	1	
0	3	0	0	0	0	2	
3	2	1	0	0	1	1	
1	3	1	1	0	0	2	
1	3	3	1	0	0	3	
0	2	1	0	0	0	0	
1	2	0	0	0	0	0	
0	0	0	1	0	2	1	
2	1	1	0	1	0	1	
0	3	0	2	0	0	3	
1	0	3	0	0	0	1	
1	3	0	0	0	0	1	
--------------------

--------------------
Best Solution Found!
--------------------
Time: 0 hour(s), 0 minute(s), 2 second(s), 998 millisecond(s)

Fitness: 16184

0	3	3	0	3	3	3	
2	0	0	0	2	0	3	
0	0	0	0	0	0	0	
2	1	1	2	2	0	0	
3	0	0	0	2	0	0	
1	3	3	0	1	0	1	
2	3	2	2	0	0	2	
3	0	0	0	3	0	3	
2	1	3	3	0	0	0	
0	1	1	0	1	1	2	
2	1	3	0	0	0	1	
1	2	0	0	0	0	1	
1	3	2	0	0	0	0	
0	0	1	0	0	0	1	
0	3	0	0	0	0	2	
3	2	1	0	0	1	1	
1	3	1	1	0	0	2	
1	3	3	1	0	0	3	
0	2	1	0	0	0	0	
1	2	0	0	0	0	0	
0	0	0	1	0	2	1	
2	1	1	0	1	0	1	
0	3	0	2	0	0	3	
1	0	3	0	0	0	1	
1	3	0	0	0	0	1	
--------------------

--------------------
Best Solution Found!
--------------------
Time: 0 hour(s), 0 minute(s), 3 second(s), 72 millisecond(s)

Fitness: 16184

1	0	0	3	0	0	0	
0	3	0	0	0	0	3	
1	2	1	0	0	3	3	
1	2	1	2	0	0	0	
2	3	3	1	0	0	1	
3	3	0	0	0	0	0	
0	3	0	1	0	0	1	
1	1	3	0	2	0	2	
0	3	0	0	1	0	1	
0	2	1	0	3	0	2	
0	0	1	0	0	1	3	
2	3	0	0	0	0	0	
0	3	0	0	0	0	3	
3	1	2	0	1	0	1	
1	1	1	2	0	0	1	
1	0	3	2	1	0	1	
2	2	1	0	2	0	1	
2	0	3	0	2	0	1	
3	3	1	0	0	0	1	
2	0	3	0	0	0	0	
0	1	0	0	0	0	0	
0	0	0	0	0	0	3	
1	3	2	0	0	2	2	
2	0	0	0	3	0	2	
1	1	3	1	0	1	0	
--------------------

--------------------
Best Solution Found!
--------------------
Time: 0 hour(s), 0 minute(s), 4 second(s), 14 millisecond(s)

Fitness: 15208

1	3	3	1	0	0	1	
2	3	1	0	3	0	3	
1	3	1	0	1	0	1	
0	0	0	0	0	0	3	
0	0	0	0	0	0	0	
1	3	3	0	0	0	2	
1	0	0	0	0	0	0	
3	3	3	0	0	0	1	
1	1	1	0	1	1	0	
2	2	0	0	0	0	0	
1	2	2	3	0	3	0	
3	1	3	2	0	0	3	
0	2	1	2	0	2	1	
1	0	0	0	0	0	1	
0	1	0	0	0	1	1	
2	3	2	0	0	0	1	
0	0	3	2	0	0	0	
0	1	0	0	2	0	3	
0	2	0	0	2	0	0	
0	3	0	0	0	0	2	
3	0	3	1	0	0	2	
2	3	1	0	3	0	1	
2	3	1	1	0	0	2	
2	0	0	0	1	0	1	
1	1	1	0	2	0	3	
--------------------

--------------------
Best Solution Found!
--------------------
Time: 0 hour(s), 0 minute(s), 4 second(s), 14 millisecond(s)

Fitness: 15208

1	3	3	1	0	0	1	
2	3	1	0	3	0	3	
1	3	1	0	1	0	1	
0	0	0	0	0	0	3	
0	0	0	0	0	0	0	
1	3	3	0	0	0	2	
1	0	0	0	0	0	0	
3	3	3	0	0	0	1	
1	1	1	0	1	1	0	
2	2	0	0	0	0	0	
1	2	2	3	0	3	0	
3	1	3	2	0	0	3	
0	2	1	2	0	2	1	
1	0	0	0	0	0	1	
0	1	0	0	0	1	1	
2	3	2	0	0	0	1	
0	0	3	2	0	0	0	
0	1	0	0	2	0	3	
0	2	0	0	2	0	0	
0	3	0	0	0	0	2	
3	0	3	1	0	0	2	
2	3	1	0	3	0	1	
2	3	1	1	0	0	2	
2	0	0	0	1	0	1	
1	1	1	0	2	0	3	
--------------------

--------------------
Best Solution Found!
--------------------
Time: 0 hour(s), 0 minute(s), 5 second(s), 98 millisecond(s)

Fitness: 15203

1	1	3	0	0	0	0	
1	1	3	1	0	0	2	
0	0	0	0	0	0	3	
0	1	3	2	3	3	0	
0	3	0	0	0	0	1	
1	3	1	0	1	0	1	
0	2	0	0	0	0	0	
0	0	1	0	0	0	1	
0	3	0	0	0	0	2	
0	0	0	0	0	0	3	
1	0	0	2	0	0	1	
2	2	1	2	1	0	0	
3	3	2	1	0	0	2	
1	3	3	0	1	0	1	
2	2	3	1	0	0	3	
0	0	3	0	0	0	1	
3	1	0	0	3	0	0	
2	3	1	3	0	0	0	
2	3	0	0	0	0	3	
1	0	0	0	0	2	3	
2	1	1	0	0	1	1	
2	3	2	0	0	0	1	
1	3	0	0	2	1	1	
1	0	1	0	2	0	0	
3	2	1	0	2	0	2	
------------------------------------------
Best Solution Found!
--------------------
Time: 0 hour(s), 0 minute(s), 8 second(s), 785 millisecond(s)

Fitness: 15195

1	3	0	0	0	0	3	
2	3	0	0	0	0	0	
0	0	0	0	2	0	3	
0	0	3	3	2	0	0	
2	0	0	2	0	0	0	
2	3	2	0	0	3	2	
1	3	3	0	2	0	1	
0	0	0	0	0	0	2	
2	1	1	1	0	0	2	
3	2	1	0	0	1	1	
2	2	1	0	0	1	3	
0	1	0	0	0	0	1	
1	3	3	0	1	0	1	
2	3	1	2	0	0	1	
0	3	0	0	0	0	3	
3	1	1	0	1	0	2	
1	0	0	0	1	0	1	
0	2	1	0	0	0	0	
1	1	2	1	0	0	1	
0	2	3	2	0	0	0	
0	1	0	1	0	0	0	
1	0	1	0	0	0	1	
1	3	0	0	3	0	1	
1	0	3	0	0	2	0	
3	3	3	0	3	0	3	
--------------------

--------------------
Best Solution Found!
--------------------
Time: 0 hour(s), 0 minute(s), 8 second(s), 785 millisecond(s)

Fitness: 15195

1	3	0	0	0	0	3	
2	3	0	0	0	0	0	
0	0	0	0	2	0	3	
0	0	3	3	2	0	0	
2	0	0	2	0	0	0	
2	3	2	0	0	3	2	
1	3	3	0	2	0	1	
0	0	0	0	0	0	2	
2	1	1	1	0	0	2	
3	2	1	0	0	1	1	
2	2	1	0	0	1	3	
0	1	0	0	0	0	1	
1	3	3	0	1	0	1	
2	3	1	2	0	0	1	
0	3	0	0	0	0	3	
3	1	1	0	1	0	2	
1	0	0	0	1	0	1	
0	2	1	0	0	0	0	
1	1	2	1	0	0	1	
0	2	3	2	0	0	0	
0	1	0	1	0	0	0	
1	0	1	0	0	0	1	
1	3	0	0	3	0	1	
1	0	3	0	0	2	0	
3	3	3	0	3	0	3	
------------------------------------------
Best Solution Found!
--------------------
Time: 0 hour(s), 0 minute(s), 11 second(s), 597 millisecond(s)

Fitness: 15188

0	0	3	0	0	0	0	
1	1	3	2	0	0	3	
1	1	1	2	0	0	1	
0	1	0	0	0	0	1	
2	2	0	0	0	0	3	
3	3	1	0	0	3	3	
0	3	0	1	0	0	1	
1	2	0	2	0	0	0	
1	2	0	1	0	1	2	
0	0	1	0	2	0	1	
1	0	0	0	0	0	2	
2	2	3	0	3	2	0	
0	3	1	0	0	0	0	
0	0	0	0	2	0	0	
2	3	1	1	0	0	2	
2	0	0	0	1	0	3	
1	3	3	0	1	0	1	
0	0	1	0	0	0	1	
2	1	1	0	0	1	1	
1	0	3	0	0	0	0	
1	3	0	0	0	0	2	
3	3	3	3	2	0	0	
3	3	0	0	0	0	1	
0	1	2	0	1	0	1	
2	3	2	0	3	0	3	
------------------------------------------
Best Solution Found!
--------------------
Time: 0 hour(s), 0 minute(s), 13 second(s), 184 millisecond(s)

Fitness: 15174

1	2	3	2	0	0	3	
0	1	0	0	0	0	3	
2	0	0	0	0	0	2	
0	3	1	0	0	0	0	
1	3	0	0	1	3	1	
1	0	2	0	2	1	1	
0	3	2	0	0	0	2	
2	2	1	0	0	2	1	
1	3	3	0	2	0	2	
1	0	3	1	3	0	0	
3	3	1	1	0	0	1	
2	1	0	0	0	0	0	
0	2	0	0	0	0	0	
1	3	0	0	0	0	1	
2	1	1	3	1	0	0	
3	0	3	2	3	0	1	
0	0	0	0	0	0	3	
1	1	1	1	0	0	2	
2	1	1	0	1	0	3	
3	0	0	0	0	1	1	
2	3	3	0	0	0	0	
0	2	1	2	0	0	1	
0	3	0	0	2	0	0	
1	0	3	0	0	0	1	
0	3	0	0	0	0	3	
------------------------------------------
Best Solution Found!
--------------------
Time: 0 hour(s), 0 minute(s), 50 second(s), 735 millisecond(s)

Fitness: 14211

1	2	0	0	0	0	0	
2	3	3	0	2	0	1	
1	1	3	3	0	0	3	
0	0	0	0	0	0	1	
1	0	0	0	0	0	0	
1	1	0	0	0	0	2	
2	1	3	0	0	0	1	
0	2	1	0	0	0	0	
1	1	3	0	3	0	1	
0	3	1	2	0	1	3	
0	2	0	2	2	0	3	
0	3	2	0	2	1	1	
2	3	1	1	0	0	2	
1	3	0	0	0	0	3	
0	3	1	1	0	0	1	
2	0	3	1	1	0	1	
0	3	0	0	0	0	0	
3	0	0	2	0	0	0	
1	0	1	0	0	0	0	
2	1	2	0	3	0	2	
0	0	0	0	0	0	2	
3	2	0	0	1	2	1	
1	3	1	0	0	3	1	
3	0	1	0	0	0	0	
2	3	3	0	1	0	3	
--------------------

--------------------
Best Solution Found!
--------------------
Time: 0 hour(s), 0 minute(s), 50 second(s), 736 millisecond(s)

Fitness: 14211

1	2	0	0	0	0	0	
2	3	3	0	2	0	1	
1	1	3	3	0	0	3	
0	0	0	0	0	0	1	
1	0	0	0	0	0	0	
1	1	0	0	0	0	2	
2	1	3	0	0	0	1	
0	2	1	0	0	0	0	
1	1	3	0	3	0	1	
0	3	1	2	0	1	3	
0	2	0	2	2	0	3	
0	3	2	0	2	1	1	
2	3	1	1	0	0	2	
1	3	0	0	0	0	3	
0	3	1	1	0	0	1	
2	0	3	1	1	0	1	
0	3	0	0	0	0	0	
3	0	0	2	0	0	0	
1	0	1	0	0	0	0	
2	1	2	0	3	0	2	
0	0	0	0	0	0	2	
3	2	0	0	1	2	1	
1	3	1	0	0	3	1	
3	0	1	0	0	0	0	
2	3	3	0	1	0	3	
--------------------

--------------------
Best Solution Found!
--------------------
Time: 0 hour(s), 0 minute(s), 50 second(s), 736 millisecond(s)

Fitness: 14211

1	2	0	0	0	0	0	
2	3	3	0	2	0	1	
1	1	3	3	0	0	3	
0	0	0	0	0	0	1	
1	0	0	0	0	0	0	
1	1	0	0	0	0	2	
2	1	3	0	0	0	1	
0	2	1	0	0	0	0	
1	1	3	0	3	0	1	
0	3	1	2	0	1	3	
0	2	0	2	2	0	3	
0	3	2	0	2	1	1	
2	3	1	1	0	0	2	
1	3	0	0	0	0	3	
0	3	1	1	0	0	1	
2	0	3	1	1	0	1	
0	3	0	0	0	0	0	
3	0	0	2	0	0	0	
1	0	1	0	0	0	0	
2	1	2	0	3	0	2	
0	0	0	0	0	0	2	
3	2	0	0	1	2	1	
1	3	1	0	0	3	1	
3	0	1	0	0	0	0	
2	3	3	0	1	0	3	
--------------------

--------------------
Best Solution Found!
--------------------
Time: 0 hour(s), 0 minute(s), 50 second(s), 737 millisecond(s)

Fitness: 14211

1	2	0	0	0	0	0	
2	3	3	0	2	0	1	
1	1	3	3	0	0	3	
0	0	0	0	0	0	1	
1	0	0	0	0	0	0	
1	1	0	0	0	0	2	
2	1	3	0	0	0	1	
0	2	1	0	0	0	0	
1	1	3	0	3	0	1	
0	3	1	2	0	1	3	
0	2	0	2	2	0	3	
0	3	2	0	2	1	1	
2	3	1	1	0	0	2	
1	3	0	0	0	0	3	
0	3	1	1	0	0	1	
2	0	3	1	1	0	1	
0	3	0	0	0	0	0	
3	0	0	2	0	0	0	
1	0	1	0	0	0	0	
2	1	2	0	3	0	2	
0	0	0	0	0	0	2	
3	2	0	0	1	2	1	
1	3	1	0	0	3	1	
3	0	1	0	0	0	0	
2	3	3	0	1	0	3	
--------------------

--------------------
Best Solution Found!
--------------------
Time: 0 hour(s), 0 minute(s), 50 second(s), 737 millisecond(s)

Fitness: 14211

1	2	0	0	0	0	0	
2	3	3	0	2	0	1	
1	1	3	3	0	0	3	
0	0	0	0	0	0	1	
1	0	0	0	0	0	0	
1	1	0	0	0	0	2	
2	1	3	0	0	0	1	
0	2	1	0	0	0	0	
1	1	3	0	3	0	1	
0	3	1	2	0	1	3	
0	2	0	2	2	0	3	
0	3	2	0	2	1	1	
2	3	1	1	0	0	2	
1	3	0	0	0	0	3	
0	3	1	1	0	0	1	
2	0	3	1	1	0	1	
0	3	0	0	0	0	0	
3	0	0	2	0	0	0	
1	0	1	0	0	0	0	
2	1	2	0	3	0	2	
0	0	0	0	0	0	2	
3	2	0	0	1	2	1	
1	3	1	0	0	3	1	
3	0	1	0	0	0	0	
2	3	3	0	1	0	3	
------------------------------------------
Best Solution Found!
--------------------
Time: 0 hour(s), 1 minute(s), 3 second(s), 138 millisecond(s)

Fitness: 14197

1	3	0	0	0	0	0	
1	3	0	3	0	0	0	
0	0	1	0	0	0	0	
0	3	1	0	0	2	1	
3	1	3	2	0	0	0	
2	2	2	0	1	0	1	
3	0	3	0	0	0	1	
0	0	0	1	0	0	3	
1	0	3	0	0	0	0	
2	1	1	0	3	0	2	
1	2	0	0	2	1	1	
1	1	1	1	0	0	1	
2	2	1	0	2	0	1	
0	0	0	0	0	0	2	
0	3	0	0	0	0	2	
2	3	0	0	0	0	1	
2	3	3	0	3	0	3	
2	3	1	0	2	0	1	
1	2	3	2	0	0	3	
0	0	0	2	0	0	0	
0	3	0	0	0	0	2	
0	1	1	0	1	3	3	
1	0	0	0	1	0	0	
3	3	3	1	0	0	3	
1	1	2	0	0	1	1	
------------------------------------------
Best Solution Found!
--------------------
Time: 0 hour(s), 1 minute(s), 19 second(s), 767 millisecond(s)

Fitness: 14197

0	3	1	1	2	0	1	
0	0	0	0	0	0	3	
0	3	3	0	0	0	2	
2	1	3	1	0	0	1	
3	3	1	2	0	0	3	
3	0	1	0	1	0	3	
2	3	0	2	1	0	3	
2	2	0	3	0	3	1	
2	2	3	0	2	0	2	
0	0	0	0	0	0	1	
0	2	2	0	0	0	0	
2	2	1	0	0	0	0	
1	1	3	0	0	0	1	
1	0	3	2	3	0	1	
0	0	0	0	0	0	0	
1	1	0	0	0	0	0	
1	3	2	0	1	0	1	
2	3	1	0	2	1	2	
0	0	0	0	0	0	0	
1	1	0	1	3	0	2	
1	3	1	0	0	2	1	
1	1	3	0	0	1	1	
3	3	1	0	0	0	3	
0	3	0	0	0	0	0	
1	0	0	0	0	0	0	
--------------------

