--------------------
Best Solution Found!
--------------------
Time: 0 hour(s), 0 minute(s), 0 second(s), 0 millisecond(s)

Fitness: 25095

0	0	0	0	0	0	0	
0	3	0	0	0	0	3	
0	0	0	0	0	0	0	
1	0	0	0	1	0	0	
0	0	1	0	0	3	0	
3	0	0	0	2	0	0	
0	3	0	0	1	2	0	
0	0	0	0	0	0	0	
0	0	0	0	0	0	0	
0	0	0	0	0	0	2	
0	0	2	0	0	0	0	
1	0	0	0	0	0	0	
2	0	0	3	0	0	0	
0	2	1	0	0	0	0	
0	0	0	2	3	3	1	
1	0	2	0	2	0	0	
0	0	0	0	0	0	0	
0	0	2	1	0	0	0	
2	0	1	0	0	0	0	
0	0	0	0	0	0	0	
3	0	0	1	0	0	0	
0	0	3	0	0	0	0	
0	0	0	0	0	0	1	
0	0	0	0	0	0	0	
2	0	0	0	1	0	0	
--------------------

--------------------
Best Solution Found!
--------------------
Time: 0 hour(s), 0 minute(s), 0 second(s), 0 millisecond(s)

Fitness: 25092

0	0	0	1	0	0	0	
0	0	0	0	0	2	0	
0	0	2	0	0	0	0	
0	0	2	3	0	0	0	
2	0	0	0	0	0	0	
2	0	2	0	2	0	2	
0	2	1	1	0	0	0	
0	0	0	0	0	0	0	
0	0	0	2	0	0	0	
1	0	0	0	0	0	0	
1	0	0	0	0	0	0	
0	0	0	0	2	0	0	
3	0	0	0	0	0	0	
0	0	1	0	3	0	1	
0	0	0	0	1	3	0	
0	0	3	0	1	0	1	
0	0	0	0	0	0	0	
3	0	0	0	0	0	0	
1	0	1	0	0	0	0	
2	0	0	0	0	0	3	
0	3	0	0	0	3	0	
0	0	0	0	0	0	0	
0	0	0	0	1	0	0	
0	0	0	0	0	0	0	
0	3	0	0	0	0	0	
--------------------

--------------------
Best Solution Found!
--------------------
Time: 0 hour(s), 0 minute(s), 0 second(s), 0 millisecond(s)

Fitness: 25082

0	0	0	0	0	0	0	
1	0	0	0	0	0	0	
3	0	0	0	0	0	0	
0	3	0	0	0	0	0	
0	0	0	3	0	0	0	
0	0	0	0	0	0	0	
0	0	0	1	3	0	3	
0	0	0	0	2	0	2	
0	0	0	2	2	0	0	
2	0	0	0	0	0	0	
0	2	0	0	0	0	1	
0	0	0	0	1	0	0	
1	0	2	0	0	0	0	
2	0	2	0	0	0	0	
0	0	0	0	0	3	0	
0	0	0	0	0	2	0	
0	0	1	0	1	0	0	
2	0	3	0	1	0	1	
0	0	0	0	0	3	0	
0	0	0	0	0	0	0	
0	0	1	0	0	0	0	
0	0	0	0	0	0	0	
3	0	1	1	0	0	0	
1	0	0	0	0	0	0	
0	3	2	0	0	0	0	
--------------------

--------------------
Best Solution Found!
--------------------
Time: 0 hour(s), 0 minute(s), 0 second(s), 1 millisecond(s)

Fitness: 24094

0	0	0	1	0	0	0	
0	0	0	0	0	0	3	
0	0	2	0	0	0	0	
0	0	2	3	1	0	0	
2	0	0	0	0	3	0	
2	0	2	0	2	0	0	
0	2	1	1	1	2	0	
0	0	0	0	0	0	0	
0	0	0	2	0	0	0	
1	0	0	0	0	0	2	
1	0	0	0	0	0	0	
0	0	0	0	0	0	0	
3	0	0	0	0	0	0	
0	0	1	0	0	0	0	
0	0	0	0	3	3	1	
0	0	3	0	2	0	0	
0	0	0	0	0	0	0	
3	0	0	0	0	0	0	
1	0	1	0	0	0	0	
2	0	0	0	0	0	0	
0	3	0	0	0	0	0	
0	0	0	0	0	0	0	
0	0	0	0	0	0	1	
0	0	0	0	0	0	0	
0	3	0	0	1	0	0	
--------------------

--------------------
Best Solution Found!
--------------------
Time: 0 hour(s), 0 minute(s), 0 second(s), 1 millisecond(s)

Fitness: 24094

0	0	0	1	0	0	0	
0	0	0	0	0	0	3	
0	0	2	0	0	0	0	
0	0	2	3	1	0	0	
2	0	0	0	0	3	0	
2	0	2	0	2	0	0	
0	2	1	1	1	2	0	
0	0	0	0	0	0	0	
0	0	0	2	0	0	0	
1	0	0	0	0	0	2	
1	0	0	0	0	0	0	
0	0	0	0	0	0	0	
3	0	0	0	0	0	0	
0	0	1	0	0	0	0	
0	0	0	0	3	3	1	
0	0	3	0	2	0	0	
0	0	0	0	0	0	0	
3	0	0	0	0	0	0	
1	0	1	0	0	0	0	
2	0	0	0	0	0	0	
0	3	0	0	0	0	0	
0	0	0	0	0	0	0	
0	0	0	0	0	0	1	
0	0	0	0	0	0	0	
0	3	0	0	1	0	0	
--------------------

--------------------
Best Solution Found!
--------------------
Time: 0 hour(s), 0 minute(s), 0 second(s), 2 millisecond(s)

Fitness: 24089

0	0	1	0	0	0	0	
1	3	0	0	0	3	0	
0	2	0	0	0	0	0	
1	0	0	0	0	0	0	
0	0	1	0	0	3	1	
3	0	0	0	2	0	0	
1	0	0	0	0	0	0	
0	0	2	3	0	0	0	
0	0	0	0	0	0	0	
2	0	0	2	0	0	0	
0	0	0	0	0	0	0	
3	0	3	1	2	0	3	
2	0	2	0	0	2	0	
0	0	0	0	3	0	0	
0	0	0	0	1	0	0	
0	0	0	0	1	0	2	
0	0	0	0	0	0	0	
0	0	0	0	0	0	0	
0	0	0	0	0	0	1	
2	0	0	0	0	0	0	
0	0	0	0	0	0	0	
0	3	1	0	0	0	0	
0	0	2	1	1	0	0	
0	0	0	0	0	0	0	
0	0	0	0	0	0	0	
--------------------

--------------------
Best Solution Found!
--------------------
Time: 0 hour(s), 0 minute(s), 0 second(s), 2 millisecond(s)

Fitness: 24089

0	0	1	0	0	0	0	
1	3	0	0	0	3	0	
0	2	0	0	0	0	0	
1	0	0	0	0	0	0	
0	0	1	0	0	3	1	
3	0	0	0	2	0	0	
1	0	0	0	0	0	0	
0	0	2	3	0	0	0	
0	0	0	0	0	0	0	
2	0	0	2	0	0	0	
0	0	0	0	0	0	0	
3	0	3	1	2	0	3	
2	0	2	0	0	2	0	
0	0	0	0	3	0	0	
0	0	0	0	1	0	0	
0	0	0	0	1	0	2	
0	0	0	0	0	0	0	
0	0	0	0	0	0	0	
0	0	0	0	0	0	1	
2	0	0	0	0	0	0	
0	0	0	0	0	0	0	
0	3	1	0	0	0	0	
0	0	2	1	1	0	0	
0	0	0	0	0	0	0	
0	0	0	0	0	0	0	
--------------------

--------------------
Best Solution Found!
--------------------
Time: 0 hour(s), 0 minute(s), 0 second(s), 2 millisecond(s)

Fitness: 24082

2	0	0	0	0	0	0	
0	0	0	0	0	3	0	
0	0	0	0	0	0	0	
0	3	0	0	0	0	0	
0	0	0	0	0	3	1	
0	0	0	3	2	0	0	
2	0	0	0	0	0	0	
0	0	0	0	0	0	0	
0	0	0	0	1	0	0	
0	0	0	0	0	0	0	
0	2	0	0	0	0	0	
0	0	0	0	0	0	3	
2	0	2	1	2	2	0	
0	0	2	0	3	0	0	
1	0	0	0	0	0	0	
0	0	0	0	0	0	2	
3	0	1	0	0	0	0	
0	0	3	2	0	0	0	
0	0	0	0	1	0	1	
0	0	0	0	0	0	0	
1	0	1	0	0	0	0	
3	0	0	0	0	0	0	
0	0	1	1	0	0	0	
1	0	0	0	1	0	0	
0	3	2	0	0	0	0	
--------------------

--------------------
Best Solution Found!
--------------------
Time: 0 hour(s), 0 minute(s), 0 second(s), 3 millisecond(s)

Fitness: 24082

2	0	0	0	0	0	0	
0	0	0	0	0	3	0	
0	0	0	0	0	0	0	
0	3	0	0	0	0	0	
0	0	0	0	0	3	1	
0	0	0	3	2	0	0	
2	0	0	0	0	0	0	
0	0	0	0	0	0	0	
0	0	0	0	1	0	0	
0	0	0	0	0	0	0	
0	2	0	0	0	0	0	
0	0	0	0	0	0	3	
2	0	2	1	2	2	0	
0	0	2	0	3	0	0	
1	0	0	0	0	0	0	
0	0	0	0	0	0	2	
3	0	1	0	0	0	0	
0	0	3	2	0	0	0	
0	0	0	0	1	0	1	
0	0	0	0	0	0	0	
1	0	1	0	0	0	0	
3	0	0	0	0	0	0	
0	0	1	1	0	0	0	
1	0	0	0	1	0	0	
0	3	2	0	0	0	0	
--------------------

--------------------
Best Solution Found!
--------------------
Time: 0 hour(s), 0 minute(s), 0 second(s), 7 millisecond(s)

Fitness: 24080

0	0	0	0	0	0	0	
2	0	0	0	0	0	0	
0	0	0	0	2	0	1	
0	0	0	0	0	0	0	
0	0	0	0	1	0	0	
3	0	0	0	0	0	0	
0	0	0	0	2	0	0	
0	0	1	0	3	0	0	
0	0	0	0	1	0	1	
3	2	0	0	0	0	0	
0	0	1	0	0	0	0	
1	0	2	0	0	2	0	
0	0	0	0	0	0	0	
0	0	2	0	0	0	0	
0	0	0	0	0	0	3	
0	3	0	0	0	0	0	
2	3	0	1	1	0	2	
1	0	0	0	0	0	0	
2	0	3	1	0	0	0	
0	0	0	0	0	0	0	
0	0	1	0	0	0	0	
0	0	2	0	0	0	0	
0	0	0	3	0	0	0	
1	0	0	0	0	3	0	
0	0	0	2	0	3	0	
--------------------

--------------------
Best Solution Found!
--------------------
Time: 0 hour(s), 0 minute(s), 0 second(s), 11 millisecond(s)

Fitness: 24079

1	0	0	0	0	0	0	
1	0	0	2	2	0	0	
0	0	0	3	0	0	0	
0	0	0	0	0	0	0	
0	0	0	0	0	0	0	
0	0	0	0	0	0	0	
0	0	0	1	0	3	3	
0	0	2	0	0	0	2	
2	0	0	0	0	0	0	
0	0	3	0	0	3	0	
0	0	0	0	2	0	1	
3	0	0	0	0	0	0	
1	2	0	0	0	0	0	
0	0	0	0	1	0	0	
0	0	0	0	0	0	0	
0	0	0	0	0	0	0	
3	0	0	0	0	0	0	
0	3	1	1	1	0	1	
2	0	2	0	1	0	0	
2	0	1	0	0	0	0	
0	0	0	0	0	0	0	
0	0	0	0	0	0	0	
0	0	2	0	0	0	0	
0	0	1	0	0	2	0	
0	3	0	0	3	0	0	
--------------------

--------------------
Best Solution Found!
--------------------
Time: 0 hour(s), 0 minute(s), 0 second(s), 11 millisecond(s)

Fitness: 24079

1	0	0	0	0	0	0	
1	0	0	2	2	0	0	
0	0	0	3	0	0	0	
0	0	0	0	0	0	0	
0	0	0	0	0	0	0	
0	0	0	0	0	0	0	
0	0	0	1	0	3	3	
0	0	2	0	0	0	2	
2	0	0	0	0	0	0	
0	0	3	0	0	3	0	
0	0	0	0	2	0	1	
3	0	0	0	0	0	0	
1	2	0	0	0	0	0	
0	0	0	0	1	0	0	
0	0	0	0	0	0	0	
0	0	0	0	0	0	0	
3	0	0	0	0	0	0	
0	3	1	1	1	0	1	
2	0	2	0	1	0	0	
2	0	1	0	0	0	0	
0	0	0	0	0	0	0	
0	0	0	0	0	0	0	
0	0	2	0	0	0	0	
0	0	1	0	0	2	0	
0	3	0	0	3	0	0	
--------------------

--------------------
Best Solution Found!
--------------------
Time: 0 hour(s), 0 minute(s), 0 second(s), 12 millisecond(s)

Fitness: 24079

1	0	0	0	0	0	0	
1	0	0	2	2	0	0	
0	0	0	3	0	0	0	
0	0	0	0	0	0	0	
0	0	0	0	0	0	0	
0	0	0	0	0	0	0	
0	0	0	1	0	3	3	
0	0	2	0	0	0	2	
2	0	0	0	0	0	0	
0	0	3	0	0	3	0	
0	0	0	0	2	0	1	
3	0	0	0	0	0	0	
1	2	0	0	0	0	0	
0	0	0	0	1	0	0	
0	0	0	0	0	0	0	
0	0	0	0	0	0	0	
3	0	0	0	0	0	0	
0	3	1	1	1	0	1	
2	0	2	0	1	0	0	
2	0	1	0	0	0	0	
0	0	0	0	0	0	0	
0	0	0	0	0	0	0	
0	0	2	0	0	0	0	
0	0	1	0	0	2	0	
0	3	0	0	3	0	0	
--------------------

--------------------
Best Solution Found!
--------------------
Time: 0 hour(s), 0 minute(s), 0 second(s), 18 millisecond(s)

Fitness: 23088

0	0	0	0	0	0	1	
2	0	0	0	1	0	0	
0	0	0	0	3	0	0	
1	0	0	0	0	0	0	
0	0	1	0	0	0	0	
2	0	1	1	1	3	0	
0	0	1	0	1	0	0	
0	2	0	1	2	3	3	
0	3	0	0	0	0	2	
0	0	0	0	0	0	0	
0	0	0	0	0	0	0	
0	0	0	0	0	0	0	
3	0	0	3	0	0	0	
0	0	0	0	0	0	0	
1	0	0	0	0	2	0	
0	0	2	0	0	0	0	
0	0	0	0	0	0	0	
0	0	0	0	0	0	0	
2	0	0	0	0	0	0	
1	0	2	0	2	0	0	
0	0	0	2	0	0	0	
0	3	2	0	0	0	0	
3	0	0	0	0	0	1	
0	0	0	0	0	0	0	
0	0	3	0	0	0	0	
--------------------

--------------------
Best Solution Found!
--------------------
Time: 0 hour(s), 0 minute(s), 0 second(s), 19 millisecond(s)

Fitness: 23088

0	0	0	0	0	0	1	
2	0	0	0	1	0	0	
0	0	0	0	3	0	0	
1	0	0	0	0	0	0	
0	0	1	0	0	0	0	
2	0	1	1	1	3	0	
0	0	1	0	1	0	0	
0	2	0	1	2	3	3	
0	3	0	0	0	0	2	
0	0	0	0	0	0	0	
0	0	0	0	0	0	0	
0	0	0	0	0	0	0	
3	0	0	3	0	0	0	
0	0	0	0	0	0	0	
1	0	0	0	0	2	0	
0	0	2	0	0	0	0	
0	0	0	0	0	0	0	
0	0	0	0	0	0	0	
2	0	0	0	0	0	0	
1	0	2	0	2	0	0	
0	0	0	2	0	0	0	
0	3	2	0	0	0	0	
3	0	0	0	0	0	1	
0	0	0	0	0	0	0	
0	0	3	0	0	0	0	
--------------------

--------------------
Best Solution Found!
--------------------
Time: 0 hour(s), 0 minute(s), 0 second(s), 19 millisecond(s)

Fitness: 23088

0	0	0	0	0	0	1	
2	0	0	0	1	0	0	
0	0	0	0	3	0	0	
1	0	0	0	0	0	0	
0	0	1	0	0	0	0	
2	0	1	1	1	3	0	
0	0	1	0	1	0	0	
0	2	0	1	2	3	3	
0	3	0	0	0	0	2	
0	0	0	0	0	0	0	
0	0	0	0	0	0	0	
0	0	0	0	0	0	0	
3	0	0	3	0	0	0	
0	0	0	0	0	0	0	
1	0	0	0	0	2	0	
0	0	2	0	0	0	0	
0	0	0	0	0	0	0	
0	0	0	0	0	0	0	
2	0	0	0	0	0	0	
1	0	2	0	2	0	0	
0	0	0	2	0	0	0	
0	3	2	0	0	0	0	
3	0	0	0	0	0	1	
0	0	0	0	0	0	0	
0	0	3	0	0	0	0	
--------------------

--------------------
Best Solution Found!
--------------------
Time: 0 hour(s), 0 minute(s), 0 second(s), 49 millisecond(s)

Fitness: 23085

3	0	3	0	0	0	0	
0	0	0	0	2	0	2	
2	0	0	0	0	3	0	
1	0	0	1	0	0	0	
0	0	0	0	0	0	0	
0	0	0	0	0	0	0	
1	2	1	0	2	0	1	
0	0	0	0	0	0	0	
2	0	0	0	0	0	0	
0	0	0	1	0	0	0	
0	0	1	0	1	0	0	
0	0	2	0	0	0	0	
0	0	0	0	0	0	0	
0	0	1	0	0	0	0	
0	0	0	0	1	0	0	
0	0	0	0	0	0	0	
3	3	2	3	0	0	1	
1	0	0	0	0	2	0	
0	3	0	0	0	3	0	
0	0	0	0	1	0	0	
0	0	0	0	0	0	0	
0	0	0	2	0	0	0	
0	0	0	0	0	0	3	
0	0	0	0	3	0	0	
2	0	2	0	0	0	0	
--------------------

--------------------
Best Solution Found!
--------------------
Time: 0 hour(s), 0 minute(s), 0 second(s), 198 millisecond(s)

Fitness: 23075

0	0	0	0	0	0	0	
0	0	0	0	0	0	0	
0	0	2	0	1	3	2	
0	0	0	0	0	0	1	
0	0	0	0	0	0	0	
0	0	0	0	0	0	0	
0	0	0	0	0	0	0	
3	0	0	0	0	0	0	
1	0	0	0	0	0	0	
1	2	1	1	2	0	0	
1	3	3	0	0	0	0	
0	0	0	0	0	0	0	
0	0	1	0	2	0	3	
0	0	0	1	0	0	0	
0	0	0	0	3	0	0	
0	0	0	2	0	0	0	
0	0	2	0	1	0	0	
3	3	0	0	0	0	0	
2	0	2	3	1	0	1	
0	0	0	0	0	0	0	
0	0	1	0	0	2	0	
2	0	0	0	0	0	0	
0	0	0	0	0	3	0	
2	0	0	0	0	0	0	
0	0	0	0	0	0	0	
--------------------

--------------------
Best Solution Found!
--------------------
Time: 0 hour(s), 0 minute(s), 0 second(s), 198 millisecond(s)

Fitness: 23075

0	0	0	0	0	0	0	
0	0	0	0	0	0	0	
0	0	2	0	1	3	2	
0	0	0	0	0	0	1	
0	0	0	0	0	0	0	
0	0	0	0	0	0	0	
0	0	0	0	0	0	0	
3	0	0	0	0	0	0	
1	0	0	0	0	0	0	
1	2	1	1	2	0	0	
1	3	3	0	0	0	0	
0	0	0	0	0	0	0	
0	0	1	0	2	0	3	
0	0	0	1	0	0	0	
0	0	0	0	3	0	0	
0	0	0	2	0	0	0	
0	0	2	0	1	0	0	
3	3	0	0	0	0	0	
2	0	2	3	1	0	1	
0	0	0	0	0	0	0	
0	0	1	0	0	2	0	
2	0	0	0	0	0	0	
0	0	0	0	0	3	0	
2	0	0	0	0	0	0	
0	0	0	0	0	0	0	
--------------------

--------------------
Best Solution Found!
--------------------
Time: 0 hour(s), 0 minute(s), 1 second(s), 100 millisecond(s)

Fitness: 23074

0	0	1	0	2	0	0	
0	0	0	0	0	0	0	
0	0	0	0	0	0	0	
1	0	0	0	0	0	0	
0	3	0	0	0	0	0	
0	0	0	0	0	0	0	
0	0	0	0	0	0	0	
1	2	2	0	0	2	3	
0	0	0	0	0	0	0	
0	0	0	0	0	0	0	
0	0	2	0	0	0	0	
0	0	0	0	0	0	0	
0	0	2	3	0	0	0	
2	0	0	0	0	0	0	
0	0	1	0	2	0	1	
3	0	0	2	1	0	0	
1	0	0	0	1	0	0	
0	0	0	0	0	3	0	
3	0	3	0	0	0	0	
0	0	0	0	0	0	0	
2	0	0	1	0	0	0	
0	3	0	0	1	0	2	
0	0	0	0	0	0	0	
0	0	1	0	0	0	0	
2	0	0	1	3	3	1	
--------------------

--------------------
Best Solution Found!
--------------------
Time: 0 hour(s), 0 minute(s), 1 second(s), 275 millisecond(s)

Fitness: 23072

2	0	0	0	0	0	0	
0	0	0	0	2	0	0	
0	0	0	0	0	0	0	
3	0	2	0	1	3	3	
2	0	0	2	1	2	0	
0	0	0	0	0	0	0	
0	0	0	0	0	0	1	
1	0	0	0	0	0	0	
0	0	0	0	3	3	0	
0	0	3	0	0	0	0	
0	0	0	0	1	0	0	
0	0	2	0	0	0	0	
0	0	1	0	0	0	0	
0	3	0	0	0	0	0	
0	3	1	1	2	0	2	
0	0	0	1	0	0	0	
0	0	2	0	0	0	0	
1	0	1	0	0	0	0	
0	0	0	3	0	0	0	
0	0	0	0	0	0	0	
1	2	0	0	0	0	1	
0	0	0	0	0	0	0	
3	0	0	0	0	0	0	
0	0	0	0	0	0	0	
2	0	0	0	0	0	0	
--------------------

--------------------
Best Solution Found!
--------------------
Time: 0 hour(s), 0 minute(s), 1 second(s), 695 millisecond(s)

Fitness: 23069

0	3	0	0	0	0	0	
0	2	3	2	0	0	0	
1	0	0	0	1	0	0	
1	0	0	0	0	0	0	
0	0	2	0	0	0	0	
0	0	0	0	0	0	1	
0	0	0	0	0	3	0	
3	0	0	1	0	0	0	
0	0	1	0	0	0	0	
3	0	1	0	3	0	0	
0	0	0	0	0	0	0	
0	0	0	0	0	0	0	
0	0	1	0	0	0	0	
0	0	0	0	0	0	0	
2	0	2	0	0	0	0	
0	0	0	0	0	0	0	
0	0	0	0	0	0	0	
2	0	0	0	0	2	0	
0	0	0	0	0	0	0	
0	0	0	0	2	0	0	
1	0	0	1	1	3	3	
2	0	0	0	1	0	2	
0	0	0	0	0	0	0	
0	0	0	0	0	0	0	
0	3	2	3	2	0	1	
--------------------

--------------------
Best Solution Found!
--------------------
Time: 0 hour(s), 0 minute(s), 1 second(s), 696 millisecond(s)

Fitness: 23069

0	3	0	0	0	0	0	
0	2	3	2	0	0	0	
1	0	0	0	1	0	0	
1	0	0	0	0	0	0	
0	0	2	0	0	0	0	
0	0	0	0	0	0	1	
0	0	0	0	0	3	0	
3	0	0	1	0	0	0	
0	0	1	0	0	0	0	
3	0	1	0	3	0	0	
0	0	0	0	0	0	0	
0	0	0	0	0	0	0	
0	0	1	0	0	0	0	
0	0	0	0	0	0	0	
2	0	2	0	0	0	0	
0	0	0	0	0	0	0	
0	0	0	0	0	0	0	
2	0	0	0	0	2	0	
0	0	0	0	0	0	0	
0	0	0	0	2	0	0	
1	0	0	1	1	3	3	
2	0	0	0	1	0	2	
0	0	0	0	0	0	0	
0	0	0	0	0	0	0	
0	3	2	3	2	0	1	
--------------------

--------------------
Best Solution Found!
--------------------
Time: 0 hour(s), 0 minute(s), 3 second(s), 173 millisecond(s)

Fitness: 23066

0	0	0	2	0	2	0	
0	0	2	0	1	3	0	
2	0	0	0	2	0	0	
0	0	0	0	0	0	0	
3	0	2	0	2	3	3	
2	0	1	0	0	0	0	
0	0	0	0	0	0	0	
0	0	0	0	0	0	1	
2	0	0	0	0	0	2	
0	0	1	0	0	0	0	
0	0	0	0	0	0	0	
0	0	0	0	0	0	0	
0	0	2	0	1	0	0	
0	0	0	0	0	0	0	
0	0	0	0	0	0	0	
0	0	0	0	0	0	0	
0	0	0	0	0	0	0	
0	2	0	0	0	0	0	
1	3	3	1	1	0	0	
0	0	0	1	3	0	1	
3	0	0	0	0	0	0	
0	0	0	0	0	0	0	
1	0	0	0	0	0	0	
1	3	1	0	0	0	0	
0	0	0	3	0	0	0	
--------------------

--------------------
Best Solution Found!
--------------------
Time: 0 hour(s), 0 minute(s), 22 second(s), 240 millisecond(s)

Fitness: 23060

1	3	1	0	2	0	1	
1	0	2	2	0	2	3	
0	0	1	1	0	3	0	
0	0	0	0	0	0	0	
2	0	0	0	0	0	0	
0	0	0	0	0	0	0	
0	0	0	0	0	0	2	
0	2	2	0	1	0	0	
0	0	0	0	0	0	0	
1	0	0	0	0	0	0	
0	0	0	0	1	0	0	
0	0	0	0	2	0	1	
3	0	3	3	0	0	0	
0	0	0	0	0	0	0	
0	0	0	1	0	3	0	
0	0	0	0	0	0	0	
0	0	0	0	0	0	0	
0	0	2	0	0	0	0	
0	0	0	0	3	0	0	
2	0	0	0	0	0	0	
0	0	1	0	0	0	0	
2	0	0	0	0	0	0	
0	0	0	0	0	0	0	
3	0	0	0	0	0	0	
0	3	0	0	1	0	0	
--------------------

--------------------
Best Solution Found!
--------------------
Time: 0 hour(s), 0 minute(s), 22 second(s), 610 millisecond(s)

Fitness: 22080

0	0	0	0	0	0	0	
0	0	0	0	0	0	0	
1	0	3	0	0	0	0	
3	2	2	0	2	0	3	
0	0	0	0	0	0	0	
0	0	1	0	0	0	0	
0	0	2	0	0	0	0	
0	0	0	0	0	0	0	
0	0	0	0	0	0	1	
2	3	0	2	2	0	1	
2	0	0	3	0	2	0	
0	0	0	0	0	0	0	
0	0	0	0	0	0	0	
0	0	0	0	1	3	0	
0	0	0	0	0	0	0	
0	0	0	0	0	3	0	
0	0	0	0	0	0	0	
3	0	0	1	3	0	0	
1	3	2	1	0	0	2	
1	0	0	0	1	0	0	
0	0	0	0	0	0	0	
0	0	0	0	0	0	0	
2	0	1	0	0	0	0	
0	0	1	0	1	0	0	
0	0	0	0	0	0	0	
--------------------

--------------------
Best Solution Found!
--------------------
Time: 0 hour(s), 0 minute(s), 28 second(s), 984 millisecond(s)

Fitness: 22075

0	0	0	0	0	0	0	
1	3	0	0	1	3	1	
0	0	1	0	0	0	1	
0	0	0	0	0	0	0	
0	0	0	0	0	0	0	
0	0	0	0	2	0	0	
0	0	0	0	0	0	0	
1	3	1	3	0	3	0	
0	0	0	2	3	0	0	
0	0	2	0	0	0	0	
2	0	0	0	2	0	0	
3	0	0	0	1	0	0	
0	0	0	0	0	0	0	
0	0	2	1	0	2	0	
0	0	0	0	0	0	0	
0	0	0	0	0	0	0	
0	0	0	0	0	0	0	
0	0	0	0	0	0	0	
3	0	0	0	0	0	0	
2	0	0	0	0	0	0	
1	2	3	1	1	0	0	
0	0	2	0	0	0	3	
2	0	1	0	0	0	2	
0	0	0	0	0	0	0	
0	0	0	0	0	0	0	
--------------------

