--------------------
Best Solution Found!
--------------------
Time: 0 hour(s), 0 minute(s), 0 second(s), 0 millisecond(s)

Fitness: 43347

0	2	2	0	0	2	3	
2	2	2	0	0	1	3	
0	1	0	3	0	3	3	
0	3	0	3	3	1	1	
0	3	0	3	0	1	2	
0	0	0	0	0	0	1	
0	2	2	3	0	2	0	
0	2	0	2	0	1	2	
0	1	0	3	0	2	2	
0	0	0	0	0	1	2	
0	1	0	1	0	2	2	
0	3	0	2	0	0	2	
0	0	0	1	0	1	1	
0	3	0	0	0	2	2	
0	2	0	1	0	2	1	
1	1	0	2	0	1	1	
0	2	3	0	0	1	2	
0	2	0	1	0	1	2	
0	0	0	3	0	0	1	
0	0	0	3	0	2	2	
3	1	0	1	0	2	2	
0	0	0	2	0	2	0	
0	0	0	0	0	2	0	
0	1	0	3	0	0	1	
0	1	0	0	2	3	2	
1	2	0	1	0	1	0	
0	0	0	0	0	0	1	
0	0	0	3	0	1	1	
0	0	0	1	1	1	1	
0	1	0	0	0	2	0	
0	2	0	3	2	2	3	
0	1	0	3	0	3	2	
0	1	0	3	0	3	0	
0	3	0	2	0	3	1	
0	1	1	2	1	3	0	
0	2	1	3	0	1	0	
0	0	0	2	0	2	0	
0	3	0	0	1	3	3	
0	2	0	3	0	2	1	
0	1	0	2	0	2	2	
0	0	0	3	0	2	1	
0	1	0	2	1	0	0	
0	2	0	0	0	3	3	
0	2	1	1	0	1	0	
0	1	0	1	0	1	3	
0	1	0	3	0	2	1	
0	1	0	0	0	2	1	
0	3	0	3	0	2	0	
0	2	3	3	0	1	2	
0	2	0	0	0	1	1	
--------------------

--------------------
Best Solution Found!
--------------------
Time: 0 hour(s), 0 minute(s), 0 second(s), 1 millisecond(s)

Fitness: 42360

0	3	3	3	0	0	0	
0	1	0	2	0	0	1	
0	2	0	3	0	1	2	
0	1	1	0	0	3	1	
0	0	0	0	2	0	0	
0	2	0	2	0	2	3	
0	1	2	3	0	2	0	
0	0	0	0	0	2	1	
0	2	0	2	1	2	2	
0	3	3	1	0	1	1	
0	2	0	2	0	2	0	
0	2	0	3	0	1	0	
0	2	0	1	0	1	1	
0	2	0	3	0	3	1	
1	1	0	2	0	3	1	
0	0	0	0	1	2	1	
0	1	0	2	2	3	1	
0	2	0	3	0	1	2	
0	3	0	1	0	2	3	
3	1	0	1	0	2	2	
0	2	0	3	0	2	1	
0	3	0	2	0	1	1	
0	0	0	2	0	2	3	
0	0	0	0	1	1	0	
0	0	0	3	0	1	2	
0	2	1	0	0	2	2	
0	2	0	0	0	1	1	
0	1	0	3	0	3	3	
0	2	0	0	3	1	3	
0	0	1	1	0	2	0	
0	1	0	0	0	0	2	
0	3	0	3	0	1	3	
0	2	0	1	0	2	1	
0	2	0	0	0	3	0	
1	1	0	3	0	2	2	
0	1	0	1	0	2	1	
0	0	0	1	0	1	2	
0	1	0	3	0	2	2	
0	0	0	3	0	1	0	
0	0	0	3	0	0	1	
0	1	0	0	0	1	2	
0	1	0	3	0	2	0	
0	2	2	0	1	3	2	
0	3	0	3	0	0	3	
0	0	2	1	0	2	0	
0	1	0	0	0	2	2	
0	1	0	3	0	3	2	
2	1	0	2	0	1	2	
0	3	0	3	0	1	0	
0	0	0	0	0	1	1	
--------------------

--------------------
Best Solution Found!
--------------------
Time: 0 hour(s), 0 minute(s), 0 second(s), 2 millisecond(s)

Fitness: 41350

0	2	2	0	0	2	1	
2	2	2	0	0	2	2	
0	1	0	3	0	1	1	
0	3	0	3	0	0	3	
0	3	0	3	0	1	2	
0	0	0	0	0	3	2	
0	2	2	3	0	2	1	
0	2	0	2	0	1	2	
0	1	0	3	0	0	1	
0	0	0	0	0	2	2	
0	1	0	1	0	2	0	
0	3	0	2	0	2	2	
0	0	0	1	0	1	1	
0	3	0	0	0	2	0	
0	2	0	1	0	2	0	
1	1	0	2	2	3	0	
0	2	3	0	0	2	0	
0	2	0	1	1	0	0	
0	0	0	3	1	1	1	
0	0	0	3	0	1	3	
3	1	0	1	0	2	0	
0	0	0	2	0	2	0	
0	0	0	0	3	1	2	
0	1	0	3	0	0	0	
0	1	0	0	0	1	2	
1	2	0	1	0	2	3	
0	0	0	0	0	3	3	
0	0	0	3	2	2	1	
0	0	0	1	0	2	2	
0	1	0	0	0	0	3	
0	2	0	3	0	1	0	
0	1	0	3	0	1	0	
0	1	0	3	1	2	2	
0	3	0	2	0	0	1	
0	1	1	2	0	3	2	
0	2	1	3	0	2	1	
0	0	0	2	0	2	2	
0	3	0	0	0	2	2	
0	2	0	3	0	3	1	
0	1	0	2	0	1	3	
0	0	0	3	1	1	0	
0	1	0	2	0	1	2	
0	2	0	0	0	1	1	
0	2	1	1	0	1	1	
0	1	0	1	0	2	1	
0	1	0	3	0	1	1	
0	1	0	0	0	3	3	
0	3	0	3	0	1	2	
0	2	3	3	0	3	1	
0	2	0	0	0	3	1	
--------------------

--------------------
Best Solution Found!
--------------------
Time: 0 hour(s), 0 minute(s), 0 second(s), 3 millisecond(s)

Fitness: 40352

0	1	0	2	0	0	0	
0	2	0	0	0	0	1	
0	1	0	0	0	1	2	
0	3	1	3	0	3	1	
0	0	0	0	2	0	0	
0	1	0	0	0	2	3	
0	2	0	1	0	2	0	
0	0	0	0	0	2	1	
0	2	0	0	1	2	2	
0	2	0	0	0	1	1	
0	0	0	3	0	2	0	
0	0	0	1	0	1	0	
3	1	0	3	0	1	1	
0	0	0	2	0	3	1	
2	2	0	1	0	3	1	
0	3	0	1	1	2	1	
0	1	0	2	2	3	1	
0	2	0	3	0	1	2	
1	1	0	2	0	2	3	
0	0	0	2	0	2	2	
0	1	0	0	0	2	1	
1	2	0	0	0	1	1	
0	3	3	0	0	2	3	
0	2	0	1	1	1	0	
0	3	2	3	0	1	2	
0	2	2	1	0	2	2	
0	3	0	1	0	1	1	
0	2	0	3	0	3	3	
0	3	0	3	3	1	3	
0	1	0	3	0	2	0	
0	0	0	2	0	0	2	
0	2	0	3	0	1	3	
0	1	0	3	0	2	1	
0	0	0	0	0	3	0	
0	2	0	2	0	2	2	
0	2	3	0	0	2	1	
0	0	0	3	0	1	2	
0	2	0	2	0	2	2	
0	3	0	1	0	1	0	
0	1	0	3	0	0	1	
0	1	1	3	0	1	2	
0	0	1	3	0	2	0	
0	0	0	3	1	3	2	
0	1	0	3	0	0	3	
0	0	2	0	0	2	0	
0	1	0	1	0	2	2	
0	1	0	3	0	3	2	
0	2	0	3	0	1	2	
0	1	0	0	0	1	0	
0	1	0	2	0	1	1	
--------------------

--------------------
Best Solution Found!
--------------------
Time: 0 hour(s), 0 minute(s), 0 second(s), 17 millisecond(s)

Fitness: 40346

0	2	0	0	0	3	1	
0	3	0	3	0	2	2	
1	0	0	1	0	2	1	
0	1	0	2	0	3	3	
0	1	0	1	1	1	2	
0	0	0	2	0	1	2	
0	0	0	0	0	2	1	
0	3	0	3	1	1	2	
0	3	0	3	0	2	1	
0	0	0	1	0	2	2	
0	1	0	0	1	1	0	
0	3	0	0	0	0	2	
1	1	3	1	0	0	1	
0	2	0	0	0	1	0	
0	0	0	1	0	0	0	
0	1	0	3	0	2	0	
0	2	0	0	0	1	0	
0	0	0	3	0	2	0	
0	2	1	0	1	1	1	
0	1	1	3	0	1	3	
0	2	0	0	0	3	0	
0	0	3	3	0	2	0	
3	0	2	2	0	1	2	
0	2	0	0	0	1	0	
0	1	0	2	0	2	2	
0	2	0	2	0	0	3	
0	0	0	0	0	2	3	
0	0	0	3	2	2	1	
0	1	0	2	0	2	2	
0	2	1	0	0	3	3	
0	0	0	0	0	3	0	
0	2	0	2	0	1	0	
0	0	0	3	0	3	2	
2	1	0	3	0	2	1	
0	2	2	1	0	2	2	
0	1	0	0	0	1	1	
0	3	0	3	0	1	2	
0	1	0	3	0	2	2	
0	2	0	3	0	1	1	
0	1	0	3	0	3	3	
0	1	0	3	0	1	0	
0	1	0	2	0	2	2	
0	3	0	0	0	1	1	
0	3	0	1	0	0	1	
0	1	0	2	0	2	1	
0	2	2	3	0	0	1	
0	2	0	1	2	3	3	
0	1	0	3	3	1	2	
0	2	0	1	0	2	1	
0	2	0	3	0	2	1	
--------------------

--------------------
Best Solution Found!
--------------------
Time: 0 hour(s), 0 minute(s), 0 second(s), 29 millisecond(s)

Fitness: 40338

0	2	0	0	0	1	1	
0	0	0	3	0	0	0	
0	1	0	3	0	1	1	
0	0	0	3	0	1	2	
0	1	0	2	1	1	2	
0	1	0	0	0	3	3	
2	1	0	3	0	3	1	
0	1	0	0	0	1	0	
0	0	0	0	0	3	1	
0	1	0	0	0	2	0	
0	0	0	3	0	1	1	
1	2	0	1	0	2	1	
0	2	0	3	0	2	2	
0	2	0	3	0	1	1	
0	0	0	1	0	3	2	
0	0	0	3	0	1	0	
0	2	0	3	0	0	3	
0	3	0	2	0	2	1	
0	0	0	1	0	1	3	
0	2	0	0	0	1	0	
0	3	0	2	0	1	1	
0	1	3	2	0	2	0	
0	2	0	3	3	1	1	
0	0	0	0	0	2	2	
3	1	0	0	0	2	2	
0	1	0	3	0	2	1	
0	3	0	3	0	0	1	
0	3	0	1	0	1	0	
0	2	1	1	1	1	1	
0	3	0	2	2	0	0	
0	2	0	1	1	2	2	
0	0	0	2	0	2	3	
0	2	1	3	0	2	1	
0	1	0	0	0	3	2	
0	0	0	3	0	2	2	
0	3	3	2	2	0	3	
0	2	0	1	0	1	0	
0	1	0	0	0	3	3	
1	1	0	0	0	2	2	
0	1	0	0	0	0	1	
0	1	0	1	0	2	2	
0	1	0	2	0	2	0	
0	2	2	3	0	3	2	
0	1	1	1	0	2	0	
0	0	0	0	0	1	0	
0	2	0	3	0	1	1	
0	0	0	0	1	2	2	
0	3	0	2	0	2	2	
0	2	2	3	0	3	3	
0	2	2	3	0	2	2	
--------------------

--------------------
Best Solution Found!
--------------------
Time: 0 hour(s), 0 minute(s), 0 second(s), 30 millisecond(s)

Fitness: 40338

0	2	0	0	0	1	1	
0	0	0	3	0	0	0	
0	1	0	3	0	1	1	
0	0	0	3	0	1	2	
0	1	0	2	1	1	2	
0	1	0	0	0	3	3	
2	1	0	3	0	3	1	
0	1	0	0	0	1	0	
0	0	0	0	0	3	1	
0	1	0	0	0	2	0	
0	0	0	3	0	1	1	
1	2	0	1	0	2	1	
0	2	0	3	0	2	2	
0	2	0	3	0	1	1	
0	0	0	1	0	3	2	
0	0	0	3	0	1	0	
0	2	0	3	0	0	3	
0	3	0	2	0	2	1	
0	0	0	1	0	1	3	
0	2	0	0	0	1	0	
0	3	0	2	0	1	1	
0	1	3	2	0	2	0	
0	2	0	3	3	1	1	
0	0	0	0	0	2	2	
3	1	0	0	0	2	2	
0	1	0	3	0	2	1	
0	3	0	3	0	0	1	
0	3	0	1	0	1	0	
0	2	1	1	1	1	1	
0	3	0	2	2	0	0	
0	2	0	1	1	2	2	
0	0	0	2	0	2	3	
0	2	1	3	0	2	1	
0	1	0	0	0	3	2	
0	0	0	3	0	2	2	
0	3	3	2	2	0	3	
0	2	0	1	0	1	0	
0	1	0	0	0	3	3	
1	1	0	0	0	2	2	
0	1	0	0	0	0	1	
0	1	0	1	0	2	2	
0	1	0	2	0	2	0	
0	2	2	3	0	3	2	
0	1	1	1	0	2	0	
0	0	0	0	0	1	0	
0	2	0	3	0	1	1	
0	0	0	0	1	2	2	
0	3	0	2	0	2	2	
0	2	2	3	0	3	3	
0	2	2	3	0	2	2	
--------------------

--------------------
Best Solution Found!
--------------------
Time: 0 hour(s), 0 minute(s), 0 second(s), 31 millisecond(s)

Fitness: 40338

0	2	0	0	0	1	1	
0	0	0	3	0	0	0	
0	1	0	3	0	1	1	
0	0	0	3	0	1	2	
0	1	0	2	1	1	2	
0	1	0	0	0	3	3	
2	1	0	3	0	3	1	
0	1	0	0	0	1	0	
0	0	0	0	0	3	1	
0	1	0	0	0	2	0	
0	0	0	3	0	1	1	
1	2	0	1	0	2	1	
0	2	0	3	0	2	2	
0	2	0	3	0	1	1	
0	0	0	1	0	3	2	
0	0	0	3	0	1	0	
0	2	0	3	0	0	3	
0	3	0	2	0	2	1	
0	0	0	1	0	1	3	
0	2	0	0	0	1	0	
0	3	0	2	0	1	1	
0	1	3	2	0	2	0	
0	2	0	3	3	1	1	
0	0	0	0	0	2	2	
3	1	0	0	0	2	2	
0	1	0	3	0	2	1	
0	3	0	3	0	0	1	
0	3	0	1	0	1	0	
0	2	1	1	1	1	1	
0	3	0	2	2	0	0	
0	2	0	1	1	2	2	
0	0	0	2	0	2	3	
0	2	1	3	0	2	1	
0	1	0	0	0	3	2	
0	0	0	3	0	2	2	
0	3	3	2	2	0	3	
0	2	0	1	0	1	0	
0	1	0	0	0	3	3	
1	1	0	0	0	2	2	
0	1	0	0	0	0	1	
0	1	0	1	0	2	2	
0	1	0	2	0	2	0	
0	2	2	3	0	3	2	
0	1	1	1	0	2	0	
0	0	0	0	0	1	0	
0	2	0	3	0	1	1	
0	0	0	0	1	2	2	
0	3	0	2	0	2	2	
0	2	2	3	0	3	3	
0	2	2	3	0	2	2	
--------------------

--------------------
Best Solution Found!
--------------------
Time: 0 hour(s), 0 minute(s), 0 second(s), 91 millisecond(s)

Fitness: 38353

0	0	0	3	0	3	3	
0	2	0	3	0	2	1	
0	0	0	0	0	2	3	
0	1	0	0	1	0	2	
0	0	1	3	1	3	2	
0	1	2	1	0	1	2	
0	1	0	0	0	3	3	
0	2	0	3	0	1	1	
0	0	0	0	0	1	1	
0	0	2	3	0	2	1	
0	1	0	2	0	1	0	
0	3	0	3	0	2	0	
0	1	0	3	0	2	2	
0	2	0	2	3	2	1	
0	2	0	3	0	2	2	
2	3	0	0	0	3	3	
0	1	0	3	0	2	1	
0	2	0	0	0	0	0	
0	2	0	0	0	0	3	
0	2	0	1	1	1	2	
0	1	0	0	0	1	2	
0	3	0	1	0	3	1	
1	1	0	2	0	2	1	
0	1	0	0	0	2	0	
0	0	0	2	2	1	0	
0	3	2	1	0	1	2	
0	1	0	0	0	0	2	
0	1	0	1	0	1	1	
0	1	0	3	0	2	0	
0	1	0	3	0	1	2	
0	0	0	3	0	1	0	
0	1	1	1	0	2	2	
0	0	0	3	0	2	0	
0	2	0	3	0	1	0	
0	2	0	3	0	3	3	
0	0	0	0	0	2	1	
0	2	0	3	0	3	1	
0	3	3	2	0	3	2	
0	0	0	1	0	1	0	
0	2	0	2	0	1	2	
1	2	0	1	0	2	2	
0	2	1	0	0	0	1	
0	2	3	3	0	2	3	
3	1	0	2	0	1	1	
0	0	0	2	0	1	2	
0	0	0	2	1	2	0	
0	1	0	0	0	0	1	
0	3	0	3	0	1	1	
0	2	0	0	0	2	0	
0	3	0	1	2	2	1	
--------------------

--------------------
Best Solution Found!
--------------------
Time: 0 hour(s), 0 minute(s), 0 second(s), 93 millisecond(s)

Fitness: 38352

0	0	0	3	0	3	1	
0	2	0	3	0	1	3	
0	0	0	0	0	2	0	
0	1	0	0	1	0	0	
0	0	1	3	1	3	3	
0	1	2	1	0	1	1	
0	1	0	0	0	3	0	
0	2	0	3	0	3	3	
0	0	0	0	0	1	3	
0	0	2	3	0	2	0	
0	1	0	2	0	0	0	
1	3	0	3	0	3	2	
0	1	0	3	0	2	1	
0	2	0	2	3	2	1	
3	2	0	3	0	1	2	
0	3	0	0	0	0	3	
0	1	0	3	0	1	0	
0	2	0	0	0	2	1	
0	2	0	0	0	2	1	
0	2	0	1	1	2	2	
0	1	0	0	0	2	1	
0	3	0	1	0	2	0	
0	1	0	2	0	2	2	
0	1	0	0	0	1	1	
0	0	0	2	2	2	0	
0	3	2	1	0	3	1	
0	1	0	0	0	2	0	
0	1	0	1	0	0	2	
0	1	0	3	0	1	0	
1	1	0	3	0	2	2	
0	0	0	3	0	2	3	
0	1	1	1	0	1	2	
0	0	0	3	0	1	1	
0	2	0	3	0	1	0	
0	2	0	3	0	2	2	
0	0	0	0	0	1	2	
0	2	0	3	0	1	2	
0	3	3	2	0	0	2	
0	0	0	1	0	2	2	
0	2	0	2	0	3	1	
0	2	0	1	0	1	2	
0	2	1	0	0	1	2	
0	2	3	3	0	2	1	
0	1	0	2	0	3	1	
0	0	0	2	0	1	2	
0	0	0	2	1	0	1	
0	1	0	0	0	1	0	
2	3	0	3	0	2	3	
0	2	0	0	0	2	1	
0	3	0	1	2	1	1	
--------------------

--------------------
Best Solution Found!
--------------------
Time: 0 hour(s), 0 minute(s), 0 second(s), 94 millisecond(s)

Fitness: 38352

0	0	0	3	0	3	1	
0	2	0	3	0	1	3	
0	0	0	0	0	2	0	
0	1	0	0	1	0	0	
0	0	1	3	1	3	3	
0	1	2	1	0	1	1	
0	1	0	0	0	3	0	
0	2	0	3	0	3	3	
0	0	0	0	0	1	3	
0	0	2	3	0	2	0	
0	1	0	2	0	0	0	
1	3	0	3	0	3	2	
0	1	0	3	0	2	1	
0	2	0	2	3	2	1	
3	2	0	3	0	1	2	
0	3	0	0	0	0	3	
0	1	0	3	0	1	0	
0	2	0	0	0	2	1	
0	2	0	0	0	2	1	
0	2	0	1	1	2	2	
0	1	0	0	0	2	1	
0	3	0	1	0	2	0	
0	1	0	2	0	2	2	
0	1	0	0	0	1	1	
0	0	0	2	2	2	0	
0	3	2	1	0	3	1	
0	1	0	0	0	2	0	
0	1	0	1	0	0	2	
0	1	0	3	0	1	0	
1	1	0	3	0	2	2	
0	0	0	3	0	2	3	
0	1	1	1	0	1	2	
0	0	0	3	0	1	1	
0	2	0	3	0	1	0	
0	2	0	3	0	2	2	
0	0	0	0	0	1	2	
0	2	0	3	0	1	2	
0	3	3	2	0	0	2	
0	0	0	1	0	2	2	
0	2	0	2	0	3	1	
0	2	0	1	0	1	2	
0	2	1	0	0	1	2	
0	2	3	3	0	2	1	
0	1	0	2	0	3	1	
0	0	0	2	0	1	2	
0	0	0	2	1	0	1	
0	1	0	0	0	1	0	
2	3	0	3	0	2	3	
0	2	0	0	0	2	1	
0	3	0	1	2	1	1	
--------------------

--------------------
Best Solution Found!
--------------------
Time: 0 hour(s), 0 minute(s), 0 second(s), 95 millisecond(s)

Fitness: 38352

0	0	0	3	0	3	1	
0	2	0	3	0	1	3	
0	0	0	0	0	2	0	
0	1	0	0	1	0	0	
0	0	1	3	1	3	3	
0	1	2	1	0	1	1	
0	1	0	0	0	3	0	
0	2	0	3	0	3	3	
0	0	0	0	0	1	3	
0	0	2	3	0	2	0	
0	1	0	2	0	0	0	
1	3	0	3	0	3	2	
0	1	0	3	0	2	1	
0	2	0	2	3	2	1	
3	2	0	3	0	1	2	
0	3	0	0	0	0	3	
0	1	0	3	0	1	0	
0	2	0	0	0	2	1	
0	2	0	0	0	2	1	
0	2	0	1	1	2	2	
0	1	0	0	0	2	1	
0	3	0	1	0	2	0	
0	1	0	2	0	2	2	
0	1	0	0	0	1	1	
0	0	0	2	2	2	0	
0	3	2	1	0	3	1	
0	1	0	0	0	2	0	
0	1	0	1	0	0	2	
0	1	0	3	0	1	0	
1	1	0	3	0	2	2	
0	0	0	3	0	2	3	
0	1	1	1	0	1	2	
0	0	0	3	0	1	1	
0	2	0	3	0	1	0	
0	2	0	3	0	2	2	
0	0	0	0	0	1	2	
0	2	0	3	0	1	2	
0	3	3	2	0	0	2	
0	0	0	1	0	2	2	
0	2	0	2	0	3	1	
0	2	0	1	0	1	2	
0	2	1	0	0	1	2	
0	2	3	3	0	2	1	
0	1	0	2	0	3	1	
0	0	0	2	0	1	2	
0	0	0	2	1	0	1	
0	1	0	0	0	1	0	
2	3	0	3	0	2	3	
0	2	0	0	0	2	1	
0	3	0	1	2	1	1	
--------------------

--------------------
Best Solution Found!
--------------------
Time: 0 hour(s), 0 minute(s), 0 second(s), 198 millisecond(s)

Fitness: 38346

0	1	0	3	0	1	0	
0	1	0	1	0	1	1	
0	2	0	3	1	2	2	
0	0	0	0	0	1	1	
0	1	3	1	0	1	3	
0	1	0	1	0	3	2	
0	1	0	0	0	2	1	
0	3	0	3	0	1	0	
0	1	0	1	0	2	0	
0	2	1	2	2	0	2	
0	2	0	3	1	1	1	
1	3	0	3	0	3	3	
0	0	0	3	1	2	1	
0	0	0	0	0	1	1	
1	0	0	2	3	1	2	
0	2	0	2	0	2	0	
0	2	0	1	0	0	2	
0	1	2	3	0	3	1	
0	0	0	1	0	2	1	
0	1	0	3	0	2	3	
0	1	0	0	0	2	1	
0	1	1	2	0	2	1	
0	3	0	0	0	2	0	
0	2	0	3	0	1	2	
0	2	0	3	0	1	2	
0	1	0	3	0	2	0	
0	3	0	0	0	2	2	
0	2	2	1	1	3	0	
0	2	0	0	0	0	1	
3	2	0	2	0	1	2	
0	0	0	3	0	1	0	
2	2	0	3	0	3	2	
0	2	1	0	0	3	3	
0	2	0	0	0	3	3	
0	1	0	0	0	0	1	
0	0	0	0	0	1	1	
0	2	0	2	0	0	3	
0	3	0	2	0	2	2	
0	1	0	3	0	0	2	
0	1	0	3	0	1	0	
0	0	0	3	0	2	0	
0	0	0	0	2	1	2	
0	0	0	1	0	1	1	
0	3	0	0	0	1	1	
0	1	2	1	0	3	3	
0	0	0	3	0	2	0	
0	1	0	3	0	2	2	
0	2	0	2	0	2	2	
0	0	3	2	0	2	0	
0	3	0	0	0	2	1	
--------------------

--------------------
Best Solution Found!
--------------------
Time: 0 hour(s), 0 minute(s), 0 second(s), 199 millisecond(s)

Fitness: 38346

0	1	0	3	0	1	0	
0	1	0	1	0	1	1	
0	2	0	3	1	2	2	
0	0	0	0	0	1	1	
0	1	3	1	0	1	3	
0	1	0	1	0	3	2	
0	1	0	0	0	2	1	
0	3	0	3	0	1	0	
0	1	0	1	0	2	0	
0	2	1	2	2	0	2	
0	2	0	3	1	1	1	
1	3	0	3	0	3	3	
0	0	0	3	1	2	1	
0	0	0	0	0	1	1	
1	0	0	2	3	1	2	
0	2	0	2	0	2	0	
0	2	0	1	0	0	2	
0	1	2	3	0	3	1	
0	0	0	1	0	2	1	
0	1	0	3	0	2	3	
0	1	0	0	0	2	1	
0	1	1	2	0	2	1	
0	3	0	0	0	2	0	
0	2	0	3	0	1	2	
0	2	0	3	0	1	2	
0	1	0	3	0	2	0	
0	3	0	0	0	2	2	
0	2	2	1	1	3	0	
0	2	0	0	0	0	1	
3	2	0	2	0	1	2	
0	0	0	3	0	1	0	
2	2	0	3	0	3	2	
0	2	1	0	0	3	3	
0	2	0	0	0	3	3	
0	1	0	0	0	0	1	
0	0	0	0	0	1	1	
0	2	0	2	0	0	3	
0	3	0	2	0	2	2	
0	1	0	3	0	0	2	
0	1	0	3	0	1	0	
0	0	0	3	0	2	0	
0	0	0	0	2	1	2	
0	0	0	1	0	1	1	
0	3	0	0	0	1	1	
0	1	2	1	0	3	3	
0	0	0	3	0	2	0	
0	1	0	3	0	2	2	
0	2	0	2	0	2	2	
0	0	3	2	0	2	0	
0	3	0	0	0	2	1	
--------------------

--------------------
Best Solution Found!
--------------------
Time: 0 hour(s), 0 minute(s), 0 second(s), 199 millisecond(s)

Fitness: 38346

0	1	0	3	0	1	0	
0	1	0	1	0	1	1	
0	2	0	3	1	2	2	
0	0	0	0	0	1	1	
0	1	3	1	0	1	3	
0	1	0	1	0	3	2	
0	1	0	0	0	2	1	
0	3	0	3	0	1	0	
0	1	0	1	0	2	0	
0	2	1	2	2	0	2	
0	2	0	3	1	1	1	
1	3	0	3	0	3	3	
0	0	0	3	1	2	1	
0	0	0	0	0	1	1	
1	0	0	2	3	1	2	
0	2	0	2	0	2	0	
0	2	0	1	0	0	2	
0	1	2	3	0	3	1	
0	0	0	1	0	2	1	
0	1	0	3	0	2	3	
0	1	0	0	0	2	1	
0	1	1	2	0	2	1	
0	3	0	0	0	2	0	
0	2	0	3	0	1	2	
0	2	0	3	0	1	2	
0	1	0	3	0	2	0	
0	3	0	0	0	2	2	
0	2	2	1	1	3	0	
0	2	0	0	0	0	1	
3	2	0	2	0	1	2	
0	0	0	3	0	1	0	
2	2	0	3	0	3	2	
0	2	1	0	0	3	3	
0	2	0	0	0	3	3	
0	1	0	0	0	0	1	
0	0	0	0	0	1	1	
0	2	0	2	0	0	3	
0	3	0	2	0	2	2	
0	1	0	3	0	0	2	
0	1	0	3	0	1	0	
0	0	0	3	0	2	0	
0	0	0	0	2	1	2	
0	0	0	1	0	1	1	
0	3	0	0	0	1	1	
0	1	2	1	0	3	3	
0	0	0	3	0	2	0	
0	1	0	3	0	2	2	
0	2	0	2	0	2	2	
0	0	3	2	0	2	0	
0	3	0	0	0	2	1	
--------------------

--------------------
Best Solution Found!
--------------------
Time: 0 hour(s), 0 minute(s), 0 second(s), 200 millisecond(s)

Fitness: 38346

0	1	0	3	0	1	0	
0	1	0	1	0	1	1	
0	2	0	3	1	2	2	
0	0	0	0	0	1	1	
0	1	3	1	0	1	3	
0	1	0	1	0	3	2	
0	1	0	0	0	2	1	
0	3	0	3	0	1	0	
0	1	0	1	0	2	0	
0	2	1	2	2	0	2	
0	2	0	3	1	1	1	
1	3	0	3	0	3	3	
0	0	0	3	1	2	1	
0	0	0	0	0	1	1	
1	0	0	2	3	1	2	
0	2	0	2	0	2	0	
0	2	0	1	0	0	2	
0	1	2	3	0	3	1	
0	0	0	1	0	2	1	
0	1	0	3	0	2	3	
0	1	0	0	0	2	1	
0	1	1	2	0	2	1	
0	3	0	0	0	2	0	
0	2	0	3	0	1	2	
0	2	0	3	0	1	2	
0	1	0	3	0	2	0	
0	3	0	0	0	2	2	
0	2	2	1	1	3	0	
0	2	0	0	0	0	1	
3	2	0	2	0	1	2	
0	0	0	3	0	1	0	
2	2	0	3	0	3	2	
0	2	1	0	0	3	3	
0	2	0	0	0	3	3	
0	1	0	0	0	0	1	
0	0	0	0	0	1	1	
0	2	0	2	0	0	3	
0	3	0	2	0	2	2	
0	1	0	3	0	0	2	
0	1	0	3	0	1	0	
0	0	0	3	0	2	0	
0	0	0	0	2	1	2	
0	0	0	1	0	1	1	
0	3	0	0	0	1	1	
0	1	2	1	0	3	3	
0	0	0	3	0	2	0	
0	1	0	3	0	2	2	
0	2	0	2	0	2	2	
0	0	3	2	0	2	0	
0	3	0	0	0	2	1	
--------------------

--------------------
Best Solution Found!
--------------------
Time: 0 hour(s), 0 minute(s), 1 second(s), 25 millisecond(s)

Fitness: 38346

0	1	0	0	0	2	1	
0	3	0	3	0	2	0	
0	2	0	0	0	2	0	
0	1	0	2	0	1	0	
0	1	0	0	0	2	3	
2	2	0	2	0	2	2	
1	2	0	3	0	1	2	
0	2	0	2	2	3	1	
0	3	2	3	3	2	0	
0	2	0	3	0	3	1	
0	1	0	2	1	3	3	
0	0	0	0	0	3	3	
0	2	1	0	0	1	1	
0	2	0	3	0	2	1	
0	0	0	3	0	2	0	
0	0	0	0	0	1	1	
0	0	0	1	0	3	2	
0	3	0	3	1	0	1	
0	1	0	3	0	2	1	
0	3	0	3	2	2	2	
0	1	0	3	0	2	2	
0	1	0	1	0	3	2	
0	0	0	2	0	2	2	
0	1	0	3	0	1	2	
0	2	0	2	0	1	1	
0	1	2	0	0	0	2	
0	1	0	0	0	0	1	
0	2	3	3	0	1	3	
0	0	0	1	0	2	1	
0	2	0	1	0	2	0	
0	2	1	2	0	2	1	
0	2	0	1	0	2	2	
0	3	0	1	0	2	2	
0	0	0	3	0	2	0	
0	1	0	2	1	3	2	
0	1	0	3	0	1	1	
0	1	0	3	0	1	3	
0	3	0	0	0	1	0	
0	2	0	1	0	3	0	
0	1	0	0	0	0	0	
0	0	1	0	0	1	2	
3	0	2	3	0	1	3	
0	2	3	3	0	1	1	
0	0	0	0	0	1	0	
1	1	0	0	0	2	0	
0	0	0	1	0	1	3	
0	3	0	1	0	1	2	
0	0	0	0	0	0	1	
0	2	0	2	1	1	1	
0	1	0	3	0	0	2	
--------------------

--------------------
Best Solution Found!
--------------------
Time: 0 hour(s), 0 minute(s), 1 second(s), 558 millisecond(s)

Fitness: 37360

0	1	0	0	0	0	3	
0	1	0	0	0	1	2	
0	1	0	1	2	2	3	
0	2	0	2	0	1	0	
0	2	2	0	0	1	0	
0	1	1	1	0	1	1	
0	0	0	3	0	3	1	
0	3	0	0	0	2	3	
0	0	0	0	0	2	0	
0	2	0	1	1	3	3	
0	2	0	3	0	1	0	
0	3	0	3	0	1	0	
0	1	3	3	0	2	1	
0	1	0	0	0	0	3	
0	0	1	2	0	1	3	
1	1	0	3	0	2	0	
1	0	0	3	0	3	0	
0	2	0	2	3	2	1	
0	2	0	3	2	1	2	
2	0	2	3	0	1	1	
0	1	0	2	0	3	1	
0	2	0	3	0	2	2	
0	0	0	3	0	2	1	
0	2	0	1	0	1	1	
0	2	0	1	0	1	0	
0	0	0	3	0	1	2	
0	2	0	1	0	2	2	
0	2	0	3	1	1	2	
3	3	3	0	0	2	2	
0	3	0	2	0	3	2	
0	0	0	2	0	3	0	
0	1	0	0	0	0	1	
0	3	0	1	1	1	1	
0	1	0	1	0	3	1	
0	0	0	0	0	1	0	
0	2	1	3	0	3	2	
0	3	0	0	0	2	2	
0	1	0	3	0	0	0	
0	0	0	2	0	2	2	
0	0	0	2	0	2	3	
0	1	0	0	0	0	1	
0	3	0	3	0	1	1	
0	2	0	0	0	2	1	
0	2	2	3	0	2	1	
0	1	0	1	0	0	1	
0	1	0	2	1	2	2	
0	0	0	3	0	2	0	
0	1	0	3	0	2	2	
0	1	0	0	0	2	2	
0	2	0	0	0	1	2	
--------------------

--------------------
Best Solution Found!
--------------------
Time: 0 hour(s), 0 minute(s), 3 second(s), 636 millisecond(s)

Fitness: 37338

0	2	0	2	0	1	2	
0	0	0	1	0	2	2	
0	1	0	1	1	2	3	
0	2	0	1	0	2	2	
0	0	0	0	0	3	3	
0	0	0	3	0	1	0	
0	0	0	3	0	1	2	
0	1	0	0	2	0	1	
0	2	0	3	0	0	1	
0	2	0	1	0	1	2	
2	1	0	3	0	3	1	
0	0	0	2	0	0	0	
0	0	0	2	0	3	2	
0	1	0	0	0	1	3	
0	0	0	0	0	2	0	
0	3	3	2	0	2	2	
0	2	0	1	1	1	1	
0	1	2	0	0	0	2	
0	2	1	3	0	2	0	
0	2	0	2	0	2	2	
0	3	0	3	0	1	0	
3	1	0	3	0	1	2	
0	3	0	3	0	3	3	
0	1	0	2	0	2	0	
0	1	0	0	3	0	0	
1	2	0	0	0	2	0	
1	1	0	1	0	2	1	
0	1	0	0	0	0	1	
0	2	0	0	0	2	1	
0	1	0	3	0	3	1	
0	2	0	3	0	2	1	
0	1	1	2	0	1	3	
0	0	0	3	0	1	1	
0	0	0	0	2	1	2	
0	2	1	3	0	2	3	
0	1	0	3	1	1	2	
0	2	0	1	0	2	0	
0	3	0	0	0	2	0	
0	2	0	0	0	3	1	
0	0	0	0	0	2	0	
0	1	3	3	0	2	1	
0	0	0	1	0	1	1	
0	0	0	3	0	1	2	
0	3	2	1	0	2	3	
0	1	2	3	0	1	2	
0	2	0	0	0	1	0	
0	3	0	3	0	2	1	
0	3	0	2	0	3	1	
0	2	0	2	0	3	1	
0	1	0	3	1	1	2	
--------------------

--------------------
Best Solution Found!
--------------------
Time: 0 hour(s), 0 minute(s), 3 second(s), 637 millisecond(s)

Fitness: 37338

0	2	0	2	0	1	2	
0	0	0	1	0	2	2	
0	1	0	1	1	2	3	
0	2	0	1	0	2	2	
0	0	0	0	0	3	3	
0	0	0	3	0	1	0	
0	0	0	3	0	1	2	
0	1	0	0	2	0	1	
0	2	0	3	0	0	1	
0	2	0	1	0	1	2	
2	1	0	3	0	3	1	
0	0	0	2	0	0	0	
0	0	0	2	0	3	2	
0	1	0	0	0	1	3	
0	0	0	0	0	2	0	
0	3	3	2	0	2	2	
0	2	0	1	1	1	1	
0	1	2	0	0	0	2	
0	2	1	3	0	2	0	
0	2	0	2	0	2	2	
0	3	0	3	0	1	0	
3	1	0	3	0	1	2	
0	3	0	3	0	3	3	
0	1	0	2	0	2	0	
0	1	0	0	3	0	0	
1	2	0	0	0	2	0	
1	1	0	1	0	2	1	
0	1	0	0	0	0	1	
0	2	0	0	0	2	1	
0	1	0	3	0	3	1	
0	2	0	3	0	2	1	
0	1	1	2	0	1	3	
0	0	0	3	0	1	1	
0	0	0	0	2	1	2	
0	2	1	3	0	2	3	
0	1	0	3	1	1	2	
0	2	0	1	0	2	0	
0	3	0	0	0	2	0	
0	2	0	0	0	3	1	
0	0	0	0	0	2	0	
0	1	3	3	0	2	1	
0	0	0	1	0	1	1	
0	0	0	3	0	1	2	
0	3	2	1	0	2	3	
0	1	2	3	0	1	2	
0	2	0	0	0	1	0	
0	3	0	3	0	2	1	
0	3	0	2	0	3	1	
0	2	0	2	0	3	1	
0	1	0	3	1	1	2	
--------------------

--------------------
Best Solution Found!
--------------------
Time: 0 hour(s), 0 minute(s), 3 second(s), 639 millisecond(s)

Fitness: 37338

0	2	0	2	0	1	2	
0	0	0	1	0	2	2	
0	1	0	1	1	2	3	
0	2	0	1	0	2	2	
0	0	0	0	0	3	3	
0	0	0	3	0	1	0	
0	0	0	3	0	1	2	
0	1	0	0	2	0	1	
0	2	0	3	0	0	1	
0	2	0	1	0	1	2	
2	1	0	3	0	3	1	
0	0	0	2	0	0	0	
0	0	0	2	0	3	2	
0	1	0	0	0	1	3	
0	0	0	0	0	2	0	
0	3	3	2	0	2	2	
0	2	0	1	1	1	1	
0	1	2	0	0	0	2	
0	2	1	3	0	2	0	
0	2	0	2	0	2	2	
0	3	0	3	0	1	0	
3	1	0	3	0	1	2	
0	3	0	3	0	3	3	
0	1	0	2	0	2	0	
0	1	0	0	3	0	0	
1	2	0	0	0	2	0	
1	1	0	1	0	2	1	
0	1	0	0	0	0	1	
0	2	0	0	0	2	1	
0	1	0	3	0	3	1	
0	2	0	3	0	2	1	
0	1	1	2	0	1	3	
0	0	0	3	0	1	1	
0	0	0	0	2	1	2	
0	2	1	3	0	2	3	
0	1	0	3	1	1	2	
0	2	0	1	0	2	0	
0	3	0	0	0	2	0	
0	2	0	0	0	3	1	
0	0	0	0	0	2	0	
0	1	3	3	0	2	1	
0	0	0	1	0	1	1	
0	0	0	3	0	1	2	
0	3	2	1	0	2	3	
0	1	2	3	0	1	2	
0	2	0	0	0	1	0	
0	3	0	3	0	2	1	
0	3	0	2	0	3	1	
0	2	0	2	0	3	1	
0	1	0	3	1	1	2	
--------------------

--------------------
Best Solution Found!
--------------------
Time: 0 hour(s), 0 minute(s), 3 second(s), 640 millisecond(s)

Fitness: 37338

0	2	0	2	0	1	2	
0	0	0	1	0	2	2	
0	1	0	1	1	2	3	
0	2	0	1	0	2	2	
0	0	0	0	0	3	3	
0	0	0	3	0	1	0	
0	0	0	3	0	1	2	
0	1	0	0	2	0	1	
0	2	0	3	0	0	1	
0	2	0	1	0	1	2	
2	1	0	3	0	3	1	
0	0	0	2	0	0	0	
0	0	0	2	0	3	2	
0	1	0	0	0	1	3	
0	0	0	0	0	2	0	
0	3	3	2	0	2	2	
0	2	0	1	1	1	1	
0	1	2	0	0	0	2	
0	2	1	3	0	2	0	
0	2	0	2	0	2	2	
0	3	0	3	0	1	0	
3	1	0	3	0	1	2	
0	3	0	3	0	3	3	
0	1	0	2	0	2	0	
0	1	0	0	3	0	0	
1	2	0	0	0	2	0	
1	1	0	1	0	2	1	
0	1	0	0	0	0	1	
0	2	0	0	0	2	1	
0	1	0	3	0	3	1	
0	2	0	3	0	2	1	
0	1	1	2	0	1	3	
0	0	0	3	0	1	1	
0	0	0	0	2	1	2	
0	2	1	3	0	2	3	
0	1	0	3	1	1	2	
0	2	0	1	0	2	0	
0	3	0	0	0	2	0	
0	2	0	0	0	3	1	
0	0	0	0	0	2	0	
0	1	3	3	0	2	1	
0	0	0	1	0	1	1	
0	0	0	3	0	1	2	
0	3	2	1	0	2	3	
0	1	2	3	0	1	2	
0	2	0	0	0	1	0	
0	3	0	3	0	2	1	
0	3	0	2	0	3	1	
0	2	0	2	0	3	1	
0	1	0	3	1	1	2	
--------------------

--------------------
Best Solution Found!
--------------------
Time: 0 hour(s), 0 minute(s), 4 second(s), 458 millisecond(s)

Fitness: 36358

0	3	0	0	0	1	0	
0	0	0	0	0	2	0	
0	2	0	2	0	1	1	
0	2	0	3	0	2	0	
2	1	0	3	0	2	3	
0	1	0	1	0	1	0	
0	1	0	3	0	2	1	
0	3	0	2	0	0	2	
0	0	0	1	0	3	1	
0	1	1	1	0	1	3	
0	0	0	3	0	3	0	
0	1	0	3	0	2	3	
1	0	0	2	0	2	1	
0	3	0	0	0	1	0	
0	3	0	2	0	2	0	
0	2	0	3	0	2	1	
0	2	0	0	0	1	1	
0	0	0	1	0	1	2	
0	0	0	0	0	3	1	
0	2	0	3	2	2	1	
0	3	3	3	0	2	2	
0	2	0	3	0	0	1	
0	1	2	3	0	2	1	
0	1	0	2	1	3	3	
0	2	0	3	3	2	1	
0	1	2	0	0	0	0	
0	2	0	1	2	1	1	
0	2	0	3	1	1	2	
0	2	1	3	0	3	1	
3	0	0	0	0	3	3	
0	3	0	1	0	2	0	
0	0	0	0	0	2	2	
0	1	1	3	0	1	0	
0	1	0	1	0	2	2	
0	1	0	0	0	1	0	
0	2	0	0	1	1	3	
0	2	0	3	1	1	2	
0	0	0	3	0	2	2	
1	2	0	3	0	2	2	
0	0	0	0	0	1	2	
0	0	0	2	0	1	1	
0	2	0	1	0	3	3	
0	1	0	2	0	1	2	
0	0	0	0	0	0	2	
0	1	0	0	0	1	2	
0	3	2	2	0	2	1	
0	2	0	0	0	2	1	
0	1	3	1	0	3	2	
0	1	0	3	0	0	0	
0	1	0	2	0	0	2	
--------------------

--------------------
Best Solution Found!
--------------------
Time: 0 hour(s), 0 minute(s), 4 second(s), 459 millisecond(s)

Fitness: 36358

0	3	0	0	0	1	0	
0	0	0	0	0	2	0	
0	2	0	2	0	1	1	
0	2	0	3	0	2	0	
2	1	0	3	0	2	3	
0	1	0	1	0	1	0	
0	1	0	3	0	2	1	
0	3	0	2	0	0	2	
0	0	0	1	0	3	1	
0	1	1	1	0	1	3	
0	0	0	3	0	3	0	
0	1	0	3	0	2	3	
1	0	0	2	0	2	1	
0	3	0	0	0	1	0	
0	3	0	2	0	2	0	
0	2	0	3	0	2	1	
0	2	0	0	0	1	1	
0	0	0	1	0	1	2	
0	0	0	0	0	3	1	
0	2	0	3	2	2	1	
0	3	3	3	0	2	2	
0	2	0	3	0	0	1	
0	1	2	3	0	2	1	
0	1	0	2	1	3	3	
0	2	0	3	3	2	1	
0	1	2	0	0	0	0	
0	2	0	1	2	1	1	
0	2	0	3	1	1	2	
0	2	1	3	0	3	1	
3	0	0	0	0	3	3	
0	3	0	1	0	2	0	
0	0	0	0	0	2	2	
0	1	1	3	0	1	0	
0	1	0	1	0	2	2	
0	1	0	0	0	1	0	
0	2	0	0	1	1	3	
0	2	0	3	1	1	2	
0	0	0	3	0	2	2	
1	2	0	3	0	2	2	
0	0	0	0	0	1	2	
0	0	0	2	0	1	1	
0	2	0	1	0	3	3	
0	1	0	2	0	1	2	
0	0	0	0	0	0	2	
0	1	0	0	0	1	2	
0	3	2	2	0	2	1	
0	2	0	0	0	2	1	
0	1	3	1	0	3	2	
0	1	0	3	0	0	0	
0	1	0	2	0	0	2	
--------------------

--------------------
Best Solution Found!
--------------------
Time: 0 hour(s), 0 minute(s), 4 second(s), 460 millisecond(s)

Fitness: 36358

0	3	0	0	0	1	0	
0	0	0	0	0	2	0	
0	2	0	2	0	1	1	
0	2	0	3	0	2	0	
2	1	0	3	0	2	3	
0	1	0	1	0	1	0	
0	1	0	3	0	2	1	
0	3	0	2	0	0	2	
0	0	0	1	0	3	1	
0	1	1	1	0	1	3	
0	0	0	3	0	3	0	
0	1	0	3	0	2	3	
1	0	0	2	0	2	1	
0	3	0	0	0	1	0	
0	3	0	2	0	2	0	
0	2	0	3	0	2	1	
0	2	0	0	0	1	1	
0	0	0	1	0	1	2	
0	0	0	0	0	3	1	
0	2	0	3	2	2	1	
0	3	3	3	0	2	2	
0	2	0	3	0	0	1	
0	1	2	3	0	2	1	
0	1	0	2	1	3	3	
0	2	0	3	3	2	1	
0	1	2	0	0	0	0	
0	2	0	1	2	1	1	
0	2	0	3	1	1	2	
0	2	1	3	0	3	1	
3	0	0	0	0	3	3	
0	3	0	1	0	2	0	
0	0	0	0	0	2	2	
0	1	1	3	0	1	0	
0	1	0	1	0	2	2	
0	1	0	0	0	1	0	
0	2	0	0	1	1	3	
0	2	0	3	1	1	2	
0	0	0	3	0	2	2	
1	2	0	3	0	2	2	
0	0	0	0	0	1	2	
0	0	0	2	0	1	1	
0	2	0	1	0	3	3	
0	1	0	2	0	1	2	
0	0	0	0	0	0	2	
0	1	0	0	0	1	2	
0	3	2	2	0	2	1	
0	2	0	0	0	2	1	
0	1	3	1	0	3	2	
0	1	0	3	0	0	0	
0	1	0	2	0	0	2	
--------------------

--------------------
Best Solution Found!
--------------------
Time: 0 hour(s), 0 minute(s), 4 second(s), 461 millisecond(s)

Fitness: 36358

0	3	0	0	0	1	0	
0	0	0	0	0	2	0	
0	2	0	2	0	1	1	
0	2	0	3	0	2	0	
2	1	0	3	0	2	3	
0	1	0	1	0	1	0	
0	1	0	3	0	2	1	
0	3	0	2	0	0	2	
0	0	0	1	0	3	1	
0	1	1	1	0	1	3	
0	0	0	3	0	3	0	
0	1	0	3	0	2	3	
1	0	0	2	0	2	1	
0	3	0	0	0	1	0	
0	3	0	2	0	2	0	
0	2	0	3	0	2	1	
0	2	0	0	0	1	1	
0	0	0	1	0	1	2	
0	0	0	0	0	3	1	
0	2	0	3	2	2	1	
0	3	3	3	0	2	2	
0	2	0	3	0	0	1	
0	1	2	3	0	2	1	
0	1	0	2	1	3	3	
0	2	0	3	3	2	1	
0	1	2	0	0	0	0	
0	2	0	1	2	1	1	
0	2	0	3	1	1	2	
0	2	1	3	0	3	1	
3	0	0	0	0	3	3	
0	3	0	1	0	2	0	
0	0	0	0	0	2	2	
0	1	1	3	0	1	0	
0	1	0	1	0	2	2	
0	1	0	0	0	1	0	
0	2	0	0	1	1	3	
0	2	0	3	1	1	2	
0	0	0	3	0	2	2	
1	2	0	3	0	2	2	
0	0	0	0	0	1	2	
0	0	0	2	0	1	1	
0	2	0	1	0	3	3	
0	1	0	2	0	1	2	
0	0	0	0	0	0	2	
0	1	0	0	0	1	2	
0	3	2	2	0	2	1	
0	2	0	0	0	2	1	
0	1	3	1	0	3	2	
0	1	0	3	0	0	0	
0	1	0	2	0	0	2	
--------------------

--------------------
Best Solution Found!
--------------------
Time: 0 hour(s), 0 minute(s), 4 second(s), 707 millisecond(s)

Fitness: 36355

0	2	0	3	0	3	2	
0	2	0	0	0	3	0	
0	2	0	2	0	2	1	
0	1	0	1	0	2	1	
0	1	0	3	0	1	2	
0	1	0	2	1	1	2	
0	2	0	3	0	2	3	
0	0	0	3	0	2	1	
0	2	0	0	0	3	2	
0	2	0	1	0	2	1	
0	2	0	2	0	0	2	
0	3	0	3	0	1	2	
0	0	0	0	0	0	1	
0	0	0	0	0	2	2	
2	1	0	2	0	2	1	
0	2	0	3	0	1	0	
0	0	0	0	0	2	0	
0	1	0	0	0	1	3	
0	0	0	0	0	2	2	
3	3	3	1	0	0	3	
0	1	1	2	0	1	2	
0	1	0	3	2	3	2	
0	1	0	3	0	2	0	
0	2	2	3	0	3	1	
0	3	0	2	0	0	1	
0	1	0	3	0	2	1	
0	0	0	0	0	1	2	
0	0	0	0	0	3	3	
1	3	0	0	0	0	1	
0	2	0	1	3	1	2	
0	2	0	3	0	1	0	
0	1	0	0	0	0	1	
0	1	0	2	0	2	3	
0	1	0	3	1	2	2	
0	2	2	2	0	1	1	
0	3	2	3	0	2	1	
0	2	0	1	1	1	0	
0	0	0	0	0	3	3	
0	2	0	1	0	2	0	
0	0	0	3	0	1	0	
0	1	0	3	0	2	1	
0	0	1	3	0	2	0	
0	1	3	3	0	1	1	
0	0	0	2	0	1	0	
0	1	0	1	0	2	3	
0	3	1	3	0	1	2	
0	0	0	1	0	1	0	
0	2	0	0	0	3	0	
1	3	0	0	2	2	2	
0	1	0	1	1	1	1	
--------------------

--------------------
Best Solution Found!
--------------------
Time: 0 hour(s), 0 minute(s), 4 second(s), 708 millisecond(s)

Fitness: 36355

0	2	0	3	0	3	2	
0	2	0	0	0	3	0	
0	2	0	2	0	2	1	
0	1	0	1	0	2	1	
0	1	0	3	0	1	2	
0	1	0	2	1	1	2	
0	2	0	3	0	2	3	
0	0	0	3	0	2	1	
0	2	0	0	0	3	2	
0	2	0	1	0	2	1	
0	2	0	2	0	0	2	
0	3	0	3	0	1	2	
0	0	0	0	0	0	1	
0	0	0	0	0	2	2	
2	1	0	2	0	2	1	
0	2	0	3	0	1	0	
0	0	0	0	0	2	0	
0	1	0	0	0	1	3	
0	0	0	0	0	2	2	
3	3	3	1	0	0	3	
0	1	1	2	0	1	2	
0	1	0	3	2	3	2	
0	1	0	3	0	2	0	
0	2	2	3	0	3	1	
0	3	0	2	0	0	1	
0	1	0	3	0	2	1	
0	0	0	0	0	1	2	
0	0	0	0	0	3	3	
1	3	0	0	0	0	1	
0	2	0	1	3	1	2	
0	2	0	3	0	1	0	
0	1	0	0	0	0	1	
0	1	0	2	0	2	3	
0	1	0	3	1	2	2	
0	2	2	2	0	1	1	
0	3	2	3	0	2	1	
0	2	0	1	1	1	0	
0	0	0	0	0	3	3	
0	2	0	1	0	2	0	
0	0	0	3	0	1	0	
0	1	0	3	0	2	1	
0	0	1	3	0	2	0	
0	1	3	3	0	1	1	
0	0	0	2	0	1	0	
0	1	0	1	0	2	3	
0	3	1	3	0	1	2	
0	0	0	1	0	1	0	
0	2	0	0	0	3	0	
1	3	0	0	2	2	2	
0	1	0	1	1	1	1	
--------------------

--------------------
Best Solution Found!
--------------------
Time: 0 hour(s), 0 minute(s), 8 second(s), 452 millisecond(s)

Fitness: 36353

2	3	0	2	0	0	0	
0	2	1	3	0	1	3	
0	0	0	3	3	1	2	
3	2	0	3	0	1	1	
0	3	1	3	0	2	2	
0	1	0	0	0	3	2	
0	0	2	2	0	3	0	
0	0	0	2	0	2	2	
0	3	0	1	0	3	1	
0	0	0	0	0	2	0	
0	0	0	1	0	0	1	
0	1	0	1	1	2	2	
0	0	0	1	0	2	0	
0	2	3	2	0	1	1	
0	1	0	3	1	1	2	
0	2	0	0	0	0	1	
0	0	0	0	0	2	2	
0	1	0	1	0	2	0	
0	2	0	3	0	2	2	
0	2	0	2	0	1	3	
1	0	0	3	0	3	2	
0	2	0	3	1	3	3	
0	2	0	1	0	3	0	
0	3	0	2	1	2	1	
0	1	0	3	0	1	1	
0	0	0	0	0	1	1	
0	3	0	3	0	1	0	
0	0	0	2	0	1	0	
0	1	0	0	0	0	1	
0	1	0	0	0	2	0	
0	2	0	0	0	1	3	
0	1	1	2	0	1	2	
0	2	0	0	0	0	2	
0	1	0	0	0	1	0	
0	1	0	3	0	1	0	
0	3	2	3	0	3	3	
0	3	3	3	0	2	1	
0	2	0	3	0	2	1	
0	2	0	3	0	1	1	
0	2	0	1	2	0	3	
0	1	0	1	2	3	1	
1	2	0	3	0	2	2	
0	1	2	1	0	2	1	
0	1	0	3	0	2	2	
0	2	0	3	0	2	1	
0	1	0	0	0	2	2	
0	0	0	0	0	2	0	
0	1	0	0	0	1	1	
0	1	0	2	0	2	2	
0	0	0	0	0	1	3	
--------------------

--------------------
Best Solution Found!
--------------------
Time: 0 hour(s), 0 minute(s), 21 second(s), 723 millisecond(s)

Fitness: 36349

0	1	0	0	0	1	1	
0	1	1	3	0	2	1	
0	0	0	0	0	2	0	
0	1	0	2	1	1	2	
0	3	0	1	0	3	2	
0	3	0	0	0	2	0	
0	3	0	3	0	0	1	
0	1	0	0	0	0	3	
0	2	0	1	0	1	0	
0	0	0	1	0	1	1	
0	2	0	2	0	1	2	
0	2	0	3	0	2	0	
1	1	0	2	0	2	1	
0	1	0	0	0	2	1	
2	3	2	0	0	2	3	
0	1	0	3	0	0	0	
0	0	0	0	0	0	0	
0	2	0	0	0	1	0	
0	1	0	0	0	2	2	
0	1	0	2	0	3	0	
0	2	0	3	0	2	2	
0	2	0	3	2	1	1	
0	2	0	3	0	1	1	
0	0	0	3	0	1	2	
0	0	2	0	0	1	2	
0	2	0	1	0	1	3	
0	1	0	3	2	2	1	
0	1	2	3	0	3	1	
1	1	0	2	0	3	1	
0	0	0	0	0	1	3	
0	0	0	1	0	2	0	
0	2	0	3	0	3	1	
0	0	3	3	1	0	0	
0	0	0	2	0	1	2	
0	0	1	0	0	2	0	
0	2	0	0	0	2	2	
0	0	0	1	0	1	3	
0	1	0	1	0	3	2	
0	0	0	2	0	2	0	
3	2	0	3	0	2	1	
0	3	0	0	0	2	3	
0	2	0	2	0	3	3	
0	3	0	3	1	1	1	
0	2	0	3	3	1	2	
0	1	0	1	1	2	1	
0	3	1	3	0	3	2	
0	2	0	2	0	1	2	
0	1	0	3	0	0	2	
0	2	3	3	0	2	1	
0	1	0	1	0	2	2	
--------------------

--------------------
Best Solution Found!
--------------------
Time: 0 hour(s), 0 minute(s), 32 second(s), 180 millisecond(s)

Fitness: 36338

0	2	0	3	0	2	3	
0	2	0	0	1	2	2	
0	1	0	0	0	1	1	
0	0	3	1	0	1	1	
0	2	0	3	0	2	1	
0	1	0	0	0	3	3	
0	0	1	3	0	1	1	
0	1	0	3	0	3	0	
0	0	0	3	0	2	2	
0	3	2	3	0	1	2	
0	0	0	0	0	2	0	
0	3	0	0	0	1	1	
0	1	3	1	0	3	1	
0	0	0	0	0	2	0	
0	1	0	2	0	2	2	
0	2	0	3	1	1	2	
0	3	2	3	0	2	2	
0	0	0	2	0	2	1	
0	3	0	0	0	0	0	
0	0	2	0	0	0	3	
0	1	0	3	0	0	2	
0	0	0	2	0	2	3	
1	2	0	2	0	3	3	
0	1	0	1	3	1	2	
0	0	0	3	0	3	1	
1	3	0	0	0	2	1	
0	2	0	0	0	2	0	
0	1	0	2	0	1	0	
0	2	0	2	0	2	0	
0	1	0	0	0	2	2	
0	0	0	3	0	1	0	
3	3	0	1	0	1	1	
0	2	0	3	0	2	1	
2	1	0	3	0	1	2	
0	2	0	2	1	3	2	
0	1	0	3	0	1	1	
0	2	0	3	0	0	0	
0	3	1	3	0	2	1	
0	0	0	0	0	1	3	
0	1	0	1	2	1	2	
0	1	0	0	0	2	0	
0	1	1	3	0	1	2	
0	1	0	2	2	1	1	
0	2	0	1	0	0	0	
0	2	0	1	0	3	0	
0	1	0	0	0	3	2	
0	2	0	1	0	1	1	
0	2	0	2	0	0	1	
0	2	0	1	1	2	2	
0	0	0	3	0	2	3	
--------------------

--------------------
Best Solution Found!
--------------------
Time: 0 hour(s), 0 minute(s), 32 second(s), 181 millisecond(s)

Fitness: 36338

0	2	0	3	0	2	3	
0	2	0	0	1	2	2	
0	1	0	0	0	1	1	
0	0	3	1	0	1	1	
0	2	0	3	0	2	1	
0	1	0	0	0	3	3	
0	0	1	3	0	1	1	
0	1	0	3	0	3	0	
0	0	0	3	0	2	2	
0	3	2	3	0	1	2	
0	0	0	0	0	2	0	
0	3	0	0	0	1	1	
0	1	3	1	0	3	1	
0	0	0	0	0	2	0	
0	1	0	2	0	2	2	
0	2	0	3	1	1	2	
0	3	2	3	0	2	2	
0	0	0	2	0	2	1	
0	3	0	0	0	0	0	
0	0	2	0	0	0	3	
0	1	0	3	0	0	2	
0	0	0	2	0	2	3	
1	2	0	2	0	3	3	
0	1	0	1	3	1	2	
0	0	0	3	0	3	1	
1	3	0	0	0	2	1	
0	2	0	0	0	2	0	
0	1	0	2	0	1	0	
0	2	0	2	0	2	0	
0	1	0	0	0	2	2	
0	0	0	3	0	1	0	
3	3	0	1	0	1	1	
0	2	0	3	0	2	1	
2	1	0	3	0	1	2	
0	2	0	2	1	3	2	
0	1	0	3	0	1	1	
0	2	0	3	0	0	0	
0	3	1	3	0	2	1	
0	0	0	0	0	1	3	
0	1	0	1	2	1	2	
0	1	0	0	0	2	0	
0	1	1	3	0	1	2	
0	1	0	2	2	1	1	
0	2	0	1	0	0	0	
0	2	0	1	0	3	0	
0	1	0	0	0	3	2	
0	2	0	1	0	1	1	
0	2	0	2	0	0	1	
0	2	0	1	1	2	2	
0	0	0	3	0	2	3	
--------------------

--------------------
Best Solution Found!
--------------------
Time: 0 hour(s), 0 minute(s), 57 second(s), 51 millisecond(s)

Fitness: 35358

0	2	3	3	0	1	2	
0	2	2	1	0	1	2	
3	2	0	1	0	2	1	
0	0	0	3	0	3	0	
1	2	0	1	0	2	1	
0	1	0	2	0	2	0	
0	1	2	2	0	1	2	
0	2	0	0	0	1	1	
0	1	0	3	0	0	0	
0	1	0	2	3	2	2	
0	2	0	0	0	1	0	
0	1	0	0	1	0	2	
0	0	0	2	0	2	1	
0	3	1	3	0	2	3	
0	1	1	2	0	2	2	
0	1	0	3	2	2	1	
2	3	0	3	0	1	3	
0	1	0	3	0	1	2	
0	3	0	0	0	1	2	
0	0	0	1	0	1	0	
0	1	2	3	0	2	3	
0	2	0	0	2	2	3	
0	1	0	2	0	0	1	
0	0	0	0	0	2	1	
0	2	0	3	0	1	1	
0	2	0	0	1	3	0	
0	1	0	2	0	3	0	
0	1	0	0	0	3	1	
0	0	0	3	0	2	1	
0	3	0	1	1	2	2	
0	1	0	0	0	0	0	
0	0	0	0	0	3	1	
0	1	0	3	0	2	2	
0	2	0	2	0	1	1	
0	1	3	3	0	2	2	
0	0	0	3	0	2	0	
0	3	0	1	0	0	2	
0	0	0	3	0	2	1	
0	1	0	3	0	2	0	
0	0	0	1	0	1	0	
0	2	0	0	0	1	0	
0	0	0	3	0	1	3	
0	3	0	0	0	3	2	
0	0	0	3	0	3	1	
0	2	0	1	0	0	3	
1	2	0	2	0	3	1	
0	3	1	0	0	1	2	
0	2	0	1	1	2	1	
0	2	0	3	0	1	3	
0	0	0	0	0	1	2	
--------------------

--------------------
Best Solution Found!
--------------------
Time: 0 hour(s), 0 minute(s), 57 second(s), 51 millisecond(s)

Fitness: 35358

0	2	3	3	0	1	2	
0	2	2	1	0	1	2	
3	2	0	1	0	2	1	
0	0	0	3	0	3	0	
1	2	0	1	0	2	1	
0	1	0	2	0	2	0	
0	1	2	2	0	1	2	
0	2	0	0	0	1	1	
0	1	0	3	0	0	0	
0	1	0	2	3	2	2	
0	2	0	0	0	1	0	
0	1	0	0	1	0	2	
0	0	0	2	0	2	1	
0	3	1	3	0	2	3	
0	1	1	2	0	2	2	
0	1	0	3	2	2	1	
2	3	0	3	0	1	3	
0	1	0	3	0	1	2	
0	3	0	0	0	1	2	
0	0	0	1	0	1	0	
0	1	2	3	0	2	3	
0	2	0	0	2	2	3	
0	1	0	2	0	0	1	
0	0	0	0	0	2	1	
0	2	0	3	0	1	1	
0	2	0	0	1	3	0	
0	1	0	2	0	3	0	
0	1	0	0	0	3	1	
0	0	0	3	0	2	1	
0	3	0	1	1	2	2	
0	1	0	0	0	0	0	
0	0	0	0	0	3	1	
0	1	0	3	0	2	2	
0	2	0	2	0	1	1	
0	1	3	3	0	2	2	
0	0	0	3	0	2	0	
0	3	0	1	0	0	2	
0	0	0	3	0	2	1	
0	1	0	3	0	2	0	
0	0	0	1	0	1	0	
0	2	0	0	0	1	0	
0	0	0	3	0	1	3	
0	3	0	0	0	3	2	
0	0	0	3	0	3	1	
0	2	0	1	0	0	3	
1	2	0	2	0	3	1	
0	3	1	0	0	1	2	
0	2	0	1	1	2	1	
0	2	0	3	0	1	3	
0	0	0	0	0	1	2	
--------------------

--------------------
Best Solution Found!
--------------------
Time: 0 hour(s), 0 minute(s), 57 second(s), 52 millisecond(s)

Fitness: 35358

0	2	3	3	0	1	2	
0	2	2	1	0	1	2	
3	2	0	1	0	2	1	
0	0	0	3	0	3	0	
1	2	0	1	0	2	1	
0	1	0	2	0	2	0	
0	1	2	2	0	1	2	
0	2	0	0	0	1	1	
0	1	0	3	0	0	0	
0	1	0	2	3	2	2	
0	2	0	0	0	1	0	
0	1	0	0	1	0	2	
0	0	0	2	0	2	1	
0	3	1	3	0	2	3	
0	1	1	2	0	2	2	
0	1	0	3	2	2	1	
2	3	0	3	0	1	3	
0	1	0	3	0	1	2	
0	3	0	0	0	1	2	
0	0	0	1	0	1	0	
0	1	2	3	0	2	3	
0	2	0	0	2	2	3	
0	1	0	2	0	0	1	
0	0	0	0	0	2	1	
0	2	0	3	0	1	1	
0	2	0	0	1	3	0	
0	1	0	2	0	3	0	
0	1	0	0	0	3	1	
0	0	0	3	0	2	1	
0	3	0	1	1	2	2	
0	1	0	0	0	0	0	
0	0	0	0	0	3	1	
0	1	0	3	0	2	2	
0	2	0	2	0	1	1	
0	1	3	3	0	2	2	
0	0	0	3	0	2	0	
0	3	0	1	0	0	2	
0	0	0	3	0	2	1	
0	1	0	3	0	2	0	
0	0	0	1	0	1	0	
0	2	0	0	0	1	0	
0	0	0	3	0	1	3	
0	3	0	0	0	3	2	
0	0	0	3	0	3	1	
0	2	0	1	0	0	3	
1	2	0	2	0	3	1	
0	3	1	0	0	1	2	
0	2	0	1	1	2	1	
0	2	0	3	0	1	3	
0	0	0	0	0	1	2	
--------------------

-

