--------------------
Best Solution Found!
--------------------
Time: 0 hour(s), 0 minute(s), 0 second(s), 2 millisecond(s)

Fitness: 330078

0	2	2	3	0	0	0	0	1	0	2	0	0	2	0	0	1	2	2	0	2	0	3	2	0	0	0	1	
0	1	1	0	2	1	0	2	0	2	2	0	0	0	0	0	1	1	0	0	2	0	1	0	1	0	1	2	
0	2	1	1	2	1	0	2	0	0	2	0	0	0	0	0	1	1	0	3	2	1	0	2	0	0	1	2	
0	2	1	0	2	0	0	2	1	2	1	0	0	2	0	2	1	1	2	0	2	1	1	2	0	0	2	2	
0	2	1	0	3	1	0	3	0	0	2	0	0	0	0	0	1	2	0	3	2	1	3	0	0	0	1	2	
0	2	1	0	2	1	0	3	0	0	3	0	0	0	0	0	2	2	0	0	2	1	0	0	0	0	2	2	
0	2	0	0	2	1	0	2	0	0	3	0	0	0	0	0	1	2	0	0	0	0	1	2	1	0	0	2	
1	0	0	0	2	3	0	2	1	0	2	0	0	0	0	0	1	1	0	1	3	1	0	0	0	0	1	2	
0	1	1	0	2	1	0	2	0	0	3	0	0	0	2	2	1	2	0	0	2	1	0	2	0	0	2	1	
0	0	1	0	1	1	0	2	0	0	2	0	0	2	2	0	1	2	0	0	2	1	0	2	0	2	0	2	
1	2	2	0	2	1	0	2	0	0	2	0	0	0	0	2	1	2	0	0	2	1	0	2	1	0	1	2	
0	2	1	0	2	2	0	3	0	0	2	0	0	0	0	0	1	2	0	0	1	1	0	2	0	0	1	2	
0	0	1	0	2	1	0	2	0	2	2	0	0	0	3	0	1	2	0	0	2	1	0	2	1	3	0	2	
1	2	1	3	2	1	0	0	0	2	2	0	0	0	0	0	2	2	1	0	3	1	0	2	0	0	1	2	
0	2	1	3	2	3	2	2	0	0	2	0	1	0	0	0	1	2	0	0	2	1	0	0	0	0	1	2	
0	2	1	0	1	1	0	2	0	0	2	0	0	0	0	0	1	2	0	0	2	2	0	1	0	0	1	2	
0	2	1	0	2	0	0	2	0	0	2	0	0	0	0	0	1	1	0	0	0	0	1	0	0	0	2	2	
0	2	0	0	2	1	2	2	0	1	3	0	3	0	1	0	1	2	0	0	2	1	0	1	0	0	1	2	
0	2	2	0	2	0	0	2	0	0	2	0	0	0	0	0	1	2	0	0	2	1	0	2	0	0	0	2	
0	2	2	0	2	1	0	2	1	2	2	0	0	2	0	0	1	2	0	3	2	0	0	0	0	2	0	2	
3	0	2	0	2	1	1	0	0	0	3	0	0	0	0	2	1	1	0	0	2	3	0	2	0	0	1	2	
0	2	2	0	2	1	0	2	0	0	3	0	0	0	0	0	1	2	0	0	2	1	0	2	1	0	1	1	
0	2	1	0	2	1	1	2	0	2	2	0	0	0	2	0	1	2	0	0	2	3	1	2	0	2	1	1	
0	1	1	0	2	3	0	3	1	0	2	0	0	0	0	0	1	2	0	0	2	2	0	2	0	0	1	0	
0	2	1	0	2	1	0	2	0	0	2	0	0	0	0	0	0	1	0	0	1	1	1	2	0	2	1	2	
0	1	0	0	2	1	0	0	0	0	2	0	0	2	0	0	1	2	0	0	2	1	0	2	0	0	1	1	
0	2	1	3	0	0	0	0	0	2	2	0	3	0	0	0	1	2	0	0	3	1	0	1	0	0	1	1	
0	2	1	0	3	1	0	2	2	0	2	0	3	0	0	0	2	2	0	1	3	1	0	2	0	0	1	2	
0	2	1	0	0	1	0	2	0	2	2	0	3	0	0	0	2	1	0	3	2	1	0	1	0	0	1	2	
0	2	2	0	2	0	1	0	0	0	2	0	0	0	0	0	1	0	0	0	2	1	1	1	0	2	1	0	
0	1	1	0	2	1	0	2	1	0	3	0	0	2	0	0	2	2	2	0	1	3	0	0	0	0	2	1	
0	0	1	3	2	1	0	2	0	0	2	0	0	0	2	0	1	1	0	0	0	1	1	2	0	0	0	0	
0	2	1	0	3	2	0	2	0	0	2	0	0	0	0	0	1	2	0	0	2	1	0	2	0	2	2	2	
0	0	2	0	2	0	1	2	0	0	2	0	0	0	2	0	1	2	0	0	2	2	0	2	2	2	1	2	
0	0	1	0	2	1	1	2	0	2	2	0	0	2	2	0	1	2	1	0	0	1	0	0	0	0	1	2	
0	2	1	3	3	1	0	2	0	0	2	0	3	0	2	0	1	1	0	3	0	1	0	2	0	0	1	2	
0	2	1	0	2	1	0	2	0	0	2	0	0	0	0	0	2	2	0	0	2	2	0	0	0	0	1	0	
0	1	1	0	2	1	1	2	1	0	3	0	0	0	0	2	1	2	0	0	2	1	0	2	0	2	1	2	
3	0	0	0	1	0	1	2	0	0	2	0	0	0	2	0	0	2	2	0	2	1	0	0	0	2	1	2	
0	2	1	0	2	1	1	2	0	0	2	0	0	0	0	0	2	2	0	3	0	1	0	2	0	0	2	2	
0	2	1	0	2	3	0	0	0	0	2	0	0	0	0	0	1	2	0	0	3	0	0	2	0	0	1	0	
1	2	1	0	3	3	0	0	0	0	2	0	0	0	0	2	1	2	0	0	2	0	1	2	0	2	1	2	
1	2	2	0	2	1	0	3	2	0	2	0	0	2	0	0	1	2	2	0	2	0	0	1	0	0	1	2	
0	2	1	0	2	1	1	3	1	0	3	0	0	0	0	1	1	2	0	0	3	1	0	1	0	0	2	2	
0	2	0	3	3	1	0	2	1	0	2	2	0	0	0	0	1	2	0	0	1	1	3	2	0	0	1	2	
1	2	1	0	2	0	0	0	0	0	2	0	0	0	2	0	2	2	0	0	0	2	0	2	0	0	1	2	
0	2	1	0	2	3	2	3	2	0	2	0	0	2	0	0	2	2	0	0	0	3	0	0	1	0	0	1	
0	2	1	1	2	1	0	0	0	0	1	3	0	0	0	0	2	2	0	0	2	1	0	0	0	0	1	2	
0	1	0	0	2	1	0	3	0	0	2	2	0	0	2	1	1	2	0	0	0	3	0	2	0	0	1	1	
0	2	1	0	0	0	0	2	0	0	2	0	3	1	0	0	0	2	0	0	2	1	0	2	0	0	2	2	
0	1	2	0	2	1	0	2	0	2	2	0	0	0	0	0	1	2	0	0	2	1	0	2	0	0	0	1	
0	2	0	0	2	1	1	3	0	0	2	0	0	0	0	2	0	1	0	0	2	1	0	1	0	0	1	2	
1	2	1	0	2	1	0	2	0	1	2	0	0	2	0	0	1	2	0	3	2	1	0	2	0	0	1	2	
0	0	1	3	2	1	0	2	0	0	2	0	3	0	2	0	1	2	0	0	2	1	0	2	0	3	2	2	
0	1	1	0	2	2	1	3	1	0	2	0	0	0	2	0	1	2	0	0	0	2	0	1	0	0	0	2	
1	2	2	0	3	1	0	0	0	0	2	0	0	2	0	0	2	2	0	0	0	1	0	2	0	0	1	2	
0	2	1	0	3	1	0	0	1	0	2	0	1	0	0	0	1	2	0	0	2	1	0	2	0	0	1	2	
0	2	1	0	0	0	0	2	0	0	2	0	0	0	0	0	1	2	0	0	2	1	1	1	0	0	1	2	
0	1	1	0	0	1	0	2	0	1	2	0	0	1	3	0	1	1	0	0	0	1	0	2	0	0	1	1	
0	0	1	0	2	3	0	2	0	0	3	0	0	1	0	0	1	2	1	0	2	1	0	2	0	0	1	2	
--------------------

--------------------
Best Solution Found!
--------------------
Time: 0 hour(s), 0 minute(s), 0 second(s), 3 millisecond(s)

Fitness: 329108

0	0	2	0	2	1	0	0	0	0	2	0	0	2	0	2	1	2	0	0	2	1	0	2	0	0	1	2	
1	2	1	3	2	1	0	3	0	2	3	0	0	0	0	0	1	2	0	0	2	1	0	0	0	0	1	2	
0	2	1	0	3	1	2	2	1	0	2	0	0	0	0	0	1	2	0	0	2	1	1	2	0	0	1	2	
0	2	1	3	2	1	0	2	0	0	2	0	0	0	0	0	2	2	2	0	3	1	3	1	1	0	2	2	
0	0	2	3	2	1	1	2	0	0	2	0	0	0	0	0	1	2	0	3	2	1	0	0	0	0	2	2	
0	2	1	0	1	1	0	2	0	0	2	0	0	0	0	1	1	1	0	0	2	1	3	2	0	2	2	1	
0	2	1	0	2	1	1	3	1	0	2	0	0	0	0	0	0	1	0	3	1	1	1	2	0	0	1	2	
3	2	1	0	2	1	0	2	2	0	2	0	0	2	0	0	1	2	0	0	2	3	0	0	0	0	2	1	
0	0	1	0	2	0	0	3	0	0	3	0	0	0	0	2	1	2	0	0	0	1	0	2	0	2	1	2	
0	2	2	0	2	1	1	2	0	0	1	0	0	0	0	0	1	2	0	0	2	1	0	2	0	0	1	2	
0	2	1	0	0	0	0	2	0	0	2	0	0	0	3	0	1	1	0	0	2	1	0	2	0	2	1	2	
0	2	1	0	0	1	0	2	0	2	2	0	0	0	0	0	1	1	0	0	2	1	0	2	0	0	1	2	
0	2	1	0	0	1	0	2	1	2	2	3	3	0	0	0	2	1	0	3	0	3	0	0	0	2	0	2	
0	2	1	0	3	1	0	2	0	2	2	0	0	2	0	0	1	2	0	0	0	2	0	2	1	0	1	2	
0	1	1	3	0	1	1	2	0	0	2	0	0	0	0	0	1	1	0	0	2	1	0	0	1	0	1	1	
0	1	1	0	3	1	1	2	1	2	3	0	0	0	0	0	1	2	0	0	0	1	0	1	0	2	2	2	
0	0	1	0	2	1	2	0	0	0	2	0	0	0	2	0	1	1	0	0	2	1	0	2	0	0	1	2	
0	2	1	0	0	3	0	2	0	0	3	0	0	2	0	0	1	2	1	0	2	0	0	0	0	0	1	1	
0	2	1	0	2	1	0	2	0	0	2	0	0	0	0	0	1	2	0	0	3	1	0	2	0	0	1	0	
0	2	0	0	2	1	0	2	0	1	2	0	0	2	0	0	1	2	0	1	0	0	0	0	0	0	1	2	
0	2	1	0	1	0	0	2	0	1	3	0	1	0	2	0	2	1	0	0	1	2	1	0	0	0	1	1	
0	1	1	0	2	1	0	2	0	0	2	0	0	0	0	0	1	2	0	0	3	3	0	2	1	0	0	2	
1	2	0	0	2	3	0	2	1	0	2	0	0	0	0	0	2	2	1	0	2	1	0	1	0	0	0	2	
0	2	1	0	2	3	2	0	0	0	2	0	0	0	1	0	1	2	0	0	2	1	0	1	0	0	2	2	
1	2	1	0	2	3	0	3	0	2	2	0	0	0	0	0	2	2	0	0	2	0	1	2	0	0	2	2	
0	2	0	3	2	0	1	2	0	0	3	0	0	0	2	0	1	2	0	0	2	1	1	2	0	0	1	2	
0	2	1	0	3	0	0	0	0	0	2	0	0	2	0	0	1	2	0	0	2	1	0	2	1	0	1	2	
0	2	1	0	3	0	0	0	1	0	2	0	0	0	0	0	1	2	2	3	1	0	0	0	0	0	1	2	
0	2	2	0	2	3	0	0	2	0	2	0	0	0	0	0	1	2	0	0	2	0	0	2	0	0	0	2	
0	0	1	0	2	1	0	2	0	2	3	0	3	0	0	0	1	2	0	0	0	3	0	0	0	2	2	2	
3	2	1	0	2	1	1	2	0	0	2	0	0	0	0	2	1	2	1	0	2	1	1	2	0	2	1	1	
0	2	1	0	2	2	0	2	1	0	2	0	0	0	0	0	0	2	0	0	0	1	0	1	0	2	1	1	
1	2	0	0	2	1	0	0	0	2	1	0	0	0	0	0	1	2	0	0	2	2	0	2	0	0	1	2	
0	0	2	0	2	3	0	3	1	0	2	0	0	0	0	2	1	2	0	0	2	2	0	1	0	0	1	0	
0	2	1	0	2	0	0	0	0	0	2	2	0	2	2	0	1	2	0	3	0	1	0	2	0	0	0	2	
0	1	1	0	2	0	1	3	0	0	2	0	0	1	0	0	1	1	0	0	2	2	1	0	0	0	1	1	
0	1	1	0	2	1	0	2	0	0	3	0	1	0	0	0	1	2	0	0	3	1	0	2	0	0	1	2	
0	0	0	0	3	3	0	2	0	0	2	0	3	0	0	0	1	2	0	0	2	1	0	2	0	0	1	2	
0	0	1	1	2	1	0	3	0	0	2	0	0	1	2	0	1	2	0	0	0	1	1	2	0	0	1	2	
0	2	1	0	0	1	0	2	0	0	2	0	3	0	0	0	0	2	0	0	0	1	0	2	0	0	0	2	
0	2	2	0	2	1	0	2	1	2	2	0	0	0	2	2	1	2	0	0	3	1	1	1	0	0	2	2	
0	2	1	0	3	1	1	2	0	0	2	0	0	0	2	0	1	2	0	0	2	1	0	2	0	3	1	2	
0	1	0	3	2	0	0	2	1	0	2	0	0	2	0	0	1	2	0	0	1	1	0	0	0	0	1	1	
0	1	1	0	3	1	0	3	0	0	2	0	0	0	0	2	2	2	0	0	0	1	0	2	2	2	1	2	
0	2	2	0	2	1	0	2	0	0	2	0	0	2	0	0	1	1	0	0	2	1	0	2	0	0	0	2	
0	2	2	0	2	1	1	3	0	0	2	2	0	2	0	0	2	2	2	0	2	2	0	1	0	0	1	2	
1	2	1	0	2	1	0	0	2	0	2	0	0	0	0	0	1	2	0	3	3	1	0	2	0	0	1	0	
0	0	1	1	2	1	0	2	0	0	2	0	0	0	0	0	2	2	0	0	0	1	0	0	0	0	1	2	
0	0	0	0	2	2	0	2	0	0	2	0	0	0	2	0	1	1	2	0	2	1	3	2	0	3	1	2	
0	2	1	0	2	1	1	2	0	0	3	0	0	0	2	0	1	2	0	1	2	0	1	1	0	0	0	2	
1	2	1	3	2	0	0	2	0	0	2	0	0	0	3	0	1	2	0	0	2	1	0	1	0	0	0	0	
1	1	2	0	2	1	0	2	0	2	2	0	0	2	0	0	2	2	0	3	2	1	0	2	0	0	1	2	
0	2	1	0	1	1	0	2	0	1	2	0	3	0	0	1	1	2	0	0	2	1	0	2	1	0	1	2	
0	2	1	0	2	1	0	3	0	0	2	0	0	0	2	0	2	2	0	0	2	3	0	2	0	0	2	0	
0	1	1	0	2	1	0	0	0	0	2	0	3	0	2	0	1	0	2	0	2	1	0	2	0	2	1	2	
1	2	1	0	2	1	0	0	0	0	2	0	0	0	0	2	1	2	0	0	2	0	0	2	0	0	1	1	
0	1	2	0	2	0	0	2	0	0	2	0	0	0	0	0	1	2	0	0	2	1	0	2	0	0	0	2	
0	2	0	3	2	1	0	0	0	0	2	0	0	0	0	0	1	1	0	0	2	1	0	2	0	0	1	2	
0	2	1	0	2	2	0	2	1	0	2	0	0	1	2	0	2	2	0	0	2	0	0	2	0	0	1	1	
0	2	2	0	2	1	0	2	0	0	3	0	3	0	0	0	0	2	0	0	2	1	0	2	0	0	1	2	
--------------------

--------------------
Best Solution Found!
--------------------
Time: 0 hour(s), 0 minute(s), 0 second(s), 5 millisecond(s)

Fitness: 325066

0	2	0	0	0	1	0	2	0	0	2	0	0	0	2	0	1	2	0	0	2	1	0	2	0	0	1	2	
0	1	1	0	2	1	0	2	1	0	2	0	0	0	0	0	1	1	0	0	0	1	0	2	0	0	1	2	
0	0	1	1	2	1	0	2	0	2	2	0	0	0	0	0	2	1	0	0	3	1	1	1	0	0	1	2	
0	2	2	0	0	1	0	3	2	0	2	0	0	0	1	0	1	2	0	0	2	1	0	2	0	0	1	2	
0	2	0	0	2	1	0	0	0	0	2	0	0	0	0	0	1	2	0	0	3	1	1	0	0	0	2	2	
0	0	1	0	1	0	0	3	1	0	3	0	0	0	3	0	1	0	0	0	2	0	3	2	0	0	0	2	
1	1	2	0	2	0	0	3	0	0	2	0	0	2	0	0	2	2	0	0	0	1	0	2	0	0	1	2	
1	2	1	0	2	1	0	3	1	2	2	0	0	0	0	0	1	2	0	0	2	3	0	0	0	3	0	2	
0	0	2	0	2	3	0	2	1	0	3	0	0	0	0	0	0	2	0	3	2	1	1	2	0	0	0	1	
0	2	1	3	2	1	0	2	0	2	1	0	3	2	2	0	2	1	0	0	3	1	0	2	0	0	1	2	
1	2	1	0	3	1	0	0	0	0	3	0	0	0	0	0	1	2	0	1	1	1	0	2	0	2	1	1	
3	2	1	0	2	1	0	2	1	0	2	0	0	0	2	0	1	2	0	0	2	2	0	2	0	2	1	2	
0	1	2	0	1	1	1	2	0	1	2	0	0	0	0	0	1	2	0	0	2	0	0	2	0	0	1	1	
0	2	0	0	2	0	0	2	0	0	2	0	0	0	0	2	1	2	0	0	2	1	0	2	0	0	1	2	
0	2	1	0	3	0	2	3	1	0	2	0	0	0	0	0	1	2	0	3	1	0	1	1	0	0	1	2	
0	1	0	0	2	1	0	2	0	2	1	0	0	2	0	0	1	2	0	0	2	3	0	0	0	0	2	1	
0	0	2	0	2	1	1	0	0	0	3	0	0	0	0	0	1	1	2	0	3	2	0	0	0	0	1	2	
0	2	1	0	2	1	0	2	0	0	2	0	0	0	2	0	1	1	0	0	2	1	0	0	1	0	1	2	
0	1	2	0	2	1	0	2	0	0	2	0	3	0	0	0	1	2	0	0	2	1	0	2	0	2	1	1	
0	2	0	0	2	1	0	2	1	0	2	0	0	0	0	2	1	2	0	0	0	0	0	2	0	0	0	0	
0	2	1	0	3	1	0	2	0	0	2	2	0	0	0	0	1	2	0	0	2	1	0	1	0	2	2	2	
0	1	1	0	2	1	0	0	2	0	3	0	0	0	0	0	0	2	0	0	2	1	1	1	0	0	1	2	
0	2	1	0	2	1	0	0	0	2	2	0	0	0	0	0	1	1	0	0	2	1	0	2	0	2	0	2	
0	0	1	0	3	3	0	3	0	0	2	2	3	0	0	0	2	2	0	0	1	2	3	2	0	2	0	1	
0	2	1	0	2	2	1	2	0	0	2	0	0	0	2	0	2	2	2	0	2	1	0	2	0	0	1	2	
0	0	0	0	2	3	0	0	0	0	2	0	0	2	3	0	1	2	1	0	2	1	0	1	0	0	0	1	
0	2	1	0	2	1	0	0	0	0	2	0	0	0	0	0	1	2	0	0	0	0	0	2	0	0	1	2	
0	2	1	3	2	1	0	2	0	2	2	0	0	2	0	0	1	2	0	0	2	1	0	0	0	3	1	1	
0	2	1	0	2	0	1	2	1	0	2	0	0	0	0	0	1	2	0	0	2	1	0	2	0	0	1	2	
0	2	1	0	2	1	0	2	0	0	2	0	3	0	0	0	1	1	0	0	0	1	0	2	0	2	1	2	
0	2	1	0	2	1	0	2	0	2	2	0	0	0	0	2	1	2	2	0	2	1	0	2	1	0	1	2	
0	0	2	1	2	2	0	2	0	0	2	0	0	2	0	1	2	2	0	3	2	1	0	0	0	0	2	2	
0	2	1	0	3	3	0	0	0	0	2	0	0	0	0	0	1	2	0	0	0	3	0	2	0	0	2	2	
3	1	1	0	2	1	0	2	0	0	2	0	0	2	0	2	1	2	0	0	2	3	0	2	0	0	1	2	
0	2	1	3	1	1	0	2	0	0	3	0	3	0	2	0	0	2	0	0	2	1	0	1	0	0	1	2	
1	2	1	3	3	1	0	2	1	0	2	0	0	0	0	0	1	2	2	0	0	2	0	2	0	0	1	2	
1	1	1	0	2	1	0	0	0	0	2	0	0	0	0	0	2	2	0	0	1	1	3	2	1	0	1	2	
0	2	1	0	2	3	0	2	0	1	2	0	0	2	0	0	1	2	0	0	2	1	0	0	0	0	1	2	
0	1	1	0	0	0	0	2	0	0	3	0	0	0	2	0	1	2	0	0	2	1	1	0	0	0	1	2	
0	2	2	0	2	0	1	3	0	0	2	0	0	0	0	0	1	2	0	0	0	2	0	1	0	2	1	2	
0	2	0	0	2	1	0	2	0	0	2	0	0	0	0	0	2	2	0	0	3	1	0	2	0	2	1	2	
0	2	1	0	2	0	1	2	0	2	2	0	0	1	0	0	1	2	1	0	2	1	0	2	0	0	1	2	
0	2	2	0	2	0	0	2	0	0	2	0	0	0	0	0	1	2	0	0	2	0	1	0	0	0	1	1	
0	2	1	3	2	1	0	0	1	0	2	0	0	1	2	2	1	1	0	0	2	1	0	2	0	0	0	2	
0	0	1	3	2	1	1	2	0	2	3	3	0	0	0	0	2	2	0	0	3	1	0	2	0	0	1	2	
0	0	1	3	2	2	2	2	0	0	2	0	1	0	0	0	1	2	0	0	2	1	1	1	0	0	0	2	
0	2	1	0	0	1	0	0	0	0	2	0	0	0	0	0	2	1	0	0	0	0	0	2	1	0	2	2	
0	0	1	0	0	1	0	0	0	0	2	0	0	0	0	0	1	1	0	0	2	1	0	2	0	0	1	2	
0	2	1	0	2	1	1	3	0	2	2	0	0	0	0	0	1	2	1	3	2	1	0	0	0	0	1	0	
0	2	1	0	0	0	1	2	0	0	3	0	3	0	0	0	1	2	0	3	0	1	1	2	1	0	1	2	
0	2	2	0	3	1	0	2	0	0	2	0	0	0	0	0	1	2	0	0	2	1	0	2	0	2	0	2	
0	2	1	0	2	1	0	3	0	0	2	0	0	0	0	0	1	2	0	0	0	2	0	1	0	0	1	2	
0	2	1	3	2	1	2	2	0	0	2	0	0	0	2	0	1	2	0	0	2	1	0	2	0	0	2	2	
0	1	1	0	2	3	1	2	1	0	2	0	0	0	2	2	1	1	0	0	2	0	0	2	2	0	1	2	
1	2	1	0	2	1	0	2	0	0	3	0	0	0	2	2	1	2	2	0	2	3	1	0	1	0	2	0	
1	2	1	0	3	0	1	2	0	0	2	0	0	0	0	1	1	2	0	0	2	1	0	1	0	0	2	2	
0	2	1	0	2	1	0	2	0	0	2	0	0	1	0	0	1	2	0	3	0	1	0	2	0	0	1	1	
0	2	2	0	2	1	0	3	0	1	2	0	3	2	0	0	0	2	0	3	2	1	0	0	0	0	1	0	
1	2	0	0	2	1	0	2	0	0	2	0	1	2	0	0	2	2	0	0	2	1	0	2	0	0	1	1	
0	2	1	0	2	3	0	2	2	0	2	0	0	2	2	0	1	1	0	1	2	1	0	2	0	0	2	0	
--------------------

--------------------
Best Solution Found!
--------------------
Time: 0 hour(s), 0 minute(s), 0 second(s), 7 millisecond(s)

Fitness: 323078

0	2	2	3	0	0	0	2	0	0	2	0	0	0	2	0	1	2	0	0	2	1	0	2	0	0	1	2	
0	1	1	0	2	1	0	2	1	0	2	0	0	0	0	0	1	1	0	0	0	1	0	2	0	0	1	2	
0	2	1	1	2	1	0	2	0	2	2	0	0	0	0	0	2	1	0	0	3	1	1	1	0	0	1	2	
0	2	1	0	2	0	0	3	2	0	2	0	0	0	1	0	1	2	0	0	2	1	0	2	0	0	1	2	
0	2	1	0	3	1	0	0	0	0	2	0	0	0	0	0	1	2	0	0	3	1	1	0	0	0	2	2	
0	2	1	0	2	1	0	3	1	0	3	0	0	0	3	0	1	0	0	0	2	0	3	2	0	0	0	2	
0	2	0	0	2	1	0	3	0	0	2	0	0	2	0	0	2	2	0	0	0	1	0	2	0	0	1	2	
1	0	0	0	2	3	0	3	1	2	2	0	0	0	0	0	1	2	0	0	2	3	0	0	0	3	0	2	
0	1	1	0	2	1	0	2	1	0	3	0	0	0	0	0	0	2	0	3	2	1	1	2	0	0	0	1	
0	0	1	0	1	1	0	2	0	2	1	0	3	2	2	0	2	1	0	0	3	1	0	2	0	0	1	2	
1	2	2	0	2	1	0	0	0	0	3	0	0	0	0	0	1	2	0	1	1	1	0	2	0	2	1	1	
0	2	1	0	2	2	0	2	1	0	2	0	0	0	2	0	1	2	0	0	2	2	0	2	0	2	1	2	
0	0	1	0	2	1	1	2	0	1	2	0	0	0	0	0	1	2	0	0	2	0	0	2	0	0	1	1	
1	2	1	3	2	1	0	2	0	0	2	0	0	0	0	2	1	2	0	0	2	1	0	2	0	0	1	2	
0	2	1	3	2	3	2	3	1	0	2	0	0	0	0	0	1	2	0	3	1	0	1	1	0	0	1	2	
0	2	1	0	1	1	0	2	0	2	1	0	0	2	0	0	1	2	0	0	2	3	0	0	0	0	2	1	
0	2	1	0	2	0	1	0	0	0	3	0	0	0	0	0	1	1	2	0	3	2	0	0	0	0	1	2	
0	2	0	0	2	1	0	2	0	0	2	0	0	0	2	0	1	1	0	0	2	1	0	0	1	0	1	2	
0	2	2	0	2	0	0	2	0	0	2	0	3	0	0	0	1	2	0	0	2	1	0	2	0	2	1	1	
0	2	2	0	2	1	0	2	1	0	2	0	0	0	0	2	1	2	0	0	0	0	0	2	0	0	0	0	
3	0	2	0	2	1	0	2	0	0	2	2	0	0	0	0	1	2	0	0	2	1	0	1	0	2	2	2	
0	2	2	0	2	1	0	0	2	0	3	0	0	0	0	0	0	2	0	0	2	1	1	1	0	0	1	2	
0	2	1	0	2	1	0	0	0	2	2	0	0	0	0	0	1	1	0	0	2	1	0	2	0	2	0	2	
0	1	1	0	2	3	0	3	0	0	2	2	3	0	0	0	2	2	0	0	1	2	3	2	0	2	0	1	
0	2	1	0	2	1	1	2	0	0	2	0	0	0	2	0	2	2	2	0	2	1	0	2	0	0	1	2	
0	1	0	0	2	1	0	0	0	0	2	0	0	2	3	0	1	2	1	0	2	1	0	1	0	0	0	1	
0	2	1	3	0	0	0	0	0	0	2	0	0	0	0	0	1	2	0	0	0	0	0	2	0	0	1	2	
0	2	1	0	3	1	0	2	0	2	2	0	0	2	0	0	1	2	0	0	2	1	0	0	0	3	1	1	
0	2	1	0	0	1	1	2	1	0	2	0	0	0	0	0	1	2	0	0	2	1	0	2	0	0	1	2	
0	2	2	0	2	0	0	2	0	0	2	0	3	0	0	0	1	1	0	0	0	1	0	2	0	2	1	2	
0	1	1	0	2	1	0	2	0	2	2	0	0	0	0	2	1	2	2	0	2	1	0	2	1	0	1	2	
0	0	1	3	2	1	0	2	0	0	2	0	0	2	0	1	2	2	0	3	2	1	0	0	0	0	2	2	
0	2	1	0	3	2	0	0	0	0	2	0	0	0	0	0	1	2	0	0	0	3	0	2	0	0	2	2	
0	0	2	0	2	0	0	2	0	0	2	0	0	2	0	2	1	2	0	0	2	3	0	2	0	0	1	2	
0	0	1	0	2	1	0	2	0	0	3	0	3	0	2	0	0	2	0	0	2	1	0	1	0	0	1	2	
0	2	1	3	3	1	0	2	1	0	2	0	0	0	0	0	1	2	2	0	0	2	0	2	0	0	1	2	
0	2	1	0	2	1	0	0	0	0	2	0	0	0	0	0	2	2	0	0	1	1	3	2	1	0	1	2	
0	1	1	0	2	1	0	2	0	1	2	0	0	2	0	0	1	2	0	0	2	1	0	0	0	0	1	2	
3	0	0	0	1	0	0	2	0	0	3	0	0	0	2	0	1	2	0	0	2	1	1	0	0	0	1	2	
0	2	1	0	2	1	1	3	0	0	2	0	0	0	0	0	1	2	0	0	0	2	0	1	0	2	1	2	
0	2	1	0	2	3	0	2	0	0	2	0	0	0	0	0	2	2	0	0	3	1	0	2	0	2	1	2	
1	2	1	0	3	3	1	2	0	2	2	0	0	1	0	0	1	2	1	0	2	1	0	2	0	0	1	2	
1	2	2	0	2	1	0	2	0	0	2	0	0	0	0	0	1	2	0	0	2	0	1	0	0	0	1	1	
0	2	1	0	2	1	0	0	1	0	2	0	0	1	2	2	1	1	0	0	2	1	0	2	0	0	0	2	
0	2	0	3	3	1	1	2	0	2	3	3	0	0	0	0	2	2	0	0	3	1	0	2	0	0	1	2	
1	2	1	0	2	0	2	2	0	0	2	0	1	0	0	0	1	2	0	0	2	1	1	1	0	0	0	2	
0	2	1	0	2	3	0	0	0	0	2	0	0	0	0	0	2	1	0	0	0	0	0	2	1	0	2	2	
0	2	1	1	2	1	0	0	0	0	2	0	0	0	0	0	1	1	0	0	2	1	0	2	0	0	1	2	
0	1	0	0	2	1	1	3	0	2	2	0	0	0	0	0	1	2	1	3	2	1	0	0	0	0	1	0	
0	2	1	0	0	0	1	2	0	0	3	0	3	0	0	0	1	2	0	3	0	1	1	2	1	0	1	2	
0	1	2	0	2	1	0	2	0	0	2	0	0	0	0	0	1	2	0	0	2	1	0	2	0	2	0	2	
0	2	0	0	2	1	0	3	0	0	2	0	0	0	0	0	1	2	0	0	0	2	0	1	0	0	1	2	
1	2	1	0	2	1	2	2	0	0	2	0	0	0	2	0	1	2	0	0	2	1	0	2	0	0	2	2	
0	0	1	3	2	1	1	2	1	0	2	0	0	0	2	2	1	1	0	0	2	0	0	2	2	0	1	2	
0	1	1	0	2	2	0	2	0	0	3	0	0	0	2	2	1	2	2	0	2	3	1	0	1	0	2	0	
1	2	2	0	3	1	1	2	0	0	2	0	0	0	0	1	1	2	0	0	2	1	0	1	0	0	2	2	
0	2	1	0	3	1	0	2	0	0	2	0	0	1	0	0	1	2	0	3	0	1	0	2	0	0	1	1	
0	2	1	0	0	0	0	3	0	1	2	0	3	2	0	0	0	2	0	3	2	1	0	0	0	0	1	0	
0	1	1	0	0	1	0	2	0	0	2	0	1	2	0	0	2	2	0	0	2	1	0	2	0	0	1	1	
0	0	1	0	2	3	0	2	2	0	2	0	0	2	2	0	1	1	0	1	2	1	0	2	0	0	2	0	
--------------------

--------------------
Best Solution Found!
--------------------
Time: 0 hour(s), 0 minute(s), 0 second(s), 10 millisecond(s)

Fitness: 323078

0	2	2	3	0	0	0	2	0	0	2	0	0	0	2	0	1	2	0	0	2	1	0	2	0	0	1	2	
0	1	1	0	2	1	0	2	1	0	2	0	0	0	0	0	1	1	0	0	0	1	0	2	0	0	1	2	
0	2	1	1	2	1	0	2	0	2	2	0	0	0	0	0	2	1	0	0	3	1	1	1	0	0	1	2	
0	2	1	0	2	0	0	3	2	0	2	0	0	0	1	0	1	2	0	0	2	1	0	2	0	0	1	2	
0	2	1	0	3	1	0	0	0	0	2	0	0	0	0	0	1	2	0	0	3	1	1	0	0	0	2	2	
0	2	1	0	2	1	0	3	1	0	3	0	0	0	3	0	1	0	0	0	2	0	3	2	0	0	0	2	
0	2	0	0	2	1	0	3	0	0	2	0	0	2	0	0	2	2	0	0	0	1	0	2	0	0	1	2	
1	0	0	0	2	3	0	3	1	2	2	0	0	0	0	0	1	2	0	0	2	3	0	0	0	3	0	2	
0	1	1	0	2	1	0	2	1	0	3	0	0	0	0	0	0	2	0	3	2	1	1	2	0	0	0	1	
0	0	1	0	1	1	0	2	0	2	1	0	3	2	2	0	2	1	0	0	3	1	0	2	0	0	1	2	
1	2	2	0	2	1	0	0	0	0	3	0	0	0	0	0	1	2	0	1	1	1	0	2	0	2	1	1	
0	2	1	0	2	2	0	2	1	0	2	0	0	0	2	0	1	2	0	0	2	2	0	2	0	2	1	2	
0	0	1	0	2	1	1	2	0	1	2	0	0	0	0	0	1	2	0	0	2	0	0	2	0	0	1	1	
1	2	1	3	2	1	0	2	0	0	2	0	0	0	0	2	1	2	0	0	2	1	0	2	0	0	1	2	
0	2	1	3	2	3	2	3	1	0	2	0	0	0	0	0	1	2	0	3	1	0	1	1	0	0	1	2	
0	2	1	0	1	1	0	2	0	2	1	0	0	2	0	0	1	2	0	0	2	3	0	0	0	0	2	1	
0	2	1	0	2	0	1	0	0	0	3	0	0	0	0	0	1	1	2	0	3	2	0	0	0	0	1	2	
0	2	0	0	2	1	0	2	0	0	2	0	0	0	2	0	1	1	0	0	2	1	0	0	1	0	1	2	
0	2	2	0	2	0	0	2	0	0	2	0	3	0	0	0	1	2	0	0	2	1	0	2	0	2	1	1	
0	2	2	0	2	1	0	2	1	0	2	0	0	0	0	2	1	2	0	0	0	0	0	2	0	0	0	0	
3	0	2	0	2	1	0	2	0	0	2	2	0	0	0	0	1	2	0	0	2	1	0	1	0	2	2	2	
0	2	2	0	2	1	0	0	2	0	3	0	0	0	0	0	0	2	0	0	2	1	1	1	0	0	1	2	
0	2	1	0	2	1	0	0	0	2	2	0	0	0	0	0	1	1	0	0	2	1	0	2	0	2	0	2	
0	1	1	0	2	3	0	3	0	0	2	2	3	0	0	0	2	2	0	0	1	2	3	2	0	2	0	1	
0	2	1	0	2	1	1	2	0	0	2	0	0	0	2	0	2	2	2	0	2	1	0	2	0	0	1	2	
0	1	0	0	2	1	0	0	0	0	2	0	0	2	3	0	1	2	1	0	2	1	0	1	0	0	0	1	
0	2	1	3	0	0	0	0	0	0	2	0	0	0	0	0	1	2	0	0	0	0	0	2	0	0	1	2	
0	2	1	0	3	1	0	2	0	2	2	0	0	2	0	0	1	2	0	0	2	1	0	0	0	3	1	1	
0	2	1	0	0	1	1	2	1	0	2	0	0	0	0	0	1	2	0	0	2	1	0	2	0	0	1	2	
0	2	2	0	2	0	0	2	0	0	2	0	3	0	0	0	1	1	0	0	0	1	0	2	0	2	1	2	
0	1	1	0	2	1	0	2	0	2	2	0	0	0	0	2	1	2	2	0	2	1	0	2	1	0	1	2	
0	0	1	3	2	1	0	2	0	0	2	0	0	2	0	1	2	2	0	3	2	1	0	0	0	0	2	2	
0	2	1	0	3	2	0	0	0	0	2	0	0	0	0	0	1	2	0	0	0	3	0	2	0	0	2	2	
0	0	2	0	2	0	0	2	0	0	2	0	0	2	0	2	1	2	0	0	2	3	0	2	0	0	1	2	
0	0	1	0	2	1	0	2	0	0	3	0	3	0	2	0	0	2	0	0	2	1	0	1	0	0	1	2	
0	2	1	3	3	1	0	2	1	0	2	0	0	0	0	0	1	2	2	0	0	2	0	2	0	0	1	2	
0	2	1	0	2	1	0	0	0	0	2	0	0	0	0	0	2	2	0	0	1	1	3	2	1	0	1	2	
0	1	1	0	2	1	0	2	0	1	2	0	0	2	0	0	1	2	0	0	2	1	0	0	0	0	1	2	
3	0	0	0	1	0	0	2	0	0	3	0	0	0	2	0	1	2	0	0	2	1	1	0	0	0	1	2	
0	2	1	0	2	1	1	3	0	0	2	0	0	0	0	0	1	2	0	0	0	2	0	1	0	2	1	2	
0	2	1	0	2	3	0	2	0	0	2	0	0	0	0	0	2	2	0	0	3	1	0	2	0	2	1	2	
1	2	1	0	3	3	1	2	0	2	2	0	0	1	0	0	1	2	1	0	2	1	0	2	0	0	1	2	
1	2	2	0	2	1	0	2	0	0	2	0	0	0	0	0	1	2	0	0	2	0	1	0	0	0	1	1	
0	2	1	0	2	1	0	0	1	0	2	0	0	1	2	2	1	1	0	0	2	1	0	2	0	0	0	2	
0	2	0	3	3	1	1	2	0	2	3	3	0	0	0	0	2	2	0	0	3	1	0	2	0	0	1	2	
1	2	1	0	2	0	2	2	0	0	2	0	1	0	0	0	1	2	0	0	2	1	1	1	0	0	0	2	
0	2	1	0	2	3	0	0	0	0	2	0	0	0	0	0	2	1	0	0	0	0	0	2	1	0	2	2	
0	2	1	1	2	1	0	0	0	0	2	0	0	0	0	0	1	1	0	0	2	1	0	2	0	0	1	2	
0	1	0	0	2	1	1	3	0	2	2	0	0	0	0	0	1	2	1	3	2	1	0	0	0	0	1	0	
0	2	1	0	0	0	1	2	0	0	3	0	3	0	0	0	1	2	0	3	0	1	1	2	1	0	1	2	
0	1	2	0	2	1	0	2	0	0	2	0	0	0	0	0	1	2	0	0	2	1	0	2	0	2	0	2	
0	2	0	0	2	1	0	3	0	0	2	0	0	0	0	0	1	2	0	0	0	2	0	1	0	0	1	2	
1	2	1	0	2	1	2	2	0	0	2	0	0	0	2	0	1	2	0	0	2	1	0	2	0	0	2	2	
0	0	1	3	2	1	1	2	1	0	2	0	0	0	2	2	1	1	0	0	2	0	0	2	2	0	1	2	
0	1	1	0	2	2	0	2	0	0	3	0	0	0	2	2	1	2	2	0	2	3	1	0	1	0	2	0	
1	2	2	0	3	1	1	2	0	0	2	0	0	0	0	1	1	2	0	0	2	1	0	1	0	0	2	2	
0	2	1	0	3	1	0	2	0	0	2	0	0	1	0	0	1	2	0	3	0	1	0	2	0	0	1	1	
0	2	1	0	0	0	0	3	0	1	2	0	3	2	0	0	0	2	0	3	2	1	0	0	0	0	1	0	
0	1	1	0	0	1	0	2	0	0	2	0	1	2	0	0	2	2	0	0	2	1	0	2	0	0	1	1	
0	0	1	0	2	3	0	2	2	0	2	0	0	2	2	0	1	1	0	1	2	1	0	2	0	0	2	0	
--------------------

--------------------
Best Solution Found!
--------------------
Time: 0 hour(s), 0 minute(s), 0 second(s), 12 millisecond(s)

Fitness: 321081

0	2	0	0	0	1	0	0	1	0	2	0	0	2	0	0	1	2	2	0	2	0	0	2	0	0	1	2	
0	1	1	0	2	1	0	2	0	2	2	0	0	0	0	0	1	1	0	0	2	0	0	0	0	0	1	2	
0	0	1	1	2	1	0	2	0	0	2	0	0	0	0	0	1	1	0	3	2	1	1	2	0	0	1	2	
0	2	2	0	0	1	0	2	1	2	1	0	0	2	0	2	1	1	2	0	2	1	3	1	1	0	2	2	
0	2	0	0	2	1	0	3	0	0	2	0	0	0	0	0	1	2	0	3	2	1	0	0	0	0	2	2	
0	0	1	0	1	0	0	3	0	0	3	0	0	0	0	0	2	2	0	0	2	1	3	2	0	2	2	1	
1	1	2	0	2	0	0	2	0	0	3	0	0	0	0	0	1	2	0	0	0	0	1	2	0	0	1	2	
1	2	1	0	2	1	0	2	1	0	2	0	0	0	0	0	1	1	0	1	3	1	0	0	0	0	2	1	
0	0	2	0	2	3	0	2	0	0	3	0	0	0	2	2	1	2	0	0	2	1	0	2	0	2	1	2	
0	2	1	3	2	1	0	2	0	0	2	0	0	2	2	0	1	2	0	0	2	1	0	2	0	0	1	2	
1	2	1	0	3	1	0	2	0	0	2	0	0	0	0	2	1	2	0	0	2	1	0	2	0	2	1	2	
3	2	1	0	2	1	0	3	0	0	2	0	0	0	0	0	1	2	0	0	1	1	0	2	0	0	1	2	
0	1	2	0	1	1	0	2	0	2	2	0	0	0	3	0	1	2	0	0	2	1	0	0	0	2	0	2	
0	2	0	0	2	0	0	0	0	2	2	0	0	0	0	0	2	2	1	0	3	1	0	2	1	0	1	2	
0	2	1	0	3	0	2	2	0	0	2	0	1	0	0	0	1	2	0	0	2	1	0	0	1	0	1	1	
0	1	0	0	2	1	0	2	0	0	2	0	0	0	0	0	1	2	0	0	2	2	0	1	0	2	2	2	
0	0	2	0	2	1	0	2	0	0	2	0	0	0	0	0	1	1	0	0	0	0	0	2	0	0	1	2	
0	2	1	0	2	1	2	2	0	1	3	0	3	0	1	0	1	2	0	0	2	1	0	0	0	0	1	1	
0	1	2	0	2	1	0	2	0	0	2	0	0	0	0	0	1	2	0	0	2	1	0	2	0	0	1	0	
0	2	0	0	2	1	0	2	1	2	2	0	0	2	0	0	1	2	0	3	2	0	0	0	0	0	1	2	
0	2	1	0	3	1	1	0	0	0	3	0	0	0	0	2	1	1	0	0	2	3	1	0	0	0	1	1	
0	1	1	0	2	1	0	2	0	0	3	0	0	0	0	0	1	2	0	0	2	1	0	2	1	0	0	2	
0	2	1	0	2	1	1	2	0	2	2	0	0	0	2	0	1	2	0	0	2	3	0	1	0	0	0	2	
0	0	1	0	3	3	0	3	1	0	2	0	0	0	0	0	1	2	0	0	2	2	0	1	0	0	2	2	
0	2	1	0	2	2	0	2	0	0	2	0	0	0	0	0	0	1	0	0	1	1	1	2	0	0	2	2	
0	0	0	0	2	3	0	0	0	0	2	0	0	2	0	0	1	2	0	0	2	1	1	2	0	0	1	2	
0	2	1	0	2	1	0	0	0	2	2	0	3	0	0	0	1	2	0	0	3	1	0	2	1	0	1	2	
0	2	1	3	2	1	0	2	2	0	2	0	3	0	0	0	2	2	0	1	3	1	0	0	0	0	1	2	
0	2	1	0	2	0	0	2	0	2	2	0	3	0	0	0	2	1	0	3	2	1	0	2	0	0	0	2	
0	2	1	0	2	1	1	0	0	0	2	0	0	0	0	0	1	0	0	0	2	1	0	0	0	2	2	2	
0	2	1	0	2	1	0	2	1	0	3	0	0	2	0	0	2	2	2	0	1	3	1	2	0	2	1	1	
0	0	2	1	2	2	0	2	0	0	2	0	0	0	2	0	1	1	0	0	0	1	0	1	0	2	1	1	
0	2	1	0	3	3	0	2	0	0	2	0	0	0	0	0	1	2	0	0	2	1	0	2	0	0	1	2	
3	1	1	0	2	1	1	2	0	0	2	0	0	0	2	0	1	2	0	0	2	2	0	1	0	0	1	0	
0	2	1	3	1	1	1	2	0	2	2	0	0	2	2	0	1	2	1	0	0	1	0	2	0	0	0	2	
1	2	1	3	3	1	0	2	0	0	2	0	3	0	2	0	1	1	0	3	0	1	1	0	0	0	1	1	
1	1	1	0	2	1	0	2	0	0	2	0	0	0	0	0	2	2	0	0	2	2	0	2	0	0	1	2	
0	2	1	0	2	3	1	2	1	0	3	0	0	0	0	2	1	2	0	0	2	1	0	2	0	0	1	2	
0	1	1	0	0	0	1	2	0	0	2	0	0	0	2	0	0	2	2	0	2	1	1	2	0	0	1	2	
0	2	2	0	2	0	1	2	0	0	2	0	0	0	0	0	2	2	0	3	0	1	0	2	0	0	0	2	
0	2	0	0	2	1	0	0	0	0	2	0	0	0	0	0	1	2	0	0	3	0	1	1	0	0	2	2	
0	2	1	0	2	0	0	0	0	0	2	0	0	0	0	2	1	2	0	0	2	0	0	2	0	3	1	2	
0	2	2	0	2	0	0	3	2	0	2	0	0	2	0	0	1	2	2	0	2	0	0	0	0	0	1	1	
0	2	1	3	2	1	1	3	1	0	3	0	0	0	0	1	1	2	0	0	3	1	0	2	2	2	1	2	
0	0	1	3	2	1	0	2	1	0	2	2	0	0	0	0	1	2	0	0	1	1	0	2	0	0	0	2	
0	0	1	3	2	2	0	0	0	0	2	0	0	0	2	0	2	2	0	0	0	2	0	1	0	0	1	2	
0	2	1	0	0	1	2	3	2	0	2	0	0	2	0	0	2	2	0	0	0	3	0	2	0	0	1	0	
0	0	1	0	0	1	0	0	0	0	1	3	0	0	0	0	2	2	0	0	2	1	0	0	0	0	1	2	
0	2	1	0	2	1	0	3	0	0	2	2	0	0	2	1	1	2	0	0	0	3	3	2	0	3	1	2	
0	2	1	0	0	0	0	2	0	0	2	0	3	1	0	0	0	2	0	0	2	1	1	1	0	0	0	2	
0	2	2	0	3	1	0	2	0	2	2	0	0	0	0	0	1	2	0	0	2	1	0	1	0	0	0	0	
0	2	1	0	2	1	1	3	0	0	2	0	0	0	0	2	0	1	0	0	2	1	0	2	0	0	1	2	
0	2	1	3	2	1	0	2	0	1	2	0	0	2	0	0	1	2	0	3	2	1	0	2	1	0	1	2	
0	1	1	0	2	3	0	2	0	0	2	0	3	0	2	0	1	2	0	0	2	1	0	2	0	0	2	0	
1	2	1	0	2	1	1	3	1	0	2	0	0	0	2	0	1	2	0	0	0	2	0	2	0	2	1	2	
1	2	1	0	3	0	0	0	0	0	2	0	0	2	0	0	2	2	0	0	0	1	0	2	0	0	1	1	
0	2	1	0	2	1	0	0	1	0	2	0	1	0	0	0	1	2	0	0	2	1	0	2	0	0	0	2	
0	2	2	0	2	1	0	2	0	0	2	0	0	0	0	0	1	2	0	0	2	1	0	2	0	0	1	2	
1	2	0	0	2	1	0	2	0	1	2	0	0	1	3	0	1	1	0	0	0	1	0	2	0	0	1	1	
0	2	1	0	2	3	0	2	0	0	3	0	0	1	0	0	1	2	1	0	2	1	0	2	0	0	1	2	
--------------------

--------------------
Best Solution Found!
--------------------
Time: 0 hour(s), 0 minute(s), 0 second(s), 15 millisecond(s)

Fitness: 321081

0	2	0	0	0	1	0	0	1	0	2	0	0	2	0	0	1	2	2	0	2	0	0	2	0	0	1	2	
0	1	1	0	2	1	0	2	0	2	2	0	0	0	0	0	1	1	0	0	2	0	0	0	0	0	1	2	
0	0	1	1	2	1	0	2	0	0	2	0	0	0	0	0	1	1	0	3	2	1	1	2	0	0	1	2	
0	2	2	0	0	1	0	2	1	2	1	0	0	2	0	2	1	1	2	0	2	1	3	1	1	0	2	2	
0	2	0	0	2	1	0	3	0	0	2	0	0	0	0	0	1	2	0	3	2	1	0	0	0	0	2	2	
0	0	1	0	1	0	0	3	0	0	3	0	0	0	0	0	2	2	0	0	2	1	3	2	0	2	2	1	
1	1	2	0	2	0	0	2	0	0	3	0	0	0	0	0	1	2	0	0	0	0	1	2	0	0	1	2	
1	2	1	0	2	1	0	2	1	0	2	0	0	0	0	0	1	1	0	1	3	1	0	0	0	0	2	1	
0	0	2	0	2	3	0	2	0	0	3	0	0	0	2	2	1	2	0	0	2	1	0	2	0	2	1	2	
0	2	1	3	2	1	0	2	0	0	2	0	0	2	2	0	1	2	0	0	2	1	0	2	0	0	1	2	
1	2	1	0	3	1	0	2	0	0	2	0	0	0	0	2	1	2	0	0	2	1	0	2	0	2	1	2	
3	2	1	0	2	1	0	3	0	0	2	0	0	0	0	0	1	2	0	0	1	1	0	2	0	0	1	2	
0	1	2	0	1	1	0	2	0	2	2	0	0	0	3	0	1	2	0	0	2	1	0	0	0	2	0	2	
0	2	0	0	2	0	0	0	0	2	2	0	0	0	0	0	2	2	1	0	3	1	0	2	1	0	1	2	
0	2	1	0	3	0	2	2	0	0	2	0	1	0	0	0	1	2	0	0	2	1	0	0	1	0	1	1	
0	1	0	0	2	1	0	2	0	0	2	0	0	0	0	0	1	2	0	0	2	2	0	1	0	2	2	2	
0	0	2	0	2	1	0	2	0	0	2	0	0	0	0	0	1	1	0	0	0	0	0	2	0	0	1	2	
0	2	1	0	2	1	2	2	0	1	3	0	3	0	1	0	1	2	0	0	2	1	0	0	0	0	1	1	
0	1	2	0	2	1	0	2	0	0	2	0	0	0	0	0	1	2	0	0	2	1	0	2	0	0	1	0	
0	2	0	0	2	1	0	2	1	2	2	0	0	2	0	0	1	2	0	3	2	0	0	0	0	0	1	2	
0	2	1	0	3	1	1	0	0	0	3	0	0	0	0	2	1	1	0	0	2	3	1	0	0	0	1	1	
0	1	1	0	2	1	0	2	0	0	3	0	0	0	0	0	1	2	0	0	2	1	0	2	1	0	0	2	
0	2	1	0	2	1	1	2	0	2	2	0	0	0	2	0	1	2	0	0	2	3	0	1	0	0	0	2	
0	0	1	0	3	3	0	3	1	0	2	0	0	0	0	0	1	2	0	0	2	2	0	1	0	0	2	2	
0	2	1	0	2	2	0	2	0	0	2	0	0	0	0	0	0	1	0	0	1	1	1	2	0	0	2	2	
0	0	0	0	2	3	0	0	0	0	2	0	0	2	0	0	1	2	0	0	2	1	1	2	0	0	1	2	
0	2	1	0	2	1	0	0	0	2	2	0	3	0	0	0	1	2	0	0	3	1	0	2	1	0	1	2	
0	2	1	3	2	1	0	2	2	0	2	0	3	0	0	0	2	2	0	1	3	1	0	0	0	0	1	2	
0	2	1	0	2	0	0	2	0	2	2	0	3	0	0	0	2	1	0	3	2	1	0	2	0	0	0	2	
0	2	1	0	2	1	1	0	0	0	2	0	0	0	0	0	1	0	0	0	2	1	0	0	0	2	2	2	
0	2	1	0	2	1	0	2	1	0	3	0	0	2	0	0	2	2	2	0	1	3	1	2	0	2	1	1	
0	0	2	1	2	2	0	2	0	0	2	0	0	0	2	0	1	1	0	0	0	1	0	1	0	2	1	1	
0	2	1	0	3	3	0	2	0	0	2	0	0	0	0	0	1	2	0	0	2	1	0	2	0	0	1	2	
3	1	1	0	2	1	1	2	0	0	2	0	0	0	2	0	1	2	0	0	2	2	0	1	0	0	1	0	
0	2	1	3	1	1	1	2	0	2	2	0	0	2	2	0	1	2	1	0	0	1	0	2	0	0	0	2	
1	2	1	3	3	1	0	2	0	0	2	0	3	0	2	0	1	1	0	3	0	1	1	0	0	0	1	1	
1	1	1	0	2	1	0	2	0	0	2	0	0	0	0	0	2	2	0	0	2	2	0	2	0	0	1	2	
0	2	1	0	2	3	1	2	1	0	3	0	0	0	0	2	1	2	0	0	2	1	0	2	0	0	1	2	
0	1	1	0	0	0	1	2	0	0	2	0	0	0	2	0	0	2	2	0	2	1	1	2	0	0	1	2	
0	2	2	0	2	0	1	2	0	0	2	0	0	0	0	0	2	2	0	3	0	1	0	2	0	0	0	2	
0	2	0	0	2	1	0	0	0	0	2	0	0	0	0	0	1	2	0	0	3	0	1	1	0	0	2	2	
0	2	1	0	2	0	0	0	0	0	2	0	0	0	0	2	1	2	0	0	2	0	0	2	0	3	1	2	
0	2	2	0	2	0	0	3	2	0	2	0	0	2	0	0	1	2	2	0	2	0	0	0	0	0	1	1	
0	2	1	3	2	1	1	3	1	0	3	0	0	0	0	1	1	2	0	0	3	1	0	2	2	2	1	2	
0	0	1	3	2	1	0	2	1	0	2	2	0	0	0	0	1	2	0	0	1	1	0	2	0	0	0	2	
0	0	1	3	2	2	0	0	0	0	2	0	0	0	2	0	2	2	0	0	0	2	0	1	0	0	1	2	
0	2	1	0	0	1	2	3	2	0	2	0	0	2	0	0	2	2	0	0	0	3	0	2	0	0	1	0	
0	0	1	0	0	1	0	0	0	0	1	3	0	0	0	0	2	2	0	0	2	1	0	0	0	0	1	2	
0	2	1	0	2	1	0	3	0	0	2	2	0	0	2	1	1	2	0	0	0	3	3	2	0	3	1	2	
0	2	1	0	0	0	0	2	0	0	2	0	3	1	0	0	0	2	0	0	2	1	1	1	0	0	0	2	
0	2	2	0	3	1	0	2	0	2	2	0	0	0	0	0	1	2	0	0	2	1	0	1	0	0	0	0	
0	2	1	0	2	1	1	3	0	0	2	0	0	0	0	2	0	1	0	0	2	1	0	2	0	0	1	2	
0	2	1	3	2	1	0	2	0	1	2	0	0	2	0	0	1	2	0	3	2	1	0	2	1	0	1	2	
0	1	1	0	2	3	0	2	0	0	2	0	3	0	2	0	1	2	0	0	2	1	0	2	0	0	2	0	
1	2	1	0	2	1	1	3	1	0	2	0	0	0	2	0	1	2	0	0	0	2	0	2	0	2	1	2	
1	2	1	0	3	0	0	0	0	0	2	0	0	2	0	0	2	2	0	0	0	1	0	2	0	0	1	1	
0	2	1	0	2	1	0	0	1	0	2	0	1	0	0	0	1	2	0	0	2	1	0	2	0	0	0	2	
0	2	2	0	2	1	0	2	0	0	2	0	0	0	0	0	1	2	0	0	2	1	0	2	0	0	1	2	
1	2	0	0	2	1	0	2	0	1	2	0	0	1	3	0	1	1	0	0	0	1	0	2	0	0	1	1	
0	2	1	0	2	3	0	2	0	0	3	0	0	1	0	0	1	2	1	0	2	1	0	2	0	0	1	2	
--------------------

--------------------
Best Solution Found!
--------------------
Time: 0 hour(s), 0 minute(s), 0 second(s), 50 millisecond(s)

Fitness: 312084

0	2	1	0	0	1	0	0	1	0	2	0	0	0	0	0	1	2	0	0	2	1	0	0	0	0	1	2	
0	1	1	0	2	1	0	2	0	2	3	0	0	2	2	0	1	2	0	0	2	1	0	0	0	0	1	2	
0	2	2	0	2	0	0	2	0	0	2	0	0	2	3	0	1	2	0	0	2	1	1	2	1	0	1	2	
0	2	1	0	0	1	0	2	1	2	2	0	0	1	0	0	1	2	1	0	2	1	3	2	0	0	1	2	
0	2	0	1	2	1	1	3	0	0	2	0	0	0	0	0	1	2	0	0	2	1	0	2	0	0	2	2	
0	2	2	0	1	0	0	3	0	0	2	0	0	0	0	0	1	2	0	0	2	1	3	2	0	0	0	2	
1	1	1	0	2	0	0	2	0	0	2	0	3	0	0	0	1	1	2	0	0	2	1	1	0	2	1	2	
0	2	1	0	2	0	0	2	1	0	2	0	0	2	0	1	1	2	0	0	3	1	0	2	0	3	0	2	
1	1	1	0	2	0	0	2	0	0	2	0	0	0	3	0	1	1	0	0	2	1	0	0	0	0	0	1	
0	0	0	0	2	1	1	2	0	0	3	2	0	2	0	0	0	2	0	3	2	2	0	2	1	0	1	2	
0	2	1	0	3	2	0	2	0	0	3	0	0	0	0	0	1	2	2	0	2	1	0	1	0	0	1	1	
1	2	0	1	2	1	0	3	0	0	2	3	0	0	2	2	1	2	1	0	1	1	0	2	0	0	1	2	
0	2	1	0	1	1	0	2	0	2	2	0	0	2	2	0	2	1	0	3	2	1	0	2	0	0	1	1	
0	2	1	0	2	1	1	0	0	2	2	0	1	0	0	0	0	2	0	0	3	0	0	2	1	0	1	2	
0	0	0	3	3	1	0	2	0	0	2	0	3	0	0	0	1	2	0	0	2	1	0	1	0	0	1	2	
0	2	1	0	2	1	0	2	0	0	3	0	0	2	2	0	1	2	0	0	2	1	0	2	0	0	2	1	
0	2	2	0	2	1	0	2	0	0	2	0	0	0	0	0	1	1	0	0	0	1	0	0	0	3	1	2	
0	0	1	3	2	1	1	2	0	1	2	0	0	0	0	0	1	2	0	0	2	1	0	1	0	0	1	2	
0	2	1	0	2	1	1	2	0	0	2	0	0	0	0	0	1	2	0	0	2	1	0	2	0	2	1	1	
0	2	2	0	2	1	2	2	1	2	3	0	3	0	0	0	2	2	0	0	2	3	0	2	0	0	0	0	
3	1	1	0	3	3	0	0	0	0	2	0	0	0	0	0	1	2	0	0	2	1	1	2	0	0	2	2	
0	2	0	0	2	3	0	2	0	0	2	0	0	0	0	0	1	2	0	0	2	1	0	0	0	0	1	2	
0	2	1	0	2	3	1	2	0	2	2	0	3	0	0	0	1	2	0	3	2	1	0	2	2	0	0	2	
0	2	2	0	3	1	0	3	1	0	2	0	0	0	0	0	1	2	0	0	2	1	0	2	0	0	0	1	
0	2	1	0	2	1	0	2	0	0	2	0	0	0	0	0	1	1	0	0	1	1	1	2	1	0	1	2	
1	2	1	0	2	1	0	0	0	0	2	0	0	0	0	0	2	2	0	0	2	1	1	2	0	0	0	1	
1	2	1	0	2	1	0	0	0	2	2	0	0	0	2	2	1	2	0	0	3	0	0	1	0	0	1	2	
0	0	1	0	2	0	0	2	2	0	2	0	0	0	0	0	1	2	0	3	3	1	0	0	0	2	1	1	
0	1	1	3	2	0	0	2	0	2	2	0	0	0	1	2	1	1	2	0	2	2	0	2	1	0	1	2	
1	0	1	0	2	3	0	0	0	0	2	0	0	0	2	0	1	0	0	0	2	1	0	0	1	0	1	2	
0	0	2	0	2	1	1	2	1	0	3	0	3	2	0	0	1	1	0	0	1	1	1	2	0	0	1	2	
0	2	1	0	2	1	0	2	0	0	2	0	3	0	0	2	1	2	0	3	0	0	0	1	0	0	2	2	
0	1	2	0	3	2	2	2	0	0	2	0	0	0	2	0	1	2	0	0	2	3	0	0	0	0	2	2	
0	2	1	0	2	1	0	2	0	0	2	0	0	0	0	2	1	2	0	0	2	0	0	2	0	0	1	2	
0	2	1	0	1	1	0	2	0	2	2	0	0	0	0	0	1	1	0	0	0	1	0	1	0	0	1	2	
0	2	1	0	3	3	0	2	0	0	2	0	0	0	0	0	1	2	0	0	0	3	1	2	0	2	1	2	
0	2	1	0	2	1	0	2	0	0	2	0	0	0	0	0	1	2	0	0	2	1	0	2	0	0	1	2	
0	2	1	3	2	0	2	2	1	0	2	0	0	0	0	0	2	2	0	0	2	1	0	2	0	0	1	2	
0	2	1	0	0	1	0	2	0	0	2	0	0	0	0	0	1	2	0	0	2	1	1	2	0	0	1	2	
0	2	1	0	2	1	0	2	0	0	2	0	0	0	0	0	1	2	0	0	0	1	0	2	0	0	1	2	
0	1	1	0	2	1	1	0	0	0	2	0	0	1	0	0	1	1	0	1	3	1	1	2	0	0	1	2	
0	2	2	0	2	1	0	0	0	0	2	0	0	2	2	0	1	2	0	0	2	0	0	2	0	0	1	2	
0	1	1	3	2	0	0	3	2	0	2	0	0	0	0	0	2	2	0	0	2	0	0	0	0	2	1	1	
0	2	0	0	2	0	1	3	1	0	2	0	0	0	0	0	0	2	0	0	3	3	0	2	0	2	0	2	
0	1	1	0	2	0	0	2	1	0	2	0	1	0	2	2	1	1	1	0	1	1	0	0	0	0	1	2	
0	2	0	0	2	3	0	0	0	0	2	0	0	0	0	2	2	2	2	0	0	1	0	0	0	2	0	2	
3	2	1	0	0	1	0	3	2	0	2	0	0	0	0	0	1	2	0	0	0	3	0	0	0	0	2	2	
0	2	2	0	0	1	0	0	0	0	3	0	0	0	0	0	1	2	0	0	2	2	0	2	0	0	1	2	
0	2	1	0	2	1	0	3	0	0	1	0	0	0	2	0	2	2	0	0	0	0	3	1	0	0	1	0	
0	0	2	3	0	1	1	2	0	0	3	0	0	0	0	0	1	2	0	0	2	2	1	2	0	0	1	2	
1	0	2	0	3	1	0	2	0	2	2	0	0	0	0	0	2	2	0	0	2	1	0	2	0	0	0	2	
0	0	0	3	2	1	1	3	0	0	2	0	0	2	0	0	1	2	0	0	2	2	0	2	0	0	1	2	
0	2	1	0	2	1	0	2	0	1	2	0	3	2	0	0	2	2	2	1	2	1	0	2	0	0	2	2	
0	2	1	0	2	1	0	2	0	0	3	0	0	0	2	1	1	2	0	0	2	1	0	2	0	0	1	2	
0	2	1	0	2	3	0	3	1	0	3	0	0	1	0	0	1	2	0	0	0	1	0	1	0	0	2	0	
0	2	1	0	3	1	0	0	0	0	2	0	0	0	0	0	1	1	0	3	0	1	0	2	0	2	2	2	
0	2	1	0	2	1	0	0	1	0	2	0	0	0	0	0	2	1	0	0	2	1	0	2	0	2	1	1	
0	1	1	0	2	1	0	2	0	0	2	0	0	2	2	0	2	2	0	0	2	0	0	0	0	2	1	0	
1	2	1	0	2	2	0	2	0	1	2	0	0	0	0	0	0	2	0	0	0	1	0	1	0	0	1	1	
0	0	1	3	2	1	0	2	0	0	1	2	0	0	0	0	1	2	0	3	2	1	0	2	0	0	2	0	
--------------------

--------------------
Best Solution Found!
--------------------
Time: 0 hour(s), 0 minute(s), 0 second(s), 53 millisecond(s)

Fitness: 312084

0	2	1	0	0	1	0	0	1	0	2	0	0	0	0	0	1	2	0	0	2	1	0	0	0	0	1	2	
0	1	1	0	2	1	0	2	0	2	3	0	0	2	2	0	1	2	0	0	2	1	0	0	0	0	1	2	
0	2	2	0	2	0	0	2	0	0	2	0	0	2	3	0	1	2	0	0	2	1	1	2	1	0	1	2	
0	2	1	0	0	1	0	2	1	2	2	0	0	1	0	0	1	2	1	0	2	1	3	2	0	0	1	2	
0	2	0	1	2	1	1	3	0	0	2	0	0	0	0	0	1	2	0	0	2	1	0	2	0	0	2	2	
0	2	2	0	1	0	0	3	0	0	2	0	0	0	0	0	1	2	0	0	2	1	3	2	0	0	0	2	
1	1	1	0	2	0	0	2	0	0	2	0	3	0	0	0	1	1	2	0	0	2	1	1	0	2	1	2	
0	2	1	0	2	0	0	2	1	0	2	0	0	2	0	1	1	2	0	0	3	1	0	2	0	3	0	2	
1	1	1	0	2	0	0	2	0	0	2	0	0	0	3	0	1	1	0	0	2	1	0	0	0	0	0	1	
0	0	0	0	2	1	1	2	0	0	3	2	0	2	0	0	0	2	0	3	2	2	0	2	1	0	1	2	
0	2	1	0	3	2	0	2	0	0	3	0	0	0	0	0	1	2	2	0	2	1	0	1	0	0	1	1	
1	2	0	1	2	1	0	3	0	0	2	3	0	0	2	2	1	2	1	0	1	1	0	2	0	0	1	2	
0	2	1	0	1	1	0	2	0	2	2	0	0	2	2	0	2	1	0	3	2	1	0	2	0	0	1	1	
0	2	1	0	2	1	1	0	0	2	2	0	1	0	0	0	0	2	0	0	3	0	0	2	1	0	1	2	
0	0	0	3	3	1	0	2	0	0	2	0	3	0	0	0	1	2	0	0	2	1	0	1	0	0	1	2	
0	2	1	0	2	1	0	2	0	0	3	0	0	2	2	0	1	2	0	0	2	1	0	2	0	0	2	1	
0	2	2	0	2	1	0	2	0	0	2	0	0	0	0	0	1	1	0	0	0	1	0	0	0	3	1	2	
0	0	1	3	2	1	1	2	0	1	2	0	0	0	0	0	1	2	0	0	2	1	0	1	0	0	1	2	
0	2	1	0	2	1	1	2	0	0	2	0	0	0	0	0	1	2	0	0	2	1	0	2	0	2	1	1	
0	2	2	0	2	1	2	2	1	2	3	0	3	0	0	0	2	2	0	0	2	3	0	2	0	0	0	0	
3	1	1	0	3	3	0	0	0	0	2	0	0	0	0	0	1	2	0	0	2	1	1	2	0	0	2	2	
0	2	0	0	2	3	0	2	0	0	2	0	0	0	0	0	1	2	0	0	2	1	0	0	0	0	1	2	
0	2	1	0	2	3	1	2	0	2	2	0	3	0	0	0	1	2	0	3	2	1	0	2	2	0	0	2	
0	2	2	0	3	1	0	3	1	0	2	0	0	0	0	0	1	2	0	0	2	1	0	2	0	0	0	1	
0	2	1	0	2	1	0	2	0	0	2	0	0	0	0	0	1	1	0	0	1	1	1	2	1	0	1	2	
1	2	1	0	2	1	0	0	0	0	2	0	0	0	0	0	2	2	0	0	2	1	1	2	0	0	0	1	
1	2	1	0	2	1	0	0	0	2	2	0	0	0	2	2	1	2	0	0	3	0	0	1	0	0	1	2	
0	0	1	0	2	0	0	2	2	0	2	0	0	0	0	0	1	2	0	3	3	1	0	0	0	2	1	1	
0	1	1	3	2	0	0	2	0	2	2	0	0	0	1	2	1	1	2	0	2	2	0	2	1	0	1	2	
1	0	1	0	2	3	0	0	0	0	2	0	0	0	2	0	1	0	0	0	2	1	0	0	1	0	1	2	
0	0	2	0	2	1	1	2	1	0	3	0	3	2	0	0	1	1	0	0	1	1	1	2	0	0	1	2	
0	2	1	0	2	1	0	2	0	0	2	0	3	0	0	2	1	2	0	3	0	0	0	1	0	0	2	2	
0	1	2	0	3	2	2	2	0	0	2	0	0	0	2	0	1	2	0	0	2	3	0	0	0	0	2	2	
0	2	1	0	2	1	0	2	0	0	2	0	0	0	0	2	1	2	0	0	2	0	0	2	0	0	1	2	
0	2	1	0	1	1	0	2	0	2	2	0	0	0	0	0	1	1	0	0	0	1	0	1	0	0	1	2	
0	2	1	0	3	3	0	2	0	0	2	0	0	0	0	0	1	2	0	0	0	3	1	2	0	2	1	2	
0	2	1	0	2	1	0	2	0	0	2	0	0	0	0	0	1	2	0	0	2	1	0	2	0	0	1	2	
0	2	1	3	2	0	2	2	1	0	2	0	0	0	0	0	2	2	0	0	2	1	0	2	0	0	1	2	
0	2	1	0	0	1	0	2	0	0	2	0	0	0	0	0	1	2	0	0	2	1	1	2	0	0	1	2	
0	2	1	0	2	1	0	2	0	0	2	0	0	0	0	0	1	2	0	0	0	1	0	2	0	0	1	2	
0	1	1	0	2	1	1	0	0	0	2	0	0	1	0	0	1	1	0	1	3	1	1	2	0	0	1	2	
0	2	2	0	2	1	0	0	0	0	2	0	0	2	2	0	1	2	0	0	2	0	0	2	0	0	1	2	
0	1	1	3	2	0	0	3	2	0	2	0	0	0	0	0	2	2	0	0	2	0	0	0	0	2	1	1	
0	2	0	0	2	0	1	3	1	0	2	0	0	0	0	0	0	2	0	0	3	3	0	2	0	2	0	2	
0	1	1	0	2	0	0	2	1	0	2	0	1	0	2	2	1	1	1	0	1	1	0	0	0	0	1	2	
0	2	0	0	2	3	0	0	0	0	2	0	0	0	0	2	2	2	2	0	0	1	0	0	0	2	0	2	
3	2	1	0	0	1	0	3	2	0	2	0	0	0	0	0	1	2	0	0	0	3	0	0	0	0	2	2	
0	2	2	0	0	1	0	0	0	0	3	0	0	0	0	0	1	2	0	0	2	2	0	2	0	0	1	2	
0	2	1	0	2	1	0	3	0	0	1	0	0	0	2	0	2	2	0	0	0	0	3	1	0	0	1	0	
0	0	2	3	0	1	1	2	0	0	3	0	0	0	0	0	1	2	0	0	2	2	1	2	0	0	1	2	
1	0	2	0	3	1	0	2	0	2	2	0	0	0	0	0	2	2	0	0	2	1	0	2	0	0	0	2	
0	0	0	3	2	1	1	3	0	0	2	0	0	2	0	0	1	2	0	0	2	2	0	2	0	0	1	2	
0	2	1	0	2	1	0	2	0	1	2	0	3	2	0	0	2	2	2	1	2	1	0	2	0	0	2	2	
0	2	1	0	2	1	0	2	0	0	3	0	0	0	2	1	1	2	0	0	2	1	0	2	0	0	1	2	
0	2	1	0	2	3	0	3	1	0	3	0	0	1	0	0	1	2	0	0	0	1	0	1	0	0	2	0	
0	2	1	0	3	1	0	0	0	0	2	0	0	0	0	0	1	1	0	3	0	1	0	2	0	2	2	2	
0	2	1	0	2	1	0	0	1	0	2	0	0	0	0	0	2	1	0	0	2	1	0	2	0	2	1	1	
0	1	1	0	2	1	0	2	0	0	2	0	0	2	2	0	2	2	0	0	2	0	0	0	0	2	1	0	
1	2	1	0	2	2	0	2	0	1	2	0	0	0	0	0	0	2	0	0	0	1	0	1	0	0	1	1	
0	0	1	3	2	1	0	2	0	0	1	2	0	0	0	0	1	2	0	3	2	1	0	2	0	0	2	0	
--------------------

--------------------
Best Solution Found!
--------------------
Time: 0 hour(s), 0 minute(s), 0 second(s), 128 millisecond(s)

Fitness: 308094

0	0	1	0	3	1	0	0	0	0	2	0	0	2	0	0	1	2	0	0	2	1	0	2	0	0	1	2	
0	1	0	3	2	1	0	2	1	0	2	0	3	0	0	0	2	2	0	0	2	1	0	2	0	2	0	2	
0	2	1	0	3	0	2	2	0	0	3	0	0	0	0	0	1	2	0	0	3	2	0	1	0	2	1	2	
0	0	2	0	2	3	0	2	0	0	2	0	0	2	2	0	1	2	0	0	2	3	0	2	0	2	2	1	
0	2	1	3	2	0	0	2	0	0	2	0	1	0	0	2	1	2	0	0	1	1	0	0	0	0	1	2	
0	1	0	0	2	2	0	2	0	2	2	0	0	0	2	0	1	2	0	0	1	0	0	2	0	0	1	2	
0	2	2	0	0	0	0	0	0	0	1	0	0	2	2	0	1	2	0	3	2	2	1	2	0	0	1	1	
0	1	1	0	2	0	0	2	2	0	2	0	0	0	1	0	2	2	0	0	3	3	0	2	0	0	1	2	
0	2	1	0	2	3	0	2	0	0	2	0	0	0	0	0	2	1	0	3	2	3	3	1	0	2	2	2	
0	1	1	0	1	1	0	2	0	1	2	0	0	2	0	0	2	2	2	0	0	1	1	0	0	0	1	2	
0	2	1	0	2	1	0	0	0	0	2	0	0	2	2	0	1	1	0	0	0	1	0	2	0	0	1	2	
0	1	1	0	2	1	0	0	0	0	2	0	0	0	0	0	2	2	1	0	2	1	0	2	0	0	1	2	
3	2	1	0	2	1	0	2	0	2	3	0	0	0	0	0	1	2	0	0	0	1	0	2	0	0	1	2	
0	2	2	0	3	1	1	2	1	2	3	0	0	2	2	0	1	2	0	0	0	1	0	2	1	0	1	2	
0	2	0	3	3	1	2	2	0	0	2	0	0	0	0	2	1	2	0	3	2	1	0	2	0	3	1	2	
0	2	1	0	0	3	1	2	0	0	2	0	0	0	0	0	1	2	0	0	2	1	0	2	0	0	1	2	
0	2	1	0	2	1	0	3	0	0	2	0	0	0	0	0	1	1	0	0	2	1	1	1	0	0	0	0	
1	2	2	0	2	1	0	2	1	0	2	0	0	0	0	0	1	1	0	0	2	1	0	2	0	0	2	0	
0	1	2	0	0	1	1	2	0	0	2	0	0	0	0	0	1	2	0	1	2	1	0	2	0	0	1	2	
0	0	0	0	2	1	0	3	0	0	2	2	0	2	2	0	1	2	0	0	2	0	0	1	0	0	1	2	
0	0	1	3	3	1	0	2	2	0	3	0	0	0	0	0	0	2	1	0	2	3	0	1	0	0	0	2	
1	2	1	0	2	1	0	2	1	0	2	0	0	0	2	0	1	2	0	3	2	0	1	0	0	0	1	2	
0	2	1	0	3	1	1	0	1	2	2	0	0	0	0	2	1	2	0	0	1	1	1	0	0	0	1	2	
0	2	1	0	2	1	0	2	0	0	2	0	0	0	0	0	0	2	0	0	2	1	0	2	0	0	1	2	
1	2	1	0	2	1	0	0	0	1	2	0	0	0	0	2	1	2	0	0	2	1	0	2	0	0	0	2	
0	2	1	0	2	1	0	3	2	0	2	0	0	0	0	0	0	1	0	1	2	2	0	2	1	0	1	2	
0	2	0	0	2	1	1	2	0	0	2	0	3	2	0	0	2	2	0	0	2	2	1	2	0	0	0	2	
0	0	1	0	2	0	0	0	0	0	2	0	0	0	0	2	1	2	0	0	2	1	0	0	0	0	1	2	
0	2	1	0	2	1	0	2	0	0	2	0	0	0	0	0	0	1	0	0	0	1	0	2	0	0	1	2	
0	2	1	0	2	1	1	3	0	0	2	0	0	0	3	0	1	2	2	0	2	3	0	2	1	0	2	0	
1	2	1	0	2	1	0	0	0	0	2	0	3	0	2	1	1	2	0	0	3	1	0	2	0	0	1	2	
0	2	1	0	2	1	1	2	0	0	2	0	0	2	0	0	1	2	0	0	3	1	0	2	0	0	1	2	
0	2	1	0	2	3	0	2	0	1	3	0	0	0	0	0	1	2	0	0	2	1	0	1	0	0	1	2	
0	2	1	0	2	0	0	2	1	2	2	0	3	0	0	0	1	2	0	0	2	1	1	0	0	2	2	2	
0	0	1	0	2	0	0	2	0	2	2	0	1	0	3	0	1	2	2	0	2	1	0	2	0	2	1	1	
0	2	1	0	0	1	0	2	0	0	2	0	3	0	0	0	1	2	0	3	3	1	0	2	0	0	1	1	
0	2	1	3	2	1	0	3	0	2	3	0	0	0	0	0	1	2	0	0	2	2	0	0	1	0	0	1	
0	2	2	0	2	1	0	2	0	0	2	0	0	1	0	0	1	2	0	0	2	1	0	0	0	2	1	2	
0	0	1	0	2	2	1	2	0	2	3	0	3	0	0	0	1	2	0	0	2	1	1	0	0	0	0	1	
0	2	1	3	3	1	1	2	0	0	3	0	0	0	0	0	1	2	0	0	2	1	0	2	0	2	2	2	
0	1	1	0	2	2	1	2	0	0	2	0	0	0	2	0	1	1	0	0	2	1	0	2	0	0	0	2	
0	2	1	0	2	3	0	3	1	0	2	0	0	1	2	0	2	2	0	0	0	0	0	2	0	0	1	2	
0	2	2	3	2	1	0	2	1	0	2	0	0	0	0	0	2	1	0	0	1	1	0	2	0	0	1	2	
0	2	1	0	2	1	0	0	0	0	2	0	0	0	0	0	1	0	0	0	0	2	0	1	0	0	2	0	
0	2	2	0	0	1	2	3	0	0	3	0	0	0	0	2	2	1	0	0	0	1	0	2	0	0	1	2	
0	2	0	0	2	0	0	2	0	0	2	0	0	0	0	0	1	2	0	0	2	0	3	2	0	0	1	1	
1	2	2	1	2	3	0	2	0	0	2	0	0	0	0	0	1	1	0	3	0	0	0	2	0	0	2	1	
0	2	2	0	2	0	1	2	0	0	2	0	0	0	0	0	1	2	0	3	3	1	0	2	0	0	1	2	
0	0	1	3	1	0	0	2	1	0	2	0	0	0	0	2	1	2	0	0	2	1	0	2	0	2	2	2	
0	2	0	0	2	1	0	2	0	2	2	2	0	0	0	0	2	2	0	0	2	1	3	0	0	0	1	0	
1	0	1	0	1	3	0	2	1	0	1	3	0	0	0	0	1	2	0	0	2	1	0	1	0	0	2	2	
1	1	2	0	3	1	0	2	0	0	3	0	0	0	0	0	1	2	0	0	0	1	1	1	0	2	1	2	
0	1	1	0	2	1	0	3	0	0	2	0	0	0	0	0	1	1	0	0	0	1	0	1	0	0	1	1	
1	2	1	1	2	1	0	2	0	0	2	0	0	0	0	1	1	2	0	0	2	1	0	0	0	0	1	1	
0	1	1	0	2	1	0	0	0	0	2	0	0	0	0	0	1	2	0	0	2	1	0	0	1	0	1	2	
3	2	1	0	2	1	0	2	0	0	2	0	0	2	0	0	1	2	2	0	2	0	0	0	0	0	0	1	
0	2	0	0	0	1	0	3	0	0	2	0	3	2	0	0	1	2	0	0	0	1	0	2	2	0	1	2	
0	2	1	0	2	0	0	0	0	2	2	0	0	0	2	0	1	1	0	0	2	1	0	2	0	0	0	2	
0	2	1	0	2	1	0	0	0	0	2	0	0	1	0	0	1	2	2	0	2	1	0	2	1	0	1	2	
0	0	1	0	2	1	0	3	1	0	2	0	0	0	2	0	2	2	1	0	2	0	1	2	0	3	1	2	
--------------------

--------------------
Best Solution Found!
--------------------
Time: 0 hour(s), 0 minute(s), 0 second(s), 131 millisecond(s)

Fitness: 308094

0	0	1	0	3	1	0	0	0	0	2	0	0	2	0	0	1	2	0	0	2	1	0	2	0	0	1	2	
0	1	0	3	2	1	0	2	1	0	2	0	3	0	0	0	2	2	0	0	2	1	0	2	0	2	0	2	
0	2	1	0	3	0	2	2	0	0	3	0	0	0	0	0	1	2	0	0	3	2	0	1	0	2	1	2	
0	0	2	0	2	3	0	2	0	0	2	0	0	2	2	0	1	2	0	0	2	3	0	2	0	2	2	1	
0	2	1	3	2	0	0	2	0	0	2	0	1	0	0	2	1	2	0	0	1	1	0	0	0	0	1	2	
0	1	0	0	2	2	0	2	0	2	2	0	0	0	2	0	1	2	0	0	1	0	0	2	0	0	1	2	
0	2	2	0	0	0	0	0	0	0	1	0	0	2	2	0	1	2	0	3	2	2	1	2	0	0	1	1	
0	1	1	0	2	0	0	2	2	0	2	0	0	0	1	0	2	2	0	0	3	3	0	2	0	0	1	2	
0	2	1	0	2	3	0	2	0	0	2	0	0	0	0	0	2	1	0	3	2	3	3	1	0	2	2	2	
0	1	1	0	1	1	0	2	0	1	2	0	0	2	0	0	2	2	2	0	0	1	1	0	0	0	1	2	
0	2	1	0	2	1	0	0	0	0	2	0	0	2	2	0	1	1	0	0	0	1	0	2	0	0	1	2	
0	1	1	0	2	1	0	0	0	0	2	0	0	0	0	0	2	2	1	0	2	1	0	2	0	0	1	2	
3	2	1	0	2	1	0	2	0	2	3	0	0	0	0	0	1	2	0	0	0	1	0	2	0	0	1	2	
0	2	2	0	3	1	1	2	1	2	3	0	0	2	2	0	1	2	0	0	0	1	0	2	1	0	1	2	
0	2	0	3	3	1	2	2	0	0	2	0	0	0	0	2	1	2	0	3	2	1	0	2	0	3	1	2	
0	2	1	0	0	3	1	2	0	0	2	0	0	0	0	0	1	2	0	0	2	1	0	2	0	0	1	2	
0	2	1	0	2	1	0	3	0	0	2	0	0	0	0	0	1	1	0	0	2	1	1	1	0	0	0	0	
1	2	2	0	2	1	0	2	1	0	2	0	0	0	0	0	1	1	0	0	2	1	0	2	0	0	2	0	
0	1	2	0	0	1	1	2	0	0	2	0	0	0	0	0	1	2	0	1	2	1	0	2	0	0	1	2	
0	0	0	0	2	1	0	3	0	0	2	2	0	2	2	0	1	2	0	0	2	0	0	1	0	0	1	2	
0	0	1	3	3	1	0	2	2	0	3	0	0	0	0	0	0	2	1	0	2	3	0	1	0	0	0	2	
1	2	1	0	2	1	0	2	1	0	2	0	0	0	2	0	1	2	0	3	2	0	1	0	0	0	1	2	
0	2	1	0	3	1	1	0	1	2	2	0	0	0	0	2	1	2	0	0	1	1	1	0	0	0	1	2	
0	2	1	0	2	1	0	2	0	0	2	0	0	0	0	0	0	2	0	0	2	1	0	2	0	0	1	2	
1	2	1	0	2	1	0	0	0	1	2	0	0	0	0	2	1	2	0	0	2	1	0	2	0	0	0	2	
0	2	1	0	2	1	0	3	2	0	2	0	0	0	0	0	0	1	0	1	2	2	0	2	1	0	1	2	
0	2	0	0	2	1	1	2	0	0	2	0	3	2	0	0	2	2	0	0	2	2	1	2	0	0	0	2	
0	0	1	0	2	0	0	0	0	0	2	0	0	0	0	2	1	2	0	0	2	1	0	0	0	0	1	2	
0	2	1	0	2	1	0	2	0	0	2	0	0	0	0	0	0	1	0	0	0	1	0	2	0	0	1	2	
0	2	1	0	2	1	1	3	0	0	2	0	0	0	3	0	1	2	2	0	2	3	0	2	1	0	2	0	
1	2	1	0	2	1	0	0	0	0	2	0	3	0	2	1	1	2	0	0	3	1	0	2	0	0	1	2	
0	2	1	0	2	1	1	2	0	0	2	0	0	2	0	0	1	2	0	0	3	1	0	2	0	0	1	2	
0	2	1	0	2	3	0	2	0	1	3	0	0	0	0	0	1	2	0	0	2	1	0	1	0	0	1	2	
0	2	1	0	2	0	0	2	1	2	2	0	3	0	0	0	1	2	0	0	2	1	1	0	0	2	2	2	
0	0	1	0	2	0	0	2	0	2	2	0	1	0	3	0	1	2	2	0	2	1	0	2	0	2	1	1	
0	2	1	0	0	1	0	2	0	0	2	0	3	0	0	0	1	2	0	3	3	1	0	2	0	0	1	1	
0	2	1	3	2	1	0	3	0	2	3	0	0	0	0	0	1	2	0	0	2	2	0	0	1	0	0	1	
0	2	2	0	2	1	0	2	0	0	2	0	0	1	0	0	1	2	0	0	2	1	0	0	0	2	1	2	
0	0	1	0	2	2	1	2	0	2	3	0	3	0	0	0	1	2	0	0	2	1	1	0	0	0	0	1	
0	2	1	3	3	1	1	2	0	0	3	0	0	0	0	0	1	2	0	0	2	1	0	2	0	2	2	2	
0	1	1	0	2	2	1	2	0	0	2	0	0	0	2	0	1	1	0	0	2	1	0	2	0	0	0	2	
0	2	1	0	2	3	0	3	1	0	2	0	0	1	2	0	2	2	0	0	0	0	0	2	0	0	1	2	
0	2	2	3	2	1	0	2	1	0	2	0	0	0	0	0	2	1	0	0	1	1	0	2	0	0	1	2	
0	2	1	0	2	1	0	0	0	0	2	0	0	0	0	0	1	0	0	0	0	2	0	1	0	0	2	0	
0	2	2	0	0	1	2	3	0	0	3	0	0	0	0	2	2	1	0	0	0	1	0	2	0	0	1	2	
0	2	0	0	2	0	0	2	0	0	2	0	0	0	0	0	1	2	0	0	2	0	3	2	0	0	1	1	
1	2	2	1	2	3	0	2	0	0	2	0	0	0	0	0	1	1	0	3	0	0	0	2	0	0	2	1	
0	2	2	0	2	0	1	2	0	0	2	0	0	0	0	0	1	2	0	3	3	1	0	2	0	0	1	2	
0	0	1	3	1	0	0	2	1	0	2	0	0	0	0	2	1	2	0	0	2	1	0	2	0	2	2	2	
0	2	0	0	2	1	0	2	0	2	2	2	0	0	0	0	2	2	0	0	2	1	3	0	0	0	1	0	
1	0	1	0	1	3	0	2	1	0	1	3	0	0	0	0	1	2	0	0	2	1	0	1	0	0	2	2	
1	1	2	0	3	1	0	2	0	0	3	0	0	0	0	0	1	2	0	0	0	1	1	1	0	2	1	2	
0	1	1	0	2	1	0	3	0	0	2	0	0	0	0	0	1	1	0	0	0	1	0	1	0	0	1	1	
1	2	1	1	2	1	0	2	0	0	2	0	0	0	0	1	1	2	0	0	2	1	0	0	0	0	1	1	
0	1	1	0	2	1	0	0	0	0	2	0	0	0	0	0	1	2	0	0	2	1	0	0	1	0	1	2	
3	2	1	0	2	1	0	2	0	0	2	0	0	2	0	0	1	2	2	0	2	0	0	0	0	0	0	1	
0	2	0	0	0	1	0	3	0	0	2	0	3	2	0	0	1	2	0	0	0	1	0	2	2	0	1	2	
0	2	1	0	2	0	0	0	0	2	2	0	0	0	2	0	1	1	0	0	2	1	0	2	0	0	0	2	
0	2	1	0	2	1	0	0	0	0	2	0	0	1	0	0	1	2	2	0	2	1	0	2	1	0	1	2	
0	0	1	0	2	1	0	3	1	0	2	0	0	0	2	0	2	2	1	0	2	0	1	2	0	3	1	2	
--------------------

--------------------
Best Solution Found!
--------------------
Time: 0 hour(s), 0 minute(s), 0 second(s), 134 millisecond(s)

Fitness: 308094

0	0	1	0	3	1	0	0	0	0	2	0	0	2	0	0	1	2	0	0	2	1	0	2	0	0	1	2	
0	1	0	3	2	1	0	2	1	0	2	0	3	0	0	0	2	2	0	0	2	1	0	2	0	2	0	2	
0	2	1	0	3	0	2	2	0	0	3	0	0	0	0	0	1	2	0	0	3	2	0	1	0	2	1	2	
0	0	2	0	2	3	0	2	0	0	2	0	0	2	2	0	1	2	0	0	2	3	0	2	0	2	2	1	
0	2	1	3	2	0	0	2	0	0	2	0	1	0	0	2	1	2	0	0	1	1	0	0	0	0	1	2	
0	1	0	0	2	2	0	2	0	2	2	0	0	0	2	0	1	2	0	0	1	0	0	2	0	0	1	2	
0	2	2	0	0	0	0	0	0	0	1	0	0	2	2	0	1	2	0	3	2	2	1	2	0	0	1	1	
0	1	1	0	2	0	0	2	2	0	2	0	0	0	1	0	2	2	0	0	3	3	0	2	0	0	1	2	
0	2	1	0	2	3	0	2	0	0	2	0	0	0	0	0	2	1	0	3	2	3	3	1	0	2	2	2	
0	1	1	0	1	1	0	2	0	1	2	0	0	2	0	0	2	2	2	0	0	1	1	0	0	0	1	2	
0	2	1	0	2	1	0	0	0	0	2	0	0	2	2	0	1	1	0	0	0	1	0	2	0	0	1	2	
0	1	1	0	2	1	0	0	0	0	2	0	0	0	0	0	2	2	1	0	2	1	0	2	0	0	1	2	
3	2	1	0	2	1	0	2	0	2	3	0	0	0	0	0	1	2	0	0	0	1	0	2	0	0	1	2	
0	2	2	0	3	1	1	2	1	2	3	0	0	2	2	0	1	2	0	0	0	1	0	2	1	0	1	2	
0	2	0	3	3	1	2	2	0	0	2	0	0	0	0	2	1	2	0	3	2	1	0	2	0	3	1	2	
0	2	1	0	0	3	1	2	0	0	2	0	0	0	0	0	1	2	0	0	2	1	0	2	0	0	1	2	
0	2	1	0	2	1	0	3	0	0	2	0	0	0	0	0	1	1	0	0	2	1	1	1	0	0	0	0	
1	2	2	0	2	1	0	2	1	0	2	0	0	0	0	0	1	1	0	0	2	1	0	2	0	0	2	0	
0	1	2	0	0	1	1	2	0	0	2	0	0	0	0	0	1	2	0	1	2	1	0	2	0	0	1	2	
0	0	0	0	2	1	0	3	0	0	2	2	0	2	2	0	1	2	0	0	2	0	0	1	0	0	1	2	
0	0	1	3	3	1	0	2	2	0	3	0	0	0	0	0	0	2	1	0	2	3	0	1	0	0	0	2	
1	2	1	0	2	1	0	2	1	0	2	0	0	0	2	0	1	2	0	3	2	0	1	0	0	0	1	2	
0	2	1	0	3	1	1	0	1	2	2	0	0	0	0	2	1	2	0	0	1	1	1	0	0	0	1	2	
0	2	1	0	2	1	0	2	0	0	2	0	0	0	0	0	0	2	0	0	2	1	0	2	0	0	1	2	
1	2	1	0	2	1	0	0	0	1	2	0	0	0	0	2	1	2	0	0	2	1	0	2	0	0	0	2	
0	2	1	0	2	1	0	3	2	0	2	0	0	0	0	0	0	1	0	1	2	2	0	2	1	0	1	2	
0	2	0	0	2	1	1	2	0	0	2	0	3	2	0	0	2	2	0	0	2	2	1	2	0	0	0	2	
0	0	1	0	2	0	0	0	0	0	2	0	0	0	0	2	1	2	0	0	2	1	0	0	0	0	1	2	
0	2	1	0	2	1	0	2	0	0	2	0	0	0	0	0	0	1	0	0	0	1	0	2	0	0	1	2	
0	2	1	0	2	1	1	3	0	0	2	0	0	0	3	0	1	2	2	0	2	3	0	2	1	0	2	0	
1	2	1	0	2	1	0	0	0	0	2	0	3	0	2	1	1	2	0	0	3	1	0	2	0	0	1	2	
0	2	1	0	2	1	1	2	0	0	2	0	0	2	0	0	1	2	0	0	3	1	0	2	0	0	1	2	
0	2	1	0	2	3	0	2	0	1	3	0	0	0	0	0	1	2	0	0	2	1	0	1	0	0	1	2	
0	2	1	0	2	0	0	2	1	2	2	0	3	0	0	0	1	2	0	0	2	1	1	0	0	2	2	2	
0	0	1	0	2	0	0	2	0	2	2	0	1	0	3	0	1	2	2	0	2	1	0	2	0	2	1	1	
0	2	1	0	0	1	0	2	0	0	2	0	3	0	0	0	1	2	0	3	3	1	0	2	0	0	1	1	
0	2	1	3	2	1	0	3	0	2	3	0	0	0	0	0	1	2	0	0	2	2	0	0	1	0	0	1	
0	2	2	0	2	1	0	2	0	0	2	0	0	1	0	0	1	2	0	0	2	1	0	0	0	2	1	2	
0	0	1	0	2	2	1	2	0	2	3	0	3	0	0	0	1	2	0	0	2	1	1	0	0	0	0	1	
0	2	1	3	3	1	1	2	0	0	3	0	0	0	0	0	1	2	0	0	2	1	0	2	0	2	2	2	
0	1	1	0	2	2	1	2	0	0	2	0	0	0	2	0	1	1	0	0	2	1	0	2	0	0	0	2	
0	2	1	0	2	3	0	3	1	0	2	0	0	1	2	0	2	2	0	0	0	0	0	2	0	0	1	2	
0	2	2	3	2	1	0	2	1	0	2	0	0	0	0	0	2	1	0	0	1	1	0	2	0	0	1	2	
0	2	1	0	2	1	0	0	0	0	2	0	0	0	0	0	1	0	0	0	0	2	0	1	0	0	2	0	
0	2	2	0	0	1	2	3	0	0	3	0	0	0	0	2	2	1	0	0	0	1	0	2	0	0	1	2	
0	2	0	0	2	0	0	2	0	0	2	0	0	0	0	0	1	2	0	0	2	0	3	2	0	0	1	1	
1	2	2	1	2	3	0	2	0	0	2	0	0	0	0	0	1	1	0	3	0	0	0	2	0	0	2	1	
0	2	2	0	2	0	1	2	0	0	2	0	0	0	0	0	1	2	0	3	3	1	0	2	0	0	1	2	
0	0	1	3	1	0	0	2	1	0	2	0	0	0	0	2	1	2	0	0	2	1	0	2	0	2	2	2	
0	2	0	0	2	1	0	2	0	2	2	2	0	0	0	0	2	2	0	0	2	1	3	0	0	0	1	0	
1	0	1	0	1	3	0	2	1	0	1	3	0	0	0	0	1	2	0	0	2	1	0	1	0	0	2	2	
1	1	2	0	3	1	0	2	0	0	3	0	0	0	0	0	1	2	0	0	0	1	1	1	0	2	1	2	
0	1	1	0	2	1	0	3	0	0	2	0	0	0	0	0	1	1	0	0	0	1	0	1	0	0	1	1	
1	2	1	1	2	1	0	2	0	0	2	0	0	0	0	1	1	2	0	0	2	1	0	0	0	0	1	1	
0	1	1	0	2	1	0	0	0	0	2	0	0	0	0	0	1	2	0	0	2	1	0	0	1	0	1	2	
3	2	1	0	2	1	0	2	0	0	2	0	0	2	0	0	1	2	2	0	2	0	0	0	0	0	0	1	
0	2	0	0	0	1	0	3	0	0	2	0	3	2	0	0	1	2	0	0	0	1	0	2	2	0	1	2	
0	2	1	0	2	0	0	0	0	2	2	0	0	0	2	0	1	1	0	0	2	1	0	2	0	0	0	2	
0	2	1	0	2	1	0	0	0	0	2	0	0	1	0	0	1	2	2	0	2	1	0	2	1	0	1	2	
0	0	1	0	2	1	0	3	1	0	2	0	0	0	2	0	2	2	1	0	2	0	1	2	0	3	1	2	
--------------------

--------------------
Best Solution Found!
--------------------
Time: 0 hour(s), 0 minute(s), 0 second(s), 149 millisecond(s)

Fitness: 304088

0	2	1	0	2	1	1	0	0	0	2	0	3	0	2	2	1	1	0	0	2	1	0	2	0	0	0	2	
0	2	1	0	2	3	0	0	0	0	3	0	0	1	0	0	0	2	2	0	2	1	1	1	0	2	1	2	
0	2	2	0	2	0	0	3	1	0	2	0	0	2	2	0	1	2	0	0	2	1	0	0	0	0	1	2	
0	0	1	0	3	3	1	2	0	0	2	0	0	0	0	0	1	2	0	0	2	1	0	1	0	0	1	2	
1	2	0	0	2	1	0	3	2	0	2	0	0	0	0	0	2	1	1	0	2	3	1	2	0	0	1	2	
0	2	2	0	2	1	0	2	0	0	2	0	3	2	2	0	0	2	0	0	2	1	0	2	0	0	2	2	
0	2	1	0	0	1	2	0	0	2	2	0	0	0	2	1	2	2	0	0	0	1	0	2	0	0	2	2	
0	0	1	0	2	2	0	2	0	0	2	0	0	0	0	0	1	2	0	0	3	1	3	1	0	0	2	0	
0	2	1	0	2	1	0	2	0	0	2	0	1	0	0	0	2	2	0	0	2	1	3	2	0	0	2	2	
3	1	0	0	2	0	0	2	0	0	2	0	0	0	0	2	1	1	0	0	2	1	0	2	0	2	1	2	
0	2	1	0	2	2	0	2	0	0	2	0	0	2	0	0	1	2	0	0	2	1	0	2	1	0	1	0	
0	2	0	3	2	1	1	0	1	0	2	0	3	0	0	0	1	1	0	0	1	1	0	2	0	2	1	2	
0	2	1	0	2	1	0	3	0	0	2	0	0	0	0	0	2	2	2	0	2	1	0	2	0	2	1	0	
0	2	1	0	3	2	1	3	1	0	2	0	0	0	0	0	1	2	0	0	3	1	0	1	1	0	0	2	
1	2	0	0	2	0	0	2	0	2	2	0	0	0	0	0	1	2	0	0	2	1	0	2	0	0	1	1	
0	0	1	0	1	1	0	2	2	0	2	0	0	0	0	0	2	2	0	0	2	1	0	1	0	2	2	2	
0	2	2	0	2	1	1	2	0	2	2	0	0	2	0	0	1	2	0	0	0	1	1	2	0	0	1	2	
0	2	1	0	2	1	0	2	0	0	3	0	0	0	0	0	1	1	0	0	2	1	1	2	0	0	1	2	
0	2	1	0	2	1	0	2	1	0	2	0	0	0	0	0	2	2	0	0	2	1	0	0	1	0	0	0	
0	2	2	0	0	1	0	2	0	0	2	0	0	0	0	0	1	2	0	0	2	1	0	2	0	0	2	2	
0	2	1	0	3	3	0	3	0	0	2	0	0	0	0	1	1	2	0	0	2	0	0	1	0	2	0	2	
0	2	0	3	0	1	0	0	0	1	2	0	0	2	2	0	1	2	0	0	2	0	0	0	0	0	1	2	
0	2	1	3	1	0	1	2	0	1	3	0	0	0	0	0	1	2	1	0	2	1	0	2	0	0	1	1	
1	1	2	0	2	1	0	2	0	2	2	0	0	0	2	0	1	1	0	0	2	2	0	2	0	0	1	2	
0	2	1	0	2	3	0	2	0	0	2	2	3	0	0	0	1	1	0	0	1	1	0	0	0	0	1	2	
0	1	1	0	2	1	1	0	0	0	2	0	0	0	0	0	1	0	0	3	2	1	0	2	0	0	0	2	
0	0	1	3	2	0	0	2	0	0	2	0	0	1	0	0	2	2	2	0	3	0	0	2	0	0	1	2	
0	0	1	3	0	1	0	2	1	0	2	0	1	0	0	0	1	2	0	0	3	0	1	1	1	0	1	2	
0	2	1	3	3	0	0	2	1	0	2	0	0	0	0	0	1	2	0	0	2	1	0	2	0	0	0	2	
0	2	1	0	2	0	0	2	0	0	2	0	0	0	0	2	1	2	0	3	2	2	0	2	0	0	1	1	
0	1	2	0	2	1	1	2	0	2	3	0	0	0	0	0	1	2	0	0	1	2	0	2	0	2	1	1	
0	1	1	0	3	1	0	3	0	0	1	0	0	0	3	0	1	2	0	0	0	1	0	2	0	0	1	2	
0	1	2	0	2	1	0	2	1	0	2	0	0	0	0	0	1	2	0	0	2	1	0	0	0	0	0	2	
3	2	1	0	2	1	0	0	0	0	2	0	0	0	2	0	1	2	0	0	2	1	0	1	1	0	1	1	
0	2	1	0	2	3	0	2	0	0	1	0	0	0	2	0	1	2	0	0	0	3	0	2	2	0	1	2	
0	2	1	0	2	3	0	2	1	0	3	0	0	0	0	0	1	2	0	0	0	1	1	2	0	0	1	2	
0	1	1	0	1	0	0	0	0	0	3	0	3	2	0	2	1	1	0	0	2	1	0	2	0	0	2	2	
1	2	1	0	2	1	0	2	1	1	2	0	0	0	0	0	2	1	0	0	2	1	0	0	0	0	1	2	
0	2	1	0	0	1	1	2	1	0	2	0	0	2	2	0	1	2	0	0	2	2	0	2	0	2	1	2	
0	2	1	0	2	1	0	2	0	2	3	0	0	0	0	0	1	2	0	0	0	1	0	2	0	0	1	1	
0	0	1	1	2	1	0	0	0	0	2	0	0	0	1	0	1	2	0	0	3	3	0	0	0	0	1	2	
0	0	2	0	2	1	0	3	0	0	2	0	0	0	0	0	2	2	0	3	2	1	1	2	0	0	1	2	
0	2	1	0	2	1	0	0	0	0	2	0	0	2	2	0	1	2	0	0	2	2	0	2	0	3	1	2	
1	1	0	0	2	0	0	2	1	0	2	0	0	0	2	2	1	2	1	0	3	1	0	2	0	2	0	2	
0	2	1	0	3	1	0	2	0	0	2	0	0	0	3	0	1	2	0	0	1	1	0	0	0	0	1	2	
1	2	0	0	2	1	0	2	0	0	2	0	0	0	0	0	1	2	2	0	0	1	1	2	0	0	1	2	
0	1	1	0	2	3	0	3	0	0	3	0	0	0	0	0	1	2	0	0	0	1	0	0	0	0	0	1	
0	2	2	0	3	1	1	2	0	0	3	0	0	0	0	0	1	2	0	3	2	0	3	0	0	0	1	1	
0	2	1	0	2	1	0	2	2	2	2	3	0	0	0	0	1	1	2	0	0	1	0	1	0	0	2	2	
1	2	2	0	2	0	0	3	0	0	2	0	0	0	0	2	2	2	0	3	2	1	0	2	1	0	1	0	
0	2	2	3	2	0	2	2	0	0	2	2	0	2	0	0	0	2	0	1	2	3	0	2	0	0	2	2	
0	2	0	0	2	1	0	2	0	0	2	0	0	0	0	0	1	1	0	0	2	0	1	2	0	0	1	2	
0	0	1	0	2	1	0	2	0	0	2	0	0	2	0	0	1	2	0	0	2	3	0	0	0	0	1	2	
0	0	1	1	3	1	0	2	0	0	2	0	3	0	0	0	1	2	0	0	2	1	0	2	0	2	1	2	
0	2	1	3	2	1	0	2	0	0	2	0	0	0	2	0	1	2	0	0	0	1	0	2	0	0	1	2	
0	0	1	0	2	1	1	2	0	2	2	0	0	0	0	0	1	1	0	0	0	0	0	1	0	0	0	1	
0	2	1	0	2	1	0	3	0	2	2	0	0	2	0	2	1	2	0	3	2	2	0	0	0	0	1	1	
0	2	1	0	2	1	0	2	0	2	2	0	3	0	0	0	1	2	0	3	2	1	0	2	0	0	1	2	
0	2	1	0	2	1	0	0	0	0	3	0	0	1	0	0	0	2	0	1	0	1	1	2	0	3	1	1	
1	1	1	0	0	1	2	0	0	0	2	0	0	0	0	0	2	2	0	0	2	0	0	0	0	0	2	2	
--------------------

--------------------
Best Solution Found!
--------------------
Time: 0 hour(s), 0 minute(s), 1 second(s), 379 millisecond(s)

Fitness: 301086

0	2	2	0	3	3	0	3	1	0	2	2	3	2	2	0	1	2	0	3	3	1	0	2	1	2	0	2	
0	2	1	0	2	1	1	3	0	0	2	0	0	0	0	0	1	2	2	0	0	1	0	1	0	0	2	2	
1	0	2	0	0	1	0	0	0	2	2	0	0	0	0	0	1	2	0	1	2	0	0	2	0	0	1	2	
0	1	2	0	2	1	1	2	0	0	3	0	1	0	0	0	1	2	1	0	2	0	0	2	0	0	0	2	
0	2	1	0	2	2	0	2	1	0	2	0	0	1	2	0	2	2	0	0	2	1	0	2	0	2	1	2	
1	2	1	3	0	1	1	2	0	2	2	0	0	2	0	0	1	2	0	0	2	0	0	0	0	2	0	2	
0	2	0	0	2	1	1	2	0	0	2	0	0	0	0	0	2	2	0	0	2	2	0	2	0	0	1	2	
0	1	1	0	2	1	0	2	2	0	3	0	0	0	3	2	0	2	0	0	2	1	0	0	0	2	1	2	
0	0	0	0	2	1	0	2	0	0	2	0	0	0	0	0	1	2	2	0	2	0	0	2	0	0	2	2	
1	2	1	3	2	1	0	0	0	0	2	0	0	0	0	2	0	2	0	0	2	1	0	1	1	0	1	2	
0	0	0	0	2	1	0	2	0	0	2	0	3	1	2	0	1	1	0	0	2	1	0	2	0	0	2	1	
0	1	1	0	0	1	0	0	1	0	2	0	0	0	0	0	1	2	0	0	2	1	3	1	0	0	1	1	
0	2	2	0	2	1	0	3	0	2	3	0	0	0	0	0	1	2	0	0	2	2	0	0	0	0	1	2	
0	2	1	0	2	1	0	0	0	0	2	0	0	0	2	0	1	1	0	0	2	1	0	2	1	0	2	2	
1	2	0	0	2	0	0	2	0	0	2	0	0	0	0	0	2	2	0	0	3	1	1	2	0	0	1	0	
0	2	1	0	2	1	0	0	0	1	3	0	3	0	0	0	1	1	0	1	2	1	0	1	0	0	0	1	
1	2	1	0	2	0	2	2	0	1	2	0	3	0	0	0	1	2	0	0	3	3	1	2	0	0	1	2	
0	2	1	0	2	1	0	0	0	0	2	0	0	2	2	0	2	2	0	0	2	1	0	1	0	0	0	2	
0	2	1	0	2	1	0	0	0	0	2	0	0	0	0	0	1	2	0	0	2	1	0	2	0	2	1	2	
1	2	1	3	2	1	0	2	1	0	3	0	0	0	0	0	1	2	0	0	2	0	0	0	0	0	1	0	
1	2	1	0	2	1	0	2	0	0	2	0	3	2	2	0	2	2	0	0	3	1	0	0	0	0	1	2	
0	2	2	3	2	0	0	2	0	0	2	0	0	0	0	2	1	2	0	0	0	1	1	1	0	0	1	2	
0	1	1	0	3	1	0	2	0	0	2	0	0	0	0	0	1	1	0	0	2	2	0	0	0	2	1	2	
0	2	1	3	2	1	0	2	0	0	2	0	0	0	0	0	1	2	0	0	2	1	0	2	0	0	0	2	
0	0	1	0	2	0	2	2	0	0	3	0	0	0	2	0	1	2	0	0	2	2	0	0	0	2	2	1	
0	1	1	0	2	1	0	3	0	0	2	0	0	2	0	0	1	2	0	0	2	3	1	2	0	0	1	2	
3	2	1	0	2	3	0	2	0	0	3	2	0	0	0	0	1	2	0	0	2	1	0	2	0	0	1	0	
0	1	0	0	2	1	1	2	0	0	2	0	0	0	0	0	1	1	0	0	2	1	0	0	0	0	1	2	
0	2	2	0	2	0	0	2	0	2	2	0	0	2	0	0	1	2	0	3	0	1	0	0	0	0	1	1	
1	2	1	0	2	1	0	3	0	1	2	0	0	0	0	0	1	2	0	0	0	1	3	2	0	0	2	2	
0	2	2	0	2	1	0	2	0	2	2	0	0	0	0	0	1	1	2	0	2	0	3	1	0	0	2	2	
0	1	2	0	2	1	0	2	0	0	3	0	0	0	0	0	1	2	0	0	0	1	0	2	0	0	2	2	
0	0	1	3	2	1	0	2	2	0	2	0	0	0	0	0	1	2	0	0	0	1	1	2	0	0	1	0	
0	2	1	0	2	1	0	2	1	0	2	0	0	0	0	0	1	2	0	3	0	1	0	1	0	2	1	1	
0	2	1	0	0	1	0	2	0	0	2	0	0	0	0	0	1	0	0	3	2	1	0	1	0	3	0	1	
0	2	1	0	2	1	0	2	0	0	2	0	0	0	0	0	1	1	1	3	3	2	0	2	0	0	1	2	
0	2	2	0	2	0	0	2	0	0	3	0	3	0	0	2	2	2	2	0	1	1	0	2	0	0	1	2	
3	2	1	0	2	3	0	2	0	0	2	3	0	2	3	1	1	2	0	0	0	1	0	2	0	0	1	2	
0	2	1	0	2	1	0	0	0	0	2	0	0	0	0	0	2	2	0	0	2	3	0	2	0	0	1	2	
0	0	1	0	2	1	1	3	0	0	1	0	0	0	2	0	1	2	0	0	2	1	0	0	0	0	1	2	
0	2	1	0	0	1	1	2	0	0	2	0	0	0	0	1	1	2	0	0	2	3	0	0	0	0	1	2	
0	2	0	0	2	1	0	3	0	0	2	0	0	0	0	2	1	2	0	3	3	3	0	2	2	0	1	2	
0	1	1	0	2	2	1	2	1	0	2	0	0	0	0	0	1	1	0	0	2	1	0	2	0	0	1	1	
0	0	1	0	2	0	0	3	0	2	2	0	1	1	2	0	1	2	0	0	2	1	1	0	0	2	1	1	
0	2	1	0	0	0	2	2	0	0	2	0	3	0	0	0	1	2	0	0	2	2	0	2	0	0	2	1	
0	2	1	0	1	3	1	2	0	0	1	0	0	2	1	0	2	2	0	0	2	1	0	2	0	0	0	2	
0	2	1	1	3	0	1	2	0	2	2	0	0	0	0	0	1	1	0	0	2	1	0	2	0	0	1	2	
0	2	0	0	3	1	0	2	1	0	2	0	0	2	0	0	2	2	1	0	0	1	0	2	1	3	0	2	
0	2	1	0	2	3	0	3	0	0	2	0	0	0	2	0	0	2	0	0	2	1	0	2	0	0	1	2	
0	2	1	0	3	1	0	2	1	2	2	0	0	0	2	0	1	1	2	0	2	1	0	2	0	0	1	2	
0	2	1	0	2	2	0	0	0	0	2	0	0	0	0	2	1	2	0	0	1	0	1	0	1	0	1	2	
0	2	1	0	3	3	0	2	0	0	2	0	0	0	0	2	1	2	0	0	1	1	0	2	0	0	1	1	
0	0	1	1	2	0	0	2	1	0	2	0	0	2	0	0	1	2	0	0	0	1	0	2	0	2	1	2	
0	2	1	0	2	1	1	3	0	2	2	0	0	0	0	0	1	2	0	3	2	1	0	2	0	0	2	2	
0	1	1	0	3	1	0	2	2	0	2	0	0	0	0	0	1	2	0	0	0	1	0	2	1	0	1	0	
0	1	2	0	2	0	0	2	1	0	2	0	0	0	2	0	2	2	0	0	2	1	0	2	0	0	1	2	
0	2	1	3	1	1	0	0	0	0	2	0	0	0	0	0	1	1	0	0	0	0	1	2	0	0	0	2	
0	2	0	0	3	3	0	2	1	0	3	0	0	0	0	0	1	1	0	0	1	1	0	2	0	0	1	2	
0	0	2	0	1	1	0	0	0	2	2	0	0	2	0	0	2	2	0	0	2	1	1	1	0	0	1	2	
0	0	1	3	2	1	0	0	0	0	2	0	0	0	0	0	0	2	0	0	2	1	1	2	0	0	1	2	
--------------------

--------------------
Best Solution Found!
--------------------
Time: 0 hour(s), 0 minute(s), 1 second(s), 382 millisecond(s)

Fitness: 301086

0	2	2	0	3	3	0	3	1	0	2	2	3	2	2	0	1	2	0	3	3	1	0	2	1	2	0	2	
0	2	1	0	2	1	1	3	0	0	2	0	0	0	0	0	1	2	2	0	0	1	0	1	0	0	2	2	
1	0	2	0	0	1	0	0	0	2	2	0	0	0	0	0	1	2	0	1	2	0	0	2	0	0	1	2	
0	1	2	0	2	1	1	2	0	0	3	0	1	0	0	0	1	2	1	0	2	0	0	2	0	0	0	2	
0	2	1	0	2	2	0	2	1	0	2	0	0	1	2	0	2	2	0	0	2	1	0	2	0	2	1	2	
1	2	1	3	0	1	1	2	0	2	2	0	0	2	0	0	1	2	0	0	2	0	0	0	0	2	0	2	
0	2	0	0	2	1	1	2	0	0	2	0	0	0	0	0	2	2	0	0	2	2	0	2	0	0	1	2	
0	1	1	0	2	1	0	2	2	0	3	0	0	0	3	2	0	2	0	0	2	1	0	0	0	2	1	2	
0	0	0	0	2	1	0	2	0	0	2	0	0	0	0	0	1	2	2	0	2	0	0	2	0	0	2	2	
1	2	1	3	2	1	0	0	0	0	2	0	0	0	0	2	0	2	0	0	2	1	0	1	1	0	1	2	
0	0	0	0	2	1	0	2	0	0	2	0	3	1	2	0	1	1	0	0	2	1	0	2	0	0	2	1	
0	1	1	0	0	1	0	0	1	0	2	0	0	0	0	0	1	2	0	0	2	1	3	1	0	0	1	1	
0	2	2	0	2	1	0	3	0	2	3	0	0	0	0	0	1	2	0	0	2	2	0	0	0	0	1	2	
0	2	1	0	2	1	0	0	0	0	2	0	0	0	2	0	1	1	0	0	2	1	0	2	1	0	2	2	
1	2	0	0	2	0	0	2	0	0	2	0	0	0	0	0	2	2	0	0	3	1	1	2	0	0	1	0	
0	2	1	0	2	1	0	0	0	1	3	0	3	0	0	0	1	1	0	1	2	1	0	1	0	0	0	1	
1	2	1	0	2	0	2	2	0	1	2	0	3	0	0	0	1	2	0	0	3	3	1	2	0	0	1	2	
0	2	1	0	2	1	0	0	0	0	2	0	0	2	2	0	2	2	0	0	2	1	0	1	0	0	0	2	
0	2	1	0	2	1	0	0	0	0	2	0	0	0	0	0	1	2	0	0	2	1	0	2	0	2	1	2	
1	2	1	3	2	1	0	2	1	0	3	0	0	0	0	0	1	2	0	0	2	0	0	0	0	0	1	0	
1	2	1	0	2	1	0	2	0	0	2	0	3	2	2	0	2	2	0	0	3	1	0	0	0	0	1	2	
0	2	2	3	2	0	0	2	0	0	2	0	0	0	0	2	1	2	0	0	0	1	1	1	0	0	1	2	
0	1	1	0	3	1	0	2	0	0	2	0	0	0	0	0	1	1	0	0	2	2	0	0	0	2	1	2	
0	2	1	3	2	1	0	2	0	0	2	0	0	0	0	0	1	2	0	0	2	1	0	2	0	0	0	2	
0	0	1	0	2	0	2	2	0	0	3	0	0	0	2	0	1	2	0	0	2	2	0	0	0	2	2	1	
0	1	1	0	2	1	0	3	0	0	2	0	0	2	0	0	1	2	0	0	2	3	1	2	0	0	1	2	
3	2	1	0	2	3	0	2	0	0	3	2	0	0	0	0	1	2	0	0	2	1	0	2	0	0	1	0	
0	1	0	0	2	1	1	2	0	0	2	0	0	0	0	0	1	1	0	0	2	1	0	0	0	0	1	2	
0	2	2	0	2	0	0	2	0	2	2	0	0	2	0	0	1	2	0	3	0	1	0	0	0	0	1	1	
1	2	1	0	2	1	0	3	0	1	2	0	0	0	0	0	1	2	0	0	0	1	3	2	0	0	2	2	
0	2	2	0	2	1	0	2	0	2	2	0	0	0	0	0	1	1	2	0	2	0	3	1	0	0	2	2	
0	1	2	0	2	1	0	2	0	0	3	0	0	0	0	0	1	2	0	0	0	1	0	2	0	0	2	2	
0	0	1	3	2	1	0	2	2	0	2	0	0	0	0	0	1	2	0	0	0	1	1	2	0	0	1	0	
0	2	1	0	2	1	0	2	1	0	2	0	0	0	0	0	1	2	0	3	0	1	0	1	0	2	1	1	
0	2	1	0	0	1	0	2	0	0	2	0	0	0	0	0	1	0	0	3	2	1	0	1	0	3	0	1	
0	2	1	0	2	1	0	2	0	0	2	0	0	0	0	0	1	1	1	3	3	2	0	2	0	0	1	2	
0	2	2	0	2	0	0	2	0	0	3	0	3	0	0	2	2	2	2	0	1	1	0	2	0	0	1	2	
3	2	1	0	2	3	0	2	0	0	2	3	0	2	3	1	1	2	0	0	0	1	0	2	0	0	1	2	
0	2	1	0	2	1	0	0	0	0	2	0	0	0	0	0	2	2	0	0	2	3	0	2	0	0	1	2	
0	0	1	0	2	1	1	3	0	0	1	0	0	0	2	0	1	2	0	0	2	1	0	0	0	0	1	2	
0	2	1	0	0	1	1	2	0	0	2	0	0	0	0	1	1	2	0	0	2	3	0	0	0	0	1	2	
0	2	0	0	2	1	0	3	0	0	2	0	0	0	0	2	1	2	0	3	3	3	0	2	2	0	1	2	
0	1	1	0	2	2	1	2	1	0	2	0	0	0	0	0	1	1	0	0	2	1	0	2	0	0	1	1	
0	0	1	0	2	0	0	3	0	2	2	0	1	1	2	0	1	2	0	0	2	1	1	0	0	2	1	1	
0	2	1	0	0	0	2	2	0	0	2	0	3	0	0	0	1	2	0	0	2	2	0	2	0	0	2	1	
0	2	1	0	1	3	1	2	0	0	1	0	0	2	1	0	2	2	0	0	2	1	0	2	0	0	0	2	
0	2	1	1	3	0	1	2	0	2	2	0	0	0	0	0	1	1	0	0	2	1	0	2	0	0	1	2	
0	2	0	0	3	1	0	2	1	0	2	0	0	2	0	0	2	2	1	0	0	1	0	2	1	3	0	2	
0	2	1	0	2	3	0	3	0	0	2	0	0	0	2	0	0	2	0	0	2	1	0	2	0	0	1	2	
0	2	1	0	3	1	0	2	1	2	2	0	0	0	2	0	1	1	2	0	2	1	0	2	0	0	1	2	
0	2	1	0	2	2	0	0	0	0	2	0	0	0	0	2	1	2	0	0	1	0	1	0	1	0	1	2	
0	2	1	0	3	3	0	2	0	0	2	0	0	0	0	2	1	2	0	0	1	1	0	2	0	0	1	1	
0	0	1	1	2	0	0	2	1	0	2	0	0	2	0	0	1	2	0	0	0	1	0	2	0	2	1	2	
0	2	1	0	2	1	1	3	0	2	2	0	0	0	0	0	1	2	0	3	2	1	0	2	0	0	2	2	
0	1	1	0	3	1	0	2	2	0	2	0	0	0	0	0	1	2	0	0	0	1	0	2	1	0	1	0	
0	1	2	0	2	0	0	2	1	0	2	0	0	0	2	0	2	2	0	0	2	1	0	2	0	0	1	2	
0	2	1	3	1	1	0	0	0	0	2	0	0	0	0	0	1	1	0	0	0	0	1	2	0	0	0	2	
0	2	0	0	3	3	0	2	1	0	3	0	0	0	0	0	1	1	0	0	1	1	0	2	0	0	1	2	
0	0	2	0	1	1	0	0	0	2	2	0	0	2	0	0	2	2	0	0	2	1	1	1	0	0	1	2	
0	0	1	3	2	1	0	0	0	0	2	0	0	0	0	0	0	2	0	0	2	1	1	2	0	0	1	2	
--------------------

--------------------
Best Solution Found!
--------------------
Time: 0 hour(s), 0 minute(s), 3 second(s), 114 millisecond(s)

Fitness: 298098

0	2	1	0	2	1	1	3	0	0	2	0	1	0	0	0	1	2	0	0	2	1	1	2	0	0	1	2	
0	2	1	0	1	1	0	2	0	0	2	0	3	0	0	2	1	2	0	0	2	1	0	0	0	2	2	2	
0	2	1	0	3	0	0	2	0	0	2	0	0	0	0	0	1	2	0	0	2	1	0	1	1	0	1	2	
3	1	1	3	3	1	0	2	0	0	2	0	0	2	2	0	2	2	0	0	2	1	0	2	0	0	2	1	
0	0	1	3	2	1	0	2	0	0	2	0	0	0	3	0	1	2	0	0	2	1	0	0	0	0	2	2	
0	2	2	0	3	2	0	0	0	0	2	0	0	0	0	0	1	2	0	0	2	3	3	2	0	0	1	2	
0	2	1	0	2	0	0	2	0	2	2	0	0	0	0	0	1	2	0	0	0	1	0	2	0	2	1	2	
0	1	1	0	2	3	0	2	0	0	3	0	0	0	0	0	1	1	0	0	0	1	0	2	0	0	1	2	
0	2	2	0	3	3	0	2	1	0	3	0	0	0	2	0	2	2	0	0	2	1	0	2	0	2	1	2	
1	2	0	0	2	1	0	0	0	0	2	0	0	0	0	0	0	2	2	0	2	1	0	0	1	0	1	2	
1	1	1	3	2	2	0	2	1	0	2	0	3	0	2	1	1	2	0	0	0	1	0	2	0	0	1	2	
3	2	1	0	2	1	0	2	1	2	2	0	0	0	2	2	2	2	0	0	0	1	0	2	1	0	1	1	
0	2	2	0	2	0	0	2	0	0	2	0	0	0	0	0	1	1	0	0	3	1	0	0	0	0	1	2	
0	2	1	0	2	1	1	2	0	0	2	0	0	1	0	0	1	1	0	0	2	1	0	1	1	0	1	0	
0	1	1	0	2	1	0	2	0	2	3	0	0	0	0	2	1	2	0	0	2	1	0	2	0	0	1	2	
0	2	1	0	2	0	0	0	0	0	2	0	0	0	0	0	1	2	1	0	0	2	0	2	0	0	0	2	
0	2	1	0	2	1	0	2	0	0	3	0	0	0	0	0	0	2	0	1	2	2	0	2	0	2	1	2	
0	2	1	0	2	1	0	2	1	0	3	0	0	0	2	0	1	2	0	0	2	0	0	2	0	0	1	1	
0	1	0	0	3	3	0	0	0	2	2	0	0	2	0	0	1	2	0	3	0	0	0	2	0	0	0	0	
0	0	1	0	3	1	0	0	0	0	2	0	0	0	0	0	1	1	0	1	2	1	1	2	0	0	1	2	
1	2	1	0	2	1	0	2	1	2	2	0	3	0	0	0	1	2	0	0	2	0	0	1	1	0	1	2	
0	2	2	3	2	0	2	2	0	0	3	0	0	0	0	0	1	1	0	0	2	2	0	1	0	2	0	1	
0	0	1	0	0	0	0	2	0	0	2	0	0	0	0	0	1	2	2	0	2	1	0	1	0	0	1	2	
0	1	2	0	2	1	1	2	0	2	2	0	0	0	0	0	1	2	0	0	0	3	0	2	0	0	0	2	
0	2	1	0	2	0	1	3	0	2	2	0	0	0	2	2	2	2	0	0	1	0	0	1	0	0	1	1	
0	0	0	0	2	1	0	2	0	0	2	2	3	0	0	0	1	2	0	0	3	2	0	2	0	0	0	2	
0	2	1	0	2	1	0	3	0	2	2	0	0	0	0	0	1	2	0	3	2	0	1	1	0	0	1	2	
0	2	1	3	2	0	2	2	0	0	3	2	0	0	0	2	1	2	0	0	2	1	3	0	0	2	1	2	
0	2	0	0	2	0	0	2	0	0	2	0	3	0	0	0	2	1	2	0	2	3	0	0	0	0	1	1	
0	2	1	0	2	1	0	2	0	0	3	0	0	0	0	0	1	2	0	0	2	1	1	0	0	0	1	0	
1	2	0	1	2	1	0	3	0	0	2	0	0	0	2	0	2	2	0	3	2	1	0	1	2	0	0	2	
0	1	2	0	2	0	1	2	0	0	3	0	0	0	0	0	2	1	0	0	2	1	0	2	0	3	2	1	
0	2	1	0	2	3	0	2	0	0	2	0	0	0	0	0	2	1	0	0	2	1	0	2	0	0	1	2	
1	2	1	0	2	3	0	3	1	0	1	0	0	2	2	0	2	2	2	3	0	1	3	1	0	0	1	2	
0	2	1	0	3	1	0	3	2	0	2	0	0	0	0	0	1	2	0	0	0	2	0	2	0	0	1	2	
0	2	0	0	2	1	0	2	1	0	2	0	0	0	0	0	1	2	0	0	2	1	0	2	0	0	1	2	
0	2	1	1	2	3	1	0	0	0	2	0	0	0	0	2	1	2	0	0	1	1	0	0	0	2	2	2	
0	0	0	3	2	1	0	0	0	0	2	3	0	2	0	0	0	2	0	0	2	1	1	2	0	0	1	2	
0	2	1	3	3	1	0	3	0	0	2	0	0	0	0	0	1	2	0	0	2	0	0	0	0	2	1	2	
1	2	1	0	0	3	0	2	0	0	2	0	0	0	3	0	1	2	0	0	2	0	1	2	0	0	1	1	
0	2	1	0	2	1	0	2	0	0	2	0	0	2	0	0	1	2	2	0	2	1	0	2	0	0	1	2	
0	2	2	0	0	1	1	2	0	0	2	0	0	0	0	0	1	0	0	0	3	3	0	0	0	0	1	2	
0	2	1	0	2	1	0	0	0	1	2	0	0	2	0	0	2	2	0	0	2	1	1	2	0	0	1	2	
1	2	0	0	2	1	0	3	1	0	2	0	0	2	0	0	1	2	0	0	2	2	0	2	0	0	2	2	
0	2	2	3	1	1	2	0	0	0	2	0	0	0	2	0	1	1	0	0	3	1	0	0	0	0	1	2	
0	2	1	0	2	1	0	2	1	2	2	0	0	0	0	0	1	2	1	0	2	1	0	0	0	0	1	1	
0	2	1	0	1	1	0	0	1	0	2	0	0	0	2	0	1	2	0	3	0	1	1	2	1	0	0	2	
0	1	1	0	2	2	1	2	0	0	2	0	0	2	0	0	1	1	0	0	1	1	0	0	0	0	2	2	
1	0	2	0	2	0	0	2	1	0	2	0	3	0	0	1	1	2	0	0	2	1	0	2	0	0	1	2	
0	2	1	0	2	1	0	2	0	1	2	0	1	1	2	0	1	1	0	0	0	3	0	2	0	2	0	2	
0	0	1	0	2	1	1	2	0	0	2	0	0	0	1	2	1	2	1	0	3	1	0	2	0	2	2	0	
0	2	2	0	0	1	0	2	2	1	3	0	0	1	0	0	1	1	0	0	2	1	1	2	0	0	1	2	
0	0	1	0	2	1	1	3	0	0	2	0	3	2	2	0	0	2	0	0	0	0	0	2	0	0	2	2	
0	0	2	0	2	1	0	2	2	0	1	0	0	0	0	0	1	2	0	3	2	1	0	1	0	0	1	1	
0	0	1	0	0	1	0	2	0	0	2	0	0	0	0	0	1	2	0	0	2	1	0	2	0	0	0	2	
0	1	1	0	2	1	0	0	0	2	2	0	0	0	0	0	1	2	0	0	1	1	0	2	0	0	0	2	
0	2	1	0	2	1	1	2	0	0	2	0	0	2	0	0	1	2	0	3	3	1	0	2	0	0	1	1	
0	2	1	0	2	1	0	3	0	0	2	0	0	2	0	0	1	2	0	0	2	1	1	2	0	3	2	2	
0	1	1	0	2	1	0	2	0	0	2	0	0	0	0	0	1	2	0	0	2	1	0	2	0	0	1	0	
0	2	1	0	0	1	0	0	0	0	2	0	0	0	0	0	2	2	0	0	2	1	0	2	0	0	1	2	
--------------------

--------------------
Best Solution Found!
--------------------
Time: 0 hour(s), 0 minute(s), 4 second(s), 411 millisecond(s)

Fitness: 297101

0	2	1	0	2	1	0	2	0	0	2	0	0	0	0	0	1	1	0	0	2	1	0	2	0	0	1	2	
0	0	0	3	2	0	1	2	0	0	2	0	3	0	0	0	1	1	0	0	3	1	0	0	0	0	1	1	
0	2	1	0	2	1	1	0	0	0	2	0	0	0	3	2	1	1	0	0	1	3	1	2	0	2	1	2	
1	2	1	0	0	1	0	2	0	0	2	0	3	0	0	0	1	2	1	0	2	1	3	2	0	0	1	2	
0	1	1	3	2	0	0	3	0	0	2	0	0	0	2	0	2	1	0	3	2	3	0	2	1	2	1	1	
0	2	1	0	2	1	0	2	0	2	2	0	0	2	2	0	1	2	0	0	2	3	0	2	0	0	1	2	
0	0	1	0	2	1	1	2	0	1	2	0	3	0	0	2	1	2	0	0	2	1	0	1	0	0	2	2	
0	2	1	0	0	0	2	2	0	0	2	0	0	0	0	0	1	2	0	1	2	2	0	0	0	0	1	1	
0	2	1	0	2	1	1	2	0	0	2	0	0	0	3	2	1	2	0	0	3	2	0	2	0	0	1	1	
0	2	2	0	2	1	0	3	0	2	2	0	0	0	0	2	1	2	0	3	0	1	0	2	0	0	2	2	
1	2	0	0	2	1	2	2	0	0	2	0	0	0	0	0	1	2	0	0	2	3	0	1	0	0	2	2	
0	2	1	0	2	1	0	2	2	0	2	0	0	0	0	0	1	2	1	0	2	2	0	2	0	0	1	2	
0	2	1	0	3	1	0	0	0	0	3	0	1	0	0	0	2	1	0	3	2	1	0	2	0	2	2	1	
0	2	1	0	3	3	1	2	0	0	2	0	0	0	0	0	0	2	0	0	2	1	0	0	0	0	1	2	
0	1	0	0	2	2	0	0	1	0	2	0	0	0	0	0	1	2	0	0	0	1	0	2	0	0	1	2	
1	2	1	0	2	1	0	3	0	0	2	0	0	0	0	0	1	2	0	0	1	1	0	1	0	0	1	0	
0	2	1	3	3	1	0	2	0	0	2	0	0	2	0	0	1	2	0	0	2	1	0	2	1	0	1	2	
1	2	1	0	2	1	0	2	0	0	2	0	3	0	0	0	1	2	0	0	3	1	0	1	0	2	0	2	
1	2	1	0	2	1	0	3	0	0	2	0	0	1	0	0	1	2	0	3	2	1	0	2	0	0	0	2	
0	2	2	0	3	3	0	3	0	2	2	0	0	0	0	0	1	2	0	0	2	1	0	1	0	0	0	0	
0	0	1	0	2	1	0	2	0	0	2	0	3	0	0	0	1	2	0	0	2	0	1	2	0	0	1	2	
0	0	0	0	2	1	1	2	0	0	1	0	0	1	0	0	1	2	0	0	2	1	0	2	0	2	2	2	
0	2	1	0	3	3	2	3	0	0	2	3	3	0	2	0	1	2	0	0	2	1	0	2	0	0	1	0	
0	0	2	3	2	0	0	3	0	0	2	0	0	0	2	0	1	2	0	0	2	1	0	2	0	0	1	2	
3	0	0	0	2	1	1	0	0	0	2	0	0	0	0	0	1	2	0	0	2	1	0	2	0	0	2	1	
0	2	1	0	2	1	0	2	0	0	3	0	0	0	0	0	2	1	0	0	0	1	0	2	0	0	1	2	
0	2	1	0	2	1	0	0	0	0	2	0	0	2	0	0	2	2	0	0	0	0	0	2	1	2	0	2	
0	2	1	3	2	1	0	0	1	0	1	0	0	0	0	2	0	2	0	0	2	1	0	2	1	0	1	2	
0	0	2	3	3	1	0	2	0	0	2	0	0	0	0	0	1	1	0	0	2	1	0	2	2	0	1	2	
0	2	1	0	2	0	0	0	0	0	2	0	0	0	0	0	1	2	0	0	2	1	0	2	0	2	1	1	
0	2	0	0	2	1	0	2	0	0	2	2	0	0	0	2	2	2	2	0	3	1	1	2	0	0	1	2	
0	0	1	0	1	1	0	2	1	2	2	2	0	2	0	0	1	2	0	0	2	3	0	1	0	0	1	1	
0	0	1	3	2	1	0	2	1	2	3	0	0	0	2	0	1	2	0	0	2	1	0	1	0	0	1	2	
0	2	1	0	2	1	0	2	1	2	2	0	0	0	0	0	1	2	0	0	2	0	0	1	0	0	1	0	
0	2	1	0	2	1	1	2	0	1	3	0	0	0	0	0	1	1	2	0	2	1	1	2	0	0	1	2	
0	2	1	0	2	2	0	3	0	0	2	0	0	0	0	0	1	0	2	3	2	1	0	2	1	0	2	2	
0	2	1	0	1	2	0	2	1	0	2	0	0	0	0	1	1	1	0	0	2	1	0	2	0	0	1	2	
0	2	2	0	2	0	0	2	0	0	2	0	0	0	0	0	2	2	1	0	0	1	0	0	0	2	0	2	
0	1	1	0	2	1	0	2	0	1	2	0	0	2	2	0	1	2	0	0	1	0	0	2	0	0	0	1	
0	2	1	0	1	1	0	0	0	0	2	0	0	0	0	0	1	2	0	0	2	1	0	0	1	0	0	2	
0	1	2	0	0	1	0	3	2	0	3	0	3	0	0	0	0	2	0	0	2	0	0	0	0	2	1	2	
0	2	1	0	2	0	0	2	1	0	2	0	0	0	0	0	1	2	0	0	2	0	1	2	0	0	1	1	
0	2	2	3	3	3	0	2	1	0	3	0	0	0	0	0	2	2	0	3	3	2	0	2	0	3	1	2	
1	1	1	0	2	1	1	0	0	0	2	0	1	0	0	0	1	2	0	0	0	1	0	2	0	0	0	2	
0	0	2	0	2	1	0	2	0	0	2	0	0	2	2	1	0	2	2	3	0	1	0	0	0	0	1	2	
3	1	0	1	2	1	0	2	0	2	2	0	0	0	2	0	1	2	0	0	2	1	0	0	0	2	0	2	
0	2	1	0	0	1	0	0	1	0	2	0	0	2	1	0	1	2	0	0	0	0	3	2	0	0	2	2	
1	2	1	0	2	3	0	2	0	0	3	0	0	0	2	0	2	2	0	0	0	1	3	2	0	0	1	2	
1	2	1	0	2	0	0	3	0	0	2	0	0	0	0	0	1	2	0	0	1	1	0	2	0	0	2	2	
0	2	1	0	2	1	0	0	0	0	3	0	0	0	0	0	1	2	0	0	2	2	0	2	0	0	1	2	
0	1	1	0	2	1	0	2	0	0	3	0	0	2	2	0	1	1	0	0	0	1	0	0	0	0	1	2	
0	1	2	1	2	1	0	2	0	2	2	0	0	2	0	0	1	2	0	0	2	0	1	2	0	0	1	1	
0	2	2	0	2	0	0	0	0	2	2	0	0	0	0	0	1	2	0	0	0	2	0	0	0	0	0	2	
0	2	0	0	3	3	0	2	1	2	3	0	0	0	2	0	1	2	0	1	0	1	0	0	0	0	1	0	
0	1	2	0	0	1	1	2	0	0	2	0	0	0	0	0	2	2	0	0	2	1	1	2	0	0	1	2	
0	1	1	0	2	1	0	2	0	0	2	0	0	2	0	0	1	2	0	0	2	1	0	1	0	3	1	2	
0	2	1	0	2	0	1	2	2	0	2	0	0	2	0	2	2	2	0	0	2	1	1	1	0	0	2	2	
0	2	1	0	0	0	0	2	0	0	2	0	0	0	2	0	1	2	2	0	3	1	1	2	0	0	1	2	
0	2	1	0	2	1	0	2	1	0	2	0	0	1	0	0	1	1	0	0	2	1	1	0	0	0	1	2	
0	2	1	0	2	3	0	2	0	0	2	0	0	0	0	0	2	1	0	0	2	1	0	0	0	0	1	2	
--------------------
---------------------
Best Solution Found!
--------------------
Time: 0 hour(s), 0 minute(s), 10 second(s), 201 millisecond(s)

Fitness: 294078

0	2	1	3	0	0	0	2	0	2	3	0	0	1	0	0	2	2	0	1	2	1	0	2	0	2	1	2	
0	0	1	0	2	1	0	2	1	0	2	0	0	2	0	0	1	2	0	0	3	2	0	2	0	0	1	1	
0	2	2	0	2	1	1	2	0	0	2	0	3	0	0	0	1	1	0	3	2	1	0	2	0	0	1	2	
0	2	1	0	2	1	0	0	0	0	2	0	0	0	0	0	1	2	0	0	2	1	0	0	0	2	1	2	
0	2	0	0	2	1	0	0	0	2	2	0	0	0	0	0	1	2	0	0	0	1	1	0	0	0	0	2	
0	2	2	0	3	1	0	2	0	0	2	0	0	0	3	0	1	2	2	0	0	1	0	0	0	0	0	1	
1	1	2	0	1	3	0	3	0	0	2	0	3	0	2	0	1	2	0	0	2	3	1	2	0	0	2	2	
0	2	1	0	2	1	0	2	2	0	2	0	0	0	0	0	1	2	0	0	2	0	1	1	0	2	1	0	
0	2	0	0	3	1	0	3	0	0	2	0	0	0	0	0	1	1	0	0	2	2	0	2	0	0	0	2	
0	1	0	3	2	1	0	3	1	0	2	0	0	0	0	0	1	2	0	0	2	1	1	2	0	0	2	1	
0	0	1	1	2	1	0	0	0	2	2	0	0	2	2	0	0	1	1	0	2	0	0	0	0	2	2	1	
1	2	1	0	2	3	0	2	0	0	3	0	0	0	2	2	1	2	0	3	2	3	0	2	0	0	1	2	
0	2	2	0	2	0	0	2	1	0	1	0	3	0	0	0	1	2	2	0	2	1	0	1	0	0	1	2	
0	2	1	0	2	1	1	3	0	1	3	0	0	0	2	2	2	2	0	0	2	1	0	1	1	0	1	2	
0	1	1	0	2	0	0	2	0	0	2	0	0	0	0	0	1	2	0	0	2	2	0	2	1	0	1	2	
0	0	0	0	2	0	2	3	0	0	2	0	0	0	0	0	0	2	0	0	2	1	0	2	0	0	1	2	
0	2	0	0	2	1	1	0	1	0	2	2	0	0	2	0	2	1	0	0	2	2	0	2	0	2	2	0	
1	0	1	0	2	1	1	2	0	0	3	0	0	0	0	0	1	2	0	0	3	3	0	1	0	0	0	2	
0	2	2	0	2	1	0	2	0	2	2	0	0	0	0	2	2	2	0	0	2	1	0	2	0	0	2	2	
0	2	1	0	2	1	0	2	0	2	2	0	0	2	0	0	1	2	0	0	2	1	0	2	0	0	1	2	
0	2	0	0	3	0	0	2	0	0	2	0	0	0	0	2	1	2	0	0	2	2	0	2	0	0	1	2	
0	2	1	3	3	1	0	0	0	0	2	0	0	0	0	0	0	2	0	0	1	1	0	2	0	0	1	1	
3	2	1	3	2	1	0	2	0	0	2	0	0	0	0	0	1	2	0	0	3	0	0	0	0	2	1	2	
0	1	2	0	2	1	0	2	0	0	2	0	0	0	0	0	1	2	0	0	0	0	0	2	0	0	1	2	
1	0	1	0	1	1	0	0	0	0	3	0	0	2	2	0	1	1	0	0	2	1	0	2	0	0	1	0	
0	2	1	0	3	1	1	3	0	0	2	0	1	2	3	0	1	2	0	0	2	1	0	1	0	0	0	2	
0	2	1	0	2	0	1	2	0	0	3	0	0	0	0	0	2	2	0	0	2	2	0	0	0	2	1	2	
0	1	0	3	2	3	0	0	0	0	2	0	0	0	0	0	1	2	0	0	0	0	0	0	0	0	1	1	
0	0	1	0	2	1	0	2	1	2	2	2	3	0	0	0	2	1	0	0	2	1	0	0	0	0	0	2	
0	1	1	0	2	1	0	2	2	0	2	0	0	0	0	0	2	1	0	0	2	1	0	2	0	0	1	2	
0	2	1	3	3	3	0	2	0	0	2	0	0	0	0	2	1	2	0	0	0	1	3	2	0	2	1	2	
0	2	1	0	0	1	1	2	0	0	2	0	0	0	0	0	1	2	0	0	0	1	0	2	0	0	1	2	
0	0	1	3	0	1	0	2	1	2	2	0	0	0	1	0	2	2	0	0	3	1	0	0	0	0	1	2	
0	2	1	0	2	1	0	0	0	2	2	0	0	1	0	0	0	2	2	3	2	0	0	2	0	0	1	1	
0	2	2	0	2	1	0	3	0	0	2	0	0	0	0	0	1	2	0	1	2	1	0	0	1	0	1	2	
1	2	1	0	2	2	1	2	0	0	2	0	0	0	0	0	1	2	0	0	0	3	0	2	0	0	1	1	
0	2	1	0	2	1	0	0	0	0	2	0	0	0	0	0	1	2	1	0	2	1	0	2	0	0	1	2	
0	2	1	0	2	1	0	2	0	0	2	0	1	2	0	0	1	2	0	0	2	1	0	1	0	0	1	1	
0	2	1	0	2	1	2	3	1	0	2	0	0	0	0	0	1	2	0	3	2	3	1	2	1	0	2	2	
0	0	1	0	2	1	0	2	0	0	2	0	0	2	0	0	1	1	0	0	0	1	0	2	0	3	2	2	
1	2	1	0	3	1	0	2	0	0	1	0	0	0	0	0	1	1	0	0	0	1	0	2	1	0	1	2	
0	2	2	0	0	0	0	2	1	0	3	0	0	0	0	0	1	2	0	0	0	1	1	2	0	0	1	2	
0	2	1	0	2	0	0	2	0	0	2	0	0	0	2	0	1	2	0	0	2	1	0	2	0	0	2	1	
0	0	1	0	2	1	0	2	0	0	2	0	0	0	0	0	1	2	0	0	2	1	3	2	0	0	2	2	
0	2	1	0	2	3	2	2	0	0	2	0	0	1	0	0	1	1	0	0	2	1	3	1	0	0	1	2	
0	2	1	0	1	2	0	2	1	0	2	0	0	2	0	0	1	2	0	0	0	1	0	2	0	0	1	2	
0	1	1	1	2	0	1	2	2	0	3	0	0	0	0	1	1	2	1	0	2	1	0	0	0	3	1	2	
0	2	1	0	2	1	0	0	0	0	2	0	0	0	0	0	2	2	0	0	3	1	0	1	0	0	0	1	
0	1	1	0	2	3	0	2	0	0	3	0	0	0	0	0	1	0	0	3	2	1	0	1	0	0	1	2	
1	1	1	3	3	1	0	2	0	0	2	0	0	0	0	0	1	2	2	0	1	1	0	0	0	0	0	2	
0	2	1	0	2	1	0	2	0	0	2	0	3	2	2	0	1	2	0	3	3	1	0	2	1	0	1	2	
0	0	2	0	2	2	0	2	0	0	2	0	0	0	0	2	1	2	0	0	0	1	1	2	0	2	1	2	
1	2	2	0	2	1	0	3	0	2	2	0	0	0	2	1	2	1	0	0	1	1	0	1	0	0	1	2	
3	2	1	0	2	0	0	2	1	2	2	0	3	0	0	0	1	2	0	0	2	0	1	2	0	0	0	0	
0	2	2	0	2	1	0	3	0	0	3	0	0	0	2	0	1	2	2	0	2	0	1	2	0	0	1	2	
0	2	1	0	0	3	0	2	1	1	2	0	0	0	2	0	1	2	0	0	1	1	0	2	0	0	0	2	
0	2	1	0	2	1	1	2	0	0	2	0	0	0	0	2	1	2	0	3	2	1	0	0	0	0	1	2	
0	2	1	0	2	0	1	2	0	1	2	3	0	0	0	0	1	1	0	0	2	1	0	2	2	2	1	0	
0	1	1	0	2	1	0	0	0	0	2	0	3	2	2	0	2	2	0	0	2	1	1	2	0	0	1	2	
0	2	0	0	0	1	0	0	0	0	2	0	0	2	0	0	1	2	0	0	2	1	0	2	0	0	2	2	
--------------------

--------------------
Best Solution Found!
--------------------
Time: 0 hour(s), 0 minute(s), 10 second(s), 204 millisecond(s)

Fitness: 294078

0	2	1	3	0	0	0	2	0	2	3	0	0	1	0	0	2	2	0	1	2	1	0	2	0	2	1	2	
0	0	1	0	2	1	0	2	1	0	2	0	0	2	0	0	1	2	0	0	3	2	0	2	0	0	1	1	
0	2	2	0	2	1	1	2	0	0	2	0	3	0	0	0	1	1	0	3	2	1	0	2	0	0	1	2	
0	2	1	0	2	1	0	0	0	0	2	0	0	0	0	0	1	2	0	0	2	1	0	0	0	2	1	2	
0	2	0	0	2	1	0	0	0	2	2	0	0	0	0	0	1	2	0	0	0	1	1	0	0	0	0	2	
0	2	2	0	3	1	0	2	0	0	2	0	0	0	3	0	1	2	2	0	0	1	0	0	0	0	0	1	
1	1	2	0	1	3	0	3	0	0	2	0	3	0	2	0	1	2	0	0	2	3	1	2	0	0	2	2	
0	2	1	0	2	1	0	2	2	0	2	0	0	0	0	0	1	2	0	0	2	0	1	1	0	2	1	0	
0	2	0	0	3	1	0	3	0	0	2	0	0	0	0	0	1	1	0	0	2	2	0	2	0	0	0	2	
0	1	0	3	2	1	0	3	1	0	2	0	0	0	0	0	1	2	0	0	2	1	1	2	0	0	2	1	
0	0	1	1	2	1	0	0	0	2	2	0	0	2	2	0	0	1	1	0	2	0	0	0	0	2	2	1	
1	2	1	0	2	3	0	2	0	0	3	0	0	0	2	2	1	2	0	3	2	3	0	2	0	0	1	2	
0	2	2	0	2	0	0	2	1	0	1	0	3	0	0	0	1	2	2	0	2	1	0	1	0	0	1	2	
0	2	1	0	2	1	1	3	0	1	3	0	0	0	2	2	2	2	0	0	2	1	0	1	1	0	1	2	
0	1	1	0	2	0	0	2	0	0	2	0	0	0	0	0	1	2	0	0	2	2	0	2	1	0	1	2	
0	0	0	0	2	0	2	3	0	0	2	0	0	0	0	0	0	2	0	0	2	1	0	2	0	0	1	2	
0	2	0	0	2	1	1	0	1	0	2	2	0	0	2	0	2	1	0	0	2	2	0	2	0	2	2	0	
1	0	1	0	2	1	1	2	0	0	3	0	0	0	0	0	1	2	0	0	3	3	0	1	0	0	0	2	
0	2	2	0	2	1	0	2	0	2	2	0	0	0	0	2	2	2	0	0	2	1	0	2	0	0	2	2	
0	2	1	0	2	1	0	2	0	2	2	0	0	2	0	0	1	2	0	0	2	1	0	2	0	0	1	2	
0	2	0	0	3	0	0	2	0	0	2	0	0	0	0	2	1	2	0	0	2	2	0	2	0	0	1	2	
0	2	1	3	3	1	0	0	0	0	2	0	0	0	0	0	0	2	0	0	1	1	0	2	0	0	1	1	
3	2	1	3	2	1	0	2	0	0	2	0	0	0	0	0	1	2	0	0	3	0	0	0	0	2	1	2	
0	1	2	0	2	1	0	2	0	0	2	0	0	0	0	0	1	2	0	0	0	0	0	2	0	0	1	2	
1	0	1	0	1	1	0	0	0	0	3	0	0	2	2	0	1	1	0	0	2	1	0	2	0	0	1	0	
0	2	1	0	3	1	1	3	0	0	2	0	1	2	3	0	1	2	0	0	2	1	0	1	0	0	0	2	
0	2	1	0	2	0	1	2	0	0	3	0	0	0	0	0	2	2	0	0	2	2	0	0	0	2	1	2	
0	1	0	3	2	3	0	0	0	0	2	0	0	0	0	0	1	2	0	0	0	0	0	0	0	0	1	1	
0	0	1	0	2	1	0	2	1	2	2	2	3	0	0	0	2	1	0	0	2	1	0	0	0	0	0	2	
0	1	1	0	2	1	0	2	2	0	2	0	0	0	0	0	2	1	0	0	2	1	0	2	0	0	1	2	
0	2	1	3	3	3	0	2	0	0	2	0	0	0	0	2	1	2	0	0	0	1	3	2	0	2	1	2	
0	2	1	0	0	1	1	2	0	0	2	0	0	0	0	0	1	2	0	0	0	1	0	2	0	0	1	2	
0	0	1	3	0	1	0	2	1	2	2	0	0	0	1	0	2	2	0	0	3	1	0	0	0	0	1	2	
0	2	1	0	2	1	0	0	0	2	2	0	0	1	0	0	0	2	2	3	2	0	0	2	0	0	1	1	
0	2	2	0	2	1	0	3	0	0	2	0	0	0	0	0	1	2	0	1	2	1	0	0	1	0	1	2	
1	2	1	0	2	2	1	2	0	0	2	0	0	0	0	0	1	2	0	0	0	3	0	2	0	0	1	1	
0	2	1	0	2	1	0	0	0	0	2	0	0	0	0	0	1	2	1	0	2	1	0	2	0	0	1	2	
0	2	1	0	2	1	0	2	0	0	2	0	1	2	0	0	1	2	0	0	2	1	0	1	0	0	1	1	
0	2	1	0	2	1	2	3	1	0	2	0	0	0	0	0	1	2	0	3	2	3	1	2	1	0	2	2	
0	0	1	0	2	1	0	2	0	0	2	0	0	2	0	0	1	1	0	0	0	1	0	2	0	3	2	2	
1	2	1	0	3	1	0	2	0	0	1	0	0	0	0	0	1	1	0	0	0	1	0	2	1	0	1	2	
0	2	2	0	0	0	0	2	1	0	3	0	0	0	0	0	1	2	0	0	0	1	1	2	0	0	1	2	
0	2	1	0	2	0	0	2	0	0	2	0	0	0	2	0	1	2	0	0	2	1	0	2	0	0	2	1	
0	0	1	0	2	1	0	2	0	0	2	0	0	0	0	0	1	2	0	0	2	1	3	2	0	0	2	2	
0	2	1	0	2	3	2	2	0	0	2	0	0	1	0	0	1	1	0	0	2	1	3	1	0	0	1	2	
0	2	1	0	1	2	0	2	1	0	2	0	0	2	0	0	1	2	0	0	0	1	0	2	0	0	1	2	
0	1	1	1	2	0	1	2	2	0	3	0	0	0	0	1	1	2	1	0	2	1	0	0	0	3	1	2	
0	2	1	0	2	1	0	0	0	0	2	0	0	0	0	0	2	2	0	0	3	1	0	1	0	0	0	1	
0	1	1	0	2	3	0	2	0	0	3	0	0	0	0	0	1	0	0	3	2	1	0	1	0	0	1	2	
1	1	1	3	3	1	0	2	0	0	2	0	0	0	0	0	1	2	2	0	1	1	0	0	0	0	0	2	
0	2	1	0	2	1	0	2	0	0	2	0	3	2	2	0	1	2	0	3	3	1	0	2	1	0	1	2	
0	0	2	0	2	2	0	2	0	0	2	0	0	0	0	2	1	2	0	0	0	1	1	2	0	2	1	2	
1	2	2	0	2	1	0	3	0	2	2	0	0	0	2	1	2	1	0	0	1	1	0	1	0	0	1	2	
3	2	1	0	2	0	0	2	1	2	2	0	3	0	0	0	1	2	0	0	2	0	1	2	0	0	0	0	
0	2	2	0	2	1	0	3	0	0	3	0	0	0	2	0	1	2	2	0	2	0	1	2	0	0	1	2	
0	2	1	0	0	3	0	2	1	1	2	0	0	0	2	0	1	2	0	0	1	1	0	2	0	0	0	2	
0	2	1	0	2	1	1	2	0	0	2	0	0	0	0	2	1	2	0	3	2	1	0	0	0	0	1	2	
0	2	1	0	2	0	1	2	0	1	2	3	0	0	0	0	1	1	0	0	2	1	0	2	2	2	1	0	
0	1	1	0	2	1	0	0	0	0	2	0	3	2	2	0	2	2	0	0	2	1	1	2	0	0	1	2	
0	2	0	0	0	1	0	0	0	0	2	0	0	2	0	0	1	2	0	0	2	1	0	2	0	0	2	2	
--------------------

--------------------
Best Solution Found!
--------------------
Time: 0 hour(s), 0 minute(s), 10 second(s), 207 millisecond(s)

Fitness: 294078

0	2	1	3	0	0	0	2	0	2	3	0	0	1	0	0	2	2	0	1	2	1	0	2	0	2	1	2	
0	0	1	0	2	1	0	2	1	0	2	0	0	2	0	0	1	2	0	0	3	2	0	2	0	0	1	1	
0	2	2	0	2	1	1	2	0	0	2	0	3	0	0	0	1	1	0	3	2	1	0	2	0	0	1	2	
0	2	1	0	2	1	0	0	0	0	2	0	0	0	0	0	1	2	0	0	2	1	0	0	0	2	1	2	
0	2	0	0	2	1	0	0	0	2	2	0	0	0	0	0	1	2	0	0	0	1	1	0	0	0	0	2	
0	2	2	0	3	1	0	2	0	0	2	0	0	0	3	0	1	2	2	0	0	1	0	0	0	0	0	1	
1	1	2	0	1	3	0	3	0	0	2	0	3	0	2	0	1	2	0	0	2	3	1	2	0	0	2	2	
0	2	1	0	2	1	0	2	2	0	2	0	0	0	0	0	1	2	0	0	2	0	1	1	0	2	1	0	
0	2	0	0	3	1	0	3	0	0	2	0	0	0	0	0	1	1	0	0	2	2	0	2	0	0	0	2	
0	1	0	3	2	1	0	3	1	0	2	0	0	0	0	0	1	2	0	0	2	1	1	2	0	0	2	1	
0	0	1	1	2	1	0	0	0	2	2	0	0	2	2	0	0	1	1	0	2	0	0	0	0	2	2	1	
1	2	1	0	2	3	0	2	0	0	3	0	0	0	2	2	1	2	0	3	2	3	0	2	0	0	1	2	
0	2	2	0	2	0	0	2	1	0	1	0	3	0	0	0	1	2	2	0	2	1	0	1	0	0	1	2	
0	2	1	0	2	1	1	3	0	1	3	0	0	0	2	2	2	2	0	0	2	1	0	1	1	0	1	2	
0	1	1	0	2	0	0	2	0	0	2	0	0	0	0	0	1	2	0	0	2	2	0	2	1	0	1	2	
0	0	0	0	2	0	2	3	0	0	2	0	0	0	0	0	0	2	0	0	2	1	0	2	0	0	1	2	
0	2	0	0	2	1	1	0	1	0	2	2	0	0	2	0	2	1	0	0	2	2	0	2	0	2	2	0	
1	0	1	0	2	1	1	2	0	0	3	0	0	0	0	0	1	2	0	0	3	3	0	1	0	0	0	2	
0	2	2	0	2	1	0	2	0	2	2	0	0	0	0	2	2	2	0	0	2	1	0	2	0	0	2	2	
0	2	1	0	2	1	0	2	0	2	2	0	0	2	0	0	1	2	0	0	2	1	0	2	0	0	1	2	
0	2	0	0	3	0	0	2	0	0	2	0	0	0	0	2	1	2	0	0	2	2	0	2	0	0	1	2	
0	2	1	3	3	1	0	0	0	0	2	0	0	0	0	0	0	2	0	0	1	1	0	2	0	0	1	1	
3	2	1	3	2	1	0	2	0	0	2	0	0	0	0	0	1	2	0	0	3	0	0	0	0	2	1	2	
0	1	2	0	2	1	0	2	0	0	2	0	0	0	0	0	1	2	0	0	0	0	0	2	0	0	1	2	
1	0	1	0	1	1	0	0	0	0	3	0	0	2	2	0	1	1	0	0	2	1	0	2	0	0	1	0	
0	2	1	0	3	1	1	3	0	0	2	0	1	2	3	0	1	2	0	0	2	1	0	1	0	0	0	2	
0	2	1	0	2	0	1	2	0	0	3	0	0	0	0	0	2	2	0	0	2	2	0	0	0	2	1	2	
0	1	0	3	2	3	0	0	0	0	2	0	0	0	0	0	1	2	0	0	0	0	0	0	0	0	1	1	
0	0	1	0	2	1	0	2	1	2	2	2	3	0	0	0	2	1	0	0	2	1	0	0	0	0	0	2	
0	1	1	0	2	1	0	2	2	0	2	0	0	0	0	0	2	1	0	0	2	1	0	2	0	0	1	2	
0	2	1	3	3	3	0	2	0	0	2	0	0	0	0	2	1	2	0	0	0	1	3	2	0	2	1	2	
0	2	1	0	0	1	1	2	0	0	2	0	0	0	0	0	1	2	0	0	0	1	0	2	0	0	1	2	
0	0	1	3	0	1	0	2	1	2	2	0	0	0	1	0	2	2	0	0	3	1	0	0	0	0	1	2	
0	2	1	0	2	1	0	0	0	2	2	0	0	1	0	0	0	2	2	3	2	0	0	2	0	0	1	1	
0	2	2	0	2	1	0	3	0	0	2	0	0	0	0	0	1	2	0	1	2	1	0	0	1	0	1	2	
1	2	1	0	2	2	1	2	0	0	2	0	0	0	0	0	1	2	0	0	0	3	0	2	0	0	1	1	
0	2	1	0	2	1	0	0	0	0	2	0	0	0	0	0	1	2	1	0	2	1	0	2	0	0	1	2	
0	2	1	0	2	1	0	2	0	0	2	0	1	2	0	0	1	2	0	0	2	1	0	1	0	0	1	1	
0	2	1	0	2	1	2	3	1	0	2	0	0	0	0	0	1	2	0	3	2	3	1	2	1	0	2	2	
0	0	1	0	2	1	0	2	0	0	2	0	0	2	0	0	1	1	0	0	0	1	0	2	0	3	2	2	
1	2	1	0	3	1	0	2	0	0	1	0	0	0	0	0	1	1	0	0	0	1	0	2	1	0	1	2	
0	2	2	0	0	0	0	2	1	0	3	0	0	0	0	0	1	2	0	0	0	1	1	2	0	0	1	2	
0	2	1	0	2	0	0	2	0	0	2	0	0	0	2	0	1	2	0	0	2	1	0	2	0	0	2	1	
0	0	1	0	2	1	0	2	0	0	2	0	0	0	0	0	1	2	0	0	2	1	3	2	0	0	2	2	
0	2	1	0	2	3	2	2	0	0	2	0	0	1	0	0	1	1	0	0	2	1	3	1	0	0	1	2	
0	2	1	0	1	2	0	2	1	0	2	0	0	2	0	0	1	2	0	0	0	1	0	2	0	0	1	2	
0	1	1	1	2	0	1	2	2	0	3	0	0	0	0	1	1	2	1	0	2	1	0	0	0	3	1	2	
0	2	1	0	2	1	0	0	0	0	2	0	0	0	0	0	2	2	0	0	3	1	0	1	0	0	0	1	
0	1	1	0	2	3	0	2	0	0	3	0	0	0	0	0	1	0	0	3	2	1	0	1	0	0	1	2	
1	1	1	3	3	1	0	2	0	0	2	0	0	0	0	0	1	2	2	0	1	1	0	0	0	0	0	2	
0	2	1	0	2	1	0	2	0	0	2	0	3	2	2	0	1	2	0	3	3	1	0	2	1	0	1	2	
0	0	2	0	2	2	0	2	0	0	2	0	0	0	0	2	1	2	0	0	0	1	1	2	0	2	1	2	
1	2	2	0	2	1	0	3	0	2	2	0	0	0	2	1	2	1	0	0	1	1	0	1	0	0	1	2	
3	2	1	0	2	0	0	2	1	2	2	0	3	0	0	0	1	2	0	0	2	0	1	2	0	0	0	0	
0	2	2	0	2	1	0	3	0	0	3	0	0	0	2	0	1	2	2	0	2	0	1	2	0	0	1	2	
0	2	1	0	0	3	0	2	1	1	2	0	0	0	2	0	1	2	0	0	1	1	0	2	0	0	0	2	
0	2	1	0	2	1	1	2	0	0	2	0	0	0	0	2	1	2	0	3	2	1	0	0	0	0	1	2	
0	2	1	0	2	0	1	2	0	1	2	3	0	0	0	0	1	1	0	0	2	1	0	2	2	2	1	0	
0	1	1	0	2	1	0	0	0	0	2	0	3	2	2	0	2	2	0	0	2	1	1	2	0	0	1	2	
0	2	0	0	0	1	0	0	0	0	2	0	0	2	0	0	1	2	0	0	2	1	0	2	0	0	2	2	
--------------------

--------------------
Best Solution Found!
--------------------
Time: 0 hour(s), 0 minute(s), 10 second(s), 211 millisecond(s)

Fitness: 294078

0	2	1	3	0	0	0	2	0	2	3	0	0	1	0	0	2	2	0	1	2	1	0	2	0	2	1	2	
0	0	1	0	2	1	0	2	1	0	2	0	0	2	0	0	1	2	0	0	3	2	0	2	0	0	1	1	
0	2	2	0	2	1	1	2	0	0	2	0	3	0	0	0	1	1	0	3	2	1	0	2	0	0	1	2	
0	2	1	0	2	1	0	0	0	0	2	0	0	0	0	0	1	2	0	0	2	1	0	0	0	2	1	2	
0	2	0	0	2	1	0	0	0	2	2	0	0	0	0	0	1	2	0	0	0	1	1	0	0	0	0	2	
0	2	2	0	3	1	0	2	0	0	2	0	0	0	3	0	1	2	2	0	0	1	0	0	0	0	0	1	
1	1	2	0	1	3	0	3	0	0	2	0	3	0	2	0	1	2	0	0	2	3	1	2	0	0	2	2	
0	2	1	0	2	1	0	2	2	0	2	0	0	0	0	0	1	2	0	0	2	0	1	1	0	2	1	0	
0	2	0	0	3	1	0	3	0	0	2	0	0	0	0	0	1	1	0	0	2	2	0	2	0	0	0	2	
0	1	0	3	2	1	0	3	1	0	2	0	0	0	0	0	1	2	0	0	2	1	1	2	0	0	2	1	
0	0	1	1	2	1	0	0	0	2	2	0	0	2	2	0	0	1	1	0	2	0	0	0	0	2	2	1	
1	2	1	0	2	3	0	2	0	0	3	0	0	0	2	2	1	2	0	3	2	3	0	2	0	0	1	2	
0	2	2	0	2	0	0	2	1	0	1	0	3	0	0	0	1	2	2	0	2	1	0	1	0	0	1	2	
0	2	1	0	2	1	1	3	0	1	3	0	0	0	2	2	2	2	0	0	2	1	0	1	1	0	1	2	
0	1	1	0	2	0	0	2	0	0	2	0	0	0	0	0	1	2	0	0	2	2	0	2	1	0	1	2	
0	0	0	0	2	0	2	3	0	0	2	0	0	0	0	0	0	2	0	0	2	1	0	2	0	0	1	2	
0	2	0	0	2	1	1	0	1	0	2	2	0	0	2	0	2	1	0	0	2	2	0	2	0	2	2	0	
1	0	1	0	2	1	1	2	0	0	3	0	0	0	0	0	1	2	0	0	3	3	0	1	0	0	0	2	
0	2	2	0	2	1	0	2	0	2	2	0	0	0	0	2	2	2	0	0	2	1	0	2	0	0	2	2	
0	2	1	0	2	1	0	2	0	2	2	0	0	2	0	0	1	2	0	0	2	1	0	2	0	0	1	2	
0	2	0	0	3	0	0	2	0	0	2	0	0	0	0	2	1	2	0	0	2	2	0	2	0	0	1	2	
0	2	1	3	3	1	0	0	0	0	2	0	0	0	0	0	0	2	0	0	1	1	0	2	0	0	1	1	
3	2	1	3	2	1	0	2	0	0	2	0	0	0	0	0	1	2	0	0	3	0	0	0	0	2	1	2	
0	1	2	0	2	1	0	2	0	0	2	0	0	0	0	0	1	2	0	0	0	0	0	2	0	0	1	2	
1	0	1	0	1	1	0	0	0	0	3	0	0	2	2	0	1	1	0	0	2	1	0	2	0	0	1	0	
0	2	1	0	3	1	1	3	0	0	2	0	1	2	3	0	1	2	0	0	2	1	0	1	0	0	0	2	
0	2	1	0	2	0	1	2	0	0	3	0	0	0	0	0	2	2	0	0	2	2	0	0	0	2	1	2	
0	1	0	3	2	3	0	0	0	0	2	0	0	0	0	0	1	2	0	0	0	0	0	0	0	0	1	1	
0	0	1	0	2	1	0	2	1	2	2	2	3	0	0	0	2	1	0	0	2	1	0	0	0	0	0	2	
0	1	1	0	2	1	0	2	2	0	2	0	0	0	0	0	2	1	0	0	2	1	0	2	0	0	1	2	
0	2	1	3	3	3	0	2	0	0	2	0	0	0	0	2	1	2	0	0	0	1	3	2	0	2	1	2	
0	2	1	0	0	1	1	2	0	0	2	0	0	0	0	0	1	2	0	0	0	1	0	2	0	0	1	2	
0	0	1	3	0	1	0	2	1	2	2	0	0	0	1	0	2	2	0	0	3	1	0	0	0	0	1	2	
0	2	1	0	2	1	0	0	0	2	2	0	0	1	0	0	0	2	2	3	2	0	0	2	0	0	1	1	
0	2	2	0	2	1	0	3	0	0	2	0	0	0	0	0	1	2	0	1	2	1	0	0	1	0	1	2	
1	2	1	0	2	2	1	2	0	0	2	0	0	0	0	0	1	2	0	0	0	3	0	2	0	0	1	1	
0	2	1	0	2	1	0	0	0	0	2	0	0	0	0	0	1	2	1	0	2	1	0	2	0	0	1	2	
0	2	1	0	2	1	0	2	0	0	2	0	1	2	0	0	1	2	0	0	2	1	0	1	0	0	1	1	
0	2	1	0	2	1	2	3	1	0	2	0	0	0	0	0	1	2	0	3	2	3	1	2	1	0	2	2	
0	0	1	0	2	1	0	2	0	0	2	0	0	2	0	0	1	1	0	0	0	1	0	2	0	3	2	2	
1	2	1	0	3	1	0	2	0	0	1	0	0	0	0	0	1	1	0	0	0	1	0	2	1	0	1	2	
0	2	2	0	0	0	0	2	1	0	3	0	0	0	0	0	1	2	0	0	0	1	1	2	0	0	1	2	
0	2	1	0	2	0	0	2	0	0	2	0	0	0	2	0	1	2	0	0	2	1	0	2	0	0	2	1	
0	0	1	0	2	1	0	2	0	0	2	0	0	0	0	0	1	2	0	0	2	1	3	2	0	0	2	2	
0	2	1	0	2	3	2	2	0	0	2	0	0	1	0	0	1	1	0	0	2	1	3	1	0	0	1	2	
0	2	1	0	1	2	0	2	1	0	2	0	0	2	0	0	1	2	0	0	0	1	0	2	0	0	1	2	
0	1	1	1	2	0	1	2	2	0	3	0	0	0	0	1	1	2	1	0	2	1	0	0	0	3	1	2	
0	2	1	0	2	1	0	0	0	0	2	0	0	0	0	0	2	2	0	0	3	1	0	1	0	0	0	1	
0	1	1	0	2	3	0	2	0	0	3	0	0	0	0	0	1	0	0	3	2	1	0	1	0	0	1	2	
1	1	1	3	3	1	0	2	0	0	2	0	0	0	0	0	1	2	2	0	1	1	0	0	0	0	0	2	
0	2	1	0	2	1	0	2	0	0	2	0	3	2	2	0	1	2	0	3	3	1	0	2	1	0	1	2	
0	0	2	0	2	2	0	2	0	0	2	0	0	0	0	2	1	2	0	0	0	1	1	2	0	2	1	2	
1	2	2	0	2	1	0	3	0	2	2	0	0	0	2	1	2	1	0	0	1	1	0	1	0	0	1	2	
3	2	1	0	2	0	0	2	1	2	2	0	3	0	0	0	1	2	0	0	2	0	1	2	0	0	0	0	
0	2	2	0	2	1	0	3	0	0	3	0	0	0	2	0	1	2	2	0	2	0	1	2	0	0	1	2	
0	2	1	0	0	3	0	2	1	1	2	0	0	0	2	0	1	2	0	0	1	1	0	2	0	0	0	2	
0	2	1	0	2	1	1	2	0	0	2	0	0	0	0	2	1	2	0	3	2	1	0	0	0	0	1	2	
0	2	1	0	2	0	1	2	0	1	2	3	0	0	0	0	1	1	0	0	2	1	0	2	2	2	1	0	
0	1	1	0	2	1	0	0	0	0	2	0	3	2	2	0	2	2	0	0	2	1	1	2	0	0	1	2	
0	2	0	0	0	1	0	0	0	0	2	0	0	2	0	0	1	2	0	0	2	1	0	2	0	0	2	2	
--------------------
---------------------
Best Solution Found!
--------------------
Time: 0 hour(s), 0 minute(s), 21 second(s), 34 millisecond(s)

Fitness: 290076

0	2	1	0	2	1	2	2	0	0	2	0	0	0	0	0	1	1	0	0	2	1	0	2	1	0	1	2	
1	1	1	0	2	1	0	3	0	2	3	0	3	0	2	0	0	2	1	0	2	1	0	2	0	0	1	1	
0	1	1	3	3	1	0	2	0	0	2	0	0	0	2	0	1	2	0	0	2	1	1	2	0	2	1	2	
0	2	1	0	0	1	0	0	0	0	2	0	0	0	0	1	1	2	0	0	2	1	0	2	0	0	1	2	
0	2	1	0	0	0	2	2	0	0	2	0	0	0	0	0	2	2	2	0	3	1	0	2	0	3	1	2	
0	0	1	0	2	1	0	2	0	0	2	0	0	2	0	0	1	2	0	0	0	0	0	0	0	2	1	2	
0	2	1	0	2	1	0	2	0	0	2	0	0	0	2	0	1	1	0	0	0	2	0	0	0	0	2	1	
1	1	1	3	2	1	0	2	0	0	2	0	0	2	0	0	1	2	0	0	2	1	0	0	0	0	1	2	
0	2	1	0	2	0	0	2	0	0	3	0	3	0	0	0	1	0	0	0	2	0	0	2	0	0	1	2	
0	2	2	0	2	0	1	3	1	0	2	0	0	0	0	0	1	2	0	0	0	1	1	1	0	0	1	1	
0	2	2	0	2	2	0	2	0	2	2	0	0	0	0	0	1	2	0	0	3	1	0	2	0	0	0	2	
0	2	1	0	2	2	0	2	0	0	2	0	0	0	0	0	1	2	0	0	1	2	0	0	0	0	0	2	
0	2	1	0	3	3	0	2	0	0	2	0	0	1	0	0	2	2	0	0	0	0	0	0	0	2	0	1	
0	2	2	0	2	1	1	2	0	1	2	0	0	0	2	0	1	2	0	3	2	1	0	2	0	3	1	2	
0	1	1	0	3	0	0	2	1	0	2	0	0	0	0	0	2	2	2	0	0	0	0	2	0	2	2	0	
1	1	1	0	2	1	0	2	1	0	2	2	0	0	2	0	1	2	0	0	2	1	1	2	0	0	1	2	
0	2	1	0	3	1	0	2	2	0	2	0	0	0	0	2	1	2	2	3	2	3	0	2	0	0	2	2	
0	2	1	3	2	1	1	2	0	0	2	0	1	0	0	2	1	2	0	0	0	1	0	2	1	2	1	1	
0	2	2	0	2	1	0	2	0	2	2	0	1	0	0	0	1	1	0	0	2	1	0	2	0	0	1	1	
0	2	1	3	3	0	1	2	0	0	2	0	0	0	0	0	2	1	0	0	2	1	0	1	0	0	2	2	
0	0	2	0	2	1	0	2	0	0	3	0	0	2	3	0	2	1	0	0	2	1	0	0	0	0	1	2	
0	0	1	0	2	1	1	3	1	0	2	0	0	2	3	0	1	2	0	0	2	2	1	2	0	0	1	1	
0	2	2	0	0	3	1	2	0	2	2	0	0	0	0	0	1	2	1	0	2	1	0	2	0	0	0	2	
0	2	2	1	0	1	1	2	0	0	3	0	0	0	0	0	1	2	0	0	1	1	0	0	0	2	1	2	
0	2	1	0	2	1	0	0	0	0	1	0	0	2	2	0	1	1	0	0	2	1	3	2	0	0	1	2	
1	0	1	3	2	0	0	2	0	0	2	0	0	0	2	0	1	2	0	0	2	1	0	2	0	0	0	2	
0	2	1	0	0	0	1	0	0	0	2	0	0	0	0	0	1	2	0	0	1	2	0	2	0	0	0	2	
0	2	2	0	3	3	0	2	1	0	3	0	0	0	0	0	1	2	0	0	2	1	1	2	0	0	1	2	
0	1	0	0	2	1	0	3	1	0	2	0	0	2	0	1	1	2	0	0	2	3	3	1	0	0	1	2	
0	2	1	0	2	1	0	0	2	1	2	0	0	0	0	2	1	2	0	0	0	1	1	1	0	0	0	2	
3	1	1	0	2	0	0	0	0	2	2	0	0	0	2	0	1	2	2	0	3	1	0	2	0	0	1	2	
0	0	1	0	2	1	2	2	2	0	2	0	0	0	0	2	1	2	0	1	2	1	1	2	0	2	1	2	
0	2	0	0	2	1	0	0	0	0	2	0	0	0	0	0	1	2	0	0	2	0	0	1	2	0	1	2	
3	0	1	1	2	0	0	2	0	2	3	0	0	0	0	0	1	2	0	0	3	1	0	0	0	0	1	1	
0	2	1	0	2	3	0	0	0	0	2	3	3	0	0	0	1	2	0	0	2	1	0	2	0	0	0	2	
0	2	0	0	2	1	0	3	0	0	2	0	0	0	0	0	1	2	0	3	3	1	0	0	0	0	1	2	
0	0	0	0	2	1	1	3	0	0	2	0	0	0	0	0	2	2	0	0	0	1	0	2	0	0	2	2	
0	0	0	3	2	1	0	2	0	2	2	0	3	1	0	0	1	2	0	1	3	1	0	2	0	0	1	2	
0	2	1	0	2	1	0	0	0	0	2	0	0	0	0	0	2	2	0	0	2	3	0	2	0	0	1	1	
0	2	1	0	0	1	0	0	0	0	2	0	0	0	0	0	1	1	0	0	0	1	0	0	0	0	1	0	
0	2	2	0	2	1	0	2	1	1	2	0	0	2	2	0	2	1	0	0	2	0	0	1	0	0	2	2	
0	2	1	0	2	3	0	0	0	0	1	0	0	0	2	0	1	1	0	0	2	1	1	2	0	0	0	2	
0	1	1	0	2	1	0	2	0	0	2	0	3	0	0	0	2	2	0	0	2	1	0	2	0	0	2	2	
0	2	1	0	2	1	0	2	1	0	2	0	0	2	0	0	1	1	0	0	2	1	0	2	0	0	1	2	
1	2	2	0	1	1	0	3	0	2	3	0	0	1	2	0	0	2	0	0	1	3	0	2	0	0	1	2	
0	2	2	0	2	1	1	2	0	0	2	0	0	2	0	0	1	2	0	0	2	1	0	2	1	0	1	2	
0	1	1	0	2	1	0	2	0	0	3	0	0	0	0	2	2	2	0	0	2	1	0	0	0	0	2	0	
0	2	1	0	2	1	0	2	0	0	2	0	0	0	0	0	1	2	0	0	2	0	1	2	0	0	1	1	
0	0	1	0	2	0	0	2	0	0	2	0	3	0	0	2	1	2	0	0	0	1	0	1	1	0	1	2	
0	2	1	0	3	3	0	2	0	2	2	0	0	0	0	0	0	1	0	0	2	2	0	0	0	0	1	2	
1	1	1	0	2	3	0	0	1	0	2	0	0	2	0	0	1	2	0	0	2	1	0	2	1	0	2	2	
0	2	1	0	1	1	0	2	1	0	2	0	0	0	0	0	2	2	0	3	2	1	0	1	0	2	1	0	
0	2	1	0	2	1	0	3	0	0	2	0	0	0	1	0	1	1	0	0	2	1	0	0	0	0	1	2	
1	2	1	3	2	1	0	0	0	0	3	0	0	0	0	0	1	2	2	3	2	1	0	1	0	0	1	2	
0	0	0	0	3	1	1	2	0	0	2	0	3	0	0	0	1	2	0	3	2	3	1	2	0	0	1	2	
1	2	0	3	2	2	0	2	0	0	3	0	0	2	0	2	0	2	1	0	0	0	0	2	0	0	1	1	
0	2	1	0	2	1	0	3	1	2	2	0	0	0	0	0	1	2	0	0	0	1	0	1	0	0	1	2	
0	2	1	0	2	1	0	2	0	0	2	2	0	0	0	0	1	2	0	0	2	1	3	2	0	2	2	0	
0	2	0	0	2	0	0	2	0	0	2	0	0	0	0	0	1	2	0	0	2	1	0	2	0	2	0	2	
0	2	1	0	1	1	0	3	0	0	2	0	0	0	2	0	1	2	0	3	2	2	0	2	1	0	1	2	
--------------------

--------------------
Best Solution Found!
--------------------
Time: 0 hour(s), 0 minute(s), 21 second(s), 37 millisecond(s)

Fitness: 290076

0	2	1	0	2	1	2	2	0	0	2	0	0	0	0	0	1	1	0	0	2	1	0	2	1	0	1	2	
1	1	1	0	2	1	0	3	0	2	3	0	3	0	2	0	0	2	1	0	2	1	0	2	0	0	1	1	
0	1	1	3	3	1	0	2	0	0	2	0	0	0	2	0	1	2	0	0	2	1	1	2	0	2	1	2	
0	2	1	0	0	1	0	0	0	0	2	0	0	0	0	1	1	2	0	0	2	1	0	2	0	0	1	2	
0	2	1	0	0	0	2	2	0	0	2	0	0	0	0	0	2	2	2	0	3	1	0	2	0	3	1	2	
0	0	1	0	2	1	0	2	0	0	2	0	0	2	0	0	1	2	0	0	0	0	0	0	0	2	1	2	
0	2	1	0	2	1	0	2	0	0	2	0	0	0	2	0	1	1	0	0	0	2	0	0	0	0	2	1	
1	1	1	3	2	1	0	2	0	0	2	0	0	2	0	0	1	2	0	0	2	1	0	0	0	0	1	2	
0	2	1	0	2	0	0	2	0	0	3	0	3	0	0	0	1	0	0	0	2	0	0	2	0	0	1	2	
0	2	2	0	2	0	1	3	1	0	2	0	0	0	0	0	1	2	0	0	0	1	1	1	0	0	1	1	
0	2	2	0	2	2	0	2	0	2	2	0	0	0	0	0	1	2	0	0	3	1	0	2	0	0	0	2	
0	2	1	0	2	2	0	2	0	0	2	0	0	0	0	0	1	2	0	0	1	2	0	0	0	0	0	2	
0	2	1	0	3	3	0	2	0	0	2	0	0	1	0	0	2	2	0	0	0	0	0	0	0	2	0	1	
0	2	2	0	2	1	1	2	0	1	2	0	0	0	2	0	1	2	0	3	2	1	0	2	0	3	1	2	
0	1	1	0	3	0	0	2	1	0	2	0	0	0	0	0	2	2	2	0	0	0	0	2	0	2	2	0	
1	1	1	0	2	1	0	2	1	0	2	2	0	0	2	0	1	2	0	0	2	1	1	2	0	0	1	2	
0	2	1	0	3	1	0	2	2	0	2	0	0	0	0	2	1	2	2	3	2	3	0	2	0	0	2	2	
0	2	1	3	2	1	1	2	0	0	2	0	1	0	0	2	1	2	0	0	0	1	0	2	1	2	1	1	
0	2	2	0	2	1	0	2	0	2	2	0	1	0	0	0	1	1	0	0	2	1	0	2	0	0	1	1	
0	2	1	3	3	0	1	2	0	0	2	0	0	0	0	0	2	1	0	0	2	1	0	1	0	0	2	2	
0	0	2	0	2	1	0	2	0	0	3	0	0	2	3	0	2	1	0	0	2	1	0	0	0	0	1	2	
0	0	1	0	2	1	1	3	1	0	2	0	0	2	3	0	1	2	0	0	2	2	1	2	0	0	1	1	
0	2	2	0	0	3	1	2	0	2	2	0	0	0	0	0	1	2	1	0	2	1	0	2	0	0	0	2	
0	2	2	1	0	1	1	2	0	0	3	0	0	0	0	0	1	2	0	0	1	1	0	0	0	2	1	2	
0	2	1	0	2	1	0	0	0	0	1	0	0	2	2	0	1	1	0	0	2	1	3	2	0	0	1	2	
1	0	1	3	2	0	0	2	0	0	2	0	0	0	2	0	1	2	0	0	2	1	0	2	0	0	0	2	
0	2	1	0	0	0	1	0	0	0	2	0	0	0	0	0	1	2	0	0	1	2	0	2	0	0	0	2	
0	2	2	0	3	3	0	2	1	0	3	0	0	0	0	0	1	2	0	0	2	1	1	2	0	0	1	2	
0	1	0	0	2	1	0	3	1	0	2	0	0	2	0	1	1	2	0	0	2	3	3	1	0	0	1	2	
0	2	1	0	2	1	0	0	2	1	2	0	0	0	0	2	1	2	0	0	0	1	1	1	0	0	0	2	
3	1	1	0	2	0	0	0	0	2	2	0	0	0	2	0	1	2	2	0	3	1	0	2	0	0	1	2	
0	0	1	0	2	1	2	2	2	0	2	0	0	0	0	2	1	2	0	1	2	1	1	2	0	2	1	2	
0	2	0	0	2	1	0	0	0	0	2	0	0	0	0	0	1	2	0	0	2	0	0	1	2	0	1	2	
3	0	1	1	2	0	0	2	0	2	3	0	0	0	0	0	1	2	0	0	3	1	0	0	0	0	1	1	
0	2	1	0	2	3	0	0	0	0	2	3	3	0	0	0	1	2	0	0	2	1	0	2	0	0	0	2	
0	2	0	0	2	1	0	3	0	0	2	0	0	0	0	0	1	2	0	3	3	1	0	0	0	0	1	2	
0	0	0	0	2	1	1	3	0	0	2	0	0	0	0	0	2	2	0	0	0	1	0	2	0	0	2	2	
0	0	0	3	2	1	0	2	0	2	2	0	3	1	0	0	1	2	0	1	3	1	0	2	0	0	1	2	
0	2	1	0	2	1	0	0	0	0	2	0	0	0	0	0	2	2	0	0	2	3	0	2	0	0	1	1	
0	2	1	0	0	1	0	0	0	0	2	0	0	0	0	0	1	1	0	0	0	1	0	0	0	0	1	0	
0	2	2	0	2	1	0	2	1	1	2	0	0	2	2	0	2	1	0	0	2	0	0	1	0	0	2	2	
0	2	1	0	2	3	0	0	0	0	1	0	0	0	2	0	1	1	0	0	2	1	1	2	0	0	0	2	
0	1	1	0	2	1	0	2	0	0	2	0	3	0	0	0	2	2	0	0	2	1	0	2	0	0	2	2	
0	2	1	0	2	1	0	2	1	0	2	0	0	2	0	0	1	1	0	0	2	1	0	2	0	0	1	2	
1	2	2	0	1	1	0	3	0	2	3	0	0	1	2	0	0	2	0	0	1	3	0	2	0	0	1	2	
0	2	2	0	2	1	1	2	0	0	2	0	0	2	0	0	1	2	0	0	2	1	0	2	1	0	1	2	
0	1	1	0	2	1	0	2	0	0	3	0	0	0	0	2	2	2	0	0	2	1	0	0	0	0	2	0	
0	2	1	0	2	1	0	2	0	0	2	0	0	0	0	0	1	2	0	0	2	0	1	2	0	0	1	1	
0	0	1	0	2	0	0	2	0	0	2	0	3	0	0	2	1	2	0	0	0	1	0	1	1	0	1	2	
0	2	1	0	3	3	0	2	0	2	2	0	0	0	0	0	0	1	0	0	2	2	0	0	0	0	1	2	
1	1	1	0	2	3	0	0	1	0	2	0	0	2	0	0	1	2	0	0	2	1	0	2	1	0	2	2	
0	2	1	0	1	1	0	2	1	0	2	0	0	0	0	0	2	2	0	3	2	1	0	1	0	2	1	0	
0	2	1	0	2	1	0	3	0	0	2	0	0	0	1	0	1	1	0	0	2	1	0	0	0	0	1	2	
1	2	1	3	2	1	0	0	0	0	3	0	0	0	0	0	1	2	2	3	2	1	0	1	0	0	1	2	
0	0	0	0	3	1	1	2	0	0	2	0	3	0	0	0	1	2	0	3	2	3	1	2	0	0	1	2	
1	2	0	3	2	2	0	2	0	0	3	0	0	2	0	2	0	2	1	0	0	0	0	2	0	0	1	1	
0	2	1	0	2	1	0	3	1	2	2	0	0	0	0	0	1	2	0	0	0	1	0	1	0	0	1	2	
0	2	1	0	2	1	0	2	0	0	2	2	0	0	0	0	1	2	0	0	2	1	3	2	0	2	2	0	
0	2	0	0	2	0	0	2	0	0	2	0	0	0	0	0	1	2	0	0	2	1	0	2	0	2	0	2	
0	2	1	0	1	1	0	3	0	0	2	0	0	0	2	0	1	2	0	3	2	2	0	2	1	0	1	2	
--------------------

--------------------
Best Solution Found!
--------------------
Time: 0 hour(s), 0 minute(s), 43 second(s), 73 millisecond(s)

Fitness: 289095

0	1	1	0	2	1	0	2	1	2	3	0	0	2	0	0	1	2	0	0	2	1	0	2	0	0	1	2	
0	2	1	0	2	1	0	3	1	0	2	0	0	0	0	0	2	2	0	0	2	1	0	0	0	0	2	2	
0	2	1	0	0	1	0	2	0	0	2	0	0	0	0	0	1	2	0	0	2	1	1	2	0	0	1	0	
0	0	0	1	2	1	1	0	0	2	2	0	0	0	0	0	2	2	0	0	2	1	0	1	0	0	2	1	
0	2	0	0	2	1	0	2	0	0	3	0	0	0	0	0	2	2	0	3	2	1	0	2	0	2	1	2	
0	2	1	3	2	0	0	2	0	0	3	0	0	2	2	0	1	2	0	0	1	2	1	2	0	0	1	2	
0	2	0	0	0	0	0	2	0	0	2	0	0	0	0	0	1	2	0	0	2	0	1	0	0	0	2	1	
0	2	1	0	2	1	0	2	0	0	2	0	3	0	2	2	1	2	0	0	2	1	0	2	0	0	2	2	
0	2	2	0	2	3	0	0	0	0	3	0	0	0	0	0	1	0	0	0	2	0	1	2	1	0	2	2	
0	1	1	0	3	1	0	2	1	2	2	0	3	0	0	0	1	1	0	0	3	1	0	2	0	2	1	0	
0	2	1	0	2	1	0	2	0	0	2	0	0	2	0	0	1	2	2	0	1	1	0	0	0	2	1	1	
3	2	1	0	0	1	2	0	0	2	2	0	0	0	1	1	1	2	0	0	2	1	0	2	0	0	2	1	
0	2	2	0	0	1	0	2	0	0	2	3	0	2	2	2	1	2	0	3	2	0	0	0	0	0	1	2	
0	0	1	0	2	1	0	2	0	0	3	0	0	0	2	0	1	2	0	0	0	0	0	2	0	0	1	2	
1	2	1	0	2	1	0	2	0	0	2	0	0	0	0	0	1	2	0	0	3	1	0	0	0	0	1	2	
0	1	1	0	3	0	0	2	0	0	2	0	0	0	2	0	0	2	0	0	0	1	1	1	0	2	1	2	
0	2	1	0	2	0	0	0	0	0	2	0	0	0	2	0	0	2	0	1	2	2	0	2	0	0	0	2	
0	0	1	0	2	1	0	3	0	0	2	0	0	0	0	0	2	2	0	0	2	1	0	1	0	0	1	1	
0	2	2	0	3	3	0	2	0	0	2	0	0	2	0	0	0	1	0	0	0	0	0	2	0	0	1	2	
0	2	1	0	2	1	1	0	0	1	1	0	0	1	2	0	1	2	0	3	2	1	0	0	0	0	1	1	
0	2	0	0	2	1	0	0	0	1	2	0	0	0	0	0	1	2	0	0	2	1	0	1	0	0	2	2	
0	2	1	0	2	0	0	2	0	0	2	0	0	0	0	0	1	1	0	0	2	1	1	2	0	0	0	2	
0	2	1	0	1	1	0	2	1	0	2	0	0	0	0	2	1	2	0	0	3	1	3	2	0	0	1	1	
1	2	0	0	2	1	0	3	1	0	2	0	1	0	2	0	2	2	2	0	3	3	1	1	0	0	1	0	
0	2	2	0	2	3	0	2	0	0	3	0	0	0	0	0	1	1	0	0	0	0	0	2	0	0	1	2	
1	2	1	0	2	3	1	2	0	0	2	0	3	2	0	0	2	2	0	0	2	1	0	2	0	0	2	2	
0	2	2	3	2	0	0	0	0	0	2	0	0	0	0	0	2	2	1	0	2	1	0	1	1	3	0	2	
0	2	1	0	2	1	2	0	0	0	2	0	0	2	2	0	1	2	0	0	2	1	0	0	0	0	1	0	
0	2	1	0	2	0	0	2	0	0	2	0	0	0	0	0	1	2	0	0	2	1	0	2	0	0	1	2	
0	2	1	0	1	1	1	3	0	2	2	0	0	0	3	0	2	2	0	0	2	1	0	2	0	0	1	2	
1	1	1	0	2	1	0	2	0	2	3	0	0	0	0	0	1	2	0	0	2	1	0	1	1	0	1	2	
0	1	2	0	2	2	1	2	0	0	3	0	0	2	0	0	1	2	0	0	2	1	0	2	0	0	1	2	
0	2	1	0	2	3	0	2	0	0	2	0	0	0	0	0	1	2	0	0	2	2	0	2	0	0	1	2	
1	2	2	3	2	1	0	2	0	0	2	0	0	0	0	0	0	1	0	0	0	1	0	2	0	0	1	2	
0	0	1	3	3	0	0	2	2	0	2	0	0	0	0	0	1	1	0	0	1	1	3	2	0	0	2	1	
0	0	0	0	2	1	0	2	0	0	3	0	0	0	0	0	1	2	0	0	2	0	0	2	0	0	0	2	
1	1	2	0	2	1	1	3	0	0	2	0	0	0	0	0	1	2	0	1	0	1	0	2	0	0	1	1	
0	2	1	0	0	0	1	2	0	0	2	0	0	0	0	0	1	2	0	0	0	1	0	0	0	0	1	2	
0	2	1	0	3	1	0	2	0	2	2	0	0	1	0	0	1	2	0	0	2	1	0	2	0	0	1	2	
0	2	1	0	2	1	0	3	1	0	2	0	0	0	0	0	1	2	0	0	0	1	1	0	0	2	1	2	
0	2	1	0	1	2	0	0	0	0	2	0	0	0	0	0	1	2	0	0	2	1	0	2	0	0	0	1	
0	0	1	0	2	1	0	2	1	0	2	0	0	0	0	0	1	1	0	3	2	1	0	0	1	0	1	2	
0	2	2	0	2	0	0	2	0	0	2	0	3	2	3	0	1	2	0	3	2	0	0	2	0	0	1	2	
0	2	1	0	2	0	0	2	1	0	2	0	0	0	2	1	1	2	0	0	2	1	1	2	0	2	1	2	
0	1	1	1	2	1	0	2	0	2	2	0	0	0	0	2	1	1	0	0	2	1	0	2	0	2	0	2	
3	2	2	0	2	2	1	0	0	0	2	0	0	0	2	0	1	2	1	0	2	2	0	2	0	0	1	2	
1	2	1	0	3	1	1	2	0	2	2	0	3	0	0	0	1	2	0	0	2	1	0	2	1	0	1	2	
0	2	1	3	3	1	0	0	0	0	2	0	0	0	0	0	2	1	0	0	2	1	0	2	0	2	1	2	
0	0	1	3	2	1	0	2	0	0	3	2	0	1	0	0	2	2	0	0	2	1	0	1	0	0	0	2	
0	2	1	0	2	1	0	2	0	0	2	0	0	0	0	0	2	2	2	0	1	2	0	1	0	0	1	2	
0	1	1	0	2	3	2	2	0	0	2	0	0	0	2	0	1	2	2	0	0	3	0	2	0	0	0	1	
0	2	1	0	2	1	0	0	0	0	2	0	0	0	0	2	1	1	0	3	3	1	0	0	0	2	0	2	
1	2	2	0	2	1	0	2	0	0	2	0	3	0	0	2	1	2	0	0	2	1	1	2	0	0	1	2	
0	0	1	0	3	1	0	2	2	0	2	0	0	2	0	0	1	2	0	0	0	2	0	0	2	0	1	2	
0	0	1	3	2	3	1	3	1	0	2	0	0	2	0	0	1	2	0	0	2	3	0	2	0	0	1	2	
0	0	0	0	2	1	0	3	0	0	2	0	1	0	0	0	1	2	0	3	0	1	0	2	0	2	0	2	
0	1	0	0	2	1	1	2	0	0	1	0	0	0	0	0	1	2	0	0	2	1	0	0	1	0	2	2	
0	2	1	3	0	1	0	3	1	2	2	0	0	0	0	0	1	1	2	0	3	3	0	2	0	0	1	2	
0	2	1	0	2	1	0	2	1	0	2	2	3	0	0	2	1	2	0	0	0	1	0	1	0	3	1	0	
0	1	1	0	2	1	0	3	2	1	2	0	0	0	0	0	1	1	1	0	2	3	3	2	0	0	1	2	
--------------------

--------------------
Best Solution Found!
--------------------
Time: 0 hour(s), 0 minute(s), 43 second(s), 76 millisecond(s)

Fitness: 289095

0	1	1	0	2	1	0	2	1	2	3	0	0	2	0	0	1	2	0	0	2	1	0	2	0	0	1	2	
0	2	1	0	2	1	0	3	1	0	2	0	0	0	0	0	2	2	0	0	2	1	0	0	0	0	2	2	
0	2	1	0	0	1	0	2	0	0	2	0	0	0	0	0	1	2	0	0	2	1	1	2	0	0	1	0	
0	0	0	1	2	1	1	0	0	2	2	0	0	0	0	0	2	2	0	0	2	1	0	1	0	0	2	1	
0	2	0	0	2	1	0	2	0	0	3	0	0	0	0	0	2	2	0	3	2	1	0	2	0	2	1	2	
0	2	1	3	2	0	0	2	0	0	3	0	0	2	2	0	1	2	0	0	1	2	1	2	0	0	1	2	
0	2	0	0	0	0	0	2	0	0	2	0	0	0	0	0	1	2	0	0	2	0	1	0	0	0	2	1	
0	2	1	0	2	1	0	2	0	0	2	0	3	0	2	2	1	2	0	0	2	1	0	2	0	0	2	2	
0	2	2	0	2	3	0	0	0	0	3	0	0	0	0	0	1	0	0	0	2	0	1	2	1	0	2	2	
0	1	1	0	3	1	0	2	1	2	2	0	3	0	0	0	1	1	0	0	3	1	0	2	0	2	1	0	
0	2	1	0	2	1	0	2	0	0	2	0	0	2	0	0	1	2	2	0	1	1	0	0	0	2	1	1	
3	2	1	0	0	1	2	0	0	2	2	0	0	0	1	1	1	2	0	0	2	1	0	2	0	0	2	1	
0	2	2	0	0	1	0	2	0	0	2	3	0	2	2	2	1	2	0	3	2	0	0	0	0	0	1	2	
0	0	1	0	2	1	0	2	0	0	3	0	0	0	2	0	1	2	0	0	0	0	0	2	0	0	1	2	
1	2	1	0	2	1	0	2	0	0	2	0	0	0	0	0	1	2	0	0	3	1	0	0	0	0	1	2	
0	1	1	0	3	0	0	2	0	0	2	0	0	0	2	0	0	2	0	0	0	1	1	1	0	2	1	2	
0	2	1	0	2	0	0	0	0	0	2	0	0	0	2	0	0	2	0	1	2	2	0	2	0	0	0	2	
0	0	1	0	2	1	0	3	0	0	2	0	0	0	0	0	2	2	0	0	2	1	0	1	0	0	1	1	
0	2	2	0	3	3	0	2	0	0	2	0	0	2	0	0	0	1	0	0	0	0	0	2	0	0	1	2	
0	2	1	0	2	1	1	0	0	1	1	0	0	1	2	0	1	2	0	3	2	1	0	0	0	0	1	1	
0	2	0	0	2	1	0	0	0	1	2	0	0	0	0	0	1	2	0	0	2	1	0	1	0	0	2	2	
0	2	1	0	2	0	0	2	0	0	2	0	0	0	0	0	1	1	0	0	2	1	1	2	0	0	0	2	
0	2	1	0	1	1	0	2	1	0	2	0	0	0	0	2	1	2	0	0	3	1	3	2	0	0	1	1	
1	2	0	0	2	1	0	3	1	0	2	0	1	0	2	0	2	2	2	0	3	3	1	1	0	0	1	0	
0	2	2	0	2	3	0	2	0	0	3	0	0	0	0	0	1	1	0	0	0	0	0	2	0	0	1	2	
1	2	1	0	2	3	1	2	0	0	2	0	3	2	0	0	2	2	0	0	2	1	0	2	0	0	2	2	
0	2	2	3	2	0	0	0	0	0	2	0	0	0	0	0	2	2	1	0	2	1	0	1	1	3	0	2	
0	2	1	0	2	1	2	0	0	0	2	0	0	2	2	0	1	2	0	0	2	1	0	0	0	0	1	0	
0	2	1	0	2	0	0	2	0	0	2	0	0	0	0	0	1	2	0	0	2	1	0	2	0	0	1	2	
0	2	1	0	1	1	1	3	0	2	2	0	0	0	3	0	2	2	0	0	2	1	0	2	0	0	1	2	
1	1	1	0	2	1	0	2	0	2	3	0	0	0	0	0	1	2	0	0	2	1	0	1	1	0	1	2	
0	1	2	0	2	2	1	2	0	0	3	0	0	2	0	0	1	2	0	0	2	1	0	2	0	0	1	2	
0	2	1	0	2	3	0	2	0	0	2	0	0	0	0	0	1	2	0	0	2	2	0	2	0	0	1	2	
1	2	2	3	2	1	0	2	0	0	2	0	0	0	0	0	0	1	0	0	0	1	0	2	0	0	1	2	
0	0	1	3	3	0	0	2	2	0	2	0	0	0	0	0	1	1	0	0	1	1	3	2	0	0	2	1	
0	0	0	0	2	1	0	2	0	0	3	0	0	0	0	0	1	2	0	0	2	0	0	2	0	0	0	2	
1	1	2	0	2	1	1	3	0	0	2	0	0	0	0	0	1	2	0	1	0	1	0	2	0	0	1	1	
0	2	1	0	0	0	1	2	0	0	2	0	0	0	0	0	1	2	0	0	0	1	0	0	0	0	1	2	
0	2	1	0	3	1	0	2	0	2	2	0	0	1	0	0	1	2	0	0	2	1	0	2	0	0	1	2	
0	2	1	0	2	1	0	3	1	0	2	0	0	0	0	0	1	2	0	0	0	1	1	0	0	2	1	2	
0	2	1	0	1	2	0	0	0	0	2	0	0	0	0	0	1	2	0	0	2	1	0	2	0	0	0	1	
0	0	1	0	2	1	0	2	1	0	2	0	0	0	0	0	1	1	0	3	2	1	0	0	1	0	1	2	
0	2	2	0	2	0	0	2	0	0	2	0	3	2	3	0	1	2	0	3	2	0	0	2	0	0	1	2	
0	2	1	0	2	0	0	2	1	0	2	0	0	0	2	1	1	2	0	0	2	1	1	2	0	2	1	2	
0	1	1	1	2	1	0	2	0	2	2	0	0	0	0	2	1	1	0	0	2	1	0	2	0	2	0	2	
3	2	2	0	2	2	1	0	0	0	2	0	0	0	2	0	1	2	1	0	2	2	0	2	0	0	1	2	
1	2	1	0	3	1	1	2	0	2	2	0	3	0	0	0	1	2	0	0	2	1	0	2	1	0	1	2	
0	2	1	3	3	1	0	0	0	0	2	0	0	0	0	0	2	1	0	0	2	1	0	2	0	2	1	2	
0	0	1	3	2	1	0	2	0	0	3	2	0	1	0	0	2	2	0	0	2	1	0	1	0	0	0	2	
0	2	1	0	2	1	0	2	0	0	2	0	0	0	0	0	2	2	2	0	1	2	0	1	0	0	1	2	
0	1	1	0	2	3	2	2	0	0	2	0	0	0	2	0	1	2	2	0	0	3	0	2	0	0	0	1	
0	2	1	0	2	1	0	0	0	0	2	0	0	0	0	2	1	1	0	3	3	1	0	0	0	2	0	2	
1	2	2	0	2	1	0	2	0	0	2	0	3	0	0	2	1	2	0	0	2	1	1	2	0	0	1	2	
0	0	1	0	3	1	0	2	2	0	2	0	0	2	0	0	1	2	0	0	0	2	0	0	2	0	1	2	
0	0	1	3	2	3	1	3	1	0	2	0	0	2	0	0	1	2	0	0	2	3	0	2	0	0	1	2	
0	0	0	0	2	1	0	3	0	0	2	0	1	0	0	0	1	2	0	3	0	1	0	2	0	2	0	2	
0	1	0	0	2	1	1	2	0	0	1	0	0	0	0	0	1	2	0	0	2	1	0	0	1	0	2	2	
0	2	1	3	0	1	0	3	1	2	2	0	0	0	0	0	1	1	2	0	3	3	0	2	0	0	1	2	
0	2	1	0	2	1	0	2	1	0	2	2	3	0	0	2	1	2	0	0	0	1	0	1	0	3	1	0	
0	1	1	0	2	1	0	3	2	1	2	0	0	0	0	0	1	1	1	0	2	3	3	2	0	0	1	2	
--------------------

--------------------
Best Solution Found!
--------------------
Time: 0 hour(s), 0 minute(s), 43 second(s), 79 millisecond(s)

Fitness: 289095

0	1	1	0	2	1	0	2	1	2	3	0	0	2	0	0	1	2	0	0	2	1	0	2	0	0	1	2	
0	2	1	0	2	1	0	3	1	0	2	0	0	0	0	0	2	2	0	0	2	1	0	0	0	0	2	2	
0	2	1	0	0	1	0	2	0	0	2	0	0	0	0	0	1	2	0	0	2	1	1	2	0	0	1	0	
0	0	0	1	2	1	1	0	0	2	2	0	0	0	0	0	2	2	0	0	2	1	0	1	0	0	2	1	
0	2	0	0	2	1	0	2	0	0	3	0	0	0	0	0	2	2	0	3	2	1	0	2	0	2	1	2	
0	2	1	3	2	0	0	2	0	0	3	0	0	2	2	0	1	2	0	0	1	2	1	2	0	0	1	2	
0	2	0	0	0	0	0	2	0	0	2	0	0	0	0	0	1	2	0	0	2	0	1	0	0	0	2	1	
0	2	1	0	2	1	0	2	0	0	2	0	3	0	2	2	1	2	0	0	2	1	0	2	0	0	2	2	
0	2	2	0	2	3	0	0	0	0	3	0	0	0	0	0	1	0	0	0	2	0	1	2	1	0	2	2	
0	1	1	0	3	1	0	2	1	2	2	0	3	0	0	0	1	1	0	0	3	1	0	2	0	2	1	0	
0	2	1	0	2	1	0	2	0	0	2	0	0	2	0	0	1	2	2	0	1	1	0	0	0	2	1	1	
3	2	1	0	0	1	2	0	0	2	2	0	0	0	1	1	1	2	0	0	2	1	0	2	0	0	2	1	
0	2	2	0	0	1	0	2	0	0	2	3	0	2	2	2	1	2	0	3	2	0	0	0	0	0	1	2	
0	0	1	0	2	1	0	2	0	0	3	0	0	0	2	0	1	2	0	0	0	0	0	2	0	0	1	2	
1	2	1	0	2	1	0	2	0	0	2	0	0	0	0	0	1	2	0	0	3	1	0	0	0	0	1	2	
0	1	1	0	3	0	0	2	0	0	2	0	0	0	2	0	0	2	0	0	0	1	1	1	0	2	1	2	
0	2	1	0	2	0	0	0	0	0	2	0	0	0	2	0	0	2	0	1	2	2	0	2	0	0	0	2	
0	0	1	0	2	1	0	3	0	0	2	0	0	0	0	0	2	2	0	0	2	1	0	1	0	0	1	1	
0	2	2	0	3	3	0	2	0	0	2	0	0	2	0	0	0	1	0	0	0	0	0	2	0	0	1	2	
0	2	1	0	2	1	1	0	0	1	1	0	0	1	2	0	1	2	0	3	2	1	0	0	0	0	1	1	
0	2	0	0	2	1	0	0	0	1	2	0	0	0	0	0	1	2	0	0	2	1	0	1	0	0	2	2	
0	2	1	0	2	0	0	2	0	0	2	0	0	0	0	0	1	1	0	0	2	1	1	2	0	0	0	2	
0	2	1	0	1	1	0	2	1	0	2	0	0	0	0	2	1	2	0	0	3	1	3	2	0	0	1	1	
1	2	0	0	2	1	0	3	1	0	2	0	1	0	2	0	2	2	2	0	3	3	1	1	0	0	1	0	
0	2	2	0	2	3	0	2	0	0	3	0	0	0	0	0	1	1	0	0	0	0	0	2	0	0	1	2	
1	2	1	0	2	3	1	2	0	0	2	0	3	2	0	0	2	2	0	0	2	1	0	2	0	0	2	2	
0	2	2	3	2	0	0	0	0	0	2	0	0	0	0	0	2	2	1	0	2	1	0	1	1	3	0	2	
0	2	1	0	2	1	2	0	0	0	2	0	0	2	2	0	1	2	0	0	2	1	0	0	0	0	1	0	
0	2	1	0	2	0	0	2	0	0	2	0	0	0	0	0	1	2	0	0	2	1	0	2	0	0	1	2	
0	2	1	0	1	1	1	3	0	2	2	0	0	0	3	0	2	2	0	0	2	1	0	2	0	0	1	2	
1	1	1	0	2	1	0	2	0	2	3	0	0	0	0	0	1	2	0	0	2	1	0	1	1	0	1	2	
0	1	2	0	2	2	1	2	0	0	3	0	0	2	0	0	1	2	0	0	2	1	0	2	0	0	1	2	
0	2	1	0	2	3	0	2	0	0	2	0	0	0	0	0	1	2	0	0	2	2	0	2	0	0	1	2	
1	2	2	3	2	1	0	2	0	0	2	0	0	0	0	0	0	1	0	0	0	1	0	2	0	0	1	2	
0	0	1	3	3	0	0	2	2	0	2	0	0	0	0	0	1	1	0	0	1	1	3	2	0	0	2	1	
0	0	0	0	2	1	0	2	0	0	3	0	0	0	0	0	1	2	0	0	2	0	0	2	0	0	0	2	
1	1	2	0	2	1	1	3	0	0	2	0	0	0	0	0	1	2	0	1	0	1	0	2	0	0	1	1	
0	2	1	0	0	0	1	2	0	0	2	0	0	0	0	0	1	2	0	0	0	1	0	0	0	0	1	2	
0	2	1	0	3	1	0	2	0	2	2	0	0	1	0	0	1	2	0	0	2	1	0	2	0	0	1	2	
0	2	1	0	2	1	0	3	1	0	2	0	0	0	0	0	1	2	0	0	0	1	1	0	0	2	1	2	
0	2	1	0	1	2	0	0	0	0	2	0	0	0	0	0	1	2	0	0	2	1	0	2	0	0	0	1	
0	0	1	0	2	1	0	2	1	0	2	0	0	0	0	0	1	1	0	3	2	1	0	0	1	0	1	2	
0	2	2	0	2	0	0	2	0	0	2	0	3	2	3	0	1	2	0	3	2	0	0	2	0	0	1	2	
0	2	1	0	2	0	0	2	1	0	2	0	0	0	2	1	1	2	0	0	2	1	1	2	0	2	1	2	
0	1	1	1	2	1	0	2	0	2	2	0	0	0	0	2	1	1	0	0	2	1	0	2	0	2	0	2	
3	2	2	0	2	2	1	0	0	0	2	0	0	0	2	0	1	2	1	0	2	2	0	2	0	0	1	2	
1	2	1	0	3	1	1	2	0	2	2	0	3	0	0	0	1	2	0	0	2	1	0	2	1	0	1	2	
0	2	1	3	3	1	0	0	0	0	2	0	0	0	0	0	2	1	0	0	2	1	0	2	0	2	1	2	
0	0	1	3	2	1	0	2	0	0	3	2	0	1	0	0	2	2	0	0	2	1	0	1	0	0	0	2	
0	2	1	0	2	1	0	2	0	0	2	0	0	0	0	0	2	2	2	0	1	2	0	1	0	0	1	2	
0	1	1	0	2	3	2	2	0	0	2	0	0	0	2	0	1	2	2	0	0	3	0	2	0	0	0	1	
0	2	1	0	2	1	0	0	0	0	2	0	0	0	0	2	1	1	0	3	3	1	0	0	0	2	0	2	
1	2	2	0	2	1	0	2	0	0	2	0	3	0	0	2	1	2	0	0	2	1	1	2	0	0	1	2	
0	0	1	0	3	1	0	2	2	0	2	0	0	2	0	0	1	2	0	0	0	2	0	0	2	0	1	2	
0	0	1	3	2	3	1	3	1	0	2	0	0	2	0	0	1	2	0	0	2	3	0	2	0	0	1	2	
0	0	0	0	2	1	0	3	0	0	2	0	1	0	0	0	1	2	0	3	0	1	0	2	0	2	0	2	
0	1	0	0	2	1	1	2	0	0	1	0	0	0	0	0	1	2	0	0	2	1	0	0	1	0	2	2	
0	2	1	3	0	1	0	3	1	2	2	0	0	0	0	0	1	1	2	0	3	3	0	2	0	0	1	2	
0	2	1	0	2	1	0	2	1	0	2	2	3	0	0	2	1	2	0	0	0	1	0	1	0	3	1	0	
0	1	1	0	2	1	0	3	2	1	2	0	0	0	0	0	1	1	1	0	2	3	3	2	0	0	1	2	
--------------------

--

