--------------------
Best Solution Found!
--------------------
Time: 0 hour(s), 0 minute(s), 0 second(s), 9 millisecond(s)

Fitness: 94596

0	3	3	1	2	0	2	
0	0	0	2	1	2	0	
0	0	0	1	1	0	0	
1	0	0	0	0	0	0	
0	0	1	0	0	1	0	
0	0	3	1	1	0	0	
0	2	0	0	0	0	0	
0	0	1	0	1	2	0	
0	0	3	3	0	1	0	
0	0	3	0	2	1	0	
1	0	0	0	2	0	0	
0	0	0	3	1	0	0	
0	3	0	0	0	1	0	
1	0	0	0	0	0	0	
2	0	3	0	0	0	0	
2	1	3	3	0	3	0	
0	1	0	0	0	1	0	
0	0	0	0	0	0	0	
0	2	3	0	0	0	0	
0	0	3	0	2	0	0	
2	0	0	2	0	0	0	
0	2	0	1	0	0	0	
0	0	0	2	0	1	0	
3	0	0	3	0	0	0	
0	1	1	0	0	0	0	
1	0	0	0	0	2	0	
0	1	1	0	0	0	0	
0	1	0	3	0	1	0	
1	0	1	0	0	1	0	
1	0	1	3	2	0	0	
2	0	0	0	3	0	0	
1	0	0	2	1	1	0	
0	2	2	0	0	2	0	
1	2	2	0	2	0	0	
2	0	0	0	0	2	0	
0	0	0	0	2	0	0	
0	0	1	0	1	0	0	
0	0	0	0	0	0	0	
2	0	0	3	0	0	0	
0	0	1	0	0	0	0	
0	0	0	0	0	2	0	
0	1	1	3	0	1	0	
0	2	0	3	0	0	1	
1	0	0	0	2	0	0	
3	2	0	0	0	0	0	
0	0	0	0	0	0	0	
2	1	3	3	0	1	0	
2	0	2	3	1	2	0	
3	0	3	0	0	0	0	
2	3	0	3	0	0	0	
0	2	1	1	1	0	0	
0	1	0	3	0	2	0	
2	0	0	3	2	0	0	
0	1	0	0	0	0	0	
0	2	3	0	3	1	0	
1	0	0	0	2	0	0	
0	3	0	0	3	1	0	
1	0	0	0	2	1	0	
0	0	0	0	2	0	0	
0	1	0	0	0	1	0	
1	0	0	1	0	2	0	
0	1	0	0	2	0	0	
2	3	1	0	1	2	0	
2	1	2	1	0	0	0	
0	2	0	0	0	0	0	
0	0	0	3	0	0	0	
2	0	0	1	0	0	0	
0	2	0	0	0	0	0	
0	0	0	3	1	0	0	
0	0	1	2	0	0	0	
0	0	0	0	0	3	0	
0	0	3	0	0	0	0	
0	0	3	0	3	0	0	
2	0	0	0	2	0	0	
3	2	0	3	0	2	0	
0	0	3	0	1	1	0	
0	1	3	0	0	0	0	
1	0	0	0	0	1	0	
2	0	0	0	0	3	0	
1	0	3	0	0	0	0	
0	3	0	0	0	0	0	
0	2	0	1	0	2	0	
0	0	3	0	2	3	0	
2	2	1	0	3	2	0	
0	0	3	0	1	0	0	
2	2	0	0	0	3	0	
3	0	1	1	1	0	0	
0	1	0	2	3	0	0	
1	1	0	0	1	1	0	
0	0	2	0	0	0	0	
0	0	2	2	0	0	0	
0	3	0	0	3	0	0	
0	1	0	0	2	0	0	
0	1	0	0	0	2	0	
0	0	0	3	1	3	0	
0	0	0	2	2	3	0	
3	2	0	3	0	2	0	
2	0	1	3	0	0	0	
3	1	0	0	0	0	0	
1	0	0	1	1	1	0	
--------------------

--------------------
Best Solution Found!
--------------------
Time: 0 hour(s), 0 minute(s), 0 second(s), 16 millisecond(s)

Fitness: 94596

0	3	3	1	2	0	2	
0	0	0	2	1	2	0	
0	0	0	1	1	0	0	
1	0	0	0	0	0	0	
0	0	1	0	0	1	0	
0	0	3	1	1	0	0	
0	2	0	0	0	0	0	
0	0	1	0	1	2	0	
0	0	3	3	0	1	0	
0	0	3	0	2	1	0	
1	0	0	0	2	0	0	
0	0	0	3	1	0	0	
0	3	0	0	0	1	0	
1	0	0	0	0	0	0	
2	0	3	0	0	0	0	
2	1	3	3	0	3	0	
0	1	0	0	0	1	0	
0	0	0	0	0	0	0	
0	2	3	0	0	0	0	
0	0	3	0	2	0	0	
2	0	0	2	0	0	0	
0	2	0	1	0	0	0	
0	0	0	2	0	1	0	
3	0	0	3	0	0	0	
0	1	1	0	0	0	0	
1	0	0	0	0	2	0	
0	1	1	0	0	0	0	
0	1	0	3	0	1	0	
1	0	1	0	0	1	0	
1	0	1	3	2	0	0	
2	0	0	0	3	0	0	
1	0	0	2	1	1	0	
0	2	2	0	0	2	0	
1	2	2	0	2	0	0	
2	0	0	0	0	2	0	
0	0	0	0	2	0	0	
0	0	1	0	1	0	0	
0	0	0	0	0	0	0	
2	0	0	3	0	0	0	
0	0	1	0	0	0	0	
0	0	0	0	0	2	0	
0	1	1	3	0	1	0	
0	2	0	3	0	0	1	
1	0	0	0	2	0	0	
3	2	0	0	0	0	0	
0	0	0	0	0	0	0	
2	1	3	3	0	1	0	
2	0	2	3	1	2	0	
3	0	3	0	0	0	0	
2	3	0	3	0	0	0	
0	2	1	1	1	0	0	
0	1	0	3	0	2	0	
2	0	0	3	2	0	0	
0	1	0	0	0	0	0	
0	2	3	0	3	1	0	
1	0	0	0	2	0	0	
0	3	0	0	3	1	0	
1	0	0	0	2	1	0	
0	0	0	0	2	0	0	
0	1	0	0	0	1	0	
1	0	0	1	0	2	0	
0	1	0	0	2	0	0	
2	3	1	0	1	2	0	
2	1	2	1	0	0	0	
0	2	0	0	0	0	0	
0	0	0	3	0	0	0	
2	0	0	1	0	0	0	
0	2	0	0	0	0	0	
0	0	0	3	1	0	0	
0	0	1	2	0	0	0	
0	0	0	0	0	3	0	
0	0	3	0	0	0	0	
0	0	3	0	3	0	0	
2	0	0	0	2	0	0	
3	2	0	3	0	2	0	
0	0	3	0	1	1	0	
0	1	3	0	0	0	0	
1	0	0	0	0	1	0	
2	0	0	0	0	3	0	
1	0	3	0	0	0	0	
0	3	0	0	0	0	0	
0	2	0	1	0	2	0	
0	0	3	0	2	3	0	
2	2	1	0	3	2	0	
0	0	3	0	1	0	0	
2	2	0	0	0	3	0	
3	0	1	1	1	0	0	
0	1	0	2	3	0	0	
1	1	0	0	1	1	0	
0	0	2	0	0	0	0	
0	0	2	2	0	0	0	
0	3	0	0	3	0	0	
0	1	0	0	2	0	0	
0	1	0	0	0	2	0	
0	0	0	3	1	3	0	
0	0	0	2	2	3	0	
3	2	0	3	0	2	0	
2	0	1	3	0	0	0	
3	1	0	0	0	0	0	
1	0	0	1	1	1	0	
--------------------

--------------------
Best Solution Found!
--------------------
Time: 0 hour(s), 0 minute(s), 0 second(s), 23 millisecond(s)

Fitness: 94596

0	3	3	1	2	1	0	
0	0	0	2	1	2	0	
0	0	0	1	1	0	0	
1	0	0	0	0	1	0	
0	0	1	0	0	2	0	
0	0	3	1	1	2	0	
0	2	0	0	0	0	0	
0	0	1	0	1	2	0	
0	0	3	3	0	0	0	
0	0	3	0	2	2	0	
1	0	0	0	2	0	0	
0	0	0	3	1	0	0	
0	3	0	0	0	0	0	
1	0	0	0	0	0	0	
2	0	3	0	0	2	0	
2	1	3	3	0	3	0	
0	1	0	0	0	0	0	
0	0	0	0	0	0	0	
0	2	3	0	0	0	0	
0	0	3	0	2	0	0	
2	0	0	2	0	0	0	
0	2	0	1	0	0	0	
0	0	0	2	0	1	0	
3	0	0	3	0	1	0	
0	1	1	0	0	1	0	
1	0	0	0	0	0	0	
0	1	1	0	0	3	0	
0	1	0	3	0	0	0	
1	0	1	0	0	0	0	
1	0	1	3	2	0	0	
2	0	0	0	3	0	0	
1	0	0	2	1	0	0	
0	2	2	0	0	1	0	
1	2	2	0	2	0	0	
2	0	0	0	0	1	0	
0	0	0	0	2	0	0	
0	0	1	0	1	0	0	
0	0	0	0	0	0	0	
2	0	0	3	0	1	0	
0	0	1	0	0	2	0	
0	0	0	0	0	1	0	
0	1	1	3	0	3	0	
0	2	0	3	0	0	0	
1	0	0	0	2	1	0	
3	2	0	0	0	0	0	
0	0	0	0	0	0	0	
2	1	3	3	0	1	0	
2	0	2	3	1	2	0	
3	0	3	0	0	0	0	
2	3	0	3	0	2	0	
0	2	1	1	1	0	0	
0	1	0	3	0	3	0	
2	0	0	3	2	0	0	
0	1	0	0	0	1	0	
0	2	3	0	3	0	0	
1	0	0	0	2	0	0	
0	3	0	0	3	2	0	
1	0	0	0	2	0	0	
0	0	0	0	2	1	0	
0	1	0	0	0	0	0	
1	0	0	1	0	0	0	
0	1	0	0	2	1	0	
2	3	1	0	1	0	0	
2	1	2	1	0	0	0	
0	2	0	0	0	3	0	
0	0	0	3	0	1	0	
2	0	0	1	0	0	0	
0	2	0	0	0	0	0	
0	0	0	3	1	0	0	
0	0	1	2	0	0	1	
0	0	0	0	0	0	0	
0	0	3	0	0	1	0	
0	0	3	0	3	2	0	
2	0	0	0	2	1	0	
3	2	0	3	0	3	2	
0	0	3	0	1	0	0	
0	1	3	0	0	0	0	
1	0	0	0	0	0	0	
2	0	0	0	0	0	0	
1	0	3	0	0	0	0	
0	3	0	0	0	1	0	
0	2	0	1	0	0	0	
0	0	3	0	2	3	0	
2	2	1	0	3	2	0	
0	0	3	0	1	0	0	
2	2	0	0	0	0	0	
3	0	1	1	1	0	0	
0	1	0	2	3	0	0	
1	1	0	0	1	1	0	
0	0	2	0	0	0	0	
0	0	2	2	0	0	0	
0	3	0	0	3	0	0	
0	1	0	0	2	0	0	
0	1	0	0	0	0	0	
0	0	0	3	1	0	0	
0	0	0	2	2	2	0	
3	2	0	3	0	2	0	
2	0	1	3	0	2	0	
3	1	0	0	0	0	0	
1	0	0	1	1	0	0	
--------------------

--------------------
Best Solution Found!
--------------------
Time: 0 hour(s), 0 minute(s), 0 second(s), 28 millisecond(s)

Fitness: 94596

0	3	3	1	2	1	0	
0	0	0	2	1	2	0	
0	0	0	1	1	0	0	
1	0	0	0	0	1	0	
0	0	1	0	0	2	0	
0	0	3	1	1	2	0	
0	2	0	0	0	0	0	
0	0	1	0	1	2	0	
0	0	3	3	0	0	0	
0	0	3	0	2	2	0	
1	0	0	0	2	0	0	
0	0	0	3	1	0	0	
0	3	0	0	0	0	0	
1	0	0	0	0	0	0	
2	0	3	0	0	2	0	
2	1	3	3	0	3	0	
0	1	0	0	0	0	0	
0	0	0	0	0	0	0	
0	2	3	0	0	0	0	
0	0	3	0	2	0	0	
2	0	0	2	0	0	0	
0	2	0	1	0	0	0	
0	0	0	2	0	1	0	
3	0	0	3	0	1	0	
0	1	1	0	0	1	0	
1	0	0	0	0	0	0	
0	1	1	0	0	3	0	
0	1	0	3	0	0	0	
1	0	1	0	0	0	0	
1	0	1	3	2	0	0	
2	0	0	0	3	0	0	
1	0	0	2	1	0	0	
0	2	2	0	0	1	0	
1	2	2	0	2	0	0	
2	0	0	0	0	1	0	
0	0	0	0	2	0	0	
0	0	1	0	1	0	0	
0	0	0	0	0	0	0	
2	0	0	3	0	1	0	
0	0	1	0	0	2	0	
0	0	0	0	0	1	0	
0	1	1	3	0	3	0	
0	2	0	3	0	0	0	
1	0	0	0	2	1	0	
3	2	0	0	0	0	0	
0	0	0	0	0	0	0	
2	1	3	3	0	1	0	
2	0	2	3	1	2	0	
3	0	3	0	0	0	0	
2	3	0	3	0	2	0	
0	2	1	1	1	0	0	
0	1	0	3	0	3	0	
2	0	0	3	2	0	0	
0	1	0	0	0	1	0	
0	2	3	0	3	0	0	
1	0	0	0	2	0	0	
0	3	0	0	3	2	0	
1	0	0	0	2	0	0	
0	0	0	0	2	1	0	
0	1	0	0	0	0	0	
1	0	0	1	0	0	0	
0	1	0	0	2	1	0	
2	3	1	0	1	0	0	
2	1	2	1	0	0	0	
0	2	0	0	0	3	0	
0	0	0	3	0	1	0	
2	0	0	1	0	0	0	
0	2	0	0	0	0	0	
0	0	0	3	1	0	0	
0	0	1	2	0	0	1	
0	0	0	0	0	0	0	
0	0	3	0	0	1	0	
0	0	3	0	3	2	0	
2	0	0	0	2	1	0	
3	2	0	3	0	3	2	
0	0	3	0	1	0	0	
0	1	3	0	0	0	0	
1	0	0	0	0	0	0	
2	0	0	0	0	0	0	
1	0	3	0	0	0	0	
0	3	0	0	0	1	0	
0	2	0	1	0	0	0	
0	0	3	0	2	3	0	
2	2	1	0	3	2	0	
0	0	3	0	1	0	0	
2	2	0	0	0	0	0	
3	0	1	1	1	0	0	
0	1	0	2	3	0	0	
1	1	0	0	1	1	0	
0	0	2	0	0	0	0	
0	0	2	2	0	0	0	
0	3	0	0	3	0	0	
0	1	0	0	2	0	0	
0	1	0	0	0	0	0	
0	0	0	3	1	0	0	
0	0	0	2	2	2	0	
3	2	0	3	0	2	0	
2	0	1	3	0	2	0	
3	1	0	0	0	0	0	
1	0	0	1	1	0	0	
--------------------

--------------------
Best Solution Found!
--------------------
Time: 0 hour(s), 0 minute(s), 0 second(s), 41 millisecond(s)

Fitness: 90615

0	3	0	0	0	0	0	
0	0	0	0	0	1	0	
0	0	0	2	0	2	0	
1	0	3	3	0	0	0	
0	0	0	0	2	0	0	
0	0	3	0	0	2	0	
0	2	0	3	2	3	0	
0	0	3	1	2	0	0	
0	0	0	0	0	0	0	
0	0	3	0	0	0	0	
1	0	3	3	2	0	0	
0	0	0	0	0	0	0	
0	3	3	0	0	0	0	
1	0	2	0	1	1	0	
2	0	0	3	0	0	0	
2	1	1	0	1	1	0	
0	1	0	0	0	1	0	
0	0	2	0	0	1	1	
0	2	0	0	1	2	0	
0	0	0	0	0	0	0	
2	0	2	0	0	0	0	
0	2	2	1	0	2	0	
0	0	0	0	0	0	0	
3	0	1	0	3	1	0	
0	1	0	0	0	2	0	
1	0	0	0	2	2	0	
0	1	0	0	0	0	0	
0	1	0	0	0	0	0	
1	0	0	0	2	0	0	
1	0	3	0	0	0	0	
2	0	1	2	0	3	0	
1	0	3	0	0	0	0	
0	2	0	0	0	0	0	
1	2	0	1	1	0	0	
2	0	1	0	0	0	0	
0	0	0	0	0	0	0	
0	0	0	0	0	1	0	
0	0	3	0	0	0	0	
2	0	0	0	0	0	0	
0	0	0	0	1	3	0	
0	0	3	3	0	0	0	
0	1	1	3	1	0	0	
0	2	0	3	0	0	0	
1	0	0	2	0	1	0	
3	2	0	2	0	0	0	
0	0	1	0	0	0	0	
2	1	0	3	2	0	0	
2	0	1	3	0	0	0	
3	0	2	0	2	2	0	
2	3	0	0	0	0	0	
0	2	3	0	0	1	0	
0	1	0	0	0	0	0	
2	0	0	0	0	0	0	
0	1	0	1	0	2	0	
0	2	0	0	1	0	0	
1	0	0	1	0	2	0	
0	3	0	1	0	0	0	
1	0	0	3	2	0	0	
0	0	3	3	2	1	0	
0	1	1	3	2	2	0	
1	0	3	2	3	1	0	
0	1	1	0	0	0	0	
2	3	0	1	0	1	0	
2	1	0	0	0	0	0	
0	2	0	1	1	0	0	
0	0	0	0	3	0	0	
2	0	1	0	0	0	0	
0	2	0	3	3	0	0	
0	0	3	0	1	0	0	
0	0	0	0	0	0	0	
0	0	0	0	0	3	0	
0	0	0	0	1	0	0	
0	0	1	0	0	0	0	
2	0	1	0	0	0	0	
3	2	3	0	3	2	0	
0	0	0	1	3	0	0	
0	1	3	3	2	1	0	
1	0	0	0	0	0	0	
2	0	3	2	2	1	0	
1	0	1	0	0	2	0	
0	3	0	3	0	0	0	
0	2	0	2	1	2	2	
0	0	0	1	2	0	0	
2	2	0	0	1	3	0	
0	0	0	3	0	0	0	
2	2	3	0	1	2	0	
3	0	0	0	1	2	0	
0	1	0	0	0	3	0	
1	1	0	0	1	0	0	
0	0	0	1	2	1	0	
0	0	0	0	0	0	0	
0	3	1	3	1	1	0	
0	1	0	3	0	0	0	
0	1	0	3	0	1	0	
0	0	0	0	1	1	0	
0	0	1	0	3	0	0	
3	2	0	0	0	3	0	
2	0	0	2	2	0	0	
3	1	2	0	2	1	0	
1	0	0	3	0	0	0	
--------------------

--------------------
Best Solution Found!
--------------------
Time: 0 hour(s), 0 minute(s), 0 second(s), 46 millisecond(s)

Fitness: 90615

0	3	0	0	0	0	0	
0	0	0	0	0	1	0	
0	0	0	2	0	2	0	
1	0	3	3	0	0	0	
0	0	0	0	2	0	0	
0	0	3	0	0	2	0	
0	2	0	3	2	3	0	
0	0	3	1	2	0	0	
0	0	0	0	0	0	0	
0	0	3	0	0	0	0	
1	0	3	3	2	0	0	
0	0	0	0	0	0	0	
0	3	3	0	0	0	0	
1	0	2	0	1	1	0	
2	0	0	3	0	0	0	
2	1	1	0	1	1	0	
0	1	0	0	0	1	0	
0	0	2	0	0	1	1	
0	2	0	0	1	2	0	
0	0	0	0	0	0	0	
2	0	2	0	0	0	0	
0	2	2	1	0	2	0	
0	0	0	0	0	0	0	
3	0	1	0	3	1	0	
0	1	0	0	0	2	0	
1	0	0	0	2	2	0	
0	1	0	0	0	0	0	
0	1	0	0	0	0	0	
1	0	0	0	2	0	0	
1	0	3	0	0	0	0	
2	0	1	2	0	3	0	
1	0	3	0	0	0	0	
0	2	0	0	0	0	0	
1	2	0	1	1	0	0	
2	0	1	0	0	0	0	
0	0	0	0	0	0	0	
0	0	0	0	0	1	0	
0	0	3	0	0	0	0	
2	0	0	0	0	0	0	
0	0	0	0	1	3	0	
0	0	3	3	0	0	0	
0	1	1	3	1	0	0	
0	2	0	3	0	0	0	
1	0	0	2	0	1	0	
3	2	0	2	0	0	0	
0	0	1	0	0	0	0	
2	1	0	3	2	0	0	
2	0	1	3	0	0	0	
3	0	2	0	2	2	0	
2	3	0	0	0	0	0	
0	2	3	0	0	1	0	
0	1	0	0	0	0	0	
2	0	0	0	0	0	0	
0	1	0	1	0	2	0	
0	2	0	0	1	0	0	
1	0	0	1	0	2	0	
0	3	0	1	0	0	0	
1	0	0	3	2	0	0	
0	0	3	3	2	1	0	
0	1	1	3	2	2	0	
1	0	3	2	3	1	0	
0	1	1	0	0	0	0	
2	3	0	1	0	1	0	
2	1	0	0	0	0	0	
0	2	0	1	1	0	0	
0	0	0	0	3	0	0	
2	0	1	0	0	0	0	
0	2	0	3	3	0	0	
0	0	3	0	1	0	0	
0	0	0	0	0	0	0	
0	0	0	0	0	3	0	
0	0	0	0	1	0	0	
0	0	1	0	0	0	0	
2	0	1	0	0	0	0	
3	2	3	0	3	2	0	
0	0	0	1	3	0	0	
0	1	3	3	2	1	0	
1	0	0	0	0	0	0	
2	0	3	2	2	1	0	
1	0	1	0	0	2	0	
0	3	0	3	0	0	0	
0	2	0	2	1	2	2	
0	0	0	1	2	0	0	
2	2	0	0	1	3	0	
0	0	0	3	0	0	0	
2	2	3	0	1	2	0	
3	0	0	0	1	2	0	
0	1	0	0	0	3	0	
1	1	0	0	1	0	0	
0	0	0	1	2	1	0	
0	0	0	0	0	0	0	
0	3	1	3	1	1	0	
0	1	0	3	0	0	0	
0	1	0	3	0	1	0	
0	0	0	0	1	1	0	
0	0	1	0	3	0	0	
3	2	0	0	0	3	0	
2	0	0	2	2	0	0	
3	1	2	0	2	1	0	
1	0	0	3	0	0	0	
--------------------

--------------------
Best Solution Found!
--------------------
Time: 0 hour(s), 0 minute(s), 0 second(s), 53 millisecond(s)

Fitness: 90615

0	3	0	0	0	0	0	
0	0	0	0	0	1	0	
0	0	0	2	0	2	0	
1	0	3	3	0	0	0	
0	0	0	0	2	0	0	
0	0	3	0	0	2	0	
0	2	0	3	2	3	0	
0	0	3	1	2	0	0	
0	0	0	0	0	0	0	
0	0	3	0	0	0	0	
1	0	3	3	2	0	0	
0	0	0	0	0	0	0	
0	3	3	0	0	0	0	
1	0	2	0	1	1	0	
2	0	0	3	0	0	0	
2	1	1	0	1	1	0	
0	1	0	0	0	1	0	
0	0	2	0	0	1	1	
0	2	0	0	1	2	0	
0	0	0	0	0	0	0	
2	0	2	0	0	0	0	
0	2	2	1	0	2	0	
0	0	0	0	0	0	0	
3	0	1	0	3	1	0	
0	1	0	0	0	2	0	
1	0	0	0	2	2	0	
0	1	0	0	0	0	0	
0	1	0	0	0	0	0	
1	0	0	0	2	0	0	
1	0	3	0	0	0	0	
2	0	1	2	0	3	0	
1	0	3	0	0	0	0	
0	2	0	0	0	0	0	
1	2	0	1	1	0	0	
2	0	1	0	0	0	0	
0	0	0	0	0	0	0	
0	0	0	0	0	1	0	
0	0	3	0	0	0	0	
2	0	0	0	0	0	0	
0	0	0	0	1	3	0	
0	0	3	3	0	0	0	
0	1	1	3	1	0	0	
0	2	0	3	0	0	0	
1	0	0	2	0	1	0	
3	2	0	2	0	0	0	
0	0	1	0	0	0	0	
2	1	0	3	2	0	0	
2	0	1	3	0	0	0	
3	0	2	0	2	2	0	
2	3	0	0	0	0	0	
0	2	3	0	0	1	0	
0	1	0	0	0	0	0	
2	0	0	0	0	0	0	
0	1	0	1	0	2	0	
0	2	0	0	1	0	0	
1	0	0	1	0	2	0	
0	3	0	1	0	0	0	
1	0	0	3	2	0	0	
0	0	3	3	2	1	0	
0	1	1	3	2	2	0	
1	0	3	2	3	1	0	
0	1	1	0	0	0	0	
2	3	0	1	0	1	0	
2	1	0	0	0	0	0	
0	2	0	1	1	0	0	
0	0	0	0	3	0	0	
2	0	1	0	0	0	0	
0	2	0	3	3	0	0	
0	0	3	0	1	0	0	
0	0	0	0	0	0	0	
0	0	0	0	0	3	0	
0	0	0	0	1	0	0	
0	0	1	0	0	0	0	
2	0	1	0	0	0	0	
3	2	3	0	3	2	0	
0	0	0	1	3	0	0	
0	1	3	3	2	1	0	
1	0	0	0	0	0	0	
2	0	3	2	2	1	0	
1	0	1	0	0	2	0	
0	3	0	3	0	0	0	
0	2	0	2	1	2	2	
0	0	0	1	2	0	0	
2	2	0	0	1	3	0	
0	0	0	3	0	0	0	
2	2	3	0	1	2	0	
3	0	0	0	1	2	0	
0	1	0	0	0	3	0	
1	1	0	0	1	0	0	
0	0	0	1	2	1	0	
0	0	0	0	0	0	0	
0	3	1	3	1	1	0	
0	1	0	3	0	0	0	
0	1	0	3	0	1	0	
0	0	0	0	1	1	0	
0	0	1	0	3	0	0	
3	2	0	0	0	3	0	
2	0	0	2	2	0	0	
3	1	2	0	2	1	0	
1	0	0	3	0	0	0	
--------------------

--------------------
Best Solution Found!
--------------------
Time: 0 hour(s), 0 minute(s), 0 second(s), 58 millisecond(s)

Fitness: 90615

0	3	0	0	0	0	0	
0	0	0	0	0	1	0	
0	0	0	2	0	2	0	
1	0	3	3	0	0	0	
0	0	0	0	2	0	0	
0	0	3	0	0	2	0	
0	2	0	3	2	3	0	
0	0	3	1	2	0	0	
0	0	0	0	0	0	0	
0	0	3	0	0	0	0	
1	0	3	3	2	0	0	
0	0	0	0	0	0	0	
0	3	3	0	0	0	0	
1	0	2	0	1	1	0	
2	0	0	3	0	0	0	
2	1	1	0	1	1	0	
0	1	0	0	0	1	0	
0	0	2	0	0	1	1	
0	2	0	0	1	2	0	
0	0	0	0	0	0	0	
2	0	2	0	0	0	0	
0	2	2	1	0	2	0	
0	0	0	0	0	0	0	
3	0	1	0	3	1	0	
0	1	0	0	0	2	0	
1	0	0	0	2	2	0	
0	1	0	0	0	0	0	
0	1	0	0	0	0	0	
1	0	0	0	2	0	0	
1	0	3	0	0	0	0	
2	0	1	2	0	3	0	
1	0	3	0	0	0	0	
0	2	0	0	0	0	0	
1	2	0	1	1	0	0	
2	0	1	0	0	0	0	
0	0	0	0	0	0	0	
0	0	0	0	0	1	0	
0	0	3	0	0	0	0	
2	0	0	0	0	0	0	
0	0	0	0	1	3	0	
0	0	3	3	0	0	0	
0	1	1	3	1	0	0	
0	2	0	3	0	0	0	
1	0	0	2	0	1	0	
3	2	0	2	0	0	0	
0	0	1	0	0	0	0	
2	1	0	3	2	0	0	
2	0	1	3	0	0	0	
3	0	2	0	2	2	0	
2	3	0	0	0	0	0	
0	2	3	0	0	1	0	
0	1	0	0	0	0	0	
2	0	0	0	0	0	0	
0	1	0	1	0	2	0	
0	2	0	0	1	0	0	
1	0	0	1	0	2	0	
0	3	0	1	0	0	0	
1	0	0	3	2	0	0	
0	0	3	3	2	1	0	
0	1	1	3	2	2	0	
1	0	3	2	3	1	0	
0	1	1	0	0	0	0	
2	3	0	1	0	1	0	
2	1	0	0	0	0	0	
0	2	0	1	1	0	0	
0	0	0	0	3	0	0	
2	0	1	0	0	0	0	
0	2	0	3	3	0	0	
0	0	3	0	1	0	0	
0	0	0	0	0	0	0	
0	0	0	0	0	3	0	
0	0	0	0	1	0	0	
0	0	1	0	0	0	0	
2	0	1	0	0	0	0	
3	2	3	0	3	2	0	
0	0	0	1	3	0	0	
0	1	3	3	2	1	0	
1	0	0	0	0	0	0	
2	0	3	2	2	1	0	
1	0	1	0	0	2	0	
0	3	0	3	0	0	0	
0	2	0	2	1	2	2	
0	0	0	1	2	0	0	
2	2	0	0	1	3	0	
0	0	0	3	0	0	0	
2	2	3	0	1	2	0	
3	0	0	0	1	2	0	
0	1	0	0	0	3	0	
1	1	0	0	1	0	0	
0	0	0	1	2	1	0	
0	0	0	0	0	0	0	
0	3	1	3	1	1	0	
0	1	0	3	0	0	0	
0	1	0	3	0	1	0	
0	0	0	0	1	1	0	
0	0	1	0	3	0	0	
3	2	0	0	0	3	0	
2	0	0	2	2	0	0	
3	1	2	0	2	1	0	
1	0	0	3	0	0	0	
--------------------

--------------------
Best Solution Found!
--------------------
Time: 0 hour(s), 0 minute(s), 0 second(s), 490 millisecond(s)

Fitness: 90600

0	0	0	0	0	2	0	
3	0	0	3	0	1	0	
2	0	0	0	2	0	0	
0	2	0	0	2	0	0	
0	1	3	0	0	0	0	
1	0	1	0	1	2	0	
0	1	0	0	0	0	0	
3	0	0	0	0	1	0	
0	0	1	0	0	0	0	
0	1	3	1	1	3	0	
0	0	1	1	0	0	0	
0	0	0	0	1	0	0	
3	0	0	0	0	0	0	
2	0	3	1	2	2	0	
0	0	3	1	2	1	0	
0	0	0	0	0	1	0	
0	0	1	0	0	1	0	
0	1	0	0	0	0	0	
3	2	1	0	0	1	0	
2	1	2	3	0	0	0	
0	1	1	0	0	1	0	
1	3	0	0	0	2	0	
3	0	1	0	0	1	0	
0	0	0	0	2	0	0	
0	1	0	3	3	0	0	
2	2	0	0	0	0	0	
1	3	0	2	0	0	0	
0	0	0	0	0	3	0	
0	2	0	1	2	0	0	
0	0	0	3	2	1	0	
1	1	0	0	0	2	0	
3	0	0	1	1	2	0	
1	0	3	0	1	0	0	
2	0	0	3	0	0	0	
1	0	0	3	0	1	0	
0	0	0	0	0	0	0	
1	2	1	3	1	0	0	
2	0	2	3	3	2	0	
0	3	0	3	2	0	0	
0	2	0	0	0	0	0	
0	3	0	0	0	0	0	
0	0	2	0	0	0	0	
0	0	3	0	0	1	0	
0	0	0	0	0	0	0	
0	2	0	0	0	0	0	
1	0	3	2	0	0	0	
0	2	1	0	0	3	0	
0	0	0	2	0	0	0	
0	0	3	0	0	1	0	
0	1	0	3	3	0	0	
2	0	0	3	0	0	0	
0	1	0	0	3	0	0	
0	0	0	0	1	1	0	
1	1	0	3	1	2	0	
2	0	1	0	3	2	0	
2	1	0	3	2	0	0	
3	0	0	0	2	0	0	
0	3	0	0	0	0	0	
0	0	1	0	0	0	0	
0	0	0	2	0	2	0	
0	2	0	0	2	0	0	
0	0	0	0	0	0	2	
0	0	3	0	0	0	0	
0	0	3	0	0	1	0	
0	0	3	0	0	2	0	
1	0	3	0	1	0	0	
0	2	3	2	1	3	0	
2	0	0	0	0	1	0	
0	0	2	1	3	0	0	
1	0	3	1	2	1	0	
2	0	0	3	0	0	0	
2	3	0	0	1	2	0	
0	1	3	3	0	0	0	
0	0	0	0	0	3	0	
0	0	3	0	0	0	0	
1	2	0	1	1	0	0	
2	2	1	0	1	0	0	
1	1	0	0	2	2	0	
0	1	2	0	0	3	0	
0	1	0	0	1	0	0	
0	0	0	3	2	0	0	
2	0	0	3	0	0	0	
0	2	0	0	0	0	0	
2	0	0	0	0	2	0	
1	1	1	1	1	0	0	
2	3	0	1	0	0	0	
0	0	0	0	0	2	0	
0	0	3	2	0	0	0	
2	0	0	0	0	0	0	
0	0	3	0	0	0	0	
0	0	0	0	2	0	1	
0	2	2	0	0	1	0	
0	2	0	3	3	0	0	
1	0	0	0	0	1	0	
1	0	0	0	2	0	0	
2	0	1	2	1	1	0	
0	0	0	2	0	0	0	
0	2	0	0	2	0	0	
0	1	1	3	1	3	0	
0	0	0	3	0	0	0	
--------------------

--------------------
Best Solution Found!
--------------------
Time: 0 hour(s), 0 minute(s), 0 second(s), 493 millisecond(s)

Fitness: 90600

0	0	0	0	0	2	0	
3	0	0	3	0	1	0	
2	0	0	0	2	0	0	
0	2	0	0	2	0	0	
0	1	3	0	0	0	0	
1	0	1	0	1	2	0	
0	1	0	0	0	0	0	
3	0	0	0	0	1	0	
0	0	1	0	0	0	0	
0	1	3	1	1	3	0	
0	0	1	1	0	0	0	
0	0	0	0	1	0	0	
3	0	0	0	0	0	0	
2	0	3	1	2	2	0	
0	0	3	1	2	1	0	
0	0	0	0	0	1	0	
0	0	1	0	0	1	0	
0	1	0	0	0	0	0	
3	2	1	0	0	1	0	
2	1	2	3	0	0	0	
0	1	1	0	0	1	0	
1	3	0	0	0	2	0	
3	0	1	0	0	1	0	
0	0	0	0	2	0	0	
0	1	0	3	3	0	0	
2	2	0	0	0	0	0	
1	3	0	2	0	0	0	
0	0	0	0	0	3	0	
0	2	0	1	2	0	0	
0	0	0	3	2	1	0	
1	1	0	0	0	2	0	
3	0	0	1	1	2	0	
1	0	3	0	1	0	0	
2	0	0	3	0	0	0	
1	0	0	3	0	1	0	
0	0	0	0	0	0	0	
1	2	1	3	1	0	0	
2	0	2	3	3	2	0	
0	3	0	3	2	0	0	
0	2	0	0	0	0	0	
0	3	0	0	0	0	0	
0	0	2	0	0	0	0	
0	0	3	0	0	1	0	
0	0	0	0	0	0	0	
0	2	0	0	0	0	0	
1	0	3	2	0	0	0	
0	2	1	0	0	3	0	
0	0	0	2	0	0	0	
0	0	3	0	0	1	0	
0	1	0	3	3	0	0	
2	0	0	3	0	0	0	
0	1	0	0	3	0	0	
0	0	0	0	1	1	0	
1	1	0	3	1	2	0	
2	0	1	0	3	2	0	
2	1	0	3	2	0	0	
3	0	0	0	2	0	0	
0	3	0	0	0	0	0	
0	0	1	0	0	0	0	
0	0	0	2	0	2	0	
0	2	0	0	2	0	0	
0	0	0	0	0	0	2	
0	0	3	0	0	0	0	
0	0	3	0	0	1	0	
0	0	3	0	0	2	0	
1	0	3	0	1	0	0	
0	2	3	2	1	3	0	
2	0	0	0	0	1	0	
0	0	2	1	3	0	0	
1	0	3	1	2	1	0	
2	0	0	3	0	0	0	
2	3	0	0	1	2	0	
0	1	3	3	0	0	0	
0	0	0	0	0	3	0	
0	0	3	0	0	0	0	
1	2	0	1	1	0	0	
2	2	1	0	1	0	0	
1	1	0	0	2	2	0	
0	1	2	0	0	3	0	
0	1	0	0	1	0	0	
0	0	0	3	2	0	0	
2	0	0	3	0	0	0	
0	2	0	0	0	0	0	
2	0	0	0	0	2	0	
1	1	1	1	1	0	0	
2	3	0	1	0	0	0	
0	0	0	0	0	2	0	
0	0	3	2	0	0	0	
2	0	0	0	0	0	0	
0	0	3	0	0	0	0	
0	0	0	0	2	0	1	
0	2	2	0	0	1	0	
0	2	0	3	3	0	0	
1	0	0	0	0	1	0	
1	0	0	0	2	0	0	
2	0	1	2	1	1	0	
0	0	0	2	0	0	0	
0	2	0	0	2	0	0	
0	1	1	3	1	3	0	
0	0	0	3	0	0	0	
--------------------

--------------------
Best Solution Found!
--------------------
Time: 0 hour(s), 0 minute(s), 0 second(s), 496 millisecond(s)

Fitness: 90600

0	0	0	0	0	2	0	
3	0	0	3	0	1	0	
2	0	0	0	2	0	0	
0	2	0	0	2	0	0	
0	1	3	0	0	0	0	
1	0	1	0	1	2	0	
0	1	0	0	0	0	0	
3	0	0	0	0	1	0	
0	0	1	0	0	0	0	
0	1	3	1	1	3	0	
0	0	1	1	0	0	0	
0	0	0	0	1	0	0	
3	0	0	0	0	0	0	
2	0	3	1	2	2	0	
0	0	3	1	2	1	0	
0	0	0	0	0	1	0	
0	0	1	0	0	1	0	
0	1	0	0	0	0	0	
3	2	1	0	0	1	0	
2	1	2	3	0	0	0	
0	1	1	0	0	1	0	
1	3	0	0	0	2	0	
3	0	1	0	0	1	0	
0	0	0	0	2	0	0	
0	1	0	3	3	0	0	
2	2	0	0	0	0	0	
1	3	0	2	0	0	0	
0	0	0	0	0	3	0	
0	2	0	1	2	0	0	
0	0	0	3	2	1	0	
1	1	0	0	0	2	0	
3	0	0	1	1	2	0	
1	0	3	0	1	0	0	
2	0	0	3	0	0	0	
1	0	0	3	0	1	0	
0	0	0	0	0	0	0	
1	2	1	3	1	0	0	
2	0	2	3	3	2	0	
0	3	0	3	2	0	0	
0	2	0	0	0	0	0	
0	3	0	0	0	0	0	
0	0	2	0	0	0	0	
0	0	3	0	0	1	0	
0	0	0	0	0	0	0	
0	2	0	0	0	0	0	
1	0	3	2	0	0	0	
0	2	1	0	0	3	0	
0	0	0	2	0	0	0	
0	0	3	0	0	1	0	
0	1	0	3	3	0	0	
2	0	0	3	0	0	0	
0	1	0	0	3	0	0	
0	0	0	0	1	1	0	
1	1	0	3	1	2	0	
2	0	1	0	3	2	0	
2	1	0	3	2	0	0	
3	0	0	0	2	0	0	
0	3	0	0	0	0	0	
0	0	1	0	0	0	0	
0	0	0	2	0	2	0	
0	2	0	0	2	0	0	
0	0	0	0	0	0	2	
0	0	3	0	0	0	0	
0	0	3	0	0	1	0	
0	0	3	0	0	2	0	
1	0	3	0	1	0	0	
0	2	3	2	1	3	0	
2	0	0	0	0	1	0	
0	0	2	1	3	0	0	
1	0	3	1	2	1	0	
2	0	0	3	0	0	0	
2	3	0	0	1	2	0	
0	1	3	3	0	0	0	
0	0	0	0	0	3	0	
0	0	3	0	0	0	0	
1	2	0	1	1	0	0	
2	2	1	0	1	0	0	
1	1	0	0	2	2	0	
0	1	2	0	0	3	0	
0	1	0	0	1	0	0	
0	0	0	3	2	0	0	
2	0	0	3	0	0	0	
0	2	0	0	0	0	0	
2	0	0	0	0	2	0	
1	1	1	1	1	0	0	
2	3	0	1	0	0	0	
0	0	0	0	0	2	0	
0	0	3	2	0	0	0	
2	0	0	0	0	0	0	
0	0	3	0	0	0	0	
0	0	0	0	2	0	1	
0	2	2	0	0	1	0	
0	2	0	3	3	0	0	
1	0	0	0	0	1	0	
1	0	0	0	2	0	0	
2	0	1	2	1	1	0	
0	0	0	2	0	0	0	
0	2	0	0	2	0	0	
0	1	1	3	1	3	0	
0	0	0	3	0	0	0	
--------------------

--------------------
Best Solution Found!
--------------------
Time: 0 hour(s), 0 minute(s), 0 second(s), 780 millisecond(s)

Fitness: 89590

0	0	0	0	0	0	0	
0	0	0	2	2	1	0	
0	0	3	0	3	0	0	
3	2	3	3	0	1	0	
0	0	0	0	0	0	0	
0	0	0	0	0	0	0	
1	0	0	1	3	0	0	
0	0	0	0	1	0	0	
1	0	0	1	2	0	0	
0	0	0	1	1	1	0	
0	0	3	0	0	0	0	
2	2	1	0	2	0	0	
1	1	1	3	0	2	0	
3	0	0	3	0	0	0	
0	2	0	0	0	3	0	
0	0	0	0	0	2	0	
2	1	1	3	3	0	0	
0	0	3	0	2	3	0	
1	1	1	0	0	0	0	
0	1	1	1	2	0	0	
3	1	2	0	3	1	0	
0	0	0	0	0	0	0	
2	3	1	3	0	1	0	
0	3	0	2	0	0	0	
0	0	0	0	0	0	0	
2	0	0	0	0	0	0	
1	0	0	0	0	0	0	
0	0	0	0	1	0	0	
1	0	2	0	0	0	0	
0	0	0	3	0	0	0	
0	0	1	0	3	3	0	
0	1	3	3	1	1	0	
0	0	0	3	1	1	0	
1	2	1	0	0	1	0	
2	0	1	0	0	0	0	
0	2	0	3	2	0	0	
0	1	1	0	2	1	0	
2	2	3	1	0	0	0	
1	0	0	3	2	0	0	
0	0	1	0	2	2	0	
1	0	1	3	3	3	0	
2	0	0	1	0	2	0	
3	1	0	0	1	3	0	
0	0	0	0	0	2	0	
1	0	0	0	0	0	0	
0	0	0	0	0	2	0	
0	0	0	2	0	0	0	
0	2	0	0	0	0	0	
0	1	0	0	0	0	0	
0	0	3	0	2	1	0	
2	1	0	0	2	1	0	
0	0	3	0	0	0	0	
0	3	3	3	0	1	0	
0	0	0	2	0	1	0	
2	0	0	0	2	2	0	
2	3	0	0	0	0	0	
0	0	0	0	0	0	0	
1	2	1	0	0	1	2	
0	1	0	1	0	0	0	
3	2	3	1	1	0	0	
0	0	0	0	1	2	0	
0	0	0	3	0	0	0	
0	2	0	2	0	0	0	
0	1	3	0	1	2	0	
1	0	0	0	0	0	0	
0	2	2	0	2	0	0	
0	0	0	1	0	0	0	
2	0	0	0	0	2	0	
0	0	0	0	0	0	0	
1	0	0	0	0	2	0	
0	0	0	0	0	0	0	
1	3	2	0	0	0	0	
0	2	0	0	0	0	0	
2	1	3	1	1	0	0	
0	0	0	0	0	0	0	
1	0	3	0	2	2	0	
0	2	3	0	0	0	0	
1	0	0	3	2	0	0	
0	1	1	3	0	0	1	
0	0	0	2	1	0	0	
2	0	0	0	2	0	0	
2	2	0	0	0	1	0	
0	1	0	0	0	0	0	
3	1	0	2	1	0	0	
0	0	0	0	3	2	0	
0	0	3	3	1	2	0	
0	0	0	2	0	1	0	
2	0	0	0	0	0	0	
2	1	3	0	0	1	0	
0	2	0	0	1	0	0	
0	3	2	0	2	0	0	
0	0	0	3	0	0	0	
0	3	2	3	0	2	0	
2	0	0	0	1	1	0	
0	1	0	0	0	0	0	
0	0	3	1	0	3	0	
0	0	0	0	0	0	0	
2	0	3	3	1	3	0	
3	2	0	3	1	0	0	
0	0	1	0	0	1	0	
--------------------

--------------------
Best Solution Found!
--------------------
Time: 0 hour(s), 0 minute(s), 0 second(s), 787 millisecond(s)

Fitness: 89590

0	0	0	0	0	0	0	
0	0	0	2	2	1	0	
0	0	3	0	3	0	0	
3	2	3	3	0	1	0	
0	0	0	0	0	0	0	
0	0	0	0	0	0	0	
1	0	0	1	3	0	0	
0	0	0	0	1	0	0	
1	0	0	1	2	0	0	
0	0	0	1	1	1	0	
0	0	3	0	0	0	0	
2	2	1	0	2	0	0	
1	1	1	3	0	2	0	
3	0	0	3	0	0	0	
0	2	0	0	0	3	0	
0	0	0	0	0	2	0	
2	1	1	3	3	0	0	
0	0	3	0	2	3	0	
1	1	1	0	0	0	0	
0	1	1	1	2	0	0	
3	1	2	0	3	1	0	
0	0	0	0	0	0	0	
2	3	1	3	0	1	0	
0	3	0	2	0	0	0	
0	0	0	0	0	0	0	
2	0	0	0	0	0	0	
1	0	0	0	0	0	0	
0	0	0	0	1	0	0	
1	0	2	0	0	0	0	
0	0	0	3	0	0	0	
0	0	1	0	3	3	0	
0	1	3	3	1	1	0	
0	0	0	3	1	1	0	
1	2	1	0	0	1	0	
2	0	1	0	0	0	0	
0	2	0	3	2	0	0	
0	1	1	0	2	1	0	
2	2	3	1	0	0	0	
1	0	0	3	2	0	0	
0	0	1	0	2	2	0	
1	0	1	3	3	3	0	
2	0	0	1	0	2	0	
3	1	0	0	1	3	0	
0	0	0	0	0	2	0	
1	0	0	0	0	0	0	
0	0	0	0	0	2	0	
0	0	0	2	0	0	0	
0	2	0	0	0	0	0	
0	1	0	0	0	0	0	
0	0	3	0	2	1	0	
2	1	0	0	2	1	0	
0	0	3	0	0	0	0	
0	3	3	3	0	1	0	
0	0	0	2	0	1	0	
2	0	0	0	2	2	0	
2	3	0	0	0	0	0	
0	0	0	0	0	0	0	
1	2	1	0	0	1	2	
0	1	0	1	0	0	0	
3	2	3	1	1	0	0	
0	0	0	0	1	2	0	
0	0	0	3	0	0	0	
0	2	0	2	0	0	0	
0	1	3	0	1	2	0	
1	0	0	0	0	0	0	
0	2	2	0	2	0	0	
0	0	0	1	0	0	0	
2	0	0	0	0	2	0	
0	0	0	0	0	0	0	
1	0	0	0	0	2	0	
0	0	0	0	0	0	0	
1	3	2	0	0	0	0	
0	2	0	0	0	0	0	
2	1	3	1	1	0	0	
0	0	0	0	0	0	0	
1	0	3	0	2	2	0	
0	2	3	0	0	0	0	
1	0	0	3	2	0	0	
0	1	1	3	0	0	1	
0	0	0	2	1	0	0	
2	0	0	0	2	0	0	
2	2	0	0	0	1	0	
0	1	0	0	0	0	0	
3	1	0	2	1	0	0	
0	0	0	0	3	2	0	
0	0	3	3	1	2	0	
0	0	0	2	0	1	0	
2	0	0	0	0	0	0	
2	1	3	0	0	1	0	
0	2	0	0	1	0	0	
0	3	2	0	2	0	0	
0	0	0	3	0	0	0	
0	3	2	3	0	2	0	
2	0	0	0	1	1	0	
0	1	0	0	0	0	0	
0	0	3	1	0	3	0	
0	0	0	0	0	0	0	
2	0	3	3	1	3	0	
3	2	0	3	1	0	0	
0	0	1	0	0	1	0	
--------------------

--------------------
Best Solution Found!
--------------------
Time: 0 hour(s), 0 minute(s), 0 second(s), 789 millisecond(s)

Fitness: 89590

0	0	0	0	0	0	0	
0	0	0	2	2	1	0	
0	0	3	0	3	0	0	
3	2	3	3	0	1	0	
0	0	0	0	0	0	0	
0	0	0	0	0	0	0	
1	0	0	1	3	0	0	
0	0	0	0	1	0	0	
1	0	0	1	2	0	0	
0	0	0	1	1	1	0	
0	0	3	0	0	0	0	
2	2	1	0	2	0	0	
1	1	1	3	0	2	0	
3	0	0	3	0	0	0	
0	2	0	0	0	3	0	
0	0	0	0	0	2	0	
2	1	1	3	3	0	0	
0	0	3	0	2	3	0	
1	1	1	0	0	0	0	
0	1	1	1	2	0	0	
3	1	2	0	3	1	0	
0	0	0	0	0	0	0	
2	3	1	3	0	1	0	
0	3	0	2	0	0	0	
0	0	0	0	0	0	0	
2	0	0	0	0	0	0	
1	0	0	0	0	0	0	
0	0	0	0	1	0	0	
1	0	2	0	0	0	0	
0	0	0	3	0	0	0	
0	0	1	0	3	3	0	
0	1	3	3	1	1	0	
0	0	0	3	1	1	0	
1	2	1	0	0	1	0	
2	0	1	0	0	0	0	
0	2	0	3	2	0	0	
0	1	1	0	2	1	0	
2	2	3	1	0	0	0	
1	0	0	3	2	0	0	
0	0	1	0	2	2	0	
1	0	1	3	3	3	0	
2	0	0	1	0	2	0	
3	1	0	0	1	3	0	
0	0	0	0	0	2	0	
1	0	0	0	0	0	0	
0	0	0	0	0	2	0	
0	0	0	2	0	0	0	
0	2	0	0	0	0	0	
0	1	0	0	0	0	0	
0	0	3	0	2	1	0	
2	1	0	0	2	1	0	
0	0	3	0	0	0	0	
0	3	3	3	0	1	0	
0	0	0	2	0	1	0	
2	0	0	0	2	2	0	
2	3	0	0	0	0	0	
0	0	0	0	0	0	0	
1	2	1	0	0	1	2	
0	1	0	1	0	0	0	
3	2	3	1	1	0	0	
0	0	0	0	1	2	0	
0	0	0	3	0	0	0	
0	2	0	2	0	0	0	
0	1	3	0	1	2	0	
1	0	0	0	0	0	0	
0	2	2	0	2	0	0	
0	0	0	1	0	0	0	
2	0	0	0	0	2	0	
0	0	0	0	0	0	0	
1	0	0	0	0	2	0	
0	0	0	0	0	0	0	
1	3	2	0	0	0	0	
0	2	0	0	0	0	0	
2	1	3	1	1	0	0	
0	0	0	0	0	0	0	
1	0	3	0	2	2	0	
0	2	3	0	0	0	0	
1	0	0	3	2	0	0	
0	1	1	3	0	0	1	
0	0	0	2	1	0	0	
2	0	0	0	2	0	0	
2	2	0	0	0	1	0	
0	1	0	0	0	0	0	
3	1	0	2	1	0	0	
0	0	0	0	3	2	0	
0	0	3	3	1	2	0	
0	0	0	2	0	1	0	
2	0	0	0	0	0	0	
2	1	3	0	0	1	0	
0	2	0	0	1	0	0	
0	3	2	0	2	0	0	
0	0	0	3	0	0	0	
0	3	2	3	0	2	0	
2	0	0	0	1	1	0	
0	1	0	0	0	0	0	
0	0	3	1	0	3	0	
0	0	0	0	0	0	0	
2	0	3	3	1	3	0	
3	2	0	3	1	0	0	
0	0	1	0	0	1	0	
--------------------

--------------------
Best Solution Found!
--------------------
Time: 0 hour(s), 0 minute(s), 0 second(s), 794 millisecond(s)

Fitness: 89590

0	0	0	0	0	0	0	
0	0	0	2	2	1	0	
0	0	3	0	3	0	0	
3	2	3	3	0	1	0	
0	0	0	0	0	0	0	
0	0	0	0	0	0	0	
1	0	0	1	3	0	0	
0	0	0	0	1	0	0	
1	0	0	1	2	0	0	
0	0	0	1	1	1	0	
0	0	3	0	0	0	0	
2	2	1	0	2	0	0	
1	1	1	3	0	2	0	
3	0	0	3	0	0	0	
0	2	0	0	0	3	0	
0	0	0	0	0	2	0	
2	1	1	3	3	0	0	
0	0	3	0	2	3	0	
1	1	1	0	0	0	0	
0	1	1	1	2	0	0	
3	1	2	0	3	1	0	
0	0	0	0	0	0	0	
2	3	1	3	0	1	0	
0	3	0	2	0	0	0	
0	0	0	0	0	0	0	
2	0	0	0	0	0	0	
1	0	0	0	0	0	0	
0	0	0	0	1	0	0	
1	0	2	0	0	0	0	
0	0	0	3	0	0	0	
0	0	1	0	3	3	0	
0	1	3	3	1	1	0	
0	0	0	3	1	1	0	
1	2	1	0	0	1	0	
2	0	1	0	0	0	0	
0	2	0	3	2	0	0	
0	1	1	0	2	1	0	
2	2	3	1	0	0	0	
1	0	0	3	2	0	0	
0	0	1	0	2	2	0	
1	0	1	3	3	3	0	
2	0	0	1	0	2	0	
3	1	0	0	1	3	0	
0	0	0	0	0	2	0	
1	0	0	0	0	0	0	
0	0	0	0	0	2	0	
0	0	0	2	0	0	0	
0	2	0	0	0	0	0	
0	1	0	0	0	0	0	
0	0	3	0	2	1	0	
2	1	0	0	2	1	0	
0	0	3	0	0	0	0	
0	3	3	3	0	1	0	
0	0	0	2	0	1	0	
2	0	0	0	2	2	0	
2	3	0	0	0	0	0	
0	0	0	0	0	0	0	
1	2	1	0	0	1	2	
0	1	0	1	0	0	0	
3	2	3	1	1	0	0	
0	0	0	0	1	2	0	
0	0	0	3	0	0	0	
0	2	0	2	0	0	0	
0	1	3	0	1	2	0	
1	0	0	0	0	0	0	
0	2	2	0	2	0	0	
0	0	0	1	0	0	0	
2	0	0	0	0	2	0	
0	0	0	0	0	0	0	
1	0	0	0	0	2	0	
0	0	0	0	0	0	0	
1	3	2	0	0	0	0	
0	2	0	0	0	0	0	
2	1	3	1	1	0	0	
0	0	0	0	0	0	0	
1	0	3	0	2	2	0	
0	2	3	0	0	0	0	
1	0	0	3	2	0	0	
0	1	1	3	0	0	1	
0	0	0	2	1	0	0	
2	0	0	0	2	0	0	
2	2	0	0	0	1	0	
0	1	0	0	0	0	0	
3	1	0	2	1	0	0	
0	0	0	0	3	2	0	
0	0	3	3	1	2	0	
0	0	0	2	0	1	0	
2	0	0	0	0	0	0	
2	1	3	0	0	1	0	
0	2	0	0	1	0	0	
0	3	2	0	2	0	0	
0	0	0	3	0	0	0	
0	3	2	3	0	2	0	
2	0	0	0	1	1	0	
0	1	0	0	0	0	0	
0	0	3	1	0	3	0	
0	0	0	0	0	0	0	
2	0	3	3	1	3	0	
3	2	0	3	1	0	0	
0	0	1	0	0	1	0	
--------------------

--------------------
Best Solution Found!
--------------------
Time: 0 hour(s), 0 minute(s), 9 second(s), 514 millisecond(s)

Fitness: 88620

0	3	0	1	0	1	0	
2	0	3	0	3	0	0	
0	2	0	0	0	2	0	
2	0	0	0	0	0	0	
0	1	0	0	3	0	0	
2	1	2	0	2	1	0	
0	0	0	2	0	0	0	
0	2	0	0	1	0	0	
1	0	1	3	1	2	0	
0	0	1	0	2	0	0	
0	0	3	3	0	0	0	
0	0	0	0	0	0	0	
0	2	0	3	0	1	0	
0	0	3	0	0	1	0	
0	0	0	0	2	0	2	
1	0	1	0	0	0	0	
0	3	0	3	1	2	0	
2	0	0	0	0	2	0	
0	0	0	0	0	0	0	
1	2	3	3	0	0	0	
3	1	3	0	1	0	0	
2	0	0	0	0	3	0	
0	2	0	0	0	0	0	
1	0	0	0	0	0	0	
0	2	0	0	2	0	0	
0	0	0	0	2	1	0	
0	0	0	0	1	0	0	
0	0	3	1	0	0	0	
0	0	0	3	0	0	0	
3	0	1	3	2	3	0	
1	1	3	0	2	1	0	
1	0	3	0	1	0	0	
0	0	0	0	0	0	0	
2	2	3	3	0	2	0	
0	0	1	0	0	2	0	
0	0	3	1	0	0	0	
2	2	0	0	0	0	0	
0	0	3	3	1	0	0	
0	0	0	0	1	0	0	
0	0	0	0	2	0	0	
0	0	0	0	0	0	0	
2	2	0	2	0	2	1	
0	0	0	2	2	1	0	
2	0	0	0	0	0	0	
0	0	0	0	0	3	0	
2	0	0	0	0	2	0	
0	3	0	0	0	1	0	
1	0	3	0	3	3	0	
1	3	0	1	1	3	0	
0	3	0	2	0	0	0	
0	0	0	1	0	0	0	
0	1	0	3	0	0	0	
3	1	3	0	0	0	0	
2	2	0	0	1	0	0	
0	2	0	0	0	0	0	
0	1	0	0	0	0	0	
0	2	2	0	0	0	0	
3	0	0	0	0	0	0	
2	0	0	0	2	0	0	
2	0	0	3	0	0	0	
0	0	0	0	0	0	0	
2	0	1	1	0	1	0	
0	3	1	3	0	3	0	
3	0	1	0	0	1	0	
1	0	0	2	0	0	0	
1	2	0	1	0	0	0	
0	0	0	0	0	0	0	
0	2	0	0	1	2	0	
0	1	1	2	2	1	0	
1	2	0	3	2	0	0	
0	0	1	0	1	0	0	
2	0	2	0	0	0	0	
0	0	2	1	3	0	0	
0	0	0	0	0	0	0	
0	1	3	0	2	2	0	
0	0	0	0	2	0	0	
0	3	1	0	3	2	0	
0	1	0	2	0	0	0	
2	0	2	3	1	1	0	
0	1	1	3	3	1	0	
1	1	0	0	0	1	0	
0	0	3	0	0	1	0	
0	1	1	0	0	0	0	
2	0	0	0	0	0	0	
1	2	2	3	0	2	0	
0	0	3	0	0	1	0	
1	0	0	3	3	0	0	
0	0	3	0	0	2	0	
2	0	3	3	0	0	0	
1	0	0	3	1	2	0	
1	0	0	0	2	1	0	
0	1	1	3	2	2	0	
0	0	0	1	0	0	0	
3	0	0	1	0	0	0	
0	1	0	2	0	0	0	
0	1	0	0	1	1	0	
0	1	0	0	2	1	0	
0	1	0	0	1	3	0	
3	0	0	1	1	0	0	
0	0	1	0	0	0	0	
--------------------

--------------------
Best Solution Found!
--------------------
Time: 0 hour(s), 0 minute(s), 9 second(s), 519 millisecond(s)

Fitness: 88620

0	3	0	1	0	1	0	
2	0	3	0	3	0	0	
0	2	0	0	0	2	0	
2	0	0	0	0	0	0	
0	1	0	0	3	0	0	
2	1	2	0	2	1	0	
0	0	0	2	0	0	0	
0	2	0	0	1	0	0	
1	0	1	3	1	2	0	
0	0	1	0	2	0	0	
0	0	3	3	0	0	0	
0	0	0	0	0	0	0	
0	2	0	3	0	1	0	
0	0	3	0	0	1	0	
0	0	0	0	2	0	2	
1	0	1	0	0	0	0	
0	3	0	3	1	2	0	
2	0	0	0	0	2	0	
0	0	0	0	0	0	0	
1	2	3	3	0	0	0	
3	1	3	0	1	0	0	
2	0	0	0	0	3	0	
0	2	0	0	0	0	0	
1	0	0	0	0	0	0	
0	2	0	0	2	0	0	
0	0	0	0	2	1	0	
0	0	0	0	1	0	0	
0	0	3	1	0	0	0	
0	0	0	3	0	0	0	
3	0	1	3	2	3	0	
1	1	3	0	2	1	0	
1	0	3	0	1	0	0	
0	0	0	0	0	0	0	
2	2	3	3	0	2	0	
0	0	1	0	0	2	0	
0	0	3	1	0	0	0	
2	2	0	0	0	0	0	
0	0	3	3	1	0	0	
0	0	0	0	1	0	0	
0	0	0	0	2	0	0	
0	0	0	0	0	0	0	
2	2	0	2	0	2	1	
0	0	0	2	2	1	0	
2	0	0	0	0	0	0	
0	0	0	0	0	3	0	
2	0	0	0	0	2	0	
0	3	0	0	0	1	0	
1	0	3	0	3	3	0	
1	3	0	1	1	3	0	
0	3	0	2	0	0	0	
0	0	0	1	0	0	0	
0	1	0	3	0	0	0	
3	1	3	0	0	0	0	
2	2	0	0	1	0	0	
0	2	0	0	0	0	0	
0	1	0	0	0	0	0	
0	2	2	0	0	0	0	
3	0	0	0	0	0	0	
2	0	0	0	2	0	0	
2	0	0	3	0	0	0	
0	0	0	0	0	0	0	
2	0	1	1	0	1	0	
0	3	1	3	0	3	0	
3	0	1	0	0	1	0	
1	0	0	2	0	0	0	
1	2	0	1	0	0	0	
0	0	0	0	0	0	0	
0	2	0	0	1	2	0	
0	1	1	2	2	1	0	
1	2	0	3	2	0	0	
0	0	1	0	1	0	0	
2	0	2	0	0	0	0	
0	0	2	1	3	0	0	
0	0	0	0	0	0	0	
0	1	3	0	2	2	0	
0	0	0	0	2	0	0	
0	3	1	0	3	2	0	
0	1	0	2	0	0	0	
2	0	2	3	1	1	0	
0	1	1	3	3	1	0	
1	1	0	0	0	1	0	
0	0	3	0	0	1	0	
0	1	1	0	0	0	0	
2	0	0	0	0	0	0	
1	2	2	3	0	2	0	
0	0	3	0	0	1	0	
1	0	0	3	3	0	0	
0	0	3	0	0	2	0	
2	0	3	3	0	0	0	
1	0	0	3	1	2	0	
1	0	0	0	2	1	0	
0	1	1	3	2	2	0	
0	0	0	1	0	0	0	
3	0	0	1	0	0	0	
0	1	0	2	0	0	0	
0	1	0	0	1	1	0	
0	1	0	0	2	1	0	
0	1	0	0	1	3	0	
3	0	0	1	1	0	0	
0	0	1	0	0	0	0	
--------------------

--------------------
Best Solution Found!
--------------------
Time: 0 hour(s), 0 minute(s), 9 second(s), 522 millisecond(s)

Fitness: 88620

0	3	0	1	0	1	0	
2	0	3	0	3	0	0	
0	2	0	0	0	2	0	
2	0	0	0	0	0	0	
0	1	0	0	3	0	0	
2	1	2	0	2	1	0	
0	0	0	2	0	0	0	
0	2	0	0	1	0	0	
1	0	1	3	1	2	0	
0	0	1	0	2	0	0	
0	0	3	3	0	0	0	
0	0	0	0	0	0	0	
0	2	0	3	0	1	0	
0	0	3	0	0	1	0	
0	0	0	0	2	0	2	
1	0	1	0	0	0	0	
0	3	0	3	1	2	0	
2	0	0	0	0	2	0	
0	0	0	0	0	0	0	
1	2	3	3	0	0	0	
3	1	3	0	1	0	0	
2	0	0	0	0	3	0	
0	2	0	0	0	0	0	
1	0	0	0	0	0	0	
0	2	0	0	2	0	0	
0	0	0	0	2	1	0	
0	0	0	0	1	0	0	
0	0	3	1	0	0	0	
0	0	0	3	0	0	0	
3	0	1	3	2	3	0	
1	1	3	0	2	1	0	
1	0	3	0	1	0	0	
0	0	0	0	0	0	0	
2	2	3	3	0	2	0	
0	0	1	0	0	2	0	
0	0	3	1	0	0	0	
2	2	0	0	0	0	0	
0	0	3	3	1	0	0	
0	0	0	0	1	0	0	
0	0	0	0	2	0	0	
0	0	0	0	0	0	0	
2	2	0	2	0	2	1	
0	0	0	2	2	1	0	
2	0	0	0	0	0	0	
0	0	0	0	0	3	0	
2	0	0	0	0	2	0	
0	3	0	0	0	1	0	
1	0	3	0	3	3	0	
1	3	0	1	1	3	0	
0	3	0	2	0	0	0	
0	0	0	1	0	0	0	
0	1	0	3	0	0	0	
3	1	3	0	0	0	0	
2	2	0	0	1	0	0	
0	2	0	0	0	0	0	
0	1	0	0	0	0	0	
0	2	2	0	0	0	0	
3	0	0	0	0	0	0	
2	0	0	0	2	0	0	
2	0	0	3	0	0	0	
0	0	0	0	0	0	0	
2	0	1	1	0	1	0	
0	3	1	3	0	3	0	
3	0	1	0	0	1	0	
1	0	0	2	0	0	0	
1	2	0	1	0	0	0	
0	0	0	0	0	0	0	
0	2	0	0	1	2	0	
0	1	1	2	2	1	0	
1	2	0	3	2	0	0	
0	0	1	0	1	0	0	
2	0	2	0	0	0	0	
0	0	2	1	3	0	0	
0	0	0	0	0	0	0	
0	1	3	0	2	2	0	
0	0	0	0	2	0	0	
0	3	1	0	3	2	0	
0	1	0	2	0	0	0	
2	0	2	3	1	1	0	
0	1	1	3	3	1	0	
1	1	0	0	0	1	0	
0	0	3	0	0	1	0	
0	1	1	0	0	0	0	
2	0	0	0	0	0	0	
1	2	2	3	0	2	0	
0	0	3	0	0	1	0	
1	0	0	3	3	0	0	
0	0	3	0	0	2	0	
2	0	3	3	0	0	0	
1	0	0	3	1	2	0	
1	0	0	0	2	1	0	
0	1	1	3	2	2	0	
0	0	0	1	0	0	0	
3	0	0	1	0	0	0	
0	1	0	2	0	0	0	
0	1	0	0	1	1	0	
0	1	0	0	2	1	0	
0	1	0	0	1	3	0	
3	0	0	1	1	0	0	
0	0	1	0	0	0	0	
--------------------

--------------------
Best Solution Found!
--------------------
Time: 0 hour(s), 0 minute(s), 46 second(s), 489 millisecond(s)

Fitness: 88603

0	1	1	0	2	0	0	
1	0	3	0	0	3	0	
0	2	0	0	0	0	0	
2	0	3	2	0	0	2	
1	0	0	2	0	0	0	
2	0	3	0	0	0	0	
2	3	0	0	0	0	0	
0	2	0	0	0	0	0	
0	0	0	3	0	0	0	
3	2	0	0	0	0	0	
2	0	0	3	2	1	0	
3	0	0	0	0	0	0	
0	0	3	0	0	2	0	
2	0	3	0	2	0	0	
0	0	0	3	0	0	0	
1	2	1	0	0	0	0	
1	3	1	1	2	0	0	
1	0	0	0	0	0	0	
0	2	0	0	2	1	0	
0	0	1	2	0	0	0	
1	1	0	3	0	2	0	
0	1	0	0	0	0	0	
0	1	0	3	1	1	0	
2	2	3	1	0	1	0	
2	0	2	0	0	0	0	
0	3	0	0	0	0	0	
2	3	1	0	0	0	0	
0	0	1	0	1	0	0	
2	1	3	0	0	1	0	
0	0	0	3	0	0	0	
0	0	1	0	0	0	0	
0	0	0	0	0	1	0	
0	0	0	0	0	3	0	
0	0	3	3	0	0	0	
0	0	1	2	0	2	0	
0	3	3	1	1	1	0	
1	2	3	0	3	2	0	
3	0	3	3	2	1	0	
0	0	2	3	0	1	0	
0	0	3	0	0	0	0	
0	0	1	0	0	0	0	
2	1	0	2	1	1	0	
0	0	0	0	0	2	0	
3	0	0	3	0	0	0	
0	0	3	0	0	0	0	
2	1	0	0	0	0	0	
3	0	0	0	0	1	0	
1	2	0	3	0	2	0	
0	0	3	0	0	0	0	
0	0	0	0	2	0	0	
1	2	3	0	0	0	0	
0	0	0	2	0	0	0	
0	0	0	1	1	0	0	
0	0	0	0	0	0	0	
3	0	2	0	0	0	0	
1	1	0	0	0	2	0	
2	1	3	0	0	0	0	
0	0	0	0	3	0	0	
0	0	1	3	2	0	0	
1	2	2	0	3	1	0	
0	0	0	3	1	2	0	
0	0	0	0	3	1	0	
0	3	0	0	1	2	0	
2	0	0	0	1	0	0	
1	1	2	0	2	1	0	
0	1	1	1	2	2	0	
0	2	0	1	0	2	0	
0	0	0	0	0	0	0	
0	2	0	1	1	0	0	
0	0	2	0	1	0	0	
0	1	0	0	2	3	0	
0	0	0	0	1	1	0	
0	2	0	0	0	3	0	
0	0	0	3	0	2	0	
2	0	0	3	1	0	0	
1	0	0	0	0	0	0	
2	1	1	0	1	1	0	
0	1	0	0	3	0	0	
1	0	0	2	2	1	0	
0	1	0	0	0	0	0	
0	0	0	2	2	3	0	
0	0	0	0	0	0	0	
1	0	3	0	0	0	0	
3	0	0	0	0	0	0	
0	2	3	0	0	2	0	
0	1	0	3	2	0	0	
0	0	0	3	3	0	0	
1	2	0	1	2	1	0	
2	0	0	1	2	0	0	
0	0	0	0	0	0	0	
0	3	0	0	1	0	0	
0	0	0	0	1	0	0	
2	2	0	0	3	2	0	
0	0	0	3	0	0	0	
0	1	1	1	2	1	0	
0	0	1	3	0	2	0	
2	1	0	0	1	0	0	
0	0	0	0	1	0	1	
0	0	0	1	0	3	0	
0	0	1	3	0	3	0	
--------------------

--------------------
Best Solution Found!
--------------------
Time: 0 hour(s), 0 minute(s), 46 second(s), 492 millisecond(s)

Fitness: 88603

0	1	1	0	2	0	0	
1	0	3	0	0	3	0	
0	2	0	0	0	0	0	
2	0	3	2	0	0	2	
1	0	0	2	0	0	0	
2	0	3	0	0	0	0	
2	3	0	0	0	0	0	
0	2	0	0	0	0	0	
0	0	0	3	0	0	0	
3	2	0	0	0	0	0	
2	0	0	3	2	1	0	
3	0	0	0	0	0	0	
0	0	3	0	0	2	0	
2	0	3	0	2	0	0	
0	0	0	3	0	0	0	
1	2	1	0	0	0	0	
1	3	1	1	2	0	0	
1	0	0	0	0	0	0	
0	2	0	0	2	1	0	
0	0	1	2	0	0	0	
1	1	0	3	0	2	0	
0	1	0	0	0	0	0	
0	1	0	3	1	1	0	
2	2	3	1	0	1	0	
2	0	2	0	0	0	0	
0	3	0	0	0	0	0	
2	3	1	0	0	0	0	
0	0	1	0	1	0	0	
2	1	3	0	0	1	0	
0	0	0	3	0	0	0	
0	0	1	0	0	0	0	
0	0	0	0	0	1	0	
0	0	0	0	0	3	0	
0	0	3	3	0	0	0	
0	0	1	2	0	2	0	
0	3	3	1	1	1	0	
1	2	3	0	3	2	0	
3	0	3	3	2	1	0	
0	0	2	3	0	1	0	
0	0	3	0	0	0	0	
0	0	1	0	0	0	0	
2	1	0	2	1	1	0	
0	0	0	0	0	2	0	
3	0	0	3	0	0	0	
0	0	3	0	0	0	0	
2	1	0	0	0	0	0	
3	0	0	0	0	1	0	
1	2	0	3	0	2	0	
0	0	3	0	0	0	0	
0	0	0	0	2	0	0	
1	2	3	0	0	0	0	
0	0	0	2	0	0	0	
0	0	0	1	1	0	0	
0	0	0	0	0	0	0	
3	0	2	0	0	0	0	
1	1	0	0	0	2	0	
2	1	3	0	0	0	0	
0	0	0	0	3	0	0	
0	0	1	3	2	0	0	
1	2	2	0	3	1	0	
0	0	0	3	1	2	0	
0	0	0	0	3	1	0	
0	3	0	0	1	2	0	
2	0	0	0	1	0	0	
1	1	2	0	2	1	0	
0	1	1	1	2	2	0	
0	2	0	1	0	2	0	
0	0	0	0	0	0	0	
0	2	0	1	1	0	0	
0	0	2	0	1	0	0	
0	1	0	0	2	3	0	
0	0	0	0	1	1	0	
0	2	0	0	0	3	0	
0	0	0	3	0	2	0	
2	0	0	3	1	0	0	
1	0	0	0	0	0	0	
2	1	1	0	1	1	0	
0	1	0	0	3	0	0	
1	0	0	2	2	1	0	
0	1	0	0	0	0	0	
0	0	0	2	2	3	0	
0	0	0	0	0	0	0	
1	0	3	0	0	0	0	
3	0	0	0	0	0	0	
0	2	3	0	0	2	0	
0	1	0	3	2	0	0	
0	0	0	3	3	0	0	
1	2	0	1	2	1	0	
2	0	0	1	2	0	0	
0	0	0	0	0	0	0	
0	3	0	0	1	0	0	
0	0	0	0	1	0	0	
2	2	0	0	3	2	0	
0	0	0	3	0	0	0	
0	1	1	1	2	1	0	
0	0	1	3	0	2	0	
2	1	0	0	1	0	0	
0	0	0	0	1	0	1	
0	0	0	1	0	3	0	
0	0	1	3	0	3	0	
--------------------

--------------------
Best Solution Found!
--------------------
Time: 0 hour(s), 0 minute(s), 57 second(s), 604 millisecond(s)

Fitness: 87624

0	0	1	3	0	1	0	
1	0	0	3	2	2	0	
2	0	3	3	0	0	0	
1	2	0	0	2	3	1	
0	0	3	3	1	0	0	
0	0	0	0	0	1	0	
0	0	1	0	2	0	0	
2	2	1	0	1	2	0	
2	0	3	0	0	3	0	
0	1	0	0	2	3	0	
0	0	0	0	0	1	0	
0	0	0	0	0	1	0	
0	1	0	0	0	0	0	
0	0	0	0	0	0	0	
0	1	1	0	3	0	0	
1	0	3	0	0	0	0	
2	2	2	2	1	0	0	
0	0	0	3	0	0	0	
0	0	0	1	0	0	0	
2	1	0	3	0	2	0	
0	1	0	3	0	2	0	
0	1	0	2	3	0	0	
0	0	1	0	0	2	0	
2	1	3	0	2	0	0	
2	0	0	0	0	0	0	
0	0	3	1	0	0	0	
1	2	0	3	2	1	0	
0	0	0	1	0	0	0	
0	0	3	0	0	0	0	
0	2	0	0	0	0	0	
3	0	0	2	3	0	0	
0	0	0	0	1	0	0	
0	0	0	0	0	0	0	
0	3	1	0	3	0	0	
2	2	3	0	0	0	0	
2	0	0	1	1	0	0	
2	0	0	1	0	0	0	
1	0	0	3	0	1	0	
0	1	0	0	0	0	0	
0	0	0	3	1	0	0	
0	0	0	0	0	0	0	
1	0	3	0	0	0	0	
3	2	0	0	0	1	0	
0	0	0	2	2	1	0	
1	0	0	0	2	0	0	
3	2	0	0	1	0	0	
2	3	1	1	0	3	0	
0	1	3	0	1	0	0	
0	3	3	3	1	0	0	
0	1	0	0	1	2	0	
0	0	2	0	0	1	0	
0	0	3	1	1	2	0	
0	1	0	0	2	0	0	
0	0	0	0	0	1	0	
0	2	0	0	0	0	0	
0	2	0	0	1	0	0	
1	0	0	0	1	1	0	
0	0	0	0	0	0	0	
2	1	0	0	0	2	0	
3	2	0	0	0	0	0	
0	0	3	0	0	0	0	
2	1	2	3	0	0	0	
1	0	3	0	3	1	2	
0	0	0	3	3	0	0	
0	0	1	0	0	0	0	
1	0	3	0	0	3	0	
0	0	0	0	0	0	0	
3	2	0	0	0	0	0	
1	0	2	0	0	0	0	
0	0	0	0	0	1	0	
2	0	0	1	2	2	0	
1	0	1	0	0	0	0	
3	0	1	1	2	2	0	
2	1	3	0	0	1	0	
0	0	0	3	2	0	0	
0	0	0	0	0	1	0	
0	3	0	0	2	0	0	
1	2	0	2	2	1	0	
1	3	1	2	0	3	0	
0	3	2	0	0	1	0	
0	2	0	0	0	2	0	
0	0	0	0	0	0	0	
0	1	3	3	2	1	0	
1	0	2	1	1	0	0	
0	0	0	3	0	0	0	
2	1	0	0	0	0	0	
0	0	0	2	0	2	0	
0	1	1	3	2	2	0	
0	3	0	0	0	0	0	
2	0	0	2	0	0	0	
0	1	3	0	2	0	0	
0	0	0	3	3	0	0	
0	0	0	3	0	2	0	
3	2	1	1	1	0	0	
0	0	1	3	0	0	0	
0	0	0	0	0	0	0	
2	0	0	0	0	3	0	
0	0	0	0	0	0	0	
1	2	1	0	1	1	0	
0	0	0	0	1	2	0	
--------------------

--------------------
Best Solution Found!
--------------------
Time: 0 hour(s), 2 minute(s), 49 second(s), 228 millisecond(s)

Fitness: 87587

0	0	1	3	0	3	0	
1	0	3	3	0	0	0	
1	3	3	0	0	0	0	
3	3	0	0	0	2	0	
2	2	0	0	0	0	0	
1	0	0	1	0	0	0	
0	1	0	0	0	2	0	
2	0	0	0	1	2	0	
3	0	1	0	2	0	0	
0	0	0	3	0	1	0	
2	2	0	0	3	3	0	
0	0	0	0	0	0	0	
1	0	0	0	0	0	0	
2	0	0	3	0	0	0	
0	0	0	0	0	0	0	
2	0	0	1	2	0	0	
0	1	3	3	2	1	0	
0	0	1	1	2	0	0	
2	1	1	2	0	1	0	
1	0	0	0	0	0	0	
2	0	0	2	0	0	0	
0	2	0	0	0	1	0	
1	3	3	0	3	2	0	
2	2	0	0	0	0	0	
0	0	2	2	0	0	0	
2	1	2	0	0	1	0	
0	0	3	0	0	0	0	
1	3	2	0	0	0	0	
0	0	3	0	0	0	1	
0	0	0	1	3	0	0	
0	0	3	0	2	0	0	
0	0	0	0	2	0	0	
0	0	1	0	1	0	0	
0	0	0	0	0	0	0	
1	1	0	0	0	1	0	
0	1	0	2	3	1	2	
0	2	0	0	1	2	0	
0	0	2	0	0	3	0	
1	3	1	0	1	1	0	
1	0	0	0	3	2	0	
0	2	0	0	0	0	0	
0	1	0	1	0	1	0	
1	0	0	0	0	1	0	
0	0	0	3	0	0	0	
0	0	0	1	1	1	0	
2	0	1	3	0	0	0	
1	0	3	3	1	2	0	
0	1	0	3	0	0	0	
0	0	3	0	0	0	0	
0	0	3	0	1	2	0	
0	2	3	3	0	1	0	
2	0	1	3	2	2	0	
0	0	3	3	1	2	0	
0	0	0	0	0	0	0	
3	3	0	2	3	0	0	
1	2	0	1	2	2	0	
0	0	0	1	0	2	0	
0	0	1	0	0	0	0	
2	2	1	1	1	0	0	
0	1	1	0	0	0	0	
0	1	3	0	1	0	0	
0	0	0	0	1	0	0	
0	0	0	0	1	1	0	
3	1	0	0	0	0	0	
0	0	0	3	2	0	0	
0	2	0	0	0	0	0	
0	0	0	0	0	2	0	
0	0	3	2	0	2	0	
0	2	0	0	0	3	0	
0	0	0	0	1	0	0	
2	2	3	1	2	0	0	
0	0	3	0	0	0	0	
2	1	0	2	0	0	0	
2	0	0	0	0	0	0	
0	0	0	0	1	1	0	
3	2	0	0	2	0	0	
0	0	0	0	0	0	0	
0	0	0	0	0	1	0	
0	1	0	0	0	0	0	
2	1	3	3	1	0	0	
3	0	0	0	0	1	0	
0	0	0	0	0	0	0	
0	0	1	0	0	3	0	
0	0	0	0	0	1	0	
0	0	0	0	2	0	0	
0	2	1	1	2	1	0	
0	2	0	3	2	0	0	
2	0	0	3	1	0	0	
0	1	0	0	0	2	0	
0	0	1	0	0	0	0	
0	0	0	0	3	0	0	
0	0	0	3	2	3	0	
2	0	2	3	0	0	0	
0	1	0	0	0	0	0	
1	0	3	0	0	1	0	
1	0	1	2	0	0	0	
0	3	0	0	1	0	0	
0	2	0	3	2	3	0	
3	1	2	3	2	0	0	
1	1	0	0	0	0	0	
--------------------

--------------------
Best Solution Found!
--------------------
Time: 0 hour(s), 2 minute(s), 49 second(s), 231 millisecond(s)

Fitness: 87587

0	0	1	3	0	3	0	
1	0	3	3	0	0	0	
1	3	3	0	0	0	0	
3	3	0	0	0	2	0	
2	2	0	0	0	0	0	
1	0	0	1	0	0	0	
0	1	0	0	0	2	0	
2	0	0	0	1	2	0	
3	0	1	0	2	0	0	
0	0	0	3	0	1	0	
2	2	0	0	3	3	0	
0	0	0	0	0	0	0	
1	0	0	0	0	0	0	
2	0	0	3	0	0	0	
0	0	0	0	0	0	0	
2	0	0	1	2	0	0	
0	1	3	3	2	1	0	
0	0	1	1	2	0	0	
2	1	1	2	0	1	0	
1	0	0	0	0	0	0	
2	0	0	2	0	0	0	
0	2	0	0	0	1	0	
1	3	3	0	3	2	0	
2	2	0	0	0	0	0	
0	0	2	2	0	0	0	
2	1	2	0	0	1	0	
0	0	3	0	0	0	0	
1	3	2	0	0	0	0	
0	0	3	0	0	0	1	
0	0	0	1	3	0	0	
0	0	3	0	2	0	0	
0	0	0	0	2	0	0	
0	0	1	0	1	0	0	
0	0	0	0	0	0	0	
1	1	0	0	0	1	0	
0	1	0	2	3	1	2	
0	2	0	0	1	2	0	
0	0	2	0	0	3	0	
1	3	1	0	1	1	0	
1	0	0	0	3	2	0	
0	2	0	0	0	0	0	
0	1	0	1	0	1	0	
1	0	0	0	0	1	0	
0	0	0	3	0	0	0	
0	0	0	1	1	1	0	
2	0	1	3	0	0	0	
1	0	3	3	1	2	0	
0	1	0	3	0	0	0	
0	0	3	0	0	0	0	
0	0	3	0	1	2	0	
0	2	3	3	0	1	0	
2	0	1	3	2	2	0	
0	0	3	3	1	2	0	
0	0	0	0	0	0	0	
3	3	0	2	3	0	0	
1	2	0	1	2	2	0	
0	0	0	1	0	2	0	
0	0	1	0	0	0	0	
2	2	1	1	1	0	0	
0	1	1	0	0	0	0	
0	1	3	0	1	0	0	
0	0	0	0	1	0	0	
0	0	0	0	1	1	0	
3	1	0	0	0	0	0	
0	0	0	3	2	0	0	
0	2	0	0	0	0	0	
0	0	0	0	0	2	0	
0	0	3	2	0	2	0	
0	2	0	0	0	3	0	
0	0	0	0	1	0	0	
2	2	3	1	2	0	0	
0	0	3	0	0	0	0	
2	1	0	2	0	0	0	
2	0	0	0	0	0	0	
0	0	0	0	1	1	0	
3	2	0	0	2	0	0	
0	0	0	0	0	0	0	
0	0	0	0	0	1	0	
0	1	0	0	0	0	0	
2	1	3	3	1	0	0	
3	0	0	0	0	1	0	
0	0	0	0	0	0	0	
0	0	1	0	0	3	0	
0	0	0	0	0	1	0	
0	0	0	0	2	0	0	
0	2	1	1	2	1	0	
0	2	0	3	2	0	0	
2	0	0	3	1	0	0	
0	1	0	0	0	2	0	
0	0	1	0	0	0	0	
0	0	0	0	3	0	0	
0	0	0	3	2	3	0	
2	0	2	3	0	0	0	
0	1	0	0	0	0	0	
1	0	3	0	0	1	0	
1	0	1	2	0	0	0	
0	3	0	0	1	0	0	
0	2	0	3	2	3	0	
3	1	2	3	2	0	0	
1	1	0	0	0	0	0	
--------------------

--------------------
Best Solution Found!
--------------------
Time: 0 hour(s), 7 minute(s), 30 second(s), 999 millisecond(s)

Fitness: 86625

0	0	0	0	1	0	0	
0	1	0	2	0	0	0	
0	0	3	3	0	0	0	
0	2	3	0	0	1	0	
0	0	2	0	0	0	0	
0	1	3	0	3	0	0	
1	0	2	1	0	0	0	
1	2	0	3	2	2	0	
2	0	3	0	2	0	0	
2	0	1	0	2	0	0	
1	3	3	0	1	2	0	
0	1	1	3	3	2	0	
0	3	0	1	0	0	0	
0	1	1	3	2	0	1	
0	0	0	1	1	0	0	
0	0	3	0	0	2	0	
0	3	3	0	0	3	0	
0	3	0	2	0	1	0	
0	0	0	0	0	1	0	
0	0	0	2	0	0	0	
0	2	0	0	0	0	0	
1	0	3	0	3	0	0	
1	2	0	0	0	0	0	
0	0	0	0	2	0	0	
1	0	0	0	0	0	0	
2	0	0	3	0	1	0	
1	0	0	3	0	0	0	
0	0	2	1	0	1	0	
0	1	0	0	0	0	0	
2	1	0	2	0	0	0	
0	0	0	0	0	0	0	
0	0	3	0	1	0	0	
0	0	0	0	2	0	0	
3	0	0	0	0	0	0	
0	0	0	0	3	0	0	
2	2	0	1	2	2	0	
0	0	0	0	1	0	0	
1	0	1	0	0	1	0	
1	0	0	0	0	0	0	
0	0	3	0	0	0	0	
0	0	0	1	2	2	0	
2	1	0	2	0	0	0	
0	1	3	1	2	2	0	
0	0	0	0	3	2	0	
0	0	0	0	0	3	0	
2	0	0	0	0	0	0	
3	3	0	0	0	1	0	
0	1	1	0	0	0	0	
2	0	1	2	2	1	0	
0	0	1	0	0	0	0	
3	2	0	0	0	0	0	
1	0	0	3	0	1	0	
2	0	0	0	1	0	0	
0	2	0	0	1	1	0	
2	0	0	0	0	1	0	
0	2	1	0	3	0	0	
3	3	0	1	0	1	0	
0	0	0	0	2	0	0	
1	0	0	0	0	0	0	
2	0	2	0	0	1	0	
1	0	0	0	0	0	0	
2	2	1	3	0	1	0	
0	0	0	0	1	1	0	
1	0	1	0	0	1	0	
3	2	0	0	2	0	0	
2	0	0	0	2	0	0	
3	0	0	0	0	0	0	
0	1	3	0	0	2	0	
0	0	0	0	1	0	0	
0	1	1	3	2	3	0	
0	0	0	0	0	2	0	
0	0	3	0	0	2	0	
0	0	0	0	0	2	0	
2	2	3	3	1	0	0	
1	2	0	0	0	0	0	
0	0	2	3	0	0	0	
1	0	0	0	1	1	0	
3	2	3	3	0	0	0	
0	0	3	3	0	2	0	
2	2	1	0	2	3	0	
0	1	3	1	1	3	0	
2	3	0	3	1	0	2	
0	0	3	3	0	1	0	
0	0	1	3	2	0	0	
1	1	2	2	3	0	0	
0	1	0	3	0	0	0	
0	0	0	3	0	3	0	
0	0	0	3	0	0	0	
0	0	0	2	1	0	0	
2	1	0	0	0	0	0	
0	2	1	0	1	0	0	
0	0	1	1	0	0	0	
0	0	0	0	0	2	0	
0	0	0	0	0	0	0	
0	2	0	3	0	1	0	
0	0	0	0	1	0	0	
2	1	0	0	0	3	0	
0	0	0	0	0	0	0	
0	1	0	0	1	0	0	
0	1	0	1	2	2	0	
--------------------

--------------------
Best Solution Found!
--------------------
Time: 0 hour(s), 7 minute(s), 31 second(s), 4 millisecond(s)

Fitness: 86625

0	0	0	0	1	0	0	
0	1	0	2	0	0	0	
0	0	3	3	0	0	0	
0	2	3	0	0	1	0	
0	0	2	0	0	0	0	
0	1	3	0	3	0	0	
1	0	2	1	0	0	0	
1	2	0	3	2	2	0	
2	0	3	0	2	0	0	
2	0	1	0	2	0	0	
1	3	3	0	1	2	0	
0	1	1	3	3	2	0	
0	3	0	1	0	0	0	
0	1	1	3	2	0	1	
0	0	0	1	1	0	0	
0	0	3	0	0	2	0	
0	3	3	0	0	3	0	
0	3	0	2	0	1	0	
0	0	0	0	0	1	0	
0	0	0	2	0	0	0	
0	2	0	0	0	0	0	
1	0	3	0	3	0	0	
1	2	0	0	0	0	0	
0	0	0	0	2	0	0	
1	0	0	0	0	0	0	
2	0	0	3	0	1	0	
1	0	0	3	0	0	0	
0	0	2	1	0	1	0	
0	1	0	0	0	0	0	
2	1	0	2	0	0	0	
0	0	0	0	0	0	0	
0	0	3	0	1	0	0	
0	0	0	0	2	0	0	
3	0	0	0	0	0	0	
0	0	0	0	3	0	0	
2	2	0	1	2	2	0	
0	0	0	0	1	0	0	
1	0	1	0	0	1	0	
1	0	0	0	0	0	0	
0	0	3	0	0	0	0	
0	0	0	1	2	2	0	
2	1	0	2	0	0	0	
0	1	3	1	2	2	0	
0	0	0	0	3	2	0	
0	0	0	0	0	3	0	
2	0	0	0	0	0	0	
3	3	0	0	0	1	0	
0	1	1	0	0	0	0	
2	0	1	2	2	1	0	
0	0	1	0	0	0	0	
3	2	0	0	0	0	0	
1	0	0	3	0	1	0	
2	0	0	0	1	0	0	
0	2	0	0	1	1	0	
2	0	0	0	0	1	0	
0	2	1	0	3	0	0	
3	3	0	1	0	1	0	
0	0	0	0	2	0	0	
1	0	0	0	0	0	0	
2	0	2	0	0	1	0	
1	0	0	0	0	0	0	
2	2	1	3	0	1	0	
0	0	0	0	1	1	0	
1	0	1	0	0	1	0	
3	2	0	0	2	0	0	
2	0	0	0	2	0	0	
3	0	0	0	0	0	0	
0	1	3	0	0	2	0	
0	0	0	0	1	0	0	
0	1	1	3	2	3	0	
0	0	0	0	0	2	0	
0	0	3	0	0	2	0	
0	0	0	0	0	2	0	
2	2	3	3	1	0	0	
1	2	0	0	0	0	0	
0	0	2	3	0	0	0	
1	0	0	0	1	1	0	
3	2	3	3	0	0	0	
0	0	3	3	0	2	0	
2	2	1	0	2	3	0	
0	1	3	1	1	3	0	
2	3	0	3	1	0	2	
0	0	3	3	0	1	0	
0	0	1	3	2	0	0	
1	1	2	2	3	0	0	
0	1	0	3	0	0	0	
0	0	0	3	0	3	0	
0	0	0	3	0	0	0	
0	0	0	2	1	0	0	
2	1	0	0	0	0	0	
0	2	1	0	1	0	0	
0	0	1	1	0	0	0	
0	0	0	0	0	2	0	
0	0	0	0	0	0	0	
0	2	0	3	0	1	0	
0	0	0	0	1	0	0	
2	1	0	0	0	3	0	
0	0	0	0	0	0	0	
0	1	0	0	1	0	0	
0	1	0	1	2	2	0	
--------------------


The best solution was found at the restart: 14, population: 0
Total Time Elapsed: 0 hour(s), 16 minute(s), 56 second(s), 173 millisecond(s)

