--------------------
Best Solution Found!
--------------------
Time: 0 hour(s), 0 minute(s), 0 second(s), 82 millisecond(s)

Fitness: 16186

2	2	0	2	0	0	0	
0	1	0	0	0	0	1	
0	0	0	2	2	0	1	
0	0	0	0	0	0	1	
1	2	0	3	0	1	1	
1	3	1	1	0	0	1	
0	2	0	0	0	0	3	
1	3	0	0	1	2	2	
2	3	1	0	3	0	2	
0	1	1	1	0	0	1	
0	3	2	0	1	0	1	
3	0	3	1	1	0	2	
0	0	1	0	0	0	3	
2	3	3	0	0	0	1	
2	1	3	0	0	0	0	
1	3	0	0	0	0	0	
1	1	3	0	2	0	3	
0	0	3	0	0	0	0	
1	1	0	0	0	0	3	
1	3	1	0	3	0	0	
3	0	2	0	0	0	2	
1	3	1	0	0	3	3	
2	2	1	0	2	1	0	
3	3	3	2	0	0	1	
2	0	0	0	0	0	0	
--------------------

--------------------
Best Solution Found!
--------------------
Time: 0 hour(s), 0 minute(s), 0 second(s), 83 millisecond(s)

Fitness: 16186

2	2	0	2	0	0	0	
0	1	0	0	0	0	1	
0	0	0	2	2	0	1	
0	0	0	0	0	0	1	
1	2	0	3	0	1	1	
1	3	1	1	0	0	1	
0	2	0	0	0	0	3	
1	3	0	0	1	2	2	
2	3	1	0	3	0	2	
0	1	1	1	0	0	1	
0	3	2	0	1	0	1	
3	0	3	1	1	0	2	
0	0	1	0	0	0	3	
2	3	3	0	0	0	1	
2	1	3	0	0	0	0	
1	3	0	0	0	0	0	
1	1	3	0	2	0	3	
0	0	3	0	0	0	0	
1	1	0	0	0	0	3	
1	3	1	0	3	0	0	
3	0	2	0	0	0	2	
1	3	1	0	0	3	3	
2	2	1	0	2	1	0	
3	3	3	2	0	0	1	
2	0	0	0	0	0	0	
--------------------

--------------------
Best Solution Found!
--------------------
Time: 0 hour(s), 0 minute(s), 5 second(s), 573 millisecond(s)

Fitness: 16180

3	1	0	0	0	0	1	
1	0	1	0	2	1	1	
0	3	0	0	0	0	1	
2	2	0	0	0	0	1	
1	3	3	2	0	0	1	
0	0	0	1	0	0	2	
0	3	0	0	0	0	3	
1	3	1	0	2	0	2	
0	2	1	0	0	0	1	
3	0	3	0	0	3	0	
3	3	0	0	3	0	1	
1	0	0	0	0	0	0	
2	1	3	1	2	0	0	
2	3	1	0	3	0	3	
0	0	1	1	0	0	0	
1	0	3	0	0	0	3	
0	3	3	0	0	0	0	
0	1	0	2	0	0	1	
2	1	2	0	0	1	2	
0	3	0	0	0	2	1	
2	2	0	0	0	0	2	
1	2	1	2	0	0	3	
1	0	1	0	1	0	0	
2	3	3	0	1	0	3	
1	1	2	3	1	0	0	
--------------------

--------------------
Best Solution Found!
--------------------
Time: 0 hour(s), 0 minute(s), 5 second(s), 575 millisecond(s)

Fitness: 16180

3	1	0	0	0	0	1	
1	0	1	0	2	1	1	
0	3	0	0	0	0	1	
2	2	0	0	0	0	1	
1	3	3	2	0	0	1	
0	0	0	1	0	0	2	
0	3	0	0	0	0	3	
1	3	1	0	2	0	2	
0	2	1	0	0	0	1	
3	0	3	0	0	3	0	
3	3	0	0	3	0	1	
1	0	0	0	0	0	0	
2	1	3	1	2	0	0	
2	3	1	0	3	0	3	
0	0	1	1	0	0	0	
1	0	3	0	0	0	3	
0	3	3	0	0	0	0	
0	1	0	2	0	0	1	
2	1	2	0	0	1	2	
0	3	0	0	0	2	1	
2	2	0	0	0	0	2	
1	2	1	2	0	0	3	
1	0	1	0	1	0	0	
2	3	3	0	1	0	3	
1	1	2	3	1	0	0	
--------------------

--------------------
Best Solution Found!
--------------------
Time: 0 hour(s), 0 minute(s), 5 second(s), 576 millisecond(s)

Fitness: 16180

3	1	0	0	0	0	1	
1	0	1	0	2	1	1	
0	3	0	0	0	0	1	
2	2	0	0	0	0	1	
1	3	3	2	0	0	1	
0	0	0	1	0	0	2	
0	3	0	0	0	0	3	
1	3	1	0	2	0	2	
0	2	1	0	0	0	1	
3	0	3	0	0	3	0	
3	3	0	0	3	0	1	
1	0	0	0	0	0	0	
2	1	3	1	2	0	0	
2	3	1	0	3	0	3	
0	0	1	1	0	0	0	
1	0	3	0	0	0	3	
0	3	3	0	0	0	0	
0	1	0	2	0	0	1	
2	1	2	0	0	1	2	
0	3	0	0	0	2	1	
2	2	0	0	0	0	2	
1	2	1	2	0	0	3	
1	0	1	0	1	0	0	
2	3	3	0	1	0	3	
1	1	2	3	1	0	0	
--------------------

--------------------
Best Solution Found!
--------------------
Time: 0 hour(s), 0 minute(s), 6 second(s), 741 millisecond(s)

Fitness: 15189

2	3	1	0	0	1	3	
1	1	2	0	2	0	2	
0	3	0	1	0	2	1	
0	2	0	0	0	0	3	
0	0	3	0	0	0	3	
3	3	0	0	1	0	2	
0	1	3	0	0	0	2	
3	0	1	0	0	0	0	
1	3	3	0	3	0	3	
2	2	3	0	2	0	1	
0	3	1	0	0	1	2	
3	2	0	0	0	0	0	
1	3	0	2	1	0	3	
2	2	1	2	0	0	1	
2	0	0	2	0	0	0	
0	3	1	0	0	0	0	
0	0	0	0	0	0	1	
0	1	1	0	0	0	1	
2	1	3	3	0	0	1	
1	1	3	1	0	0	1	
2	3	0	0	2	0	0	
1	0	2	0	0	0	0	
1	0	1	0	1	3	1	
1	3	0	1	3	0	1	
1	0	0	0	0	0	0	
--------------------

--------------------
Best Solution Found!
--------------------
Time: 0 hour(s), 0 minute(s), 6 second(s), 744 millisecond(s)

Fitness: 15189

2	3	1	0	0	1	3	
1	1	2	0	2	0	2	
0	3	0	1	0	2	1	
0	2	0	0	0	0	3	
0	0	3	0	0	0	3	
3	3	0	0	1	0	2	
0	1	3	0	0	0	2	
3	0	1	0	0	0	0	
1	3	3	0	3	0	3	
2	2	3	0	2	0	1	
0	3	1	0	0	1	2	
3	2	0	0	0	0	0	
1	3	0	2	1	0	3	
2	2	1	2	0	0	1	
2	0	0	2	0	0	0	
0	3	1	0	0	0	0	
0	0	0	0	0	0	1	
0	1	1	0	0	0	1	
2	1	3	3	0	0	1	
1	1	3	1	0	0	1	
2	3	0	0	2	0	0	
1	0	2	0	0	0	0	
1	0	1	0	1	3	1	
1	3	0	1	3	0	1	
1	0	0	0	0	0	0	
--------------------

--------------------
Best Solution Found!
--------------------
Time: 0 hour(s), 0 minute(s), 6 second(s), 745 millisecond(s)

Fitness: 15189

2	3	1	0	0	1	3	
1	1	2	0	2	0	2	
0	3	0	1	0	2	1	
0	2	0	0	0	0	3	
0	0	3	0	0	0	3	
3	3	0	0	1	0	2	
0	1	3	0	0	0	2	
3	0	1	0	0	0	0	
1	3	3	0	3	0	3	
2	2	3	0	2	0	1	
0	3	1	0	0	1	2	
3	2	0	0	0	0	0	
1	3	0	2	1	0	3	
2	2	1	2	0	0	1	
2	0	0	2	0	0	0	
0	3	1	0	0	0	0	
0	0	0	0	0	0	1	
0	1	1	0	0	0	1	
2	1	3	3	0	0	1	
1	1	3	1	0	0	1	
2	3	0	0	2	0	0	
1	0	2	0	0	0	0	
1	0	1	0	1	3	1	
1	3	0	1	3	0	1	
1	0	0	0	0	0	0	
--------------------

--------------------
Best Solution Found!
--------------------
Time: 0 hour(s), 0 minute(s), 8 second(s), 248 millisecond(s)

Fitness: 15187

2	0	0	0	0	0	2	
2	3	0	1	0	0	1	
1	3	1	0	2	0	3	
0	3	1	0	0	0	1	
2	3	2	0	0	0	1	
1	1	1	2	1	0	2	
1	0	3	0	0	0	0	
0	2	3	1	0	0	0	
1	2	1	2	0	0	3	
3	1	3	0	1	0	1	
0	0	0	0	1	2	2	
1	2	3	0	3	0	1	
0	0	1	0	0	0	0	
2	3	1	0	0	1	3	
2	0	0	0	0	0	3	
0	3	0	0	0	0	0	
0	0	0	0	0	0	3	
2	1	2	1	0	0	1	
1	1	0	0	2	1	1	
3	2	3	0	3	0	2	
1	0	0	0	0	0	0	
1	3	1	2	0	0	1	
0	3	3	0	0	0	1	
0	1	0	0	0	0	0	
3	3	0	3	2	3	0	
--------------------

--------------------
Best Solution Found!
--------------------
Time: 0 hour(s), 0 minute(s), 31 second(s), 91 millisecond(s)

Fitness: 14197

3	3	1	0	0	1	1	
1	0	1	0	0	0	2	
2	1	0	1	0	1	0	
0	0	0	2	0	0	2	
1	1	0	0	0	0	0	
3	0	0	0	0	0	0	
0	1	3	0	0	0	3	
2	3	0	2	2	0	3	
1	0	3	0	0	0	0	
2	3	1	0	0	0	0	
0	0	0	0	0	0	3	
0	0	0	0	0	0	1	
2	1	3	0	0	0	0	
2	3	2	0	2	0	1	
1	1	1	0	3	0	2	
1	3	1	1	0	0	1	
0	3	0	0	0	0	0	
0	2	3	0	1	2	3	
1	2	0	3	0	0	1	
0	3	0	0	0	0	1	
2	2	1	0	1	0	1	
3	3	3	0	2	0	3	
1	0	2	2	1	0	2	
0	2	1	0	3	3	1	
1	3	3	1	0	0	1	
--------------------

--------------------
Best Solution Found!
--------------------
Time: 0 hour(s), 0 minute(s), 31 second(s), 92 millisecond(s)

Fitness: 14197

3	3	1	0	0	1	1	
1	0	1	0	0	0	2	
2	1	0	1	0	1	0	
0	0	0	2	0	0	2	
1	1	0	0	0	0	0	
3	0	0	0	0	0	0	
0	1	3	0	0	0	3	
2	3	0	2	2	0	3	
1	0	3	0	0	0	0	
2	3	1	0	0	0	0	
0	0	0	0	0	0	3	
0	0	0	0	0	0	1	
2	1	3	0	0	0	0	
2	3	2	0	2	0	1	
1	1	1	0	3	0	2	
1	3	1	1	0	0	1	
0	3	0	0	0	0	0	
0	2	3	0	1	2	3	
1	2	0	3	0	0	1	
0	3	0	0	0	0	1	
2	2	1	0	1	0	1	
3	3	3	0	2	0	3	
1	0	2	2	1	0	2	
0	2	1	0	3	3	1	
1	3	3	1	0	0	1	
--------------------

--------------------
Best Solution Found!
--------------------
Time: 0 hour(s), 0 minute(s), 31 second(s), 94 millisecond(s)

Fitness: 14197

3	3	1	0	0	1	1	
1	0	1	0	0	0	2	
2	1	0	1	0	1	0	
0	0	0	2	0	0	2	
1	1	0	0	0	0	0	
3	0	0	0	0	0	0	
0	1	3	0	0	0	3	
2	3	0	2	2	0	3	
1	0	3	0	0	0	0	
2	3	1	0	0	0	0	
0	0	0	0	0	0	3	
0	0	0	0	0	0	1	
2	1	3	0	0	0	0	
2	3	2	0	2	0	1	
1	1	1	0	3	0	2	
1	3	1	1	0	0	1	
0	3	0	0	0	0	0	
0	2	3	0	1	2	3	
1	2	0	3	0	0	1	
0	3	0	0	0	0	1	
2	2	1	0	1	0	1	
3	3	3	0	2	0	3	
1	0	2	2	1	0	2	
0	2	1	0	3	3	1	
1	3	3	1	0	0	1	
--------------------

--------------------
Best Solution Found!
--------------------
Time: 0 hour(s), 2 minute(s), 43 second(s), 542 millisecond(s)

Fitness: 14184

0	3	2	0	0	0	0	
2	3	1	0	2	0	1	
1	3	0	0	0	0	0	
2	2	0	0	1	2	3	
0	3	0	0	0	0	1	
2	2	1	2	0	0	3	
3	1	1	3	0	0	1	
2	1	3	0	2	1	0	
3	0	1	0	0	0	3	
0	3	1	0	0	0	2	
1	3	0	1	3	0	3	
1	3	0	0	0	1	2	
0	0	0	0	0	0	1	
1	2	1	1	0	0	1	
0	2	0	0	0	0	0	
0	1	2	1	1	0	2	
3	0	3	0	0	0	3	
1	0	0	0	0	0	0	
1	0	3	2	1	0	1	
0	0	3	0	2	0	1	
1	1	0	0	0	0	2	
0	0	0	0	0	0	0	
1	1	3	0	0	3	1	
2	3	3	0	3	0	0	
2	3	1	2	0	0	1	
--------------------

--------------------
Best Solution Found!
--------------------
Time: 0 hour(s), 2 minute(s), 43 second(s), 543 millisecond(s)

Fitness: 14184

0	3	2	0	0	0	0	
2	3	1	0	2	0	1	
1	3	0	0	0	0	0	
2	2	0	0	1	2	3	
0	3	0	0	0	0	1	
2	2	1	2	0	0	3	
3	1	1	3	0	0	1	
2	1	3	0	2	1	0	
3	0	1	0	0	0	3	
0	3	1	0	0	0	2	
1	3	0	1	3	0	3	
1	3	0	0	0	1	2	
0	0	0	0	0	0	1	
1	2	1	1	0	0	1	
0	2	0	0	0	0	0	
0	1	2	1	1	0	2	
3	0	3	0	0	0	3	
1	0	0	0	0	0	0	
1	0	3	2	1	0	1	
0	0	3	0	2	0	1	
1	1	0	0	0	0	2	
0	0	0	0	0	0	0	
1	1	3	0	0	3	1	
2	3	3	0	3	0	0	
2	3	1	2	0	0	1	
--------------------

--------------------
Best Solution Found!
--------------------
Time: 0 hour(s), 2 minute(s), 43 second(s), 545 millisecond(s)

Fitness: 14184

0	3	2	0	0	0	0	
2	3	1	0	2	0	1	
1	3	0	0	0	0	0	
2	2	0	0	1	2	3	
0	3	0	0	0	0	1	
2	2	1	2	0	0	3	
3	1	1	3	0	0	1	
2	1	3	0	2	1	0	
3	0	1	0	0	0	3	
0	3	1	0	0	0	2	
1	3	0	1	3	0	3	
1	3	0	0	0	1	2	
0	0	0	0	0	0	1	
1	2	1	1	0	0	1	
0	2	0	0	0	0	0	
0	1	2	1	1	0	2	
3	0	3	0	0	0	3	
1	0	0	0	0	0	0	
1	0	3	2	1	0	1	
0	0	3	0	2	0	1	
1	1	0	0	0	0	2	
0	0	0	0	0	0	0	
1	1	3	0	0	3	1	
2	3	3	0	3	0	0	
2	3	1	2	0	0	1	
--------------------

--------------------
Best Solution Found!
--------------------
Time: 0 hour(s), 2 minute(s), 43 second(s), 546 millisecond(s)

Fitness: 14184

0	3	2	0	0	0	0	
2	3	1	0	2	0	1	
1	3	0	0	0	0	0	
2	2	0	0	1	2	3	
0	3	0	0	0	0	1	
2	2	1	2	0	0	3	
3	1	1	3	0	0	1	
2	1	3	0	2	1	0	
3	0	1	0	0	0	3	
0	3	1	0	0	0	2	
1	3	0	1	3	0	3	
1	3	0	0	0	1	2	
0	0	0	0	0	0	1	
1	2	1	1	0	0	1	
0	2	0	0	0	0	0	
0	1	2	1	1	0	2	
3	0	3	0	0	0	3	
1	0	0	0	0	0	0	
1	0	3	2	1	0	1	
0	0	3	0	2	0	1	
1	1	0	0	0	0	2	
0	0	0	0	0	0	0	
1	1	3	0	0	3	1	
2	3	3	0	3	0	0	
2	3	1	2	0	0	1	
--------------------

--------------------
Best Solution Found!
--------------------
Time: 0 hour(s), 2 minute(s), 43 second(s), 548 millisecond(s)

Fitness: 14184

0	3	2	0	0	0	0	
2	3	1	0	2	0	1	
1	3	0	0	0	0	0	
2	2	0	0	1	2	3	
0	3	0	0	0	0	1	
2	2	1	2	0	0	3	
3	1	1	3	0	0	1	
2	1	3	0	2	1	0	
3	0	1	0	0	0	3	
0	3	1	0	0	0	2	
1	3	0	1	3	0	3	
1	3	0	0	0	1	2	
0	0	0	0	0	0	1	
1	2	1	1	0	0	1	
0	2	0	0	0	0	0	
0	1	2	1	1	0	2	
3	0	3	0	0	0	3	
1	0	0	0	0	0	0	
1	0	3	2	1	0	1	
0	0	3	0	2	0	1	
1	1	0	0	0	0	2	
0	0	0	0	0	0	0	
1	1	3	0	0	3	1	
2	3	3	0	3	0	0	
2	3	1	2	0	0	1	
--------------------

--------------------
Best Solution Found!
--------------------
Time: 0 hour(s), 2 minute(s), 43 second(s), 548 millisecond(s)

Fitness: 14184

0	3	2	0	0	0	0	
2	3	1	0	2	0	1	
1	3	0	0	0	0	0	
2	2	0	0	1	2	3	
0	3	0	0	0	0	1	
2	2	1	2	0	0	3	
3	1	1	3	0	0	1	
2	1	3	0	2	1	0	
3	0	1	0	0	0	3	
0	3	1	0	0	0	2	
1	3	0	1	3	0	3	
1	3	0	0	0	1	2	
0	0	0	0	0	0	1	
1	2	1	1	0	0	1	
0	2	0	0	0	0	0	
0	1	2	1	1	0	2	
3	0	3	0	0	0	3	
1	0	0	0	0	0	0	
1	0	3	2	1	0	1	
0	0	3	0	2	0	1	
1	1	0	0	0	0	2	
0	0	0	0	0	0	0	
1	1	3	0	0	3	1	
2	3	3	0	3	0	0	
2	3	1	2	0	0	1	
--------------------

--------------------
Best Solution Found!
--------------------
Time: 0 hour(s), 2 minute(s), 43 second(s), 550 millisecond(s)

Fitness: 14184

0	3	2	0	0	0	0	
2	3	1	0	2	0	1	
1	3	0	0	0	0	0	
2	2	0	0	1	2	3	
0	3	0	0	0	0	1	
2	2	1	2	0	0	3	
3	1	1	3	0	0	1	
2	1	3	0	2	1	0	
3	0	1	0	0	0	3	
0	3	1	0	0	0	2	
1	3	0	1	3	0	3	
1	3	0	0	0	1	2	
0	0	0	0	0	0	1	
1	2	1	1	0	0	1	
0	2	0	0	0	0	0	
0	1	2	1	1	0	2	
3	0	3	0	0	0	3	
1	0	0	0	0	0	0	
1	0	3	2	1	0	1	
0	0	3	0	2	0	1	
1	1	0	0	0	0	2	
0	0	0	0	0	0	0	
1	1	3	0	0	3	1	
2	3	3	0	3	0	0	
2	3	1	2	0	0	1	
--------------------

--------------------
Best Solution Found!
--------------------
Time: 0 hour(s), 2 minute(s), 43 second(s), 551 millisecond(s)

Fitness: 14184

0	3	2	0	0	0	0	
2	3	1	0	2	0	1	
1	3	0	0	0	0	0	
2	2	0	0	1	2	3	
0	3	0	0	0	0	1	
2	2	1	2	0	0	3	
3	1	1	3	0	0	1	
2	1	3	0	2	1	0	
3	0	1	0	0	0	3	
0	3	1	0	0	0	2	
1	3	0	1	3	0	3	
1	3	0	0	0	1	2	
0	0	0	0	0	0	1	
1	2	1	1	0	0	1	
0	2	0	0	0	0	0	
0	1	2	1	1	0	2	
3	0	3	0	0	0	3	
1	0	0	0	0	0	0	
1	0	3	2	1	0	1	
0	0	3	0	2	0	1	
1	1	0	0	0	0	2	
0	0	0	0	0	0	0	
1	1	3	0	0	3	1	
2	3	3	0	3	0	0	
2	3	1	2	0	0	1	
--------------------


The best solution was found at the restart: 17, population: 0
Total Time Elapsed: 0 hour(s), 5 minute(s), 33 second(s), 250 millisecond(s)

