--------------------
Best Solution Found!
--------------------
Time: 0 hour(s), 0 minute(s), 0 second(s), 1 millisecond(s)

Fitness: 24082

2	0	0	0	0	0	0	
0	0	0	0	0	0	0	
0	0	1	1	0	0	0	
0	0	0	0	0	0	0	
2	3	1	0	0	0	0	
1	0	0	0	0	0	0	
0	0	2	0	0	0	0	
0	0	0	0	1	0	1	
0	3	0	0	0	0	0	
0	0	3	0	0	0	0	
0	0	0	0	0	0	0	
3	0	0	0	0	0	0	
0	0	0	0	1	0	2	
1	0	0	0	0	0	0	
0	0	1	0	0	0	0	
0	0	0	0	0	0	0	
0	0	0	0	1	0	0	
0	0	0	0	0	0	0	
2	0	0	0	0	0	3	
0	0	0	1	0	0	0	
0	2	2	0	3	3	1	
0	0	2	0	2	3	0	
1	0	0	2	0	0	0	
3	0	0	3	2	2	0	
0	0	0	0	0	0	0	
--------------------

--------------------
Best Solution Found!
--------------------
Time: 0 hour(s), 0 minute(s), 0 second(s), 8 millisecond(s)

Fitness: 24077

1	0	0	0	0	0	0	
2	0	1	0	1	3	0	
3	0	0	0	0	0	3	
0	0	0	0	0	0	2	
0	0	0	0	0	0	0	
0	0	0	0	2	0	0	
0	0	0	0	0	0	0	
0	2	0	0	0	0	0	
0	0	0	0	0	0	0	
0	0	0	0	0	0	0	
0	0	0	0	1	0	0	
1	0	2	0	0	0	0	
0	0	0	0	0	0	0	
3	0	0	0	0	0	0	
0	0	2	2	0	0	1	
0	3	0	0	0	0	0	
0	0	0	1	0	0	0	
0	0	1	1	0	0	0	
1	0	0	0	0	0	0	
2	0	2	3	2	2	0	
0	3	0	0	0	0	1	
2	0	0	0	3	0	0	
0	0	1	0	0	0	0	
0	0	0	0	0	0	0	
0	0	3	0	1	3	0	
--------------------

--------------------
Best Solution Found!
--------------------
Time: 0 hour(s), 0 minute(s), 0 second(s), 9 millisecond(s)

Fitness: 24077

1	0	0	0	0	0	0	
2	0	1	0	1	3	0	
3	0	0	0	0	0	3	
0	0	0	0	0	0	2	
0	0	0	0	0	0	0	
0	0	0	0	2	0	0	
0	0	0	0	0	0	0	
0	2	0	0	0	0	0	
0	0	0	0	0	0	0	
0	0	0	0	0	0	0	
0	0	0	0	1	0	0	
1	0	2	0	0	0	0	
0	0	0	0	0	0	0	
3	0	0	0	0	0	0	
0	0	2	2	0	0	1	
0	3	0	0	0	0	0	
0	0	0	1	0	0	0	
0	0	1	1	0	0	0	
1	0	0	0	0	0	0	
2	0	2	3	2	2	0	
0	3	0	0	0	0	1	
2	0	0	0	3	0	0	
0	0	1	0	0	0	0	
0	0	0	0	0	0	0	
0	0	3	0	1	3	0	
--------------------

--------------------
Best Solution Found!
--------------------
Time: 0 hour(s), 0 minute(s), 0 second(s), 11 millisecond(s)

Fitness: 24077

1	0	0	0	0	0	0	
2	0	1	0	1	3	0	
3	0	0	0	0	0	3	
0	0	0	0	0	0	2	
0	0	0	0	0	0	0	
0	0	0	0	2	0	0	
0	0	0	0	0	0	0	
0	2	0	0	0	0	0	
0	0	0	0	0	0	0	
0	0	0	0	0	0	0	
0	0	0	0	1	0	0	
1	0	2	0	0	0	0	
0	0	0	0	0	0	0	
3	0	0	0	0	0	0	
0	0	2	2	0	0	1	
0	3	0	0	0	0	0	
0	0	0	1	0	0	0	
0	0	1	1	0	0	0	
1	0	0	0	0	0	0	
2	0	2	3	2	2	0	
0	3	0	0	0	0	1	
2	0	0	0	3	0	0	
0	0	1	0	0	0	0	
0	0	0	0	0	0	0	
0	0	3	0	1	3	0	
--------------------

--------------------
Best Solution Found!
--------------------
Time: 0 hour(s), 0 minute(s), 0 second(s), 11 millisecond(s)

Fitness: 24077

1	0	0	0	0	0	0	
2	0	1	0	1	3	0	
3	0	0	0	0	0	3	
0	0	0	0	0	0	2	
0	0	0	0	0	0	0	
0	0	0	0	2	0	0	
0	0	0	0	0	0	0	
0	2	0	0	0	0	0	
0	0	0	0	0	0	0	
0	0	0	0	0	0	0	
0	0	0	0	1	0	0	
1	0	2	0	0	0	0	
0	0	0	0	0	0	0	
3	0	0	0	0	0	0	
0	0	2	2	0	0	1	
0	3	0	0	0	0	0	
0	0	0	1	0	0	0	
0	0	1	1	0	0	0	
1	0	0	0	0	0	0	
2	0	2	3	2	2	0	
0	3	0	0	0	0	1	
2	0	0	0	3	0	0	
0	0	1	0	0	0	0	
0	0	0	0	0	0	0	
0	0	3	0	1	3	0	
--------------------

--------------------
Best Solution Found!
--------------------
Time: 0 hour(s), 0 minute(s), 0 second(s), 53 millisecond(s)

Fitness: 24072

1	0	3	0	0	0	0	
0	0	0	0	0	0	0	
2	3	1	0	1	0	3	
0	0	0	0	0	0	2	
0	0	0	0	0	3	0	
0	0	0	0	0	0	0	
3	0	0	0	0	0	0	
0	0	0	1	0	3	0	
0	0	0	0	0	0	0	
0	0	0	0	0	0	0	
0	0	0	0	0	0	0	
0	0	0	0	2	0	0	
1	0	2	3	0	0	0	
2	0	0	2	0	0	0	
3	2	1	0	3	2	1	
0	0	2	0	0	0	0	
0	0	0	0	0	0	0	
2	3	0	0	0	0	0	
1	0	0	0	0	0	0	
0	0	0	0	0	0	0	
0	0	1	0	1	0	1	
0	0	0	0	1	0	0	
0	0	0	1	0	0	0	
0	0	0	0	0	0	0	
0	0	2	0	2	0	0	
--------------------

--------------------
Best Solution Found!
--------------------
Time: 0 hour(s), 0 minute(s), 0 second(s), 54 millisecond(s)

Fitness: 24072

1	0	3	0	0	0	0	
0	0	0	0	0	0	0	
2	3	1	0	1	0	3	
0	0	0	0	0	0	2	
0	0	0	0	0	3	0	
0	0	0	0	0	0	0	
3	0	0	0	0	0	0	
0	0	0	1	0	3	0	
0	0	0	0	0	0	0	
0	0	0	0	0	0	0	
0	0	0	0	0	0	0	
0	0	0	0	2	0	0	
1	0	2	3	0	0	0	
2	0	0	2	0	0	0	
3	2	1	0	3	2	1	
0	0	2	0	0	0	0	
0	0	0	0	0	0	0	
2	3	0	0	0	0	0	
1	0	0	0	0	0	0	
0	0	0	0	0	0	0	
0	0	1	0	1	0	1	
0	0	0	0	1	0	0	
0	0	0	1	0	0	0	
0	0	0	0	0	0	0	
0	0	2	0	2	0	0	
--------------------

--------------------
Best Solution Found!
--------------------
Time: 0 hour(s), 0 minute(s), 0 second(s), 55 millisecond(s)

Fitness: 24072

1	0	3	0	0	0	0	
0	0	0	0	0	0	0	
2	3	1	0	1	0	3	
0	0	0	0	0	0	2	
0	0	0	0	0	3	0	
0	0	0	0	0	0	0	
3	0	0	0	0	0	0	
0	0	0	1	0	3	0	
0	0	0	0	0	0	0	
0	0	0	0	0	0	0	
0	0	0	0	0	0	0	
0	0	0	0	2	0	0	
1	0	2	3	0	0	0	
2	0	0	2	0	0	0	
3	2	1	0	3	2	1	
0	0	2	0	0	0	0	
0	0	0	0	0	0	0	
2	3	0	0	0	0	0	
1	0	0	0	0	0	0	
0	0	0	0	0	0	0	
0	0	1	0	1	0	1	
0	0	0	0	1	0	0	
0	0	0	1	0	0	0	
0	0	0	0	0	0	0	
0	0	2	0	2	0	0	
--------------------

--------------------
Best Solution Found!
--------------------
Time: 0 hour(s), 0 minute(s), 0 second(s), 93 millisecond(s)

Fitness: 24065

0	0	0	0	0	0	2	
0	0	0	3	3	0	0	
0	0	1	0	0	0	0	
2	0	2	0	0	0	0	
2	2	0	0	0	3	0	
0	0	0	0	0	0	3	
1	0	0	0	0	0	0	
2	0	0	0	0	0	0	
0	0	0	0	0	0	0	
1	3	1	0	2	0	1	
1	0	0	0	0	0	0	
0	3	2	0	1	0	0	
0	0	0	0	0	0	0	
0	0	2	0	0	3	0	
0	0	3	1	1	0	0	
0	0	0	0	0	0	0	
0	0	1	0	0	0	0	
0	0	0	0	1	0	1	
3	0	0	0	0	0	0	
0	0	0	2	0	0	0	
0	0	0	0	0	0	0	
0	0	0	0	0	0	0	
0	0	0	0	2	2	0	
0	0	0	1	0	0	0	
3	0	0	0	0	0	0	
--------------------

--------------------
Best Solution Found!
--------------------
Time: 0 hour(s), 0 minute(s), 0 second(s), 94 millisecond(s)

Fitness: 24065

0	0	0	0	0	0	2	
0	0	0	3	3	0	0	
0	0	1	0	0	0	0	
2	0	2	0	0	0	0	
2	2	0	0	0	3	0	
0	0	0	0	0	0	3	
1	0	0	0	0	0	0	
2	0	0	0	0	0	0	
0	0	0	0	0	0	0	
1	3	1	0	2	0	1	
1	0	0	0	0	0	0	
0	3	2	0	1	0	0	
0	0	0	0	0	0	0	
0	0	2	0	0	3	0	
0	0	3	1	1	0	0	
0	0	0	0	0	0	0	
0	0	1	0	0	0	0	
0	0	0	0	1	0	1	
3	0	0	0	0	0	0	
0	0	0	2	0	0	0	
0	0	0	0	0	0	0	
0	0	0	0	0	0	0	
0	0	0	0	2	2	0	
0	0	0	1	0	0	0	
3	0	0	0	0	0	0	
--------------------

--------------------
Best Solution Found!
--------------------
Time: 0 hour(s), 0 minute(s), 0 second(s), 94 millisecond(s)

Fitness: 24065

0	0	0	0	0	0	2	
0	0	0	3	3	0	0	
0	0	1	0	0	0	0	
2	0	2	0	0	0	0	
2	2	0	0	0	3	0	
0	0	0	0	0	0	3	
1	0	0	0	0	0	0	
2	0	0	0	0	0	0	
0	0	0	0	0	0	0	
1	3	1	0	2	0	1	
1	0	0	0	0	0	0	
0	3	2	0	1	0	0	
0	0	0	0	0	0	0	
0	0	2	0	0	3	0	
0	0	3	1	1	0	0	
0	0	0	0	0	0	0	
0	0	1	0	0	0	0	
0	0	0	0	1	0	1	
3	0	0	0	0	0	0	
0	0	0	2	0	0	0	
0	0	0	0	0	0	0	
0	0	0	0	0	0	0	
0	0	0	0	2	2	0	
0	0	0	1	0	0	0	
3	0	0	0	0	0	0	
--------------------

--------------------
Best Solution Found!
--------------------
Time: 0 hour(s), 0 minute(s), 0 second(s), 95 millisecond(s)

Fitness: 24065

0	0	0	0	0	0	2	
0	0	0	3	3	0	0	
0	0	1	0	0	0	0	
2	0	2	0	0	0	0	
2	2	0	0	0	3	0	
0	0	0	0	0	0	3	
1	0	0	0	0	0	0	
2	0	0	0	0	0	0	
0	0	0	0	0	0	0	
1	3	1	0	2	0	1	
1	0	0	0	0	0	0	
0	3	2	0	1	0	0	
0	0	0	0	0	0	0	
0	0	2	0	0	3	0	
0	0	3	1	1	0	0	
0	0	0	0	0	0	0	
0	0	1	0	0	0	0	
0	0	0	0	1	0	1	
3	0	0	0	0	0	0	
0	0	0	2	0	0	0	
0	0	0	0	0	0	0	
0	0	0	0	0	0	0	
0	0	0	0	2	2	0	
0	0	0	1	0	0	0	
3	0	0	0	0	0	0	
--------------------

--------------------
Best Solution Found!
--------------------
Time: 0 hour(s), 0 minute(s), 0 second(s), 188 millisecond(s)

Fitness: 23077

0	0	0	0	0	0	0	
0	0	0	0	0	0	0	
3	0	2	0	0	0	0	
0	0	3	0	0	2	0	
3	0	2	0	1	0	0	
0	0	0	0	0	0	0	
0	0	0	0	0	0	0	
1	0	1	0	0	3	3	
0	0	0	0	0	0	0	
2	0	0	1	0	0	0	
0	0	2	0	0	0	0	
0	0	0	0	0	0	0	
1	0	0	0	0	0	1	
0	0	1	0	0	0	0	
0	0	0	1	0	0	0	
0	3	0	0	0	0	0	
0	0	0	3	0	0	0	
0	0	0	0	0	0	0	
1	3	1	2	2	0	0	
2	0	0	0	1	0	0	
0	0	0	0	3	0	2	
0	0	0	0	1	0	0	
2	2	0	0	2	3	1	
0	0	0	0	0	0	0	
0	0	0	0	0	0	0	
--------------------

--------------------
Best Solution Found!
--------------------
Time: 0 hour(s), 0 minute(s), 0 second(s), 282 millisecond(s)

Fitness: 23074

0	0	0	0	0	0	0	
0	0	1	0	0	0	0	
1	0	0	0	0	0	0	
3	2	0	0	0	0	0	
0	0	0	0	0	2	0	
0	0	0	1	0	0	0	
0	0	0	0	0	0	0	
0	0	0	0	0	0	0	
2	0	3	0	0	0	0	
3	0	2	2	1	3	0	
0	0	1	1	0	0	0	
0	0	0	0	0	0	0	
1	0	0	0	1	0	0	
0	0	0	0	3	0	0	
0	0	0	0	0	0	3	
0	0	0	0	0	0	1	
0	0	0	0	2	0	0	
0	0	2	0	0	0	0	
2	0	0	0	0	3	0	
0	0	0	0	0	0	0	
0	0	0	0	0	0	0	
1	3	2	0	2	0	1	
2	0	0	0	1	0	0	
0	0	1	3	0	0	2	
0	3	0	0	0	0	0	
--------------------

--------------------
Best Solution Found!
--------------------
Time: 0 hour(s), 0 minute(s), 0 second(s), 636 millisecond(s)

Fitness: 23074

0	0	0	0	3	0	0	
0	0	2	0	1	0	0	
1	0	0	0	0	0	0	
2	0	0	0	0	3	0	
0	0	2	0	0	0	0	
0	0	0	0	0	0	0	
1	0	0	0	1	0	0	
0	2	1	0	0	0	0	
2	0	0	0	0	0	0	
0	0	0	0	0	0	0	
3	0	0	0	0	0	0	
1	0	0	0	0	0	0	
0	0	2	1	1	2	2	
0	0	1	0	0	0	1	
0	3	3	2	2	0	3	
0	3	0	0	0	0	0	
0	0	0	0	0	0	0	
0	0	0	0	0	0	1	
0	0	1	1	0	3	0	
0	0	0	0	0	0	0	
0	0	0	0	0	0	0	
2	0	0	3	2	0	0	
0	0	0	0	0	0	0	
3	0	0	0	0	0	0	
0	0	0	0	0	0	0	
--------------------

--------------------
Best Solution Found!
--------------------
Time: 0 hour(s), 0 minute(s), 3 second(s), 867 millisecond(s)

Fitness: 23070

0	0	0	0	0	0	0	
0	3	2	0	1	3	1	
0	0	0	0	0	0	0	
0	0	0	0	2	0	0	
2	0	3	0	0	0	0	
0	0	2	0	0	0	0	
0	0	0	0	0	0	0	
2	0	0	0	0	3	0	
0	0	0	0	0	0	1	
2	0	0	0	1	0	0	
0	0	0	0	0	0	0	
0	0	0	0	0	0	0	
3	0	0	3	0	0	0	
0	0	0	0	0	0	0	
1	0	0	2	0	0	0	
0	2	0	0	0	2	0	
3	3	1	1	2	0	0	
1	0	2	0	0	0	0	
0	0	1	0	0	0	3	
0	0	0	0	1	0	0	
0	0	0	0	3	0	0	
0	0	0	0	0	0	0	
0	0	0	0	0	0	2	
1	0	1	0	0	0	0	
0	0	0	1	0	0	0	
--------------------

--------------------
Best Solution Found!
--------------------
Time: 0 hour(s), 0 minute(s), 3 second(s), 867 millisecond(s)

Fitness: 23070

0	0	0	0	0	0	0	
0	3	2	0	1	3	1	
0	0	0	0	0	0	0	
0	0	0	0	2	0	0	
2	0	3	0	0	0	0	
0	0	2	0	0	0	0	
0	0	0	0	0	0	0	
2	0	0	0	0	3	0	
0	0	0	0	0	0	1	
2	0	0	0	1	0	0	
0	0	0	0	0	0	0	
0	0	0	0	0	0	0	
3	0	0	3	0	0	0	
0	0	0	0	0	0	0	
1	0	0	2	0	0	0	
0	2	0	0	0	2	0	
3	3	1	1	2	0	0	
1	0	2	0	0	0	0	
0	0	1	0	0	0	3	
0	0	0	0	1	0	0	
0	0	0	0	3	0	0	
0	0	0	0	0	0	0	
0	0	0	0	0	0	2	
1	0	1	0	0	0	0	
0	0	0	1	0	0	0	
--------------------

--------------------
Best Solution Found!
--------------------
Time: 0 hour(s), 0 minute(s), 3 second(s), 868 millisecond(s)

Fitness: 23070

0	0	0	0	0	0	0	
0	3	2	0	1	3	1	
0	0	0	0	0	0	0	
0	0	0	0	2	0	0	
2	0	3	0	0	0	0	
0	0	2	0	0	0	0	
0	0	0	0	0	0	0	
2	0	0	0	0	3	0	
0	0	0	0	0	0	1	
2	0	0	0	1	0	0	
0	0	0	0	0	0	0	
0	0	0	0	0	0	0	
3	0	0	3	0	0	0	
0	0	0	0	0	0	0	
1	0	0	2	0	0	0	
0	2	0	0	0	2	0	
3	3	1	1	2	0	0	
1	0	2	0	0	0	0	
0	0	1	0	0	0	3	
0	0	0	0	1	0	0	
0	0	0	0	3	0	0	
0	0	0	0	0	0	0	
0	0	0	0	0	0	2	
1	0	1	0	0	0	0	
0	0	0	1	0	0	0	
--------------------

--------------------
Best Solution Found!
--------------------
Time: 0 hour(s), 0 minute(s), 7 second(s), 864 millisecond(s)

Fitness: 23068

2	0	0	0	0	0	0	
1	0	1	0	0	2	2	
0	0	0	0	0	0	0	
0	0	3	2	1	3	3	
3	3	0	0	0	0	0	
0	0	0	0	0	3	0	
0	0	1	0	0	0	0	
0	0	0	0	0	0	0	
0	0	0	0	0	0	0	
0	0	0	0	1	0	0	
0	0	0	0	1	0	0	
0	0	0	0	0	0	0	
2	3	1	0	0	0	0	
0	2	0	0	0	0	0	
0	0	2	0	2	0	0	
2	0	0	0	0	0	0	
3	0	0	1	0	0	0	
0	0	0	0	0	0	0	
1	0	2	1	3	0	1	
0	0	2	0	0	0	0	
0	0	0	3	0	0	0	
0	0	0	0	2	0	0	
0	0	0	0	0	0	0	
1	0	0	0	0	0	1	
0	0	0	0	0	0	0	
--------------------

--------------------
Best Solution Found!
--------------------
Time: 0 hour(s), 0 minute(s), 13 second(s), 115 millisecond(s)

Fitness: 23068

2	0	0	0	0	0	0	
0	0	3	1	2	3	1	
3	3	0	0	0	0	0	
2	0	0	0	0	0	0	
2	2	0	0	0	2	0	
0	0	0	0	0	0	0	
0	0	0	0	0	0	0	
0	0	1	2	2	3	2	
1	0	0	0	0	0	0	
0	0	1	0	0	0	0	
0	0	2	0	0	0	0	
1	0	0	0	0	0	0	
0	0	0	0	0	0	3	
0	3	2	0	0	0	0	
0	0	1	0	0	0	0	
1	0	2	0	0	0	0	
0	0	0	0	0	0	0	
0	0	0	0	3	0	0	
0	0	0	1	0	0	0	
0	0	0	0	1	0	0	
0	0	0	0	0	0	0	
0	0	0	0	0	0	0	
0	0	0	3	1	0	0	
0	0	0	0	1	0	0	
3	0	0	0	0	0	1	
--------------------

--------------------
Best Solution Found!
--------------------
Time: 0 hour(s), 0 minute(s), 13 second(s), 117 millisecond(s)

Fitness: 23068

2	0	0	0	0	0	0	
0	0	3	1	2	3	1	
3	3	0	0	0	0	0	
2	0	0	0	0	0	0	
2	2	0	0	0	2	0	
0	0	0	0	0	0	0	
0	0	0	0	0	0	0	
0	0	1	2	2	3	2	
1	0	0	0	0	0	0	
0	0	1	0	0	0	0	
0	0	2	0	0	0	0	
1	0	0	0	0	0	0	
0	0	0	0	0	0	3	
0	3	2	0	0	0	0	
0	0	1	0	0	0	0	
1	0	2	0	0	0	0	
0	0	0	0	0	0	0	
0	0	0	0	3	0	0	
0	0	0	1	0	0	0	
0	0	0	0	1	0	0	
0	0	0	0	0	0	0	
0	0	0	0	0	0	0	
0	0	0	3	1	0	0	
0	0	0	0	1	0	0	
3	0	0	0	0	0	1	
--------------------

--------------------
Best Solution Found!
--------------------
Time: 0 hour(s), 0 minute(s), 13 second(s), 118 millisecond(s)

Fitness: 23068

2	0	0	0	0	0	0	
0	0	3	1	2	3	1	
3	3	0	0	0	0	0	
2	0	0	0	0	0	0	
2	2	0	0	0	2	0	
0	0	0	0	0	0	0	
0	0	0	0	0	0	0	
0	0	1	2	2	3	2	
1	0	0	0	0	0	0	
0	0	1	0	0	0	0	
0	0	2	0	0	0	0	
1	0	0	0	0	0	0	
0	0	0	0	0	0	3	
0	3	2	0	0	0	0	
0	0	1	0	0	0	0	
1	0	2	0	0	0	0	
0	0	0	0	0	0	0	
0	0	0	0	3	0	0	
0	0	0	1	0	0	0	
0	0	0	0	1	0	0	
0	0	0	0	0	0	0	
0	0	0	0	0	0	0	
0	0	0	3	1	0	0	
0	0	0	0	1	0	0	
3	0	0	0	0	0	1	
--------------------

--------------------
Best Solution Found!
--------------------
Time: 0 hour(s), 0 minute(s), 13 second(s), 406 millisecond(s)

Fitness: 22084

0	0	0	0	0	0	0	
0	0	0	0	0	0	0	
2	0	0	0	0	0	0	
0	0	1	0	3	0	0	
0	0	0	0	0	0	0	
0	0	0	0	0	0	0	
1	0	0	0	0	3	0	
0	0	0	3	0	3	1	
0	0	0	0	0	0	0	
0	0	2	1	0	0	0	
2	0	0	0	0	0	0	
0	0	3	0	0	0	0	
0	0	0	2	0	0	0	
3	3	2	0	2	2	0	
2	0	0	0	0	0	3	
3	0	1	0	0	0	0	
1	3	0	1	1	0	2	
0	0	0	0	2	0	0	
0	0	0	0	0	0	0	
0	0	0	0	1	0	0	
0	0	0	0	0	0	0	
0	0	2	0	0	0	0	
1	2	1	0	1	0	1	
0	0	0	0	0	0	0	
0	0	0	0	0	0	0	
--------------------

--------------------
Best Solution Found!
--------------------
Time: 0 hour(s), 0 minute(s), 14 second(s), 689 millisecond(s)

Fitness: 22070

0	0	0	0	0	0	0	
0	0	0	0	1	0	0	
3	3	1	1	0	2	0	
0	0	0	0	0	0	0	
0	0	1	0	0	0	0	
0	0	0	0	0	0	1	
0	0	0	0	0	0	0	
0	0	0	0	0	0	0	
0	0	0	0	1	0	0	
0	0	2	0	0	0	0	
0	0	0	0	2	0	0	
1	0	3	0	0	0	0	
2	0	0	0	0	0	0	
2	0	0	0	0	0	0	
1	0	1	1	0	3	3	
2	0	2	0	0	0	0	
3	3	0	3	1	0	1	
0	2	0	0	0	0	2	
0	0	2	0	3	0	0	
0	0	0	0	0	0	0	
0	0	0	0	0	0	0	
0	0	0	0	2	0	0	
1	0	0	2	0	0	0	
0	0	0	0	0	0	0	
0	0	0	0	0	3	0	
--------------------

--------------------
Best Solution Found!
--------------------
Time: 0 hour(s), 0 minute(s), 14 second(s), 690 millisecond(s)

Fitness: 22070

0	0	0	0	0	0	0	
0	0	0	0	1	0	0	
3	3	1	1	0	2	0	
0	0	0	0	0	0	0	
0	0	1	0	0	0	0	
0	0	0	0	0	0	1	
0	0	0	0	0	0	0	
0	0	0	0	0	0	0	
0	0	0	0	1	0	0	
0	0	2	0	0	0	0	
0	0	0	0	2	0	0	
1	0	3	0	0	0	0	
2	0	0	0	0	0	0	
2	0	0	0	0	0	0	
1	0	1	1	0	3	3	
2	0	2	0	0	0	0	
3	3	0	3	1	0	1	
0	2	0	0	0	0	2	
0	0	2	0	3	0	0	
0	0	0	0	0	0	0	
0	0	0	0	0	0	0	
0	0	0	0	2	0	0	
1	0	0	2	0	0	0	
0	0	0	0	0	0	0	
0	0	0	0	0	3	0	
--------------------

--------------------
Best Solution Found!
--------------------
Time: 0 hour(s), 0 minute(s), 14 second(s), 691 millisecond(s)

Fitness: 22070

0	0	0	0	0	0	0	
0	0	0	0	1	0	0	
3	3	1	1	0	2	0	
0	0	0	0	0	0	0	
0	0	1	0	0	0	0	
0	0	0	0	0	0	1	
0	0	0	0	0	0	0	
0	0	0	0	0	0	0	
0	0	0	0	1	0	0	
0	0	2	0	0	0	0	
0	0	0	0	2	0	0	
1	0	3	0	0	0	0	
2	0	0	0	0	0	0	
2	0	0	0	0	0	0	
1	0	1	1	0	3	3	
2	0	2	0	0	0	0	
3	3	0	3	1	0	1	
0	2	0	0	0	0	2	
0	0	2	0	3	0	0	
0	0	0	0	0	0	0	
0	0	0	0	0	0	0	
0	0	0	0	2	0	0	
1	0	0	2	0	0	0	
0	0	0	0	0	0	0	
0	0	0	0	0	3	0	
--------------------

--------------------
Best Solution Found!
--------------------
Time: 0 hour(s), 0 minute(s), 14 second(s), 691 millisecond(s)

Fitness: 22070

0	0	0	0	0	0	0	
0	0	0	0	1	0	0	
3	3	1	1	0	2	0	
0	0	0	0	0	0	0	
0	0	1	0	0	0	0	
0	0	0	0	0	0	1	
0	0	0	0	0	0	0	
0	0	0	0	0	0	0	
0	0	0	0	1	0	0	
0	0	2	0	0	0	0	
0	0	0	0	2	0	0	
1	0	3	0	0	0	0	
2	0	0	0	0	0	0	
2	0	0	0	0	0	0	
1	0	1	1	0	3	3	
2	0	2	0	0	0	0	
3	3	0	3	1	0	1	
0	2	0	0	0	0	2	
0	0	2	0	3	0	0	
0	0	0	0	0	0	0	
0	0	0	0	0	0	0	
0	0	0	0	2	0	0	
1	0	0	2	0	0	0	
0	0	0	0	0	0	0	
0	0	0	0	0	3	0	
--------------------

--------------------
Best Solution Found!
--------------------
Time: 0 hour(s), 0 minute(s), 14 second(s), 693 millisecond(s)

Fitness: 22070

0	0	0	0	0	0	0	
0	0	0	0	1	0	0	
3	3	1	1	0	2	0	
0	0	0	0	0	0	0	
0	0	1	0	0	0	0	
0	0	0	0	0	0	1	
0	0	0	0	0	0	0	
0	0	0	0	0	0	0	
0	0	0	0	1	0	0	
0	0	2	0	0	0	0	
0	0	0	0	2	0	0	
1	0	3	0	0	0	0	
2	0	0	0	0	0	0	
2	0	0	0	0	0	0	
1	0	1	1	0	3	3	
2	0	2	0	0	0	0	
3	3	0	3	1	0	1	
0	2	0	0	0	0	2	
0	0	2	0	3	0	0	
0	0	0	0	0	0	0	
0	0	0	0	0	0	0	
0	0	0	0	2	0	0	
1	0	0	2	0	0	0	
0	0	0	0	0	0	0	
0	0	0	0	0	3	0	
--------------------

--------------------
Best Solution Found!
--------------------
Time: 0 hour(s), 0 minute(s), 14 second(s), 694 millisecond(s)

Fitness: 22070

0	0	0	0	0	0	0	
0	0	0	0	1	0	0	
3	3	1	1	0	2	0	
0	0	0	0	0	0	0	
0	0	1	0	0	0	0	
0	0	0	0	0	0	1	
0	0	0	0	0	0	0	
0	0	0	0	0	0	0	
0	0	0	0	1	0	0	
0	0	2	0	0	0	0	
0	0	0	0	2	0	0	
1	0	3	0	0	0	0	
2	0	0	0	0	0	0	
2	0	0	0	0	0	0	
1	0	1	1	0	3	3	
2	0	2	0	0	0	0	
3	3	0	3	1	0	1	
0	2	0	0	0	0	2	
0	0	2	0	3	0	0	
0	0	0	0	0	0	0	
0	0	0	0	0	0	0	
0	0	0	0	2	0	0	
1	0	0	2	0	0	0	
0	0	0	0	0	0	0	
0	0	0	0	0	3	0	
--------------------

--------------------
Best Solution Found!
--------------------
Time: 0 hour(s), 0 minute(s), 49 second(s), 19 millisecond(s)

Fitness: 22069

0	0	0	0	1	0	0	
0	0	0	0	0	0	0	
0	0	0	0	0	0	2	
2	0	0	0	2	0	0	
1	0	0	2	0	0	0	
0	0	0	0	0	0	0	
3	0	0	0	0	0	0	
0	0	0	0	0	0	0	
0	0	0	0	0	0	0	
0	0	2	0	0	0	1	
0	0	0	0	0	0	0	
0	0	0	0	0	0	0	
0	0	0	0	0	3	0	
0	3	0	0	0	0	0	
0	3	2	1	2	0	3	
1	0	1	3	0	0	0	
0	0	0	0	0	0	0	
2	0	2	0	1	3	1	
3	0	1	0	0	0	0	
2	0	0	0	1	0	0	
0	0	0	0	0	0	0	
0	0	0	0	3	0	0	
0	0	0	0	0	0	0	
1	2	1	1	0	2	0	
0	0	3	0	0	0	0	
--------------------

--------------------
Best Solution Found!
--------------------
Time: 0 hour(s), 0 minute(s), 49 second(s), 21 millisecond(s)

Fitness: 22069

0	0	0	0	1	0	0	
0	0	0	0	0	0	0	
0	0	0	0	0	0	2	
2	0	0	0	2	0	0	
1	0	0	2	0	0	0	
0	0	0	0	0	0	0	
3	0	0	0	0	0	0	
0	0	0	0	0	0	0	
0	0	0	0	0	0	0	
0	0	2	0	0	0	1	
0	0	0	0	0	0	0	
0	0	0	0	0	0	0	
0	0	0	0	0	3	0	
0	3	0	0	0	0	0	
0	3	2	1	2	0	3	
1	0	1	3	0	0	0	
0	0	0	0	0	0	0	
2	0	2	0	1	3	1	
3	0	1	0	0	0	0	
2	0	0	0	1	0	0	
0	0	0	0	0	0	0	
0	0	0	0	3	0	0	
0	0	0	0	0	0	0	
1	2	1	1	0	2	0	
0	0	3	0	0	0	0	
--------------------


The best solution was found at the restart: 5, population: 0
Total Time Elapsed: 0 hour(s), 2 minute(s), 43 second(s), 4 millisecond(s)

