--------------------
Best Solution Found!
--------------------
Time: 0 hour(s), 0 minute(s), 0 second(s), 4 millisecond(s)

Fitness: 175793

2	2	1	0	1	0	0	3	0	0	0	1	2	2	0	3	0	3	0	0	0	0	0	1	0	0	0	1	
0	0	1	0	1	0	0	2	0	0	0	0	0	1	0	0	3	3	0	1	1	0	0	3	0	0	0	1	
1	2	0	0	1	0	0	0	1	1	0	0	2	1	0	0	2	0	0	0	0	0	0	0	0	0	1	0	
1	0	0	0	0	0	1	3	0	0	0	1	2	0	1	0	0	3	0	0	1	0	0	0	0	0	1	1	
2	0	1	0	1	1	0	0	2	1	0	1	2	0	0	0	0	0	0	0	0	0	0	0	0	0	0	0	
0	1	1	1	0	0	2	3	1	0	0	0	1	0	0	0	0	0	0	0	1	0	0	1	0	0	1	0	
1	0	1	2	1	1	0	0	0	0	1	1	2	1	0	2	0	0	0	0	1	0	0	0	0	1	0	0	
1	2	0	1	0	0	1	0	0	1	0	0	3	0	0	0	0	0	0	0	0	0	1	0	0	0	0	0	
0	0	2	1	1	1	0	3	0	1	0	0	0	0	0	3	0	0	0	0	0	0	2	1	0	0	0	0	
0	2	0	0	0	0	0	3	0	0	1	1	0	1	2	0	0	0	0	0	0	0	0	0	0	0	1	0	
1	2	0	0	0	0	0	3	0	1	1	1	2	0	0	0	0	0	0	0	0	0	0	1	0	1	1	0	
0	0	0	1	0	0	0	0	1	0	1	0	0	0	1	0	0	0	0	0	0	0	0	0	0	1	0	0	
0	0	3	0	0	1	0	0	1	3	3	2	2	0	0	0	0	3	3	0	0	2	0	0	2	0	1	0	
1	0	1	0	0	0	0	3	0	1	1	0	0	0	2	0	0	0	0	0	0	0	0	1	1	0	0	0	
0	2	0	0	0	2	0	2	1	0	1	0	0	0	0	0	0	0	0	0	0	0	0	0	0	0	0	0	
1	3	1	1	1	1	1	2	1	0	0	0	2	1	1	0	3	0	0	0	1	0	0	0	0	0	0	0	
1	0	0	2	0	0	0	3	0	1	0	1	0	0	1	0	0	0	0	0	2	1	1	0	0	0	0	0	
1	2	1	0	0	1	0	0	0	0	0	1	0	0	0	3	3	0	0	0	1	0	0	0	0	2	1	1	
0	2	0	1	2	0	1	3	2	0	1	1	2	0	0	0	0	0	3	0	0	0	0	0	0	0	1	3	
1	2	0	1	1	1	0	0	0	0	3	0	0	0	0	0	0	0	0	0	1	0	0	0	0	2	1	0	
1	0	1	1	0	0	0	0	0	0	1	1	2	2	1	0	3	0	0	0	0	0	0	0	0	0	2	0	
1	0	0	1	1	0	2	3	0	0	0	0	0	0	0	0	3	0	1	0	1	0	0	0	0	1	2	0	
0	0	1	2	0	0	0	0	1	0	0	1	1	3	0	0	3	0	0	0	2	0	2	0	0	0	2	0	
2	0	1	0	2	1	1	0	0	1	1	2	0	0	0	0	0	0	0	0	2	0	2	0	0	2	1	0	
0	0	1	0	1	1	1	3	0	1	0	0	0	1	0	3	3	3	1	0	0	0	0	0	0	0	0	0	
0	0	3	0	0	0	0	3	0	3	0	0	2	1	0	0	0	2	0	0	1	0	0	0	0	0	1	1	
1	0	0	0	2	1	1	0	1	0	0	0	0	1	0	0	0	0	0	0	0	0	0	0	0	0	1	0	
2	2	0	1	0	0	1	0	0	0	0	1	2	1	0	0	0	0	0	0	1	1	1	0	2	0	0	0	
0	0	1	1	1	2	1	0	1	1	1	1	0	0	2	3	2	0	0	0	0	0	2	0	0	1	1	1	
1	0	0	0	0	0	0	0	1	0	0	2	0	1	0	0	0	0	0	0	1	1	2	1	0	0	0	0	
--------------------

--------------------
Best Solution Found!
--------------------
Time: 0 hour(s), 0 minute(s), 0 second(s), 7 millisecond(s)

Fitness: 175793

2	2	1	0	1	0	0	3	0	0	0	1	2	2	0	3	0	3	0	0	0	0	0	1	0	0	0	1	
0	0	1	0	1	0	0	2	0	0	0	0	0	1	0	0	3	3	0	1	1	0	0	3	0	0	0	1	
1	2	0	0	1	0	0	0	1	1	0	0	2	1	0	0	2	0	0	0	0	0	0	0	0	0	1	0	
1	0	0	0	0	0	1	3	0	0	0	1	2	0	1	0	0	3	0	0	1	0	0	0	0	0	1	1	
2	0	1	0	1	1	0	0	2	1	0	1	2	0	0	0	0	0	0	0	0	0	0	0	0	0	0	0	
0	1	1	1	0	0	2	3	1	0	0	0	1	0	0	0	0	0	0	0	1	0	0	1	0	0	1	0	
1	0	1	2	1	1	0	0	0	0	1	1	2	1	0	2	0	0	0	0	1	0	0	0	0	1	0	0	
1	2	0	1	0	0	1	0	0	1	0	0	3	0	0	0	0	0	0	0	0	0	1	0	0	0	0	0	
0	0	2	1	1	1	0	3	0	1	0	0	0	0	0	3	0	0	0	0	0	0	2	1	0	0	0	0	
0	2	0	0	0	0	0	3	0	0	1	1	0	1	2	0	0	0	0	0	0	0	0	0	0	0	1	0	
1	2	0	0	0	0	0	3	0	1	1	1	2	0	0	0	0	0	0	0	0	0	0	1	0	1	1	0	
0	0	0	1	0	0	0	0	1	0	1	0	0	0	1	0	0	0	0	0	0	0	0	0	0	1	0	0	
0	0	3	0	0	1	0	0	1	3	3	2	2	0	0	0	0	3	3	0	0	2	0	0	2	0	1	0	
1	0	1	0	0	0	0	3	0	1	1	0	0	0	2	0	0	0	0	0	0	0	0	1	1	0	0	0	
0	2	0	0	0	2	0	2	1	0	1	0	0	0	0	0	0	0	0	0	0	0	0	0	0	0	0	0	
1	3	1	1	1	1	1	2	1	0	0	0	2	1	1	0	3	0	0	0	1	0	0	0	0	0	0	0	
1	0	0	2	0	0	0	3	0	1	0	1	0	0	1	0	0	0	0	0	2	1	1	0	0	0	0	0	
1	2	1	0	0	1	0	0	0	0	0	1	0	0	0	3	3	0	0	0	1	0	0	0	0	2	1	1	
0	2	0	1	2	0	1	3	2	0	1	1	2	0	0	0	0	0	3	0	0	0	0	0	0	0	1	3	
1	2	0	1	1	1	0	0	0	0	3	0	0	0	0	0	0	0	0	0	1	0	0	0	0	2	1	0	
1	0	1	1	0	0	0	0	0	0	1	1	2	2	1	0	3	0	0	0	0	0	0	0	0	0	2	0	
1	0	0	1	1	0	2	3	0	0	0	0	0	0	0	0	3	0	1	0	1	0	0	0	0	1	2	0	
0	0	1	2	0	0	0	0	1	0	0	1	1	3	0	0	3	0	0	0	2	0	2	0	0	0	2	0	
2	0	1	0	2	1	1	0	0	1	1	2	0	0	0	0	0	0	0	0	2	0	2	0	0	2	1	0	
0	0	1	0	1	1	1	3	0	1	0	0	0	1	0	3	3	3	1	0	0	0	0	0	0	0	0	0	
0	0	3	0	0	0	0	3	0	3	0	0	2	1	0	0	0	2	0	0	1	0	0	0	0	0	1	1	
1	0	0	0	2	1	1	0	1	0	0	0	0	1	0	0	0	0	0	0	0	0	0	0	0	0	1	0	
2	2	0	1	0	0	1	0	0	0	0	1	2	1	0	0	0	0	0	0	1	1	1	0	2	0	0	0	
0	0	1	1	1	2	1	0	1	1	1	1	0	0	2	3	2	0	0	0	0	0	2	0	0	1	1	1	
1	0	0	0	0	0	0	0	1	0	0	2	0	1	0	0	0	0	0	0	1	1	2	1	0	0	0	0	
--------------------

--------------------
Best Solution Found!
--------------------
Time: 0 hour(s), 0 minute(s), 0 second(s), 224 millisecond(s)

Fitness: 168806

2	2	0	2	1	0	0	0	0	0	0	1	0	0	0	0	2	0	0	0	1	0	0	1	0	2	1	0	
1	0	0	1	1	1	0	0	0	1	1	0	0	0	1	0	3	0	0	0	1	0	0	1	0	1	1	1	
0	0	0	0	0	0	1	0	1	0	0	0	0	1	0	2	0	0	0	0	1	2	0	1	0	0	1	0	
1	2	1	0	0	0	0	0	1	1	1	0	2	0	2	0	0	0	0	0	1	0	0	0	0	0	0	0	
1	0	0	0	0	0	0	0	2	1	1	0	0	1	2	0	0	0	0	0	0	1	1	0	0	2	0	0	
2	0	1	1	1	0	0	3	0	1	1	1	0	3	0	3	0	0	0	0	0	0	0	0	0	0	1	0	
1	0	1	2	0	0	0	3	1	0	0	0	2	0	0	0	0	0	0	0	1	0	2	0	0	0	0	0	
1	0	1	0	0	0	0	2	1	1	0	1	2	1	0	3	3	3	0	0	1	0	0	1	0	0	0	0	
2	0	1	1	1	0	0	0	0	0	0	2	0	0	2	0	0	0	0	0	0	0	0	0	0	0	0	1	
1	2	3	0	2	1	0	2	0	1	0	0	3	2	0	0	0	0	0	0	0	1	1	0	0	0	0	0	
2	0	2	0	0	1	2	3	1	0	0	1	0	0	0	0	0	0	0	0	0	0	0	0	0	0	0	0	
1	1	0	0	0	1	0	0	0	3	1	1	0	1	1	0	0	2	3	0	1	0	0	0	0	0	0	0	
1	2	0	0	0	1	0	3	0	1	0	1	1	1	0	0	3	0	3	0	0	0	0	0	0	0	1	0	
1	3	3	1	2	0	0	3	0	1	3	1	0	1	1	0	2	0	0	0	1	0	0	0	0	0	1	0	
0	0	0	1	1	0	0	2	0	0	0	0	0	0	0	3	3	0	0	0	0	0	0	0	2	2	0	0	
0	0	0	0	1	0	1	3	0	0	0	2	2	0	1	0	3	3	0	0	1	0	0	0	0	0	0	0	
0	0	0	0	1	1	1	0	2	0	1	0	2	1	0	0	0	0	0	1	1	0	0	0	2	1	0	0	
1	0	1	1	0	0	1	3	0	0	1	1	2	0	0	0	3	3	0	0	0	0	0	0	0	0	1	1	
0	0	1	2	1	0	0	0	0	3	3	0	0	0	0	0	0	0	0	0	2	0	0	0	0	0	2	0	
1	2	1	0	0	1	1	0	0	0	0	2	2	0	0	0	0	0	0	0	0	0	2	0	0	0	0	0	
0	2	0	1	2	0	0	0	0	1	0	0	0	1	0	0	0	0	0	0	0	0	0	3	0	0	1	3	
0	0	0	0	0	1	1	3	0	0	1	0	2	2	0	3	0	0	0	0	0	1	2	1	0	0	1	0	
0	2	1	1	0	0	1	0	1	1	0	1	0	0	0	0	3	0	1	0	0	0	1	0	0	0	1	0	
1	0	1	0	0	1	0	3	1	0	0	1	2	0	0	0	0	0	0	0	0	0	0	1	0	0	1	0	
1	0	1	1	0	0	1	3	1	0	1	1	1	0	0	0	0	3	1	0	0	0	0	0	0	1	2	0	
0	2	0	1	1	2	2	0	1	0	0	1	0	1	0	3	0	0	0	0	2	0	0	0	0	1	0	1	
0	2	1	0	0	2	0	3	0	0	1	0	0	0	0	0	0	0	0	0	2	0	0	0	0	0	1	0	
0	0	1	0	0	0	0	3	0	0	0	1	2	0	1	0	0	3	0	0	1	0	2	0	1	0	2	1	
0	2	0	1	1	0	0	0	0	0	0	0	2	0	0	0	0	0	0	0	0	0	2	0	0	1	1	1	
1	0	0	0	1	1	1	0	1	0	0	0	2	1	0	0	0	0	0	0	0	0	0	0	0	0	0	0	
--------------------

--------------------
Best Solution Found!
--------------------
Time: 0 hour(s), 0 minute(s), 0 second(s), 233 millisecond(s)

Fitness: 168806

2	2	0	2	1	0	0	0	0	0	0	1	0	0	0	0	2	0	0	0	1	0	0	1	0	2	1	0	
1	0	0	1	1	1	0	0	0	1	1	0	0	0	1	0	3	0	0	0	1	0	0	1	0	1	1	1	
0	0	0	0	0	0	1	0	1	0	0	0	0	1	0	2	0	0	0	0	1	2	0	1	0	0	1	0	
1	2	1	0	0	0	0	0	1	1	1	0	2	0	2	0	0	0	0	0	1	0	0	0	0	0	0	0	
1	0	0	0	0	0	0	0	2	1	1	0	0	1	2	0	0	0	0	0	0	1	1	0	0	2	0	0	
2	0	1	1	1	0	0	3	0	1	1	1	0	3	0	3	0	0	0	0	0	0	0	0	0	0	1	0	
1	0	1	2	0	0	0	3	1	0	0	0	2	0	0	0	0	0	0	0	1	0	2	0	0	0	0	0	
1	0	1	0	0	0	0	2	1	1	0	1	2	1	0	3	3	3	0	0	1	0	0	1	0	0	0	0	
2	0	1	1	1	0	0	0	0	0	0	2	0	0	2	0	0	0	0	0	0	0	0	0	0	0	0	1	
1	2	3	0	2	1	0	2	0	1	0	0	3	2	0	0	0	0	0	0	0	1	1	0	0	0	0	0	
2	0	2	0	0	1	2	3	1	0	0	1	0	0	0	0	0	0	0	0	0	0	0	0	0	0	0	0	
1	1	0	0	0	1	0	0	0	3	1	1	0	1	1	0	0	2	3	0	1	0	0	0	0	0	0	0	
1	2	0	0	0	1	0	3	0	1	0	1	1	1	0	0	3	0	3	0	0	0	0	0	0	0	1	0	
1	3	3	1	2	0	0	3	0	1	3	1	0	1	1	0	2	0	0	0	1	0	0	0	0	0	1	0	
0	0	0	1	1	0	0	2	0	0	0	0	0	0	0	3	3	0	0	0	0	0	0	0	2	2	0	0	
0	0	0	0	1	0	1	3	0	0	0	2	2	0	1	0	3	3	0	0	1	0	0	0	0	0	0	0	
0	0	0	0	1	1	1	0	2	0	1	0	2	1	0	0	0	0	0	1	1	0	0	0	2	1	0	0	
1	0	1	1	0	0	1	3	0	0	1	1	2	0	0	0	3	3	0	0	0	0	0	0	0	0	1	1	
0	0	1	2	1	0	0	0	0	3	3	0	0	0	0	0	0	0	0	0	2	0	0	0	0	0	2	0	
1	2	1	0	0	1	1	0	0	0	0	2	2	0	0	0	0	0	0	0	0	0	2	0	0	0	0	0	
0	2	0	1	2	0	0	0	0	1	0	0	0	1	0	0	0	0	0	0	0	0	0	3	0	0	1	3	
0	0	0	0	0	1	1	3	0	0	1	0	2	2	0	3	0	0	0	0	0	1	2	1	0	0	1	0	
0	2	1	1	0	0	1	0	1	1	0	1	0	0	0	0	3	0	1	0	0	0	1	0	0	0	1	0	
1	0	1	0	0	1	0	3	1	0	0	1	2	0	0	0	0	0	0	0	0	0	0	1	0	0	1	0	
1	0	1	1	0	0	1	3	1	0	1	1	1	0	0	0	0	3	1	0	0	0	0	0	0	1	2	0	
0	2	0	1	1	2	2	0	1	0	0	1	0	1	0	3	0	0	0	0	2	0	0	0	0	1	0	1	
0	2	1	0	0	2	0	3	0	0	1	0	0	0	0	0	0	0	0	0	2	0	0	0	0	0	1	0	
0	0	1	0	0	0	0	3	0	0	0	1	2	0	1	0	0	3	0	0	1	0	2	0	1	0	2	1	
0	2	0	1	1	0	0	0	0	0	0	0	2	0	0	0	0	0	0	0	0	0	2	0	0	1	1	1	
1	0	0	0	1	1	1	0	1	0	0	0	2	1	0	0	0	0	0	0	0	0	0	0	0	0	0	0	
--------------------

--------------------
Best Solution Found!
--------------------
Time: 0 hour(s), 0 minute(s), 0 second(s), 552 millisecond(s)

Fitness: 158797

1	0	1	2	1	1	0	0	0	0	0	0	0	1	0	0	3	0	0	0	1	0	0	1	0	1	0	0	
0	0	0	0	0	1	1	3	1	0	0	1	0	0	0	3	0	0	0	0	2	0	0	0	0	0	0	1	
2	0	0	0	0	0	0	0	0	0	1	1	0	0	0	0	0	0	0	0	0	0	0	0	0	0	2	0	
1	3	1	1	0	0	0	0	1	0	0	0	0	1	1	0	0	0	0	0	0	0	0	0	0	0	1	0	
0	2	0	0	0	1	1	0	0	1	1	2	0	1	0	0	0	0	0	0	1	0	0	1	0	0	1	0	
1	0	1	1	0	1	0	0	0	1	0	2	0	1	1	0	0	2	0	0	0	0	2	0	0	0	1	0	
1	0	1	1	0	0	1	3	1	0	1	0	2	2	0	0	0	0	0	0	1	0	0	0	2	0	1	0	
1	2	1	0	1	2	0	0	0	0	0	0	2	1	2	3	3	0	0	0	0	0	0	0	0	0	0	0	
1	2	2	0	0	0	0	3	0	0	0	0	2	0	0	0	0	0	0	0	0	0	0	1	0	1	1	1	
0	2	1	1	1	2	1	0	0	3	0	0	0	0	0	0	0	0	1	0	0	0	2	1	0	0	0	0	
2	0	0	0	0	0	0	0	0	0	0	1	2	0	0	3	2	0	0	0	0	1	2	0	0	0	0	0	
0	0	3	0	2	1	1	2	2	3	0	0	0	0	0	0	0	0	0	0	0	0	0	0	2	0	0	0	
2	1	1	0	0	1	1	0	0	1	1	0	0	1	0	2	0	0	0	0	2	0	0	0	0	0	0	3	
1	2	1	1	0	0	0	3	0	0	0	1	2	0	1	3	0	0	0	0	1	0	0	0	0	0	1	0	
0	0	1	0	0	0	1	0	1	1	3	2	2	1	0	3	3	0	0	0	0	0	0	0	0	0	1	1	
1	0	0	1	0	0	2	3	0	0	0	0	1	0	0	0	0	3	3	0	1	0	0	1	0	0	0	0	
1	0	1	1	1	1	0	0	0	1	1	1	3	0	2	0	3	3	0	0	1	0	0	0	0	0	0	0	
1	0	0	0	1	1	2	3	0	0	1	0	0	0	0	0	3	0	0	1	1	0	0	0	0	0	0	0	
0	0	1	0	0	0	0	0	0	0	0	1	2	0	0	0	0	0	0	0	2	0	0	1	0	0	2	0	
1	2	0	0	0	0	0	3	2	1	1	0	2	0	0	0	2	0	1	0	1	0	0	0	0	0	0	0	
0	0	1	2	1	0	0	0	0	1	0	1	0	1	1	0	0	0	0	0	0	2	2	0	0	1	0	0	
0	0	0	0	1	0	0	0	1	1	0	1	1	0	0	0	0	0	0	0	0	0	0	0	0	1	1	1	
1	2	0	2	1	0	0	0	0	0	1	1	0	1	2	0	0	0	0	0	0	0	0	0	0	0	0	1	
0	2	0	0	0	0	0	3	0	1	1	1	2	0	0	0	0	3	3	0	1	0	1	0	0	0	1	0	
0	2	0	1	1	0	0	3	1	1	0	0	2	2	0	0	3	3	0	0	0	1	1	0	0	1	0	0	
0	0	1	1	2	0	1	2	0	0	1	1	0	0	0	0	0	3	0	0	0	0	1	3	0	0	2	0	
1	0	3	1	1	1	1	2	1	0	0	1	2	0	0	0	0	0	0	0	1	0	2	0	1	0	1	0	
1	0	0	1	1	0	0	3	1	0	3	1	0	0	0	0	0	0	0	0	0	0	0	0	0	2	1	0	
0	2	0	0	2	1	0	3	1	0	0	0	2	3	1	0	0	0	0	0	1	0	0	0	0	2	1	0	
2	0	0	0	0	0	0	3	1	0	0	0	0	1	0	0	3	0	0	0	0	1	0	0	0	2	1	1	
--------------------

--------------------
Best Solution Found!
--------------------
Time: 0 hour(s), 0 minute(s), 15 second(s), 378 millisecond(s)

Fitness: 156781

0	0	2	1	1	0	0	0	0	0	0	2	1	0	0	0	0	0	1	0	1	0	2	1	0	0	0	0	
0	2	0	0	0	0	0	3	1	0	0	0	0	0	1	0	0	0	0	0	0	0	0	1	0	0	1	0	
2	0	0	1	0	0	0	2	0	0	0	1	2	0	0	0	3	0	0	0	1	0	1	0	0	0	0	0	
1	0	0	0	1	0	0	0	0	0	1	2	0	0	0	0	0	0	0	0	0	0	2	0	0	1	0	0	
0	0	0	0	0	2	1	0	2	1	1	0	2	2	0	3	3	0	0	0	2	1	0	0	0	0	2	1	
1	0	1	1	0	1	0	3	0	0	0	0	3	3	0	3	3	0	0	0	0	0	0	0	0	0	0	0	
1	0	0	0	1	1	0	0	0	0	0	0	0	1	0	0	0	0	0	1	1	0	0	0	0	0	0	0	
2	0	0	1	1	0	1	0	0	0	1	0	0	0	2	0	0	0	0	0	0	0	0	1	0	0	1	1	
1	2	1	2	1	0	1	2	1	0	0	0	2	0	0	0	0	0	0	0	1	0	2	1	0	1	1	0	
1	2	0	1	1	0	0	0	1	1	0	0	0	1	0	0	2	3	0	0	0	0	0	0	0	0	0	0	
0	0	0	0	0	1	0	3	0	0	1	1	0	0	0	0	0	3	0	0	0	0	0	0	0	0	1	0	
1	0	0	0	0	1	0	0	0	1	0	1	0	1	0	0	0	0	0	0	0	0	0	0	0	2	1	0	
1	2	1	0	2	0	1	3	0	0	0	1	2	1	2	0	0	3	0	0	0	0	0	0	0	0	0	0	
0	2	1	0	0	0	0	3	2	0	0	1	2	0	0	3	3	0	0	0	0	0	0	0	0	2	1	0	
0	0	1	0	2	1	1	0	1	1	0	0	0	0	0	0	0	0	0	0	0	0	0	3	2	0	1	0	
1	0	0	0	1	0	0	0	0	0	1	1	0	2	0	0	0	0	3	0	1	0	0	0	0	1	0	0	
1	1	1	1	1	0	2	0	0	0	1	1	2	0	0	0	0	3	0	0	1	0	0	0	0	0	1	0	
1	0	1	1	0	1	0	3	1	1	0	1	1	0	0	0	0	0	0	0	0	0	0	0	0	0	0	0	
1	0	0	0	0	0	0	3	1	1	0	0	2	1	1	0	3	2	3	0	2	0	0	0	0	0	1	1	
0	2	1	0	0	0	2	3	0	1	1	1	0	0	0	3	0	0	0	0	0	0	0	0	0	0	1	1	
2	0	0	0	0	0	0	2	1	1	1	0	0	1	1	0	0	3	1	0	0	1	2	0	0	0	1	1	
0	0	1	1	1	0	0	0	1	0	1	1	2	0	0	0	3	0	0	0	1	0	1	0	0	1	0	0	
1	0	1	1	2	0	0	3	0	0	0	0	2	1	0	3	0	0	0	0	1	0	0	0	0	0	0	0	
1	2	0	2	0	0	0	3	0	3	3	2	2	0	1	0	0	0	0	0	1	0	0	0	0	0	1	0	
0	0	1	0	0	1	1	3	0	0	3	0	0	0	0	0	2	0	0	0	0	0	0	0	1	0	0	0	
0	3	3	1	1	1	1	0	1	3	0	0	2	1	0	0	0	0	0	0	0	2	0	0	0	0	0	0	
0	2	3	1	0	2	0	3	0	0	0	1	2	1	1	2	0	0	0	0	1	0	2	1	2	1	1	0	
1	2	1	2	0	0	1	0	0	1	1	1	0	1	0	0	3	0	0	0	0	0	0	1	0	2	2	3	
2	2	0	0	1	1	0	0	1	0	0	0	0	0	2	0	0	0	0	0	1	1	0	0	0	0	2	1	
0	0	1	0	0	1	1	0	0	1	0	1	0	0	0	0	0	0	0	0	2	0	1	0	0	0	0	0	
--------------------

--------------------
Best Solution Found!
--------------------
Time: 0 hour(s), 0 minute(s), 15 second(s), 386 millisecond(s)

Fitness: 156781

0	0	2	1	1	0	0	0	0	0	0	2	1	0	0	0	0	0	1	0	1	0	2	1	0	0	0	0	
0	2	0	0	0	0	0	3	1	0	0	0	0	0	1	0	0	0	0	0	0	0	0	1	0	0	1	0	
2	0	0	1	0	0	0	2	0	0	0	1	2	0	0	0	3	0	0	0	1	0	1	0	0	0	0	0	
1	0	0	0	1	0	0	0	0	0	1	2	0	0	0	0	0	0	0	0	0	0	2	0	0	1	0	0	
0	0	0	0	0	2	1	0	2	1	1	0	2	2	0	3	3	0	0	0	2	1	0	0	0	0	2	1	
1	0	1	1	0	1	0	3	0	0	0	0	3	3	0	3	3	0	0	0	0	0	0	0	0	0	0	0	
1	0	0	0	1	1	0	0	0	0	0	0	0	1	0	0	0	0	0	1	1	0	0	0	0	0	0	0	
2	0	0	1	1	0	1	0	0	0	1	0	0	0	2	0	0	0	0	0	0	0	0	1	0	0	1	1	
1	2	1	2	1	0	1	2	1	0	0	0	2	0	0	0	0	0	0	0	1	0	2	1	0	1	1	0	
1	2	0	1	1	0	0	0	1	1	0	0	0	1	0	0	2	3	0	0	0	0	0	0	0	0	0	0	
0	0	0	0	0	1	0	3	0	0	1	1	0	0	0	0	0	3	0	0	0	0	0	0	0	0	1	0	
1	0	0	0	0	1	0	0	0	1	0	1	0	1	0	0	0	0	0	0	0	0	0	0	0	2	1	0	
1	2	1	0	2	0	1	3	0	0	0	1	2	1	2	0	0	3	0	0	0	0	0	0	0	0	0	0	
0	2	1	0	0	0	0	3	2	0	0	1	2	0	0	3	3	0	0	0	0	0	0	0	0	2	1	0	
0	0	1	0	2	1	1	0	1	1	0	0	0	0	0	0	0	0	0	0	0	0	0	3	2	0	1	0	
1	0	0	0	1	0	0	0	0	0	1	1	0	2	0	0	0	0	3	0	1	0	0	0	0	1	0	0	
1	1	1	1	1	0	2	0	0	0	1	1	2	0	0	0	0	3	0	0	1	0	0	0	0	0	1	0	
1	0	1	1	0	1	0	3	1	1	0	1	1	0	0	0	0	0	0	0	0	0	0	0	0	0	0	0	
1	0	0	0	0	0	0	3	1	1	0	0	2	1	1	0	3	2	3	0	2	0	0	0	0	0	1	1	
0	2	1	0	0	0	2	3	0	1	1	1	0	0	0	3	0	0	0	0	0	0	0	0	0	0	1	1	
2	0	0	0	0	0	0	2	1	1	1	0	0	1	1	0	0	3	1	0	0	1	2	0	0	0	1	1	
0	0	1	1	1	0	0	0	1	0	1	1	2	0	0	0	3	0	0	0	1	0	1	0	0	1	0	0	
1	0	1	1	2	0	0	3	0	0	0	0	2	1	0	3	0	0	0	0	1	0	0	0	0	0	0	0	
1	2	0	2	0	0	0	3	0	3	3	2	2	0	1	0	0	0	0	0	1	0	0	0	0	0	1	0	
0	0	1	0	0	1	1	3	0	0	3	0	0	0	0	0	2	0	0	0	0	0	0	0	1	0	0	0	
0	3	3	1	1	1	1	0	1	3	0	0	2	1	0	0	0	0	0	0	0	2	0	0	0	0	0	0	
0	2	3	1	0	2	0	3	0	0	0	1	2	1	1	2	0	0	0	0	1	0	2	1	2	1	1	0	
1	2	1	2	0	0	1	0	0	1	1	1	0	1	0	0	3	0	0	0	0	0	0	1	0	2	2	3	
2	2	0	0	1	1	0	0	1	0	0	0	0	0	2	0	0	0	0	0	1	1	0	0	0	0	2	1	
0	0	1	0	0	1	1	0	0	1	0	1	0	0	0	0	0	0	0	0	2	0	1	0	0	0	0	0	
--------------------

--------------------
Best Solution Found!
--------------------
Time: 0 hour(s), 0 minute(s), 23 second(s), 523 millisecond(s)

Fitness: 155771

0	2	2	1	2	0	0	3	1	0	0	0	0	0	0	3	3	3	0	0	0	2	2	0	0	0	0	0	
0	0	1	1	0	0	2	3	0	0	1	1	1	1	0	0	0	0	0	0	2	0	0	0	0	0	0	1	
1	0	0	1	1	1	0	0	0	0	0	2	0	1	0	0	0	0	0	0	0	0	1	3	0	0	0	0	
1	2	1	0	0	0	0	0	1	1	1	0	1	2	2	0	3	0	0	0	1	0	0	1	0	0	2	0	
1	2	1	0	2	0	1	2	0	1	1	1	0	0	0	0	2	0	0	0	1	0	0	0	0	0	0	0	
0	0	1	1	0	0	0	3	1	0	0	0	0	0	2	0	0	3	0	0	1	0	0	0	0	0	1	0	
0	0	1	0	1	1	0	0	0	0	0	1	2	0	0	0	0	0	0	0	0	0	0	0	0	1	1	0	
0	0	0	0	0	0	0	3	0	0	1	1	2	0	0	0	0	3	0	0	0	0	0	0	0	0	0	0	
1	2	0	2	1	0	1	3	0	0	0	1	2	0	0	3	3	0	0	0	0	0	0	0	1	0	0	1	
0	2	1	1	0	2	0	3	1	1	0	0	0	0	0	0	0	0	0	0	0	0	2	0	0	0	0	0	
1	0	1	0	0	0	0	3	2	1	0	0	0	0	0	0	3	2	0	0	2	0	0	0	0	0	0	0	
0	0	0	0	0	2	1	3	0	3	1	0	0	0	0	0	0	0	3	0	0	0	1	1	0	0	1	1	
1	0	0	2	0	0	0	0	1	1	0	1	0	0	1	2	0	0	0	0	2	0	2	1	2	0	0	0	
1	0	3	1	0	0	0	0	0	3	1	1	0	0	0	0	3	3	1	0	0	0	2	0	2	1	1	0	
0	0	0	0	1	0	0	3	0	0	3	1	2	0	0	0	0	0	0	0	1	0	0	0	0	0	2	0	
2	1	0	0	1	0	1	3	1	1	0	2	2	0	1	0	0	0	1	0	1	0	0	0	0	0	1	0	
1	0	0	0	1	1	0	3	1	0	1	0	2	1	1	3	0	0	0	0	1	1	0	0	0	0	2	0	
2	0	3	2	0	0	2	0	1	0	0	0	2	1	2	3	2	0	0	0	1	0	0	0	0	2	1	0	
0	0	1	0	0	1	1	0	1	0	0	0	0	1	0	0	0	0	0	0	1	0	0	0	0	1	1	0	
1	2	1	0	2	0	0	2	0	1	0	0	2	1	0	0	3	0	0	1	0	0	0	0	0	0	1	0	
1	2	0	0	1	1	0	0	0	1	0	0	0	1	1	0	0	0	3	0	1	0	0	0	0	0	0	0	
2	0	1	1	0	1	0	3	0	0	0	0	0	0	0	0	0	0	0	0	0	0	0	0	0	1	1	0	
2	0	0	0	1	1	0	0	0	0	3	1	2	2	0	3	0	0	0	0	1	0	0	0	0	2	0	1	
1	2	1	0	1	0	0	0	1	0	0	1	2	1	0	0	0	0	0	0	0	1	0	1	0	0	0	0	
1	2	0	1	1	1	1	0	0	0	0	0	2	1	0	0	0	0	0	0	0	0	2	0	0	0	0	3	
0	0	0	1	0	0	0	0	0	1	0	1	2	0	0	0	0	0	0	0	0	0	0	0	0	1	1	1	
1	2	0	1	0	1	1	0	2	0	1	1	0	0	0	0	0	0	0	0	1	1	0	1	0	0	1	0	
0	0	1	0	0	1	1	2	0	1	1	2	0	0	1	0	3	0	0	0	0	0	0	1	0	0	1	1	
0	0	1	1	1	0	1	0	0	0	0	1	3	3	0	0	0	3	0	0	0	0	0	0	0	2	1	0	
1	3	0	0	0	0	0	0	0	0	1	0	0	1	0	0	0	0	0	0	0	0	1	0	0	0	0	0	
--------------------

--------------------
Best Solution Found!
--------------------
Time: 0 hour(s), 0 minute(s), 23 second(s), 531 millisecond(s)

Fitness: 155771

0	2	2	1	2	0	0	3	1	0	0	0	0	0	0	3	3	3	0	0	0	2	2	0	0	0	0	0	
0	0	1	1	0	0	2	3	0	0	1	1	1	1	0	0	0	0	0	0	2	0	0	0	0	0	0	1	
1	0	0	1	1	1	0	0	0	0	0	2	0	1	0	0	0	0	0	0	0	0	1	3	0	0	0	0	
1	2	1	0	0	0	0	0	1	1	1	0	1	2	2	0	3	0	0	0	1	0	0	1	0	0	2	0	
1	2	1	0	2	0	1	2	0	1	1	1	0	0	0	0	2	0	0	0	1	0	0	0	0	0	0	0	
0	0	1	1	0	0	0	3	1	0	0	0	0	0	2	0	0	3	0	0	1	0	0	0	0	0	1	0	
0	0	1	0	1	1	0	0	0	0	0	1	2	0	0	0	0	0	0	0	0	0	0	0	0	1	1	0	
0	0	0	0	0	0	0	3	0	0	1	1	2	0	0	0	0	3	0	0	0	0	0	0	0	0	0	0	
1	2	0	2	1	0	1	3	0	0	0	1	2	0	0	3	3	0	0	0	0	0	0	0	1	0	0	1	
0	2	1	1	0	2	0	3	1	1	0	0	0	0	0	0	0	0	0	0	0	0	2	0	0	0	0	0	
1	0	1	0	0	0	0	3	2	1	0	0	0	0	0	0	3	2	0	0	2	0	0	0	0	0	0	0	
0	0	0	0	0	2	1	3	0	3	1	0	0	0	0	0	0	0	3	0	0	0	1	1	0	0	1	1	
1	0	0	2	0	0	0	0	1	1	0	1	0	0	1	2	0	0	0	0	2	0	2	1	2	0	0	0	
1	0	3	1	0	0	0	0	0	3	1	1	0	0	0	0	3	3	1	0	0	0	2	0	2	1	1	0	
0	0	0	0	1	0	0	3	0	0	3	1	2	0	0	0	0	0	0	0	1	0	0	0	0	0	2	0	
2	1	0	0	1	0	1	3	1	1	0	2	2	0	1	0	0	0	1	0	1	0	0	0	0	0	1	0	
1	0	0	0	1	1	0	3	1	0	1	0	2	1	1	3	0	0	0	0	1	1	0	0	0	0	2	0	
2	0	3	2	0	0	2	0	1	0	0	0	2	1	2	3	2	0	0	0	1	0	0	0	0	2	1	0	
0	0	1	0	0	1	1	0	1	0	0	0	0	1	0	0	0	0	0	0	1	0	0	0	0	1	1	0	
1	2	1	0	2	0	0	2	0	1	0	0	2	1	0	0	3	0	0	1	0	0	0	0	0	0	1	0	
1	2	0	0	1	1	0	0	0	1	0	0	0	1	1	0	0	0	3	0	1	0	0	0	0	0	0	0	
2	0	1	1	0	1	0	3	0	0	0	0	0	0	0	0	0	0	0	0	0	0	0	0	0	1	1	0	
2	0	0	0	1	1	0	0	0	0	3	1	2	2	0	3	0	0	0	0	1	0	0	0	0	2	0	1	
1	2	1	0	1	0	0	0	1	0	0	1	2	1	0	0	0	0	0	0	0	1	0	1	0	0	0	0	
1	2	0	1	1	1	1	0	0	0	0	0	2	1	0	0	0	0	0	0	0	0	2	0	0	0	0	3	
0	0	0	1	0	0	0	0	0	1	0	1	2	0	0	0	0	0	0	0	0	0	0	0	0	1	1	1	
1	2	0	1	0	1	1	0	2	0	1	1	0	0	0	0	0	0	0	0	1	1	0	1	0	0	1	0	
0	0	1	0	0	1	1	2	0	1	1	2	0	0	1	0	3	0	0	0	0	0	0	1	0	0	1	1	
0	0	1	1	1	0	1	0	0	0	0	1	3	3	0	0	0	3	0	0	0	0	0	0	0	2	1	0	
1	3	0	0	0	0	0	0	0	0	1	0	0	1	0	0	0	0	0	0	0	0	1	0	0	0	0	0	
--------------------

--------------------
Best Solution Found!
--------------------
Time: 0 hour(s), 0 minute(s), 23 second(s), 537 millisecond(s)

Fitness: 155771

0	2	2	1	2	0	0	3	1	0	0	0	0	0	0	3	3	3	0	0	0	2	2	0	0	0	0	0	
0	0	1	1	0	0	2	3	0	0	1	1	1	1	0	0	0	0	0	0	2	0	0	0	0	0	0	1	
1	0	0	1	1	1	0	0	0	0	0	2	0	1	0	0	0	0	0	0	0	0	1	3	0	0	0	0	
1	2	1	0	0	0	0	0	1	1	1	0	1	2	2	0	3	0	0	0	1	0	0	1	0	0	2	0	
1	2	1	0	2	0	1	2	0	1	1	1	0	0	0	0	2	0	0	0	1	0	0	0	0	0	0	0	
0	0	1	1	0	0	0	3	1	0	0	0	0	0	2	0	0	3	0	0	1	0	0	0	0	0	1	0	
0	0	1	0	1	1	0	0	0	0	0	1	2	0	0	0	0	0	0	0	0	0	0	0	0	1	1	0	
0	0	0	0	0	0	0	3	0	0	1	1	2	0	0	0	0	3	0	0	0	0	0	0	0	0	0	0	
1	2	0	2	1	0	1	3	0	0	0	1	2	0	0	3	3	0	0	0	0	0	0	0	1	0	0	1	
0	2	1	1	0	2	0	3	1	1	0	0	0	0	0	0	0	0	0	0	0	0	2	0	0	0	0	0	
1	0	1	0	0	0	0	3	2	1	0	0	0	0	0	0	3	2	0	0	2	0	0	0	0	0	0	0	
0	0	0	0	0	2	1	3	0	3	1	0	0	0	0	0	0	0	3	0	0	0	1	1	0	0	1	1	
1	0	0	2	0	0	0	0	1	1	0	1	0	0	1	2	0	0	0	0	2	0	2	1	2	0	0	0	
1	0	3	1	0	0	0	0	0	3	1	1	0	0	0	0	3	3	1	0	0	0	2	0	2	1	1	0	
0	0	0	0	1	0	0	3	0	0	3	1	2	0	0	0	0	0	0	0	1	0	0	0	0	0	2	0	
2	1	0	0	1	0	1	3	1	1	0	2	2	0	1	0	0	0	1	0	1	0	0	0	0	0	1	0	
1	0	0	0	1	1	0	3	1	0	1	0	2	1	1	3	0	0	0	0	1	1	0	0	0	0	2	0	
2	0	3	2	0	0	2	0	1	0	0	0	2	1	2	3	2	0	0	0	1	0	0	0	0	2	1	0	
0	0	1	0	0	1	1	0	1	0	0	0	0	1	0	0	0	0	0	0	1	0	0	0	0	1	1	0	
1	2	1	0	2	0	0	2	0	1	0	0	2	1	0	0	3	0	0	1	0	0	0	0	0	0	1	0	
1	2	0	0	1	1	0	0	0	1	0	0	0	1	1	0	0	0	3	0	1	0	0	0	0	0	0	0	
2	0	1	1	0	1	0	3	0	0	0	0	0	0	0	0	0	0	0	0	0	0	0	0	0	1	1	0	
2	0	0	0	1	1	0	0	0	0	3	1	2	2	0	3	0	0	0	0	1	0	0	0	0	2	0	1	
1	2	1	0	1	0	0	0	1	0	0	1	2	1	0	0	0	0	0	0	0	1	0	1	0	0	0	0	
1	2	0	1	1	1	1	0	0	0	0	0	2	1	0	0	0	0	0	0	0	0	2	0	0	0	0	3	
0	0	0	1	0	0	0	0	0	1	0	1	2	0	0	0	0	0	0	0	0	0	0	0	0	1	1	1	
1	2	0	1	0	1	1	0	2	0	1	1	0	0	0	0	0	0	0	0	1	1	0	1	0	0	1	0	
0	0	1	0	0	1	1	2	0	1	1	2	0	0	1	0	3	0	0	0	0	0	0	1	0	0	1	1	
0	0	1	1	1	0	1	0	0	0	0	1	3	3	0	0	0	3	0	0	0	0	0	0	0	2	1	0	
1	3	0	0	0	0	0	0	0	0	1	0	0	1	0	0	0	0	0	0	0	0	1	0	0	0	0	0	
--------------------

--------------------
Best Solution Found!
--------------------
Time: 0 hour(s), 4 minute(s), 1 second(s), 147 millisecond(s)

Fitness: 154792

1	1	0	0	1	2	0	2	0	0	0	0	2	1	0	0	0	2	0	0	0	1	2	0	0	0	1	0	
2	2	0	0	0	0	1	0	0	1	0	0	0	0	0	0	0	0	0	0	0	0	2	1	0	1	0	0	
1	2	3	0	0	0	0	0	2	1	1	0	2	2	2	0	0	0	0	0	1	0	1	0	0	0	1	3	
0	0	1	1	0	0	0	0	0	0	0	0	0	0	0	0	0	0	0	0	0	0	0	0	0	0	0	0	
0	0	1	1	1	1	0	3	0	0	3	0	0	1	1	3	3	0	0	0	2	0	0	0	0	0	1	1	
1	2	1	0	2	0	1	2	0	0	0	2	2	0	1	0	0	0	0	0	1	0	0	0	0	2	0	0	
1	0	1	1	0	1	1	3	1	1	0	0	2	2	0	3	2	3	3	0	0	0	0	3	2	0	0	0	
2	2	3	0	0	0	1	0	1	0	0	1	0	0	0	0	3	0	0	0	0	0	0	0	0	0	0	0	
0	0	0	2	1	1	1	3	1	3	1	1	0	0	0	0	0	0	0	0	1	0	0	1	0	0	1	1	
0	2	0	0	0	0	0	3	0	0	1	1	2	0	0	3	3	0	0	0	2	0	0	0	0	2	1	0	
0	0	1	0	0	0	0	0	0	0	1	0	2	1	0	0	0	0	0	0	1	0	0	0	0	0	0	0	
0	0	0	1	0	0	2	3	1	0	0	1	2	1	0	2	3	0	0	0	0	0	1	0	2	1	1	0	
1	0	0	0	1	2	0	0	0	1	3	2	0	3	0	0	0	0	0	1	2	0	2	1	0	0	0	0	
1	0	0	0	1	0	0	3	0	1	0	1	0	0	0	3	0	3	0	0	0	0	0	1	0	0	1	0	
2	2	0	0	0	0	0	3	0	0	0	1	2	0	0	0	3	3	0	0	0	0	0	0	0	0	0	1	
1	2	0	1	1	0	1	3	0	0	0	0	0	0	1	0	0	3	1	0	0	0	0	0	0	0	0	0	
1	0	1	2	1	1	0	3	0	0	1	1	2	1	0	0	0	0	0	0	1	0	0	0	0	0	1	1	
2	3	1	0	0	1	1	0	0	0	0	0	2	0	0	0	0	0	0	0	0	0	0	0	0	1	1	0	
0	0	1	1	1	1	0	0	1	1	1	0	0	0	2	0	0	0	0	0	0	0	1	0	0	0	1	0	
0	0	0	2	0	0	0	0	1	0	0	1	3	1	0	0	0	0	1	0	1	1	0	0	0	0	0	0	
1	0	0	1	1	1	2	0	1	1	0	1	1	0	0	0	0	0	0	0	1	0	0	0	0	2	1	0	
0	0	1	0	0	0	0	0	0	0	0	0	0	0	0	0	0	3	0	0	1	0	0	0	0	0	2	0	
0	0	1	1	0	0	1	3	0	1	1	1	0	0	1	3	3	0	0	0	0	1	2	0	1	1	2	0	
1	2	0	1	1	1	1	0	1	1	0	1	0	1	0	0	3	0	0	0	1	0	0	0	0	0	1	0	
1	0	1	0	0	1	0	2	1	0	0	1	2	1	2	0	0	0	0	0	0	0	0	0	0	0	1	0	
1	0	1	0	2	0	0	3	2	0	1	0	2	0	0	0	2	0	0	0	0	0	0	0	0	0	0	1	
1	0	0	1	0	0	0	3	0	0	1	0	0	0	0	0	0	0	0	0	0	0	2	0	0	0	2	0	
1	2	1	0	0	0	0	0	0	0	0	0	0	0	0	0	0	0	0	0	0	0	0	0	0	1	0	0	
0	0	0	1	2	0	0	0	1	3	0	1	0	1	0	0	0	0	0	0	1	2	0	1	0	0	0	1	
0	2	2	0	1	1	0	0	0	1	1	2	1	1	1	0	0	0	3	0	1	0	0	1	0	0	0	0	
--------------------

--------------------
Best Solution Found!
--------------------
Time: 0 hour(s), 4 minute(s), 1 second(s), 152 millisecond(s)

Fitness: 154792

1	1	0	0	1	2	0	2	0	0	0	0	2	1	0	0	0	2	0	0	0	1	2	0	0	0	1	0	
2	2	0	0	0	0	1	0	0	1	0	0	0	0	0	0	0	0	0	0	0	0	2	1	0	1	0	0	
1	2	3	0	0	0	0	0	2	1	1	0	2	2	2	0	0	0	0	0	1	0	1	0	0	0	1	3	
0	0	1	1	0	0	0	0	0	0	0	0	0	0	0	0	0	0	0	0	0	0	0	0	0	0	0	0	
0	0	1	1	1	1	0	3	0	0	3	0	0	1	1	3	3	0	0	0	2	0	0	0	0	0	1	1	
1	2	1	0	2	0	1	2	0	0	0	2	2	0	1	0	0	0	0	0	1	0	0	0	0	2	0	0	
1	0	1	1	0	1	1	3	1	1	0	0	2	2	0	3	2	3	3	0	0	0	0	3	2	0	0	0	
2	2	3	0	0	0	1	0	1	0	0	1	0	0	0	0	3	0	0	0	0	0	0	0	0	0	0	0	
0	0	0	2	1	1	1	3	1	3	1	1	0	0	0	0	0	0	0	0	1	0	0	1	0	0	1	1	
0	2	0	0	0	0	0	3	0	0	1	1	2	0	0	3	3	0	0	0	2	0	0	0	0	2	1	0	
0	0	1	0	0	0	0	0	0	0	1	0	2	1	0	0	0	0	0	0	1	0	0	0	0	0	0	0	
0	0	0	1	0	0	2	3	1	0	0	1	2	1	0	2	3	0	0	0	0	0	1	0	2	1	1	0	
1	0	0	0	1	2	0	0	0	1	3	2	0	3	0	0	0	0	0	1	2	0	2	1	0	0	0	0	
1	0	0	0	1	0	0	3	0	1	0	1	0	0	0	3	0	3	0	0	0	0	0	1	0	0	1	0	
2	2	0	0	0	0	0	3	0	0	0	1	2	0	0	0	3	3	0	0	0	0	0	0	0	0	0	1	
1	2	0	1	1	0	1	3	0	0	0	0	0	0	1	0	0	3	1	0	0	0	0	0	0	0	0	0	
1	0	1	2	1	1	0	3	0	0	1	1	2	1	0	0	0	0	0	0	1	0	0	0	0	0	1	1	
2	3	1	0	0	1	1	0	0	0	0	0	2	0	0	0	0	0	0	0	0	0	0	0	0	1	1	0	
0	0	1	1	1	1	0	0	1	1	1	0	0	0	2	0	0	0	0	0	0	0	1	0	0	0	1	0	
0	0	0	2	0	0	0	0	1	0	0	1	3	1	0	0	0	0	1	0	1	1	0	0	0	0	0	0	
1	0	0	1	1	1	2	0	1	1	0	1	1	0	0	0	0	0	0	0	1	0	0	0	0	2	1	0	
0	0	1	0	0	0	0	0	0	0	0	0	0	0	0	0	0	3	0	0	1	0	0	0	0	0	2	0	
0	0	1	1	0	0	1	3	0	1	1	1	0	0	1	3	3	0	0	0	0	1	2	0	1	1	2	0	
1	2	0	1	1	1	1	0	1	1	0	1	0	1	0	0	3	0	0	0	1	0	0	0	0	0	1	0	
1	0	1	0	0	1	0	2	1	0	0	1	2	1	2	0	0	0	0	0	0	0	0	0	0	0	1	0	
1	0	1	0	2	0	0	3	2	0	1	0	2	0	0	0	2	0	0	0	0	0	0	0	0	0	0	1	
1	0	0	1	0	0	0	3	0	0	1	0	0	0	0	0	0	0	0	0	0	0	2	0	0	0	2	0	
1	2	1	0	0	0	0	0	0	0	0	0	0	0	0	0	0	0	0	0	0	0	0	0	0	1	0	0	
0	0	0	1	2	0	0	0	1	3	0	1	0	1	0	0	0	0	0	0	1	2	0	1	0	0	0	1	
0	2	2	0	1	1	0	0	0	1	1	2	1	1	1	0	0	0	3	0	1	0	0	1	0	0	0	0	
--------------------

--------------------
Best Solution Found!
--------------------
Time: 0 hour(s), 5 minute(s), 46 second(s), 98 millisecond(s)

Fitness: 154774

1	2	0	1	2	1	1	0	0	1	0	1	2	1	0	0	0	0	0	0	0	0	0	0	0	0	0	0	
1	0	0	0	0	1	1	0	1	0	0	2	0	1	0	0	0	0	0	0	2	0	0	0	0	0	0	0	
1	1	0	0	0	0	0	0	1	1	0	0	0	0	0	3	3	0	0	0	0	0	0	0	0	0	1	1	
1	0	0	0	0	1	2	3	0	0	0	1	1	1	1	3	0	0	0	0	0	2	0	1	2	0	0	0	
1	0	0	1	2	0	0	0	0	3	1	0	2	1	1	3	0	3	0	0	0	0	1	1	0	2	1	0	
0	0	0	1	0	0	0	0	1	1	1	1	0	0	0	0	0	0	0	0	0	0	0	0	0	0	1	3	
1	2	1	2	0	0	1	2	1	0	0	0	0	0	0	0	3	3	3	0	1	0	0	1	0	1	1	0	
2	2	0	0	1	0	0	0	0	0	1	1	0	0	0	0	0	2	0	0	0	0	0	0	0	0	1	1	
1	2	1	1	1	0	2	3	0	0	1	0	2	0	1	0	0	0	0	0	0	0	2	0	0	0	0	0	
0	2	0	0	0	1	0	0	0	1	1	0	0	0	0	3	0	0	0	0	1	0	0	0	0	0	0	0	
2	0	1	1	1	0	1	3	1	1	1	1	2	2	0	2	3	0	0	0	0	0	0	0	0	0	1	1	
2	2	1	0	1	0	0	0	1	0	0	1	0	0	0	0	3	0	0	0	1	0	0	0	1	0	0	0	
0	0	0	0	0	0	0	3	1	1	0	0	0	0	2	0	0	0	0	0	0	0	0	0	0	0	2	0	
1	2	1	1	0	0	0	3	0	0	0	2	2	1	0	0	0	0	0	0	1	1	2	0	0	0	0	0	
0	0	3	1	0	0	1	3	2	0	3	1	2	0	0	0	0	0	1	0	0	0	2	0	0	2	1	0	
0	0	1	2	2	0	1	3	0	1	0	0	0	0	0	0	3	0	0	0	0	0	0	0	0	1	0	0	
0	0	1	0	1	2	0	2	0	0	1	2	0	0	1	0	0	0	0	0	1	0	0	0	0	1	1	1	
1	0	0	0	0	0	0	0	0	0	0	0	2	0	0	0	0	0	0	0	0	0	2	0	0	0	0	0	
0	0	1	1	0	1	1	2	1	0	0	0	2	1	1	0	0	0	0	1	0	0	0	0	0	0	0	1	
1	3	1	0	0	1	0	3	0	0	0	0	2	0	2	0	0	0	3	0	1	1	0	1	0	0	1	0	
0	0	2	0	0	0	1	0	0	1	1	0	0	1	0	0	0	0	0	0	1	0	1	0	0	0	0	0	
0	0	0	0	0	0	0	0	0	0	3	1	0	0	0	0	0	0	1	0	2	0	0	0	2	2	1	0	
1	0	0	1	1	1	0	3	0	0	0	0	0	2	0	0	0	0	0	0	0	0	1	3	0	1	0	0	
0	0	0	1	0	1	0	3	1	0	1	1	0	0	0	0	0	0	0	0	1	0	0	0	0	0	1	0	
2	2	0	0	1	0	0	0	0	0	0	1	0	0	0	0	0	3	0	0	2	0	0	0	0	0	1	0	
0	0	1	0	1	1	0	3	1	3	1	0	2	0	0	0	0	0	0	0	1	0	0	0	0	0	2	0	
0	0	1	1	1	0	0	3	0	1	0	1	1	1	2	0	2	0	0	0	0	0	0	0	0	1	2	0	
1	0	1	2	0	1	1	0	0	0	0	0	2	1	0	0	3	3	0	0	1	0	2	1	0	0	0	0	
1	2	1	0	1	2	0	0	2	0	0	1	2	3	0	0	2	0	0	0	0	1	0	0	0	0	0	0	
1	2	3	0	1	0	0	0	0	1	0	1	3	1	0	3	3	3	0	0	1	0	0	1	0	0	1	1	
--------------------

--------------------
Best Solution Found!
--------------------
Time: 0 hour(s), 5 minute(s), 46 second(s), 104 millisecond(s)

Fitness: 154774

1	2	0	1	2	1	1	0	0	1	0	1	2	1	0	0	0	0	0	0	0	0	0	0	0	0	0	0	
1	0	0	0	0	1	1	0	1	0	0	2	0	1	0	0	0	0	0	0	2	0	0	0	0	0	0	0	
1	1	0	0	0	0	0	0	1	1	0	0	0	0	0	3	3	0	0	0	0	0	0	0	0	0	1	1	
1	0	0	0	0	1	2	3	0	0	0	1	1	1	1	3	0	0	0	0	0	2	0	1	2	0	0	0	
1	0	0	1	2	0	0	0	0	3	1	0	2	1	1	3	0	3	0	0	0	0	1	1	0	2	1	0	
0	0	0	1	0	0	0	0	1	1	1	1	0	0	0	0	0	0	0	0	0	0	0	0	0	0	1	3	
1	2	1	2	0	0	1	2	1	0	0	0	0	0	0	0	3	3	3	0	1	0	0	1	0	1	1	0	
2	2	0	0	1	0	0	0	0	0	1	1	0	0	0	0	0	2	0	0	0	0	0	0	0	0	1	1	
1	2	1	1	1	0	2	3	0	0	1	0	2	0	1	0	0	0	0	0	0	0	2	0	0	0	0	0	
0	2	0	0	0	1	0	0	0	1	1	0	0	0	0	3	0	0	0	0	1	0	0	0	0	0	0	0	
2	0	1	1	1	0	1	3	1	1	1	1	2	2	0	2	3	0	0	0	0	0	0	0	0	0	1	1	
2	2	1	0	1	0	0	0	1	0	0	1	0	0	0	0	3	0	0	0	1	0	0	0	1	0	0	0	
0	0	0	0	0	0	0	3	1	1	0	0	0	0	2	0	0	0	0	0	0	0	0	0	0	0	2	0	
1	2	1	1	0	0	0	3	0	0	0	2	2	1	0	0	0	0	0	0	1	1	2	0	0	0	0	0	
0	0	3	1	0	0	1	3	2	0	3	1	2	0	0	0	0	0	1	0	0	0	2	0	0	2	1	0	
0	0	1	2	2	0	1	3	0	1	0	0	0	0	0	0	3	0	0	0	0	0	0	0	0	1	0	0	
0	0	1	0	1	2	0	2	0	0	1	2	0	0	1	0	0	0	0	0	1	0	0	0	0	1	1	1	
1	0	0	0	0	0	0	0	0	0	0	0	2	0	0	0	0	0	0	0	0	0	2	0	0	0	0	0	
0	0	1	1	0	1	1	2	1	0	0	0	2	1	1	0	0	0	0	1	0	0	0	0	0	0	0	1	
1	3	1	0	0	1	0	3	0	0	0	0	2	0	2	0	0	0	3	0	1	1	0	1	0	0	1	0	
0	0	2	0	0	0	1	0	0	1	1	0	0	1	0	0	0	0	0	0	1	0	1	0	0	0	0	0	
0	0	0	0	0	0	0	0	0	0	3	1	0	0	0	0	0	0	1	0	2	0	0	0	2	2	1	0	
1	0	0	1	1	1	0	3	0	0	0	0	0	2	0	0	0	0	0	0	0	0	1	3	0	1	0	0	
0	0	0	1	0	1	0	3	1	0	1	1	0	0	0	0	0	0	0	0	1	0	0	0	0	0	1	0	
2	2	0	0	1	0	0	0	0	0	0	1	0	0	0	0	0	3	0	0	2	0	0	0	0	0	1	0	
0	0	1	0	1	1	0	3	1	3	1	0	2	0	0	0	0	0	0	0	1	0	0	0	0	0	2	0	
0	0	1	1	1	0	0	3	0	1	0	1	1	1	2	0	2	0	0	0	0	0	0	0	0	1	2	0	
1	0	1	2	0	1	1	0	0	0	0	0	2	1	0	0	3	3	0	0	1	0	2	1	0	0	0	0	
1	2	1	0	1	2	0	0	2	0	0	1	2	3	0	0	2	0	0	0	0	1	0	0	0	0	0	0	
1	2	3	0	1	0	0	0	0	1	0	1	3	1	0	3	3	3	0	0	1	0	0	1	0	0	1	1	
--------------------


The best solution was found at the restart: 12, population: 0
Total Time Elapsed: 0 hour(s), 14 minute(s), 8 second(s), 586 millisecond(s)

