--------------------
Best Solution Found!
--------------------
Time: 0 hour(s), 0 minute(s), 0 second(s), 4 millisecond(s)

Fitness: 205744

1	3	0	1	2	3	2	0	1	1	1	2	0	2	0	1	0	0	0	2	0	0	0	0	0	0	3	1	
1	3	0	0	2	3	0	0	2	0	0	3	0	2	0	2	0	0	0	3	0	0	0	0	0	0	3	2	
1	3	0	1	2	3	2	0	1	1	0	0	0	2	0	1	0	0	0	1	0	0	0	0	0	0	3	2	
1	0	0	0	0	1	2	0	0	1	0	3	0	1	0	2	0	0	0	1	0	0	0	0	0	0	1	1	
1	0	2	1	0	0	2	0	1	1	0	2	0	0	0	0	0	0	0	1	0	0	0	0	0	0	3	0	
1	0	0	0	0	3	2	0	0	0	0	3	0	2	0	2	0	0	0	0	0	0	0	0	0	0	3	2	
2	3	2	0	1	3	1	0	0	2	1	3	0	0	0	2	0	0	0	0	0	0	0	0	0	0	0	2	
1	3	0	1	2	3	0	0	1	0	1	0	0	1	0	0	0	0	0	0	0	0	0	0	0	0	0	0	
2	3	0	2	2	0	2	0	1	1	0	3	0	0	0	0	0	0	0	1	0	0	0	0	0	0	3	1	
1	0	2	1	0	3	0	0	1	1	0	3	0	2	0	0	0	0	0	2	0	0	0	0	0	0	3	2	
1	3	0	1	2	0	0	0	0	0	1	0	0	0	0	0	0	0	0	0	0	0	0	0	0	0	0	2	
0	0	0	1	0	1	2	0	0	0	3	3	0	2	0	2	0	0	0	0	0	0	0	0	0	0	0	2	
2	3	0	1	2	3	1	0	1	1	0	0	0	2	0	0	0	0	0	1	0	0	0	0	0	0	0	0	
0	0	1	0	0	3	2	0	1	2	1	3	0	2	0	2	0	0	0	0	0	0	0	0	0	0	3	2	
1	0	0	2	1	3	1	0	1	2	1	3	0	2	0	2	0	0	0	1	0	0	0	0	0	0	0	2	
2	0	0	1	0	3	2	0	1	1	0	2	0	0	0	2	0	0	0	0	0	0	0	0	0	0	3	0	
0	0	0	1	0	0	2	0	1	1	0	2	0	0	0	0	0	0	0	0	0	0	0	0	0	0	3	0	
2	3	2	0	0	1	0	0	0	1	3	3	0	0	0	0	0	0	0	1	0	0	0	0	0	0	0	2	
1	0	0	2	1	0	2	0	0	1	0	3	0	2	0	2	0	0	0	0	0	0	0	0	0	0	0	0	
0	0	1	1	0	0	2	0	1	1	1	3	0	2	0	2	0	0	0	1	0	0	0	0	0	0	0	0	
1	1	0	1	0	0	0	0	3	1	0	3	0	0	0	0	0	0	0	1	0	0	0	0	0	0	0	2	
1	3	1	1	2	3	1	0	0	0	0	0	0	0	0	0	0	0	0	1	0	0	0	0	0	0	0	2	
0	1	0	1	0	0	2	0	0	1	1	3	0	2	0	0	0	0	0	1	0	0	0	0	0	0	3	1	
1	3	2	1	2	3	2	0	3	0	0	0	0	2	0	1	0	0	0	1	0	0	0	0	0	0	0	2	
1	3	0	1	2	3	0	0	3	2	1	3	0	0	0	2	0	0	0	1	0	0	0	0	0	0	1	2	
1	0	0	2	2	0	2	0	1	1	1	3	0	0	0	0	0	0	0	0	0	0	0	0	0	0	3	0	
1	3	0	1	2	0	0	0	0	0	1	0	0	1	0	2	0	0	0	0	0	0	0	0	0	0	1	0	
0	0	0	2	0	3	2	0	1	1	1	3	0	0	0	2	0	0	0	1	0	0	0	0	0	0	0	2	
0	0	0	0	2	1	2	0	0	1	3	0	0	0	0	0	0	0	0	2	0	0	0	0	0	0	0	0	
1	1	0	1	2	0	2	0	1	1	0	0	0	2	0	2	0	0	0	1	0	0	0	0	0	0	3	0	
--------------------

--------------------
Best Solution Found!
--------------------
Time: 0 hour(s), 0 minute(s), 0 second(s), 10 millisecond(s)

Fitness: 205744

1	3	0	1	2	3	2	0	1	1	1	2	0	2	0	1	0	0	0	2	0	0	0	0	0	0	3	1	
1	3	0	0	2	3	0	0	2	0	0	3	0	2	0	2	0	0	0	3	0	0	0	0	0	0	3	2	
1	3	0	1	2	3	2	0	1	1	0	0	0	2	0	1	0	0	0	1	0	0	0	0	0	0	3	2	
1	0	0	0	0	1	2	0	0	1	0	3	0	1	0	2	0	0	0	1	0	0	0	0	0	0	1	1	
1	0	2	1	0	0	2	0	1	1	0	2	0	0	0	0	0	0	0	1	0	0	0	0	0	0	3	0	
1	0	0	0	0	3	2	0	0	0	0	3	0	2	0	2	0	0	0	0	0	0	0	0	0	0	3	2	
2	3	2	0	1	3	1	0	0	2	1	3	0	0	0	2	0	0	0	0	0	0	0	0	0	0	0	2	
1	3	0	1	2	3	0	0	1	0	1	0	0	1	0	0	0	0	0	0	0	0	0	0	0	0	0	0	
2	3	0	2	2	0	2	0	1	1	0	3	0	0	0	0	0	0	0	1	0	0	0	0	0	0	3	1	
1	0	2	1	0	3	0	0	1	1	0	3	0	2	0	0	0	0	0	2	0	0	0	0	0	0	3	2	
1	3	0	1	2	0	0	0	0	0	1	0	0	0	0	0	0	0	0	0	0	0	0	0	0	0	0	2	
0	0	0	1	0	1	2	0	0	0	3	3	0	2	0	2	0	0	0	0	0	0	0	0	0	0	0	2	
2	3	0	1	2	3	1	0	1	1	0	0	0	2	0	0	0	0	0	1	0	0	0	0	0	0	0	0	
0	0	1	0	0	3	2	0	1	2	1	3	0	2	0	2	0	0	0	0	0	0	0	0	0	0	3	2	
1	0	0	2	1	3	1	0	1	2	1	3	0	2	0	2	0	0	0	1	0	0	0	0	0	0	0	2	
2	0	0	1	0	3	2	0	1	1	0	2	0	0	0	2	0	0	0	0	0	0	0	0	0	0	3	0	
0	0	0	1	0	0	2	0	1	1	0	2	0	0	0	0	0	0	0	0	0	0	0	0	0	0	3	0	
2	3	2	0	0	1	0	0	0	1	3	3	0	0	0	0	0	0	0	1	0	0	0	0	0	0	0	2	
1	0	0	2	1	0	2	0	0	1	0	3	0	2	0	2	0	0	0	0	0	0	0	0	0	0	0	0	
0	0	1	1	0	0	2	0	1	1	1	3	0	2	0	2	0	0	0	1	0	0	0	0	0	0	0	0	
1	1	0	1	0	0	0	0	3	1	0	3	0	0	0	0	0	0	0	1	0	0	0	0	0	0	0	2	
1	3	1	1	2	3	1	0	0	0	0	0	0	0	0	0	0	0	0	1	0	0	0	0	0	0	0	2	
0	1	0	1	0	0	2	0	0	1	1	3	0	2	0	0	0	0	0	1	0	0	0	0	0	0	3	1	
1	3	2	1	2	3	2	0	3	0	0	0	0	2	0	1	0	0	0	1	0	0	0	0	0	0	0	2	
1	3	0	1	2	3	0	0	3	2	1	3	0	0	0	2	0	0	0	1	0	0	0	0	0	0	1	2	
1	0	0	2	2	0	2	0	1	1	1	3	0	0	0	0	0	0	0	0	0	0	0	0	0	0	3	0	
1	3	0	1	2	0	0	0	0	0	1	0	0	1	0	2	0	0	0	0	0	0	0	0	0	0	1	0	
0	0	0	2	0	3	2	0	1	1	1	3	0	0	0	2	0	0	0	1	0	0	0	0	0	0	0	2	
0	0	0	0	2	1	2	0	0	1	3	0	0	0	0	0	0	0	0	2	0	0	0	0	0	0	0	0	
1	1	0	1	2	0	2	0	1	1	0	0	0	2	0	2	0	0	0	1	0	0	0	0	0	0	3	0	
--------------------

--------------------
Best Solution Found!
--------------------
Time: 0 hour(s), 0 minute(s), 0 second(s), 13 millisecond(s)

Fitness: 205744

1	3	0	1	2	3	2	0	1	1	1	2	0	2	0	1	0	0	0	2	0	0	0	0	0	0	3	1	
1	3	0	0	2	3	0	0	2	0	0	3	0	2	0	2	0	0	0	3	0	0	0	0	0	0	3	2	
1	3	0	1	2	3	2	0	1	1	0	0	0	2	0	1	0	0	0	1	0	0	0	0	0	0	3	2	
1	0	0	0	0	1	2	0	0	1	0	3	0	1	0	2	0	0	0	1	0	0	0	0	0	0	1	1	
1	0	2	1	0	0	2	0	1	1	0	2	0	0	0	0	0	0	0	1	0	0	0	0	0	0	3	0	
1	0	0	0	0	3	2	0	0	0	0	3	0	2	0	2	0	0	0	0	0	0	0	0	0	0	3	2	
2	3	2	0	1	3	1	0	0	2	1	3	0	0	0	2	0	0	0	0	0	0	0	0	0	0	0	2	
1	3	0	1	2	3	0	0	1	0	1	0	0	1	0	0	0	0	0	0	0	0	0	0	0	0	0	0	
2	3	0	2	2	0	2	0	1	1	0	3	0	0	0	0	0	0	0	1	0	0	0	0	0	0	3	1	
1	0	2	1	0	3	0	0	1	1	0	3	0	2	0	0	0	0	0	2	0	0	0	0	0	0	3	2	
1	3	0	1	2	0	0	0	0	0	1	0	0	0	0	0	0	0	0	0	0	0	0	0	0	0	0	2	
0	0	0	1	0	1	2	0	0	0	3	3	0	2	0	2	0	0	0	0	0	0	0	0	0	0	0	2	
2	3	0	1	2	3	1	0	1	1	0	0	0	2	0	0	0	0	0	1	0	0	0	0	0	0	0	0	
0	0	1	0	0	3	2	0	1	2	1	3	0	2	0	2	0	0	0	0	0	0	0	0	0	0	3	2	
1	0	0	2	1	3	1	0	1	2	1	3	0	2	0	2	0	0	0	1	0	0	0	0	0	0	0	2	
2	0	0	1	0	3	2	0	1	1	0	2	0	0	0	2	0	0	0	0	0	0	0	0	0	0	3	0	
0	0	0	1	0	0	2	0	1	1	0	2	0	0	0	0	0	0	0	0	0	0	0	0	0	0	3	0	
2	3	2	0	0	1	0	0	0	1	3	3	0	0	0	0	0	0	0	1	0	0	0	0	0	0	0	2	
1	0	0	2	1	0	2	0	0	1	0	3	0	2	0	2	0	0	0	0	0	0	0	0	0	0	0	0	
0	0	1	1	0	0	2	0	1	1	1	3	0	2	0	2	0	0	0	1	0	0	0	0	0	0	0	0	
1	1	0	1	0	0	0	0	3	1	0	3	0	0	0	0	0	0	0	1	0	0	0	0	0	0	0	2	
1	3	1	1	2	3	1	0	0	0	0	0	0	0	0	0	0	0	0	1	0	0	0	0	0	0	0	2	
0	1	0	1	0	0	2	0	0	1	1	3	0	2	0	0	0	0	0	1	0	0	0	0	0	0	3	1	
1	3	2	1	2	3	2	0	3	0	0	0	0	2	0	1	0	0	0	1	0	0	0	0	0	0	0	2	
1	3	0	1	2	3	0	0	3	2	1	3	0	0	0	2	0	0	0	1	0	0	0	0	0	0	1	2	
1	0	0	2	2	0	2	0	1	1	1	3	0	0	0	0	0	0	0	0	0	0	0	0	0	0	3	0	
1	3	0	1	2	0	0	0	0	0	1	0	0	1	0	2	0	0	0	0	0	0	0	0	0	0	1	0	
0	0	0	2	0	3	2	0	1	1	1	3	0	0	0	2	0	0	0	1	0	0	0	0	0	0	0	2	
0	0	0	0	2	1	2	0	0	1	3	0	0	0	0	0	0	0	0	2	0	0	0	0	0	0	0	0	
1	1	0	1	2	0	2	0	1	1	0	0	0	2	0	2	0	0	0	1	0	0	0	0	0	0	3	0	
--------------------

--------------------
Best Solution Found!
--------------------
Time: 0 hour(s), 0 minute(s), 0 second(s), 23 millisecond(s)

Fitness: 203755

1	0	0	2	0	3	2	0	0	1	0	0	0	2	0	0	0	0	0	2	0	0	0	0	0	0	0	2	
1	0	0	1	2	3	1	0	0	0	0	0	0	2	0	0	0	0	0	0	0	0	0	0	0	0	0	2	
1	1	0	1	0	3	0	0	0	1	0	2	0	2	0	2	0	0	0	0	0	0	0	0	0	0	3	2	
2	0	0	2	1	3	0	0	0	0	1	3	0	0	0	0	0	0	0	2	0	0	0	0	0	0	3	2	
2	0	0	0	2	0	0	0	1	0	0	3	0	0	0	0	0	0	0	3	0	0	0	0	0	0	0	0	
0	0	0	1	2	1	2	0	1	0	3	3	0	2	0	0	0	0	0	0	0	0	0	0	0	0	3	0	
2	3	2	1	2	3	2	0	3	1	0	3	0	0	0	1	0	0	0	2	0	0	0	0	0	0	1	2	
0	0	2	1	2	0	2	0	1	2	1	0	0	2	0	2	0	0	0	0	0	0	0	0	0	0	0	2	
1	0	0	1	2	0	0	0	1	1	1	0	0	2	0	1	0	0	0	0	0	0	0	0	0	0	3	2	
1	3	0	1	2	3	2	0	0	1	1	2	0	0	0	2	0	0	0	1	0	0	0	0	0	0	0	2	
0	0	1	2	0	0	2	0	1	1	3	3	0	0	0	2	0	0	0	1	0	0	0	0	0	0	0	2	
1	3	0	0	1	3	2	0	3	1	0	3	0	0	0	2	0	0	0	0	0	0	0	0	0	0	0	0	
1	1	0	1	2	0	2	0	1	1	1	3	0	2	0	1	0	0	0	1	0	0	0	0	0	0	0	2	
0	3	0	1	0	0	2	0	1	0	0	0	0	2	0	0	0	0	0	0	0	0	0	0	0	0	0	1	
0	0	2	2	0	0	1	0	1	1	1	2	0	0	0	0	0	0	0	1	0	0	0	0	0	0	0	1	
1	0	0	1	2	3	2	0	0	1	0	0	0	0	0	0	0	0	0	1	0	0	0	0	0	0	1	0	
1	0	0	1	2	1	0	0	1	1	1	3	0	2	0	0	0	0	0	1	0	0	0	0	0	0	3	0	
1	1	0	0	2	1	0	0	1	0	1	3	0	2	0	2	0	0	0	0	0	0	0	0	0	0	3	1	
2	3	1	0	0	3	2	0	1	2	1	3	0	0	0	2	0	0	0	1	0	0	0	0	0	0	0	0	
1	3	0	1	2	3	0	0	1	1	0	3	0	1	0	2	0	0	0	1	0	0	0	0	0	0	3	0	
1	0	2	1	0	1	2	0	1	1	0	3	0	0	0	2	0	0	0	1	0	0	0	0	0	0	3	2	
0	3	2	1	0	0	2	0	1	2	0	0	0	2	0	2	0	0	0	0	0	0	0	0	0	0	0	0	
0	0	0	1	2	3	2	0	3	1	0	0	0	2	0	0	0	0	0	1	0	0	0	0	0	0	3	0	
1	3	0	1	0	3	2	0	0	1	0	0	0	1	0	0	0	0	0	0	0	0	0	0	0	0	0	0	
1	3	0	0	0	0	1	0	0	1	0	3	0	0	0	0	0	0	0	1	0	0	0	0	0	0	0	2	
1	3	0	0	0	3	1	0	0	1	0	3	0	2	0	0	0	0	0	1	0	0	0	0	0	0	1	2	
2	3	0	1	1	3	2	0	2	2	1	3	0	1	0	2	0	0	0	0	0	0	0	0	0	0	3	1	
1	3	0	1	0	0	2	0	0	0	3	3	0	2	0	2	0	0	0	1	0	0	0	0	0	0	3	2	
1	0	1	0	0	0	0	0	1	0	1	3	0	0	0	2	0	0	0	1	0	0	0	0	0	0	3	2	
1	3	0	2	2	3	2	0	0	1	1	2	0	0	0	2	0	0	0	1	0	0	0	0	0	0	3	0	
--------------------

--------------------
Best Solution Found!
--------------------
Time: 0 hour(s), 0 minute(s), 0 second(s), 26 millisecond(s)

Fitness: 203755

1	0	0	2	0	3	2	0	0	1	0	0	0	2	0	0	0	0	0	2	0	0	0	0	0	0	0	2	
1	0	0	1	2	3	1	0	0	0	0	0	0	2	0	0	0	0	0	0	0	0	0	0	0	0	0	2	
1	1	0	1	0	3	0	0	0	1	0	2	0	2	0	2	0	0	0	0	0	0	0	0	0	0	3	2	
2	0	0	2	1	3	0	0	0	0	1	3	0	0	0	0	0	0	0	2	0	0	0	0	0	0	3	2	
2	0	0	0	2	0	0	0	1	0	0	3	0	0	0	0	0	0	0	3	0	0	0	0	0	0	0	0	
0	0	0	1	2	1	2	0	1	0	3	3	0	2	0	0	0	0	0	0	0	0	0	0	0	0	3	0	
2	3	2	1	2	3	2	0	3	1	0	3	0	0	0	1	0	0	0	2	0	0	0	0	0	0	1	2	
0	0	2	1	2	0	2	0	1	2	1	0	0	2	0	2	0	0	0	0	0	0	0	0	0	0	0	2	
1	0	0	1	2	0	0	0	1	1	1	0	0	2	0	1	0	0	0	0	0	0	0	0	0	0	3	2	
1	3	0	1	2	3	2	0	0	1	1	2	0	0	0	2	0	0	0	1	0	0	0	0	0	0	0	2	
0	0	1	2	0	0	2	0	1	1	3	3	0	0	0	2	0	0	0	1	0	0	0	0	0	0	0	2	
1	3	0	0	1	3	2	0	3	1	0	3	0	0	0	2	0	0	0	0	0	0	0	0	0	0	0	0	
1	1	0	1	2	0	2	0	1	1	1	3	0	2	0	1	0	0	0	1	0	0	0	0	0	0	0	2	
0	3	0	1	0	0	2	0	1	0	0	0	0	2	0	0	0	0	0	0	0	0	0	0	0	0	0	1	
0	0	2	2	0	0	1	0	1	1	1	2	0	0	0	0	0	0	0	1	0	0	0	0	0	0	0	1	
1	0	0	1	2	3	2	0	0	1	0	0	0	0	0	0	0	0	0	1	0	0	0	0	0	0	1	0	
1	0	0	1	2	1	0	0	1	1	1	3	0	2	0	0	0	0	0	1	0	0	0	0	0	0	3	0	
1	1	0	0	2	1	0	0	1	0	1	3	0	2	0	2	0	0	0	0	0	0	0	0	0	0	3	1	
2	3	1	0	0	3	2	0	1	2	1	3	0	0	0	2	0	0	0	1	0	0	0	0	0	0	0	0	
1	3	0	1	2	3	0	0	1	1	0	3	0	1	0	2	0	0	0	1	0	0	0	0	0	0	3	0	
1	0	2	1	0	1	2	0	1	1	0	3	0	0	0	2	0	0	0	1	0	0	0	0	0	0	3	2	
0	3	2	1	0	0	2	0	1	2	0	0	0	2	0	2	0	0	0	0	0	0	0	0	0	0	0	0	
0	0	0	1	2	3	2	0	3	1	0	0	0	2	0	0	0	0	0	1	0	0	0	0	0	0	3	0	
1	3	0	1	0	3	2	0	0	1	0	0	0	1	0	0	0	0	0	0	0	0	0	0	0	0	0	0	
1	3	0	0	0	0	1	0	0	1	0	3	0	0	0	0	0	0	0	1	0	0	0	0	0	0	0	2	
1	3	0	0	0	3	1	0	0	1	0	3	0	2	0	0	0	0	0	1	0	0	0	0	0	0	1	2	
2	3	0	1	1	3	2	0	2	2	1	3	0	1	0	2	0	0	0	0	0	0	0	0	0	0	3	1	
1	3	0	1	0	0	2	0	0	0	3	3	0	2	0	2	0	0	0	1	0	0	0	0	0	0	3	2	
1	0	1	0	0	0	0	0	1	0	1	3	0	0	0	2	0	0	0	1	0	0	0	0	0	0	3	2	
1	3	0	2	2	3	2	0	0	1	1	2	0	0	0	2	0	0	0	1	0	0	0	0	0	0	3	0	
--------------------

--------------------
Best Solution Found!
--------------------
Time: 0 hour(s), 0 minute(s), 0 second(s), 28 millisecond(s)

Fitness: 203755

1	0	0	2	0	3	2	0	0	1	0	0	0	2	0	0	0	0	0	2	0	0	0	0	0	0	0	2	
1	0	0	1	2	3	1	0	0	0	0	0	0	2	0	0	0	0	0	0	0	0	0	0	0	0	0	2	
1	1	0	1	0	3	0	0	0	1	0	2	0	2	0	2	0	0	0	0	0	0	0	0	0	0	3	2	
2	0	0	2	1	3	0	0	0	0	1	3	0	0	0	0	0	0	0	2	0	0	0	0	0	0	3	2	
2	0	0	0	2	0	0	0	1	0	0	3	0	0	0	0	0	0	0	3	0	0	0	0	0	0	0	0	
0	0	0	1	2	1	2	0	1	0	3	3	0	2	0	0	0	0	0	0	0	0	0	0	0	0	3	0	
2	3	2	1	2	3	2	0	3	1	0	3	0	0	0	1	0	0	0	2	0	0	0	0	0	0	1	2	
0	0	2	1	2	0	2	0	1	2	1	0	0	2	0	2	0	0	0	0	0	0	0	0	0	0	0	2	
1	0	0	1	2	0	0	0	1	1	1	0	0	2	0	1	0	0	0	0	0	0	0	0	0	0	3	2	
1	3	0	1	2	3	2	0	0	1	1	2	0	0	0	2	0	0	0	1	0	0	0	0	0	0	0	2	
0	0	1	2	0	0	2	0	1	1	3	3	0	0	0	2	0	0	0	1	0	0	0	0	0	0	0	2	
1	3	0	0	1	3	2	0	3	1	0	3	0	0	0	2	0	0	0	0	0	0	0	0	0	0	0	0	
1	1	0	1	2	0	2	0	1	1	1	3	0	2	0	1	0	0	0	1	0	0	0	0	0	0	0	2	
0	3	0	1	0	0	2	0	1	0	0	0	0	2	0	0	0	0	0	0	0	0	0	0	0	0	0	1	
0	0	2	2	0	0	1	0	1	1	1	2	0	0	0	0	0	0	0	1	0	0	0	0	0	0	0	1	
1	0	0	1	2	3	2	0	0	1	0	0	0	0	0	0	0	0	0	1	0	0	0	0	0	0	1	0	
1	0	0	1	2	1	0	0	1	1	1	3	0	2	0	0	0	0	0	1	0	0	0	0	0	0	3	0	
1	1	0	0	2	1	0	0	1	0	1	3	0	2	0	2	0	0	0	0	0	0	0	0	0	0	3	1	
2	3	1	0	0	3	2	0	1	2	1	3	0	0	0	2	0	0	0	1	0	0	0	0	0	0	0	0	
1	3	0	1	2	3	0	0	1	1	0	3	0	1	0	2	0	0	0	1	0	0	0	0	0	0	3	0	
1	0	2	1	0	1	2	0	1	1	0	3	0	0	0	2	0	0	0	1	0	0	0	0	0	0	3	2	
0	3	2	1	0	0	2	0	1	2	0	0	0	2	0	2	0	0	0	0	0	0	0	0	0	0	0	0	
0	0	0	1	2	3	2	0	3	1	0	0	0	2	0	0	0	0	0	1	0	0	0	0	0	0	3	0	
1	3	0	1	0	3	2	0	0	1	0	0	0	1	0	0	0	0	0	0	0	0	0	0	0	0	0	0	
1	3	0	0	0	0	1	0	0	1	0	3	0	0	0	0	0	0	0	1	0	0	0	0	0	0	0	2	
1	3	0	0	0	3	1	0	0	1	0	3	0	2	0	0	0	0	0	1	0	0	0	0	0	0	1	2	
2	3	0	1	1	3	2	0	2	2	1	3	0	1	0	2	0	0	0	0	0	0	0	0	0	0	3	1	
1	3	0	1	0	0	2	0	0	0	3	3	0	2	0	2	0	0	0	1	0	0	0	0	0	0	3	2	
1	0	1	0	0	0	0	0	1	0	1	3	0	0	0	2	0	0	0	1	0	0	0	0	0	0	3	2	
1	3	0	2	2	3	2	0	0	1	1	2	0	0	0	2	0	0	0	1	0	0	0	0	0	0	3	0	
--------------------

--------------------
Best Solution Found!
--------------------
Time: 0 hour(s), 0 minute(s), 0 second(s), 32 millisecond(s)

Fitness: 203755

1	0	0	2	0	3	2	0	0	1	0	0	0	2	0	0	0	0	0	2	0	0	0	0	0	0	0	2	
1	0	0	1	2	3	1	0	0	0	0	0	0	2	0	0	0	0	0	0	0	0	0	0	0	0	0	2	
1	1	0	1	0	3	0	0	0	1	0	2	0	2	0	2	0	0	0	0	0	0	0	0	0	0	3	2	
2	0	0	2	1	3	0	0	0	0	1	3	0	0	0	0	0	0	0	2	0	0	0	0	0	0	3	2	
2	0	0	0	2	0	0	0	1	0	0	3	0	0	0	0	0	0	0	3	0	0	0	0	0	0	0	0	
0	0	0	1	2	1	2	0	1	0	3	3	0	2	0	0	0	0	0	0	0	0	0	0	0	0	3	0	
2	3	2	1	2	3	2	0	3	1	0	3	0	0	0	1	0	0	0	2	0	0	0	0	0	0	1	2	
0	0	2	1	2	0	2	0	1	2	1	0	0	2	0	2	0	0	0	0	0	0	0	0	0	0	0	2	
1	0	0	1	2	0	0	0	1	1	1	0	0	2	0	1	0	0	0	0	0	0	0	0	0	0	3	2	
1	3	0	1	2	3	2	0	0	1	1	2	0	0	0	2	0	0	0	1	0	0	0	0	0	0	0	2	
0	0	1	2	0	0	2	0	1	1	3	3	0	0	0	2	0	0	0	1	0	0	0	0	0	0	0	2	
1	3	0	0	1	3	2	0	3	1	0	3	0	0	0	2	0	0	0	0	0	0	0	0	0	0	0	0	
1	1	0	1	2	0	2	0	1	1	1	3	0	2	0	1	0	0	0	1	0	0	0	0	0	0	0	2	
0	3	0	1	0	0	2	0	1	0	0	0	0	2	0	0	0	0	0	0	0	0	0	0	0	0	0	1	
0	0	2	2	0	0	1	0	1	1	1	2	0	0	0	0	0	0	0	1	0	0	0	0	0	0	0	1	
1	0	0	1	2	3	2	0	0	1	0	0	0	0	0	0	0	0	0	1	0	0	0	0	0	0	1	0	
1	0	0	1	2	1	0	0	1	1	1	3	0	2	0	0	0	0	0	1	0	0	0	0	0	0	3	0	
1	1	0	0	2	1	0	0	1	0	1	3	0	2	0	2	0	0	0	0	0	0	0	0	0	0	3	1	
2	3	1	0	0	3	2	0	1	2	1	3	0	0	0	2	0	0	0	1	0	0	0	0	0	0	0	0	
1	3	0	1	2	3	0	0	1	1	0	3	0	1	0	2	0	0	0	1	0	0	0	0	0	0	3	0	
1	0	2	1	0	1	2	0	1	1	0	3	0	0	0	2	0	0	0	1	0	0	0	0	0	0	3	2	
0	3	2	1	0	0	2	0	1	2	0	0	0	2	0	2	0	0	0	0	0	0	0	0	0	0	0	0	
0	0	0	1	2	3	2	0	3	1	0	0	0	2	0	0	0	0	0	1	0	0	0	0	0	0	3	0	
1	3	0	1	0	3	2	0	0	1	0	0	0	1	0	0	0	0	0	0	0	0	0	0	0	0	0	0	
1	3	0	0	0	0	1	0	0	1	0	3	0	0	0	0	0	0	0	1	0	0	0	0	0	0	0	2	
1	3	0	0	0	3	1	0	0	1	0	3	0	2	0	0	0	0	0	1	0	0	0	0	0	0	1	2	
2	3	0	1	1	3	2	0	2	2	1	3	0	1	0	2	0	0	0	0	0	0	0	0	0	0	3	1	
1	3	0	1	0	0	2	0	0	0	3	3	0	2	0	2	0	0	0	1	0	0	0	0	0	0	3	2	
1	0	1	0	0	0	0	0	1	0	1	3	0	0	0	2	0	0	0	1	0	0	0	0	0	0	3	2	
1	3	0	2	2	3	2	0	0	1	1	2	0	0	0	2	0	0	0	1	0	0	0	0	0	0	3	0	
--------------------

--------------------
Best Solution Found!
--------------------
Time: 0 hour(s), 0 minute(s), 0 second(s), 36 millisecond(s)

Fitness: 203755

1	0	0	2	0	3	2	0	0	1	0	0	0	2	0	0	0	0	0	2	0	0	0	0	0	0	0	2	
1	0	0	1	2	3	1	0	0	0	0	0	0	2	0	0	0	0	0	0	0	0	0	0	0	0	0	2	
1	1	0	1	0	3	0	0	0	1	0	2	0	2	0	2	0	0	0	0	0	0	0	0	0	0	3	2	
2	0	0	2	1	3	0	0	0	0	1	3	0	0	0	0	0	0	0	2	0	0	0	0	0	0	3	2	
2	0	0	0	2	0	0	0	1	0	0	3	0	0	0	0	0	0	0	3	0	0	0	0	0	0	0	0	
0	0	0	1	2	1	2	0	1	0	3	3	0	2	0	0	0	0	0	0	0	0	0	0	0	0	3	0	
2	3	2	1	2	3	2	0	3	1	0	3	0	0	0	1	0	0	0	2	0	0	0	0	0	0	1	2	
0	0	2	1	2	0	2	0	1	2	1	0	0	2	0	2	0	0	0	0	0	0	0	0	0	0	0	2	
1	0	0	1	2	0	0	0	1	1	1	0	0	2	0	1	0	0	0	0	0	0	0	0	0	0	3	2	
1	3	0	1	2	3	2	0	0	1	1	2	0	0	0	2	0	0	0	1	0	0	0	0	0	0	0	2	
0	0	1	2	0	0	2	0	1	1	3	3	0	0	0	2	0	0	0	1	0	0	0	0	0	0	0	2	
1	3	0	0	1	3	2	0	3	1	0	3	0	0	0	2	0	0	0	0	0	0	0	0	0	0	0	0	
1	1	0	1	2	0	2	0	1	1	1	3	0	2	0	1	0	0	0	1	0	0	0	0	0	0	0	2	
0	3	0	1	0	0	2	0	1	0	0	0	0	2	0	0	0	0	0	0	0	0	0	0	0	0	0	1	
0	0	2	2	0	0	1	0	1	1	1	2	0	0	0	0	0	0	0	1	0	0	0	0	0	0	0	1	
1	0	0	1	2	3	2	0	0	1	0	0	0	0	0	0	0	0	0	1	0	0	0	0	0	0	1	0	
1	0	0	1	2	1	0	0	1	1	1	3	0	2	0	0	0	0	0	1	0	0	0	0	0	0	3	0	
1	1	0	0	2	1	0	0	1	0	1	3	0	2	0	2	0	0	0	0	0	0	0	0	0	0	3	1	
2	3	1	0	0	3	2	0	1	2	1	3	0	0	0	2	0	0	0	1	0	0	0	0	0	0	0	0	
1	3	0	1	2	3	0	0	1	1	0	3	0	1	0	2	0	0	0	1	0	0	0	0	0	0	3	0	
1	0	2	1	0	1	2	0	1	1	0	3	0	0	0	2	0	0	0	1	0	0	0	0	0	0	3	2	
0	3	2	1	0	0	2	0	1	2	0	0	0	2	0	2	0	0	0	0	0	0	0	0	0	0	0	0	
0	0	0	1	2	3	2	0	3	1	0	0	0	2	0	0	0	0	0	1	0	0	0	0	0	0	3	0	
1	3	0	1	0	3	2	0	0	1	0	0	0	1	0	0	0	0	0	0	0	0	0	0	0	0	0	0	
1	3	0	0	0	0	1	0	0	1	0	3	0	0	0	0	0	0	0	1	0	0	0	0	0	0	0	2	
1	3	0	0	0	3	1	0	0	1	0	3	0	2	0	0	0	0	0	1	0	0	0	0	0	0	1	2	
2	3	0	1	1	3	2	0	2	2	1	3	0	1	0	2	0	0	0	0	0	0	0	0	0	0	3	1	
1	3	0	1	0	0	2	0	0	0	3	3	0	2	0	2	0	0	0	1	0	0	0	0	0	0	3	2	
1	0	1	0	0	0	0	0	1	0	1	3	0	0	0	2	0	0	0	1	0	0	0	0	0	0	3	2	
1	3	0	2	2	3	2	0	0	1	1	2	0	0	0	2	0	0	0	1	0	0	0	0	0	0	3	0	
--------------------

--------------------
Best Solution Found!
--------------------
Time: 0 hour(s), 0 minute(s), 0 second(s), 44 millisecond(s)

Fitness: 199760

1	0	0	2	0	3	2	0	0	1	0	0	0	2	0	0	0	0	0	1	0	0	0	0	0	0	3	0	
1	0	0	1	2	3	1	0	0	0	0	0	0	2	0	0	0	0	0	1	0	0	0	0	0	0	3	2	
1	1	0	1	0	3	0	0	0	1	0	2	0	2	0	2	0	0	0	1	0	0	0	0	0	0	1	2	
2	0	0	2	1	3	0	0	0	0	1	3	0	0	0	0	0	0	0	0	0	0	0	0	0	0	3	0	
2	0	0	0	2	0	0	0	1	0	0	3	0	0	0	0	0	0	0	2	0	0	0	0	0	0	0	2	
0	0	0	1	2	1	2	0	1	0	3	3	0	2	0	0	0	0	0	0	0	0	0	0	0	0	0	0	
2	3	2	1	2	3	2	0	3	1	0	3	0	0	0	1	0	0	0	0	0	0	0	0	0	0	3	2	
0	0	2	1	2	0	2	0	1	2	1	0	0	2	0	2	0	0	0	1	0	0	0	0	0	0	0	1	
1	0	0	1	2	0	0	0	1	1	1	0	0	2	0	1	0	0	0	0	0	0	0	0	0	0	1	2	
1	3	0	1	2	3	2	0	0	1	1	2	0	0	0	2	0	0	0	1	0	0	0	0	0	0	0	2	
0	0	1	2	0	0	2	0	1	1	3	3	0	0	0	2	0	0	0	1	0	0	0	0	0	0	0	2	
1	3	0	0	1	3	2	0	3	1	0	3	0	0	0	2	0	0	0	0	0	0	0	0	0	0	0	0	
1	1	0	1	2	0	2	0	1	1	1	3	0	2	0	1	0	0	0	0	0	0	0	0	0	0	3	2	
0	3	0	1	0	0	2	0	1	0	0	0	0	2	0	0	0	0	0	3	0	0	0	0	0	0	3	2	
0	0	2	2	0	0	1	0	1	1	1	2	0	0	0	0	0	0	0	0	0	0	0	0	0	0	0	0	
1	0	0	1	2	3	2	0	0	1	0	0	0	0	0	0	0	0	0	0	0	0	0	0	0	0	3	1	
1	0	0	1	2	1	0	0	1	1	1	3	0	2	0	0	0	0	0	0	0	0	0	0	0	0	0	0	
1	1	0	0	2	1	0	0	1	0	1	3	0	2	0	2	0	0	0	1	0	0	0	0	0	0	0	1	
2	3	1	0	0	3	2	0	1	2	1	3	0	0	0	2	0	0	0	0	0	0	0	0	0	0	0	0	
1	3	0	1	2	3	0	0	1	1	0	3	0	1	0	2	0	0	0	1	0	0	0	0	0	0	3	2	
1	0	2	1	0	1	2	0	1	1	0	3	0	0	0	2	0	0	0	1	0	0	0	0	0	0	3	1	
0	3	2	1	0	0	2	0	1	2	0	0	0	2	0	2	0	0	0	1	0	0	0	0	0	0	3	0	
0	0	0	1	2	3	2	0	3	1	0	0	0	2	0	0	0	0	0	1	0	0	0	0	0	0	0	0	
1	3	0	1	0	3	2	0	0	1	0	0	0	1	0	0	0	0	0	2	0	0	0	0	0	0	3	0	
1	3	0	0	0	0	1	0	0	1	0	3	0	0	0	0	0	0	0	1	0	0	0	0	0	0	0	2	
1	3	0	0	0	3	1	0	0	1	0	3	0	2	0	0	0	0	0	1	0	0	0	0	0	0	3	2	
2	3	0	1	1	3	2	0	2	2	1	3	0	1	0	2	0	0	0	2	0	0	0	0	0	0	1	2	
1	3	0	1	0	0	2	0	0	0	3	3	0	2	0	2	0	0	0	0	0	0	0	0	0	0	0	2	
1	0	1	0	0	0	0	0	1	0	1	3	0	0	0	2	0	0	0	1	0	0	0	0	0	0	3	2	
1	3	0	2	2	3	2	0	0	1	1	2	0	0	0	2	0	0	0	1	0	0	0	0	0	0	0	0	
--------------------

--------------------
Best Solution Found!
--------------------
Time: 0 hour(s), 0 minute(s), 0 second(s), 49 millisecond(s)

Fitness: 199760

1	0	0	2	0	3	2	0	0	1	0	0	0	2	0	0	0	0	0	1	0	0	0	0	0	0	3	0	
1	0	0	1	2	3	1	0	0	0	0	0	0	2	0	0	0	0	0	1	0	0	0	0	0	0	3	2	
1	1	0	1	0	3	0	0	0	1	0	2	0	2	0	2	0	0	0	1	0	0	0	0	0	0	1	2	
2	0	0	2	1	3	0	0	0	0	1	3	0	0	0	0	0	0	0	0	0	0	0	0	0	0	3	0	
2	0	0	0	2	0	0	0	1	0	0	3	0	0	0	0	0	0	0	2	0	0	0	0	0	0	0	2	
0	0	0	1	2	1	2	0	1	0	3	3	0	2	0	0	0	0	0	0	0	0	0	0	0	0	0	0	
2	3	2	1	2	3	2	0	3	1	0	3	0	0	0	1	0	0	0	0	0	0	0	0	0	0	3	2	
0	0	2	1	2	0	2	0	1	2	1	0	0	2	0	2	0	0	0	1	0	0	0	0	0	0	0	1	
1	0	0	1	2	0	0	0	1	1	1	0	0	2	0	1	0	0	0	0	0	0	0	0	0	0	1	2	
1	3	0	1	2	3	2	0	0	1	1	2	0	0	0	2	0	0	0	1	0	0	0	0	0	0	0	2	
0	0	1	2	0	0	2	0	1	1	3	3	0	0	0	2	0	0	0	1	0	0	0	0	0	0	0	2	
1	3	0	0	1	3	2	0	3	1	0	3	0	0	0	2	0	0	0	0	0	0	0	0	0	0	0	0	
1	1	0	1	2	0	2	0	1	1	1	3	0	2	0	1	0	0	0	0	0	0	0	0	0	0	3	2	
0	3	0	1	0	0	2	0	1	0	0	0	0	2	0	0	0	0	0	3	0	0	0	0	0	0	3	2	
0	0	2	2	0	0	1	0	1	1	1	2	0	0	0	0	0	0	0	0	0	0	0	0	0	0	0	0	
1	0	0	1	2	3	2	0	0	1	0	0	0	0	0	0	0	0	0	0	0	0	0	0	0	0	3	1	
1	0	0	1	2	1	0	0	1	1	1	3	0	2	0	0	0	0	0	0	0	0	0	0	0	0	0	0	
1	1	0	0	2	1	0	0	1	0	1	3	0	2	0	2	0	0	0	1	0	0	0	0	0	0	0	1	
2	3	1	0	0	3	2	0	1	2	1	3	0	0	0	2	0	0	0	0	0	0	0	0	0	0	0	0	
1	3	0	1	2	3	0	0	1	1	0	3	0	1	0	2	0	0	0	1	0	0	0	0	0	0	3	2	
1	0	2	1	0	1	2	0	1	1	0	3	0	0	0	2	0	0	0	1	0	0	0	0	0	0	3	1	
0	3	2	1	0	0	2	0	1	2	0	0	0	2	0	2	0	0	0	1	0	0	0	0	0	0	3	0	
0	0	0	1	2	3	2	0	3	1	0	0	0	2	0	0	0	0	0	1	0	0	0	0	0	0	0	0	
1	3	0	1	0	3	2	0	0	1	0	0	0	1	0	0	0	0	0	2	0	0	0	0	0	0	3	0	
1	3	0	0	0	0	1	0	0	1	0	3	0	0	0	0	0	0	0	1	0	0	0	0	0	0	0	2	
1	3	0	0	0	3	1	0	0	1	0	3	0	2	0	0	0	0	0	1	0	0	0	0	0	0	3	2	
2	3	0	1	1	3	2	0	2	2	1	3	0	1	0	2	0	0	0	2	0	0	0	0	0	0	1	2	
1	3	0	1	0	0	2	0	0	0	3	3	0	2	0	2	0	0	0	0	0	0	0	0	0	0	0	2	
1	0	1	0	0	0	0	0	1	0	1	3	0	0	0	2	0	0	0	1	0	0	0	0	0	0	3	2	
1	3	0	2	2	3	2	0	0	1	1	2	0	0	0	2	0	0	0	1	0	0	0	0	0	0	0	0	
--------------------

--------------------
Best Solution Found!
--------------------
Time: 0 hour(s), 0 minute(s), 0 second(s), 53 millisecond(s)

Fitness: 199760

1	0	0	2	0	3	2	0	0	1	0	0	0	2	0	0	0	0	0	1	0	0	0	0	0	0	3	0	
1	0	0	1	2	3	1	0	0	0	0	0	0	2	0	0	0	0	0	1	0	0	0	0	0	0	3	2	
1	1	0	1	0	3	0	0	0	1	0	2	0	2	0	2	0	0	0	1	0	0	0	0	0	0	1	2	
2	0	0	2	1	3	0	0	0	0	1	3	0	0	0	0	0	0	0	0	0	0	0	0	0	0	3	0	
2	0	0	0	2	0	0	0	1	0	0	3	0	0	0	0	0	0	0	2	0	0	0	0	0	0	0	2	
0	0	0	1	2	1	2	0	1	0	3	3	0	2	0	0	0	0	0	0	0	0	0	0	0	0	0	0	
2	3	2	1	2	3	2	0	3	1	0	3	0	0	0	1	0	0	0	0	0	0	0	0	0	0	3	2	
0	0	2	1	2	0	2	0	1	2	1	0	0	2	0	2	0	0	0	1	0	0	0	0	0	0	0	1	
1	0	0	1	2	0	0	0	1	1	1	0	0	2	0	1	0	0	0	0	0	0	0	0	0	0	1	2	
1	3	0	1	2	3	2	0	0	1	1	2	0	0	0	2	0	0	0	1	0	0	0	0	0	0	0	2	
0	0	1	2	0	0	2	0	1	1	3	3	0	0	0	2	0	0	0	1	0	0	0	0	0	0	0	2	
1	3	0	0	1	3	2	0	3	1	0	3	0	0	0	2	0	0	0	0	0	0	0	0	0	0	0	0	
1	1	0	1	2	0	2	0	1	1	1	3	0	2	0	1	0	0	0	0	0	0	0	0	0	0	3	2	
0	3	0	1	0	0	2	0	1	0	0	0	0	2	0	0	0	0	0	3	0	0	0	0	0	0	3	2	
0	0	2	2	0	0	1	0	1	1	1	2	0	0	0	0	0	0	0	0	0	0	0	0	0	0	0	0	
1	0	0	1	2	3	2	0	0	1	0	0	0	0	0	0	0	0	0	0	0	0	0	0	0	0	3	1	
1	0	0	1	2	1	0	0	1	1	1	3	0	2	0	0	0	0	0	0	0	0	0	0	0	0	0	0	
1	1	0	0	2	1	0	0	1	0	1	3	0	2	0	2	0	0	0	1	0	0	0	0	0	0	0	1	
2	3	1	0	0	3	2	0	1	2	1	3	0	0	0	2	0	0	0	0	0	0	0	0	0	0	0	0	
1	3	0	1	2	3	0	0	1	1	0	3	0	1	0	2	0	0	0	1	0	0	0	0	0	0	3	2	
1	0	2	1	0	1	2	0	1	1	0	3	0	0	0	2	0	0	0	1	0	0	0	0	0	0	3	1	
0	3	2	1	0	0	2	0	1	2	0	0	0	2	0	2	0	0	0	1	0	0	0	0	0	0	3	0	
0	0	0	1	2	3	2	0	3	1	0	0	0	2	0	0	0	0	0	1	0	0	0	0	0	0	0	0	
1	3	0	1	0	3	2	0	0	1	0	0	0	1	0	0	0	0	0	2	0	0	0	0	0	0	3	0	
1	3	0	0	0	0	1	0	0	1	0	3	0	0	0	0	0	0	0	1	0	0	0	0	0	0	0	2	
1	3	0	0	0	3	1	0	0	1	0	3	0	2	0	0	0	0	0	1	0	0	0	0	0	0	3	2	
2	3	0	1	1	3	2	0	2	2	1	3	0	1	0	2	0	0	0	2	0	0	0	0	0	0	1	2	
1	3	0	1	0	0	2	0	0	0	3	3	0	2	0	2	0	0	0	0	0	0	0	0	0	0	0	2	
1	0	1	0	0	0	0	0	1	0	1	3	0	0	0	2	0	0	0	1	0	0	0	0	0	0	3	2	
1	3	0	2	2	3	2	0	0	1	1	2	0	0	0	2	0	0	0	1	0	0	0	0	0	0	0	0	
--------------------

--------------------
Best Solution Found!
--------------------
Time: 0 hour(s), 0 minute(s), 0 second(s), 55 millisecond(s)

Fitness: 199760

1	0	0	2	0	3	2	0	0	1	0	0	0	2	0	0	0	0	0	1	0	0	0	0	0	0	3	0	
1	0	0	1	2	3	1	0	0	0	0	0	0	2	0	0	0	0	0	1	0	0	0	0	0	0	3	2	
1	1	0	1	0	3	0	0	0	1	0	2	0	2	0	2	0	0	0	1	0	0	0	0	0	0	1	2	
2	0	0	2	1	3	0	0	0	0	1	3	0	0	0	0	0	0	0	0	0	0	0	0	0	0	3	0	
2	0	0	0	2	0	0	0	1	0	0	3	0	0	0	0	0	0	0	2	0	0	0	0	0	0	0	2	
0	0	0	1	2	1	2	0	1	0	3	3	0	2	0	0	0	0	0	0	0	0	0	0	0	0	0	0	
2	3	2	1	2	3	2	0	3	1	0	3	0	0	0	1	0	0	0	0	0	0	0	0	0	0	3	2	
0	0	2	1	2	0	2	0	1	2	1	0	0	2	0	2	0	0	0	1	0	0	0	0	0	0	0	1	
1	0	0	1	2	0	0	0	1	1	1	0	0	2	0	1	0	0	0	0	0	0	0	0	0	0	1	2	
1	3	0	1	2	3	2	0	0	1	1	2	0	0	0	2	0	0	0	1	0	0	0	0	0	0	0	2	
0	0	1	2	0	0	2	0	1	1	3	3	0	0	0	2	0	0	0	1	0	0	0	0	0	0	0	2	
1	3	0	0	1	3	2	0	3	1	0	3	0	0	0	2	0	0	0	0	0	0	0	0	0	0	0	0	
1	1	0	1	2	0	2	0	1	1	1	3	0	2	0	1	0	0	0	0	0	0	0	0	0	0	3	2	
0	3	0	1	0	0	2	0	1	0	0	0	0	2	0	0	0	0	0	3	0	0	0	0	0	0	3	2	
0	0	2	2	0	0	1	0	1	1	1	2	0	0	0	0	0	0	0	0	0	0	0	0	0	0	0	0	
1	0	0	1	2	3	2	0	0	1	0	0	0	0	0	0	0	0	0	0	0	0	0	0	0	0	3	1	
1	0	0	1	2	1	0	0	1	1	1	3	0	2	0	0	0	0	0	0	0	0	0	0	0	0	0	0	
1	1	0	0	2	1	0	0	1	0	1	3	0	2	0	2	0	0	0	1	0	0	0	0	0	0	0	1	
2	3	1	0	0	3	2	0	1	2	1	3	0	0	0	2	0	0	0	0	0	0	0	0	0	0	0	0	
1	3	0	1	2	3	0	0	1	1	0	3	0	1	0	2	0	0	0	1	0	0	0	0	0	0	3	2	
1	0	2	1	0	1	2	0	1	1	0	3	0	0	0	2	0	0	0	1	0	0	0	0	0	0	3	1	
0	3	2	1	0	0	2	0	1	2	0	0	0	2	0	2	0	0	0	1	0	0	0	0	0	0	3	0	
0	0	0	1	2	3	2	0	3	1	0	0	0	2	0	0	0	0	0	1	0	0	0	0	0	0	0	0	
1	3	0	1	0	3	2	0	0	1	0	0	0	1	0	0	0	0	0	2	0	0	0	0	0	0	3	0	
1	3	0	0	0	0	1	0	0	1	0	3	0	0	0	0	0	0	0	1	0	0	0	0	0	0	0	2	
1	3	0	0	0	3	1	0	0	1	0	3	0	2	0	0	0	0	0	1	0	0	0	0	0	0	3	2	
2	3	0	1	1	3	2	0	2	2	1	3	0	1	0	2	0	0	0	2	0	0	0	0	0	0	1	2	
1	3	0	1	0	0	2	0	0	0	3	3	0	2	0	2	0	0	0	0	0	0	0	0	0	0	0	2	
1	0	1	0	0	0	0	0	1	0	1	3	0	0	0	2	0	0	0	1	0	0	0	0	0	0	3	2	
1	3	0	2	2	3	2	0	0	1	1	2	0	0	0	2	0	0	0	1	0	0	0	0	0	0	0	0	
--------------------

--------------------
Best Solution Found!
--------------------
Time: 0 hour(s), 0 minute(s), 0 second(s), 58 millisecond(s)

Fitness: 199760

1	0	0	2	0	3	2	0	0	1	0	0	0	2	0	0	0	0	0	1	0	0	0	0	0	0	3	0	
1	0	0	1	2	3	1	0	0	0	0	0	0	2	0	0	0	0	0	1	0	0	0	0	0	0	3	2	
1	1	0	1	0	3	0	0	0	1	0	2	0	2	0	2	0	0	0	1	0	0	0	0	0	0	1	2	
2	0	0	2	1	3	0	0	0	0	1	3	0	0	0	0	0	0	0	0	0	0	0	0	0	0	3	0	
2	0	0	0	2	0	0	0	1	0	0	3	0	0	0	0	0	0	0	2	0	0	0	0	0	0	0	2	
0	0	0	1	2	1	2	0	1	0	3	3	0	2	0	0	0	0	0	0	0	0	0	0	0	0	0	0	
2	3	2	1	2	3	2	0	3	1	0	3	0	0	0	1	0	0	0	0	0	0	0	0	0	0	3	2	
0	0	2	1	2	0	2	0	1	2	1	0	0	2	0	2	0	0	0	1	0	0	0	0	0	0	0	1	
1	0	0	1	2	0	0	0	1	1	1	0	0	2	0	1	0	0	0	0	0	0	0	0	0	0	1	2	
1	3	0	1	2	3	2	0	0	1	1	2	0	0	0	2	0	0	0	1	0	0	0	0	0	0	0	2	
0	0	1	2	0	0	2	0	1	1	3	3	0	0	0	2	0	0	0	1	0	0	0	0	0	0	0	2	
1	3	0	0	1	3	2	0	3	1	0	3	0	0	0	2	0	0	0	0	0	0	0	0	0	0	0	0	
1	1	0	1	2	0	2	0	1	1	1	3	0	2	0	1	0	0	0	0	0	0	0	0	0	0	3	2	
0	3	0	1	0	0	2	0	1	0	0	0	0	2	0	0	0	0	0	3	0	0	0	0	0	0	3	2	
0	0	2	2	0	0	1	0	1	1	1	2	0	0	0	0	0	0	0	0	0	0	0	0	0	0	0	0	
1	0	0	1	2	3	2	0	0	1	0	0	0	0	0	0	0	0	0	0	0	0	0	0	0	0	3	1	
1	0	0	1	2	1	0	0	1	1	1	3	0	2	0	0	0	0	0	0	0	0	0	0	0	0	0	0	
1	1	0	0	2	1	0	0	1	0	1	3	0	2	0	2	0	0	0	1	0	0	0	0	0	0	0	1	
2	3	1	0	0	3	2	0	1	2	1	3	0	0	0	2	0	0	0	0	0	0	0	0	0	0	0	0	
1	3	0	1	2	3	0	0	1	1	0	3	0	1	0	2	0	0	0	1	0	0	0	0	0	0	3	2	
1	0	2	1	0	1	2	0	1	1	0	3	0	0	0	2	0	0	0	1	0	0	0	0	0	0	3	1	
0	3	2	1	0	0	2	0	1	2	0	0	0	2	0	2	0	0	0	1	0	0	0	0	0	0	3	0	
0	0	0	1	2	3	2	0	3	1	0	0	0	2	0	0	0	0	0	1	0	0	0	0	0	0	0	0	
1	3	0	1	0	3	2	0	0	1	0	0	0	1	0	0	0	0	0	2	0	0	0	0	0	0	3	0	
1	3	0	0	0	0	1	0	0	1	0	3	0	0	0	0	0	0	0	1	0	0	0	0	0	0	0	2	
1	3	0	0	0	3	1	0	0	1	0	3	0	2	0	0	0	0	0	1	0	0	0	0	0	0	3	2	
2	3	0	1	1	3	2	0	2	2	1	3	0	1	0	2	0	0	0	2	0	0	0	0	0	0	1	2	
1	3	0	1	0	0	2	0	0	0	3	3	0	2	0	2	0	0	0	0	0	0	0	0	0	0	0	2	
1	0	1	0	0	0	0	0	1	0	1	3	0	0	0	2	0	0	0	1	0	0	0	0	0	0	3	2	
1	3	0	2	2	3	2	0	0	1	1	2	0	0	0	2	0	0	0	1	0	0	0	0	0	0	0	0	
--------------------

--------------------
Best Solution Found!
--------------------
Time: 0 hour(s), 0 minute(s), 0 second(s), 195 millisecond(s)

Fitness: 199752

1	3	2	1	0	3	2	0	0	0	1	3	0	0	0	1	0	0	0	1	0	0	0	0	0	0	3	1	
0	3	0	1	2	0	1	0	1	1	1	3	0	0	0	0	0	0	0	0	0	0	0	0	0	0	0	0	
2	3	1	2	1	0	2	0	0	1	0	3	0	0	0	0	0	0	0	1	0	0	0	0	0	0	3	2	
1	0	0	1	0	0	0	0	1	1	1	3	0	2	0	0	0	0	0	1	0	0	0	0	0	0	0	0	
1	0	0	1	2	0	2	0	1	1	0	2	0	0	0	2	0	0	0	1	0	0	0	0	0	0	3	2	
2	0	1	1	0	0	1	0	1	1	0	0	0	0	0	2	0	0	0	0	0	0	0	0	0	0	3	2	
1	3	0	2	1	3	0	0	0	1	0	0	0	0	0	0	0	0	0	0	0	0	0	0	0	0	0	2	
2	3	0	1	0	0	0	0	1	2	0	0	0	1	0	2	0	0	0	0	0	0	0	0	0	0	0	0	
0	0	0	0	0	3	0	0	0	1	1	0	0	2	0	2	0	0	0	1	0	0	0	0	0	0	3	1	
2	0	0	1	1	3	2	0	0	1	1	2	0	2	0	0	0	0	0	0	0	0	0	0	0	0	0	0	
1	1	0	1	2	0	0	0	1	0	0	3	0	2	0	0	0	0	0	1	0	0	0	0	0	0	3	0	
0	3	2	0	2	3	0	0	1	0	0	3	0	0	0	1	0	0	0	0	0	0	0	0	0	0	3	0	
1	3	0	1	2	3	2	0	1	1	0	0	0	2	0	2	0	0	0	1	0	0	0	0	0	0	0	0	
1	0	0	1	0	3	2	0	1	1	0	3	0	0	0	2	0	0	0	1	0	0	0	0	0	0	3	1	
0	0	2	1	2	3	2	0	0	2	1	3	0	2	0	1	0	0	0	1	0	0	0	0	0	0	3	2	
1	3	0	2	2	1	2	0	0	0	0	3	0	2	0	0	0	0	0	1	0	0	0	0	0	0	1	2	
1	0	0	2	2	3	2	0	1	2	0	0	0	1	0	0	0	0	0	0	0	0	0	0	0	0	0	2	
0	3	0	0	2	0	0	0	0	0	0	0	0	2	0	0	0	0	0	2	0	0	0	0	0	0	0	0	
2	0	0	2	0	0	2	0	1	1	1	3	0	2	0	0	0	0	0	2	0	0	0	0	0	0	0	2	
1	1	0	1	0	1	2	0	3	1	0	2	0	0	0	2	0	0	0	2	0	0	0	0	0	0	3	2	
1	3	2	1	0	3	2	0	1	1	1	3	0	2	0	0	0	0	0	0	0	0	0	0	0	0	0	2	
1	0	0	1	2	3	2	0	1	0	3	3	0	0	0	0	0	0	0	1	0	0	0	0	0	0	1	2	
0	3	0	0	0	0	2	0	0	0	0	3	0	2	0	2	0	0	0	1	0	0	0	0	0	0	3	0	
1	0	0	1	2	3	2	0	1	1	1	2	0	2	0	2	0	0	0	3	0	0	0	0	0	0	0	2	
1	1	0	1	2	3	1	0	0	1	0	3	0	2	0	2	0	0	0	1	0	0	0	0	0	0	0	0	
1	0	0	0	2	1	2	0	2	1	1	0	0	0	0	2	0	0	0	0	0	0	0	0	0	0	3	2	
1	0	2	1	2	3	1	0	3	1	3	3	0	1	0	2	0	0	0	1	0	0	0	0	0	0	1	1	
1	3	0	0	0	0	2	0	1	2	1	0	0	2	0	2	0	0	0	1	0	0	0	0	0	0	0	0	
1	3	1	0	0	3	0	0	3	1	1	3	0	0	0	2	0	0	0	0	0	0	0	0	0	0	3	2	
0	0	0	1	0	1	2	0	0	0	3	3	0	0	0	0	0	0	0	0	0	0	0	0	0	0	0	2	
--------------------

--------------------
Best Solution Found!
--------------------
Time: 0 hour(s), 0 minute(s), 0 second(s), 327 millisecond(s)

Fitness: 195778

1	0	0	2	2	3	1	0	2	1	1	2	0	1	0	0	0	0	0	1	0	0	0	0	0	0	3	2	
1	3	1	1	0	3	2	0	0	1	0	3	0	0	0	1	0	0	0	0	0	0	0	0	0	0	1	2	
0	0	2	0	0	3	1	0	1	0	1	3	0	0	0	2	0	0	0	1	0	0	0	0	0	0	0	2	
1	0	0	0	2	1	2	0	0	0	0	0	0	2	0	0	0	0	0	1	0	0	0	0	0	0	3	1	
1	0	0	1	2	3	0	0	0	1	0	3	0	0	0	2	0	0	0	1	0	0	0	0	0	0	1	0	
2	1	0	1	1	3	2	0	1	0	0	3	0	0	0	2	0	0	0	1	0	0	0	0	0	0	3	1	
1	3	0	0	0	3	2	0	0	1	0	0	0	0	0	0	0	0	0	0	0	0	0	0	0	0	0	0	
0	0	2	1	2	0	0	0	0	1	1	0	0	0	0	2	0	0	0	1	0	0	0	0	0	0	0	0	
0	0	0	1	0	0	2	0	1	1	1	3	0	0	0	0	0	0	0	1	0	0	0	0	0	0	0	0	
1	0	1	0	0	0	2	0	0	2	0	3	0	2	0	0	0	0	0	1	0	0	0	0	0	0	3	2	
0	0	0	1	2	3	1	0	1	0	0	0	0	2	0	2	0	0	0	2	0	0	0	0	0	0	0	2	
2	3	0	1	2	0	0	0	1	2	1	0	0	2	0	0	0	0	0	0	0	0	0	0	0	0	3	0	
1	0	0	1	1	0	2	0	1	1	0	3	0	0	0	2	0	0	0	0	0	0	0	0	0	0	0	0	
1	1	0	2	2	0	2	0	0	1	1	3	0	0	0	1	0	0	0	3	0	0	0	0	0	0	3	2	
1	3	0	2	0	3	2	0	1	1	1	0	0	2	0	0	0	0	0	1	0	0	0	0	0	0	3	2	
1	3	0	0	0	3	2	0	3	2	3	3	0	2	0	2	0	0	0	1	0	0	0	0	0	0	0	2	
1	0	0	1	0	3	2	0	1	1	0	2	0	2	0	2	0	0	0	0	0	0	0	0	0	0	3	2	
1	0	1	2	0	0	0	0	0	1	0	0	0	0	0	2	0	0	0	1	0	0	0	0	0	0	0	0	
0	3	0	1	2	0	0	0	1	1	0	0	0	2	0	0	0	0	0	0	0	0	0	0	0	0	3	2	
1	0	0	1	2	0	2	0	3	1	3	3	0	2	0	2	0	0	0	2	0	0	0	0	0	0	0	2	
1	3	0	0	2	1	1	0	0	0	0	3	0	1	0	2	0	0	0	2	0	0	0	0	0	0	3	2	
1	3	0	1	1	3	2	0	0	0	1	3	0	2	0	0	0	0	0	1	0	0	0	0	0	0	0	0	
2	3	0	1	0	1	2	0	3	2	1	3	0	1	0	1	0	0	0	0	0	0	0	0	0	0	0	1	
1	3	0	1	2	3	2	0	1	1	0	3	0	2	0	2	0	0	0	0	0	0	0	0	0	0	0	0	
2	1	2	1	0	0	2	0	1	1	1	2	0	0	0	0	0	0	0	1	0	0	0	0	0	0	3	2	
0	0	2	1	0	3	2	0	1	1	0	3	0	2	0	0	0	0	0	0	0	0	0	0	0	0	3	1	
1	3	0	1	2	1	0	0	0	0	0	3	0	2	0	0	0	0	0	0	0	0	0	0	0	0	3	0	
0	0	0	0	2	3	2	0	1	1	3	0	0	2	0	2	0	0	0	0	0	0	0	0	0	0	0	2	
1	3	0	2	2	3	0	0	1	1	1	3	0	0	0	2	0	0	0	1	0	0	0	0	0	0	0	2	
2	3	2	1	0	0	0	0	1	0	1	2	0	0	0	0	0	0	0	1	0	0	0	0	0	0	1	0	
--------------------

--------------------
Best Solution Found!
--------------------
Time: 0 hour(s), 0 minute(s), 5 second(s), 875 millisecond(s)

Fitness: 195743

1	1	0	2	1	1	2	0	1	0	0	0	0	2	0	0	0	0	0	2	0	0	0	0	0	0	1	2	
1	0	1	1	2	0	0	0	0	1	0	3	0	2	0	2	0	0	0	1	0	0	0	0	0	0	3	2	
1	3	0	1	2	0	1	0	1	2	1	2	0	2	0	0	0	0	0	1	0	0	0	0	0	0	0	0	
1	3	2	1	0	3	2	0	0	1	1	3	0	0	0	2	0	0	0	0	0	0	0	0	0	0	3	2	
2	0	0	2	0	3	2	0	1	1	1	2	0	0	0	1	0	0	0	1	0	0	0	0	0	0	1	2	
0	0	1	0	0	0	2	0	1	1	0	3	0	0	0	1	0	0	0	0	0	0	0	0	0	0	3	2	
2	0	0	0	0	3	2	0	1	1	0	2	0	0	0	2	0	0	0	0	0	0	0	0	0	0	0	0	
1	3	0	0	0	0	1	0	3	0	1	3	0	2	0	2	0	0	0	0	0	0	0	0	0	0	3	2	
1	3	0	1	2	3	2	0	0	2	0	3	0	2	0	0	0	0	0	2	0	0	0	0	0	0	0	0	
1	3	0	0	2	3	0	0	1	1	0	0	0	2	0	2	0	0	0	0	0	0	0	0	0	0	1	2	
0	0	0	1	2	3	2	0	2	1	1	0	0	2	0	0	0	0	0	0	0	0	0	0	0	0	3	0	
2	1	0	2	2	0	2	0	1	1	0	3	0	0	0	2	0	0	0	1	0	0	0	0	0	0	0	1	
1	3	0	1	0	3	2	0	0	0	3	3	0	1	0	0	0	0	0	1	0	0	0	0	0	0	3	0	
0	3	0	1	0	0	0	0	0	1	1	3	0	2	0	0	0	0	0	0	0	0	0	0	0	0	3	0	
1	0	0	1	2	3	0	0	0	0	0	3	0	2	0	0	0	0	0	1	0	0	0	0	0	0	3	2	
1	0	0	1	2	0	0	0	0	2	1	3	0	0	0	2	0	0	0	0	0	0	0	0	0	0	0	0	
0	3	0	1	2	3	2	0	3	1	0	2	0	1	0	2	0	0	0	0	0	0	0	0	0	0	0	1	
0	3	0	0	0	0	2	0	0	1	1	0	0	0	0	0	0	0	0	2	0	0	0	0	0	0	0	0	
1	3	2	0	1	3	1	0	1	1	3	3	0	2	0	0	0	0	0	1	0	0	0	0	0	0	3	2	
0	3	2	0	0	3	2	0	1	1	1	3	0	0	0	2	0	0	0	1	0	0	0	0	0	0	3	2	
1	0	2	1	0	1	2	0	1	0	1	3	0	0	0	2	0	0	0	1	0	0	0	0	0	0	0	0	
1	0	0	1	2	3	1	0	0	0	0	0	0	2	0	1	0	0	0	1	0	0	0	0	0	0	0	2	
1	0	2	1	2	0	2	0	1	1	0	0	0	2	0	2	0	0	0	1	0	0	0	0	0	0	0	1	
1	0	1	1	0	3	2	0	3	1	1	3	0	0	0	0	0	0	0	1	0	0	0	0	0	0	0	2	
1	0	0	1	2	0	0	0	0	0	0	0	0	1	0	0	0	0	0	1	0	0	0	0	0	0	3	2	
2	1	0	2	2	1	2	0	1	0	0	0	0	2	0	0	0	0	0	3	0	0	0	0	0	0	0	0	
1	0	0	1	0	0	2	0	0	1	1	3	0	2	0	2	0	0	0	1	0	0	0	0	0	0	0	0	
2	3	0	1	2	1	2	0	1	2	3	3	0	0	0	0	0	0	0	1	0	0	0	0	0	0	3	2	
0	3	0	2	1	3	0	0	1	1	0	3	0	0	0	2	0	0	0	0	0	0	0	0	0	0	0	2	
1	0	0	1	0	3	0	0	1	1	0	0	0	0	0	2	0	0	0	0	0	0	0	0	0	0	3	1	
--------------------

--------------------
Best Solution Found!
--------------------
Time: 0 hour(s), 0 minute(s), 7 second(s), 93 millisecond(s)

Fitness: 193763

2	3	0	0	2	3	0	0	1	1	0	3	0	0	0	2	0	0	0	3	0	0	0	0	0	0	3	2	
0	0	0	1	0	0	2	0	3	1	0	0	0	2	0	0	0	0	0	1	0	0	0	0	0	0	3	2	
1	1	0	1	0	0	0	0	0	1	1	2	0	2	0	0	0	0	0	1	0	0	0	0	0	0	3	0	
1	0	2	1	0	0	2	0	1	2	1	2	0	0	0	2	0	0	0	1	0	0	0	0	0	0	0	1	
2	3	0	1	2	1	2	0	1	2	0	0	0	2	0	0	0	0	0	2	0	0	0	0	0	0	0	0	
1	0	0	1	0	0	1	0	0	1	3	3	0	0	0	0	0	0	0	0	0	0	0	0	0	0	3	2	
1	3	0	2	0	0	2	0	1	2	1	2	0	2	0	0	0	0	0	0	0	0	0	0	0	0	1	0	
0	3	2	1	0	3	2	0	0	0	0	0	0	2	0	0	0	0	0	1	0	0	0	0	0	0	3	1	
1	0	0	0	0	0	0	0	0	0	1	3	0	0	0	2	0	0	0	0	0	0	0	0	0	0	3	2	
2	0	0	1	2	3	2	0	0	1	1	0	0	0	0	2	0	0	0	0	0	0	0	0	0	0	3	1	
2	0	0	0	2	3	2	0	1	0	3	3	0	0	0	2	0	0	0	0	0	0	0	0	0	0	0	2	
1	3	1	0	0	0	1	0	1	0	1	3	0	2	0	2	0	0	0	1	0	0	0	0	0	0	0	0	
1	3	0	1	1	3	2	0	2	1	1	2	0	2	0	1	0	0	0	1	0	0	0	0	0	0	0	0	
1	3	0	1	0	3	2	0	1	1	0	3	0	2	0	2	0	0	0	0	0	0	0	0	0	0	0	1	
1	0	2	2	2	3	2	0	1	1	0	3	0	2	0	0	0	0	0	1	0	0	0	0	0	0	0	2	
1	0	2	0	2	1	2	0	1	0	0	3	0	0	0	2	0	0	0	1	0	0	0	0	0	0	1	2	
1	3	1	2	0	1	2	0	1	1	0	3	0	1	0	2	0	0	0	1	0	0	0	0	0	0	3	2	
2	3	0	1	2	3	1	0	0	0	1	3	0	2	0	0	0	0	0	0	0	0	0	0	0	0	0	2	
1	1	0	1	2	3	2	0	1	1	3	3	0	2	0	0	0	0	0	0	0	0	0	0	0	0	3	0	
1	3	0	2	2	0	0	0	0	0	1	3	0	0	0	1	0	0	0	1	0	0	0	0	0	0	0	0	
1	0	0	1	0	3	2	0	3	2	0	0	0	2	0	2	0	0	0	2	0	0	0	0	0	0	3	2	
0	3	0	1	2	0	0	0	0	1	0	3	0	1	0	0	0	0	0	1	0	0	0	0	0	0	1	0	
0	0	0	2	1	3	0	0	1	1	0	0	0	2	0	1	0	0	0	0	0	0	0	0	0	0	3	2	
0	0	0	1	1	1	2	0	0	1	0	3	0	0	0	0	0	0	0	1	0	0	0	0	0	0	3	2	
1	1	0	0	2	3	2	0	1	1	1	0	0	0	0	0	0	0	0	0	0	0	0	0	0	0	3	0	
1	3	2	1	2	0	0	0	0	0	0	0	0	0	0	2	0	0	0	1	0	0	0	0	0	0	0	0	
0	0	1	1	0	0	0	0	1	1	1	3	0	2	0	2	0	0	0	1	0	0	0	0	0	0	0	2	
1	3	0	1	2	3	2	0	0	1	1	0	0	0	0	2	0	0	0	0	0	0	0	0	0	0	0	2	
0	0	0	0	0	3	2	0	1	1	0	3	0	1	0	0	0	0	0	2	0	0	0	0	0	0	0	0	
1	0	0	1	2	3	1	0	3	1	0	3	0	0	0	2	0	0	0	1	0	0	0	0	0	0	0	2	
--------------------

--------------------
Best Solution Found!
--------------------
Time: 0 hour(s), 0 minute(s), 7 second(s), 96 millisecond(s)

Fitness: 193763

2	3	0	0	2	3	0	0	1	1	0	3	0	0	0	2	0	0	0	3	0	0	0	0	0	0	3	2	
0	0	0	1	0	0	2	0	3	1	0	0	0	2	0	0	0	0	0	1	0	0	0	0	0	0	3	2	
1	1	0	1	0	0	0	0	0	1	1	2	0	2	0	0	0	0	0	1	0	0	0	0	0	0	3	0	
1	0	2	1	0	0	2	0	1	2	1	2	0	0	0	2	0	0	0	1	0	0	0	0	0	0	0	1	
2	3	0	1	2	1	2	0	1	2	0	0	0	2	0	0	0	0	0	2	0	0	0	0	0	0	0	0	
1	0	0	1	0	0	1	0	0	1	3	3	0	0	0	0	0	0	0	0	0	0	0	0	0	0	3	2	
1	3	0	2	0	0	2	0	1	2	1	2	0	2	0	0	0	0	0	0	0	0	0	0	0	0	1	0	
0	3	2	1	0	3	2	0	0	0	0	0	0	2	0	0	0	0	0	1	0	0	0	0	0	0	3	1	
1	0	0	0	0	0	0	0	0	0	1	3	0	0	0	2	0	0	0	0	0	0	0	0	0	0	3	2	
2	0	0	1	2	3	2	0	0	1	1	0	0	0	0	2	0	0	0	0	0	0	0	0	0	0	3	1	
2	0	0	0	2	3	2	0	1	0	3	3	0	0	0	2	0	0	0	0	0	0	0	0	0	0	0	2	
1	3	1	0	0	0	1	0	1	0	1	3	0	2	0	2	0	0	0	1	0	0	0	0	0	0	0	0	
1	3	0	1	1	3	2	0	2	1	1	2	0	2	0	1	0	0	0	1	0	0	0	0	0	0	0	0	
1	3	0	1	0	3	2	0	1	1	0	3	0	2	0	2	0	0	0	0	0	0	0	0	0	0	0	1	
1	0	2	2	2	3	2	0	1	1	0	3	0	2	0	0	0	0	0	1	0	0	0	0	0	0	0	2	
1	0	2	0	2	1	2	0	1	0	0	3	0	0	0	2	0	0	0	1	0	0	0	0	0	0	1	2	
1	3	1	2	0	1	2	0	1	1	0	3	0	1	0	2	0	0	0	1	0	0	0	0	0	0	3	2	
2	3	0	1	2	3	1	0	0	0	1	3	0	2	0	0	0	0	0	0	0	0	0	0	0	0	0	2	
1	1	0	1	2	3	2	0	1	1	3	3	0	2	0	0	0	0	0	0	0	0	0	0	0	0	3	0	
1	3	0	2	2	0	0	0	0	0	1	3	0	0	0	1	0	0	0	1	0	0	0	0	0	0	0	0	
1	0	0	1	0	3	2	0	3	2	0	0	0	2	0	2	0	0	0	2	0	0	0	0	0	0	3	2	
0	3	0	1	2	0	0	0	0	1	0	3	0	1	0	0	0	0	0	1	0	0	0	0	0	0	1	0	
0	0	0	2	1	3	0	0	1	1	0	0	0	2	0	1	0	0	0	0	0	0	0	0	0	0	3	2	
0	0	0	1	1	1	2	0	0	1	0	3	0	0	0	0	0	0	0	1	0	0	0	0	0	0	3	2	
1	1	0	0	2	3	2	0	1	1	1	0	0	0	0	0	0	0	0	0	0	0	0	0	0	0	3	0	
1	3	2	1	2	0	0	0	0	0	0	0	0	0	0	2	0	0	0	1	0	0	0	0	0	0	0	0	
0	0	1	1	0	0	0	0	1	1	1	3	0	2	0	2	0	0	0	1	0	0	0	0	0	0	0	2	
1	3	0	1	2	3	2	0	0	1	1	0	0	0	0	2	0	0	0	0	0	0	0	0	0	0	0	2	
0	0	0	0	0	3	2	0	1	1	0	3	0	1	0	0	0	0	0	2	0	0	0	0	0	0	0	0	
1	0	0	1	2	3	1	0	3	1	0	3	0	0	0	2	0	0	0	1	0	0	0	0	0	0	0	2	
--------------------

--------------------
Best Solution Found!
--------------------
Time: 0 hour(s), 0 minute(s), 34 second(s), 80 millisecond(s)

Fitness: 192764

1	3	0	1	2	0	0	0	0	0	3	3	0	2	0	2	0	0	0	0	0	0	0	0	0	0	0	2	
1	3	1	2	0	0	0	0	0	1	1	2	0	2	0	0	0	0	0	1	0	0	0	0	0	0	3	2	
0	0	2	2	1	1	0	0	0	1	0	3	0	0	0	2	0	0	0	1	0	0	0	0	0	0	0	0	
1	3	0	1	2	0	2	0	0	1	0	0	0	0	0	2	0	0	0	1	0	0	0	0	0	0	3	0	
0	3	0	1	2	3	2	0	3	2	1	3	0	0	0	0	0	0	0	2	0	0	0	0	0	0	0	0	
1	1	1	0	1	0	2	0	0	0	3	3	0	0	0	0	0	0	0	1	0	0	0	0	0	0	1	2	
2	0	0	0	0	0	0	0	1	1	1	3	0	0	0	2	0	0	0	1	0	0	0	0	0	0	0	2	
0	0	0	0	0	3	2	0	0	0	1	3	0	2	0	2	0	0	0	1	0	0	0	0	0	0	3	2	
2	3	2	2	2	0	2	0	1	1	0	3	0	2	0	1	0	0	0	1	0	0	0	0	0	0	3	0	
0	0	0	1	0	0	2	0	1	1	0	0	0	2	0	1	0	0	0	0	0	0	0	0	0	0	0	2	
1	0	0	1	2	3	2	0	1	2	1	0	0	1	0	2	0	0	0	0	0	0	0	0	0	0	3	2	
1	0	0	1	2	0	2	0	1	1	3	3	0	2	0	2	0	0	0	1	0	0	0	0	0	0	3	2	
1	1	0	2	2	3	2	0	1	1	0	0	0	0	0	0	0	0	0	0	0	0	0	0	0	0	1	2	
1	0	0	1	0	1	2	0	1	0	1	3	0	2	0	0	0	0	0	2	0	0	0	0	0	0	0	1	
1	3	0	1	2	1	1	0	1	2	0	3	0	1	0	0	0	0	0	0	0	0	0	0	0	0	0	0	
0	0	0	1	1	0	0	0	0	0	0	3	0	2	0	0	0	0	0	1	0	0	0	0	0	0	3	2	
2	1	2	1	2	3	0	0	1	1	1	3	0	0	0	2	0	0	0	1	0	0	0	0	0	0	3	0	
1	3	0	1	2	3	1	0	3	1	0	3	0	2	0	0	0	0	0	1	0	0	0	0	0	0	3	1	
1	3	0	0	0	3	2	0	0	0	0	3	0	0	0	2	0	0	0	3	0	0	0	0	0	0	0	2	
0	3	1	1	0	3	2	0	1	1	1	2	0	0	0	1	0	0	0	1	0	0	0	0	0	0	3	2	
1	0	0	1	0	3	1	0	1	1	0	0	0	0	0	0	0	0	0	1	0	0	0	0	0	0	0	1	
1	0	0	1	0	0	0	0	2	1	1	0	0	2	0	2	0	0	0	0	0	0	0	0	0	0	0	0	
1	3	0	0	0	3	2	0	1	1	1	2	0	0	0	2	0	0	0	0	0	0	0	0	0	0	3	1	
0	0	2	2	0	3	2	0	1	1	0	0	0	2	0	0	0	0	0	0	0	0	0	0	0	0	1	0	
2	0	2	1	0	1	1	0	0	0	0	3	0	2	0	0	0	0	0	2	0	0	0	0	0	0	0	2	
1	0	0	0	0	3	2	0	1	1	0	2	0	0	0	0	0	0	0	0	0	0	0	0	0	0	3	2	
1	3	0	1	2	3	2	0	0	1	1	0	0	2	0	0	0	0	0	0	0	0	0	0	0	0	0	0	
1	3	0	1	2	0	2	0	3	2	1	3	0	2	0	2	0	0	0	0	0	0	0	0	0	0	0	0	
1	3	0	0	2	3	2	0	0	1	0	3	0	0	0	2	0	0	0	1	0	0	0	0	0	0	0	2	
2	0	0	1	2	3	0	0	1	0	0	0	0	1	0	2	0	0	0	1	0	0	0	0	0	0	3	0	
--------------------

--------------------
Best Solution Found!
--------------------
Time: 0 hour(s), 0 minute(s), 34 second(s), 83 millisecond(s)

Fitness: 192764

1	3	0	1	2	0	0	0	0	0	3	3	0	2	0	2	0	0	0	0	0	0	0	0	0	0	0	2	
1	3	1	2	0	0	0	0	0	1	1	2	0	2	0	0	0	0	0	1	0	0	0	0	0	0	3	2	
0	0	2	2	1	1	0	0	0	1	0	3	0	0	0	2	0	0	0	1	0	0	0	0	0	0	0	0	
1	3	0	1	2	0	2	0	0	1	0	0	0	0	0	2	0	0	0	1	0	0	0	0	0	0	3	0	
0	3	0	1	2	3	2	0	3	2	1	3	0	0	0	0	0	0	0	2	0	0	0	0	0	0	0	0	
1	1	1	0	1	0	2	0	0	0	3	3	0	0	0	0	0	0	0	1	0	0	0	0	0	0	1	2	
2	0	0	0	0	0	0	0	1	1	1	3	0	0	0	2	0	0	0	1	0	0	0	0	0	0	0	2	
0	0	0	0	0	3	2	0	0	0	1	3	0	2	0	2	0	0	0	1	0	0	0	0	0	0	3	2	
2	3	2	2	2	0	2	0	1	1	0	3	0	2	0	1	0	0	0	1	0	0	0	0	0	0	3	0	
0	0	0	1	0	0	2	0	1	1	0	0	0	2	0	1	0	0	0	0	0	0	0	0	0	0	0	2	
1	0	0	1	2	3	2	0	1	2	1	0	0	1	0	2	0	0	0	0	0	0	0	0	0	0	3	2	
1	0	0	1	2	0	2	0	1	1	3	3	0	2	0	2	0	0	0	1	0	0	0	0	0	0	3	2	
1	1	0	2	2	3	2	0	1	1	0	0	0	0	0	0	0	0	0	0	0	0	0	0	0	0	1	2	
1	0	0	1	0	1	2	0	1	0	1	3	0	2	0	0	0	0	0	2	0	0	0	0	0	0	0	1	
1	3	0	1	2	1	1	0	1	2	0	3	0	1	0	0	0	0	0	0	0	0	0	0	0	0	0	0	
0	0	0	1	1	0	0	0	0	0	0	3	0	2	0	0	0	0	0	1	0	0	0	0	0	0	3	2	
2	1	2	1	2	3	0	0	1	1	1	3	0	0	0	2	0	0	0	1	0	0	0	0	0	0	3	0	
1	3	0	1	2	3	1	0	3	1	0	3	0	2	0	0	0	0	0	1	0	0	0	0	0	0	3	1	
1	3	0	0	0	3	2	0	0	0	0	3	0	0	0	2	0	0	0	3	0	0	0	0	0	0	0	2	
0	3	1	1	0	3	2	0	1	1	1	2	0	0	0	1	0	0	0	1	0	0	0	0	0	0	3	2	
1	0	0	1	0	3	1	0	1	1	0	0	0	0	0	0	0	0	0	1	0	0	0	0	0	0	0	1	
1	0	0	1	0	0	0	0	2	1	1	0	0	2	0	2	0	0	0	0	0	0	0	0	0	0	0	0	
1	3	0	0	0	3	2	0	1	1	1	2	0	0	0	2	0	0	0	0	0	0	0	0	0	0	3	1	
0	0	2	2	0	3	2	0	1	1	0	0	0	2	0	0	0	0	0	0	0	0	0	0	0	0	1	0	
2	0	2	1	0	1	1	0	0	0	0	3	0	2	0	0	0	0	0	2	0	0	0	0	0	0	0	2	
1	0	0	0	0	3	2	0	1	1	0	2	0	0	0	0	0	0	0	0	0	0	0	0	0	0	3	2	
1	3	0	1	2	3	2	0	0	1	1	0	0	2	0	0	0	0	0	0	0	0	0	0	0	0	0	0	
1	3	0	1	2	0	2	0	3	2	1	3	0	2	0	2	0	0	0	0	0	0	0	0	0	0	0	0	
1	3	0	0	2	3	2	0	0	1	0	3	0	0	0	2	0	0	0	1	0	0	0	0	0	0	0	2	
2	0	0	1	2	3	0	0	1	0	0	0	0	1	0	2	0	0	0	1	0	0	0	0	0	0	3	0	
--------------------

--------------------
Best Solution Found!
--------------------
Time: 0 hour(s), 0 minute(s), 34 second(s), 85 millisecond(s)

Fitness: 192764

1	3	0	1	2	0	0	0	0	0	3	3	0	2	0	2	0	0	0	0	0	0	0	0	0	0	0	2	
1	3	1	2	0	0	0	0	0	1	1	2	0	2	0	0	0	0	0	1	0	0	0	0	0	0	3	2	
0	0	2	2	1	1	0	0	0	1	0	3	0	0	0	2	0	0	0	1	0	0	0	0	0	0	0	0	
1	3	0	1	2	0	2	0	0	1	0	0	0	0	0	2	0	0	0	1	0	0	0	0	0	0	3	0	
0	3	0	1	2	3	2	0	3	2	1	3	0	0	0	0	0	0	0	2	0	0	0	0	0	0	0	0	
1	1	1	0	1	0	2	0	0	0	3	3	0	0	0	0	0	0	0	1	0	0	0	0	0	0	1	2	
2	0	0	0	0	0	0	0	1	1	1	3	0	0	0	2	0	0	0	1	0	0	0	0	0	0	0	2	
0	0	0	0	0	3	2	0	0	0	1	3	0	2	0	2	0	0	0	1	0	0	0	0	0	0	3	2	
2	3	2	2	2	0	2	0	1	1	0	3	0	2	0	1	0	0	0	1	0	0	0	0	0	0	3	0	
0	0	0	1	0	0	2	0	1	1	0	0	0	2	0	1	0	0	0	0	0	0	0	0	0	0	0	2	
1	0	0	1	2	3	2	0	1	2	1	0	0	1	0	2	0	0	0	0	0	0	0	0	0	0	3	2	
1	0	0	1	2	0	2	0	1	1	3	3	0	2	0	2	0	0	0	1	0	0	0	0	0	0	3	2	
1	1	0	2	2	3	2	0	1	1	0	0	0	0	0	0	0	0	0	0	0	0	0	0	0	0	1	2	
1	0	0	1	0	1	2	0	1	0	1	3	0	2	0	0	0	0	0	2	0	0	0	0	0	0	0	1	
1	3	0	1	2	1	1	0	1	2	0	3	0	1	0	0	0	0	0	0	0	0	0	0	0	0	0	0	
0	0	0	1	1	0	0	0	0	0	0	3	0	2	0	0	0	0	0	1	0	0	0	0	0	0	3	2	
2	1	2	1	2	3	0	0	1	1	1	3	0	0	0	2	0	0	0	1	0	0	0	0	0	0	3	0	
1	3	0	1	2	3	1	0	3	1	0	3	0	2	0	0	0	0	0	1	0	0	0	0	0	0	3	1	
1	3	0	0	0	3	2	0	0	0	0	3	0	0	0	2	0	0	0	3	0	0	0	0	0	0	0	2	
0	3	1	1	0	3	2	0	1	1	1	2	0	0	0	1	0	0	0	1	0	0	0	0	0	0	3	2	
1	0	0	1	0	3	1	0	1	1	0	0	0	0	0	0	0	0	0	1	0	0	0	0	0	0	0	1	
1	0	0	1	0	0	0	0	2	1	1	0	0	2	0	2	0	0	0	0	0	0	0	0	0	0	0	0	
1	3	0	0	0	3	2	0	1	1	1	2	0	0	0	2	0	0	0	0	0	0	0	0	0	0	3	1	
0	0	2	2	0	3	2	0	1	1	0	0	0	2	0	0	0	0	0	0	0	0	0	0	0	0	1	0	
2	0	2	1	0	1	1	0	0	0	0	3	0	2	0	0	0	0	0	2	0	0	0	0	0	0	0	2	
1	0	0	0	0	3	2	0	1	1	0	2	0	0	0	0	0	0	0	0	0	0	0	0	0	0	3	2	
1	3	0	1	2	3	2	0	0	1	1	0	0	2	0	0	0	0	0	0	0	0	0	0	0	0	0	0	
1	3	0	1	2	0	2	0	3	2	1	3	0	2	0	2	0	0	0	0	0	0	0	0	0	0	0	0	
1	3	0	0	2	3	2	0	0	1	0	3	0	0	0	2	0	0	0	1	0	0	0	0	0	0	0	2	
2	0	0	1	2	3	0	0	1	0	0	0	0	1	0	2	0	0	0	1	0	0	0	0	0	0	3	0	
--------------------

--------------------
Best Solution Found!
--------------------
Time: 0 hour(s), 1 minute(s), 24 second(s), 800 millisecond(s)

Fitness: 192758

2	3	0	0	2	3	2	0	1	1	0	0	0	0	0	1	0	0	0	0	0	0	0	0	0	0	3	2	
0	1	0	1	2	3	2	0	1	1	0	3	0	1	0	2	0	0	0	2	0	0	0	0	0	0	3	2	
1	0	0	0	2	0	2	0	1	1	0	3	0	0	0	2	0	0	0	1	0	0	0	0	0	0	1	0	
1	0	0	1	2	0	0	0	1	1	0	2	0	2	0	0	0	0	0	1	0	0	0	0	0	0	3	0	
2	0	0	1	2	3	2	0	1	1	0	3	0	0	0	0	0	0	0	0	0	0	0	0	0	0	3	1	
1	3	0	2	1	0	2	0	1	1	1	0	0	2	0	0	0	0	0	2	0	0	0	0	0	0	3	2	
1	0	0	0	0	1	2	0	0	1	0	0	0	2	0	0	0	0	0	1	0	0	0	0	0	0	0	2	
1	3	2	1	2	3	2	0	1	1	0	0	0	2	0	2	0	0	0	2	0	0	0	0	0	0	0	0	
1	0	1	2	2	0	2	0	1	1	0	0	0	0	0	0	0	0	0	1	0	0	0	0	0	0	3	0	
1	3	0	2	2	3	0	0	0	0	1	0	0	2	0	2	0	0	0	0	0	0	0	0	0	0	0	0	
0	3	0	2	0	3	0	0	0	0	1	3	0	0	0	2	0	0	0	1	0	0	0	0	0	0	0	2	
1	3	0	1	2	3	0	0	1	2	1	3	0	0	0	2	0	0	0	1	0	0	0	0	0	0	0	0	
1	0	0	1	0	3	1	0	1	1	3	3	0	2	0	2	0	0	0	0	0	0	0	0	0	0	1	2	
1	3	0	1	0	1	2	0	0	1	1	3	0	0	0	0	0	0	0	0	0	0	0	0	0	0	3	2	
1	3	0	1	2	0	2	0	1	1	1	3	0	2	0	2	0	0	0	1	0	0	0	0	0	0	3	2	
2	0	0	2	2	0	1	0	0	0	0	3	0	1	0	2	0	0	0	0	0	0	0	0	0	0	3	2	
1	0	0	1	0	3	2	0	3	2	1	3	0	2	0	2	0	0	0	1	0	0	0	0	0	0	0	1	
1	1	0	1	1	3	2	0	0	0	1	3	0	2	0	1	0	0	0	0	0	0	0	0	0	0	0	2	
2	0	1	1	0	0	0	0	3	0	1	2	0	0	0	0	0	0	0	0	0	0	0	0	0	0	3	2	
0	0	0	1	2	1	2	0	1	2	0	3	0	2	0	0	0	0	0	0	0	0	0	0	0	0	0	0	
2	1	1	0	0	3	2	0	1	1	0	0	0	2	0	2	0	0	0	1	0	0	0	0	0	0	0	0	
1	3	2	0	0	3	2	0	0	0	1	2	0	2	0	0	0	0	0	1	0	0	0	0	0	0	0	1	
0	3	2	0	0	3	2	0	0	2	3	3	0	0	0	2	0	0	0	0	0	0	0	0	0	0	3	2	
1	3	0	0	0	1	0	0	1	1	1	3	0	1	0	2	0	0	0	0	0	0	0	0	0	0	0	1	
1	0	0	1	2	0	0	0	3	1	0	0	0	2	0	0	0	0	0	1	0	0	0	0	0	0	3	2	
1	0	0	1	0	0	0	0	0	0	0	3	0	2	0	0	0	0	0	1	0	0	0	0	0	0	3	2	
0	3	2	1	0	0	1	0	0	0	0	2	0	0	0	0	0	0	0	3	0	0	0	0	0	0	0	0	
0	0	2	1	2	0	2	0	1	1	1	3	0	0	0	1	0	0	0	1	0	0	0	0	0	0	0	0	
1	3	0	1	1	3	2	0	0	1	3	3	0	0	0	2	0	0	0	1	0	0	0	0	0	0	1	2	
0	0	0	1	0	3	1	0	2	1	0	0	0	0	0	0	0	0	0	1	0	0	0	0	0	0	0	0	
--------------------

--------------------
Best Solution Found!
--------------------
Time: 0 hour(s), 1 minute(s), 24 second(s), 803 millisecond(s)

Fitness: 192758

2	3	0	0	2	3	2	0	1	1	0	0	0	0	0	1	0	0	0	0	0	0	0	0	0	0	3	2	
0	1	0	1	2	3	2	0	1	1	0	3	0	1	0	2	0	0	0	2	0	0	0	0	0	0	3	2	
1	0	0	0	2	0	2	0	1	1	0	3	0	0	0	2	0	0	0	1	0	0	0	0	0	0	1	0	
1	0	0	1	2	0	0	0	1	1	0	2	0	2	0	0	0	0	0	1	0	0	0	0	0	0	3	0	
2	0	0	1	2	3	2	0	1	1	0	3	0	0	0	0	0	0	0	0	0	0	0	0	0	0	3	1	
1	3	0	2	1	0	2	0	1	1	1	0	0	2	0	0	0	0	0	2	0	0	0	0	0	0	3	2	
1	0	0	0	0	1	2	0	0	1	0	0	0	2	0	0	0	0	0	1	0	0	0	0	0	0	0	2	
1	3	2	1	2	3	2	0	1	1	0	0	0	2	0	2	0	0	0	2	0	0	0	0	0	0	0	0	
1	0	1	2	2	0	2	0	1	1	0	0	0	0	0	0	0	0	0	1	0	0	0	0	0	0	3	0	
1	3	0	2	2	3	0	0	0	0	1	0	0	2	0	2	0	0	0	0	0	0	0	0	0	0	0	0	
0	3	0	2	0	3	0	0	0	0	1	3	0	0	0	2	0	0	0	1	0	0	0	0	0	0	0	2	
1	3	0	1	2	3	0	0	1	2	1	3	0	0	0	2	0	0	0	1	0	0	0	0	0	0	0	0	
1	0	0	1	0	3	1	0	1	1	3	3	0	2	0	2	0	0	0	0	0	0	0	0	0	0	1	2	
1	3	0	1	0	1	2	0	0	1	1	3	0	0	0	0	0	0	0	0	0	0	0	0	0	0	3	2	
1	3	0	1	2	0	2	0	1	1	1	3	0	2	0	2	0	0	0	1	0	0	0	0	0	0	3	2	
2	0	0	2	2	0	1	0	0	0	0	3	0	1	0	2	0	0	0	0	0	0	0	0	0	0	3	2	
1	0	0	1	0	3	2	0	3	2	1	3	0	2	0	2	0	0	0	1	0	0	0	0	0	0	0	1	
1	1	0	1	1	3	2	0	0	0	1	3	0	2	0	1	0	0	0	0	0	0	0	0	0	0	0	2	
2	0	1	1	0	0	0	0	3	0	1	2	0	0	0	0	0	0	0	0	0	0	0	0	0	0	3	2	
0	0	0	1	2	1	2	0	1	2	0	3	0	2	0	0	0	0	0	0	0	0	0	0	0	0	0	0	
2	1	1	0	0	3	2	0	1	1	0	0	0	2	0	2	0	0	0	1	0	0	0	0	0	0	0	0	
1	3	2	0	0	3	2	0	0	0	1	2	0	2	0	0	0	0	0	1	0	0	0	0	0	0	0	1	
0	3	2	0	0	3	2	0	0	2	3	3	0	0	0	2	0	0	0	0	0	0	0	0	0	0	3	2	
1	3	0	0	0	1	0	0	1	1	1	3	0	1	0	2	0	0	0	0	0	0	0	0	0	0	0	1	
1	0	0	1	2	0	0	0	3	1	0	0	0	2	0	0	0	0	0	1	0	0	0	0	0	0	3	2	
1	0	0	1	0	0	0	0	0	0	0	3	0	2	0	0	0	0	0	1	0	0	0	0	0	0	3	2	
0	3	2	1	0	0	1	0	0	0	0	2	0	0	0	0	0	0	0	3	0	0	0	0	0	0	0	0	
0	0	2	1	2	0	2	0	1	1	1	3	0	0	0	1	0	0	0	1	0	0	0	0	0	0	0	0	
1	3	0	1	1	3	2	0	0	1	3	3	0	0	0	2	0	0	0	1	0	0	0	0	0	0	1	2	
0	0	0	1	0	3	1	0	2	1	0	0	0	0	0	0	0	0	0	1	0	0	0	0	0	0	0	0	
--------------------

--------------------
Best Solution Found!
--------------------
Time: 0 hour(s), 1 minute(s), 24 second(s), 807 millisecond(s)

Fitness: 192758

2	3	0	0	2	3	2	0	1	1	0	0	0	0	0	1	0	0	0	0	0	0	0	0	0	0	3	2	
0	1	0	1	2	3	2	0	1	1	0	3	0	1	0	2	0	0	0	2	0	0	0	0	0	0	3	2	
1	0	0	0	2	0	2	0	1	1	0	3	0	0	0	2	0	0	0	1	0	0	0	0	0	0	1	0	
1	0	0	1	2	0	0	0	1	1	0	2	0	2	0	0	0	0	0	1	0	0	0	0	0	0	3	0	
2	0	0	1	2	3	2	0	1	1	0	3	0	0	0	0	0	0	0	0	0	0	0	0	0	0	3	1	
1	3	0	2	1	0	2	0	1	1	1	0	0	2	0	0	0	0	0	2	0	0	0	0	0	0	3	2	
1	0	0	0	0	1	2	0	0	1	0	0	0	2	0	0	0	0	0	1	0	0	0	0	0	0	0	2	
1	3	2	1	2	3	2	0	1	1	0	0	0	2	0	2	0	0	0	2	0	0	0	0	0	0	0	0	
1	0	1	2	2	0	2	0	1	1	0	0	0	0	0	0	0	0	0	1	0	0	0	0	0	0	3	0	
1	3	0	2	2	3	0	0	0	0	1	0	0	2	0	2	0	0	0	0	0	0	0	0	0	0	0	0	
0	3	0	2	0	3	0	0	0	0	1	3	0	0	0	2	0	0	0	1	0	0	0	0	0	0	0	2	
1	3	0	1	2	3	0	0	1	2	1	3	0	0	0	2	0	0	0	1	0	0	0	0	0	0	0	0	
1	0	0	1	0	3	1	0	1	1	3	3	0	2	0	2	0	0	0	0	0	0	0	0	0	0	1	2	
1	3	0	1	0	1	2	0	0	1	1	3	0	0	0	0	0	0	0	0	0	0	0	0	0	0	3	2	
1	3	0	1	2	0	2	0	1	1	1	3	0	2	0	2	0	0	0	1	0	0	0	0	0	0	3	2	
2	0	0	2	2	0	1	0	0	0	0	3	0	1	0	2	0	0	0	0	0	0	0	0	0	0	3	2	
1	0	0	1	0	3	2	0	3	2	1	3	0	2	0	2	0	0	0	1	0	0	0	0	0	0	0	1	
1	1	0	1	1	3	2	0	0	0	1	3	0	2	0	1	0	0	0	0	0	0	0	0	0	0	0	2	
2	0	1	1	0	0	0	0	3	0	1	2	0	0	0	0	0	0	0	0	0	0	0	0	0	0	3	2	
0	0	0	1	2	1	2	0	1	2	0	3	0	2	0	0	0	0	0	0	0	0	0	0	0	0	0	0	
2	1	1	0	0	3	2	0	1	1	0	0	0	2	0	2	0	0	0	1	0	0	0	0	0	0	0	0	
1	3	2	0	0	3	2	0	0	0	1	2	0	2	0	0	0	0	0	1	0	0	0	0	0	0	0	1	
0	3	2	0	0	3	2	0	0	2	3	3	0	0	0	2	0	0	0	0	0	0	0	0	0	0	3	2	
1	3	0	0	0	1	0	0	1	1	1	3	0	1	0	2	0	0	0	0	0	0	0	0	0	0	0	1	
1	0	0	1	2	0	0	0	3	1	0	0	0	2	0	0	0	0	0	1	0	0	0	0	0	0	3	2	
1	0	0	1	0	0	0	0	0	0	0	3	0	2	0	0	0	0	0	1	0	0	0	0	0	0	3	2	
0	3	2	1	0	0	1	0	0	0	0	2	0	0	0	0	0	0	0	3	0	0	0	0	0	0	0	0	
0	0	2	1	2	0	2	0	1	1	1	3	0	0	0	1	0	0	0	1	0	0	0	0	0	0	0	0	
1	3	0	1	1	3	2	0	0	1	3	3	0	0	0	2	0	0	0	1	0	0	0	0	0	0	1	2	
0	0	0	1	0	3	1	0	2	1	0	0	0	0	0	0	0	0	0	1	0	0	0	0	0	0	0	0	
--------------------

--------------------
Best Solution Found!
--------------------
Time: 0 hour(s), 1 minute(s), 24 second(s), 811 millisecond(s)

Fitness: 192758

2	3	0	0	2	3	2	0	1	1	0	0	0	0	0	1	0	0	0	0	0	0	0	0	0	0	3	2	
0	1	0	1	2	3	2	0	1	1	0	3	0	1	0	2	0	0	0	2	0	0	0	0	0	0	3	2	
1	0	0	0	2	0	2	0	1	1	0	3	0	0	0	2	0	0	0	1	0	0	0	0	0	0	1	0	
1	0	0	1	2	0	0	0	1	1	0	2	0	2	0	0	0	0	0	1	0	0	0	0	0	0	3	0	
2	0	0	1	2	3	2	0	1	1	0	3	0	0	0	0	0	0	0	0	0	0	0	0	0	0	3	1	
1	3	0	2	1	0	2	0	1	1	1	0	0	2	0	0	0	0	0	2	0	0	0	0	0	0	3	2	
1	0	0	0	0	1	2	0	0	1	0	0	0	2	0	0	0	0	0	1	0	0	0	0	0	0	0	2	
1	3	2	1	2	3	2	0	1	1	0	0	0	2	0	2	0	0	0	2	0	0	0	0	0	0	0	0	
1	0	1	2	2	0	2	0	1	1	0	0	0	0	0	0	0	0	0	1	0	0	0	0	0	0	3	0	
1	3	0	2	2	3	0	0	0	0	1	0	0	2	0	2	0	0	0	0	0	0	0	0	0	0	0	0	
0	3	0	2	0	3	0	0	0	0	1	3	0	0	0	2	0	0	0	1	0	0	0	0	0	0	0	2	
1	3	0	1	2	3	0	0	1	2	1	3	0	0	0	2	0	0	0	1	0	0	0	0	0	0	0	0	
1	0	0	1	0	3	1	0	1	1	3	3	0	2	0	2	0	0	0	0	0	0	0	0	0	0	1	2	
1	3	0	1	0	1	2	0	0	1	1	3	0	0	0	0	0	0	0	0	0	0	0	0	0	0	3	2	
1	3	0	1	2	0	2	0	1	1	1	3	0	2	0	2	0	0	0	1	0	0	0	0	0	0	3	2	
2	0	0	2	2	0	1	0	0	0	0	3	0	1	0	2	0	0	0	0	0	0	0	0	0	0	3	2	
1	0	0	1	0	3	2	0	3	2	1	3	0	2	0	2	0	0	0	1	0	0	0	0	0	0	0	1	
1	1	0	1	1	3	2	0	0	0	1	3	0	2	0	1	0	0	0	0	0	0	0	0	0	0	0	2	
2	0	1	1	0	0	0	0	3	0	1	2	0	0	0	0	0	0	0	0	0	0	0	0	0	0	3	2	
0	0	0	1	2	1	2	0	1	2	0	3	0	2	0	0	0	0	0	0	0	0	0	0	0	0	0	0	
2	1	1	0	0	3	2	0	1	1	0	0	0	2	0	2	0	0	0	1	0	0	0	0	0	0	0	0	
1	3	2	0	0	3	2	0	0	0	1	2	0	2	0	0	0	0	0	1	0	0	0	0	0	0	0	1	
0	3	2	0	0	3	2	0	0	2	3	3	0	0	0	2	0	0	0	0	0	0	0	0	0	0	3	2	
1	3	0	0	0	1	0	0	1	1	1	3	0	1	0	2	0	0	0	0	0	0	0	0	0	0	0	1	
1	0	0	1	2	0	0	0	3	1	0	0	0	2	0	0	0	0	0	1	0	0	0	0	0	0	3	2	
1	0	0	1	0	0	0	0	0	0	0	3	0	2	0	0	0	0	0	1	0	0	0	0	0	0	3	2	
0	3	2	1	0	0	1	0	0	0	0	2	0	0	0	0	0	0	0	3	0	0	0	0	0	0	0	0	
0	0	2	1	2	0	2	0	1	1	1	3	0	0	0	1	0	0	0	1	0	0	0	0	0	0	0	0	
1	3	0	1	1	3	2	0	0	1	3	3	0	0	0	2	0	0	0	1	0	0	0	0	0	0	1	2	
0	0	0	1	0	3	1	0	2	1	0	0	0	0	0	0	0	0	0	1	0	0	0	0	0	0	0	0	
--------------------

--------------------
Best Solution Found!
--------------------
Time: 0 hour(s), 1 minute(s), 24 second(s), 815 millisecond(s)

Fitness: 192758

2	3	0	0	2	3	2	0	1	1	0	0	0	0	0	1	0	0	0	0	0	0	0	0	0	0	3	2	
0	1	0	1	2	3	2	0	1	1	0	3	0	1	0	2	0	0	0	2	0	0	0	0	0	0	3	2	
1	0	0	0	2	0	2	0	1	1	0	3	0	0	0	2	0	0	0	1	0	0	0	0	0	0	1	0	
1	0	0	1	2	0	0	0	1	1	0	2	0	2	0	0	0	0	0	1	0	0	0	0	0	0	3	0	
2	0	0	1	2	3	2	0	1	1	0	3	0	0	0	0	0	0	0	0	0	0	0	0	0	0	3	1	
1	3	0	2	1	0	2	0	1	1	1	0	0	2	0	0	0	0	0	2	0	0	0	0	0	0	3	2	
1	0	0	0	0	1	2	0	0	1	0	0	0	2	0	0	0	0	0	1	0	0	0	0	0	0	0	2	
1	3	2	1	2	3	2	0	1	1	0	0	0	2	0	2	0	0	0	2	0	0	0	0	0	0	0	0	
1	0	1	2	2	0	2	0	1	1	0	0	0	0	0	0	0	0	0	1	0	0	0	0	0	0	3	0	
1	3	0	2	2	3	0	0	0	0	1	0	0	2	0	2	0	0	0	0	0	0	0	0	0	0	0	0	
0	3	0	2	0	3	0	0	0	0	1	3	0	0	0	2	0	0	0	1	0	0	0	0	0	0	0	2	
1	3	0	1	2	3	0	0	1	2	1	3	0	0	0	2	0	0	0	1	0	0	0	0	0	0	0	0	
1	0	0	1	0	3	1	0	1	1	3	3	0	2	0	2	0	0	0	0	0	0	0	0	0	0	1	2	
1	3	0	1	0	1	2	0	0	1	1	3	0	0	0	0	0	0	0	0	0	0	0	0	0	0	3	2	
1	3	0	1	2	0	2	0	1	1	1	3	0	2	0	2	0	0	0	1	0	0	0	0	0	0	3	2	
2	0	0	2	2	0	1	0	0	0	0	3	0	1	0	2	0	0	0	0	0	0	0	0	0	0	3	2	
1	0	0	1	0	3	2	0	3	2	1	3	0	2	0	2	0	0	0	1	0	0	0	0	0	0	0	1	
1	1	0	1	1	3	2	0	0	0	1	3	0	2	0	1	0	0	0	0	0	0	0	0	0	0	0	2	
2	0	1	1	0	0	0	0	3	0	1	2	0	0	0	0	0	0	0	0	0	0	0	0	0	0	3	2	
0	0	0	1	2	1	2	0	1	2	0	3	0	2	0	0	0	0	0	0	0	0	0	0	0	0	0	0	
2	1	1	0	0	3	2	0	1	1	0	0	0	2	0	2	0	0	0	1	0	0	0	0	0	0	0	0	
1	3	2	0	0	3	2	0	0	0	1	2	0	2	0	0	0	0	0	1	0	0	0	0	0	0	0	1	
0	3	2	0	0	3	2	0	0	2	3	3	0	0	0	2	0	0	0	0	0	0	0	0	0	0	3	2	
1	3	0	0	0	1	0	0	1	1	1	3	0	1	0	2	0	0	0	0	0	0	0	0	0	0	0	1	
1	0	0	1	2	0	0	0	3	1	0	0	0	2	0	0	0	0	0	1	0	0	0	0	0	0	3	2	
1	0	0	1	0	0	0	0	0	0	0	3	0	2	0	0	0	0	0	1	0	0	0	0	0	0	3	2	
0	3	2	1	0	0	1	0	0	0	0	2	0	0	0	0	0	0	0	3	0	0	0	0	0	0	0	0	
0	0	2	1	2	0	2	0	1	1	1	3	0	0	0	1	0	0	0	1	0	0	0	0	0	0	0	0	
1	3	0	1	1	3	2	0	0	1	3	3	0	0	0	2	0	0	0	1	0	0	0	0	0	0	1	2	
0	0	0	1	0	3	1	0	2	1	0	0	0	0	0	0	0	0	0	1	0	0	0	0	0	0	0	0	
--------------------

--------------------
Best Solution Found!
--------------------
Time: 0 hour(s), 2 minute(s), 54 second(s), 302 millisecond(s)

Fitness: 192731

1	1	0	1	0	0	0	0	0	1	0	0	0	2	0	2	0	0	0	0	0	0	0	0	0	0	0	0	
0	3	0	1	2	3	0	0	1	0	1	2	0	2	0	2	0	0	0	1	0	0	0	0	0	0	3	2	
0	0	2	1	0	3	2	0	1	0	0	0	0	0	0	2	0	0	0	1	0	0	0	0	0	0	0	2	
1	3	0	1	2	3	0	0	1	0	0	3	0	2	0	2	0	0	0	0	0	0	0	0	0	0	0	0	
2	3	0	1	2	3	1	0	1	1	0	0	0	0	0	2	0	0	0	1	0	0	0	0	0	0	0	0	
2	1	2	0	2	0	2	0	1	1	0	0	0	0	0	0	0	0	0	0	0	0	0	0	0	0	0	2	
0	3	0	0	0	0	2	0	1	2	1	3	0	1	0	0	0	0	0	0	0	0	0	0	0	0	0	0	
1	0	0	1	0	3	2	0	1	1	0	3	0	2	0	2	0	0	0	1	0	0	0	0	0	0	3	2	
1	0	0	0	0	0	0	0	0	0	0	0	0	2	0	1	0	0	0	2	0	0	0	0	0	0	3	0	
1	3	0	2	1	3	0	0	1	1	0	0	0	2	0	0	0	0	0	1	0	0	0	0	0	0	3	2	
0	3	2	1	0	0	2	0	3	1	0	3	0	0	0	0	0	0	0	0	0	0	0	0	0	0	0	0	
1	0	0	1	2	3	2	0	0	1	1	3	0	0	0	0	0	0	0	1	0	0	0	0	0	0	1	2	
1	0	0	0	0	3	2	0	0	1	0	0	0	2	0	0	0	0	0	0	0	0	0	0	0	0	3	2	
1	0	0	1	2	0	0	0	2	1	1	3	0	0	0	2	0	0	0	2	0	0	0	0	0	0	0	2	
0	3	0	1	2	3	2	0	1	1	3	3	0	0	0	2	0	0	0	2	0	0	0	0	0	0	0	1	
1	0	1	2	0	3	2	0	1	1	1	2	0	0	0	2	0	0	0	0	0	0	0	0	0	0	0	2	
1	0	0	0	2	0	0	0	0	0	3	3	0	0	0	2	0	0	0	1	0	0	0	0	0	0	3	2	
1	0	0	0	1	3	2	0	0	0	0	0	0	2	0	0	0	0	0	0	0	0	0	0	0	0	0	0	
0	0	0	1	1	1	1	0	0	1	1	3	0	2	0	2	0	0	0	0	0	0	0	0	0	0	3	2	
1	3	1	1	0	0	2	0	0	1	1	3	0	1	0	0	0	0	0	1	0	0	0	0	0	0	1	0	
1	3	0	1	2	1	2	0	1	1	3	3	0	2	0	2	0	0	0	1	0	0	0	0	0	0	0	0	
1	0	2	1	2	1	1	0	3	1	1	3	0	2	0	1	0	0	0	1	0	0	0	0	0	0	3	2	
1	0	0	2	2	3	0	0	0	2	0	0	0	0	0	0	0	0	0	0	0	0	0	0	0	0	3	2	
2	0	0	0	0	3	2	0	0	0	1	3	0	2	0	0	0	0	0	1	0	0	0	0	0	0	3	2	
1	3	0	1	2	0	2	0	1	1	0	3	0	0	0	2	0	0	0	1	0	0	0	0	0	0	0	0	
0	1	2	2	2	1	2	0	1	2	0	3	0	0	0	2	0	0	0	1	0	0	0	0	0	0	3	1	
1	3	0	1	0	3	2	0	1	1	1	2	0	2	0	1	0	0	0	3	0	0	0	0	0	0	1	1	
2	0	0	1	2	3	2	0	3	0	0	3	0	0	0	0	0	0	0	1	0	0	0	0	0	0	0	0	
2	3	1	1	0	0	2	0	1	1	1	3	0	1	0	0	0	0	0	0	0	0	0	0	0	0	3	1	
1	3	0	2	0	0	1	0	0	2	1	2	0	2	0	0	0	0	0	1	0	0	0	0	0	0	3	2	
--------------------

--------------------
Best Solution Found!
--------------------
Time: 0 hour(s), 3 minute(s), 54 second(s), 424 millisecond(s)

Fitness: 189750

0	1	0	1	2	0	0	0	0	1	1	3	0	0	0	2	0	0	0	0	0	0	0	0	0	0	3	2	
1	0	2	1	0	0	0	0	1	0	0	0	0	2	0	0	0	0	0	0	0	0	0	0	0	0	3	0	
1	3	0	1	2	3	2	0	1	1	0	0	0	2	0	2	0	0	0	2	0	0	0	0	0	0	3	1	
1	3	0	1	2	0	0	0	1	2	1	0	0	2	0	0	0	0	0	1	0	0	0	0	0	0	0	2	
2	3	2	2	2	0	2	0	0	1	1	2	0	2	0	0	0	0	0	2	0	0	0	0	0	0	0	1	
1	3	0	2	2	3	1	0	1	0	0	3	0	0	0	0	0	0	0	0	0	0	0	0	0	0	1	2	
0	0	0	0	2	1	2	0	0	2	1	3	0	2	0	0	0	0	0	1	0	0	0	0	0	0	0	0	
2	0	0	0	0	3	2	0	1	1	1	0	0	0	0	1	0	0	0	1	0	0	0	0	0	0	0	0	
2	3	2	0	0	0	2	0	3	1	0	3	0	1	0	2	0	0	0	1	0	0	0	0	0	0	0	0	
0	0	0	1	1	0	0	0	0	1	1	3	0	2	0	0	0	0	0	1	0	0	0	0	0	0	0	0	
1	0	0	1	1	3	2	0	1	1	0	0	0	1	0	1	0	0	0	2	0	0	0	0	0	0	3	0	
1	3	0	1	2	3	2	0	3	1	0	3	0	2	0	2	0	0	0	3	0	0	0	0	0	0	3	2	
1	3	2	2	0	3	2	0	1	1	1	0	0	2	0	0	0	0	0	1	0	0	0	0	0	0	3	2	
1	3	0	1	0	0	0	0	0	1	3	3	0	0	0	0	0	0	0	1	0	0	0	0	0	0	1	2	
1	0	0	2	2	3	0	0	1	1	0	3	0	0	0	0	0	0	0	0	0	0	0	0	0	0	3	2	
2	3	0	1	2	3	1	0	1	1	1	2	0	1	0	2	0	0	0	1	0	0	0	0	0	0	1	0	
0	0	1	1	0	3	2	0	2	1	1	3	0	0	0	0	0	0	0	1	0	0	0	0	0	0	0	1	
0	0	0	1	2	0	0	0	3	0	0	0	0	0	0	2	0	0	0	1	0	0	0	0	0	0	0	0	
1	3	0	1	0	3	2	0	0	0	1	2	0	0	0	0	0	0	0	0	0	0	0	0	0	0	3	2	
0	1	0	0	1	3	2	0	0	0	3	3	0	0	0	2	0	0	0	0	0	0	0	0	0	0	0	2	
1	1	0	2	2	3	1	0	1	1	1	3	0	0	0	1	0	0	0	0	0	0	0	0	0	0	0	2	
1	3	0	1	0	3	2	0	1	1	0	3	0	2	0	2	0	0	0	0	0	0	0	0	0	0	0	2	
1	3	1	1	0	1	2	0	1	2	0	0	0	2	0	2	0	0	0	0	0	0	0	0	0	0	0	0	
1	0	2	1	2	3	0	0	0	1	1	3	0	0	0	2	0	0	0	1	0	0	0	0	0	0	3	2	
1	0	0	1	2	0	2	0	1	2	0	2	0	2	0	2	0	0	0	1	0	0	0	0	0	0	3	2	
1	0	0	0	0	1	2	0	0	0	0	3	0	0	0	0	0	0	0	0	0	0	0	0	0	0	0	2	
2	0	0	1	0	0	2	0	1	1	0	3	0	0	0	2	0	0	0	1	0	0	0	0	0	0	3	2	
0	0	0	1	0	0	2	0	0	0	0	3	0	2	0	2	0	0	0	1	0	0	0	0	0	0	0	1	
1	3	1	0	0	3	2	0	0	0	3	3	0	2	0	2	0	0	0	1	0	0	0	0	0	0	3	0	
1	0	0	0	2	1	1	0	1	1	0	0	0	2	0	0	0	0	0	0	0	0	0	0	0	0	3	0	
--------------------

--------------------
Best Solution Found!
--------------------
Time: 0 hour(s), 3 minute(s), 54 second(s), 431 millisecond(s)

Fitness: 189750

0	1	0	1	2	0	0	0	0	1	1	3	0	0	0	2	0	0	0	0	0	0	0	0	0	0	3	2	
1	0	2	1	0	0	0	0	1	0	0	0	0	2	0	0	0	0	0	0	0	0	0	0	0	0	3	0	
1	3	0	1	2	3	2	0	1	1	0	0	0	2	0	2	0	0	0	2	0	0	0	0	0	0	3	1	
1	3	0	1	2	0	0	0	1	2	1	0	0	2	0	0	0	0	0	1	0	0	0	0	0	0	0	2	
2	3	2	2	2	0	2	0	0	1	1	2	0	2	0	0	0	0	0	2	0	0	0	0	0	0	0	1	
1	3	0	2	2	3	1	0	1	0	0	3	0	0	0	0	0	0	0	0	0	0	0	0	0	0	1	2	
0	0	0	0	2	1	2	0	0	2	1	3	0	2	0	0	0	0	0	1	0	0	0	0	0	0	0	0	
2	0	0	0	0	3	2	0	1	1	1	0	0	0	0	1	0	0	0	1	0	0	0	0	0	0	0	0	
2	3	2	0	0	0	2	0	3	1	0	3	0	1	0	2	0	0	0	1	0	0	0	0	0	0	0	0	
0	0	0	1	1	0	0	0	0	1	1	3	0	2	0	0	0	0	0	1	0	0	0	0	0	0	0	0	
1	0	0	1	1	3	2	0	1	1	0	0	0	1	0	1	0	0	0	2	0	0	0	0	0	0	3	0	
1	3	0	1	2	3	2	0	3	1	0	3	0	2	0	2	0	0	0	3	0	0	0	0	0	0	3	2	
1	3	2	2	0	3	2	0	1	1	1	0	0	2	0	0	0	0	0	1	0	0	0	0	0	0	3	2	
1	3	0	1	0	0	0	0	0	1	3	3	0	0	0	0	0	0	0	1	0	0	0	0	0	0	1	2	
1	0	0	2	2	3	0	0	1	1	0	3	0	0	0	0	0	0	0	0	0	0	0	0	0	0	3	2	
2	3	0	1	2	3	1	0	1	1	1	2	0	1	0	2	0	0	0	1	0	0	0	0	0	0	1	0	
0	0	1	1	0	3	2	0	2	1	1	3	0	0	0	0	0	0	0	1	0	0	0	0	0	0	0	1	
0	0	0	1	2	0	0	0	3	0	0	0	0	0	0	2	0	0	0	1	0	0	0	0	0	0	0	0	
1	3	0	1	0	3	2	0	0	0	1	2	0	0	0	0	0	0	0	0	0	0	0	0	0	0	3	2	
0	1	0	0	1	3	2	0	0	0	3	3	0	0	0	2	0	0	0	0	0	0	0	0	0	0	0	2	
1	1	0	2	2	3	1	0	1	1	1	3	0	0	0	1	0	0	0	0	0	0	0	0	0	0	0	2	
1	3	0	1	0	3	2	0	1	1	0	3	0	2	0	2	0	0	0	0	0	0	0	0	0	0	0	2	
1	3	1	1	0	1	2	0	1	2	0	0	0	2	0	2	0	0	0	0	0	0	0	0	0	0	0	0	
1	0	2	1	2	3	0	0	0	1	1	3	0	0	0	2	0	0	0	1	0	0	0	0	0	0	3	2	
1	0	0	1	2	0	2	0	1	2	0	2	0	2	0	2	0	0	0	1	0	0	0	0	0	0	3	2	
1	0	0	0	0	1	2	0	0	0	0	3	0	0	0	0	0	0	0	0	0	0	0	0	0	0	0	2	
2	0	0	1	0	0	2	0	1	1	0	3	0	0	0	2	0	0	0	1	0	0	0	0	0	0	3	2	
0	0	0	1	0	0	2	0	0	0	0	3	0	2	0	2	0	0	0	1	0	0	0	0	0	0	0	1	
1	3	1	0	0	3	2	0	0	0	3	3	0	2	0	2	0	0	0	1	0	0	0	0	0	0	3	0	
1	0	0	0	2	1	1	0	1	1	0	0	0	2	0	0	0	0	0	0	0	0	0	0	0	0	3	0	
--------------------

--------------------
Best Solution Found!
--------------------
Time: 0 hour(s), 3 minute(s), 54 second(s), 433 millisecond(s)

Fitness: 189750

0	1	0	1	2	0	0	0	0	1	1	3	0	0	0	2	0	0	0	0	0	0	0	0	0	0	3	2	
1	0	2	1	0	0	0	0	1	0	0	0	0	2	0	0	0	0	0	0	0	0	0	0	0	0	3	0	
1	3	0	1	2	3	2	0	1	1	0	0	0	2	0	2	0	0	0	2	0	0	0	0	0	0	3	1	
1	3	0	1	2	0	0	0	1	2	1	0	0	2	0	0	0	0	0	1	0	0	0	0	0	0	0	2	
2	3	2	2	2	0	2	0	0	1	1	2	0	2	0	0	0	0	0	2	0	0	0	0	0	0	0	1	
1	3	0	2	2	3	1	0	1	0	0	3	0	0	0	0	0	0	0	0	0	0	0	0	0	0	1	2	
0	0	0	0	2	1	2	0	0	2	1	3	0	2	0	0	0	0	0	1	0	0	0	0	0	0	0	0	
2	0	0	0	0	3	2	0	1	1	1	0	0	0	0	1	0	0	0	1	0	0	0	0	0	0	0	0	
2	3	2	0	0	0	2	0	3	1	0	3	0	1	0	2	0	0	0	1	0	0	0	0	0	0	0	0	
0	0	0	1	1	0	0	0	0	1	1	3	0	2	0	0	0	0	0	1	0	0	0	0	0	0	0	0	
1	0	0	1	1	3	2	0	1	1	0	0	0	1	0	1	0	0	0	2	0	0	0	0	0	0	3	0	
1	3	0	1	2	3	2	0	3	1	0	3	0	2	0	2	0	0	0	3	0	0	0	0	0	0	3	2	
1	3	2	2	0	3	2	0	1	1	1	0	0	2	0	0	0	0	0	1	0	0	0	0	0	0	3	2	
1	3	0	1	0	0	0	0	0	1	3	3	0	0	0	0	0	0	0	1	0	0	0	0	0	0	1	2	
1	0	0	2	2	3	0	0	1	1	0	3	0	0	0	0	0	0	0	0	0	0	0	0	0	0	3	2	
2	3	0	1	2	3	1	0	1	1	1	2	0	1	0	2	0	0	0	1	0	0	0	0	0	0	1	0	
0	0	1	1	0	3	2	0	2	1	1	3	0	0	0	0	0	0	0	1	0	0	0	0	0	0	0	1	
0	0	0	1	2	0	0	0	3	0	0	0	0	0	0	2	0	0	0	1	0	0	0	0	0	0	0	0	
1	3	0	1	0	3	2	0	0	0	1	2	0	0	0	0	0	0	0	0	0	0	0	0	0	0	3	2	
0	1	0	0	1	3	2	0	0	0	3	3	0	0	0	2	0	0	0	0	0	0	0	0	0	0	0	2	
1	1	0	2	2	3	1	0	1	1	1	3	0	0	0	1	0	0	0	0	0	0	0	0	0	0	0	2	
1	3	0	1	0	3	2	0	1	1	0	3	0	2	0	2	0	0	0	0	0	0	0	0	0	0	0	2	
1	3	1	1	0	1	2	0	1	2	0	0	0	2	0	2	0	0	0	0	0	0	0	0	0	0	0	0	
1	0	2	1	2	3	0	0	0	1	1	3	0	0	0	2	0	0	0	1	0	0	0	0	0	0	3	2	
1	0	0	1	2	0	2	0	1	2	0	2	0	2	0	2	0	0	0	1	0	0	0	0	0	0	3	2	
1	0	0	0	0	1	2	0	0	0	0	3	0	0	0	0	0	0	0	0	0	0	0	0	0	0	0	2	
2	0	0	1	0	0	2	0	1	1	0	3	0	0	0	2	0	0	0	1	0	0	0	0	0	0	3	2	
0	0	0	1	0	0	2	0	0	0	0	3	0	2	0	2	0	0	0	1	0	0	0	0	0	0	0	1	
1	3	1	0	0	3	2	0	0	0	3	3	0	2	0	2	0	0	0	1	0	0	0	0	0	0	3	0	
1	0	0	0	2	1	1	0	1	1	0	0	0	2	0	0	0	0	0	0	0	0	0	0	0	0	3	0	
--------------------

--------------------
Best Solution Found!
--------------------
Time: 0 hour(s), 3 minute(s), 54 second(s), 439 millisecond(s)

Fitness: 189750

0	1	0	1	2	0	0	0	0	1	1	3	0	0	0	2	0	0	0	0	0	0	0	0	0	0	3	2	
1	0	2	1	0	0	0	0	1	0	0	0	0	2	0	0	0	0	0	0	0	0	0	0	0	0	3	0	
1	3	0	1	2	3	2	0	1	1	0	0	0	2	0	2	0	0	0	2	0	0	0	0	0	0	3	1	
1	3	0	1	2	0	0	0	1	2	1	0	0	2	0	0	0	0	0	1	0	0	0	0	0	0	0	2	
2	3	2	2	2	0	2	0	0	1	1	2	0	2	0	0	0	0	0	2	0	0	0	0	0	0	0	1	
1	3	0	2	2	3	1	0	1	0	0	3	0	0	0	0	0	0	0	0	0	0	0	0	0	0	1	2	
0	0	0	0	2	1	2	0	0	2	1	3	0	2	0	0	0	0	0	1	0	0	0	0	0	0	0	0	
2	0	0	0	0	3	2	0	1	1	1	0	0	0	0	1	0	0	0	1	0	0	0	0	0	0	0	0	
2	3	2	0	0	0	2	0	3	1	0	3	0	1	0	2	0	0	0	1	0	0	0	0	0	0	0	0	
0	0	0	1	1	0	0	0	0	1	1	3	0	2	0	0	0	0	0	1	0	0	0	0	0	0	0	0	
1	0	0	1	1	3	2	0	1	1	0	0	0	1	0	1	0	0	0	2	0	0	0	0	0	0	3	0	
1	3	0	1	2	3	2	0	3	1	0	3	0	2	0	2	0	0	0	3	0	0	0	0	0	0	3	2	
1	3	2	2	0	3	2	0	1	1	1	0	0	2	0	0	0	0	0	1	0	0	0	0	0	0	3	2	
1	3	0	1	0	0	0	0	0	1	3	3	0	0	0	0	0	0	0	1	0	0	0	0	0	0	1	2	
1	0	0	2	2	3	0	0	1	1	0	3	0	0	0	0	0	0	0	0	0	0	0	0	0	0	3	2	
2	3	0	1	2	3	1	0	1	1	1	2	0	1	0	2	0	0	0	1	0	0	0	0	0	0	1	0	
0	0	1	1	0	3	2	0	2	1	1	3	0	0	0	0	0	0	0	1	0	0	0	0	0	0	0	1	
0	0	0	1	2	0	0	0	3	0	0	0	0	0	0	2	0	0	0	1	0	0	0	0	0	0	0	0	
1	3	0	1	0	3	2	0	0	0	1	2	0	0	0	0	0	0	0	0	0	0	0	0	0	0	3	2	
0	1	0	0	1	3	2	0	0	0	3	3	0	0	0	2	0	0	0	0	0	0	0	0	0	0	0	2	
1	1	0	2	2	3	1	0	1	1	1	3	0	0	0	1	0	0	0	0	0	0	0	0	0	0	0	2	
1	3	0	1	0	3	2	0	1	1	0	3	0	2	0	2	0	0	0	0	0	0	0	0	0	0	0	2	
1	3	1	1	0	1	2	0	1	2	0	0	0	2	0	2	0	0	0	0	0	0	0	0	0	0	0	0	
1	0	2	1	2	3	0	0	0	1	1	3	0	0	0	2	0	0	0	1	0	0	0	0	0	0	3	2	
1	0	0	1	2	0	2	0	1	2	0	2	0	2	0	2	0	0	0	1	0	0	0	0	0	0	3	2	
1	0	0	0	0	1	2	0	0	0	0	3	0	0	0	0	0	0	0	0	0	0	0	0	0	0	0	2	
2	0	0	1	0	0	2	0	1	1	0	3	0	0	0	2	0	0	0	1	0	0	0	0	0	0	3	2	
0	0	0	1	0	0	2	0	0	0	0	3	0	2	0	2	0	0	0	1	0	0	0	0	0	0	0	1	
1	3	1	0	0	3	2	0	0	0	3	3	0	2	0	2	0	0	0	1	0	0	0	0	0	0	3	0	
1	0	0	0	2	1	1	0	1	1	0	0	0	2	0	0	0	0	0	0	0	0	0	0	0	0	3	0	
--------------------


The best solution was found at the restart: 7, population: 0
Total Time Elapsed: 0 hour(s), 12 minute(s), 24 second(s), 734 millisecond(s)

