--------------------
Best Solution Found!
--------------------
Time: 0 hour(s), 0 minute(s), 0 second(s), 4 millisecond(s)

Fitness: 40363

0	1	0	2	0	2	3	
0	2	0	0	0	1	1	
0	1	0	0	0	3	2	
0	3	1	3	0	1	2	
0	0	0	0	0	3	2	
0	1	0	0	0	1	0	
0	2	0	1	0	0	0	
0	0	0	0	0	3	1	
0	2	0	0	0	0	1	
0	2	0	0	0	3	0	
0	0	0	3	0	2	1	
0	0	0	1	0	2	0	
0	1	0	3	0	2	1	
0	0	0	2	0	2	1	
1	2	0	1	0	1	2	
0	3	0	1	0	2	3	
0	1	0	2	1	2	1	
0	2	0	3	0	1	1	
0	1	0	2	0	1	3	
3	0	0	2	1	2	3	
0	1	0	0	0	2	2	
0	2	0	0	0	2	1	
0	3	3	0	2	2	3	
0	2	0	1	0	0	2	
0	3	2	3	0	1	0	
0	2	2	1	0	2	1	
0	3	0	1	0	2	0	
0	2	0	3	0	1	2	
0	3	0	3	0	1	0	
0	1	0	3	0	1	2	
0	0	0	2	0	2	1	
0	2	0	3	0	3	2	
0	1	0	3	1	1	0	
0	0	0	0	0	1	2	
1	2	0	2	0	2	0	
0	2	3	0	0	1	0	
0	0	0	3	0	0	1	
0	2	0	2	0	2	1	
0	3	0	1	0	3	2	
0	1	0	3	0	0	0	
0	1	1	3	2	0	2	
0	0	1	3	3	3	1	
0	0	0	3	0	1	1	
0	1	0	3	0	3	2	
0	0	2	0	0	1	2	
0	1	0	1	1	1	3	
0	1	0	3	0	2	2	
2	2	0	3	0	1	3	
0	1	0	0	0	2	0	
0	1	0	2	0	2	1	
--------------------

--------------------
Best Solution Found!
--------------------
Time: 0 hour(s), 0 minute(s), 0 second(s), 25 millisecond(s)

Fitness: 40350

0	3	0	3	0	2	0	
0	0	3	0	1	2	2	
0	0	0	0	0	1	1	
0	3	0	0	0	0	0	
0	1	0	3	2	1	3	
0	0	0	1	0	3	2	
1	2	0	1	0	2	2	
0	1	0	1	0	1	1	
0	0	0	2	3	0	1	
0	1	0	0	0	2	2	
0	2	0	3	1	2	2	
0	1	0	0	0	2	0	
0	1	0	0	0	1	0	
0	0	0	3	0	2	1	
0	2	0	2	0	2	1	
0	3	0	3	0	3	2	
0	1	0	3	0	2	0	
0	1	0	1	0	0	1	
0	1	0	3	0	1	0	
0	2	1	0	0	1	2	
0	2	0	0	0	2	2	
0	1	2	1	0	2	1	
1	0	0	3	0	1	1	
0	1	0	1	0	0	0	
0	0	0	1	0	1	2	
0	2	0	2	0	2	3	
0	2	0	2	0	3	2	
0	0	2	3	0	2	0	
0	2	0	3	2	2	2	
0	3	0	0	0	0	0	
0	0	0	2	0	1	0	
0	0	0	3	0	1	0	
0	2	1	2	0	2	3	
2	3	0	2	0	0	1	
0	2	0	3	0	3	3	
0	1	0	3	0	2	3	
0	2	0	2	0	2	2	
0	0	0	3	0	2	1	
0	1	0	0	0	3	1	
0	2	0	2	1	1	0	
0	3	0	0	0	1	1	
0	2	0	0	0	1	1	
3	1	0	3	0	1	1	
0	3	0	3	1	1	1	
0	0	2	0	0	2	1	
0	1	0	3	0	1	2	
0	2	3	1	0	3	3	
0	2	1	3	0	1	2	
0	1	0	1	0	3	3	
0	1	0	0	0	3	2	
--------------------

--------------------
Best Solution Found!
--------------------
Time: 0 hour(s), 0 minute(s), 0 second(s), 28 millisecond(s)

Fitness: 40350

0	3	0	3	0	2	0	
0	0	3	0	1	2	2	
0	0	0	0	0	1	1	
0	3	0	0	0	0	0	
0	1	0	3	2	1	3	
0	0	0	1	0	3	2	
1	2	0	1	0	2	2	
0	1	0	1	0	1	1	
0	0	0	2	3	0	1	
0	1	0	0	0	2	2	
0	2	0	3	1	2	2	
0	1	0	0	0	2	0	
0	1	0	0	0	1	0	
0	0	0	3	0	2	1	
0	2	0	2	0	2	1	
0	3	0	3	0	3	2	
0	1	0	3	0	2	0	
0	1	0	1	0	0	1	
0	1	0	3	0	1	0	
0	2	1	0	0	1	2	
0	2	0	0	0	2	2	
0	1	2	1	0	2	1	
1	0	0	3	0	1	1	
0	1	0	1	0	0	0	
0	0	0	1	0	1	2	
0	2	0	2	0	2	3	
0	2	0	2	0	3	2	
0	0	2	3	0	2	0	
0	2	0	3	2	2	2	
0	3	0	0	0	0	0	
0	0	0	2	0	1	0	
0	0	0	3	0	1	0	
0	2	1	2	0	2	3	
2	3	0	2	0	0	1	
0	2	0	3	0	3	3	
0	1	0	3	0	2	3	
0	2	0	2	0	2	2	
0	0	0	3	0	2	1	
0	1	0	0	0	3	1	
0	2	0	2	1	1	0	
0	3	0	0	0	1	1	
0	2	0	0	0	1	1	
3	1	0	3	0	1	1	
0	3	0	3	1	1	1	
0	0	2	0	0	2	1	
0	1	0	3	0	1	2	
0	2	3	1	0	3	3	
0	2	1	3	0	1	2	
0	1	0	1	0	3	3	
0	1	0	0	0	3	2	
--------------------

--------------------
Best Solution Found!
--------------------
Time: 0 hour(s), 0 minute(s), 0 second(s), 30 millisecond(s)

Fitness: 40350

0	3	0	3	0	2	0	
0	0	3	0	1	2	2	
0	0	0	0	0	1	1	
0	3	0	0	0	0	0	
0	1	0	3	2	1	3	
0	0	0	1	0	3	2	
1	2	0	1	0	2	2	
0	1	0	1	0	1	1	
0	0	0	2	3	0	1	
0	1	0	0	0	2	2	
0	2	0	3	1	2	2	
0	1	0	0	0	2	0	
0	1	0	0	0	1	0	
0	0	0	3	0	2	1	
0	2	0	2	0	2	1	
0	3	0	3	0	3	2	
0	1	0	3	0	2	0	
0	1	0	1	0	0	1	
0	1	0	3	0	1	0	
0	2	1	0	0	1	2	
0	2	0	0	0	2	2	
0	1	2	1	0	2	1	
1	0	0	3	0	1	1	
0	1	0	1	0	0	0	
0	0	0	1	0	1	2	
0	2	0	2	0	2	3	
0	2	0	2	0	3	2	
0	0	2	3	0	2	0	
0	2	0	3	2	2	2	
0	3	0	0	0	0	0	
0	0	0	2	0	1	0	
0	0	0	3	0	1	0	
0	2	1	2	0	2	3	
2	3	0	2	0	0	1	
0	2	0	3	0	3	3	
0	1	0	3	0	2	3	
0	2	0	2	0	2	2	
0	0	0	3	0	2	1	
0	1	0	0	0	3	1	
0	2	0	2	1	1	0	
0	3	0	0	0	1	1	
0	2	0	0	0	1	1	
3	1	0	3	0	1	1	
0	3	0	3	1	1	1	
0	0	2	0	0	2	1	
0	1	0	3	0	1	2	
0	2	3	1	0	3	3	
0	2	1	3	0	1	2	
0	1	0	1	0	3	3	
0	1	0	0	0	3	2	
--------------------

--------------------
Best Solution Found!
--------------------
Time: 0 hour(s), 0 minute(s), 0 second(s), 35 millisecond(s)

Fitness: 38360

0	0	0	1	0	2	0	
0	0	0	0	0	2	2	
0	0	0	0	0	1	1	
0	0	0	1	0	0	0	
0	2	0	3	0	1	3	
0	2	2	1	0	3	2	
0	0	0	1	1	2	2	
0	2	0	0	0	1	1	
0	1	0	3	0	0	1	
0	2	0	1	2	2	2	
3	2	0	3	0	2	2	
0	2	0	3	0	2	0	
0	1	0	1	0	1	0	
0	1	1	3	0	2	1	
0	2	0	3	0	2	1	
0	3	1	0	0	3	2	
0	2	0	3	0	2	0	
0	3	0	1	0	0	1	
0	1	3	2	0	1	0	
0	2	0	3	0	1	2	
0	2	1	0	0	2	2	
0	1	2	2	0	2	1	
1	1	0	3	0	1	1	
0	1	0	3	0	0	0	
0	3	0	3	2	1	2	
0	3	0	3	0	2	3	
0	2	0	0	0	3	2	
0	0	0	3	0	2	0	
0	0	0	0	0	2	2	
0	0	0	0	0	0	0	
0	0	0	2	0	1	0	
0	1	0	1	0	1	0	
0	1	0	3	1	2	3	
2	1	0	2	3	0	1	
0	0	0	0	0	3	3	
0	0	0	3	0	2	3	
0	1	0	2	0	2	2	
0	1	0	3	1	2	1	
1	0	2	2	0	3	1	
0	2	0	0	0	1	0	
0	3	0	2	0	1	1	
0	2	0	3	0	1	1	
0	1	0	1	0	1	1	
0	3	0	0	0	1	1	
0	3	3	0	1	2	1	
0	2	0	3	0	1	2	
0	2	0	0	0	3	3	
0	1	0	0	0	1	2	
0	1	0	2	0	3	3	
0	1	0	2	0	3	2	
--------------------

--------------------
Best Solution Found!
--------------------
Time: 0 hour(s), 0 minute(s), 0 second(s), 459 millisecond(s)

Fitness: 37359

0	3	0	3	0	2	1	
0	0	0	3	0	3	1	
0	0	3	0	0	0	1	
0	1	0	0	0	2	2	
0	3	0	2	0	1	0	
0	1	0	3	0	0	1	
0	2	0	3	0	1	2	
1	1	0	0	0	1	3	
0	3	0	2	1	3	2	
0	1	0	3	0	2	2	
0	2	1	2	0	1	1	
0	1	0	1	0	1	0	
0	1	0	1	0	3	2	
0	2	0	3	2	1	0	
0	0	0	1	0	2	2	
0	1	0	0	0	3	2	
0	2	0	3	0	2	1	
0	0	0	1	0	1	0	
1	1	0	1	0	2	1	
0	1	0	0	0	2	2	
2	2	0	2	0	2	1	
0	0	0	2	0	1	3	
0	1	0	0	0	3	0	
0	1	0	3	0	0	0	
0	1	0	2	0	1	0	
0	2	0	3	0	2	1	
0	2	0	2	1	1	3	
0	1	0	0	0	1	3	
0	0	0	2	1	2	1	
0	1	0	2	1	2	3	
0	0	0	0	0	0	0	
0	2	0	1	2	1	1	
0	3	3	0	3	2	3	
0	2	0	3	0	0	0	
0	0	0	1	0	1	0	
0	0	2	3	0	0	2	
0	1	0	0	0	3	1	
0	2	0	0	0	2	0	
0	0	0	1	0	1	0	
0	3	2	3	0	2	1	
0	3	0	0	0	2	2	
3	2	0	3	0	1	2	
0	2	0	3	0	3	2	
0	0	0	3	0	2	1	
0	0	0	3	0	2	2	
0	2	0	0	0	3	2	
0	2	0	0	0	1	1	
0	1	1	1	0	2	2	
0	3	2	3	0	1	1	
0	2	1	3	0	2	3	
--------------------

--------------------
Best Solution Found!
--------------------
Time: 0 hour(s), 0 minute(s), 0 second(s), 461 millisecond(s)

Fitness: 37359

0	3	0	3	0	2	1	
0	0	0	3	0	3	1	
0	0	3	0	0	0	1	
0	1	0	0	0	2	2	
0	3	0	2	0	1	0	
0	1	0	3	0	0	1	
0	2	0	3	0	1	2	
1	1	0	0	0	1	3	
0	3	0	2	1	3	2	
0	1	0	3	0	2	2	
0	2	1	2	0	1	1	
0	1	0	1	0	1	0	
0	1	0	1	0	3	2	
0	2	0	3	2	1	0	
0	0	0	1	0	2	2	
0	1	0	0	0	3	2	
0	2	0	3	0	2	1	
0	0	0	1	0	1	0	
1	1	0	1	0	2	1	
0	1	0	0	0	2	2	
2	2	0	2	0	2	1	
0	0	0	2	0	1	3	
0	1	0	0	0	3	0	
0	1	0	3	0	0	0	
0	1	0	2	0	1	0	
0	2	0	3	0	2	1	
0	2	0	2	1	1	3	
0	1	0	0	0	1	3	
0	0	0	2	1	2	1	
0	1	0	2	1	2	3	
0	0	0	0	0	0	0	
0	2	0	1	2	1	1	
0	3	3	0	3	2	3	
0	2	0	3	0	0	0	
0	0	0	1	0	1	0	
0	0	2	3	0	0	2	
0	1	0	0	0	3	1	
0	2	0	0	0	2	0	
0	0	0	1	0	1	0	
0	3	2	3	0	2	1	
0	3	0	0	0	2	2	
3	2	0	3	0	1	2	
0	2	0	3	0	3	2	
0	0	0	3	0	2	1	
0	0	0	3	0	2	2	
0	2	0	0	0	3	2	
0	2	0	0	0	1	1	
0	1	1	1	0	2	2	
0	3	2	3	0	1	1	
0	2	1	3	0	2	3	
--------------------

--------------------
Best Solution Found!
--------------------
Time: 0 hour(s), 0 minute(s), 3 second(s), 273 millisecond(s)

Fitness: 37354

0	1	0	1	0	1	1	
0	1	0	0	0	3	1	
0	1	0	1	0	2	1	
0	0	2	3	0	2	1	
0	1	0	3	0	3	1	
0	0	0	0	1	2	0	
0	1	0	1	0	0	2	
3	1	0	1	0	1	2	
0	2	0	3	0	2	2	
0	2	0	2	0	2	0	
0	1	0	0	1	3	3	
0	0	0	3	0	1	2	
0	2	0	2	0	3	0	
0	0	0	3	0	1	2	
0	0	0	0	0	0	1	
0	2	0	2	3	1	2	
0	1	0	1	0	2	0	
0	0	0	1	0	2	2	
0	3	0	0	0	2	0	
0	3	0	3	0	2	1	
0	0	0	0	0	1	2	
0	0	0	0	0	1	0	
0	1	2	3	0	2	3	
0	0	0	0	0	0	1	
0	2	0	0	0	1	0	
0	2	0	3	0	1	1	
0	1	3	1	0	3	3	
0	0	0	0	0	0	2	
0	2	0	2	0	3	1	
0	3	3	3	0	2	2	
0	1	0	3	2	2	2	
0	2	0	3	1	1	0	
0	2	0	2	1	2	1	
0	2	0	0	0	2	2	
0	3	1	2	0	2	3	
0	1	0	2	0	0	2	
0	0	0	3	0	1	0	
0	2	0	2	0	3	1	
0	3	0	3	0	1	2	
0	2	0	3	0	1	1	
1	1	0	3	0	1	1	
0	2	2	3	0	2	1	
2	2	1	3	0	1	2	
0	1	0	3	0	0	1	
0	3	0	1	2	2	3	
0	1	1	2	0	2	3	
0	1	0	0	0	2	0	
0	0	0	0	0	1	0	
0	2	0	0	0	3	0	
1	3	0	1	0	1	3	
--------------------

--------------------
Best Solution Found!
--------------------
Time: 0 hour(s), 0 minute(s), 3 second(s), 274 millisecond(s)

Fitness: 37354

0	1	0	1	0	1	1	
0	1	0	0	0	3	1	
0	1	0	1	0	2	1	
0	0	2	3	0	2	1	
0	1	0	3	0	3	1	
0	0	0	0	1	2	0	
0	1	0	1	0	0	2	
3	1	0	1	0	1	2	
0	2	0	3	0	2	2	
0	2	0	2	0	2	0	
0	1	0	0	1	3	3	
0	0	0	3	0	1	2	
0	2	0	2	0	3	0	
0	0	0	3	0	1	2	
0	0	0	0	0	0	1	
0	2	0	2	3	1	2	
0	1	0	1	0	2	0	
0	0	0	1	0	2	2	
0	3	0	0	0	2	0	
0	3	0	3	0	2	1	
0	0	0	0	0	1	2	
0	0	0	0	0	1	0	
0	1	2	3	0	2	3	
0	0	0	0	0	0	1	
0	2	0	0	0	1	0	
0	2	0	3	0	1	1	
0	1	3	1	0	3	3	
0	0	0	0	0	0	2	
0	2	0	2	0	3	1	
0	3	3	3	0	2	2	
0	1	0	3	2	2	2	
0	2	0	3	1	1	0	
0	2	0	2	1	2	1	
0	2	0	0	0	2	2	
0	3	1	2	0	2	3	
0	1	0	2	0	0	2	
0	0	0	3	0	1	0	
0	2	0	2	0	3	1	
0	3	0	3	0	1	2	
0	2	0	3	0	1	1	
1	1	0	3	0	1	1	
0	2	2	3	0	2	1	
2	2	1	3	0	1	2	
0	1	0	3	0	0	1	
0	3	0	1	2	2	3	
0	1	1	2	0	2	3	
0	1	0	0	0	2	0	
0	0	0	0	0	1	0	
0	2	0	0	0	3	0	
1	3	0	1	0	1	3	
--------------------

--------------------
Best Solution Found!
--------------------
Time: 0 hour(s), 0 minute(s), 3 second(s), 631 millisecond(s)

Fitness: 37347

1	3	0	0	0	3	1	
0	2	0	3	1	2	1	
0	0	0	0	0	1	0	
0	1	0	3	0	3	3	
0	2	0	3	0	1	0	
0	2	3	1	0	2	2	
0	2	0	0	0	1	1	
0	2	0	2	0	2	0	
0	0	0	0	0	3	1	
0	1	2	2	0	1	2	
0	3	0	0	0	1	3	
0	1	0	3	0	0	1	
0	1	0	0	0	2	2	
3	2	0	0	0	0	3	
0	3	0	2	0	3	0	
0	0	0	1	0	0	2	
0	0	0	3	0	2	1	
0	0	0	0	0	1	2	
0	1	0	2	2	1	2	
0	2	0	0	0	1	1	
0	1	0	3	1	0	3	
0	0	0	3	0	2	2	
0	2	0	1	1	2	1	
0	2	0	3	0	0	3	
0	2	0	3	0	2	1	
0	2	2	3	0	3	1	
0	0	0	2	0	2	2	
0	0	0	0	0	3	0	
0	1	0	3	0	2	3	
0	3	0	0	0	2	2	
0	3	1	3	0	1	1	
0	1	0	2	0	2	0	
0	1	1	0	0	1	0	
0	0	0	1	0	1	1	
0	0	0	1	0	2	2	
0	1	0	2	3	1	3	
0	1	0	0	0	1	2	
0	2	0	1	2	2	1	
0	2	0	3	0	1	2	
0	2	0	1	0	1	2	
2	1	0	3	0	3	2	
1	1	0	3	0	1	0	
0	0	3	2	0	0	0	
0	3	0	3	1	1	1	
0	2	0	0	0	2	2	
0	1	1	2	0	2	1	
0	0	0	1	0	2	0	
0	1	0	3	0	2	0	
0	1	0	1	0	2	0	
0	3	2	3	0	3	1	
--------------------

--------------------
Best Solution Found!
--------------------
Time: 0 hour(s), 0 minute(s), 9 second(s), 943 millisecond(s)

Fitness: 37333

3	2	0	3	0	1	2	
0	0	0	3	0	1	0	
0	3	0	3	0	1	1	
0	0	3	0	0	2	1	
0	1	0	1	0	3	2	
0	0	0	1	0	2	3	
0	1	0	3	1	2	1	
0	2	0	0	0	2	3	
0	2	2	3	0	1	2	
0	0	0	1	0	1	0	
0	1	3	3	0	1	2	
0	1	1	0	0	3	0	
0	0	0	1	1	2	2	
0	1	2	3	0	2	1	
0	1	0	0	0	2	2	
0	2	1	3	0	2	2	
0	0	0	2	0	1	0	
0	1	0	0	0	1	1	
0	3	0	0	0	3	2	
0	2	0	0	0	0	0	
0	3	0	3	0	1	0	
0	0	0	1	0	1	2	
0	2	0	0	2	1	1	
0	3	0	2	3	3	1	
0	2	0	1	0	0	1	
1	3	0	0	0	2	2	
0	2	0	3	0	2	1	
2	2	0	3	0	1	1	
0	0	0	3	0	1	1	
0	2	0	1	0	0	3	
0	2	0	2	0	2	3	
0	0	0	0	0	0	1	
0	2	0	3	2	3	3	
0	1	1	2	0	2	2	
0	1	0	3	0	1	1	
0	1	0	1	1	1	2	
0	0	0	0	0	2	0	
0	1	0	3	0	2	2	
0	0	0	2	0	2	3	
0	1	0	1	0	3	1	
0	3	0	2	0	2	3	
0	2	0	3	0	3	0	
0	1	2	2	0	3	1	
0	3	0	2	0	1	0	
0	2	0	3	1	1	1	
0	0	0	0	0	2	0	
0	2	0	3	0	0	2	
0	1	0	0	0	2	0	
1	1	0	2	0	0	0	
0	1	0	0	0	2	2	
--------------------

--------------------
Best Solution Found!
--------------------
Time: 0 hour(s), 0 minute(s), 27 second(s), 411 millisecond(s)

Fitness: 37332

0	3	0	1	0	0	1	
0	2	3	2	0	1	2	
0	3	0	0	0	2	0	
0	3	0	3	0	3	2	
0	0	0	3	0	3	1	
0	2	0	0	0	1	1	
0	3	0	0	0	2	0	
0	1	1	3	0	1	3	
1	3	0	1	0	3	3	
0	2	0	2	0	3	0	
0	1	0	3	0	2	1	
0	1	0	3	0	1	3	
0	2	0	0	0	1	0	
0	1	2	3	0	3	1	
0	0	2	0	0	1	2	
0	1	0	0	0	1	3	
0	0	0	0	0	1	2	
0	0	0	1	0	1	0	
0	1	0	1	2	2	0	
0	0	3	2	0	1	2	
0	1	2	2	0	1	1	
0	1	0	3	1	2	2	
3	2	0	3	0	1	0	
0	2	0	2	0	0	1	
0	1	0	2	0	2	2	
0	0	0	3	0	2	3	
0	1	0	3	0	1	1	
1	1	0	3	0	2	1	
0	3	0	3	0	1	1	
0	2	0	2	0	3	2	
0	2	0	0	0	2	0	
0	2	0	3	1	2	1	
0	0	0	1	0	0	1	
0	2	0	3	0	1	2	
0	2	0	3	0	0	1	
0	1	0	0	0	3	0	
0	1	0	2	1	1	2	
0	0	0	2	0	2	0	
0	0	0	0	0	2	1	
0	2	0	1	0	2	0	
0	1	0	0	0	2	3	
0	1	1	3	0	2	2	
0	2	0	3	3	1	2	
0	0	1	0	0	2	1	
0	0	0	3	0	2	3	
0	2	0	1	2	3	2	
0	2	0	1	0	2	2	
0	1	0	0	0	0	0	
0	0	0	0	1	0	2	
2	3	0	1	0	2	1	
--------------------

--------------------
Best Solution Found!
--------------------
Time: 0 hour(s), 0 minute(s), 43 second(s), 395 millisecond(s)

Fitness: 36346

0	2	2	3	0	2	1	
0	3	0	2	2	2	1	
0	1	0	3	0	3	0	
0	0	0	0	0	2	2	
0	2	0	1	0	2	1	
0	1	0	0	0	1	1	
3	1	0	0	0	2	2	
0	3	0	0	0	1	0	
0	3	0	0	0	0	2	
0	1	0	0	0	0	2	
0	2	0	3	0	2	2	
0	3	0	3	1	2	1	
0	1	1	1	0	3	1	
2	3	0	0	0	2	0	
0	1	0	0	0	2	2	
0	1	0	1	0	1	0	
0	1	2	3	0	3	3	
0	2	0	3	1	2	2	
0	1	0	3	0	3	1	
0	3	0	3	2	3	1	
0	1	0	3	0	1	1	
0	0	0	2	0	2	0	
0	0	0	1	0	1	0	
0	2	3	2	0	2	1	
0	2	0	3	0	1	2	
0	3	0	3	0	1	3	
0	2	0	2	3	2	2	
0	0	0	0	0	0	2	
0	1	0	1	0	2	0	
0	1	0	1	0	0	2	
0	2	0	0	0	1	1	
0	0	0	0	0	1	1	
0	2	2	3	0	1	0	
0	0	0	0	0	2	1	
0	1	0	0	0	0	3	
0	1	0	2	1	3	1	
0	2	0	3	0	2	0	
0	2	0	2	0	1	3	
1	0	0	1	0	2	1	
0	1	0	0	0	1	2	
0	2	1	3	0	3	1	
0	2	0	3	0	3	2	
0	0	0	3	0	1	3	
0	2	0	1	0	0	0	
0	0	0	2	0	1	0	
0	2	1	3	0	1	3	
0	0	0	1	0	2	0	
0	0	0	3	0	2	2	
0	1	0	2	1	1	2	
1	0	3	2	0	1	3	
--------------------

--------------------
Best Solution Found!
--------------------
Time: 0 hour(s), 3 minute(s), 2 second(s), 227 millisecond(s)

Fitness: 36337

0	1	0	0	0	2	0	
0	3	2	1	0	2	1	
0	0	0	3	0	2	1	
1	2	0	1	0	1	1	
0	3	0	0	0	2	2	
0	2	0	3	0	1	0	
0	3	2	3	0	2	2	
0	0	0	0	0	0	2	
0	1	0	2	0	2	0	
0	1	3	2	0	3	1	
0	2	0	3	0	1	2	
0	2	0	3	0	1	1	
0	2	0	0	0	3	3	
0	2	0	2	0	1	1	
0	1	1	0	1	1	1	
0	1	0	0	0	3	2	
0	3	0	0	0	1	2	
0	0	0	3	0	1	0	
0	2	0	2	2	2	1	
0	1	0	2	0	0	2	
3	1	0	3	0	3	1	
1	1	0	3	1	2	0	
0	0	0	3	0	1	3	
0	1	0	0	0	1	3	
0	1	0	0	0	2	0	
0	1	3	0	2	1	1	
0	0	0	3	0	1	2	
0	0	0	0	0	1	3	
0	2	0	0	0	0	3	
0	2	1	2	0	1	2	
0	2	0	3	3	2	1	
0	1	0	1	0	3	3	
0	2	2	1	0	1	1	
0	2	0	2	0	0	0	
0	0	0	1	0	2	0	
0	1	0	3	0	1	2	
0	3	0	0	0	2	2	
0	0	1	3	0	2	0	
0	1	0	1	0	2	0	
0	2	0	3	1	2	1	
0	1	0	3	0	0	2	
0	2	0	1	0	3	2	
2	3	0	3	0	2	3	
0	0	0	2	0	3	1	
0	1	0	0	0	2	1	
0	0	0	1	1	2	0	
0	0	0	1	0	2	0	
0	2	0	3	0	1	2	
0	3	0	3	0	3	1	
0	0	0	2	0	0	2	
--------------------

--------------------
Best Solution Found!
--------------------
Time: 0 hour(s), 3 minute(s), 18 second(s), 177 millisecond(s)

Fitness: 36323

0	0	0	1	0	2	1	
0	1	0	0	0	2	3	
3	1	0	1	0	2	3	
0	1	0	3	0	2	0	
0	0	0	3	0	1	3	
0	2	1	0	2	1	1	
0	1	2	3	0	1	2	
0	1	0	3	0	2	1	
1	1	0	3	0	3	1	
0	2	0	3	0	1	0	
0	2	0	1	1	2	2	
0	1	0	2	0	3	1	
0	2	0	2	0	3	0	
0	1	2	2	0	2	2	
0	2	1	1	0	2	1	
0	1	0	2	0	1	2	
0	2	0	0	0	1	3	
1	2	0	3	0	1	1	
0	3	0	0	0	3	2	
0	0	0	0	0	2	2	
0	0	0	2	0	1	0	
0	2	2	3	0	3	3	
0	0	0	1	0	0	1	
0	1	0	3	0	1	0	
0	0	0	3	2	3	2	
0	1	0	0	0	1	1	
0	2	0	1	1	2	0	
0	2	0	0	0	0	2	
0	1	0	3	0	2	1	
0	0	0	2	0	1	2	
0	3	0	0	0	2	1	
2	2	0	3	0	2	0	
0	3	0	0	0	3	0	
0	1	0	1	0	0	1	
0	2	0	3	3	2	1	
0	0	0	2	0	2	2	
0	0	0	0	0	1	3	
0	3	0	3	0	0	2	
0	0	0	1	0	0	0	
0	2	1	2	0	1	2	
0	1	0	3	1	2	1	
0	0	0	0	0	0	2	
0	0	3	0	0	2	2	
0	3	0	3	1	1	3	
0	1	3	3	0	2	2	
0	1	0	2	0	2	0	
0	3	0	3	0	1	1	
0	3	0	0	0	3	0	
0	2	0	1	0	1	1	
0	2	0	0	0	1	0	
--------------------

--------------------
Best Solution Found!
--------------------
Time: 0 hour(s), 3 minute(s), 18 second(s), 179 millisecond(s)

Fitness: 36323

0	0	0	1	0	2	1	
0	1	0	0	0	2	3	
3	1	0	1	0	2	3	
0	1	0	3	0	2	0	
0	0	0	3	0	1	3	
0	2	1	0	2	1	1	
0	1	2	3	0	1	2	
0	1	0	3	0	2	1	
1	1	0	3	0	3	1	
0	2	0	3	0	1	0	
0	2	0	1	1	2	2	
0	1	0	2	0	3	1	
0	2	0	2	0	3	0	
0	1	2	2	0	2	2	
0	2	1	1	0	2	1	
0	1	0	2	0	1	2	
0	2	0	0	0	1	3	
1	2	0	3	0	1	1	
0	3	0	0	0	3	2	
0	0	0	0	0	2	2	
0	0	0	2	0	1	0	
0	2	2	3	0	3	3	
0	0	0	1	0	0	1	
0	1	0	3	0	1	0	
0	0	0	3	2	3	2	
0	1	0	0	0	1	1	
0	2	0	1	1	2	0	
0	2	0	0	0	0	2	
0	1	0	3	0	2	1	
0	0	0	2	0	1	2	
0	3	0	0	0	2	1	
2	2	0	3	0	2	0	
0	3	0	0	0	3	0	
0	1	0	1	0	0	1	
0	2	0	3	3	2	1	
0	0	0	2	0	2	2	
0	0	0	0	0	1	3	
0	3	0	3	0	0	2	
0	0	0	1	0	0	0	
0	2	1	2	0	1	2	
0	1	0	3	1	2	1	
0	0	0	0	0	0	2	
0	0	3	0	0	2	2	
0	3	0	3	1	1	3	
0	1	3	3	0	2	2	
0	1	0	2	0	2	0	
0	3	0	3	0	1	1	
0	3	0	0	0	3	0	
0	2	0	1	0	1	1	
0	2	0	0	0	1	0	
--------------------

--------------------
Best Solution Found!
--------------------
Time: 0 hour(s), 8 minute(s), 4 second(s), 858 millisecond(s)

Fitness: 35361

0	1	0	3	1	3	3	
1	1	0	0	0	2	1	
0	2	0	3	0	1	2	
2	1	0	3	0	2	1	
0	1	0	1	0	2	3	
0	2	0	3	0	1	0	
0	1	0	1	0	2	1	
0	1	0	0	0	0	2	
0	0	0	0	0	2	1	
0	2	0	0	0	2	2	
0	1	0	3	1	1	3	
3	2	0	3	0	2	1	
0	1	0	3	0	1	0	
0	2	0	2	0	1	2	
0	3	0	0	0	1	1	
0	3	0	2	2	2	2	
0	3	3	1	0	1	2	
0	0	0	1	0	2	1	
0	0	1	0	0	2	0	
0	2	0	1	2	2	2	
0	3	0	0	0	0	1	
0	0	0	0	0	2	0	
0	0	0	0	0	0	1	
0	0	0	3	0	1	0	
0	0	0	2	0	2	1	
0	0	0	3	0	3	0	
0	2	2	2	0	3	3	
0	2	0	3	0	0	0	
0	0	0	3	0	3	0	
0	1	0	3	0	1	0	
0	0	0	0	0	2	2	
0	2	0	1	0	1	3	
0	2	2	0	0	1	2	
1	2	0	2	0	2	2	
0	2	2	2	0	3	1	
0	1	0	3	1	1	1	
0	1	0	2	0	2	1	
0	3	0	3	0	1	0	
0	3	0	2	1	1	2	
0	2	0	3	0	1	3	
0	0	0	0	0	2	2	
0	0	0	1	0	3	1	
0	1	3	1	0	3	2	
0	1	1	3	0	1	1	
0	1	0	0	0	1	0	
0	2	0	3	0	2	0	
0	2	0	0	0	0	2	
0	1	1	2	3	0	2	
0	1	0	3	0	3	3	
0	3	0	1	0	2	1	
--------------------

--------------------
Best Solution Found!
--------------------
Time: 0 hour(s), 8 minute(s), 4 second(s), 861 millisecond(s)

Fitness: 35361

0	1	0	3	1	3	3	
1	1	0	0	0	2	1	
0	2	0	3	0	1	2	
2	1	0	3	0	2	1	
0	1	0	1	0	2	3	
0	2	0	3	0	1	0	
0	1	0	1	0	2	1	
0	1	0	0	0	0	2	
0	0	0	0	0	2	1	
0	2	0	0	0	2	2	
0	1	0	3	1	1	3	
3	2	0	3	0	2	1	
0	1	0	3	0	1	0	
0	2	0	2	0	1	2	
0	3	0	0	0	1	1	
0	3	0	2	2	2	2	
0	3	3	1	0	1	2	
0	0	0	1	0	2	1	
0	0	1	0	0	2	0	
0	2	0	1	2	2	2	
0	3	0	0	0	0	1	
0	0	0	0	0	2	0	
0	0	0	0	0	0	1	
0	0	0	3	0	1	0	
0	0	0	2	0	2	1	
0	0	0	3	0	3	0	
0	2	2	2	0	3	3	
0	2	0	3	0	0	0	
0	0	0	3	0	3	0	
0	1	0	3	0	1	0	
0	0	0	0	0	2	2	
0	2	0	1	0	1	3	
0	2	2	0	0	1	2	
1	2	0	2	0	2	2	
0	2	2	2	0	3	1	
0	1	0	3	1	1	1	
0	1	0	2	0	2	1	
0	3	0	3	0	1	0	
0	3	0	2	1	1	2	
0	2	0	3	0	1	3	
0	0	0	0	0	2	2	
0	0	0	1	0	3	1	
0	1	3	1	0	3	2	
0	1	1	3	0	1	1	
0	1	0	0	0	1	0	
0	2	0	3	0	2	0	
0	2	0	0	0	0	2	
0	1	1	2	3	0	2	
0	1	0	3	0	3	3	
0	3	0	1	0	2	1	
--------------------

--------------------
Best Solution Found!
--------------------
Time: 0 hour(s), 9 minute(s), 19 second(s), 254 millisecond(s)

Fitness: 35342

0	2	0	0	0	1	1	
0	1	0	3	0	1	3	
3	2	0	3	0	2	3	
2	3	0	3	0	2	1	
0	1	2	1	0	3	1	
0	0	0	2	0	0	1	
0	0	0	2	0	2	1	
0	1	0	3	0	2	1	
0	2	0	3	0	0	0	
0	1	0	3	2	2	2	
0	3	0	3	0	1	1	
0	2	0	0	0	1	1	
0	1	0	3	0	1	0	
0	0	0	0	0	2	0	
0	3	0	0	0	1	2	
0	1	0	0	0	0	2	
0	0	3	0	0	2	2	
0	0	0	2	0	2	0	
1	0	3	2	0	1	1	
0	2	0	3	0	1	2	
0	3	2	3	0	3	2	
0	1	0	1	0	2	3	
0	1	0	1	3	2	1	
1	0	0	0	0	3	0	
0	1	0	0	0	1	0	
0	0	1	1	1	2	1	
0	0	0	0	0	2	0	
0	1	0	2	1	2	1	
0	2	0	3	1	1	3	
0	2	0	3	0	0	0	
0	3	0	0	0	0	0	
0	0	0	0	0	0	0	
0	1	0	2	0	2	0	
0	3	0	1	0	2	2	
0	1	0	1	0	1	2	
0	1	1	3	0	2	2	
0	0	0	3	0	3	0	
0	1	2	2	0	1	2	
0	0	0	1	0	2	1	
0	2	0	2	0	3	2	
0	2	0	0	0	2	3	
0	1	0	1	0	1	1	
0	2	1	3	0	2	2	
0	2	0	0	0	3	1	
0	2	0	3	0	3	2	
0	2	0	1	0	3	2	
0	2	0	3	0	1	2	
0	1	0	2	1	1	3	
0	2	0	0	0	1	3	
0	3	0	3	2	1	1	
--------------------

--------------------
Best Solution Found!
--------------------
Time: 0 hour(s), 9 minute(s), 19 second(s), 256 millisecond(s)

Fitness: 35342

0	2	0	0	0	1	1	
0	1	0	3	0	1	3	
3	2	0	3	0	2	3	
2	3	0	3	0	2	1	
0	1	2	1	0	3	1	
0	0	0	2	0	0	1	
0	0	0	2	0	2	1	
0	1	0	3	0	2	1	
0	2	0	3	0	0	0	
0	1	0	3	2	2	2	
0	3	0	3	0	1	1	
0	2	0	0	0	1	1	
0	1	0	3	0	1	0	
0	0	0	0	0	2	0	
0	3	0	0	0	1	2	
0	1	0	0	0	0	2	
0	0	3	0	0	2	2	
0	0	0	2	0	2	0	
1	0	3	2	0	1	1	
0	2	0	3	0	1	2	
0	3	2	3	0	3	2	
0	1	0	1	0	2	3	
0	1	0	1	3	2	1	
1	0	0	0	0	3	0	
0	1	0	0	0	1	0	
0	0	1	1	1	2	1	
0	0	0	0	0	2	0	
0	1	0	2	1	2	1	
0	2	0	3	1	1	3	
0	2	0	3	0	0	0	
0	3	0	0	0	0	0	
0	0	0	0	0	0	0	
0	1	0	2	0	2	0	
0	3	0	1	0	2	2	
0	1	0	1	0	1	2	
0	1	1	3	0	2	2	
0	0	0	3	0	3	0	
0	1	2	2	0	1	2	
0	0	0	1	0	2	1	
0	2	0	2	0	3	2	
0	2	0	0	0	2	3	
0	1	0	1	0	1	1	
0	2	1	3	0	2	2	
0	2	0	0	0	3	1	
0	2	0	3	0	3	2	
0	2	0	1	0	3	2	
0	2	0	3	0	1	2	
0	1	0	2	1	1	3	
0	2	0	0	0	1	3	
0	3	0	3	2	1	1	
--------------------

--------------------
Best Solution Found!
--------------------
Time: 0 hour(s), 9 minute(s), 19 second(s), 258 millisecond(s)

Fitness: 35342

0	2	0	0	0	1	1	
0	1	0	3	0	1	3	
3	2	0	3	0	2	3	
2	3	0	3	0	2	1	
0	1	2	1	0	3	1	
0	0	0	2	0	0	1	
0	0	0	2	0	2	1	
0	1	0	3	0	2	1	
0	2	0	3	0	0	0	
0	1	0	3	2	2	2	
0	3	0	3	0	1	1	
0	2	0	0	0	1	1	
0	1	0	3	0	1	0	
0	0	0	0	0	2	0	
0	3	0	0	0	1	2	
0	1	0	0	0	0	2	
0	0	3	0	0	2	2	
0	0	0	2	0	2	0	
1	0	3	2	0	1	1	
0	2	0	3	0	1	2	
0	3	2	3	0	3	2	
0	1	0	1	0	2	3	
0	1	0	1	3	2	1	
1	0	0	0	0	3	0	
0	1	0	0	0	1	0	
0	0	1	1	1	2	1	
0	0	0	0	0	2	0	
0	1	0	2	1	2	1	
0	2	0	3	1	1	3	
0	2	0	3	0	0	0	
0	3	0	0	0	0	0	
0	0	0	0	0	0	0	
0	1	0	2	0	2	0	
0	3	0	1	0	2	2	
0	1	0	1	0	1	2	
0	1	1	3	0	2	2	
0	0	0	3	0	3	0	
0	1	2	2	0	1	2	
0	0	0	1	0	2	1	
0	2	0	2	0	3	2	
0	2	0	0	0	2	3	
0	1	0	1	0	1	1	
0	2	1	3	0	2	2	
0	2	0	0	0	3	1	
0	2	0	3	0	3	2	
0	2	0	1	0	3	2	
0	2	0	3	0	1	2	
0	1	0	2	1	1	3	
0	2	0	0	0	1	3	
0	3	0	3	2	1	1	
--------------------


The best solution was found at the restart: 29, population: 0
Total Time Elapsed: 0 hour(s), 14 minute(s), 59 second(s), 927 millisecond(s)

