--------------------
Best Solution Found!
--------------------
Time: 0 hour(s), 0 minute(s), 0 second(s), 13 millisecond(s)

Fitness: 324080

0	2	1	0	2	1	0	3	0	2	2	0	0	0	2	1	1	2	0	3	2	1	0	2	0	2	2	1	
0	2	0	0	2	1	0	2	0	1	2	0	0	0	0	0	1	1	0	0	2	1	0	1	0	0	0	2	
0	2	1	3	2	1	0	2	0	2	2	0	0	2	0	0	1	2	0	0	2	1	0	0	1	0	0	2	
0	2	1	0	2	1	0	2	0	0	3	0	1	0	0	0	0	2	0	0	2	1	0	2	0	0	2	2	
0	1	1	0	2	1	0	0	0	0	2	0	3	0	0	0	2	2	0	0	2	0	0	0	0	2	1	2	
1	2	1	0	2	1	0	0	0	0	3	0	0	1	0	0	1	2	1	0	2	1	0	1	0	2	1	1	
0	2	1	0	2	1	0	2	0	0	2	0	0	0	2	0	2	2	0	0	3	3	0	1	0	0	1	2	
0	2	1	0	2	3	0	2	0	0	2	0	0	0	3	2	2	2	0	0	2	1	0	0	0	0	1	0	
1	2	1	0	2	3	0	0	0	0	2	0	3	0	0	2	0	2	0	0	2	1	0	0	0	2	1	2	
0	0	1	0	0	1	1	2	0	0	2	0	0	2	0	0	1	2	0	0	2	1	0	2	0	0	1	2	
1	2	1	3	2	1	1	0	0	0	2	0	3	0	0	0	1	2	0	0	0	1	0	0	0	0	1	0	
0	2	1	0	2	1	0	0	0	0	2	0	0	0	0	0	1	2	2	0	0	0	0	1	0	0	0	2	
0	1	1	0	2	1	0	2	0	0	2	2	0	0	0	0	1	2	0	0	0	0	3	0	0	0	2	2	
0	0	1	0	2	1	0	2	1	0	2	0	0	0	0	0	2	1	1	0	2	1	0	2	0	0	0	1	
0	2	1	0	3	1	1	2	0	0	2	2	0	0	2	0	1	0	0	0	2	0	0	2	1	0	1	2	
0	2	1	0	0	2	0	2	0	0	2	0	0	0	0	0	1	2	0	0	2	1	1	2	1	0	1	2	
0	2	1	0	2	1	0	0	2	0	2	0	0	2	2	0	1	1	0	0	0	0	0	2	0	3	1	1	
0	1	1	0	2	1	0	3	0	0	2	0	0	0	2	0	1	2	0	0	2	1	0	2	0	0	2	2	
0	1	0	0	2	1	2	2	1	0	2	0	3	0	0	2	1	2	0	3	2	1	0	0	1	0	1	2	
1	1	2	0	2	1	0	2	0	2	2	0	0	0	2	0	2	2	0	0	0	1	0	2	0	0	1	1	
0	2	1	1	2	3	0	2	0	0	3	0	1	1	0	2	1	2	0	0	3	3	0	1	0	0	1	2	
3	2	1	0	2	0	0	3	1	0	2	0	0	0	0	0	2	2	0	3	1	1	0	0	0	0	1	2	
0	2	0	0	2	0	0	2	0	0	2	0	0	0	2	0	1	2	0	0	2	3	0	2	0	0	1	1	
0	1	2	0	2	1	2	2	0	2	2	0	0	0	2	0	1	1	0	0	2	1	0	2	0	0	0	2	
0	0	1	0	2	2	0	0	1	0	2	0	0	1	0	0	1	2	0	0	2	1	3	2	0	0	1	2	
0	2	1	0	2	1	1	2	0	2	2	0	0	0	0	0	1	1	0	0	2	2	0	2	1	2	0	2	
0	2	1	3	3	1	0	2	1	2	3	0	0	0	0	0	2	1	2	0	1	2	0	2	0	0	1	1	
0	0	1	0	3	1	0	2	0	0	2	0	0	0	0	0	0	2	0	0	2	1	1	2	0	0	1	1	
0	2	2	0	3	1	0	2	0	0	3	0	0	0	0	0	1	2	0	0	0	1	0	1	0	0	1	2	
0	2	1	0	0	2	0	2	2	0	3	0	0	2	0	2	1	2	0	0	2	1	0	1	0	0	1	2	
0	2	1	0	2	3	0	2	0	0	2	0	3	0	1	0	1	2	0	3	1	0	0	1	1	0	1	2	
0	0	1	0	2	1	1	3	0	0	2	0	0	2	0	0	1	1	0	0	2	2	0	2	0	0	1	2	
1	1	1	0	2	1	0	3	1	0	2	0	0	2	0	0	2	2	0	0	2	2	1	2	0	0	1	2	
0	2	1	0	3	0	0	2	1	2	2	0	0	2	0	0	1	2	0	3	2	1	0	1	0	0	1	2	
0	2	2	3	3	1	1	3	1	0	2	0	0	2	0	0	1	2	0	0	2	1	3	2	0	0	0	0	
0	2	2	0	2	0	0	2	0	0	2	0	0	2	0	0	1	2	0	0	3	1	0	2	0	0	2	2	
0	1	1	0	1	1	1	0	0	2	3	0	0	0	0	0	2	2	0	0	0	1	1	2	0	0	1	2	
0	1	1	0	2	1	0	0	0	0	2	0	0	0	0	0	1	2	2	0	0	1	1	2	2	0	0	2	
0	2	1	0	2	1	0	2	0	0	2	0	0	0	0	0	1	2	0	1	2	0	0	2	0	0	1	2	
0	2	1	0	2	1	0	2	0	0	1	0	0	2	0	0	1	1	1	0	2	1	1	2	0	0	2	2	
0	2	1	0	3	1	0	2	1	1	3	0	0	0	0	0	1	2	2	0	2	2	0	2	0	0	1	0	
0	2	0	0	2	1	0	3	0	0	2	0	0	0	2	0	1	1	0	1	0	1	0	0	0	0	1	2	
0	2	2	3	2	1	0	3	0	0	2	0	0	0	2	0	1	2	0	0	1	1	0	2	0	2	2	2	
0	2	1	0	2	0	1	2	0	0	2	0	3	0	2	0	1	2	0	0	2	1	0	2	0	0	1	1	
0	2	0	3	2	0	0	2	1	2	2	3	0	2	0	0	1	1	0	0	2	1	1	2	0	0	2	2	
3	0	1	0	0	0	0	2	0	0	2	0	0	0	0	0	1	2	0	3	2	1	0	0	0	0	1	2	
1	2	0	0	2	3	2	2	0	2	1	0	0	0	0	0	1	2	0	0	2	1	1	0	0	2	1	2	
0	2	1	0	2	1	0	2	0	0	2	0	0	0	0	2	1	2	0	0	2	1	0	2	0	0	1	2	
0	2	1	0	2	1	0	2	2	0	2	0	0	0	0	2	1	2	0	0	2	1	0	2	0	2	1	2	
1	2	2	0	2	0	0	0	1	0	3	0	0	0	0	0	1	1	0	0	2	1	1	2	0	0	1	2	
0	2	2	0	3	0	0	2	0	0	2	0	0	0	0	0	2	2	0	0	0	1	0	1	0	0	1	2	
0	1	2	1	2	1	0	2	0	0	2	0	0	0	0	0	0	2	2	0	3	3	1	2	0	2	2	2	
0	2	0	0	2	1	0	3	0	0	2	0	0	0	3	0	1	2	0	0	0	1	0	2	0	3	1	1	
0	2	0	0	1	1	0	3	0	0	2	0	0	0	0	0	1	2	0	3	2	1	0	0	0	0	1	2	
0	0	1	0	0	0	1	2	0	0	3	0	0	0	0	0	2	2	0	0	0	3	0	2	0	2	1	1	
0	0	1	0	2	1	1	2	0	1	2	0	3	0	0	0	1	2	0	0	2	1	0	0	0	0	0	2	
1	0	2	0	0	0	0	0	0	0	2	0	0	0	2	0	1	1	0	0	3	1	0	2	0	0	1	2	
0	2	2	0	1	1	0	0	0	0	2	0	0	0	0	0	1	2	0	0	2	1	0	2	0	0	1	2	
0	0	1	3	2	3	0	2	0	0	2	0	0	0	0	0	1	2	0	0	2	0	0	2	0	0	2	0	
0	2	1	3	2	3	1	2	0	0	2	0	0	0	0	1	1	2	0	0	3	2	0	2	0	0	0	2	
--------------------

--------------------
Best Solution Found!
--------------------
Time: 0 hour(s), 0 minute(s), 0 second(s), 25 millisecond(s)

Fitness: 317076

0	2	0	0	0	1	0	2	0	0	2	0	0	0	2	0	1	2	0	0	2	1	0	1	0	0	1	2	
0	1	1	0	2	1	0	2	1	0	2	0	0	0	0	0	1	1	0	0	0	1	0	0	0	0	1	2	
0	0	1	1	2	1	0	2	0	2	2	0	0	0	0	0	2	1	0	0	3	1	0	2	0	0	1	1	
0	2	2	0	0	1	0	3	2	0	2	0	0	0	1	0	1	2	0	0	2	1	3	0	0	0	1	1	
0	2	0	0	2	1	0	0	0	0	2	0	0	0	0	0	1	2	0	0	3	1	1	2	1	0	2	2	
0	0	1	0	1	0	0	3	1	0	3	0	0	0	3	0	1	0	0	0	2	0	0	2	0	0	2	2	
1	1	2	0	2	0	0	3	0	0	2	0	0	2	0	0	2	2	0	0	0	1	0	2	0	0	0	2	
1	2	1	0	2	1	0	3	1	2	2	0	0	0	0	0	1	2	0	0	2	3	0	2	0	0	1	2	
0	0	2	0	2	3	0	2	1	0	3	0	0	0	0	0	0	2	0	3	2	1	0	1	1	0	1	2	
0	2	1	3	2	1	0	2	0	2	1	0	3	2	2	0	2	1	0	0	3	1	0	1	0	2	0	2	
1	2	1	0	3	1	0	0	0	0	3	0	0	0	0	0	1	2	0	1	1	1	1	2	0	2	1	2	
3	2	1	0	2	1	0	2	1	0	2	0	0	0	2	0	1	2	0	0	2	2	0	0	0	0	1	2	
0	1	2	0	1	1	1	2	0	1	2	0	0	0	0	0	1	2	0	0	2	0	0	2	0	0	1	1	
0	2	0	0	2	0	0	2	0	0	2	0	0	0	0	2	1	2	0	0	2	1	0	2	0	0	1	1	
0	2	1	0	3	0	2	3	1	0	2	0	0	0	0	0	1	2	0	3	1	0	0	2	0	0	1	2	
0	1	0	0	2	1	0	2	0	2	1	0	0	2	0	0	1	2	0	0	2	3	0	2	0	0	1	2	
0	0	2	0	2	1	1	0	0	0	3	0	0	0	0	0	1	1	2	0	3	2	0	2	0	3	1	2	
0	2	1	0	2	1	0	2	0	0	2	0	0	0	2	0	1	1	0	0	2	1	0	2	1	0	1	2	
0	1	2	0	2	1	0	2	0	0	2	0	3	0	0	0	1	2	0	0	2	1	0	2	2	0	1	2	
0	2	0	0	2	1	0	2	1	0	2	0	0	0	0	2	1	2	0	0	0	0	0	1	0	0	0	2	
0	2	1	0	3	1	0	2	0	0	2	2	0	0	0	0	1	2	0	0	2	1	0	2	0	0	0	0	
0	1	1	0	2	1	0	0	2	0	3	0	0	0	0	0	0	2	0	0	2	1	0	2	0	0	2	0	
0	2	1	0	2	1	0	0	0	2	2	0	0	0	0	0	1	1	0	0	2	1	0	2	0	0	2	2	
0	0	1	0	3	3	0	3	0	0	2	2	3	0	0	0	2	2	0	0	1	2	0	2	0	0	1	1	
0	2	1	0	2	2	1	2	0	0	2	0	0	0	2	0	2	2	2	0	2	1	0	0	0	0	1	2	
0	0	0	0	2	3	0	0	0	0	2	0	0	2	3	0	1	2	1	0	2	1	1	1	0	0	1	2	
0	2	1	0	2	1	0	0	0	0	2	0	0	0	0	0	1	2	0	0	0	0	3	2	1	0	1	2	
0	2	1	3	2	1	0	2	0	2	2	0	0	2	0	0	1	2	0	0	2	1	0	0	0	0	2	2	
0	2	1	0	2	0	1	2	1	0	2	0	0	0	0	0	1	2	0	0	2	1	3	0	0	0	1	2	
0	2	1	0	2	1	0	2	0	0	2	0	3	0	0	0	1	1	0	0	0	1	1	2	0	0	1	2	
0	2	1	0	2	1	0	2	0	2	2	0	0	0	0	2	1	2	2	0	2	1	0	2	0	0	0	2	
0	0	2	1	2	2	0	2	0	0	2	0	0	2	0	1	2	2	0	3	2	1	0	2	0	0	0	2	
0	2	1	0	3	3	0	0	0	0	2	0	0	0	0	0	1	2	0	0	0	3	0	2	1	0	1	1	
3	1	1	0	2	1	0	2	0	0	2	0	0	2	0	2	1	2	0	0	2	3	0	2	1	0	1	0	
0	2	1	3	1	1	0	2	0	0	3	0	3	0	2	0	0	2	0	0	2	1	0	2	0	2	0	1	
1	2	1	3	3	1	0	2	1	0	2	0	0	0	0	0	1	2	2	0	0	2	0	0	0	0	2	2	
1	1	1	0	2	1	0	0	0	0	2	0	0	0	0	0	2	2	0	0	1	1	0	2	0	2	1	2	
0	2	1	0	2	3	0	2	0	1	2	0	0	2	0	0	1	2	0	0	2	1	0	2	0	2	1	1	
0	1	1	0	0	0	0	2	0	0	3	0	0	0	2	0	1	2	0	0	2	1	0	2	0	0	1	2	
0	2	2	0	2	0	1	3	0	0	2	0	0	0	0	0	1	2	0	0	0	2	0	1	0	0	2	2	
0	2	0	0	2	1	0	2	0	0	2	0	0	0	0	0	2	2	0	0	3	1	1	2	0	0	1	1	
0	2	1	0	2	0	1	2	0	2	2	0	0	1	0	0	1	2	1	0	2	1	0	2	0	0	1	2	
0	2	2	0	2	0	0	2	0	0	2	0	0	0	0	0	1	2	0	0	2	0	0	2	0	0	1	2	
0	2	1	3	2	1	0	0	1	0	2	0	0	1	2	2	1	1	0	0	2	1	0	0	0	0	2	2	
0	0	1	3	2	1	1	2	0	2	3	3	0	0	0	0	2	2	0	0	3	1	0	0	0	0	1	0	
0	0	1	3	2	2	2	2	0	0	2	0	1	0	0	0	1	2	0	0	2	1	0	2	0	0	2	2	
0	2	1	0	0	1	0	0	0	0	2	0	0	0	0	0	2	1	0	0	0	0	0	0	0	0	1	2	
0	0	1	0	0	1	0	0	0	0	2	0	0	0	0	0	1	1	0	0	2	1	0	2	0	2	1	2	
0	2	1	0	2	1	1	3	0	2	2	0	0	0	0	0	1	2	1	3	2	1	0	0	0	2	2	2	
0	2	1	0	0	0	1	2	0	0	3	0	3	0	0	0	1	2	0	3	0	1	0	0	0	2	1	2	
0	2	2	0	3	1	0	2	0	0	2	0	0	0	0	0	1	2	0	0	2	1	1	2	0	0	1	1	
0	2	1	0	2	1	0	3	0	0	2	0	0	0	0	0	1	2	0	0	0	2	0	0	0	2	1	2	
0	2	1	3	2	1	2	2	0	0	2	0	0	0	2	0	1	2	0	0	2	1	1	2	0	0	0	2	
0	1	1	0	2	3	1	2	1	0	2	0	0	0	2	2	1	1	0	0	2	0	1	1	0	3	0	2	
1	2	1	0	2	1	0	2	0	0	3	0	0	0	2	2	1	2	2	0	2	3	0	2	0	0	1	1	
1	2	1	0	3	0	1	2	0	0	2	0	0	0	0	1	1	2	0	0	2	1	1	2	0	0	1	2	
0	2	1	0	2	1	0	2	0	0	2	0	0	1	0	0	1	2	0	3	0	1	0	1	0	0	1	2	
0	2	2	0	2	1	0	3	0	1	2	0	3	2	0	0	0	2	0	3	2	1	0	1	0	2	1	0	
1	2	0	0	2	1	0	2	0	0	2	0	1	2	0	0	2	2	0	0	2	1	0	1	0	0	0	2	
0	2	1	0	2	3	0	2	2	0	2	0	0	2	2	0	1	1	0	1	2	1	1	2	0	0	1	2	
--------------------

--------------------
Best Solution Found!
--------------------
Time: 0 hour(s), 0 minute(s), 0 second(s), 30 millisecond(s)

Fitness: 317076

0	2	0	0	0	1	0	2	0	0	2	0	0	0	2	0	1	2	0	0	2	1	0	1	0	0	1	2	
0	1	1	0	2	1	0	2	1	0	2	0	0	0	0	0	1	1	0	0	0	1	0	0	0	0	1	2	
0	0	1	1	2	1	0	2	0	2	2	0	0	0	0	0	2	1	0	0	3	1	0	2	0	0	1	1	
0	2	2	0	0	1	0	3	2	0	2	0	0	0	1	0	1	2	0	0	2	1	3	0	0	0	1	1	
0	2	0	0	2	1	0	0	0	0	2	0	0	0	0	0	1	2	0	0	3	1	1	2	1	0	2	2	
0	0	1	0	1	0	0	3	1	0	3	0	0	0	3	0	1	0	0	0	2	0	0	2	0	0	2	2	
1	1	2	0	2	0	0	3	0	0	2	0	0	2	0	0	2	2	0	0	0	1	0	2	0	0	0	2	
1	2	1	0	2	1	0	3	1	2	2	0	0	0	0	0	1	2	0	0	2	3	0	2	0	0	1	2	
0	0	2	0	2	3	0	2	1	0	3	0	0	0	0	0	0	2	0	3	2	1	0	1	1	0	1	2	
0	2	1	3	2	1	0	2	0	2	1	0	3	2	2	0	2	1	0	0	3	1	0	1	0	2	0	2	
1	2	1	0	3	1	0	0	0	0	3	0	0	0	0	0	1	2	0	1	1	1	1	2	0	2	1	2	
3	2	1	0	2	1	0	2	1	0	2	0	0	0	2	0	1	2	0	0	2	2	0	0	0	0	1	2	
0	1	2	0	1	1	1	2	0	1	2	0	0	0	0	0	1	2	0	0	2	0	0	2	0	0	1	1	
0	2	0	0	2	0	0	2	0	0	2	0	0	0	0	2	1	2	0	0	2	1	0	2	0	0	1	1	
0	2	1	0	3	0	2	3	1	0	2	0	0	0	0	0	1	2	0	3	1	0	0	2	0	0	1	2	
0	1	0	0	2	1	0	2	0	2	1	0	0	2	0	0	1	2	0	0	2	3	0	2	0	0	1	2	
0	0	2	0	2	1	1	0	0	0	3	0	0	0	0	0	1	1	2	0	3	2	0	2	0	3	1	2	
0	2	1	0	2	1	0	2	0	0	2	0	0	0	2	0	1	1	0	0	2	1	0	2	1	0	1	2	
0	1	2	0	2	1	0	2	0	0	2	0	3	0	0	0	1	2	0	0	2	1	0	2	2	0	1	2	
0	2	0	0	2	1	0	2	1	0	2	0	0	0	0	2	1	2	0	0	0	0	0	1	0	0	0	2	
0	2	1	0	3	1	0	2	0	0	2	2	0	0	0	0	1	2	0	0	2	1	0	2	0	0	0	0	
0	1	1	0	2	1	0	0	2	0	3	0	0	0	0	0	0	2	0	0	2	1	0	2	0	0	2	0	
0	2	1	0	2	1	0	0	0	2	2	0	0	0	0	0	1	1	0	0	2	1	0	2	0	0	2	2	
0	0	1	0	3	3	0	3	0	0	2	2	3	0	0	0	2	2	0	0	1	2	0	2	0	0	1	1	
0	2	1	0	2	2	1	2	0	0	2	0	0	0	2	0	2	2	2	0	2	1	0	0	0	0	1	2	
0	0	0	0	2	3	0	0	0	0	2	0	0	2	3	0	1	2	1	0	2	1	1	1	0	0	1	2	
0	2	1	0	2	1	0	0	0	0	2	0	0	0	0	0	1	2	0	0	0	0	3	2	1	0	1	2	
0	2	1	3	2	1	0	2	0	2	2	0	0	2	0	0	1	2	0	0	2	1	0	0	0	0	2	2	
0	2	1	0	2	0	1	2	1	0	2	0	0	0	0	0	1	2	0	0	2	1	3	0	0	0	1	2	
0	2	1	0	2	1	0	2	0	0	2	0	3	0	0	0	1	1	0	0	0	1	1	2	0	0	1	2	
0	2	1	0	2	1	0	2	0	2	2	0	0	0	0	2	1	2	2	0	2	1	0	2	0	0	0	2	
0	0	2	1	2	2	0	2	0	0	2	0	0	2	0	1	2	2	0	3	2	1	0	2	0	0	0	2	
0	2	1	0	3	3	0	0	0	0	2	0	0	0	0	0	1	2	0	0	0	3	0	2	1	0	1	1	
3	1	1	0	2	1	0	2	0	0	2	0	0	2	0	2	1	2	0	0	2	3	0	2	1	0	1	0	
0	2	1	3	1	1	0	2	0	0	3	0	3	0	2	0	0	2	0	0	2	1	0	2	0	2	0	1	
1	2	1	3	3	1	0	2	1	0	2	0	0	0	0	0	1	2	2	0	0	2	0	0	0	0	2	2	
1	1	1	0	2	1	0	0	0	0	2	0	0	0	0	0	2	2	0	0	1	1	0	2	0	2	1	2	
0	2	1	0	2	3	0	2	0	1	2	0	0	2	0	0	1	2	0	0	2	1	0	2	0	2	1	1	
0	1	1	0	0	0	0	2	0	0	3	0	0	0	2	0	1	2	0	0	2	1	0	2	0	0	1	2	
0	2	2	0	2	0	1	3	0	0	2	0	0	0	0	0	1	2	0	0	0	2	0	1	0	0	2	2	
0	2	0	0	2	1	0	2	0	0	2	0	0	0	0	0	2	2	0	0	3	1	1	2	0	0	1	1	
0	2	1	0	2	0	1	2	0	2	2	0	0	1	0	0	1	2	1	0	2	1	0	2	0	0	1	2	
0	2	2	0	2	0	0	2	0	0	2	0	0	0	0	0	1	2	0	0	2	0	0	2	0	0	1	2	
0	2	1	3	2	1	0	0	1	0	2	0	0	1	2	2	1	1	0	0	2	1	0	0	0	0	2	2	
0	0	1	3	2	1	1	2	0	2	3	3	0	0	0	0	2	2	0	0	3	1	0	0	0	0	1	0	
0	0	1	3	2	2	2	2	0	0	2	0	1	0	0	0	1	2	0	0	2	1	0	2	0	0	2	2	
0	2	1	0	0	1	0	0	0	0	2	0	0	0	0	0	2	1	0	0	0	0	0	0	0	0	1	2	
0	0	1	0	0	1	0	0	0	0	2	0	0	0	0	0	1	1	0	0	2	1	0	2	0	2	1	2	
0	2	1	0	2	1	1	3	0	2	2	0	0	0	0	0	1	2	1	3	2	1	0	0	0	2	2	2	
0	2	1	0	0	0	1	2	0	0	3	0	3	0	0	0	1	2	0	3	0	1	0	0	0	2	1	2	
0	2	2	0	3	1	0	2	0	0	2	0	0	0	0	0	1	2	0	0	2	1	1	2	0	0	1	1	
0	2	1	0	2	1	0	3	0	0	2	0	0	0	0	0	1	2	0	0	0	2	0	0	0	2	1	2	
0	2	1	3	2	1	2	2	0	0	2	0	0	0	2	0	1	2	0	0	2	1	1	2	0	0	0	2	
0	1	1	0	2	3	1	2	1	0	2	0	0	0	2	2	1	1	0	0	2	0	1	1	0	3	0	2	
1	2	1	0	2	1	0	2	0	0	3	0	0	0	2	2	1	2	2	0	2	3	0	2	0	0	1	1	
1	2	1	0	3	0	1	2	0	0	2	0	0	0	0	1	1	2	0	0	2	1	1	2	0	0	1	2	
0	2	1	0	2	1	0	2	0	0	2	0	0	1	0	0	1	2	0	3	0	1	0	1	0	0	1	2	
0	2	2	0	2	1	0	3	0	1	2	0	3	2	0	0	0	2	0	3	2	1	0	1	0	2	1	0	
1	2	0	0	2	1	0	2	0	0	2	0	1	2	0	0	2	2	0	0	2	1	0	1	0	0	0	2	
0	2	1	0	2	3	0	2	2	0	2	0	0	2	2	0	1	1	0	1	2	1	1	2	0	0	1	2	
--------------------

--------------------
Best Solution Found!
--------------------
Time: 0 hour(s), 0 minute(s), 0 second(s), 79 millisecond(s)

Fitness: 308103

0	2	1	0	3	3	0	2	0	2	2	0	0	0	2	2	2	2	0	0	2	1	0	2	0	0	1	2	
0	2	2	0	2	3	0	3	0	0	2	0	0	1	0	0	1	2	0	0	3	1	0	2	1	0	1	2	
0	2	0	0	2	1	0	2	2	0	2	0	0	0	0	0	1	2	0	0	2	1	3	2	1	0	1	2	
0	2	1	0	2	1	1	3	0	0	2	0	0	0	0	0	1	2	2	3	2	1	0	1	0	0	2	1	
0	2	2	0	1	1	0	2	1	0	2	0	0	0	0	0	1	2	0	0	0	1	0	2	0	0	2	1	
0	2	0	0	2	1	0	3	0	0	2	0	0	0	0	1	1	1	0	0	0	1	3	2	0	2	2	2	
0	2	2	3	0	1	0	2	0	0	2	0	0	0	0	0	1	1	0	0	2	1	0	2	0	0	1	1	
0	2	1	0	2	1	1	2	1	2	2	0	0	2	2	0	2	2	0	0	2	3	1	1	0	0	2	2	
0	2	1	0	2	0	2	0	0	0	2	0	0	2	2	2	1	2	0	0	2	1	0	2	0	2	1	2	
0	2	1	0	2	1	0	0	0	0	2	3	0	2	0	0	1	2	0	0	3	1	0	0	0	0	1	0	
1	2	1	0	0	0	0	2	0	0	2	0	0	0	0	0	1	1	0	0	2	1	0	0	0	2	1	2	
0	2	1	0	2	1	2	0	0	0	3	0	0	0	0	0	1	1	0	0	2	1	0	2	0	0	1	2	
0	1	1	0	2	1	0	2	0	0	2	0	3	0	0	0	1	1	0	0	0	3	0	0	0	2	0	2	
0	1	0	0	2	1	0	0	0	1	3	0	0	0	0	0	2	2	0	0	2	2	0	2	0	0	1	2	
0	2	1	0	2	0	0	2	0	2	2	0	0	0	0	0	1	1	0	0	2	1	0	2	0	0	1	2	
0	2	1	0	2	1	0	2	0	2	2	0	0	0	1	0	1	2	0	0	0	1	1	2	0	2	2	2	
0	1	0	0	3	1	0	2	0	2	2	0	0	0	3	0	0	1	0	0	0	1	0	2	0	0	1	2	
1	2	1	0	2	0	0	2	0	0	3	0	0	0	0	0	2	2	1	0	0	0	0	2	0	0	1	2	
0	1	2	0	2	2	1	2	1	0	2	0	0	0	0	0	2	2	0	3	2	1	1	2	0	0	1	1	
3	2	1	3	3	0	1	0	0	0	1	0	0	0	0	0	1	2	0	0	2	0	0	1	0	0	1	2	
0	0	0	0	2	3	0	0	0	0	2	0	0	0	0	0	1	1	0	0	2	2	0	2	0	0	1	0	
0	2	2	0	3	3	2	2	2	0	3	0	0	0	0	0	1	2	0	0	2	3	0	1	0	0	0	2	
3	2	1	0	0	0	0	2	0	2	3	0	1	0	0	0	1	2	1	0	0	1	0	0	0	0	0	1	
0	2	1	3	2	1	0	2	1	2	2	0	3	1	2	0	1	2	0	0	3	1	0	2	0	0	2	2	
0	0	1	3	2	1	1	2	0	1	2	0	0	0	0	0	1	2	0	0	2	0	0	0	0	0	2	2	
0	2	1	0	2	1	0	2	0	0	2	0	0	0	0	0	1	2	0	0	1	1	0	0	0	0	1	2	
0	0	1	0	3	1	0	2	1	0	2	0	0	0	2	0	1	2	0	0	2	1	0	2	0	0	1	2	
0	2	1	0	2	1	0	2	0	0	2	0	3	2	0	0	1	2	2	0	2	0	0	1	1	0	1	1	
0	2	1	3	3	1	0	2	1	0	2	0	0	2	0	0	1	2	0	0	2	0	0	2	0	0	0	2	
0	0	2	0	2	1	1	2	0	0	2	0	0	0	0	0	1	2	0	0	2	3	0	2	0	2	2	2	
0	2	1	0	2	0	1	2	0	0	2	0	3	0	0	2	1	2	1	0	2	1	0	0	0	2	1	1	
0	2	2	3	3	1	1	2	0	0	3	0	0	0	2	0	2	2	0	3	2	1	1	0	0	2	1	2	
0	2	0	0	2	1	0	0	0	2	2	0	0	2	2	0	2	2	0	0	1	2	0	0	0	0	1	2	
0	0	1	0	2	1	0	3	0	0	2	0	0	0	0	2	1	2	0	0	2	2	1	1	0	0	1	2	
0	2	1	0	0	1	0	2	0	0	3	0	0	0	0	0	1	2	0	0	2	1	0	0	0	0	0	2	
0	2	2	0	1	0	0	2	0	0	2	0	0	0	0	0	1	1	0	0	2	2	1	2	0	0	1	0	
0	2	0	0	2	1	0	0	1	0	3	0	0	0	0	0	1	2	0	0	0	1	0	0	0	0	1	1	
0	0	2	0	2	2	0	2	1	0	3	0	0	2	0	0	1	2	0	1	2	1	1	2	1	0	1	2	
0	2	1	0	2	3	1	2	0	0	2	0	0	0	0	0	1	2	0	0	2	1	0	1	0	0	1	2	
1	2	1	0	1	2	1	2	0	0	2	0	0	1	0	0	0	2	0	0	0	1	3	2	0	0	0	1	
0	2	1	0	2	1	0	2	1	0	2	0	0	2	2	2	1	2	0	0	0	1	0	2	0	0	2	1	
0	2	1	1	2	3	0	2	2	2	2	0	0	0	0	0	1	2	0	0	2	1	0	2	1	3	1	2	
0	2	0	0	2	1	0	3	0	0	1	0	0	0	0	0	2	2	0	3	2	1	1	2	0	0	1	2	
0	0	1	0	0	1	0	3	1	0	2	0	0	0	2	2	1	2	0	0	1	1	0	2	0	2	1	2	
0	2	1	0	2	1	0	2	0	0	2	0	0	0	0	0	1	1	0	1	3	1	0	2	0	0	0	2	
0	0	1	0	2	0	0	2	0	2	2	0	0	0	0	0	0	2	2	0	2	2	0	1	1	0	1	2	
0	0	1	1	2	1	0	0	0	0	2	0	0	2	2	0	1	2	0	0	2	1	0	2	0	0	1	2	
0	2	1	0	2	0	0	2	0	0	2	0	0	0	0	0	1	2	0	0	2	1	1	2	0	0	1	0	
0	0	1	3	2	1	0	3	0	0	2	0	0	0	0	0	1	1	2	0	2	1	0	2	0	3	1	2	
1	1	1	0	0	1	0	2	0	0	2	0	0	2	0	0	1	2	0	0	2	0	0	2	0	0	0	2	
0	1	1	0	2	1	0	0	0	0	2	0	0	0	0	0	1	2	0	0	2	1	0	2	0	0	0	2	
0	2	1	0	3	1	1	2	0	0	2	0	3	0	0	0	1	2	0	0	0	1	0	0	0	0	1	2	
1	1	1	0	2	3	0	2	0	0	3	0	0	0	0	1	1	2	0	0	0	1	0	1	0	0	1	2	
1	1	1	0	2	1	0	0	0	0	2	0	3	2	0	0	1	2	0	0	3	3	0	2	0	0	2	1	
1	2	1	0	2	1	0	3	0	0	2	2	3	0	2	0	2	0	2	0	2	1	0	1	0	2	1	2	
0	2	1	3	2	1	0	0	0	0	2	0	0	0	0	2	2	2	0	3	1	0	0	2	0	0	1	2	
0	2	1	0	2	1	0	2	1	0	2	0	0	0	0	0	1	2	0	3	3	1	0	0	0	0	0	2	
1	2	2	0	2	1	0	3	0	0	2	2	1	0	0	0	0	1	0	0	2	1	0	2	2	0	1	2	
0	1	1	0	2	1	0	3	0	1	2	0	0	0	2	0	2	2	0	3	2	0	1	2	0	0	1	2	
0	1	2	0	2	0	0	2	0	0	2	0	0	0	3	0	1	2	0	0	2	1	0	2	0	0	1	0	
--------------------

--------------------
Best Solution Found!
--------------------
Time: 0 hour(s), 0 minute(s), 0 second(s), 89 millisecond(s)

Fitness: 308103

0	2	1	0	3	3	0	2	0	2	2	0	0	0	2	2	2	2	0	0	2	1	0	2	0	0	1	2	
0	2	2	0	2	3	0	3	0	0	2	0	0	1	0	0	1	2	0	0	3	1	0	2	1	0	1	2	
0	2	0	0	2	1	0	2	2	0	2	0	0	0	0	0	1	2	0	0	2	1	3	2	1	0	1	2	
0	2	1	0	2	1	1	3	0	0	2	0	0	0	0	0	1	2	2	3	2	1	0	1	0	0	2	1	
0	2	2	0	1	1	0	2	1	0	2	0	0	0	0	0	1	2	0	0	0	1	0	2	0	0	2	1	
0	2	0	0	2	1	0	3	0	0	2	0	0	0	0	1	1	1	0	0	0	1	3	2	0	2	2	2	
0	2	2	3	0	1	0	2	0	0	2	0	0	0	0	0	1	1	0	0	2	1	0	2	0	0	1	1	
0	2	1	0	2	1	1	2	1	2	2	0	0	2	2	0	2	2	0	0	2	3	1	1	0	0	2	2	
0	2	1	0	2	0	2	0	0	0	2	0	0	2	2	2	1	2	0	0	2	1	0	2	0	2	1	2	
0	2	1	0	2	1	0	0	0	0	2	3	0	2	0	0	1	2	0	0	3	1	0	0	0	0	1	0	
1	2	1	0	0	0	0	2	0	0	2	0	0	0	0	0	1	1	0	0	2	1	0	0	0	2	1	2	
0	2	1	0	2	1	2	0	0	0	3	0	0	0	0	0	1	1	0	0	2	1	0	2	0	0	1	2	
0	1	1	0	2	1	0	2	0	0	2	0	3	0	0	0	1	1	0	0	0	3	0	0	0	2	0	2	
0	1	0	0	2	1	0	0	0	1	3	0	0	0	0	0	2	2	0	0	2	2	0	2	0	0	1	2	
0	2	1	0	2	0	0	2	0	2	2	0	0	0	0	0	1	1	0	0	2	1	0	2	0	0	1	2	
0	2	1	0	2	1	0	2	0	2	2	0	0	0	1	0	1	2	0	0	0	1	1	2	0	2	2	2	
0	1	0	0	3	1	0	2	0	2	2	0	0	0	3	0	0	1	0	0	0	1	0	2	0	0	1	2	
1	2	1	0	2	0	0	2	0	0	3	0	0	0	0	0	2	2	1	0	0	0	0	2	0	0	1	2	
0	1	2	0	2	2	1	2	1	0	2	0	0	0	0	0	2	2	0	3	2	1	1	2	0	0	1	1	
3	2	1	3	3	0	1	0	0	0	1	0	0	0	0	0	1	2	0	0	2	0	0	1	0	0	1	2	
0	0	0	0	2	3	0	0	0	0	2	0	0	0	0	0	1	1	0	0	2	2	0	2	0	0	1	0	
0	2	2	0	3	3	2	2	2	0	3	0	0	0	0	0	1	2	0	0	2	3	0	1	0	0	0	2	
3	2	1	0	0	0	0	2	0	2	3	0	1	0	0	0	1	2	1	0	0	1	0	0	0	0	0	1	
0	2	1	3	2	1	0	2	1	2	2	0	3	1	2	0	1	2	0	0	3	1	0	2	0	0	2	2	
0	0	1	3	2	1	1	2	0	1	2	0	0	0	0	0	1	2	0	0	2	0	0	0	0	0	2	2	
0	2	1	0	2	1	0	2	0	0	2	0	0	0	0	0	1	2	0	0	1	1	0	0	0	0	1	2	
0	0	1	0	3	1	0	2	1	0	2	0	0	0	2	0	1	2	0	0	2	1	0	2	0	0	1	2	
0	2	1	0	2	1	0	2	0	0	2	0	3	2	0	0	1	2	2	0	2	0	0	1	1	0	1	1	
0	2	1	3	3	1	0	2	1	0	2	0	0	2	0	0	1	2	0	0	2	0	0	2	0	0	0	2	
0	0	2	0	2	1	1	2	0	0	2	0	0	0	0	0	1	2	0	0	2	3	0	2	0	2	2	2	
0	2	1	0	2	0	1	2	0	0	2	0	3	0	0	2	1	2	1	0	2	1	0	0	0	2	1	1	
0	2	2	3	3	1	1	2	0	0	3	0	0	0	2	0	2	2	0	3	2	1	1	0	0	2	1	2	
0	2	0	0	2	1	0	0	0	2	2	0	0	2	2	0	2	2	0	0	1	2	0	0	0	0	1	2	
0	0	1	0	2	1	0	3	0	0	2	0	0	0	0	2	1	2	0	0	2	2	1	1	0	0	1	2	
0	2	1	0	0	1	0	2	0	0	3	0	0	0	0	0	1	2	0	0	2	1	0	0	0	0	0	2	
0	2	2	0	1	0	0	2	0	0	2	0	0	0	0	0	1	1	0	0	2	2	1	2	0	0	1	0	
0	2	0	0	2	1	0	0	1	0	3	0	0	0	0	0	1	2	0	0	0	1	0	0	0	0	1	1	
0	0	2	0	2	2	0	2	1	0	3	0	0	2	0	0	1	2	0	1	2	1	1	2	1	0	1	2	
0	2	1	0	2	3	1	2	0	0	2	0	0	0	0	0	1	2	0	0	2	1	0	1	0	0	1	2	
1	2	1	0	1	2	1	2	0	0	2	0	0	1	0	0	0	2	0	0	0	1	3	2	0	0	0	1	
0	2	1	0	2	1	0	2	1	0	2	0	0	2	2	2	1	2	0	0	0	1	0	2	0	0	2	1	
0	2	1	1	2	3	0	2	2	2	2	0	0	0	0	0	1	2	0	0	2	1	0	2	1	3	1	2	
0	2	0	0	2	1	0	3	0	0	1	0	0	0	0	0	2	2	0	3	2	1	1	2	0	0	1	2	
0	0	1	0	0	1	0	3	1	0	2	0	0	0	2	2	1	2	0	0	1	1	0	2	0	2	1	2	
0	2	1	0	2	1	0	2	0	0	2	0	0	0	0	0	1	1	0	1	3	1	0	2	0	0	0	2	
0	0	1	0	2	0	0	2	0	2	2	0	0	0	0	0	0	2	2	0	2	2	0	1	1	0	1	2	
0	0	1	1	2	1	0	0	0	0	2	0	0	2	2	0	1	2	0	0	2	1	0	2	0	0	1	2	
0	2	1	0	2	0	0	2	0	0	2	0	0	0	0	0	1	2	0	0	2	1	1	2	0	0	1	0	
0	0	1	3	2	1	0	3	0	0	2	0	0	0	0	0	1	1	2	0	2	1	0	2	0	3	1	2	
1	1	1	0	0	1	0	2	0	0	2	0	0	2	0	0	1	2	0	0	2	0	0	2	0	0	0	2	
0	1	1	0	2	1	0	0	0	0	2	0	0	0	0	0	1	2	0	0	2	1	0	2	0	0	0	2	
0	2	1	0	3	1	1	2	0	0	2	0	3	0	0	0	1	2	0	0	0	1	0	0	0	0	1	2	
1	1	1	0	2	3	0	2	0	0	3	0	0	0	0	1	1	2	0	0	0	1	0	1	0	0	1	2	
1	1	1	0	2	1	0	0	0	0	2	0	3	2	0	0	1	2	0	0	3	3	0	2	0	0	2	1	
1	2	1	0	2	1	0	3	0	0	2	2	3	0	2	0	2	0	2	0	2	1	0	1	0	2	1	2	
0	2	1	3	2	1	0	0	0	0	2	0	0	0	0	2	2	2	0	3	1	0	0	2	0	0	1	2	
0	2	1	0	2	1	0	2	1	0	2	0	0	0	0	0	1	2	0	3	3	1	0	0	0	0	0	2	
1	2	2	0	2	1	0	3	0	0	2	2	1	0	0	0	0	1	0	0	2	1	0	2	2	0	1	2	
0	1	1	0	2	1	0	3	0	1	2	0	0	0	2	0	2	2	0	3	2	0	1	2	0	0	1	2	
0	1	2	0	2	0	0	2	0	0	2	0	0	0	3	0	1	2	0	0	2	1	0	2	0	0	1	0	
--------------------

--------------------
Best Solution Found!
--------------------
Time: 0 hour(s), 0 minute(s), 0 second(s), 250 millisecond(s)

Fitness: 305111

0	0	1	3	1	1	0	0	0	0	2	0	0	2	2	0	2	1	0	0	2	1	0	2	0	0	2	2	
1	2	1	0	2	1	0	2	2	2	2	3	0	0	0	0	1	2	0	0	2	1	0	2	0	2	1	2	
0	2	0	0	2	1	1	2	0	0	2	0	0	1	0	0	2	2	0	0	3	2	0	2	0	0	1	2	
0	2	1	0	2	1	0	3	1	0	2	0	0	0	0	0	1	2	0	3	0	3	0	2	0	0	1	2	
0	1	0	0	2	1	0	3	0	0	2	2	0	0	0	0	1	2	2	0	1	0	0	0	1	2	1	2	
0	1	1	0	1	1	0	0	0	0	2	0	0	0	0	2	2	2	0	3	2	3	3	2	0	0	1	2	
0	2	1	0	2	1	0	0	0	0	2	0	0	2	0	0	1	2	0	3	2	1	1	0	0	0	1	2	
0	2	0	0	2	1	0	2	0	0	2	0	3	2	0	0	1	1	0	0	2	3	0	0	0	0	1	1	
0	2	2	0	0	1	0	2	2	0	2	0	1	0	2	0	1	2	0	0	2	1	3	2	0	0	2	1	
0	2	1	1	3	0	0	3	0	0	3	0	0	0	0	0	1	2	0	0	0	1	0	2	0	0	1	2	
0	0	1	0	2	1	1	2	0	0	2	0	0	1	0	0	1	2	0	0	2	3	0	0	0	0	1	2	
0	2	1	0	3	1	0	3	0	0	2	0	3	0	0	0	1	2	2	0	2	0	0	2	0	3	1	2	
0	2	1	0	2	1	0	2	0	0	2	0	0	0	0	0	1	2	0	0	1	1	0	1	0	0	1	1	
3	2	1	0	2	1	1	2	0	0	2	0	0	2	0	0	0	1	0	0	2	1	0	2	0	0	1	2	
0	0	1	0	3	1	0	0	0	0	2	0	0	2	2	0	1	2	0	0	2	2	0	0	0	0	1	2	
0	2	1	0	2	0	0	2	1	2	2	0	0	0	3	2	2	2	0	0	2	1	1	2	0	0	1	2	
1	2	1	0	3	0	0	0	0	0	2	0	0	0	2	0	1	1	0	0	3	1	0	0	0	0	0	1	
0	2	1	0	2	1	0	2	0	0	2	0	0	0	2	0	1	2	0	0	0	1	3	0	0	0	0	1	
0	2	1	0	2	1	1	2	0	0	2	0	0	0	0	0	1	1	0	0	2	1	0	2	0	2	1	1	
0	2	1	0	2	1	0	0	0	0	3	0	0	1	0	0	1	2	0	0	0	1	0	2	0	2	1	0	
1	0	1	0	3	1	0	3	1	0	3	0	0	0	0	0	1	2	0	0	0	0	1	0	0	0	1	2	
0	2	2	0	2	1	0	2	0	0	2	0	0	0	0	0	1	2	1	0	2	1	0	2	0	0	0	2	
0	0	1	3	2	3	0	3	0	0	2	0	0	0	0	0	0	2	0	0	2	3	0	2	0	2	2	2	
0	2	1	0	2	1	0	2	1	2	2	0	3	0	2	0	1	1	0	0	2	1	0	2	0	0	1	1	
0	2	1	0	2	0	0	2	1	0	2	0	0	0	0	0	1	0	0	0	2	1	0	1	0	0	1	2	
0	1	1	0	2	1	0	2	0	2	2	0	3	2	0	2	1	2	0	0	2	1	0	2	0	0	1	0	
0	0	1	0	2	1	1	2	0	0	3	0	3	0	0	0	1	1	0	1	3	1	0	2	0	0	1	2	
0	1	1	0	2	1	0	0	0	2	2	0	0	0	0	0	1	2	0	3	2	1	0	0	0	0	2	2	
0	2	1	0	3	3	0	0	0	0	2	0	0	0	0	1	2	2	0	0	3	2	0	2	2	2	1	2	
1	2	2	0	2	2	1	2	1	0	2	0	0	0	0	0	2	1	0	0	2	1	0	2	0	2	1	2	
0	2	0	0	2	1	0	2	1	2	2	0	3	0	0	0	1	2	0	0	2	0	1	1	0	0	1	2	
0	2	0	0	0	3	0	0	0	0	2	0	0	0	2	0	2	1	2	0	2	1	0	0	0	0	0	2	
0	2	2	0	2	1	0	2	0	2	2	0	0	0	0	2	2	2	0	0	2	1	0	2	0	0	2	2	
0	1	1	0	2	1	0	2	0	0	2	0	0	0	2	2	0	2	0	0	2	1	0	2	1	0	1	2	
0	1	1	0	2	3	1	2	1	0	2	0	0	0	0	2	1	2	0	0	0	2	1	2	1	0	2	2	
0	2	1	0	2	3	1	3	0	0	2	0	0	2	0	0	1	2	0	0	2	1	0	2	0	0	1	2	
0	1	2	3	3	1	0	2	0	0	2	0	0	0	0	2	2	2	0	0	2	1	0	2	0	0	1	2	
1	2	0	0	2	1	2	2	0	0	2	0	3	2	1	0	1	2	2	0	2	1	0	0	0	0	1	2	
0	2	1	3	2	0	0	0	0	0	2	0	0	0	0	0	1	2	0	0	0	1	0	2	0	0	2	1	
0	2	1	0	2	0	1	2	0	0	2	0	0	0	2	0	1	2	0	0	2	1	0	2	0	0	0	0	
0	2	2	0	2	3	0	0	0	1	3	0	0	0	0	0	1	2	0	0	1	0	1	2	0	0	0	2	
0	2	1	0	2	3	1	2	0	0	2	0	0	0	3	0	1	2	0	0	2	1	0	2	0	2	1	2	
0	2	1	3	0	0	2	3	0	0	2	0	0	2	0	1	2	2	0	0	2	1	1	1	0	0	1	2	
0	0	1	3	2	1	0	2	0	0	3	0	0	0	0	0	1	2	0	3	2	1	0	2	0	0	1	0	
1	2	1	0	2	2	0	2	0	0	1	0	0	0	0	0	1	2	0	0	1	0	0	0	0	0	1	2	
0	2	1	3	0	0	0	2	0	1	3	0	0	0	0	0	1	2	0	3	0	1	0	2	0	0	1	1	
0	2	1	0	3	1	0	2	0	0	2	0	0	0	0	0	1	2	0	0	2	1	0	2	0	0	1	2	
0	0	1	0	2	0	0	2	0	2	2	0	0	0	0	0	1	2	0	0	0	0	0	2	0	0	2	1	
1	2	1	0	2	1	0	3	0	0	2	0	0	0	0	0	1	2	0	3	2	1	0	1	0	0	0	2	
0	0	0	0	2	1	0	2	0	0	2	0	0	2	2	0	1	1	2	0	2	1	0	2	1	0	2	2	
0	2	0	0	2	1	0	2	0	0	2	2	0	0	0	0	2	2	0	0	0	1	0	2	0	0	1	2	
0	2	1	0	0	0	0	2	0	0	2	0	1	0	0	0	1	2	1	0	2	2	0	1	1	0	0	2	
3	2	1	0	2	1	0	2	0	0	1	0	0	0	0	0	1	2	0	1	2	1	0	1	0	2	1	2	
1	1	2	0	2	1	0	2	1	0	3	0	0	0	2	0	1	2	0	0	2	1	1	1	0	2	1	0	
0	1	1	3	0	1	0	3	2	0	3	0	0	0	0	0	0	1	0	0	0	1	0	2	0	0	2	2	
0	2	2	0	2	2	0	2	1	0	2	0	0	2	2	0	1	1	0	0	2	1	1	0	1	0	0	2	
0	2	2	0	1	1	0	0	0	2	3	0	0	0	0	0	1	2	0	0	3	1	1	2	0	3	1	2	
0	1	2	0	2	0	2	2	1	0	2	0	0	0	0	0	1	2	0	0	3	1	0	2	0	0	0	2	
0	0	1	1	2	1	0	2	0	2	2	0	0	0	0	0	1	2	1	0	0	2	0	1	0	0	1	2	
0	2	2	0	2	1	1	2	0	1	2	0	0	0	0	0	1	2	0	0	2	0	0	1	0	0	1	1	
--------------------

--------------------
Best Solution Found!
--------------------
Time: 0 hour(s), 0 minute(s), 0 second(s), 260 millisecond(s)

Fitness: 305111

0	0	1	3	1	1	0	0	0	0	2	0	0	2	2	0	2	1	0	0	2	1	0	2	0	0	2	2	
1	2	1	0	2	1	0	2	2	2	2	3	0	0	0	0	1	2	0	0	2	1	0	2	0	2	1	2	
0	2	0	0	2	1	1	2	0	0	2	0	0	1	0	0	2	2	0	0	3	2	0	2	0	0	1	2	
0	2	1	0	2	1	0	3	1	0	2	0	0	0	0	0	1	2	0	3	0	3	0	2	0	0	1	2	
0	1	0	0	2	1	0	3	0	0	2	2	0	0	0	0	1	2	2	0	1	0	0	0	1	2	1	2	
0	1	1	0	1	1	0	0	0	0	2	0	0	0	0	2	2	2	0	3	2	3	3	2	0	0	1	2	
0	2	1	0	2	1	0	0	0	0	2	0	0	2	0	0	1	2	0	3	2	1	1	0	0	0	1	2	
0	2	0	0	2	1	0	2	0	0	2	0	3	2	0	0	1	1	0	0	2	3	0	0	0	0	1	1	
0	2	2	0	0	1	0	2	2	0	2	0	1	0	2	0	1	2	0	0	2	1	3	2	0	0	2	1	
0	2	1	1	3	0	0	3	0	0	3	0	0	0	0	0	1	2	0	0	0	1	0	2	0	0	1	2	
0	0	1	0	2	1	1	2	0	0	2	0	0	1	0	0	1	2	0	0	2	3	0	0	0	0	1	2	
0	2	1	0	3	1	0	3	0	0	2	0	3	0	0	0	1	2	2	0	2	0	0	2	0	3	1	2	
0	2	1	0	2	1	0	2	0	0	2	0	0	0	0	0	1	2	0	0	1	1	0	1	0	0	1	1	
3	2	1	0	2	1	1	2	0	0	2	0	0	2	0	0	0	1	0	0	2	1	0	2	0	0	1	2	
0	0	1	0	3	1	0	0	0	0	2	0	0	2	2	0	1	2	0	0	2	2	0	0	0	0	1	2	
0	2	1	0	2	0	0	2	1	2	2	0	0	0	3	2	2	2	0	0	2	1	1	2	0	0	1	2	
1	2	1	0	3	0	0	0	0	0	2	0	0	0	2	0	1	1	0	0	3	1	0	0	0	0	0	1	
0	2	1	0	2	1	0	2	0	0	2	0	0	0	2	0	1	2	0	0	0	1	3	0	0	0	0	1	
0	2	1	0	2	1	1	2	0	0	2	0	0	0	0	0	1	1	0	0	2	1	0	2	0	2	1	1	
0	2	1	0	2	1	0	0	0	0	3	0	0	1	0	0	1	2	0	0	0	1	0	2	0	2	1	0	
1	0	1	0	3	1	0	3	1	0	3	0	0	0	0	0	1	2	0	0	0	0	1	0	0	0	1	2	
0	2	2	0	2	1	0	2	0	0	2	0	0	0	0	0	1	2	1	0	2	1	0	2	0	0	0	2	
0	0	1	3	2	3	0	3	0	0	2	0	0	0	0	0	0	2	0	0	2	3	0	2	0	2	2	2	
0	2	1	0	2	1	0	2	1	2	2	0	3	0	2	0	1	1	0	0	2	1	0	2	0	0	1	1	
0	2	1	0	2	0	0	2	1	0	2	0	0	0	0	0	1	0	0	0	2	1	0	1	0	0	1	2	
0	1	1	0	2	1	0	2	0	2	2	0	3	2	0	2	1	2	0	0	2	1	0	2	0	0	1	0	
0	0	1	0	2	1	1	2	0	0	3	0	3	0	0	0	1	1	0	1	3	1	0	2	0	0	1	2	
0	1	1	0	2	1	0	0	0	2	2	0	0	0	0	0	1	2	0	3	2	1	0	0	0	0	2	2	
0	2	1	0	3	3	0	0	0	0	2	0	0	0	0	1	2	2	0	0	3	2	0	2	2	2	1	2	
1	2	2	0	2	2	1	2	1	0	2	0	0	0	0	0	2	1	0	0	2	1	0	2	0	2	1	2	
0	2	0	0	2	1	0	2	1	2	2	0	3	0	0	0	1	2	0	0	2	0	1	1	0	0	1	2	
0	2	0	0	0	3	0	0	0	0	2	0	0	0	2	0	2	1	2	0	2	1	0	0	0	0	0	2	
0	2	2	0	2	1	0	2	0	2	2	0	0	0	0	2	2	2	0	0	2	1	0	2	0	0	2	2	
0	1	1	0	2	1	0	2	0	0	2	0	0	0	2	2	0	2	0	0	2	1	0	2	1	0	1	2	
0	1	1	0	2	3	1	2	1	0	2	0	0	0	0	2	1	2	0	0	0	2	1	2	1	0	2	2	
0	2	1	0	2	3	1	3	0	0	2	0	0	2	0	0	1	2	0	0	2	1	0	2	0	0	1	2	
0	1	2	3	3	1	0	2	0	0	2	0	0	0	0	2	2	2	0	0	2	1	0	2	0	0	1	2	
1	2	0	0	2	1	2	2	0	0	2	0	3	2	1	0	1	2	2	0	2	1	0	0	0	0	1	2	
0	2	1	3	2	0	0	0	0	0	2	0	0	0	0	0	1	2	0	0	0	1	0	2	0	0	2	1	
0	2	1	0	2	0	1	2	0	0	2	0	0	0	2	0	1	2	0	0	2	1	0	2	0	0	0	0	
0	2	2	0	2	3	0	0	0	1	3	0	0	0	0	0	1	2	0	0	1	0	1	2	0	0	0	2	
0	2	1	0	2	3	1	2	0	0	2	0	0	0	3	0	1	2	0	0	2	1	0	2	0	2	1	2	
0	2	1	3	0	0	2	3	0	0	2	0	0	2	0	1	2	2	0	0	2	1	1	1	0	0	1	2	
0	0	1	3	2	1	0	2	0	0	3	0	0	0	0	0	1	2	0	3	2	1	0	2	0	0	1	0	
1	2	1	0	2	2	0	2	0	0	1	0	0	0	0	0	1	2	0	0	1	0	0	0	0	0	1	2	
0	2	1	3	0	0	0	2	0	1	3	0	0	0	0	0	1	2	0	3	0	1	0	2	0	0	1	1	
0	2	1	0	3	1	0	2	0	0	2	0	0	0	0	0	1	2	0	0	2	1	0	2	0	0	1	2	
0	0	1	0	2	0	0	2	0	2	2	0	0	0	0	0	1	2	0	0	0	0	0	2	0	0	2	1	
1	2	1	0	2	1	0	3	0	0	2	0	0	0	0	0	1	2	0	3	2	1	0	1	0	0	0	2	
0	0	0	0	2	1	0	2	0	0	2	0	0	2	2	0	1	1	2	0	2	1	0	2	1	0	2	2	
0	2	0	0	2	1	0	2	0	0	2	2	0	0	0	0	2	2	0	0	0	1	0	2	0	0	1	2	
0	2	1	0	0	0	0	2	0	0	2	0	1	0	0	0	1	2	1	0	2	2	0	1	1	0	0	2	
3	2	1	0	2	1	0	2	0	0	1	0	0	0	0	0	1	2	0	1	2	1	0	1	0	2	1	2	
1	1	2	0	2	1	0	2	1	0	3	0	0	0	2	0	1	2	0	0	2	1	1	1	0	2	1	0	
0	1	1	3	0	1	0	3	2	0	3	0	0	0	0	0	0	1	0	0	0	1	0	2	0	0	2	2	
0	2	2	0	2	2	0	2	1	0	2	0	0	2	2	0	1	1	0	0	2	1	1	0	1	0	0	2	
0	2	2	0	1	1	0	0	0	2	3	0	0	0	0	0	1	2	0	0	3	1	1	2	0	3	1	2	
0	1	2	0	2	0	2	2	1	0	2	0	0	0	0	0	1	2	0	0	3	1	0	2	0	0	0	2	
0	0	1	1	2	1	0	2	0	2	2	0	0	0	0	0	1	2	1	0	0	2	0	1	0	0	1	2	
0	2	2	0	2	1	1	2	0	1	2	0	0	0	0	0	1	2	0	0	2	0	0	1	0	0	1	1	
--------------------

--------------------
Best Solution Found!
--------------------
Time: 0 hour(s), 0 minute(s), 0 second(s), 460 millisecond(s)

Fitness: 304093

0	1	1	0	2	1	0	2	0	0	2	2	0	0	0	0	2	2	0	3	2	1	0	2	1	0	1	2	
0	2	1	0	2	1	0	3	0	0	2	0	0	1	0	0	1	0	1	0	2	1	0	0	0	0	1	2	
0	2	1	0	2	1	0	2	0	0	3	0	0	0	0	0	1	1	0	0	3	3	0	1	2	0	1	2	
0	1	1	0	2	3	1	2	0	0	2	0	0	0	0	0	1	2	0	0	0	1	0	2	0	0	1	1	
0	2	1	1	0	0	1	2	0	0	2	0	0	0	0	0	1	2	0	0	1	1	0	0	0	0	2	2	
0	0	2	0	2	1	0	2	0	2	2	0	0	0	2	1	1	2	0	0	2	1	0	2	0	0	2	2	
0	0	0	0	2	1	0	0	2	0	2	0	0	0	0	0	2	2	0	0	2	1	1	0	0	0	1	2	
0	2	2	0	3	1	0	3	2	0	2	0	0	0	2	0	1	2	0	0	2	1	0	2	0	0	1	2	
0	2	2	0	3	1	0	2	2	0	2	0	0	2	0	2	1	2	0	0	2	1	1	2	0	0	1	0	
0	2	2	0	2	0	0	2	0	0	2	0	0	2	0	0	1	2	0	0	0	1	0	2	0	2	1	2	
0	2	2	0	2	1	0	2	0	0	3	0	0	0	0	0	1	2	0	0	2	1	0	2	0	2	1	0	
0	2	2	0	3	0	0	0	0	0	2	2	0	1	0	2	1	2	0	0	2	0	0	2	0	0	2	2	
0	2	1	0	2	2	0	0	0	0	2	0	0	0	0	0	1	2	2	0	1	1	0	1	0	0	1	2	
0	2	0	0	2	3	0	2	0	0	3	0	0	0	0	0	1	2	0	0	2	1	1	2	0	0	1	2	
0	2	1	0	0	3	0	2	1	0	1	0	0	0	0	0	2	2	0	3	2	1	0	0	1	0	0	2	
1	1	1	0	1	2	0	0	0	0	2	0	3	0	0	0	0	1	0	0	2	1	0	2	0	0	1	2	
0	0	2	0	2	1	2	3	0	2	2	0	0	2	0	0	1	2	2	1	3	1	0	2	0	3	1	2	
0	1	2	0	2	1	0	2	0	0	2	0	3	0	0	0	1	2	0	0	0	1	0	2	0	0	0	2	
0	1	1	3	2	0	0	2	0	0	3	0	0	1	2	0	1	2	0	3	2	1	0	0	0	0	1	2	
0	0	1	0	2	0	0	3	1	0	2	0	0	0	0	2	1	2	1	0	0	1	1	2	0	0	0	0	
0	2	1	0	3	1	0	2	0	0	3	0	0	0	0	0	1	2	2	0	0	1	1	0	0	0	1	2	
0	2	1	0	2	1	0	2	0	0	2	0	0	0	2	0	1	2	0	0	2	1	0	1	0	0	1	2	
0	2	1	0	2	0	0	3	0	0	3	0	0	0	0	0	1	2	0	0	2	1	0	0	0	0	1	2	
0	1	1	0	2	1	0	2	0	0	2	0	0	2	0	0	1	2	1	0	2	1	0	0	0	0	1	1	
0	2	1	0	2	3	1	2	0	0	2	0	0	0	0	0	0	2	0	0	2	2	0	0	0	0	1	2	
0	0	0	0	0	1	0	0	0	0	2	0	0	0	2	0	2	1	0	0	2	2	3	0	1	0	1	2	
0	2	1	3	3	1	0	0	0	0	2	0	0	2	0	0	1	2	0	3	3	1	0	2	0	0	2	2	
1	1	1	0	2	1	0	2	0	0	3	0	0	0	2	0	1	2	0	0	2	0	0	2	0	0	1	2	
1	2	0	0	2	1	2	2	0	0	2	0	0	0	0	0	2	2	0	0	3	3	0	2	1	0	2	0	
0	2	2	0	2	1	0	3	1	2	2	0	0	0	0	0	1	2	0	0	2	0	0	2	0	0	1	2	
0	0	1	0	2	1	0	2	0	0	3	0	0	2	0	1	1	2	0	0	2	1	0	1	0	0	1	2	
0	2	1	0	2	0	0	2	1	0	2	0	0	0	3	2	1	1	0	0	2	0	0	2	0	0	1	2	
0	0	1	0	2	1	1	0	1	0	2	0	0	0	0	0	1	2	0	0	2	2	1	0	0	0	1	2	
0	1	0	3	2	3	1	2	0	2	2	0	1	2	2	0	2	2	0	0	2	3	0	2	0	0	1	0	
3	2	1	0	0	2	0	2	0	2	2	0	0	0	1	2	2	2	0	0	0	1	1	1	0	2	1	2	
0	0	1	0	2	1	0	2	1	0	2	0	0	0	0	0	1	1	0	0	2	1	0	0	0	0	1	2	
0	0	1	3	2	1	1	2	0	0	2	0	0	0	0	0	2	1	2	0	2	1	0	2	0	2	1	1	
0	2	1	0	2	1	1	2	0	0	1	0	3	2	2	0	1	1	0	0	2	1	0	1	0	2	2	1	
1	2	1	0	2	0	0	0	0	0	2	0	0	0	0	0	1	2	0	0	0	0	0	0	0	0	1	1	
0	2	1	3	2	0	0	2	0	0	2	0	0	0	2	0	1	1	0	0	2	1	0	2	0	0	0	2	
0	2	1	3	0	1	0	2	0	0	2	0	3	2	2	0	1	2	0	0	1	1	0	2	0	0	0	2	
0	2	0	0	2	1	0	3	0	0	2	0	3	2	0	2	1	1	0	3	2	1	0	2	0	0	0	1	
0	2	1	3	3	1	0	2	0	2	2	0	0	0	0	0	2	2	0	3	2	0	0	1	0	0	1	2	
0	2	1	1	2	1	0	2	1	2	2	0	0	0	0	0	1	2	0	0	2	2	0	2	0	0	1	2	
0	2	0	0	2	1	0	3	0	0	2	0	0	0	0	0	2	1	0	0	1	3	3	1	0	0	2	2	
0	2	1	0	2	1	1	3	1	1	3	0	3	2	0	0	1	2	2	0	0	3	3	2	0	0	2	1	
0	2	1	0	2	3	0	0	0	2	2	0	0	0	0	0	1	2	0	0	2	0	0	2	0	0	2	2	
0	2	2	0	3	1	0	0	1	0	3	0	0	0	0	0	1	1	0	0	0	1	0	1	0	2	2	2	
1	2	0	0	1	1	2	2	0	0	2	0	3	0	0	0	1	2	0	0	2	1	0	2	0	2	1	2	
0	2	1	0	2	1	0	0	0	2	2	0	0	0	0	0	0	2	0	0	2	1	0	2	0	2	1	1	
0	1	1	0	2	1	1	2	1	1	2	0	0	0	0	0	1	2	0	0	0	1	0	2	0	0	0	1	
1	2	1	0	1	1	1	2	0	0	2	0	0	0	0	0	1	2	0	0	2	1	1	2	0	2	1	1	
3	2	1	0	2	1	1	2	0	0	2	0	0	0	0	2	1	2	0	0	2	2	0	2	1	0	0	1	
0	2	1	0	2	0	0	2	0	1	2	0	0	0	3	0	1	2	0	0	2	1	1	2	0	3	1	2	
0	2	1	0	0	1	0	0	0	0	2	0	0	0	0	0	1	1	0	3	0	1	1	2	1	0	1	2	
0	0	2	0	3	1	0	2	0	0	2	0	0	0	0	0	1	2	0	0	2	0	0	2	0	0	1	2	
1	1	1	0	2	1	0	2	0	0	2	0	0	0	2	0	0	2	0	1	3	1	0	1	0	0	1	2	
0	2	1	0	2	1	0	2	0	0	2	0	0	0	0	0	1	2	0	0	3	1	0	2	0	2	0	2	
1	2	1	3	2	0	0	2	0	2	2	0	0	0	2	0	2	2	0	0	0	1	0	2	0	0	0	2	
0	2	1	0	2	3	0	3	1	0	2	3	1	0	0	0	1	2	0	0	2	2	0	2	0	0	1	2	
--------------------

--------------------
Best Solution Found!
--------------------
Time: 0 hour(s), 0 minute(s), 0 second(s), 470 millisecond(s)

Fitness: 304093

0	1	1	0	2	1	0	2	0	0	2	2	0	0	0	0	2	2	0	3	2	1	0	2	1	0	1	2	
0	2	1	0	2	1	0	3	0	0	2	0	0	1	0	0	1	0	1	0	2	1	0	0	0	0	1	2	
0	2	1	0	2	1	0	2	0	0	3	0	0	0	0	0	1	1	0	0	3	3	0	1	2	0	1	2	
0	1	1	0	2	3	1	2	0	0	2	0	0	0	0	0	1	2	0	0	0	1	0	2	0	0	1	1	
0	2	1	1	0	0	1	2	0	0	2	0	0	0	0	0	1	2	0	0	1	1	0	0	0	0	2	2	
0	0	2	0	2	1	0	2	0	2	2	0	0	0	2	1	1	2	0	0	2	1	0	2	0	0	2	2	
0	0	0	0	2	1	0	0	2	0	2	0	0	0	0	0	2	2	0	0	2	1	1	0	0	0	1	2	
0	2	2	0	3	1	0	3	2	0	2	0	0	0	2	0	1	2	0	0	2	1	0	2	0	0	1	2	
0	2	2	0	3	1	0	2	2	0	2	0	0	2	0	2	1	2	0	0	2	1	1	2	0	0	1	0	
0	2	2	0	2	0	0	2	0	0	2	0	0	2	0	0	1	2	0	0	0	1	0	2	0	2	1	2	
0	2	2	0	2	1	0	2	0	0	3	0	0	0	0	0	1	2	0	0	2	1	0	2	0	2	1	0	
0	2	2	0	3	0	0	0	0	0	2	2	0	1	0	2	1	2	0	0	2	0	0	2	0	0	2	2	
0	2	1	0	2	2	0	0	0	0	2	0	0	0	0	0	1	2	2	0	1	1	0	1	0	0	1	2	
0	2	0	0	2	3	0	2	0	0	3	0	0	0	0	0	1	2	0	0	2	1	1	2	0	0	1	2	
0	2	1	0	0	3	0	2	1	0	1	0	0	0	0	0	2	2	0	3	2	1	0	0	1	0	0	2	
1	1	1	0	1	2	0	0	0	0	2	0	3	0	0	0	0	1	0	0	2	1	0	2	0	0	1	2	
0	0	2	0	2	1	2	3	0	2	2	0	0	2	0	0	1	2	2	1	3	1	0	2	0	3	1	2	
0	1	2	0	2	1	0	2	0	0	2	0	3	0	0	0	1	2	0	0	0	1	0	2	0	0	0	2	
0	1	1	3	2	0	0	2	0	0	3	0	0	1	2	0	1	2	0	3	2	1	0	0	0	0	1	2	
0	0	1	0	2	0	0	3	1	0	2	0	0	0	0	2	1	2	1	0	0	1	1	2	0	0	0	0	
0	2	1	0	3	1	0	2	0	0	3	0	0	0	0	0	1	2	2	0	0	1	1	0	0	0	1	2	
0	2	1	0	2	1	0	2	0	0	2	0	0	0	2	0	1	2	0	0	2	1	0	1	0	0	1	2	
0	2	1	0	2	0	0	3	0	0	3	0	0	0	0	0	1	2	0	0	2	1	0	0	0	0	1	2	
0	1	1	0	2	1	0	2	0	0	2	0	0	2	0	0	1	2	1	0	2	1	0	0	0	0	1	1	
0	2	1	0	2	3	1	2	0	0	2	0	0	0	0	0	0	2	0	0	2	2	0	0	0	0	1	2	
0	0	0	0	0	1	0	0	0	0	2	0	0	0	2	0	2	1	0	0	2	2	3	0	1	0	1	2	
0	2	1	3	3	1	0	0	0	0	2	0	0	2	0	0	1	2	0	3	3	1	0	2	0	0	2	2	
1	1	1	0	2	1	0	2	0	0	3	0	0	0	2	0	1	2	0	0	2	0	0	2	0	0	1	2	
1	2	0	0	2	1	2	2	0	0	2	0	0	0	0	0	2	2	0	0	3	3	0	2	1	0	2	0	
0	2	2	0	2	1	0	3	1	2	2	0	0	0	0	0	1	2	0	0	2	0	0	2	0	0	1	2	
0	0	1	0	2	1	0	2	0	0	3	0	0	2	0	1	1	2	0	0	2	1	0	1	0	0	1	2	
0	2	1	0	2	0	0	2	1	0	2	0	0	0	3	2	1	1	0	0	2	0	0	2	0	0	1	2	
0	0	1	0	2	1	1	0	1	0	2	0	0	0	0	0	1	2	0	0	2	2	1	0	0	0	1	2	
0	1	0	3	2	3	1	2	0	2	2	0	1	2	2	0	2	2	0	0	2	3	0	2	0	0	1	0	
3	2	1	0	0	2	0	2	0	2	2	0	0	0	1	2	2	2	0	0	0	1	1	1	0	2	1	2	
0	0	1	0	2	1	0	2	1	0	2	0	0	0	0	0	1	1	0	0	2	1	0	0	0	0	1	2	
0	0	1	3	2	1	1	2	0	0	2	0	0	0	0	0	2	1	2	0	2	1	0	2	0	2	1	1	
0	2	1	0	2	1	1	2	0	0	1	0	3	2	2	0	1	1	0	0	2	1	0	1	0	2	2	1	
1	2	1	0	2	0	0	0	0	0	2	0	0	0	0	0	1	2	0	0	0	0	0	0	0	0	1	1	
0	2	1	3	2	0	0	2	0	0	2	0	0	0	2	0	1	1	0	0	2	1	0	2	0	0	0	2	
0	2	1	3	0	1	0	2	0	0	2	0	3	2	2	0	1	2	0	0	1	1	0	2	0	0	0	2	
0	2	0	0	2	1	0	3	0	0	2	0	3	2	0	2	1	1	0	3	2	1	0	2	0	0	0	1	
0	2	1	3	3	1	0	2	0	2	2	0	0	0	0	0	2	2	0	3	2	0	0	1	0	0	1	2	
0	2	1	1	2	1	0	2	1	2	2	0	0	0	0	0	1	2	0	0	2	2	0	2	0	0	1	2	
0	2	0	0	2	1	0	3	0	0	2	0	0	0	0	0	2	1	0	0	1	3	3	1	0	0	2	2	
0	2	1	0	2	1	1	3	1	1	3	0	3	2	0	0	1	2	2	0	0	3	3	2	0	0	2	1	
0	2	1	0	2	3	0	0	0	2	2	0	0	0	0	0	1	2	0	0	2	0	0	2	0	0	2	2	
0	2	2	0	3	1	0	0	1	0	3	0	0	0	0	0	1	1	0	0	0	1	0	1	0	2	2	2	
1	2	0	0	1	1	2	2	0	0	2	0	3	0	0	0	1	2	0	0	2	1	0	2	0	2	1	2	
0	2	1	0	2	1	0	0	0	2	2	0	0	0	0	0	0	2	0	0	2	1	0	2	0	2	1	1	
0	1	1	0	2	1	1	2	1	1	2	0	0	0	0	0	1	2	0	0	0	1	0	2	0	0	0	1	
1	2	1	0	1	1	1	2	0	0	2	0	0	0	0	0	1	2	0	0	2	1	1	2	0	2	1	1	
3	2	1	0	2	1	1	2	0	0	2	0	0	0	0	2	1	2	0	0	2	2	0	2	1	0	0	1	
0	2	1	0	2	0	0	2	0	1	2	0	0	0	3	0	1	2	0	0	2	1	1	2	0	3	1	2	
0	2	1	0	0	1	0	0	0	0	2	0	0	0	0	0	1	1	0	3	0	1	1	2	1	0	1	2	
0	0	2	0	3	1	0	2	0	0	2	0	0	0	0	0	1	2	0	0	2	0	0	2	0	0	1	2	
1	1	1	0	2	1	0	2	0	0	2	0	0	0	2	0	0	2	0	1	3	1	0	1	0	0	1	2	
0	2	1	0	2	1	0	2	0	0	2	0	0	0	0	0	1	2	0	0	3	1	0	2	0	2	0	2	
1	2	1	3	2	0	0	2	0	2	2	0	0	0	2	0	2	2	0	0	0	1	0	2	0	0	0	2	
0	2	1	0	2	3	0	3	1	0	2	3	1	0	0	0	1	2	0	0	2	2	0	2	0	0	1	2	
--------------------

--------------------
Best Solution Found!
--------------------
Time: 0 hour(s), 0 minute(s), 0 second(s), 850 millisecond(s)

Fitness: 296086

1	1	1	0	2	3	0	0	0	0	2	0	0	0	0	0	1	2	0	0	2	1	0	2	0	0	1	2	
0	2	1	3	2	1	0	2	1	2	2	0	0	0	0	0	1	2	0	0	2	1	1	1	0	2	1	2	
1	0	0	0	2	2	0	0	0	2	2	0	0	0	0	0	1	1	2	0	2	0	0	2	0	2	1	2	
1	2	2	0	2	3	0	2	0	0	2	0	0	0	0	0	1	2	0	1	2	1	0	2	0	0	1	2	
0	2	1	0	2	1	0	2	0	0	2	0	1	0	0	0	1	2	0	0	2	2	0	0	0	0	1	2	
0	2	1	0	2	0	2	0	0	0	1	0	3	0	0	0	2	2	0	3	2	1	1	2	0	0	1	2	
1	2	1	3	3	1	0	2	2	0	2	0	0	0	0	0	1	1	1	0	0	1	3	1	0	2	0	2	
0	2	1	3	2	1	0	0	1	0	2	0	0	0	2	0	1	2	0	0	2	0	0	1	0	0	1	2	
0	2	1	0	3	3	0	2	0	0	3	0	0	0	0	2	1	1	0	0	2	1	0	2	0	2	0	2	
0	1	2	1	0	1	0	0	0	2	2	0	0	1	2	0	1	2	0	3	1	3	0	2	0	0	1	2	
0	2	1	0	2	1	0	0	0	0	2	0	0	0	0	1	1	2	0	0	0	0	0	2	0	0	2	1	
1	2	1	0	2	0	0	3	1	0	2	0	0	2	2	0	1	2	0	3	2	1	0	1	0	0	1	2	
0	2	0	0	1	1	1	2	0	0	2	0	0	0	0	0	2	2	0	0	2	1	0	0	0	0	2	2	
3	2	1	0	0	1	1	2	0	0	3	0	0	0	0	0	1	2	0	0	2	1	0	2	0	0	1	1	
3	1	1	0	3	1	0	2	0	0	2	2	0	2	2	0	2	1	0	0	1	1	0	2	0	0	2	0	
0	2	2	0	2	1	1	3	0	0	3	0	1	0	0	0	1	2	0	0	2	1	0	0	0	0	1	0	
0	2	0	3	0	0	2	0	0	0	2	0	0	2	1	0	1	2	0	0	2	1	0	0	0	0	1	2	
0	2	1	0	2	1	0	0	0	0	2	0	0	2	0	0	1	2	0	0	2	1	0	2	0	0	1	2	
1	2	1	0	2	1	0	2	1	0	2	0	0	0	2	0	0	1	0	1	2	0	0	2	1	0	2	2	
0	2	2	0	2	1	0	2	1	0	2	0	3	0	0	0	1	2	0	0	0	1	0	2	0	0	1	2	
0	2	1	0	2	1	0	2	0	0	2	2	0	0	0	0	0	2	0	0	1	1	0	0	0	0	1	2	
0	2	1	0	2	0	0	3	0	2	2	0	0	0	0	0	1	2	2	3	3	3	1	2	0	0	1	2	
0	2	1	0	1	3	0	2	0	0	2	0	0	0	2	2	1	2	0	0	2	1	0	2	0	0	2	2	
0	0	1	3	2	1	0	2	0	0	3	0	0	0	0	0	1	1	0	3	3	0	0	2	0	0	1	0	
0	2	1	0	3	1	0	0	0	2	3	0	0	2	0	0	1	2	0	0	2	1	0	2	0	0	1	1	
0	2	2	0	2	1	0	3	0	0	2	0	0	0	0	0	1	1	0	0	2	1	0	2	0	0	0	0	
0	2	2	0	2	1	0	2	0	0	2	0	0	1	0	0	0	0	0	0	0	1	0	2	0	0	1	2	
0	1	1	0	2	1	2	2	0	0	2	0	0	0	0	2	1	2	0	0	2	1	0	0	1	2	1	1	
0	2	2	0	2	1	0	2	1	0	2	0	3	0	0	0	2	2	0	0	2	2	1	2	0	0	1	1	
0	1	1	0	2	1	0	3	0	1	3	0	3	2	0	0	1	2	0	0	0	1	0	2	0	0	0	2	
0	2	1	0	2	0	0	3	2	0	2	0	0	0	0	0	1	2	0	0	3	1	3	2	0	0	1	1	
0	0	1	0	0	1	1	2	0	0	2	0	0	0	0	0	1	2	0	0	2	3	0	0	0	0	1	2	
0	2	1	0	2	3	1	2	0	0	3	3	0	2	0	0	1	2	0	0	3	1	0	1	0	2	1	2	
0	1	1	3	2	2	1	2	0	0	2	0	0	0	0	0	1	2	0	3	2	0	0	0	0	0	0	2	
0	2	1	1	2	2	0	2	1	0	2	0	0	0	0	0	1	2	0	0	2	2	0	2	1	0	1	2	
0	2	0	0	2	1	0	3	0	0	2	0	0	0	0	2	2	2	0	3	2	1	0	2	0	0	2	2	
0	2	1	0	2	1	0	2	0	0	2	0	0	0	0	0	1	1	0	0	2	1	1	2	0	0	1	2	
1	1	1	0	3	0	0	2	0	0	2	0	0	0	0	0	1	2	0	0	2	3	0	2	1	0	1	2	
0	2	1	0	2	1	1	2	1	2	2	0	0	0	0	0	2	2	1	0	3	1	0	2	0	0	1	2	
0	0	1	0	2	0	0	2	2	2	3	0	0	0	0	0	1	1	0	0	2	1	1	2	0	0	1	1	
1	2	0	0	3	1	0	2	0	0	2	0	0	2	0	2	2	1	0	0	0	1	1	2	0	2	2	2	
0	2	1	0	2	1	0	3	1	0	3	0	0	2	2	2	1	2	2	0	2	2	0	2	0	0	2	1	
0	0	2	0	2	3	0	0	0	0	2	0	0	0	0	0	1	2	0	0	0	0	0	0	0	0	0	2	
0	0	2	0	2	1	0	2	0	0	2	0	0	0	2	0	1	2	0	0	2	2	1	2	0	0	0	1	
0	2	1	3	2	1	1	3	0	0	2	0	0	0	3	0	2	2	0	0	2	1	0	0	0	0	0	1	
0	0	1	0	3	1	0	0	0	2	2	0	0	0	3	2	1	2	1	0	2	1	0	0	1	2	1	2	
0	2	1	0	2	1	0	2	0	0	1	0	3	0	0	0	1	2	0	0	2	1	0	2	0	0	1	2	
0	2	1	0	1	1	0	2	0	0	2	0	0	0	0	0	2	2	0	0	2	1	1	2	0	2	1	2	
0	1	1	0	2	1	1	2	1	0	2	0	0	0	0	0	1	2	2	0	2	1	0	0	0	0	2	2	
0	0	1	0	2	1	0	2	0	0	2	0	0	0	0	0	1	2	0	0	0	1	0	2	0	0	1	2	
0	2	0	0	0	1	0	2	0	2	2	0	3	2	0	0	1	2	2	0	1	1	3	1	0	0	1	2	
0	1	0	0	2	0	0	2	0	1	2	0	0	0	0	0	1	1	0	0	0	1	0	1	0	0	0	2	
0	2	2	0	3	1	0	0	0	2	2	0	0	0	0	0	1	2	0	0	0	0	0	1	0	3	1	2	
0	0	1	0	2	1	0	2	0	0	2	0	0	0	2	0	1	2	0	0	2	1	0	1	0	0	1	2	
0	2	1	0	2	0	0	2	0	0	2	0	0	0	0	0	2	2	0	0	2	3	0	0	0	0	1	1	
0	2	0	0	2	0	1	2	1	0	2	0	0	1	2	0	2	2	0	0	2	2	1	2	0	3	1	2	
0	2	1	0	2	1	0	3	0	0	2	0	3	0	0	0	0	2	0	0	0	1	0	2	2	0	1	2	
0	0	1	0	2	3	0	2	0	0	3	0	0	0	0	0	1	2	0	0	3	1	0	1	0	2	1	2	
0	2	2	3	0	0	0	2	0	1	2	0	0	2	2	1	1	2	0	0	2	1	0	2	0	0	2	2	
0	1	1	0	2	1	1	2	0	0	2	0	0	0	2	0	1	1	0	0	0	1	0	2	1	0	0	0	
--------------------

--------------------
Best Solution Found!
--------------------
Time: 0 hour(s), 0 minute(s), 0 second(s), 859 millisecond(s)

Fitness: 296086

1	1	1	0	2	3	0	0	0	0	2	0	0	0	0	0	1	2	0	0	2	1	0	2	0	0	1	2	
0	2	1	3	2	1	0	2	1	2	2	0	0	0	0	0	1	2	0	0	2	1	1	1	0	2	1	2	
1	0	0	0	2	2	0	0	0	2	2	0	0	0	0	0	1	1	2	0	2	0	0	2	0	2	1	2	
1	2	2	0	2	3	0	2	0	0	2	0	0	0	0	0	1	2	0	1	2	1	0	2	0	0	1	2	
0	2	1	0	2	1	0	2	0	0	2	0	1	0	0	0	1	2	0	0	2	2	0	0	0	0	1	2	
0	2	1	0	2	0	2	0	0	0	1	0	3	0	0	0	2	2	0	3	2	1	1	2	0	0	1	2	
1	2	1	3	3	1	0	2	2	0	2	0	0	0	0	0	1	1	1	0	0	1	3	1	0	2	0	2	
0	2	1	3	2	1	0	0	1	0	2	0	0	0	2	0	1	2	0	0	2	0	0	1	0	0	1	2	
0	2	1	0	3	3	0	2	0	0	3	0	0	0	0	2	1	1	0	0	2	1	0	2	0	2	0	2	
0	1	2	1	0	1	0	0	0	2	2	0	0	1	2	0	1	2	0	3	1	3	0	2	0	0	1	2	
0	2	1	0	2	1	0	0	0	0	2	0	0	0	0	1	1	2	0	0	0	0	0	2	0	0	2	1	
1	2	1	0	2	0	0	3	1	0	2	0	0	2	2	0	1	2	0	3	2	1	0	1	0	0	1	2	
0	2	0	0	1	1	1	2	0	0	2	0	0	0	0	0	2	2	0	0	2	1	0	0	0	0	2	2	
3	2	1	0	0	1	1	2	0	0	3	0	0	0	0	0	1	2	0	0	2	1	0	2	0	0	1	1	
3	1	1	0	3	1	0	2	0	0	2	2	0	2	2	0	2	1	0	0	1	1	0	2	0	0	2	0	
0	2	2	0	2	1	1	3	0	0	3	0	1	0	0	0	1	2	0	0	2	1	0	0	0	0	1	0	
0	2	0	3	0	0	2	0	0	0	2	0	0	2	1	0	1	2	0	0	2	1	0	0	0	0	1	2	
0	2	1	0	2	1	0	0	0	0	2	0	0	2	0	0	1	2	0	0	2	1	0	2	0	0	1	2	
1	2	1	0	2	1	0	2	1	0	2	0	0	0	2	0	0	1	0	1	2	0	0	2	1	0	2	2	
0	2	2	0	2	1	0	2	1	0	2	0	3	0	0	0	1	2	0	0	0	1	0	2	0	0	1	2	
0	2	1	0	2	1	0	2	0	0	2	2	0	0	0	0	0	2	0	0	1	1	0	0	0	0	1	2	
0	2	1	0	2	0	0	3	0	2	2	0	0	0	0	0	1	2	2	3	3	3	1	2	0	0	1	2	
0	2	1	0	1	3	0	2	0	0	2	0	0	0	2	2	1	2	0	0	2	1	0	2	0	0	2	2	
0	0	1	3	2	1	0	2	0	0	3	0	0	0	0	0	1	1	0	3	3	0	0	2	0	0	1	0	
0	2	1	0	3	1	0	0	0	2	3	0	0	2	0	0	1	2	0	0	2	1	0	2	0	0	1	1	
0	2	2	0	2	1	0	3	0	0	2	0	0	0	0	0	1	1	0	0	2	1	0	2	0	0	0	0	
0	2	2	0	2	1	0	2	0	0	2	0	0	1	0	0	0	0	0	0	0	1	0	2	0	0	1	2	
0	1	1	0	2	1	2	2	0	0	2	0	0	0	0	2	1	2	0	0	2	1	0	0	1	2	1	1	
0	2	2	0	2	1	0	2	1	0	2	0	3	0	0	0	2	2	0	0	2	2	1	2	0	0	1	1	
0	1	1	0	2	1	0	3	0	1	3	0	3	2	0	0	1	2	0	0	0	1	0	2	0	0	0	2	
0	2	1	0	2	0	0	3	2	0	2	0	0	0	0	0	1	2	0	0	3	1	3	2	0	0	1	1	
0	0	1	0	0	1	1	2	0	0	2	0	0	0	0	0	1	2	0	0	2	3	0	0	0	0	1	2	
0	2	1	0	2	3	1	2	0	0	3	3	0	2	0	0	1	2	0	0	3	1	0	1	0	2	1	2	
0	1	1	3	2	2	1	2	0	0	2	0	0	0	0	0	1	2	0	3	2	0	0	0	0	0	0	2	
0	2	1	1	2	2	0	2	1	0	2	0	0	0	0	0	1	2	0	0	2	2	0	2	1	0	1	2	
0	2	0	0	2	1	0	3	0	0	2	0	0	0	0	2	2	2	0	3	2	1	0	2	0	0	2	2	
0	2	1	0	2	1	0	2	0	0	2	0	0	0	0	0	1	1	0	0	2	1	1	2	0	0	1	2	
1	1	1	0	3	0	0	2	0	0	2	0	0	0	0	0	1	2	0	0	2	3	0	2	1	0	1	2	
0	2	1	0	2	1	1	2	1	2	2	0	0	0	0	0	2	2	1	0	3	1	0	2	0	0	1	2	
0	0	1	0	2	0	0	2	2	2	3	0	0	0	0	0	1	1	0	0	2	1	1	2	0	0	1	1	
1	2	0	0	3	1	0	2	0	0	2	0	0	2	0	2	2	1	0	0	0	1	1	2	0	2	2	2	
0	2	1	0	2	1	0	3	1	0	3	0	0	2	2	2	1	2	2	0	2	2	0	2	0	0	2	1	
0	0	2	0	2	3	0	0	0	0	2	0	0	0	0	0	1	2	0	0	0	0	0	0	0	0	0	2	
0	0	2	0	2	1	0	2	0	0	2	0	0	0	2	0	1	2	0	0	2	2	1	2	0	0	0	1	
0	2	1	3	2	1	1	3	0	0	2	0	0	0	3	0	2	2	0	0	2	1	0	0	0	0	0	1	
0	0	1	0	3	1	0	0	0	2	2	0	0	0	3	2	1	2	1	0	2	1	0	0	1	2	1	2	
0	2	1	0	2	1	0	2	0	0	1	0	3	0	0	0	1	2	0	0	2	1	0	2	0	0	1	2	
0	2	1	0	1	1	0	2	0	0	2	0	0	0	0	0	2	2	0	0	2	1	1	2	0	2	1	2	
0	1	1	0	2	1	1	2	1	0	2	0	0	0	0	0	1	2	2	0	2	1	0	0	0	0	2	2	
0	0	1	0	2	1	0	2	0	0	2	0	0	0	0	0	1	2	0	0	0	1	0	2	0	0	1	2	
0	2	0	0	0	1	0	2	0	2	2	0	3	2	0	0	1	2	2	0	1	1	3	1	0	0	1	2	
0	1	0	0	2	0	0	2	0	1	2	0	0	0	0	0	1	1	0	0	0	1	0	1	0	0	0	2	
0	2	2	0	3	1	0	0	0	2	2	0	0	0	0	0	1	2	0	0	0	0	0	1	0	3	1	2	
0	0	1	0	2	1	0	2	0	0	2	0	0	0	2	0	1	2	0	0	2	1	0	1	0	0	1	2	
0	2	1	0	2	0	0	2	0	0	2	0	0	0	0	0	2	2	0	0	2	3	0	0	0	0	1	1	
0	2	0	0	2	0	1	2	1	0	2	0	0	1	2	0	2	2	0	0	2	2	1	2	0	3	1	2	
0	2	1	0	2	1	0	3	0	0	2	0	3	0	0	0	0	2	0	0	0	1	0	2	2	0	1	2	
0	0	1	0	2	3	0	2	0	0	3	0	0	0	0	0	1	2	0	0	3	1	0	1	0	2	1	2	
0	2	2	3	0	0	0	2	0	1	2	0	0	2	2	1	1	2	0	0	2	1	0	2	0	0	2	2	
0	1	1	0	2	1	1	2	0	0	2	0	0	0	2	0	1	1	0	0	0	1	0	2	1	0	0	0	
--------------------

--------------------
Best Solution Found!
--------------------
Time: 0 hour(s), 0 minute(s), 0 second(s), 874 millisecond(s)

Fitness: 296086

1	1	1	0	2	3	0	0	0	0	2	0	0	0	0	0	1	2	0	0	2	1	0	2	0	0	1	2	
0	2	1	3	2	1	0	2	1	2	2	0	0	0	0	0	1	2	0	0	2	1	1	1	0	2	1	2	
1	0	0	0	2	2	0	0	0	2	2	0	0	0	0	0	1	1	2	0	2	0	0	2	0	2	1	2	
1	2	2	0	2	3	0	2	0	0	2	0	0	0	0	0	1	2	0	1	2	1	0	2	0	0	1	2	
0	2	1	0	2	1	0	2	0	0	2	0	1	0	0	0	1	2	0	0	2	2	0	0	0	0	1	2	
0	2	1	0	2	0	2	0	0	0	1	0	3	0	0	0	2	2	0	3	2	1	1	2	0	0	1	2	
1	2	1	3	3	1	0	2	2	0	2	0	0	0	0	0	1	1	1	0	0	1	3	1	0	2	0	2	
0	2	1	3	2	1	0	0	1	0	2	0	0	0	2	0	1	2	0	0	2	0	0	1	0	0	1	2	
0	2	1	0	3	3	0	2	0	0	3	0	0	0	0	2	1	1	0	0	2	1	0	2	0	2	0	2	
0	1	2	1	0	1	0	0	0	2	2	0	0	1	2	0	1	2	0	3	1	3	0	2	0	0	1	2	
0	2	1	0	2	1	0	0	0	0	2	0	0	0	0	1	1	2	0	0	0	0	0	2	0	0	2	1	
1	2	1	0	2	0	0	3	1	0	2	0	0	2	2	0	1	2	0	3	2	1	0	1	0	0	1	2	
0	2	0	0	1	1	1	2	0	0	2	0	0	0	0	0	2	2	0	0	2	1	0	0	0	0	2	2	
3	2	1	0	0	1	1	2	0	0	3	0	0	0	0	0	1	2	0	0	2	1	0	2	0	0	1	1	
3	1	1	0	3	1	0	2	0	0	2	2	0	2	2	0	2	1	0	0	1	1	0	2	0	0	2	0	
0	2	2	0	2	1	1	3	0	0	3	0	1	0	0	0	1	2	0	0	2	1	0	0	0	0	1	0	
0	2	0	3	0	0	2	0	0	0	2	0	0	2	1	0	1	2	0	0	2	1	0	0	0	0	1	2	
0	2	1	0	2	1	0	0	0	0	2	0	0	2	0	0	1	2	0	0	2	1	0	2	0	0	1	2	
1	2	1	0	2	1	0	2	1	0	2	0	0	0	2	0	0	1	0	1	2	0	0	2	1	0	2	2	
0	2	2	0	2	1	0	2	1	0	2	0	3	0	0	0	1	2	0	0	0	1	0	2	0	0	1	2	
0	2	1	0	2	1	0	2	0	0	2	2	0	0	0	0	0	2	0	0	1	1	0	0	0	0	1	2	
0	2	1	0	2	0	0	3	0	2	2	0	0	0	0	0	1	2	2	3	3	3	1	2	0	0	1	2	
0	2	1	0	1	3	0	2	0	0	2	0	0	0	2	2	1	2	0	0	2	1	0	2	0	0	2	2	
0	0	1	3	2	1	0	2	0	0	3	0	0	0	0	0	1	1	0	3	3	0	0	2	0	0	1	0	
0	2	1	0	3	1	0	0	0	2	3	0	0	2	0	0	1	2	0	0	2	1	0	2	0	0	1	1	
0	2	2	0	2	1	0	3	0	0	2	0	0	0	0	0	1	1	0	0	2	1	0	2	0	0	0	0	
0	2	2	0	2	1	0	2	0	0	2	0	0	1	0	0	0	0	0	0	0	1	0	2	0	0	1	2	
0	1	1	0	2	1	2	2	0	0	2	0	0	0	0	2	1	2	0	0	2	1	0	0	1	2	1	1	
0	2	2	0	2	1	0	2	1	0	2	0	3	0	0	0	2	2	0	0	2	2	1	2	0	0	1	1	
0	1	1	0	2	1	0	3	0	1	3	0	3	2	0	0	1	2	0	0	0	1	0	2	0	0	0	2	
0	2	1	0	2	0	0	3	2	0	2	0	0	0	0	0	1	2	0	0	3	1	3	2	0	0	1	1	
0	0	1	0	0	1	1	2	0	0	2	0	0	0	0	0	1	2	0	0	2	3	0	0	0	0	1	2	
0	2	1	0	2	3	1	2	0	0	3	3	0	2	0	0	1	2	0	0	3	1	0	1	0	2	1	2	
0	1	1	3	2	2	1	2	0	0	2	0	0	0	0	0	1	2	0	3	2	0	0	0	0	0	0	2	
0	2	1	1	2	2	0	2	1	0	2	0	0	0	0	0	1	2	0	0	2	2	0	2	1	0	1	2	
0	2	0	0	2	1	0	3	0	0	2	0	0	0	0	2	2	2	0	3	2	1	0	2	0	0	2	2	
0	2	1	0	2	1	0	2	0	0	2	0	0	0	0	0	1	1	0	0	2	1	1	2	0	0	1	2	
1	1	1	0	3	0	0	2	0	0	2	0	0	0	0	0	1	2	0	0	2	3	0	2	1	0	1	2	
0	2	1	0	2	1	1	2	1	2	2	0	0	0	0	0	2	2	1	0	3	1	0	2	0	0	1	2	
0	0	1	0	2	0	0	2	2	2	3	0	0	0	0	0	1	1	0	0	2	1	1	2	0	0	1	1	
1	2	0	0	3	1	0	2	0	0	2	0	0	2	0	2	2	1	0	0	0	1	1	2	0	2	2	2	
0	2	1	0	2	1	0	3	1	0	3	0	0	2	2	2	1	2	2	0	2	2	0	2	0	0	2	1	
0	0	2	0	2	3	0	0	0	0	2	0	0	0	0	0	1	2	0	0	0	0	0	0	0	0	0	2	
0	0	2	0	2	1	0	2	0	0	2	0	0	0	2	0	1	2	0	0	2	2	1	2	0	0	0	1	
0	2	1	3	2	1	1	3	0	0	2	0	0	0	3	0	2	2	0	0	2	1	0	0	0	0	0	1	
0	0	1	0	3	1	0	0	0	2	2	0	0	0	3	2	1	2	1	0	2	1	0	0	1	2	1	2	
0	2	1	0	2	1	0	2	0	0	1	0	3	0	0	0	1	2	0	0	2	1	0	2	0	0	1	2	
0	2	1	0	1	1	0	2	0	0	2	0	0	0	0	0	2	2	0	0	2	1	1	2	0	2	1	2	
0	1	1	0	2	1	1	2	1	0	2	0	0	0	0	0	1	2	2	0	2	1	0	0	0	0	2	2	
0	0	1	0	2	1	0	2	0	0	2	0	0	0	0	0	1	2	0	0	0	1	0	2	0	0	1	2	
0	2	0	0	0	1	0	2	0	2	2	0	3	2	0	0	1	2	2	0	1	1	3	1	0	0	1	2	
0	1	0	0	2	0	0	2	0	1	2	0	0	0	0	0	1	1	0	0	0	1	0	1	0	0	0	2	
0	2	2	0	3	1	0	0	0	2	2	0	0	0	0	0	1	2	0	0	0	0	0	1	0	3	1	2	
0	0	1	0	2	1	0	2	0	0	2	0	0	0	2	0	1	2	0	0	2	1	0	1	0	0	1	2	
0	2	1	0	2	0	0	2	0	0	2	0	0	0	0	0	2	2	0	0	2	3	0	0	0	0	1	1	
0	2	0	0	2	0	1	2	1	0	2	0	0	1	2	0	2	2	0	0	2	2	1	2	0	3	1	2	
0	2	1	0	2	1	0	3	0	0	2	0	3	0	0	0	0	2	0	0	0	1	0	2	2	0	1	2	
0	0	1	0	2	3	0	2	0	0	3	0	0	0	0	0	1	2	0	0	3	1	0	1	0	2	1	2	
0	2	2	3	0	0	0	2	0	1	2	0	0	2	2	1	1	2	0	0	2	1	0	2	0	0	2	2	
0	1	1	0	2	1	1	2	0	0	2	0	0	0	2	0	1	1	0	0	0	1	0	2	1	0	0	0	
--------------------

--------------------
Best Solution Found!
--------------------
Time: 0 hour(s), 0 minute(s), 0 second(s), 880 millisecond(s)

Fitness: 287081

0	0	1	3	3	0	0	2	0	0	2	0	0	0	0	0	1	2	0	0	2	1	0	2	0	0	1	2	
0	2	2	0	2	1	1	0	1	2	2	0	0	0	0	0	1	2	0	0	2	1	1	1	0	2	1	2	
0	2	0	0	2	0	0	2	0	2	2	0	0	0	0	0	1	1	2	0	2	0	0	2	0	2	1	2	
0	2	2	0	2	1	0	0	0	0	2	0	0	0	0	0	1	2	0	1	2	1	0	2	0	0	1	2	
0	2	1	0	2	1	2	0	0	0	2	0	1	0	0	0	1	2	0	0	2	2	0	0	0	0	1	2	
0	2	1	0	0	1	0	2	0	0	1	0	3	0	0	0	2	2	0	3	2	1	1	2	0	0	1	2	
0	2	1	0	2	1	0	2	2	0	2	0	0	0	0	0	1	1	1	0	0	1	3	1	0	2	0	2	
1	0	0	3	2	1	1	2	1	0	2	0	0	0	2	0	1	2	0	0	2	0	0	1	0	0	1	2	
1	2	0	0	2	1	1	2	0	0	3	0	0	0	0	2	1	1	0	0	2	1	0	2	0	2	0	2	
1	2	0	0	2	1	0	2	0	2	2	0	0	1	2	0	1	2	0	3	1	3	0	2	0	0	1	2	
3	2	1	0	2	3	0	2	0	0	2	0	0	0	0	1	1	2	0	0	0	0	0	2	0	0	2	1	
1	2	1	0	0	1	0	3	1	0	2	0	0	2	2	0	1	2	0	3	2	1	0	1	0	0	1	2	
0	2	1	0	3	3	0	2	0	0	2	0	0	0	0	0	2	2	0	0	2	1	0	0	0	0	2	2	
0	2	1	0	2	3	1	2	0	0	3	0	0	0	0	0	1	2	0	0	2	1	0	2	0	0	1	1	
0	1	1	0	2	1	1	2	0	0	2	2	0	2	2	0	2	1	0	0	1	1	0	2	0	0	2	0	
0	1	1	0	2	2	0	0	0	0	3	0	1	0	0	0	1	2	0	0	2	1	0	0	0	0	1	0	
0	2	2	3	2	1	0	2	0	0	2	0	0	2	1	0	1	2	0	0	2	1	0	0	0	0	1	2	
0	2	2	0	2	1	0	2	0	0	2	0	0	2	0	0	1	2	0	0	2	1	0	2	0	0	1	2	
0	0	1	1	2	1	0	0	1	0	2	0	0	0	2	0	0	1	0	1	2	0	0	2	1	0	2	2	
0	0	1	0	2	1	0	2	1	0	2	0	3	0	0	0	1	2	0	0	0	1	0	2	0	0	1	2	
0	2	0	0	2	1	2	0	0	0	2	2	0	0	0	0	0	2	0	0	1	1	0	0	0	0	1	2	
0	2	1	0	2	3	0	3	0	2	2	0	0	0	0	0	1	2	2	3	3	3	1	2	0	0	1	2	
0	2	1	0	3	0	0	3	0	0	2	0	0	0	2	2	1	2	0	0	2	1	0	2	0	0	2	2	
0	0	1	0	2	3	0	2	0	0	3	0	0	0	0	0	1	1	0	3	3	0	0	2	0	0	1	0	
0	2	0	0	0	1	0	3	0	2	3	0	0	2	0	0	1	2	0	0	2	1	0	2	0	0	1	1	
0	2	1	0	1	1	0	2	0	0	2	0	0	0	0	0	1	1	0	0	2	1	0	2	0	0	0	0	
1	0	1	0	1	1	0	3	0	0	2	0	0	1	0	0	0	0	0	0	0	1	0	2	0	0	1	2	
0	2	1	0	2	1	0	2	0	0	2	0	0	0	0	2	1	2	0	0	2	1	0	0	1	2	1	1	
0	2	2	0	2	2	0	2	1	0	2	0	3	0	0	0	2	2	0	0	2	2	1	2	0	0	1	1	
0	2	1	0	2	0	0	2	0	1	3	0	3	2	0	0	1	2	0	0	0	1	0	2	0	0	0	2	
0	2	0	0	3	1	0	2	2	0	2	0	0	0	0	0	1	2	0	0	3	1	3	2	0	0	1	1	
0	1	1	3	2	1	0	2	0	0	2	0	0	0	0	0	1	2	0	0	2	3	0	0	0	0	1	2	
0	0	0	0	2	1	0	3	0	0	3	3	0	2	0	0	1	2	0	0	3	1	0	1	0	2	1	2	
0	2	1	0	2	1	0	2	0	0	2	0	0	0	0	0	1	2	0	3	2	0	0	0	0	0	0	2	
0	0	1	0	2	1	0	2	1	0	2	0	0	0	0	0	1	2	0	0	2	2	0	2	1	0	1	2	
0	2	2	1	2	0	2	2	0	0	2	0	0	0	0	2	2	2	0	3	2	1	0	2	0	0	2	2	
0	0	2	0	0	0	0	2	0	0	2	0	0	0	0	0	1	1	0	0	2	1	1	2	0	0	1	2	
0	2	1	0	2	1	0	0	0	0	2	0	0	0	0	0	1	2	0	0	2	3	0	2	1	0	1	2	
0	2	1	0	2	3	0	2	1	2	2	0	0	0	0	0	2	2	1	0	3	1	0	2	0	0	1	2	
0	1	2	0	2	0	0	0	2	2	3	0	0	0	0	0	1	1	0	0	2	1	1	2	0	0	1	1	
0	2	1	3	0	1	0	2	0	0	2	0	0	2	0	2	2	1	0	0	0	1	1	2	0	2	2	2	
0	1	1	0	1	1	0	2	1	0	3	0	0	2	2	2	1	2	2	0	2	2	0	2	0	0	2	1	
0	2	1	0	2	1	0	2	0	0	2	0	0	0	0	0	1	2	0	0	0	0	0	0	0	0	0	2	
1	2	1	0	2	1	1	2	0	0	2	0	0	0	2	0	1	2	0	0	2	2	1	2	0	0	0	1	
1	1	2	0	2	1	0	3	0	0	2	0	0	0	3	0	2	2	0	0	2	1	0	0	0	0	0	1	
0	0	1	0	0	1	1	3	0	2	2	0	0	0	3	2	1	2	1	0	2	1	0	0	1	2	1	2	
0	2	1	0	3	1	1	2	0	0	1	0	3	0	0	0	1	2	0	0	2	1	0	2	0	0	1	2	
0	1	2	0	3	1	0	2	0	0	2	0	0	0	0	0	2	2	0	0	2	1	1	2	0	2	1	2	
0	2	1	0	2	1	0	2	1	0	2	0	0	0	0	0	1	2	2	0	2	1	0	0	0	0	2	2	
0	2	2	0	2	0	0	0	0	0	2	0	0	0	0	0	1	2	0	0	0	1	0	2	0	0	1	2	
0	2	1	3	2	1	0	0	0	2	2	0	3	2	0	0	1	2	2	0	1	1	3	1	0	0	1	2	
0	2	1	0	3	3	1	3	0	1	2	0	0	0	0	0	1	1	0	0	0	1	0	1	0	0	0	2	
3	2	1	0	2	1	0	2	0	2	2	0	0	0	0	0	1	2	0	0	0	0	0	1	0	3	1	2	
0	2	1	0	2	1	0	0	0	0	2	0	0	0	2	0	1	2	0	0	2	1	0	1	0	0	1	2	
0	2	1	3	2	0	1	2	0	0	2	0	0	0	0	0	2	2	0	0	2	3	0	0	0	0	1	1	
0	2	1	0	2	1	0	2	1	0	2	0	0	1	2	0	2	2	0	0	2	2	1	2	0	3	1	2	
0	1	1	3	2	0	0	0	0	0	2	0	3	0	0	0	0	2	0	0	0	1	0	2	2	0	1	2	
0	2	1	0	2	2	0	2	0	0	3	0	0	0	0	0	1	2	0	0	3	1	0	1	0	2	1	2	
1	1	1	0	3	1	1	2	0	1	2	0	0	2	2	1	1	2	0	0	2	1	0	2	0	0	2	2	
0	1	1	0	2	0	0	3	0	0	2	0	0	0	2	0	1	1	0	0	0	1	0	2	1	0	0	0	
--------------------

--------------------
Best Solution Found!
--------------------
Time: 0 hour(s), 0 minute(s), 0 second(s), 885 millisecond(s)

Fitness: 287081

0	0	1	3	3	0	0	2	0	0	2	0	0	0	0	0	1	2	0	0	2	1	0	2	0	0	1	2	
0	2	2	0	2	1	1	0	1	2	2	0	0	0	0	0	1	2	0	0	2	1	1	1	0	2	1	2	
0	2	0	0	2	0	0	2	0	2	2	0	0	0	0	0	1	1	2	0	2	0	0	2	0	2	1	2	
0	2	2	0	2	1	0	0	0	0	2	0	0	0	0	0	1	2	0	1	2	1	0	2	0	0	1	2	
0	2	1	0	2	1	2	0	0	0	2	0	1	0	0	0	1	2	0	0	2	2	0	0	0	0	1	2	
0	2	1	0	0	1	0	2	0	0	1	0	3	0	0	0	2	2	0	3	2	1	1	2	0	0	1	2	
0	2	1	0	2	1	0	2	2	0	2	0	0	0	0	0	1	1	1	0	0	1	3	1	0	2	0	2	
1	0	0	3	2	1	1	2	1	0	2	0	0	0	2	0	1	2	0	0	2	0	0	1	0	0	1	2	
1	2	0	0	2	1	1	2	0	0	3	0	0	0	0	2	1	1	0	0	2	1	0	2	0	2	0	2	
1	2	0	0	2	1	0	2	0	2	2	0	0	1	2	0	1	2	0	3	1	3	0	2	0	0	1	2	
3	2	1	0	2	3	0	2	0	0	2	0	0	0	0	1	1	2	0	0	0	0	0	2	0	0	2	1	
1	2	1	0	0	1	0	3	1	0	2	0	0	2	2	0	1	2	0	3	2	1	0	1	0	0	1	2	
0	2	1	0	3	3	0	2	0	0	2	0	0	0	0	0	2	2	0	0	2	1	0	0	0	0	2	2	
0	2	1	0	2	3	1	2	0	0	3	0	0	0	0	0	1	2	0	0	2	1	0	2	0	0	1	1	
0	1	1	0	2	1	1	2	0	0	2	2	0	2	2	0	2	1	0	0	1	1	0	2	0	0	2	0	
0	1	1	0	2	2	0	0	0	0	3	0	1	0	0	0	1	2	0	0	2	1	0	0	0	0	1	0	
0	2	2	3	2	1	0	2	0	0	2	0	0	2	1	0	1	2	0	0	2	1	0	0	0	0	1	2	
0	2	2	0	2	1	0	2	0	0	2	0	0	2	0	0	1	2	0	0	2	1	0	2	0	0	1	2	
0	0	1	1	2	1	0	0	1	0	2	0	0	0	2	0	0	1	0	1	2	0	0	2	1	0	2	2	
0	0	1	0	2	1	0	2	1	0	2	0	3	0	0	0	1	2	0	0	0	1	0	2	0	0	1	2	
0	2	0	0	2	1	2	0	0	0	2	2	0	0	0	0	0	2	0	0	1	1	0	0	0	0	1	2	
0	2	1	0	2	3	0	3	0	2	2	0	0	0	0	0	1	2	2	3	3	3	1	2	0	0	1	2	
0	2	1	0	3	0	0	3	0	0	2	0	0	0	2	2	1	2	0	0	2	1	0	2	0	0	2	2	
0	0	1	0	2	3	0	2	0	0	3	0	0	0	0	0	1	1	0	3	3	0	0	2	0	0	1	0	
0	2	0	0	0	1	0	3	0	2	3	0	0	2	0	0	1	2	0	0	2	1	0	2	0	0	1	1	
0	2	1	0	1	1	0	2	0	0	2	0	0	0	0	0	1	1	0	0	2	1	0	2	0	0	0	0	
1	0	1	0	1	1	0	3	0	0	2	0	0	1	0	0	0	0	0	0	0	1	0	2	0	0	1	2	
0	2	1	0	2	1	0	2	0	0	2	0	0	0	0	2	1	2	0	0	2	1	0	0	1	2	1	1	
0	2	2	0	2	2	0	2	1	0	2	0	3	0	0	0	2	2	0	0	2	2	1	2	0	0	1	1	
0	2	1	0	2	0	0	2	0	1	3	0	3	2	0	0	1	2	0	0	0	1	0	2	0	0	0	2	
0	2	0	0	3	1	0	2	2	0	2	0	0	0	0	0	1	2	0	0	3	1	3	2	0	0	1	1	
0	1	1	3	2	1	0	2	0	0	2	0	0	0	0	0	1	2	0	0	2	3	0	0	0	0	1	2	
0	0	0	0	2	1	0	3	0	0	3	3	0	2	0	0	1	2	0	0	3	1	0	1	0	2	1	2	
0	2	1	0	2	1	0	2	0	0	2	0	0	0	0	0	1	2	0	3	2	0	0	0	0	0	0	2	
0	0	1	0	2	1	0	2	1	0	2	0	0	0	0	0	1	2	0	0	2	2	0	2	1	0	1	2	
0	2	2	1	2	0	2	2	0	0	2	0	0	0	0	2	2	2	0	3	2	1	0	2	0	0	2	2	
0	0	2	0	0	0	0	2	0	0	2	0	0	0	0	0	1	1	0	0	2	1	1	2	0	0	1	2	
0	2	1	0	2	1	0	0	0	0	2	0	0	0	0	0	1	2	0	0	2	3	0	2	1	0	1	2	
0	2	1	0	2	3	0	2	1	2	2	0	0	0	0	0	2	2	1	0	3	1	0	2	0	0	1	2	
0	1	2	0	2	0	0	0	2	2	3	0	0	0	0	0	1	1	0	0	2	1	1	2	0	0	1	1	
0	2	1	3	0	1	0	2	0	0	2	0	0	2	0	2	2	1	0	0	0	1	1	2	0	2	2	2	
0	1	1	0	1	1	0	2	1	0	3	0	0	2	2	2	1	2	2	0	2	2	0	2	0	0	2	1	
0	2	1	0	2	1	0	2	0	0	2	0	0	0	0	0	1	2	0	0	0	0	0	0	0	0	0	2	
1	2	1	0	2	1	1	2	0	0	2	0	0	0	2	0	1	2	0	0	2	2	1	2	0	0	0	1	
1	1	2	0	2	1	0	3	0	0	2	0	0	0	3	0	2	2	0	0	2	1	0	0	0	0	0	1	
0	0	1	0	0	1	1	3	0	2	2	0	0	0	3	2	1	2	1	0	2	1	0	0	1	2	1	2	
0	2	1	0	3	1	1	2	0	0	1	0	3	0	0	0	1	2	0	0	2	1	0	2	0	0	1	2	
0	1	2	0	3	1	0	2	0	0	2	0	0	0	0	0	2	2	0	0	2	1	1	2	0	2	1	2	
0	2	1	0	2	1	0	2	1	0	2	0	0	0	0	0	1	2	2	0	2	1	0	0	0	0	2	2	
0	2	2	0	2	0	0	0	0	0	2	0	0	0	0	0	1	2	0	0	0	1	0	2	0	0	1	2	
0	2	1	3	2	1	0	0	0	2	2	0	3	2	0	0	1	2	2	0	1	1	3	1	0	0	1	2	
0	2	1	0	3	3	1	3	0	1	2	0	0	0	0	0	1	1	0	0	0	1	0	1	0	0	0	2	
3	2	1	0	2	1	0	2	0	2	2	0	0	0	0	0	1	2	0	0	0	0	0	1	0	3	1	2	
0	2	1	0	2	1	0	0	0	0	2	0	0	0	2	0	1	2	0	0	2	1	0	1	0	0	1	2	
0	2	1	3	2	0	1	2	0	0	2	0	0	0	0	0	2	2	0	0	2	3	0	0	0	0	1	1	
0	2	1	0	2	1	0	2	1	0	2	0	0	1	2	0	2	2	0	0	2	2	1	2	0	3	1	2	
0	1	1	3	2	0	0	0	0	0	2	0	3	0	0	0	0	2	0	0	0	1	0	2	2	0	1	2	
0	2	1	0	2	2	0	2	0	0	3	0	0	0	0	0	1	2	0	0	3	1	0	1	0	2	1	2	
1	1	1	0	3	1	1	2	0	1	2	0	0	2	2	1	1	2	0	0	2	1	0	2	0	0	2	2	
0	1	1	0	2	0	0	3	0	0	2	0	0	0	2	0	1	1	0	0	0	1	0	2	1	0	0	0	
--------------------

--------------------
Best Solution Found!
--------------------
Time: 0 hour(s), 0 minute(s), 0 second(s), 913 millisecond(s)

Fitness: 287081

0	0	1	3	3	0	0	2	0	0	2	0	0	0	0	0	1	2	0	0	2	1	0	2	0	0	1	2	
0	2	2	0	2	1	1	0	1	2	2	0	0	0	0	0	1	2	0	0	2	1	1	1	0	2	1	2	
0	2	0	0	2	0	0	2	0	2	2	0	0	0	0	0	1	1	2	0	2	0	0	2	0	2	1	2	
0	2	2	0	2	1	0	0	0	0	2	0	0	0	0	0	1	2	0	1	2	1	0	2	0	0	1	2	
0	2	1	0	2	1	2	0	0	0	2	0	1	0	0	0	1	2	0	0	2	2	0	0	0	0	1	2	
0	2	1	0	0	1	0	2	0	0	1	0	3	0	0	0	2	2	0	3	2	1	1	2	0	0	1	2	
0	2	1	0	2	1	0	2	2	0	2	0	0	0	0	0	1	1	1	0	0	1	3	1	0	2	0	2	
1	0	0	3	2	1	1	2	1	0	2	0	0	0	2	0	1	2	0	0	2	0	0	1	0	0	1	2	
1	2	0	0	2	1	1	2	0	0	3	0	0	0	0	2	1	1	0	0	2	1	0	2	0	2	0	2	
1	2	0	0	2	1	0	2	0	2	2	0	0	1	2	0	1	2	0	3	1	3	0	2	0	0	1	2	
3	2	1	0	2	3	0	2	0	0	2	0	0	0	0	1	1	2	0	0	0	0	0	2	0	0	2	1	
1	2	1	0	0	1	0	3	1	0	2	0	0	2	2	0	1	2	0	3	2	1	0	1	0	0	1	2	
0	2	1	0	3	3	0	2	0	0	2	0	0	0	0	0	2	2	0	0	2	1	0	0	0	0	2	2	
0	2	1	0	2	3	1	2	0	0	3	0	0	0	0	0	1	2	0	0	2	1	0	2	0	0	1	1	
0	1	1	0	2	1	1	2	0	0	2	2	0	2	2	0	2	1	0	0	1	1	0	2	0	0	2	0	
0	1	1	0	2	2	0	0	0	0	3	0	1	0	0	0	1	2	0	0	2	1	0	0	0	0	1	0	
0	2	2	3	2	1	0	2	0	0	2	0	0	2	1	0	1	2	0	0	2	1	0	0	0	0	1	2	
0	2	2	0	2	1	0	2	0	0	2	0	0	2	0	0	1	2	0	0	2	1	0	2	0	0	1	2	
0	0	1	1	2	1	0	0	1	0	2	0	0	0	2	0	0	1	0	1	2	0	0	2	1	0	2	2	
0	0	1	0	2	1	0	2	1	0	2	0	3	0	0	0	1	2	0	0	0	1	0	2	0	0	1	2	
0	2	0	0	2	1	2	0	0	0	2	2	0	0	0	0	0	2	0	0	1	1	0	0	0	0	1	2	
0	2	1	0	2	3	0	3	0	2	2	0	0	0	0	0	1	2	2	3	3	3	1	2	0	0	1	2	
0	2	1	0	3	0	0	3	0	0	2	0	0	0	2	2	1	2	0	0	2	1	0	2	0	0	2	2	
0	0	1	0	2	3	0	2	0	0	3	0	0	0	0	0	1	1	0	3	3	0	0	2	0	0	1	0	
0	2	0	0	0	1	0	3	0	2	3	0	0	2	0	0	1	2	0	0	2	1	0	2	0	0	1	1	
0	2	1	0	1	1	0	2	0	0	2	0	0	0	0	0	1	1	0	0	2	1	0	2	0	0	0	0	
1	0	1	0	1	1	0	3	0	0	2	0	0	1	0	0	0	0	0	0	0	1	0	2	0	0	1	2	
0	2	1	0	2	1	0	2	0	0	2	0	0	0	0	2	1	2	0	0	2	1	0	0	1	2	1	1	
0	2	2	0	2	2	0	2	1	0	2	0	3	0	0	0	2	2	0	0	2	2	1	2	0	0	1	1	
0	2	1	0	2	0	0	2	0	1	3	0	3	2	0	0	1	2	0	0	0	1	0	2	0	0	0	2	
0	2	0	0	3	1	0	2	2	0	2	0	0	0	0	0	1	2	0	0	3	1	3	2	0	0	1	1	
0	1	1	3	2	1	0	2	0	0	2	0	0	0	0	0	1	2	0	0	2	3	0	0	0	0	1	2	
0	0	0	0	2	1	0	3	0	0	3	3	0	2	0	0	1	2	0	0	3	1	0	1	0	2	1	2	
0	2	1	0	2	1	0	2	0	0	2	0	0	0	0	0	1	2	0	3	2	0	0	0	0	0	0	2	
0	0	1	0	2	1	0	2	1	0	2	0	0	0	0	0	1	2	0	0	2	2	0	2	1	0	1	2	
0	2	2	1	2	0	2	2	0	0	2	0	0	0	0	2	2	2	0	3	2	1	0	2	0	0	2	2	
0	0	2	0	0	0	0	2	0	0	2	0	0	0	0	0	1	1	0	0	2	1	1	2	0	0	1	2	
0	2	1	0	2	1	0	0	0	0	2	0	0	0	0	0	1	2	0	0	2	3	0	2	1	0	1	2	
0	2	1	0	2	3	0	2	1	2	2	0	0	0	0	0	2	2	1	0	3	1	0	2	0	0	1	2	
0	1	2	0	2	0	0	0	2	2	3	0	0	0	0	0	1	1	0	0	2	1	1	2	0	0	1	1	
0	2	1	3	0	1	0	2	0	0	2	0	0	2	0	2	2	1	0	0	0	1	1	2	0	2	2	2	
0	1	1	0	1	1	0	2	1	0	3	0	0	2	2	2	1	2	2	0	2	2	0	2	0	0	2	1	
0	2	1	0	2	1	0	2	0	0	2	0	0	0	0	0	1	2	0	0	0	0	0	0	0	0	0	2	
1	2	1	0	2	1	1	2	0	0	2	0	0	0	2	0	1	2	0	0	2	2	1	2	0	0	0	1	
1	1	2	0	2	1	0	3	0	0	2	0	0	0	3	0	2	2	0	0	2	1	0	0	0	0	0	1	
0	0	1	0	0	1	1	3	0	2	2	0	0	0	3	2	1	2	1	0	2	1	0	0	1	2	1	2	
0	2	1	0	3	1	1	2	0	0	1	0	3	0	0	0	1	2	0	0	2	1	0	2	0	0	1	2	
0	1	2	0	3	1	0	2	0	0	2	0	0	0	0	0	2	2	0	0	2	1	1	2	0	2	1	2	
0	2	1	0	2	1	0	2	1	0	2	0	0	0	0	0	1	2	2	0	2	1	0	0	0	0	2	2	
0	2	2	0	2	0	0	0	0	0	2	0	0	0	0	0	1	2	0	0	0	1	0	2	0	0	1	2	
0	2	1	3	2	1	0	0	0	2	2	0	3	2	0	0	1	2	2	0	1	1	3	1	0	0	1	2	
0	2	1	0	3	3	1	3	0	1	2	0	0	0	0	0	1	1	0	0	0	1	0	1	0	0	0	2	
3	2	1	0	2	1	0	2	0	2	2	0	0	0	0	0	1	2	0	0	0	0	0	1	0	3	1	2	
0	2	1	0	2	1	0	0	0	0	2	0	0	0	2	0	1	2	0	0	2	1	0	1	0	0	1	2	
0	2	1	3	2	0	1	2	0	0	2	0	0	0	0	0	2	2	0	0	2	3	0	0	0	0	1	1	
0	2	1	0	2	1	0	2	1	0	2	0	0	1	2	0	2	2	0	0	2	2	1	2	0	3	1	2	
0	1	1	3	2	0	0	0	0	0	2	0	3	0	0	0	0	2	0	0	0	1	0	2	2	0	1	2	
0	2	1	0	2	2	0	2	0	0	3	0	0	0	0	0	1	2	0	0	3	1	0	1	0	2	1	2	
1	1	1	0	3	1	1	2	0	1	2	0	0	2	2	1	1	2	0	0	2	1	0	2	0	0	2	2	
0	1	1	0	2	0	0	3	0	0	2	0	0	0	2	0	1	1	0	0	0	1	0	2	1	0	0	0	
--------------------

--------------------
Best Solution Found!
--------------------
Time: 0 hour(s), 7 minute(s), 42 second(s), 554 millisecond(s)

Fitness: 286102

0	1	2	0	2	0	0	0	0	0	2	0	0	0	2	0	1	2	1	0	0	1	0	2	0	2	2	2	
0	2	2	0	2	1	0	2	0	0	2	0	0	0	0	1	1	2	0	0	2	1	1	1	0	2	1	2	
1	1	1	0	1	1	0	0	1	2	2	0	0	0	0	0	1	2	0	0	2	1	1	2	0	0	1	2	
0	0	1	0	2	1	0	2	0	0	2	0	0	0	0	0	1	1	0	0	3	1	0	0	1	0	1	2	
0	2	0	3	3	0	0	2	0	0	2	0	0	0	0	0	0	1	0	0	2	1	0	2	0	0	0	0	
0	2	1	0	3	0	0	2	0	0	3	0	0	0	2	2	1	2	0	0	2	1	0	0	0	0	1	1	
0	0	1	0	2	1	0	2	0	1	2	0	0	2	2	0	2	2	0	0	3	0	0	2	0	0	2	2	
0	2	2	0	2	1	1	2	0	0	3	0	0	0	0	0	1	2	0	0	2	0	0	2	0	2	1	2	
0	2	1	0	2	1	2	3	0	0	2	0	0	2	2	0	0	2	2	3	2	1	0	1	0	0	1	0	
0	2	1	0	2	1	0	0	2	2	2	0	0	0	0	0	2	2	0	0	2	1	0	2	0	0	0	2	
0	2	1	0	2	1	1	2	0	0	2	0	0	1	0	0	1	1	0	0	2	3	0	2	0	0	1	2	
0	2	1	0	1	1	0	2	0	0	2	0	0	0	0	0	2	2	2	0	0	1	0	2	0	2	1	2	
0	2	1	0	2	1	1	3	0	0	2	0	3	0	3	0	1	1	0	3	2	1	0	2	0	3	2	1	
0	2	2	0	3	3	0	2	0	0	2	0	0	0	0	0	2	2	0	0	2	2	3	2	0	0	1	2	
0	0	2	0	2	2	0	2	0	2	2	0	0	0	0	0	1	2	0	0	2	1	0	1	0	0	1	2	
0	2	0	0	2	1	0	2	1	0	2	0	0	2	0	0	0	2	2	0	2	3	0	1	0	0	0	2	
0	1	1	0	2	0	1	2	0	0	3	2	1	0	0	0	1	2	0	0	2	1	0	0	0	0	2	2	
0	2	1	0	2	1	0	3	1	0	2	0	0	1	0	0	1	2	0	0	2	1	0	2	0	2	1	0	
0	2	2	0	2	0	0	2	1	0	2	0	0	0	3	0	1	2	0	0	0	0	0	2	0	0	1	1	
0	2	1	0	2	1	0	2	0	0	2	0	0	0	2	0	2	1	0	0	0	1	0	2	0	0	2	2	
1	2	1	0	2	3	0	3	0	2	2	0	3	0	2	0	2	2	0	0	2	1	0	2	0	0	2	2	
0	2	1	0	2	0	1	2	0	0	2	0	0	0	0	0	1	2	0	3	2	1	0	2	0	0	1	2	
0	2	1	0	2	3	0	0	0	0	2	0	0	0	0	0	2	2	0	0	2	3	0	2	1	2	1	2	
0	2	1	0	2	0	0	2	0	1	2	0	0	0	0	2	2	2	0	0	0	1	0	2	0	2	1	2	
0	2	1	1	2	1	0	2	0	0	3	0	0	0	0	0	1	2	0	1	2	2	0	2	1	0	2	2	
0	2	1	3	0	1	0	3	1	0	3	0	0	0	0	0	1	2	2	0	2	2	0	1	0	0	1	2	
0	1	1	0	2	0	0	0	0	2	2	0	0	0	0	0	1	2	0	0	0	0	1	2	0	0	1	2	
1	2	0	0	2	0	0	2	0	0	2	0	0	2	2	0	1	2	0	0	2	2	0	1	0	0	1	2	
0	2	1	0	2	1	0	2	1	0	2	0	0	0	0	0	2	2	0	0	0	1	0	2	0	0	1	1	
1	2	2	0	2	1	1	2	0	2	1	0	0	0	0	2	1	1	0	0	0	1	0	2	2	0	0	2	
1	2	1	0	0	1	0	2	1	1	2	0	0	2	0	0	1	1	0	0	0	1	0	0	0	0	1	2	
3	1	0	0	0	2	0	3	1	0	2	0	3	2	0	2	1	2	0	0	2	0	0	2	0	0	1	2	
0	0	1	3	2	3	0	2	0	0	2	0	0	0	2	0	1	2	0	0	2	1	1	0	0	0	0	0	
0	0	0	0	2	1	2	2	0	0	3	0	0	0	0	2	1	0	0	0	2	1	0	0	1	3	0	2	
0	0	0	3	3	1	0	3	1	0	2	0	0	0	0	0	1	2	0	0	2	1	0	2	0	0	2	2	
0	2	1	0	2	3	0	2	0	2	2	0	3	2	1	0	1	1	1	0	2	1	0	2	0	0	1	2	
0	2	1	0	2	1	0	0	0	0	2	0	0	0	2	0	1	2	0	0	3	1	0	2	0	0	0	1	
0	1	1	0	3	1	0	2	0	2	2	0	3	0	0	0	1	2	0	0	2	1	1	0	0	0	1	1	
0	0	2	0	2	1	0	2	0	0	2	0	0	0	0	0	1	1	0	1	2	1	0	2	0	0	0	2	
0	2	1	0	1	1	0	2	0	0	2	2	0	0	0	0	1	2	0	3	3	1	0	1	1	0	1	2	
0	1	1	3	2	1	0	2	0	0	2	0	0	2	0	0	1	2	0	0	2	1	1	0	0	0	1	2	
3	1	1	0	2	1	0	0	0	0	2	0	0	1	0	1	1	2	2	0	0	1	3	2	0	0	1	2	
0	2	1	1	3	1	0	2	2	0	2	0	0	0	0	0	1	2	0	0	2	1	3	2	0	2	1	1	
0	2	1	0	0	2	0	2	0	0	2	0	0	2	0	0	1	1	0	0	2	0	0	0	0	0	2	2	
1	2	1	0	2	1	0	2	0	0	2	0	0	0	0	0	1	2	0	0	2	1	0	2	0	0	1	1	
0	2	2	0	2	3	1	2	0	0	2	0	0	0	2	0	1	2	1	3	3	2	0	2	1	0	1	2	
0	2	1	0	0	1	1	2	1	0	2	0	0	0	0	0	1	2	0	3	2	1	1	2	0	0	1	2	
0	2	2	0	2	1	1	0	0	0	3	0	1	0	0	0	1	2	0	0	0	0	0	2	0	0	1	2	
0	2	1	3	2	1	0	3	2	0	2	0	0	0	0	0	1	2	0	0	0	1	1	2	0	2	1	2	
0	2	1	0	2	0	0	2	0	0	3	0	0	0	0	0	1	2	0	0	1	2	0	0	0	0	1	2	
0	1	1	0	2	1	1	2	0	0	2	0	3	0	2	2	1	2	0	0	2	3	0	2	0	0	1	2	
0	2	2	3	3	1	2	2	0	0	1	0	0	2	2	0	1	1	0	0	1	1	0	0	0	0	2	0	
0	0	0	3	3	1	0	2	0	0	2	0	0	0	0	0	0	2	0	0	2	0	0	2	0	0	1	1	
0	2	1	0	2	1	0	0	1	0	3	3	3	0	0	0	1	2	0	0	1	1	0	2	0	0	0	2	
0	0	1	0	0	0	0	0	0	0	3	0	0	0	0	0	1	2	0	3	2	1	0	0	0	0	1	2	
1	1	1	0	2	1	0	3	0	0	2	0	0	0	0	0	1	2	0	0	1	1	1	1	0	0	0	1	
0	2	1	0	2	1	1	3	0	2	2	0	0	0	0	0	1	2	0	0	3	1	0	1	0	0	1	1	
1	0	0	0	2	1	0	0	0	0	2	0	0	0	0	0	2	2	0	0	2	3	0	2	0	0	1	2	
0	2	1	0	2	3	0	0	0	2	2	0	0	2	0	0	2	2	0	0	2	1	1	1	0	0	1	2	
0	2	1	0	2	1	0	2	0	0	2	0	0	0	0	2	1	1	0	0	2	1	0	0	0	2	1	2	
--------------------

--------------------
Best Solution Found!
--------------------
Time: 0 hour(s), 7 minute(s), 42 second(s), 560 millisecond(s)

Fitness: 286102

0	1	2	0	2	0	0	0	0	0	2	0	0	0	2	0	1	2	1	0	0	1	0	2	0	2	2	2	
0	2	2	0	2	1	0	2	0	0	2	0	0	0	0	1	1	2	0	0	2	1	1	1	0	2	1	2	
1	1	1	0	1	1	0	0	1	2	2	0	0	0	0	0	1	2	0	0	2	1	1	2	0	0	1	2	
0	0	1	0	2	1	0	2	0	0	2	0	0	0	0	0	1	1	0	0	3	1	0	0	1	0	1	2	
0	2	0	3	3	0	0	2	0	0	2	0	0	0	0	0	0	1	0	0	2	1	0	2	0	0	0	0	
0	2	1	0	3	0	0	2	0	0	3	0	0	0	2	2	1	2	0	0	2	1	0	0	0	0	1	1	
0	0	1	0	2	1	0	2	0	1	2	0	0	2	2	0	2	2	0	0	3	0	0	2	0	0	2	2	
0	2	2	0	2	1	1	2	0	0	3	0	0	0	0	0	1	2	0	0	2	0	0	2	0	2	1	2	
0	2	1	0	2	1	2	3	0	0	2	0	0	2	2	0	0	2	2	3	2	1	0	1	0	0	1	0	
0	2	1	0	2	1	0	0	2	2	2	0	0	0	0	0	2	2	0	0	2	1	0	2	0	0	0	2	
0	2	1	0	2	1	1	2	0	0	2	0	0	1	0	0	1	1	0	0	2	3	0	2	0	0	1	2	
0	2	1	0	1	1	0	2	0	0	2	0	0	0	0	0	2	2	2	0	0	1	0	2	0	2	1	2	
0	2	1	0	2	1	1	3	0	0	2	0	3	0	3	0	1	1	0	3	2	1	0	2	0	3	2	1	
0	2	2	0	3	3	0	2	0	0	2	0	0	0	0	0	2	2	0	0	2	2	3	2	0	0	1	2	
0	0	2	0	2	2	0	2	0	2	2	0	0	0	0	0	1	2	0	0	2	1	0	1	0	0	1	2	
0	2	0	0	2	1	0	2	1	0	2	0	0	2	0	0	0	2	2	0	2	3	0	1	0	0	0	2	
0	1	1	0	2	0	1	2	0	0	3	2	1	0	0	0	1	2	0	0	2	1	0	0	0	0	2	2	
0	2	1	0	2	1	0	3	1	0	2	0	0	1	0	0	1	2	0	0	2	1	0	2	0	2	1	0	
0	2	2	0	2	0	0	2	1	0	2	0	0	0	3	0	1	2	0	0	0	0	0	2	0	0	1	1	
0	2	1	0	2	1	0	2	0	0	2	0	0	0	2	0	2	1	0	0	0	1	0	2	0	0	2	2	
1	2	1	0	2	3	0	3	0	2	2	0	3	0	2	0	2	2	0	0	2	1	0	2	0	0	2	2	
0	2	1	0	2	0	1	2	0	0	2	0	0	0	0	0	1	2	0	3	2	1	0	2	0	0	1	2	
0	2	1	0	2	3	0	0	0	0	2	0	0	0	0	0	2	2	0	0	2	3	0	2	1	2	1	2	
0	2	1	0	2	0	0	2	0	1	2	0	0	0	0	2	2	2	0	0	0	1	0	2	0	2	1	2	
0	2	1	1	2	1	0	2	0	0	3	0	0	0	0	0	1	2	0	1	2	2	0	2	1	0	2	2	
0	2	1	3	0	1	0	3	1	0	3	0	0	0	0	0	1	2	2	0	2	2	0	1	0	0	1	2	
0	1	1	0	2	0	0	0	0	2	2	0	0	0	0	0	1	2	0	0	0	0	1	2	0	0	1	2	
1	2	0	0	2	0	0	2	0	0	2	0	0	2	2	0	1	2	0	0	2	2	0	1	0	0	1	2	
0	2	1	0	2	1	0	2	1	0	2	0	0	0	0	0	2	2	0	0	0	1	0	2	0	0	1	1	
1	2	2	0	2	1	1	2	0	2	1	0	0	0	0	2	1	1	0	0	0	1	0	2	2	0	0	2	
1	2	1	0	0	1	0	2	1	1	2	0	0	2	0	0	1	1	0	0	0	1	0	0	0	0	1	2	
3	1	0	0	0	2	0	3	1	0	2	0	3	2	0	2	1	2	0	0	2	0	0	2	0	0	1	2	
0	0	1	3	2	3	0	2	0	0	2	0	0	0	2	0	1	2	0	0	2	1	1	0	0	0	0	0	
0	0	0	0	2	1	2	2	0	0	3	0	0	0	0	2	1	0	0	0	2	1	0	0	1	3	0	2	
0	0	0	3	3	1	0	3	1	0	2	0	0	0	0	0	1	2	0	0	2	1	0	2	0	0	2	2	
0	2	1	0	2	3	0	2	0	2	2	0	3	2	1	0	1	1	1	0	2	1	0	2	0	0	1	2	
0	2	1	0	2	1	0	0	0	0	2	0	0	0	2	0	1	2	0	0	3	1	0	2	0	0	0	1	
0	1	1	0	3	1	0	2	0	2	2	0	3	0	0	0	1	2	0	0	2	1	1	0	0	0	1	1	
0	0	2	0	2	1	0	2	0	0	2	0	0	0	0	0	1	1	0	1	2	1	0	2	0	0	0	2	
0	2	1	0	1	1	0	2	0	0	2	2	0	0	0	0	1	2	0	3	3	1	0	1	1	0	1	2	
0	1	1	3	2	1	0	2	0	0	2	0	0	2	0	0	1	2	0	0	2	1	1	0	0	0	1	2	
3	1	1	0	2	1	0	0	0	0	2	0	0	1	0	1	1	2	2	0	0	1	3	2	0	0	1	2	
0	2	1	1	3	1	0	2	2	0	2	0	0	0	0	0	1	2	0	0	2	1	3	2	0	2	1	1	
0	2	1	0	0	2	0	2	0	0	2	0	0	2	0	0	1	1	0	0	2	0	0	0	0	0	2	2	
1	2	1	0	2	1	0	2	0	0	2	0	0	0	0	0	1	2	0	0	2	1	0	2	0	0	1	1	
0	2	2	0	2	3	1	2	0	0	2	0	0	0	2	0	1	2	1	3	3	2	0	2	1	0	1	2	
0	2	1	0	0	1	1	2	1	0	2	0	0	0	0	0	1	2	0	3	2	1	1	2	0	0	1	2	
0	2	2	0	2	1	1	0	0	0	3	0	1	0	0	0	1	2	0	0	0	0	0	2	0	0	1	2	
0	2	1	3	2	1	0	3	2	0	2	0	0	0	0	0	1	2	0	0	0	1	1	2	0	2	1	2	
0	2	1	0	2	0	0	2	0	0	3	0	0	0	0	0	1	2	0	0	1	2	0	0	0	0	1	2	
0	1	1	0	2	1	1	2	0	0	2	0	3	0	2	2	1	2	0	0	2	3	0	2	0	0	1	2	
0	2	2	3	3	1	2	2	0	0	1	0	0	2	2	0	1	1	0	0	1	1	0	0	0	0	2	0	
0	0	0	3	3	1	0	2	0	0	2	0	0	0	0	0	0	2	0	0	2	0	0	2	0	0	1	1	
0	2	1	0	2	1	0	0	1	0	3	3	3	0	0	0	1	2	0	0	1	1	0	2	0	0	0	2	
0	0	1	0	0	0	0	0	0	0	3	0	0	0	0	0	1	2	0	3	2	1	0	0	0	0	1	2	
1	1	1	0	2	1	0	3	0	0	2	0	0	0	0	0	1	2	0	0	1	1	1	1	0	0	0	1	
0	2	1	0	2	1	1	3	0	2	2	0	0	0	0	0	1	2	0	0	3	1	0	1	0	0	1	1	
1	0	0	0	2	1	0	0	0	0	2	0	0	0	0	0	2	2	0	0	2	3	0	2	0	0	1	2	
0	2	1	0	2	3	0	0	0	2	2	0	0	2	0	0	2	2	0	0	2	1	1	1	0	0	1	2	
0	2	1	0	2	1	0	2	0	0	2	0	0	0	0	2	1	1	0	0	2	1	0	0	0	2	1	2	
--------------------


The best solution was found at the restart: 7, population: 0
Total Time Elapsed: 0 hour(s), 27 minute(s), 20 second(s), 654 millisecond(s)

