--------------------
Best Solution Found!
--------------------
Time: 0 hour(s), 0 minute(s), 0 second(s), 6 millisecond(s)

Fitness: 74225

0	2	0	0	0	0	0	
0	0	0	2	0	0	0	
0	0	1	0	0	0	0	
0	1	2	0	0	0	0	
0	1	2	0	0	0	2	
0	0	0	0	0	0	0	
1	0	0	0	0	0	0	
3	1	0	0	2	0	1	
3	1	0	2	0	0	0	
1	0	0	0	0	2	2	
0	0	0	1	0	0	0	
0	0	0	0	0	0	0	
0	0	0	0	0	3	0	
0	0	0	0	0	0	1	
0	0	0	0	0	3	0	
0	0	0	0	0	0	0	
3	1	0	0	3	0	0	
1	2	2	0	0	0	0	
3	0	0	0	0	0	0	
0	0	0	1	0	0	0	
3	2	0	1	0	0	3	
0	0	0	0	0	0	0	
0	0	0	0	0	0	0	
3	0	0	0	0	0	0	
0	0	0	0	0	0	0	
0	0	0	0	0	0	0	
0	1	0	0	0	0	0	
3	0	0	0	0	0	0	
1	0	1	2	0	2	3	
0	0	0	0	0	0	2	
3	1	0	2	0	0	0	
3	2	0	0	0	0	0	
0	0	0	0	0	0	1	
0	0	0	0	0	0	0	
0	0	0	0	0	0	0	
0	0	0	1	0	1	1	
0	0	0	0	2	0	0	
0	0	1	0	0	0	0	
0	0	0	0	0	0	0	
0	0	0	1	0	0	2	
0	0	0	0	0	0	1	
3	0	0	0	0	0	0	
1	0	0	0	0	0	0	
0	0	2	0	0	0	0	
0	2	0	0	0	0	1	
0	0	0	0	0	0	0	
0	0	0	0	0	0	0	
1	0	0	0	0	1	0	
0	1	0	2	0	0	1	
0	1	0	0	0	3	0	
0	0	0	0	0	0	0	
0	2	0	0	0	0	0	
1	0	0	0	0	0	0	
1	0	0	1	0	0	0	
0	0	0	1	0	0	0	
0	0	0	0	0	0	1	
0	0	1	1	0	0	1	
0	0	0	1	0	0	0	
0	0	0	0	0	0	0	
0	2	0	2	0	3	0	
0	0	0	0	0	0	1	
0	0	0	0	0	0	0	
0	0	2	0	0	0	0	
0	0	0	0	0	3	1	
0	0	1	1	0	0	0	
0	0	0	0	0	0	0	
0	1	0	0	0	0	0	
0	2	2	0	0	0	0	
0	1	0	0	0	0	0	
3	0	0	2	0	3	0	
0	0	0	0	0	0	0	
0	1	0	0	0	3	0	
0	0	0	2	0	3	1	
1	0	0	0	0	0	0	
1	2	0	1	0	0	0	
--------------------

--------------------
Best Solution Found!
--------------------
Time: 0 hour(s), 0 minute(s), 0 second(s), 8 millisecond(s)

Fitness: 74220

3	2	0	0	0	0	0	
0	0	0	2	0	0	0	
0	1	1	0	0	0	0	
0	0	2	0	0	0	0	
0	0	2	0	0	0	2	
1	1	0	0	0	0	0	
0	2	0	0	0	0	0	
0	2	0	0	2	0	1	
3	0	0	2	0	0	0	
0	2	0	0	0	2	2	
0	0	0	1	0	0	0	
0	0	0	0	0	0	0	
3	0	0	0	0	3	0	
0	0	0	0	0	0	1	
0	0	0	0	0	3	0	
0	0	0	0	0	0	0	
0	0	0	0	3	0	0	
1	0	2	0	0	0	0	
0	0	0	0	0	0	0	
0	2	0	1	0	0	0	
1	0	0	1	0	0	3	
1	1	0	0	0	0	0	
3	0	0	0	0	0	0	
0	0	0	0	0	0	0	
0	0	0	0	0	0	0	
0	0	0	0	0	0	0	
0	0	0	0	0	0	0	
0	0	0	0	0	0	0	
0	1	1	2	0	2	3	
0	1	0	0	0	0	2	
0	0	0	2	0	0	0	
0	0	0	0	0	0	0	
0	1	0	0	0	0	1	
0	0	0	0	0	0	0	
0	0	0	0	0	0	0	
0	0	0	1	0	1	1	
3	1	0	0	2	0	0	
1	0	1	0	0	0	0	
0	2	0	0	0	0	0	
0	0	0	1	0	0	2	
3	0	0	0	0	0	1	
0	2	0	0	0	0	0	
3	0	0	0	0	0	0	
0	0	2	0	0	0	0	
3	0	0	0	0	0	1	
0	1	0	0	0	0	0	
0	0	0	0	0	0	0	
0	0	0	0	0	1	0	
0	0	0	2	0	0	1	
0	0	0	0	0	3	0	
0	1	0	0	0	0	0	
0	0	0	0	0	0	0	
1	0	0	0	0	0	0	
0	0	0	1	0	0	0	
0	0	0	1	0	0	0	
0	0	0	0	0	0	1	
1	0	1	1	0	0	1	
0	0	0	1	0	0	0	
0	2	0	0	0	0	0	
0	0	0	2	0	3	0	
0	0	0	0	0	0	1	
0	1	0	0	0	0	0	
0	0	2	0	0	0	0	
0	0	0	0	0	3	1	
3	2	1	1	0	0	0	
1	0	0	0	0	0	0	
0	0	0	0	0	0	0	
0	0	2	0	0	0	0	
0	1	0	0	0	0	0	
0	0	0	2	0	3	0	
1	0	0	0	0	0	0	
3	0	0	0	0	3	0	
0	0	0	2	0	3	1	
3	0	0	0	0	0	0	
1	1	0	1	0	0	0	
--------------------

--------------------
Best Solution Found!
--------------------
Time: 0 hour(s), 0 minute(s), 0 second(s), 57 millisecond(s)

Fitness: 73246

0	0	0	0	0	0	0	
0	0	0	0	0	0	0	
0	2	1	0	0	0	0	
3	0	0	0	0	0	0	
0	0	0	0	0	2	0	
0	0	0	0	0	0	0	
1	1	2	0	0	3	3	
0	0	2	2	0	0	3	
1	0	0	2	0	0	0	
1	0	0	0	0	0	0	
0	0	0	1	0	0	0	
0	0	0	0	0	0	1	
0	0	0	0	0	0	0	
0	0	0	0	0	0	0	
0	0	0	0	0	3	0	
0	2	0	0	0	0	0	
0	0	0	0	0	3	1	
0	0	0	0	0	0	0	
0	0	0	2	0	0	0	
0	0	0	1	0	3	0	
3	0	0	0	3	0	0	
0	1	0	0	0	0	0	
0	0	0	0	0	0	0	
1	0	0	0	0	0	0	
0	0	0	0	0	0	0	
0	0	0	1	0	0	0	
0	2	1	0	0	0	0	
0	0	1	0	0	3	1	
0	0	0	1	0	0	0	
0	0	0	1	0	0	0	
0	2	2	0	0	0	2	
0	0	0	0	0	0	1	
1	0	0	0	0	0	0	
0	0	0	0	2	0	2	
0	1	0	1	0	0	0	
1	0	0	0	0	0	2	
0	0	0	0	2	0	0	
3	0	0	0	0	0	0	
0	1	0	0	0	0	0	
3	0	0	0	0	0	0	
3	0	0	0	0	0	0	
0	0	0	0	0	0	0	
1	0	0	0	0	0	0	
3	0	1	0	0	2	0	
3	1	0	1	0	0	1	
0	0	0	0	0	0	0	
1	0	0	0	0	0	0	
0	0	2	0	0	0	0	
0	0	1	0	0	0	0	
0	2	0	0	0	0	0	
0	0	0	0	0	3	0	
0	1	0	2	0	3	0	
3	0	0	0	0	0	0	
3	2	2	1	0	1	0	
0	1	0	0	0	0	0	
1	1	0	1	0	0	1	
0	2	0	0	0	0	0	
1	0	0	1	0	0	0	
0	0	0	2	0	0	1	
0	1	0	0	0	0	1	
0	0	0	0	0	0	1	
0	1	0	0	0	0	0	
0	1	0	0	0	0	0	
0	2	0	0	0	0	0	
0	0	0	0	0	0	1	
0	0	0	0	0	0	0	
0	0	0	0	0	0	1	
0	0	0	0	0	0	0	
0	0	0	2	0	0	0	
0	1	0	1	0	0	0	
0	0	0	0	0	0	1	
0	2	0	2	0	0	0	
3	0	0	2	0	3	0	
0	0	2	0	0	1	0	
3	0	0	0	0	0	2	
--------------------

--------------------
Best Solution Found!
--------------------
Time: 0 hour(s), 0 minute(s), 0 second(s), 61 millisecond(s)

Fitness: 73246

0	0	0	0	0	0	0	
0	0	0	0	0	0	0	
0	2	1	0	0	0	0	
3	0	0	0	0	0	0	
0	0	0	0	0	2	0	
0	0	0	0	0	0	0	
1	1	2	0	0	3	3	
0	0	2	2	0	0	3	
1	0	0	2	0	0	0	
1	0	0	0	0	0	0	
0	0	0	1	0	0	0	
0	0	0	0	0	0	1	
0	0	0	0	0	0	0	
0	0	0	0	0	0	0	
0	0	0	0	0	3	0	
0	2	0	0	0	0	0	
0	0	0	0	0	3	1	
0	0	0	0	0	0	0	
0	0	0	2	0	0	0	
0	0	0	1	0	3	0	
3	0	0	0	3	0	0	
0	1	0	0	0	0	0	
0	0	0	0	0	0	0	
1	0	0	0	0	0	0	
0	0	0	0	0	0	0	
0	0	0	1	0	0	0	
0	2	1	0	0	0	0	
0	0	1	0	0	3	1	
0	0	0	1	0	0	0	
0	0	0	1	0	0	0	
0	2	2	0	0	0	2	
0	0	0	0	0	0	1	
1	0	0	0	0	0	0	
0	0	0	0	2	0	2	
0	1	0	1	0	0	0	
1	0	0	0	0	0	2	
0	0	0	0	2	0	0	
3	0	0	0	0	0	0	
0	1	0	0	0	0	0	
3	0	0	0	0	0	0	
3	0	0	0	0	0	0	
0	0	0	0	0	0	0	
1	0	0	0	0	0	0	
3	0	1	0	0	2	0	
3	1	0	1	0	0	1	
0	0	0	0	0	0	0	
1	0	0	0	0	0	0	
0	0	2	0	0	0	0	
0	0	1	0	0	0	0	
0	2	0	0	0	0	0	
0	0	0	0	0	3	0	
0	1	0	2	0	3	0	
3	0	0	0	0	0	0	
3	2	2	1	0	1	0	
0	1	0	0	0	0	0	
1	1	0	1	0	0	1	
0	2	0	0	0	0	0	
1	0	0	1	0	0	0	
0	0	0	2	0	0	1	
0	1	0	0	0	0	1	
0	0	0	0	0	0	1	
0	1	0	0	0	0	0	
0	1	0	0	0	0	0	
0	2	0	0	0	0	0	
0	0	0	0	0	0	1	
0	0	0	0	0	0	0	
0	0	0	0	0	0	1	
0	0	0	0	0	0	0	
0	0	0	2	0	0	0	
0	1	0	1	0	0	0	
0	0	0	0	0	0	1	
0	2	0	2	0	0	0	
3	0	0	2	0	3	0	
0	0	2	0	0	1	0	
3	0	0	0	0	0	2	
--------------------

--------------------
Best Solution Found!
--------------------
Time: 0 hour(s), 0 minute(s), 0 second(s), 63 millisecond(s)

Fitness: 73246

0	0	0	0	0	0	0	
0	0	0	0	0	0	0	
0	2	1	0	0	0	0	
3	0	0	0	0	0	0	
0	0	0	0	0	2	0	
0	0	0	0	0	0	0	
1	1	2	0	0	3	3	
0	0	2	2	0	0	3	
1	0	0	2	0	0	0	
1	0	0	0	0	0	0	
0	0	0	1	0	0	0	
0	0	0	0	0	0	1	
0	0	0	0	0	0	0	
0	0	0	0	0	0	0	
0	0	0	0	0	3	0	
0	2	0	0	0	0	0	
0	0	0	0	0	3	1	
0	0	0	0	0	0	0	
0	0	0	2	0	0	0	
0	0	0	1	0	3	0	
3	0	0	0	3	0	0	
0	1	0	0	0	0	0	
0	0	0	0	0	0	0	
1	0	0	0	0	0	0	
0	0	0	0	0	0	0	
0	0	0	1	0	0	0	
0	2	1	0	0	0	0	
0	0	1	0	0	3	1	
0	0	0	1	0	0	0	
0	0	0	1	0	0	0	
0	2	2	0	0	0	2	
0	0	0	0	0	0	1	
1	0	0	0	0	0	0	
0	0	0	0	2	0	2	
0	1	0	1	0	0	0	
1	0	0	0	0	0	2	
0	0	0	0	2	0	0	
3	0	0	0	0	0	0	
0	1	0	0	0	0	0	
3	0	0	0	0	0	0	
3	0	0	0	0	0	0	
0	0	0	0	0	0	0	
1	0	0	0	0	0	0	
3	0	1	0	0	2	0	
3	1	0	1	0	0	1	
0	0	0	0	0	0	0	
1	0	0	0	0	0	0	
0	0	2	0	0	0	0	
0	0	1	0	0	0	0	
0	2	0	0	0	0	0	
0	0	0	0	0	3	0	
0	1	0	2	0	3	0	
3	0	0	0	0	0	0	
3	2	2	1	0	1	0	
0	1	0	0	0	0	0	
1	1	0	1	0	0	1	
0	2	0	0	0	0	0	
1	0	0	1	0	0	0	
0	0	0	2	0	0	1	
0	1	0	0	0	0	1	
0	0	0	0	0	0	1	
0	1	0	0	0	0	0	
0	1	0	0	0	0	0	
0	2	0	0	0	0	0	
0	0	0	0	0	0	1	
0	0	0	0	0	0	0	
0	0	0	0	0	0	1	
0	0	0	0	0	0	0	
0	0	0	2	0	0	0	
0	1	0	1	0	0	0	
0	0	0	0	0	0	1	
0	2	0	2	0	0	0	
3	0	0	2	0	3	0	
0	0	2	0	0	1	0	
3	0	0	0	0	0	2	
--------------------

--------------------
Best Solution Found!
--------------------
Time: 0 hour(s), 0 minute(s), 0 second(s), 65 millisecond(s)

Fitness: 73222

1	0	0	0	0	3	0	
0	0	0	0	0	0	2	
0	0	0	0	0	0	0	
0	0	0	0	0	0	0	
0	2	0	0	0	0	0	
0	0	0	0	0	0	0	
0	0	0	0	0	0	0	
0	2	0	0	0	0	1	
0	0	0	0	0	3	0	
0	0	0	0	0	0	0	
3	1	0	2	0	0	0	
0	0	0	2	0	0	2	
3	0	0	0	0	0	0	
1	0	0	0	0	0	0	
0	0	0	1	0	0	0	
0	1	0	1	0	0	0	
0	0	0	0	0	0	0	
0	0	0	1	0	1	0	
0	1	0	0	0	0	0	
3	0	0	0	0	0	1	
0	0	0	0	0	0	0	
1	0	0	0	0	0	0	
0	2	1	0	3	3	1	
0	0	0	0	0	0	0	
0	0	2	2	0	0	1	
0	1	0	0	2	0	0	
0	0	0	1	0	0	0	
0	0	0	0	0	3	0	
1	0	1	0	0	0	0	
1	1	2	0	0	0	0	
0	0	0	0	0	0	2	
0	1	0	0	0	0	2	
3	0	0	1	0	0	1	
0	2	0	1	0	2	0	
0	2	0	0	0	0	0	
0	0	0	0	0	0	0	
0	0	0	0	0	0	0	
0	2	0	0	0	0	0	
3	0	2	2	2	0	3	
0	0	0	2	0	0	0	
1	1	0	0	0	3	0	
0	0	0	0	0	0	0	
1	0	0	0	0	0	0	
3	0	0	0	0	0	1	
3	0	0	0	0	0	0	
0	0	0	2	0	0	1	
0	0	0	2	0	3	0	
0	0	1	0	0	0	0	
0	0	0	1	0	0	3	
3	0	0	0	0	3	0	
3	0	0	0	0	0	0	
0	0	0	0	0	0	0	
0	0	0	1	0	0	0	
1	2	0	2	0	0	1	
3	1	0	0	0	0	1	
0	2	0	0	0	0	1	
0	1	0	0	0	0	0	
0	0	2	0	0	0	0	
0	0	2	0	0	0	1	
0	0	2	1	0	0	0	
0	2	0	0	0	3	0	
0	1	0	0	0	0	1	
0	0	0	0	0	0	0	
3	0	0	0	0	0	0	
0	0	0	1	0	0	0	
0	0	1	0	0	0	0	
0	0	1	0	0	0	0	
0	0	0	0	0	0	0	
0	0	0	0	0	1	0	
0	0	0	0	0	0	0	
0	0	0	0	0	2	0	
0	0	0	0	0	0	0	
1	1	0	0	0	0	0	
1	0	0	1	0	0	0	
0	1	0	0	0	0	0	
--------------------

--------------------
Best Solution Found!
--------------------
Time: 0 hour(s), 0 minute(s), 0 second(s), 69 millisecond(s)

Fitness: 73222

1	0	0	0	0	3	0	
0	0	0	0	0	0	2	
0	0	0	0	0	0	0	
0	0	0	0	0	0	0	
0	2	0	0	0	0	0	
0	0	0	0	0	0	0	
0	0	0	0	0	0	0	
0	2	0	0	0	0	1	
0	0	0	0	0	3	0	
0	0	0	0	0	0	0	
3	1	0	2	0	0	0	
0	0	0	2	0	0	2	
3	0	0	0	0	0	0	
1	0	0	0	0	0	0	
0	0	0	1	0	0	0	
0	1	0	1	0	0	0	
0	0	0	0	0	0	0	
0	0	0	1	0	1	0	
0	1	0	0	0	0	0	
3	0	0	0	0	0	1	
0	0	0	0	0	0	0	
1	0	0	0	0	0	0	
0	2	1	0	3	3	1	
0	0	0	0	0	0	0	
0	0	2	2	0	0	1	
0	1	0	0	2	0	0	
0	0	0	1	0	0	0	
0	0	0	0	0	3	0	
1	0	1	0	0	0	0	
1	1	2	0	0	0	0	
0	0	0	0	0	0	2	
0	1	0	0	0	0	2	
3	0	0	1	0	0	1	
0	2	0	1	0	2	0	
0	2	0	0	0	0	0	
0	0	0	0	0	0	0	
0	0	0	0	0	0	0	
0	2	0	0	0	0	0	
3	0	2	2	2	0	3	
0	0	0	2	0	0	0	
1	1	0	0	0	3	0	
0	0	0	0	0	0	0	
1	0	0	0	0	0	0	
3	0	0	0	0	0	1	
3	0	0	0	0	0	0	
0	0	0	2	0	0	1	
0	0	0	2	0	3	0	
0	0	1	0	0	0	0	
0	0	0	1	0	0	3	
3	0	0	0	0	3	0	
3	0	0	0	0	0	0	
0	0	0	0	0	0	0	
0	0	0	1	0	0	0	
1	2	0	2	0	0	1	
3	1	0	0	0	0	1	
0	2	0	0	0	0	1	
0	1	0	0	0	0	0	
0	0	2	0	0	0	0	
0	0	2	0	0	0	1	
0	0	2	1	0	0	0	
0	2	0	0	0	3	0	
0	1	0	0	0	0	1	
0	0	0	0	0	0	0	
3	0	0	0	0	0	0	
0	0	0	1	0	0	0	
0	0	1	0	0	0	0	
0	0	1	0	0	0	0	
0	0	0	0	0	0	0	
0	0	0	0	0	1	0	
0	0	0	0	0	0	0	
0	0	0	0	0	2	0	
0	0	0	0	0	0	0	
1	1	0	0	0	0	0	
1	0	0	1	0	0	0	
0	1	0	0	0	0	0	
--------------------

--------------------
Best Solution Found!
--------------------
Time: 0 hour(s), 0 minute(s), 0 second(s), 72 millisecond(s)

Fitness: 73222

1	0	0	0	0	3	0	
0	0	0	0	0	0	2	
0	0	0	0	0	0	0	
0	0	0	0	0	0	0	
0	2	0	0	0	0	0	
0	0	0	0	0	0	0	
0	0	0	0	0	0	0	
0	2	0	0	0	0	1	
0	0	0	0	0	3	0	
0	0	0	0	0	0	0	
3	1	0	2	0	0	0	
0	0	0	2	0	0	2	
3	0	0	0	0	0	0	
1	0	0	0	0	0	0	
0	0	0	1	0	0	0	
0	1	0	1	0	0	0	
0	0	0	0	0	0	0	
0	0	0	1	0	1	0	
0	1	0	0	0	0	0	
3	0	0	0	0	0	1	
0	0	0	0	0	0	0	
1	0	0	0	0	0	0	
0	2	1	0	3	3	1	
0	0	0	0	0	0	0	
0	0	2	2	0	0	1	
0	1	0	0	2	0	0	
0	0	0	1	0	0	0	
0	0	0	0	0	3	0	
1	0	1	0	0	0	0	
1	1	2	0	0	0	0	
0	0	0	0	0	0	2	
0	1	0	0	0	0	2	
3	0	0	1	0	0	1	
0	2	0	1	0	2	0	
0	2	0	0	0	0	0	
0	0	0	0	0	0	0	
0	0	0	0	0	0	0	
0	2	0	0	0	0	0	
3	0	2	2	2	0	3	
0	0	0	2	0	0	0	
1	1	0	0	0	3	0	
0	0	0	0	0	0	0	
1	0	0	0	0	0	0	
3	0	0	0	0	0	1	
3	0	0	0	0	0	0	
0	0	0	2	0	0	1	
0	0	0	2	0	3	0	
0	0	1	0	0	0	0	
0	0	0	1	0	0	3	
3	0	0	0	0	3	0	
3	0	0	0	0	0	0	
0	0	0	0	0	0	0	
0	0	0	1	0	0	0	
1	2	0	2	0	0	1	
3	1	0	0	0	0	1	
0	2	0	0	0	0	1	
0	1	0	0	0	0	0	
0	0	2	0	0	0	0	
0	0	2	0	0	0	1	
0	0	2	1	0	0	0	
0	2	0	0	0	3	0	
0	1	0	0	0	0	1	
0	0	0	0	0	0	0	
3	0	0	0	0	0	0	
0	0	0	1	0	0	0	
0	0	1	0	0	0	0	
0	0	1	0	0	0	0	
0	0	0	0	0	0	0	
0	0	0	0	0	1	0	
0	0	0	0	0	0	0	
0	0	0	0	0	2	0	
0	0	0	0	0	0	0	
1	1	0	0	0	0	0	
1	0	0	1	0	0	0	
0	1	0	0	0	0	0	
--------------------

--------------------
Best Solution Found!
--------------------
Time: 0 hour(s), 0 minute(s), 0 second(s), 74 millisecond(s)

Fitness: 73222

1	0	0	0	0	3	0	
0	0	0	0	0	0	2	
0	0	0	0	0	0	0	
0	0	0	0	0	0	0	
0	2	0	0	0	0	0	
0	0	0	0	0	0	0	
0	0	0	0	0	0	0	
0	2	0	0	0	0	1	
0	0	0	0	0	3	0	
0	0	0	0	0	0	0	
3	1	0	2	0	0	0	
0	0	0	2	0	0	2	
3	0	0	0	0	0	0	
1	0	0	0	0	0	0	
0	0	0	1	0	0	0	
0	1	0	1	0	0	0	
0	0	0	0	0	0	0	
0	0	0	1	0	1	0	
0	1	0	0	0	0	0	
3	0	0	0	0	0	1	
0	0	0	0	0	0	0	
1	0	0	0	0	0	0	
0	2	1	0	3	3	1	
0	0	0	0	0	0	0	
0	0	2	2	0	0	1	
0	1	0	0	2	0	0	
0	0	0	1	0	0	0	
0	0	0	0	0	3	0	
1	0	1	0	0	0	0	
1	1	2	0	0	0	0	
0	0	0	0	0	0	2	
0	1	0	0	0	0	2	
3	0	0	1	0	0	1	
0	2	0	1	0	2	0	
0	2	0	0	0	0	0	
0	0	0	0	0	0	0	
0	0	0	0	0	0	0	
0	2	0	0	0	0	0	
3	0	2	2	2	0	3	
0	0	0	2	0	0	0	
1	1	0	0	0	3	0	
0	0	0	0	0	0	0	
1	0	0	0	0	0	0	
3	0	0	0	0	0	1	
3	0	0	0	0	0	0	
0	0	0	2	0	0	1	
0	0	0	2	0	3	0	
0	0	1	0	0	0	0	
0	0	0	1	0	0	3	
3	0	0	0	0	3	0	
3	0	0	0	0	0	0	
0	0	0	0	0	0	0	
0	0	0	1	0	0	0	
1	2	0	2	0	0	1	
3	1	0	0	0	0	1	
0	2	0	0	0	0	1	
0	1	0	0	0	0	0	
0	0	2	0	0	0	0	
0	0	2	0	0	0	1	
0	0	2	1	0	0	0	
0	2	0	0	0	3	0	
0	1	0	0	0	0	1	
0	0	0	0	0	0	0	
3	0	0	0	0	0	0	
0	0	0	1	0	0	0	
0	0	1	0	0	0	0	
0	0	1	0	0	0	0	
0	0	0	0	0	0	0	
0	0	0	0	0	1	0	
0	0	0	0	0	0	0	
0	0	0	0	0	2	0	
0	0	0	0	0	0	0	
1	1	0	0	0	0	0	
1	0	0	1	0	0	0	
0	1	0	0	0	0	0	
--------------------

--------------------
Best Solution Found!
--------------------
Time: 0 hour(s), 0 minute(s), 0 second(s), 78 millisecond(s)

Fitness: 73214

0	0	0	0	0	3	0	
0	0	0	0	0	0	2	
0	0	0	0	0	0	0	
0	0	0	0	0	0	0	
0	2	0	0	0	0	0	
0	0	0	0	0	0	0	
0	0	0	0	0	0	0	
3	2	0	0	0	0	1	
0	0	0	0	0	3	0	
0	0	0	0	0	0	0	
3	1	0	2	0	0	0	
0	0	0	2	0	0	2	
0	0	0	0	0	0	0	
0	0	0	0	0	0	0	
0	0	0	1	0	0	0	
0	1	0	1	0	0	0	
0	0	0	0	0	0	0	
3	0	0	1	0	1	0	
0	1	0	0	0	0	0	
3	0	0	0	0	0	1	
0	0	0	0	0	0	0	
0	0	0	0	0	0	0	
0	2	1	0	3	3	1	
0	0	0	0	0	0	0	
0	0	2	2	0	0	1	
0	1	0	0	2	0	0	
0	0	0	1	0	0	0	
1	0	0	0	0	3	0	
0	0	1	0	0	0	0	
0	1	2	0	0	0	0	
0	0	0	0	0	0	2	
0	1	0	0	0	0	2	
0	0	0	1	0	0	1	
0	2	0	1	0	2	0	
1	2	0	0	0	0	0	
0	0	0	0	0	0	0	
0	0	0	0	0	0	0	
3	2	0	0	0	0	0	
1	0	2	2	2	0	3	
0	0	0	2	0	0	0	
3	1	0	0	0	3	0	
3	0	0	0	0	0	0	
3	0	0	0	0	0	0	
0	0	0	0	0	0	1	
0	0	0	0	0	0	0	
3	0	0	2	0	0	1	
1	0	0	2	0	3	0	
0	0	1	0	0	0	0	
1	0	0	1	0	0	3	
0	0	0	0	0	3	0	
0	0	0	0	0	0	0	
0	0	0	0	0	0	0	
3	0	0	1	0	0	0	
0	2	0	2	0	0	1	
0	1	0	0	0	0	1	
1	2	0	0	0	0	1	
0	1	0	0	0	0	0	
0	0	2	0	0	0	0	
0	0	2	0	0	0	1	
0	0	2	1	0	0	0	
1	2	0	0	0	3	0	
0	1	0	0	0	0	1	
0	0	0	0	0	0	0	
0	0	0	0	0	0	0	
0	0	0	1	0	0	0	
1	0	1	0	0	0	0	
0	0	1	0	0	0	0	
0	0	0	0	0	0	0	
0	0	0	0	0	1	0	
3	0	0	0	0	0	0	
1	0	0	0	0	2	0	
1	0	0	0	0	0	0	
0	1	0	0	0	0	0	
0	0	0	1	0	0	0	
0	1	0	0	0	0	0	
--------------------

--------------------
Best Solution Found!
--------------------
Time: 0 hour(s), 0 minute(s), 0 second(s), 79 millisecond(s)

Fitness: 73214

0	0	0	0	0	3	0	
0	0	0	0	0	0	2	
0	0	0	0	0	0	0	
0	0	0	0	0	0	0	
0	2	0	0	0	0	0	
0	0	0	0	0	0	0	
0	0	0	0	0	0	0	
3	2	0	0	0	0	1	
0	0	0	0	0	3	0	
0	0	0	0	0	0	0	
3	1	0	2	0	0	0	
0	0	0	2	0	0	2	
0	0	0	0	0	0	0	
0	0	0	0	0	0	0	
0	0	0	1	0	0	0	
0	1	0	1	0	0	0	
0	0	0	0	0	0	0	
3	0	0	1	0	1	0	
0	1	0	0	0	0	0	
3	0	0	0	0	0	1	
0	0	0	0	0	0	0	
0	0	0	0	0	0	0	
0	2	1	0	3	3	1	
0	0	0	0	0	0	0	
0	0	2	2	0	0	1	
0	1	0	0	2	0	0	
0	0	0	1	0	0	0	
1	0	0	0	0	3	0	
0	0	1	0	0	0	0	
0	1	2	0	0	0	0	
0	0	0	0	0	0	2	
0	1	0	0	0	0	2	
0	0	0	1	0	0	1	
0	2	0	1	0	2	0	
1	2	0	0	0	0	0	
0	0	0	0	0	0	0	
0	0	0	0	0	0	0	
3	2	0	0	0	0	0	
1	0	2	2	2	0	3	
0	0	0	2	0	0	0	
3	1	0	0	0	3	0	
3	0	0	0	0	0	0	
3	0	0	0	0	0	0	
0	0	0	0	0	0	1	
0	0	0	0	0	0	0	
3	0	0	2	0	0	1	
1	0	0	2	0	3	0	
0	0	1	0	0	0	0	
1	0	0	1	0	0	3	
0	0	0	0	0	3	0	
0	0	0	0	0	0	0	
0	0	0	0	0	0	0	
3	0	0	1	0	0	0	
0	2	0	2	0	0	1	
0	1	0	0	0	0	1	
1	2	0	0	0	0	1	
0	1	0	0	0	0	0	
0	0	2	0	0	0	0	
0	0	2	0	0	0	1	
0	0	2	1	0	0	0	
1	2	0	0	0	3	0	
0	1	0	0	0	0	1	
0	0	0	0	0	0	0	
0	0	0	0	0	0	0	
0	0	0	1	0	0	0	
1	0	1	0	0	0	0	
0	0	1	0	0	0	0	
0	0	0	0	0	0	0	
0	0	0	0	0	1	0	
3	0	0	0	0	0	0	
1	0	0	0	0	2	0	
1	0	0	0	0	0	0	
0	1	0	0	0	0	0	
0	0	0	1	0	0	0	
0	1	0	0	0	0	0	
--------------------

--------------------
Best Solution Found!
--------------------
Time: 0 hour(s), 0 minute(s), 0 second(s), 81 millisecond(s)

Fitness: 73214

0	0	0	0	0	3	0	
0	0	0	0	0	0	2	
0	0	0	0	0	0	0	
0	0	0	0	0	0	0	
0	2	0	0	0	0	0	
0	0	0	0	0	0	0	
0	0	0	0	0	0	0	
3	2	0	0	0	0	1	
0	0	0	0	0	3	0	
0	0	0	0	0	0	0	
3	1	0	2	0	0	0	
0	0	0	2	0	0	2	
0	0	0	0	0	0	0	
0	0	0	0	0	0	0	
0	0	0	1	0	0	0	
0	1	0	1	0	0	0	
0	0	0	0	0	0	0	
3	0	0	1	0	1	0	
0	1	0	0	0	0	0	
3	0	0	0	0	0	1	
0	0	0	0	0	0	0	
0	0	0	0	0	0	0	
0	2	1	0	3	3	1	
0	0	0	0	0	0	0	
0	0	2	2	0	0	1	
0	1	0	0	2	0	0	
0	0	0	1	0	0	0	
1	0	0	0	0	3	0	
0	0	1	0	0	0	0	
0	1	2	0	0	0	0	
0	0	0	0	0	0	2	
0	1	0	0	0	0	2	
0	0	0	1	0	0	1	
0	2	0	1	0	2	0	
1	2	0	0	0	0	0	
0	0	0	0	0	0	0	
0	0	0	0	0	0	0	
3	2	0	0	0	0	0	
1	0	2	2	2	0	3	
0	0	0	2	0	0	0	
3	1	0	0	0	3	0	
3	0	0	0	0	0	0	
3	0	0	0	0	0	0	
0	0	0	0	0	0	1	
0	0	0	0	0	0	0	
3	0	0	2	0	0	1	
1	0	0	2	0	3	0	
0	0	1	0	0	0	0	
1	0	0	1	0	0	3	
0	0	0	0	0	3	0	
0	0	0	0	0	0	0	
0	0	0	0	0	0	0	
3	0	0	1	0	0	0	
0	2	0	2	0	0	1	
0	1	0	0	0	0	1	
1	2	0	0	0	0	1	
0	1	0	0	0	0	0	
0	0	2	0	0	0	0	
0	0	2	0	0	0	1	
0	0	2	1	0	0	0	
1	2	0	0	0	3	0	
0	1	0	0	0	0	1	
0	0	0	0	0	0	0	
0	0	0	0	0	0	0	
0	0	0	1	0	0	0	
1	0	1	0	0	0	0	
0	0	1	0	0	0	0	
0	0	0	0	0	0	0	
0	0	0	0	0	1	0	
3	0	0	0	0	0	0	
1	0	0	0	0	2	0	
1	0	0	0	0	0	0	
0	1	0	0	0	0	0	
0	0	0	1	0	0	0	
0	1	0	0	0	0	0	
--------------------

--------------------
Best Solution Found!
--------------------
Time: 0 hour(s), 0 minute(s), 0 second(s), 84 millisecond(s)

Fitness: 73214

0	0	0	0	0	3	0	
0	0	0	0	0	0	2	
0	0	0	0	0	0	0	
0	0	0	0	0	0	0	
0	2	0	0	0	0	0	
0	0	0	0	0	0	0	
0	0	0	0	0	0	0	
3	2	0	0	0	0	1	
0	0	0	0	0	3	0	
0	0	0	0	0	0	0	
3	1	0	2	0	0	0	
0	0	0	2	0	0	2	
0	0	0	0	0	0	0	
0	0	0	0	0	0	0	
0	0	0	1	0	0	0	
0	1	0	1	0	0	0	
0	0	0	0	0	0	0	
3	0	0	1	0	1	0	
0	1	0	0	0	0	0	
3	0	0	0	0	0	1	
0	0	0	0	0	0	0	
0	0	0	0	0	0	0	
0	2	1	0	3	3	1	
0	0	0	0	0	0	0	
0	0	2	2	0	0	1	
0	1	0	0	2	0	0	
0	0	0	1	0	0	0	
1	0	0	0	0	3	0	
0	0	1	0	0	0	0	
0	1	2	0	0	0	0	
0	0	0	0	0	0	2	
0	1	0	0	0	0	2	
0	0	0	1	0	0	1	
0	2	0	1	0	2	0	
1	2	0	0	0	0	0	
0	0	0	0	0	0	0	
0	0	0	0	0	0	0	
3	2	0	0	0	0	0	
1	0	2	2	2	0	3	
0	0	0	2	0	0	0	
3	1	0	0	0	3	0	
3	0	0	0	0	0	0	
3	0	0	0	0	0	0	
0	0	0	0	0	0	1	
0	0	0	0	0	0	0	
3	0	0	2	0	0	1	
1	0	0	2	0	3	0	
0	0	1	0	0	0	0	
1	0	0	1	0	0	3	
0	0	0	0	0	3	0	
0	0	0	0	0	0	0	
0	0	0	0	0	0	0	
3	0	0	1	0	0	0	
0	2	0	2	0	0	1	
0	1	0	0	0	0	1	
1	2	0	0	0	0	1	
0	1	0	0	0	0	0	
0	0	2	0	0	0	0	
0	0	2	0	0	0	1	
0	0	2	1	0	0	0	
1	2	0	0	0	3	0	
0	1	0	0	0	0	1	
0	0	0	0	0	0	0	
0	0	0	0	0	0	0	
0	0	0	1	0	0	0	
1	0	1	0	0	0	0	
0	0	1	0	0	0	0	
0	0	0	0	0	0	0	
0	0	0	0	0	1	0	
3	0	0	0	0	0	0	
1	0	0	0	0	2	0	
1	0	0	0	0	0	0	
0	1	0	0	0	0	0	
0	0	0	1	0	0	0	
0	1	0	0	0	0	0	
--------------------

--------------------
Best Solution Found!
--------------------
Time: 0 hour(s), 0 minute(s), 0 second(s), 87 millisecond(s)

Fitness: 73214

0	0	0	0	0	3	0	
0	0	0	0	0	0	2	
0	0	0	0	0	0	0	
0	0	0	0	0	0	0	
0	2	0	0	0	0	0	
0	0	0	0	0	0	0	
0	0	0	0	0	0	0	
3	2	0	0	0	0	1	
0	0	0	0	0	3	0	
0	0	0	0	0	0	0	
3	1	0	2	0	0	0	
0	0	0	2	0	0	2	
0	0	0	0	0	0	0	
0	0	0	0	0	0	0	
0	0	0	1	0	0	0	
0	1	0	1	0	0	0	
0	0	0	0	0	0	0	
3	0	0	1	0	1	0	
0	1	0	0	0	0	0	
3	0	0	0	0	0	1	
0	0	0	0	0	0	0	
0	0	0	0	0	0	0	
0	2	1	0	3	3	1	
0	0	0	0	0	0	0	
0	0	2	2	0	0	1	
0	1	0	0	2	0	0	
0	0	0	1	0	0	0	
1	0	0	0	0	3	0	
0	0	1	0	0	0	0	
0	1	2	0	0	0	0	
0	0	0	0	0	0	2	
0	1	0	0	0	0	2	
0	0	0	1	0	0	1	
0	2	0	1	0	2	0	
1	2	0	0	0	0	0	
0	0	0	0	0	0	0	
0	0	0	0	0	0	0	
3	2	0	0	0	0	0	
1	0	2	2	2	0	3	
0	0	0	2	0	0	0	
3	1	0	0	0	3	0	
3	0	0	0	0	0	0	
3	0	0	0	0	0	0	
0	0	0	0	0	0	1	
0	0	0	0	0	0	0	
3	0	0	2	0	0	1	
1	0	0	2	0	3	0	
0	0	1	0	0	0	0	
1	0	0	1	0	0	3	
0	0	0	0	0	3	0	
0	0	0	0	0	0	0	
0	0	0	0	0	0	0	
3	0	0	1	0	0	0	
0	2	0	2	0	0	1	
0	1	0	0	0	0	1	
1	2	0	0	0	0	1	
0	1	0	0	0	0	0	
0	0	2	0	0	0	0	
0	0	2	0	0	0	1	
0	0	2	1	0	0	0	
1	2	0	0	0	3	0	
0	1	0	0	0	0	1	
0	0	0	0	0	0	0	
0	0	0	0	0	0	0	
0	0	0	1	0	0	0	
1	0	1	0	0	0	0	
0	0	1	0	0	0	0	
0	0	0	0	0	0	0	
0	0	0	0	0	1	0	
3	0	0	0	0	0	0	
1	0	0	0	0	2	0	
1	0	0	0	0	0	0	
0	1	0	0	0	0	0	
0	0	0	1	0	0	0	
0	1	0	0	0	0	0	
--------------------

--------------------
Best Solution Found!
--------------------
Time: 0 hour(s), 0 minute(s), 0 second(s), 91 millisecond(s)

Fitness: 73214

0	0	0	0	0	3	0	
0	0	0	0	0	0	2	
0	0	0	0	0	0	0	
0	0	0	0	0	0	0	
0	2	0	0	0	0	0	
0	0	0	0	0	0	0	
0	0	0	0	0	0	0	
3	2	0	0	0	0	1	
0	0	0	0	0	3	0	
0	0	0	0	0	0	0	
3	1	0	2	0	0	0	
0	0	0	2	0	0	2	
0	0	0	0	0	0	0	
0	0	0	0	0	0	0	
0	0	0	1	0	0	0	
0	1	0	1	0	0	0	
0	0	0	0	0	0	0	
3	0	0	1	0	1	0	
0	1	0	0	0	0	0	
3	0	0	0	0	0	1	
0	0	0	0	0	0	0	
0	0	0	0	0	0	0	
0	2	1	0	3	3	1	
0	0	0	0	0	0	0	
0	0	2	2	0	0	1	
0	1	0	0	2	0	0	
0	0	0	1	0	0	0	
1	0	0	0	0	3	0	
0	0	1	0	0	0	0	
0	1	2	0	0	0	0	
0	0	0	0	0	0	2	
0	1	0	0	0	0	2	
0	0	0	1	0	0	1	
0	2	0	1	0	2	0	
1	2	0	0	0	0	0	
0	0	0	0	0	0	0	
0	0	0	0	0	0	0	
3	2	0	0	0	0	0	
1	0	2	2	2	0	3	
0	0	0	2	0	0	0	
3	1	0	0	0	3	0	
3	0	0	0	0	0	0	
3	0	0	0	0	0	0	
0	0	0	0	0	0	1	
0	0	0	0	0	0	0	
3	0	0	2	0	0	1	
1	0	0	2	0	3	0	
0	0	1	0	0	0	0	
1	0	0	1	0	0	3	
0	0	0	0	0	3	0	
0	0	0	0	0	0	0	
0	0	0	0	0	0	0	
3	0	0	1	0	0	0	
0	2	0	2	0	0	1	
0	1	0	0	0	0	1	
1	2	0	0	0	0	1	
0	1	0	0	0	0	0	
0	0	2	0	0	0	0	
0	0	2	0	0	0	1	
0	0	2	1	0	0	0	
1	2	0	0	0	3	0	
0	1	0	0	0	0	1	
0	0	0	0	0	0	0	
0	0	0	0	0	0	0	
0	0	0	1	0	0	0	
1	0	1	0	0	0	0	
0	0	1	0	0	0	0	
0	0	0	0	0	0	0	
0	0	0	0	0	1	0	
3	0	0	0	0	0	0	
1	0	0	0	0	2	0	
1	0	0	0	0	0	0	
0	1	0	0	0	0	0	
0	0	0	1	0	0	0	
0	1	0	0	0	0	0	
--------------------

--------------------
Best Solution Found!
--------------------
Time: 0 hour(s), 0 minute(s), 0 second(s), 95 millisecond(s)

Fitness: 73214

0	0	0	0	0	3	0	
0	0	0	0	0	0	2	
0	0	0	0	0	0	0	
0	0	0	0	0	0	0	
0	2	0	0	0	0	0	
0	0	0	0	0	0	0	
0	0	0	0	0	0	0	
3	2	0	0	0	0	1	
0	0	0	0	0	3	0	
0	0	0	0	0	0	0	
3	1	0	2	0	0	0	
0	0	0	2	0	0	2	
0	0	0	0	0	0	0	
0	0	0	0	0	0	0	
0	0	0	1	0	0	0	
0	1	0	1	0	0	0	
0	0	0	0	0	0	0	
3	0	0	1	0	1	0	
0	1	0	0	0	0	0	
3	0	0	0	0	0	1	
0	0	0	0	0	0	0	
0	0	0	0	0	0	0	
0	2	1	0	3	3	1	
0	0	0	0	0	0	0	
0	0	2	2	0	0	1	
0	1	0	0	2	0	0	
0	0	0	1	0	0	0	
1	0	0	0	0	3	0	
0	0	1	0	0	0	0	
0	1	2	0	0	0	0	
0	0	0	0	0	0	2	
0	1	0	0	0	0	2	
0	0	0	1	0	0	1	
0	2	0	1	0	2	0	
1	2	0	0	0	0	0	
0	0	0	0	0	0	0	
0	0	0	0	0	0	0	
3	2	0	0	0	0	0	
1	0	2	2	2	0	3	
0	0	0	2	0	0	0	
3	1	0	0	0	3	0	
3	0	0	0	0	0	0	
3	0	0	0	0	0	0	
0	0	0	0	0	0	1	
0	0	0	0	0	0	0	
3	0	0	2	0	0	1	
1	0	0	2	0	3	0	
0	0	1	0	0	0	0	
1	0	0	1	0	0	3	
0	0	0	0	0	3	0	
0	0	0	0	0	0	0	
0	0	0	0	0	0	0	
3	0	0	1	0	0	0	
0	2	0	2	0	0	1	
0	1	0	0	0	0	1	
1	2	0	0	0	0	1	
0	1	0	0	0	0	0	
0	0	2	0	0	0	0	
0	0	2	0	0	0	1	
0	0	2	1	0	0	0	
1	2	0	0	0	3	0	
0	1	0	0	0	0	1	
0	0	0	0	0	0	0	
0	0	0	0	0	0	0	
0	0	0	1	0	0	0	
1	0	1	0	0	0	0	
0	0	1	0	0	0	0	
0	0	0	0	0	0	0	
0	0	0	0	0	1	0	
3	0	0	0	0	0	0	
1	0	0	0	0	2	0	
1	0	0	0	0	0	0	
0	1	0	0	0	0	0	
0	0	0	1	0	0	0	
0	1	0	0	0	0	0	
--------------------

--------------------
Best Solution Found!
--------------------
Time: 0 hour(s), 0 minute(s), 0 second(s), 97 millisecond(s)

Fitness: 73214

0	0	0	0	0	3	0	
0	0	0	0	0	0	2	
0	0	0	0	0	0	0	
0	0	0	0	0	0	0	
0	2	0	0	0	0	0	
0	0	0	0	0	0	0	
0	0	0	0	0	0	0	
3	2	0	0	0	0	1	
0	0	0	0	0	3	0	
0	0	0	0	0	0	0	
3	1	0	2	0	0	0	
0	0	0	2	0	0	2	
0	0	0	0	0	0	0	
0	0	0	0	0	0	0	
0	0	0	1	0	0	0	
0	1	0	1	0	0	0	
0	0	0	0	0	0	0	
3	0	0	1	0	1	0	
0	1	0	0	0	0	0	
3	0	0	0	0	0	1	
0	0	0	0	0	0	0	
0	0	0	0	0	0	0	
0	2	1	0	3	3	1	
0	0	0	0	0	0	0	
0	0	2	2	0	0	1	
0	1	0	0	2	0	0	
0	0	0	1	0	0	0	
1	0	0	0	0	3	0	
0	0	1	0	0	0	0	
0	1	2	0	0	0	0	
0	0	0	0	0	0	2	
0	1	0	0	0	0	2	
0	0	0	1	0	0	1	
0	2	0	1	0	2	0	
1	2	0	0	0	0	0	
0	0	0	0	0	0	0	
0	0	0	0	0	0	0	
3	2	0	0	0	0	0	
1	0	2	2	2	0	3	
0	0	0	2	0	0	0	
3	1	0	0	0	3	0	
3	0	0	0	0	0	0	
3	0	0	0	0	0	0	
0	0	0	0	0	0	1	
0	0	0	0	0	0	0	
3	0	0	2	0	0	1	
1	0	0	2	0	3	0	
0	0	1	0	0	0	0	
1	0	0	1	0	0	3	
0	0	0	0	0	3	0	
0	0	0	0	0	0	0	
0	0	0	0	0	0	0	
3	0	0	1	0	0	0	
0	2	0	2	0	0	1	
0	1	0	0	0	0	1	
1	2	0	0	0	0	1	
0	1	0	0	0	0	0	
0	0	2	0	0	0	0	
0	0	2	0	0	0	1	
0	0	2	1	0	0	0	
1	2	0	0	0	3	0	
0	1	0	0	0	0	1	
0	0	0	0	0	0	0	
0	0	0	0	0	0	0	
0	0	0	1	0	0	0	
1	0	1	0	0	0	0	
0	0	1	0	0	0	0	
0	0	0	0	0	0	0	
0	0	0	0	0	1	0	
3	0	0	0	0	0	0	
1	0	0	0	0	2	0	
1	0	0	0	0	0	0	
0	1	0	0	0	0	0	
0	0	0	1	0	0	0	
0	1	0	0	0	0	0	
--------------------

--------------------
Best Solution Found!
--------------------
Time: 0 hour(s), 0 minute(s), 0 second(s), 99 millisecond(s)

Fitness: 73214

0	0	0	0	0	3	0	
0	0	0	0	0	0	2	
0	0	0	0	0	0	0	
0	0	0	0	0	0	0	
0	2	0	0	0	0	0	
0	0	0	0	0	0	0	
0	0	0	0	0	0	0	
3	2	0	0	0	0	1	
0	0	0	0	0	3	0	
0	0	0	0	0	0	0	
3	1	0	2	0	0	0	
0	0	0	2	0	0	2	
0	0	0	0	0	0	0	
0	0	0	0	0	0	0	
0	0	0	1	0	0	0	
0	1	0	1	0	0	0	
0	0	0	0	0	0	0	
3	0	0	1	0	1	0	
0	1	0	0	0	0	0	
3	0	0	0	0	0	1	
0	0	0	0	0	0	0	
0	0	0	0	0	0	0	
0	2	1	0	3	3	1	
0	0	0	0	0	0	0	
0	0	2	2	0	0	1	
0	1	0	0	2	0	0	
0	0	0	1	0	0	0	
1	0	0	0	0	3	0	
0	0	1	0	0	0	0	
0	1	2	0	0	0	0	
0	0	0	0	0	0	2	
0	1	0	0	0	0	2	
0	0	0	1	0	0	1	
0	2	0	1	0	2	0	
1	2	0	0	0	0	0	
0	0	0	0	0	0	0	
0	0	0	0	0	0	0	
3	2	0	0	0	0	0	
1	0	2	2	2	0	3	
0	0	0	2	0	0	0	
3	1	0	0	0	3	0	
3	0	0	0	0	0	0	
3	0	0	0	0	0	0	
0	0	0	0	0	0	1	
0	0	0	0	0	0	0	
3	0	0	2	0	0	1	
1	0	0	2	0	3	0	
0	0	1	0	0	0	0	
1	0	0	1	0	0	3	
0	0	0	0	0	3	0	
0	0	0	0	0	0	0	
0	0	0	0	0	0	0	
3	0	0	1	0	0	0	
0	2	0	2	0	0	1	
0	1	0	0	0	0	1	
1	2	0	0	0	0	1	
0	1	0	0	0	0	0	
0	0	2	0	0	0	0	
0	0	2	0	0	0	1	
0	0	2	1	0	0	0	
1	2	0	0	0	3	0	
0	1	0	0	0	0	1	
0	0	0	0	0	0	0	
0	0	0	0	0	0	0	
0	0	0	1	0	0	0	
1	0	1	0	0	0	0	
0	0	1	0	0	0	0	
0	0	0	0	0	0	0	
0	0	0	0	0	1	0	
3	0	0	0	0	0	0	
1	0	0	0	0	2	0	
1	0	0	0	0	0	0	
0	1	0	0	0	0	0	
0	0	0	1	0	0	0	
0	1	0	0	0	0	0	
--------------------

--------------------
Best Solution Found!
--------------------
Time: 0 hour(s), 0 minute(s), 0 second(s), 731 millisecond(s)

Fitness: 72217

0	0	0	0	0	0	0	
3	0	0	0	0	0	0	
1	1	2	2	0	0	1	
0	0	0	0	0	0	0	
0	0	0	0	0	0	0	
0	0	0	0	0	0	0	
0	1	1	0	0	0	0	
0	0	0	0	0	0	0	
0	0	0	0	0	0	0	
1	1	0	1	0	2	1	
0	0	0	0	0	0	1	
1	0	0	0	0	2	1	
0	1	2	0	0	0	0	
0	1	0	0	0	0	0	
3	0	0	0	0	3	0	
0	0	1	0	0	0	1	
0	0	0	1	0	0	0	
1	0	2	0	0	0	0	
3	0	0	0	0	0	0	
0	0	0	0	0	0	0	
0	0	0	2	0	0	3	
0	0	0	1	0	0	0	
0	0	0	0	0	0	1	
3	1	0	0	0	0	0	
1	0	0	1	0	0	0	
0	1	0	0	0	0	0	
0	0	0	0	0	0	0	
0	0	0	0	0	3	0	
0	0	2	0	0	0	0	
1	0	0	0	0	0	0	
0	0	0	0	0	3	0	
0	0	0	2	0	0	0	
0	0	0	2	0	0	0	
0	0	0	1	0	0	0	
0	0	0	0	0	0	0	
0	2	0	0	0	1	2	
0	0	0	0	0	0	0	
0	2	0	0	0	0	0	
0	0	0	0	0	3	0	
1	2	0	0	0	0	0	
3	1	1	1	0	0	1	
0	2	0	0	0	0	1	
3	0	0	0	0	0	0	
0	1	1	0	0	3	0	
0	0	0	1	0	3	0	
0	1	0	2	0	0	0	
0	0	0	0	0	0	0	
0	0	0	0	0	0	1	
1	0	0	0	2	1	0	
1	1	0	1	0	0	0	
0	0	0	0	0	0	0	
3	0	0	1	0	0	0	
1	2	0	0	0	0	1	
0	0	0	0	0	0	2	
0	0	2	0	0	0	0	
3	0	0	0	0	0	2	
0	0	0	2	0	3	0	
0	0	0	0	0	0	0	
0	2	2	1	0	0	0	
0	0	0	1	0	3	0	
0	0	1	0	0	0	0	
0	0	0	0	0	0	0	
0	0	0	0	0	0	1	
3	0	0	0	0	0	1	
3	0	0	0	0	0	0	
0	0	0	2	0	0	0	
0	0	0	0	2	0	0	
3	0	0	2	0	0	2	
0	1	0	0	0	0	0	
0	0	0	0	0	0	0	
0	2	0	0	0	0	0	
0	0	0	0	3	0	0	
0	2	0	0	0	0	3	
0	0	0	0	0	0	0	
0	2	0	0	0	0	0	
--------------------

--------------------
Best Solution Found!
--------------------
Time: 0 hour(s), 0 minute(s), 0 second(s), 735 millisecond(s)

Fitness: 72217

0	0	0	0	0	0	0	
3	0	0	0	0	0	0	
1	1	2	2	0	0	1	
0	0	0	0	0	0	0	
0	0	0	0	0	0	0	
0	0	0	0	0	0	0	
0	1	1	0	0	0	0	
0	0	0	0	0	0	0	
0	0	0	0	0	0	0	
1	1	0	1	0	2	1	
0	0	0	0	0	0	1	
1	0	0	0	0	2	1	
0	1	2	0	0	0	0	
0	1	0	0	0	0	0	
3	0	0	0	0	3	0	
0	0	1	0	0	0	1	
0	0	0	1	0	0	0	
1	0	2	0	0	0	0	
3	0	0	0	0	0	0	
0	0	0	0	0	0	0	
0	0	0	2	0	0	3	
0	0	0	1	0	0	0	
0	0	0	0	0	0	1	
3	1	0	0	0	0	0	
1	0	0	1	0	0	0	
0	1	0	0	0	0	0	
0	0	0	0	0	0	0	
0	0	0	0	0	3	0	
0	0	2	0	0	0	0	
1	0	0	0	0	0	0	
0	0	0	0	0	3	0	
0	0	0	2	0	0	0	
0	0	0	2	0	0	0	
0	0	0	1	0	0	0	
0	0	0	0	0	0	0	
0	2	0	0	0	1	2	
0	0	0	0	0	0	0	
0	2	0	0	0	0	0	
0	0	0	0	0	3	0	
1	2	0	0	0	0	0	
3	1	1	1	0	0	1	
0	2	0	0	0	0	1	
3	0	0	0	0	0	0	
0	1	1	0	0	3	0	
0	0	0	1	0	3	0	
0	1	0	2	0	0	0	
0	0	0	0	0	0	0	
0	0	0	0	0	0	1	
1	0	0	0	2	1	0	
1	1	0	1	0	0	0	
0	0	0	0	0	0	0	
3	0	0	1	0	0	0	
1	2	0	0	0	0	1	
0	0	0	0	0	0	2	
0	0	2	0	0	0	0	
3	0	0	0	0	0	2	
0	0	0	2	0	3	0	
0	0	0	0	0	0	0	
0	2	2	1	0	0	0	
0	0	0	1	0	3	0	
0	0	1	0	0	0	0	
0	0	0	0	0	0	0	
0	0	0	0	0	0	1	
3	0	0	0	0	0	1	
3	0	0	0	0	0	0	
0	0	0	2	0	0	0	
0	0	0	0	2	0	0	
3	0	0	2	0	0	2	
0	1	0	0	0	0	0	
0	0	0	0	0	0	0	
0	2	0	0	0	0	0	
0	0	0	0	3	0	0	
0	2	0	0	0	0	3	
0	0	0	0	0	0	0	
0	2	0	0	0	0	0	
--------------------

--------------------
Best Solution Found!
--------------------
Time: 0 hour(s), 0 minute(s), 0 second(s), 738 millisecond(s)

Fitness: 72217

0	0	0	0	0	0	0	
3	0	0	0	0	0	0	
1	1	2	2	0	0	1	
0	0	0	0	0	0	0	
0	0	0	0	0	0	0	
0	0	0	0	0	0	0	
0	1	1	0	0	0	0	
0	0	0	0	0	0	0	
0	0	0	0	0	0	0	
1	1	0	1	0	2	1	
0	0	0	0	0	0	1	
1	0	0	0	0	2	1	
0	1	2	0	0	0	0	
0	1	0	0	0	0	0	
3	0	0	0	0	3	0	
0	0	1	0	0	0	1	
0	0	0	1	0	0	0	
1	0	2	0	0	0	0	
3	0	0	0	0	0	0	
0	0	0	0	0	0	0	
0	0	0	2	0	0	3	
0	0	0	1	0	0	0	
0	0	0	0	0	0	1	
3	1	0	0	0	0	0	
1	0	0	1	0	0	0	
0	1	0	0	0	0	0	
0	0	0	0	0	0	0	
0	0	0	0	0	3	0	
0	0	2	0	0	0	0	
1	0	0	0	0	0	0	
0	0	0	0	0	3	0	
0	0	0	2	0	0	0	
0	0	0	2	0	0	0	
0	0	0	1	0	0	0	
0	0	0	0	0	0	0	
0	2	0	0	0	1	2	
0	0	0	0	0	0	0	
0	2	0	0	0	0	0	
0	0	0	0	0	3	0	
1	2	0	0	0	0	0	
3	1	1	1	0	0	1	
0	2	0	0	0	0	1	
3	0	0	0	0	0	0	
0	1	1	0	0	3	0	
0	0	0	1	0	3	0	
0	1	0	2	0	0	0	
0	0	0	0	0	0	0	
0	0	0	0	0	0	1	
1	0	0	0	2	1	0	
1	1	0	1	0	0	0	
0	0	0	0	0	0	0	
3	0	0	1	0	0	0	
1	2	0	0	0	0	1	
0	0	0	0	0	0	2	
0	0	2	0	0	0	0	
3	0	0	0	0	0	2	
0	0	0	2	0	3	0	
0	0	0	0	0	0	0	
0	2	2	1	0	0	0	
0	0	0	1	0	3	0	
0	0	1	0	0	0	0	
0	0	0	0	0	0	0	
0	0	0	0	0	0	1	
3	0	0	0	0	0	1	
3	0	0	0	0	0	0	
0	0	0	2	0	0	0	
0	0	0	0	2	0	0	
3	0	0	2	0	0	2	
0	1	0	0	0	0	0	
0	0	0	0	0	0	0	
0	2	0	0	0	0	0	
0	0	0	0	3	0	0	
0	2	0	0	0	0	3	
0	0	0	0	0	0	0	
0	2	0	0	0	0	0	
--------------------

--------------------
Best Solution Found!
--------------------
Time: 0 hour(s), 0 minute(s), 0 second(s), 740 millisecond(s)

Fitness: 72217

0	0	0	0	0	0	0	
3	0	0	0	0	0	0	
1	1	2	2	0	0	1	
0	0	0	0	0	0	0	
0	0	0	0	0	0	0	
0	0	0	0	0	0	0	
0	1	1	0	0	0	0	
0	0	0	0	0	0	0	
0	0	0	0	0	0	0	
1	1	0	1	0	2	1	
0	0	0	0	0	0	1	
1	0	0	0	0	2	1	
0	1	2	0	0	0	0	
0	1	0	0	0	0	0	
3	0	0	0	0	3	0	
0	0	1	0	0	0	1	
0	0	0	1	0	0	0	
1	0	2	0	0	0	0	
3	0	0	0	0	0	0	
0	0	0	0	0	0	0	
0	0	0	2	0	0	3	
0	0	0	1	0	0	0	
0	0	0	0	0	0	1	
3	1	0	0	0	0	0	
1	0	0	1	0	0	0	
0	1	0	0	0	0	0	
0	0	0	0	0	0	0	
0	0	0	0	0	3	0	
0	0	2	0	0	0	0	
1	0	0	0	0	0	0	
0	0	0	0	0	3	0	
0	0	0	2	0	0	0	
0	0	0	2	0	0	0	
0	0	0	1	0	0	0	
0	0	0	0	0	0	0	
0	2	0	0	0	1	2	
0	0	0	0	0	0	0	
0	2	0	0	0	0	0	
0	0	0	0	0	3	0	
1	2	0	0	0	0	0	
3	1	1	1	0	0	1	
0	2	0	0	0	0	1	
3	0	0	0	0	0	0	
0	1	1	0	0	3	0	
0	0	0	1	0	3	0	
0	1	0	2	0	0	0	
0	0	0	0	0	0	0	
0	0	0	0	0	0	1	
1	0	0	0	2	1	0	
1	1	0	1	0	0	0	
0	0	0	0	0	0	0	
3	0	0	1	0	0	0	
1	2	0	0	0	0	1	
0	0	0	0	0	0	2	
0	0	2	0	0	0	0	
3	0	0	0	0	0	2	
0	0	0	2	0	3	0	
0	0	0	0	0	0	0	
0	2	2	1	0	0	0	
0	0	0	1	0	3	0	
0	0	1	0	0	0	0	
0	0	0	0	0	0	0	
0	0	0	0	0	0	1	
3	0	0	0	0	0	1	
3	0	0	0	0	0	0	
0	0	0	2	0	0	0	
0	0	0	0	2	0	0	
3	0	0	2	0	0	2	
0	1	0	0	0	0	0	
0	0	0	0	0	0	0	
0	2	0	0	0	0	0	
0	0	0	0	3	0	0	
0	2	0	0	0	0	3	
0	0	0	0	0	0	0	
0	2	0	0	0	0	0	
--------------------

--------------------
Best Solution Found!
--------------------
Time: 0 hour(s), 0 minute(s), 12 second(s), 895 millisecond(s)

Fitness: 72209

1	0	0	0	0	0	0	
0	0	0	0	0	0	0	
1	1	1	1	0	1	0	
0	2	0	0	0	0	0	
1	0	0	0	0	0	0	
0	0	0	0	0	0	0	
0	1	0	0	0	0	0	
0	0	0	0	0	0	0	
3	0	0	0	2	2	0	
0	0	0	0	0	0	0	
3	0	0	0	0	1	1	
0	1	0	0	0	0	1	
1	2	2	1	0	0	2	
0	0	0	1	0	3	1	
3	1	0	0	0	0	0	
3	0	0	0	0	0	1	
0	0	0	0	0	0	0	
0	2	0	0	0	0	0	
0	0	0	1	0	2	0	
0	2	0	0	0	0	0	
0	0	0	1	0	0	0	
3	0	0	0	0	0	1	
0	0	0	2	0	0	0	
0	0	0	0	2	0	0	
0	1	0	2	0	0	0	
0	0	0	0	0	0	0	
0	0	0	0	0	0	3	
3	0	2	0	0	0	0	
0	0	0	1	0	3	0	
3	0	0	0	0	0	1	
0	0	0	0	0	0	0	
3	0	2	0	0	0	0	
0	0	0	0	0	0	0	
0	0	0	0	0	0	0	
3	1	0	2	0	0	0	
0	0	2	0	0	0	0	
0	0	0	0	0	0	0	
0	0	0	0	0	0	1	
0	0	0	0	0	3	2	
3	2	0	0	0	0	0	
0	0	0	0	0	3	0	
0	0	0	2	0	0	0	
0	0	0	0	0	0	0	
0	1	0	0	0	0	0	
0	0	1	0	0	0	0	
1	0	0	0	0	0	0	
0	0	0	0	0	0	0	
1	0	0	2	0	0	1	
0	0	0	1	0	0	0	
0	0	1	0	0	0	0	
1	0	0	0	0	0	0	
0	0	0	1	0	0	0	
0	0	1	0	0	0	2	
0	2	0	2	0	0	0	
0	1	0	2	0	0	0	
0	0	0	0	0	0	1	
0	2	0	0	0	3	0	
3	1	0	0	0	0	1	
1	2	2	1	0	3	0	
0	1	0	0	0	3	0	
0	1	0	1	0	0	0	
0	0	0	2	0	0	1	
0	0	0	0	3	0	0	
0	1	0	0	0	3	2	
0	0	2	0	0	0	0	
0	0	0	0	0	0	1	
0	0	0	0	0	0	3	
0	2	0	0	0	0	0	
1	0	1	0	0	0	0	
0	0	0	0	0	0	0	
0	0	0	0	0	0	0	
1	0	0	1	0	0	0	
0	0	0	0	0	0	0	
0	0	0	0	0	0	0	
0	0	0	0	0	0	0	
--------------------

--------------------
Best Solution Found!
--------------------
Time: 0 hour(s), 0 minute(s), 19 second(s), 428 millisecond(s)

Fitness: 71227

0	2	0	0	0	0	0	
0	0	0	0	0	0	0	
1	1	0	0	0	0	0	
0	0	0	0	0	0	0	
1	0	0	0	0	0	0	
3	1	0	1	0	0	0	
3	2	0	1	0	3	2	
0	1	0	0	0	0	1	
0	0	0	0	0	1	0	
0	0	0	0	0	0	0	
1	0	1	1	2	0	0	
3	0	0	0	0	0	0	
0	0	0	2	0	0	0	
3	0	2	1	0	3	0	
0	2	0	2	0	0	0	
0	0	0	0	0	0	0	
0	2	0	0	0	0	0	
0	0	0	0	0	0	0	
1	0	0	0	0	0	1	
0	1	0	0	0	0	0	
0	0	2	0	0	3	0	
0	1	0	0	0	0	1	
0	0	1	0	0	1	0	
0	0	1	0	0	0	0	
3	1	1	1	0	3	0	
0	0	2	0	0	3	0	
0	0	0	0	0	0	0	
3	0	2	0	0	3	0	
0	0	0	2	0	0	0	
0	0	0	0	0	0	0	
0	0	0	0	0	0	0	
3	2	0	2	2	0	1	
0	2	0	0	0	0	3	
0	0	0	0	0	0	0	
0	0	0	0	0	0	1	
1	0	0	0	0	0	2	
0	0	0	1	0	0	0	
0	1	0	0	0	2	0	
0	0	1	0	0	0	0	
0	0	0	0	0	0	0	
0	0	0	1	0	0	1	
0	0	0	0	0	0	0	
0	0	0	2	3	0	0	
3	0	0	1	0	0	0	
3	0	0	0	0	0	0	
1	0	0	2	0	0	0	
0	0	0	1	0	0	0	
3	0	0	0	0	3	0	
0	0	0	0	0	0	0	
0	0	0	0	0	0	0	
0	0	0	0	0	0	0	
0	0	0	0	0	3	0	
0	1	0	0	0	0	0	
0	2	0	0	0	0	2	
0	0	0	0	0	0	0	
0	0	0	0	0	2	0	
1	0	0	0	0	0	1	
0	1	0	0	0	0	2	
0	0	0	0	0	0	0	
0	0	0	0	0	0	0	
0	1	0	0	0	0	0	
1	0	0	0	0	0	0	
0	0	2	0	0	0	0	
0	1	0	0	0	0	0	
1	2	2	1	0	0	1	
3	0	0	0	0	0	1	
0	0	0	0	0	0	0	
0	0	0	0	0	0	1	
0	0	0	0	0	0	0	
0	0	0	2	0	0	1	
0	2	0	0	0	0	3	
0	1	0	0	0	0	0	
1	0	0	0	0	0	0	
0	0	0	1	0	0	1	
0	0	0	2	0	0	0	
--------------------

--------------------
Best Solution Found!
--------------------
Time: 0 hour(s), 0 minute(s), 19 second(s), 430 millisecond(s)

Fitness: 71227

0	2	0	0	0	0	0	
0	0	0	0	0	0	0	
1	1	0	0	0	0	0	
0	0	0	0	0	0	0	
1	0	0	0	0	0	0	
3	1	0	1	0	0	0	
3	2	0	1	0	3	2	
0	1	0	0	0	0	1	
0	0	0	0	0	1	0	
0	0	0	0	0	0	0	
1	0	1	1	2	0	0	
3	0	0	0	0	0	0	
0	0	0	2	0	0	0	
3	0	2	1	0	3	0	
0	2	0	2	0	0	0	
0	0	0	0	0	0	0	
0	2	0	0	0	0	0	
0	0	0	0	0	0	0	
1	0	0	0	0	0	1	
0	1	0	0	0	0	0	
0	0	2	0	0	3	0	
0	1	0	0	0	0	1	
0	0	1	0	0	1	0	
0	0	1	0	0	0	0	
3	1	1	1	0	3	0	
0	0	2	0	0	3	0	
0	0	0	0	0	0	0	
3	0	2	0	0	3	0	
0	0	0	2	0	0	0	
0	0	0	0	0	0	0	
0	0	0	0	0	0	0	
3	2	0	2	2	0	1	
0	2	0	0	0	0	3	
0	0	0	0	0	0	0	
0	0	0	0	0	0	1	
1	0	0	0	0	0	2	
0	0	0	1	0	0	0	
0	1	0	0	0	2	0	
0	0	1	0	0	0	0	
0	0	0	0	0	0	0	
0	0	0	1	0	0	1	
0	0	0	0	0	0	0	
0	0	0	2	3	0	0	
3	0	0	1	0	0	0	
3	0	0	0	0	0	0	
1	0	0	2	0	0	0	
0	0	0	1	0	0	0	
3	0	0	0	0	3	0	
0	0	0	0	0	0	0	
0	0	0	0	0	0	0	
0	0	0	0	0	0	0	
0	0	0	0	0	3	0	
0	1	0	0	0	0	0	
0	2	0	0	0	0	2	
0	0	0	0	0	0	0	
0	0	0	0	0	2	0	
1	0	0	0	0	0	1	
0	1	0	0	0	0	2	
0	0	0	0	0	0	0	
0	0	0	0	0	0	0	
0	1	0	0	0	0	0	
1	0	0	0	0	0	0	
0	0	2	0	0	0	0	
0	1	0	0	0	0	0	
1	2	2	1	0	0	1	
3	0	0	0	0	0	1	
0	0	0	0	0	0	0	
0	0	0	0	0	0	1	
0	0	0	0	0	0	0	
0	0	0	2	0	0	1	
0	2	0	0	0	0	3	
0	1	0	0	0	0	0	
1	0	0	0	0	0	0	
0	0	0	1	0	0	1	
0	0	0	2	0	0	0	
--------------------

--------------------
Best Solution Found!
--------------------
Time: 0 hour(s), 0 minute(s), 19 second(s), 435 millisecond(s)

Fitness: 71227

0	2	0	0	0	0	0	
0	0	0	0	0	0	0	
1	1	0	0	0	0	0	
0	0	0	0	0	0	0	
1	0	0	0	0	0	0	
3	1	0	1	0	0	0	
3	2	0	1	0	3	2	
0	1	0	0	0	0	1	
0	0	0	0	0	1	0	
0	0	0	0	0	0	0	
1	0	1	1	2	0	0	
3	0	0	0	0	0	0	
0	0	0	2	0	0	0	
3	0	2	1	0	3	0	
0	2	0	2	0	0	0	
0	0	0	0	0	0	0	
0	2	0	0	0	0	0	
0	0	0	0	0	0	0	
1	0	0	0	0	0	1	
0	1	0	0	0	0	0	
0	0	2	0	0	3	0	
0	1	0	0	0	0	1	
0	0	1	0	0	1	0	
0	0	1	0	0	0	0	
3	1	1	1	0	3	0	
0	0	2	0	0	3	0	
0	0	0	0	0	0	0	
3	0	2	0	0	3	0	
0	0	0	2	0	0	0	
0	0	0	0	0	0	0	
0	0	0	0	0	0	0	
3	2	0	2	2	0	1	
0	2	0	0	0	0	3	
0	0	0	0	0	0	0	
0	0	0	0	0	0	1	
1	0	0	0	0	0	2	
0	0	0	1	0	0	0	
0	1	0	0	0	2	0	
0	0	1	0	0	0	0	
0	0	0	0	0	0	0	
0	0	0	1	0	0	1	
0	0	0	0	0	0	0	
0	0	0	2	3	0	0	
3	0	0	1	0	0	0	
3	0	0	0	0	0	0	
1	0	0	2	0	0	0	
0	0	0	1	0	0	0	
3	0	0	0	0	3	0	
0	0	0	0	0	0	0	
0	0	0	0	0	0	0	
0	0	0	0	0	0	0	
0	0	0	0	0	3	0	
0	1	0	0	0	0	0	
0	2	0	0	0	0	2	
0	0	0	0	0	0	0	
0	0	0	0	0	2	0	
1	0	0	0	0	0	1	
0	1	0	0	0	0	2	
0	0	0	0	0	0	0	
0	0	0	0	0	0	0	
0	1	0	0	0	0	0	
1	0	0	0	0	0	0	
0	0	2	0	0	0	0	
0	1	0	0	0	0	0	
1	2	2	1	0	0	1	
3	0	0	0	0	0	1	
0	0	0	0	0	0	0	
0	0	0	0	0	0	1	
0	0	0	0	0	0	0	
0	0	0	2	0	0	1	
0	2	0	0	0	0	3	
0	1	0	0	0	0	0	
1	0	0	0	0	0	0	
0	0	0	1	0	0	1	
0	0	0	2	0	0	0	
--------------------

--------------------
Best Solution Found!
--------------------
Time: 0 hour(s), 0 minute(s), 19 second(s), 437 millisecond(s)

Fitness: 71227

0	2	0	0	0	0	0	
0	0	0	0	0	0	0	
1	1	0	0	0	0	0	
0	0	0	0	0	0	0	
1	0	0	0	0	0	0	
3	1	0	1	0	0	0	
3	2	0	1	0	3	2	
0	1	0	0	0	0	1	
0	0	0	0	0	1	0	
0	0	0	0	0	0	0	
1	0	1	1	2	0	0	
3	0	0	0	0	0	0	
0	0	0	2	0	0	0	
3	0	2	1	0	3	0	
0	2	0	2	0	0	0	
0	0	0	0	0	0	0	
0	2	0	0	0	0	0	
0	0	0	0	0	0	0	
1	0	0	0	0	0	1	
0	1	0	0	0	0	0	
0	0	2	0	0	3	0	
0	1	0	0	0	0	1	
0	0	1	0	0	1	0	
0	0	1	0	0	0	0	
3	1	1	1	0	3	0	
0	0	2	0	0	3	0	
0	0	0	0	0	0	0	
3	0	2	0	0	3	0	
0	0	0	2	0	0	0	
0	0	0	0	0	0	0	
0	0	0	0	0	0	0	
3	2	0	2	2	0	1	
0	2	0	0	0	0	3	
0	0	0	0	0	0	0	
0	0	0	0	0	0	1	
1	0	0	0	0	0	2	
0	0	0	1	0	0	0	
0	1	0	0	0	2	0	
0	0	1	0	0	0	0	
0	0	0	0	0	0	0	
0	0	0	1	0	0	1	
0	0	0	0	0	0	0	
0	0	0	2	3	0	0	
3	0	0	1	0	0	0	
3	0	0	0	0	0	0	
1	0	0	2	0	0	0	
0	0	0	1	0	0	0	
3	0	0	0	0	3	0	
0	0	0	0	0	0	0	
0	0	0	0	0	0	0	
0	0	0	0	0	0	0	
0	0	0	0	0	3	0	
0	1	0	0	0	0	0	
0	2	0	0	0	0	2	
0	0	0	0	0	0	0	
0	0	0	0	0	2	0	
1	0	0	0	0	0	1	
0	1	0	0	0	0	2	
0	0	0	0	0	0	0	
0	0	0	0	0	0	0	
0	1	0	0	0	0	0	
1	0	0	0	0	0	0	
0	0	2	0	0	0	0	
0	1	0	0	0	0	0	
1	2	2	1	0	0	1	
3	0	0	0	0	0	1	
0	0	0	0	0	0	0	
0	0	0	0	0	0	1	
0	0	0	0	0	0	0	
0	0	0	2	0	0	1	
0	2	0	0	0	0	3	
0	1	0	0	0	0	0	
1	0	0	0	0	0	0	
0	0	0	1	0	0	1	
0	0	0	2	0	0	0	
--------------------

--------------------
Best Solution Found!
--------------------
Time: 0 hour(s), 1 minute(s), 3 second(s), 206 millisecond(s)

Fitness: 71220

0	0	0	0	0	0	0	
0	0	0	0	0	0	3	
1	0	0	1	2	0	0	
0	0	0	2	0	0	0	
3	0	0	2	0	0	0	
0	0	0	0	0	0	0	
3	0	0	0	0	0	0	
0	1	0	0	0	0	0	
0	1	0	0	0	0	0	
3	2	2	0	0	0	1	
0	0	0	0	0	0	0	
0	0	0	2	0	0	0	
0	2	0	0	0	0	0	
0	0	0	0	0	0	0	
3	0	0	0	0	0	0	
1	1	0	1	0	0	0	
0	0	0	0	0	0	1	
0	0	2	0	0	0	0	
1	0	0	0	0	0	0	
1	0	1	0	0	3	0	
0	0	0	0	0	0	0	
3	0	0	1	2	3	1	
0	0	0	0	0	3	0	
0	1	0	0	0	0	0	
0	0	0	2	0	0	0	
0	0	0	0	0	0	1	
0	0	0	1	0	0	1	
3	0	0	2	0	0	0	
0	2	0	0	0	2	0	
0	2	0	0	0	0	0	
0	0	0	0	0	3	0	
0	0	1	1	0	0	0	
1	0	0	0	0	0	3	
0	0	0	2	0	0	0	
0	0	0	2	0	0	0	
0	0	0	0	0	1	0	
0	0	0	0	0	0	0	
1	0	0	0	0	0	0	
0	0	0	0	0	0	0	
0	2	0	1	0	0	0	
0	0	0	0	0	0	0	
0	0	0	0	0	3	0	
0	0	0	0	0	0	0	
0	0	2	0	0	0	0	
0	0	1	1	0	0	0	
0	2	0	0	0	0	1	
0	0	0	0	0	0	0	
3	2	1	1	0	0	1	
0	1	0	0	0	0	0	
0	0	0	0	0	0	0	
0	0	0	1	0	0	0	
0	0	0	0	0	0	0	
0	0	0	0	0	0	0	
0	0	0	0	0	0	0	
0	0	0	0	0	0	0	
0	1	0	0	0	0	2	
0	0	0	0	0	0	0	
1	2	1	1	0	0	2	
0	1	0	0	0	1	0	
0	1	2	0	0	0	1	
1	0	0	0	0	0	0	
0	0	0	0	0	0	2	
0	0	0	2	0	0	1	
0	0	0	1	0	0	1	
0	0	0	0	0	0	0	
3	0	2	0	0	0	0	
0	1	0	0	0	0	0	
0	2	0	0	0	0	2	
3	0	0	0	0	3	0	
3	0	0	0	3	2	0	
3	0	0	0	0	0	1	
1	1	0	0	0	0	0	
0	1	0	0	0	0	0	
1	1	2	0	0	3	1	
0	0	0	0	0	3	0	
--------------------

--------------------
Best Solution Found!
--------------------
Time: 0 hour(s), 1 minute(s), 3 second(s), 209 millisecond(s)

Fitness: 71220

0	0	0	0	0	0	0	
0	0	0	0	0	0	3	
1	0	0	1	2	0	0	
0	0	0	2	0	0	0	
3	0	0	2	0	0	0	
0	0	0	0	0	0	0	
3	0	0	0	0	0	0	
0	1	0	0	0	0	0	
0	1	0	0	0	0	0	
3	2	2	0	0	0	1	
0	0	0	0	0	0	0	
0	0	0	2	0	0	0	
0	2	0	0	0	0	0	
0	0	0	0	0	0	0	
3	0	0	0	0	0	0	
1	1	0	1	0	0	0	
0	0	0	0	0	0	1	
0	0	2	0	0	0	0	
1	0	0	0	0	0	0	
1	0	1	0	0	3	0	
0	0	0	0	0	0	0	
3	0	0	1	2	3	1	
0	0	0	0	0	3	0	
0	1	0	0	0	0	0	
0	0	0	2	0	0	0	
0	0	0	0	0	0	1	
0	0	0	1	0	0	1	
3	0	0	2	0	0	0	
0	2	0	0	0	2	0	
0	2	0	0	0	0	0	
0	0	0	0	0	3	0	
0	0	1	1	0	0	0	
1	0	0	0	0	0	3	
0	0	0	2	0	0	0	
0	0	0	2	0	0	0	
0	0	0	0	0	1	0	
0	0	0	0	0	0	0	
1	0	0	0	0	0	0	
0	0	0	0	0	0	0	
0	2	0	1	0	0	0	
0	0	0	0	0	0	0	
0	0	0	0	0	3	0	
0	0	0	0	0	0	0	
0	0	2	0	0	0	0	
0	0	1	1	0	0	0	
0	2	0	0	0	0	1	
0	0	0	0	0	0	0	
3	2	1	1	0	0	1	
0	1	0	0	0	0	0	
0	0	0	0	0	0	0	
0	0	0	1	0	0	0	
0	0	0	0	0	0	0	
0	0	0	0	0	0	0	
0	0	0	0	0	0	0	
0	0	0	0	0	0	0	
0	1	0	0	0	0	2	
0	0	0	0	0	0	0	
1	2	1	1	0	0	2	
0	1	0	0	0	1	0	
0	1	2	0	0	0	1	
1	0	0	0	0	0	0	
0	0	0	0	0	0	2	
0	0	0	2	0	0	1	
0	0	0	1	0	0	1	
0	0	0	0	0	0	0	
3	0	2	0	0	0	0	
0	1	0	0	0	0	0	
0	2	0	0	0	0	2	
3	0	0	0	0	3	0	
3	0	0	0	3	2	0	
3	0	0	0	0	0	1	
1	1	0	0	0	0	0	
0	1	0	0	0	0	0	
1	1	2	0	0	3	1	
0	0	0	0	0	3	0	
--------------------

--------------------
Best Solution Found!
--------------------
Time: 0 hour(s), 1 minute(s), 3 second(s), 212 millisecond(s)

Fitness: 71220

0	0	0	0	0	0	0	
0	0	0	0	0	0	3	
1	0	0	1	2	0	0	
0	0	0	2	0	0	0	
3	0	0	2	0	0	0	
0	0	0	0	0	0	0	
3	0	0	0	0	0	0	
0	1	0	0	0	0	0	
0	1	0	0	0	0	0	
3	2	2	0	0	0	1	
0	0	0	0	0	0	0	
0	0	0	2	0	0	0	
0	2	0	0	0	0	0	
0	0	0	0	0	0	0	
3	0	0	0	0	0	0	
1	1	0	1	0	0	0	
0	0	0	0	0	0	1	
0	0	2	0	0	0	0	
1	0	0	0	0	0	0	
1	0	1	0	0	3	0	
0	0	0	0	0	0	0	
3	0	0	1	2	3	1	
0	0	0	0	0	3	0	
0	1	0	0	0	0	0	
0	0	0	2	0	0	0	
0	0	0	0	0	0	1	
0	0	0	1	0	0	1	
3	0	0	2	0	0	0	
0	2	0	0	0	2	0	
0	2	0	0	0	0	0	
0	0	0	0	0	3	0	
0	0	1	1	0	0	0	
1	0	0	0	0	0	3	
0	0	0	2	0	0	0	
0	0	0	2	0	0	0	
0	0	0	0	0	1	0	
0	0	0	0	0	0	0	
1	0	0	0	0	0	0	
0	0	0	0	0	0	0	
0	2	0	1	0	0	0	
0	0	0	0	0	0	0	
0	0	0	0	0	3	0	
0	0	0	0	0	0	0	
0	0	2	0	0	0	0	
0	0	1	1	0	0	0	
0	2	0	0	0	0	1	
0	0	0	0	0	0	0	
3	2	1	1	0	0	1	
0	1	0	0	0	0	0	
0	0	0	0	0	0	0	
0	0	0	1	0	0	0	
0	0	0	0	0	0	0	
0	0	0	0	0	0	0	
0	0	0	0	0	0	0	
0	0	0	0	0	0	0	
0	1	0	0	0	0	2	
0	0	0	0	0	0	0	
1	2	1	1	0	0	2	
0	1	0	0	0	1	0	
0	1	2	0	0	0	1	
1	0	0	0	0	0	0	
0	0	0	0	0	0	2	
0	0	0	2	0	0	1	
0	0	0	1	0	0	1	
0	0	0	0	0	0	0	
3	0	2	0	0	0	0	
0	1	0	0	0	0	0	
0	2	0	0	0	0	2	
3	0	0	0	0	3	0	
3	0	0	0	3	2	0	
3	0	0	0	0	0	1	
1	1	0	0	0	0	0	
0	1	0	0	0	0	0	
1	1	2	0	0	3	1	
0	0	0	0	0	3	0	
--------------------

--------------------
Best Solution Found!
--------------------
Time: 0 hour(s), 1 minute(s), 3 second(s), 215 millisecond(s)

Fitness: 71220

0	0	0	0	0	0	0	
0	0	0	0	0	0	3	
1	0	0	1	2	0	0	
0	0	0	2	0	0	0	
3	0	0	2	0	0	0	
0	0	0	0	0	0	0	
3	0	0	0	0	0	0	
0	1	0	0	0	0	0	
0	1	0	0	0	0	0	
3	2	2	0	0	0	1	
0	0	0	0	0	0	0	
0	0	0	2	0	0	0	
0	2	0	0	0	0	0	
0	0	0	0	0	0	0	
3	0	0	0	0	0	0	
1	1	0	1	0	0	0	
0	0	0	0	0	0	1	
0	0	2	0	0	0	0	
1	0	0	0	0	0	0	
1	0	1	0	0	3	0	
0	0	0	0	0	0	0	
3	0	0	1	2	3	1	
0	0	0	0	0	3	0	
0	1	0	0	0	0	0	
0	0	0	2	0	0	0	
0	0	0	0	0	0	1	
0	0	0	1	0	0	1	
3	0	0	2	0	0	0	
0	2	0	0	0	2	0	
0	2	0	0	0	0	0	
0	0	0	0	0	3	0	
0	0	1	1	0	0	0	
1	0	0	0	0	0	3	
0	0	0	2	0	0	0	
0	0	0	2	0	0	0	
0	0	0	0	0	1	0	
0	0	0	0	0	0	0	
1	0	0	0	0	0	0	
0	0	0	0	0	0	0	
0	2	0	1	0	0	0	
0	0	0	0	0	0	0	
0	0	0	0	0	3	0	
0	0	0	0	0	0	0	
0	0	2	0	0	0	0	
0	0	1	1	0	0	0	
0	2	0	0	0	0	1	
0	0	0	0	0	0	0	
3	2	1	1	0	0	1	
0	1	0	0	0	0	0	
0	0	0	0	0	0	0	
0	0	0	1	0	0	0	
0	0	0	0	0	0	0	
0	0	0	0	0	0	0	
0	0	0	0	0	0	0	
0	0	0	0	0	0	0	
0	1	0	0	0	0	2	
0	0	0	0	0	0	0	
1	2	1	1	0	0	2	
0	1	0	0	0	1	0	
0	1	2	0	0	0	1	
1	0	0	0	0	0	0	
0	0	0	0	0	0	2	
0	0	0	2	0	0	1	
0	0	0	1	0	0	1	
0	0	0	0	0	0	0	
3	0	2	0	0	0	0	
0	1	0	0	0	0	0	
0	2	0	0	0	0	2	
3	0	0	0	0	3	0	
3	0	0	0	3	2	0	
3	0	0	0	0	0	1	
1	1	0	0	0	0	0	
0	1	0	0	0	0	0	
1	1	2	0	0	3	1	
0	0	0	0	0	3	0	
--------------------

--------------------
Best Solution Found!
--------------------
Time: 0 hour(s), 3 minute(s), 28 second(s), 440 millisecond(s)

Fitness: 71219

3	0	0	0	0	0	0	
3	0	0	0	0	0	0	
0	0	0	0	0	0	1	
0	0	0	0	0	0	1	
3	1	2	0	0	3	0	
0	0	0	0	0	0	0	
3	1	2	2	2	0	0	
1	1	0	0	0	0	0	
1	1	0	0	0	0	0	
1	1	0	1	0	1	2	
0	0	0	0	0	0	0	
3	1	0	0	0	0	1	
1	2	0	1	0	3	1	
0	0	0	2	0	3	0	
0	0	2	0	0	3	0	
0	0	0	0	0	0	0	
0	0	1	0	0	0	0	
0	1	0	1	0	0	0	
1	2	0	0	3	0	0	
0	0	1	0	0	0	0	
0	0	0	1	0	0	3	
0	2	0	1	0	0	0	
0	1	0	0	2	0	0	
3	0	0	0	0	2	0	
0	0	0	0	0	0	1	
3	0	2	1	0	3	1	
0	1	0	0	0	0	0	
0	0	0	0	0	0	0	
0	0	1	0	0	0	0	
0	0	0	0	0	0	0	
0	0	0	0	0	0	0	
0	0	0	0	0	0	0	
1	0	0	0	0	0	2	
1	0	0	0	0	3	0	
0	0	0	0	0	0	0	
0	0	0	1	0	0	3	
0	1	0	0	0	0	0	
0	0	0	0	0	0	0	
0	0	0	0	0	0	0	
0	0	0	0	0	0	1	
0	0	0	2	0	0	0	
0	0	0	1	0	0	0	
0	0	0	2	0	0	0	
3	2	1	0	0	0	2	
0	0	0	1	0	0	0	
0	0	0	0	0	0	1	
0	0	0	2	0	0	0	
0	0	0	2	0	0	0	
0	0	1	0	0	0	0	
1	2	0	0	0	0	0	
0	0	0	0	0	2	0	
0	0	0	0	0	0	0	
0	0	0	0	0	0	0	
0	0	0	0	0	1	0	
0	0	0	0	0	0	0	
0	0	0	0	0	0	0	
0	1	0	0	0	0	0	
0	0	0	0	0	0	0	
0	0	2	2	0	3	2	
3	0	2	0	0	0	1	
0	0	0	0	0	0	0	
1	0	0	0	0	0	0	
0	0	0	0	0	0	1	
0	2	0	0	0	0	0	
3	0	0	0	0	0	0	
0	0	0	1	0	0	1	
0	2	0	0	0	0	0	
0	0	0	0	0	0	0	
0	2	0	1	0	0	0	
0	0	0	2	0	3	0	
0	0	0	0	0	0	0	
0	0	0	0	0	0	0	
0	2	0	0	0	0	1	
3	1	0	0	0	0	0	
1	0	0	0	0	0	0	
--------------------

--------------------
Best Solution Found!
--------------------
Time: 0 hour(s), 3 minute(s), 28 second(s), 444 millisecond(s)

Fitness: 71219

3	0	0	0	0	0	0	
3	0	0	0	0	0	0	
0	0	0	0	0	0	1	
0	0	0	0	0	0	1	
3	1	2	0	0	3	0	
0	0	0	0	0	0	0	
3	1	2	2	2	0	0	
1	1	0	0	0	0	0	
1	1	0	0	0	0	0	
1	1	0	1	0	1	2	
0	0	0	0	0	0	0	
3	1	0	0	0	0	1	
1	2	0	1	0	3	1	
0	0	0	2	0	3	0	
0	0	2	0	0	3	0	
0	0	0	0	0	0	0	
0	0	1	0	0	0	0	
0	1	0	1	0	0	0	
1	2	0	0	3	0	0	
0	0	1	0	0	0	0	
0	0	0	1	0	0	3	
0	2	0	1	0	0	0	
0	1	0	0	2	0	0	
3	0	0	0	0	2	0	
0	0	0	0	0	0	1	
3	0	2	1	0	3	1	
0	1	0	0	0	0	0	
0	0	0	0	0	0	0	
0	0	1	0	0	0	0	
0	0	0	0	0	0	0	
0	0	0	0	0	0	0	
0	0	0	0	0	0	0	
1	0	0	0	0	0	2	
1	0	0	0	0	3	0	
0	0	0	0	0	0	0	
0	0	0	1	0	0	3	
0	1	0	0	0	0	0	
0	0	0	0	0	0	0	
0	0	0	0	0	0	0	
0	0	0	0	0	0	1	
0	0	0	2	0	0	0	
0	0	0	1	0	0	0	
0	0	0	2	0	0	0	
3	2	1	0	0	0	2	
0	0	0	1	0	0	0	
0	0	0	0	0	0	1	
0	0	0	2	0	0	0	
0	0	0	2	0	0	0	
0	0	1	0	0	0	0	
1	2	0	0	0	0	0	
0	0	0	0	0	2	0	
0	0	0	0	0	0	0	
0	0	0	0	0	0	0	
0	0	0	0	0	1	0	
0	0	0	0	0	0	0	
0	0	0	0	0	0	0	
0	1	0	0	0	0	0	
0	0	0	0	0	0	0	
0	0	2	2	0	3	2	
3	0	2	0	0	0	1	
0	0	0	0	0	0	0	
1	0	0	0	0	0	0	
0	0	0	0	0	0	1	
0	2	0	0	0	0	0	
3	0	0	0	0	0	0	
0	0	0	1	0	0	1	
0	2	0	0	0	0	0	
0	0	0	0	0	0	0	
0	2	0	1	0	0	0	
0	0	0	2	0	3	0	
0	0	0	0	0	0	0	
0	0	0	0	0	0	0	
0	2	0	0	0	0	1	
3	1	0	0	0	0	0	
1	0	0	0	0	0	0	
--------------------

--------------------
Best Solution Found!
--------------------
Time: 0 hour(s), 3 minute(s), 28 second(s), 446 millisecond(s)

Fitness: 71219

3	0	0	0	0	0	0	
3	0	0	0	0	0	0	
0	0	0	0	0	0	1	
0	0	0	0	0	0	1	
3	1	2	0	0	3	0	
0	0	0	0	0	0	0	
3	1	2	2	2	0	0	
1	1	0	0	0	0	0	
1	1	0	0	0	0	0	
1	1	0	1	0	1	2	
0	0	0	0	0	0	0	
3	1	0	0	0	0	1	
1	2	0	1	0	3	1	
0	0	0	2	0	3	0	
0	0	2	0	0	3	0	
0	0	0	0	0	0	0	
0	0	1	0	0	0	0	
0	1	0	1	0	0	0	
1	2	0	0	3	0	0	
0	0	1	0	0	0	0	
0	0	0	1	0	0	3	
0	2	0	1	0	0	0	
0	1	0	0	2	0	0	
3	0	0	0	0	2	0	
0	0	0	0	0	0	1	
3	0	2	1	0	3	1	
0	1	0	0	0	0	0	
0	0	0	0	0	0	0	
0	0	1	0	0	0	0	
0	0	0	0	0	0	0	
0	0	0	0	0	0	0	
0	0	0	0	0	0	0	
1	0	0	0	0	0	2	
1	0	0	0	0	3	0	
0	0	0	0	0	0	0	
0	0	0	1	0	0	3	
0	1	0	0	0	0	0	
0	0	0	0	0	0	0	
0	0	0	0	0	0	0	
0	0	0	0	0	0	1	
0	0	0	2	0	0	0	
0	0	0	1	0	0	0	
0	0	0	2	0	0	0	
3	2	1	0	0	0	2	
0	0	0	1	0	0	0	
0	0	0	0	0	0	1	
0	0	0	2	0	0	0	
0	0	0	2	0	0	0	
0	0	1	0	0	0	0	
1	2	0	0	0	0	0	
0	0	0	0	0	2	0	
0	0	0	0	0	0	0	
0	0	0	0	0	0	0	
0	0	0	0	0	1	0	
0	0	0	0	0	0	0	
0	0	0	0	0	0	0	
0	1	0	0	0	0	0	
0	0	0	0	0	0	0	
0	0	2	2	0	3	2	
3	0	2	0	0	0	1	
0	0	0	0	0	0	0	
1	0	0	0	0	0	0	
0	0	0	0	0	0	1	
0	2	0	0	0	0	0	
3	0	0	0	0	0	0	
0	0	0	1	0	0	1	
0	2	0	0	0	0	0	
0	0	0	0	0	0	0	
0	2	0	1	0	0	0	
0	0	0	2	0	3	0	
0	0	0	0	0	0	0	
0	0	0	0	0	0	0	
0	2	0	0	0	0	1	
3	1	0	0	0	0	0	
1	0	0	0	0	0	0	
--------------------

--------------------
Best Solution Found!
--------------------
Time: 0 hour(s), 3 minute(s), 28 second(s), 449 millisecond(s)

Fitness: 71219

3	0	0	0	0	0	0	
3	0	0	0	0	0	0	
0	0	0	0	0	0	1	
0	0	0	0	0	0	1	
3	1	2	0	0	3	0	
0	0	0	0	0	0	0	
3	1	2	2	2	0	0	
1	1	0	0	0	0	0	
1	1	0	0	0	0	0	
1	1	0	1	0	1	2	
0	0	0	0	0	0	0	
3	1	0	0	0	0	1	
1	2	0	1	0	3	1	
0	0	0	2	0	3	0	
0	0	2	0	0	3	0	
0	0	0	0	0	0	0	
0	0	1	0	0	0	0	
0	1	0	1	0	0	0	
1	2	0	0	3	0	0	
0	0	1	0	0	0	0	
0	0	0	1	0	0	3	
0	2	0	1	0	0	0	
0	1	0	0	2	0	0	
3	0	0	0	0	2	0	
0	0	0	0	0	0	1	
3	0	2	1	0	3	1	
0	1	0	0	0	0	0	
0	0	0	0	0	0	0	
0	0	1	0	0	0	0	
0	0	0	0	0	0	0	
0	0	0	0	0	0	0	
0	0	0	0	0	0	0	
1	0	0	0	0	0	2	
1	0	0	0	0	3	0	
0	0	0	0	0	0	0	
0	0	0	1	0	0	3	
0	1	0	0	0	0	0	
0	0	0	0	0	0	0	
0	0	0	0	0	0	0	
0	0	0	0	0	0	1	
0	0	0	2	0	0	0	
0	0	0	1	0	0	0	
0	0	0	2	0	0	0	
3	2	1	0	0	0	2	
0	0	0	1	0	0	0	
0	0	0	0	0	0	1	
0	0	0	2	0	0	0	
0	0	0	2	0	0	0	
0	0	1	0	0	0	0	
1	2	0	0	0	0	0	
0	0	0	0	0	2	0	
0	0	0	0	0	0	0	
0	0	0	0	0	0	0	
0	0	0	0	0	1	0	
0	0	0	0	0	0	0	
0	0	0	0	0	0	0	
0	1	0	0	0	0	0	
0	0	0	0	0	0	0	
0	0	2	2	0	3	2	
3	0	2	0	0	0	1	
0	0	0	0	0	0	0	
1	0	0	0	0	0	0	
0	0	0	0	0	0	1	
0	2	0	0	0	0	0	
3	0	0	0	0	0	0	
0	0	0	1	0	0	1	
0	2	0	0	0	0	0	
0	0	0	0	0	0	0	
0	2	0	1	0	0	0	
0	0	0	2	0	3	0	
0	0	0	0	0	0	0	
0	0	0	0	0	0	0	
0	2	0	0	0	0	1	
3	1	0	0	0	0	0	
1	0	0	0	0	0	0	
--------------------

--------------------
Best Solution Found!
--------------------
Time: 0 hour(s), 4 minute(s), 10 second(s), 224 millisecond(s)

Fitness: 71218

1	0	0	0	0	1	0	
3	0	0	0	0	0	1	
0	2	1	2	3	3	0	
3	0	0	0	0	0	0	
0	2	0	2	0	3	0	
0	0	0	0	0	0	1	
0	1	0	0	0	0	0	
3	0	0	0	0	0	0	
3	0	1	2	0	0	1	
0	0	0	0	0	0	1	
0	2	0	0	0	0	1	
3	0	2	1	0	0	0	
0	0	0	2	0	0	0	
0	0	0	1	0	0	0	
0	0	0	0	0	0	0	
0	0	0	0	0	0	0	
0	0	0	1	0	0	0	
0	0	0	0	0	3	0	
0	2	0	0	0	0	0	
3	1	0	0	0	0	0	
0	0	2	1	0	0	0	
0	0	0	0	0	3	0	
0	0	0	1	0	0	0	
0	0	2	0	0	0	0	
0	0	0	0	0	0	1	
0	0	0	0	0	0	0	
0	2	0	0	0	0	0	
0	2	0	0	0	0	0	
0	0	0	1	0	0	3	
1	0	0	0	0	0	0	
0	1	0	2	0	0	1	
0	0	0	0	0	1	0	
0	2	1	0	0	0	0	
0	0	0	0	0	0	0	
0	0	0	0	0	2	0	
0	2	0	0	0	0	1	
0	0	0	0	0	0	0	
1	1	1	2	0	0	2	
0	0	0	0	0	0	0	
1	2	1	1	0	0	1	
1	0	0	0	0	0	0	
0	0	0	0	0	0	0	
0	0	0	0	0	0	0	
3	1	2	1	0	3	0	
0	0	0	2	0	0	0	
0	0	0	2	0	0	0	
0	1	0	0	0	0	0	
1	1	0	0	0	0	0	
1	1	0	0	0	3	1	
0	0	0	0	0	0	0	
1	0	0	0	0	0	1	
0	0	0	0	0	2	0	
0	0	0	0	0	0	0	
0	1	0	0	0	0	0	
0	1	0	0	0	0	0	
3	0	0	0	0	0	0	
0	0	0	0	0	0	1	
0	0	0	0	0	0	0	
3	0	0	0	0	3	2	
0	0	0	0	0	0	2	
0	0	0	0	0	0	0	
0	1	0	0	0	0	0	
0	0	0	0	0	0	0	
0	0	0	1	0	0	0	
0	0	2	1	2	0	0	
0	1	0	0	0	0	0	
0	0	0	0	0	3	3	
1	0	0	0	0	0	0	
3	0	0	0	0	0	0	
0	0	0	0	0	0	0	
0	0	0	0	0	0	0	
0	0	0	0	0	0	2	
3	0	0	0	0	0	0	
0	0	0	1	2	0	0	
1	0	2	0	0	0	0	
--------------------

--------------------
Best Solution Found!
--------------------
Time: 0 hour(s), 4 minute(s), 10 second(s), 226 millisecond(s)

Fitness: 71218

1	0	0	0	0	1	0	
3	0	0	0	0	0	1	
0	2	1	2	3	3	0	
3	0	0	0	0	0	0	
0	2	0	2	0	3	0	
0	0	0	0	0	0	1	
0	1	0	0	0	0	0	
3	0	0	0	0	0	0	
3	0	1	2	0	0	1	
0	0	0	0	0	0	1	
0	2	0	0	0	0	1	
3	0	2	1	0	0	0	
0	0	0	2	0	0	0	
0	0	0	1	0	0	0	
0	0	0	0	0	0	0	
0	0	0	0	0	0	0	
0	0	0	1	0	0	0	
0	0	0	0	0	3	0	
0	2	0	0	0	0	0	
3	1	0	0	0	0	0	
0	0	2	1	0	0	0	
0	0	0	0	0	3	0	
0	0	0	1	0	0	0	
0	0	2	0	0	0	0	
0	0	0	0	0	0	1	
0	0	0	0	0	0	0	
0	2	0	0	0	0	0	
0	2	0	0	0	0	0	
0	0	0	1	0	0	3	
1	0	0	0	0	0	0	
0	1	0	2	0	0	1	
0	0	0	0	0	1	0	
0	2	1	0	0	0	0	
0	0	0	0	0	0	0	
0	0	0	0	0	2	0	
0	2	0	0	0	0	1	
0	0	0	0	0	0	0	
1	1	1	2	0	0	2	
0	0	0	0	0	0	0	
1	2	1	1	0	0	1	
1	0	0	0	0	0	0	
0	0	0	0	0	0	0	
0	0	0	0	0	0	0	
3	1	2	1	0	3	0	
0	0	0	2	0	0	0	
0	0	0	2	0	0	0	
0	1	0	0	0	0	0	
1	1	0	0	0	0	0	
1	1	0	0	0	3	1	
0	0	0	0	0	0	0	
1	0	0	0	0	0	1	
0	0	0	0	0	2	0	
0	0	0	0	0	0	0	
0	1	0	0	0	0	0	
0	1	0	0	0	0	0	
3	0	0	0	0	0	0	
0	0	0	0	0	0	1	
0	0	0	0	0	0	0	
3	0	0	0	0	3	2	
0	0	0	0	0	0	2	
0	0	0	0	0	0	0	
0	1	0	0	0	0	0	
0	0	0	0	0	0	0	
0	0	0	1	0	0	0	
0	0	2	1	2	0	0	
0	1	0	0	0	0	0	
0	0	0	0	0	3	3	
1	0	0	0	0	0	0	
3	0	0	0	0	0	0	
0	0	0	0	0	0	0	
0	0	0	0	0	0	0	
0	0	0	0	0	0	2	
3	0	0	0	0	0	0	
0	0	0	1	2	0	0	
1	0	2	0	0	0	0	
--------------------

--------------------
Best Solution Found!
--------------------
Time: 0 hour(s), 5 minute(s), 2 second(s), 696 millisecond(s)

Fitness: 71212

0	0	0	0	0	0	1	
1	0	0	0	0	0	0	
3	0	0	0	0	3	0	
0	0	0	0	0	0	0	
0	0	0	0	0	0	0	
0	0	0	0	0	0	0	
0	1	0	0	0	0	3	
0	2	0	0	0	0	0	
0	2	1	1	0	3	1	
1	0	0	0	0	0	0	
0	0	0	0	0	0	1	
0	0	0	2	0	0	2	
1	1	0	0	0	0	3	
0	0	0	0	0	0	0	
0	0	0	0	3	3	0	
0	0	2	0	0	0	1	
3	0	0	0	0	0	1	
0	1	0	2	2	3	1	
0	1	0	0	0	0	0	
3	1	0	0	0	0	0	
0	0	0	0	0	0	0	
0	0	2	1	0	1	0	
0	0	0	0	0	0	1	
0	0	0	1	0	3	0	
0	0	0	0	0	0	0	
0	0	0	0	0	0	0	
0	0	1	1	0	0	0	
0	0	0	0	0	0	0	
0	2	0	2	0	0	0	
0	2	0	0	0	0	1	
0	0	1	0	0	0	0	
3	1	0	2	0	0	0	
0	0	1	0	0	0	0	
3	0	0	0	0	0	0	
0	0	0	2	0	0	0	
1	0	0	0	0	0	0	
3	0	0	0	0	0	0	
0	0	0	0	0	0	0	
0	0	0	2	0	0	0	
0	0	1	1	0	3	0	
0	0	0	0	0	0	0	
0	0	0	0	0	0	0	
0	0	2	0	0	0	0	
0	0	0	0	0	0	1	
0	0	0	0	0	0	0	
0	0	0	0	0	0	0	
1	0	2	0	0	0	0	
0	2	0	2	0	0	0	
3	0	2	1	0	1	0	
0	0	0	0	0	2	0	
0	0	0	0	0	0	0	
3	2	0	0	0	0	0	
3	0	0	1	0	0	0	
0	1	0	1	0	0	1	
1	0	0	0	0	0	0	
0	0	0	0	0	0	2	
0	1	0	0	0	2	0	
1	2	0	0	0	0	0	
0	0	0	0	0	0	0	
0	0	0	0	0	0	0	
0	0	0	0	0	0	0	
0	0	0	0	0	0	0	
1	1	0	0	0	0	0	
0	0	0	0	0	0	1	
0	0	0	0	0	0	0	
3	2	2	2	0	0	2	
0	0	0	0	0	0	0	
0	2	0	1	0	0	0	
0	1	0	0	0	3	1	
0	0	0	0	0	0	0	
0	1	0	0	0	0	0	
0	0	0	0	0	0	0	
1	0	0	1	0	0	0	
1	1	0	0	0	0	0	
3	0	0	1	2	3	2	
--------------------

--------------------
Best Solution Found!
--------------------
Time: 0 hour(s), 5 minute(s), 2 second(s), 699 millisecond(s)

Fitness: 71212

0	0	0	0	0	0	1	
1	0	0	0	0	0	0	
3	0	0	0	0	3	0	
0	0	0	0	0	0	0	
0	0	0	0	0	0	0	
0	0	0	0	0	0	0	
0	1	0	0	0	0	3	
0	2	0	0	0	0	0	
0	2	1	1	0	3	1	
1	0	0	0	0	0	0	
0	0	0	0	0	0	1	
0	0	0	2	0	0	2	
1	1	0	0	0	0	3	
0	0	0	0	0	0	0	
0	0	0	0	3	3	0	
0	0	2	0	0	0	1	
3	0	0	0	0	0	1	
0	1	0	2	2	3	1	
0	1	0	0	0	0	0	
3	1	0	0	0	0	0	
0	0	0	0	0	0	0	
0	0	2	1	0	1	0	
0	0	0	0	0	0	1	
0	0	0	1	0	3	0	
0	0	0	0	0	0	0	
0	0	0	0	0	0	0	
0	0	1	1	0	0	0	
0	0	0	0	0	0	0	
0	2	0	2	0	0	0	
0	2	0	0	0	0	1	
0	0	1	0	0	0	0	
3	1	0	2	0	0	0	
0	0	1	0	0	0	0	
3	0	0	0	0	0	0	
0	0	0	2	0	0	0	
1	0	0	0	0	0	0	
3	0	0	0	0	0	0	
0	0	0	0	0	0	0	
0	0	0	2	0	0	0	
0	0	1	1	0	3	0	
0	0	0	0	0	0	0	
0	0	0	0	0	0	0	
0	0	2	0	0	0	0	
0	0	0	0	0	0	1	
0	0	0	0	0	0	0	
0	0	0	0	0	0	0	
1	0	2	0	0	0	0	
0	2	0	2	0	0	0	
3	0	2	1	0	1	0	
0	0	0	0	0	2	0	
0	0	0	0	0	0	0	
3	2	0	0	0	0	0	
3	0	0	1	0	0	0	
0	1	0	1	0	0	1	
1	0	0	0	0	0	0	
0	0	0	0	0	0	2	
0	1	0	0	0	2	0	
1	2	0	0	0	0	0	
0	0	0	0	0	0	0	
0	0	0	0	0	0	0	
0	0	0	0	0	0	0	
0	0	0	0	0	0	0	
1	1	0	0	0	0	0	
0	0	0	0	0	0	1	
0	0	0	0	0	0	0	
3	2	2	2	0	0	2	
0	0	0	0	0	0	0	
0	2	0	1	0	0	0	
0	1	0	0	0	3	1	
0	0	0	0	0	0	0	
0	1	0	0	0	0	0	
0	0	0	0	0	0	0	
1	0	0	1	0	0	0	
1	1	0	0	0	0	0	
3	0	0	1	2	3	2	
--------------------

--------------------
Best Solution Found!
--------------------
Time: 0 hour(s), 7 minute(s), 36 second(s), 249 millisecond(s)

Fitness: 70253

3	0	1	0	0	0	0	
0	0	2	0	0	3	0	
0	0	0	0	0	0	0	
3	1	0	1	2	0	1	
0	0	0	0	0	0	1	
0	0	0	0	0	3	1	
1	1	0	0	3	3	1	
0	0	0	0	0	0	0	
0	0	2	0	0	0	0	
0	0	2	0	0	0	0	
1	0	0	2	0	0	0	
0	0	0	0	0	0	0	
0	0	0	0	0	0	0	
0	2	0	2	0	0	0	
0	0	0	0	0	0	0	
0	1	2	1	0	0	1	
0	0	0	0	0	0	0	
3	0	0	0	0	0	1	
0	0	0	0	0	0	0	
3	0	0	0	2	3	0	
0	2	0	0	0	0	1	
0	0	1	1	0	0	0	
1	2	1	1	0	3	0	
0	0	0	0	0	0	3	
0	0	0	0	0	0	0	
0	0	0	0	0	0	0	
3	0	0	0	0	0	0	
3	2	2	0	0	0	0	
1	2	0	0	0	0	0	
0	0	0	0	0	0	0	
0	1	1	0	0	0	0	
1	0	0	0	0	0	0	
0	0	0	1	0	0	0	
0	0	0	0	0	0	0	
0	0	0	0	0	0	0	
0	0	0	0	0	0	0	
0	0	2	0	0	0	0	
0	0	0	0	0	0	0	
0	0	0	0	0	0	0	
0	0	0	0	0	3	2	
0	2	0	0	0	0	2	
3	0	0	0	0	0	0	
0	0	0	0	0	0	0	
1	0	0	0	0	0	0	
0	1	0	0	0	0	2	
0	1	0	1	0	0	0	
0	0	0	0	0	2	1	
0	0	0	2	0	3	0	
3	1	0	2	0	1	1	
3	0	0	1	0	0	0	
0	2	0	0	0	0	0	
0	0	0	0	0	0	0	
0	1	1	0	0	0	0	
0	0	0	2	0	0	0	
1	0	0	0	0	0	0	
0	0	0	0	0	0	0	
0	0	0	0	0	1	0	
0	0	0	0	0	0	1	
1	0	0	0	0	0	0	
0	0	0	2	0	0	0	
0	0	0	1	0	0	1	
3	0	0	1	0	0	0	
0	0	0	0	0	0	3	
0	2	0	0	0	0	0	
0	0	0	2	0	0	0	
3	2	0	0	0	0	0	
1	1	0	1	0	2	2	
0	0	0	0	0	0	0	
0	0	0	1	0	0	0	
0	1	0	0	0	0	0	
0	1	0	0	0	0	0	
0	0	0	2	0	0	0	
0	0	0	0	0	0	0	
0	0	0	0	0	0	1	
1	1	0	0	0	3	0	
--------------------

--------------------
Best Solution Found!
--------------------
Time: 0 hour(s), 7 minute(s), 36 second(s), 254 millisecond(s)

Fitness: 70253

3	0	1	0	0	0	0	
0	0	2	0	0	3	0	
0	0	0	0	0	0	0	
3	1	0	1	2	0	1	
0	0	0	0	0	0	1	
0	0	0	0	0	3	1	
1	1	0	0	3	3	1	
0	0	0	0	0	0	0	
0	0	2	0	0	0	0	
0	0	2	0	0	0	0	
1	0	0	2	0	0	0	
0	0	0	0	0	0	0	
0	0	0	0	0	0	0	
0	2	0	2	0	0	0	
0	0	0	0	0	0	0	
0	1	2	1	0	0	1	
0	0	0	0	0	0	0	
3	0	0	0	0	0	1	
0	0	0	0	0	0	0	
3	0	0	0	2	3	0	
0	2	0	0	0	0	1	
0	0	1	1	0	0	0	
1	2	1	1	0	3	0	
0	0	0	0	0	0	3	
0	0	0	0	0	0	0	
0	0	0	0	0	0	0	
3	0	0	0	0	0	0	
3	2	2	0	0	0	0	
1	2	0	0	0	0	0	
0	0	0	0	0	0	0	
0	1	1	0	0	0	0	
1	0	0	0	0	0	0	
0	0	0	1	0	0	0	
0	0	0	0	0	0	0	
0	0	0	0	0	0	0	
0	0	0	0	0	0	0	
0	0	2	0	0	0	0	
0	0	0	0	0	0	0	
0	0	0	0	0	0	0	
0	0	0	0	0	3	2	
0	2	0	0	0	0	2	
3	0	0	0	0	0	0	
0	0	0	0	0	0	0	
1	0	0	0	0	0	0	
0	1	0	0	0	0	2	
0	1	0	1	0	0	0	
0	0	0	0	0	2	1	
0	0	0	2	0	3	0	
3	1	0	2	0	1	1	
3	0	0	1	0	0	0	
0	2	0	0	0	0	0	
0	0	0	0	0	0	0	
0	1	1	0	0	0	0	
0	0	0	2	0	0	0	
1	0	0	0	0	0	0	
0	0	0	0	0	0	0	
0	0	0	0	0	1	0	
0	0	0	0	0	0	1	
1	0	0	0	0	0	0	
0	0	0	2	0	0	0	
0	0	0	1	0	0	1	
3	0	0	1	0	0	0	
0	0	0	0	0	0	3	
0	2	0	0	0	0	0	
0	0	0	2	0	0	0	
3	2	0	0	0	0	0	
1	1	0	1	0	2	2	
0	0	0	0	0	0	0	
0	0	0	1	0	0	0	
0	1	0	0	0	0	0	
0	1	0	0	0	0	0	
0	0	0	2	0	0	0	
0	0	0	0	0	0	0	
0	0	0	0	0	0	1	
1	1	0	0	0	3	0	
--------------------

--------------------
Best Solution Found!
--------------------
Time: 0 hour(s), 11 minute(s), 53 second(s), 867 millisecond(s)

Fitness: 70222

3	0	0	0	0	0	0	
0	0	0	0	0	0	0	
0	0	0	0	0	0	0	
0	0	0	0	0	0	0	
0	0	0	0	0	0	0	
0	0	0	0	0	0	0	
0	2	0	0	0	3	0	
0	0	0	0	0	1	2	
0	1	0	0	0	0	0	
0	1	0	0	0	0	0	
0	2	0	0	2	0	1	
0	0	0	0	0	0	3	
0	0	0	0	0	0	0	
1	0	0	1	0	0	1	
3	0	0	1	0	0	0	
1	0	0	0	0	0	0	
0	0	0	2	0	0	0	
0	0	1	2	0	0	0	
0	0	0	0	0	0	3	
0	0	0	0	0	0	0	
0	0	0	0	0	0	0	
0	0	1	1	0	0	0	
0	0	0	0	0	0	0	
1	1	2	0	0	2	2	
3	0	0	2	0	0	1	
0	2	0	0	0	0	0	
0	0	0	1	0	0	0	
1	1	0	2	0	1	0	
0	0	0	0	0	0	0	
0	0	2	0	0	0	0	
3	1	0	0	0	0	0	
1	0	0	0	0	0	1	
0	0	0	0	0	0	0	
0	2	0	0	0	0	0	
0	0	0	0	0	0	2	
0	0	0	0	0	2	0	
0	0	0	0	0	0	1	
0	0	0	0	0	0	0	
1	1	2	0	0	3	2	
0	1	0	2	3	3	1	
0	0	0	1	0	0	1	
0	0	0	1	0	0	0	
0	2	0	2	0	0	0	
0	0	0	0	0	0	0	
1	0	2	0	0	0	0	
0	0	0	0	0	0	0	
0	0	1	1	0	3	0	
0	0	0	0	0	0	1	
3	0	0	0	0	0	0	
1	0	0	0	0	0	0	
0	0	0	1	0	0	1	
0	0	0	0	0	0	0	
1	1	0	0	0	0	0	
0	2	1	1	0	3	1	
3	2	2	2	0	3	0	
3	0	0	1	0	0	0	
0	2	2	0	0	0	0	
1	1	0	1	0	0	0	
0	0	0	0	0	3	0	
0	2	0	0	0	0	0	
0	0	0	0	0	0	0	
0	0	0	0	0	0	0	
0	1	0	0	0	3	0	
0	0	0	0	0	0	1	
3	0	0	2	2	0	0	
0	0	1	0	0	0	0	
0	0	0	0	0	0	0	
3	1	0	0	0	0	1	
3	1	0	0	0	0	0	
0	0	0	0	0	0	0	
0	0	0	0	0	0	0	
3	0	0	0	0	0	0	
0	0	0	0	0	0	0	
0	0	0	0	0	0	0	
0	0	0	0	0	0	0	
--------------------

--------------------
Best Solution Found!
--------------------
Time: 0 hour(s), 11 minute(s), 53 second(s), 871 millisecond(s)

Fitness: 70222

3	0	0	0	0	0	0	
0	0	0	0	0	0	0	
0	0	0	0	0	0	0	
0	0	0	0	0	0	0	
0	0	0	0	0	0	0	
0	0	0	0	0	0	0	
0	2	0	0	0	3	0	
0	0	0	0	0	1	2	
0	1	0	0	0	0	0	
0	1	0	0	0	0	0	
0	2	0	0	2	0	1	
0	0	0	0	0	0	3	
0	0	0	0	0	0	0	
1	0	0	1	0	0	1	
3	0	0	1	0	0	0	
1	0	0	0	0	0	0	
0	0	0	2	0	0	0	
0	0	1	2	0	0	0	
0	0	0	0	0	0	3	
0	0	0	0	0	0	0	
0	0	0	0	0	0	0	
0	0	1	1	0	0	0	
0	0	0	0	0	0	0	
1	1	2	0	0	2	2	
3	0	0	2	0	0	1	
0	2	0	0	0	0	0	
0	0	0	1	0	0	0	
1	1	0	2	0	1	0	
0	0	0	0	0	0	0	
0	0	2	0	0	0	0	
3	1	0	0	0	0	0	
1	0	0	0	0	0	1	
0	0	0	0	0	0	0	
0	2	0	0	0	0	0	
0	0	0	0	0	0	2	
0	0	0	0	0	2	0	
0	0	0	0	0	0	1	
0	0	0	0	0	0	0	
1	1	2	0	0	3	2	
0	1	0	2	3	3	1	
0	0	0	1	0	0	1	
0	0	0	1	0	0	0	
0	2	0	2	0	0	0	
0	0	0	0	0	0	0	
1	0	2	0	0	0	0	
0	0	0	0	0	0	0	
0	0	1	1	0	3	0	
0	0	0	0	0	0	1	
3	0	0	0	0	0	0	
1	0	0	0	0	0	0	
0	0	0	1	0	0	1	
0	0	0	0	0	0	0	
1	1	0	0	0	0	0	
0	2	1	1	0	3	1	
3	2	2	2	0	3	0	
3	0	0	1	0	0	0	
0	2	2	0	0	0	0	
1	1	0	1	0	0	0	
0	0	0	0	0	3	0	
0	2	0	0	0	0	0	
0	0	0	0	0	0	0	
0	0	0	0	0	0	0	
0	1	0	0	0	3	0	
0	0	0	0	0	0	1	
3	0	0	2	2	0	0	
0	0	1	0	0	0	0	
0	0	0	0	0	0	0	
3	1	0	0	0	0	1	
3	1	0	0	0	0	0	
0	0	0	0	0	0	0	
0	0	0	0	0	0	0	
3	0	0	0	0	0	0	
0	0	0	0	0	0	0	
0	0	0	0	0	0	0	
0	0	0	0	0	0	0	
--------------------

--------------------
Best Solution Found!
--------------------
Time: 0 hour(s), 11 minute(s), 53 second(s), 875 millisecond(s)

Fitness: 70222

3	0	0	0	0	0	0	
0	0	0	0	0	0	0	
0	0	0	0	0	0	0	
0	0	0	0	0	0	0	
0	0	0	0	0	0	0	
0	0	0	0	0	0	0	
0	2	0	0	0	3	0	
0	0	0	0	0	1	2	
0	1	0	0	0	0	0	
0	1	0	0	0	0	0	
0	2	0	0	2	0	1	
0	0	0	0	0	0	3	
0	0	0	0	0	0	0	
1	0	0	1	0	0	1	
3	0	0	1	0	0	0	
1	0	0	0	0	0	0	
0	0	0	2	0	0	0	
0	0	1	2	0	0	0	
0	0	0	0	0	0	3	
0	0	0	0	0	0	0	
0	0	0	0	0	0	0	
0	0	1	1	0	0	0	
0	0	0	0	0	0	0	
1	1	2	0	0	2	2	
3	0	0	2	0	0	1	
0	2	0	0	0	0	0	
0	0	0	1	0	0	0	
1	1	0	2	0	1	0	
0	0	0	0	0	0	0	
0	0	2	0	0	0	0	
3	1	0	0	0	0	0	
1	0	0	0	0	0	1	
0	0	0	0	0	0	0	
0	2	0	0	0	0	0	
0	0	0	0	0	0	2	
0	0	0	0	0	2	0	
0	0	0	0	0	0	1	
0	0	0	0	0	0	0	
1	1	2	0	0	3	2	
0	1	0	2	3	3	1	
0	0	0	1	0	0	1	
0	0	0	1	0	0	0	
0	2	0	2	0	0	0	
0	0	0	0	0	0	0	
1	0	2	0	0	0	0	
0	0	0	0	0	0	0	
0	0	1	1	0	3	0	
0	0	0	0	0	0	1	
3	0	0	0	0	0	0	
1	0	0	0	0	0	0	
0	0	0	1	0	0	1	
0	0	0	0	0	0	0	
1	1	0	0	0	0	0	
0	2	1	1	0	3	1	
3	2	2	2	0	3	0	
3	0	0	1	0	0	0	
0	2	2	0	0	0	0	
1	1	0	1	0	0	0	
0	0	0	0	0	3	0	
0	2	0	0	0	0	0	
0	0	0	0	0	0	0	
0	0	0	0	0	0	0	
0	1	0	0	0	3	0	
0	0	0	0	0	0	1	
3	0	0	2	2	0	0	
0	0	1	0	0	0	0	
0	0	0	0	0	0	0	
3	1	0	0	0	0	1	
3	1	0	0	0	0	0	
0	0	0	0	0	0	0	
0	0	0	0	0	0	0	
3	0	0	0	0	0	0	
0	0	0	0	0	0	0	
0	0	0	0	0	0	0	
0	0	0	0	0	0	0	
--------------------

--------------------
Best Solution Found!
--------------------
Time: 0 hour(s), 11 minute(s), 53 second(s), 877 millisecond(s)

Fitness: 70222

3	0	0	0	0	0	0	
0	0	0	0	0	0	0	
0	0	0	0	0	0	0	
0	0	0	0	0	0	0	
0	0	0	0	0	0	0	
0	0	0	0	0	0	0	
0	2	0	0	0	3	0	
0	0	0	0	0	1	2	
0	1	0	0	0	0	0	
0	1	0	0	0	0	0	
0	2	0	0	2	0	1	
0	0	0	0	0	0	3	
0	0	0	0	0	0	0	
1	0	0	1	0	0	1	
3	0	0	1	0	0	0	
1	0	0	0	0	0	0	
0	0	0	2	0	0	0	
0	0	1	2	0	0	0	
0	0	0	0	0	0	3	
0	0	0	0	0	0	0	
0	0	0	0	0	0	0	
0	0	1	1	0	0	0	
0	0	0	0	0	0	0	
1	1	2	0	0	2	2	
3	0	0	2	0	0	1	
0	2	0	0	0	0	0	
0	0	0	1	0	0	0	
1	1	0	2	0	1	0	
0	0	0	0	0	0	0	
0	0	2	0	0	0	0	
3	1	0	0	0	0	0	
1	0	0	0	0	0	1	
0	0	0	0	0	0	0	
0	2	0	0	0	0	0	
0	0	0	0	0	0	2	
0	0	0	0	0	2	0	
0	0	0	0	0	0	1	
0	0	0	0	0	0	0	
1	1	2	0	0	3	2	
0	1	0	2	3	3	1	
0	0	0	1	0	0	1	
0	0	0	1	0	0	0	
0	2	0	2	0	0	0	
0	0	0	0	0	0	0	
1	0	2	0	0	0	0	
0	0	0	0	0	0	0	
0	0	1	1	0	3	0	
0	0	0	0	0	0	1	
3	0	0	0	0	0	0	
1	0	0	0	0	0	0	
0	0	0	1	0	0	1	
0	0	0	0	0	0	0	
1	1	0	0	0	0	0	
0	2	1	1	0	3	1	
3	2	2	2	0	3	0	
3	0	0	1	0	0	0	
0	2	2	0	0	0	0	
1	1	0	1	0	0	0	
0	0	0	0	0	3	0	
0	2	0	0	0	0	0	
0	0	0	0	0	0	0	
0	0	0	0	0	0	0	
0	1	0	0	0	3	0	
0	0	0	0	0	0	1	
3	0	0	2	2	0	0	
0	0	1	0	0	0	0	
0	0	0	0	0	0	0	
3	1	0	0	0	0	1	
3	1	0	0	0	0	0	
0	0	0	0	0	0	0	
0	0	0	0	0	0	0	
3	0	0	0	0	0	0	
0	0	0	0	0	0	0	
0	0	0	0	0	0	0	
0	0	0	0	0	0	0	
--------------------


The best solution was found at the restart: 39, population: 0
Total Time Elapsed: 0 hour(s), 17 minute(s), 32 second(s), 263 millisecond(s)

