--------------------
Best Solution Found!
--------------------
Time: 0 hour(s), 0 minute(s), 0 second(s), 1 millisecond(s)

Fitness: 25082

0	0	0	0	0	0	0	
1	0	0	0	0	0	0	
3	0	0	0	0	0	0	
0	3	0	0	0	0	0	
0	0	0	3	0	0	0	
0	0	0	0	0	0	0	
0	0	0	1	3	0	3	
0	0	0	0	2	0	2	
0	0	0	2	2	0	0	
2	0	0	0	0	0	0	
0	2	0	0	0	0	1	
0	0	0	0	1	0	0	
1	0	2	0	0	0	0	
2	0	2	0	0	0	0	
0	0	0	0	0	3	0	
0	0	0	0	0	2	0	
0	0	1	0	1	0	0	
2	0	3	0	1	0	1	
0	0	0	0	0	3	0	
0	0	0	0	0	0	0	
0	0	1	0	0	0	0	
0	0	0	0	0	0	0	
3	0	1	1	0	0	0	
1	0	0	0	0	0	0	
0	3	2	0	0	0	0	
--------------------

--------------------
Best Solution Found!
--------------------
Time: 0 hour(s), 0 minute(s), 0 second(s), 2 millisecond(s)

Fitness: 24075

0	0	0	0	0	0	0	
1	0	0	0	0	0	0	
3	0	0	0	0	0	0	
0	3	0	0	0	0	0	
0	0	0	0	0	0	0	
0	0	0	0	0	0	0	
0	0	0	0	3	0	3	
0	0	0	0	2	0	2	
0	0	0	0	2	0	0	
2	0	0	0	0	0	0	
0	2	0	0	0	0	1	
0	0	0	0	1	0	0	
1	0	2	3	0	0	0	
2	0	2	0	0	0	0	
0	0	0	2	0	3	0	
0	0	0	0	0	2	0	
0	0	1	0	1	0	0	
2	0	3	1	1	0	1	
0	0	0	0	0	3	0	
0	0	0	0	0	0	0	
0	0	1	1	0	0	0	
0	0	0	0	0	0	0	
3	0	1	0	0	0	0	
1	0	0	0	0	0	0	
0	3	2	0	0	0	0	
--------------------

--------------------
Best Solution Found!
--------------------
Time: 0 hour(s), 0 minute(s), 0 second(s), 17 millisecond(s)

Fitness: 24066

2	0	0	0	0	0	0	
1	0	0	0	0	0	0	
2	0	0	0	0	3	0	
0	0	0	0	0	0	0	
1	3	3	0	0	0	0	
0	0	2	1	0	0	0	
0	0	1	0	0	0	0	
3	0	0	0	1	0	0	
0	0	1	0	0	0	0	
0	0	0	1	0	0	0	
0	0	0	0	0	0	0	
0	0	0	0	1	0	0	
3	0	0	0	0	0	0	
1	2	0	0	2	2	3	
0	3	2	0	0	0	0	
0	0	0	2	0	0	0	
2	0	0	0	1	0	1	
0	0	0	0	3	3	0	
0	0	0	0	0	0	1	
0	0	2	0	2	0	0	
0	0	0	0	0	0	0	
0	0	0	0	0	0	2	
0	0	0	0	0	0	0	
0	0	1	3	0	0	0	
0	0	0	0	0	0	0	
--------------------

--------------------
Best Solution Found!
--------------------
Time: 0 hour(s), 0 minute(s), 0 second(s), 138 millisecond(s)

Fitness: 23091

1	0	0	0	0	0	0	
0	0	0	0	0	0	0	
2	0	0	0	0	0	0	
0	0	0	0	0	0	1	
0	0	0	0	0	0	0	
1	0	0	0	0	3	0	
0	0	0	0	0	0	0	
0	0	0	0	0	0	0	
0	0	3	0	0	0	0	
0	0	0	2	0	0	0	
0	0	2	0	0	0	0	
0	0	0	1	0	0	0	
3	3	0	0	0	0	0	
2	0	0	0	0	0	0	
0	0	0	0	0	0	0	
0	0	1	0	3	0	0	
3	0	0	1	0	0	0	
0	0	1	3	2	3	3	
0	0	0	0	2	0	0	
0	0	2	0	1	0	0	
1	2	1	0	0	2	2	
0	0	0	0	0	0	0	
0	3	0	0	1	0	0	
2	0	2	0	0	0	1	
0	0	0	0	1	0	0	
--------------------

--------------------
Best Solution Found!
--------------------
Time: 0 hour(s), 0 minute(s), 0 second(s), 232 millisecond(s)

Fitness: 23088

1	0	3	0	0	0	0	
0	3	0	0	0	0	0	
1	0	0	0	0	0	0	
3	0	0	0	0	0	0	
1	0	0	0	0	0	0	
0	0	0	3	0	0	0	
0	0	0	0	2	3	0	
2	3	2	2	0	0	2	
0	0	0	0	0	0	0	
3	0	0	0	1	0	0	
0	0	0	0	0	0	0	
0	0	1	0	0	0	0	
0	0	0	0	0	0	0	
0	0	0	0	3	0	0	
0	0	0	1	0	0	3	
0	0	1	1	1	0	0	
0	0	0	0	0	0	1	
2	0	0	0	0	3	0	
0	0	0	0	0	0	0	
2	0	1	0	2	2	1	
0	0	2	0	0	0	0	
0	2	0	0	1	0	0	
0	0	0	0	0	0	0	
0	0	2	0	0	0	0	
0	0	0	0	0	0	0	
--------------------

--------------------
Best Solution Found!
--------------------
Time: 0 hour(s), 0 minute(s), 0 second(s), 360 millisecond(s)

Fitness: 23088

0	0	0	0	0	0	0	
3	0	0	0	0	0	0	
1	0	0	0	0	0	0	
0	0	0	0	0	0	0	
0	0	0	0	0	0	0	
2	0	0	2	0	0	0	
0	0	0	3	2	0	1	
0	0	0	0	0	0	0	
0	0	0	0	0	0	3	
0	0	0	0	1	0	0	
3	0	0	1	0	0	0	
1	0	0	0	0	0	0	
0	0	1	0	0	0	0	
1	3	3	0	3	2	0	
0	0	1	0	0	0	1	
0	0	0	0	1	0	0	
2	2	2	0	0	0	0	
0	0	1	0	0	0	0	
0	0	0	0	0	0	0	
0	0	2	0	2	3	0	
0	0	0	0	0	0	0	
0	0	0	0	1	0	0	
0	0	0	0	0	0	0	
0	3	2	1	0	3	2	
2	0	0	0	0	0	0	
--------------------

--------------------
Best Solution Found!
--------------------
Time: 0 hour(s), 0 minute(s), 0 second(s), 361 millisecond(s)

Fitness: 23088

0	0	0	0	0	0	0	
3	0	0	0	0	0	0	
1	0	0	0	0	0	0	
0	0	0	0	0	0	0	
0	0	0	0	0	0	0	
2	0	0	2	0	0	0	
0	0	0	3	2	0	1	
0	0	0	0	0	0	0	
0	0	0	0	0	0	3	
0	0	0	0	1	0	0	
3	0	0	1	0	0	0	
1	0	0	0	0	0	0	
0	0	1	0	0	0	0	
1	3	3	0	3	2	0	
0	0	1	0	0	0	1	
0	0	0	0	1	0	0	
2	2	2	0	0	0	0	
0	0	1	0	0	0	0	
0	0	0	0	0	0	0	
0	0	2	0	2	3	0	
0	0	0	0	0	0	0	
0	0	0	0	1	0	0	
0	0	0	0	0	0	0	
0	3	2	1	0	3	2	
2	0	0	0	0	0	0	
--------------------

--------------------
Best Solution Found!
--------------------
Time: 0 hour(s), 0 minute(s), 0 second(s), 362 millisecond(s)

Fitness: 23088

0	0	0	0	0	0	0	
3	0	0	0	0	0	0	
1	0	0	0	0	0	0	
0	0	0	0	0	0	0	
0	0	0	0	0	0	0	
2	0	0	2	0	0	0	
0	0	0	3	2	0	1	
0	0	0	0	0	0	0	
0	0	0	0	0	0	3	
0	0	0	0	1	0	0	
3	0	0	1	0	0	0	
1	0	0	0	0	0	0	
0	0	1	0	0	0	0	
1	3	3	0	3	2	0	
0	0	1	0	0	0	1	
0	0	0	0	1	0	0	
2	2	2	0	0	0	0	
0	0	1	0	0	0	0	
0	0	0	0	0	0	0	
0	0	2	0	2	3	0	
0	0	0	0	0	0	0	
0	0	0	0	1	0	0	
0	0	0	0	0	0	0	
0	3	2	1	0	3	2	
2	0	0	0	0	0	0	
--------------------

--------------------
Best Solution Found!
--------------------
Time: 0 hour(s), 0 minute(s), 0 second(s), 430 millisecond(s)

Fitness: 23074

0	0	0	0	0	0	0	
2	0	0	0	0	0	0	
0	3	0	3	0	2	0	
1	0	0	1	0	0	0	
0	0	0	0	0	0	0	
0	0	0	0	0	0	0	
3	0	0	0	0	0	0	
3	0	0	0	0	0	0	
0	0	0	0	0	0	0	
0	0	1	0	3	0	2	
0	0	0	0	0	0	0	
1	0	0	0	0	0	0	
0	0	0	0	1	0	0	
0	0	2	0	0	0	0	
2	0	0	1	1	3	1	
1	0	0	0	2	0	0	
0	3	1	0	0	0	0	
0	0	0	0	0	0	0	
2	2	3	0	1	0	3	
0	0	0	0	0	0	0	
0	0	1	0	0	0	0	
0	0	2	0	0	0	0	
0	0	0	0	0	0	0	
0	0	2	0	0	3	1	
0	0	0	2	2	0	0	
--------------------

--------------------
Best Solution Found!
--------------------
Time: 0 hour(s), 0 minute(s), 0 second(s), 473 millisecond(s)

Fitness: 23070

0	0	0	0	0	0	0	
0	0	0	0	0	3	0	
0	0	0	3	1	0	1	
0	0	0	0	1	0	0	
0	0	0	0	0	0	0	
0	0	0	0	0	3	0	
0	0	1	0	0	0	2	
2	0	0	2	0	0	0	
0	0	0	0	0	0	0	
0	0	0	0	0	0	0	
0	0	0	0	0	0	0	
2	0	0	0	2	0	0	
1	3	2	1	1	0	0	
0	2	0	0	0	0	0	
0	0	3	0	0	0	3	
3	0	0	0	0	0	0	
2	0	0	0	0	0	0	
0	0	2	0	2	0	0	
1	3	1	1	0	2	0	
1	0	0	0	3	0	0	
0	0	0	0	0	0	0	
0	0	0	0	0	0	1	
0	0	0	0	0	0	0	
3	0	1	0	0	0	0	
0	0	2	0	0	0	0	
--------------------

--------------------
Best Solution Found!
--------------------
Time: 0 hour(s), 0 minute(s), 0 second(s), 474 millisecond(s)

Fitness: 23070

0	0	0	0	0	0	0	
0	0	0	0	0	3	0	
0	0	0	3	1	0	1	
0	0	0	0	1	0	0	
0	0	0	0	0	0	0	
0	0	0	0	0	3	0	
0	0	1	0	0	0	2	
2	0	0	2	0	0	0	
0	0	0	0	0	0	0	
0	0	0	0	0	0	0	
0	0	0	0	0	0	0	
2	0	0	0	2	0	0	
1	3	2	1	1	0	0	
0	2	0	0	0	0	0	
0	0	3	0	0	0	3	
3	0	0	0	0	0	0	
2	0	0	0	0	0	0	
0	0	2	0	2	0	0	
1	3	1	1	0	2	0	
1	0	0	0	3	0	0	
0	0	0	0	0	0	0	
0	0	0	0	0	0	1	
0	0	0	0	0	0	0	
3	0	1	0	0	0	0	
0	0	2	0	0	0	0	
--------------------

--------------------
Best Solution Found!
--------------------
Time: 0 hour(s), 0 minute(s), 1 second(s), 206 millisecond(s)

Fitness: 23070

2	0	0	0	0	0	1	
2	0	1	0	0	0	0	
3	3	1	0	1	3	0	
1	0	0	1	0	2	0	
0	0	0	0	2	0	0	
0	0	2	0	1	0	0	
0	0	0	0	0	0	0	
0	2	0	0	3	0	0	
0	0	0	1	0	0	0	
1	0	0	0	2	0	0	
0	3	0	0	0	0	0	
0	0	0	0	0	0	0	
0	0	0	0	0	0	0	
0	0	0	0	0	0	0	
0	0	0	0	0	0	0	
0	0	3	0	0	0	0	
3	0	1	0	0	0	0	
1	0	2	2	0	3	2	
0	0	0	0	0	0	0	
0	0	2	3	0	0	1	
0	0	0	0	0	0	0	
0	0	0	0	0	0	3	
0	0	0	0	1	0	0	
2	0	0	0	0	0	0	
0	0	0	0	0	0	0	
--------------------

--------------------
Best Solution Found!
--------------------
Time: 0 hour(s), 0 minute(s), 1 second(s), 207 millisecond(s)

Fitness: 23070

2	0	0	0	0	0	1	
2	0	1	0	0	0	0	
3	3	1	0	1	3	0	
1	0	0	1	0	2	0	
0	0	0	0	2	0	0	
0	0	2	0	1	0	0	
0	0	0	0	0	0	0	
0	2	0	0	3	0	0	
0	0	0	1	0	0	0	
1	0	0	0	2	0	0	
0	3	0	0	0	0	0	
0	0	0	0	0	0	0	
0	0	0	0	0	0	0	
0	0	0	0	0	0	0	
0	0	0	0	0	0	0	
0	0	3	0	0	0	0	
3	0	1	0	0	0	0	
1	0	2	2	0	3	2	
0	0	0	0	0	0	0	
0	0	2	3	0	0	1	
0	0	0	0	0	0	0	
0	0	0	0	0	0	3	
0	0	0	0	1	0	0	
2	0	0	0	0	0	0	
0	0	0	0	0	0	0	
--------------------

--------------------
Best Solution Found!
--------------------
Time: 0 hour(s), 0 minute(s), 3 second(s), 74 millisecond(s)

Fitness: 23068

0	0	0	0	0	2	0	
1	3	0	3	1	0	2	
1	0	0	1	2	0	0	
0	3	1	0	0	0	0	
0	0	0	0	1	0	0	
0	0	0	0	0	0	0	
0	0	0	0	0	0	1	
3	0	2	0	0	0	0	
0	0	0	0	0	0	0	
1	0	0	0	3	0	0	
3	0	0	0	0	0	0	
2	0	0	0	0	0	0	
2	0	0	2	0	0	0	
0	0	0	0	0	0	0	
0	0	2	0	0	0	0	
0	0	1	0	0	0	0	
0	0	2	0	0	0	0	
0	0	0	0	0	3	0	
0	0	0	0	0	0	0	
0	0	3	1	1	3	1	
0	0	0	0	0	0	0	
0	0	0	0	2	0	3	
0	0	0	0	0	0	0	
0	2	0	0	0	0	0	
2	0	1	0	0	0	0	
--------------------

--------------------
Best Solution Found!
--------------------
Time: 0 hour(s), 0 minute(s), 3 second(s), 75 millisecond(s)

Fitness: 23068

0	0	0	0	0	2	0	
1	3	0	3	1	0	2	
1	0	0	1	2	0	0	
0	3	1	0	0	0	0	
0	0	0	0	1	0	0	
0	0	0	0	0	0	0	
0	0	0	0	0	0	1	
3	0	2	0	0	0	0	
0	0	0	0	0	0	0	
1	0	0	0	3	0	0	
3	0	0	0	0	0	0	
2	0	0	0	0	0	0	
2	0	0	2	0	0	0	
0	0	0	0	0	0	0	
0	0	2	0	0	0	0	
0	0	1	0	0	0	0	
0	0	2	0	0	0	0	
0	0	0	0	0	3	0	
0	0	0	0	0	0	0	
0	0	3	1	1	3	1	
0	0	0	0	0	0	0	
0	0	0	0	2	0	3	
0	0	0	0	0	0	0	
0	2	0	0	0	0	0	
2	0	1	0	0	0	0	
--------------------

--------------------
Best Solution Found!
--------------------
Time: 0 hour(s), 0 minute(s), 4 second(s), 506 millisecond(s)

Fitness: 23068

0	0	0	0	1	0	0	
0	0	0	0	0	0	0	
1	0	0	0	3	0	0	
0	0	0	0	0	0	0	
0	0	0	0	0	0	0	
0	0	0	0	0	0	0	
0	0	0	0	0	0	0	
3	2	0	0	0	0	2	
2	0	0	0	0	0	0	
0	0	2	0	0	0	1	
0	0	2	0	0	0	0	
1	0	3	2	0	0	0	
0	0	1	0	0	0	0	
0	0	1	0	0	0	0	
2	3	0	3	1	2	0	
0	0	0	0	0	0	0	
0	0	0	0	1	0	0	
3	0	0	0	0	0	0	
0	0	0	1	0	0	3	
1	0	2	0	2	0	0	
0	0	0	0	0	0	0	
0	0	0	0	0	3	0	
0	0	0	1	0	0	0	
2	0	1	0	2	3	1	
0	3	0	0	0	0	0	
--------------------

--------------------
Best Solution Found!
--------------------
Time: 0 hour(s), 0 minute(s), 19 second(s), 120 millisecond(s)

Fitness: 23061

0	0	0	0	0	0	1	
1	2	2	1	1	0	0	
0	0	1	0	0	0	0	
0	0	0	0	0	0	0	
0	0	0	0	0	0	1	
0	0	0	0	0	0	0	
0	0	0	0	0	0	0	
1	0	3	1	0	0	0	
0	0	0	2	0	0	0	
2	0	0	0	0	0	0	
0	0	0	0	0	0	0	
3	0	0	3	0	0	0	
0	0	0	0	0	0	0	
1	3	2	0	2	0	2	
3	0	1	0	0	0	0	
0	0	0	0	0	0	0	
0	0	0	0	1	0	0	
2	0	0	0	1	2	0	
0	0	1	0	3	0	0	
0	0	0	0	0	0	0	
0	0	0	0	0	3	0	
0	3	0	0	0	0	3	
2	0	2	0	0	0	0	
0	0	0	0	0	0	0	
0	0	0	0	2	3	0	
--------------------

--------------------
Best Solution Found!
--------------------
Time: 0 hour(s), 0 minute(s), 24 second(s), 639 millisecond(s)

Fitness: 22092

0	0	2	0	2	0	0	
0	0	0	2	0	0	0	
2	0	0	0	0	0	1	
2	2	1	0	1	3	0	
0	0	2	0	0	0	0	
3	0	0	0	0	0	0	
0	0	0	0	0	3	0	
0	0	0	0	0	0	0	
2	3	2	0	1	2	0	
0	0	0	3	0	0	0	
1	0	0	0	0	0	0	
0	0	0	0	0	0	0	
1	3	1	1	0	0	2	
0	0	3	0	0	0	1	
0	0	0	0	0	0	0	
0	0	0	0	1	0	0	
0	0	1	0	0	0	0	
0	0	0	0	0	0	0	
0	0	0	0	0	0	0	
0	0	0	0	2	0	0	
0	0	0	0	3	0	0	
0	0	0	0	0	0	0	
1	0	0	0	0	0	3	
0	0	0	0	0	0	0	
3	0	0	1	0	0	0	
--------------------

--------------------
Best Solution Found!
--------------------
Time: 0 hour(s), 0 minute(s), 24 second(s), 640 millisecond(s)

Fitness: 22092

0	0	2	0	2	0	0	
0	0	0	2	0	0	0	
2	0	0	0	0	0	1	
2	2	1	0	1	3	0	
0	0	2	0	0	0	0	
3	0	0	0	0	0	0	
0	0	0	0	0	3	0	
0	0	0	0	0	0	0	
2	3	2	0	1	2	0	
0	0	0	3	0	0	0	
1	0	0	0	0	0	0	
0	0	0	0	0	0	0	
1	3	1	1	0	0	2	
0	0	3	0	0	0	1	
0	0	0	0	0	0	0	
0	0	0	0	1	0	0	
0	0	1	0	0	0	0	
0	0	0	0	0	0	0	
0	0	0	0	0	0	0	
0	0	0	0	2	0	0	
0	0	0	0	3	0	0	
0	0	0	0	0	0	0	
1	0	0	0	0	0	3	
0	0	0	0	0	0	0	
3	0	0	1	0	0	0	
--------------------

--------------------
Best Solution Found!
--------------------
Time: 0 hour(s), 0 minute(s), 34 second(s), 243 millisecond(s)

Fitness: 22088

0	0	0	0	0	0	0	
0	0	0	3	0	0	0	
0	0	0	0	0	0	1	
0	0	0	0	0	0	0	
0	3	1	0	0	0	0	
2	0	0	0	0	0	0	
0	0	0	0	0	0	0	
3	0	0	0	0	0	0	
1	0	2	1	2	3	0	
2	3	1	0	0	3	2	
0	0	0	0	0	0	0	
0	0	0	0	0	0	0	
0	0	1	2	1	0	0	
0	0	0	0	0	0	0	
1	0	0	0	0	0	0	
0	2	0	1	2	2	3	
0	0	0	0	1	0	0	
0	0	2	0	0	0	0	
0	0	0	0	0	0	0	
1	0	0	0	0	0	1	
0	0	3	0	0	0	0	
2	0	2	0	3	0	0	
3	0	0	0	0	0	0	
0	0	0	0	1	0	0	
0	0	0	0	0	0	0	
--------------------

--------------------
Best Solution Found!
--------------------
Time: 0 hour(s), 0 minute(s), 36 second(s), 302 millisecond(s)

Fitness: 22087

0	0	0	0	0	0	0	
0	0	0	0	0	0	3	
1	0	2	1	2	3	0	
3	0	1	0	3	3	1	
0	0	1	0	0	0	0	
0	0	0	0	0	0	0	
1	0	0	0	0	0	0	
0	0	0	0	0	0	0	
0	0	0	0	0	2	0	
0	0	2	0	0	0	0	
3	0	0	0	0	0	0	
2	3	3	0	2	0	2	
0	0	0	0	1	0	0	
0	0	0	0	0	0	0	
0	0	0	0	0	0	0	
0	0	0	0	0	0	0	
0	0	0	0	0	0	0	
1	2	0	0	0	0	0	
0	0	0	0	0	0	0	
0	3	1	0	1	0	0	
2	0	0	0	1	0	0	
0	0	0	3	0	0	0	
0	0	0	0	0	0	0	
2	0	0	1	0	0	0	
0	0	2	2	0	0	1	
--------------------

--------------------
Best Solution Found!
--------------------
Time: 0 hour(s), 0 minute(s), 48 second(s), 464 millisecond(s)

Fitness: 22075

0	0	0	0	0	0	0	
0	3	0	3	0	0	0	
0	0	0	0	0	3	1	
0	0	0	0	0	0	0	
2	0	0	0	1	0	0	
1	0	0	0	0	0	0	
0	0	0	0	1	0	0	
0	0	3	0	0	0	0	
0	0	2	0	0	0	0	
0	0	0	1	0	0	0	
2	0	2	0	1	2	1	
0	0	0	0	0	0	0	
0	0	0	0	0	0	0	
3	3	2	1	0	0	3	
0	0	0	0	0	0	0	
0	0	0	0	0	0	0	
3	2	1	2	2	0	0	
0	0	0	0	0	0	0	
0	0	0	0	3	3	0	
1	0	0	0	0	0	0	
0	0	0	0	0	0	0	
2	0	0	0	0	0	0	
0	0	1	0	2	0	0	
1	0	1	0	0	0	2	
0	0	0	0	0	0	0	
--------------------

--------------------
Best Solution Found!
--------------------
Time: 0 hour(s), 0 minute(s), 48 second(s), 465 millisecond(s)

Fitness: 22075

0	0	0	0	0	0	0	
0	3	0	3	0	0	0	
0	0	0	0	0	3	1	
0	0	0	0	0	0	0	
2	0	0	0	1	0	0	
1	0	0	0	0	0	0	
0	0	0	0	1	0	0	
0	0	3	0	0	0	0	
0	0	2	0	0	0	0	
0	0	0	1	0	0	0	
2	0	2	0	1	2	1	
0	0	0	0	0	0	0	
0	0	0	0	0	0	0	
3	3	2	1	0	0	3	
0	0	0	0	0	0	0	
0	0	0	0	0	0	0	
3	2	1	2	2	0	0	
0	0	0	0	0	0	0	
0	0	0	0	3	3	0	
1	0	0	0	0	0	0	
0	0	0	0	0	0	0	
2	0	0	0	0	0	0	
0	0	1	0	2	0	0	
1	0	1	0	0	0	2	
0	0	0	0	0	0	0	
--------------------

--------------------
Best Solution Found!
--------------------
Time: 0 hour(s), 1 minute(s), 0 second(s), 826 millisecond(s)

Fitness: 22075

2	2	1	0	2	0	1	
0	0	0	0	0	0	0	
1	3	0	0	0	0	0	
0	0	0	0	1	0	0	
0	0	2	0	0	0	0	
0	0	0	0	0	0	0	
0	0	0	0	0	0	0	
0	3	1	0	0	0	0	
0	0	2	0	0	0	0	
3	0	0	0	0	0	0	
0	0	0	0	3	0	0	
0	0	0	1	0	0	0	
1	0	2	3	2	3	0	
0	0	1	0	0	0	0	
2	0	0	0	0	0	0	
0	0	0	0	0	0	0	
0	0	0	0	0	0	0	
3	0	0	0	0	0	0	
0	0	0	1	0	0	0	
1	0	0	0	1	0	0	
2	0	0	0	0	2	0	
0	0	0	0	0	0	3	
0	0	0	0	0	0	2	
0	0	3	2	1	3	1	
0	0	0	0	0	0	0	
--------------------

--------------------
Best Solution Found!
--------------------
Time: 0 hour(s), 1 minute(s), 0 second(s), 827 millisecond(s)

Fitness: 22075

2	2	1	0	2	0	1	
0	0	0	0	0	0	0	
1	3	0	0	0	0	0	
0	0	0	0	1	0	0	
0	0	2	0	0	0	0	
0	0	0	0	0	0	0	
0	0	0	0	0	0	0	
0	3	1	0	0	0	0	
0	0	2	0	0	0	0	
3	0	0	0	0	0	0	
0	0	0	0	3	0	0	
0	0	0	1	0	0	0	
1	0	2	3	2	3	0	
0	0	1	0	0	0	0	
2	0	0	0	0	0	0	
0	0	0	0	0	0	0	
0	0	0	0	0	0	0	
3	0	0	0	0	0	0	
0	0	0	1	0	0	0	
1	0	0	0	1	0	0	
2	0	0	0	0	2	0	
0	0	0	0	0	0	3	
0	0	0	0	0	0	2	
0	0	3	2	1	3	1	
0	0	0	0	0	0	0	
--------------------

--------------------
Best Solution Found!
--------------------
Time: 0 hour(s), 1 minute(s), 59 second(s), 498 millisecond(s)

Fitness: 22073

1	3	0	0	0	3	0	
2	0	0	0	0	3	3	
0	0	1	0	0	0	0	
0	0	0	0	0	0	0	
0	0	2	0	0	0	0	
2	0	2	0	2	2	2	
0	0	0	0	0	0	0	
3	3	1	3	1	0	0	
0	0	0	0	1	0	0	
0	0	0	0	0	0	0	
1	0	2	0	0	0	0	
0	0	0	2	0	0	0	
3	0	0	0	0	0	0	
0	0	0	0	0	0	0	
2	0	0	0	0	0	0	
1	0	3	1	3	0	1	
0	0	0	0	0	0	0	
0	0	1	0	0	0	1	
0	2	0	0	0	0	0	
0	0	0	1	2	0	0	
0	0	0	0	0	0	0	
0	0	0	0	0	0	0	
0	0	0	0	1	0	0	
0	0	0	0	0	0	0	
0	0	0	0	0	0	0	
--------------------

--------------------
Best Solution Found!
--------------------
Time: 0 hour(s), 2 minute(s), 49 second(s), 478 millisecond(s)

Fitness: 22071

0	0	2	0	0	0	0	
0	0	0	0	0	0	0	
2	0	3	0	0	2	0	
3	0	0	0	0	0	0	
0	3	0	0	2	0	1	
0	0	1	0	0	0	0	
0	3	0	0	0	0	0	
0	0	0	0	0	0	0	
0	0	0	0	0	0	0	
0	0	0	0	0	0	0	
0	0	0	0	0	0	0	
0	0	0	0	1	0	0	
0	0	0	0	0	0	0	
0	0	0	0	0	0	0	
2	0	1	2	1	3	0	
0	0	0	0	0	0	2	
2	0	2	3	1	0	1	
0	0	0	0	0	0	0	
1	0	1	0	0	0	3	
0	0	0	0	0	0	0	
1	2	0	1	3	3	0	
1	0	2	0	2	0	0	
3	0	0	0	0	0	0	
0	0	0	1	0	0	0	
0	0	0	0	0	0	0	
--------------------


The best solution was found at the restart: 43, population: 0
Total Time Elapsed: 0 hour(s), 3 minute(s), 59 second(s), 617 millisecond(s)

