--------------------
Best Solution Found!
--------------------
Time: 0 hour(s), 0 minute(s), 0 second(s), 2 millisecond(s)

Fitness: 175793

2	2	1	0	1	0	0	3	0	0	0	1	2	2	0	3	0	3	0	0	0	0	0	1	0	0	0	1	
0	0	1	0	1	0	0	2	0	0	0	0	0	1	0	0	3	3	0	1	1	0	0	3	0	0	0	1	
1	2	0	0	1	0	0	0	1	1	0	0	2	1	0	0	2	0	0	0	0	0	0	0	0	0	1	0	
1	0	0	0	0	0	1	3	0	0	0	1	2	0	1	0	0	3	0	0	1	0	0	0	0	0	1	1	
2	0	1	0	1	1	0	0	2	1	0	1	2	0	0	0	0	0	0	0	0	0	0	0	0	0	0	0	
0	1	1	1	0	0	2	3	1	0	0	0	1	0	0	0	0	0	0	0	1	0	0	1	0	0	1	0	
1	0	1	2	1	1	0	0	0	0	1	1	2	1	0	2	0	0	0	0	1	0	0	0	0	1	0	0	
1	2	0	1	0	0	1	0	0	1	0	0	3	0	0	0	0	0	0	0	0	0	1	0	0	0	0	0	
0	0	2	1	1	1	0	3	0	1	0	0	0	0	0	3	0	0	0	0	0	0	2	1	0	0	0	0	
0	2	0	0	0	0	0	3	0	0	1	1	0	1	2	0	0	0	0	0	0	0	0	0	0	0	1	0	
1	2	0	0	0	0	0	3	0	1	1	1	2	0	0	0	0	0	0	0	0	0	0	1	0	1	1	0	
0	0	0	1	0	0	0	0	1	0	1	0	0	0	1	0	0	0	0	0	0	0	0	0	0	1	0	0	
0	0	3	0	0	1	0	0	1	3	3	2	2	0	0	0	0	3	3	0	0	2	0	0	2	0	1	0	
1	0	1	0	0	0	0	3	0	1	1	0	0	0	2	0	0	0	0	0	0	0	0	1	1	0	0	0	
0	2	0	0	0	2	0	2	1	0	1	0	0	0	0	0	0	0	0	0	0	0	0	0	0	0	0	0	
1	3	1	1	1	1	1	2	1	0	0	0	2	1	1	0	3	0	0	0	1	0	0	0	0	0	0	0	
1	0	0	2	0	0	0	3	0	1	0	1	0	0	1	0	0	0	0	0	2	1	1	0	0	0	0	0	
1	2	1	0	0	1	0	0	0	0	0	1	0	0	0	3	3	0	0	0	1	0	0	0	0	2	1	1	
0	2	0	1	2	0	1	3	2	0	1	1	2	0	0	0	0	0	3	0	0	0	0	0	0	0	1	3	
1	2	0	1	1	1	0	0	0	0	3	0	0	0	0	0	0	0	0	0	1	0	0	0	0	2	1	0	
1	0	1	1	0	0	0	0	0	0	1	1	2	2	1	0	3	0	0	0	0	0	0	0	0	0	2	0	
1	0	0	1	1	0	2	3	0	0	0	0	0	0	0	0	3	0	1	0	1	0	0	0	0	1	2	0	
0	0	1	2	0	0	0	0	1	0	0	1	1	3	0	0	3	0	0	0	2	0	2	0	0	0	2	0	
2	0	1	0	2	1	1	0	0	1	1	2	0	0	0	0	0	0	0	0	2	0	2	0	0	2	1	0	
0	0	1	0	1	1	1	3	0	1	0	0	0	1	0	3	3	3	1	0	0	0	0	0	0	0	0	0	
0	0	3	0	0	0	0	3	0	3	0	0	2	1	0	0	0	2	0	0	1	0	0	0	0	0	1	1	
1	0	0	0	2	1	1	0	1	0	0	0	0	1	0	0	0	0	0	0	0	0	0	0	0	0	1	0	
2	2	0	1	0	0	1	0	0	0	0	1	2	1	0	0	0	0	0	0	1	1	1	0	2	0	0	0	
0	0	1	1	1	2	1	0	1	1	1	1	0	0	2	3	2	0	0	0	0	0	2	0	0	1	1	1	
1	0	0	0	0	0	0	0	1	0	0	2	0	1	0	0	0	0	0	0	1	1	2	1	0	0	0	0	
--------------------

--------------------
Best Solution Found!
--------------------
Time: 0 hour(s), 0 minute(s), 0 second(s), 45 millisecond(s)

Fitness: 171792

2	0	1	0	0	2	2	3	0	0	0	0	0	2	0	0	0	0	0	0	0	0	0	1	0	2	0	0	
0	0	0	0	0	1	0	3	2	1	0	1	0	0	0	0	0	0	0	0	0	0	0	1	0	0	0	0	
1	0	1	1	1	0	0	0	0	0	0	1	0	1	0	3	0	0	0	1	1	0	0	1	0	0	0	0	
0	2	1	2	0	0	0	0	1	1	0	2	1	1	0	0	3	3	0	0	0	0	0	0	0	0	1	0	
0	2	1	0	0	1	0	0	0	3	0	2	2	0	0	0	3	0	0	0	2	0	0	0	0	0	0	1	
2	2	1	0	1	0	0	0	0	0	0	1	3	0	0	0	0	0	0	0	1	0	2	0	0	0	1	0	
0	0	1	0	0	1	0	0	1	1	1	0	0	0	0	0	3	0	0	0	2	0	1	0	0	0	0	0	
2	0	1	1	0	1	0	0	0	0	0	0	0	0	0	0	0	0	0	0	0	0	0	0	0	1	1	0	
0	0	0	1	1	1	0	0	0	0	0	0	0	0	1	0	0	3	0	0	1	0	2	0	0	0	1	0	
1	2	0	1	1	1	0	3	0	0	1	1	0	0	1	3	0	0	1	0	1	1	0	0	2	0	2	1	
2	2	2	1	2	0	0	0	0	3	1	2	2	1	2	0	3	0	1	0	1	0	0	0	0	2	0	0	
0	0	0	0	1	0	1	0	0	0	1	0	2	1	0	0	2	0	0	0	0	0	0	0	0	2	2	0	
1	2	0	0	0	2	1	3	0	0	3	1	2	0	0	0	0	0	0	0	0	0	0	0	0	0	0	0	
0	0	0	0	1	1	1	2	1	0	1	1	2	1	0	0	0	0	0	0	0	0	0	0	0	0	0	0	
1	2	1	0	0	0	0	0	0	1	1	1	2	1	0	0	2	0	0	0	0	2	2	3	0	1	0	0	
1	1	0	1	1	0	0	2	0	1	0	0	2	0	0	0	0	0	0	0	0	0	0	1	0	0	2	0	
1	0	1	1	2	1	1	0	2	1	0	1	2	1	0	3	0	0	0	0	1	0	0	0	0	0	1	1	
0	3	1	2	0	0	1	3	1	0	0	1	0	1	2	2	0	0	0	0	1	0	0	0	0	0	0	0	
0	2	0	0	0	0	0	0	0	0	1	1	0	3	0	0	0	0	0	0	0	0	1	0	0	0	1	0	
1	2	1	1	0	0	0	0	1	1	3	0	0	0	0	0	0	2	3	0	1	0	0	1	0	0	1	0	
0	0	0	1	0	0	0	2	1	1	1	0	2	0	0	0	0	0	0	0	1	0	2	0	0	0	1	0	
1	0	3	0	0	0	1	3	0	0	0	0	2	0	0	0	0	0	0	0	0	1	1	0	0	0	0	3	
0	0	3	0	2	1	1	0	0	0	0	0	0	0	0	0	0	0	0	0	2	0	0	0	0	0	0	0	
1	0	0	0	1	0	1	3	0	0	1	1	0	0	0	0	0	0	0	0	1	0	0	0	0	0	1	1	
1	0	0	0	0	0	0	3	1	0	0	1	0	0	2	0	0	0	0	0	0	0	0	1	1	1	1	1	
0	2	0	2	0	0	2	3	0	1	0	0	2	0	1	0	3	3	0	0	0	0	2	0	2	1	1	1	
1	0	1	1	1	0	1	3	1	0	0	1	0	0	0	3	0	0	0	0	0	0	0	0	0	0	0	0	
1	0	0	1	0	1	0	3	1	0	0	0	0	1	0	0	0	0	0	0	0	0	0	0	0	0	0	0	
1	0	1	0	1	0	0	0	1	1	1	0	1	2	1	3	3	3	0	0	1	1	0	0	0	0	1	0	
1	0	0	0	1	0	0	3	0	0	0	0	2	1	1	0	3	3	3	0	0	0	0	0	0	1	1	0	
--------------------

--------------------
Best Solution Found!
--------------------
Time: 0 hour(s), 0 minute(s), 0 second(s), 48 millisecond(s)

Fitness: 169786

0	2	0	0	0	2	2	3	0	0	0	0	0	2	0	0	0	0	0	0	0	0	0	1	0	2	0	0	
0	0	0	0	0	1	0	3	2	1	0	1	0	0	0	0	0	0	0	0	0	0	0	1	0	0	0	0	
1	2	1	1	1	0	0	0	0	0	0	1	0	1	0	3	0	0	0	1	1	0	0	1	0	0	0	0	
1	0	1	2	0	0	0	0	1	1	0	2	1	1	0	0	3	3	0	0	0	0	0	0	0	0	1	0	
1	2	0	0	0	1	0	0	0	3	0	2	2	0	0	0	3	0	0	0	2	0	0	0	0	0	0	1	
2	2	3	0	1	0	0	0	0	0	0	1	3	0	0	0	0	0	0	0	1	0	2	0	0	0	1	0	
0	0	0	0	0	1	0	0	1	1	1	0	0	0	0	0	3	0	0	0	2	0	1	0	0	0	0	0	
2	0	3	1	0	1	0	0	0	0	0	0	0	0	0	0	0	0	0	0	0	0	0	0	0	1	1	0	
0	0	1	1	1	1	0	0	0	0	0	0	0	0	1	0	0	3	0	0	1	0	2	0	0	0	1	0	
1	0	0	1	1	1	0	3	0	0	1	1	0	0	1	3	0	0	1	0	1	1	0	0	2	0	2	1	
0	2	2	1	2	0	0	0	0	3	1	2	2	1	2	0	3	0	1	0	1	0	0	0	0	2	0	0	
0	2	1	0	1	0	1	0	0	0	1	0	2	1	0	0	2	0	0	0	0	0	0	0	0	2	2	0	
1	0	1	0	0	2	1	3	0	0	3	1	2	0	0	0	0	0	0	0	0	0	0	0	0	0	0	0	
2	1	0	0	1	1	1	2	1	0	1	1	2	1	0	0	0	0	0	0	0	0	0	0	0	0	0	0	
1	2	1	0	0	0	0	0	0	1	1	1	2	1	0	0	2	0	0	0	0	2	2	3	0	1	0	0	
1	0	0	1	1	0	0	2	0	1	0	0	2	0	0	0	0	0	0	0	0	0	0	1	0	0	2	0	
1	2	0	1	2	1	1	0	2	1	0	1	2	1	0	3	0	0	0	0	1	0	0	0	0	0	1	1	
0	3	0	2	0	0	1	3	1	0	0	1	0	1	2	2	0	0	0	0	1	0	0	0	0	0	0	0	
0	0	1	0	0	0	0	0	0	0	1	1	0	3	0	0	0	0	0	0	0	0	1	0	0	0	1	0	
1	0	1	1	0	0	0	0	1	1	3	0	0	0	0	0	0	2	3	0	1	0	0	1	0	0	1	0	
0	0	0	1	0	0	0	2	1	1	1	0	2	0	0	0	0	0	0	0	1	0	2	0	0	0	1	0	
1	2	0	0	0	0	1	3	0	0	0	0	2	0	0	0	0	0	0	0	0	1	1	0	0	0	0	3	
1	0	1	0	2	1	1	0	0	0	0	0	0	0	0	0	0	0	0	0	2	0	0	0	0	0	0	0	
2	0	1	0	1	0	1	3	0	0	1	1	0	0	0	0	0	0	0	0	1	0	0	0	0	0	1	1	
1	2	1	0	0	0	0	3	1	0	0	1	0	0	2	0	0	0	0	0	0	0	0	1	1	1	1	1	
0	0	0	2	0	0	2	3	0	1	0	0	2	0	1	0	3	3	0	0	0	0	2	0	2	1	1	1	
0	0	1	1	1	0	1	3	1	0	0	1	0	0	0	3	0	0	0	0	0	0	0	0	0	0	0	0	
0	0	1	1	0	1	0	3	1	0	0	0	0	1	0	0	0	0	0	0	0	0	0	0	0	0	0	0	
1	0	0	0	1	0	0	0	1	1	1	0	1	2	1	3	3	3	0	0	1	1	0	0	0	0	1	0	
1	0	0	0	1	0	0	3	0	0	0	0	2	1	1	0	3	3	3	0	0	0	0	0	0	1	1	0	
--------------------

--------------------
Best Solution Found!
--------------------
Time: 0 hour(s), 0 minute(s), 0 second(s), 83 millisecond(s)

Fitness: 165755

0	0	0	0	1	1	2	3	0	0	0	0	2	1	2	0	0	0	0	0	0	1	2	0	0	0	2	0	
0	0	0	0	0	0	0	3	0	1	0	1	2	0	0	0	0	0	1	0	0	0	0	0	0	2	0	0	
1	0	0	1	1	1	0	0	1	0	0	1	2	0	0	0	0	0	0	0	1	0	0	0	1	1	0	0	
1	2	0	2	1	0	0	0	0	1	1	1	0	0	2	0	0	3	0	0	1	0	0	3	0	0	0	0	
1	2	1	0	1	1	0	0	0	0	0	1	0	0	2	3	3	0	0	0	1	0	0	0	0	0	0	0	
0	2	1	0	2	1	0	0	1	0	0	1	1	0	0	2	3	2	0	0	1	0	0	0	0	0	1	0	
1	0	0	0	0	0	0	0	1	1	1	0	2	2	0	3	3	0	0	0	1	0	0	0	0	0	0	1	
1	2	0	1	0	0	0	0	1	0	0	1	0	0	1	0	0	3	3	1	2	0	2	1	0	0	1	0	
1	3	0	1	0	0	0	0	0	1	1	0	0	0	0	0	0	0	0	0	0	0	0	0	0	1	0	1	
1	0	0	1	0	0	0	3	0	0	0	1	0	1	1	0	0	0	0	0	2	1	2	0	0	0	1	0	
1	2	1	1	0	0	0	0	1	1	1	0	2	1	0	3	0	0	0	0	0	0	0	0	0	0	1	3	
0	0	0	0	0	0	1	0	1	0	0	0	0	1	0	3	0	0	3	0	1	0	0	0	0	0	0	0	
0	0	1	0	0	2	1	3	0	3	1	2	1	0	0	0	0	0	0	0	0	0	0	0	0	0	0	0	
2	2	1	0	0	0	1	2	1	0	1	0	0	0	0	0	3	3	0	0	0	0	0	0	0	0	1	0	
1	0	2	0	0	0	0	0	0	0	1	2	0	0	0	0	2	3	1	0	0	0	0	0	0	0	0	0	
1	0	1	1	1	1	0	2	0	3	0	1	2	0	1	0	0	0	0	0	2	0	2	0	0	0	2	0	
2	0	1	1	1	2	1	0	1	1	0	0	0	1	0	0	0	0	0	0	0	0	0	0	0	0	1	0	
0	0	0	2	0	0	1	3	0	0	0	1	2	3	1	0	0	0	0	0	0	0	0	0	0	0	0	0	
1	2	0	0	1	1	0	0	1	0	0	0	0	2	0	0	2	0	0	0	0	0	0	0	0	2	1	1	
1	2	0	1	0	0	0	0	0	1	0	0	0	1	0	3	3	0	0	0	0	0	0	0	0	0	0	0	
2	2	0	1	2	1	0	2	0	0	0	2	3	0	0	0	0	0	0	0	1	0	0	1	0	0	0	0	
1	0	0	0	1	0	1	3	0	0	0	0	2	1	1	0	0	3	0	0	1	0	1	1	0	1	1	0	
0	0	1	0	1	0	1	0	0	1	1	1	0	1	0	0	0	0	0	0	0	0	0	0	0	1	0	0	
0	0	1	0	0	0	1	3	2	0	0	1	2	0	0	0	0	0	0	0	0	0	1	0	2	0	1	0	
0	0	3	0	0	0	0	3	1	0	1	0	2	0	0	0	0	0	0	0	1	0	2	1	0	0	0	1	
0	0	1	2	2	0	2	3	0	0	0	0	0	0	0	0	0	0	0	0	0	2	1	1	0	0	1	0	
2	0	1	1	0	1	1	3	2	0	1	0	0	0	0	0	0	0	0	0	0	1	0	0	2	0	1	0	
1	1	1	1	0	1	0	3	0	0	3	1	2	0	0	0	0	0	0	0	1	0	0	1	0	0	1	1	
0	2	3	0	1	0	0	0	0	1	3	1	2	1	0	0	3	0	0	0	1	0	0	0	0	2	2	1	
0	0	1	0	1	1	0	3	0	1	0	0	0	1	0	0	3	0	0	0	0	0	0	0	0	1	1	0	
--------------------

--------------------
Best Solution Found!
--------------------
Time: 0 hour(s), 0 minute(s), 3 second(s), 889 millisecond(s)

Fitness: 163778

1	0	1	0	2	2	1	0	0	0	1	0	0	0	0	0	3	0	0	0	0	0	0	0	0	2	1	1	
1	2	1	0	0	1	1	0	1	1	1	0	2	0	0	0	0	0	0	0	2	0	2	0	0	0	2	0	
1	0	0	1	1	1	0	3	1	0	0	2	2	1	2	3	0	0	0	0	0	0	0	0	2	2	2	1	
0	0	0	0	1	2	1	3	2	0	0	1	2	1	0	0	0	3	0	0	0	0	0	0	1	0	0	1	
0	2	1	1	1	0	1	3	1	1	0	0	0	0	0	0	0	0	0	0	1	0	0	0	0	0	0	0	
0	2	0	2	0	0	0	0	0	0	1	1	3	0	0	0	3	3	0	0	1	0	0	0	0	0	1	0	
0	1	1	0	1	1	0	3	0	0	1	0	2	1	1	0	3	0	0	0	0	2	0	1	0	0	0	1	
2	0	0	0	0	0	0	0	0	0	1	1	0	3	0	0	2	3	0	0	2	0	0	0	0	0	0	0	
2	0	0	1	1	1	0	0	0	0	1	1	0	0	0	0	0	0	0	0	0	0	0	0	0	1	1	0	
0	2	3	0	0	0	2	3	0	1	0	0	2	1	0	0	0	0	0	0	1	0	0	0	0	0	1	0	
1	0	0	2	0	0	0	3	1	0	0	0	2	1	0	0	2	0	0	0	0	0	2	1	0	0	1	0	
1	2	2	1	0	0	1	0	0	0	0	1	0	0	2	0	0	0	0	0	1	0	0	0	0	0	0	0	
1	0	0	0	1	0	0	0	0	3	1	1	1	1	0	0	0	0	0	0	0	0	0	0	0	0	0	1	
0	0	1	2	0	0	1	0	0	0	3	0	0	0	0	0	0	2	3	0	1	0	0	0	0	0	0	1	
2	0	1	0	0	0	1	0	1	0	0	1	2	0	0	0	0	0	0	0	0	0	1	1	2	0	0	0	
1	0	0	1	2	0	0	3	0	1	0	0	0	0	1	3	0	0	0	0	1	0	2	0	0	0	0	0	
0	2	1	1	1	0	0	2	2	1	0	2	0	0	0	0	0	0	0	0	0	0	0	0	0	0	1	0	
0	0	1	0	0	0	0	0	0	0	0	1	1	2	0	3	0	0	0	0	1	1	2	0	0	2	2	0	
1	0	0	0	1	0	1	3	1	1	0	0	0	0	1	3	3	0	0	0	0	0	0	1	0	1	1	0	
1	0	1	1	0	1	1	0	0	0	0	1	0	2	0	0	0	0	0	0	1	0	0	1	0	0	1	0	
1	0	0	0	0	0	0	2	0	1	0	2	2	1	0	0	0	0	0	0	1	1	0	0	0	1	1	0	
0	0	0	0	1	0	2	3	0	1	1	1	2	1	0	0	0	0	0	0	0	0	0	0	0	1	1	0	
2	2	1	1	1	1	0	3	1	0	0	0	0	0	1	2	0	0	0	1	0	0	0	0	0	0	0	0	
1	2	0	0	1	0	0	3	1	0	0	1	2	0	0	0	0	3	1	0	1	0	2	0	0	1	1	0	
1	2	0	0	2	0	0	0	0	0	0	0	0	0	2	0	3	0	0	0	1	1	0	0	0	0	0	0	
1	3	1	1	0	1	0	2	0	1	0	0	0	1	0	0	0	3	3	0	0	0	0	1	0	0	0	0	
0	0	1	1	0	0	0	0	0	0	1	0	0	1	1	0	3	0	0	0	0	0	1	0	0	0	1	0	
1	0	0	0	0	1	0	0	0	3	1	0	2	0	0	0	0	0	0	0	2	0	1	3	0	0	0	0	
0	0	3	1	0	1	0	3	1	0	3	1	0	0	0	0	0	0	0	0	0	0	0	0	0	0	0	0	
0	2	1	0	0	1	0	0	1	1	0	1	2	0	0	3	3	0	1	0	0	0	0	0	0	0	1	3	
--------------------

--------------------
Best Solution Found!
--------------------
Time: 0 hour(s), 0 minute(s), 3 second(s), 891 millisecond(s)

Fitness: 163778

1	0	1	0	2	2	1	0	0	0	1	0	0	0	0	0	3	0	0	0	0	0	0	0	0	2	1	1	
1	2	1	0	0	1	1	0	1	1	1	0	2	0	0	0	0	0	0	0	2	0	2	0	0	0	2	0	
1	0	0	1	1	1	0	3	1	0	0	2	2	1	2	3	0	0	0	0	0	0	0	0	2	2	2	1	
0	0	0	0	1	2	1	3	2	0	0	1	2	1	0	0	0	3	0	0	0	0	0	0	1	0	0	1	
0	2	1	1	1	0	1	3	1	1	0	0	0	0	0	0	0	0	0	0	1	0	0	0	0	0	0	0	
0	2	0	2	0	0	0	0	0	0	1	1	3	0	0	0	3	3	0	0	1	0	0	0	0	0	1	0	
0	1	1	0	1	1	0	3	0	0	1	0	2	1	1	0	3	0	0	0	0	2	0	1	0	0	0	1	
2	0	0	0	0	0	0	0	0	0	1	1	0	3	0	0	2	3	0	0	2	0	0	0	0	0	0	0	
2	0	0	1	1	1	0	0	0	0	1	1	0	0	0	0	0	0	0	0	0	0	0	0	0	1	1	0	
0	2	3	0	0	0	2	3	0	1	0	0	2	1	0	0	0	0	0	0	1	0	0	0	0	0	1	0	
1	0	0	2	0	0	0	3	1	0	0	0	2	1	0	0	2	0	0	0	0	0	2	1	0	0	1	0	
1	2	2	1	0	0	1	0	0	0	0	1	0	0	2	0	0	0	0	0	1	0	0	0	0	0	0	0	
1	0	0	0	1	0	0	0	0	3	1	1	1	1	0	0	0	0	0	0	0	0	0	0	0	0	0	1	
0	0	1	2	0	0	1	0	0	0	3	0	0	0	0	0	0	2	3	0	1	0	0	0	0	0	0	1	
2	0	1	0	0	0	1	0	1	0	0	1	2	0	0	0	0	0	0	0	0	0	1	1	2	0	0	0	
1	0	0	1	2	0	0	3	0	1	0	0	0	0	1	3	0	0	0	0	1	0	2	0	0	0	0	0	
0	2	1	1	1	0	0	2	2	1	0	2	0	0	0	0	0	0	0	0	0	0	0	0	0	0	1	0	
0	0	1	0	0	0	0	0	0	0	0	1	1	2	0	3	0	0	0	0	1	1	2	0	0	2	2	0	
1	0	0	0	1	0	1	3	1	1	0	0	0	0	1	3	3	0	0	0	0	0	0	1	0	1	1	0	
1	0	1	1	0	1	1	0	0	0	0	1	0	2	0	0	0	0	0	0	1	0	0	1	0	0	1	0	
1	0	0	0	0	0	0	2	0	1	0	2	2	1	0	0	0	0	0	0	1	1	0	0	0	1	1	0	
0	0	0	0	1	0	2	3	0	1	1	1	2	1	0	0	0	0	0	0	0	0	0	0	0	1	1	0	
2	2	1	1	1	1	0	3	1	0	0	0	0	0	1	2	0	0	0	1	0	0	0	0	0	0	0	0	
1	2	0	0	1	0	0	3	1	0	0	1	2	0	0	0	0	3	1	0	1	0	2	0	0	1	1	0	
1	2	0	0	2	0	0	0	0	0	0	0	0	0	2	0	3	0	0	0	1	1	0	0	0	0	0	0	
1	3	1	1	0	1	0	2	0	1	0	0	0	1	0	0	0	3	3	0	0	0	0	1	0	0	0	0	
0	0	1	1	0	0	0	0	0	0	1	0	0	1	1	0	3	0	0	0	0	0	1	0	0	0	1	0	
1	0	0	0	0	1	0	0	0	3	1	0	2	0	0	0	0	0	0	0	2	0	1	3	0	0	0	0	
0	0	3	1	0	1	0	3	1	0	3	1	0	0	0	0	0	0	0	0	0	0	0	0	0	0	0	0	
0	2	1	0	0	1	0	0	1	1	0	1	2	0	0	3	3	0	1	0	0	0	0	0	0	0	1	3	
--------------------

--------------------
Best Solution Found!
--------------------
Time: 0 hour(s), 0 minute(s), 5 second(s), 71 millisecond(s)

Fitness: 161773

0	0	0	0	0	0	0	3	0	0	1	0	0	0	0	0	0	0	0	0	0	0	0	0	0	0	1	0	
1	0	2	1	1	0	0	3	0	0	0	2	2	0	0	0	0	0	3	0	0	0	2	0	0	0	1	0	
0	0	3	1	0	1	1	0	1	0	0	1	0	0	0	0	0	0	0	1	2	0	0	0	0	2	1	0	
0	0	0	1	0	0	0	0	2	0	1	0	2	0	0	3	3	0	0	0	2	0	2	1	0	0	1	1	
0	0	1	0	0	0	1	3	0	1	1	1	0	0	2	0	0	0	1	0	0	0	0	1	0	0	2	0	
0	2	1	1	1	0	0	0	0	1	0	1	2	0	0	0	0	0	0	0	1	0	0	1	0	0	1	1	
2	0	1	1	2	0	0	0	2	0	0	0	0	2	1	0	0	3	0	0	0	0	0	0	0	0	1	0	
1	2	1	0	0	1	1	0	1	3	0	0	0	1	0	0	0	0	0	0	0	1	0	0	1	0	0	0	
0	2	1	2	0	1	1	0	0	1	0	1	0	1	1	3	2	0	0	0	0	0	0	1	2	0	0	0	
0	2	1	0	1	1	0	0	1	1	0	1	2	0	0	0	0	0	0	0	2	0	1	0	0	0	0	0	
2	2	3	1	1	0	0	0	1	1	0	0	3	1	0	0	0	0	0	0	0	0	0	0	0	0	0	0	
1	3	0	2	0	0	0	3	0	0	0	0	2	1	2	0	3	0	0	0	1	1	1	0	0	0	1	1	
0	0	0	0	2	0	0	0	0	0	3	0	1	3	1	2	0	3	0	0	1	0	0	0	0	0	0	0	
1	0	0	0	0	0	2	0	0	0	1	1	0	0	1	0	0	3	0	0	0	0	0	0	0	2	1	0	
1	0	0	1	1	2	0	3	1	0	1	1	0	0	0	0	0	0	0	0	1	0	0	0	0	1	1	0	
2	0	1	0	1	1	0	0	0	1	0	0	0	0	0	0	0	2	0	0	1	1	2	0	0	0	0	1	
0	0	0	0	0	1	0	3	0	0	0	1	0	0	0	0	3	0	0	0	1	0	0	1	0	0	0	0	
2	1	0	1	1	0	0	3	1	1	0	0	1	1	1	0	0	0	0	0	1	0	0	0	0	1	0	0	
1	2	0	1	1	0	2	3	0	1	3	2	0	0	0	0	0	0	0	0	0	0	0	0	0	0	0	1	
1	0	1	0	0	2	0	0	0	0	1	1	2	1	0	3	0	0	0	0	0	0	0	0	2	2	2	0	
1	0	0	0	1	1	0	2	1	0	1	1	2	0	0	3	0	0	0	0	0	0	0	0	0	0	1	3	
1	2	1	2	0	1	1	0	0	3	1	1	0	2	0	3	3	0	0	0	1	0	0	0	0	0	2	1	
1	0	1	1	2	1	0	2	0	1	0	2	2	0	2	0	3	3	1	0	1	0	0	0	0	0	0	0	
1	2	0	0	0	0	1	3	0	0	1	0	2	0	0	0	0	0	0	0	0	0	0	0	0	1	0	0	
1	2	1	0	0	0	1	2	0	0	0	0	2	0	0	0	0	0	0	0	0	0	0	1	0	0	1	0	
1	2	1	1	1	0	1	0	1	1	0	0	0	1	0	0	0	0	0	0	0	2	2	0	0	1	1	0	
0	0	0	0	0	0	0	0	0	0	0	1	2	0	0	0	2	0	0	0	1	0	2	3	0	1	0	0	
1	0	0	0	1	1	0	3	0	0	0	0	0	1	0	0	3	3	0	0	0	0	0	0	0	0	1	0	
0	0	1	0	0	0	1	3	1	0	0	0	2	1	0	0	3	0	0	0	0	0	1	0	0	0	0	0	
0	0	0	0	0	0	0	3	1	0	1	1	0	1	0	0	0	0	3	0	1	0	0	0	0	0	0	0	
--------------------

--------------------
Best Solution Found!
--------------------
Time: 0 hour(s), 0 minute(s), 5 second(s), 486 millisecond(s)

Fitness: 159751

1	0	0	1	0	0	0	3	0	1	0	0	0	0	0	3	0	0	0	0	1	2	0	0	0	0	0	0	
0	0	0	2	0	0	1	3	0	0	0	1	1	0	1	2	2	0	0	0	0	0	2	0	0	0	0	0	
0	0	1	1	0	0	0	2	1	0	0	0	2	0	0	0	0	3	0	0	0	0	0	0	0	1	0	0	
2	0	0	0	0	0	0	0	0	0	0	2	2	0	0	0	0	3	0	0	1	0	0	0	0	2	2	3	
1	0	3	2	0	1	0	0	0	0	0	1	3	0	0	3	0	0	0	0	1	0	0	0	0	0	0	0	
0	0	2	2	1	1	1	3	0	0	0	0	0	0	0	0	3	0	0	0	1	0	0	0	0	2	0	1	
0	0	1	0	1	1	0	0	1	1	0	1	1	1	0	0	0	0	0	0	0	0	0	0	0	0	1	0	
0	0	1	1	2	0	1	0	2	1	0	0	0	2	1	3	3	3	0	0	1	0	0	0	0	1	1	0	
0	0	0	1	1	0	0	3	1	0	1	0	0	1	0	0	3	0	3	0	0	0	1	0	0	0	0	0	
0	0	0	1	0	1	0	0	0	0	0	1	0	2	2	0	0	0	0	0	0	0	0	0	0	0	1	0	
0	0	0	1	0	0	0	2	0	0	0	0	0	0	0	0	0	0	0	0	0	0	0	1	2	0	1	1	
1	2	1	0	0	0	2	3	2	3	1	0	0	0	0	0	3	0	0	1	2	0	2	3	0	0	0	0	
1	2	1	0	2	0	0	0	0	0	0	1	2	1	0	0	0	0	0	0	0	0	0	0	0	0	0	0	
0	2	1	1	1	0	1	0	1	0	1	1	2	0	2	0	0	0	0	0	0	0	1	0	0	0	1	0	
1	0	0	1	1	0	0	0	0	0	0	1	0	0	0	0	0	0	0	0	0	0	0	1	0	2	1	0	
1	0	0	1	1	0	0	0	1	1	1	0	0	1	0	0	0	0	0	0	0	0	0	0	0	1	1	0	
1	0	1	0	1	2	0	3	1	0	0	0	2	0	1	0	0	0	0	0	1	0	0	0	0	0	1	0	
1	2	0	0	1	0	2	3	0	3	3	0	2	1	0	0	3	0	0	0	0	0	0	0	0	0	1	1	
1	2	0	0	0	1	1	3	0	0	1	0	2	1	0	3	0	3	1	0	0	0	0	0	2	0	0	1	
2	0	0	1	0	0	1	3	1	0	1	1	2	0	0	0	0	0	0	0	1	0	2	1	0	1	0	0	
0	0	0	0	0	0	1	0	0	1	1	1	0	0	0	0	2	0	0	0	1	0	0	1	0	0	0	0	
1	1	1	0	0	0	0	3	1	0	1	2	2	0	0	3	3	0	0	0	2	0	0	0	0	0	2	0	
0	2	1	1	2	1	0	0	0	0	0	0	2	3	0	0	3	0	0	0	0	1	1	0	0	0	0	1	
1	2	1	0	1	2	0	0	0	1	1	1	0	1	1	0	0	0	0	0	1	1	0	0	0	0	2	0	
1	2	1	0	0	0	0	3	1	1	1	1	0	0	0	0	0	0	0	0	1	0	2	1	0	1	1	0	
1	0	1	0	1	1	1	0	0	0	3	0	0	0	0	0	0	0	0	0	2	1	0	0	0	0	1	0	
1	2	0	0	1	1	0	2	0	1	0	1	0	1	0	0	0	0	0	0	0	0	0	0	0	0	0	0	
2	0	0	0	0	1	0	0	0	1	0	0	2	0	0	0	0	2	0	0	0	0	0	1	1	0	0	0	
0	3	3	0	0	1	0	0	1	1	0	2	2	1	2	0	0	3	3	0	0	0	0	0	0	0	1	1	
2	2	1	0	0	0	1	3	0	0	0	1	0	1	1	0	0	0	1	0	1	0	2	0	0	0	1	0	
--------------------

--------------------
Best Solution Found!
--------------------
Time: 0 hour(s), 0 minute(s), 5 second(s), 488 millisecond(s)

Fitness: 159751

1	0	0	1	0	0	0	3	0	1	0	0	0	0	0	3	0	0	0	0	1	2	0	0	0	0	0	0	
0	0	0	2	0	0	1	3	0	0	0	1	1	0	1	2	2	0	0	0	0	0	2	0	0	0	0	0	
0	0	1	1	0	0	0	2	1	0	0	0	2	0	0	0	0	3	0	0	0	0	0	0	0	1	0	0	
2	0	0	0	0	0	0	0	0	0	0	2	2	0	0	0	0	3	0	0	1	0	0	0	0	2	2	3	
1	0	3	2	0	1	0	0	0	0	0	1	3	0	0	3	0	0	0	0	1	0	0	0	0	0	0	0	
0	0	2	2	1	1	1	3	0	0	0	0	0	0	0	0	3	0	0	0	1	0	0	0	0	2	0	1	
0	0	1	0	1	1	0	0	1	1	0	1	1	1	0	0	0	0	0	0	0	0	0	0	0	0	1	0	
0	0	1	1	2	0	1	0	2	1	0	0	0	2	1	3	3	3	0	0	1	0	0	0	0	1	1	0	
0	0	0	1	1	0	0	3	1	0	1	0	0	1	0	0	3	0	3	0	0	0	1	0	0	0	0	0	
0	0	0	1	0	1	0	0	0	0	0	1	0	2	2	0	0	0	0	0	0	0	0	0	0	0	1	0	
0	0	0	1	0	0	0	2	0	0	0	0	0	0	0	0	0	0	0	0	0	0	0	1	2	0	1	1	
1	2	1	0	0	0	2	3	2	3	1	0	0	0	0	0	3	0	0	1	2	0	2	3	0	0	0	0	
1	2	1	0	2	0	0	0	0	0	0	1	2	1	0	0	0	0	0	0	0	0	0	0	0	0	0	0	
0	2	1	1	1	0	1	0	1	0	1	1	2	0	2	0	0	0	0	0	0	0	1	0	0	0	1	0	
1	0	0	1	1	0	0	0	0	0	0	1	0	0	0	0	0	0	0	0	0	0	0	1	0	2	1	0	
1	0	0	1	1	0	0	0	1	1	1	0	0	1	0	0	0	0	0	0	0	0	0	0	0	1	1	0	
1	0	1	0	1	2	0	3	1	0	0	0	2	0	1	0	0	0	0	0	1	0	0	0	0	0	1	0	
1	2	0	0	1	0	2	3	0	3	3	0	2	1	0	0	3	0	0	0	0	0	0	0	0	0	1	1	
1	2	0	0	0	1	1	3	0	0	1	0	2	1	0	3	0	3	1	0	0	0	0	0	2	0	0	1	
2	0	0	1	0	0	1	3	1	0	1	1	2	0	0	0	0	0	0	0	1	0	2	1	0	1	0	0	
0	0	0	0	0	0	1	0	0	1	1	1	0	0	0	0	2	0	0	0	1	0	0	1	0	0	0	0	
1	1	1	0	0	0	0	3	1	0	1	2	2	0	0	3	3	0	0	0	2	0	0	0	0	0	2	0	
0	2	1	1	2	1	0	0	0	0	0	0	2	3	0	0	3	0	0	0	0	1	1	0	0	0	0	1	
1	2	1	0	1	2	0	0	0	1	1	1	0	1	1	0	0	0	0	0	1	1	0	0	0	0	2	0	
1	2	1	0	0	0	0	3	1	1	1	1	0	0	0	0	0	0	0	0	1	0	2	1	0	1	1	0	
1	0	1	0	1	1	1	0	0	0	3	0	0	0	0	0	0	0	0	0	2	1	0	0	0	0	1	0	
1	2	0	0	1	1	0	2	0	1	0	1	0	1	0	0	0	0	0	0	0	0	0	0	0	0	0	0	
2	0	0	0	0	1	0	0	0	1	0	0	2	0	0	0	0	2	0	0	0	0	0	1	1	0	0	0	
0	3	3	0	0	1	0	0	1	1	0	2	2	1	2	0	0	3	3	0	0	0	0	0	0	0	1	1	
2	2	1	0	0	0	1	3	0	0	0	1	0	1	1	0	0	0	1	0	1	0	2	0	0	0	1	0	
--------------------

--------------------
Best Solution Found!
--------------------
Time: 0 hour(s), 0 minute(s), 18 second(s), 511 millisecond(s)

Fitness: 158806

1	2	1	0	0	0	2	3	0	1	1	0	2	1	1	0	3	0	0	0	1	0	0	0	0	1	0	0	
2	0	1	1	0	0	0	0	0	1	0	0	0	2	2	0	3	3	3	0	0	0	2	1	0	0	0	0	
0	1	1	0	1	0	0	3	1	0	0	1	0	0	0	0	3	2	3	0	1	0	1	0	0	2	1	1	
1	0	0	0	0	0	2	0	1	0	1	1	2	1	0	0	0	0	0	0	0	0	2	0	1	1	1	0	
1	0	1	1	1	0	0	0	0	1	0	0	2	0	0	0	0	0	0	0	0	0	0	1	0	0	1	1	
1	2	1	1	1	2	1	0	0	0	0	1	2	0	0	0	0	0	0	0	0	0	1	0	0	0	0	0	
1	0	1	0	1	1	0	0	2	0	0	1	0	0	1	2	0	0	0	0	1	0	0	0	0	0	0	0	
1	0	0	0	0	0	0	3	0	0	1	1	0	1	2	0	0	0	0	0	0	0	1	0	2	0	1	0	
0	0	0	1	2	0	0	0	0	1	0	0	0	0	0	0	0	0	0	0	2	0	0	0	0	0	1	0	
2	0	0	1	1	1	1	0	0	1	1	2	2	0	0	3	0	0	0	0	0	0	0	0	0	0	2	0	
1	2	0	1	1	1	1	0	1	3	0	1	2	0	0	3	0	3	0	0	0	0	0	0	0	0	0	0	
0	0	3	0	0	1	1	3	0	0	1	2	0	0	0	0	0	0	0	0	0	0	0	0	0	0	0	0	
1	3	0	0	0	0	0	3	1	0	0	1	2	1	2	0	0	0	0	0	1	2	0	0	0	1	0	0	
0	0	0	0	0	1	1	2	2	0	0	1	0	0	0	0	2	0	0	0	1	0	0	1	0	0	0	0	
1	0	0	0	0	0	1	2	0	0	3	1	0	1	0	0	3	0	0	0	0	1	0	1	0	0	1	0	
1	0	1	1	0	0	0	2	0	1	0	2	2	0	0	0	0	3	0	0	0	0	0	0	0	0	0	1	
1	2	1	2	1	0	0	3	0	0	1	1	1	0	0	0	0	0	0	0	1	1	2	1	0	0	0	0	
0	2	0	2	0	2	0	0	1	0	0	0	1	1	0	0	0	0	0	0	2	1	0	0	0	0	2	0	
0	2	2	1	1	0	0	0	0	0	0	0	2	0	0	0	0	3	1	0	1	0	0	0	0	0	0	0	
0	0	3	1	0	0	1	3	1	1	0	1	0	0	0	3	3	0	0	0	1	0	0	0	0	0	0	0	
1	0	0	0	0	1	0	3	1	1	0	0	0	1	0	0	0	0	0	0	0	0	0	0	2	2	1	0	
2	0	0	2	0	1	0	3	1	0	0	0	0	0	0	0	0	0	0	1	0	0	0	0	0	1	1	0	
0	2	1	0	1	1	0	0	0	0	1	1	2	0	0	0	2	0	0	0	0	0	2	3	0	1	0	1	
0	2	1	0	0	0	0	0	0	1	1	0	0	0	0	0	0	0	0	0	1	0	0	0	0	0	0	0	
1	0	0	1	0	0	0	3	0	1	1	0	3	3	1	0	0	0	1	0	0	0	0	0	0	2	2	0	
2	2	1	0	2	0	0	3	1	0	0	0	0	2	1	0	0	0	0	0	1	0	0	1	0	0	1	1	
1	2	1	0	1	0	1	0	0	0	3	0	2	1	1	3	3	3	0	0	2	0	2	0	0	0	1	0	
0	0	0	0	2	1	0	0	0	0	0	1	0	0	0	0	0	0	0	0	1	0	0	0	0	0	1	1	
0	0	1	1	1	1	0	0	0	3	1	0	0	1	0	3	0	0	0	0	0	0	0	0	0	0	1	0	
0	0	0	0	0	0	1	3	1	0	0	0	2	1	0	0	3	0	0	0	0	0	0	0	0	0	1	3	
--------------------

--------------------
Best Solution Found!
--------------------
Time: 0 hour(s), 0 minute(s), 32 second(s), 76 millisecond(s)

Fitness: 158787

0	2	1	0	1	2	0	0	0	1	0	1	0	1	0	0	0	0	0	0	1	0	0	0	1	0	0	0	
0	2	0	0	1	1	0	0	0	1	0	0	1	1	0	0	0	0	3	1	2	2	0	0	0	1	0	0	
2	0	1	2	2	0	0	0	0	0	1	0	2	0	0	0	0	0	0	0	0	0	2	0	0	0	1	0	
2	0	0	1	0	1	1	3	1	0	1	1	2	0	0	0	0	0	0	0	0	0	0	0	0	0	0	0	
1	0	0	0	1	0	0	0	0	0	0	0	0	0	0	3	0	3	0	0	0	0	0	0	0	0	0	0	
1	2	1	1	0	0	0	3	1	0	0	1	0	1	1	0	0	0	0	0	2	0	0	0	0	0	0	0	
0	0	1	1	1	0	2	0	0	0	0	1	2	0	0	0	0	0	0	0	0	0	0	0	2	0	0	0	
0	0	0	0	0	0	1	3	1	0	1	1	0	0	0	0	0	2	3	0	0	0	0	1	0	2	1	1	
1	0	2	1	2	1	0	3	0	0	0	0	0	0	1	0	0	3	0	0	1	0	2	0	0	0	0	1	
1	2	1	0	2	1	0	2	1	0	0	0	0	0	1	0	3	3	0	0	1	0	0	0	0	0	0	0	
2	0	0	0	0	0	0	3	0	1	1	2	2	0	0	0	3	3	0	0	2	0	2	1	0	0	1	0	
1	2	0	1	0	1	0	0	0	0	1	0	0	0	0	2	3	0	0	0	0	0	0	0	0	0	2	3	
0	3	1	1	1	1	0	3	0	0	0	1	2	0	2	0	0	0	0	0	1	0	1	0	0	0	1	0	
2	0	0	1	0	0	1	0	0	0	0	0	3	1	0	3	0	0	0	0	0	0	0	0	0	0	1	1	
0	0	0	1	1	1	1	0	1	1	0	0	0	1	0	0	0	0	0	0	0	1	1	0	0	0	0	0	
0	0	0	0	0	0	1	3	1	0	1	0	0	1	0	0	3	0	0	0	0	0	0	0	0	0	1	0	
0	0	1	1	0	1	0	0	1	3	1	0	0	0	0	0	0	0	0	0	0	0	0	0	0	0	0	0	
1	2	3	0	1	0	0	0	0	1	0	1	2	1	0	0	0	0	0	0	0	0	1	0	0	0	1	1	
1	0	0	0	1	2	1	0	1	1	1	0	1	0	0	0	0	0	0	0	1	1	0	0	0	1	2	1	
0	0	0	0	0	0	0	0	0	1	0	1	2	3	0	0	0	0	1	0	0	0	0	0	0	2	1	0	
0	1	1	0	1	0	1	3	0	0	0	2	2	0	0	0	0	0	0	0	1	1	0	0	0	0	0	0	
1	0	0	0	0	0	1	0	1	1	0	0	0	1	2	0	0	0	0	0	1	0	2	1	0	0	0	0	
1	0	0	0	0	1	1	0	1	1	0	1	2	0	0	3	3	0	1	0	1	0	0	0	0	0	0	0	
0	2	3	0	0	1	0	2	0	0	1	1	0	0	0	0	2	0	0	0	1	0	0	1	0	1	1	0	
1	0	0	0	0	0	0	2	0	0	3	2	0	0	1	0	0	0	0	0	0	0	0	3	0	0	1	0	
0	2	1	0	1	0	0	0	0	0	3	1	0	0	0	0	3	0	0	0	1	0	0	0	0	0	0	0	
1	0	1	2	0	0	0	3	2	0	0	1	2	1	2	3	2	0	0	0	0	0	2	1	0	2	1	0	
1	2	1	1	0	0	0	3	2	1	0	1	0	1	0	0	0	3	0	0	1	0	0	1	0	0	2	0	
1	0	1	2	1	0	0	3	0	3	1	0	2	2	1	3	3	0	0	0	0	0	0	0	0	1	1	1	
1	2	1	1	0	0	2	3	0	0	0	0	2	2	0	0	0	0	0	0	0	0	0	0	2	1	1	0	
--------------------

--------------------
Best Solution Found!
--------------------
Time: 0 hour(s), 0 minute(s), 34 second(s), 772 millisecond(s)

Fitness: 156783

1	0	2	0	2	0	1	3	1	0	0	0	0	0	0	0	0	0	0	0	0	2	0	3	0	0	1	0	
0	2	0	1	0	1	2	3	0	0	0	0	2	1	2	0	0	0	0	0	0	0	0	0	0	0	0	0	
1	2	3	0	0	1	1	0	0	0	0	0	0	0	0	3	0	0	0	0	2	1	0	0	0	0	0	0	
1	2	0	0	0	0	1	0	1	1	0	0	0	1	0	0	0	0	0	0	0	0	2	0	0	0	0	0	
1	1	0	0	1	0	0	0	0	1	1	1	2	1	0	0	0	0	0	0	0	0	1	0	2	0	0	0	
0	0	1	2	0	0	1	3	1	1	0	0	0	0	0	3	3	0	0	0	1	0	0	0	0	0	0	0	
2	0	1	0	1	1	0	0	0	0	0	1	2	0	0	3	0	0	0	0	0	0	0	0	1	1	1	1	
1	0	0	1	1	0	1	0	0	3	0	1	0	2	0	0	0	0	0	0	1	0	0	0	2	1	1	1	
0	0	1	0	1	2	0	3	1	1	1	0	0	0	0	0	3	0	0	0	1	0	0	0	0	0	1	0	
1	0	1	1	0	2	0	3	0	0	1	1	1	0	0	0	0	3	0	0	1	0	0	1	0	0	0	0	
0	0	1	1	1	0	2	3	0	1	0	2	0	3	0	0	2	0	0	0	1	1	1	0	0	0	0	0	
1	0	0	0	0	0	0	0	0	0	1	1	2	0	1	0	0	3	1	0	0	0	0	0	0	0	1	1	
1	0	0	0	1	0	0	0	0	1	3	0	2	0	0	0	0	0	0	0	0	0	0	1	0	1	0	0	
0	0	0	0	0	0	1	0	0	0	1	2	0	0	0	0	0	0	0	0	2	0	0	0	0	2	2	0	
2	0	1	1	1	1	0	0	0	0	0	0	2	0	1	0	3	0	0	0	0	0	2	1	0	0	0	0	
1	3	0	0	2	1	0	3	1	1	1	0	2	1	1	0	2	0	0	0	1	0	0	1	0	1	1	1	
0	2	1	1	0	0	0	0	0	1	0	2	1	0	0	3	3	0	0	0	1	0	0	0	0	0	0	0	
1	0	0	0	0	0	1	3	1	0	0	1	0	1	2	0	0	0	0	0	0	0	0	1	0	1	2	0	
2	2	1	0	1	1	0	0	1	3	3	0	0	0	0	0	0	3	3	1	0	0	2	1	0	0	1	3	
1	0	3	1	1	0	0	0	0	0	0	1	2	1	0	0	0	0	0	0	0	0	0	0	0	0	0	0	
0	0	1	0	0	0	0	0	0	1	1	0	3	0	2	0	0	0	3	0	1	0	0	0	0	2	2	0	
0	0	0	1	1	1	0	3	1	0	0	0	2	1	0	0	0	2	0	0	1	0	0	0	0	0	1	1	
0	2	1	0	0	0	0	3	2	1	1	1	2	0	0	0	0	0	0	0	0	0	2	0	0	0	1	1	
0	2	1	1	0	1	0	2	0	0	1	1	0	0	0	0	0	0	0	0	0	0	0	0	0	0	0	0	
1	0	0	1	0	1	0	2	0	0	0	0	0	0	1	3	3	0	0	0	0	0	1	0	0	0	1	0	
0	2	0	1	1	1	1	3	1	0	0	1	0	0	0	0	0	3	0	0	0	0	0	0	0	0	0	0	
1	2	1	0	0	0	0	3	2	0	0	0	0	1	0	2	3	0	0	0	1	1	0	0	0	2	1	0	
1	0	0	0	2	0	0	0	0	0	1	1	0	1	0	0	0	3	1	0	1	0	2	0	0	0	0	0	
2	2	0	2	0	0	1	2	0	0	0	1	2	2	1	0	0	0	0	0	2	0	0	0	0	0	1	0	
0	0	1	2	0	0	0	0	1	0	0	1	2	1	0	0	3	0	0	0	0	0	0	0	0	0	1	0	
--------------------

--------------------
Best Solution Found!
--------------------
Time: 0 hour(s), 0 minute(s), 34 second(s), 775 millisecond(s)

Fitness: 156776

1	0	2	0	2	0	1	3	1	0	0	0	0	1	0	0	0	0	0	0	0	2	0	3	0	0	1	0	
0	2	0	1	0	1	2	3	0	0	0	1	2	1	2	0	0	0	0	0	0	0	0	0	0	0	0	0	
1	2	3	0	0	1	1	0	0	0	0	0	0	0	0	3	0	0	0	0	2	1	0	0	0	0	0	0	
1	2	0	0	0	0	1	0	1	1	0	1	0	2	0	0	0	0	0	0	0	0	2	0	0	0	0	0	
1	1	0	0	1	0	0	0	0	1	1	1	0	0	0	0	0	0	0	0	0	0	1	0	2	0	0	0	
0	0	1	2	0	0	1	3	1	1	0	0	0	0	0	3	3	0	0	0	1	0	0	0	0	0	0	0	
2	0	1	0	1	1	0	0	0	0	0	0	0	0	0	3	0	0	0	0	0	0	0	0	1	1	1	1	
1	0	0	1	1	0	1	0	0	3	0	2	0	0	0	0	0	0	0	0	1	0	0	0	2	1	1	1	
0	0	1	0	1	2	0	3	1	1	1	0	1	1	0	0	3	0	0	0	1	0	0	0	0	0	1	0	
1	0	1	1	0	2	0	3	0	0	1	2	2	0	0	0	0	3	0	0	1	0	0	1	0	0	0	0	
0	0	1	1	1	0	2	3	0	1	0	1	3	0	0	0	2	0	0	0	1	1	1	0	0	0	0	0	
1	0	0	0	0	0	0	0	0	0	1	0	2	1	1	0	0	3	1	0	0	0	0	0	0	0	1	1	
1	0	0	0	1	0	0	0	0	1	3	0	0	0	0	0	0	0	0	0	0	0	0	1	0	1	0	0	
0	0	0	0	0	0	1	0	0	0	1	0	2	2	0	0	0	0	0	0	2	0	0	0	0	2	2	0	
2	0	1	1	1	1	0	0	0	0	0	1	2	0	1	0	3	0	0	0	0	0	2	1	0	0	0	0	
1	3	0	0	2	1	0	3	1	1	1	1	2	0	1	0	2	0	0	0	1	0	0	1	0	1	1	1	
0	2	1	1	0	0	0	0	0	1	0	0	2	3	0	3	3	0	0	0	1	0	0	0	0	0	0	0	
1	0	0	0	0	0	1	3	1	0	0	1	0	1	2	0	0	0	0	0	0	0	0	1	0	1	2	0	
2	2	1	0	1	1	0	0	1	3	3	1	2	0	0	0	0	3	3	1	0	0	2	1	0	0	1	3	
1	0	3	1	1	0	0	0	0	0	0	0	0	0	0	0	0	0	0	0	0	0	0	0	0	0	0	0	
0	0	1	0	0	0	0	0	0	1	1	1	2	1	2	0	0	0	3	0	1	0	0	0	0	2	2	0	
0	0	0	1	1	1	0	3	1	0	0	0	0	0	0	0	0	2	0	0	1	0	0	0	0	0	1	1	
0	2	1	0	0	0	0	3	2	1	1	1	1	0	0	0	0	0	0	0	0	0	2	0	0	0	1	1	
0	2	1	1	0	1	0	2	0	0	1	0	2	1	0	0	0	0	0	0	0	0	0	0	0	0	0	0	
1	0	0	1	0	1	0	2	0	0	0	1	2	1	1	3	3	0	0	0	0	0	1	0	0	0	1	0	
0	2	0	1	1	1	1	3	1	0	0	2	2	1	0	0	0	3	0	0	0	0	0	0	0	0	0	0	
1	2	1	0	0	0	0	3	2	0	0	0	0	0	0	2	3	0	0	0	1	1	0	0	0	2	1	0	
1	0	0	0	2	0	0	0	0	0	1	1	0	1	0	0	0	3	1	0	1	0	2	0	0	0	0	0	
2	2	0	2	0	0	1	2	0	0	0	1	0	0	1	0	0	0	0	0	2	0	0	0	0	0	1	0	
0	0	1	2	0	0	0	0	1	0	0	0	0	0	0	0	3	0	0	0	0	0	0	0	0	0	1	0	
--------------------

--------------------
Best Solution Found!
--------------------
Time: 0 hour(s), 1 minute(s), 52 second(s), 306 millisecond(s)

Fitness: 153782

0	0	0	1	1	1	1	0	1	1	3	0	1	1	0	0	0	0	0	0	1	0	0	0	0	0	0	0	
0	2	0	1	1	1	1	2	0	1	0	0	0	0	0	0	2	0	0	0	0	0	0	0	0	0	0	1	
0	1	1	1	0	0	0	2	0	0	0	1	0	1	1	0	3	0	0	1	1	0	0	0	0	0	2	0	
2	2	2	0	1	0	0	0	1	0	1	0	0	0	0	0	3	3	0	0	0	0	0	0	0	0	1	0	
1	0	0	1	1	1	1	0	0	0	0	2	0	1	1	0	0	0	0	0	2	0	0	0	0	0	0	0	
0	0	1	2	0	1	2	2	0	0	0	1	0	1	0	0	0	0	0	0	0	0	2	3	0	0	1	0	
2	0	1	0	0	1	0	3	2	1	0	0	0	2	0	0	0	0	0	0	1	1	0	0	0	0	0	0	
0	0	1	0	2	0	0	3	1	1	0	2	2	0	0	0	0	0	0	0	0	0	0	0	0	1	1	0	
2	2	0	0	1	1	0	0	0	0	1	0	2	0	1	0	0	0	0	0	2	0	0	0	0	0	1	0	
1	0	1	1	1	0	1	3	1	0	0	1	2	1	0	0	0	3	1	0	1	0	0	0	0	0	0	0	
1	0	1	0	0	0	0	0	0	1	1	0	0	0	0	0	0	0	0	0	0	0	0	0	0	0	1	1	
0	0	1	1	0	0	0	3	1	0	1	1	0	1	0	0	0	0	1	0	0	0	0	0	0	1	2	0	
1	3	0	0	0	0	1	3	0	1	0	0	0	0	0	0	3	2	0	0	1	0	0	0	0	0	1	3	
0	0	0	1	0	0	1	3	2	1	0	1	0	0	0	0	0	0	0	0	0	0	1	0	0	0	0	0	
1	2	3	0	1	0	0	3	1	1	0	0	2	0	0	0	0	0	0	0	1	0	0	0	0	0	2	1	
1	2	0	0	1	2	0	0	0	3	1	1	2	0	0	3	0	0	0	0	0	0	0	0	0	2	1	0	
1	2	3	0	0	1	1	0	0	0	0	0	0	0	2	0	3	0	0	0	0	0	0	0	0	2	0	0	
1	0	1	0	2	1	1	0	0	0	1	1	2	0	0	2	0	0	3	0	0	1	2	0	0	1	1	0	
0	2	1	1	0	1	0	0	0	0	0	1	2	0	0	0	0	0	0	0	0	2	2	1	0	0	1	0	
1	2	1	0	2	0	0	0	1	0	0	0	2	0	0	0	0	0	0	0	1	1	0	1	2	0	0	1	
1	0	0	2	1	0	0	3	0	0	3	1	0	3	2	3	0	0	0	0	1	0	0	1	0	0	1	0	
1	2	0	1	0	0	1	3	1	0	0	1	2	1	0	3	3	0	0	0	1	0	0	1	0	0	0	0	
0	0	1	2	0	0	0	3	0	0	1	1	0	1	1	0	0	3	0	0	1	0	0	0	2	1	1	0	
0	0	0	1	0	0	0	3	0	3	1	0	2	1	2	3	0	0	0	0	0	0	1	0	0	0	0	0	
2	0	0	0	0	0	0	0	1	0	0	1	2	0	0	0	3	3	0	0	0	0	0	0	0	0	1	0	
0	0	0	0	1	0	0	3	1	0	0	2	3	2	0	0	3	0	0	0	2	0	2	1	1	2	0	0	
1	0	1	0	0	2	2	0	0	1	1	0	0	1	1	0	0	3	3	0	0	0	2	0	0	0	0	0	
1	0	1	0	0	0	0	0	0	0	0	1	0	0	0	3	2	0	0	0	0	0	0	0	0	0	0	1	
0	0	0	1	1	1	0	0	0	0	0	0	2	0	0	0	0	0	0	0	0	0	0	0	0	0	0	0	
1	2	0	0	0	0	0	0	0	1	1	0	1	0	0	0	0	0	0	0	1	0	1	1	0	1	1	1	
--------------------

--------------------
Best Solution Found!
--------------------
Time: 0 hour(s), 2 minute(s), 39 second(s), 4 millisecond(s)

Fitness: 152782

1	0	1	0	1	1	2	0	0	1	0	0	2	0	1	0	2	0	0	0	0	0	2	1	0	0	1	3	
0	0	1	0	1	1	1	3	0	0	0	0	0	1	1	0	0	3	0	0	1	1	1	0	0	0	1	0	
1	2	0	1	1	0	0	3	0	1	1	0	0	1	0	0	0	0	0	0	1	0	0	0	0	2	1	0	
0	0	0	0	0	0	0	0	0	1	1	1	2	1	0	0	3	2	0	0	1	0	0	0	0	0	0	1	
1	2	1	0	1	1	0	0	0	0	1	1	0	0	0	0	0	0	0	0	0	0	0	0	0	0	1	0	
1	2	1	0	0	0	1	2	0	1	0	1	0	0	0	0	0	0	0	0	0	0	0	0	0	0	1	0	
1	0	1	1	1	0	0	0	1	3	0	0	2	3	0	0	0	0	0	0	0	0	0	0	0	0	0	0	
2	2	0	0	0	1	0	0	0	1	0	0	0	1	0	0	0	0	0	0	0	0	0	1	2	0	0	0	
0	0	0	0	2	1	2	3	1	1	1	0	0	1	0	0	3	0	0	0	0	1	0	0	0	0	0	0	
0	0	3	1	0	0	0	0	0	0	3	1	2	0	0	0	0	3	3	0	0	0	0	0	0	0	0	0	
1	2	0	1	0	1	0	0	2	1	3	1	2	0	0	0	0	0	0	0	0	0	0	0	0	1	0	0	
1	0	0	0	1	0	0	0	0	0	1	1	0	0	0	0	3	3	0	0	1	0	0	0	0	1	1	0	
0	0	1	2	0	1	0	3	0	0	0	1	2	1	0	0	0	0	0	0	1	0	1	0	0	0	1	0	
0	0	1	2	0	0	0	3	1	0	1	2	1	0	0	0	0	0	0	0	0	0	0	0	0	1	1	0	
1	0	0	0	0	1	0	0	1	0	0	0	2	2	2	0	3	0	0	1	0	0	2	1	0	1	0	0	
2	2	0	1	1	0	0	3	1	0	0	0	2	0	0	0	0	0	0	0	0	0	0	0	0	0	0	0	
0	3	1	2	0	0	0	2	0	0	0	1	0	0	0	2	3	0	0	0	1	0	0	0	0	0	1	1	
0	0	0	0	0	0	1	3	0	0	0	2	3	0	0	3	2	0	0	0	1	1	2	1	0	0	2	1	
1	0	1	1	0	1	1	0	1	0	1	2	2	1	1	3	0	0	0	0	1	0	0	0	0	2	0	0	
1	0	0	1	1	1	0	3	1	3	1	1	0	0	0	0	0	0	0	0	1	0	0	0	0	0	1	1	
0	2	1	1	0	0	1	3	0	0	0	1	2	0	0	0	0	0	1	0	0	0	1	0	0	0	2	0	
2	2	0	0	0	2	1	3	0	0	0	1	0	2	1	3	0	0	0	0	2	0	0	0	0	2	1	1	
0	0	2	1	2	0	0	3	0	1	0	0	0	1	2	3	0	0	0	0	0	0	0	1	1	0	0	0	
1	0	0	0	1	2	1	0	1	0	0	1	2	0	0	0	3	3	3	0	0	2	0	3	0	0	2	1	
0	0	0	0	0	0	1	2	0	0	0	0	0	1	2	3	0	0	1	0	0	0	0	0	0	0	0	0	
1	0	3	1	2	0	0	3	0	0	1	1	0	0	0	0	0	0	0	0	0	0	2	0	0	0	0	0	
2	2	1	0	0	0	1	0	1	0	1	0	2	0	0	0	0	0	0	0	1	0	0	0	0	0	0	0	
1	0	1	0	1	0	0	0	0	1	0	0	0	0	1	0	0	0	0	0	2	0	2	0	0	0	1	0	
1	2	1	0	0	0	0	0	2	0	0	0	0	0	0	0	0	0	0	0	1	0	0	0	0	0	0	0	
0	1	0	1	1	0	0	0	1	1	0	0	1	1	0	0	3	3	0	0	2	0	0	1	2	1	1	0	
--------------------

--------------------
Best Solution Found!
--------------------
Time: 0 hour(s), 5 minute(s), 38 second(s), 910 millisecond(s)

Fitness: 152770

1	0	0	0	2	1	0	3	0	1	1	1	0	0	0	0	0	0	0	0	1	1	0	0	2	0	0	1	
0	0	0	0	0	0	0	0	1	1	1	2	2	0	0	0	0	0	0	0	0	0	0	0	0	0	0	0	
0	0	0	0	0	0	0	3	2	1	0	0	0	2	2	0	0	0	0	0	2	0	0	1	0	0	0	0	
0	0	2	2	0	1	1	0	0	1	0	1	1	0	0	0	2	0	0	0	1	0	0	0	1	0	1	0	
0	0	1	0	0	0	0	2	1	0	3	1	0	0	0	0	0	0	3	0	0	0	0	0	0	0	0	0	
2	0	0	2	1	1	0	3	0	0	1	2	2	1	2	3	2	0	0	0	1	0	1	3	0	0	1	0	
1	3	1	0	1	0	0	0	0	0	1	0	0	1	0	2	3	3	0	0	0	0	0	0	0	0	0	1	
1	2	1	1	0	1	1	3	0	0	0	1	0	0	0	0	0	0	1	0	1	0	0	0	0	1	0	0	
2	2	3	2	0	0	1	3	1	0	0	1	2	1	0	0	0	0	0	0	2	0	0	0	0	0	0	0	
0	0	0	0	0	0	0	2	0	0	0	1	0	0	0	0	0	0	0	0	0	0	0	0	0	0	1	0	
1	2	1	1	0	1	1	3	0	0	0	0	2	1	0	3	0	0	0	0	1	0	0	0	0	0	0	1	
1	2	0	1	1	1	0	3	1	1	0	0	0	0	0	0	3	3	0	0	1	0	0	0	0	0	0	0	
0	2	1	0	0	0	0	3	1	1	3	0	0	1	0	0	0	0	1	0	0	0	0	0	0	2	1	0	
1	0	0	1	1	0	1	0	0	0	0	2	2	1	1	3	0	0	0	0	0	0	0	0	0	0	2	0	
1	2	1	0	1	1	0	2	1	1	1	0	0	0	1	0	0	0	0	0	1	0	2	0	0	2	1	0	
1	1	0	1	1	0	1	3	0	0	0	1	0	0	1	0	0	0	0	0	0	0	2	1	0	2	2	1	
1	0	1	0	0	0	2	0	0	0	1	1	2	0	0	0	3	0	0	1	1	0	2	0	0	0	1	1	
2	0	0	1	0	0	2	0	1	0	0	0	0	0	0	0	0	0	0	0	0	0	0	1	0	0	1	0	
1	0	0	0	0	0	0	0	0	3	0	0	0	0	0	0	3	3	0	0	1	0	0	1	0	1	1	0	
0	2	1	0	1	1	1	0	2	1	0	0	2	1	0	0	0	0	0	0	0	0	2	0	0	0	1	3	
0	0	1	1	1	0	0	0	0	0	0	1	2	0	0	0	0	0	0	0	0	0	0	0	0	1	1	0	
0	2	0	1	1	0	1	3	0	0	1	1	2	0	1	0	3	2	0	0	2	0	1	0	0	0	0	0	
1	0	1	1	1	0	0	0	1	3	1	1	2	0	0	3	0	0	0	0	0	0	2	1	0	1	2	1	
1	0	0	1	2	0	0	0	0	1	1	0	0	1	0	0	0	0	0	0	0	0	0	0	0	0	1	0	
0	2	1	0	0	0	0	0	0	0	0	0	3	3	0	0	0	0	0	0	0	0	0	0	0	0	0	0	
1	0	3	0	0	1	0	0	0	0	0	1	0	1	0	0	0	3	0	0	0	0	1	1	0	0	0	0	
2	2	0	0	2	2	0	0	0	1	0	0	0	2	1	0	3	0	0	0	0	2	0	0	2	0	1	0	
0	0	1	1	1	0	1	0	0	0	0	0	2	0	0	0	0	0	0	0	1	0	0	0	0	0	0	0	
1	0	0	0	0	1	0	3	1	0	0	0	2	0	2	3	3	3	3	0	0	1	0	0	0	1	1	0	
0	0	1	0	0	2	0	3	1	0	1	1	1	1	0	0	0	0	0	0	1	1	0	0	0	0	0	0	
--------------------

--------------------
Best Solution Found!
--------------------
Time: 0 hour(s), 8 minute(s), 16 second(s), 34 millisecond(s)

Fitness: 149765

0	0	0	0	0	0	1	0	1	3	1	1	0	0	0	0	2	0	0	0	1	0	2	0	0	0	1	1	
1	2	0	0	0	0	0	0	0	1	1	2	1	0	0	0	0	0	0	0	2	1	0	0	0	1	1	0	
2	2	1	0	1	1	0	0	0	0	1	1	0	1	0	0	0	0	0	0	0	0	0	0	0	0	0	0	
1	0	1	1	1	0	0	0	0	0	0	1	0	1	0	0	0	0	0	0	0	0	2	3	0	0	0	0	
1	0	0	1	0	0	0	0	1	0	0	1	0	0	0	3	0	0	1	0	1	0	0	0	0	0	0	1	
1	0	1	0	0	0	1	3	1	1	1	0	0	3	2	3	0	0	0	0	1	0	0	0	0	0	1	1	
2	0	0	0	0	0	0	0	0	1	1	0	2	1	0	0	3	0	0	0	0	0	0	0	0	0	1	0	
1	3	1	2	0	0	0	3	0	0	0	0	0	0	0	0	3	3	0	0	0	0	0	0	0	0	2	0	
0	0	3	0	0	1	0	0	0	0	0	1	2	1	0	0	0	0	1	0	0	0	0	0	0	0	1	0	
0	2	1	0	0	0	1	3	0	1	1	0	3	2	0	0	0	0	0	0	0	0	0	0	0	0	2	3	
1	2	1	0	1	0	0	3	0	0	0	1	2	0	0	2	0	3	0	0	0	0	0	1	0	2	0	0	
1	2	2	0	1	1	1	3	0	0	1	0	2	1	0	0	3	3	0	0	1	0	0	0	1	1	1	0	
0	0	0	1	0	1	0	0	0	1	0	0	0	0	1	0	0	0	0	0	0	0	0	1	0	0	1	0	
0	0	3	1	1	0	0	3	1	0	0	2	0	0	0	0	0	0	0	0	0	0	0	0	0	0	1	0	
0	0	0	1	2	1	1	3	0	0	0	0	2	1	2	0	0	0	3	0	1	0	1	1	0	2	0	0	
1	2	0	0	0	2	1	0	0	0	1	1	2	0	0	0	0	0	0	0	0	0	0	0	0	0	0	0	
0	0	1	1	0	0	1	2	1	0	0	0	2	0	0	3	0	0	0	0	0	0	0	0	0	0	0	0	
1	0	0	0	1	2	0	3	1	1	3	1	0	0	0	0	3	2	0	0	2	1	0	1	0	0	1	0	
1	2	0	0	0	1	1	0	1	0	0	1	2	0	1	0	3	3	0	1	1	0	1	0	0	0	0	0	
0	0	1	2	0	1	0	0	0	0	0	1	2	0	0	0	0	0	0	0	0	0	0	0	0	0	0	0	
0	2	0	1	1	1	0	0	0	0	0	1	2	0	0	0	0	0	0	0	0	0	0	0	0	1	1	0	
0	0	1	2	2	0	0	3	2	0	1	0	0	0	1	0	2	0	0	0	0	0	2	0	0	0	0	1	
1	0	0	1	1	0	0	2	0	1	0	0	0	1	0	0	0	3	3	0	1	0	0	0	0	0	1	1	
0	0	1	1	0	0	2	3	2	3	0	1	0	0	0	0	0	0	0	0	1	2	0	0	0	0	1	0	
1	0	0	0	1	1	1	3	0	1	1	0	1	1	0	3	3	0	0	0	0	0	0	0	2	2	1	1	
2	1	1	1	0	0	0	2	0	1	0	2	0	0	0	3	3	0	0	0	1	1	2	0	0	0	0	0	
1	2	1	0	2	0	0	0	1	0	0	0	0	0	1	0	0	0	0	0	1	0	2	1	0	1	2	0	
2	0	1	0	0	0	0	0	0	1	3	0	0	1	0	0	0	0	0	0	0	0	0	0	0	0	0	0	
1	2	0	0	1	0	2	0	1	0	0	1	2	2	1	0	0	0	0	0	1	0	0	1	2	0	0	0	
0	0	0	1	1	1	0	3	1	0	0	0	2	1	2	0	0	0	0	0	2	0	1	0	0	1	0	0	
--------------------

--------------------
Best Solution Found!
--------------------
Time: 0 hour(s), 8 minute(s), 16 second(s), 36 millisecond(s)

Fitness: 149765

0	0	0	0	0	0	1	0	1	3	1	1	0	0	0	0	2	0	0	0	1	0	2	0	0	0	1	1	
1	2	0	0	0	0	0	0	0	1	1	2	1	0	0	0	0	0	0	0	2	1	0	0	0	1	1	0	
2	2	1	0	1	1	0	0	0	0	1	1	0	1	0	0	0	0	0	0	0	0	0	0	0	0	0	0	
1	0	1	1	1	0	0	0	0	0	0	1	0	1	0	0	0	0	0	0	0	0	2	3	0	0	0	0	
1	0	0	1	0	0	0	0	1	0	0	1	0	0	0	3	0	0	1	0	1	0	0	0	0	0	0	1	
1	0	1	0	0	0	1	3	1	1	1	0	0	3	2	3	0	0	0	0	1	0	0	0	0	0	1	1	
2	0	0	0	0	0	0	0	0	1	1	0	2	1	0	0	3	0	0	0	0	0	0	0	0	0	1	0	
1	3	1	2	0	0	0	3	0	0	0	0	0	0	0	0	3	3	0	0	0	0	0	0	0	0	2	0	
0	0	3	0	0	1	0	0	0	0	0	1	2	1	0	0	0	0	1	0	0	0	0	0	0	0	1	0	
0	2	1	0	0	0	1	3	0	1	1	0	3	2	0	0	0	0	0	0	0	0	0	0	0	0	2	3	
1	2	1	0	1	0	0	3	0	0	0	1	2	0	0	2	0	3	0	0	0	0	0	1	0	2	0	0	
1	2	2	0	1	1	1	3	0	0	1	0	2	1	0	0	3	3	0	0	1	0	0	0	1	1	1	0	
0	0	0	1	0	1	0	0	0	1	0	0	0	0	1	0	0	0	0	0	0	0	0	1	0	0	1	0	
0	0	3	1	1	0	0	3	1	0	0	2	0	0	0	0	0	0	0	0	0	0	0	0	0	0	1	0	
0	0	0	1	2	1	1	3	0	0	0	0	2	1	2	0	0	0	3	0	1	0	1	1	0	2	0	0	
1	2	0	0	0	2	1	0	0	0	1	1	2	0	0	0	0	0	0	0	0	0	0	0	0	0	0	0	
0	0	1	1	0	0	1	2	1	0	0	0	2	0	0	3	0	0	0	0	0	0	0	0	0	0	0	0	
1	0	0	0	1	2	0	3	1	1	3	1	0	0	0	0	3	2	0	0	2	1	0	1	0	0	1	0	
1	2	0	0	0	1	1	0	1	0	0	1	2	0	1	0	3	3	0	1	1	0	1	0	0	0	0	0	
0	0	1	2	0	1	0	0	0	0	0	1	2	0	0	0	0	0	0	0	0	0	0	0	0	0	0	0	
0	2	0	1	1	1	0	0	0	0	0	1	2	0	0	0	0	0	0	0	0	0	0	0	0	1	1	0	
0	0	1	2	2	0	0	3	2	0	1	0	0	0	1	0	2	0	0	0	0	0	2	0	0	0	0	1	
1	0	0	1	1	0	0	2	0	1	0	0	0	1	0	0	0	3	3	0	1	0	0	0	0	0	1	1	
0	0	1	1	0	0	2	3	2	3	0	1	0	0	0	0	0	0	0	0	1	2	0	0	0	0	1	0	
1	0	0	0	1	1	1	3	0	1	1	0	1	1	0	3	3	0	0	0	0	0	0	0	2	2	1	1	
2	1	1	1	0	0	0	2	0	1	0	2	0	0	0	3	3	0	0	0	1	1	2	0	0	0	0	0	
1	2	1	0	2	0	0	0	1	0	0	0	0	0	1	0	0	0	0	0	1	0	2	1	0	1	2	0	
2	0	1	0	0	0	0	0	0	1	3	0	0	1	0	0	0	0	0	0	0	0	0	0	0	0	0	0	
1	2	0	0	1	0	2	0	1	0	0	1	2	2	1	0	0	0	0	0	1	0	0	1	2	0	0	0	
0	0	0	1	1	1	0	3	1	0	0	0	2	1	2	0	0	0	0	0	2	0	1	0	0	1	0	0	
--------------------


The best solution was found at the restart: 29, population: 0
Total Time Elapsed: 0 hour(s), 13 minute(s), 21 second(s), 793 millisecond(s)

