--------------------
Best Solution Found!
--------------------
Time: 0 hour(s), 0 minute(s), 0 second(s), 1 millisecond(s)

Fitness: 25070

2	0	0	0	0	0	0	
0	3	0	0	0	0	3	
0	0	1	0	0	0	0	
0	0	0	0	0	0	0	
0	0	0	0	0	0	0	
0	0	0	0	0	0	0	
2	3	0	0	0	0	0	
0	0	0	0	0	0	0	
0	0	0	0	0	0	0	
0	0	0	0	3	0	2	
0	0	0	0	0	0	0	
0	0	2	0	1	0	0	
2	0	0	3	0	2	0	
0	2	0	0	0	0	0	
1	0	0	2	1	0	1	
0	0	0	0	0	0	0	
3	0	0	0	0	0	0	
0	0	0	1	2	0	0	
0	0	1	0	0	3	0	
0	0	0	0	2	0	0	
1	0	1	1	0	0	0	
3	0	0	0	0	3	0	
0	0	2	0	0	0	1	
1	0	3	0	1	0	0	
0	0	2	0	0	0	0	
--------------------

--------------------
Best Solution Found!
--------------------
Time: 0 hour(s), 0 minute(s), 0 second(s), 2 millisecond(s)

Fitness: 25067

0	0	0	0	0	0	0	
0	0	0	0	0	0	3	
0	0	1	0	0	0	0	
0	0	0	0	0	0	0	
2	0	0	0	0	0	0	
2	0	0	0	0	0	0	
0	0	0	0	0	0	0	
0	0	0	0	0	0	0	
0	0	0	0	0	0	0	
1	0	0	0	3	0	2	
1	3	0	0	0	0	0	
0	0	2	0	1	0	0	
3	0	0	3	0	2	0	
0	0	0	0	0	0	0	
0	2	0	2	1	0	1	
0	0	0	0	0	0	0	
0	3	0	0	0	0	0	
3	0	0	1	2	0	0	
1	0	1	0	0	3	0	
2	0	0	0	2	0	0	
0	0	1	1	0	0	0	
0	0	0	0	0	3	0	
0	0	2	0	0	0	1	
0	0	3	0	1	0	0	
0	0	2	0	0	0	0	
--------------------

--------------------
Best Solution Found!
--------------------
Time: 0 hour(s), 0 minute(s), 0 second(s), 3 millisecond(s)

Fitness: 24081

0	0	1	0	0	0	0	
2	3	0	0	0	0	2	
0	0	2	0	1	0	1	
0	0	3	0	3	0	0	
0	0	0	0	0	0	0	
3	0	1	0	1	0	0	
0	0	0	0	0	0	0	
0	0	0	0	2	0	0	
0	0	0	0	0	0	0	
3	0	0	0	0	0	0	
0	0	0	0	0	0	0	
1	0	0	0	0	0	0	
0	3	0	3	0	2	0	
0	0	2	0	2	0	0	
0	2	0	2	0	0	0	
0	0	0	0	0	0	0	
2	0	0	0	0	0	0	
1	0	0	1	0	0	0	
2	0	2	0	1	3	3	
0	0	0	0	0	0	0	
0	0	1	1	0	0	0	
0	0	0	0	0	3	0	
0	0	0	0	0	0	0	
1	0	0	0	0	0	1	
0	0	0	0	0	0	0	
--------------------

--------------------
Best Solution Found!
--------------------
Time: 0 hour(s), 0 minute(s), 0 second(s), 5 millisecond(s)

Fitness: 24071

0	0	0	0	0	0	0	
0	0	0	0	2	0	2	
0	0	1	1	0	0	1	
0	0	2	0	0	0	0	
1	0	0	0	0	0	0	
0	0	0	0	0	0	0	
0	0	0	0	3	0	0	
1	0	0	0	0	0	0	
0	0	1	0	1	0	0	
0	0	2	0	0	0	0	
2	0	0	0	0	0	0	
2	0	0	0	2	0	0	
0	0	0	0	0	2	0	
0	0	0	0	0	0	0	
3	3	3	3	0	0	0	
0	2	0	0	1	0	0	
2	0	0	0	0	0	0	
0	0	0	0	1	0	0	
1	0	1	1	0	3	3	
0	0	2	0	0	0	0	
3	0	0	0	0	0	0	
0	3	0	0	0	3	0	
0	0	0	0	0	0	0	
0	0	0	0	0	0	1	
0	0	0	2	0	0	0	
--------------------

--------------------
Best Solution Found!
--------------------
Time: 0 hour(s), 0 minute(s), 0 second(s), 5 millisecond(s)

Fitness: 24071

0	0	0	0	0	0	0	
0	0	0	0	2	0	2	
0	0	1	1	0	0	1	
0	0	2	0	0	0	0	
1	0	0	0	0	0	0	
0	0	0	0	0	0	0	
0	0	0	0	3	0	0	
1	0	0	0	0	0	0	
0	0	1	0	1	0	0	
0	0	2	0	0	0	0	
2	0	0	0	0	0	0	
2	0	0	0	2	0	0	
0	0	0	0	0	2	0	
0	0	0	0	0	0	0	
3	3	3	3	0	0	0	
0	2	0	0	1	0	0	
2	0	0	0	0	0	0	
0	0	0	0	1	0	0	
1	0	1	1	0	3	3	
0	0	2	0	0	0	0	
3	0	0	0	0	0	0	
0	3	0	0	0	3	0	
0	0	0	0	0	0	0	
0	0	0	0	0	0	1	
0	0	0	2	0	0	0	
--------------------

--------------------
Best Solution Found!
--------------------
Time: 0 hour(s), 0 minute(s), 0 second(s), 7 millisecond(s)

Fitness: 24071

0	0	0	0	0	0	0	
0	0	0	0	2	0	2	
2	0	1	1	0	0	1	
0	0	2	0	0	0	0	
1	3	0	0	0	0	0	
0	0	0	0	0	0	0	
3	0	0	0	3	0	0	
0	0	0	0	0	0	0	
1	0	1	0	1	0	0	
0	0	2	0	0	0	0	
0	0	0	0	0	0	0	
0	3	0	0	2	0	0	
0	0	0	0	0	2	0	
0	0	0	0	0	0	0	
0	0	3	3	0	0	0	
0	0	0	0	1	0	0	
3	0	0	0	0	0	0	
2	2	0	0	1	0	0	
1	0	1	1	0	3	3	
2	0	2	0	0	0	0	
0	0	0	0	0	0	0	
0	0	0	0	0	3	0	
0	0	0	0	0	0	0	
0	0	0	0	0	0	1	
0	0	0	2	0	0	0	
--------------------

--------------------
Best Solution Found!
--------------------
Time: 0 hour(s), 0 minute(s), 0 second(s), 7 millisecond(s)

Fitness: 24071

0	0	0	0	0	0	0	
0	0	0	0	2	0	2	
2	0	1	1	0	0	1	
0	0	2	0	0	0	0	
1	3	0	0	0	0	0	
0	0	0	0	0	0	0	
3	0	0	0	3	0	0	
0	0	0	0	0	0	0	
1	0	1	0	1	0	0	
0	0	2	0	0	0	0	
0	0	0	0	0	0	0	
0	3	0	0	2	0	0	
0	0	0	0	0	2	0	
0	0	0	0	0	0	0	
0	0	3	3	0	0	0	
0	0	0	0	1	0	0	
3	0	0	0	0	0	0	
2	2	0	0	1	0	0	
1	0	1	1	0	3	3	
2	0	2	0	0	0	0	
0	0	0	0	0	0	0	
0	0	0	0	0	3	0	
0	0	0	0	0	0	0	
0	0	0	0	0	0	1	
0	0	0	2	0	0	0	
--------------------

--------------------
Best Solution Found!
--------------------
Time: 0 hour(s), 0 minute(s), 0 second(s), 15 millisecond(s)

Fitness: 24071

0	3	0	0	0	0	0	
1	2	2	1	2	0	0	
0	0	1	0	1	0	0	
0	0	1	0	0	0	0	
0	3	0	3	0	0	0	
0	0	0	0	0	0	0	
0	0	0	0	1	2	0	
0	0	0	0	0	0	0	
0	0	3	0	0	0	1	
2	0	0	0	1	0	0	
0	0	0	1	0	0	0	
0	0	0	0	0	0	0	
0	0	0	2	0	0	0	
3	0	0	0	2	0	3	
2	0	0	0	0	0	0	
0	0	0	0	0	3	0	
2	0	1	0	0	0	1	
0	0	0	0	0	0	0	
0	0	0	0	0	0	0	
0	0	2	0	0	0	0	
1	0	0	0	0	0	0	
0	0	0	0	0	0	0	
1	0	0	0	0	3	0	
3	0	0	0	3	0	0	
0	0	2	0	0	0	2	
--------------------

--------------------
Best Solution Found!
--------------------
Time: 0 hour(s), 0 minute(s), 0 second(s), 35 millisecond(s)

Fitness: 23079

0	0	0	0	0	0	0	
0	0	1	1	0	0	0	
3	0	0	0	0	0	0	
0	0	0	0	0	2	0	
0	0	0	0	3	0	2	
0	0	0	0	0	0	0	
0	0	0	0	0	0	1	
1	0	0	0	0	0	0	
1	3	2	0	2	3	0	
2	0	0	2	0	0	0	
2	0	0	0	0	0	0	
1	0	2	0	1	0	0	
0	0	0	0	0	0	0	
0	0	1	0	0	0	0	
0	0	0	0	0	0	0	
0	0	0	0	0	0	1	
0	0	0	0	1	0	0	
0	0	0	0	2	0	0	
2	0	1	3	1	0	3	
0	0	0	0	0	0	0	
3	0	2	0	0	0	0	
0	2	3	0	0	3	0	
0	0	0	1	0	0	0	
0	3	0	0	0	0	0	
0	0	0	0	0	0	0	
--------------------

--------------------
Best Solution Found!
--------------------
Time: 0 hour(s), 0 minute(s), 0 second(s), 35 millisecond(s)

Fitness: 23079

0	0	0	0	0	0	0	
0	0	1	1	0	0	0	
3	0	0	0	0	0	0	
0	0	0	0	0	2	0	
0	0	0	0	3	0	2	
0	0	0	0	0	0	0	
0	0	0	0	0	0	1	
1	0	0	0	0	0	0	
1	3	2	0	2	3	0	
2	0	0	2	0	0	0	
2	0	0	0	0	0	0	
1	0	2	0	1	0	0	
0	0	0	0	0	0	0	
0	0	1	0	0	0	0	
0	0	0	0	0	0	0	
0	0	0	0	0	0	1	
0	0	0	0	1	0	0	
0	0	0	0	2	0	0	
2	0	1	3	1	0	3	
0	0	0	0	0	0	0	
3	0	2	0	0	0	0	
0	2	3	0	0	3	0	
0	0	0	1	0	0	0	
0	3	0	0	0	0	0	
0	0	0	0	0	0	0	
--------------------

--------------------
Best Solution Found!
--------------------
Time: 0 hour(s), 0 minute(s), 0 second(s), 435 millisecond(s)

Fitness: 23070

0	0	0	0	0	0	0	
0	0	0	3	1	0	0	
0	0	0	0	0	3	3	
0	0	0	1	2	0	0	
0	0	0	0	0	2	2	
0	0	0	0	0	0	0	
2	0	0	0	1	0	0	
0	0	0	0	0	0	0	
0	0	3	0	0	0	0	
2	0	1	1	1	0	1	
2	3	0	0	0	0	0	
0	0	0	0	0	0	0	
1	0	0	0	0	0	0	
0	0	0	0	0	0	0	
0	0	2	0	0	0	0	
3	0	0	2	0	0	1	
0	0	0	0	0	0	0	
0	0	0	0	0	0	0	
0	0	0	0	0	0	0	
0	0	0	0	0	0	0	
0	0	0	0	0	0	0	
0	0	2	0	0	0	0	
1	2	2	0	0	0	0	
3	0	1	0	3	0	0	
1	3	1	0	2	3	0	
--------------------

--------------------
Best Solution Found!
--------------------
Time: 0 hour(s), 0 minute(s), 0 second(s), 599 millisecond(s)

Fitness: 23070

2	3	2	1	0	3	0	
0	0	0	2	0	0	0	
0	0	0	0	0	0	0	
0	0	2	0	0	0	0	
0	0	0	0	0	0	3	
0	0	0	0	0	0	0	
1	0	0	0	0	0	0	
0	0	1	0	0	0	0	
0	0	0	0	0	0	0	
1	0	0	0	0	0	1	
3	0	0	0	0	0	0	
0	0	0	0	1	0	0	
0	0	0	0	0	0	0	
0	0	3	0	0	0	0	
0	0	0	0	2	0	0	
0	2	0	3	3	0	0	
1	0	0	0	1	0	0	
0	3	2	1	1	3	0	
2	0	1	0	0	0	1	
0	0	1	0	0	0	0	
0	0	0	0	2	2	2	
0	0	0	0	0	0	0	
0	0	0	0	0	0	0	
3	0	0	0	0	0	0	
2	0	0	0	0	0	0	
--------------------

--------------------
Best Solution Found!
--------------------
Time: 0 hour(s), 0 minute(s), 4 second(s), 741 millisecond(s)

Fitness: 23068

0	0	0	0	0	0	0	
1	0	0	0	0	0	0	
3	3	0	1	2	0	3	
0	0	0	0	0	0	0	
2	0	0	0	1	0	1	
0	0	0	2	0	0	0	
0	0	2	0	0	0	0	
2	3	0	0	0	2	0	
3	0	0	1	0	0	0	
0	0	1	0	0	0	0	
0	0	0	0	0	0	0	
0	0	0	0	1	0	2	
0	0	0	0	0	0	0	
0	2	2	0	0	0	0	
0	0	0	3	0	0	0	
2	0	0	0	0	0	0	
0	0	3	0	0	0	0	
0	0	2	0	0	3	0	
1	0	1	0	1	3	1	
0	0	1	0	0	0	0	
0	0	0	0	0	0	0	
0	0	0	0	2	0	0	
0	0	0	0	0	0	0	
1	0	0	0	0	0	0	
0	0	0	0	3	0	0	
--------------------

--------------------
Best Solution Found!
--------------------
Time: 0 hour(s), 0 minute(s), 8 second(s), 798 millisecond(s)

Fitness: 22083

0	0	3	0	0	0	0	
0	0	2	0	0	0	0	
0	0	0	0	0	0	0	
0	0	1	0	0	0	0	
0	0	0	0	0	0	0	
0	0	0	0	0	0	0	
0	0	0	0	0	3	0	
0	0	0	0	0	0	0	
2	0	1	3	1	0	1	
3	2	0	0	0	0	0	
0	0	0	0	0	3	0	
0	0	0	0	0	0	2	
0	0	0	0	0	0	0	
0	0	0	0	2	0	0	
2	0	2	1	2	2	0	
0	0	0	0	0	0	0	
0	0	0	0	0	0	0	
1	3	1	0	1	0	3	
1	0	0	1	0	0	0	
2	3	0	0	0	0	0	
0	0	0	0	3	0	0	
0	0	0	0	0	0	1	
3	0	0	0	1	0	0	
0	0	0	2	0	0	0	
1	0	2	0	0	0	0	
--------------------

--------------------
Best Solution Found!
--------------------
Time: 0 hour(s), 0 minute(s), 32 second(s), 486 millisecond(s)

Fitness: 22078

0	0	0	0	0	0	0	
3	0	0	1	0	0	0	
0	0	0	0	2	0	0	
2	2	2	0	0	2	0	
2	0	1	0	0	0	0	
1	0	0	0	0	0	0	
0	0	0	0	0	0	2	
0	0	0	0	0	0	0	
0	0	0	0	0	3	0	
0	0	2	0	0	0	0	
0	0	0	0	1	0	0	
0	0	0	0	0	3	0	
0	0	1	0	0	0	0	
0	0	0	0	0	0	0	
0	0	0	0	0	0	0	
0	0	0	1	0	0	0	
0	0	0	0	0	0	0	
0	0	0	0	0	0	0	
1	0	1	2	2	0	1	
0	0	0	0	1	0	0	
0	0	0	0	0	0	0	
2	3	0	0	0	0	0	
1	0	2	3	3	0	1	
3	3	3	0	1	0	3	
0	0	0	0	0	0	0	
--------------------

--------------------
Best Solution Found!
--------------------
Time: 0 hour(s), 2 minute(s), 12 second(s), 69 millisecond(s)

Fitness: 22077

0	0	1	0	0	0	3	
3	0	2	3	1	0	1	
0	3	0	0	0	0	0	
0	0	2	0	0	0	0	
1	0	0	0	0	0	0	
2	0	0	0	0	0	0	
0	0	0	0	0	0	0	
3	0	0	0	3	0	0	
0	0	0	0	0	0	0	
2	0	0	0	0	2	0	
0	3	0	0	0	0	0	
0	0	0	0	1	0	0	
0	0	0	0	0	0	0	
0	0	0	2	0	0	0	
1	0	0	0	0	0	0	
0	0	0	0	0	0	0	
1	2	3	0	1	3	0	
0	0	0	0	0	0	0	
0	0	2	0	0	0	2	
0	0	0	0	0	3	0	
0	0	1	0	2	0	0	
0	0	0	0	0	0	0	
0	0	0	1	0	0	0	
2	0	1	1	2	0	1	
0	0	0	0	0	0	0	
--------------------

--------------------
Best Solution Found!
--------------------
Time: 0 hour(s), 2 minute(s), 50 second(s), 987 millisecond(s)

Fitness: 22068

0	0	1	0	0	0	0	
2	3	1	0	0	3	2	
2	0	0	0	0	0	0	
0	0	0	0	0	0	0	
2	0	2	0	2	2	3	
0	0	0	0	0	0	1	
0	3	0	0	0	0	0	
0	0	0	0	1	0	0	
0	0	0	0	0	0	0	
3	2	3	0	3	0	1	
1	0	0	0	0	3	0	
0	0	0	0	0	0	0	
0	0	0	1	0	0	0	
0	0	1	0	0	0	0	
0	0	0	0	0	0	0	
0	0	0	3	1	0	0	
0	0	0	2	0	0	0	
0	0	0	1	0	0	0	
0	0	0	0	2	0	0	
3	0	0	0	0	0	0	
1	0	0	0	0	0	0	
0	0	2	0	0	0	0	
0	0	2	0	1	0	0	
1	0	0	0	0	0	0	
0	0	0	0	0	0	0	
--------------------


The best solution was found at the restart: 30, population: 0
Total Time Elapsed: 0 hour(s), 4 minute(s), 30 second(s), 386 millisecond(s)

