--------------------
Best Solution Found!
--------------------
Time: 0 hour(s), 0 minute(s), 0 second(s), 1 millisecond(s)

Fitness: 17186

3	0	0	1	0	0	0	
2	3	3	0	0	1	1	
3	3	1	0	0	0	1	
1	3	1	2	0	3	0	
0	0	0	0	0	0	1	
1	2	1	0	2	0	1	
0	1	1	1	0	0	2	
0	0	0	0	0	0	0	
0	1	0	1	0	0	0	
2	0	3	0	0	0	2	
2	2	3	0	0	0	2	
1	0	2	2	2	0	1	
1	2	0	0	0	0	3	
2	1	1	0	2	0	1	
2	2	2	0	1	1	0	
1	0	1	0	1	0	1	
2	3	3	0	0	0	1	
0	0	0	3	0	0	0	
1	3	1	0	3	0	3	
0	3	0	0	0	0	1	
1	1	3	0	0	2	3	
0	3	0	0	0	0	2	
3	3	0	0	1	0	3	
0	3	0	0	0	0	0	
1	1	3	2	3	0	3	
--------------------

--------------------
Best Solution Found!
--------------------
Time: 0 hour(s), 0 minute(s), 0 second(s), 37 millisecond(s)

Fitness: 16199

1	0	3	0	0	0	0	
1	3	3	2	0	0	1	
2	2	2	3	0	0	1	
0	1	1	1	0	1	3	
1	3	0	2	0	0	1	
1	2	0	0	1	0	3	
3	3	0	0	0	0	2	
2	1	3	1	0	0	3	
0	0	1	0	0	0	2	
2	3	0	0	0	0	0	
0	3	1	0	0	0	0	
2	1	0	0	1	0	0	
1	2	1	0	0	0	1	
3	0	3	0	1	1	2	
0	3	0	0	3	0	0	
0	0	1	0	0	0	2	
0	2	0	0	2	3	3	
1	3	2	0	2	0	1	
2	3	3	0	3	0	1	
1	0	0	1	0	0	1	
0	0	0	0	0	0	1	
0	3	3	0	0	0	0	
2	1	0	0	0	0	0	
3	0	1	2	0	2	1	
1	1	1	0	2	0	3	
--------------------

--------------------
Best Solution Found!
--------------------
Time: 0 hour(s), 0 minute(s), 0 second(s), 474 millisecond(s)

Fitness: 16197

0	1	1	2	1	0	2	
3	0	3	1	2	0	3	
1	1	0	1	2	1	0	
1	3	0	2	1	0	1	
0	2	3	0	3	3	1	
2	2	3	0	0	1	3	
2	0	0	2	0	0	1	
2	3	1	0	2	0	3	
2	3	2	0	0	0	1	
3	2	0	0	0	0	0	
1	0	0	0	0	0	2	
0	3	1	0	0	0	0	
1	3	0	3	0	0	0	
0	0	1	0	0	0	1	
0	2	0	0	0	0	1	
3	1	0	0	0	0	3	
1	3	1	0	0	0	0	
1	1	1	0	0	0	0	
0	3	0	0	0	2	2	
2	0	2	1	0	0	1	
1	3	3	0	1	0	3	
1	1	1	0	0	0	0	
0	0	0	0	0	0	1	
2	3	3	0	3	0	2	
0	0	3	0	0	0	1	
--------------------

--------------------
Best Solution Found!
--------------------
Time: 0 hour(s), 0 minute(s), 1 second(s), 358 millisecond(s)

Fitness: 16186

1	2	0	0	0	0	1	
3	3	1	2	0	0	3	
1	0	3	0	2	1	1	
0	0	3	0	0	0	2	
1	0	3	0	0	0	1	
2	1	1	0	2	0	3	
0	0	1	0	0	0	3	
3	1	0	0	0	0	1	
0	3	0	3	0	0	0	
2	3	0	0	0	1	1	
0	1	0	0	0	0	0	
0	0	3	0	0	0	1	
1	0	1	0	0	0	0	
1	3	0	0	3	0	0	
2	1	3	1	0	0	2	
0	3	1	2	1	0	2	
1	3	1	2	0	0	2	
1	1	2	0	0	2	1	
1	3	1	0	0	0	1	
2	2	2	0	0	0	1	
0	3	0	0	2	0	0	
3	3	0	0	3	3	3	
2	2	0	1	0	0	0	
2	2	3	1	1	0	0	
0	0	0	0	1	0	3	
--------------------

--------------------
Best Solution Found!
--------------------
Time: 0 hour(s), 0 minute(s), 1 second(s), 815 millisecond(s)

Fitness: 16184

1	3	3	3	0	0	3	
0	0	0	2	0	0	0	
0	1	0	0	2	0	0	
2	3	0	0	1	0	0	
0	0	1	0	2	0	0	
1	1	1	1	0	0	2	
3	2	2	0	2	0	3	
2	1	1	0	0	0	1	
1	3	2	0	0	1	1	
1	0	0	0	3	0	3	
1	2	0	1	0	1	1	
0	1	3	2	1	0	1	
0	1	0	0	0	0	1	
0	0	0	0	0	0	3	
1	3	1	2	0	3	0	
0	3	3	0	0	0	2	
3	3	3	0	0	0	1	
2	3	0	0	0	0	1	
2	3	3	1	0	0	0	
2	2	1	0	1	0	1	
1	0	1	0	0	0	2	
3	3	3	0	0	0	3	
1	0	0	0	0	0	0	
2	2	0	0	3	2	1	
0	0	1	0	0	0	2	
--------------------

--------------------
Best Solution Found!
--------------------
Time: 0 hour(s), 0 minute(s), 1 second(s), 816 millisecond(s)

Fitness: 16184

1	3	3	3	0	0	3	
0	0	0	2	0	0	0	
0	1	0	0	2	0	0	
2	3	0	0	1	0	0	
0	0	1	0	2	0	0	
1	1	1	1	0	0	2	
3	2	2	0	2	0	3	
2	1	1	0	0	0	1	
1	3	2	0	0	1	1	
1	0	0	0	3	0	3	
1	2	0	1	0	1	1	
0	1	3	2	1	0	1	
0	1	0	0	0	0	1	
0	0	0	0	0	0	3	
1	3	1	2	0	3	0	
0	3	3	0	0	0	2	
3	3	3	0	0	0	1	
2	3	0	0	0	0	1	
2	3	3	1	0	0	0	
2	2	1	0	1	0	1	
1	0	1	0	0	0	2	
3	3	3	0	0	0	3	
1	0	0	0	0	0	0	
2	2	0	0	3	2	1	
0	0	1	0	0	0	2	
--------------------

--------------------
Best Solution Found!
--------------------
Time: 0 hour(s), 0 minute(s), 5 second(s), 396 millisecond(s)

Fitness: 16183

1	2	1	0	0	2	2	
0	0	0	0	1	0	0	
0	0	0	0	0	0	0	
3	3	1	0	0	3	3	
0	3	3	3	2	0	3	
1	3	1	0	0	1	1	
3	1	1	1	0	0	1	
3	3	0	2	0	0	1	
0	1	3	0	0	0	0	
1	3	2	1	0	0	2	
1	3	0	0	3	0	1	
2	1	0	0	0	0	0	
1	1	1	0	0	1	1	
2	0	0	0	0	0	0	
0	0	0	0	0	0	3	
0	0	3	0	1	0	1	
2	0	1	2	3	0	2	
2	3	3	2	0	0	0	
1	2	0	0	0	0	3	
2	2	3	1	0	0	0	
2	0	3	0	0	0	3	
1	3	1	0	2	0	1	
0	2	0	0	1	0	2	
1	1	0	0	0	0	1	
0	3	2	0	2	0	1	
--------------------

--------------------
Best Solution Found!
--------------------
Time: 0 hour(s), 0 minute(s), 5 second(s), 396 millisecond(s)

Fitness: 16183

1	2	1	0	0	2	2	
0	0	0	0	1	0	0	
0	0	0	0	0	0	0	
3	3	1	0	0	3	3	
0	3	3	3	2	0	3	
1	3	1	0	0	1	1	
3	1	1	1	0	0	1	
3	3	0	2	0	0	1	
0	1	3	0	0	0	0	
1	3	2	1	0	0	2	
1	3	0	0	3	0	1	
2	1	0	0	0	0	0	
1	1	1	0	0	1	1	
2	0	0	0	0	0	0	
0	0	0	0	0	0	3	
0	0	3	0	1	0	1	
2	0	1	2	3	0	2	
2	3	3	2	0	0	0	
1	2	0	0	0	0	3	
2	2	3	1	0	0	0	
2	0	3	0	0	0	3	
1	3	1	0	2	0	1	
0	2	0	0	1	0	2	
1	1	0	0	0	0	1	
0	3	2	0	2	0	1	
--------------------

--------------------
Best Solution Found!
--------------------
Time: 0 hour(s), 0 minute(s), 6 second(s), 392 millisecond(s)

Fitness: 15196

0	2	3	0	0	0	1	
3	1	1	0	0	0	3	
1	1	0	0	0	0	1	
0	3	0	0	0	0	3	
3	1	0	0	0	0	3	
2	3	1	0	1	0	2	
1	3	0	1	2	0	1	
2	0	3	2	0	1	2	
2	3	2	1	0	0	1	
2	3	0	0	0	0	0	
0	2	0	3	1	0	0	
0	0	0	0	0	0	3	
0	0	3	0	0	0	1	
1	0	1	0	0	0	3	
0	0	3	0	0	0	0	
1	3	0	0	0	3	0	
2	1	3	0	2	0	2	
1	3	3	0	0	0	0	
1	3	1	0	3	0	1	
2	0	1	0	1	1	1	
1	3	1	2	0	0	1	
1	0	1	2	0	2	2	
3	2	2	0	2	0	1	
0	1	0	0	3	0	0	
0	2	0	1	0	0	0	
--------------------

--------------------
Best Solution Found!
--------------------
Time: 0 hour(s), 0 minute(s), 6 second(s), 392 millisecond(s)

Fitness: 15196

0	2	3	0	0	0	1	
3	1	1	0	0	0	3	
1	1	0	0	0	0	1	
0	3	0	0	0	0	3	
3	1	0	0	0	0	3	
2	3	1	0	1	0	2	
1	3	0	1	2	0	1	
2	0	3	2	0	1	2	
2	3	2	1	0	0	1	
2	3	0	0	0	0	0	
0	2	0	3	1	0	0	
0	0	0	0	0	0	3	
0	0	3	0	0	0	1	
1	0	1	0	0	0	3	
0	0	3	0	0	0	0	
1	3	0	0	0	3	0	
2	1	3	0	2	0	2	
1	3	3	0	0	0	0	
1	3	1	0	3	0	1	
2	0	1	0	1	1	1	
1	3	1	2	0	0	1	
1	0	1	2	0	2	2	
3	2	2	0	2	0	1	
0	1	0	0	3	0	0	
0	2	0	1	0	0	0	
--------------------

--------------------
Best Solution Found!
--------------------
Time: 0 hour(s), 0 minute(s), 11 second(s), 19 millisecond(s)

Fitness: 15191

2	3	1	0	2	0	1	
2	3	0	1	0	0	2	
3	1	0	0	0	0	1	
2	3	1	0	0	3	2	
1	1	0	1	1	0	3	
1	2	0	0	3	1	2	
0	1	0	0	2	0	2	
1	1	1	3	0	0	3	
3	1	2	0	0	2	1	
1	0	0	0	0	0	0	
1	3	1	0	0	0	1	
0	3	3	2	2	0	1	
1	2	3	0	3	0	1	
1	0	0	2	0	0	1	
2	3	1	0	0	0	0	
0	0	1	0	0	1	1	
0	3	3	0	0	0	0	
0	2	2	0	0	0	3	
3	3	0	1	1	0	3	
0	0	0	0	0	0	1	
0	0	3	0	1	0	0	
2	0	3	0	0	0	0	
0	3	0	0	0	0	0	
1	0	1	0	0	0	0	
2	2	3	2	0	0	3	
--------------------

--------------------
Best Solution Found!
--------------------
Time: 0 hour(s), 0 minute(s), 11 second(s), 19 millisecond(s)

Fitness: 15191

2	3	1	0	2	0	1	
2	3	0	1	0	0	2	
3	1	0	0	0	0	1	
2	3	1	0	0	3	2	
1	1	0	1	1	0	3	
1	2	0	0	3	1	2	
0	1	0	0	2	0	2	
1	1	1	3	0	0	3	
3	1	2	0	0	2	1	
1	0	0	0	0	0	0	
1	3	1	0	0	0	1	
0	3	3	2	2	0	1	
1	2	3	0	3	0	1	
1	0	0	2	0	0	1	
2	3	1	0	0	0	0	
0	0	1	0	0	1	1	
0	3	3	0	0	0	0	
0	2	2	0	0	0	3	
3	3	0	1	1	0	3	
0	0	0	0	0	0	1	
0	0	3	0	1	0	0	
2	0	3	0	0	0	0	
0	3	0	0	0	0	0	
1	0	1	0	0	0	0	
2	2	3	2	0	0	3	
--------------------

--------------------
Best Solution Found!
--------------------
Time: 0 hour(s), 0 minute(s), 15 second(s), 641 millisecond(s)

Fitness: 15184

0	0	0	0	0	1	0	
0	1	0	0	0	0	3	
1	1	0	1	0	0	3	
2	3	3	0	2	0	0	
1	3	3	0	2	0	1	
2	2	1	0	0	3	1	
2	0	3	0	0	1	3	
3	0	0	0	0	0	0	
2	3	1	0	1	0	2	
0	0	2	3	0	0	1	
1	2	1	0	3	0	2	
2	3	3	2	0	0	2	
0	3	0	0	0	0	1	
0	3	0	0	1	0	0	
0	0	0	0	0	0	1	
0	2	0	2	0	0	3	
3	0	3	0	0	0	1	
2	3	2	0	0	0	0	
1	3	1	1	0	0	1	
1	3	1	0	1	0	1	
1	1	1	2	0	2	0	
0	1	0	0	0	0	3	
1	0	1	0	0	0	0	
3	1	3	0	3	0	1	
1	2	0	1	2	0	2	
--------------------

--------------------
Best Solution Found!
--------------------
Time: 0 hour(s), 1 minute(s), 9 second(s), 622 millisecond(s)

Fitness: 15178

1	0	3	0	0	0	2	
3	3	0	0	3	0	0	
0	1	1	1	3	0	1	
3	0	3	2	2	0	1	
1	1	1	0	2	0	2	
0	0	1	0	0	0	1	
0	3	3	0	0	0	3	
1	3	0	0	1	1	1	
2	2	2	0	0	2	1	
3	1	3	3	0	0	3	
2	3	1	2	0	0	2	
1	2	1	2	0	0	1	
1	0	2	0	2	0	3	
1	2	0	0	0	3	1	
2	3	0	0	0	0	3	
1	3	1	0	0	0	0	
2	3	3	0	1	0	2	
0	3	1	0	0	0	0	
1	0	0	0	1	0	3	
0	0	0	0	0	0	1	
0	1	3	0	0	0	0	
2	3	0	0	0	0	0	
0	0	0	0	0	0	0	
2	1	0	1	0	1	1	
0	2	0	1	0	0	0	
--------------------

--------------------
Best Solution Found!
--------------------
Time: 0 hour(s), 1 minute(s), 25 second(s), 641 millisecond(s)

Fitness: 14195

0	1	0	0	0	0	1	
0	3	3	0	0	0	2	
0	3	0	0	0	0	0	
1	2	0	0	2	2	1	
2	3	0	0	0	0	3	
2	2	1	0	1	0	1	
0	0	0	0	3	0	2	
3	1	1	0	3	0	2	
1	1	1	1	0	0	1	
1	0	3	2	1	0	1	
1	2	3	0	0	3	2	
2	3	2	1	0	0	3	
1	0	1	0	0	1	0	
1	3	3	1	0	1	3	
0	2	0	0	1	0	0	
2	1	0	0	0	0	0	
3	0	0	3	0	0	0	
1	3	1	0	2	0	3	
2	3	1	0	2	0	1	
0	0	3	0	0	0	0	
0	0	0	0	0	0	1	
1	3	3	0	0	0	0	
2	1	1	2	0	0	1	
0	0	0	0	0	0	3	
3	3	2	2	0	0	1	
--------------------

--------------------
Best Solution Found!
--------------------
Time: 0 hour(s), 1 minute(s), 25 second(s), 642 millisecond(s)

Fitness: 14195

0	1	0	0	0	0	1	
0	3	3	0	0	0	2	
0	3	0	0	0	0	0	
1	2	0	0	2	2	1	
2	3	0	0	0	0	3	
2	2	1	0	1	0	1	
0	0	0	0	3	0	2	
3	1	1	0	3	0	2	
1	1	1	1	0	0	1	
1	0	3	2	1	0	1	
1	2	3	0	0	3	2	
2	3	2	1	0	0	3	
1	0	1	0	0	1	0	
1	3	3	1	0	1	3	
0	2	0	0	1	0	0	
2	1	0	0	0	0	0	
3	0	0	3	0	0	0	
1	3	1	0	2	0	3	
2	3	1	0	2	0	1	
0	0	3	0	0	0	0	
0	0	0	0	0	0	1	
1	3	3	0	0	0	0	
2	1	1	2	0	0	1	
0	0	0	0	0	0	3	
3	3	2	2	0	0	1	
--------------------

--------------------
Best Solution Found!
--------------------
Time: 0 hour(s), 1 minute(s), 31 second(s), 423 millisecond(s)

Fitness: 14189

2	3	3	0	2	0	1	
0	2	0	0	1	0	0	
2	3	1	0	0	3	1	
2	3	2	1	0	0	1	
0	2	3	3	1	0	1	
0	0	0	0	0	0	3	
3	0	3	0	0	0	0	
2	3	1	0	3	0	1	
0	1	0	0	0	0	0	
2	0	1	2	0	0	0	
0	0	0	0	0	0	2	
1	1	3	2	0	0	0	
0	0	0	0	0	1	3	
1	3	3	0	3	0	3	
1	3	1	0	2	0	2	
3	0	0	0	0	0	2	
1	3	1	0	0	0	0	
1	3	0	1	0	2	1	
1	2	2	2	0	0	1	
0	2	0	1	0	0	1	
1	1	1	0	2	0	1	
0	0	0	0	1	0	3	
3	3	3	0	0	1	3	
1	1	1	0	0	0	2	
2	1	0	0	0	0	0	
--------------------

--------------------
Best Solution Found!
--------------------
Time: 0 hour(s), 2 minute(s), 59 second(s), 553 millisecond(s)

Fitness: 14188

1	3	0	0	3	3	2	
3	1	1	2	0	0	3	
1	3	3	0	0	0	0	
1	2	2	0	1	0	1	
0	0	3	0	0	0	1	
2	2	1	1	0	0	2	
0	3	1	1	1	0	1	
3	3	0	3	2	0	1	
1	3	2	0	1	0	0	
1	3	0	2	3	1	0	
0	3	0	0	0	0	1	
2	0	0	0	0	0	0	
2	1	1	2	0	0	3	
0	3	0	0	0	0	1	
2	0	3	0	2	2	3	
2	0	1	0	0	0	2	
0	2	3	0	0	0	1	
2	0	1	0	0	0	3	
1	0	0	0	0	0	0	
1	2	3	1	0	0	2	
0	0	0	0	2	0	0	
0	1	1	0	0	0	0	
3	1	3	0	0	1	1	
0	1	0	0	0	0	3	
1	3	0	0	0	0	1	
--------------------

--------------------
Best Solution Found!
--------------------
Time: 0 hour(s), 3 minute(s), 7 second(s), 267 millisecond(s)

Fitness: 14181

2	1	3	0	0	3	3	
0	3	1	0	0	0	1	
3	1	2	0	0	2	1	
1	0	0	1	0	0	0	
1	0	3	0	2	1	1	
0	0	1	0	1	0	0	
0	3	0	0	0	0	0	
2	1	1	2	0	0	2	
2	2	0	1	1	0	3	
1	1	0	0	1	0	2	
1	1	1	0	3	0	1	
1	0	0	0	0	0	0	
3	3	2	0	2	0	1	
0	3	3	1	0	0	0	
2	2	3	0	0	1	1	
3	0	3	0	0	0	1	
0	3	1	2	3	0	2	
1	0	0	3	0	0	0	
0	0	0	0	0	0	3	
0	3	0	0	0	0	0	
1	3	3	0	2	0	1	
0	3	1	0	0	0	3	
2	2	0	0	0	0	3	
2	2	0	0	0	0	1	
1	3	1	2	0	0	2	
--------------------


The best solution was found at the restart: 22, population: 0
Total Time Elapsed: 0 hour(s), 5 minute(s), 31 second(s), 826 millisecond(s)

