--------------------
Best Solution Found!
--------------------
Time: 0 hour(s), 0 minute(s), 0 second(s), 3 millisecond(s)

Fitness: 205742

1	3	0	1	2	3	2	0	1	1	1	2	0	2	0	1	0	0	0	1	0	0	0	0	0	0	3	1	
1	3	0	0	2	3	0	0	2	0	0	3	0	1	0	2	0	0	0	1	0	0	0	0	0	0	3	2	
1	3	0	1	2	3	2	0	1	1	0	0	0	1	0	0	0	0	0	1	0	0	0	0	0	0	3	2	
1	0	0	0	0	1	2	0	0	1	0	3	0	0	0	0	0	0	0	1	0	0	0	0	0	0	1	1	
1	0	2	1	0	0	2	0	1	1	0	2	0	0	0	0	0	0	0	1	0	0	0	0	0	0	3	0	
1	0	0	0	0	3	2	0	0	0	0	3	0	0	0	2	0	0	0	0	0	0	0	0	0	0	3	2	
2	3	2	0	1	3	1	0	0	2	1	3	0	2	0	1	0	0	0	1	0	0	0	0	0	0	0	2	
1	3	0	1	2	3	0	0	1	0	1	0	0	0	0	0	0	0	0	0	0	0	0	0	0	0	0	0	
2	3	0	2	2	0	2	0	1	1	0	3	0	0	0	1	0	0	0	3	0	0	0	0	0	0	3	1	
1	0	2	1	0	3	0	0	1	1	0	3	0	2	0	2	0	0	0	1	0	0	0	0	0	0	3	2	
1	3	0	1	2	0	0	0	0	0	1	0	0	2	0	0	0	0	0	1	0	0	0	0	0	0	0	2	
0	0	0	1	0	1	2	0	0	0	3	3	0	2	0	2	0	0	0	1	0	0	0	0	0	0	0	2	
2	3	0	1	2	3	1	0	1	1	0	0	0	0	0	0	0	0	0	1	0	0	0	0	0	0	0	0	
0	0	1	0	0	3	2	0	1	2	1	3	0	2	0	0	0	0	0	0	0	0	0	0	0	0	3	2	
1	0	0	2	1	3	1	0	1	2	1	3	0	0	0	0	0	0	0	1	0	0	0	0	0	0	0	2	
2	0	0	1	0	3	2	0	1	1	0	2	0	2	0	2	0	0	0	2	0	0	0	0	0	0	3	0	
0	0	0	1	0	0	2	0	1	1	0	2	0	0	0	2	0	0	0	1	0	0	0	0	0	0	3	0	
2	3	2	0	0	1	0	0	0	1	3	3	0	0	0	2	0	0	0	0	0	0	0	0	0	0	0	2	
1	0	0	2	1	0	2	0	0	1	0	3	0	0	0	0	0	0	0	2	0	0	0	0	0	0	0	0	
0	0	1	1	0	0	2	0	1	1	1	3	0	0	0	0	0	0	0	0	0	0	0	0	0	0	0	0	
1	1	0	1	0	0	0	0	3	1	0	3	0	2	0	2	0	0	0	2	0	0	0	0	0	0	0	2	
1	3	1	1	2	3	1	0	0	0	0	0	0	0	0	2	0	0	0	0	0	0	0	0	0	0	0	2	
0	1	0	1	0	0	2	0	0	1	1	3	0	2	0	2	0	0	0	1	0	0	0	0	0	0	3	1	
1	3	2	1	2	3	2	0	3	0	0	0	0	0	0	2	0	0	0	0	0	0	0	0	0	0	0	2	
1	3	0	1	2	3	0	0	3	2	1	3	0	2	0	2	0	0	0	0	0	0	0	0	0	0	1	2	
1	0	0	2	2	0	2	0	1	1	1	3	0	2	0	0	0	0	0	0	0	0	0	0	0	0	3	0	
1	3	0	1	2	0	0	0	0	0	1	0	0	2	0	0	0	0	0	1	0	0	0	0	0	0	1	0	
0	0	0	2	0	3	2	0	1	1	1	3	0	2	0	0	0	0	0	0	0	0	0	0	0	0	0	2	
0	0	0	0	2	1	2	0	0	1	3	0	0	2	0	2	0	0	0	1	0	0	0	0	0	0	0	0	
1	1	0	1	2	0	2	0	1	1	0	0	0	1	0	2	0	0	0	0	0	0	0	0	0	0	3	0	
--------------------

--------------------
Best Solution Found!
--------------------
Time: 0 hour(s), 0 minute(s), 0 second(s), 33 millisecond(s)

Fitness: 201751

2	3	0	2	0	3	2	0	1	1	0	3	0	0	0	0	0	0	0	3	0	0	0	0	0	0	0	2	
1	3	0	1	2	0	2	0	3	0	0	3	0	2	0	0	0	0	0	0	0	0	0	0	0	0	0	2	
1	3	0	1	2	3	0	0	0	1	1	3	0	0	0	0	0	0	0	1	0	0	0	0	0	0	0	2	
1	0	0	1	0	0	0	0	1	1	0	3	0	2	0	2	0	0	0	1	0	0	0	0	0	0	1	0	
1	3	2	1	0	0	0	0	1	1	0	0	0	2	0	0	0	0	0	1	0	0	0	0	0	0	0	2	
0	0	0	2	2	0	2	0	1	0	0	3	0	1	0	2	0	0	0	1	0	0	0	0	0	0	3	0	
2	0	0	0	2	3	0	0	0	2	1	2	0	0	0	0	0	0	0	0	0	0	0	0	0	0	3	1	
1	1	0	0	0	3	2	0	0	0	1	0	0	0	0	0	0	0	0	1	0	0	0	0	0	0	3	0	
1	3	0	1	2	1	2	0	1	1	1	0	0	2	0	1	0	0	0	0	0	0	0	0	0	0	0	2	
1	0	0	0	0	3	2	0	1	1	1	0	0	2	0	2	0	0	0	1	0	0	0	0	0	0	0	2	
0	0	0	1	2	3	1	0	3	0	1	3	0	2	0	1	0	0	0	0	0	0	0	0	0	0	0	2	
1	3	2	1	1	3	2	0	0	0	0	3	0	2	0	2	0	0	0	0	0	0	0	0	0	0	3	2	
1	0	1	1	0	3	1	0	1	1	1	2	0	2	0	2	0	0	0	0	0	0	0	0	0	0	0	0	
1	3	0	1	2	1	0	0	0	2	0	0	0	2	0	0	0	0	0	0	0	0	0	0	0	0	0	0	
1	3	0	1	0	3	2	0	3	2	0	2	0	0	0	2	0	0	0	2	0	0	0	0	0	0	3	2	
1	0	1	1	2	0	2	0	1	1	1	2	0	2	0	2	0	0	0	2	0	0	0	0	0	0	3	2	
0	3	0	0	2	1	2	0	1	1	1	3	0	2	0	2	0	0	0	1	0	0	0	0	0	0	0	2	
1	1	1	1	0	3	2	0	1	1	1	3	0	2	0	2	0	0	0	1	0	0	0	0	0	0	1	0	
0	0	0	2	2	3	2	0	0	1	1	0	0	0	0	0	0	0	0	2	0	0	0	0	0	0	3	2	
1	0	0	1	1	0	1	0	0	1	0	3	0	0	0	0	0	0	0	0	0	0	0	0	0	0	3	1	
2	3	0	0	0	3	2	0	1	1	0	0	0	2	0	2	0	0	0	0	0	0	0	0	0	0	0	0	
0	0	0	1	0	0	0	0	0	0	0	3	0	0	0	2	0	0	0	0	0	0	0	0	0	0	3	2	
1	0	0	1	2	0	2	0	1	1	0	3	0	0	0	2	0	0	0	1	0	0	0	0	0	0	0	0	
0	3	2	1	0	0	2	0	0	0	0	0	0	0	0	0	0	0	0	1	0	0	0	0	0	0	3	1	
1	0	2	2	0	0	0	0	0	2	3	0	0	1	0	0	0	0	0	1	0	0	0	0	0	0	0	0	
1	3	0	1	2	3	2	0	0	1	0	3	0	0	0	0	0	0	0	1	0	0	0	0	0	0	3	1	
1	0	0	2	1	0	2	0	1	0	3	3	0	0	0	2	0	0	0	1	0	0	0	0	0	0	3	0	
2	1	0	0	2	3	0	0	2	1	0	3	0	1	0	2	0	0	0	1	0	0	0	0	0	0	3	0	
0	3	2	1	0	1	2	0	1	1	1	3	0	2	0	1	0	0	0	1	0	0	0	0	0	0	1	2	
2	0	0	0	2	3	1	0	1	1	3	3	0	0	0	0	0	0	0	0	0	0	0	0	0	0	0	2	
--------------------

--------------------
Best Solution Found!
--------------------
Time: 0 hour(s), 0 minute(s), 0 second(s), 113 millisecond(s)

Fitness: 200734

2	3	0	1	0	3	0	0	3	2	1	0	0	2	0	2	0	0	0	1	0	0	0	0	0	0	0	2	
0	0	0	0	0	0	2	0	0	0	3	3	0	1	0	2	0	0	0	1	0	0	0	0	0	0	0	2	
1	0	0	1	1	3	2	0	3	0	0	0	0	0	0	0	0	0	0	1	0	0	0	0	0	0	3	0	
1	3	2	1	0	3	2	0	0	1	1	3	0	0	0	0	0	0	0	0	0	0	0	0	0	0	3	1	
1	3	0	1	2	0	2	0	1	1	0	3	0	0	0	0	0	0	0	1	0	0	0	0	0	0	3	0	
1	3	0	1	0	3	1	0	1	1	1	3	0	2	0	0	0	0	0	3	0	0	0	0	0	0	3	0	
1	3	2	1	0	1	2	0	1	0	0	0	0	2	0	2	0	0	0	1	0	0	0	0	0	0	0	2	
0	0	0	2	2	0	2	0	1	1	1	3	0	0	0	2	0	0	0	0	0	0	0	0	0	0	0	0	
1	0	0	1	0	3	0	0	0	1	1	3	0	0	0	2	0	0	0	2	0	0	0	0	0	0	0	0	
1	3	2	1	2	1	1	0	0	0	0	0	0	2	0	2	0	0	0	1	0	0	0	0	0	0	3	0	
0	0	2	2	1	3	2	0	1	1	0	3	0	0	0	0	0	0	0	1	0	0	0	0	0	0	3	2	
1	0	0	0	2	3	1	0	0	2	0	3	0	0	0	0	0	0	0	1	0	0	0	0	0	0	0	1	
2	1	0	0	2	3	0	0	0	0	1	0	0	2	0	0	0	0	0	1	0	0	0	0	0	0	0	0	
0	0	0	1	2	1	0	0	2	1	0	0	0	2	0	0	0	0	0	0	0	0	0	0	0	0	3	1	
2	0	0	0	2	3	2	0	0	1	3	3	0	2	0	2	0	0	0	0	0	0	0	0	0	0	3	2	
0	3	0	1	2	0	0	0	3	1	1	2	0	1	0	2	0	0	0	2	0	0	0	0	0	0	0	2	
1	3	0	0	0	0	0	0	1	1	0	3	0	0	0	0	0	0	0	1	0	0	0	0	0	0	3	2	
1	1	0	1	0	0	2	0	1	2	1	3	0	2	0	2	0	0	0	0	0	0	0	0	0	0	0	0	
2	0	0	2	2	0	2	0	0	0	0	0	0	2	0	2	0	0	0	1	0	0	0	0	0	0	0	2	
1	0	0	1	0	3	2	0	1	1	0	3	0	0	0	0	0	0	0	2	0	0	0	0	0	0	1	2	
0	0	0	0	0	1	2	0	1	1	1	2	0	2	0	0	0	0	0	0	0	0	0	0	0	0	3	0	
1	3	1	1	0	0	0	0	1	1	0	0	0	2	0	2	0	0	0	0	0	0	0	0	0	0	3	1	
1	3	1	1	0	3	2	0	1	1	1	3	0	0	0	0	0	0	0	0	0	0	0	0	0	0	0	2	
1	0	0	1	2	0	2	0	0	1	0	3	0	2	0	2	0	0	0	0	0	0	0	0	0	0	0	2	
1	3	2	1	2	0	2	0	1	0	1	3	0	2	0	2	0	0	0	0	0	0	0	0	0	0	1	0	
1	3	0	0	2	3	2	0	1	1	0	2	0	0	0	1	0	0	0	1	0	0	0	0	0	0	3	2	
2	0	1	2	0	3	1	0	0	1	1	3	0	0	0	2	0	0	0	1	0	0	0	0	0	0	0	2	
1	3	0	1	2	3	2	0	1	2	0	0	0	0	0	0	0	0	0	1	0	0	0	0	0	0	3	0	
0	0	0	1	1	0	2	0	1	1	0	2	0	1	0	1	0	0	0	1	0	0	0	0	0	0	1	2	
1	1	0	2	2	3	0	0	0	0	3	3	0	2	0	1	0	0	0	0	0	0	0	0	0	0	0	2	
--------------------

--------------------
Best Solution Found!
--------------------
Time: 0 hour(s), 0 minute(s), 0 second(s), 115 millisecond(s)

Fitness: 200734

2	3	0	1	0	3	0	0	3	2	1	0	0	2	0	2	0	0	0	1	0	0	0	0	0	0	0	2	
0	0	0	0	0	0	2	0	0	0	3	3	0	1	0	2	0	0	0	1	0	0	0	0	0	0	0	2	
1	0	0	1	1	3	2	0	3	0	0	0	0	0	0	0	0	0	0	1	0	0	0	0	0	0	3	0	
1	3	2	1	0	3	2	0	0	1	1	3	0	0	0	0	0	0	0	0	0	0	0	0	0	0	3	1	
1	3	0	1	2	0	2	0	1	1	0	3	0	0	0	0	0	0	0	1	0	0	0	0	0	0	3	0	
1	3	0	1	0	3	1	0	1	1	1	3	0	2	0	0	0	0	0	3	0	0	0	0	0	0	3	0	
1	3	2	1	0	1	2	0	1	0	0	0	0	2	0	2	0	0	0	1	0	0	0	0	0	0	0	2	
0	0	0	2	2	0	2	0	1	1	1	3	0	0	0	2	0	0	0	0	0	0	0	0	0	0	0	0	
1	0	0	1	0	3	0	0	0	1	1	3	0	0	0	2	0	0	0	2	0	0	0	0	0	0	0	0	
1	3	2	1	2	1	1	0	0	0	0	0	0	2	0	2	0	0	0	1	0	0	0	0	0	0	3	0	
0	0	2	2	1	3	2	0	1	1	0	3	0	0	0	0	0	0	0	1	0	0	0	0	0	0	3	2	
1	0	0	0	2	3	1	0	0	2	0	3	0	0	0	0	0	0	0	1	0	0	0	0	0	0	0	1	
2	1	0	0	2	3	0	0	0	0	1	0	0	2	0	0	0	0	0	1	0	0	0	0	0	0	0	0	
0	0	0	1	2	1	0	0	2	1	0	0	0	2	0	0	0	0	0	0	0	0	0	0	0	0	3	1	
2	0	0	0	2	3	2	0	0	1	3	3	0	2	0	2	0	0	0	0	0	0	0	0	0	0	3	2	
0	3	0	1	2	0	0	0	3	1	1	2	0	1	0	2	0	0	0	2	0	0	0	0	0	0	0	2	
1	3	0	0	0	0	0	0	1	1	0	3	0	0	0	0	0	0	0	1	0	0	0	0	0	0	3	2	
1	1	0	1	0	0	2	0	1	2	1	3	0	2	0	2	0	0	0	0	0	0	0	0	0	0	0	0	
2	0	0	2	2	0	2	0	0	0	0	0	0	2	0	2	0	0	0	1	0	0	0	0	0	0	0	2	
1	0	0	1	0	3	2	0	1	1	0	3	0	0	0	0	0	0	0	2	0	0	0	0	0	0	1	2	
0	0	0	0	0	1	2	0	1	1	1	2	0	2	0	0	0	0	0	0	0	0	0	0	0	0	3	0	
1	3	1	1	0	0	0	0	1	1	0	0	0	2	0	2	0	0	0	0	0	0	0	0	0	0	3	1	
1	3	1	1	0	3	2	0	1	1	1	3	0	0	0	0	0	0	0	0	0	0	0	0	0	0	0	2	
1	0	0	1	2	0	2	0	0	1	0	3	0	2	0	2	0	0	0	0	0	0	0	0	0	0	0	2	
1	3	2	1	2	0	2	0	1	0	1	3	0	2	0	2	0	0	0	0	0	0	0	0	0	0	1	0	
1	3	0	0	2	3	2	0	1	1	0	2	0	0	0	1	0	0	0	1	0	0	0	0	0	0	3	2	
2	0	1	2	0	3	1	0	0	1	1	3	0	0	0	2	0	0	0	1	0	0	0	0	0	0	0	2	
1	3	0	1	2	3	2	0	1	2	0	0	0	0	0	0	0	0	0	1	0	0	0	0	0	0	3	0	
0	0	0	1	1	0	2	0	1	1	0	2	0	1	0	1	0	0	0	1	0	0	0	0	0	0	1	2	
1	1	0	2	2	3	0	0	0	0	3	3	0	2	0	1	0	0	0	0	0	0	0	0	0	0	0	2	
--------------------

--------------------
Best Solution Found!
--------------------
Time: 0 hour(s), 0 minute(s), 0 second(s), 249 millisecond(s)

Fitness: 197763

2	3	2	1	0	1	1	0	0	1	0	2	0	0	0	0	0	0	0	0	0	0	0	0	0	0	3	2	
0	0	0	1	1	3	2	0	3	1	0	3	0	0	0	0	0	0	0	0	0	0	0	0	0	0	3	0	
1	3	0	1	2	3	1	0	0	0	0	3	0	2	0	0	0	0	0	1	0	0	0	0	0	0	0	2	
0	0	0	1	2	1	0	0	1	2	0	2	0	2	0	2	0	0	0	1	0	0	0	0	0	0	0	0	
2	1	2	1	0	0	2	0	1	2	1	2	0	1	0	2	0	0	0	1	0	0	0	0	0	0	1	0	
0	0	0	0	1	3	2	0	1	0	1	3	0	0	0	2	0	0	0	1	0	0	0	0	0	0	0	0	
1	3	0	1	0	3	2	0	1	1	1	0	0	2	0	0	0	0	0	3	0	0	0	0	0	0	3	2	
1	3	0	1	0	0	0	0	0	1	1	0	0	2	0	2	0	0	0	1	0	0	0	0	0	0	3	1	
1	0	0	2	2	3	2	0	1	1	0	0	0	0	0	0	0	0	0	1	0	0	0	0	0	0	0	0	
1	1	0	1	2	0	2	0	1	1	1	3	0	2	0	2	0	0	0	1	0	0	0	0	0	0	3	2	
1	0	0	2	2	0	0	0	0	1	0	3	0	2	0	2	0	0	0	1	0	0	0	0	0	0	0	0	
2	3	0	2	2	3	1	0	1	1	0	0	0	0	0	0	0	0	0	0	0	0	0	0	0	0	3	2	
1	3	0	0	0	3	2	0	0	1	1	3	0	0	0	0	0	0	0	1	0	0	0	0	0	0	3	2	
1	0	0	1	0	0	2	0	0	0	0	3	0	1	0	0	0	0	0	0	0	0	0	0	0	0	0	0	
1	3	1	1	2	1	0	0	0	1	0	2	0	1	0	0	0	0	0	1	0	0	0	0	0	0	0	1	
1	3	2	1	0	3	2	0	1	0	0	3	0	0	0	1	0	0	0	2	0	0	0	0	0	0	0	2	
0	0	0	0	0	3	2	0	0	1	1	3	0	2	0	0	0	0	0	1	0	0	0	0	0	0	3	2	
1	3	1	1	2	3	0	0	1	1	0	3	0	2	0	0	0	0	0	1	0	0	0	0	0	0	3	2	
1	0	0	1	0	1	2	0	0	1	0	3	0	2	0	0	0	0	0	1	0	0	0	0	0	0	0	2	
0	3	2	1	2	3	2	0	2	1	1	0	0	0	0	2	0	0	0	0	0	0	0	0	0	0	3	1	
0	0	1	1	2	0	2	0	0	1	1	0	0	2	0	1	0	0	0	0	0	0	0	0	0	0	0	2	
2	0	0	0	0	3	2	0	3	0	0	3	0	0	0	2	0	0	0	0	0	0	0	0	0	0	3	0	
1	0	0	0	2	0	0	0	1	0	1	3	0	0	0	0	0	0	0	1	0	0	0	0	0	0	3	1	
1	3	0	2	1	0	2	0	0	1	1	3	0	2	0	2	0	0	0	0	0	0	0	0	0	0	0	0	
1	1	0	2	0	0	0	0	1	1	0	0	0	0	0	1	0	0	0	2	0	0	0	0	0	0	3	2	
1	0	0	0	0	3	2	0	1	1	0	0	0	2	0	2	0	0	0	2	0	0	0	0	0	0	0	0	
2	3	0	1	2	3	2	0	1	0	1	0	0	0	0	2	0	0	0	0	0	0	0	0	0	0	1	2	
0	0	2	0	0	0	2	0	1	2	3	3	0	0	0	2	0	0	0	0	0	0	0	0	0	0	0	2	
1	3	0	1	2	0	0	0	3	0	3	3	0	2	0	2	0	0	0	1	0	0	0	0	0	0	1	2	
1	0	0	1	2	3	1	0	1	2	3	3	0	2	0	2	0	0	0	0	0	0	0	0	0	0	0	0	
--------------------

--------------------
Best Solution Found!
--------------------
Time: 0 hour(s), 0 minute(s), 0 second(s), 252 millisecond(s)

Fitness: 197763

2	3	2	1	0	1	1	0	0	1	0	2	0	0	0	0	0	0	0	0	0	0	0	0	0	0	3	2	
0	0	0	1	1	3	2	0	3	1	0	3	0	0	0	0	0	0	0	0	0	0	0	0	0	0	3	0	
1	3	0	1	2	3	1	0	0	0	0	3	0	2	0	0	0	0	0	1	0	0	0	0	0	0	0	2	
0	0	0	1	2	1	0	0	1	2	0	2	0	2	0	2	0	0	0	1	0	0	0	0	0	0	0	0	
2	1	2	1	0	0	2	0	1	2	1	2	0	1	0	2	0	0	0	1	0	0	0	0	0	0	1	0	
0	0	0	0	1	3	2	0	1	0	1	3	0	0	0	2	0	0	0	1	0	0	0	0	0	0	0	0	
1	3	0	1	0	3	2	0	1	1	1	0	0	2	0	0	0	0	0	3	0	0	0	0	0	0	3	2	
1	3	0	1	0	0	0	0	0	1	1	0	0	2	0	2	0	0	0	1	0	0	0	0	0	0	3	1	
1	0	0	2	2	3	2	0	1	1	0	0	0	0	0	0	0	0	0	1	0	0	0	0	0	0	0	0	
1	1	0	1	2	0	2	0	1	1	1	3	0	2	0	2	0	0	0	1	0	0	0	0	0	0	3	2	
1	0	0	2	2	0	0	0	0	1	0	3	0	2	0	2	0	0	0	1	0	0	0	0	0	0	0	0	
2	3	0	2	2	3	1	0	1	1	0	0	0	0	0	0	0	0	0	0	0	0	0	0	0	0	3	2	
1	3	0	0	0	3	2	0	0	1	1	3	0	0	0	0	0	0	0	1	0	0	0	0	0	0	3	2	
1	0	0	1	0	0	2	0	0	0	0	3	0	1	0	0	0	0	0	0	0	0	0	0	0	0	0	0	
1	3	1	1	2	1	0	0	0	1	0	2	0	1	0	0	0	0	0	1	0	0	0	0	0	0	0	1	
1	3	2	1	0	3	2	0	1	0	0	3	0	0	0	1	0	0	0	2	0	0	0	0	0	0	0	2	
0	0	0	0	0	3	2	0	0	1	1	3	0	2	0	0	0	0	0	1	0	0	0	0	0	0	3	2	
1	3	1	1	2	3	0	0	1	1	0	3	0	2	0	0	0	0	0	1	0	0	0	0	0	0	3	2	
1	0	0	1	0	1	2	0	0	1	0	3	0	2	0	0	0	0	0	1	0	0	0	0	0	0	0	2	
0	3	2	1	2	3	2	0	2	1	1	0	0	0	0	2	0	0	0	0	0	0	0	0	0	0	3	1	
0	0	1	1	2	0	2	0	0	1	1	0	0	2	0	1	0	0	0	0	0	0	0	0	0	0	0	2	
2	0	0	0	0	3	2	0	3	0	0	3	0	0	0	2	0	0	0	0	0	0	0	0	0	0	3	0	
1	0	0	0	2	0	0	0	1	0	1	3	0	0	0	0	0	0	0	1	0	0	0	0	0	0	3	1	
1	3	0	2	1	0	2	0	0	1	1	3	0	2	0	2	0	0	0	0	0	0	0	0	0	0	0	0	
1	1	0	2	0	0	0	0	1	1	0	0	0	0	0	1	0	0	0	2	0	0	0	0	0	0	3	2	
1	0	0	0	0	3	2	0	1	1	0	0	0	2	0	2	0	0	0	2	0	0	0	0	0	0	0	0	
2	3	0	1	2	3	2	0	1	0	1	0	0	0	0	2	0	0	0	0	0	0	0	0	0	0	1	2	
0	0	2	0	0	0	2	0	1	2	3	3	0	0	0	2	0	0	0	0	0	0	0	0	0	0	0	2	
1	3	0	1	2	0	0	0	3	0	3	3	0	2	0	2	0	0	0	1	0	0	0	0	0	0	1	2	
1	0	0	1	2	3	1	0	1	2	3	3	0	2	0	2	0	0	0	0	0	0	0	0	0	0	0	0	
--------------------

--------------------
Best Solution Found!
--------------------
Time: 0 hour(s), 0 minute(s), 2 second(s), 705 millisecond(s)

Fitness: 196761

2	0	0	1	2	3	2	0	0	1	0	2	0	0	0	2	0	0	0	1	0	0	0	0	0	0	1	2	
1	0	1	0	2	3	0	0	1	2	1	3	0	0	0	2	0	0	0	1	0	0	0	0	0	0	0	0	
0	0	2	1	0	3	1	0	3	0	0	0	0	1	0	0	0	0	0	1	0	0	0	0	0	0	0	0	
1	0	0	1	2	0	0	0	1	1	0	3	0	1	0	2	0	0	0	1	0	0	0	0	0	0	1	1	
1	3	2	1	2	3	2	0	1	2	0	0	0	0	0	1	0	0	0	0	0	0	0	0	0	0	3	0	
1	0	0	1	2	0	2	0	3	1	0	0	0	0	0	1	0	0	0	1	0	0	0	0	0	0	3	2	
1	3	0	1	0	3	0	0	1	1	1	3	0	0	0	2	0	0	0	0	0	0	0	0	0	0	3	2	
0	0	1	1	0	3	2	0	1	1	3	0	0	0	0	2	0	0	0	0	0	0	0	0	0	0	3	2	
0	0	0	0	0	1	2	0	1	0	0	0	0	0	0	0	0	0	0	0	0	0	0	0	0	0	3	2	
2	3	0	1	2	3	0	0	0	1	1	3	0	2	0	0	0	0	0	1	0	0	0	0	0	0	3	1	
0	0	1	1	2	0	0	0	1	2	0	2	0	0	0	2	0	0	0	1	0	0	0	0	0	0	3	2	
1	0	0	2	2	0	2	0	1	0	0	3	0	2	0	2	0	0	0	1	0	0	0	0	0	0	3	2	
1	3	0	1	0	0	2	0	0	2	1	3	0	0	0	0	0	0	0	1	0	0	0	0	0	0	0	2	
1	3	0	1	1	3	2	0	0	0	1	3	0	0	0	0	0	0	0	2	0	0	0	0	0	0	3	2	
1	0	0	0	1	1	1	0	2	1	3	3	0	2	0	2	0	0	0	0	0	0	0	0	0	0	3	1	
1	3	0	1	0	3	2	0	0	1	1	0	0	2	0	2	0	0	0	0	0	0	0	0	0	0	0	0	
0	0	0	2	0	0	0	0	3	1	0	0	0	1	0	2	0	0	0	0	0	0	0	0	0	0	3	0	
2	3	0	1	2	0	2	0	1	1	1	3	0	2	0	0	0	0	0	2	0	0	0	0	0	0	3	0	
1	3	0	2	0	1	2	0	0	1	3	3	0	0	0	0	0	0	0	1	0	0	0	0	0	0	0	0	
1	3	0	1	0	3	2	0	1	1	0	3	0	2	0	2	0	0	0	2	0	0	0	0	0	0	0	2	
1	1	0	2	2	0	2	0	0	0	0	0	0	2	0	2	0	0	0	1	0	0	0	0	0	0	0	0	
2	3	2	1	0	3	2	0	0	1	1	3	0	2	0	0	0	0	0	1	0	0	0	0	0	0	0	2	
1	3	0	2	0	3	1	0	1	1	0	3	0	0	0	0	0	0	0	3	0	0	0	0	0	0	0	2	
0	0	0	0	1	0	2	0	1	1	0	3	0	2	0	0	0	0	0	1	0	0	0	0	0	0	0	2	
1	0	2	0	2	0	2	0	0	1	1	0	0	0	0	0	0	0	0	0	0	0	0	0	0	0	0	0	
0	0	0	1	2	3	1	0	0	0	0	3	0	2	0	2	0	0	0	1	0	0	0	0	0	0	0	1	
1	3	0	0	0	3	2	0	1	0	0	3	0	2	0	2	0	0	0	0	0	0	0	0	0	0	1	2	
2	1	0	1	2	1	2	0	1	1	1	3	0	2	0	0	0	0	0	1	0	0	0	0	0	0	0	2	
1	3	0	1	2	3	0	0	0	0	1	2	0	2	0	0	0	0	0	0	0	0	0	0	0	0	0	0	
1	1	2	0	0	0	0	0	1	1	1	2	0	2	0	1	0	0	0	0	0	0	0	0	0	0	3	0	
--------------------

--------------------
Best Solution Found!
--------------------
Time: 0 hour(s), 0 minute(s), 2 second(s), 709 millisecond(s)

Fitness: 196761

2	0	0	1	2	3	2	0	0	1	0	2	0	0	0	2	0	0	0	1	0	0	0	0	0	0	1	2	
1	0	1	0	2	3	0	0	1	2	1	3	0	0	0	2	0	0	0	1	0	0	0	0	0	0	0	0	
0	0	2	1	0	3	1	0	3	0	0	0	0	1	0	0	0	0	0	1	0	0	0	0	0	0	0	0	
1	0	0	1	2	0	0	0	1	1	0	3	0	1	0	2	0	0	0	1	0	0	0	0	0	0	1	1	
1	3	2	1	2	3	2	0	1	2	0	0	0	0	0	1	0	0	0	0	0	0	0	0	0	0	3	0	
1	0	0	1	2	0	2	0	3	1	0	0	0	0	0	1	0	0	0	1	0	0	0	0	0	0	3	2	
1	3	0	1	0	3	0	0	1	1	1	3	0	0	0	2	0	0	0	0	0	0	0	0	0	0	3	2	
0	0	1	1	0	3	2	0	1	1	3	0	0	0	0	2	0	0	0	0	0	0	0	0	0	0	3	2	
0	0	0	0	0	1	2	0	1	0	0	0	0	0	0	0	0	0	0	0	0	0	0	0	0	0	3	2	
2	3	0	1	2	3	0	0	0	1	1	3	0	2	0	0	0	0	0	1	0	0	0	0	0	0	3	1	
0	0	1	1	2	0	0	0	1	2	0	2	0	0	0	2	0	0	0	1	0	0	0	0	0	0	3	2	
1	0	0	2	2	0	2	0	1	0	0	3	0	2	0	2	0	0	0	1	0	0	0	0	0	0	3	2	
1	3	0	1	0	0	2	0	0	2	1	3	0	0	0	0	0	0	0	1	0	0	0	0	0	0	0	2	
1	3	0	1	1	3	2	0	0	0	1	3	0	0	0	0	0	0	0	2	0	0	0	0	0	0	3	2	
1	0	0	0	1	1	1	0	2	1	3	3	0	2	0	2	0	0	0	0	0	0	0	0	0	0	3	1	
1	3	0	1	0	3	2	0	0	1	1	0	0	2	0	2	0	0	0	0	0	0	0	0	0	0	0	0	
0	0	0	2	0	0	0	0	3	1	0	0	0	1	0	2	0	0	0	0	0	0	0	0	0	0	3	0	
2	3	0	1	2	0	2	0	1	1	1	3	0	2	0	0	0	0	0	2	0	0	0	0	0	0	3	0	
1	3	0	2	0	1	2	0	0	1	3	3	0	0	0	0	0	0	0	1	0	0	0	0	0	0	0	0	
1	3	0	1	0	3	2	0	1	1	0	3	0	2	0	2	0	0	0	2	0	0	0	0	0	0	0	2	
1	1	0	2	2	0	2	0	0	0	0	0	0	2	0	2	0	0	0	1	0	0	0	0	0	0	0	0	
2	3	2	1	0	3	2	0	0	1	1	3	0	2	0	0	0	0	0	1	0	0	0	0	0	0	0	2	
1	3	0	2	0	3	1	0	1	1	0	3	0	0	0	0	0	0	0	3	0	0	0	0	0	0	0	2	
0	0	0	0	1	0	2	0	1	1	0	3	0	2	0	0	0	0	0	1	0	0	0	0	0	0	0	2	
1	0	2	0	2	0	2	0	0	1	1	0	0	0	0	0	0	0	0	0	0	0	0	0	0	0	0	0	
0	0	0	1	2	3	1	0	0	0	0	3	0	2	0	2	0	0	0	1	0	0	0	0	0	0	0	1	
1	3	0	0	0	3	2	0	1	0	0	3	0	2	0	2	0	0	0	0	0	0	0	0	0	0	1	2	
2	1	0	1	2	1	2	0	1	1	1	3	0	2	0	0	0	0	0	1	0	0	0	0	0	0	0	2	
1	3	0	1	2	3	0	0	0	0	1	2	0	2	0	0	0	0	0	0	0	0	0	0	0	0	0	0	
1	1	2	0	0	0	0	0	1	1	1	2	0	2	0	1	0	0	0	0	0	0	0	0	0	0	3	0	
--------------------

--------------------
Best Solution Found!
--------------------
Time: 0 hour(s), 0 minute(s), 4 second(s), 475 millisecond(s)

Fitness: 196752

1	3	0	1	2	3	2	0	1	0	3	3	0	1	0	2	0	0	0	1	0	0	0	0	0	0	3	1	
1	3	0	0	1	3	1	0	0	1	0	2	0	0	0	0	0	0	0	1	0	0	0	0	0	0	0	0	
1	3	2	0	0	0	0	0	1	1	1	0	0	2	0	2	0	0	0	1	0	0	0	0	0	0	0	0	
1	0	0	0	0	0	0	0	1	1	0	3	0	2	0	2	0	0	0	1	0	0	0	0	0	0	0	2	
1	0	0	1	0	0	2	0	0	0	1	3	0	0	0	2	0	0	0	1	0	0	0	0	0	0	3	2	
0	0	0	0	2	3	2	0	0	0	1	3	0	2	0	2	0	0	0	0	0	0	0	0	0	0	0	2	
0	0	1	2	0	3	2	0	1	0	0	0	0	2	0	0	0	0	0	2	0	0	0	0	0	0	1	1	
1	3	2	1	0	1	1	0	1	1	1	0	0	1	0	0	0	0	0	1	0	0	0	0	0	0	3	1	
1	0	0	1	2	0	0	0	0	1	1	3	0	0	0	0	0	0	0	0	0	0	0	0	0	0	0	0	
0	0	0	2	2	0	2	0	1	1	0	3	0	0	0	2	0	0	0	2	0	0	0	0	0	0	3	2	
2	3	0	2	0	1	1	0	1	2	1	3	0	0	0	2	0	0	0	0	0	0	0	0	0	0	0	0	
1	1	2	1	2	3	2	0	1	1	0	0	0	0	0	2	0	0	0	0	0	0	0	0	0	0	0	0	
2	1	0	1	1	3	0	0	0	0	0	2	0	2	0	0	0	0	0	1	0	0	0	0	0	0	3	0	
1	3	0	1	0	1	0	0	0	0	3	3	0	2	0	1	0	0	0	0	0	0	0	0	0	0	3	2	
1	0	0	1	2	0	2	0	1	2	3	3	0	1	0	0	0	0	0	1	0	0	0	0	0	0	0	2	
1	0	0	1	2	3	0	0	1	1	0	3	0	0	0	0	0	0	0	2	0	0	0	0	0	0	0	0	
2	0	1	1	2	0	2	0	1	1	1	0	0	0	0	0	0	0	0	1	0	0	0	0	0	0	0	0	
1	3	2	1	0	3	2	0	1	1	1	2	0	2	0	0	0	0	0	0	0	0	0	0	0	0	3	0	
2	1	0	1	0	0	0	0	0	0	0	0	0	2	0	2	0	0	0	1	0	0	0	0	0	0	0	0	
1	0	0	1	0	3	2	0	1	2	0	0	0	2	0	1	0	0	0	1	0	0	0	0	0	0	3	2	
2	3	0	0	2	1	2	0	1	1	0	3	0	2	0	2	0	0	0	3	0	0	0	0	0	0	0	2	
0	3	0	2	0	3	0	0	3	0	0	3	0	0	0	2	0	0	0	1	0	0	0	0	0	0	0	2	
0	3	0	1	2	3	2	0	0	1	0	3	0	0	0	2	0	0	0	1	0	0	0	0	0	0	0	1	
1	3	0	1	2	3	2	0	0	1	1	3	0	0	0	0	0	0	0	1	0	0	0	0	0	0	3	2	
1	3	0	1	2	3	2	0	3	1	1	2	0	2	0	1	0	0	0	1	0	0	0	0	0	0	3	0	
1	0	1	0	0	3	2	0	0	1	1	3	0	0	0	0	0	0	0	0	0	0	0	0	0	0	3	2	
1	0	0	1	0	0	2	0	3	1	0	0	0	2	0	2	0	0	0	0	0	0	0	0	0	0	1	2	
0	0	0	0	1	3	2	0	0	1	0	3	0	0	0	0	0	0	0	0	0	0	0	0	0	0	3	2	
0	3	2	2	2	0	1	0	2	2	0	0	0	2	0	2	0	0	0	0	0	0	0	0	0	0	3	2	
1	0	0	1	2	0	2	0	1	1	1	3	0	2	0	0	0	0	0	0	0	0	0	0	0	0	1	2	
--------------------

--------------------
Best Solution Found!
--------------------
Time: 0 hour(s), 0 minute(s), 7 second(s), 792 millisecond(s)

Fitness: 196743

0	0	0	0	0	3	2	0	3	1	0	3	0	0	0	2	0	0	0	1	0	0	0	0	0	0	0	0	
1	3	0	1	0	3	0	0	1	1	0	3	0	2	0	0	0	0	0	0	0	0	0	0	0	0	3	2	
2	3	2	2	1	1	2	0	2	1	0	0	0	2	0	1	0	0	0	3	0	0	0	0	0	0	1	2	
0	3	0	1	0	3	2	0	1	0	1	3	0	0	0	2	0	0	0	2	0	0	0	0	0	0	0	0	
1	0	0	1	2	3	2	0	1	1	1	0	0	2	0	0	0	0	0	1	0	0	0	0	0	0	3	2	
1	0	0	2	2	3	2	0	1	1	0	3	0	2	0	1	0	0	0	1	0	0	0	0	0	0	3	2	
0	3	0	1	1	0	2	0	1	1	1	3	0	0	0	0	0	0	0	0	0	0	0	0	0	0	1	1	
1	0	0	0	2	3	0	0	0	1	1	3	0	0	0	2	0	0	0	1	0	0	0	0	0	0	0	2	
1	3	1	0	2	3	0	0	1	1	0	0	0	1	0	2	0	0	0	1	0	0	0	0	0	0	3	2	
1	0	0	1	2	0	2	0	0	0	3	3	0	2	0	2	0	0	0	1	0	0	0	0	0	0	0	2	
1	1	0	1	0	0	2	0	0	1	1	3	0	0	0	2	0	0	0	1	0	0	0	0	0	0	0	1	
1	0	0	2	2	3	2	0	1	0	0	3	0	0	0	0	0	0	0	1	0	0	0	0	0	0	3	2	
0	0	0	1	0	0	2	0	1	1	0	3	0	1	0	2	0	0	0	1	0	0	0	0	0	0	1	2	
1	0	0	1	0	0	0	0	1	1	1	2	0	2	0	0	0	0	0	0	0	0	0	0	0	0	3	1	
1	0	0	1	2	3	1	0	0	1	0	3	0	2	0	0	0	0	0	0	0	0	0	0	0	0	3	1	
2	3	0	1	1	0	0	0	0	0	0	0	0	0	0	0	0	0	0	2	0	0	0	0	0	0	0	0	
0	3	0	1	2	1	2	0	1	1	0	0	0	2	0	2	0	0	0	1	0	0	0	0	0	0	0	0	
2	0	0	0	2	3	2	0	0	0	1	0	0	2	0	0	0	0	0	1	0	0	0	0	0	0	0	0	
1	3	1	2	0	0	2	0	0	0	1	3	0	0	0	2	0	0	0	1	0	0	0	0	0	0	3	2	
1	0	2	1	0	0	2	0	0	2	1	0	0	2	0	0	0	0	0	0	0	0	0	0	0	0	0	0	
1	3	2	1	0	1	1	0	0	1	1	3	0	0	0	0	0	0	0	0	0	0	0	0	0	0	3	2	
2	3	2	1	2	3	2	0	0	0	0	2	0	2	0	2	0	0	0	0	0	0	0	0	0	0	0	0	
1	0	0	1	2	3	2	0	1	0	3	3	0	0	0	2	0	0	0	1	0	0	0	0	0	0	3	0	
1	0	0	1	2	0	1	0	1	2	1	3	0	2	0	0	0	0	0	0	0	0	0	0	0	0	0	0	
1	3	1	0	0	3	2	0	1	2	0	2	0	2	0	2	0	0	0	0	0	0	0	0	0	0	0	0	
2	1	0	1	0	3	2	0	1	1	0	0	0	2	0	1	0	0	0	1	0	0	0	0	0	0	3	2	
1	1	0	0	2	3	0	0	0	1	1	3	0	0	0	0	0	0	0	1	0	0	0	0	0	0	0	0	
1	3	0	2	0	0	0	0	3	1	0	0	0	0	0	0	0	0	0	2	0	0	0	0	0	0	0	2	
0	3	0	0	0	0	1	0	3	1	0	3	0	1	0	2	0	0	0	0	0	0	0	0	0	0	3	2	
0	0	2	1	2	1	0	0	1	2	3	2	0	0	0	2	0	0	0	0	0	0	0	0	0	0	3	2	
--------------------

--------------------
Best Solution Found!
--------------------
Time: 0 hour(s), 0 minute(s), 11 second(s), 344 millisecond(s)

Fitness: 195753

0	0	2	0	0	1	2	0	0	1	1	3	0	2	0	2	0	0	0	1	0	0	0	0	0	0	3	2	
1	0	2	1	0	0	1	0	1	1	0	2	0	0	0	0	0	0	0	0	0	0	0	0	0	0	0	2	
1	3	0	2	0	3	2	0	1	1	1	3	0	0	0	2	0	0	0	0	0	0	0	0	0	0	0	2	
2	0	0	1	2	3	2	0	1	1	1	0	0	0	0	2	0	0	0	1	0	0	0	0	0	0	0	1	
1	3	0	1	0	1	2	0	3	2	0	3	0	2	0	0	0	0	0	1	0	0	0	0	0	0	0	2	
1	3	2	0	0	3	2	0	0	0	1	3	0	0	0	1	0	0	0	0	0	0	0	0	0	0	1	2	
0	0	0	0	2	3	0	0	1	1	0	3	0	1	0	2	0	0	0	3	0	0	0	0	0	0	0	0	
1	3	1	0	0	0	0	0	0	1	1	0	0	0	0	2	0	0	0	0	0	0	0	0	0	0	3	2	
2	3	0	1	2	3	2	0	1	1	0	3	0	0	0	2	0	0	0	1	0	0	0	0	0	0	0	2	
1	0	0	2	0	3	0	0	3	2	0	0	0	0	0	2	0	0	0	1	0	0	0	0	0	0	0	0	
2	0	0	0	2	1	0	0	1	1	0	3	0	0	0	2	0	0	0	1	0	0	0	0	0	0	3	1	
1	0	0	2	2	0	0	0	1	0	0	3	0	2	0	0	0	0	0	1	0	0	0	0	0	0	3	0	
1	0	0	1	2	0	0	0	2	1	0	0	0	1	0	0	0	0	0	1	0	0	0	0	0	0	0	0	
0	0	0	1	0	3	1	0	0	2	1	2	0	2	0	0	0	0	0	1	0	0	0	0	0	0	0	1	
1	3	1	1	2	0	2	0	0	1	1	3	0	0	0	2	0	0	0	1	0	0	0	0	0	0	3	2	
0	0	0	1	2	0	0	0	1	0	0	2	0	2	0	2	0	0	0	1	0	0	0	0	0	0	3	2	
1	0	0	1	2	3	2	0	1	1	1	3	0	2	0	0	0	0	0	2	0	0	0	0	0	0	3	2	
0	3	2	1	1	0	2	0	0	1	0	0	0	2	0	2	0	0	0	1	0	0	0	0	0	0	0	0	
1	3	0	1	0	0	0	0	0	0	3	3	0	2	0	1	0	0	0	0	0	0	0	0	0	0	3	2	
1	0	0	1	2	0	1	0	3	1	1	3	0	2	0	0	0	0	0	2	0	0	0	0	0	0	1	2	
1	3	0	2	2	1	2	0	1	1	0	0	0	2	0	0	0	0	0	1	0	0	0	0	0	0	0	0	
2	3	0	1	0	3	2	0	1	2	0	3	0	2	0	0	0	0	0	0	0	0	0	0	0	0	3	2	
1	3	1	1	1	3	2	0	1	0	0	0	0	1	0	2	0	0	0	0	0	0	0	0	0	0	1	0	
0	0	2	1	0	0	1	0	0	0	3	3	0	0	0	2	0	0	0	1	0	0	0	0	0	0	0	0	
1	3	0	0	0	3	2	0	0	1	1	3	0	0	0	0	0	0	0	2	0	0	0	0	0	0	3	2	
1	1	0	1	1	3	2	0	0	0	1	3	0	0	0	0	0	0	0	1	0	0	0	0	0	0	3	0	
0	1	0	1	2	3	2	0	1	1	1	3	0	2	0	2	0	0	0	0	0	0	0	0	0	0	0	1	
1	1	0	0	0	0	2	0	1	1	0	2	0	0	0	0	0	0	0	0	0	0	0	0	0	0	3	0	
1	0	0	1	2	3	2	0	0	0	3	0	0	2	0	0	0	0	0	0	0	0	0	0	0	0	0	0	
2	3	0	2	2	3	2	0	1	1	0	0	0	2	0	1	0	0	0	0	0	0	0	0	0	0	3	2	
--------------------

--------------------
Best Solution Found!
--------------------
Time: 0 hour(s), 0 minute(s), 16 second(s), 665 millisecond(s)

Fitness: 194761

0	0	2	1	0	3	1	0	0	1	1	0	0	2	0	2	0	0	0	0	0	0	0	0	0	0	3	1	
1	0	0	1	0	3	1	0	3	1	1	3	0	2	0	2	0	0	0	1	0	0	0	0	0	0	1	2	
1	3	0	2	2	3	2	0	1	1	1	3	0	0	0	1	0	0	0	1	0	0	0	0	0	0	3	2	
2	0	2	2	0	0	2	0	0	1	1	3	0	2	0	0	0	0	0	0	0	0	0	0	0	0	3	1	
1	0	0	1	2	1	2	0	1	1	0	0	0	1	0	0	0	0	0	1	0	0	0	0	0	0	0	0	
1	0	0	0	0	3	2	0	2	0	0	0	0	0	0	0	0	0	0	1	0	0	0	0	0	0	0	0	
1	3	0	1	0	0	0	0	1	2	1	3	0	2	0	2	0	0	0	1	0	0	0	0	0	0	0	0	
1	3	1	0	2	3	2	0	1	1	0	3	0	0	0	2	0	0	0	2	0	0	0	0	0	0	0	2	
2	0	0	1	2	0	2	0	0	0	0	3	0	2	0	1	0	0	0	3	0	0	0	0	0	0	1	2	
2	3	1	1	2	0	2	0	1	1	0	0	0	1	0	1	0	0	0	1	0	0	0	0	0	0	3	0	
0	0	0	2	2	1	2	0	1	2	1	2	0	2	0	0	0	0	0	2	0	0	0	0	0	0	0	0	
0	0	0	0	1	3	2	0	0	1	3	3	0	2	0	2	0	0	0	1	0	0	0	0	0	0	3	1	
0	3	0	0	0	3	1	0	3	1	0	0	0	0	0	2	0	0	0	1	0	0	0	0	0	0	3	2	
1	3	2	1	0	0	2	0	1	1	1	3	0	2	0	0	0	0	0	0	0	0	0	0	0	0	0	2	
0	1	0	1	1	3	2	0	0	1	1	3	0	2	0	2	0	0	0	0	0	0	0	0	0	0	3	0	
2	3	0	1	2	0	0	0	0	0	1	0	0	0	0	2	0	0	0	0	0	0	0	0	0	0	0	2	
1	3	2	1	0	3	2	0	3	1	1	3	0	0	0	2	0	0	0	1	0	0	0	0	0	0	3	0	
1	0	0	1	1	0	0	0	0	0	0	0	0	0	0	2	0	0	0	1	0	0	0	0	0	0	3	2	
1	1	0	1	2	3	2	0	1	0	3	3	0	0	0	0	0	0	0	0	0	0	0	0	0	0	3	1	
1	3	0	0	0	0	0	0	0	1	0	3	0	0	0	2	0	0	0	1	0	0	0	0	0	0	3	2	
1	0	0	2	2	3	2	0	1	1	3	0	0	2	0	0	0	0	0	1	0	0	0	0	0	0	0	0	
1	3	0	2	0	3	2	0	1	2	0	3	0	2	0	0	0	0	0	0	0	0	0	0	0	0	0	2	
0	0	0	1	2	0	2	0	1	1	0	2	0	2	0	2	0	0	0	0	0	0	0	0	0	0	0	2	
1	0	0	1	2	0	0	0	0	1	0	3	0	0	0	2	0	0	0	0	0	0	0	0	0	0	0	0	
1	3	2	1	0	1	2	0	1	0	0	3	0	1	0	0	0	0	0	0	0	0	0	0	0	0	1	2	
0	0	0	0	2	0	0	0	1	0	1	3	0	0	0	0	0	0	0	2	0	0	0	0	0	0	3	2	
1	3	1	1	2	3	2	0	1	1	0	2	0	2	0	2	0	0	0	1	0	0	0	0	0	0	0	0	
1	3	0	1	0	3	0	0	0	1	0	2	0	0	0	0	0	0	0	1	0	0	0	0	0	0	3	2	
1	0	0	1	2	1	0	0	1	2	1	3	0	0	0	0	0	0	0	0	0	0	0	0	0	0	0	2	
2	1	0	0	0	3	1	0	0	0	0	0	0	2	0	0	0	0	0	1	0	0	0	0	0	0	0	0	
--------------------

--------------------
Best Solution Found!
--------------------
Time: 0 hour(s), 0 minute(s), 16 second(s), 668 millisecond(s)

Fitness: 194761

0	0	2	1	0	3	1	0	0	1	1	0	0	2	0	2	0	0	0	0	0	0	0	0	0	0	3	1	
1	0	0	1	0	3	1	0	3	1	1	3	0	2	0	2	0	0	0	1	0	0	0	0	0	0	1	2	
1	3	0	2	2	3	2	0	1	1	1	3	0	0	0	1	0	0	0	1	0	0	0	0	0	0	3	2	
2	0	2	2	0	0	2	0	0	1	1	3	0	2	0	0	0	0	0	0	0	0	0	0	0	0	3	1	
1	0	0	1	2	1	2	0	1	1	0	0	0	1	0	0	0	0	0	1	0	0	0	0	0	0	0	0	
1	0	0	0	0	3	2	0	2	0	0	0	0	0	0	0	0	0	0	1	0	0	0	0	0	0	0	0	
1	3	0	1	0	0	0	0	1	2	1	3	0	2	0	2	0	0	0	1	0	0	0	0	0	0	0	0	
1	3	1	0	2	3	2	0	1	1	0	3	0	0	0	2	0	0	0	2	0	0	0	0	0	0	0	2	
2	0	0	1	2	0	2	0	0	0	0	3	0	2	0	1	0	0	0	3	0	0	0	0	0	0	1	2	
2	3	1	1	2	0	2	0	1	1	0	0	0	1	0	1	0	0	0	1	0	0	0	0	0	0	3	0	
0	0	0	2	2	1	2	0	1	2	1	2	0	2	0	0	0	0	0	2	0	0	0	0	0	0	0	0	
0	0	0	0	1	3	2	0	0	1	3	3	0	2	0	2	0	0	0	1	0	0	0	0	0	0	3	1	
0	3	0	0	0	3	1	0	3	1	0	0	0	0	0	2	0	0	0	1	0	0	0	0	0	0	3	2	
1	3	2	1	0	0	2	0	1	1	1	3	0	2	0	0	0	0	0	0	0	0	0	0	0	0	0	2	
0	1	0	1	1	3	2	0	0	1	1	3	0	2	0	2	0	0	0	0	0	0	0	0	0	0	3	0	
2	3	0	1	2	0	0	0	0	0	1	0	0	0	0	2	0	0	0	0	0	0	0	0	0	0	0	2	
1	3	2	1	0	3	2	0	3	1	1	3	0	0	0	2	0	0	0	1	0	0	0	0	0	0	3	0	
1	0	0	1	1	0	0	0	0	0	0	0	0	0	0	2	0	0	0	1	0	0	0	0	0	0	3	2	
1	1	0	1	2	3	2	0	1	0	3	3	0	0	0	0	0	0	0	0	0	0	0	0	0	0	3	1	
1	3	0	0	0	0	0	0	0	1	0	3	0	0	0	2	0	0	0	1	0	0	0	0	0	0	3	2	
1	0	0	2	2	3	2	0	1	1	3	0	0	2	0	0	0	0	0	1	0	0	0	0	0	0	0	0	
1	3	0	2	0	3	2	0	1	2	0	3	0	2	0	0	0	0	0	0	0	0	0	0	0	0	0	2	
0	0	0	1	2	0	2	0	1	1	0	2	0	2	0	2	0	0	0	0	0	0	0	0	0	0	0	2	
1	0	0	1	2	0	0	0	0	1	0	3	0	0	0	2	0	0	0	0	0	0	0	0	0	0	0	0	
1	3	2	1	0	1	2	0	1	0	0	3	0	1	0	0	0	0	0	0	0	0	0	0	0	0	1	2	
0	0	0	0	2	0	0	0	1	0	1	3	0	0	0	0	0	0	0	2	0	0	0	0	0	0	3	2	
1	3	1	1	2	3	2	0	1	1	0	2	0	2	0	2	0	0	0	1	0	0	0	0	0	0	0	0	
1	3	0	1	0	3	0	0	0	1	0	2	0	0	0	0	0	0	0	1	0	0	0	0	0	0	3	2	
1	0	0	1	2	1	0	0	1	2	1	3	0	0	0	0	0	0	0	0	0	0	0	0	0	0	0	2	
2	1	0	0	0	3	1	0	0	0	0	0	0	2	0	0	0	0	0	1	0	0	0	0	0	0	0	0	
--------------------

--------------------
Best Solution Found!
--------------------
Time: 0 hour(s), 0 minute(s), 30 second(s), 60 millisecond(s)

Fitness: 188756

0	0	2	1	2	0	2	0	0	0	1	3	0	2	0	2	0	0	0	0	0	0	0	0	0	0	3	2	
1	1	0	1	2	3	1	0	1	1	0	0	0	0	0	2	0	0	0	0	0	0	0	0	0	0	3	1	
1	0	1	2	2	1	2	0	0	0	0	3	0	0	0	2	0	0	0	1	0	0	0	0	0	0	3	2	
1	3	2	0	0	0	0	0	1	0	0	0	0	2	0	2	0	0	0	0	0	0	0	0	0	0	0	2	
1	0	0	0	1	3	2	0	1	1	3	3	0	2	0	0	0	0	0	2	0	0	0	0	0	0	3	2	
0	0	0	1	2	3	2	0	1	1	0	3	0	0	0	2	0	0	0	0	0	0	0	0	0	0	0	2	
2	0	2	2	0	0	0	0	0	0	1	3	0	2	0	0	0	0	0	0	0	0	0	0	0	0	0	2	
1	1	1	2	0	3	0	0	1	0	0	3	0	0	0	2	0	0	0	3	0	0	0	0	0	0	0	0	
1	3	2	1	0	0	2	0	0	1	1	3	0	2	0	0	0	0	0	0	0	0	0	0	0	0	3	2	
0	0	0	1	0	3	2	0	1	0	0	0	0	1	0	1	0	0	0	1	0	0	0	0	0	0	0	0	
1	0	0	0	0	0	1	0	1	1	1	3	0	2	0	0	0	0	0	0	0	0	0	0	0	0	0	0	
0	0	0	1	2	0	0	0	1	2	0	0	0	2	0	0	0	0	0	1	0	0	0	0	0	0	3	0	
1	0	0	1	2	3	2	0	3	1	0	3	0	0	0	2	0	0	0	1	0	0	0	0	0	0	1	1	
0	0	0	1	2	3	0	0	1	1	3	3	0	2	0	2	0	0	0	0	0	0	0	0	0	0	3	0	
1	3	0	1	0	3	0	0	0	1	0	0	0	0	0	0	0	0	0	0	0	0	0	0	0	0	3	2	
1	0	0	1	1	3	0	0	1	2	1	3	0	2	0	1	0	0	0	1	0	0	0	0	0	0	0	0	
1	3	0	2	0	1	2	0	0	1	3	3	0	2	0	2	0	0	0	1	0	0	0	0	0	0	0	0	
0	0	0	0	0	0	2	0	0	2	1	2	0	2	0	0	0	0	0	1	0	0	0	0	0	0	0	2	
2	3	0	1	0	0	2	0	0	0	0	3	0	0	0	1	0	0	0	1	0	0	0	0	0	0	3	2	
1	1	0	1	2	3	2	0	0	1	1	0	0	0	0	0	0	0	0	1	0	0	0	0	0	0	1	0	
1	0	0	1	2	1	2	0	1	1	0	0	0	0	0	0	0	0	0	1	0	0	0	0	0	0	3	1	
0	3	2	0	2	3	2	0	3	1	1	2	0	1	0	2	0	0	0	0	0	0	0	0	0	0	0	2	
1	3	0	1	0	1	2	0	1	1	0	0	0	0	0	2	0	0	0	1	0	0	0	0	0	0	3	1	
2	3	0	1	0	3	1	0	1	0	1	3	0	1	0	0	0	0	0	0	0	0	0	0	0	0	0	0	
1	3	0	1	2	0	1	0	2	1	0	3	0	0	0	2	0	0	0	2	0	0	0	0	0	0	0	0	
1	3	0	1	1	0	2	0	0	1	1	3	0	2	0	0	0	0	0	1	0	0	0	0	0	0	1	2	
1	0	0	1	2	3	2	0	3	2	0	0	0	2	0	0	0	0	0	1	0	0	0	0	0	0	0	2	
2	3	1	2	0	0	0	0	1	1	1	3	0	0	0	2	0	0	0	1	0	0	0	0	0	0	0	0	
1	3	0	0	2	3	2	0	0	1	0	2	0	0	0	2	0	0	0	1	0	0	0	0	0	0	3	2	
2	3	0	0	2	3	2	0	1	1	1	2	0	2	0	0	0	0	0	2	0	0	0	0	0	0	3	2	
--------------------

--------------------
Best Solution Found!
--------------------
Time: 0 hour(s), 0 minute(s), 36 second(s), 851 millisecond(s)

Fitness: 188750

0	0	0	2	0	0	2	0	3	0	3	3	0	0	0	0	0	0	0	1	0	0	0	0	0	0	3	2	
1	3	2	1	0	1	2	0	1	1	0	3	0	2	0	1	0	0	0	1	0	0	0	0	0	0	1	2	
0	0	0	1	0	0	0	0	0	1	1	0	0	2	0	2	0	0	0	1	0	0	0	0	0	0	3	2	
1	0	0	1	2	3	2	0	1	2	0	3	0	2	0	0	0	0	0	1	0	0	0	0	0	0	3	2	
1	3	0	0	0	1	1	0	3	1	1	2	0	2	0	2	0	0	0	0	0	0	0	0	0	0	0	2	
0	0	0	0	0	0	2	0	1	1	0	0	0	0	0	2	0	0	0	0	0	0	0	0	0	0	3	2	
1	3	0	2	1	3	1	0	0	0	0	0	0	2	0	2	0	0	0	0	0	0	0	0	0	0	3	2	
1	3	2	1	0	1	0	0	0	0	0	0	0	0	0	2	0	0	0	1	0	0	0	0	0	0	3	0	
2	3	0	2	2	0	2	0	0	0	0	3	0	1	0	2	0	0	0	1	0	0	0	0	0	0	3	2	
1	3	0	2	2	0	2	0	0	1	3	3	0	0	0	2	0	0	0	2	0	0	0	0	0	0	3	2	
2	0	0	1	2	3	2	0	1	2	1	3	0	1	0	2	0	0	0	2	0	0	0	0	0	0	0	0	
1	1	0	0	2	3	2	0	0	1	1	3	0	2	0	0	0	0	0	0	0	0	0	0	0	0	3	0	
1	3	0	2	2	3	0	0	1	1	1	3	0	0	0	1	0	0	0	1	0	0	0	0	0	0	3	0	
1	3	0	1	0	3	2	0	1	1	0	3	0	2	0	2	0	0	0	1	0	0	0	0	0	0	3	2	
2	1	2	1	0	0	2	0	0	1	1	0	0	2	0	0	0	0	0	1	0	0	0	0	0	0	0	1	
2	1	0	1	2	3	2	0	1	1	1	3	0	0	0	2	0	0	0	0	0	0	0	0	0	0	0	2	
0	3	2	1	0	0	0	0	1	1	0	0	0	1	0	0	0	0	0	1	0	0	0	0	0	0	0	2	
1	3	1	0	2	0	2	0	1	2	0	3	0	2	0	2	0	0	0	1	0	0	0	0	0	0	3	1	
0	0	0	1	1	0	2	0	0	1	0	0	0	0	0	2	0	0	0	0	0	0	0	0	0	0	1	2	
1	0	0	1	2	3	0	0	1	1	1	3	0	0	0	0	0	0	0	1	0	0	0	0	0	0	0	0	
1	0	0	1	0	3	2	0	0	0	0	2	0	2	0	1	0	0	0	1	0	0	0	0	0	0	0	0	
0	0	2	0	2	3	1	0	1	0	0	2	0	0	0	0	0	0	0	3	0	0	0	0	0	0	0	0	
0	0	0	0	1	3	2	0	0	0	1	3	0	2	0	0	0	0	0	0	0	0	0	0	0	0	0	2	
1	0	0	1	2	3	2	0	1	1	3	3	0	2	0	0	0	0	0	0	0	0	0	0	0	0	0	1	
1	3	0	0	0	0	0	0	1	1	0	3	0	2	0	0	0	0	0	1	0	0	0	0	0	0	0	0	
1	3	0	1	0	3	2	0	1	1	0	0	0	0	0	0	0	0	0	0	0	0	0	0	0	0	0	0	
2	0	1	1	2	3	0	0	2	2	0	0	0	0	0	2	0	0	0	0	0	0	0	0	0	0	3	0	
1	0	0	1	2	1	2	0	3	0	1	2	0	0	0	0	0	0	0	2	0	0	0	0	0	0	1	1	
1	3	1	1	0	0	0	0	1	1	1	3	0	0	0	0	0	0	0	1	0	0	0	0	0	0	0	2	
1	0	0	1	2	3	1	0	0	1	1	3	0	2	0	2	0	0	0	0	0	0	0	0	0	0	0	0	
--------------------

--------------------
Best Solution Found!
--------------------
Time: 0 hour(s), 0 minute(s), 36 second(s), 853 millisecond(s)

Fitness: 188750

0	0	0	2	0	0	2	0	3	0	3	3	0	0	0	0	0	0	0	1	0	0	0	0	0	0	3	2	
1	3	2	1	0	1	2	0	1	1	0	3	0	2	0	1	0	0	0	1	0	0	0	0	0	0	1	2	
0	0	0	1	0	0	0	0	0	1	1	0	0	2	0	2	0	0	0	1	0	0	0	0	0	0	3	2	
1	0	0	1	2	3	2	0	1	2	0	3	0	2	0	0	0	0	0	1	0	0	0	0	0	0	3	2	
1	3	0	0	0	1	1	0	3	1	1	2	0	2	0	2	0	0	0	0	0	0	0	0	0	0	0	2	
0	0	0	0	0	0	2	0	1	1	0	0	0	0	0	2	0	0	0	0	0	0	0	0	0	0	3	2	
1	3	0	2	1	3	1	0	0	0	0	0	0	2	0	2	0	0	0	0	0	0	0	0	0	0	3	2	
1	3	2	1	0	1	0	0	0	0	0	0	0	0	0	2	0	0	0	1	0	0	0	0	0	0	3	0	
2	3	0	2	2	0	2	0	0	0	0	3	0	1	0	2	0	0	0	1	0	0	0	0	0	0	3	2	
1	3	0	2	2	0	2	0	0	1	3	3	0	0	0	2	0	0	0	2	0	0	0	0	0	0	3	2	
2	0	0	1	2	3	2	0	1	2	1	3	0	1	0	2	0	0	0	2	0	0	0	0	0	0	0	0	
1	1	0	0	2	3	2	0	0	1	1	3	0	2	0	0	0	0	0	0	0	0	0	0	0	0	3	0	
1	3	0	2	2	3	0	0	1	1	1	3	0	0	0	1	0	0	0	1	0	0	0	0	0	0	3	0	
1	3	0	1	0	3	2	0	1	1	0	3	0	2	0	2	0	0	0	1	0	0	0	0	0	0	3	2	
2	1	2	1	0	0	2	0	0	1	1	0	0	2	0	0	0	0	0	1	0	0	0	0	0	0	0	1	
2	1	0	1	2	3	2	0	1	1	1	3	0	0	0	2	0	0	0	0	0	0	0	0	0	0	0	2	
0	3	2	1	0	0	0	0	1	1	0	0	0	1	0	0	0	0	0	1	0	0	0	0	0	0	0	2	
1	3	1	0	2	0	2	0	1	2	0	3	0	2	0	2	0	0	0	1	0	0	0	0	0	0	3	1	
0	0	0	1	1	0	2	0	0	1	0	0	0	0	0	2	0	0	0	0	0	0	0	0	0	0	1	2	
1	0	0	1	2	3	0	0	1	1	1	3	0	0	0	0	0	0	0	1	0	0	0	0	0	0	0	0	
1	0	0	1	0	3	2	0	0	0	0	2	0	2	0	1	0	0	0	1	0	0	0	0	0	0	0	0	
0	0	2	0	2	3	1	0	1	0	0	2	0	0	0	0	0	0	0	3	0	0	0	0	0	0	0	0	
0	0	0	0	1	3	2	0	0	0	1	3	0	2	0	0	0	0	0	0	0	0	0	0	0	0	0	2	
1	0	0	1	2	3	2	0	1	1	3	3	0	2	0	0	0	0	0	0	0	0	0	0	0	0	0	1	
1	3	0	0	0	0	0	0	1	1	0	3	0	2	0	0	0	0	0	1	0	0	0	0	0	0	0	0	
1	3	0	1	0	3	2	0	1	1	0	0	0	0	0	0	0	0	0	0	0	0	0	0	0	0	0	0	
2	0	1	1	2	3	0	0	2	2	0	0	0	0	0	2	0	0	0	0	0	0	0	0	0	0	3	0	
1	0	0	1	2	1	2	0	3	0	1	2	0	0	0	0	0	0	0	2	0	0	0	0	0	0	1	1	
1	3	1	1	0	0	0	0	1	1	1	3	0	0	0	0	0	0	0	1	0	0	0	0	0	0	0	2	
1	0	0	1	2	3	1	0	0	1	1	3	0	2	0	2	0	0	0	0	0	0	0	0	0	0	0	0	
--------------------


The best solution was found at the restart: 0, population: 0
Total Time Elapsed: 0 hour(s), 8 minute(s), 2 second(s), 678 millisecond(s)

