--------------------
Best Solution Found!
--------------------
Time: 0 hour(s), 0 minute(s), 0 second(s), 83 millisecond(s)

Fitness: 169808

2	2	0	0	0	2	0	3	1	3	0	0	0	2	0	0	0	3	0	0	0	0	0	0	0	1	1	0	
0	2	1	0	1	0	0	0	0	0	0	0	2	0	0	3	0	0	0	0	1	2	0	1	0	0	0	0	
0	2	3	0	1	1	0	3	0	1	0	1	0	1	0	0	0	3	0	0	2	1	0	1	2	0	0	0	
2	2	0	0	0	0	0	0	0	0	0	0	0	0	1	0	3	3	0	1	0	0	0	0	0	0	1	0	
1	0	0	1	0	0	0	0	0	0	1	1	2	1	0	0	0	0	0	0	1	0	1	0	0	2	0	3	
1	0	0	0	0	0	2	0	0	0	0	2	2	0	0	0	0	0	3	0	1	1	2	0	0	0	0	0	
1	2	2	0	0	0	0	0	1	0	1	1	2	0	0	0	3	0	0	0	2	0	2	0	0	0	0	0	
1	2	0	0	1	0	1	0	1	1	0	1	2	1	0	3	3	0	0	0	0	0	0	0	0	0	1	0	
0	0	1	1	1	1	1	3	0	0	1	0	0	1	1	0	0	0	0	0	1	0	2	0	0	0	0	0	
1	3	0	0	0	0	0	3	2	0	1	2	0	0	0	0	3	0	0	0	1	0	0	0	1	0	1	1	
1	0	1	1	0	2	1	3	0	1	0	1	0	0	0	0	0	0	0	0	0	0	0	0	0	2	1	0	
1	0	1	0	1	1	0	3	2	0	0	1	2	1	1	0	0	0	0	0	0	0	0	0	0	0	0	0	
1	0	1	1	2	0	1	3	0	0	0	1	2	1	0	0	0	0	0	0	0	0	0	0	0	0	2	0	
2	2	0	1	1	0	0	0	1	1	0	1	0	0	2	0	0	0	0	0	0	1	0	1	0	2	1	0	
1	1	3	0	0	0	0	3	1	0	1	0	2	0	1	0	0	3	1	0	0	0	0	0	2	0	0	0	
0	0	0	0	1	1	2	2	0	0	0	0	0	0	1	0	0	0	0	0	1	0	0	0	0	0	0	0	
1	0	1	1	0	0	0	0	1	1	0	1	0	0	0	0	0	0	0	0	1	0	1	0	0	1	1	1	
0	0	1	2	0	0	1	2	0	1	0	1	1	0	0	0	0	0	0	0	0	0	0	0	0	0	0	1	
0	2	1	0	2	0	0	3	0	1	0	0	0	1	0	0	0	0	0	0	1	0	1	1	0	0	0	0	
0	0	0	2	1	1	1	0	1	0	3	1	2	0	2	0	3	0	3	0	2	0	0	0	0	0	1	1	
1	0	0	0	0	0	0	3	0	0	1	0	2	2	0	0	2	3	0	0	1	0	0	0	0	0	0	0	
1	0	0	0	1	1	0	0	1	1	0	1	2	1	0	0	0	0	0	0	0	0	0	0	0	0	2	0	
1	2	1	1	2	1	0	0	0	1	1	0	2	3	0	3	3	0	0	0	0	0	0	0	0	1	1	0	
0	0	1	1	0	1	0	0	1	0	0	0	0	0	0	0	0	0	0	0	0	0	0	0	0	0	2	0	
0	0	1	0	1	1	0	2	0	0	0	2	3	1	0	3	2	0	0	0	0	0	0	1	0	0	1	1	
0	0	1	1	0	1	1	0	1	0	1	1	0	0	0	3	0	0	0	0	1	0	0	0	0	1	0	1	
0	0	0	1	0	0	0	0	0	3	3	0	0	1	2	0	0	2	0	0	0	0	0	0	0	1	1	0	
0	2	0	2	0	0	0	0	0	0	1	0	1	0	0	0	0	0	0	0	0	0	2	1	0	0	1	0	
1	0	1	0	0	0	1	3	0	0	1	0	0	0	0	2	3	0	0	0	1	0	0	0	0	0	1	0	
2	0	0	1	1	0	1	3	0	1	0	0	0	0	0	0	0	0	1	0	0	0	2	3	0	0	0	0	
--------------------

--------------------
Best Solution Found!
--------------------
Time: 0 hour(s), 0 minute(s), 0 second(s), 88 millisecond(s)

Fitness: 169808

2	2	0	0	0	2	0	3	1	3	0	0	0	2	0	0	0	3	0	0	0	0	0	0	0	1	1	0	
0	2	1	0	1	0	0	0	0	0	0	0	2	0	0	3	0	0	0	0	1	2	0	1	0	0	0	0	
0	2	3	0	1	1	0	3	0	1	0	1	0	1	0	0	0	3	0	0	2	1	0	1	2	0	0	0	
2	2	0	0	0	0	0	0	0	0	0	0	0	0	1	0	3	3	0	1	0	0	0	0	0	0	1	0	
1	0	0	1	0	0	0	0	0	0	1	1	2	1	0	0	0	0	0	0	1	0	1	0	0	2	0	3	
1	0	0	0	0	0	2	0	0	0	0	2	2	0	0	0	0	0	3	0	1	1	2	0	0	0	0	0	
1	2	2	0	0	0	0	0	1	0	1	1	2	0	0	0	3	0	0	0	2	0	2	0	0	0	0	0	
1	2	0	0	1	0	1	0	1	1	0	1	2	1	0	3	3	0	0	0	0	0	0	0	0	0	1	0	
0	0	1	1	1	1	1	3	0	0	1	0	0	1	1	0	0	0	0	0	1	0	2	0	0	0	0	0	
1	3	0	0	0	0	0	3	2	0	1	2	0	0	0	0	3	0	0	0	1	0	0	0	1	0	1	1	
1	0	1	1	0	2	1	3	0	1	0	1	0	0	0	0	0	0	0	0	0	0	0	0	0	2	1	0	
1	0	1	0	1	1	0	3	2	0	0	1	2	1	1	0	0	0	0	0	0	0	0	0	0	0	0	0	
1	0	1	1	2	0	1	3	0	0	0	1	2	1	0	0	0	0	0	0	0	0	0	0	0	0	2	0	
2	2	0	1	1	0	0	0	1	1	0	1	0	0	2	0	0	0	0	0	0	1	0	1	0	2	1	0	
1	1	3	0	0	0	0	3	1	0	1	0	2	0	1	0	0	3	1	0	0	0	0	0	2	0	0	0	
0	0	0	0	1	1	2	2	0	0	0	0	0	0	1	0	0	0	0	0	1	0	0	0	0	0	0	0	
1	0	1	1	0	0	0	0	1	1	0	1	0	0	0	0	0	0	0	0	1	0	1	0	0	1	1	1	
0	0	1	2	0	0	1	2	0	1	0	1	1	0	0	0	0	0	0	0	0	0	0	0	0	0	0	1	
0	2	1	0	2	0	0	3	0	1	0	0	0	1	0	0	0	0	0	0	1	0	1	1	0	0	0	0	
0	0	0	2	1	1	1	0	1	0	3	1	2	0	2	0	3	0	3	0	2	0	0	0	0	0	1	1	
1	0	0	0	0	0	0	3	0	0	1	0	2	2	0	0	2	3	0	0	1	0	0	0	0	0	0	0	
1	0	0	0	1	1	0	0	1	1	0	1	2	1	0	0	0	0	0	0	0	0	0	0	0	0	2	0	
1	2	1	1	2	1	0	0	0	1	1	0	2	3	0	3	3	0	0	0	0	0	0	0	0	1	1	0	
0	0	1	1	0	1	0	0	1	0	0	0	0	0	0	0	0	0	0	0	0	0	0	0	0	0	2	0	
0	0	1	0	1	1	0	2	0	0	0	2	3	1	0	3	2	0	0	0	0	0	0	1	0	0	1	1	
0	0	1	1	0	1	1	0	1	0	1	1	0	0	0	3	0	0	0	0	1	0	0	0	0	1	0	1	
0	0	0	1	0	0	0	0	0	3	3	0	0	1	2	0	0	2	0	0	0	0	0	0	0	1	1	0	
0	2	0	2	0	0	0	0	0	0	1	0	1	0	0	0	0	0	0	0	0	0	2	1	0	0	1	0	
1	0	1	0	0	0	1	3	0	0	1	0	0	0	0	2	3	0	0	0	1	0	0	0	0	0	1	0	
2	0	0	1	1	0	1	3	0	1	0	0	0	0	0	0	0	0	1	0	0	0	2	3	0	0	0	0	
--------------------

--------------------
Best Solution Found!
--------------------
Time: 0 hour(s), 0 minute(s), 0 second(s), 287 millisecond(s)

Fitness: 169803

2	0	1	0	0	1	0	3	1	1	1	0	0	1	0	3	3	0	0	0	0	0	2	0	2	0	0	0	
1	0	3	1	0	0	1	0	0	0	0	1	0	0	0	0	3	0	1	0	0	0	2	1	0	0	1	0	
0	0	1	1	1	0	0	0	0	1	1	2	0	0	0	0	2	0	0	0	0	0	2	0	0	1	1	0	
0	0	1	0	1	0	0	0	0	0	0	1	0	1	0	0	0	0	0	0	1	0	0	1	0	1	1	0	
1	2	0	2	2	1	0	0	0	0	3	0	1	0	0	0	0	0	0	0	2	0	0	0	0	0	1	0	
1	2	1	0	0	0	0	0	1	1	0	0	0	0	0	3	0	0	0	0	1	1	0	0	0	0	1	1	
1	2	0	0	0	0	0	0	1	0	1	1	2	0	0	0	0	0	0	0	0	0	0	0	0	1	0	1	
1	2	1	2	1	1	0	0	2	3	0	2	2	2	0	0	0	0	0	0	1	0	0	0	0	0	0	1	
2	1	0	0	0	1	1	0	0	0	0	1	3	1	1	3	3	0	0	0	1	1	0	0	0	0	1	0	
1	0	0	1	0	0	0	3	0	0	1	1	0	0	1	0	0	0	0	0	0	0	2	0	0	0	0	0	
0	0	0	1	1	0	1	2	1	3	0	2	0	0	2	2	0	0	0	0	2	0	1	0	0	1	0	0	
2	2	1	0	1	0	0	3	1	0	1	0	0	0	2	0	0	0	0	0	0	0	0	1	0	0	2	3	
0	0	1	1	2	0	0	3	1	0	0	0	2	1	1	0	2	0	0	0	0	0	0	0	0	2	1	0	
1	2	0	2	1	0	0	0	0	0	0	1	1	0	0	0	0	0	3	0	1	0	2	0	0	0	0	0	
1	3	2	0	0	1	0	0	0	1	1	0	0	1	0	0	0	3	0	0	1	0	1	0	0	0	1	0	
0	0	0	0	0	0	1	2	1	1	3	0	0	1	0	0	0	3	0	0	0	2	0	0	0	0	1	1	
1	0	0	1	1	1	2	0	1	0	0	0	0	1	0	0	0	0	0	0	0	0	0	0	0	2	1	0	
1	0	0	0	0	2	1	2	0	1	1	0	2	1	0	0	0	0	0	0	0	0	1	0	0	1	1	0	
0	0	1	0	0	0	0	0	1	0	0	1	0	0	0	0	3	3	1	1	0	0	0	3	0	0	2	1	
1	0	1	1	0	2	0	3	0	0	1	1	2	2	2	0	0	0	0	0	0	0	0	0	0	2	0	0	
0	0	1	1	2	0	0	3	1	0	0	1	0	1	0	3	3	0	0	0	1	0	0	1	0	0	1	0	
1	0	1	1	1	1	0	0	2	1	0	0	0	0	0	0	0	0	0	0	1	0	0	0	0	0	2	0	
1	0	0	0	1	1	1	3	0	0	0	0	2	1	0	3	3	0	0	0	2	0	0	0	0	0	0	0	
0	0	0	0	0	1	0	0	0	0	1	1	0	0	0	0	0	0	0	0	1	0	0	0	0	0	0	0	
1	2	0	1	0	0	2	3	0	0	0	0	2	0	0	0	0	3	3	0	1	1	0	0	0	0	0	1	
2	0	3	0	1	0	0	3	0	1	0	0	2	0	1	0	0	3	0	0	1	0	0	0	0	0	0	0	
0	2	0	0	0	1	1	3	0	1	0	0	2	0	0	0	0	0	0	0	0	0	0	1	0	0	1	0	
0	2	1	0	0	0	1	3	0	0	0	1	2	3	0	0	3	0	0	0	0	0	0	0	2	0	0	0	
0	0	0	0	0	0	0	0	0	0	0	1	2	0	0	0	0	0	0	0	0	0	0	0	1	0	0	0	
0	2	1	1	1	0	1	3	0	1	1	1	2	0	1	0	0	2	0	0	0	0	0	1	0	0	0	0	
--------------------

--------------------
Best Solution Found!
--------------------
Time: 0 hour(s), 0 minute(s), 0 second(s), 438 millisecond(s)

Fitness: 165792

1	0	0	0	0	0	0	0	1	1	0	1	2	1	0	0	0	0	0	0	2	1	0	0	0	0	1	0	
1	0	0	0	0	0	0	0	2	0	0	1	0	1	0	0	0	0	0	0	1	0	0	0	0	0	1	0	
1	2	0	0	1	1	1	0	0	0	0	0	0	0	0	0	0	3	3	0	1	0	0	0	0	0	0	0	
0	0	0	2	0	0	0	2	1	0	1	0	2	1	0	0	0	3	1	0	2	0	2	0	0	0	0	0	
0	0	0	0	0	0	0	0	0	0	1	0	0	0	2	0	0	0	0	0	0	0	0	0	0	2	0	1	
0	0	1	2	0	1	2	0	0	3	1	1	0	0	1	0	0	0	0	0	1	0	0	0	0	0	0	0	
1	2	1	1	0	1	0	0	0	3	0	2	2	3	0	0	0	0	0	0	0	1	1	1	0	2	1	1	
1	0	0	0	0	0	0	0	0	0	0	1	2	0	0	2	3	0	0	0	0	0	2	0	0	0	1	0	
0	0	1	1	1	0	0	3	0	0	0	1	2	2	2	0	0	0	0	0	1	0	0	0	0	0	1	0	
1	0	1	0	1	1	1	3	0	0	0	0	2	1	0	3	0	0	0	0	0	0	0	1	0	0	0	0	
2	2	0	0	2	0	0	3	1	0	0	0	0	1	0	3	0	0	0	0	0	0	0	0	0	0	1	1	
0	2	0	2	1	1	0	0	0	0	0	2	2	1	0	0	0	0	0	0	1	0	0	0	0	0	0	0	
0	0	0	1	1	0	0	3	1	1	1	0	0	0	1	0	0	2	0	0	1	0	1	0	0	0	0	0	
0	0	1	1	0	1	1	3	0	1	3	1	2	1	0	0	3	3	1	0	0	0	0	1	0	2	1	1	
0	1	0	1	1	1	1	0	2	0	0	1	2	1	0	0	3	0	0	0	0	0	0	0	0	0	0	0	
1	0	1	1	2	2	0	0	1	1	0	0	0	0	0	3	0	0	0	0	2	0	0	0	0	0	0	0	
1	0	1	1	0	0	1	3	1	1	0	0	0	0	0	3	3	0	0	0	0	0	0	0	0	0	1	1	
1	2	1	0	1	0	0	0	0	0	0	0	1	2	0	0	0	0	0	0	0	0	0	0	2	1	0	0	
1	2	3	1	0	0	0	0	0	0	0	1	0	0	0	0	2	0	0	0	0	0	0	3	0	0	0	0	
2	0	1	1	1	0	1	2	0	1	3	1	0	0	0	0	2	0	0	0	0	1	0	0	0	1	2	0	
2	0	1	0	0	0	1	3	0	0	0	1	3	0	2	0	3	0	0	0	1	0	0	0	1	1	1	0	
1	0	0	1	0	2	0	3	0	1	0	0	0	0	1	0	0	0	3	0	0	0	0	0	0	0	0	3	
0	3	3	0	0	0	0	3	0	1	1	0	2	0	1	3	0	0	0	0	0	0	0	0	0	1	1	0	
1	0	1	0	1	1	0	3	1	0	1	2	0	1	0	0	0	3	0	1	1	0	2	0	0	0	0	0	
2	0	0	0	1	0	1	2	0	0	1	1	2	0	0	0	0	0	0	0	1	0	2	0	0	0	2	0	
0	2	2	0	1	1	1	0	0	1	1	0	0	0	0	0	3	0	0	0	0	0	0	1	0	0	1	1	
1	0	1	0	0	0	2	3	0	1	1	0	2	1	0	0	3	0	0	0	1	2	2	1	0	1	2	0	
0	2	0	0	0	0	0	0	1	0	0	1	0	0	1	0	0	0	0	0	1	0	0	1	0	0	1	0	
0	2	0	0	0	1	0	0	1	0	0	0	1	0	0	0	0	0	0	0	0	0	1	0	2	0	1	0	
1	2	1	1	2	0	0	3	1	0	1	1	0	0	0	0	0	3	0	0	0	0	0	0	0	0	0	0	
--------------------

--------------------
Best Solution Found!
--------------------
Time: 0 hour(s), 0 minute(s), 0 second(s), 443 millisecond(s)

Fitness: 164797

0	0	0	1	0	0	0	0	1	1	0	1	2	1	0	0	0	0	0	0	2	1	0	0	0	0	1	0	
1	0	1	0	1	0	0	0	2	0	0	1	0	1	0	0	0	0	0	0	1	0	0	0	0	0	1	0	
1	0	0	0	2	1	1	0	0	0	0	0	0	0	0	0	0	3	3	0	1	0	0	0	0	0	0	0	
1	1	1	0	0	0	0	2	1	0	1	0	2	1	0	0	0	3	1	0	2	0	2	0	0	0	0	0	
0	2	1	1	0	0	0	0	0	0	1	0	0	0	2	0	0	0	0	0	0	0	0	0	0	2	0	1	
0	2	1	0	1	1	2	0	0	3	1	1	0	0	1	0	0	0	0	0	1	0	0	0	0	0	0	0	
0	0	0	1	2	1	0	0	0	3	0	2	2	3	0	0	0	0	0	0	0	1	1	1	0	2	1	1	
1	2	0	0	1	0	0	0	0	0	0	1	2	0	0	2	3	0	0	0	0	0	2	0	0	0	1	0	
0	0	0	0	0	0	0	3	0	0	0	1	2	2	2	0	0	0	0	0	1	0	0	0	0	0	1	0	
1	2	0	0	2	1	1	3	0	0	0	0	2	1	0	3	0	0	0	0	0	0	0	1	0	0	0	0	
2	0	1	2	0	0	0	3	1	0	0	0	0	1	0	3	0	0	0	0	0	0	0	0	0	0	1	1	
1	2	3	1	1	1	0	0	0	0	0	2	2	1	0	0	0	0	0	0	1	0	0	0	0	0	0	0	
1	0	0	2	0	0	0	3	1	1	1	0	0	0	1	0	0	2	0	0	1	0	1	0	0	0	0	0	
1	2	0	0	0	1	1	3	0	1	3	1	2	1	0	0	3	3	1	0	0	0	0	1	0	2	1	1	
0	0	0	1	1	1	1	0	2	0	0	1	2	1	0	0	3	0	0	0	0	0	0	0	0	0	0	0	
0	0	2	2	1	2	0	0	1	1	0	0	0	0	0	3	0	0	0	0	2	0	0	0	0	0	0	0	
2	2	1	0	0	0	1	3	1	1	0	0	0	0	0	3	3	0	0	0	0	0	0	0	0	0	1	1	
1	2	1	1	1	0	0	0	0	0	0	0	1	2	0	0	0	0	0	0	0	0	0	0	2	1	0	0	
0	3	0	0	1	0	0	0	0	0	0	1	0	0	0	0	2	0	0	0	0	0	0	3	0	0	0	0	
2	2	1	0	0	0	1	2	0	1	3	1	0	0	0	0	2	0	0	0	0	1	0	0	0	1	2	0	
1	0	0	1	0	0	1	3	0	0	0	1	3	0	2	0	3	0	0	0	1	0	0	0	1	1	1	0	
1	0	1	0	1	2	0	3	0	1	0	0	0	0	1	0	0	0	3	0	0	0	0	0	0	0	0	3	
2	0	1	0	0	0	0	3	0	1	1	0	2	0	1	3	0	0	0	0	0	0	0	0	0	1	1	0	
1	0	1	1	0	1	0	3	1	0	1	2	0	1	0	0	0	3	0	1	1	0	2	0	0	0	0	0	
0	0	1	0	1	0	1	2	0	0	1	1	2	0	0	0	0	0	0	0	1	0	2	0	0	0	2	0	
0	0	3	1	0	1	1	0	0	1	1	0	0	0	0	0	3	0	0	0	0	0	0	1	0	0	1	1	
1	2	0	0	0	0	2	3	0	1	1	0	2	1	0	0	3	0	0	0	1	2	2	1	0	1	2	0	
0	0	1	1	1	0	0	0	1	0	0	1	0	0	1	0	0	0	0	0	1	0	0	1	0	0	1	0	
1	0	0	0	0	1	0	0	1	0	0	0	1	0	0	0	0	0	0	0	0	0	1	0	2	0	1	0	
0	0	0	1	0	0	0	3	1	0	1	1	0	0	0	0	0	3	0	0	0	0	0	0	0	0	0	0	
--------------------

--------------------
Best Solution Found!
--------------------
Time: 0 hour(s), 0 minute(s), 1 second(s), 171 millisecond(s)

Fitness: 164789

2	2	1	0	1	0	0	2	1	1	1	1	0	0	0	3	0	0	0	0	0	0	1	0	0	0	0	0	
1	0	0	0	2	2	1	0	0	0	0	1	0	1	0	0	0	0	0	0	1	0	0	0	0	2	1	0	
2	2	0	1	0	0	1	3	0	1	0	0	2	2	1	0	2	3	0	0	0	0	0	0	1	0	1	1	
1	0	1	1	1	0	0	0	0	0	0	0	0	1	0	3	3	0	0	0	1	0	2	1	0	2	1	0	
0	2	0	0	1	0	0	3	0	0	0	0	1	0	1	0	0	3	0	0	0	0	0	0	0	0	0	0	
1	0	1	1	0	2	0	0	0	0	0	2	0	1	0	0	0	0	0	0	0	0	2	0	0	0	0	0	
0	0	1	1	1	1	0	3	0	1	1	0	0	0	0	0	0	0	0	0	0	1	0	0	0	0	1	1	
1	3	3	1	0	0	2	0	2	0	0	0	0	0	0	0	0	0	3	0	1	1	0	3	0	0	1	3	
1	0	0	1	0	1	0	3	0	0	0	1	2	0	0	3	3	0	0	0	0	1	0	0	0	0	1	1	
0	0	1	1	2	0	0	0	1	0	0	1	2	0	0	0	3	3	0	0	0	0	0	1	0	0	1	1	
0	0	0	1	0	1	0	3	0	1	1	0	2	1	0	0	0	0	0	0	0	0	0	0	0	0	0	0	
1	1	0	0	1	0	1	0	0	0	0	1	3	0	1	0	0	0	1	0	1	0	0	0	0	0	1	0	
1	2	1	0	0	0	0	2	1	0	0	0	1	0	2	0	0	0	0	0	1	2	0	0	0	1	0	0	
1	0	0	0	2	1	1	0	0	0	1	1	2	0	0	2	0	0	0	0	0	0	0	0	0	0	1	0	
0	2	0	0	0	1	0	3	1	0	0	2	0	0	0	0	0	0	0	0	1	0	0	0	0	0	0	0	
0	0	1	2	0	1	1	2	0	3	1	1	2	0	1	0	0	0	0	0	0	0	1	1	0	0	1	0	
1	2	1	0	1	0	0	0	0	0	3	2	0	0	0	0	0	0	0	1	1	0	0	0	0	1	1	1	
1	0	0	0	0	0	0	0	1	0	0	0	2	1	0	0	0	0	0	0	2	0	0	0	0	0	0	0	
1	0	1	0	0	1	1	0	0	1	0	0	0	1	0	0	0	0	0	0	1	0	0	0	0	1	2	0	
0	0	0	0	0	0	0	3	1	0	0	0	0	3	0	0	0	0	0	0	1	0	0	0	0	0	0	0	
0	2	1	0	0	0	0	3	0	0	1	0	2	0	2	0	0	3	0	0	0	0	2	0	2	0	0	0	
0	0	0	1	1	1	1	0	0	0	0	1	0	0	0	0	3	0	0	0	1	0	2	1	2	0	0	0	
0	2	1	2	1	0	1	3	1	0	0	1	0	0	0	0	0	0	0	0	0	0	0	0	0	0	0	0	
1	2	2	1	1	0	0	0	1	1	0	1	2	1	0	0	3	3	3	0	2	0	0	1	0	0	0	0	
0	0	0	0	1	0	0	3	0	1	1	0	2	1	2	0	0	0	0	0	0	0	0	0	0	0	0	0	
0	0	1	1	0	0	1	0	0	0	1	0	0	1	0	0	3	0	0	0	0	0	0	0	0	2	2	0	
2	0	3	0	1	0	0	0	1	3	1	1	2	0	0	3	2	2	0	0	0	0	0	0	0	1	1	0	
1	0	1	2	0	1	0	3	2	1	0	1	2	0	1	3	3	0	1	0	1	0	2	0	0	0	2	0	
2	2	0	0	0	1	2	3	0	1	3	1	0	1	0	0	0	0	0	0	0	0	0	1	0	0	0	0	
1	0	0	0	0	0	0	0	1	1	1	0	0	2	0	0	0	0	0	0	2	0	1	0	0	1	1	1	
--------------------

--------------------
Best Solution Found!
--------------------
Time: 0 hour(s), 0 minute(s), 1 second(s), 886 millisecond(s)

Fitness: 161813

0	0	1	0	2	1	0	0	1	1	1	0	2	1	0	3	3	3	0	0	0	0	0	0	2	0	1	0	
1	0	0	0	0	1	0	0	0	0	0	1	0	0	0	0	0	3	3	0	2	0	1	1	0	2	1	0	
2	2	0	1	0	0	1	3	0	0	0	1	2	3	0	0	0	0	0	0	1	2	0	0	0	0	0	0	
0	0	1	1	0	0	0	0	0	1	0	1	0	1	0	0	2	0	0	0	0	0	0	3	0	1	0	0	
1	2	1	0	0	0	1	3	0	1	1	1	2	0	0	3	3	0	0	0	0	0	0	0	0	0	0	3	
2	0	3	1	2	1	0	3	0	1	0	1	1	0	0	0	0	0	0	0	0	0	0	0	0	1	1	0	
1	0	0	0	0	1	1	2	1	0	1	2	0	0	0	0	0	0	0	0	0	0	2	1	0	0	1	0	
0	0	1	1	1	0	0	0	2	1	0	0	2	0	0	2	0	0	0	0	0	0	0	0	0	0	0	0	
1	2	1	1	0	1	0	3	0	1	0	2	2	1	1	0	0	3	0	0	0	0	2	0	0	0	2	0	
1	2	1	0	0	1	1	3	0	0	0	0	0	1	0	0	0	0	0	0	1	0	0	1	0	0	1	1	
0	0	0	0	0	0	2	2	1	1	1	1	0	2	2	0	0	0	0	0	1	1	0	0	0	0	0	0	
0	0	0	0	1	1	1	0	0	3	1	1	2	0	1	0	0	0	1	0	1	0	0	1	0	1	1	1	
1	1	1	0	1	0	0	3	0	0	3	0	1	2	0	0	0	0	0	0	1	0	0	0	0	0	0	0	
0	0	1	0	1	0	0	0	0	0	1	1	0	1	1	3	0	0	0	0	1	0	1	0	2	0	0	1	
2	2	0	2	1	0	0	0	0	3	1	0	2	0	0	0	3	3	0	0	1	0	0	0	0	0	0	0	
1	0	0	0	0	0	0	0	2	0	1	0	0	1	0	0	0	0	0	0	0	0	0	0	0	0	2	0	
1	0	1	0	1	1	1	0	0	0	0	1	2	0	0	0	0	0	0	0	0	0	0	0	0	1	1	0	
0	2	2	1	1	0	0	3	1	1	0	0	0	0	0	0	0	0	0	0	0	0	2	1	0	0	1	0	
1	3	0	0	0	1	0	3	1	0	0	0	2	0	0	0	0	0	0	0	0	0	0	0	0	2	1	1	
0	0	1	0	0	0	0	3	1	0	0	0	2	1	0	0	3	0	1	0	1	1	2	0	0	0	0	1	
1	0	3	2	1	1	1	0	0	1	0	0	0	0	0	0	0	2	0	0	0	0	0	0	0	0	2	0	
2	2	1	0	0	0	0	0	0	0	0	1	0	0	0	0	3	0	0	0	1	0	0	0	0	0	0	0	
1	0	0	1	1	0	1	3	0	0	0	1	2	0	0	0	0	0	0	0	2	1	0	0	0	0	0	0	
0	0	0	1	0	0	0	3	0	0	0	2	0	1	2	0	0	0	0	0	0	0	0	0	0	0	0	1	
0	0	0	0	2	0	1	2	1	0	3	0	0	1	0	0	2	3	3	1	0	0	1	0	0	0	1	0	
1	2	0	0	0	0	0	0	0	1	0	0	0	0	1	3	0	0	0	0	2	0	0	0	0	0	1	0	
0	2	1	1	0	0	2	3	0	0	0	0	0	0	0	0	3	0	0	0	0	0	2	0	0	0	1	0	
1	2	0	1	1	2	0	0	1	0	1	1	2	1	0	3	0	0	0	0	1	0	0	1	0	0	1	0	
0	0	1	1	0	2	0	0	1	0	1	1	3	0	1	0	3	0	0	0	1	0	0	0	1	1	0	0	
1	0	0	2	1	0	0	0	1	0	0	0	0	0	2	0	0	0	0	0	0	0	0	0	0	2	0	0	
--------------------

--------------------
Best Solution Found!
--------------------
Time: 0 hour(s), 0 minute(s), 1 second(s), 891 millisecond(s)

Fitness: 161812

0	0	1	0	2	1	0	0	1	1	1	0	2	1	0	3	3	3	0	0	0	0	0	0	2	0	0	1	
1	0	0	0	0	1	0	0	0	0	0	1	0	0	0	0	0	3	3	0	2	0	1	1	0	0	1	0	
2	2	0	1	0	0	1	3	0	0	0	1	2	3	0	0	0	0	0	0	1	2	0	0	0	0	1	0	
0	0	1	1	0	0	0	0	0	1	0	1	0	1	0	0	2	0	0	0	0	0	0	3	0	0	0	0	
1	2	1	0	0	0	1	3	0	1	1	1	2	0	0	3	3	0	0	0	0	0	0	0	0	0	2	0	
2	0	3	1	2	1	0	3	0	1	0	1	1	0	0	0	0	0	0	0	0	0	0	0	0	0	1	0	
1	0	0	0	0	1	1	2	1	0	1	2	0	0	0	0	0	0	0	0	0	0	2	1	0	0	1	0	
0	0	1	1	1	0	0	0	2	1	0	0	2	0	0	2	0	0	0	0	0	0	0	0	0	0	0	0	
1	2	1	1	0	1	0	3	0	1	0	2	2	1	1	0	0	3	0	0	0	0	2	0	0	1	1	0	
1	2	1	0	0	1	1	3	0	0	0	0	0	1	0	0	0	0	0	0	1	0	0	1	0	2	0	0	
0	0	0	0	0	0	2	2	1	1	1	1	0	2	2	0	0	0	0	0	1	1	0	0	0	0	1	0	
0	0	0	0	1	1	1	0	0	3	1	1	2	0	1	0	0	0	1	0	1	0	0	1	0	0	0	0	
1	1	1	0	1	0	0	3	0	0	3	0	1	2	0	0	0	0	0	0	1	0	0	0	0	0	0	1	
0	0	1	0	1	0	0	0	0	0	1	1	0	1	1	3	0	0	0	0	1	0	1	0	2	0	0	0	
2	2	0	2	1	0	0	0	0	3	1	0	2	0	0	0	3	3	0	0	1	0	0	0	0	0	1	0	
1	0	0	0	0	0	0	0	2	0	1	0	0	1	0	0	0	0	0	0	0	0	0	0	0	1	1	1	
1	0	1	0	1	1	1	0	0	0	0	1	2	0	0	0	0	0	0	0	0	0	0	0	0	0	0	0	
0	2	2	1	1	0	0	3	1	1	0	0	0	0	0	0	0	0	0	0	0	0	2	1	0	0	1	0	
1	3	0	0	0	1	0	3	1	0	0	0	2	0	0	0	0	0	0	0	0	0	0	0	0	0	0	1	
0	0	1	0	0	0	0	3	1	0	0	0	2	1	0	0	3	0	1	0	1	1	2	0	0	2	2	0	
1	0	3	2	1	1	1	0	0	1	0	0	0	0	0	0	0	2	0	0	0	0	0	0	0	1	0	0	
2	2	1	0	0	0	0	0	0	0	0	1	0	0	0	0	3	0	0	0	1	0	0	0	0	0	1	0	
1	0	0	1	1	0	1	3	0	0	0	1	2	0	0	0	0	0	0	0	2	1	0	0	0	1	1	1	
0	0	0	1	0	0	0	3	0	0	0	2	0	1	2	0	0	0	0	0	0	0	0	0	0	0	0	0	
0	0	0	0	2	0	1	2	1	0	3	0	0	1	0	0	2	3	3	1	0	0	1	0	0	0	1	1	
1	2	0	0	0	0	0	0	0	1	0	0	0	0	1	3	0	0	0	0	2	0	0	0	0	0	0	0	
0	2	1	1	0	0	2	3	0	0	0	0	0	0	0	0	3	0	0	0	0	0	2	0	0	0	2	0	
1	2	0	1	1	2	0	0	1	0	1	1	2	1	0	3	0	0	0	0	1	0	0	1	0	2	1	3	
0	0	1	1	0	2	0	0	1	0	1	1	3	0	1	0	3	0	0	0	1	0	0	0	1	0	0	0	
1	0	0	2	1	0	0	0	1	0	0	0	0	0	2	0	0	0	0	0	0	0	0	0	0	1	0	0	
--------------------

--------------------
Best Solution Found!
--------------------
Time: 0 hour(s), 0 minute(s), 2 second(s), 407 millisecond(s)

Fitness: 161797

2	2	3	1	0	0	0	0	0	1	0	2	2	1	2	0	3	0	0	0	1	1	1	0	0	0	1	1	
1	3	1	1	0	2	0	0	1	1	0	1	0	1	0	0	3	3	0	0	0	0	0	1	0	0	1	0	
1	0	0	0	0	0	1	0	0	0	1	0	3	1	0	0	0	0	0	0	0	0	0	0	0	0	0	0	
0	0	1	1	0	1	2	3	0	0	0	1	1	1	1	0	0	0	0	0	1	0	2	0	0	0	0	0	
0	0	1	2	0	1	0	3	0	0	0	1	2	0	1	0	0	0	0	0	0	0	0	0	0	1	2	0	
1	0	0	0	1	0	0	3	0	0	3	0	0	0	0	0	0	0	0	0	0	0	1	0	0	2	2	0	
0	2	0	0	1	0	0	3	0	0	0	0	2	0	0	0	0	0	0	1	1	0	2	1	0	2	0	0	
0	0	1	1	0	0	1	0	0	0	0	0	0	0	1	0	0	0	0	0	1	1	0	0	0	0	1	0	
1	2	0	1	0	0	0	0	0	0	1	1	0	0	2	0	0	0	3	0	0	0	0	0	0	0	1	0	
0	2	3	0	0	1	1	3	0	0	0	0	2	3	0	3	2	0	1	0	2	0	0	0	0	0	0	0	
0	0	1	0	0	1	1	2	1	0	0	1	2	0	0	3	2	0	0	0	0	0	0	0	0	0	1	1	
0	0	1	0	1	1	0	0	0	3	1	0	2	0	0	0	0	0	0	0	1	0	0	0	0	0	1	1	
0	0	0	1	1	1	0	0	2	0	1	2	2	1	0	0	0	0	0	0	0	0	0	0	1	0	0	0	
1	0	0	1	1	0	1	3	1	1	0	2	0	0	0	0	0	0	0	0	0	0	0	1	0	0	1	0	
1	2	0	0	1	0	0	3	0	1	1	0	2	0	0	3	0	0	0	0	1	0	2	0	0	0	0	0	
2	0	0	1	1	1	2	2	0	1	1	1	0	0	0	2	0	0	0	0	0	0	1	0	0	0	0	0	
0	0	0	0	1	0	1	3	0	1	0	0	0	0	0	0	0	3	3	0	2	2	2	0	0	1	1	1	
0	0	2	1	1	0	0	0	1	0	0	1	1	1	0	0	0	0	0	0	2	0	0	0	0	0	1	0	
1	0	1	2	0	0	1	3	1	0	1	1	0	2	0	0	3	3	0	0	0	0	0	0	2	1	1	0	
1	0	0	0	2	0	0	2	1	0	0	0	0	0	0	0	3	0	0	0	1	0	0	0	2	0	0	0	
0	0	0	1	0	0	0	0	0	0	1	1	0	0	0	0	0	3	0	0	1	0	0	0	0	2	0	0	
2	0	1	0	0	1	0	0	1	1	3	0	0	0	0	0	0	0	0	0	0	0	0	0	0	1	1	0	
1	1	1	0	1	1	0	3	0	1	0	1	2	0	0	3	3	0	0	0	0	0	0	1	0	0	0	0	
0	0	0	1	1	0	0	3	0	3	0	1	2	0	0	0	0	0	0	0	0	0	0	1	0	1	2	0	
1	2	0	0	2	0	1	3	1	1	0	1	0	1	1	0	0	0	0	0	1	0	0	0	0	0	0	0	
1	2	1	0	0	0	0	0	1	0	0	0	0	0	0	3	0	0	0	0	0	0	0	0	0	0	1	0	
1	2	1	2	2	0	0	0	0	0	1	1	2	1	1	0	0	0	0	0	0	0	0	0	0	0	1	1	
2	2	1	0	0	0	1	0	1	1	1	0	2	1	0	0	3	0	0	0	1	0	0	0	0	0	0	0	
1	2	0	0	0	2	0	0	2	0	0	0	0	2	2	0	3	3	0	0	0	0	2	1	0	0	0	1	
1	0	1	0	0	1	0	0	0	0	0	0	0	1	0	0	0	2	1	0	1	1	0	3	0	0	0	3	
--------------------

--------------------
Best Solution Found!
--------------------
Time: 0 hour(s), 0 minute(s), 2 second(s), 898 millisecond(s)

Fitness: 161762

1	0	0	1	0	0	0	3	2	0	0	1	0	1	0	3	3	3	0	0	0	0	0	0	0	0	0	0	
1	0	0	1	1	1	0	0	1	0	3	2	2	0	0	0	0	0	0	0	0	0	0	0	0	1	1	1	
1	2	0	1	0	1	1	2	0	0	0	0	1	1	0	0	0	0	0	0	0	0	0	0	0	0	1	0	
1	0	2	1	0	0	1	3	1	0	0	0	2	0	0	0	0	3	3	0	2	0	0	1	0	0	1	0	
2	2	0	0	0	0	0	0	0	1	1	1	0	0	0	3	3	3	0	0	1	0	0	1	0	0	1	0	
2	0	0	0	0	0	0	3	1	0	0	1	0	1	0	0	0	0	0	0	0	0	0	0	0	2	0	0	
0	0	0	1	0	1	1	0	0	0	1	1	0	1	0	3	0	0	0	0	1	1	0	1	2	0	1	1	
0	0	1	1	1	0	0	3	1	1	1	0	0	1	2	0	0	2	1	0	0	0	0	0	0	1	0	0	
1	2	1	0	0	1	0	3	1	1	0	0	2	0	0	0	0	3	0	0	0	0	0	1	0	2	1	0	
0	0	3	0	0	0	0	2	0	0	0	1	2	0	0	0	2	0	0	0	0	0	1	1	0	0	1	1	
0	2	1	0	0	0	0	3	0	1	0	0	0	0	0	2	3	0	0	1	0	0	0	0	0	0	0	0	
0	0	1	2	1	1	1	0	1	0	0	0	1	0	0	0	0	0	0	0	1	0	2	0	0	0	1	1	
1	2	1	0	0	2	1	0	0	0	0	0	0	0	0	0	0	0	0	0	1	1	2	0	0	1	1	0	
1	1	0	0	1	1	0	0	0	1	1	1	0	1	2	0	0	0	0	0	1	2	1	0	0	0	2	0	
0	0	3	0	0	1	1	0	0	0	1	1	0	1	0	0	0	0	0	0	2	1	0	0	2	1	0	0	
0	0	0	0	1	0	0	3	0	3	1	0	0	0	1	0	0	0	0	0	1	0	2	0	0	0	1	0	
1	2	1	1	0	1	0	2	2	1	0	0	2	3	0	3	3	0	0	0	0	0	0	0	0	0	0	3	
0	0	1	1	1	0	1	3	1	1	1	1	0	2	0	0	0	0	0	0	1	0	0	0	0	0	0	0	
1	0	0	0	2	0	0	3	0	1	0	2	0	0	0	0	0	0	0	0	0	0	2	0	0	0	2	0	
0	0	1	2	1	1	0	0	0	0	1	1	2	0	1	0	0	0	0	0	0	0	0	0	0	0	0	0	
1	2	1	0	2	0	0	0	0	1	0	0	2	0	0	0	3	3	0	0	1	0	1	1	0	0	0	0	
2	0	1	1	1	1	0	3	1	0	0	2	3	0	0	0	0	0	3	0	1	0	0	0	1	2	0	0	
1	2	0	2	2	0	0	0	1	0	1	1	2	1	0	0	0	0	0	0	2	0	0	0	0	0	0	1	
0	0	1	0	0	0	0	0	1	0	0	0	2	1	2	0	3	0	1	0	0	0	0	0	0	0	0	0	
1	0	1	0	0	0	0	3	0	3	0	1	0	0	0	0	2	0	0	0	1	0	0	0	0	0	0	0	
1	3	0	0	1	0	2	0	0	0	0	0	2	0	0	0	0	0	0	0	0	0	0	0	0	1	1	0	
1	0	0	0	0	0	0	0	0	0	1	0	0	0	0	3	0	0	0	0	1	0	0	0	0	0	1	0	
0	2	1	1	0	0	2	0	0	0	3	1	0	1	1	0	0	0	0	0	0	0	0	0	0	0	1	0	
2	0	0	1	1	0	1	0	0	1	0	1	2	2	1	0	3	0	0	0	0	0	2	3	0	0	2	0	
0	2	0	0	1	2	1	3	0	0	0	0	2	0	1	0	0	0	0	0	0	0	0	0	0	0	0	1	
--------------------

--------------------
Best Solution Found!
--------------------
Time: 0 hour(s), 0 minute(s), 5 second(s), 792 millisecond(s)

Fitness: 156795

0	0	3	0	1	1	1	0	0	1	1	1	3	0	0	0	0	0	0	0	2	0	0	0	0	0	2	0	
0	0	1	2	0	0	0	0	0	0	0	0	2	0	1	3	0	0	0	0	0	0	0	0	0	0	0	0	
0	0	1	0	2	0	1	3	0	0	0	1	2	0	2	3	0	0	0	0	1	0	2	0	0	0	1	0	
0	0	1	1	0	1	0	0	0	0	1	0	0	1	0	0	3	0	0	0	1	0	1	0	0	0	1	0	
1	0	1	0	1	1	1	0	1	1	1	0	0	0	1	3	0	3	1	0	0	0	1	3	0	2	1	0	
1	0	0	0	1	1	0	0	1	1	0	0	0	1	0	0	0	3	0	0	2	2	0	0	1	2	0	1	
0	2	0	1	0	0	1	3	1	1	0	1	2	1	0	0	0	0	0	0	0	0	0	0	0	0	1	1	
1	2	0	1	0	2	0	0	1	1	0	2	0	0	0	0	3	2	0	0	1	0	0	1	0	1	0	0	
0	2	1	1	0	2	0	3	0	0	3	2	0	0	0	0	0	0	0	0	0	0	0	1	0	0	1	3	
0	2	1	0	0	1	1	3	2	0	0	0	0	0	0	0	3	0	0	0	0	0	0	1	0	0	2	0	
2	0	0	1	0	0	0	3	0	1	1	0	0	0	0	3	0	0	0	0	1	0	0	0	0	0	0	0	
1	2	1	1	0	1	1	0	0	0	1	0	2	1	0	0	0	3	3	0	0	0	0	1	0	0	0	0	
2	0	1	1	2	0	0	0	0	1	0	1	2	2	0	0	0	0	0	0	0	0	2	0	0	0	0	0	
0	0	1	2	0	0	0	0	0	3	0	0	0	3	0	0	2	0	0	0	0	0	0	1	0	0	0	0	
1	0	1	0	0	0	0	0	0	0	0	1	2	0	0	0	0	0	0	0	0	0	1	0	0	0	1	0	
1	0	0	0	0	0	0	3	0	0	0	1	2	2	0	0	0	0	1	0	0	0	0	0	0	0	1	1	
1	0	0	0	1	0	1	2	0	1	1	1	0	0	0	0	3	3	0	0	0	0	2	1	0	0	0	1	
1	2	0	0	1	0	0	3	1	0	0	0	2	0	0	0	0	0	0	0	0	0	0	0	0	2	1	0	
2	0	1	0	0	0	0	0	1	3	0	0	0	1	1	0	0	0	0	0	0	0	0	0	0	0	0	0	
2	2	0	1	2	0	0	3	1	0	0	1	2	0	1	0	0	0	0	1	1	0	0	0	0	0	0	0	
0	0	0	0	0	0	1	2	0	0	1	1	0	0	0	0	0	0	0	0	1	0	0	0	0	0	2	0	
1	0	1	0	0	0	0	3	0	0	0	0	0	0	2	0	0	0	0	0	0	0	0	0	2	0	0	0	
0	2	2	1	1	0	0	0	0	0	1	0	2	1	0	2	0	0	3	0	1	1	0	0	0	0	1	0	
1	0	0	0	1	1	0	0	2	0	0	2	0	1	1	0	0	0	0	0	1	1	0	0	0	1	0	0	
1	0	0	2	0	0	0	0	0	1	3	1	2	1	2	0	0	0	0	0	0	0	2	0	0	0	1	1	
1	2	0	0	1	1	2	3	1	0	1	0	0	0	0	0	3	0	0	0	1	0	0	0	0	0	1	1	
0	0	0	0	1	1	2	3	0	0	0	1	1	1	0	0	0	0	0	0	0	0	0	0	0	0	0	0	
1	2	1	0	1	0	0	3	0	0	1	1	1	0	0	0	3	3	0	0	1	0	0	0	0	1	1	0	
0	3	3	1	0	1	1	2	1	1	0	0	2	1	0	0	2	0	0	0	1	1	2	0	0	1	1	0	
1	1	0	1	1	0	0	0	1	0	0	1	0	0	0	3	3	0	0	0	2	0	0	0	2	1	0	0	
--------------------

--------------------
Best Solution Found!
--------------------
Time: 0 hour(s), 0 minute(s), 17 second(s), 602 millisecond(s)

Fitness: 154810

2	2	1	1	0	0	0	3	1	0	0	0	0	3	1	0	0	0	1	0	0	0	0	0	0	0	0	0	
1	0	0	0	0	0	0	3	1	0	1	1	0	0	0	0	0	0	0	0	1	0	0	0	0	0	0	0	
0	0	1	0	1	0	0	0	0	1	1	1	0	1	1	0	0	0	0	0	1	0	1	0	0	0	0	0	
1	0	0	0	2	1	1	0	0	1	1	0	0	1	0	0	3	3	0	0	0	1	2	0	0	0	1	1	
1	0	0	1	2	1	1	0	0	0	0	1	2	1	0	0	0	2	0	0	2	0	0	1	0	0	1	0	
2	2	0	2	0	1	0	0	0	0	1	0	0	1	1	0	2	0	0	0	0	0	1	1	2	0	0	0	
1	2	3	0	0	1	1	3	0	0	0	0	0	0	0	0	0	0	0	0	0	0	0	0	0	1	1	3	
1	0	0	1	1	0	0	3	1	1	0	0	2	1	0	0	0	0	0	0	1	0	0	0	0	0	0	0	
0	0	0	1	1	2	0	0	0	1	1	0	2	0	0	3	0	3	3	0	1	0	0	0	0	0	2	0	
2	0	0	0	0	0	0	3	1	0	1	2	2	2	0	0	0	0	0	0	2	0	0	0	0	1	1	0	
1	2	0	0	1	1	1	0	0	1	1	2	0	0	0	0	3	0	0	0	0	0	0	1	0	2	0	0	
0	0	1	0	2	0	0	0	1	1	0	1	1	1	1	0	0	0	0	0	0	0	0	0	0	1	0	0	
2	2	2	0	1	0	1	0	0	1	0	2	1	0	0	0	0	0	0	0	0	0	0	0	0	0	2	0	
1	0	1	0	1	1	0	2	1	1	0	0	2	1	0	3	3	0	0	0	1	1	0	0	0	0	0	0	
1	3	1	1	1	0	0	2	0	0	0	0	0	0	0	2	0	0	0	0	0	0	0	0	0	0	1	1	
0	0	1	0	0	0	0	3	0	0	3	1	0	0	0	3	3	0	3	0	1	0	0	0	0	0	0	0	
0	2	1	0	0	1	0	0	0	0	0	1	2	0	0	0	0	0	0	1	1	1	0	0	0	2	1	1	
0	2	1	1	0	0	0	3	1	0	0	0	3	0	0	3	2	0	0	0	0	0	2	3	0	0	1	0	
1	0	3	1	0	0	1	3	0	0	0	0	0	0	0	0	0	3	0	0	0	0	0	0	0	0	0	0	
0	0	0	1	1	2	0	2	1	3	0	1	0	0	2	0	0	0	0	0	0	0	0	0	0	0	1	0	
0	0	0	0	0	0	1	3	0	0	1	1	2	0	2	0	0	0	0	0	1	0	0	0	1	0	1	0	
0	0	1	0	0	1	1	3	0	0	1	0	0	0	0	0	0	0	0	0	1	2	0	1	0	0	1	1	
0	0	1	2	0	0	0	3	1	0	0	1	2	0	0	3	3	0	0	0	1	0	2	0	0	0	0	0	
1	2	1	1	0	1	0	3	2	1	0	1	2	2	0	0	3	0	0	0	0	0	0	0	0	0	0	0	
1	2	0	2	1	1	2	0	0	0	0	0	2	1	0	0	0	3	0	0	0	0	0	1	0	0	1	0	
0	0	0	1	1	0	2	0	2	1	0	0	2	0	0	0	0	0	0	0	1	0	1	0	0	1	2	1	
1	2	0	1	1	0	0	0	0	3	0	1	2	0	0	0	3	0	0	0	0	0	0	0	2	0	1	0	
1	1	0	0	0	0	0	0	0	0	0	1	0	1	0	0	0	0	1	0	0	0	0	0	0	2	0	0	
0	0	1	0	0	0	1	0	1	0	1	0	0	0	1	0	0	0	0	0	0	0	2	0	0	0	1	0	
1	0	1	0	0	0	0	0	0	0	3	1	0	1	2	0	0	3	0	0	2	0	2	1	0	1	0	1	
--------------------

--------------------
Best Solution Found!
--------------------
Time: 0 hour(s), 1 minute(s), 9 second(s), 340 millisecond(s)

Fitness: 151759

1	2	0	1	1	0	0	3	0	0	0	0	2	0	0	0	0	0	0	0	0	0	0	1	0	0	0	0	
1	0	1	0	0	1	1	2	1	1	1	1	0	1	2	0	2	0	3	0	1	0	0	0	0	1	0	1	
0	0	0	0	0	0	0	3	1	3	1	0	0	0	0	0	0	0	0	0	0	0	0	0	0	0	1	0	
0	0	0	1	1	0	0	3	0	0	1	1	0	2	0	0	0	3	0	0	1	0	0	0	0	0	0	0	
1	2	3	0	0	1	2	3	0	0	0	1	0	0	0	2	0	0	0	0	0	0	2	0	0	0	2	0	
0	0	1	1	1	0	1	2	0	1	0	2	0	0	0	0	0	0	0	0	0	0	2	0	0	0	0	0	
1	1	1	1	0	0	0	0	0	0	0	0	0	0	0	0	0	0	0	0	1	0	0	1	0	0	0	0	
2	2	1	0	1	1	1	0	1	0	1	0	0	1	0	0	0	0	0	0	1	0	0	0	0	1	1	0	
1	2	1	1	0	0	0	3	0	0	0	1	0	1	1	0	0	0	0	0	0	2	1	0	0	0	1	1	
1	2	0	0	0	2	0	0	2	0	3	0	0	0	0	3	0	0	0	0	0	0	0	0	0	0	0	0	
1	3	0	0	2	1	0	0	0	1	0	0	0	0	0	0	0	0	0	0	0	0	0	1	0	0	1	0	
1	0	1	1	2	1	0	3	1	0	0	1	0	0	0	0	0	0	0	0	1	0	0	0	1	1	0	0	
1	2	0	0	1	2	0	0	0	0	0	0	0	1	0	0	0	0	0	0	2	0	0	1	0	0	1	0	
0	2	0	0	1	1	0	3	1	1	1	0	0	0	0	0	0	0	0	0	0	0	0	0	0	0	1	1	
2	0	2	0	0	0	1	0	1	1	3	0	0	0	0	0	3	3	1	0	0	0	2	0	0	0	0	1	
0	0	0	1	1	1	1	3	1	0	0	1	2	1	1	0	0	0	0	0	2	0	1	0	0	0	0	0	
1	0	1	1	0	0	0	2	0	1	1	1	3	0	1	3	3	3	0	0	1	1	1	0	0	2	2	0	
0	0	0	0	0	0	0	3	0	1	0	1	1	0	0	0	0	0	0	0	0	0	0	1	0	0	0	3	
0	0	0	0	0	1	1	0	0	1	0	2	2	0	0	0	0	0	0	0	0	0	0	0	0	0	0	0	
0	0	0	1	1	0	1	3	0	1	0	0	2	1	0	3	3	0	0	0	1	1	0	3	2	2	1	1	
2	2	1	0	0	1	0	0	2	0	1	1	2	2	0	3	3	0	1	0	2	0	2	0	0	1	1	0	
1	2	3	0	1	0	1	3	1	0	1	0	2	1	0	0	3	0	0	0	0	0	0	0	0	0	0	0	
0	0	0	1	0	1	0	0	0	1	0	1	2	0	2	0	0	0	0	1	1	0	0	0	0	1	1	1	
1	2	1	0	0	0	0	0	0	0	0	0	2	0	1	3	3	0	0	0	1	0	0	0	0	0	1	0	
1	0	0	0	1	0	0	0	0	0	1	2	2	0	1	0	0	0	0	0	0	0	0	0	0	0	1	0	
0	0	1	0	2	0	2	0	1	3	0	0	0	3	0	0	2	3	0	0	0	0	0	0	0	0	0	0	
2	0	1	2	0	0	0	0	1	0	0	0	2	1	0	0	0	0	0	0	1	0	2	0	2	0	2	0	
1	0	1	2	0	0	0	0	0	0	0	1	1	0	0	0	0	2	0	0	1	1	0	1	0	2	1	0	
0	0	0	2	1	0	1	3	0	0	1	1	2	1	2	0	3	3	3	0	0	0	0	0	0	0	1	0	
0	0	1	1	0	0	0	0	0	0	0	1	2	1	0	0	0	0	0	0	0	0	0	0	0	0	0	0	
--------------------

--------------------
Best Solution Found!
--------------------
Time: 0 hour(s), 1 minute(s), 9 second(s), 343 millisecond(s)

Fitness: 151759

1	2	0	1	1	0	0	3	0	0	0	0	2	0	0	0	0	0	0	0	0	0	0	1	0	0	0	0	
1	0	1	0	0	1	1	2	1	1	1	1	0	1	2	0	2	0	3	0	1	0	0	0	0	1	0	1	
0	0	0	0	0	0	0	3	1	3	1	0	0	0	0	0	0	0	0	0	0	0	0	0	0	0	1	0	
0	0	0	1	1	0	0	3	0	0	1	1	0	2	0	0	0	3	0	0	1	0	0	0	0	0	0	0	
1	2	3	0	0	1	2	3	0	0	0	1	0	0	0	2	0	0	0	0	0	0	2	0	0	0	2	0	
0	0	1	1	1	0	1	2	0	1	0	2	0	0	0	0	0	0	0	0	0	0	2	0	0	0	0	0	
1	1	1	1	0	0	0	0	0	0	0	0	0	0	0	0	0	0	0	0	1	0	0	1	0	0	0	0	
2	2	1	0	1	1	1	0	1	0	1	0	0	1	0	0	0	0	0	0	1	0	0	0	0	1	1	0	
1	2	1	1	0	0	0	3	0	0	0	1	0	1	1	0	0	0	0	0	0	2	1	0	0	0	1	1	
1	2	0	0	0	2	0	0	2	0	3	0	0	0	0	3	0	0	0	0	0	0	0	0	0	0	0	0	
1	3	0	0	2	1	0	0	0	1	0	0	0	0	0	0	0	0	0	0	0	0	0	1	0	0	1	0	
1	0	1	1	2	1	0	3	1	0	0	1	0	0	0	0	0	0	0	0	1	0	0	0	1	1	0	0	
1	2	0	0	1	2	0	0	0	0	0	0	0	1	0	0	0	0	0	0	2	0	0	1	0	0	1	0	
0	2	0	0	1	1	0	3	1	1	1	0	0	0	0	0	0	0	0	0	0	0	0	0	0	0	1	1	
2	0	2	0	0	0	1	0	1	1	3	0	0	0	0	0	3	3	1	0	0	0	2	0	0	0	0	1	
0	0	0	1	1	1	1	3	1	0	0	1	2	1	1	0	0	0	0	0	2	0	1	0	0	0	0	0	
1	0	1	1	0	0	0	2	0	1	1	1	3	0	1	3	3	3	0	0	1	1	1	0	0	2	2	0	
0	0	0	0	0	0	0	3	0	1	0	1	1	0	0	0	0	0	0	0	0	0	0	1	0	0	0	3	
0	0	0	0	0	1	1	0	0	1	0	2	2	0	0	0	0	0	0	0	0	0	0	0	0	0	0	0	
0	0	0	1	1	0	1	3	0	1	0	0	2	1	0	3	3	0	0	0	1	1	0	3	2	2	1	1	
2	2	1	0	0	1	0	0	2	0	1	1	2	2	0	3	3	0	1	0	2	0	2	0	0	1	1	0	
1	2	3	0	1	0	1	3	1	0	1	0	2	1	0	0	3	0	0	0	0	0	0	0	0	0	0	0	
0	0	0	1	0	1	0	0	0	1	0	1	2	0	2	0	0	0	0	1	1	0	0	0	0	1	1	1	
1	2	1	0	0	0	0	0	0	0	0	0	2	0	1	3	3	0	0	0	1	0	0	0	0	0	1	0	
1	0	0	0	1	0	0	0	0	0	1	2	2	0	1	0	0	0	0	0	0	0	0	0	0	0	1	0	
0	0	1	0	2	0	2	0	1	3	0	0	0	3	0	0	2	3	0	0	0	0	0	0	0	0	0	0	
2	0	1	2	0	0	0	0	1	0	0	0	2	1	0	0	0	0	0	0	1	0	2	0	2	0	2	0	
1	0	1	2	0	0	0	0	0	0	0	1	1	0	0	0	0	2	0	0	1	1	0	1	0	2	1	0	
0	0	0	2	1	0	1	3	0	0	1	1	2	1	2	0	3	3	3	0	0	0	0	0	0	0	1	0	
0	0	1	1	0	0	0	0	0	0	0	1	2	1	0	0	0	0	0	0	0	0	0	0	0	0	0	0	
--------------------

--------------------
Best Solution Found!
--------------------
Time: 0 hour(s), 1 minute(s), 55 second(s), 545 millisecond(s)

Fitness: 148796

1	1	3	0	2	1	1	0	0	0	0	2	0	0	0	0	0	0	0	0	0	0	0	0	0	1	2	0	
1	0	0	0	0	0	0	3	1	0	0	0	0	1	0	0	0	0	0	0	0	0	2	1	0	0	0	0	
0	2	2	1	0	0	0	0	1	0	1	1	0	0	0	0	0	3	0	0	0	0	0	0	0	0	2	0	
0	0	0	0	0	0	2	3	0	0	0	1	2	1	0	0	0	2	0	0	2	0	0	0	0	0	0	0	
1	0	0	0	1	1	1	0	0	0	1	0	1	0	1	0	0	0	0	0	0	0	0	0	0	0	0	0	
0	0	3	0	1	1	0	3	1	0	1	1	0	3	0	0	0	3	0	0	0	0	0	1	0	0	0	1	
0	2	1	1	0	0	0	3	0	0	1	1	2	0	0	2	2	0	0	0	1	0	0	0	0	0	0	0	
2	3	0	0	0	2	0	0	0	1	0	0	0	0	0	0	0	0	0	0	0	1	0	0	0	0	0	0	
2	0	1	1	0	1	1	2	0	1	1	0	2	0	0	0	0	0	0	0	0	0	1	3	0	2	1	0	
1	2	1	1	1	0	0	0	0	0	0	2	0	1	2	0	3	3	0	0	0	0	0	0	0	1	1	0	
1	0	0	0	1	1	0	0	0	1	0	0	0	0	1	0	0	0	0	0	0	0	0	0	0	1	0	0	
1	2	0	0	1	1	1	0	1	0	1	0	2	2	0	0	0	0	1	0	1	0	0	1	2	0	0	0	
1	0	0	0	0	0	0	3	0	0	1	1	2	0	0	0	3	0	0	0	1	2	2	1	0	0	0	0	
1	0	1	1	1	0	0	2	0	0	3	2	0	0	0	0	0	0	0	0	2	0	0	0	0	0	0	1	
2	2	0	1	0	0	0	0	1	1	0	0	2	1	1	0	0	0	0	0	0	0	2	0	0	1	1	0	
0	0	0	0	0	1	2	0	0	0	1	1	1	0	0	3	3	3	0	0	1	0	0	0	0	0	1	0	
1	2	0	0	0	0	0	0	1	1	0	0	0	2	0	0	3	0	0	0	0	0	0	0	0	0	0	0	
2	0	1	1	1	0	1	3	1	1	0	1	0	1	2	0	3	0	0	0	0	0	0	0	2	0	1	0	
0	0	1	1	1	0	0	3	1	0	0	1	0	1	0	3	3	0	0	0	0	0	0	0	0	0	1	1	
1	0	1	2	0	1	0	0	0	1	1	1	0	0	0	0	0	0	0	0	1	0	0	0	0	0	1	1	
1	0	0	1	1	1	1	0	0	0	0	0	3	1	0	0	0	0	0	0	1	0	2	0	0	0	0	0	
0	0	1	2	0	0	0	0	0	3	1	1	0	0	0	3	3	0	0	0	0	0	1	0	0	0	0	1	
0	2	1	1	2	0	0	0	2	1	0	1	2	1	2	0	2	0	3	0	2	0	2	0	0	1	1	0	
1	0	0	0	2	1	0	3	1	1	0	0	2	1	1	3	0	0	0	1	1	1	0	1	0	0	0	0	
1	2	1	0	1	0	0	0	2	0	0	0	0	1	0	0	0	0	3	0	1	0	0	0	0	2	1	0	
0	2	1	2	0	0	1	3	0	3	3	0	2	0	0	0	0	0	0	0	0	0	0	1	0	0	1	3	
0	0	0	0	0	0	0	3	0	0	0	1	0	0	0	0	0	0	0	0	0	0	0	0	0	0	1	0	
0	2	1	0	0	0	1	3	0	0	0	1	2	0	1	3	0	3	0	0	1	0	0	0	0	2	2	0	
0	0	1	1	0	0	1	2	0	1	0	0	2	0	0	0	0	0	0	0	1	1	1	0	1	0	1	0	
1	0	0	0	1	2	0	3	1	0	0	0	2	0	0	0	0	0	1	0	1	0	0	0	0	0	1	1	
--------------------


The best solution was found at the restart: 4, population: 0
Total Time Elapsed: 0 hour(s), 9 minute(s), 14 second(s), 846 millisecond(s)

