--------------------
Best Solution Found!
--------------------
Time: 0 hour(s), 0 minute(s), 0 second(s), 11 millisecond(s)

Fitness: 318107

0	2	1	0	1	0	0	2	0	0	2	0	0	0	0	2	1	2	0	3	2	1	0	2	0	0	1	2	
0	1	2	0	1	1	0	2	0	0	2	0	0	2	2	0	1	2	0	0	2	1	0	0	0	0	1	2	
0	0	2	1	3	0	1	2	0	2	2	0	0	0	0	0	1	1	0	0	2	1	1	2	0	0	1	2	
0	2	1	0	2	1	0	3	0	0	2	0	0	1	0	0	1	1	2	0	3	1	3	1	0	0	1	2	
0	2	1	0	2	1	0	0	0	0	2	0	0	2	0	0	0	2	0	0	2	1	0	0	1	0	2	2	
0	0	1	0	1	1	0	3	0	0	3	0	0	0	0	1	1	1	0	0	2	1	3	2	0	2	0	2	
1	1	0	0	2	0	0	3	0	0	2	2	0	0	0	0	1	2	0	0	1	1	1	2	0	0	1	2	
1	2	1	0	2	1	1	3	0	2	2	0	0	2	0	0	1	2	0	3	2	3	0	0	0	0	0	2	
0	0	2	0	2	1	0	2	1	0	3	0	0	0	1	2	1	1	0	3	0	1	0	2	1	2	0	1	
0	2	1	3	2	1	1	2	0	2	1	0	0	0	0	0	2	2	0	0	2	1	0	2	0	0	1	2	
1	2	0	0	2	2	0	0	1	0	3	0	0	0	2	0	2	2	0	0	2	1	0	2	0	2	1	1	
3	2	1	0	2	1	0	2	0	0	2	0	0	0	0	0	1	1	0	3	2	1	0	2	0	0	1	2	
0	1	1	0	2	3	1	2	0	1	2	0	3	0	0	0	2	1	0	0	0	3	0	0	2	2	1	1	
0	2	1	0	2	1	0	2	0	0	2	0	0	2	0	0	1	1	0	3	0	2	0	2	1	0	1	2	
0	2	0	0	2	1	0	3	0	0	2	0	0	0	0	0	0	2	0	0	2	1	0	0	0	0	1	2	
0	1	2	0	3	3	0	2	0	2	1	0	0	0	0	0	0	2	0	1	0	1	0	1	0	2	2	1	
0	0	1	0	2	3	0	0	2	0	3	0	0	0	0	0	2	2	0	3	2	1	0	2	0	0	1	2	
0	2	1	0	2	1	1	2	0	0	2	0	0	0	0	0	1	2	1	0	2	0	0	0	0	0	1	2	
0	1	1	0	0	1	2	2	0	0	2	0	0	0	0	0	1	1	0	0	3	1	0	2	0	0	1	1	
0	2	1	0	2	1	1	2	0	0	2	0	0	0	0	0	2	2	0	0	0	0	0	0	0	0	0	0	
0	2	1	0	2	2	0	2	0	0	2	0	1	2	0	0	1	2	0	0	1	2	1	0	0	0	2	2	
0	1	1	0	3	0	0	0	0	0	3	0	0	0	0	0	1	2	0	0	3	3	0	2	0	0	1	2	
0	2	1	0	2	1	0	0	0	2	2	0	0	0	0	0	1	2	1	0	2	1	0	1	0	0	0	2	
0	0	2	0	0	1	0	3	1	0	2	0	0	2	0	0	1	2	0	0	2	1	0	1	0	0	0	1	
0	2	1	0	0	1	1	2	0	0	2	0	0	0	0	0	1	2	0	0	2	0	1	2	0	0	1	2	
0	0	1	0	2	1	0	0	0	0	2	0	0	0	0	0	1	2	0	0	2	1	1	2	0	0	0	1	
0	2	1	0	2	1	0	0	0	0	2	0	0	0	2	0	1	1	0	0	2	1	0	2	0	0	1	2	
0	2	2	3	3	1	1	2	0	2	2	0	0	0	2	0	2	2	2	0	1	0	0	0	0	0	1	1	
0	2	0	0	0	1	0	2	0	0	2	0	0	0	2	0	1	2	0	0	2	0	0	2	0	0	1	2	
0	2	1	0	3	1	0	2	2	0	2	0	3	0	2	0	2	2	0	0	0	3	0	0	0	2	1	2	
0	2	2	0	2	1	0	2	0	2	2	0	0	2	0	2	1	2	1	0	2	1	1	2	1	2	1	2	
0	0	1	1	2	0	0	2	1	0	2	0	0	0	0	0	0	2	0	0	0	1	0	1	0	2	2	2	
0	2	1	0	2	1	1	0	1	0	2	0	0	0	0	0	1	2	0	0	2	2	0	2	0	0	2	2	
3	1	0	0	2	1	0	2	1	0	2	0	0	0	3	2	1	2	0	0	2	2	0	1	0	0	1	2	
0	2	0	3	2	1	0	2	0	0	3	0	0	0	0	0	2	2	0	0	0	1	0	2	0	0	1	2	
1	2	1	3	2	3	0	2	1	0	2	0	0	0	0	0	1	2	0	0	2	2	1	0	0	0	1	2	
1	1	1	0	2	1	0	0	0	0	2	0	1	0	0	0	1	2	0	0	3	1	0	2	0	0	1	2	
0	2	2	0	2	0	1	2	0	1	2	0	3	0	3	0	1	2	0	0	2	1	0	2	0	0	1	2	
0	1	1	0	2	0	0	2	0	0	3	2	0	0	2	0	1	1	0	0	0	1	1	2	0	0	1	2	
0	2	1	0	2	0	0	3	0	0	2	0	3	0	0	0	1	2	0	0	0	1	0	2	0	0	1	2	
0	2	0	0	2	1	0	2	0	0	2	0	0	0	2	2	1	2	0	0	3	1	1	1	0	0	1	2	
0	2	1	0	0	1	0	2	1	2	2	0	0	0	0	0	1	2	0	0	2	1	0	2	0	3	1	2	
0	2	1	0	0	1	0	2	0	0	2	0	0	1	0	0	1	2	0	0	1	1	0	0	0	0	1	1	
0	2	2	3	2	1	0	0	0	0	2	0	0	1	2	2	1	1	0	0	0	1	0	2	1	2	0	2	
0	0	1	3	2	1	0	2	1	2	3	0	0	0	0	0	1	2	0	0	2	1	0	2	0	0	1	2	
0	0	1	3	2	3	0	2	0	0	2	0	0	0	0	0	1	2	2	0	2	2	0	1	0	0	0	2	
0	2	1	0	2	1	0	0	0	0	2	0	0	0	0	0	1	0	0	0	3	1	0	2	0	0	2	2	
0	0	1	0	3	1	1	0	0	0	2	0	0	0	2	0	1	2	0	0	0	1	0	0	0	0	1	2	
0	2	1	0	3	3	0	3	0	2	2	0	0	2	0	0	1	2	2	0	2	1	3	2	0	3	1	0	
0	2	1	0	2	0	0	2	1	0	3	0	0	2	0	0	1	2	0	1	2	0	1	1	0	0	1	2	
0	2	1	0	2	0	0	2	2	0	2	0	0	2	0	0	2	1	0	0	2	1	0	1	0	0	0	2	
0	2	1	0	2	0	0	3	0	0	2	3	0	0	0	0	1	2	0	0	2	1	0	2	0	0	1	2	
0	2	1	3	2	1	0	2	0	0	2	0	3	0	0	1	2	2	0	0	2	1	0	2	0	0	2	2	
0	1	0	0	2	1	0	2	0	0	2	0	0	2	0	0	2	2	0	0	2	3	0	2	0	0	1	2	
1	2	1	0	2	2	0	2	0	0	3	0	3	0	2	0	1	2	2	0	2	1	0	2	0	2	2	0	
1	2	1	0	2	1	0	2	1	0	2	0	0	0	0	2	1	2	0	0	2	0	0	2	1	0	2	2	
0	2	2	0	3	1	0	2	0	0	2	0	0	0	0	0	1	2	0	3	2	1	0	2	0	0	1	1	
0	2	1	0	2	1	2	3	0	1	2	0	0	0	0	0	1	2	0	0	2	1	0	2	0	0	1	0	
1	2	2	0	2	3	0	2	0	0	2	0	0	0	2	0	1	2	0	0	2	0	0	2	0	0	1	1	
0	2	1	0	2	1	2	2	0	0	2	0	3	0	0	0	1	2	0	0	2	1	0	2	0	0	2	0	
--------------------

--------------------
Best Solution Found!
--------------------
Time: 0 hour(s), 0 minute(s), 0 second(s), 15 millisecond(s)

Fitness: 318107

0	2	1	0	1	0	0	2	0	0	2	0	0	0	0	2	1	2	0	3	2	1	0	2	0	0	1	2	
0	1	2	0	1	1	0	2	0	0	2	0	0	2	2	0	1	2	0	0	2	1	0	0	0	0	1	2	
0	0	2	1	3	0	1	2	0	2	2	0	0	0	0	0	1	1	0	0	2	1	1	2	0	0	1	2	
0	2	1	0	2	1	0	3	0	0	2	0	0	1	0	0	1	1	2	0	3	1	3	1	0	0	1	2	
0	2	1	0	2	1	0	0	0	0	2	0	0	2	0	0	0	2	0	0	2	1	0	0	1	0	2	2	
0	0	1	0	1	1	0	3	0	0	3	0	0	0	0	1	1	1	0	0	2	1	3	2	0	2	0	2	
1	1	0	0	2	0	0	3	0	0	2	2	0	0	0	0	1	2	0	0	1	1	1	2	0	0	1	2	
1	2	1	0	2	1	1	3	0	2	2	0	0	2	0	0	1	2	0	3	2	3	0	0	0	0	0	2	
0	0	2	0	2	1	0	2	1	0	3	0	0	0	1	2	1	1	0	3	0	1	0	2	1	2	0	1	
0	2	1	3	2	1	1	2	0	2	1	0	0	0	0	0	2	2	0	0	2	1	0	2	0	0	1	2	
1	2	0	0	2	2	0	0	1	0	3	0	0	0	2	0	2	2	0	0	2	1	0	2	0	2	1	1	
3	2	1	0	2	1	0	2	0	0	2	0	0	0	0	0	1	1	0	3	2	1	0	2	0	0	1	2	
0	1	1	0	2	3	1	2	0	1	2	0	3	0	0	0	2	1	0	0	0	3	0	0	2	2	1	1	
0	2	1	0	2	1	0	2	0	0	2	0	0	2	0	0	1	1	0	3	0	2	0	2	1	0	1	2	
0	2	0	0	2	1	0	3	0	0	2	0	0	0	0	0	0	2	0	0	2	1	0	0	0	0	1	2	
0	1	2	0	3	3	0	2	0	2	1	0	0	0	0	0	0	2	0	1	0	1	0	1	0	2	2	1	
0	0	1	0	2	3	0	0	2	0	3	0	0	0	0	0	2	2	0	3	2	1	0	2	0	0	1	2	
0	2	1	0	2	1	1	2	0	0	2	0	0	0	0	0	1	2	1	0	2	0	0	0	0	0	1	2	
0	1	1	0	0	1	2	2	0	0	2	0	0	0	0	0	1	1	0	0	3	1	0	2	0	0	1	1	
0	2	1	0	2	1	1	2	0	0	2	0	0	0	0	0	2	2	0	0	0	0	0	0	0	0	0	0	
0	2	1	0	2	2	0	2	0	0	2	0	1	2	0	0	1	2	0	0	1	2	1	0	0	0	2	2	
0	1	1	0	3	0	0	0	0	0	3	0	0	0	0	0	1	2	0	0	3	3	0	2	0	0	1	2	
0	2	1	0	2	1	0	0	0	2	2	0	0	0	0	0	1	2	1	0	2	1	0	1	0	0	0	2	
0	0	2	0	0	1	0	3	1	0	2	0	0	2	0	0	1	2	0	0	2	1	0	1	0	0	0	1	
0	2	1	0	0	1	1	2	0	0	2	0	0	0	0	0	1	2	0	0	2	0	1	2	0	0	1	2	
0	0	1	0	2	1	0	0	0	0	2	0	0	0	0	0	1	2	0	0	2	1	1	2	0	0	0	1	
0	2	1	0	2	1	0	0	0	0	2	0	0	0	2	0	1	1	0	0	2	1	0	2	0	0	1	2	
0	2	2	3	3	1	1	2	0	2	2	0	0	0	2	0	2	2	2	0	1	0	0	0	0	0	1	1	
0	2	0	0	0	1	0	2	0	0	2	0	0	0	2	0	1	2	0	0	2	0	0	2	0	0	1	2	
0	2	1	0	3	1	0	2	2	0	2	0	3	0	2	0	2	2	0	0	0	3	0	0	0	2	1	2	
0	2	2	0	2	1	0	2	0	2	2	0	0	2	0	2	1	2	1	0	2	1	1	2	1	2	1	2	
0	0	1	1	2	0	0	2	1	0	2	0	0	0	0	0	0	2	0	0	0	1	0	1	0	2	2	2	
0	2	1	0	2	1	1	0	1	0	2	0	0	0	0	0	1	2	0	0	2	2	0	2	0	0	2	2	
3	1	0	0	2	1	0	2	1	0	2	0	0	0	3	2	1	2	0	0	2	2	0	1	0	0	1	2	
0	2	0	3	2	1	0	2	0	0	3	0	0	0	0	0	2	2	0	0	0	1	0	2	0	0	1	2	
1	2	1	3	2	3	0	2	1	0	2	0	0	0	0	0	1	2	0	0	2	2	1	0	0	0	1	2	
1	1	1	0	2	1	0	0	0	0	2	0	1	0	0	0	1	2	0	0	3	1	0	2	0	0	1	2	
0	2	2	0	2	0	1	2	0	1	2	0	3	0	3	0	1	2	0	0	2	1	0	2	0	0	1	2	
0	1	1	0	2	0	0	2	0	0	3	2	0	0	2	0	1	1	0	0	0	1	1	2	0	0	1	2	
0	2	1	0	2	0	0	3	0	0	2	0	3	0	0	0	1	2	0	0	0	1	0	2	0	0	1	2	
0	2	0	0	2	1	0	2	0	0	2	0	0	0	2	2	1	2	0	0	3	1	1	1	0	0	1	2	
0	2	1	0	0	1	0	2	1	2	2	0	0	0	0	0	1	2	0	0	2	1	0	2	0	3	1	2	
0	2	1	0	0	1	0	2	0	0	2	0	0	1	0	0	1	2	0	0	1	1	0	0	0	0	1	1	
0	2	2	3	2	1	0	0	0	0	2	0	0	1	2	2	1	1	0	0	0	1	0	2	1	2	0	2	
0	0	1	3	2	1	0	2	1	2	3	0	0	0	0	0	1	2	0	0	2	1	0	2	0	0	1	2	
0	0	1	3	2	3	0	2	0	0	2	0	0	0	0	0	1	2	2	0	2	2	0	1	0	0	0	2	
0	2	1	0	2	1	0	0	0	0	2	0	0	0	0	0	1	0	0	0	3	1	0	2	0	0	2	2	
0	0	1	0	3	1	1	0	0	0	2	0	0	0	2	0	1	2	0	0	0	1	0	0	0	0	1	2	
0	2	1	0	3	3	0	3	0	2	2	0	0	2	0	0	1	2	2	0	2	1	3	2	0	3	1	0	
0	2	1	0	2	0	0	2	1	0	3	0	0	2	0	0	1	2	0	1	2	0	1	1	0	0	1	2	
0	2	1	0	2	0	0	2	2	0	2	0	0	2	0	0	2	1	0	0	2	1	0	1	0	0	0	2	
0	2	1	0	2	0	0	3	0	0	2	3	0	0	0	0	1	2	0	0	2	1	0	2	0	0	1	2	
0	2	1	3	2	1	0	2	0	0	2	0	3	0	0	1	2	2	0	0	2	1	0	2	0	0	2	2	
0	1	0	0	2	1	0	2	0	0	2	0	0	2	0	0	2	2	0	0	2	3	0	2	0	0	1	2	
1	2	1	0	2	2	0	2	0	0	3	0	3	0	2	0	1	2	2	0	2	1	0	2	0	2	2	0	
1	2	1	0	2	1	0	2	1	0	2	0	0	0	0	2	1	2	0	0	2	0	0	2	1	0	2	2	
0	2	2	0	3	1	0	2	0	0	2	0	0	0	0	0	1	2	0	3	2	1	0	2	0	0	1	1	
0	2	1	0	2	1	2	3	0	1	2	0	0	0	0	0	1	2	0	0	2	1	0	2	0	0	1	0	
1	2	2	0	2	3	0	2	0	0	2	0	0	0	2	0	1	2	0	0	2	0	0	2	0	0	1	1	
0	2	1	0	2	1	2	2	0	0	2	0	3	0	0	0	1	2	0	0	2	1	0	2	0	0	2	0	
--------------------

--------------------
Best Solution Found!
--------------------
Time: 0 hour(s), 0 minute(s), 0 second(s), 32 millisecond(s)

Fitness: 316084

0	2	2	0	2	3	0	3	0	0	1	0	0	0	2	0	1	2	0	0	2	0	0	2	0	2	1	2	
0	1	1	0	0	1	1	2	0	2	2	0	0	0	0	0	1	2	0	0	2	0	1	2	0	0	1	0	
0	1	2	0	2	1	0	3	0	0	2	0	0	1	0	0	2	2	0	0	2	1	0	2	0	0	1	1	
0	2	1	0	2	1	0	2	0	2	2	0	0	0	0	0	1	2	0	3	2	1	0	1	0	0	1	2	
0	2	1	0	3	1	0	2	0	0	2	0	0	0	0	0	1	2	0	0	2	1	0	2	0	0	2	2	
0	0	1	0	2	0	0	2	0	0	2	0	0	0	0	0	2	1	0	0	2	1	0	2	0	2	0	2	
1	2	1	0	0	1	0	2	1	0	2	0	0	0	3	0	1	2	0	0	0	0	1	2	0	0	1	2	
1	0	1	0	2	1	2	0	0	0	2	0	0	0	0	0	1	2	0	0	3	1	0	2	0	0	0	1	
0	0	1	0	2	1	0	2	0	0	2	0	0	0	0	0	1	2	0	0	2	1	0	2	0	0	0	2	
0	2	1	0	2	0	0	0	0	0	2	0	1	0	0	0	1	2	0	0	2	1	0	2	0	0	1	2	
1	2	1	0	3	3	0	2	1	0	2	0	0	2	0	0	2	2	0	3	2	1	0	2	0	0	1	2	
3	2	2	0	2	1	1	2	0	0	2	0	0	2	0	0	1	2	0	1	1	1	0	2	0	0	1	2	
0	1	1	0	2	1	0	2	0	2	3	0	0	0	0	0	1	2	1	0	2	1	0	2	0	0	1	0	
0	2	1	0	2	1	0	0	0	2	2	0	0	0	0	0	1	2	0	0	3	1	1	2	0	0	1	2	
0	2	1	0	2	3	0	2	2	0	1	0	0	2	2	0	1	2	0	3	2	1	1	2	0	0	1	2	
0	2	1	0	3	1	0	2	0	0	3	3	0	0	0	2	1	1	0	3	2	2	0	2	0	0	2	2	
0	2	1	3	2	1	0	0	0	0	2	0	1	0	0	0	1	2	0	0	0	0	0	0	0	2	1	2	
0	2	2	1	2	1	0	3	0	1	3	0	0	0	2	0	1	2	0	0	2	1	1	0	0	0	1	2	
0	1	1	3	2	1	1	2	0	0	2	0	0	0	0	1	1	2	0	0	2	1	0	2	0	2	1	2	
0	0	0	0	2	1	1	0	0	2	2	2	0	0	0	0	0	1	0	0	2	0	0	0	0	0	0	1	
0	0	1	3	2	1	1	2	1	0	2	0	0	0	0	0	1	1	0	0	2	3	0	2	0	0	2	2	
0	2	1	0	0	2	0	3	0	0	2	0	0	0	2	0	1	2	0	0	2	1	0	0	0	3	1	2	
0	1	1	0	2	0	0	2	0	2	2	0	0	0	0	0	1	2	0	0	2	3	0	2	1	0	0	0	
0	1	2	3	2	1	0	2	2	0	3	0	0	0	0	2	1	1	0	0	2	2	0	2	0	0	0	2	
0	2	1	0	2	2	0	0	0	0	2	0	0	0	2	0	2	2	0	0	1	1	0	2	0	0	1	1	
0	0	0	0	3	0	0	2	2	0	3	0	0	0	0	0	1	2	0	0	2	1	0	0	0	0	0	2	
0	0	0	0	2	1	0	0	0	2	2	0	3	0	0	0	1	2	2	0	3	1	0	1	1	0	1	2	
0	2	1	0	2	0	0	2	0	0	2	0	0	0	2	0	2	2	2	3	3	1	0	2	0	0	1	2	
0	2	1	0	3	1	1	3	0	2	2	0	0	0	0	1	2	2	0	0	2	1	0	1	1	0	1	2	
0	2	1	0	2	0	1	2	0	0	2	0	0	2	0	0	2	2	0	0	2	1	1	1	0	0	1	2	
0	2	2	0	2	1	0	2	0	0	2	0	0	2	2	0	1	1	2	0	1	3	0	2	0	0	1	1	
0	0	0	0	2	1	2	2	0	0	3	0	0	0	0	0	1	2	0	0	0	1	0	2	0	0	2	1	
0	2	2	0	1	3	0	3	1	0	2	0	3	2	0	0	0	1	2	3	2	1	0	2	0	2	2	0	
3	2	1	0	2	1	0	2	0	0	2	2	0	0	0	2	2	2	0	0	2	2	1	0	0	0	1	2	
0	2	2	0	1	1	0	3	1	2	2	0	3	0	2	0	1	1	0	0	0	1	0	2	0	3	1	2	
1	1	1	0	1	0	0	3	0	0	2	0	3	0	0	0	1	2	0	0	0	1	0	2	0	0	1	1	
1	2	1	0	2	1	0	2	1	0	2	0	0	0	2	2	1	2	0	0	2	2	0	0	0	0	1	2	
0	2	2	3	2	1	0	0	0	0	2	0	0	0	0	0	1	2	1	0	2	1	0	1	0	0	1	1	
0	2	1	0	2	1	0	2	0	0	2	0	0	0	0	0	1	2	0	0	2	1	0	0	0	0	1	2	
0	0	1	0	2	1	0	2	0	0	3	0	0	0	0	0	2	2	0	0	0	1	3	0	0	0	1	1	
0	2	2	0	2	0	0	2	1	0	2	0	3	0	0	0	1	2	0	0	3	0	0	0	0	0	1	2	
0	2	0	0	2	0	0	0	0	0	2	0	0	0	0	0	0	1	0	0	2	0	1	2	0	0	1	1	
0	1	1	0	2	1	1	0	0	0	2	0	0	0	2	0	0	1	2	0	2	0	0	1	0	0	1	2	
0	2	0	1	0	3	0	2	0	0	2	0	0	0	3	0	1	2	0	0	3	1	0	1	0	0	0	2	
0	2	1	0	2	1	1	2	0	0	3	0	0	0	0	0	1	2	0	0	1	1	0	2	0	0	1	2	
0	2	1	0	0	1	1	2	0	0	2	0	0	2	0	0	1	1	0	0	0	2	0	2	0	2	0	2	
0	2	1	3	0	1	0	2	1	0	2	0	0	0	0	0	2	2	0	3	0	3	0	2	0	0	2	2	
0	2	1	0	2	1	0	3	1	0	2	0	0	2	0	0	1	2	0	1	2	1	0	0	0	0	1	2	
0	2	2	0	2	1	1	0	1	0	2	0	0	0	2	0	1	2	0	0	0	3	0	1	1	0	1	1	
0	0	1	0	2	1	0	2	1	0	2	0	0	0	0	0	1	2	0	0	2	1	0	2	0	0	1	2	
0	1	1	3	3	1	0	0	0	2	2	0	0	0	0	0	1	2	1	0	2	1	0	1	0	2	0	0	
0	1	1	0	2	1	0	2	0	0	2	0	0	0	2	0	1	1	0	0	2	1	0	0	0	0	1	2	
0	2	1	0	3	0	0	3	0	1	2	0	0	2	0	0	1	2	0	0	2	1	0	2	0	2	2	2	
0	2	1	0	2	1	0	2	0	0	3	0	0	1	0	0	1	2	0	0	2	1	0	2	1	0	1	2	
1	2	1	0	3	0	2	2	0	0	3	0	0	0	0	0	2	2	0	0	0	2	0	0	0	0	2	2	
1	2	0	0	2	1	0	2	0	0	2	0	0	2	0	0	1	0	0	0	0	1	3	2	0	0	2	2	
0	2	1	0	2	3	0	2	0	0	2	0	3	0	0	2	1	2	0	0	2	1	3	1	2	0	1	2	
0	2	0	3	2	3	0	2	0	0	2	0	0	1	0	2	1	2	0	0	2	1	0	2	0	2	1	2	
1	2	1	0	2	1	0	2	0	1	2	0	0	0	1	0	1	2	0	0	0	1	1	2	1	2	1	2	
0	2	1	0	2	2	0	2	0	0	2	0	3	2	0	2	1	2	0	0	2	1	1	2	0	0	2	2	
--------------------

--------------------
Best Solution Found!
--------------------
Time: 0 hour(s), 0 minute(s), 0 second(s), 76 millisecond(s)

Fitness: 313091

0	2	2	0	2	2	0	3	0	2	2	0	0	1	0	0	1	2	0	1	2	1	1	2	0	0	1	2	
0	2	1	0	3	3	0	2	1	0	2	0	3	0	0	0	1	2	0	0	2	2	0	2	0	0	0	2	
0	2	1	0	2	1	0	2	0	0	3	0	3	2	3	0	1	2	0	0	2	3	0	1	0	0	0	2	
0	2	1	0	2	0	0	2	1	0	2	0	0	0	0	0	1	1	0	0	2	1	0	0	0	0	0	2	
0	2	0	0	2	1	1	2	0	0	2	2	0	0	0	0	1	2	0	0	2	1	1	2	0	0	1	2	
0	0	1	0	2	1	0	2	0	0	3	0	0	0	0	0	2	2	0	3	2	2	0	0	0	0	1	1	
0	2	0	0	2	1	0	2	0	0	2	0	0	0	0	0	1	1	2	0	0	1	1	2	0	0	1	2	
0	2	1	0	2	3	0	0	0	2	3	0	0	2	0	1	2	1	0	0	3	1	0	0	0	0	1	1	
1	2	1	0	1	0	0	3	0	0	2	0	3	2	2	0	1	2	0	3	2	1	3	2	2	0	2	2	
0	2	1	3	2	2	2	2	0	0	2	0	0	0	2	0	1	2	0	0	2	1	0	1	0	2	1	2	
0	2	1	0	2	0	0	2	0	0	2	2	0	0	0	0	1	2	0	0	2	1	0	1	0	2	1	1	
0	2	1	0	2	1	0	2	0	0	2	0	0	0	0	2	1	2	0	0	1	1	0	2	0	0	1	1	
0	1	1	0	2	1	0	2	1	0	2	0	0	0	0	0	2	2	0	0	2	1	0	0	0	0	1	2	
0	2	0	3	2	1	0	3	1	1	3	0	0	0	0	0	1	2	0	0	3	1	0	2	0	0	0	0	
0	2	1	3	2	1	0	3	1	2	2	0	0	0	0	0	1	1	2	0	2	1	0	2	0	0	0	2	
0	2	0	0	2	1	0	2	0	2	2	0	0	0	0	0	1	1	0	0	2	1	0	2	0	0	2	2	
0	1	1	0	3	1	0	2	0	2	2	0	0	0	0	0	0	2	0	0	0	0	0	2	0	3	1	1	
0	2	0	0	2	1	0	2	0	0	3	0	0	0	0	0	1	2	0	0	2	3	0	2	0	0	1	2	
1	2	2	0	2	1	0	0	0	0	2	0	0	2	3	0	1	2	0	0	2	1	0	0	0	0	1	2	
0	2	1	0	2	1	0	0	0	0	2	0	0	2	0	0	1	2	0	0	2	0	0	1	0	0	1	2	
0	1	1	3	2	1	1	0	0	0	2	0	0	0	0	0	1	2	0	0	2	2	0	0	0	0	2	2	
0	0	1	0	2	1	0	2	0	0	3	0	3	0	0	0	2	2	0	3	2	1	1	2	0	0	1	2	
0	1	1	0	2	1	0	2	0	2	2	0	0	0	0	0	2	2	0	0	2	1	0	2	1	0	1	2	
0	1	1	0	2	1	1	3	0	2	1	0	3	2	2	0	0	2	0	3	2	1	0	2	0	0	1	2	
1	2	0	0	3	1	0	0	0	1	2	0	0	0	0	0	2	2	0	0	1	0	1	2	0	0	2	1	
0	2	1	0	2	3	0	2	0	0	3	0	0	0	0	0	1	2	0	0	2	1	0	2	0	0	1	2	
0	2	1	0	2	1	0	2	0	0	2	0	0	0	0	2	1	2	0	1	3	1	3	0	0	0	1	2	
0	2	2	0	2	3	2	2	0	0	2	0	0	2	0	0	1	2	0	0	3	1	0	0	0	0	1	1	
0	0	1	3	2	3	0	2	0	0	2	0	0	0	0	2	2	0	2	0	2	1	1	1	1	0	0	2	
3	2	1	0	2	1	0	2	0	0	2	0	0	0	0	0	0	2	0	0	2	1	0	2	0	0	1	2	
0	2	0	0	0	0	1	2	2	0	2	0	3	2	0	0	1	2	0	0	1	1	0	2	1	0	1	2	
0	1	1	0	1	1	0	2	0	0	2	0	0	0	0	2	1	1	0	0	0	1	1	2	0	0	1	2	
0	2	1	0	2	1	2	2	0	2	3	0	0	0	0	0	1	2	0	3	2	1	0	1	0	0	1	0	
0	2	1	3	2	3	0	0	0	0	2	3	0	0	0	2	1	2	2	0	2	1	0	2	1	0	1	2	
0	1	1	0	2	1	0	2	0	0	1	0	0	0	0	0	1	2	0	0	0	1	1	0	0	2	2	2	
0	2	1	1	0	1	0	2	1	0	2	0	0	0	2	0	1	2	0	0	0	0	0	2	0	0	1	2	
0	2	1	3	2	1	0	2	1	0	2	0	0	0	0	0	2	2	0	0	2	0	0	0	0	2	1	0	
1	0	1	0	2	2	0	3	1	0	2	0	0	0	2	0	0	2	0	0	2	1	0	2	0	2	0	2	
0	2	0	0	2	0	0	2	1	0	2	0	0	0	0	0	1	2	0	0	2	1	0	1	0	0	1	0	
0	0	2	0	3	1	0	2	0	0	2	0	0	0	2	0	1	2	1	0	0	1	0	2	0	0	1	2	
0	0	1	0	0	1	1	2	0	0	2	0	0	2	0	0	1	2	0	0	3	1	0	2	0	0	1	2	
0	0	1	0	1	1	1	2	0	2	2	0	0	0	0	0	1	2	0	0	2	2	0	2	0	0	0	0	
0	2	2	0	0	3	0	3	0	0	2	0	0	0	0	0	1	2	0	0	2	1	0	0	0	0	1	2	
1	2	1	0	2	1	0	2	0	0	3	0	0	0	0	0	1	2	0	3	3	1	0	2	0	0	1	2	
0	1	2	0	2	1	1	2	0	0	2	0	0	0	2	2	1	2	0	0	1	1	3	2	0	0	1	2	
0	0	2	0	2	1	1	2	0	2	2	0	1	2	0	2	1	1	0	0	0	0	0	0	0	0	1	2	
0	2	1	0	2	1	1	3	0	0	2	0	0	0	0	0	1	2	0	0	0	1	0	2	0	0	0	2	
3	1	1	0	2	0	0	0	0	0	2	0	3	1	0	0	1	2	0	0	2	0	0	2	0	2	1	2	
0	2	1	0	2	0	0	2	0	0	2	0	1	0	2	0	1	1	1	0	0	2	1	2	0	2	2	2	
0	2	1	0	2	1	0	3	0	0	2	0	0	0	1	0	2	2	0	0	2	1	0	2	0	2	2	1	
1	2	2	0	2	1	0	2	0	0	2	0	0	0	0	0	2	2	2	0	2	3	0	0	1	0	2	2	
0	2	1	0	2	1	0	0	0	0	2	0	0	0	0	0	1	1	0	0	2	1	0	2	0	2	1	1	
0	2	2	0	3	1	0	2	1	0	2	0	0	0	2	0	1	2	0	0	2	1	1	2	0	0	0	2	
0	2	1	0	0	0	1	0	1	0	2	0	0	0	2	1	1	1	0	3	2	1	0	2	0	3	1	2	
0	2	2	0	3	1	0	2	0	0	2	0	0	0	0	0	1	2	0	0	0	3	0	2	0	0	1	1	
1	2	1	1	2	0	0	2	0	0	3	0	0	2	0	0	1	2	0	0	0	1	0	1	0	0	1	1	
0	0	1	0	3	0	0	3	2	0	2	0	0	0	0	0	2	2	0	0	2	2	0	2	1	0	2	2	
0	1	1	3	3	1	0	0	0	0	2	0	0	0	2	0	1	2	0	0	2	1	0	1	0	2	1	2	
0	0	1	0	2	0	1	0	2	1	2	0	0	1	2	0	1	1	0	0	0	3	0	2	0	0	2	2	
1	2	2	0	0	1	0	0	0	0	2	0	0	0	0	0	1	1	1	0	2	0	0	1	0	0	1	2	
--------------------

--------------------
Best Solution Found!
--------------------
Time: 0 hour(s), 0 minute(s), 0 second(s), 101 millisecond(s)

Fitness: 308091

0	2	1	0	2	1	0	0	1	0	2	0	0	1	0	0	0	2	0	0	2	1	1	2	1	0	1	2	
0	0	2	0	1	0	0	2	1	2	2	0	0	1	0	0	1	2	0	0	2	1	0	2	2	0	1	2	
0	2	2	3	2	1	0	2	0	0	2	0	0	0	0	0	1	2	0	0	0	1	1	2	1	0	1	2	
0	2	0	0	3	1	0	3	2	0	2	0	0	0	0	0	1	1	0	0	3	1	0	0	0	0	0	2	
0	0	1	0	2	2	0	2	0	0	2	0	0	0	0	0	0	1	1	0	2	1	0	1	0	0	1	0	
0	2	1	0	0	1	0	0	0	0	2	3	3	0	0	1	2	2	0	3	2	1	0	2	0	2	1	1	
0	2	0	0	2	1	0	2	0	0	2	0	0	0	0	0	1	2	0	0	0	1	0	2	0	0	1	2	
0	1	1	0	2	1	0	2	0	0	3	0	0	0	0	0	1	2	0	0	2	3	0	2	0	0	1	2	
1	2	1	3	2	1	0	0	0	0	2	0	0	0	0	0	1	2	0	3	3	1	0	2	0	2	1	2	
0	0	0	3	2	2	1	2	0	0	2	0	0	0	0	2	1	1	0	0	2	1	0	0	0	0	0	0	
0	0	1	1	2	3	0	0	0	0	2	0	0	0	2	0	2	2	0	3	2	1	0	2	1	2	1	2	
1	2	2	0	2	1	0	3	0	2	2	0	0	0	0	0	2	2	2	0	2	1	1	2	0	0	1	2	
0	2	1	0	0	3	0	0	0	2	2	0	3	0	0	0	1	2	2	0	3	3	0	0	0	2	1	2	
0	2	1	0	2	3	0	2	0	2	2	0	0	0	0	0	2	2	0	0	2	2	1	2	0	0	1	2	
0	2	1	0	2	1	0	2	0	0	2	0	0	0	0	2	1	2	0	0	0	1	0	0	0	0	1	2	
0	2	1	0	3	0	1	3	0	2	3	0	0	0	0	0	1	1	0	3	3	1	0	2	0	2	2	2	
0	2	1	0	3	3	0	2	0	0	2	0	0	2	1	0	1	2	0	0	0	1	0	0	0	0	0	2	
0	1	1	0	2	1	1	2	0	0	3	0	0	0	0	0	1	2	0	0	2	0	1	2	1	0	1	2	
0	1	2	0	2	1	0	2	0	0	2	0	0	0	2	1	1	2	0	0	2	1	0	1	0	0	1	1	
0	2	2	0	0	0	0	3	1	1	2	0	0	0	0	2	1	2	0	1	1	0	0	1	0	0	1	2	
0	2	1	0	2	1	2	2	2	1	2	0	1	0	0	0	1	2	0	0	1	2	1	2	0	0	1	2	
0	2	2	0	2	1	0	2	0	0	2	0	0	0	2	0	1	2	0	0	2	3	0	1	0	0	1	1	
1	2	2	0	2	1	1	2	1	0	2	0	0	0	0	0	1	2	0	0	2	1	0	0	0	0	1	2	
0	1	1	0	2	1	0	2	0	0	2	0	0	0	2	0	0	2	0	0	2	1	0	1	0	0	2	1	
1	1	1	0	2	1	0	2	0	2	2	0	0	1	0	0	1	2	0	0	2	0	0	0	0	0	2	2	
1	2	1	0	2	1	0	2	0	0	3	2	3	0	0	0	1	2	0	0	2	1	0	2	0	0	1	2	
0	2	1	0	2	1	2	2	0	0	3	0	0	0	3	0	1	2	0	1	2	1	0	2	0	0	1	2	
0	0	2	0	0	1	1	0	0	0	2	0	0	0	0	0	1	2	1	0	3	0	0	2	0	0	2	2	
1	2	1	3	3	0	0	3	2	0	2	0	0	0	2	0	1	2	0	0	2	0	3	2	0	0	2	2	
0	0	0	0	1	1	1	2	0	2	2	0	0	2	0	0	1	1	0	0	0	3	0	1	0	2	1	2	
3	2	1	0	3	1	1	3	0	0	2	0	0	0	0	0	1	1	0	3	2	1	3	1	0	2	2	2	
0	2	1	0	2	0	0	0	0	0	3	0	3	0	0	0	1	1	0	0	2	1	0	2	0	2	0	0	
1	1	1	0	2	0	0	2	1	2	2	0	0	0	0	0	2	2	1	0	2	2	0	1	0	0	2	1	
0	1	0	0	2	1	1	2	0	0	2	0	3	0	0	0	1	0	0	3	2	2	3	2	0	0	1	2	
0	2	1	0	3	0	0	2	0	0	2	0	3	2	0	0	2	1	0	0	1	1	0	0	0	0	1	2	
0	2	1	0	2	1	0	2	0	0	2	0	0	0	2	0	1	2	0	0	2	2	0	2	0	0	1	2	
0	2	1	3	2	0	0	2	0	0	2	0	0	0	0	0	1	2	0	0	2	1	1	2	0	0	1	0	
1	0	0	0	2	1	0	2	0	0	2	0	0	0	2	2	0	2	0	0	0	1	0	0	0	0	1	2	
0	2	1	1	2	1	0	2	1	0	1	0	0	2	2	0	1	2	0	0	2	1	0	2	0	0	1	0	
3	2	0	0	2	1	0	3	0	0	2	0	0	2	0	0	1	2	0	3	0	1	0	2	0	0	2	2	
0	1	1	0	0	1	0	2	0	2	2	0	0	0	2	0	1	2	0	0	0	1	0	2	0	0	1	2	
0	0	2	3	3	1	0	0	0	0	2	0	0	0	2	0	1	2	0	0	2	1	0	2	0	3	1	2	
0	1	1	0	2	1	0	0	1	0	2	0	0	0	0	0	2	2	2	0	3	1	0	0	1	0	1	2	
0	2	1	0	2	0	0	3	0	0	2	0	0	0	0	0	2	2	0	0	2	1	1	2	0	2	0	2	
0	0	2	0	2	1	0	2	1	0	3	0	0	0	0	0	2	2	0	0	1	1	0	2	0	0	0	1	
0	2	1	3	2	1	0	2	0	0	3	0	0	0	2	2	1	1	0	0	2	2	0	0	0	0	1	2	
0	2	1	0	2	1	0	0	1	0	2	0	0	2	0	0	2	1	2	0	0	1	0	2	0	0	1	2	
0	2	1	0	2	0	0	2	0	0	3	2	0	0	3	0	1	2	0	0	2	1	0	1	0	0	1	1	
0	2	1	0	2	1	1	2	0	0	2	0	0	0	0	0	1	2	0	0	0	1	0	2	0	3	0	2	
0	2	2	0	2	1	2	2	0	0	2	0	0	2	0	0	1	2	0	0	2	0	0	2	0	0	2	2	
0	0	1	3	2	0	0	2	0	0	2	0	0	0	0	0	1	2	0	0	2	1	0	2	0	0	1	2	
0	2	1	0	3	3	0	3	1	2	2	0	0	0	2	0	1	2	0	0	2	1	0	2	0	0	0	2	
0	2	1	0	2	1	0	0	0	1	2	0	0	2	0	2	1	2	0	0	2	1	0	0	0	0	1	2	
0	2	1	0	2	1	0	0	0	0	2	0	3	0	0	0	2	1	0	0	2	3	0	2	1	0	0	1	
0	2	1	0	2	1	0	2	0	0	2	0	0	2	0	0	1	2	0	0	2	1	0	0	0	2	1	1	
0	2	1	0	0	2	1	2	1	0	2	0	0	0	0	0	1	2	0	0	0	0	0	2	0	0	1	2	
0	1	1	0	2	3	0	2	0	0	1	0	1	2	0	2	1	1	0	0	2	1	1	2	0	0	1	1	
0	2	0	0	1	1	0	2	0	0	2	0	0	0	0	0	1	2	2	0	2	1	1	2	0	0	0	2	
0	2	1	0	2	1	1	3	0	0	3	0	0	2	0	0	1	2	0	0	2	0	0	1	0	0	1	1	
0	2	1	0	2	3	0	2	0	0	2	0	0	0	0	0	1	2	0	0	0	1	0	2	0	0	2	2	
--------------------

--------------------
Best Solution Found!
--------------------
Time: 0 hour(s), 0 minute(s), 0 second(s), 123 millisecond(s)

Fitness: 308070

0	2	0	0	2	1	0	2	0	0	2	0	0	0	0	1	1	2	1	0	2	1	1	1	0	0	1	1	
0	2	1	3	2	1	0	2	0	0	2	0	0	0	0	2	1	2	0	0	2	1	1	2	0	2	2	1	
0	2	1	0	0	1	2	2	0	0	2	0	0	0	0	0	2	2	0	0	1	1	0	0	0	2	1	2	
0	2	0	0	3	0	1	2	0	0	3	0	0	0	0	0	1	2	0	0	2	1	0	2	0	0	0	1	
0	0	1	0	2	3	0	2	1	0	2	2	0	0	0	0	1	2	0	0	2	1	0	0	0	2	1	2	
1	2	1	0	2	1	1	2	0	0	2	0	0	0	0	0	1	1	0	0	2	0	0	2	0	0	2	2	
0	2	1	0	2	1	0	2	0	0	2	0	3	0	2	2	1	2	0	0	3	1	0	1	0	0	1	0	
3	2	1	3	2	1	0	2	0	0	2	0	0	0	3	0	0	2	0	1	2	3	3	1	0	0	1	2	
0	2	1	0	0	3	0	2	0	0	1	0	0	0	0	0	2	2	0	0	2	1	0	2	0	3	1	2	
0	2	1	1	2	1	0	0	0	2	3	0	0	0	0	0	1	2	0	0	2	1	0	2	0	0	0	2	
0	2	2	0	2	1	1	2	0	0	2	0	0	0	0	0	1	2	0	0	2	1	0	2	0	0	1	2	
0	0	0	0	2	0	0	2	2	2	2	0	0	0	0	0	1	1	0	0	2	2	0	0	1	2	1	2	
0	2	1	0	2	1	0	3	0	0	2	0	3	0	0	0	1	2	0	0	0	0	0	2	1	0	1	0	
0	2	2	3	2	1	0	0	0	1	2	0	3	0	1	2	1	2	0	3	2	1	0	2	0	0	0	1	
0	2	1	0	2	0	0	0	0	0	2	0	0	0	0	0	1	2	0	0	2	0	0	2	0	0	1	1	
0	1	2	0	2	3	0	2	0	0	2	0	0	0	2	0	2	2	0	3	3	3	0	2	1	0	2	2	
0	0	2	0	3	0	0	2	0	0	2	0	0	0	2	0	2	1	0	0	2	2	0	2	0	0	0	2	
0	2	1	0	1	1	0	2	1	0	2	0	1	0	0	0	1	1	0	0	2	1	1	2	1	0	1	2	
0	1	2	0	2	1	0	2	0	0	2	0	0	0	3	0	1	2	0	0	2	1	0	0	0	0	1	1	
0	0	1	0	3	3	0	2	0	0	2	0	0	0	2	0	1	2	0	0	2	0	3	1	1	0	1	2	
0	0	1	0	2	3	1	2	0	0	2	0	0	1	2	0	1	2	0	0	2	1	0	0	0	0	1	2	
0	1	0	0	2	1	0	3	1	0	2	0	0	0	0	0	2	1	0	0	1	1	1	2	0	0	1	2	
0	2	1	3	2	0	0	3	0	0	2	0	0	0	0	0	1	2	0	0	2	1	0	2	0	0	1	2	
0	2	0	0	2	1	0	2	0	0	2	0	3	2	0	2	1	0	0	0	2	2	0	2	0	0	1	2	
0	2	1	0	2	1	0	2	0	0	3	0	0	2	0	0	1	2	0	0	2	1	0	2	0	0	0	2	
0	2	1	0	2	1	0	2	0	2	2	0	0	0	0	2	2	2	0	0	3	1	0	2	0	0	1	2	
0	1	1	1	2	0	0	0	0	2	2	0	0	1	0	1	1	2	0	0	2	0	0	2	0	0	0	2	
0	2	1	0	0	1	0	2	0	0	2	0	0	0	0	0	2	2	0	0	0	1	0	1	0	0	1	2	
1	2	1	0	2	1	0	0	0	0	3	0	0	2	0	0	1	1	1	0	1	1	0	0	0	0	0	1	
0	1	1	0	2	1	0	2	0	0	2	0	3	0	0	0	0	2	0	3	2	1	1	2	0	0	1	2	
0	2	1	0	3	1	0	3	1	0	2	0	0	2	0	0	1	1	0	0	0	1	0	0	2	0	1	2	
0	2	1	0	2	1	0	2	0	0	2	0	0	0	2	0	0	1	0	0	2	1	0	2	0	3	2	1	
1	2	1	0	2	1	0	2	0	0	2	0	0	0	0	0	0	1	2	0	2	3	0	1	0	0	1	2	
1	2	1	0	2	1	1	0	0	0	2	0	0	0	0	0	1	2	0	0	0	3	3	2	0	0	2	1	
0	2	1	0	2	3	0	0	1	0	2	0	0	1	0	0	1	2	0	0	0	1	0	1	0	0	2	2	
0	1	0	0	2	1	1	2	0	2	2	0	0	0	0	0	1	2	0	0	0	2	0	2	1	0	0	1	
0	2	1	0	2	0	0	2	2	0	3	0	0	0	0	0	2	2	0	0	3	1	0	0	0	2	1	2	
0	0	2	3	2	1	0	0	0	0	2	0	3	0	2	0	1	2	0	1	2	1	0	0	0	0	1	2	
0	2	0	0	0	0	1	2	0	0	2	0	0	2	0	0	1	1	0	3	2	1	0	0	0	0	1	2	
0	2	1	0	3	1	0	2	0	2	2	0	0	0	0	0	2	2	0	0	2	2	0	2	0	0	0	2	
0	1	1	0	2	2	0	3	1	1	2	0	0	0	0	2	1	2	0	0	2	1	1	2	0	0	1	2	
0	2	1	0	3	1	0	2	0	0	2	0	0	0	0	0	1	2	2	0	2	1	0	1	0	2	2	2	
0	2	2	0	2	1	1	2	0	0	2	0	0	2	0	0	1	2	0	3	2	0	0	2	0	0	1	2	
0	2	1	0	2	2	0	3	1	0	2	0	3	2	0	0	1	2	0	0	2	1	0	2	0	0	1	2	
0	2	0	3	2	1	0	3	2	0	1	0	0	0	0	0	1	2	0	0	0	1	0	2	0	0	1	0	
0	2	2	0	1	1	2	2	1	0	3	0	0	0	0	2	1	2	0	0	2	1	0	1	0	0	0	2	
0	2	1	0	2	1	0	3	1	2	2	3	0	2	2	0	1	2	2	0	2	0	0	2	0	0	1	2	
0	2	1	0	2	1	0	2	0	0	3	0	0	2	2	0	1	2	0	0	2	1	0	1	0	2	1	0	
1	1	1	0	2	1	0	3	0	0	2	0	0	0	2	0	1	2	0	0	0	1	0	0	0	0	2	2	
1	2	2	0	2	3	0	2	0	2	2	0	0	0	0	0	1	2	1	0	0	1	0	2	0	2	1	2	
0	0	1	0	2	2	0	2	0	0	3	0	0	0	2	0	1	1	2	0	2	1	1	2	0	0	1	2	
0	2	1	0	2	1	0	2	1	0	3	0	0	0	0	0	1	2	0	0	2	2	0	2	0	0	1	2	
0	1	1	0	0	1	0	2	1	2	2	0	0	0	0	0	1	2	2	0	2	1	0	2	0	0	1	0	
0	2	1	0	2	1	0	0	0	0	2	0	1	0	2	0	1	1	0	0	0	0	0	2	0	0	1	2	
3	0	2	3	3	0	0	0	0	1	2	0	0	0	0	0	2	2	0	3	2	3	1	2	0	0	1	2	
0	2	1	0	1	1	0	0	0	0	2	0	0	2	0	0	1	2	0	3	3	1	0	0	0	0	1	2	
1	0	1	0	2	1	2	2	0	0	2	2	0	0	0	0	1	2	0	0	0	1	0	0	0	2	2	2	
1	2	2	0	2	0	1	3	0	0	2	0	0	0	0	0	2	2	0	0	3	1	0	2	0	0	1	2	
0	0	1	3	3	0	1	0	0	2	3	0	0	0	0	0	1	2	0	0	0	1	1	2	0	0	2	2	
0	1	1	0	0	1	1	2	0	0	2	0	0	2	0	0	1	2	0	0	1	1	1	2	0	2	1	1	
--------------------

--------------------
Best Solution Found!
--------------------
Time: 0 hour(s), 0 minute(s), 0 second(s), 129 millisecond(s)

Fitness: 306068

0	2	0	0	2	1	0	2	0	0	2	0	0	0	0	0	1	2	1	0	2	1	1	1	0	0	1	1	
0	2	1	3	2	1	0	2	0	0	2	0	0	0	0	0	1	2	0	0	2	1	1	2	0	2	2	1	
0	2	1	0	0	1	2	2	0	0	2	0	0	0	0	0	2	2	0	0	1	1	0	0	0	2	1	2	
0	2	0	0	3	0	1	2	0	0	3	0	0	0	0	0	1	2	0	0	2	1	0	2	0	0	0	1	
0	0	1	0	2	3	0	2	1	0	2	2	0	0	0	0	1	2	0	0	2	1	0	0	0	2	1	2	
1	2	1	0	2	1	1	2	0	0	2	0	0	0	0	1	1	1	0	0	2	0	0	2	0	0	2	2	
0	2	1	0	2	1	0	2	0	0	2	0	3	0	1	0	1	2	0	0	3	1	0	1	0	0	1	0	
3	2	1	3	2	1	0	2	0	0	2	0	0	2	0	0	0	2	0	1	2	3	3	1	0	0	1	2	
0	2	1	0	0	3	0	2	0	0	1	0	0	0	2	0	2	2	0	0	2	1	0	2	0	3	1	2	
0	2	1	1	2	1	0	0	0	2	3	0	0	2	2	2	1	2	0	0	2	1	0	2	0	0	0	2	
0	2	2	0	2	1	1	2	0	0	2	0	0	2	0	0	1	2	0	0	2	1	0	2	0	0	1	2	
0	0	0	0	2	0	0	2	2	2	2	0	0	0	0	0	1	1	0	0	2	2	0	0	1	2	1	2	
0	2	1	0	2	1	0	3	0	0	2	0	3	0	2	0	1	2	0	0	0	0	0	2	1	0	1	0	
0	2	2	3	2	1	0	0	0	1	2	0	3	0	0	0	1	2	0	3	2	1	0	2	0	0	0	1	
0	2	1	0	2	0	0	0	0	0	2	0	0	0	0	2	1	2	0	0	2	0	0	2	0	0	1	1	
0	1	2	0	2	3	0	2	0	0	2	0	0	0	3	0	2	2	0	3	3	3	0	2	1	0	2	2	
0	0	2	0	3	0	0	2	0	0	2	0	0	0	2	0	2	1	0	0	2	2	0	2	0	0	0	2	
0	2	1	0	1	1	0	2	1	0	2	0	1	0	0	0	1	1	0	0	2	1	1	2	1	0	1	2	
0	1	2	0	2	1	0	2	0	0	2	0	0	0	3	1	1	2	0	0	2	1	0	0	0	0	1	1	
0	0	1	0	3	3	0	2	0	0	2	0	0	0	0	2	1	2	0	0	2	0	3	1	1	0	1	2	
0	0	1	0	2	3	1	2	0	0	2	0	0	0	2	0	1	2	0	0	2	1	0	0	0	0	1	2	
0	1	0	0	2	1	0	3	1	0	2	0	0	0	0	0	2	1	0	0	1	1	1	2	0	0	1	2	
0	2	1	3	2	0	0	3	0	0	2	0	0	2	0	0	1	2	0	0	2	1	0	2	0	0	1	2	
0	2	0	0	2	1	0	2	0	0	2	0	3	0	0	0	1	0	0	0	2	2	0	2	0	0	1	2	
0	2	1	0	2	1	0	2	0	0	3	0	0	0	0	0	1	2	0	0	2	1	0	2	0	0	0	2	
0	2	1	0	2	1	0	2	0	2	2	0	0	0	0	0	2	2	0	0	3	1	0	2	0	0	1	2	
0	1	1	1	2	0	0	0	0	2	2	0	0	2	0	0	1	2	0	0	2	0	0	2	0	0	0	2	
0	2	1	0	0	1	0	2	0	0	2	0	0	0	0	0	2	2	0	0	0	1	0	1	0	0	1	2	
1	2	1	0	2	1	0	0	0	0	3	0	0	0	0	0	1	1	1	0	1	1	0	0	0	0	0	1	
0	1	1	0	2	1	0	2	0	0	2	0	3	2	2	0	0	2	0	3	2	1	1	2	0	0	1	2	
0	2	1	0	3	1	0	3	1	0	2	0	0	0	0	0	1	1	0	0	0	1	0	0	2	0	1	2	
0	2	1	0	2	1	0	2	0	0	2	0	0	0	0	0	0	1	0	0	2	1	0	2	0	3	2	1	
1	2	1	0	2	1	0	2	0	0	2	0	0	0	0	0	0	1	2	0	2	3	0	1	0	0	1	2	
1	2	1	0	2	1	1	0	0	0	2	0	0	0	0	0	1	2	0	0	0	3	3	2	0	0	2	1	
0	2	1	0	2	3	0	0	1	0	2	0	0	0	0	0	1	2	0	0	0	1	0	1	0	0	2	2	
0	1	0	0	2	1	1	2	0	2	2	0	0	0	0	0	1	2	0	0	0	2	0	2	1	0	0	1	
0	2	1	0	2	0	0	2	2	0	3	0	0	2	0	0	2	2	0	0	3	1	0	0	0	2	1	2	
0	0	2	3	2	1	0	0	0	0	2	0	3	0	0	2	1	2	0	1	2	1	0	0	0	0	1	2	
0	2	0	0	0	0	1	2	0	0	2	0	0	0	0	0	1	1	0	3	2	1	0	0	0	0	1	2	
0	2	1	0	3	1	0	2	0	2	2	0	0	0	0	0	2	2	0	0	2	2	0	2	0	0	0	2	
0	1	1	0	2	2	0	3	1	1	2	0	0	0	0	0	1	2	0	0	2	1	1	2	0	0	1	2	
0	2	1	0	3	1	0	2	0	0	2	0	0	0	0	0	1	2	2	0	2	1	0	1	0	2	2	2	
0	2	2	0	2	1	1	2	0	0	2	0	0	2	0	0	1	2	0	3	2	0	0	2	0	0	1	2	
0	2	1	0	2	2	0	3	1	0	2	0	3	0	2	0	1	2	0	0	2	1	0	2	0	0	1	2	
0	2	0	3	2	1	0	3	2	0	1	0	0	2	2	0	1	2	0	0	0	1	0	2	0	0	1	0	
0	2	2	0	1	1	2	2	1	0	3	0	0	0	0	2	1	2	0	0	2	1	0	1	0	0	0	2	
0	2	1	0	2	1	0	3	1	2	2	3	0	1	2	0	1	2	2	0	2	0	0	2	0	0	1	2	
0	2	1	0	2	1	0	2	0	0	3	0	0	0	0	0	1	2	0	0	2	1	0	1	0	2	1	0	
1	1	1	0	2	1	0	3	0	0	2	0	0	0	0	0	1	2	0	0	0	1	0	0	0	0	2	2	
1	2	2	0	2	3	0	2	0	2	2	0	0	0	0	0	1	2	1	0	0	1	0	2	0	2	1	2	
0	0	1	0	2	2	0	2	0	0	3	0	0	2	0	0	1	1	2	0	2	1	1	2	0	0	1	2	
0	2	1	0	2	1	0	2	1	0	3	0	0	1	2	0	1	2	0	0	2	2	0	2	0	0	1	2	
0	1	1	0	0	1	0	2	1	2	2	0	0	0	0	2	1	2	2	0	2	1	0	2	0	0	1	0	
0	2	1	0	2	1	0	0	0	0	2	0	1	0	0	0	1	1	0	0	0	0	0	2	0	0	1	2	
3	0	2	3	3	0	0	0	0	1	2	0	0	0	0	0	2	2	0	3	2	3	1	2	0	0	1	2	
0	2	1	0	1	1	0	0	0	0	2	0	0	0	0	0	1	2	0	3	3	1	0	0	0	0	1	2	
1	0	1	0	2	1	2	2	0	0	2	2	0	2	2	2	1	2	0	0	0	1	0	0	0	2	2	2	
1	2	2	0	2	0	1	3	0	0	2	0	0	1	0	0	2	2	0	0	3	1	0	2	0	0	1	2	
0	0	1	3	3	0	1	0	0	2	3	0	0	0	0	0	1	2	0	0	0	1	1	2	0	0	2	2	
0	1	1	0	0	1	1	2	0	0	2	0	0	0	2	0	1	2	0	0	1	1	1	2	0	2	1	1	
--------------------

--------------------
Best Solution Found!
--------------------
Time: 0 hour(s), 0 minute(s), 0 second(s), 360 millisecond(s)

Fitness: 305074

0	0	1	0	2	1	0	2	0	0	2	0	3	2	2	0	1	1	0	0	2	1	0	0	0	0	1	1	
0	1	2	1	2	1	0	3	0	2	2	0	0	0	0	0	1	2	0	0	2	1	0	2	0	0	1	0	
0	2	1	0	2	1	0	2	0	0	2	0	3	0	0	0	1	2	2	3	2	1	0	1	1	0	0	0	
0	2	1	0	3	1	1	0	0	0	1	0	0	0	0	0	1	2	0	0	2	1	1	0	0	0	1	2	
3	2	0	3	0	1	0	2	1	0	2	0	0	1	2	0	2	2	0	1	2	1	0	1	0	0	1	2	
0	0	0	0	2	1	0	2	0	0	2	0	0	0	0	0	1	1	0	0	2	0	0	2	0	0	1	2	
0	2	2	0	2	0	2	2	0	2	2	0	0	0	0	0	1	2	0	0	0	1	0	2	0	0	2	1	
1	0	1	0	1	0	0	3	0	0	2	0	0	0	0	0	1	2	0	0	3	3	3	0	0	0	2	2	
0	1	1	0	2	1	0	2	0	0	2	0	3	2	0	0	1	2	2	0	2	1	0	1	0	0	1	1	
0	0	1	0	2	1	2	2	0	0	2	0	0	0	0	0	1	2	0	0	3	1	0	2	0	0	2	2	
0	2	1	0	2	0	0	2	0	0	3	0	0	0	0	0	2	2	0	0	2	1	0	2	0	2	2	2	
0	2	1	0	2	1	0	0	0	0	2	0	0	0	2	0	1	2	0	1	0	2	1	2	0	0	1	2	
0	2	1	0	2	1	0	2	0	0	2	2	0	1	0	0	1	1	0	0	0	0	0	0	0	0	1	2	
0	2	1	0	3	1	1	2	1	0	2	0	0	0	2	0	1	2	0	0	2	1	0	2	0	0	1	2	
0	1	0	0	3	3	0	2	0	0	2	0	0	2	0	0	1	2	0	0	2	0	1	2	0	0	1	2	
0	2	0	3	2	1	0	2	0	0	2	0	0	0	0	0	1	2	0	0	3	3	0	2	0	2	1	2	
0	2	1	0	2	1	0	2	0	2	2	0	0	0	0	0	1	2	0	3	0	2	0	2	0	0	0	2	
0	0	0	0	0	2	0	0	0	0	3	0	0	0	2	0	1	2	0	0	2	1	0	2	0	0	1	1	
0	1	1	1	2	0	1	3	0	0	2	0	0	0	2	0	2	2	0	0	2	1	0	2	0	0	1	2	
1	2	1	0	2	1	0	0	0	0	2	0	0	2	0	0	0	2	2	0	2	0	1	0	0	0	2	2	
1	1	1	0	2	3	0	2	0	0	2	0	0	0	0	0	1	2	0	0	2	1	0	0	0	2	1	2	
0	2	1	0	2	1	0	2	0	0	3	0	3	2	3	2	0	2	0	0	1	1	1	1	0	0	1	2	
1	2	2	0	2	1	0	3	1	0	2	0	0	2	0	0	1	1	0	0	3	1	0	2	0	0	1	2	
0	2	1	0	2	3	0	2	1	0	2	0	0	0	0	0	1	2	0	0	0	2	0	1	0	2	0	2	
0	2	1	0	3	1	0	3	0	2	3	0	1	0	2	2	2	2	0	0	2	1	0	1	0	2	1	1	
0	1	2	0	2	1	0	0	0	0	2	0	0	2	2	0	1	2	0	0	2	1	0	2	0	0	1	2	
0	2	1	3	2	1	0	2	0	0	2	0	0	0	0	0	0	2	0	0	0	0	0	0	0	0	0	2	
0	2	2	0	2	1	0	2	0	0	2	0	0	0	2	0	2	2	1	0	2	1	0	2	1	0	1	2	
0	0	1	3	2	2	0	2	0	0	2	0	0	0	0	2	2	2	0	0	2	1	0	0	0	0	1	2	
0	2	2	0	2	1	0	2	0	0	1	0	0	0	2	0	1	2	0	0	1	1	0	2	0	0	1	0	
0	2	1	0	2	0	0	2	0	0	3	0	0	0	3	0	1	2	1	0	2	1	0	2	0	0	0	1	
1	2	2	0	2	0	0	0	0	2	2	0	0	0	0	0	2	2	0	0	0	1	0	2	0	0	1	2	
0	2	1	0	0	1	0	0	0	1	2	0	0	0	0	0	2	2	0	0	2	3	1	2	0	0	1	2	
0	2	1	0	2	3	1	2	0	2	3	0	0	0	0	0	1	1	0	0	2	3	0	2	0	0	0	0	
0	2	1	0	2	1	0	2	0	0	2	0	0	0	0	2	1	2	0	0	2	1	0	2	2	0	1	1	
0	2	1	0	2	1	1	3	1	0	2	0	0	0	0	0	1	1	0	0	2	2	3	0	0	0	1	2	
0	1	1	0	2	3	0	0	0	0	2	0	0	0	0	0	2	1	0	0	2	1	0	2	1	0	1	2	
0	2	1	0	3	1	2	2	0	1	2	0	0	0	0	2	1	2	2	0	2	1	0	2	0	2	1	2	
0	1	1	0	3	1	1	0	0	0	2	0	0	0	2	2	1	2	0	3	1	1	0	2	1	0	1	1	
0	2	2	3	2	1	0	0	2	0	2	0	3	0	2	0	1	1	2	3	3	2	0	1	0	0	1	1	
0	0	0	0	2	1	0	2	0	0	2	0	0	2	0	0	1	1	0	0	2	1	0	2	0	3	1	2	
0	2	1	3	2	1	0	2	0	0	2	0	0	2	0	1	1	2	0	0	2	1	0	1	0	2	2	2	
1	0	1	0	2	1	0	2	0	2	2	0	0	0	0	0	1	2	0	3	0	0	0	2	0	0	2	2	
0	2	1	0	3	0	0	2	0	0	2	0	0	0	0	0	1	2	0	0	0	1	1	2	0	2	1	2	
1	2	1	0	2	3	0	0	2	2	3	0	3	0	0	0	1	2	0	0	1	1	3	2	0	0	2	2	
0	1	2	0	2	1	0	2	1	0	2	0	0	0	0	2	2	2	0	3	2	1	1	2	0	2	1	1	
0	2	2	3	2	1	1	3	0	0	2	0	1	0	0	0	1	2	0	0	0	0	0	0	0	0	2	2	
1	2	1	0	2	2	0	3	0	2	2	0	0	0	0	0	1	1	1	0	2	1	0	0	0	0	1	2	
0	2	2	0	1	1	0	2	1	0	2	0	0	0	0	0	1	2	0	0	2	1	0	1	1	0	1	2	
0	2	1	0	1	1	1	2	0	0	3	0	0	2	0	0	0	2	0	0	2	1	1	0	0	0	0	2	
0	2	1	0	2	0	0	3	0	0	2	0	0	0	0	0	1	2	0	0	0	1	0	0	0	0	1	2	
0	2	0	3	3	0	1	2	0	0	2	0	0	0	0	0	1	2	0	0	0	2	0	2	0	0	1	0	
0	2	1	0	2	1	0	2	0	0	2	0	0	0	0	0	1	2	0	0	2	1	0	2	1	3	2	1	
3	2	1	0	2	1	1	2	2	2	2	0	0	0	0	0	1	2	0	0	2	0	0	2	0	2	1	2	
0	1	1	0	2	0	0	0	1	1	2	0	0	2	0	0	2	1	0	0	2	3	0	1	0	0	0	2	
0	0	1	0	0	1	1	2	1	0	3	2	0	1	0	0	1	2	0	0	2	1	0	2	0	0	0	2	
0	2	1	0	2	1	0	2	0	0	2	3	3	0	0	0	1	1	0	0	2	1	0	2	0	0	1	2	
0	2	0	0	0	3	0	2	0	0	3	0	0	0	0	0	1	2	0	3	3	1	0	2	0	0	1	2	
0	2	1	0	2	1	0	2	1	0	2	0	0	0	1	1	1	0	0	0	2	1	0	2	0	0	0	2	
0	0	1	0	0	0	0	3	1	0	2	0	0	0	0	0	1	2	0	0	2	1	1	2	0	0	1	2	
--------------------

--------------------
Best Solution Found!
--------------------
Time: 0 hour(s), 0 minute(s), 1 second(s), 23 millisecond(s)

Fitness: 304092

0	1	1	0	3	1	0	0	0	0	2	0	0	2	3	0	1	2	0	3	2	2	0	2	0	2	1	2	
0	1	1	0	2	1	0	3	1	0	2	0	0	0	0	2	1	2	0	0	3	1	1	2	0	0	0	2	
0	2	2	0	2	1	0	2	1	2	2	0	0	0	0	0	2	2	0	0	2	1	0	2	0	0	2	2	
1	2	1	0	2	1	0	3	0	0	2	0	0	2	2	0	1	2	0	0	2	2	0	2	0	0	1	2	
0	2	1	0	2	1	0	2	0	0	2	0	0	0	0	0	1	2	1	0	2	1	0	1	0	0	1	2	
0	2	1	0	0	1	1	2	0	1	2	0	3	0	0	0	1	2	0	0	0	1	0	2	0	0	2	1	
0	0	1	3	2	1	0	3	0	0	2	0	0	0	2	0	0	2	2	0	2	1	0	2	0	0	1	2	
0	2	1	0	3	2	0	2	0	0	2	0	0	2	2	0	1	2	0	0	0	2	0	1	2	0	1	1	
0	2	0	0	3	3	0	2	0	0	3	0	0	0	0	0	1	2	0	0	3	1	0	2	0	3	1	2	
0	2	2	0	2	0	0	2	1	0	2	0	0	0	0	0	2	2	0	0	2	1	0	0	0	0	1	0	
0	2	1	0	2	1	0	2	0	0	3	0	0	0	2	0	1	2	0	3	2	1	0	1	0	0	1	1	
0	2	1	0	2	1	1	0	0	0	2	0	3	0	0	0	2	2	2	0	0	1	0	2	1	0	1	2	
0	2	1	0	1	1	0	0	2	2	3	0	0	0	0	0	1	2	0	3	2	3	0	0	0	0	1	2	
0	0	2	3	2	1	2	2	0	0	1	0	0	2	0	0	2	2	0	0	2	3	1	0	0	0	1	2	
0	2	1	0	2	1	0	3	1	0	2	0	0	0	0	0	0	2	0	0	0	1	1	2	0	2	0	0	
0	0	1	0	2	1	0	0	0	2	2	0	0	0	0	0	1	2	0	1	2	3	0	2	0	0	0	2	
0	1	1	0	2	2	1	2	0	0	2	0	0	2	0	0	1	2	0	0	0	0	3	2	0	0	1	2	
1	1	0	0	2	0	0	2	0	2	2	0	0	2	0	0	2	2	0	0	2	1	0	2	0	0	0	2	
0	2	1	0	3	1	1	2	0	0	2	0	0	0	0	0	1	1	0	3	0	1	0	2	0	0	1	2	
1	2	0	0	1	1	0	2	0	2	2	0	0	2	2	2	0	2	0	0	2	1	1	2	1	0	2	2	
0	2	2	0	2	1	0	2	0	2	2	0	0	0	0	0	1	1	0	0	1	1	0	0	0	0	2	2	
3	1	1	0	0	0	0	0	0	0	2	0	1	2	2	0	0	2	0	0	0	1	0	0	0	2	1	2	
0	1	0	3	2	0	0	2	0	0	2	0	0	0	0	0	1	2	1	0	0	1	0	1	0	0	1	2	
3	2	2	0	2	0	0	3	0	0	2	0	1	0	2	0	1	1	0	3	2	1	0	0	0	2	1	0	
0	0	1	0	2	1	0	2	0	0	2	3	0	0	2	0	1	1	0	0	2	1	0	0	0	0	1	2	
0	2	1	0	2	1	0	2	0	1	2	0	0	2	0	0	2	2	0	0	2	1	1	1	0	0	2	2	
0	1	0	3	2	1	0	2	0	0	3	0	0	0	0	0	1	2	0	0	3	2	1	2	1	0	1	2	
0	2	2	0	2	0	0	0	0	0	2	0	3	0	0	1	1	2	0	0	2	0	0	2	0	0	1	2	
0	2	2	0	2	1	0	2	1	0	2	0	0	0	0	0	1	2	2	0	2	1	1	2	0	0	1	2	
0	1	0	0	2	1	0	3	0	0	2	0	0	0	0	0	1	2	0	0	2	1	0	2	1	2	1	2	
0	2	1	0	2	1	0	0	0	0	2	0	0	1	0	0	1	2	0	0	2	1	0	0	0	3	1	2	
0	2	1	0	0	1	0	2	1	2	2	0	0	0	3	0	2	1	0	0	0	1	0	1	0	0	1	2	
0	2	1	0	2	1	1	2	0	0	2	0	0	1	0	0	1	2	1	3	3	2	0	2	1	0	1	1	
0	2	1	0	2	1	0	3	1	0	2	2	3	2	0	0	1	2	0	3	2	1	0	1	0	0	0	2	
1	1	2	0	0	1	1	2	1	0	3	0	0	0	2	0	1	2	0	0	2	1	1	2	0	0	1	2	
0	2	1	0	2	1	1	2	0	0	2	0	0	0	0	0	1	2	0	0	2	0	0	2	0	0	1	2	
0	2	0	0	0	3	0	0	0	0	3	0	0	0	2	0	1	2	0	0	2	0	0	2	0	0	2	2	
1	2	2	0	2	1	0	0	0	0	2	0	0	0	0	0	1	2	0	0	2	1	0	1	0	0	1	2	
0	0	1	0	3	3	0	2	0	0	2	0	0	0	2	0	1	2	0	0	2	0	0	2	0	0	1	2	
0	2	1	0	2	1	2	2	2	0	2	0	0	0	0	0	1	1	0	0	2	1	0	2	0	0	0	2	
1	1	1	3	3	1	0	3	0	0	2	0	3	0	0	0	1	2	0	0	2	1	0	2	0	0	0	2	
0	2	1	0	2	3	1	2	0	0	2	0	0	0	0	2	1	2	0	0	2	1	1	2	0	2	1	1	
0	2	1	0	2	1	0	2	0	0	2	2	0	1	0	2	1	2	0	0	2	1	0	0	0	2	2	1	
0	2	1	3	1	3	0	2	0	0	2	0	0	0	0	0	2	2	0	0	2	1	0	0	0	0	2	2	
1	2	1	3	0	0	0	2	0	0	2	0	0	0	1	2	2	1	0	0	2	1	0	0	0	0	1	0	
0	0	1	0	3	3	0	2	0	0	2	0	3	0	0	0	2	2	0	0	0	1	0	2	0	0	1	2	
0	2	2	1	2	1	0	2	0	1	2	0	0	0	0	0	1	1	0	0	2	1	0	1	0	0	1	2	
0	2	1	1	2	2	0	2	1	0	3	0	0	0	0	0	1	1	0	0	2	0	0	0	0	0	1	1	
0	2	1	0	2	0	0	2	0	2	2	0	0	0	0	0	1	2	0	0	2	1	0	2	0	2	2	2	
0	2	1	0	2	1	0	0	0	0	3	0	0	0	0	2	1	0	0	0	1	1	3	2	0	0	0	2	
0	0	0	0	2	1	0	2	0	0	2	0	0	0	0	0	1	2	0	0	1	0	0	2	0	0	1	1	
0	0	1	0	2	3	0	2	2	0	2	0	0	0	0	0	1	2	0	0	2	1	0	0	0	2	1	1	
0	2	2	0	2	0	1	0	0	0	2	0	0	0	0	2	1	1	0	0	3	3	0	2	0	0	1	0	
0	2	1	3	2	0	0	0	1	2	2	0	0	2	0	0	1	2	0	0	0	2	0	1	0	0	1	1	
0	0	1	0	2	0	1	2	0	0	3	0	3	0	0	0	1	1	2	0	2	1	0	2	1	2	2	2	
0	0	1	0	2	1	0	3	1	0	1	0	0	0	0	0	1	2	0	0	2	1	0	2	0	0	1	1	
0	2	1	0	2	1	0	2	0	0	2	0	0	0	0	1	1	2	0	0	0	0	0	2	0	0	1	2	
0	2	1	0	2	1	1	2	0	0	3	0	0	0	0	0	2	2	0	0	3	3	0	2	0	0	1	2	
0	2	1	0	3	1	0	2	0	0	2	0	0	0	0	0	1	2	2	0	2	1	1	2	0	0	0	2	
1	2	1	0	2	1	2	3	0	2	2	0	0	0	2	0	1	1	0	1	1	1	3	2	0	0	0	2	
--------------------

--------------------
Best Solution Found!
--------------------
Time: 0 hour(s), 0 minute(s), 1 second(s), 33 millisecond(s)

Fitness: 300076

0	1	1	0	3	1	0	0	1	0	3	0	0	0	0	0	1	2	0	3	0	3	1	1	0	0	1	2	
0	2	1	0	2	1	0	3	0	2	2	0	3	1	0	2	1	2	2	0	2	1	0	2	0	0	1	2	
0	2	2	0	2	1	0	2	1	0	2	0	0	0	2	0	1	2	0	0	2	1	0	2	0	0	0	2	
0	2	1	0	2	1	0	3	0	0	1	0	0	0	0	0	1	2	0	0	0	1	1	2	0	3	0	2	
0	0	1	0	2	1	0	2	0	0	2	0	0	0	0	0	0	2	0	0	3	1	0	0	0	0	2	2	
1	2	1	0	0	1	1	2	0	0	2	0	0	2	2	0	2	2	0	0	2	1	0	2	1	0	1	1	
0	0	1	3	2	1	0	3	0	0	2	0	0	0	0	0	1	2	0	0	2	2	1	1	0	0	2	2	
0	2	1	0	3	2	0	2	1	2	3	0	0	0	3	0	2	2	0	0	0	1	1	2	0	0	1	2	
0	2	0	0	3	3	0	2	0	0	2	0	0	0	0	0	2	2	0	0	2	1	0	2	0	0	1	2	
0	1	2	0	2	0	0	2	1	2	2	0	0	0	2	0	2	2	0	0	3	1	0	0	0	0	1	0	
1	2	1	0	2	1	0	2	0	0	2	0	0	0	0	0	0	2	0	3	2	1	0	2	0	2	1	1	
0	2	1	0	2	1	1	0	0	0	2	0	0	2	0	0	1	2	2	0	0	1	0	2	0	0	0	0	
0	2	1	0	1	1	0	0	0	2	2	0	0	0	0	0	1	2	0	3	2	0	0	2	0	0	2	2	
0	2	2	3	2	1	2	2	1	2	2	0	0	0	0	0	1	2	0	0	2	1	0	0	0	2	1	2	
0	2	1	0	2	1	0	3	0	0	2	0	0	0	0	0	1	2	1	0	0	1	0	0	0	2	1	2	
0	0	1	0	2	1	0	0	0	0	2	0	3	0	2	0	1	2	0	1	2	1	0	0	1	0	2	2	
0	2	1	0	2	2	1	2	0	1	2	0	0	0	0	0	1	2	0	0	1	2	0	0	0	0	0	2	
0	2	0	0	2	0	0	2	0	0	3	0	0	2	0	0	1	2	0	0	2	1	0	2	0	0	0	2	
3	1	1	0	3	1	1	2	0	0	2	0	0	2	0	0	1	1	0	3	2	1	3	2	0	0	2	1	
0	2	0	0	1	1	0	2	2	0	3	0	0	0	2	2	2	2	0	0	0	1	0	0	0	0	0	2	
0	1	2	0	2	1	0	2	1	0	2	0	0	0	0	0	2	1	0	0	2	3	0	0	0	0	1	1	
0	1	1	0	0	0	0	0	0	2	2	0	0	0	2	0	1	2	0	0	2	1	0	0	0	2	1	1	
0	2	0	3	2	0	0	2	2	0	2	0	0	0	0	0	1	2	2	0	3	1	0	1	0	0	1	2	
0	2	2	0	2	0	0	3	0	0	2	0	0	0	0	0	0	1	0	3	3	1	1	1	0	2	1	2	
0	1	1	0	2	1	0	2	0	0	2	3	0	2	2	0	2	1	0	0	3	0	1	1	0	0	1	2	
0	0	1	0	2	1	0	2	0	0	2	0	0	2	2	0	1	2	0	0	1	1	0	2	0	0	1	1	
0	0	0	3	2	1	0	2	0	0	2	0	0	0	0	0	1	2	0	0	2	1	0	1	0	0	1	2	
0	2	2	0	2	0	0	0	0	0	2	0	0	0	2	1	1	2	0	0	2	1	0	2	0	0	1	2	
0	2	2	0	2	1	0	2	0	0	3	0	0	1	0	0	1	2	0	0	1	0	3	2	0	0	1	2	
0	2	0	0	2	1	0	3	1	0	3	0	3	0	0	0	1	2	0	0	2	0	0	2	0	3	1	2	
3	2	1	0	2	1	0	0	0	0	2	0	0	0	0	0	1	2	0	0	2	1	0	2	0	0	1	1	
0	2	1	0	0	1	0	2	0	0	2	0	0	0	0	0	1	1	0	0	1	1	0	2	0	0	0	0	
0	2	1	0	2	1	1	2	0	1	2	0	0	0	0	0	2	2	1	3	0	0	0	2	0	2	0	2	
0	2	1	0	2	1	0	3	0	1	2	2	3	0	0	0	1	2	0	3	2	1	1	2	1	0	0	2	
0	2	2	0	0	1	1	2	0	0	2	0	0	0	3	0	1	2	0	0	2	1	0	2	0	0	1	0	
0	2	1	0	2	1	1	2	0	0	3	0	0	0	0	0	1	2	0	0	2	1	0	2	0	0	1	2	
1	2	0	0	0	3	0	0	0	0	2	0	0	0	0	0	1	2	1	0	2	1	0	2	0	0	1	2	
0	2	2	0	2	1	0	0	0	0	2	0	0	0	0	0	2	2	0	0	2	1	0	1	0	2	1	0	
0	1	1	0	3	3	0	2	0	0	3	0	0	2	2	0	1	2	0	0	2	1	0	2	0	0	1	1	
0	2	1	0	2	1	2	2	0	2	2	0	1	1	0	0	1	1	0	0	2	1	3	2	0	0	2	2	
0	2	1	3	3	1	0	3	2	0	2	0	0	0	0	0	1	2	0	0	0	2	0	2	0	2	1	1	
1	1	1	0	2	3	1	2	0	0	2	0	3	2	0	2	2	2	0	0	0	1	0	1	0	0	1	2	
1	2	1	0	2	1	0	2	0	0	2	2	0	0	2	2	1	2	0	0	2	1	0	2	0	0	1	2	
0	2	1	3	1	3	0	2	1	0	2	0	0	0	0	0	1	2	0	0	2	2	0	0	0	0	1	2	
0	2	1	3	0	0	0	2	1	0	2	0	0	0	0	2	1	1	0	0	0	1	0	2	2	0	2	2	
0	2	1	0	3	3	0	2	0	0	2	0	0	0	1	0	1	2	0	0	2	2	0	2	0	0	1	2	
0	2	2	1	2	1	0	2	0	0	2	0	0	0	0	0	1	1	0	0	2	1	1	2	0	2	0	2	
0	0	1	1	2	2	0	2	0	2	2	0	1	0	0	0	2	1	0	0	2	1	0	2	1	0	1	2	
0	2	1	0	2	0	0	2	0	0	2	0	0	0	0	0	1	2	0	0	2	1	1	0	0	0	2	2	
0	2	1	0	2	1	0	0	1	2	2	0	0	2	0	2	1	0	0	0	2	0	0	2	0	0	2	2	
0	0	0	0	2	1	0	2	0	0	2	0	0	0	0	0	1	2	0	0	2	3	0	2	0	0	1	2	
0	0	1	0	2	3	0	2	0	0	3	0	0	2	0	0	1	2	0	0	0	1	0	2	0	0	1	1	
0	1	2	0	2	0	1	0	1	0	1	0	3	0	0	2	1	1	0	0	2	2	1	2	0	0	2	2	
1	1	1	3	2	0	0	0	0	0	2	0	0	2	0	0	1	2	0	0	2	1	0	2	0	0	1	1	
0	2	1	0	2	0	1	2	0	2	2	0	0	0	0	0	1	1	0	0	2	1	0	1	0	0	1	2	
0	0	1	0	2	1	0	3	0	0	2	0	0	0	0	0	1	2	0	0	2	3	0	0	0	0	1	2	
1	2	1	0	2	1	0	2	0	0	3	0	0	0	0	1	1	2	2	0	2	0	0	1	1	0	1	2	
0	0	1	0	2	1	1	2	0	0	2	0	0	0	0	0	0	2	2	0	0	1	0	2	0	2	1	2	
0	2	1	0	3	1	0	2	0	0	2	0	3	0	2	0	1	2	0	0	3	3	0	0	1	0	1	2	
1	2	1	0	2	1	2	3	0	0	2	0	0	0	0	0	1	1	0	1	2	0	0	2	0	0	1	2	
--------------------

--------------------
Best Solution Found!
--------------------
Time: 0 hour(s), 0 minute(s), 1 second(s), 37 millisecond(s)

Fitness: 300076

0	1	1	0	3	1	0	0	1	0	3	0	0	0	0	0	1	2	0	3	0	3	1	1	0	0	1	2	
0	2	1	0	2	1	0	3	0	2	2	0	3	1	0	2	1	2	2	0	2	1	0	2	0	0	1	2	
0	2	2	0	2	1	0	2	1	0	2	0	0	0	2	0	1	2	0	0	2	1	0	2	0	0	0	2	
0	2	1	0	2	1	0	3	0	0	1	0	0	0	0	0	1	2	0	0	0	1	1	2	0	3	0	2	
0	0	1	0	2	1	0	2	0	0	2	0	0	0	0	0	0	2	0	0	3	1	0	0	0	0	2	2	
1	2	1	0	0	1	1	2	0	0	2	0	0	2	2	0	2	2	0	0	2	1	0	2	1	0	1	1	
0	0	1	3	2	1	0	3	0	0	2	0	0	0	0	0	1	2	0	0	2	2	1	1	0	0	2	2	
0	2	1	0	3	2	0	2	1	2	3	0	0	0	3	0	2	2	0	0	0	1	1	2	0	0	1	2	
0	2	0	0	3	3	0	2	0	0	2	0	0	0	0	0	2	2	0	0	2	1	0	2	0	0	1	2	
0	1	2	0	2	0	0	2	1	2	2	0	0	0	2	0	2	2	0	0	3	1	0	0	0	0	1	0	
1	2	1	0	2	1	0	2	0	0	2	0	0	0	0	0	0	2	0	3	2	1	0	2	0	2	1	1	
0	2	1	0	2	1	1	0	0	0	2	0	0	2	0	0	1	2	2	0	0	1	0	2	0	0	0	0	
0	2	1	0	1	1	0	0	0	2	2	0	0	0	0	0	1	2	0	3	2	0	0	2	0	0	2	2	
0	2	2	3	2	1	2	2	1	2	2	0	0	0	0	0	1	2	0	0	2	1	0	0	0	2	1	2	
0	2	1	0	2	1	0	3	0	0	2	0	0	0	0	0	1	2	1	0	0	1	0	0	0	2	1	2	
0	0	1	0	2	1	0	0	0	0	2	0	3	0	2	0	1	2	0	1	2	1	0	0	1	0	2	2	
0	2	1	0	2	2	1	2	0	1	2	0	0	0	0	0	1	2	0	0	1	2	0	0	0	0	0	2	
0	2	0	0	2	0	0	2	0	0	3	0	0	2	0	0	1	2	0	0	2	1	0	2	0	0	0	2	
3	1	1	0	3	1	1	2	0	0	2	0	0	2	0	0	1	1	0	3	2	1	3	2	0	0	2	1	
0	2	0	0	1	1	0	2	2	0	3	0	0	0	2	2	2	2	0	0	0	1	0	0	0	0	0	2	
0	1	2	0	2	1	0	2	1	0	2	0	0	0	0	0	2	1	0	0	2	3	0	0	0	0	1	1	
0	1	1	0	0	0	0	0	0	2	2	0	0	0	2	0	1	2	0	0	2	1	0	0	0	2	1	1	
0	2	0	3	2	0	0	2	2	0	2	0	0	0	0	0	1	2	2	0	3	1	0	1	0	0	1	2	
0	2	2	0	2	0	0	3	0	0	2	0	0	0	0	0	0	1	0	3	3	1	1	1	0	2	1	2	
0	1	1	0	2	1	0	2	0	0	2	3	0	2	2	0	2	1	0	0	3	0	1	1	0	0	1	2	
0	0	1	0	2	1	0	2	0	0	2	0	0	2	2	0	1	2	0	0	1	1	0	2	0	0	1	1	
0	0	0	3	2	1	0	2	0	0	2	0	0	0	0	0	1	2	0	0	2	1	0	1	0	0	1	2	
0	2	2	0	2	0	0	0	0	0	2	0	0	0	2	1	1	2	0	0	2	1	0	2	0	0	1	2	
0	2	2	0	2	1	0	2	0	0	3	0	0	1	0	0	1	2	0	0	1	0	3	2	0	0	1	2	
0	2	0	0	2	1	0	3	1	0	3	0	3	0	0	0	1	2	0	0	2	0	0	2	0	3	1	2	
3	2	1	0	2	1	0	0	0	0	2	0	0	0	0	0	1	2	0	0	2	1	0	2	0	0	1	1	
0	2	1	0	0	1	0	2	0	0	2	0	0	0	0	0	1	1	0	0	1	1	0	2	0	0	0	0	
0	2	1	0	2	1	1	2	0	1	2	0	0	0	0	0	2	2	1	3	0	0	0	2	0	2	0	2	
0	2	1	0	2	1	0	3	0	1	2	2	3	0	0	0	1	2	0	3	2	1	1	2	1	0	0	2	
0	2	2	0	0	1	1	2	0	0	2	0	0	0	3	0	1	2	0	0	2	1	0	2	0	0	1	0	
0	2	1	0	2	1	1	2	0	0	3	0	0	0	0	0	1	2	0	0	2	1	0	2	0	0	1	2	
1	2	0	0	0	3	0	0	0	0	2	0	0	0	0	0	1	2	1	0	2	1	0	2	0	0	1	2	
0	2	2	0	2	1	0	0	0	0	2	0	0	0	0	0	2	2	0	0	2	1	0	1	0	2	1	0	
0	1	1	0	3	3	0	2	0	0	3	0	0	2	2	0	1	2	0	0	2	1	0	2	0	0	1	1	
0	2	1	0	2	1	2	2	0	2	2	0	1	1	0	0	1	1	0	0	2	1	3	2	0	0	2	2	
0	2	1	3	3	1	0	3	2	0	2	0	0	0	0	0	1	2	0	0	0	2	0	2	0	2	1	1	
1	1	1	0	2	3	1	2	0	0	2	0	3	2	0	2	2	2	0	0	0	1	0	1	0	0	1	2	
1	2	1	0	2	1	0	2	0	0	2	2	0	0	2	2	1	2	0	0	2	1	0	2	0	0	1	2	
0	2	1	3	1	3	0	2	1	0	2	0	0	0	0	0	1	2	0	0	2	2	0	0	0	0	1	2	
0	2	1	3	0	0	0	2	1	0	2	0	0	0	0	2	1	1	0	0	0	1	0	2	2	0	2	2	
0	2	1	0	3	3	0	2	0	0	2	0	0	0	1	0	1	2	0	0	2	2	0	2	0	0	1	2	
0	2	2	1	2	1	0	2	0	0	2	0	0	0	0	0	1	1	0	0	2	1	1	2	0	2	0	2	
0	0	1	1	2	2	0	2	0	2	2	0	1	0	0	0	2	1	0	0	2	1	0	2	1	0	1	2	
0	2	1	0	2	0	0	2	0	0	2	0	0	0	0	0	1	2	0	0	2	1	1	0	0	0	2	2	
0	2	1	0	2	1	0	0	1	2	2	0	0	2	0	2	1	0	0	0	2	0	0	2	0	0	2	2	
0	0	0	0	2	1	0	2	0	0	2	0	0	0	0	0	1	2	0	0	2	3	0	2	0	0	1	2	
0	0	1	0	2	3	0	2	0	0	3	0	0	2	0	0	1	2	0	0	0	1	0	2	0	0	1	1	
0	1	2	0	2	0	1	0	1	0	1	0	3	0	0	2	1	1	0	0	2	2	1	2	0	0	2	2	
1	1	1	3	2	0	0	0	0	0	2	0	0	2	0	0	1	2	0	0	2	1	0	2	0	0	1	1	
0	2	1	0	2	0	1	2	0	2	2	0	0	0	0	0	1	1	0	0	2	1	0	1	0	0	1	2	
0	0	1	0	2	1	0	3	0	0	2	0	0	0	0	0	1	2	0	0	2	3	0	0	0	0	1	2	
1	2	1	0	2	1	0	2	0	0	3	0	0	0	0	1	1	2	2	0	2	0	0	1	1	0	1	2	
0	0	1	0	2	1	1	2	0	0	2	0	0	0	0	0	0	2	2	0	0	1	0	2	0	2	1	2	
0	2	1	0	3	1	0	2	0	0	2	0	3	0	2	0	1	2	0	0	3	3	0	0	1	0	1	2	
1	2	1	0	2	1	2	3	0	0	2	0	0	0	0	0	1	1	0	1	2	0	0	2	0	0	1	2	
--------------------

--------------------
Best Solution Found!
--------------------
Time: 0 hour(s), 0 minute(s), 1 second(s), 688 millisecond(s)

Fitness: 296088

0	2	1	0	0	1	2	2	0	0	2	0	0	0	0	0	1	2	1	0	2	2	0	2	0	2	1	1	
0	2	1	0	2	2	0	2	0	0	2	0	3	0	0	0	1	2	0	0	2	1	0	2	0	0	0	0	
0	2	2	1	2	1	0	2	0	0	3	2	0	0	3	0	1	0	0	0	3	1	0	0	1	2	1	1	
0	2	1	0	2	3	0	2	0	0	2	0	1	0	0	0	0	1	0	0	2	1	0	1	2	0	1	2	
0	1	1	0	3	2	1	0	0	0	2	0	0	0	2	0	1	2	0	0	1	1	0	1	0	0	2	2	
1	2	1	0	2	3	1	2	2	0	2	0	3	0	0	0	1	2	0	0	1	1	0	2	0	0	2	2	
0	2	1	0	2	3	0	3	0	0	2	0	0	0	0	0	1	2	0	0	0	1	0	2	1	0	1	1	
0	0	1	1	2	1	0	3	0	0	2	0	0	0	0	0	1	2	0	0	3	0	0	0	0	0	0	0	
1	2	1	0	2	1	0	3	0	0	2	0	0	1	1	0	1	1	0	0	2	2	0	0	0	0	1	2	
0	2	0	0	2	0	0	2	0	0	3	0	3	2	0	0	1	2	0	3	2	0	0	0	0	0	0	2	
0	2	1	0	2	1	0	2	0	0	2	0	3	0	2	0	1	1	0	0	2	0	0	2	0	0	1	1	
0	2	1	0	2	3	0	2	0	0	2	0	0	0	0	0	1	2	0	0	2	1	0	2	0	2	1	2	
0	2	2	0	2	1	0	2	0	0	2	0	0	0	2	0	1	2	2	0	2	1	3	2	0	0	1	2	
0	0	2	0	2	2	0	2	1	0	2	0	0	0	0	2	2	2	0	0	0	1	1	2	0	3	1	2	
0	2	1	0	3	0	0	0	0	0	2	0	3	2	0	0	2	2	0	3	2	1	1	0	0	0	1	1	
0	2	1	0	0	1	1	2	1	2	2	0	0	0	0	0	1	2	0	0	0	1	1	2	0	0	1	2	
0	2	2	0	2	1	0	2	0	2	2	0	0	0	0	0	0	2	0	0	0	1	0	1	0	0	1	1	
1	1	1	3	2	1	0	2	0	1	2	0	0	0	0	0	1	2	0	0	3	1	0	2	0	0	1	2	
0	2	1	0	2	1	1	2	0	0	2	0	3	1	0	2	1	2	0	0	2	3	0	2	1	0	2	2	
1	2	0	3	2	0	1	3	0	0	2	0	0	0	0	0	0	2	0	1	1	1	0	2	0	0	1	2	
0	1	1	0	2	0	0	3	0	0	2	0	0	0	0	0	1	2	0	0	2	3	0	0	0	0	1	2	
0	2	1	0	2	1	0	0	0	0	2	0	0	2	2	0	1	2	0	0	2	1	1	2	0	3	2	0	
3	1	1	0	2	0	0	2	0	0	2	2	0	0	3	1	2	2	0	0	2	2	0	0	0	0	1	2	
0	2	0	0	2	1	0	2	1	2	1	0	0	0	2	0	1	1	0	0	3	2	0	2	0	2	1	0	
0	2	1	0	2	1	0	2	2	0	2	0	0	2	0	0	1	1	2	0	2	1	0	2	0	2	1	2	
0	0	0	0	2	1	0	2	0	0	1	0	0	2	2	0	1	2	0	3	2	1	0	2	0	0	1	2	
0	0	1	3	3	1	1	2	0	0	3	0	0	0	0	0	1	2	0	0	2	3	0	0	0	0	1	1	
0	2	1	0	2	1	2	0	0	0	3	0	0	0	2	0	1	2	2	0	3	1	0	1	0	0	1	2	
0	1	2	3	2	1	0	2	0	2	2	0	0	0	0	0	1	2	2	0	2	1	0	2	0	0	1	2	
0	2	1	0	2	0	0	3	1	0	3	0	0	0	0	0	1	2	0	0	0	1	0	0	0	2	0	2	
0	2	2	0	2	1	1	2	0	0	2	0	0	0	0	0	1	2	0	0	2	1	0	2	0	0	1	1	
0	2	1	0	0	1	0	2	2	0	3	0	3	2	0	0	1	2	0	0	2	0	0	2	0	0	2	2	
0	2	1	0	2	1	2	2	0	1	2	0	1	0	0	0	2	2	0	0	2	0	0	1	0	0	1	2	
0	0	2	0	0	1	1	0	0	0	3	0	0	2	2	0	1	2	0	3	3	2	1	2	0	0	1	2	
0	1	0	0	2	3	0	0	0	0	2	0	0	0	0	0	1	2	0	0	0	0	0	1	0	2	1	2	
0	2	2	0	3	1	0	3	0	2	2	0	0	0	2	2	2	2	0	0	0	1	3	2	0	0	1	1	
0	2	1	0	3	1	0	2	0	2	2	0	0	2	0	0	1	1	0	0	2	1	0	2	0	0	1	2	
0	2	1	0	2	1	0	2	0	0	2	0	0	0	0	0	1	2	0	0	2	1	0	2	0	0	2	2	
0	1	1	0	2	1	0	2	1	0	2	0	0	1	0	2	1	1	0	0	2	1	0	2	0	0	1	2	
0	0	1	0	2	1	1	2	0	0	2	0	0	0	0	2	1	2	0	0	0	1	1	0	0	0	1	2	
0	0	1	3	3	1	0	2	0	2	2	0	0	0	0	0	0	2	0	0	2	1	0	2	0	2	2	2	
1	2	0	0	3	1	1	0	0	0	2	0	0	0	0	2	1	2	0	0	2	1	1	2	0	0	2	2	
0	0	0	0	0	0	0	2	0	1	2	0	0	0	0	1	1	2	0	3	2	3	3	2	0	2	1	2	
0	0	1	0	2	1	0	3	0	0	2	0	0	0	0	0	1	2	1	3	0	1	0	1	1	0	1	2	
0	2	1	0	2	0	0	2	0	0	2	0	0	0	2	2	1	2	0	0	0	1	0	2	0	0	1	2	
0	2	1	0	0	0	0	3	0	0	2	0	0	0	0	0	2	2	0	0	2	1	0	2	0	0	2	2	
1	2	1	0	2	1	0	2	0	0	2	0	0	0	0	0	2	2	0	0	2	1	1	2	0	0	0	2	
0	2	1	0	2	0	0	2	1	0	2	0	0	0	0	0	1	2	0	0	2	3	0	0	0	0	0	2	
0	2	1	3	2	1	0	0	0	0	2	3	0	0	0	0	1	1	0	0	2	1	0	2	0	0	0	1	
0	2	1	0	2	1	0	2	1	0	2	0	0	2	0	0	1	1	0	0	2	1	1	1	0	0	1	2	
0	2	2	0	2	1	0	2	1	0	2	0	0	0	0	0	1	2	0	1	2	1	0	1	1	0	1	2	
3	2	2	3	2	1	0	2	1	0	2	0	0	2	0	0	1	2	1	0	0	1	0	0	1	0	2	2	
1	1	1	0	2	1	0	0	0	2	2	0	0	0	2	0	1	1	2	0	0	0	0	2	0	0	1	2	
0	2	1	0	2	1	0	2	0	0	2	0	0	0	0	0	2	1	0	0	2	0	0	0	0	0	1	2	
0	2	1	3	1	1	0	0	0	0	3	0	0	0	0	0	1	2	0	0	2	1	0	2	0	0	0	2	
0	2	0	0	2	0	0	0	1	0	2	0	0	0	2	0	2	2	0	0	2	1	0	1	0	0	1	2	
0	0	2	0	1	3	0	3	0	0	3	0	0	2	0	0	1	1	0	0	2	2	0	2	0	2	0	0	
1	1	1	0	1	3	0	0	1	2	2	0	0	0	0	0	2	2	0	0	2	1	1	2	0	0	1	2	
0	1	1	0	3	1	1	2	0	2	2	0	0	0	0	0	1	2	0	3	2	1	0	2	0	0	1	2	
0	2	1	0	2	1	0	2	0	0	3	0	0	0	0	0	2	2	0	0	1	1	0	2	0	0	0	1	
--------------------

--------------------
Best Solution Found!
--------------------
Time: 0 hour(s), 0 minute(s), 1 second(s), 709 millisecond(s)

Fitness: 295118

0	2	1	0	0	1	2	2	0	0	2	0	0	0	0	0	2	1	0	0	2	2	0	2	0	2	1	1	
0	2	1	0	2	2	0	2	0	0	2	0	0	0	0	2	1	2	0	0	2	1	0	2	0	0	0	0	
0	2	2	1	2	1	0	2	0	0	3	2	0	0	0	2	1	2	0	0	3	1	0	0	1	2	1	1	
0	2	1	0	2	3	0	2	0	0	2	0	0	0	0	0	1	2	0	0	2	1	0	1	2	0	1	2	
0	1	1	0	3	2	1	0	0	0	2	0	0	0	0	0	1	2	0	0	1	1	0	1	0	0	2	2	
1	2	1	0	2	3	1	2	2	0	2	0	0	0	0	0	1	2	0	0	1	1	0	2	0	0	2	2	
0	2	1	0	2	3	0	3	0	0	2	0	0	2	2	0	0	2	0	0	0	1	0	2	1	0	1	1	
0	0	1	1	2	1	0	3	0	0	2	0	0	0	2	0	2	2	0	0	3	0	0	0	0	0	0	0	
1	2	1	0	2	1	0	3	0	0	2	0	0	2	0	0	1	2	2	0	2	2	0	0	0	0	1	2	
0	2	0	0	2	0	0	2	0	0	3	0	3	0	0	0	1	2	0	3	2	0	0	0	0	0	0	2	
0	2	1	0	2	1	0	2	0	0	2	0	0	0	0	0	1	1	0	1	2	0	0	2	0	0	1	1	
0	2	1	0	2	3	0	2	0	0	2	0	0	1	0	0	1	2	2	0	2	1	0	2	0	2	1	2	
0	2	2	0	2	1	0	2	0	0	2	0	0	0	0	0	1	1	0	3	2	1	3	2	0	0	1	2	
0	0	2	0	2	2	0	2	1	0	2	0	0	0	0	0	1	2	0	0	0	1	1	2	0	3	1	2	
0	2	1	0	3	0	0	0	0	0	2	0	0	0	3	0	2	1	0	0	2	1	1	0	0	0	1	1	
0	2	1	0	0	1	1	2	1	2	2	0	0	0	2	0	1	2	0	0	0	1	1	2	0	0	1	2	
0	2	2	0	2	1	0	2	0	2	2	0	0	0	0	0	1	2	0	0	0	1	0	1	0	0	1	1	
1	1	1	3	2	1	0	2	0	1	2	0	0	0	0	0	2	2	0	3	3	1	0	2	0	0	1	2	
0	2	1	0	2	1	1	2	0	0	2	0	0	0	2	0	1	1	0	0	2	3	0	2	1	0	2	2	
1	2	0	3	2	0	1	3	0	0	2	0	0	0	0	0	1	2	2	0	1	1	0	2	0	0	1	2	
0	1	1	0	2	0	0	3	0	0	2	0	0	2	0	0	1	2	0	0	2	3	0	0	0	0	1	2	
0	2	1	0	2	1	0	0	0	0	2	0	0	2	0	0	2	2	0	0	2	1	1	2	0	3	2	0	
3	1	1	0	2	0	0	2	0	0	2	2	0	0	0	0	1	2	0	0	2	2	0	0	0	0	1	2	
0	2	0	0	2	1	0	2	1	2	1	0	1	0	0	0	1	2	0	0	3	2	0	2	0	2	1	0	
0	2	1	0	2	1	0	2	2	0	2	0	0	0	0	0	1	2	0	3	2	1	0	2	0	2	1	2	
0	0	0	0	2	1	0	2	0	0	1	0	0	0	0	1	1	1	2	0	2	1	0	2	0	0	1	2	
0	0	1	3	3	1	1	2	0	0	3	0	0	0	2	0	0	2	0	0	2	3	0	0	0	0	1	1	
0	2	1	0	2	1	2	0	0	0	3	0	0	0	1	0	1	1	1	0	3	1	0	1	0	0	1	2	
0	1	2	3	2	1	0	2	0	2	2	0	3	1	0	0	1	1	0	0	2	1	0	2	0	0	1	2	
0	2	1	0	2	0	0	3	1	0	3	0	0	0	0	0	0	1	0	0	0	1	0	0	0	2	0	2	
0	2	2	0	2	1	1	2	0	0	2	0	3	2	2	0	2	2	0	3	2	1	0	2	0	0	1	1	
0	2	1	0	0	1	0	2	2	0	3	0	0	0	0	0	1	1	0	0	2	0	0	2	0	0	2	2	
0	2	1	0	2	1	2	2	0	1	2	0	0	0	0	0	1	2	0	0	2	0	0	1	0	0	1	2	
0	0	2	0	0	1	1	0	0	0	3	0	0	0	0	0	1	1	0	3	3	2	1	2	0	0	1	2	
0	1	0	0	2	3	0	0	0	0	2	0	0	0	0	0	1	2	0	0	0	0	0	1	0	2	1	2	
0	2	2	0	3	1	0	3	0	2	2	0	0	0	0	0	1	2	1	0	0	1	3	2	0	0	1	1	
0	2	1	0	3	1	0	2	0	2	2	0	3	0	0	2	1	2	0	0	2	1	0	2	0	0	1	2	
0	2	1	0	2	1	0	2	0	0	2	0	0	0	0	0	0	2	0	0	2	1	0	2	0	0	2	2	
0	1	1	0	2	1	0	2	1	0	2	0	0	0	0	0	2	2	0	1	2	1	0	2	0	0	1	2	
0	0	1	0	2	1	1	2	0	0	2	0	0	0	0	0	1	2	0	3	0	1	1	0	0	0	1	2	
0	0	1	3	3	1	0	2	0	2	2	0	0	2	0	0	1	2	0	0	2	1	0	2	0	2	2	2	
1	2	0	0	3	1	1	0	0	0	2	0	0	0	0	0	1	2	0	0	2	1	1	2	0	0	2	2	
0	0	0	0	0	0	0	2	0	1	2	0	0	0	0	0	1	2	0	0	2	3	3	2	0	2	1	2	
0	0	1	0	2	1	0	3	0	0	2	0	0	1	0	0	1	2	0	0	0	1	0	1	1	0	1	2	
0	2	1	0	2	0	0	2	0	0	2	0	0	0	2	2	2	2	0	0	0	1	0	2	0	0	1	2	
0	2	1	0	0	0	0	3	0	0	2	0	0	0	3	0	2	2	0	0	2	1	0	2	0	0	2	2	
1	2	1	0	2	1	0	2	0	0	2	0	0	0	2	2	1	2	2	0	2	1	1	2	0	0	0	2	
0	2	1	0	2	0	0	2	1	0	2	0	0	0	2	0	1	2	0	0	2	3	0	0	0	0	0	2	
0	2	1	3	2	1	0	0	0	0	2	3	0	0	0	0	2	2	0	0	2	1	0	2	0	0	0	1	
0	2	1	0	2	1	0	2	1	0	2	0	0	2	0	0	1	2	0	0	2	1	1	1	0	0	1	2	
0	2	2	0	2	1	0	2	1	0	2	0	0	0	2	0	1	2	0	0	2	1	0	1	1	0	1	2	
3	2	2	3	2	1	0	2	1	0	2	0	0	0	2	2	1	2	0	0	0	1	0	0	1	0	2	2	
1	1	1	0	2	1	0	0	0	2	2	0	0	0	0	0	1	2	0	0	0	0	0	2	0	0	1	2	
0	2	1	0	2	1	0	2	0	0	2	0	3	2	0	0	2	0	0	0	2	0	0	0	0	0	1	2	
0	2	1	3	1	1	0	0	0	0	3	0	1	0	0	1	1	2	0	0	2	1	0	2	0	0	0	2	
0	2	0	0	2	0	0	0	1	0	2	0	0	0	0	0	1	2	0	0	2	1	0	1	0	0	1	2	
0	0	2	0	1	3	0	3	0	0	3	0	3	0	0	2	1	2	0	0	2	2	0	2	0	2	0	0	
1	1	1	0	1	3	0	0	1	2	2	0	0	2	0	0	1	1	0	0	2	1	1	2	0	0	1	2	
0	1	1	0	3	1	1	2	0	2	2	0	3	2	0	0	1	2	0	0	2	1	0	2	0	0	1	2	
0	2	1	0	2	1	0	2	0	0	3	0	0	2	2	0	1	2	1	0	1	1	0	2	0	0	0	1	
--------------------

--------------------
Best Solution Found!
--------------------
Time: 0 hour(s), 0 minute(s), 7 second(s), 534 millisecond(s)

Fitness: 295042

0	2	0	0	2	2	1	0	0	0	3	0	0	2	3	0	1	2	0	0	1	0	0	0	0	0	1	1	
0	2	0	0	3	3	0	3	0	0	2	0	0	0	0	0	1	2	0	0	0	1	0	2	0	0	0	0	
0	2	1	0	2	1	0	2	0	0	2	0	0	0	0	0	1	2	0	3	3	1	0	2	0	0	1	2	
0	0	2	0	1	0	0	0	0	0	2	0	0	0	0	0	2	2	2	3	1	1	0	2	1	2	0	2	
0	2	0	3	3	2	0	2	1	0	2	0	0	0	2	0	2	2	2	0	2	1	0	1	0	0	1	2	
0	2	2	0	3	3	0	2	0	0	3	0	0	0	0	0	1	0	0	0	2	1	0	2	0	0	1	2	
0	2	1	0	2	1	0	3	0	0	2	0	0	0	2	0	1	2	0	0	3	3	1	2	0	0	2	0	
0	2	1	0	3	1	0	3	0	0	3	0	0	0	2	0	1	1	0	0	2	1	1	2	1	0	2	2	
0	1	1	0	2	1	2	3	0	0	2	2	0	2	2	0	1	1	0	0	0	1	0	2	0	0	1	2	
0	2	1	0	2	1	1	2	0	0	2	0	0	0	0	0	1	2	0	0	1	1	3	1	0	3	1	1	
0	1	0	0	2	1	0	2	0	0	3	0	0	1	0	0	1	2	2	0	2	2	0	0	0	0	0	2	
0	2	1	0	0	0	0	2	1	0	2	0	0	0	1	0	1	2	0	0	2	1	0	0	0	0	0	2	
0	2	1	3	2	0	0	2	1	0	2	0	0	0	2	1	1	2	0	0	2	1	0	2	0	0	0	2	
0	0	2	0	2	1	0	2	0	0	2	0	3	1	2	0	1	2	0	0	2	1	1	2	0	0	1	1	
0	2	1	0	1	1	1	2	0	0	2	0	0	2	0	0	0	2	0	0	0	1	0	1	0	0	1	1	
1	2	1	0	2	2	1	2	0	2	2	0	0	0	0	0	1	2	0	0	2	3	1	2	0	0	1	2	
0	2	1	0	2	1	1	2	0	0	2	2	3	0	0	0	1	2	0	0	0	1	0	2	0	0	1	2	
0	1	2	0	3	1	0	2	0	0	2	0	3	2	2	0	1	2	0	3	2	1	1	0	0	0	1	2	
0	0	1	0	2	1	0	2	0	0	2	0	0	0	0	0	2	2	0	0	0	1	1	2	0	0	0	2	
0	2	1	0	2	1	0	3	1	0	2	0	0	0	2	2	1	2	0	3	3	1	0	2	0	0	2	0	
0	2	2	0	2	1	0	3	0	0	2	0	0	2	0	0	2	2	0	0	2	1	0	0	0	0	1	2	
0	0	1	0	2	0	0	0	0	0	2	0	0	0	0	0	1	2	0	0	2	1	0	2	0	0	1	2	
1	2	1	0	2	1	0	2	0	2	2	0	0	0	0	0	1	1	0	0	3	0	0	1	0	0	2	2	
0	2	1	0	3	3	0	2	1	0	2	0	3	0	0	2	1	2	0	0	2	3	0	0	0	0	1	1	
0	2	1	0	2	0	0	2	1	2	2	0	0	0	0	0	1	2	0	0	1	2	0	2	0	0	0	2	
0	2	0	3	0	1	0	2	0	0	3	0	0	0	0	0	2	1	2	0	2	1	0	2	0	2	2	2	
3	2	2	3	0	1	2	2	1	0	2	0	0	0	0	0	1	2	0	0	2	0	0	2	0	0	1	2	
0	2	1	0	2	1	0	3	0	2	2	0	1	0	0	2	1	2	0	0	0	0	0	2	1	0	0	2	
0	1	1	0	0	3	1	3	0	0	2	0	0	0	0	0	2	2	1	3	2	1	0	2	0	0	1	2	
0	2	1	0	2	1	0	0	0	0	2	0	0	2	0	0	2	2	0	3	2	2	0	2	2	0	1	0	
0	2	1	0	2	1	0	2	0	2	2	0	0	0	0	0	1	2	1	0	0	3	0	2	0	0	2	1	
0	2	1	0	2	0	0	0	1	0	2	0	0	0	0	0	1	2	0	0	2	1	0	2	0	0	1	2	
0	2	1	0	0	0	0	0	0	0	3	0	3	2	0	1	0	2	0	0	2	3	1	1	0	0	2	2	
0	2	2	0	2	1	1	2	1	1	3	0	0	0	0	0	1	2	0	3	2	1	0	1	0	2	0	2	
0	2	2	1	2	1	2	2	0	0	3	0	0	0	0	0	1	1	0	0	2	1	1	1	0	0	1	2	
0	0	1	0	2	1	0	2	0	0	2	0	0	0	2	0	1	1	0	0	2	0	0	1	0	0	1	0	
0	0	1	0	2	1	0	2	0	2	2	0	0	0	0	0	0	2	0	0	2	1	0	2	1	2	1	2	
0	0	1	3	2	1	0	2	0	0	2	0	3	2	0	0	1	2	0	0	0	2	1	2	0	0	2	1	
0	1	1	3	2	1	0	2	1	1	1	0	0	0	0	0	1	2	0	1	0	1	0	0	0	2	1	2	
0	2	1	0	2	1	0	0	0	0	2	0	0	0	0	0	2	2	0	0	2	1	0	2	0	0	1	2	
1	2	1	0	2	1	0	0	0	0	2	0	0	2	2	0	1	1	1	0	2	0	0	0	0	0	1	2	
0	1	0	0	3	1	1	2	0	0	2	0	0	2	0	0	2	2	0	0	2	1	0	0	0	0	1	2	
1	0	2	3	3	1	1	2	0	2	2	0	1	0	0	0	1	2	0	1	2	1	0	2	0	0	1	2	
1	2	1	0	2	1	1	2	0	0	2	0	0	0	0	0	2	2	0	0	2	0	0	1	0	0	1	1	
0	2	1	0	2	3	0	0	0	0	2	0	0	0	0	0	1	2	0	0	2	1	0	2	0	0	1	2	
0	2	1	0	2	1	0	2	0	2	3	0	0	0	0	0	1	1	0	0	2	2	0	2	0	2	1	2	
1	2	1	0	2	1	0	0	0	0	2	0	0	0	0	0	1	1	0	0	2	1	0	2	0	0	1	2	
0	2	1	0	2	1	0	3	0	2	2	0	0	0	0	0	1	2	0	0	2	1	0	2	0	0	2	2	
0	0	1	0	2	1	1	0	0	0	3	0	0	0	0	0	2	1	0	0	2	1	3	2	0	0	1	2	
0	2	1	0	2	3	0	2	2	1	2	0	0	0	0	2	1	1	0	0	0	1	3	1	0	0	1	2	
0	0	1	0	2	0	0	2	0	0	2	0	0	0	0	0	1	2	0	0	3	2	0	0	0	0	1	2	
0	2	0	0	2	1	0	2	0	0	2	0	0	0	0	0	1	2	0	0	0	1	0	2	0	0	1	1	
1	2	2	3	2	0	0	2	0	0	2	0	0	0	0	2	1	2	2	0	2	1	0	0	0	2	1	2	
3	2	1	0	2	0	0	3	2	0	2	0	0	0	0	0	0	2	0	0	2	0	0	2	0	0	1	2	
0	1	2	1	0	3	0	2	0	2	2	0	0	0	0	2	1	2	0	0	2	1	1	0	0	3	0	2	
0	2	1	0	2	0	0	2	2	0	2	0	0	1	3	0	1	2	0	0	0	1	0	2	1	0	1	2	
0	1	1	0	1	1	0	2	1	0	2	0	0	0	0	0	1	2	0	0	3	1	0	2	1	2	1	2	
0	1	1	0	2	1	0	2	0	0	2	3	3	0	0	0	1	2	0	0	2	1	0	0	0	2	2	1	
0	1	0	0	2	1	0	0	0	0	2	0	0	2	2	2	1	2	0	0	2	1	0	2	0	0	1	1	
1	2	1	0	2	1	0	2	0	0	1	0	0	0	2	0	1	1	0	0	2	1	0	2	0	2	1	2	
--------------------

--------------------
Best Solution Found!
--------------------
Time: 0 hour(s), 0 minute(s), 47 second(s), 566 millisecond(s)

Fitness: 293084

0	2	1	0	0	1	0	2	0	0	2	0	0	1	1	0	1	1	1	0	2	1	0	2	0	2	1	2	
0	1	2	0	1	3	0	2	0	0	2	0	0	0	0	0	1	2	0	0	2	1	0	0	0	2	1	2	
0	2	2	0	2	1	0	3	0	0	2	0	3	0	0	0	1	1	0	3	2	1	0	2	0	0	1	2	
0	0	0	0	2	1	0	2	0	0	2	0	0	2	0	1	1	2	0	3	2	0	0	2	0	0	0	2	
1	1	1	1	2	1	1	2	0	0	2	0	0	0	0	0	1	2	0	0	2	1	0	0	2	0	1	2	
0	2	0	0	2	0	0	0	0	0	2	0	0	0	0	0	1	2	0	3	2	1	0	2	0	0	2	1	
0	2	1	0	0	1	0	3	0	2	2	0	0	0	2	0	2	1	0	1	3	1	3	2	0	0	1	2	
0	0	1	0	2	1	0	2	0	2	2	0	0	0	0	0	1	1	0	0	2	1	0	2	0	0	1	1	
0	2	1	3	2	1	0	0	0	0	3	0	0	0	0	2	1	2	0	0	2	1	0	2	0	0	0	2	
0	0	1	3	2	1	0	2	0	0	3	0	0	0	0	0	1	2	0	0	2	1	0	0	0	3	1	1	
0	2	0	0	2	0	0	2	1	2	2	0	0	0	0	0	2	2	0	0	1	1	1	2	0	0	1	2	
1	1	2	0	0	0	0	2	0	0	2	0	0	0	2	0	2	2	0	0	2	1	0	2	0	0	0	2	
0	2	1	0	2	1	0	2	1	0	2	0	0	0	0	0	1	2	1	0	2	1	1	1	0	0	0	2	
0	1	2	0	2	3	0	2	1	0	2	0	0	0	0	0	1	2	0	0	2	1	0	0	0	2	1	2	
0	2	1	0	2	1	0	2	0	2	2	0	0	2	2	0	1	2	0	0	2	1	1	2	0	0	1	2	
0	2	2	1	2	0	0	0	0	0	2	0	0	2	0	0	2	2	0	3	1	0	0	2	0	2	1	2	
3	1	1	0	3	3	0	3	0	0	3	0	0	0	0	0	1	2	0	0	2	2	0	2	0	0	1	1	
0	2	1	0	2	0	0	2	1	2	2	0	3	0	0	0	1	1	0	0	2	3	1	2	0	2	1	2	
0	2	1	0	2	1	0	2	0	2	2	0	0	0	0	0	2	2	0	0	2	1	0	2	1	0	0	2	
0	2	1	0	0	0	1	2	0	0	2	0	3	1	0	2	1	2	0	0	0	1	0	0	0	2	1	2	
0	0	1	0	1	2	1	2	1	0	2	0	0	0	0	0	2	1	1	0	2	2	0	2	0	0	1	2	
0	0	1	0	0	1	0	3	0	0	1	0	0	0	2	0	2	2	0	0	0	2	0	2	0	0	1	2	
0	2	1	3	3	0	1	2	0	2	2	0	0	0	0	2	1	2	0	0	2	1	0	2	0	0	2	1	
0	1	1	0	1	1	0	3	0	0	2	0	3	2	0	0	0	2	0	0	0	2	0	2	0	0	2	1	
0	2	0	0	2	1	0	2	0	0	2	0	0	0	0	2	1	2	0	3	2	1	0	2	0	0	1	2	
0	2	1	0	2	1	0	3	1	0	2	0	0	2	3	0	1	2	0	0	2	1	1	0	0	3	2	2	
0	0	1	0	2	3	0	2	1	2	2	0	3	2	0	0	1	2	0	0	0	1	1	2	0	0	1	1	
0	0	1	0	2	1	0	2	0	0	2	0	0	2	0	1	1	2	0	1	2	1	0	0	0	0	0	1	
0	2	1	0	3	1	0	2	0	0	2	0	0	2	0	0	1	1	0	0	3	1	0	1	0	2	1	2	
1	2	1	0	2	1	0	2	1	0	2	0	0	0	0	0	1	1	0	0	2	1	0	0	0	0	1	2	
0	2	1	0	2	3	0	2	1	0	2	0	0	0	0	0	2	2	0	0	0	1	0	0	0	2	1	0	
0	2	1	0	0	0	1	2	0	1	2	0	0	0	0	0	0	1	2	3	2	0	0	2	1	0	1	2	
0	2	2	0	2	0	0	2	0	0	2	0	0	2	0	0	1	2	0	0	2	1	0	1	0	0	1	0	
0	2	0	0	2	1	1	3	0	0	2	0	0	0	0	0	1	2	2	0	2	1	3	2	0	0	1	2	
0	2	2	0	3	1	0	2	0	0	2	0	3	2	0	0	1	2	0	3	2	0	0	0	0	0	1	2	
0	1	1	3	2	1	1	2	0	0	2	0	0	0	0	0	1	2	0	0	0	0	0	2	0	0	2	2	
0	2	1	0	2	1	0	2	1	0	2	2	1	2	2	0	1	2	0	0	2	1	0	2	0	0	1	0	
0	2	2	3	2	1	1	0	0	0	2	0	0	0	3	0	1	1	0	0	2	2	1	1	0	0	1	2	
3	1	1	0	3	1	0	3	0	0	2	0	0	0	2	0	1	2	0	0	1	1	0	2	0	0	1	2	
0	0	2	0	2	0	0	2	2	0	2	0	0	0	2	0	1	2	0	0	2	1	1	2	0	2	2	2	
1	2	0	0	2	1	1	3	0	0	3	0	0	0	0	0	0	2	0	0	2	3	1	2	0	0	2	2	
0	2	1	0	2	2	2	2	0	0	2	0	0	0	0	0	1	2	0	0	3	2	0	2	1	0	2	1	
0	2	1	0	3	0	1	0	0	0	2	0	0	0	2	0	1	2	0	0	0	1	0	1	0	0	2	2	
1	2	1	0	3	3	0	2	0	0	1	3	0	0	2	0	1	2	2	0	2	0	0	2	0	0	1	2	
0	2	1	0	2	1	0	2	0	0	2	0	0	0	0	0	1	2	0	0	2	0	0	2	0	0	1	2	
0	2	1	0	2	1	0	0	0	0	2	0	0	0	0	0	1	2	0	0	2	1	0	0	0	0	0	2	
0	2	1	0	3	3	1	2	0	0	3	0	0	0	0	0	2	2	0	0	0	1	0	0	0	0	1	2	
0	2	0	0	2	1	0	2	0	0	2	0	0	0	0	0	1	2	0	0	2	1	1	2	0	0	1	1	
1	2	1	0	2	1	0	3	2	0	2	0	0	0	0	0	1	2	0	0	0	1	0	2	0	0	1	0	
0	2	1	0	2	1	2	0	0	1	2	0	0	0	0	0	2	2	0	0	0	1	0	0	0	0	2	2	
1	1	0	0	2	1	0	2	0	0	2	0	0	0	0	2	2	2	2	0	1	1	0	2	1	0	1	2	
0	0	1	0	2	1	2	2	0	0	3	0	1	0	0	0	1	2	0	0	3	3	0	1	0	0	1	2	
0	1	1	3	2	1	0	2	0	2	2	0	0	0	0	0	0	2	0	0	2	1	0	1	0	0	1	2	
0	2	2	0	2	1	0	0	0	0	3	0	0	0	0	2	1	2	0	0	0	1	0	2	0	0	1	2	
0	0	1	0	2	1	0	0	0	0	2	0	0	1	2	2	1	2	2	0	3	3	0	1	1	0	1	2	
0	2	1	3	2	1	0	2	0	1	3	0	0	0	0	0	1	2	0	0	0	1	3	1	0	2	1	2	
0	2	1	3	2	1	0	2	1	2	3	0	0	0	2	0	1	1	0	0	2	1	0	2	0	0	0	0	
0	2	1	0	2	1	0	0	0	0	2	0	0	0	2	0	1	0	0	0	2	0	0	1	0	0	0	2	
1	2	1	0	2	2	0	0	0	0	3	0	3	0	0	0	1	2	0	0	2	1	0	2	1	0	1	2	
0	2	2	0	2	1	0	0	2	0	2	2	0	0	0	0	1	1	0	0	3	3	0	2	0	0	0	1	
--------------------

--------------------
Best Solution Found!
--------------------
Time: 0 hour(s), 1 minute(s), 16 second(s), 789 millisecond(s)

Fitness: 288111

1	1	1	0	2	1	0	2	0	0	3	0	0	0	0	0	1	2	0	0	0	3	0	1	0	2	2	2	
0	1	1	0	2	1	0	2	0	0	2	2	1	2	0	0	1	2	0	0	0	2	0	1	0	0	1	1	
3	1	2	1	2	1	0	2	0	2	2	0	0	0	2	0	1	1	0	0	3	1	0	2	0	0	1	2	
0	2	1	0	2	1	0	2	1	0	2	0	0	2	0	0	1	2	0	3	3	0	3	2	0	0	1	2	
0	2	1	0	3	1	0	2	1	0	2	0	0	0	0	0	1	1	2	0	2	1	0	2	1	0	2	2	
0	0	1	0	2	1	0	2	0	2	3	0	0	0	0	0	1	1	0	0	2	1	0	2	0	0	0	2	
0	2	0	0	2	1	0	0	0	0	2	0	0	0	0	0	1	2	2	0	2	1	0	2	0	0	1	2	
0	2	1	0	0	1	0	0	0	0	2	0	0	0	0	0	1	1	0	0	0	1	0	2	0	0	1	2	
1	2	0	0	2	2	0	3	0	0	2	0	0	2	2	0	1	2	0	0	3	1	1	0	0	2	1	2	
0	2	1	0	2	1	0	2	0	0	2	0	0	0	0	0	2	2	0	0	0	1	0	2	0	0	1	2	
0	1	2	0	2	0	1	2	1	0	2	0	0	0	2	0	2	2	0	0	2	1	0	0	0	0	2	1	
0	1	1	0	2	1	2	0	0	0	2	0	0	1	2	0	2	2	0	0	2	0	0	2	0	0	1	1	
0	2	1	0	2	2	0	3	1	0	2	0	0	0	0	2	1	2	0	0	2	1	0	2	0	0	1	2	
0	2	1	0	2	1	1	2	0	0	3	0	0	0	2	0	2	2	0	0	2	1	1	2	0	2	1	1	
0	2	1	3	0	0	0	2	0	0	2	0	0	0	0	2	1	2	0	0	0	0	1	2	0	0	1	1	
0	2	2	0	2	1	1	2	0	2	2	0	0	0	0	0	1	2	0	3	2	2	0	0	0	3	0	2	
0	2	1	3	2	1	1	2	0	0	3	0	3	1	0	0	1	1	2	0	2	1	0	2	0	0	1	2	
0	2	2	0	2	3	2	0	0	1	2	0	0	0	0	0	1	2	0	3	2	1	0	0	0	0	2	2	
0	1	1	0	3	3	1	3	0	0	2	0	3	2	0	2	1	2	0	3	3	0	0	2	2	0	1	0	
0	2	1	0	2	1	0	2	0	0	2	0	0	0	0	2	2	2	0	0	2	3	1	1	0	0	0	2	
0	2	1	0	2	1	0	2	2	2	2	0	0	2	0	0	1	2	0	0	2	1	0	1	0	0	1	2	
0	1	1	0	3	1	0	2	0	0	2	0	0	0	0	0	1	2	0	3	2	2	0	1	0	0	2	2	
0	0	1	3	0	1	1	2	0	0	2	0	0	0	0	0	2	2	0	0	2	1	0	2	0	2	1	2	
0	2	1	0	2	1	0	2	1	0	2	0	0	0	0	0	1	1	1	0	2	3	0	2	0	0	1	2	
1	2	1	3	3	1	0	0	0	0	3	0	0	0	0	0	1	2	0	0	2	0	0	2	0	0	0	2	
0	0	1	0	2	0	0	2	0	0	3	0	0	0	2	0	1	2	0	0	1	1	0	2	0	0	1	2	
0	2	1	0	2	1	0	0	0	1	3	0	3	0	0	0	1	2	0	0	2	1	0	1	1	2	1	0	
0	2	1	0	2	1	0	2	0	0	2	0	0	0	2	0	2	1	0	0	1	2	0	2	0	0	1	2	
0	2	2	0	1	1	0	3	0	0	3	0	0	0	0	0	1	2	0	0	2	1	0	0	1	0	1	2	
1	0	1	3	2	1	0	2	1	0	2	0	0	0	0	0	1	2	0	0	0	1	0	2	0	0	1	1	
0	0	0	0	3	1	0	2	0	0	2	0	0	0	0	0	1	2	0	0	0	0	0	2	0	0	1	2	
0	0	0	3	2	0	0	3	0	0	2	0	3	0	0	0	1	2	0	0	2	1	0	2	1	0	1	2	
0	2	1	0	0	0	0	2	2	0	2	0	0	0	2	0	1	0	0	0	2	1	1	2	0	0	0	2	
1	2	1	0	2	1	0	2	0	0	2	0	0	0	0	0	2	2	0	3	2	0	0	0	0	2	0	2	
0	2	1	0	2	1	0	2	1	2	3	0	0	0	0	2	1	2	0	0	2	3	0	0	0	0	1	2	
0	1	1	3	1	0	1	2	0	2	2	0	0	0	0	2	1	2	0	1	2	1	3	2	1	0	1	2	
0	2	1	0	2	1	0	2	0	0	2	0	0	0	0	0	2	2	0	0	1	3	1	2	0	0	0	2	
3	2	2	0	3	0	0	2	0	0	2	0	0	0	0	0	0	2	0	0	0	1	0	0	0	0	1	2	
0	0	0	0	2	1	0	2	1	2	3	0	0	0	0	1	1	2	0	3	3	1	0	2	0	0	1	2	
1	2	1	0	2	2	0	0	0	0	1	0	3	0	0	0	1	1	0	0	2	1	1	1	1	0	1	2	
0	2	1	0	2	3	0	2	0	0	2	3	0	0	0	0	1	2	0	0	2	1	0	2	0	0	1	2	
1	2	2	0	2	1	0	3	1	0	2	2	0	2	2	0	1	2	1	0	2	1	0	2	0	0	1	2	
0	2	2	0	2	1	0	2	0	0	2	0	0	0	0	0	1	2	0	0	2	2	0	1	0	0	1	2	
0	0	1	0	2	3	0	2	0	0	2	0	0	2	2	2	1	1	0	0	2	1	0	2	0	2	2	2	
0	2	1	1	2	0	0	0	0	0	2	0	0	0	0	0	2	2	0	0	1	1	0	0	0	0	1	2	
1	1	1	3	2	1	0	2	0	0	2	0	0	2	0	0	1	2	1	0	2	1	0	0	0	0	1	0	
0	2	0	0	1	1	0	3	0	0	2	0	3	0	0	0	1	1	0	0	2	1	0	0	0	0	2	1	
0	1	2	0	0	0	0	2	0	1	2	0	0	0	0	0	1	2	0	0	2	1	0	0	0	0	1	2	
0	0	2	0	0	1	2	2	0	0	2	0	0	1	2	0	0	2	0	0	2	1	0	2	0	0	0	2	
0	2	1	0	2	0	1	2	0	0	2	0	0	0	0	0	1	2	0	1	0	2	1	2	0	0	1	2	
0	2	1	0	2	1	1	3	0	0	2	0	1	2	1	0	1	1	0	0	2	1	0	2	0	2	2	2	
0	2	1	0	2	1	0	2	0	0	2	0	3	0	2	0	0	2	0	0	2	1	3	2	0	0	1	1	
0	2	0	0	3	1	1	0	0	0	2	0	0	2	3	0	1	2	0	0	3	1	0	2	0	0	0	1	
0	2	1	0	2	0	0	2	1	0	2	0	0	0	3	0	1	2	0	0	0	1	1	2	0	2	1	1	
0	2	1	0	2	3	0	0	0	2	1	0	0	0	0	0	1	2	0	0	0	1	0	1	0	0	0	2	
0	2	1	0	3	3	0	3	0	0	2	0	0	0	0	0	0	2	2	0	2	1	0	2	0	3	1	1	
0	0	1	0	2	1	0	0	1	2	2	0	0	2	0	1	1	2	0	0	2	0	0	2	0	0	1	0	
0	2	0	0	2	3	0	0	2	0	2	0	0	0	0	0	1	2	0	0	2	1	0	1	0	0	1	2	
0	2	1	0	2	1	1	2	0	2	2	0	0	0	0	0	1	2	2	0	2	1	1	2	0	2	2	0	
0	2	2	0	2	1	0	3	0	0	2	0	0	0	0	0	2	1	0	0	0	1	0	0	0	0	2	2	
--------------------

--------------------
Best Solution Found!
--------------------
Time: 0 hour(s), 4 minute(s), 53 second(s), 50 millisecond(s)

Fitness: 283076

0	2	1	0	2	1	0	2	0	0	3	0	0	0	0	0	2	2	0	0	0	3	1	2	0	0	1	2	
0	2	1	0	2	0	1	3	0	2	2	0	0	2	2	0	1	2	0	0	2	1	0	2	0	0	1	2	
1	2	1	0	2	1	0	0	1	0	2	0	0	2	0	0	1	2	2	0	2	0	0	2	0	0	0	2	
0	1	2	3	2	1	1	2	2	0	2	0	1	0	2	0	0	2	0	0	0	1	1	2	0	0	1	2	
0	1	2	0	0	1	0	0	0	0	3	0	0	0	0	0	1	2	0	0	0	1	0	0	0	0	1	2	
0	2	0	0	2	1	0	2	1	0	2	0	0	0	2	0	2	2	0	0	2	2	0	2	1	2	0	2	
0	2	2	3	2	1	0	2	0	2	2	0	0	0	2	0	0	2	1	0	2	1	0	0	0	2	2	1	
1	1	1	0	2	0	1	3	1	0	2	0	3	0	0	0	1	2	0	0	2	3	0	2	0	3	1	2	
0	2	1	0	2	1	0	2	0	2	2	0	0	0	0	1	1	2	0	0	1	1	0	2	0	0	0	0	
0	2	1	0	1	0	0	2	0	0	2	0	0	0	0	0	1	2	2	0	2	1	0	2	0	0	1	2	
0	1	1	0	2	0	1	2	0	2	2	0	0	0	0	2	2	1	0	3	2	1	0	2	0	0	1	1	
0	1	2	0	2	3	0	2	0	0	2	0	0	0	0	0	1	2	0	0	2	3	3	2	0	0	0	2	
0	2	1	0	2	1	0	2	1	2	2	0	0	0	3	2	1	2	0	0	2	1	1	2	0	0	2	2	
0	2	1	0	2	1	0	3	0	0	3	0	0	0	0	2	1	0	0	0	2	1	1	2	0	0	1	2	
0	1	1	3	3	0	0	0	0	0	3	0	0	0	0	0	1	1	0	0	0	0	0	2	0	0	1	1	
0	2	0	0	2	2	0	2	0	1	2	0	0	0	0	0	1	2	0	0	2	1	1	1	0	0	0	1	
1	1	2	3	2	3	0	2	0	2	3	3	0	0	0	0	1	2	0	0	2	1	0	1	0	0	2	2	
3	2	0	0	2	1	0	2	0	0	2	0	0	0	0	0	1	2	0	1	2	1	1	0	0	2	1	2	
0	0	2	1	2	1	0	0	0	0	3	0	0	1	0	0	1	2	0	0	2	1	0	0	0	2	2	2	
0	0	1	0	0	0	0	0	0	0	2	0	0	0	2	0	1	2	1	3	2	1	0	1	0	0	0	2	
0	0	1	0	2	1	1	2	0	0	2	0	0	0	3	0	1	2	0	0	0	1	0	0	0	0	2	2	
0	0	1	0	2	2	0	2	0	0	2	0	0	0	0	0	1	2	0	0	0	0	0	2	0	0	1	1	
0	2	1	0	2	1	0	2	0	0	2	0	0	0	0	0	1	2	0	0	0	1	0	2	0	0	2	2	
0	1	0	0	2	1	2	2	1	0	2	0	0	0	2	0	2	2	0	0	3	1	0	1	0	0	1	2	
0	0	0	0	2	1	0	2	1	1	1	0	0	0	2	0	1	2	0	0	2	1	0	2	0	0	1	1	
0	2	2	0	2	1	0	0	0	0	2	2	3	0	2	0	1	2	0	0	2	1	1	2	0	0	1	2	
0	2	1	0	3	1	0	2	0	0	2	0	0	0	0	0	2	2	0	0	2	1	0	2	0	0	1	2	
0	1	1	0	2	1	0	2	0	0	3	0	0	2	0	0	1	2	0	0	3	1	0	0	1	0	1	2	
1	2	1	0	2	1	1	0	1	0	2	0	0	0	0	0	1	2	0	0	2	0	0	0	0	0	1	2	
0	2	1	3	3	1	0	2	0	0	2	0	3	2	0	0	1	1	0	0	2	1	0	2	0	0	1	0	
1	2	1	0	2	1	0	2	0	0	2	0	0	0	0	2	1	1	0	0	2	3	1	2	0	0	1	0	
0	0	1	0	2	1	0	3	0	0	2	0	3	2	0	0	2	2	0	0	2	2	0	0	0	0	1	2	
0	2	1	0	2	1	1	2	0	0	2	0	0	0	0	0	2	2	0	0	2	1	3	0	0	0	0	2	
1	2	1	0	2	1	0	0	0	0	2	0	0	2	0	0	2	2	0	0	2	2	0	1	0	0	0	2	
0	2	1	0	2	3	0	3	0	0	2	0	0	0	0	0	1	2	0	0	3	1	0	2	0	0	1	2	
0	2	1	0	1	1	0	2	0	0	3	0	0	0	0	0	1	2	0	3	1	1	0	2	0	2	2	0	
0	0	1	0	2	3	2	3	0	0	2	0	0	0	2	2	1	2	0	0	2	1	0	2	0	0	1	2	
0	1	1	0	2	0	0	2	0	0	2	0	3	2	0	0	2	1	1	3	3	1	0	1	1	0	2	2	
0	2	2	0	2	3	0	3	0	2	2	0	0	2	1	0	0	2	0	0	0	2	1	1	0	2	1	2	
0	2	2	0	0	1	1	2	1	0	2	0	3	1	0	0	1	1	2	0	2	1	0	1	2	2	1	2	
0	0	0	0	3	1	0	2	0	0	1	0	0	0	0	0	1	2	0	0	2	2	0	0	0	2	1	2	
0	2	2	0	2	1	0	2	0	0	2	0	0	0	0	0	2	2	2	0	2	1	0	2	0	0	1	2	
0	2	1	0	2	3	2	3	1	0	3	0	0	0	0	2	1	1	0	3	2	1	0	2	0	0	1	1	
0	2	1	0	2	1	0	2	2	0	3	0	0	0	2	1	1	2	0	0	2	1	0	1	0	0	2	2	
0	2	1	0	2	1	0	3	0	0	2	0	0	0	0	0	1	2	0	0	0	0	0	0	1	0	1	2	
0	2	1	0	2	1	1	2	0	0	2	0	0	0	0	0	1	2	0	0	0	1	0	0	0	3	1	2	
0	2	1	0	0	0	0	2	0	0	2	0	0	2	0	0	1	2	0	0	3	3	0	2	0	2	1	1	
3	0	1	0	3	0	0	2	1	0	2	0	0	2	0	0	1	1	0	3	3	1	0	2	1	0	1	2	
0	2	1	0	0	1	1	2	0	0	2	0	0	0	0	0	1	1	0	0	2	1	0	2	1	0	1	0	
0	2	1	0	2	0	0	2	0	2	2	0	0	0	0	0	1	2	2	1	1	1	0	0	0	0	1	2	
1	2	1	0	2	1	1	2	0	2	2	0	0	0	0	0	1	2	0	0	2	1	0	2	0	0	2	2	
0	2	1	3	3	3	0	2	2	0	2	0	0	0	2	2	1	2	0	0	2	1	0	1	0	0	1	2	
0	2	1	0	1	1	0	2	0	0	2	0	0	0	2	0	1	2	0	0	1	1	0	2	0	2	1	1	
1	2	1	0	0	1	0	0	0	0	2	0	3	0	0	0	2	2	0	0	2	0	0	2	0	0	1	2	
0	2	0	1	2	0	0	2	0	0	2	0	0	2	0	0	1	1	0	3	2	1	0	2	0	0	1	2	
0	0	0	3	3	1	0	2	0	2	2	0	0	0	0	0	1	1	0	0	2	1	0	2	0	0	1	2	
0	2	1	0	2	2	0	3	1	0	2	2	0	0	0	0	1	2	0	0	2	1	0	2	0	0	0	2	
0	2	2	0	2	1	0	0	0	0	2	0	0	0	0	0	0	2	0	0	0	0	0	2	0	0	0	1	
0	2	1	3	3	1	0	0	0	0	2	0	0	0	0	0	1	1	0	0	0	0	3	2	0	0	1	1	
0	2	1	0	2	1	0	0	0	1	2	0	1	1	0	0	1	2	0	0	2	2	1	2	0	0	1	2	
--------------------

--------------------
Best Solution Found!
--------------------
Time: 0 hour(s), 8 minute(s), 37 second(s), 924 millisecond(s)

Fitness: 282076

0	2	1	0	2	1	0	3	0	0	1	0	0	0	0	0	1	2	0	0	2	1	0	2	0	0	1	1	
0	2	1	0	2	1	0	0	0	0	2	0	0	0	3	2	1	1	0	0	3	3	0	1	0	0	1	2	
0	0	1	0	2	1	1	3	0	2	2	0	0	2	0	0	1	2	0	0	2	1	0	2	0	0	1	2	
0	2	1	0	2	0	0	2	2	2	3	0	0	0	0	0	1	2	0	0	2	1	0	0	1	0	0	0	
0	2	1	0	2	2	0	0	0	0	2	0	0	0	0	2	0	2	0	0	2	1	0	1	0	2	1	2	
0	0	1	0	2	3	0	2	0	0	2	0	0	0	0	0	2	2	0	0	0	1	1	2	1	0	1	0	
0	2	2	0	0	1	1	2	0	0	2	0	0	0	0	0	1	2	0	3	3	0	0	1	0	0	0	2	
0	0	0	0	2	1	0	2	0	0	3	0	0	0	2	2	1	2	0	0	2	3	1	0	0	0	1	1	
0	2	1	0	2	1	0	0	0	0	1	0	0	2	0	0	1	2	0	0	0	0	0	0	0	0	2	1	
0	0	1	0	2	3	2	0	0	2	3	0	3	2	2	0	1	2	0	0	2	1	0	1	0	2	1	2	
0	2	1	0	2	1	0	2	0	1	2	0	0	0	0	0	1	1	0	0	2	2	0	0	0	0	1	2	
0	1	1	0	2	0	1	2	0	0	2	0	0	0	0	0	1	2	0	0	2	1	0	2	0	0	1	2	
0	2	0	3	3	1	2	0	2	2	2	0	0	0	2	0	2	2	0	0	0	1	0	2	0	0	0	2	
0	1	1	0	2	1	0	2	1	0	2	2	0	2	0	0	1	2	0	0	2	1	0	1	0	2	1	1	
0	2	1	0	0	1	0	3	0	2	2	0	0	0	0	1	1	2	0	0	2	1	0	2	0	0	1	2	
0	2	2	0	2	1	0	3	0	0	2	0	0	0	3	0	1	2	0	0	2	0	0	2	0	0	0	1	
0	0	1	0	3	3	0	0	1	0	2	0	0	0	2	0	2	2	0	0	1	1	1	2	0	0	2	2	
0	1	2	3	0	0	0	2	1	0	2	0	0	0	0	0	1	1	0	0	0	1	1	2	0	0	1	1	
0	2	1	0	2	1	0	0	1	1	2	0	0	2	2	0	1	0	0	3	2	1	0	2	0	3	0	2	
0	2	1	3	3	0	1	2	0	0	3	0	0	0	0	0	0	1	0	0	2	1	0	2	0	0	1	2	
0	2	1	3	2	1	0	2	0	0	2	0	1	0	0	0	2	2	0	0	2	1	0	2	0	0	1	1	
0	1	2	0	0	0	0	2	0	0	2	0	0	0	0	0	1	2	2	0	3	1	1	0	0	2	1	0	
0	2	1	0	2	1	0	3	0	0	2	0	0	0	0	2	1	2	0	0	2	2	3	2	0	0	1	0	
1	2	1	0	2	1	0	2	0	0	2	0	0	0	0	2	1	2	0	0	2	1	3	2	0	0	2	2	
0	2	0	0	1	1	0	2	0	0	2	0	0	0	0	2	1	2	0	0	0	0	1	2	0	0	1	2	
1	2	1	0	2	1	0	2	0	0	2	0	0	0	0	0	0	2	0	0	0	1	0	2	0	2	1	2	
0	2	2	0	2	0	0	2	1	2	3	0	0	0	0	0	1	1	0	0	2	1	0	2	2	0	1	0	
1	1	0	0	2	1	0	2	0	0	2	0	0	0	0	0	1	1	0	0	2	1	0	0	0	0	1	2	
3	2	2	0	2	0	0	2	0	0	2	0	0	0	0	0	1	2	0	3	2	2	0	0	0	0	1	2	
0	0	1	1	2	1	0	2	0	0	2	0	3	0	0	0	1	2	0	3	2	2	0	0	0	0	2	1	
0	2	1	0	1	3	0	2	0	0	2	0	0	0	0	0	1	2	0	0	0	3	3	0	0	2	1	2	
0	2	1	0	3	3	0	2	1	0	3	0	0	0	0	0	1	2	0	0	0	1	0	2	0	0	0	2	
1	1	1	0	2	1	0	2	1	0	2	0	3	2	2	0	2	1	0	0	2	0	0	2	0	0	1	2	
0	2	1	0	2	1	0	2	0	2	2	0	0	1	0	0	0	1	0	0	1	1	0	0	1	3	1	2	
1	2	0	0	2	1	0	3	0	2	3	0	3	2	0	0	1	2	0	0	2	1	1	1	0	0	0	2	
0	0	1	0	3	1	1	0	1	0	2	0	0	2	0	0	1	2	0	0	2	1	0	2	0	0	1	1	
0	1	2	0	2	1	1	3	0	0	2	0	3	0	2	0	1	2	0	1	0	2	0	2	0	2	2	2	
1	1	1	3	3	1	0	2	0	0	2	0	0	0	0	0	2	2	2	0	0	1	0	1	0	0	1	2	
1	2	1	0	2	1	1	2	0	0	2	0	0	1	2	0	2	2	0	0	2	1	0	1	0	0	1	1	
0	2	1	0	2	0	1	2	0	0	2	0	3	2	0	0	1	2	2	0	2	1	0	2	0	0	1	2	
0	2	1	3	2	1	1	0	1	0	2	0	0	0	0	0	1	2	0	3	2	0	0	2	1	0	1	2	
0	2	1	0	2	2	0	2	0	0	3	0	0	0	0	0	1	2	0	0	2	1	0	2	1	0	1	2	
0	1	1	3	2	1	0	0	0	0	2	0	0	0	2	2	2	2	0	0	2	1	0	1	0	0	2	2	
0	2	2	0	0	2	1	2	0	0	2	0	0	0	0	0	2	1	0	0	2	1	0	2	0	0	1	2	
0	2	1	0	1	0	0	2	0	0	2	0	0	0	2	0	2	2	1	0	1	1	0	2	0	0	1	2	
0	1	1	0	2	1	0	3	0	0	2	0	0	0	0	0	1	2	2	0	2	1	0	0	0	0	1	1	
0	0	2	0	2	1	0	2	0	0	2	0	0	0	0	0	2	2	0	1	2	1	0	0	0	0	2	2	
0	0	0	0	2	1	0	2	0	0	3	0	0	0	0	0	1	1	0	0	2	3	0	2	0	0	0	2	
0	2	1	0	2	1	0	2	0	0	2	0	0	0	0	0	1	2	0	3	3	1	0	2	0	0	1	2	
0	2	1	0	2	1	1	2	0	2	2	0	0	0	2	0	1	2	0	0	2	1	0	2	1	0	2	2	
0	0	1	1	2	1	0	3	0	0	2	0	0	2	0	0	1	1	0	3	3	0	0	2	0	0	2	2	
0	2	0	0	3	0	0	2	1	0	2	0	0	0	0	0	1	2	0	0	0	0	0	0	0	2	1	2	
0	2	1	0	2	1	2	0	2	0	2	0	0	0	1	0	1	2	2	0	2	1	1	2	0	0	0	2	
1	2	2	0	2	1	0	2	0	0	2	0	0	2	2	0	1	2	0	0	2	3	0	2	0	0	1	2	
0	2	0	0	0	1	0	2	0	0	2	0	0	0	0	0	1	2	0	0	3	1	1	2	0	0	1	2	
0	2	1	0	2	3	0	3	0	1	2	2	0	0	0	1	1	1	1	0	2	1	0	1	0	2	0	2	
0	2	1	3	3	3	0	2	0	2	3	3	3	0	0	0	1	2	1	0	1	2	0	2	0	0	1	2	
0	2	2	0	2	1	0	2	0	0	2	0	0	0	0	0	1	2	0	0	2	1	0	2	0	0	1	2	
3	2	1	0	2	0	0	2	1	0	2	0	1	1	0	0	1	2	0	0	0	1	1	2	0	2	1	2	
0	2	1	0	2	1	0	0	0	0	2	0	0	0	0	0	1	2	0	0	2	1	0	2	0	0	2	2	
--------------------


The best solution was found at the restart: 8, population: 0
Total Time Elapsed: 0 hour(s), 25 minute(s), 34 second(s), 206 millisecond(s)

