--------------------
Best Solution Found!
--------------------
Time: 0 hour(s), 0 minute(s), 0 second(s), 1 millisecond(s)

Fitness: 25079

0	0	0	0	0	0	0	
2	3	0	0	0	0	0	
0	0	0	0	0	3	0	
0	0	0	2	0	0	0	
0	0	0	0	0	0	0	
3	0	0	0	2	0	0	
0	3	3	0	0	0	3	
0	0	0	0	0	0	2	
0	0	0	0	1	0	0	
3	0	0	0	0	0	0	
0	0	2	0	0	0	1	
1	0	1	0	0	0	0	
0	0	0	0	2	0	0	
0	2	0	0	3	0	0	
0	0	0	0	0	0	0	
0	0	1	3	0	0	0	
2	0	2	0	0	3	0	
1	0	0	0	0	0	1	
2	0	0	1	1	2	0	
0	0	0	0	0	0	0	
0	0	2	0	0	0	0	
0	0	0	0	0	0	0	
0	0	1	0	0	0	0	
1	0	0	1	1	0	0	
0	0	0	0	0	0	0	
--------------------

--------------------
Best Solution Found!
--------------------
Time: 0 hour(s), 0 minute(s), 0 second(s), 2 millisecond(s)

Fitness: 25079

0	0	0	0	0	0	0	
2	3	0	0	0	0	0	
0	0	0	0	0	3	0	
0	0	0	2	0	0	0	
0	0	0	0	0	0	0	
3	0	0	0	2	0	0	
0	3	3	0	0	0	3	
0	0	0	0	0	0	2	
0	0	0	0	1	0	0	
3	0	0	0	0	0	0	
0	0	2	0	0	0	1	
1	0	1	0	0	0	0	
0	0	0	0	2	0	0	
0	2	0	0	3	0	0	
0	0	0	0	0	0	0	
0	0	1	3	0	0	0	
2	0	2	0	0	3	0	
1	0	0	0	0	0	1	
2	0	0	1	1	2	0	
0	0	0	0	0	0	0	
0	0	2	0	0	0	0	
0	0	0	0	0	0	0	
0	0	1	0	0	0	0	
1	0	0	1	1	0	0	
0	0	0	0	0	0	0	
--------------------

--------------------
Best Solution Found!
--------------------
Time: 0 hour(s), 0 minute(s), 0 second(s), 4 millisecond(s)

Fitness: 24098

3	0	0	0	0	0	0	
1	0	0	0	0	3	0	
0	0	2	0	0	0	0	
0	0	2	0	0	0	0	
0	0	0	0	0	0	0	
1	0	2	3	3	0	2	
0	0	1	0	1	0	0	
0	0	0	0	0	0	0	
2	0	0	0	0	3	0	
0	0	0	0	0	2	0	
2	3	0	0	0	0	0	
1	0	0	0	0	0	0	
2	0	0	1	0	0	0	
0	0	1	0	0	0	1	
0	2	0	0	0	0	0	
0	0	3	0	0	0	1	
0	3	0	0	0	0	0	
0	0	0	2	0	0	0	
0	0	1	0	0	0	0	
0	0	0	0	2	0	3	
0	0	0	0	1	0	0	
0	0	0	0	0	0	0	
0	0	0	1	0	0	0	
3	0	0	0	2	0	0	
0	0	0	0	1	0	0	
--------------------

--------------------
Best Solution Found!
--------------------
Time: 0 hour(s), 0 minute(s), 0 second(s), 7 millisecond(s)

Fitness: 24082

0	0	0	0	1	0	2	
0	0	0	0	2	0	0	
0	3	0	0	1	0	0	
2	0	0	0	0	0	0	
0	0	0	0	0	0	0	
0	0	0	0	0	3	0	
0	0	3	0	0	0	0	
0	0	0	3	2	0	0	
1	0	0	0	0	0	3	
2	0	0	0	0	0	0	
2	0	2	0	0	0	1	
3	0	1	1	0	0	0	
0	0	0	1	0	0	0	
0	0	0	0	0	0	0	
1	0	0	0	0	2	0	
0	2	1	0	3	3	1	
1	0	2	0	0	0	0	
0	0	0	0	0	0	0	
0	0	0	0	0	0	0	
0	0	0	2	0	0	0	
0	0	2	0	0	0	0	
0	0	0	0	0	0	0	
3	0	1	0	0	0	0	
0	3	0	0	1	0	0	
0	0	0	0	0	0	0	
--------------------

--------------------
Best Solution Found!
--------------------
Time: 0 hour(s), 0 minute(s), 0 second(s), 8 millisecond(s)

Fitness: 24082

0	0	0	0	1	0	2	
0	0	0	0	2	0	0	
0	3	0	0	1	0	0	
2	0	0	0	0	0	0	
0	0	0	0	0	0	0	
0	0	0	0	0	3	0	
0	0	3	0	0	0	0	
0	0	0	3	2	0	0	
1	0	0	0	0	0	3	
2	0	0	0	0	0	0	
2	0	2	0	0	0	1	
3	0	1	1	0	0	0	
0	0	0	1	0	0	0	
0	0	0	0	0	0	0	
1	0	0	0	0	2	0	
0	2	1	0	3	3	1	
1	0	2	0	0	0	0	
0	0	0	0	0	0	0	
0	0	0	0	0	0	0	
0	0	0	2	0	0	0	
0	0	2	0	0	0	0	
0	0	0	0	0	0	0	
3	0	1	0	0	0	0	
0	3	0	0	1	0	0	
0	0	0	0	0	0	0	
--------------------

--------------------
Best Solution Found!
--------------------
Time: 0 hour(s), 0 minute(s), 0 second(s), 8 millisecond(s)

Fitness: 24080

0	0	0	0	1	0	2	
0	0	0	0	2	0	0	
0	3	0	0	1	0	0	
2	0	0	0	0	0	0	
0	0	0	0	0	0	0	
3	0	0	0	0	3	0	
0	0	3	0	0	0	0	
1	0	0	3	2	0	0	
2	0	0	0	0	0	3	
1	0	0	0	0	0	0	
0	0	2	0	0	0	1	
0	0	1	1	0	0	0	
0	0	0	1	0	0	0	
0	0	0	0	0	0	0	
2	0	0	0	0	2	0	
0	2	1	0	3	3	1	
0	0	2	0	0	0	0	
0	0	0	0	0	0	0	
0	0	0	0	0	0	0	
0	0	0	2	0	0	0	
0	0	2	0	0	0	0	
3	0	0	0	0	0	0	
0	0	1	0	0	0	0	
1	3	0	0	1	0	0	
0	0	0	0	0	0	0	
--------------------

--------------------
Best Solution Found!
--------------------
Time: 0 hour(s), 0 minute(s), 0 second(s), 13 millisecond(s)

Fitness: 24079

1	0	0	0	1	0	0	
0	0	0	0	0	0	0	
0	0	1	0	0	0	2	
0	0	0	0	0	3	0	
0	2	0	0	0	0	0	
3	0	0	0	0	2	0	
0	0	2	0	0	0	0	
0	0	0	0	0	0	0	
0	0	0	3	0	0	0	
0	0	0	0	2	0	1	
3	0	2	0	0	0	0	
0	0	0	1	3	0	3	
0	0	1	0	0	0	1	
2	0	0	0	0	0	0	
0	0	0	0	0	0	0	
0	0	0	0	2	0	0	
0	0	0	0	0	0	0	
0	3	3	1	1	3	0	
0	3	1	2	0	0	0	
2	0	2	0	0	0	0	
1	0	0	0	0	0	0	
0	0	0	0	0	0	0	
2	0	0	0	1	0	0	
1	0	0	0	0	0	0	
0	0	0	0	0	0	0	
--------------------

--------------------
Best Solution Found!
--------------------
Time: 0 hour(s), 0 minute(s), 0 second(s), 20 millisecond(s)

Fitness: 24069

0	0	0	0	0	0	2	
0	0	1	0	0	0	0	
0	0	0	0	1	0	3	
0	0	0	0	0	0	0	
0	0	0	0	0	0	1	
0	0	3	0	0	2	0	
0	0	0	0	0	0	0	
3	0	0	0	0	0	0	
0	0	0	2	0	0	0	
2	3	2	0	2	3	0	
2	0	0	0	0	0	0	
1	0	0	0	0	0	0	
0	0	1	0	0	0	0	
0	0	0	0	0	0	0	
0	0	0	0	0	0	0	
0	0	0	0	0	0	0	
1	0	2	0	0	0	0	
0	0	0	0	1	0	0	
1	0	0	0	3	0	0	
0	3	0	0	0	0	0	
3	0	1	0	0	0	0	
0	0	0	0	0	0	0	
2	0	2	1	2	0	0	
0	0	0	3	1	0	0	
0	2	0	1	0	3	1	
--------------------

--------------------
Best Solution Found!
--------------------
Time: 0 hour(s), 0 minute(s), 0 second(s), 95 millisecond(s)

Fitness: 24068

2	0	0	0	0	0	0	
0	0	0	0	0	0	0	
3	3	1	0	2	3	0	
0	0	0	0	0	2	2	
0	0	2	0	0	0	1	
0	0	0	0	0	0	0	
0	0	0	0	0	0	0	
3	0	2	0	3	0	0	
0	0	0	2	2	0	1	
0	0	3	1	1	0	0	
0	0	0	0	1	0	0	
0	0	0	0	0	0	0	
0	0	0	0	0	0	0	
0	0	1	0	0	3	0	
0	0	0	0	0	0	0	
0	0	0	0	0	0	0	
0	0	0	0	0	0	0	
1	0	0	1	0	0	0	
2	2	0	3	0	0	0	
2	0	0	0	1	0	3	
0	0	1	0	0	0	0	
0	0	0	0	0	0	0	
1	0	0	0	0	0	0	
1	0	0	0	0	0	0	
0	3	2	0	0	0	0	
--------------------

--------------------
Best Solution Found!
--------------------
Time: 0 hour(s), 0 minute(s), 0 second(s), 96 millisecond(s)

Fitness: 24068

2	0	0	0	0	0	0	
0	0	0	0	0	0	0	
3	3	1	0	2	3	0	
0	0	0	0	0	2	2	
0	0	2	0	0	0	1	
0	0	0	0	0	0	0	
0	0	0	0	0	0	0	
3	0	2	0	3	0	0	
0	0	0	2	2	0	1	
0	0	3	1	1	0	0	
0	0	0	0	1	0	0	
0	0	0	0	0	0	0	
0	0	0	0	0	0	0	
0	0	1	0	0	3	0	
0	0	0	0	0	0	0	
0	0	0	0	0	0	0	
0	0	0	0	0	0	0	
1	0	0	1	0	0	0	
2	2	0	3	0	0	0	
2	0	0	0	1	0	3	
0	0	1	0	0	0	0	
0	0	0	0	0	0	0	
1	0	0	0	0	0	0	
1	0	0	0	0	0	0	
0	3	2	0	0	0	0	
--------------------

--------------------
Best Solution Found!
--------------------
Time: 0 hour(s), 0 minute(s), 0 second(s), 97 millisecond(s)

Fitness: 24068

2	0	0	0	0	0	0	
0	0	0	0	0	0	0	
3	3	1	0	2	3	0	
0	0	0	0	0	2	2	
0	0	2	0	0	0	1	
0	0	0	0	0	0	0	
0	0	0	0	0	0	0	
3	0	2	0	3	0	0	
0	0	0	2	2	0	1	
0	0	3	1	1	0	0	
0	0	0	0	1	0	0	
0	0	0	0	0	0	0	
0	0	0	0	0	0	0	
0	0	1	0	0	3	0	
0	0	0	0	0	0	0	
0	0	0	0	0	0	0	
0	0	0	0	0	0	0	
1	0	0	1	0	0	0	
2	2	0	3	0	0	0	
2	0	0	0	1	0	3	
0	0	1	0	0	0	0	
0	0	0	0	0	0	0	
1	0	0	0	0	0	0	
1	0	0	0	0	0	0	
0	3	2	0	0	0	0	
--------------------

--------------------
Best Solution Found!
--------------------
Time: 0 hour(s), 0 minute(s), 0 second(s), 128 millisecond(s)

Fitness: 23098

0	0	0	0	0	0	0	
0	0	2	0	0	0	3	
2	0	0	0	0	0	0	
0	0	0	0	2	3	0	
0	0	0	0	0	0	0	
2	2	0	0	0	0	0	
1	0	1	3	1	0	1	
1	0	0	0	0	2	0	
3	0	2	1	1	0	1	
0	3	0	0	0	3	0	
2	0	1	0	0	0	0	
1	0	2	0	0	0	0	
0	0	0	0	0	0	0	
0	0	0	0	3	0	0	
3	0	0	0	0	0	0	
0	0	0	0	1	0	0	
0	0	0	0	0	0	0	
0	0	0	0	0	0	0	
0	0	0	0	0	0	0	
0	0	0	0	0	0	0	
0	0	0	0	0	0	0	
0	0	1	0	0	0	0	
0	0	0	0	0	0	2	
0	3	3	2	2	0	0	
0	0	0	1	0	0	0	
--------------------

--------------------
Best Solution Found!
--------------------
Time: 0 hour(s), 0 minute(s), 0 second(s), 135 millisecond(s)

Fitness: 23078

0	0	3	0	0	0	0	
0	0	0	0	0	0	1	
1	0	2	1	1	0	1	
2	0	0	0	0	0	0	
0	0	0	0	0	0	0	
0	0	2	0	0	0	0	
0	0	0	0	2	0	0	
0	0	0	0	0	0	0	
0	0	0	0	0	0	0	
0	3	1	0	0	0	0	
2	0	0	0	0	0	0	
0	0	1	2	0	0	0	
3	0	1	0	0	0	0	
0	0	0	0	0	0	0	
3	0	0	0	1	0	0	
0	0	0	0	0	0	0	
1	0	0	0	1	0	3	
0	2	0	1	0	3	0	
0	0	0	0	2	0	0	
0	0	0	3	0	0	0	
0	0	0	0	0	0	0	
2	0	0	0	0	2	0	
1	0	2	0	3	3	2	
0	0	0	0	0	0	0	
0	3	0	0	0	0	0	
--------------------

--------------------
Best Solution Found!
--------------------
Time: 0 hour(s), 0 minute(s), 0 second(s), 136 millisecond(s)

Fitness: 23078

0	0	3	0	0	0	0	
0	0	0	0	0	0	1	
1	0	2	1	1	0	1	
2	0	0	0	0	0	0	
0	0	0	0	0	0	0	
0	0	2	0	0	0	0	
0	0	0	0	2	0	0	
0	0	0	0	0	0	0	
0	0	0	0	0	0	0	
0	3	1	0	0	0	0	
2	0	0	0	0	0	0	
0	0	1	2	0	0	0	
3	0	1	0	0	0	0	
0	0	0	0	0	0	0	
3	0	0	0	1	0	0	
0	0	0	0	0	0	0	
1	0	0	0	1	0	3	
0	2	0	1	0	3	0	
0	0	0	0	2	0	0	
0	0	0	3	0	0	0	
0	0	0	0	0	0	0	
2	0	0	0	0	2	0	
1	0	2	0	3	3	2	
0	0	0	0	0	0	0	
0	3	0	0	0	0	0	
--------------------

--------------------
Best Solution Found!
--------------------
Time: 0 hour(s), 0 minute(s), 0 second(s), 366 millisecond(s)

Fitness: 23072

0	2	0	0	0	0	0	
0	0	1	0	0	3	0	
0	0	0	0	0	0	0	
0	0	0	1	0	0	1	
1	0	0	2	0	0	0	
0	0	0	0	0	0	0	
0	0	0	0	3	0	0	
0	0	0	0	0	2	0	
0	0	0	0	0	0	0	
0	0	0	0	0	0	0	
0	0	0	0	0	0	0	
1	0	0	0	0	0	0	
3	0	0	0	1	0	0	
0	0	1	0	1	0	0	
2	0	3	0	0	0	0	
0	0	0	0	2	0	0	
0	0	0	0	0	0	0	
2	3	2	1	0	0	3	
1	0	0	3	0	0	0	
0	0	0	0	0	0	1	
3	3	1	0	2	0	2	
2	0	2	0	0	0	0	
0	0	0	0	0	0	0	
0	0	0	0	1	0	0	
0	0	2	0	0	3	0	
--------------------

--------------------
Best Solution Found!
--------------------
Time: 0 hour(s), 0 minute(s), 0 second(s), 367 millisecond(s)

Fitness: 23072

0	2	0	0	0	0	0	
0	0	1	0	0	3	0	
0	0	0	0	0	0	0	
0	0	0	1	0	0	1	
1	0	0	2	0	0	0	
0	0	0	0	0	0	0	
0	0	0	0	3	0	0	
0	0	0	0	0	2	0	
0	0	0	0	0	0	0	
0	0	0	0	0	0	0	
0	0	0	0	0	0	0	
1	0	0	0	0	0	0	
3	0	0	0	1	0	0	
0	0	1	0	1	0	0	
2	0	3	0	0	0	0	
0	0	0	0	2	0	0	
0	0	0	0	0	0	0	
2	3	2	1	0	0	3	
1	0	0	3	0	0	0	
0	0	0	0	0	0	1	
3	3	1	0	2	0	2	
2	0	2	0	0	0	0	
0	0	0	0	0	0	0	
0	0	0	0	1	0	0	
0	0	2	0	0	3	0	
--------------------

--------------------
Best Solution Found!
--------------------
Time: 0 hour(s), 0 minute(s), 0 second(s), 378 millisecond(s)

Fitness: 23069

0	0	1	0	0	0	0	
1	0	0	0	0	0	0	
0	0	0	0	1	2	0	
2	0	0	0	2	3	0	
0	2	0	0	0	0	2	
0	0	0	0	1	0	0	
1	0	0	0	0	0	0	
3	3	2	1	2	0	0	
0	0	0	0	0	0	0	
0	0	0	0	1	0	0	
2	0	0	0	0	0	0	
0	0	0	0	0	0	0	
0	0	2	0	0	0	1	
2	0	0	0	0	0	0	
0	0	0	0	0	0	0	
0	0	1	1	0	0	0	
1	0	0	0	0	0	0	
0	0	0	2	0	0	0	
0	0	0	0	3	0	0	
0	0	0	0	0	0	3	
0	0	0	0	0	0	0	
0	0	0	0	0	0	0	
0	3	2	0	0	0	0	
3	0	3	3	0	3	1	
0	0	1	0	0	0	0	
--------------------

--------------------
Best Solution Found!
--------------------
Time: 0 hour(s), 0 minute(s), 1 second(s), 852 millisecond(s)

Fitness: 22095

0	0	1	0	0	0	0	
0	0	0	0	0	0	0	
0	0	0	0	0	0	0	
2	0	0	0	3	0	0	
0	2	0	0	0	0	0	
0	0	0	0	1	0	0	
0	0	0	0	0	0	0	
0	0	3	0	2	0	0	
3	3	1	2	0	0	2	
1	0	0	0	1	0	0	
0	0	2	0	0	2	0	
0	0	0	0	0	0	0	
0	0	0	0	0	0	0	
0	0	0	0	0	0	0	
2	0	2	1	2	0	1	
1	0	1	1	1	3	0	
0	0	0	0	0	0	0	
0	3	0	0	0	0	0	
2	0	0	0	0	0	0	
0	0	0	0	0	0	0	
1	0	0	3	0	0	1	
0	0	2	0	0	0	0	
0	0	0	0	0	3	3	
0	0	0	0	0	0	0	
3	0	0	0	0	0	0	
--------------------

--------------------
Best Solution Found!
--------------------
Time: 0 hour(s), 0 minute(s), 9 second(s), 275 millisecond(s)

Fitness: 22087

0	0	0	0	0	0	0	
0	0	0	0	1	0	0	
0	0	0	0	0	0	0	
0	0	1	0	0	0	0	
0	0	0	0	0	0	0	
0	0	0	0	2	0	0	
0	0	3	0	1	0	0	
0	0	0	0	0	0	0	
0	0	0	0	0	0	2	
3	2	0	0	0	0	0	
0	0	0	0	0	0	0	
2	0	0	0	3	0	0	
0	0	2	0	0	0	0	
2	3	1	1	0	3	0	
1	0	0	0	0	0	0	
0	0	0	1	0	0	0	
0	0	0	0	0	0	0	
0	0	0	0	0	0	3	
0	0	0	0	0	0	0	
1	0	1	0	1	2	1	
0	3	0	3	2	0	0	
2	0	2	2	0	3	1	
0	0	2	0	0	0	0	
1	0	0	0	0	0	0	
3	0	0	0	0	0	0	
--------------------

--------------------
Best Solution Found!
--------------------
Time: 0 hour(s), 0 minute(s), 9 second(s), 275 millisecond(s)

Fitness: 22087

0	0	0	0	0	0	0	
0	0	0	0	1	0	0	
0	0	0	0	0	0	0	
0	0	1	0	0	0	0	
0	0	0	0	0	0	0	
0	0	0	0	2	0	0	
0	0	3	0	1	0	0	
0	0	0	0	0	0	0	
0	0	0	0	0	0	2	
3	2	0	0	0	0	0	
0	0	0	0	0	0	0	
2	0	0	0	3	0	0	
0	0	2	0	0	0	0	
2	3	1	1	0	3	0	
1	0	0	0	0	0	0	
0	0	0	1	0	0	0	
0	0	0	0	0	0	0	
0	0	0	0	0	0	3	
0	0	0	0	0	0	0	
1	0	1	0	1	2	1	
0	3	0	3	2	0	0	
2	0	2	2	0	3	1	
0	0	2	0	0	0	0	
1	0	0	0	0	0	0	
3	0	0	0	0	0	0	
--------------------

--------------------
Best Solution Found!
--------------------
Time: 0 hour(s), 0 minute(s), 18 second(s), 752 millisecond(s)

Fitness: 22078

2	0	0	0	1	0	0	
2	3	1	0	3	3	0	
1	0	1	0	0	0	0	
0	0	0	0	0	0	0	
1	0	0	0	0	0	0	
0	0	0	0	0	0	1	
0	2	0	2	0	0	0	
1	3	0	1	2	0	3	
0	0	0	0	2	0	0	
0	0	0	0	0	2	0	
0	0	0	0	0	3	0	
0	0	0	0	0	0	0	
0	0	3	3	0	0	1	
0	0	0	0	0	0	0	
0	0	0	0	0	0	0	
2	0	2	0	0	0	0	
0	0	0	0	0	0	0	
0	0	0	0	0	0	0	
0	0	0	0	1	0	0	
3	0	0	0	0	0	0	
0	0	2	0	0	0	0	
0	0	1	0	0	0	0	
0	0	0	0	0	0	0	
0	0	0	0	0	0	0	
3	0	2	1	1	0	2	
--------------------

--------------------
Best Solution Found!
--------------------
Time: 0 hour(s), 0 minute(s), 38 second(s), 121 millisecond(s)

Fitness: 22077

0	0	0	0	0	0	0	
0	0	0	1	1	0	0	
0	0	0	3	0	0	0	
0	0	0	0	0	0	0	
0	2	2	2	0	3	1	
0	0	0	0	0	0	0	
3	0	0	0	0	0	0	
2	3	1	0	0	3	2	
1	0	1	1	1	0	3	
0	0	0	0	0	0	0	
1	0	0	0	0	0	1	
0	0	0	0	0	0	0	
0	0	0	0	2	0	0	
0	0	0	0	1	0	0	
0	0	0	0	0	0	0	
0	3	0	0	3	0	0	
0	0	2	0	0	0	0	
0	0	0	0	0	2	0	
0	0	2	0	2	0	0	
0	0	0	0	0	0	0	
3	0	0	0	0	0	0	
0	0	1	0	0	0	0	
2	0	0	0	0	0	0	
1	0	0	0	0	0	0	
2	0	3	0	0	0	0	
--------------------

--------------------
Best Solution Found!
--------------------
Time: 0 hour(s), 0 minute(s), 38 second(s), 121 millisecond(s)

Fitness: 22077

0	0	0	0	0	0	0	
0	0	0	1	1	0	0	
0	0	0	3	0	0	0	
0	0	0	0	0	0	0	
0	2	2	2	0	3	1	
0	0	0	0	0	0	0	
3	0	0	0	0	0	0	
2	3	1	0	0	3	2	
1	0	1	1	1	0	3	
0	0	0	0	0	0	0	
1	0	0	0	0	0	1	
0	0	0	0	0	0	0	
0	0	0	0	2	0	0	
0	0	0	0	1	0	0	
0	0	0	0	0	0	0	
0	3	0	0	3	0	0	
0	0	2	0	0	0	0	
0	0	0	0	0	2	0	
0	0	2	0	2	0	0	
0	0	0	0	0	0	0	
3	0	0	0	0	0	0	
0	0	1	0	0	0	0	
2	0	0	0	0	0	0	
1	0	0	0	0	0	0	
2	0	3	0	0	0	0	
--------------------

--------------------
Best Solution Found!
--------------------
Time: 0 hour(s), 0 minute(s), 38 second(s), 122 millisecond(s)

Fitness: 22077

0	0	0	0	0	0	0	
0	0	0	1	1	0	0	
0	0	0	3	0	0	0	
0	0	0	0	0	0	0	
0	2	2	2	0	3	1	
0	0	0	0	0	0	0	
3	0	0	0	0	0	0	
2	3	1	0	0	3	2	
1	0	1	1	1	0	3	
0	0	0	0	0	0	0	
1	0	0	0	0	0	1	
0	0	0	0	0	0	0	
0	0	0	0	2	0	0	
0	0	0	0	1	0	0	
0	0	0	0	0	0	0	
0	3	0	0	3	0	0	
0	0	2	0	0	0	0	
0	0	0	0	0	2	0	
0	0	2	0	2	0	0	
0	0	0	0	0	0	0	
3	0	0	0	0	0	0	
0	0	1	0	0	0	0	
2	0	0	0	0	0	0	
1	0	0	0	0	0	0	
2	0	3	0	0	0	0	
--------------------

--------------------
Best Solution Found!
--------------------
Time: 0 hour(s), 0 minute(s), 47 second(s), 487 millisecond(s)

Fitness: 22073

0	0	0	0	0	0	0	
0	3	0	0	2	0	0	
2	0	0	3	3	3	3	
1	0	0	0	0	0	1	
1	0	3	2	2	0	1	
0	0	0	0	0	0	0	
0	0	2	0	0	0	0	
0	0	0	1	0	0	0	
2	0	1	0	0	0	0	
1	0	1	0	0	0	0	
0	0	0	0	0	0	0	
3	0	0	0	1	0	0	
0	0	0	0	0	3	0	
0	0	1	0	0	0	0	
0	0	0	0	0	0	0	
0	0	0	0	0	0	0	
0	3	2	1	1	0	2	
0	0	0	0	0	2	0	
3	0	0	0	0	0	0	
0	0	0	0	0	0	0	
0	0	2	0	0	0	0	
2	0	0	0	0	0	0	
0	2	0	0	0	0	0	
0	0	0	0	1	0	0	
0	0	0	0	0	0	0	
--------------------


The best solution was found at the restart: 11, population: 0
Total Time Elapsed: 0 hour(s), 1 minute(s), 57 second(s), 406 millisecond(s)

