--------------------
Best Solution Found!
--------------------
Time: 0 hour(s), 0 minute(s), 0 second(s), 1 millisecond(s)

Fitness: 17186

3	0	0	1	0	0	0	
2	3	3	0	0	1	1	
3	3	1	0	0	0	1	
1	3	1	2	0	3	0	
0	0	0	0	0	0	1	
1	2	1	0	2	0	1	
0	1	1	1	0	0	2	
0	0	0	0	0	0	0	
0	1	0	1	0	0	0	
2	0	3	0	0	0	2	
2	2	3	0	0	0	2	
1	0	2	2	2	0	1	
1	2	0	0	0	0	3	
2	1	1	0	2	0	1	
2	2	2	0	1	1	0	
1	0	1	0	1	0	1	
2	3	3	0	0	0	1	
0	0	0	3	0	0	0	
1	3	1	0	3	0	3	
0	3	0	0	0	0	1	
1	1	3	0	0	2	3	
0	3	0	0	0	0	2	
3	3	0	0	1	0	3	
0	3	0	0	0	0	0	
1	1	3	2	3	0	3	
--------------------

--------------------
Best Solution Found!
--------------------
Time: 0 hour(s), 0 minute(s), 0 second(s), 15 millisecond(s)

Fitness: 17175

1	2	2	0	0	1	1	
0	0	0	3	0	3	3	
2	0	0	0	1	0	1	
3	1	0	0	0	0	1	
0	0	1	0	0	0	2	
1	3	1	1	0	0	1	
1	0	3	0	0	0	0	
0	0	3	2	2	0	0	
1	2	3	0	1	0	1	
2	3	0	2	3	0	3	
2	1	3	0	3	0	2	
3	3	1	0	0	0	1	
0	3	0	0	0	0	0	
0	3	1	0	2	0	1	
0	3	2	1	2	0	3	
2	0	3	0	0	0	0	
0	3	0	0	0	0	3	
3	3	0	0	0	0	0	
1	3	0	0	0	0	1	
2	2	3	0	0	1	0	
1	2	1	2	0	0	2	
0	0	0	0	1	0	1	
1	1	0	0	0	0	3	
2	1	1	1	0	2	0	
1	1	1	0	0	0	2	
--------------------

--------------------
Best Solution Found!
--------------------
Time: 0 hour(s), 0 minute(s), 0 second(s), 15 millisecond(s)

Fitness: 17175

1	2	2	0	0	1	1	
0	0	0	3	0	3	3	
2	0	0	0	1	0	1	
3	1	0	0	0	0	1	
0	0	1	0	0	0	2	
1	3	1	1	0	0	1	
1	0	3	0	0	0	0	
0	0	3	2	2	0	0	
1	2	3	0	1	0	1	
2	3	0	2	3	0	3	
2	1	3	0	3	0	2	
3	3	1	0	0	0	1	
0	3	0	0	0	0	0	
0	3	1	0	2	0	1	
0	3	2	1	2	0	3	
2	0	3	0	0	0	0	
0	3	0	0	0	0	3	
3	3	0	0	0	0	0	
1	3	0	0	0	0	1	
2	2	3	0	0	1	0	
1	2	1	2	0	0	2	
0	0	0	0	1	0	1	
1	1	0	0	0	0	3	
2	1	1	1	0	2	0	
1	1	1	0	0	0	2	
--------------------

--------------------
Best Solution Found!
--------------------
Time: 0 hour(s), 0 minute(s), 0 second(s), 504 millisecond(s)

Fitness: 16204

3	0	3	0	1	3	1	
1	0	3	0	0	0	3	
2	2	0	0	0	0	0	
2	1	3	1	0	0	2	
2	0	0	1	0	0	3	
3	1	0	2	0	0	1	
1	3	1	0	0	2	2	
0	3	2	0	0	0	1	
0	0	0	0	0	0	2	
1	3	0	0	0	0	3	
3	3	1	2	0	0	1	
1	3	3	0	1	0	1	
0	3	2	0	2	0	1	
0	1	3	1	0	0	0	
1	3	1	0	1	0	2	
0	0	0	0	0	0	0	
0	2	0	0	0	0	0	
1	1	3	0	0	0	3	
1	0	1	0	3	0	0	
2	3	0	0	3	1	0	
2	3	1	3	0	0	3	
1	2	1	0	2	0	1	
0	0	1	0	2	0	1	
2	1	0	2	0	1	1	
0	2	0	0	0	0	0	
--------------------

--------------------
Best Solution Found!
--------------------
Time: 0 hour(s), 0 minute(s), 0 second(s), 505 millisecond(s)

Fitness: 16204

3	0	3	0	1	3	1	
1	0	3	0	0	0	3	
2	2	0	0	0	0	0	
2	1	3	1	0	0	2	
2	0	0	1	0	0	3	
3	1	0	2	0	0	1	
1	3	1	0	0	2	2	
0	3	2	0	0	0	1	
0	0	0	0	0	0	2	
1	3	0	0	0	0	3	
3	3	1	2	0	0	1	
1	3	3	0	1	0	1	
0	3	2	0	2	0	1	
0	1	3	1	0	0	0	
1	3	1	0	1	0	2	
0	0	0	0	0	0	0	
0	2	0	0	0	0	0	
1	1	3	0	0	0	3	
1	0	1	0	3	0	0	
2	3	0	0	3	1	0	
2	3	1	3	0	0	3	
1	2	1	0	2	0	1	
0	0	1	0	2	0	1	
2	1	0	2	0	1	1	
0	2	0	0	0	0	0	
--------------------

--------------------
Best Solution Found!
--------------------
Time: 0 hour(s), 0 minute(s), 1 second(s), 252 millisecond(s)

Fitness: 16195

1	0	1	0	0	0	0	
2	2	3	0	2	0	3	
1	0	2	0	0	0	0	
2	0	0	0	0	1	1	
2	3	3	0	0	0	0	
1	3	3	2	0	0	2	
0	1	0	1	0	0	2	
1	1	3	0	1	0	0	
1	1	0	0	0	0	1	
1	0	2	3	3	1	1	
3	1	0	1	1	0	1	
0	3	0	0	0	0	0	
3	2	1	2	0	0	2	
0	0	0	0	0	0	1	
0	0	1	0	0	0	1	
2	2	1	0	0	2	1	
0	3	0	0	0	0	1	
1	2	3	0	3	0	3	
1	1	1	0	0	0	0	
0	3	0	1	0	0	0	
2	3	0	0	0	0	3	
0	3	1	2	2	0	1	
2	0	0	0	0	0	3	
0	3	1	0	2	3	3	
3	3	3	0	1	0	2	
--------------------

--------------------
Best Solution Found!
--------------------
Time: 0 hour(s), 0 minute(s), 1 second(s), 253 millisecond(s)

Fitness: 16195

1	0	1	0	0	0	0	
2	2	3	0	2	0	3	
1	0	2	0	0	0	0	
2	0	0	0	0	1	1	
2	3	3	0	0	0	0	
1	3	3	2	0	0	2	
0	1	0	1	0	0	2	
1	1	3	0	1	0	0	
1	1	0	0	0	0	1	
1	0	2	3	3	1	1	
3	1	0	1	1	0	1	
0	3	0	0	0	0	0	
3	2	1	2	0	0	2	
0	0	0	0	0	0	1	
0	0	1	0	0	0	1	
2	2	1	0	0	2	1	
0	3	0	0	0	0	1	
1	2	3	0	3	0	3	
1	1	1	0	0	0	0	
0	3	0	1	0	0	0	
2	3	0	0	0	0	3	
0	3	1	2	2	0	1	
2	0	0	0	0	0	3	
0	3	1	0	2	3	3	
3	3	3	0	1	0	2	
--------------------

--------------------
Best Solution Found!
--------------------
Time: 0 hour(s), 0 minute(s), 1 second(s), 253 millisecond(s)

Fitness: 15197

2	0	1	0	0	0	0	
1	2	3	0	2	0	3	
1	0	2	0	0	0	0	
0	0	0	0	0	1	1	
0	3	3	0	0	0	0	
3	3	3	2	0	0	2	
1	1	0	1	0	0	2	
0	1	3	0	1	0	0	
2	1	0	0	0	0	1	
0	0	2	3	3	1	1	
1	1	0	1	1	0	1	
3	3	0	0	0	0	0	
3	2	1	2	0	0	2	
1	0	0	0	0	0	1	
0	0	1	0	0	0	1	
2	2	1	0	0	2	1	
1	3	0	0	0	0	1	
2	2	3	0	3	0	3	
2	1	1	0	0	0	0	
0	3	0	1	0	0	0	
1	3	0	0	0	0	3	
0	3	1	2	2	0	1	
2	0	0	0	0	0	3	
0	3	1	0	2	3	3	
1	3	3	0	1	0	2	
--------------------

--------------------
Best Solution Found!
--------------------
Time: 0 hour(s), 0 minute(s), 10 second(s), 423 millisecond(s)

Fitness: 15185

2	0	0	0	0	0	2	
3	2	3	0	2	0	1	
2	3	2	1	0	0	1	
3	3	0	0	0	0	0	
0	3	1	0	1	1	1	
0	1	0	0	0	0	0	
1	1	1	0	1	0	0	
0	2	3	0	0	0	3	
0	1	0	0	0	0	3	
1	2	0	0	0	2	0	
0	0	2	0	0	0	1	
2	0	0	0	2	0	0	
1	3	1	2	0	0	2	
3	3	3	0	0	0	0	
2	3	3	0	0	1	3	
1	0	3	2	1	0	1	
1	1	1	1	0	0	3	
0	3	1	0	0	0	0	
2	3	1	0	2	0	1	
2	0	0	2	3	0	2	
1	0	1	3	0	3	2	
1	0	0	0	0	0	1	
0	1	0	0	0	0	3	
0	2	0	0	3	0	1	
1	3	3	1	0	0	1	
--------------------

--------------------
Best Solution Found!
--------------------
Time: 0 hour(s), 0 minute(s), 23 second(s), 102 millisecond(s)

Fitness: 14211

0	1	0	0	0	2	0	
1	3	2	0	0	0	3	
1	3	3	0	0	1	2	
2	2	3	0	0	0	0	
2	0	1	0	0	0	0	
1	3	0	0	0	0	0	
3	0	0	0	0	0	3	
2	0	1	3	2	0	1	
3	2	1	0	0	3	3	
0	1	0	1	0	0	2	
2	3	3	0	1	0	2	
0	2	0	1	0	0	2	
1	3	1	0	1	0	3	
3	0	0	0	0	0	0	
2	3	3	0	2	0	1	
1	1	2	2	0	0	1	
1	3	0	1	0	0	3	
0	0	0	0	0	0	0	
0	2	0	0	0	0	0	
1	3	1	0	1	0	1	
2	1	3	0	3	0	1	
0	1	1	2	3	0	1	
0	3	1	0	2	1	1	
1	0	3	0	0	0	1	
0	0	0	2	0	0	1	
--------------------

--------------------
Best Solution Found!
--------------------
Time: 0 hour(s), 0 minute(s), 23 second(s), 103 millisecond(s)

Fitness: 14211

0	1	0	0	0	2	0	
1	3	2	0	0	0	3	
1	3	3	0	0	1	2	
2	2	3	0	0	0	0	
2	0	1	0	0	0	0	
1	3	0	0	0	0	0	
3	0	0	0	0	0	3	
2	0	1	3	2	0	1	
3	2	1	0	0	3	3	
0	1	0	1	0	0	2	
2	3	3	0	1	0	2	
0	2	0	1	0	0	2	
1	3	1	0	1	0	3	
3	0	0	0	0	0	0	
2	3	3	0	2	0	1	
1	1	2	2	0	0	1	
1	3	0	1	0	0	3	
0	0	0	0	0	0	0	
0	2	0	0	0	0	0	
1	3	1	0	1	0	1	
2	1	3	0	3	0	1	
0	1	1	2	3	0	1	
0	3	1	0	2	1	1	
1	0	3	0	0	0	1	
0	0	0	2	0	0	1	
--------------------

--------------------
Best Solution Found!
--------------------
Time: 0 hour(s), 0 minute(s), 23 second(s), 104 millisecond(s)

Fitness: 14211

0	1	0	0	0	2	0	
1	3	2	0	0	0	3	
1	3	3	0	0	1	2	
2	2	3	0	0	0	0	
2	0	1	0	0	0	0	
1	3	0	0	0	0	0	
3	0	0	0	0	0	3	
2	0	1	3	2	0	1	
3	2	1	0	0	3	3	
0	1	0	1	0	0	2	
2	3	3	0	1	0	2	
0	2	0	1	0	0	2	
1	3	1	0	1	0	3	
3	0	0	0	0	0	0	
2	3	3	0	2	0	1	
1	1	2	2	0	0	1	
1	3	0	1	0	0	3	
0	0	0	0	0	0	0	
0	2	0	0	0	0	0	
1	3	1	0	1	0	1	
2	1	3	0	3	0	1	
0	1	1	2	3	0	1	
0	3	1	0	2	1	1	
1	0	3	0	0	0	1	
0	0	0	2	0	0	1	
--------------------

--------------------
Best Solution Found!
--------------------
Time: 0 hour(s), 0 minute(s), 23 second(s), 104 millisecond(s)

Fitness: 14211

0	1	0	0	0	2	0	
1	3	2	0	0	0	3	
1	3	3	0	0	1	2	
2	2	3	0	0	0	0	
2	0	1	0	0	0	0	
1	3	0	0	0	0	0	
3	0	0	0	0	0	3	
2	0	1	3	2	0	1	
3	2	1	0	0	3	3	
0	1	0	1	0	0	2	
2	3	3	0	1	0	2	
0	2	0	1	0	0	2	
1	3	1	0	1	0	3	
3	0	0	0	0	0	0	
2	3	3	0	2	0	1	
1	1	2	2	0	0	1	
1	3	0	1	0	0	3	
0	0	0	0	0	0	0	
0	2	0	0	0	0	0	
1	3	1	0	1	0	1	
2	1	3	0	3	0	1	
0	1	1	2	3	0	1	
0	3	1	0	2	1	1	
1	0	3	0	0	0	1	
0	0	0	2	0	0	1	
--------------------

--------------------
Best Solution Found!
--------------------
Time: 0 hour(s), 0 minute(s), 23 second(s), 105 millisecond(s)

Fitness: 14211

0	1	0	0	0	2	0	
1	3	2	0	0	0	3	
1	3	3	0	0	1	2	
2	2	3	0	0	0	0	
2	0	1	0	0	0	0	
1	3	0	0	0	0	0	
3	0	0	0	0	0	3	
2	0	1	3	2	0	1	
3	2	1	0	0	3	3	
0	1	0	1	0	0	2	
2	3	3	0	1	0	2	
0	2	0	1	0	0	2	
1	3	1	0	1	0	3	
3	0	0	0	0	0	0	
2	3	3	0	2	0	1	
1	1	2	2	0	0	1	
1	3	0	1	0	0	3	
0	0	0	0	0	0	0	
0	2	0	0	0	0	0	
1	3	1	0	1	0	1	
2	1	3	0	3	0	1	
0	1	1	2	3	0	1	
0	3	1	0	2	1	1	
1	0	3	0	0	0	1	
0	0	0	2	0	0	1	
--------------------


The best solution was found at the restart: 7, population: 0
Total Time Elapsed: 0 hour(s), 1 minute(s), 22 second(s), 701 millisecond(s)

