--------------------
Best Solution Found!
--------------------
Time: 0 hour(s), 0 minute(s), 0 second(s), 0 millisecond(s)

Fitness: 25082

0	0	0	0	0	0	0	
1	0	0	0	0	0	0	
3	0	0	0	0	0	0	
0	3	0	0	0	0	0	
0	0	0	3	0	0	0	
0	0	0	0	0	0	0	
0	0	0	1	3	0	3	
0	0	0	0	2	0	2	
0	0	0	2	2	0	0	
2	0	0	0	0	0	0	
0	2	0	0	0	0	1	
0	0	0	0	1	0	0	
1	0	2	0	0	0	0	
2	0	2	0	0	0	0	
0	0	0	0	0	3	0	
0	0	0	0	0	2	0	
0	0	1	0	1	0	0	
2	0	3	0	1	0	1	
0	0	0	0	0	3	0	
0	0	0	0	0	0	0	
0	0	1	0	0	0	0	
0	0	0	0	0	0	0	
3	0	1	1	0	0	0	
1	0	0	0	0	0	0	
0	3	2	0	0	0	0	
--------------------

--------------------
Best Solution Found!
--------------------
Time: 0 hour(s), 0 minute(s), 0 second(s), 1 millisecond(s)

Fitness: 24082

0	0	0	0	0	0	0	
0	3	0	0	0	0	0	
0	0	0	0	0	0	0	
0	0	0	0	0	0	0	
2	0	1	0	0	0	0	
2	0	0	0	0	0	0	
0	3	0	0	3	0	3	
0	0	0	0	2	0	2	
0	0	0	0	2	0	0	
1	0	0	0	0	0	0	
1	0	2	0	0	0	1	
0	0	0	0	1	0	0	
3	0	0	3	0	0	0	
0	2	1	0	0	0	0	
0	0	0	2	0	3	0	
0	0	2	0	0	2	0	
0	0	0	0	1	0	0	
3	0	2	1	1	0	1	
1	0	1	0	0	3	0	
2	0	0	0	0	0	0	
0	0	0	1	0	0	0	
0	0	3	0	0	0	0	
0	0	0	0	0	0	0	
0	0	0	0	0	0	0	
0	0	0	0	0	0	0	
--------------------

--------------------
Best Solution Found!
--------------------
Time: 0 hour(s), 0 minute(s), 0 second(s), 2 millisecond(s)

Fitness: 24082

0	0	0	0	0	0	0	
0	3	0	0	0	0	0	
0	0	0	0	0	0	0	
0	0	0	0	0	0	0	
2	0	1	0	0	0	0	
2	0	0	0	0	0	0	
0	3	0	0	3	0	3	
0	0	0	0	2	0	2	
0	0	0	0	2	0	0	
1	0	0	0	0	0	0	
1	0	2	0	0	0	1	
0	0	0	0	1	0	0	
3	0	0	3	0	0	0	
0	2	1	0	0	0	0	
0	0	0	2	0	3	0	
0	0	2	0	0	2	0	
0	0	0	0	1	0	0	
3	0	2	1	1	0	1	
1	0	1	0	0	3	0	
2	0	0	0	0	0	0	
0	0	0	1	0	0	0	
0	0	3	0	0	0	0	
0	0	0	0	0	0	0	
0	0	0	0	0	0	0	
0	0	0	0	0	0	0	
--------------------

--------------------
Best Solution Found!
--------------------
Time: 0 hour(s), 0 minute(s), 0 second(s), 23 millisecond(s)

Fitness: 24076

0	0	0	0	0	0	0	
0	0	0	0	1	0	0	
2	0	1	0	0	0	0	
0	3	2	2	2	0	1	
0	0	0	0	0	0	0	
0	0	0	0	0	0	0	
0	0	0	0	0	0	0	
1	0	0	0	3	0	0	
2	0	0	0	0	0	2	
0	0	0	0	0	0	0	
3	2	0	0	0	0	0	
0	0	0	0	0	0	0	
0	0	0	0	0	0	0	
3	0	0	0	2	0	0	
0	0	3	0	0	0	0	
1	0	0	0	0	0	0	
0	0	2	3	0	0	1	
1	0	1	0	0	0	3	
0	0	0	1	0	0	0	
0	0	0	0	0	0	0	
0	0	0	0	0	3	0	
2	0	0	1	0	3	0	
0	0	1	0	1	0	0	
0	0	0	0	0	0	0	
0	3	2	0	1	2	0	
--------------------

--------------------
Best Solution Found!
--------------------
Time: 0 hour(s), 0 minute(s), 0 second(s), 23 millisecond(s)

Fitness: 24076

0	0	0	0	0	0	0	
0	0	0	0	1	0	0	
2	0	1	0	0	0	0	
0	3	2	2	2	0	1	
0	0	0	0	0	0	0	
0	0	0	0	0	0	0	
0	0	0	0	0	0	0	
1	0	0	0	3	0	0	
2	0	0	0	0	0	2	
0	0	0	0	0	0	0	
3	2	0	0	0	0	0	
0	0	0	0	0	0	0	
0	0	0	0	0	0	0	
3	0	0	0	2	0	0	
0	0	3	0	0	0	0	
1	0	0	0	0	0	0	
0	0	2	3	0	0	1	
1	0	1	0	0	0	3	
0	0	0	1	0	0	0	
0	0	0	0	0	0	0	
0	0	0	0	0	3	0	
2	0	0	1	0	3	0	
0	0	1	0	1	0	0	
0	0	0	0	0	0	0	
0	3	2	0	1	2	0	
--------------------

--------------------
Best Solution Found!
--------------------
Time: 0 hour(s), 0 minute(s), 0 second(s), 80 millisecond(s)

Fitness: 24065

0	0	0	0	3	2	0	
3	3	0	2	0	3	2	
0	0	0	1	0	0	1	
0	0	0	0	0	0	0	
3	0	1	0	2	0	0	
0	0	0	0	0	0	0	
0	0	0	0	1	0	0	
0	0	2	0	1	0	0	
0	0	0	0	0	0	0	
0	0	0	0	0	0	1	
0	0	0	3	0	0	0	
0	2	2	0	1	0	0	
2	0	0	0	0	0	0	
0	0	0	0	0	0	3	
2	3	3	0	0	0	0	
1	0	0	0	0	0	0	
1	0	1	0	0	0	0	
1	0	2	0	0	3	0	
0	0	1	0	0	0	0	
0	0	0	0	0	0	0	
0	0	0	0	0	0	0	
2	0	0	0	2	0	0	
0	0	0	0	0	0	0	
0	0	0	1	0	0	0	
0	0	0	0	0	0	0	
--------------------

--------------------
Best Solution Found!
--------------------
Time: 0 hour(s), 0 minute(s), 0 second(s), 83 millisecond(s)

Fitness: 24065

0	0	2	0	3	2	0	
0	3	1	2	0	3	2	
2	0	0	1	0	0	1	
0	0	0	0	0	0	0	
0	0	0	0	2	0	0	
0	0	0	0	0	0	0	
0	0	0	0	1	0	0	
2	0	3	0	1	0	0	
0	0	0	0	0	0	0	
0	0	0	0	0	0	1	
0	0	1	3	0	0	0	
3	2	1	0	1	0	0	
0	0	0	0	0	0	0	
0	0	0	0	0	0	3	
0	3	0	0	0	0	0	
0	0	0	0	0	0	0	
0	0	2	0	0	0	0	
1	0	0	0	0	3	0	
0	0	0	0	0	0	0	
2	0	0	0	0	0	0	
1	0	2	0	0	0	0	
0	0	0	0	2	0	0	
0	0	0	0	0	0	0	
3	0	0	1	0	0	0	
1	0	0	0	0	0	0	
--------------------

--------------------
Best Solution Found!
--------------------
Time: 0 hour(s), 0 minute(s), 0 second(s), 94 millisecond(s)

Fitness: 23095

2	0	0	0	0	0	0	
0	0	0	0	0	0	0	
0	0	0	1	0	0	0	
3	2	0	0	0	0	0	
1	0	3	0	0	0	0	
0	0	0	0	0	0	0	
2	3	1	0	0	0	0	
1	0	0	1	2	3	1	
0	0	0	0	3	0	0	
0	0	0	0	2	0	0	
0	0	0	0	1	0	0	
3	0	1	0	0	3	3	
0	0	0	2	0	0	2	
0	0	2	0	0	0	0	
0	3	0	0	0	0	0	
0	0	0	0	0	0	0	
0	0	0	0	0	0	0	
0	0	0	0	0	0	0	
0	0	2	0	0	2	0	
2	0	0	0	0	0	0	
1	0	1	3	1	0	1	
0	0	2	0	0	0	0	
0	0	0	0	1	0	0	
0	0	0	0	0	0	0	
0	0	0	0	0	0	0	
--------------------

--------------------
Best Solution Found!
--------------------
Time: 0 hour(s), 0 minute(s), 0 second(s), 95 millisecond(s)

Fitness: 23095

2	0	0	0	0	0	0	
0	0	0	0	0	0	0	
0	0	0	1	0	0	0	
3	2	0	0	0	0	0	
1	0	3	0	0	0	0	
0	0	0	0	0	0	0	
2	3	1	0	0	0	0	
1	0	0	1	2	3	1	
0	0	0	0	3	0	0	
0	0	0	0	2	0	0	
0	0	0	0	1	0	0	
3	0	1	0	0	3	3	
0	0	0	2	0	0	2	
0	0	2	0	0	0	0	
0	3	0	0	0	0	0	
0	0	0	0	0	0	0	
0	0	0	0	0	0	0	
0	0	0	0	0	0	0	
0	0	2	0	0	2	0	
2	0	0	0	0	0	0	
1	0	1	3	1	0	1	
0	0	2	0	0	0	0	
0	0	0	0	1	0	0	
0	0	0	0	0	0	0	
0	0	0	0	0	0	0	
--------------------

--------------------
Best Solution Found!
--------------------
Time: 0 hour(s), 0 minute(s), 0 second(s), 104 millisecond(s)

Fitness: 23088

2	0	1	1	1	0	1	
0	2	1	0	0	0	0	
0	0	0	0	0	0	0	
1	0	0	0	0	0	0	
1	0	0	0	0	0	2	
0	0	0	0	3	0	0	
0	0	0	0	0	0	0	
0	0	0	0	0	0	0	
2	0	0	2	0	0	0	
0	0	2	0	0	0	0	
0	0	3	3	2	2	3	
0	0	0	0	0	0	1	
0	0	2	0	2	0	0	
2	0	0	0	0	3	0	
0	3	0	0	0	0	0	
0	0	0	0	0	0	0	
0	0	1	0	1	0	0	
3	0	0	0	0	0	0	
1	0	0	0	0	0	0	
0	3	0	0	0	0	0	
0	0	2	0	0	0	0	
3	0	0	0	1	0	0	
0	0	0	0	0	0	0	
0	0	0	0	0	3	0	
0	0	0	1	0	0	0	
--------------------

--------------------
Best Solution Found!
--------------------
Time: 0 hour(s), 0 minute(s), 0 second(s), 323 millisecond(s)

Fitness: 23088

0	0	0	1	2	0	0	
2	2	0	3	2	0	3	
3	3	0	0	0	0	0	
3	0	3	0	0	2	0	
2	0	1	0	0	0	0	
0	0	0	0	1	0	0	
2	0	2	2	3	0	2	
0	0	2	0	1	0	0	
1	0	0	0	1	0	0	
0	0	0	0	0	0	0	
1	0	0	0	0	0	0	
0	0	1	0	0	0	0	
0	0	0	1	0	0	0	
0	0	0	0	0	0	0	
0	0	0	0	0	0	1	
0	0	0	0	0	0	0	
1	0	0	0	0	0	0	
0	0	0	0	0	0	0	
0	0	1	0	0	0	0	
0	0	0	0	0	0	0	
0	3	0	0	0	3	1	
0	0	2	0	0	0	0	
0	0	0	0	0	0	0	
0	0	0	0	0	3	0	
0	0	0	0	0	0	0	
--------------------

--------------------
Best Solution Found!
--------------------
Time: 0 hour(s), 0 minute(s), 0 second(s), 487 millisecond(s)

Fitness: 23083

0	0	0	0	0	0	3	
0	0	0	1	0	0	0	
0	0	1	0	0	3	0	
2	0	0	0	0	0	0	
0	0	0	0	0	0	0	
0	0	0	0	0	0	0	
1	0	0	0	0	0	0	
0	0	0	0	1	0	0	
0	0	0	0	0	3	0	
0	0	2	0	0	0	0	
1	0	0	0	0	0	0	
1	0	1	0	1	0	0	
0	0	0	0	2	0	0	
0	0	2	1	0	0	0	
0	0	0	0	2	0	0	
0	2	0	0	0	0	0	
3	0	0	0	0	0	0	
0	0	0	0	0	0	0	
0	0	0	0	0	0	0	
3	3	1	0	3	0	1	
0	0	0	0	0	0	0	
0	3	0	0	0	0	0	
0	0	0	2	0	2	0	
2	0	2	3	1	0	1	
2	0	3	0	0	0	2	
--------------------

--------------------
Best Solution Found!
--------------------
Time: 0 hour(s), 0 minute(s), 0 second(s), 910 millisecond(s)

Fitness: 23081

0	0	0	0	0	0	0	
0	0	0	0	0	0	0	
1	0	0	0	3	0	0	
0	0	3	0	0	0	0	
0	0	0	0	1	0	0	
0	0	1	0	0	0	0	
0	0	0	0	2	3	0	
0	0	0	0	0	0	0	
0	0	0	0	0	0	0	
0	0	0	0	0	0	0	
0	0	0	0	0	2	0	
0	0	0	0	0	0	0	
0	0	0	0	0	0	0	
2	0	2	0	0	0	0	
1	3	0	0	1	3	2	
2	0	0	0	2	0	0	
0	0	0	2	0	0	0	
3	3	1	1	0	0	1	
0	2	0	0	0	0	0	
2	0	2	1	0	0	3	
1	0	0	0	0	0	0	
0	0	2	0	0	0	0	
3	0	1	0	0	0	1	
0	0	0	3	0	0	0	
0	0	0	0	1	0	0	
--------------------

--------------------
Best Solution Found!
--------------------
Time: 0 hour(s), 0 minute(s), 0 second(s), 911 millisecond(s)

Fitness: 23081

0	0	0	0	0	0	0	
0	0	0	0	0	0	0	
1	0	0	0	3	0	0	
0	0	3	0	0	0	0	
0	0	0	0	1	0	0	
0	0	1	0	0	0	0	
0	0	0	0	2	3	0	
0	0	0	0	0	0	0	
0	0	0	0	0	0	0	
0	0	0	0	0	0	0	
0	0	0	0	0	2	0	
0	0	0	0	0	0	0	
0	0	0	0	0	0	0	
2	0	2	0	0	0	0	
1	3	0	0	1	3	2	
2	0	0	0	2	0	0	
0	0	0	2	0	0	0	
3	3	1	1	0	0	1	
0	2	0	0	0	0	0	
2	0	2	1	0	0	3	
1	0	0	0	0	0	0	
0	0	2	0	0	0	0	
3	0	1	0	0	0	1	
0	0	0	3	0	0	0	
0	0	0	0	1	0	0	
--------------------

--------------------
Best Solution Found!
--------------------
Time: 0 hour(s), 0 minute(s), 1 second(s), 167 millisecond(s)

Fitness: 23078

0	0	0	0	0	0	0	
2	0	1	0	2	0	0	
1	0	1	0	0	0	0	
2	0	2	3	3	0	3	
0	0	0	0	0	0	0	
0	0	1	0	0	0	0	
0	0	0	1	0	0	0	
0	0	0	0	0	0	2	
0	0	0	0	1	0	0	
0	3	0	0	1	0	0	
0	0	0	0	0	0	0	
0	0	0	0	0	0	0	
1	0	0	0	0	0	0	
0	0	0	1	2	0	0	
0	2	0	2	0	0	0	
0	0	3	0	0	0	1	
0	0	2	0	0	0	0	
1	0	0	0	0	0	0	
0	0	0	0	0	0	0	
0	0	0	0	0	2	0	
3	0	0	0	0	0	0	
0	0	0	0	1	0	0	
2	0	0	0	0	3	0	
0	0	0	0	0	0	0	
3	3	2	0	0	3	1	
--------------------

--------------------
Best Solution Found!
--------------------
Time: 0 hour(s), 0 minute(s), 2 second(s), 617 millisecond(s)

Fitness: 23075

1	0	0	0	0	0	0	
2	0	1	0	1	0	0	
0	2	0	1	0	0	2	
0	0	1	0	0	0	0	
0	0	0	2	2	0	0	
0	0	2	0	0	0	0	
0	0	0	0	0	0	0	
0	0	0	0	2	0	0	
0	0	0	0	0	0	0	
1	0	0	0	0	0	0	
0	0	0	0	0	0	0	
0	0	0	0	0	0	1	
3	0	0	1	0	0	0	
2	3	2	0	1	0	1	
1	0	0	0	0	2	0	
0	0	0	0	0	0	0	
3	3	2	0	1	3	0	
0	0	0	3	0	0	0	
0	0	0	0	0	0	0	
0	0	3	0	0	3	0	
0	0	1	0	0	0	0	
2	0	0	0	3	0	3	
0	0	0	0	0	0	0	
0	0	0	0	0	0	0	
0	0	0	0	0	0	0	
--------------------

--------------------
Best Solution Found!
--------------------
Time: 0 hour(s), 0 minute(s), 2 second(s), 618 millisecond(s)

Fitness: 23075

1	0	0	0	0	0	0	
2	0	1	0	1	0	0	
0	2	0	1	0	0	2	
0	0	1	0	0	0	0	
0	0	0	2	2	0	0	
0	0	2	0	0	0	0	
0	0	0	0	0	0	0	
0	0	0	0	2	0	0	
0	0	0	0	0	0	0	
1	0	0	0	0	0	0	
0	0	0	0	0	0	0	
0	0	0	0	0	0	1	
3	0	0	1	0	0	0	
2	3	2	0	1	0	1	
1	0	0	0	0	2	0	
0	0	0	0	0	0	0	
3	3	2	0	1	3	0	
0	0	0	3	0	0	0	
0	0	0	0	0	0	0	
0	0	3	0	0	3	0	
0	0	1	0	0	0	0	
2	0	0	0	3	0	3	
0	0	0	0	0	0	0	
0	0	0	0	0	0	0	
0	0	0	0	0	0	0	
--------------------

--------------------
Best Solution Found!
--------------------
Time: 0 hour(s), 0 minute(s), 2 second(s), 619 millisecond(s)

Fitness: 23075

1	0	0	0	0	0	0	
2	0	1	0	1	0	0	
0	2	0	1	0	0	2	
0	0	1	0	0	0	0	
0	0	0	2	2	0	0	
0	0	2	0	0	0	0	
0	0	0	0	0	0	0	
0	0	0	0	2	0	0	
0	0	0	0	0	0	0	
1	0	0	0	0	0	0	
0	0	0	0	0	0	0	
0	0	0	0	0	0	1	
3	0	0	1	0	0	0	
2	3	2	0	1	0	1	
1	0	0	0	0	2	0	
0	0	0	0	0	0	0	
3	3	2	0	1	3	0	
0	0	0	3	0	0	0	
0	0	0	0	0	0	0	
0	0	3	0	0	3	0	
0	0	1	0	0	0	0	
2	0	0	0	3	0	3	
0	0	0	0	0	0	0	
0	0	0	0	0	0	0	
0	0	0	0	0	0	0	
--------------------

--------------------
Best Solution Found!
--------------------
Time: 0 hour(s), 0 minute(s), 3 second(s), 175 millisecond(s)

Fitness: 23070

0	0	0	0	0	0	0	
0	3	1	0	0	0	0	
2	0	0	0	0	3	1	
0	0	0	0	0	0	0	
0	3	2	0	0	0	0	
0	0	0	0	0	0	0	
0	0	0	0	0	0	1	
0	0	0	3	3	0	0	
0	0	0	0	0	0	0	
0	0	0	1	1	0	0	
0	0	2	0	0	0	0	
0	0	0	0	0	0	0	
0	0	0	0	2	0	0	
1	2	1	0	1	0	3	
1	0	1	2	2	3	0	
1	0	2	0	1	0	0	
3	0	0	0	0	0	0	
3	0	0	0	0	0	0	
2	0	3	0	0	0	2	
0	0	0	1	0	0	0	
0	0	0	0	0	2	0	
0	0	0	0	0	0	0	
0	0	0	0	0	0	0	
2	0	0	0	0	0	0	
0	0	0	0	0	0	0	
--------------------

--------------------
Best Solution Found!
--------------------
Time: 0 hour(s), 0 minute(s), 3 second(s), 176 millisecond(s)

Fitness: 23070

0	0	0	0	0	0	0	
0	3	1	0	0	0	0	
2	0	0	0	0	3	1	
0	0	0	0	0	0	0	
0	3	2	0	0	0	0	
0	0	0	0	0	0	0	
0	0	0	0	0	0	1	
0	0	0	3	3	0	0	
0	0	0	0	0	0	0	
0	0	0	1	1	0	0	
0	0	2	0	0	0	0	
0	0	0	0	0	0	0	
0	0	0	0	2	0	0	
1	2	1	0	1	0	3	
1	0	1	2	2	3	0	
1	0	2	0	1	0	0	
3	0	0	0	0	0	0	
3	0	0	0	0	0	0	
2	0	3	0	0	0	2	
0	0	0	1	0	0	0	
0	0	0	0	0	2	0	
0	0	0	0	0	0	0	
0	0	0	0	0	0	0	
2	0	0	0	0	0	0	
0	0	0	0	0	0	0	
--------------------

--------------------
Best Solution Found!
--------------------
Time: 0 hour(s), 0 minute(s), 3 second(s), 176 millisecond(s)

Fitness: 23070

0	0	0	0	0	0	0	
0	3	1	0	0	0	0	
2	0	0	0	0	3	1	
0	0	0	0	0	0	0	
0	3	2	0	0	0	0	
0	0	0	0	0	0	0	
0	0	0	0	0	0	1	
0	0	0	3	3	0	0	
0	0	0	0	0	0	0	
0	0	0	1	1	0	0	
0	0	2	0	0	0	0	
0	0	0	0	0	0	0	
0	0	0	0	2	0	0	
1	2	1	0	1	0	3	
1	0	1	2	2	3	0	
1	0	2	0	1	0	0	
3	0	0	0	0	0	0	
3	0	0	0	0	0	0	
2	0	3	0	0	0	2	
0	0	0	1	0	0	0	
0	0	0	0	0	2	0	
0	0	0	0	0	0	0	
0	0	0	0	0	0	0	
2	0	0	0	0	0	0	
0	0	0	0	0	0	0	
--------------------

--------------------
Best Solution Found!
--------------------
Time: 0 hour(s), 0 minute(s), 7 second(s), 874 millisecond(s)

Fitness: 23069

2	0	0	0	1	2	0	
2	3	2	0	1	0	3	
0	0	3	3	0	3	2	
0	3	0	0	0	0	0	
0	0	0	0	0	0	0	
0	0	0	0	0	0	0	
0	0	0	1	0	0	1	
1	0	0	0	0	0	0	
3	2	2	0	1	3	0	
1	0	2	0	0	0	0	
2	0	0	0	0	0	0	
0	0	0	0	0	0	0	
0	0	1	2	2	0	0	
0	0	0	0	0	0	0	
0	0	0	0	2	0	0	
0	0	0	1	3	0	1	
0	0	0	0	0	0	0	
3	0	1	0	0	0	0	
0	0	0	0	0	0	0	
0	0	1	0	0	0	0	
0	0	0	0	0	0	0	
0	0	0	0	0	0	0	
0	0	0	0	0	0	0	
1	0	0	0	0	0	0	
0	0	0	0	0	0	0	
--------------------

--------------------
Best Solution Found!
--------------------
Time: 0 hour(s), 0 minute(s), 10 second(s), 641 millisecond(s)

Fitness: 23067

0	3	1	0	0	0	0	
3	0	2	1	0	3	2	
0	0	0	0	3	2	0	
0	0	0	0	0	0	0	
0	0	0	0	0	0	0	
0	0	0	0	0	0	0	
0	0	0	0	0	0	1	
0	0	0	0	1	0	0	
0	0	0	0	2	0	0	
0	3	0	0	0	0	0	
1	0	0	0	0	0	0	
2	0	2	2	1	3	0	
0	0	0	0	0	0	0	
3	0	0	0	0	0	0	
0	0	0	0	0	0	0	
0	0	1	0	0	0	0	
1	0	1	0	0	0	0	
1	0	0	0	2	0	3	
0	0	0	0	0	0	0	
2	0	2	0	1	0	0	
0	0	0	3	0	0	0	
0	0	0	0	0	0	0	
0	0	0	1	0	0	0	
0	0	0	0	0	0	1	
2	2	3	0	0	0	0	
--------------------

--------------------
Best Solution Found!
--------------------
Time: 0 hour(s), 0 minute(s), 14 second(s), 320 millisecond(s)

Fitness: 23063

3	2	0	0	0	2	0	
0	0	1	1	0	0	0	
3	0	0	1	1	0	0	
0	0	0	0	0	0	0	
0	0	0	0	2	0	2	
0	0	0	0	0	0	0	
0	0	0	0	0	0	0	
0	0	0	0	0	0	3	
0	0	0	0	0	0	0	
0	0	2	0	2	0	0	
1	0	0	0	0	0	0	
1	3	2	3	3	0	0	
0	0	0	0	0	0	0	
0	0	0	0	0	3	1	
2	3	2	0	1	0	1	
0	0	0	0	0	0	0	
0	0	1	0	1	0	0	
2	0	0	0	0	3	0	
2	0	1	0	0	0	0	
0	0	0	0	0	0	0	
0	0	0	2	0	0	0	
0	0	0	0	0	0	0	
1	0	3	0	0	0	0	
0	0	0	0	0	0	0	
0	0	0	0	0	0	0	
--------------------

--------------------
Best Solution Found!
--------------------
Time: 0 hour(s), 0 minute(s), 14 second(s), 321 millisecond(s)

Fitness: 23063

3	2	0	0	0	2	0	
0	0	1	1	0	0	0	
3	0	0	1	1	0	0	
0	0	0	0	0	0	0	
0	0	0	0	2	0	2	
0	0	0	0	0	0	0	
0	0	0	0	0	0	0	
0	0	0	0	0	0	3	
0	0	0	0	0	0	0	
0	0	2	0	2	0	0	
1	0	0	0	0	0	0	
1	3	2	3	3	0	0	
0	0	0	0	0	0	0	
0	0	0	0	0	3	1	
2	3	2	0	1	0	1	
0	0	0	0	0	0	0	
0	0	1	0	1	0	0	
2	0	0	0	0	3	0	
2	0	1	0	0	0	0	
0	0	0	0	0	0	0	
0	0	0	2	0	0	0	
0	0	0	0	0	0	0	
1	0	3	0	0	0	0	
0	0	0	0	0	0	0	
0	0	0	0	0	0	0	
--------------------

--------------------
Best Solution Found!
--------------------
Time: 0 hour(s), 0 minute(s), 14 second(s), 321 millisecond(s)

Fitness: 23056

0	2	0	0	0	2	0	
0	0	1	1	0	0	0	
3	0	0	1	1	0	0	
0	0	0	0	0	0	0	
0	0	0	0	2	0	2	
0	0	0	0	0	0	0	
0	0	0	0	0	0	0	
0	0	0	0	0	0	3	
0	0	0	0	0	0	0	
0	0	2	0	2	0	0	
3	0	0	0	0	0	0	
2	3	2	3	3	0	0	
1	0	0	0	0	0	0	
0	0	0	0	0	3	1	
1	3	2	0	1	0	1	
0	0	0	0	0	0	0	
2	0	1	0	1	0	0	
0	0	0	0	0	3	0	
0	0	1	0	0	0	0	
2	0	0	0	0	0	0	
0	0	0	2	0	0	0	
0	0	0	0	0	0	0	
1	0	3	0	0	0	0	
0	0	0	0	0	0	0	
0	0	0	0	0	0	0	
--------------------

--------------------
Best Solution Found!
--------------------
Time: 0 hour(s), 0 minute(s), 19 second(s), 610 millisecond(s)

Fitness: 22082

2	0	3	0	0	0	0	
2	2	1	0	2	0	3	
0	0	0	0	0	0	0	
0	0	0	1	0	0	0	
3	3	0	0	0	0	1	
1	0	2	0	0	0	0	
0	0	0	0	3	0	0	
0	0	0	0	0	0	0	
0	0	0	0	0	0	0	
0	0	0	2	0	2	0	
0	0	0	3	0	0	0	
0	0	0	0	0	3	0	
0	0	0	0	0	0	0	
0	0	0	0	0	0	0	
0	0	0	0	1	0	0	
0	0	0	0	0	0	0	
0	0	0	0	0	0	0	
0	0	0	0	0	0	0	
2	0	1	1	2	0	1	
0	0	0	0	0	0	0	
3	3	2	0	1	0	2	
0	0	2	0	0	3	0	
1	0	0	0	0	0	0	
1	0	0	0	1	0	0	
0	0	1	0	0	0	0	
--------------------

--------------------
Best Solution Found!
--------------------
Time: 0 hour(s), 0 minute(s), 19 second(s), 611 millisecond(s)

Fitness: 22082

2	0	3	0	0	0	0	
2	2	1	0	2	0	3	
0	0	0	0	0	0	0	
0	0	0	1	0	0	0	
3	3	0	0	0	0	1	
1	0	2	0	0	0	0	
0	0	0	0	3	0	0	
0	0	0	0	0	0	0	
0	0	0	0	0	0	0	
0	0	0	2	0	2	0	
0	0	0	3	0	0	0	
0	0	0	0	0	3	0	
0	0	0	0	0	0	0	
0	0	0	0	0	0	0	
0	0	0	0	1	0	0	
0	0	0	0	0	0	0	
0	0	0	0	0	0	0	
0	0	0	0	0	0	0	
2	0	1	1	2	0	1	
0	0	0	0	0	0	0	
3	3	2	0	1	0	2	
0	0	2	0	0	3	0	
1	0	0	0	0	0	0	
1	0	0	0	1	0	0	
0	0	1	0	0	0	0	
--------------------

--------------------
Best Solution Found!
--------------------
Time: 0 hour(s), 0 minute(s), 22 second(s), 100 millisecond(s)

Fitness: 22075

0	0	0	0	1	0	0	
0	0	1	0	0	0	0	
2	0	1	0	2	3	1	
1	3	2	1	1	0	0	
0	0	0	2	0	0	0	
0	0	0	0	0	0	0	
0	0	0	0	0	0	0	
2	0	0	0	0	3	0	
0	0	0	0	0	0	0	
0	0	2	0	1	0	0	
0	0	0	0	0	0	0	
0	3	0	0	3	0	0	
3	0	0	0	0	0	1	
0	0	0	0	0	0	0	
0	0	0	0	0	0	0	
0	0	0	0	0	0	0	
0	0	0	0	2	0	0	
0	0	1	0	0	0	0	
1	2	3	0	0	2	2	
0	0	0	1	0	0	0	
1	0	0	0	0	0	3	
0	0	0	0	0	0	0	
2	0	0	0	0	0	0	
0	0	2	3	0	0	0	
3	0	0	0	0	0	0	
--------------------

--------------------
Best Solution Found!
--------------------
Time: 0 hour(s), 0 minute(s), 22 second(s), 101 millisecond(s)

Fitness: 22075

0	0	0	0	1	0	0	
0	0	1	0	0	0	0	
2	0	1	0	2	3	1	
1	3	2	1	1	0	0	
0	0	0	2	0	0	0	
0	0	0	0	0	0	0	
0	0	0	0	0	0	0	
2	0	0	0	0	3	0	
0	0	0	0	0	0	0	
0	0	2	0	1	0	0	
0	0	0	0	0	0	0	
0	3	0	0	3	0	0	
3	0	0	0	0	0	1	
0	0	0	0	0	0	0	
0	0	0	0	0	0	0	
0	0	0	0	0	0	0	
0	0	0	0	2	0	0	
0	0	1	0	0	0	0	
1	2	3	0	0	2	2	
0	0	0	1	0	0	0	
1	0	0	0	0	0	3	
0	0	0	0	0	0	0	
2	0	0	0	0	0	0	
0	0	2	3	0	0	0	
3	0	0	0	0	0	0	
--------------------


The best solution was found at the restart: 7, population: 0
Total Time Elapsed: 0 hour(s), 1 minute(s), 2 second(s), 471 millisecond(s)

