--------------------
Best Solution Found!
--------------------
Time: 0 hour(s), 0 minute(s), 0 second(s), 2 millisecond(s)

Fitness: 205744

1	3	0	1	2	3	2	0	1	1	1	2	0	2	0	1	0	0	0	2	0	0	0	0	0	0	3	1	
1	3	0	0	2	3	0	0	2	0	0	3	0	2	0	2	0	0	0	3	0	0	0	0	0	0	3	2	
1	3	0	1	2	3	2	0	1	1	0	0	0	2	0	1	0	0	0	1	0	0	0	0	0	0	3	2	
1	0	0	0	0	1	2	0	0	1	0	3	0	1	0	2	0	0	0	1	0	0	0	0	0	0	1	1	
1	0	2	1	0	0	2	0	1	1	0	2	0	0	0	0	0	0	0	1	0	0	0	0	0	0	3	0	
1	0	0	0	0	3	2	0	0	0	0	3	0	2	0	2	0	0	0	0	0	0	0	0	0	0	3	2	
2	3	2	0	1	3	1	0	0	2	1	3	0	0	0	2	0	0	0	0	0	0	0	0	0	0	0	2	
1	3	0	1	2	3	0	0	1	0	1	0	0	1	0	0	0	0	0	0	0	0	0	0	0	0	0	0	
2	3	0	2	2	0	2	0	1	1	0	3	0	0	0	0	0	0	0	1	0	0	0	0	0	0	3	1	
1	0	2	1	0	3	0	0	1	1	0	3	0	2	0	0	0	0	0	2	0	0	0	0	0	0	3	2	
1	3	0	1	2	0	0	0	0	0	1	0	0	0	0	0	0	0	0	0	0	0	0	0	0	0	0	2	
0	0	0	1	0	1	2	0	0	0	3	3	0	2	0	2	0	0	0	0	0	0	0	0	0	0	0	2	
2	3	0	1	2	3	1	0	1	1	0	0	0	2	0	0	0	0	0	1	0	0	0	0	0	0	0	0	
0	0	1	0	0	3	2	0	1	2	1	3	0	2	0	2	0	0	0	0	0	0	0	0	0	0	3	2	
1	0	0	2	1	3	1	0	1	2	1	3	0	2	0	2	0	0	0	1	0	0	0	0	0	0	0	2	
2	0	0	1	0	3	2	0	1	1	0	2	0	0	0	2	0	0	0	0	0	0	0	0	0	0	3	0	
0	0	0	1	0	0	2	0	1	1	0	2	0	0	0	0	0	0	0	0	0	0	0	0	0	0	3	0	
2	3	2	0	0	1	0	0	0	1	3	3	0	0	0	0	0	0	0	1	0	0	0	0	0	0	0	2	
1	0	0	2	1	0	2	0	0	1	0	3	0	2	0	2	0	0	0	0	0	0	0	0	0	0	0	0	
0	0	1	1	0	0	2	0	1	1	1	3	0	2	0	2	0	0	0	1	0	0	0	0	0	0	0	0	
1	1	0	1	0	0	0	0	3	1	0	3	0	0	0	0	0	0	0	1	0	0	0	0	0	0	0	2	
1	3	1	1	2	3	1	0	0	0	0	0	0	0	0	0	0	0	0	1	0	0	0	0	0	0	0	2	
0	1	0	1	0	0	2	0	0	1	1	3	0	2	0	0	0	0	0	1	0	0	0	0	0	0	3	1	
1	3	2	1	2	3	2	0	3	0	0	0	0	2	0	1	0	0	0	1	0	0	0	0	0	0	0	2	
1	3	0	1	2	3	0	0	3	2	1	3	0	0	0	2	0	0	0	1	0	0	0	0	0	0	1	2	
1	0	0	2	2	0	2	0	1	1	1	3	0	0	0	0	0	0	0	0	0	0	0	0	0	0	3	0	
1	3	0	1	2	0	0	0	0	0	1	0	0	1	0	2	0	0	0	0	0	0	0	0	0	0	1	0	
0	0	0	2	0	3	2	0	1	1	1	3	0	0	0	2	0	0	0	1	0	0	0	0	0	0	0	2	
0	0	0	0	2	1	2	0	0	1	3	0	0	0	0	0	0	0	0	2	0	0	0	0	0	0	0	0	
1	1	0	1	2	0	2	0	1	1	0	0	0	2	0	2	0	0	0	1	0	0	0	0	0	0	3	0	
--------------------

--------------------
Best Solution Found!
--------------------
Time: 0 hour(s), 0 minute(s), 0 second(s), 86 millisecond(s)

Fitness: 203747

1	3	2	1	2	3	0	0	0	1	0	0	0	0	0	0	0	0	0	1	0	0	0	0	0	0	0	2	
0	3	0	1	2	1	0	0	2	2	1	3	0	2	0	2	0	0	0	1	0	0	0	0	0	0	3	2	
1	3	0	1	2	0	2	0	1	0	1	3	0	2	0	0	0	0	0	1	0	0	0	0	0	0	1	2	
0	0	0	0	0	0	1	0	1	1	0	0	0	0	0	0	0	0	0	1	0	0	0	0	0	0	1	2	
2	0	1	0	0	3	1	0	0	1	0	0	0	0	0	0	0	0	0	0	0	0	0	0	0	0	3	0	
0	0	0	1	0	3	2	0	0	0	0	0	0	2	0	0	0	0	0	1	0	0	0	0	0	0	0	0	
1	3	0	1	0	3	2	0	0	1	1	3	0	0	0	2	0	0	0	1	0	0	0	0	0	0	0	1	
0	3	0	2	1	3	2	0	0	1	0	3	0	2	0	1	0	0	0	0	0	0	0	0	0	0	0	2	
2	3	0	1	1	0	2	0	1	1	1	3	0	2	0	0	0	0	0	1	0	0	0	0	0	0	0	1	
1	0	0	2	2	3	0	0	1	1	0	3	0	2	0	2	0	0	0	1	0	0	0	0	0	0	3	0	
1	3	0	1	0	3	2	0	1	0	1	0	0	2	0	0	0	0	0	3	0	0	0	0	0	0	3	2	
1	0	0	1	2	3	2	0	0	2	3	3	0	0	0	2	0	0	0	1	0	0	0	0	0	0	3	2	
1	3	0	0	0	1	2	0	0	1	0	2	0	0	0	0	0	0	0	0	0	0	0	0	0	0	0	0	
1	0	0	1	2	0	2	0	1	1	0	3	0	2	0	0	0	0	0	0	0	0	0	0	0	0	0	0	
1	0	2	1	0	3	2	0	0	0	3	3	0	2	0	2	0	0	0	2	0	0	0	0	0	0	3	2	
1	0	0	1	2	3	1	0	3	0	0	2	0	0	0	2	0	0	0	0	0	0	0	0	0	0	3	0	
1	0	0	1	2	0	0	0	1	1	1	3	0	1	0	1	0	0	0	0	0	0	0	0	0	0	0	0	
1	3	0	1	2	0	0	0	1	0	0	3	0	2	0	2	0	0	0	0	0	0	0	0	0	0	3	2	
1	0	0	1	2	3	2	0	1	2	1	0	0	1	0	2	0	0	0	1	0	0	0	0	0	0	0	0	
0	0	0	0	0	3	0	0	0	1	0	0	0	0	0	2	0	0	0	1	0	0	0	0	0	0	3	2	
1	1	0	1	2	3	2	0	3	1	1	3	0	0	0	0	0	0	0	0	0	0	0	0	0	0	3	0	
1	3	1	1	0	1	2	0	1	1	1	3	0	2	0	2	0	0	0	2	0	0	0	0	0	0	3	2	
2	1	2	2	0	1	2	0	1	1	0	3	0	0	0	1	0	0	0	0	0	0	0	0	0	0	0	2	
1	3	0	2	0	3	2	0	1	0	0	2	0	0	0	2	0	0	0	1	0	0	0	0	0	0	3	1	
0	3	0	2	1	0	0	0	1	0	3	3	0	0	0	0	0	0	0	0	0	0	0	0	0	0	1	1	
1	0	0	0	0	0	2	0	0	2	1	3	0	1	0	2	0	0	0	0	0	0	0	0	0	0	0	0	
2	3	2	0	2	0	2	0	3	1	0	0	0	2	0	2	0	0	0	2	0	0	0	0	0	0	0	0	
2	0	2	1	2	0	0	0	0	1	1	2	0	0	0	2	0	0	0	1	0	0	0	0	0	0	0	2	
1	0	0	1	2	3	2	0	1	1	1	0	0	2	0	0	0	0	0	1	0	0	0	0	0	0	3	2	
0	1	1	0	0	0	1	0	1	1	0	3	0	2	0	0	0	0	0	1	0	0	0	0	0	0	0	2	
--------------------

--------------------
Best Solution Found!
--------------------
Time: 0 hour(s), 0 minute(s), 0 second(s), 88 millisecond(s)

Fitness: 203747

1	3	2	1	2	3	0	0	0	1	0	0	0	0	0	0	0	0	0	1	0	0	0	0	0	0	0	2	
0	3	0	1	2	1	0	0	2	2	1	3	0	2	0	2	0	0	0	1	0	0	0	0	0	0	3	2	
1	3	0	1	2	0	2	0	1	0	1	3	0	2	0	0	0	0	0	1	0	0	0	0	0	0	1	2	
0	0	0	0	0	0	1	0	1	1	0	0	0	0	0	0	0	0	0	1	0	0	0	0	0	0	1	2	
2	0	1	0	0	3	1	0	0	1	0	0	0	0	0	0	0	0	0	0	0	0	0	0	0	0	3	0	
0	0	0	1	0	3	2	0	0	0	0	0	0	2	0	0	0	0	0	1	0	0	0	0	0	0	0	0	
1	3	0	1	0	3	2	0	0	1	1	3	0	0	0	2	0	0	0	1	0	0	0	0	0	0	0	1	
0	3	0	2	1	3	2	0	0	1	0	3	0	2	0	1	0	0	0	0	0	0	0	0	0	0	0	2	
2	3	0	1	1	0	2	0	1	1	1	3	0	2	0	0	0	0	0	1	0	0	0	0	0	0	0	1	
1	0	0	2	2	3	0	0	1	1	0	3	0	2	0	2	0	0	0	1	0	0	0	0	0	0	3	0	
1	3	0	1	0	3	2	0	1	0	1	0	0	2	0	0	0	0	0	3	0	0	0	0	0	0	3	2	
1	0	0	1	2	3	2	0	0	2	3	3	0	0	0	2	0	0	0	1	0	0	0	0	0	0	3	2	
1	3	0	0	0	1	2	0	0	1	0	2	0	0	0	0	0	0	0	0	0	0	0	0	0	0	0	0	
1	0	0	1	2	0	2	0	1	1	0	3	0	2	0	0	0	0	0	0	0	0	0	0	0	0	0	0	
1	0	2	1	0	3	2	0	0	0	3	3	0	2	0	2	0	0	0	2	0	0	0	0	0	0	3	2	
1	0	0	1	2	3	1	0	3	0	0	2	0	0	0	2	0	0	0	0	0	0	0	0	0	0	3	0	
1	0	0	1	2	0	0	0	1	1	1	3	0	1	0	1	0	0	0	0	0	0	0	0	0	0	0	0	
1	3	0	1	2	0	0	0	1	0	0	3	0	2	0	2	0	0	0	0	0	0	0	0	0	0	3	2	
1	0	0	1	2	3	2	0	1	2	1	0	0	1	0	2	0	0	0	1	0	0	0	0	0	0	0	0	
0	0	0	0	0	3	0	0	0	1	0	0	0	0	0	2	0	0	0	1	0	0	0	0	0	0	3	2	
1	1	0	1	2	3	2	0	3	1	1	3	0	0	0	0	0	0	0	0	0	0	0	0	0	0	3	0	
1	3	1	1	0	1	2	0	1	1	1	3	0	2	0	2	0	0	0	2	0	0	0	0	0	0	3	2	
2	1	2	2	0	1	2	0	1	1	0	3	0	0	0	1	0	0	0	0	0	0	0	0	0	0	0	2	
1	3	0	2	0	3	2	0	1	0	0	2	0	0	0	2	0	0	0	1	0	0	0	0	0	0	3	1	
0	3	0	2	1	0	0	0	1	0	3	3	0	0	0	0	0	0	0	0	0	0	0	0	0	0	1	1	
1	0	0	0	0	0	2	0	0	2	1	3	0	1	0	2	0	0	0	0	0	0	0	0	0	0	0	0	
2	3	2	0	2	0	2	0	3	1	0	0	0	2	0	2	0	0	0	2	0	0	0	0	0	0	0	0	
2	0	2	1	2	0	0	0	0	1	1	2	0	0	0	2	0	0	0	1	0	0	0	0	0	0	0	2	
1	0	0	1	2	3	2	0	1	1	1	0	0	2	0	0	0	0	0	1	0	0	0	0	0	0	3	2	
0	1	1	0	0	0	1	0	1	1	0	3	0	2	0	0	0	0	0	1	0	0	0	0	0	0	0	2	
--------------------

--------------------
Best Solution Found!
--------------------
Time: 0 hour(s), 0 minute(s), 0 second(s), 162 millisecond(s)

Fitness: 202775

1	1	0	1	2	0	1	0	1	0	1	3	0	2	0	2	0	0	0	1	0	0	0	0	0	0	3	0	
1	0	0	2	2	0	1	0	0	1	1	3	0	0	0	2	0	0	0	2	0	0	0	0	0	0	0	1	
1	3	0	2	2	3	2	0	1	1	0	3	0	2	0	0	0	0	0	1	0	0	0	0	0	0	0	2	
1	3	2	1	0	0	0	0	0	1	1	3	0	2	0	2	0	0	0	1	0	0	0	0	0	0	1	2	
0	0	0	1	2	0	1	0	3	0	1	3	0	2	0	0	0	0	0	0	0	0	0	0	0	0	3	2	
0	0	0	1	0	3	2	0	0	1	1	0	0	2	0	1	0	0	0	0	0	0	0	0	0	0	1	2	
1	3	0	1	2	0	2	0	1	1	3	0	0	2	0	2	0	0	0	0	0	0	0	0	0	0	3	2	
1	0	1	1	0	3	2	0	1	1	0	3	0	0	0	0	0	0	0	1	0	0	0	0	0	0	0	2	
2	3	2	1	2	0	0	0	0	0	0	3	0	0	0	0	0	0	0	0	0	0	0	0	0	0	3	2	
2	0	0	2	2	0	2	0	0	0	0	0	0	2	0	1	0	0	0	1	0	0	0	0	0	0	3	2	
1	3	0	1	1	3	2	0	1	1	0	3	0	0	0	0	0	0	0	1	0	0	0	0	0	0	0	0	
0	0	2	1	2	1	0	0	3	1	0	3	0	0	0	0	0	0	0	0	0	0	0	0	0	0	3	2	
1	0	0	1	2	3	2	0	1	0	0	0	0	2	0	0	0	0	0	0	0	0	0	0	0	0	0	0	
1	3	0	1	1	3	0	0	1	2	0	3	0	2	0	2	0	0	0	1	0	0	0	0	0	0	0	2	
1	3	0	1	2	3	2	0	2	1	0	2	0	2	0	0	0	0	0	1	0	0	0	0	0	0	0	0	
1	0	0	0	2	0	2	0	1	1	1	3	0	2	0	2	0	0	0	1	0	0	0	0	0	0	0	2	
0	3	0	1	0	0	2	0	1	1	0	2	0	0	0	0	0	0	0	1	0	0	0	0	0	0	0	2	
1	3	0	2	0	3	0	0	1	1	0	0	0	0	0	2	0	0	0	1	0	0	0	0	0	0	3	2	
1	1	0	0	2	3	2	0	1	2	0	0	0	0	0	0	0	0	0	0	0	0	0	0	0	0	3	1	
1	0	0	0	0	1	2	0	1	1	1	2	0	1	0	0	0	0	0	3	0	0	0	0	0	0	0	1	
0	0	1	1	0	3	2	0	0	2	1	0	0	1	0	2	0	0	0	1	0	0	0	0	0	0	0	1	
1	3	0	0	0	0	2	0	0	0	0	3	0	0	0	1	0	0	0	1	0	0	0	0	0	0	3	2	
0	3	1	1	0	3	2	0	3	1	1	2	0	2	0	2	0	0	0	0	0	0	0	0	0	0	3	0	
1	1	0	2	0	1	2	0	0	2	1	3	0	0	0	0	0	0	0	1	0	0	0	0	0	0	3	0	
2	0	0	1	1	1	1	0	1	1	0	0	0	0	0	2	0	0	0	0	0	0	0	0	0	0	0	0	
1	0	0	0	2	3	0	0	0	1	3	3	0	0	0	2	0	0	0	2	0	0	0	0	0	0	3	0	
0	0	2	1	2	3	0	0	1	0	1	0	0	0	0	2	0	0	0	2	0	0	0	0	0	0	3	0	
2	0	0	0	0	3	2	0	0	1	0	3	0	2	0	2	0	0	0	0	0	0	0	0	0	0	0	0	
2	3	0	1	0	3	0	0	1	0	3	3	0	2	0	2	0	0	0	0	0	0	0	0	0	0	1	2	
1	3	2	0	0	0	2	0	0	1	1	3	0	1	0	0	0	0	0	1	0	0	0	0	0	0	0	0	
--------------------

--------------------
Best Solution Found!
--------------------
Time: 0 hour(s), 0 minute(s), 0 second(s), 361 millisecond(s)

Fitness: 202746

0	3	0	1	1	0	0	0	1	1	0	0	0	0	0	1	0	0	0	0	0	0	0	0	0	0	0	2	
1	0	0	1	0	1	2	0	0	0	0	3	0	2	0	0	0	0	0	1	0	0	0	0	0	0	0	2	
1	3	1	0	2	0	0	0	0	1	0	3	0	2	0	1	0	0	0	3	0	0	0	0	0	0	3	2	
2	0	0	0	0	0	2	0	0	0	0	2	0	0	0	2	0	0	0	1	0	0	0	0	0	0	0	0	
1	3	0	1	0	0	2	0	0	0	0	3	0	1	0	2	0	0	0	0	0	0	0	0	0	0	0	0	
1	3	0	1	2	3	2	0	1	1	3	3	0	2	0	0	0	0	0	2	0	0	0	0	0	0	3	2	
1	3	0	2	2	0	0	0	1	1	1	3	0	2	0	2	0	0	0	1	0	0	0	0	0	0	1	2	
2	0	0	0	0	0	2	0	3	2	0	3	0	1	0	0	0	0	0	1	0	0	0	0	0	0	0	0	
1	0	0	1	0	3	2	0	1	1	1	3	0	2	0	0	0	0	0	1	0	0	0	0	0	0	3	0	
1	0	1	1	2	1	0	0	3	1	0	3	0	2	0	0	0	0	0	0	0	0	0	0	0	0	3	0	
0	0	0	1	0	3	1	0	1	0	0	3	0	0	0	2	0	0	0	1	0	0	0	0	0	0	0	0	
1	3	0	0	0	3	2	0	0	0	1	0	0	0	0	0	0	0	0	1	0	0	0	0	0	0	3	2	
1	3	0	0	0	1	2	0	0	1	3	3	0	2	0	2	0	0	0	1	0	0	0	0	0	0	0	1	
1	3	0	1	0	0	1	0	1	2	0	3	0	2	0	2	0	0	0	0	0	0	0	0	0	0	0	0	
0	0	0	1	2	3	1	0	2	0	3	3	0	0	0	0	0	0	0	0	0	0	0	0	0	0	3	2	
2	3	0	1	2	0	2	0	1	1	1	3	0	2	0	2	0	0	0	0	0	0	0	0	0	0	3	0	
1	3	2	1	1	3	2	0	1	1	1	2	0	0	0	2	0	0	0	1	0	0	0	0	0	0	3	0	
2	0	0	1	2	3	0	0	0	1	0	0	0	2	0	2	0	0	0	0	0	0	0	0	0	0	0	2	
0	1	1	1	1	0	2	0	0	0	1	2	0	0	0	0	0	0	0	0	0	0	0	0	0	0	0	1	
0	0	0	1	2	3	1	0	1	1	0	3	0	0	0	2	0	0	0	1	0	0	0	0	0	0	0	1	
1	3	0	1	0	3	0	0	1	2	0	0	0	1	0	0	0	0	0	0	0	0	0	0	0	0	3	1	
1	0	0	2	2	0	2	0	1	2	1	0	0	0	0	2	0	0	0	0	0	0	0	0	0	0	3	2	
0	0	2	1	2	3	2	0	0	0	0	3	0	2	0	2	0	0	0	0	0	0	0	0	0	0	3	2	
1	1	0	2	2	0	2	0	1	1	1	0	0	0	0	2	0	0	0	1	0	0	0	0	0	0	1	2	
2	0	2	1	2	3	0	0	1	1	0	3	0	0	0	0	0	0	0	1	0	0	0	0	0	0	0	0	
1	3	2	2	0	3	2	0	1	1	1	0	0	0	0	1	0	0	0	1	0	0	0	0	0	0	3	0	
1	3	2	0	2	1	2	0	3	1	1	0	0	2	0	0	0	0	0	1	0	0	0	0	0	0	1	2	
1	0	0	1	2	3	2	0	0	1	1	2	0	2	0	0	0	0	0	2	0	0	0	0	0	0	3	2	
1	1	0	2	0	3	0	0	0	1	1	0	0	0	0	0	0	0	0	1	0	0	0	0	0	0	0	2	
0	0	0	0	0	3	2	0	1	1	0	3	0	2	0	2	0	0	0	2	0	0	0	0	0	0	0	2	
--------------------

--------------------
Best Solution Found!
--------------------
Time: 0 hour(s), 0 minute(s), 0 second(s), 363 millisecond(s)

Fitness: 202746

0	3	0	1	1	0	0	0	1	1	0	0	0	0	0	1	0	0	0	0	0	0	0	0	0	0	0	2	
1	0	0	1	0	1	2	0	0	0	0	3	0	2	0	0	0	0	0	1	0	0	0	0	0	0	0	2	
1	3	1	0	2	0	0	0	0	1	0	3	0	2	0	1	0	0	0	3	0	0	0	0	0	0	3	2	
2	0	0	0	0	0	2	0	0	0	0	2	0	0	0	2	0	0	0	1	0	0	0	0	0	0	0	0	
1	3	0	1	0	0	2	0	0	0	0	3	0	1	0	2	0	0	0	0	0	0	0	0	0	0	0	0	
1	3	0	1	2	3	2	0	1	1	3	3	0	2	0	0	0	0	0	2	0	0	0	0	0	0	3	2	
1	3	0	2	2	0	0	0	1	1	1	3	0	2	0	2	0	0	0	1	0	0	0	0	0	0	1	2	
2	0	0	0	0	0	2	0	3	2	0	3	0	1	0	0	0	0	0	1	0	0	0	0	0	0	0	0	
1	0	0	1	0	3	2	0	1	1	1	3	0	2	0	0	0	0	0	1	0	0	0	0	0	0	3	0	
1	0	1	1	2	1	0	0	3	1	0	3	0	2	0	0	0	0	0	0	0	0	0	0	0	0	3	0	
0	0	0	1	0	3	1	0	1	0	0	3	0	0	0	2	0	0	0	1	0	0	0	0	0	0	0	0	
1	3	0	0	0	3	2	0	0	0	1	0	0	0	0	0	0	0	0	1	0	0	0	0	0	0	3	2	
1	3	0	0	0	1	2	0	0	1	3	3	0	2	0	2	0	0	0	1	0	0	0	0	0	0	0	1	
1	3	0	1	0	0	1	0	1	2	0	3	0	2	0	2	0	0	0	0	0	0	0	0	0	0	0	0	
0	0	0	1	2	3	1	0	2	0	3	3	0	0	0	0	0	0	0	0	0	0	0	0	0	0	3	2	
2	3	0	1	2	0	2	0	1	1	1	3	0	2	0	2	0	0	0	0	0	0	0	0	0	0	3	0	
1	3	2	1	1	3	2	0	1	1	1	2	0	0	0	2	0	0	0	1	0	0	0	0	0	0	3	0	
2	0	0	1	2	3	0	0	0	1	0	0	0	2	0	2	0	0	0	0	0	0	0	0	0	0	0	2	
0	1	1	1	1	0	2	0	0	0	1	2	0	0	0	0	0	0	0	0	0	0	0	0	0	0	0	1	
0	0	0	1	2	3	1	0	1	1	0	3	0	0	0	2	0	0	0	1	0	0	0	0	0	0	0	1	
1	3	0	1	0	3	0	0	1	2	0	0	0	1	0	0	0	0	0	0	0	0	0	0	0	0	3	1	
1	0	0	2	2	0	2	0	1	2	1	0	0	0	0	2	0	0	0	0	0	0	0	0	0	0	3	2	
0	0	2	1	2	3	2	0	0	0	0	3	0	2	0	2	0	0	0	0	0	0	0	0	0	0	3	2	
1	1	0	2	2	0	2	0	1	1	1	0	0	0	0	2	0	0	0	1	0	0	0	0	0	0	1	2	
2	0	2	1	2	3	0	0	1	1	0	3	0	0	0	0	0	0	0	1	0	0	0	0	0	0	0	0	
1	3	2	2	0	3	2	0	1	1	1	0	0	0	0	1	0	0	0	1	0	0	0	0	0	0	3	0	
1	3	2	0	2	1	2	0	3	1	1	0	0	2	0	0	0	0	0	1	0	0	0	0	0	0	1	2	
1	0	0	1	2	3	2	0	0	1	1	2	0	2	0	0	0	0	0	2	0	0	0	0	0	0	3	2	
1	1	0	2	0	3	0	0	0	1	1	0	0	0	0	0	0	0	0	1	0	0	0	0	0	0	0	2	
0	0	0	0	0	3	2	0	1	1	0	3	0	2	0	2	0	0	0	2	0	0	0	0	0	0	0	2	
--------------------

--------------------
Best Solution Found!
--------------------
Time: 0 hour(s), 0 minute(s), 0 second(s), 364 millisecond(s)

Fitness: 202746

0	3	0	1	1	0	0	0	1	1	0	0	0	0	0	1	0	0	0	0	0	0	0	0	0	0	0	2	
1	0	0	1	0	1	2	0	0	0	0	3	0	2	0	0	0	0	0	1	0	0	0	0	0	0	0	2	
1	3	1	0	2	0	0	0	0	1	0	3	0	2	0	1	0	0	0	3	0	0	0	0	0	0	3	2	
2	0	0	0	0	0	2	0	0	0	0	2	0	0	0	2	0	0	0	1	0	0	0	0	0	0	0	0	
1	3	0	1	0	0	2	0	0	0	0	3	0	1	0	2	0	0	0	0	0	0	0	0	0	0	0	0	
1	3	0	1	2	3	2	0	1	1	3	3	0	2	0	0	0	0	0	2	0	0	0	0	0	0	3	2	
1	3	0	2	2	0	0	0	1	1	1	3	0	2	0	2	0	0	0	1	0	0	0	0	0	0	1	2	
2	0	0	0	0	0	2	0	3	2	0	3	0	1	0	0	0	0	0	1	0	0	0	0	0	0	0	0	
1	0	0	1	0	3	2	0	1	1	1	3	0	2	0	0	0	0	0	1	0	0	0	0	0	0	3	0	
1	0	1	1	2	1	0	0	3	1	0	3	0	2	0	0	0	0	0	0	0	0	0	0	0	0	3	0	
0	0	0	1	0	3	1	0	1	0	0	3	0	0	0	2	0	0	0	1	0	0	0	0	0	0	0	0	
1	3	0	0	0	3	2	0	0	0	1	0	0	0	0	0	0	0	0	1	0	0	0	0	0	0	3	2	
1	3	0	0	0	1	2	0	0	1	3	3	0	2	0	2	0	0	0	1	0	0	0	0	0	0	0	1	
1	3	0	1	0	0	1	0	1	2	0	3	0	2	0	2	0	0	0	0	0	0	0	0	0	0	0	0	
0	0	0	1	2	3	1	0	2	0	3	3	0	0	0	0	0	0	0	0	0	0	0	0	0	0	3	2	
2	3	0	1	2	0	2	0	1	1	1	3	0	2	0	2	0	0	0	0	0	0	0	0	0	0	3	0	
1	3	2	1	1	3	2	0	1	1	1	2	0	0	0	2	0	0	0	1	0	0	0	0	0	0	3	0	
2	0	0	1	2	3	0	0	0	1	0	0	0	2	0	2	0	0	0	0	0	0	0	0	0	0	0	2	
0	1	1	1	1	0	2	0	0	0	1	2	0	0	0	0	0	0	0	0	0	0	0	0	0	0	0	1	
0	0	0	1	2	3	1	0	1	1	0	3	0	0	0	2	0	0	0	1	0	0	0	0	0	0	0	1	
1	3	0	1	0	3	0	0	1	2	0	0	0	1	0	0	0	0	0	0	0	0	0	0	0	0	3	1	
1	0	0	2	2	0	2	0	1	2	1	0	0	0	0	2	0	0	0	0	0	0	0	0	0	0	3	2	
0	0	2	1	2	3	2	0	0	0	0	3	0	2	0	2	0	0	0	0	0	0	0	0	0	0	3	2	
1	1	0	2	2	0	2	0	1	1	1	0	0	0	0	2	0	0	0	1	0	0	0	0	0	0	1	2	
2	0	2	1	2	3	0	0	1	1	0	3	0	0	0	0	0	0	0	1	0	0	0	0	0	0	0	0	
1	3	2	2	0	3	2	0	1	1	1	0	0	0	0	1	0	0	0	1	0	0	0	0	0	0	3	0	
1	3	2	0	2	1	2	0	3	1	1	0	0	2	0	0	0	0	0	1	0	0	0	0	0	0	1	2	
1	0	0	1	2	3	2	0	0	1	1	2	0	2	0	0	0	0	0	2	0	0	0	0	0	0	3	2	
1	1	0	2	0	3	0	0	0	1	1	0	0	0	0	0	0	0	0	1	0	0	0	0	0	0	0	2	
0	0	0	0	0	3	2	0	1	1	0	3	0	2	0	2	0	0	0	2	0	0	0	0	0	0	0	2	
--------------------

--------------------
Best Solution Found!
--------------------
Time: 0 hour(s), 0 minute(s), 0 second(s), 365 millisecond(s)

Fitness: 202746

0	3	0	1	1	0	0	0	1	1	0	0	0	0	0	1	0	0	0	0	0	0	0	0	0	0	0	2	
1	0	0	1	0	1	2	0	0	0	0	3	0	2	0	0	0	0	0	1	0	0	0	0	0	0	0	2	
1	3	1	0	2	0	0	0	0	1	0	3	0	2	0	1	0	0	0	3	0	0	0	0	0	0	3	2	
2	0	0	0	0	0	2	0	0	0	0	2	0	0	0	2	0	0	0	1	0	0	0	0	0	0	0	0	
1	3	0	1	0	0	2	0	0	0	0	3	0	1	0	2	0	0	0	0	0	0	0	0	0	0	0	0	
1	3	0	1	2	3	2	0	1	1	3	3	0	2	0	0	0	0	0	2	0	0	0	0	0	0	3	2	
1	3	0	2	2	0	0	0	1	1	1	3	0	2	0	2	0	0	0	1	0	0	0	0	0	0	1	2	
2	0	0	0	0	0	2	0	3	2	0	3	0	1	0	0	0	0	0	1	0	0	0	0	0	0	0	0	
1	0	0	1	0	3	2	0	1	1	1	3	0	2	0	0	0	0	0	1	0	0	0	0	0	0	3	0	
1	0	1	1	2	1	0	0	3	1	0	3	0	2	0	0	0	0	0	0	0	0	0	0	0	0	3	0	
0	0	0	1	0	3	1	0	1	0	0	3	0	0	0	2	0	0	0	1	0	0	0	0	0	0	0	0	
1	3	0	0	0	3	2	0	0	0	1	0	0	0	0	0	0	0	0	1	0	0	0	0	0	0	3	2	
1	3	0	0	0	1	2	0	0	1	3	3	0	2	0	2	0	0	0	1	0	0	0	0	0	0	0	1	
1	3	0	1	0	0	1	0	1	2	0	3	0	2	0	2	0	0	0	0	0	0	0	0	0	0	0	0	
0	0	0	1	2	3	1	0	2	0	3	3	0	0	0	0	0	0	0	0	0	0	0	0	0	0	3	2	
2	3	0	1	2	0	2	0	1	1	1	3	0	2	0	2	0	0	0	0	0	0	0	0	0	0	3	0	
1	3	2	1	1	3	2	0	1	1	1	2	0	0	0	2	0	0	0	1	0	0	0	0	0	0	3	0	
2	0	0	1	2	3	0	0	0	1	0	0	0	2	0	2	0	0	0	0	0	0	0	0	0	0	0	2	
0	1	1	1	1	0	2	0	0	0	1	2	0	0	0	0	0	0	0	0	0	0	0	0	0	0	0	1	
0	0	0	1	2	3	1	0	1	1	0	3	0	0	0	2	0	0	0	1	0	0	0	0	0	0	0	1	
1	3	0	1	0	3	0	0	1	2	0	0	0	1	0	0	0	0	0	0	0	0	0	0	0	0	3	1	
1	0	0	2	2	0	2	0	1	2	1	0	0	0	0	2	0	0	0	0	0	0	0	0	0	0	3	2	
0	0	2	1	2	3	2	0	0	0	0	3	0	2	0	2	0	0	0	0	0	0	0	0	0	0	3	2	
1	1	0	2	2	0	2	0	1	1	1	0	0	0	0	2	0	0	0	1	0	0	0	0	0	0	1	2	
2	0	2	1	2	3	0	0	1	1	0	3	0	0	0	0	0	0	0	1	0	0	0	0	0	0	0	0	
1	3	2	2	0	3	2	0	1	1	1	0	0	0	0	1	0	0	0	1	0	0	0	0	0	0	3	0	
1	3	2	0	2	1	2	0	3	1	1	0	0	2	0	0	0	0	0	1	0	0	0	0	0	0	1	2	
1	0	0	1	2	3	2	0	0	1	1	2	0	2	0	0	0	0	0	2	0	0	0	0	0	0	3	2	
1	1	0	2	0	3	0	0	0	1	1	0	0	0	0	0	0	0	0	1	0	0	0	0	0	0	0	2	
0	0	0	0	0	3	2	0	1	1	0	3	0	2	0	2	0	0	0	2	0	0	0	0	0	0	0	2	
--------------------

--------------------
Best Solution Found!
--------------------
Time: 0 hour(s), 0 minute(s), 0 second(s), 448 millisecond(s)

Fitness: 199765

1	0	0	0	2	0	0	0	1	1	1	3	0	2	0	0	0	0	0	1	0	0	0	0	0	0	0	0	
0	3	0	1	2	3	2	0	1	0	0	3	0	0	0	0	0	0	0	1	0	0	0	0	0	0	1	1	
0	0	0	1	0	3	1	0	1	1	1	3	0	2	0	2	0	0	0	1	0	0	0	0	0	0	0	0	
1	0	0	0	0	3	2	0	0	1	3	3	0	0	0	0	0	0	0	1	0	0	0	0	0	0	3	2	
1	1	0	0	2	3	2	0	1	1	1	3	0	2	0	0	0	0	0	1	0	0	0	0	0	0	3	2	
1	3	1	0	0	3	1	0	0	1	1	0	0	2	0	2	0	0	0	1	0	0	0	0	0	0	0	2	
2	3	2	2	0	0	2	0	0	0	0	3	0	0	0	2	0	0	0	0	0	0	0	0	0	0	0	0	
1	3	2	1	2	3	0	0	0	1	0	0	0	2	0	2	0	0	0	0	0	0	0	0	0	0	0	1	
1	0	0	1	2	0	0	0	1	1	1	0	0	1	0	0	0	0	0	0	0	0	0	0	0	0	3	2	
1	0	1	1	2	3	2	0	0	0	0	0	0	1	0	2	0	0	0	3	0	0	0	0	0	0	0	2	
0	0	0	1	0	3	1	0	1	1	1	2	0	2	0	2	0	0	0	0	0	0	0	0	0	0	3	0	
0	0	0	0	0	1	2	0	1	1	1	3	0	0	0	1	0	0	0	0	0	0	0	0	0	0	0	0	
1	3	0	1	1	1	2	0	0	1	3	3	0	0	0	2	0	0	0	1	0	0	0	0	0	0	1	0	
1	0	2	1	2	0	0	0	3	1	1	0	0	0	0	1	0	0	0	1	0	0	0	0	0	0	3	1	
1	3	0	1	2	1	0	0	0	1	1	3	0	0	0	0	0	0	0	2	0	0	0	0	0	0	0	2	
0	0	0	1	0	0	2	0	1	1	1	2	0	2	0	2	0	0	0	1	0	0	0	0	0	0	0	0	
0	0	0	2	1	0	0	0	0	0	0	3	0	2	0	1	0	0	0	2	0	0	0	0	0	0	0	0	
1	1	2	1	2	0	2	0	3	2	1	2	0	2	0	0	0	0	0	0	0	0	0	0	0	0	0	1	
1	3	0	1	2	3	2	0	1	1	0	3	0	1	0	2	0	0	0	0	0	0	0	0	0	0	3	2	
1	3	2	0	0	3	2	0	2	2	0	0	0	2	0	2	0	0	0	0	0	0	0	0	0	0	3	2	
2	0	0	2	1	3	2	0	1	1	0	3	0	2	0	0	0	0	0	1	0	0	0	0	0	0	1	2	
1	0	0	0	0	1	2	0	1	0	0	0	0	0	0	2	0	0	0	0	0	0	0	0	0	0	3	2	
1	3	0	2	0	3	2	0	1	0	3	0	0	2	0	2	0	0	0	1	0	0	0	0	0	0	0	0	
2	3	0	1	2	0	0	0	1	0	0	3	0	0	0	2	0	0	0	1	0	0	0	0	0	0	0	2	
2	0	0	2	2	3	0	0	0	0	0	2	0	0	0	0	0	0	0	0	0	0	0	0	0	0	3	2	
2	1	0	1	2	3	1	0	1	1	0	0	0	0	0	2	0	0	0	1	0	0	0	0	0	0	3	2	
0	3	0	1	2	0	2	0	0	2	0	3	0	0	0	0	0	0	0	0	0	0	0	0	0	0	0	2	
1	3	0	1	0	0	2	0	0	1	1	3	0	2	0	0	0	0	0	1	0	0	0	0	0	0	3	0	
1	3	0	1	0	0	2	0	1	1	0	3	0	0	0	0	0	0	0	2	0	0	0	0	0	0	3	0	
1	0	1	1	0	3	2	0	3	2	0	3	0	2	0	0	0	0	0	1	0	0	0	0	0	0	3	2	
--------------------

--------------------
Best Solution Found!
--------------------
Time: 0 hour(s), 0 minute(s), 0 second(s), 451 millisecond(s)

Fitness: 199765

1	0	0	0	2	0	0	0	1	1	1	3	0	2	0	0	0	0	0	1	0	0	0	0	0	0	0	0	
0	3	0	1	2	3	2	0	1	0	0	3	0	0	0	0	0	0	0	1	0	0	0	0	0	0	1	1	
0	0	0	1	0	3	1	0	1	1	1	3	0	2	0	2	0	0	0	1	0	0	0	0	0	0	0	0	
1	0	0	0	0	3	2	0	0	1	3	3	0	0	0	0	0	0	0	1	0	0	0	0	0	0	3	2	
1	1	0	0	2	3	2	0	1	1	1	3	0	2	0	0	0	0	0	1	0	0	0	0	0	0	3	2	
1	3	1	0	0	3	1	0	0	1	1	0	0	2	0	2	0	0	0	1	0	0	0	0	0	0	0	2	
2	3	2	2	0	0	2	0	0	0	0	3	0	0	0	2	0	0	0	0	0	0	0	0	0	0	0	0	
1	3	2	1	2	3	0	0	0	1	0	0	0	2	0	2	0	0	0	0	0	0	0	0	0	0	0	1	
1	0	0	1	2	0	0	0	1	1	1	0	0	1	0	0	0	0	0	0	0	0	0	0	0	0	3	2	
1	0	1	1	2	3	2	0	0	0	0	0	0	1	0	2	0	0	0	3	0	0	0	0	0	0	0	2	
0	0	0	1	0	3	1	0	1	1	1	2	0	2	0	2	0	0	0	0	0	0	0	0	0	0	3	0	
0	0	0	0	0	1	2	0	1	1	1	3	0	0	0	1	0	0	0	0	0	0	0	0	0	0	0	0	
1	3	0	1	1	1	2	0	0	1	3	3	0	0	0	2	0	0	0	1	0	0	0	0	0	0	1	0	
1	0	2	1	2	0	0	0	3	1	1	0	0	0	0	1	0	0	0	1	0	0	0	0	0	0	3	1	
1	3	0	1	2	1	0	0	0	1	1	3	0	0	0	0	0	0	0	2	0	0	0	0	0	0	0	2	
0	0	0	1	0	0	2	0	1	1	1	2	0	2	0	2	0	0	0	1	0	0	0	0	0	0	0	0	
0	0	0	2	1	0	0	0	0	0	0	3	0	2	0	1	0	0	0	2	0	0	0	0	0	0	0	0	
1	1	2	1	2	0	2	0	3	2	1	2	0	2	0	0	0	0	0	0	0	0	0	0	0	0	0	1	
1	3	0	1	2	3	2	0	1	1	0	3	0	1	0	2	0	0	0	0	0	0	0	0	0	0	3	2	
1	3	2	0	0	3	2	0	2	2	0	0	0	2	0	2	0	0	0	0	0	0	0	0	0	0	3	2	
2	0	0	2	1	3	2	0	1	1	0	3	0	2	0	0	0	0	0	1	0	0	0	0	0	0	1	2	
1	0	0	0	0	1	2	0	1	0	0	0	0	0	0	2	0	0	0	0	0	0	0	0	0	0	3	2	
1	3	0	2	0	3	2	0	1	0	3	0	0	2	0	2	0	0	0	1	0	0	0	0	0	0	0	0	
2	3	0	1	2	0	0	0	1	0	0	3	0	0	0	2	0	0	0	1	0	0	0	0	0	0	0	2	
2	0	0	2	2	3	0	0	0	0	0	2	0	0	0	0	0	0	0	0	0	0	0	0	0	0	3	2	
2	1	0	1	2	3	1	0	1	1	0	0	0	0	0	2	0	0	0	1	0	0	0	0	0	0	3	2	
0	3	0	1	2	0	2	0	0	2	0	3	0	0	0	0	0	0	0	0	0	0	0	0	0	0	0	2	
1	3	0	1	0	0	2	0	0	1	1	3	0	2	0	0	0	0	0	1	0	0	0	0	0	0	3	0	
1	3	0	1	0	0	2	0	1	1	0	3	0	0	0	0	0	0	0	2	0	0	0	0	0	0	3	0	
1	0	1	1	0	3	2	0	3	2	0	3	0	2	0	0	0	0	0	1	0	0	0	0	0	0	3	2	
--------------------

--------------------
Best Solution Found!
--------------------
Time: 0 hour(s), 0 minute(s), 0 second(s), 562 millisecond(s)

Fitness: 199740

1	0	1	1	2	3	2	0	1	0	0	0	0	0	0	2	0	0	0	1	0	0	0	0	0	0	0	2	
1	3	2	1	0	0	0	0	3	2	0	2	0	0	0	2	0	0	0	1	0	0	0	0	0	0	0	0	
1	0	0	1	2	3	0	0	1	1	1	0	0	0	0	0	0	0	0	3	0	0	0	0	0	0	3	0	
2	0	0	0	2	3	2	0	0	1	0	3	0	2	0	0	0	0	0	1	0	0	0	0	0	0	3	2	
1	3	0	1	0	0	1	0	0	0	1	0	0	2	0	2	0	0	0	0	0	0	0	0	0	0	0	2	
2	0	0	1	0	3	2	0	1	0	1	3	0	2	0	0	0	0	0	0	0	0	0	0	0	0	0	2	
1	1	0	1	0	3	2	0	3	1	0	2	0	2	0	2	0	0	0	1	0	0	0	0	0	0	3	0	
1	3	2	1	2	3	0	0	1	1	0	3	0	0	0	2	0	0	0	1	0	0	0	0	0	0	3	0	
1	0	0	0	2	3	2	0	1	1	1	3	0	2	0	2	0	0	0	2	0	0	0	0	0	0	3	0	
1	1	0	2	2	3	2	0	0	1	1	3	0	0	0	0	0	0	0	0	0	0	0	0	0	0	0	2	
1	3	0	1	0	3	2	0	0	1	3	3	0	2	0	2	0	0	0	0	0	0	0	0	0	0	0	2	
0	0	0	2	2	0	0	0	0	2	0	3	0	1	0	0	0	0	0	1	0	0	0	0	0	0	3	1	
1	3	2	0	2	1	2	0	0	0	3	3	0	2	0	2	0	0	0	1	0	0	0	0	0	0	3	1	
0	0	0	0	1	3	1	0	1	1	1	3	0	0	0	1	0	0	0	0	0	0	0	0	0	0	0	2	
1	1	1	1	2	3	0	0	1	1	3	3	0	0	0	2	0	0	0	1	0	0	0	0	0	0	0	1	
0	0	0	2	0	0	2	0	3	1	0	3	0	2	0	0	0	0	0	0	0	0	0	0	0	0	3	2	
1	3	0	1	1	0	2	0	1	0	1	2	0	0	0	0	0	0	0	0	0	0	0	0	0	0	0	2	
1	3	1	2	0	3	0	0	1	2	0	0	0	0	0	2	0	0	0	0	0	0	0	0	0	0	0	0	
0	0	0	1	0	0	0	0	0	2	1	3	0	2	0	1	0	0	0	1	0	0	0	0	0	0	0	0	
2	3	0	1	0	1	1	0	1	1	0	0	0	2	0	2	0	0	0	0	0	0	0	0	0	0	1	0	
2	0	0	1	2	3	1	0	0	0	0	3	0	0	0	1	0	0	0	1	0	0	0	0	0	0	0	0	
0	0	0	1	2	0	2	0	1	1	0	0	0	2	0	2	0	0	0	1	0	0	0	0	0	0	0	0	
1	3	0	1	2	0	2	0	1	1	0	0	0	2	0	0	0	0	0	1	0	0	0	0	0	0	3	2	
0	0	2	1	0	0	2	0	0	0	0	0	0	0	0	0	0	0	0	1	0	0	0	0	0	0	3	2	
1	3	0	1	2	1	2	0	1	1	1	3	0	2	0	0	0	0	0	2	0	0	0	0	0	0	3	2	
0	0	0	0	0	3	2	0	1	1	0	3	0	0	0	0	0	0	0	0	0	0	0	0	0	0	3	1	
2	3	0	0	0	1	2	0	0	0	1	0	0	0	0	0	0	0	0	1	0	0	0	0	0	0	0	2	
1	3	0	2	1	3	2	0	1	1	0	2	0	1	0	2	0	0	0	1	0	0	0	0	0	0	3	2	
1	0	0	0	2	0	0	0	2	1	1	3	0	2	0	0	0	0	0	0	0	0	0	0	0	0	1	0	
1	3	2	1	0	0	2	0	0	1	1	3	0	1	0	2	0	0	0	2	0	0	0	0	0	0	1	2	
--------------------

--------------------
Best Solution Found!
--------------------
Time: 0 hour(s), 0 minute(s), 1 second(s), 407 millisecond(s)

Fitness: 198741

0	3	2	1	0	3	2	0	1	1	1	3	0	2	0	0	0	0	0	0	0	0	0	0	0	0	0	0	
1	3	0	0	2	1	0	0	0	1	1	3	0	2	0	2	0	0	0	0	0	0	0	0	0	0	0	1	
1	0	0	1	1	3	2	0	3	1	3	3	0	2	0	2	0	0	0	0	0	0	0	0	0	0	3	2	
1	1	0	1	1	3	2	0	1	1	1	0	0	0	0	2	0	0	0	1	0	0	0	0	0	0	0	0	
1	0	0	1	2	1	2	0	1	1	3	3	0	0	0	0	0	0	0	1	0	0	0	0	0	0	3	1	
1	3	0	2	2	3	2	0	0	1	1	2	0	1	0	1	0	0	0	1	0	0	0	0	0	0	0	0	
1	1	1	1	0	0	2	0	1	2	1	3	0	2	0	2	0	0	0	1	0	0	0	0	0	0	3	0	
1	3	2	0	0	1	0	0	0	0	0	2	0	2	0	0	0	0	0	1	0	0	0	0	0	0	0	0	
1	3	0	1	2	3	2	0	3	0	1	3	0	2	0	0	0	0	0	0	0	0	0	0	0	0	3	1	
1	3	0	0	0	3	2	0	0	0	1	3	0	0	0	2	0	0	0	1	0	0	0	0	0	0	3	0	
1	0	2	1	2	3	0	0	3	1	1	0	0	0	0	0	0	0	0	0	0	0	0	0	0	0	3	0	
1	3	0	1	1	3	2	0	0	0	1	2	0	0	0	0	0	0	0	1	0	0	0	0	0	0	1	2	
2	3	0	2	0	0	0	0	0	0	0	3	0	2	0	0	0	0	0	1	0	0	0	0	0	0	3	2	
0	3	0	1	0	3	2	0	2	2	0	0	0	1	0	0	0	0	0	3	0	0	0	0	0	0	0	1	
1	0	0	1	2	3	1	0	0	2	0	3	0	2	0	2	0	0	0	0	0	0	0	0	0	0	0	2	
0	3	0	1	2	0	2	0	0	0	1	3	0	0	0	2	0	0	0	0	0	0	0	0	0	0	1	2	
2	0	2	1	0	0	2	0	1	2	0	3	0	0	0	2	0	0	0	1	0	0	0	0	0	0	3	2	
2	0	0	1	0	1	2	0	1	1	0	0	0	2	0	0	0	0	0	2	0	0	0	0	0	0	0	0	
1	0	0	0	2	3	2	0	1	1	0	0	0	0	0	1	0	0	0	1	0	0	0	0	0	0	3	2	
0	0	0	1	0	0	0	0	1	1	1	3	0	2	0	2	0	0	0	2	0	0	0	0	0	0	0	0	
1	0	0	1	0	3	1	0	1	1	0	2	0	2	0	2	0	0	0	0	0	0	0	0	0	0	3	2	
1	3	0	0	0	0	0	0	1	1	0	3	0	0	0	2	0	0	0	0	0	0	0	0	0	0	0	0	
0	0	0	0	2	0	2	0	1	1	0	3	0	0	0	0	0	0	0	1	0	0	0	0	0	0	1	2	
2	0	1	1	2	3	2	0	1	1	0	3	0	2	0	2	0	0	0	1	0	0	0	0	0	0	3	2	
2	0	0	1	2	0	0	0	1	1	3	3	0	2	0	0	0	0	0	0	0	0	0	0	0	0	0	2	
1	0	2	2	0	3	0	0	0	1	0	0	0	2	0	0	0	0	0	0	0	0	0	0	0	0	3	2	
0	3	1	1	2	3	2	0	1	1	0	0	0	1	0	0	0	0	0	1	0	0	0	0	0	0	0	2	
0	0	0	0	2	0	2	0	1	0	0	0	0	0	0	2	0	0	0	2	0	0	0	0	0	0	3	0	
1	3	0	2	0	0	1	0	0	1	1	0	0	0	0	2	0	0	0	1	0	0	0	0	0	0	0	2	
1	1	0	2	2	0	1	0	0	0	0	3	0	0	0	1	0	0	0	1	0	0	0	0	0	0	0	2	
--------------------

--------------------
Best Solution Found!
--------------------
Time: 0 hour(s), 0 minute(s), 3 second(s), 376 millisecond(s)

Fitness: 197756

0	3	0	1	2	0	2	0	2	1	0	2	0	2	0	2	0	0	0	1	0	0	0	0	0	0	0	1	
1	3	0	1	2	3	2	0	1	1	1	3	0	2	0	0	0	0	0	1	0	0	0	0	0	0	0	2	
1	3	0	1	0	3	0	0	0	2	1	0	0	2	0	2	0	0	0	0	0	0	0	0	0	0	0	2	
0	0	1	2	2	3	0	0	0	0	1	3	0	2	0	0	0	0	0	1	0	0	0	0	0	0	0	0	
2	3	0	1	2	3	1	0	0	1	1	3	0	2	0	2	0	0	0	1	0	0	0	0	0	0	3	0	
1	0	0	2	1	3	0	0	1	1	3	3	0	1	0	2	0	0	0	1	0	0	0	0	0	0	3	1	
0	0	2	1	2	3	0	0	1	1	1	3	0	1	0	2	0	0	0	0	0	0	0	0	0	0	0	0	
1	3	1	1	0	3	2	0	0	0	0	0	0	0	0	2	0	0	0	1	0	0	0	0	0	0	0	0	
1	0	2	1	0	0	2	0	0	1	1	3	0	0	0	0	0	0	0	1	0	0	0	0	0	0	0	0	
2	0	0	1	2	0	2	0	1	2	1	3	0	0	0	1	0	0	0	1	0	0	0	0	0	0	3	2	
0	0	2	1	2	3	2	0	1	1	0	0	0	2	0	0	0	0	0	1	0	0	0	0	0	0	3	2	
1	0	2	1	0	3	2	0	0	0	0	3	0	0	0	2	0	0	0	2	0	0	0	0	0	0	0	0	
1	0	0	1	2	1	0	0	1	1	0	3	0	0	0	0	0	0	0	1	0	0	0	0	0	0	3	2	
1	0	0	0	0	3	0	0	1	1	0	2	0	1	0	0	0	0	0	0	0	0	0	0	0	0	3	2	
1	3	0	1	1	0	2	0	1	1	3	3	0	0	0	0	0	0	0	1	0	0	0	0	0	0	0	0	
1	3	0	1	2	0	1	0	0	1	0	3	0	0	0	0	0	0	0	0	0	0	0	0	0	0	0	0	
1	0	0	2	2	1	2	0	1	2	0	0	0	0	0	2	0	0	0	0	0	0	0	0	0	0	0	2	
1	0	1	2	0	3	2	0	1	1	0	2	0	2	0	2	0	0	0	2	0	0	0	0	0	0	1	2	
1	1	0	1	2	3	2	0	0	0	1	3	0	2	0	1	0	0	0	0	0	0	0	0	0	0	3	2	
1	3	2	0	0	0	0	0	1	2	0	2	0	2	0	0	0	0	0	0	0	0	0	0	0	0	1	2	
2	0	0	0	1	3	2	0	1	1	3	3	0	0	0	0	0	0	0	0	0	0	0	0	0	0	3	2	
2	3	0	1	2	0	2	0	3	1	0	0	0	2	0	0	0	0	0	1	0	0	0	0	0	0	3	1	
0	0	0	1	2	1	2	0	3	1	1	0	0	2	0	0	0	0	0	0	0	0	0	0	0	0	1	2	
1	1	0	0	0	0	1	0	0	1	0	3	0	2	0	0	0	0	0	0	0	0	0	0	0	0	0	0	
2	3	0	0	2	3	1	0	1	0	0	3	0	0	0	1	0	0	0	3	0	0	0	0	0	0	0	0	
1	0	0	0	0	1	0	0	1	0	1	0	0	0	0	2	0	0	0	2	0	0	0	0	0	0	3	2	
0	3	0	0	0	0	2	0	3	1	0	0	0	2	0	2	0	0	0	1	0	0	0	0	0	0	3	2	
1	1	0	1	0	0	2	0	1	0	1	0	0	0	0	2	0	0	0	1	0	0	0	0	0	0	3	2	
1	3	0	1	0	0	2	0	0	1	1	3	0	2	0	2	0	0	0	1	0	0	0	0	0	0	3	0	
0	3	0	2	0	3	2	0	0	0	0	3	0	0	0	2	0	0	0	0	0	0	0	0	0	0	0	1	
--------------------

--------------------
Best Solution Found!
--------------------
Time: 0 hour(s), 0 minute(s), 3 second(s), 378 millisecond(s)

Fitness: 197756

0	3	0	1	2	0	2	0	2	1	0	2	0	2	0	2	0	0	0	1	0	0	0	0	0	0	0	1	
1	3	0	1	2	3	2	0	1	1	1	3	0	2	0	0	0	0	0	1	0	0	0	0	0	0	0	2	
1	3	0	1	0	3	0	0	0	2	1	0	0	2	0	2	0	0	0	0	0	0	0	0	0	0	0	2	
0	0	1	2	2	3	0	0	0	0	1	3	0	2	0	0	0	0	0	1	0	0	0	0	0	0	0	0	
2	3	0	1	2	3	1	0	0	1	1	3	0	2	0	2	0	0	0	1	0	0	0	0	0	0	3	0	
1	0	0	2	1	3	0	0	1	1	3	3	0	1	0	2	0	0	0	1	0	0	0	0	0	0	3	1	
0	0	2	1	2	3	0	0	1	1	1	3	0	1	0	2	0	0	0	0	0	0	0	0	0	0	0	0	
1	3	1	1	0	3	2	0	0	0	0	0	0	0	0	2	0	0	0	1	0	0	0	0	0	0	0	0	
1	0	2	1	0	0	2	0	0	1	1	3	0	0	0	0	0	0	0	1	0	0	0	0	0	0	0	0	
2	0	0	1	2	0	2	0	1	2	1	3	0	0	0	1	0	0	0	1	0	0	0	0	0	0	3	2	
0	0	2	1	2	3	2	0	1	1	0	0	0	2	0	0	0	0	0	1	0	0	0	0	0	0	3	2	
1	0	2	1	0	3	2	0	0	0	0	3	0	0	0	2	0	0	0	2	0	0	0	0	0	0	0	0	
1	0	0	1	2	1	0	0	1	1	0	3	0	0	0	0	0	0	0	1	0	0	0	0	0	0	3	2	
1	0	0	0	0	3	0	0	1	1	0	2	0	1	0	0	0	0	0	0	0	0	0	0	0	0	3	2	
1	3	0	1	1	0	2	0	1	1	3	3	0	0	0	0	0	0	0	1	0	0	0	0	0	0	0	0	
1	3	0	1	2	0	1	0	0	1	0	3	0	0	0	0	0	0	0	0	0	0	0	0	0	0	0	0	
1	0	0	2	2	1	2	0	1	2	0	0	0	0	0	2	0	0	0	0	0	0	0	0	0	0	0	2	
1	0	1	2	0	3	2	0	1	1	0	2	0	2	0	2	0	0	0	2	0	0	0	0	0	0	1	2	
1	1	0	1	2	3	2	0	0	0	1	3	0	2	0	1	0	0	0	0	0	0	0	0	0	0	3	2	
1	3	2	0	0	0	0	0	1	2	0	2	0	2	0	0	0	0	0	0	0	0	0	0	0	0	1	2	
2	0	0	0	1	3	2	0	1	1	3	3	0	0	0	0	0	0	0	0	0	0	0	0	0	0	3	2	
2	3	0	1	2	0	2	0	3	1	0	0	0	2	0	0	0	0	0	1	0	0	0	0	0	0	3	1	
0	0	0	1	2	1	2	0	3	1	1	0	0	2	0	0	0	0	0	0	0	0	0	0	0	0	1	2	
1	1	0	0	0	0	1	0	0	1	0	3	0	2	0	0	0	0	0	0	0	0	0	0	0	0	0	0	
2	3	0	0	2	3	1	0	1	0	0	3	0	0	0	1	0	0	0	3	0	0	0	0	0	0	0	0	
1	0	0	0	0	1	0	0	1	0	1	0	0	0	0	2	0	0	0	2	0	0	0	0	0	0	3	2	
0	3	0	0	0	0	2	0	3	1	0	0	0	2	0	2	0	0	0	1	0	0	0	0	0	0	3	2	
1	1	0	1	0	0	2	0	1	0	1	0	0	0	0	2	0	0	0	1	0	0	0	0	0	0	3	2	
1	3	0	1	0	0	2	0	0	1	1	3	0	2	0	2	0	0	0	1	0	0	0	0	0	0	3	0	
0	3	0	2	0	3	2	0	0	0	0	3	0	0	0	2	0	0	0	0	0	0	0	0	0	0	0	1	
--------------------

--------------------
Best Solution Found!
--------------------
Time: 0 hour(s), 0 minute(s), 3 second(s), 379 millisecond(s)

Fitness: 197756

0	3	0	1	2	0	2	0	2	1	0	2	0	2	0	2	0	0	0	1	0	0	0	0	0	0	0	1	
1	3	0	1	2	3	2	0	1	1	1	3	0	2	0	0	0	0	0	1	0	0	0	0	0	0	0	2	
1	3	0	1	0	3	0	0	0	2	1	0	0	2	0	2	0	0	0	0	0	0	0	0	0	0	0	2	
0	0	1	2	2	3	0	0	0	0	1	3	0	2	0	0	0	0	0	1	0	0	0	0	0	0	0	0	
2	3	0	1	2	3	1	0	0	1	1	3	0	2	0	2	0	0	0	1	0	0	0	0	0	0	3	0	
1	0	0	2	1	3	0	0	1	1	3	3	0	1	0	2	0	0	0	1	0	0	0	0	0	0	3	1	
0	0	2	1	2	3	0	0	1	1	1	3	0	1	0	2	0	0	0	0	0	0	0	0	0	0	0	0	
1	3	1	1	0	3	2	0	0	0	0	0	0	0	0	2	0	0	0	1	0	0	0	0	0	0	0	0	
1	0	2	1	0	0	2	0	0	1	1	3	0	0	0	0	0	0	0	1	0	0	0	0	0	0	0	0	
2	0	0	1	2	0	2	0	1	2	1	3	0	0	0	1	0	0	0	1	0	0	0	0	0	0	3	2	
0	0	2	1	2	3	2	0	1	1	0	0	0	2	0	0	0	0	0	1	0	0	0	0	0	0	3	2	
1	0	2	1	0	3	2	0	0	0	0	3	0	0	0	2	0	0	0	2	0	0	0	0	0	0	0	0	
1	0	0	1	2	1	0	0	1	1	0	3	0	0	0	0	0	0	0	1	0	0	0	0	0	0	3	2	
1	0	0	0	0	3	0	0	1	1	0	2	0	1	0	0	0	0	0	0	0	0	0	0	0	0	3	2	
1	3	0	1	1	0	2	0	1	1	3	3	0	0	0	0	0	0	0	1	0	0	0	0	0	0	0	0	
1	3	0	1	2	0	1	0	0	1	0	3	0	0	0	0	0	0	0	0	0	0	0	0	0	0	0	0	
1	0	0	2	2	1	2	0	1	2	0	0	0	0	0	2	0	0	0	0	0	0	0	0	0	0	0	2	
1	0	1	2	0	3	2	0	1	1	0	2	0	2	0	2	0	0	0	2	0	0	0	0	0	0	1	2	
1	1	0	1	2	3	2	0	0	0	1	3	0	2	0	1	0	0	0	0	0	0	0	0	0	0	3	2	
1	3	2	0	0	0	0	0	1	2	0	2	0	2	0	0	0	0	0	0	0	0	0	0	0	0	1	2	
2	0	0	0	1	3	2	0	1	1	3	3	0	0	0	0	0	0	0	0	0	0	0	0	0	0	3	2	
2	3	0	1	2	0	2	0	3	1	0	0	0	2	0	0	0	0	0	1	0	0	0	0	0	0	3	1	
0	0	0	1	2	1	2	0	3	1	1	0	0	2	0	0	0	0	0	0	0	0	0	0	0	0	1	2	
1	1	0	0	0	0	1	0	0	1	0	3	0	2	0	0	0	0	0	0	0	0	0	0	0	0	0	0	
2	3	0	0	2	3	1	0	1	0	0	3	0	0	0	1	0	0	0	3	0	0	0	0	0	0	0	0	
1	0	0	0	0	1	0	0	1	0	1	0	0	0	0	2	0	0	0	2	0	0	0	0	0	0	3	2	
0	3	0	0	0	0	2	0	3	1	0	0	0	2	0	2	0	0	0	1	0	0	0	0	0	0	3	2	
1	1	0	1	0	0	2	0	1	0	1	0	0	0	0	2	0	0	0	1	0	0	0	0	0	0	3	2	
1	3	0	1	0	0	2	0	0	1	1	3	0	2	0	2	0	0	0	1	0	0	0	0	0	0	3	0	
0	3	0	2	0	3	2	0	0	0	0	3	0	0	0	2	0	0	0	0	0	0	0	0	0	0	0	1	
--------------------

--------------------
Best Solution Found!
--------------------
Time: 0 hour(s), 0 minute(s), 3 second(s), 382 millisecond(s)

Fitness: 197756

0	3	0	1	2	0	2	0	2	1	0	2	0	2	0	2	0	0	0	1	0	0	0	0	0	0	0	1	
1	3	0	1	2	3	2	0	1	1	1	3	0	2	0	0	0	0	0	1	0	0	0	0	0	0	0	2	
1	3	0	1	0	3	0	0	0	2	1	0	0	2	0	2	0	0	0	0	0	0	0	0	0	0	0	2	
0	0	1	2	2	3	0	0	0	0	1	3	0	2	0	0	0	0	0	1	0	0	0	0	0	0	0	0	
2	3	0	1	2	3	1	0	0	1	1	3	0	2	0	2	0	0	0	1	0	0	0	0	0	0	3	0	
1	0	0	2	1	3	0	0	1	1	3	3	0	1	0	2	0	0	0	1	0	0	0	0	0	0	3	1	
0	0	2	1	2	3	0	0	1	1	1	3	0	1	0	2	0	0	0	0	0	0	0	0	0	0	0	0	
1	3	1	1	0	3	2	0	0	0	0	0	0	0	0	2	0	0	0	1	0	0	0	0	0	0	0	0	
1	0	2	1	0	0	2	0	0	1	1	3	0	0	0	0	0	0	0	1	0	0	0	0	0	0	0	0	
2	0	0	1	2	0	2	0	1	2	1	3	0	0	0	1	0	0	0	1	0	0	0	0	0	0	3	2	
0	0	2	1	2	3	2	0	1	1	0	0	0	2	0	0	0	0	0	1	0	0	0	0	0	0	3	2	
1	0	2	1	0	3	2	0	0	0	0	3	0	0	0	2	0	0	0	2	0	0	0	0	0	0	0	0	
1	0	0	1	2	1	0	0	1	1	0	3	0	0	0	0	0	0	0	1	0	0	0	0	0	0	3	2	
1	0	0	0	0	3	0	0	1	1	0	2	0	1	0	0	0	0	0	0	0	0	0	0	0	0	3	2	
1	3	0	1	1	0	2	0	1	1	3	3	0	0	0	0	0	0	0	1	0	0	0	0	0	0	0	0	
1	3	0	1	2	0	1	0	0	1	0	3	0	0	0	0	0	0	0	0	0	0	0	0	0	0	0	0	
1	0	0	2	2	1	2	0	1	2	0	0	0	0	0	2	0	0	0	0	0	0	0	0	0	0	0	2	
1	0	1	2	0	3	2	0	1	1	0	2	0	2	0	2	0	0	0	2	0	0	0	0	0	0	1	2	
1	1	0	1	2	3	2	0	0	0	1	3	0	2	0	1	0	0	0	0	0	0	0	0	0	0	3	2	
1	3	2	0	0	0	0	0	1	2	0	2	0	2	0	0	0	0	0	0	0	0	0	0	0	0	1	2	
2	0	0	0	1	3	2	0	1	1	3	3	0	0	0	0	0	0	0	0	0	0	0	0	0	0	3	2	
2	3	0	1	2	0	2	0	3	1	0	0	0	2	0	0	0	0	0	1	0	0	0	0	0	0	3	1	
0	0	0	1	2	1	2	0	3	1	1	0	0	2	0	0	0	0	0	0	0	0	0	0	0	0	1	2	
1	1	0	0	0	0	1	0	0	1	0	3	0	2	0	0	0	0	0	0	0	0	0	0	0	0	0	0	
2	3	0	0	2	3	1	0	1	0	0	3	0	0	0	1	0	0	0	3	0	0	0	0	0	0	0	0	
1	0	0	0	0	1	0	0	1	0	1	0	0	0	0	2	0	0	0	2	0	0	0	0	0	0	3	2	
0	3	0	0	0	0	2	0	3	1	0	0	0	2	0	2	0	0	0	1	0	0	0	0	0	0	3	2	
1	1	0	1	0	0	2	0	1	0	1	0	0	0	0	2	0	0	0	1	0	0	0	0	0	0	3	2	
1	3	0	1	0	0	2	0	0	1	1	3	0	2	0	2	0	0	0	1	0	0	0	0	0	0	3	0	
0	3	0	2	0	3	2	0	0	0	0	3	0	0	0	2	0	0	0	0	0	0	0	0	0	0	0	1	
--------------------

--------------------
Best Solution Found!
--------------------
Time: 0 hour(s), 0 minute(s), 3 second(s), 505 millisecond(s)

Fitness: 196738

1	3	0	2	2	3	0	0	0	1	0	2	0	2	0	2	0	0	0	2	0	0	0	0	0	0	3	0	
0	0	0	1	0	0	0	0	1	1	3	3	0	0	0	0	0	0	0	0	0	0	0	0	0	0	3	1	
2	0	0	0	0	0	1	0	0	2	0	0	0	0	0	2	0	0	0	1	0	0	0	0	0	0	0	0	
1	0	0	1	0	3	2	0	0	0	0	0	0	0	0	0	0	0	0	1	0	0	0	0	0	0	3	0	
1	0	0	1	2	0	1	0	0	1	1	0	0	1	0	2	0	0	0	0	0	0	0	0	0	0	0	0	
1	0	1	1	0	0	0	0	1	1	0	3	0	2	0	0	0	0	0	0	0	0	0	0	0	0	3	0	
1	3	2	1	0	3	2	0	1	1	0	3	0	2	0	0	0	0	0	2	0	0	0	0	0	0	3	2	
1	1	0	1	1	3	1	0	2	0	0	3	0	0	0	2	0	0	0	1	0	0	0	0	0	0	1	2	
1	0	0	0	2	3	2	0	1	1	1	3	0	2	0	0	0	0	0	0	0	0	0	0	0	0	3	2	
0	0	0	0	0	1	0	0	0	2	3	3	0	0	0	0	0	0	0	0	0	0	0	0	0	0	1	2	
1	3	0	1	0	0	0	0	0	1	0	3	0	0	0	0	0	0	0	1	0	0	0	0	0	0	0	2	
0	3	2	1	0	1	2	0	0	0	0	3	0	0	0	2	0	0	0	0	0	0	0	0	0	0	3	1	
0	1	0	1	0	3	2	0	0	1	1	0	0	1	0	2	0	0	0	0	0	0	0	0	0	0	0	0	
1	0	0	0	2	1	2	0	3	1	1	3	0	1	0	2	0	0	0	1	0	0	0	0	0	0	0	0	
1	1	0	1	2	0	0	0	1	1	1	2	0	0	0	0	0	0	0	1	0	0	0	0	0	0	0	1	
0	0	2	1	0	3	2	0	1	1	1	2	0	2	0	2	0	0	0	2	0	0	0	0	0	0	3	2	
0	3	1	1	2	3	2	0	1	2	3	3	0	2	0	2	0	0	0	1	0	0	0	0	0	0	0	2	
1	0	0	1	2	0	2	0	3	1	1	2	0	0	0	2	0	0	0	1	0	0	0	0	0	0	0	0	
1	0	1	1	0	3	2	0	0	0	0	0	0	2	0	0	0	0	0	0	0	0	0	0	0	0	0	2	
2	0	2	0	1	3	2	0	0	2	0	3	0	0	0	2	0	0	0	3	0	0	0	0	0	0	0	0	
0	0	0	0	2	1	2	0	3	1	1	3	0	2	0	0	0	0	0	0	0	0	0	0	0	0	3	2	
1	3	0	2	2	3	0	0	1	1	1	0	0	2	0	0	0	0	0	1	0	0	0	0	0	0	0	0	
1	3	0	1	2	0	2	0	1	1	0	3	0	2	0	1	0	0	0	1	0	0	0	0	0	0	1	2	
1	3	0	1	2	0	2	0	1	1	0	3	0	0	0	2	0	0	0	1	0	0	0	0	0	0	0	2	
1	3	2	2	1	3	0	0	1	0	0	3	0	2	0	1	0	0	0	1	0	0	0	0	0	0	3	2	
2	0	0	1	0	0	2	0	1	0	0	0	0	2	0	2	0	0	0	0	0	0	0	0	0	0	0	2	
1	3	0	2	2	3	2	0	1	1	1	3	0	2	0	2	0	0	0	1	0	0	0	0	0	0	3	2	
2	3	0	1	2	3	1	0	0	0	1	3	0	0	0	0	0	0	0	1	0	0	0	0	0	0	3	2	
1	3	0	2	2	3	2	0	1	1	1	0	0	2	0	0	0	0	0	1	0	0	0	0	0	0	0	0	
2	3	0	0	0	0	2	0	1	0	0	0	0	0	0	1	0	0	0	0	0	0	0	0	0	0	3	1	
--------------------

--------------------
Best Solution Found!
--------------------
Time: 0 hour(s), 0 minute(s), 12 second(s), 516 millisecond(s)

Fitness: 194754

0	0	2	1	0	3	2	0	1	1	1	3	0	2	0	2	0	0	0	1	0	0	0	0	0	0	0	0	
1	0	0	0	0	3	0	0	1	0	0	3	0	2	0	0	0	0	0	1	0	0	0	0	0	0	3	2	
1	3	0	1	0	0	0	0	0	0	0	3	0	1	0	0	0	0	0	0	0	0	0	0	0	0	0	0	
1	0	0	1	2	3	2	0	1	1	1	3	0	2	0	2	0	0	0	2	0	0	0	0	0	0	0	0	
1	3	0	0	1	3	2	0	1	1	0	0	0	2	0	0	0	0	0	1	0	0	0	0	0	0	3	2	
1	3	0	2	0	0	2	0	1	2	1	0	0	2	0	0	0	0	0	1	0	0	0	0	0	0	0	0	
1	0	1	0	0	0	2	0	0	2	1	2	0	2	0	1	0	0	0	2	0	0	0	0	0	0	0	2	
0	0	2	1	0	0	2	0	3	0	0	0	0	0	0	0	0	0	0	1	0	0	0	0	0	0	3	0	
1	0	0	1	1	3	2	0	1	1	0	0	0	2	0	2	0	0	0	1	0	0	0	0	0	0	0	1	
0	0	0	2	2	0	0	0	1	2	1	0	0	0	0	2	0	0	0	1	0	0	0	0	0	0	3	2	
2	1	0	1	2	3	0	0	0	1	0	0	0	0	0	2	0	0	0	0	0	0	0	0	0	0	0	0	
1	1	2	2	2	3	1	0	3	1	0	3	0	1	0	0	0	0	0	2	0	0	0	0	0	0	3	2	
1	3	2	0	0	3	2	0	0	0	3	3	0	0	0	0	0	0	0	3	0	0	0	0	0	0	3	2	
0	0	0	1	0	3	2	0	0	1	0	0	0	0	0	2	0	0	0	0	0	0	0	0	0	0	1	2	
0	0	0	0	0	3	2	0	1	1	0	3	0	2	0	2	0	0	0	0	0	0	0	0	0	0	3	2	
1	3	0	1	2	1	1	0	0	0	1	0	0	2	0	2	0	0	0	1	0	0	0	0	0	0	3	2	
1	0	0	1	0	1	2	0	1	1	0	3	0	2	0	2	0	0	0	1	0	0	0	0	0	0	0	0	
1	3	0	2	2	0	1	0	0	0	3	3	0	2	0	0	0	0	0	0	0	0	0	0	0	0	0	2	
1	1	0	1	2	3	0	0	1	1	1	0	0	0	0	1	0	0	0	1	0	0	0	0	0	0	0	0	
1	3	0	1	2	3	2	0	0	1	0	3	0	0	0	0	0	0	0	0	0	0	0	0	0	0	0	0	
1	3	0	1	1	3	2	0	1	1	0	3	0	0	0	0	0	0	0	0	0	0	0	0	0	0	3	1	
2	3	0	1	2	1	0	0	1	1	1	3	0	0	0	2	0	0	0	0	0	0	0	0	0	0	0	2	
1	3	0	0	0	3	0	0	1	1	0	3	0	1	0	0	0	0	0	1	0	0	0	0	0	0	1	0	
2	0	1	1	2	0	0	0	0	0	0	2	0	2	0	2	0	0	0	1	0	0	0	0	0	0	0	0	
0	0	0	1	2	1	2	0	0	1	1	2	0	0	0	1	0	0	0	0	0	0	0	0	0	0	1	1	
0	3	0	1	0	0	2	0	2	1	1	3	0	0	0	0	0	0	0	0	0	0	0	0	0	0	0	2	
1	3	1	1	2	0	2	0	3	0	1	2	0	2	0	2	0	0	0	1	0	0	0	0	0	0	3	1	
2	3	2	1	0	0	2	0	1	1	3	3	0	0	0	2	0	0	0	1	0	0	0	0	0	0	3	2	
1	0	0	0	2	0	2	0	0	2	1	3	0	0	0	2	0	0	0	0	0	0	0	0	0	0	3	2	
2	0	0	2	2	3	1	0	1	1	0	3	0	2	0	0	0	0	0	1	0	0	0	0	0	0	3	2	
--------------------

--------------------
Best Solution Found!
--------------------
Time: 0 hour(s), 0 minute(s), 30 second(s), 734 millisecond(s)

Fitness: 192739

2	3	0	2	2	3	2	0	0	2	1	3	0	2	0	0	0	0	0	1	0	0	0	0	0	0	3	2	
1	3	0	1	0	0	0	0	1	1	1	3	0	0	0	0	0	0	0	1	0	0	0	0	0	0	0	0	
0	0	2	1	0	3	2	0	3	0	1	0	0	0	0	0	0	0	0	0	0	0	0	0	0	0	0	2	
1	3	0	1	1	3	2	0	1	1	1	3	0	2	0	0	0	0	0	1	0	0	0	0	0	0	1	2	
1	3	0	0	2	0	0	0	0	0	1	0	0	2	0	0	0	0	0	1	0	0	0	0	0	0	3	2	
1	0	0	1	0	0	0	0	1	2	0	0	0	0	0	2	0	0	0	0	0	0	0	0	0	0	0	2	
2	3	1	1	0	1	2	0	2	1	0	0	0	2	0	2	0	0	0	0	0	0	0	0	0	0	0	2	
1	0	0	1	2	3	1	0	1	0	1	2	0	0	0	1	0	0	0	1	0	0	0	0	0	0	3	0	
1	0	0	1	2	3	0	0	1	1	0	3	0	1	0	2	0	0	0	1	0	0	0	0	0	0	0	0	
0	0	0	0	1	1	0	0	0	1	0	0	0	1	0	1	0	0	0	1	0	0	0	0	0	0	0	0	
0	0	0	2	2	0	2	0	1	1	1	2	0	2	0	2	0	0	0	1	0	0	0	0	0	0	3	0	
0	0	0	1	2	0	0	0	1	1	0	2	0	2	0	2	0	0	0	2	0	0	0	0	0	0	0	2	
1	0	0	0	0	3	2	0	1	1	3	3	0	0	0	0	0	0	0	0	0	0	0	0	0	0	0	2	
1	1	0	0	0	3	1	0	0	2	3	3	0	2	0	2	0	0	0	1	0	0	0	0	0	0	3	1	
0	0	0	1	0	3	2	0	3	1	1	3	0	0	0	0	0	0	0	1	0	0	0	0	0	0	1	2	
1	3	0	1	0	3	2	0	1	1	0	3	0	1	0	2	0	0	0	2	0	0	0	0	0	0	3	1	
1	0	2	1	0	0	0	0	1	1	0	3	0	2	0	2	0	0	0	0	0	0	0	0	0	0	1	2	
1	0	1	2	1	3	0	0	0	0	3	3	0	0	0	2	0	0	0	3	0	0	0	0	0	0	3	0	
2	3	2	1	0	0	2	0	3	1	1	0	0	0	0	1	0	0	0	0	0	0	0	0	0	0	3	2	
1	3	0	0	0	0	2	0	1	1	0	3	0	2	0	2	0	0	0	1	0	0	0	0	0	0	3	2	
1	3	2	1	2	0	2	0	0	1	1	3	0	0	0	0	0	0	0	1	0	0	0	0	0	0	0	0	
1	1	0	2	2	3	1	0	1	1	0	3	0	0	0	0	0	0	0	0	0	0	0	0	0	0	0	0	
0	0	0	1	2	1	2	0	1	0	0	0	0	2	0	0	0	0	0	1	0	0	0	0	0	0	3	0	
1	3	2	1	0	3	2	0	0	0	1	3	0	0	0	2	0	0	0	2	0	0	0	0	0	0	3	2	
0	0	0	1	2	0	2	0	1	1	0	3	0	2	0	2	0	0	0	1	0	0	0	0	0	0	0	1	
1	3	1	0	2	1	1	0	1	2	1	3	0	0	0	2	0	0	0	0	0	0	0	0	0	0	3	0	
1	3	0	1	2	3	2	0	0	1	0	0	0	2	0	0	0	0	0	1	0	0	0	0	0	0	3	2	
2	1	0	0	2	3	2	0	0	1	0	3	0	2	0	0	0	0	0	0	0	0	0	0	0	0	0	0	
1	3	0	2	2	3	2	0	0	0	0	2	0	0	0	0	0	0	0	0	0	0	0	0	0	0	0	2	
2	0	0	1	0	0	2	0	0	0	0	0	0	2	0	2	0	0	0	0	0	0	0	0	0	0	0	1	
--------------------

--------------------
Best Solution Found!
--------------------
Time: 0 hour(s), 0 minute(s), 30 second(s), 737 millisecond(s)

Fitness: 192739

2	3	0	2	2	3	2	0	0	2	1	3	0	2	0	0	0	0	0	1	0	0	0	0	0	0	3	2	
1	3	0	1	0	0	0	0	1	1	1	3	0	0	0	0	0	0	0	1	0	0	0	0	0	0	0	0	
0	0	2	1	0	3	2	0	3	0	1	0	0	0	0	0	0	0	0	0	0	0	0	0	0	0	0	2	
1	3	0	1	1	3	2	0	1	1	1	3	0	2	0	0	0	0	0	1	0	0	0	0	0	0	1	2	
1	3	0	0	2	0	0	0	0	0	1	0	0	2	0	0	0	0	0	1	0	0	0	0	0	0	3	2	
1	0	0	1	0	0	0	0	1	2	0	0	0	0	0	2	0	0	0	0	0	0	0	0	0	0	0	2	
2	3	1	1	0	1	2	0	2	1	0	0	0	2	0	2	0	0	0	0	0	0	0	0	0	0	0	2	
1	0	0	1	2	3	1	0	1	0	1	2	0	0	0	1	0	0	0	1	0	0	0	0	0	0	3	0	
1	0	0	1	2	3	0	0	1	1	0	3	0	1	0	2	0	0	0	1	0	0	0	0	0	0	0	0	
0	0	0	0	1	1	0	0	0	1	0	0	0	1	0	1	0	0	0	1	0	0	0	0	0	0	0	0	
0	0	0	2	2	0	2	0	1	1	1	2	0	2	0	2	0	0	0	1	0	0	0	0	0	0	3	0	
0	0	0	1	2	0	0	0	1	1	0	2	0	2	0	2	0	0	0	2	0	0	0	0	0	0	0	2	
1	0	0	0	0	3	2	0	1	1	3	3	0	0	0	0	0	0	0	0	0	0	0	0	0	0	0	2	
1	1	0	0	0	3	1	0	0	2	3	3	0	2	0	2	0	0	0	1	0	0	0	0	0	0	3	1	
0	0	0	1	0	3	2	0	3	1	1	3	0	0	0	0	0	0	0	1	0	0	0	0	0	0	1	2	
1	3	0	1	0	3	2	0	1	1	0	3	0	1	0	2	0	0	0	2	0	0	0	0	0	0	3	1	
1	0	2	1	0	0	0	0	1	1	0	3	0	2	0	2	0	0	0	0	0	0	0	0	0	0	1	2	
1	0	1	2	1	3	0	0	0	0	3	3	0	0	0	2	0	0	0	3	0	0	0	0	0	0	3	0	
2	3	2	1	0	0	2	0	3	1	1	0	0	0	0	1	0	0	0	0	0	0	0	0	0	0	3	2	
1	3	0	0	0	0	2	0	1	1	0	3	0	2	0	2	0	0	0	1	0	0	0	0	0	0	3	2	
1	3	2	1	2	0	2	0	0	1	1	3	0	0	0	0	0	0	0	1	0	0	0	0	0	0	0	0	
1	1	0	2	2	3	1	0	1	1	0	3	0	0	0	0	0	0	0	0	0	0	0	0	0	0	0	0	
0	0	0	1	2	1	2	0	1	0	0	0	0	2	0	0	0	0	0	1	0	0	0	0	0	0	3	0	
1	3	2	1	0	3	2	0	0	0	1	3	0	0	0	2	0	0	0	2	0	0	0	0	0	0	3	2	
0	0	0	1	2	0	2	0	1	1	0	3	0	2	0	2	0	0	0	1	0	0	0	0	0	0	0	1	
1	3	1	0	2	1	1	0	1	2	1	3	0	0	0	2	0	0	0	0	0	0	0	0	0	0	3	0	
1	3	0	1	2	3	2	0	0	1	0	0	0	2	0	0	0	0	0	1	0	0	0	0	0	0	3	2	
2	1	0	0	2	3	2	0	0	1	0	3	0	2	0	0	0	0	0	0	0	0	0	0	0	0	0	0	
1	3	0	2	2	3	2	0	0	0	0	2	0	0	0	0	0	0	0	0	0	0	0	0	0	0	0	2	
2	0	0	1	0	0	2	0	0	0	0	0	0	2	0	2	0	0	0	0	0	0	0	0	0	0	0	1	
--------------------

--------------------
Best Solution Found!
--------------------
Time: 0 hour(s), 0 minute(s), 30 second(s), 740 millisecond(s)

Fitness: 192739

2	3	0	2	2	3	2	0	0	2	1	3	0	2	0	0	0	0	0	1	0	0	0	0	0	0	3	2	
1	3	0	1	0	0	0	0	1	1	1	3	0	0	0	0	0	0	0	1	0	0	0	0	0	0	0	0	
0	0	2	1	0	3	2	0	3	0	1	0	0	0	0	0	0	0	0	0	0	0	0	0	0	0	0	2	
1	3	0	1	1	3	2	0	1	1	1	3	0	2	0	0	0	0	0	1	0	0	0	0	0	0	1	2	
1	3	0	0	2	0	0	0	0	0	1	0	0	2	0	0	0	0	0	1	0	0	0	0	0	0	3	2	
1	0	0	1	0	0	0	0	1	2	0	0	0	0	0	2	0	0	0	0	0	0	0	0	0	0	0	2	
2	3	1	1	0	1	2	0	2	1	0	0	0	2	0	2	0	0	0	0	0	0	0	0	0	0	0	2	
1	0	0	1	2	3	1	0	1	0	1	2	0	0	0	1	0	0	0	1	0	0	0	0	0	0	3	0	
1	0	0	1	2	3	0	0	1	1	0	3	0	1	0	2	0	0	0	1	0	0	0	0	0	0	0	0	
0	0	0	0	1	1	0	0	0	1	0	0	0	1	0	1	0	0	0	1	0	0	0	0	0	0	0	0	
0	0	0	2	2	0	2	0	1	1	1	2	0	2	0	2	0	0	0	1	0	0	0	0	0	0	3	0	
0	0	0	1	2	0	0	0	1	1	0	2	0	2	0	2	0	0	0	2	0	0	0	0	0	0	0	2	
1	0	0	0	0	3	2	0	1	1	3	3	0	0	0	0	0	0	0	0	0	0	0	0	0	0	0	2	
1	1	0	0	0	3	1	0	0	2	3	3	0	2	0	2	0	0	0	1	0	0	0	0	0	0	3	1	
0	0	0	1	0	3	2	0	3	1	1	3	0	0	0	0	0	0	0	1	0	0	0	0	0	0	1	2	
1	3	0	1	0	3	2	0	1	1	0	3	0	1	0	2	0	0	0	2	0	0	0	0	0	0	3	1	
1	0	2	1	0	0	0	0	1	1	0	3	0	2	0	2	0	0	0	0	0	0	0	0	0	0	1	2	
1	0	1	2	1	3	0	0	0	0	3	3	0	0	0	2	0	0	0	3	0	0	0	0	0	0	3	0	
2	3	2	1	0	0	2	0	3	1	1	0	0	0	0	1	0	0	0	0	0	0	0	0	0	0	3	2	
1	3	0	0	0	0	2	0	1	1	0	3	0	2	0	2	0	0	0	1	0	0	0	0	0	0	3	2	
1	3	2	1	2	0	2	0	0	1	1	3	0	0	0	0	0	0	0	1	0	0	0	0	0	0	0	0	
1	1	0	2	2	3	1	0	1	1	0	3	0	0	0	0	0	0	0	0	0	0	0	0	0	0	0	0	
0	0	0	1	2	1	2	0	1	0	0	0	0	2	0	0	0	0	0	1	0	0	0	0	0	0	3	0	
1	3	2	1	0	3	2	0	0	0	1	3	0	0	0	2	0	0	0	2	0	0	0	0	0	0	3	2	
0	0	0	1	2	0	2	0	1	1	0	3	0	2	0	2	0	0	0	1	0	0	0	0	0	0	0	1	
1	3	1	0	2	1	1	0	1	2	1	3	0	0	0	2	0	0	0	0	0	0	0	0	0	0	3	0	
1	3	0	1	2	3	2	0	0	1	0	0	0	2	0	0	0	0	0	1	0	0	0	0	0	0	3	2	
2	1	0	0	2	3	2	0	0	1	0	3	0	2	0	0	0	0	0	0	0	0	0	0	0	0	0	0	
1	3	0	2	2	3	2	0	0	0	0	2	0	0	0	0	0	0	0	0	0	0	0	0	0	0	0	2	
2	0	0	1	0	0	2	0	0	0	0	0	0	2	0	2	0	0	0	0	0	0	0	0	0	0	0	1	
--------------------

--------------------
Best Solution Found!
--------------------
Time: 0 hour(s), 0 minute(s), 42 second(s), 146 millisecond(s)

Fitness: 192733

0	0	0	1	2	0	1	0	1	1	0	3	0	2	0	0	0	0	0	0	0	0	0	0	0	0	0	2	
2	0	0	1	2	3	2	0	0	0	3	3	0	2	0	1	0	0	0	0	0	0	0	0	0	0	3	1	
2	3	0	1	1	3	2	0	1	0	1	3	0	2	0	2	0	0	0	1	0	0	0	0	0	0	0	2	
0	0	0	0	0	0	2	0	1	1	0	0	0	0	0	2	0	0	0	1	0	0	0	0	0	0	0	0	
1	3	0	0	0	3	2	0	1	2	0	3	0	0	0	2	0	0	0	2	0	0	0	0	0	0	0	1	
1	3	0	1	2	0	0	0	0	1	1	3	0	1	0	0	0	0	0	0	0	0	0	0	0	0	3	2	
0	0	0	1	2	3	2	0	0	2	0	2	0	0	0	2	0	0	0	3	0	0	0	0	0	0	0	2	
1	3	0	2	2	3	2	0	0	1	1	3	0	2	0	0	0	0	0	0	0	0	0	0	0	0	3	2	
1	3	1	1	2	3	0	0	1	1	0	3	0	2	0	0	0	0	0	1	0	0	0	0	0	0	0	0	
1	1	0	1	2	3	0	0	1	1	1	3	0	2	0	0	0	0	0	1	0	0	0	0	0	0	0	0	
1	0	1	1	1	0	1	0	3	1	1	3	0	0	0	2	0	0	0	0	0	0	0	0	0	0	3	0	
1	0	0	2	2	1	1	0	0	2	1	0	0	0	0	0	0	0	0	1	0	0	0	0	0	0	0	0	
1	3	0	1	2	3	2	0	1	1	1	0	0	0	0	0	0	0	0	1	0	0	0	0	0	0	3	2	
2	0	2	0	0	3	2	0	1	1	1	3	0	2	0	2	0	0	0	1	0	0	0	0	0	0	1	2	
2	0	0	1	2	3	1	0	0	1	3	2	0	0	0	2	0	0	0	0	0	0	0	0	0	0	3	1	
1	0	2	1	0	1	2	0	0	0	0	2	0	2	0	2	0	0	0	0	0	0	0	0	0	0	1	0	
1	0	1	1	2	0	0	0	0	0	1	3	0	0	0	2	0	0	0	2	0	0	0	0	0	0	0	0	
1	0	0	2	0	3	2	0	1	1	0	3	0	2	0	2	0	0	0	1	0	0	0	0	0	0	3	2	
1	0	0	0	0	3	2	0	0	0	3	2	0	2	0	2	0	0	0	0	0	0	0	0	0	0	0	0	
1	3	0	2	0	0	2	0	0	1	1	3	0	0	0	1	0	0	0	1	0	0	0	0	0	0	1	0	
0	0	0	1	2	0	0	0	2	1	0	0	0	2	0	0	0	0	0	0	0	0	0	0	0	0	3	1	
1	3	0	0	2	3	2	0	1	1	1	3	0	2	0	0	0	0	0	1	0	0	0	0	0	0	0	2	
1	3	0	0	0	0	0	0	1	1	0	3	0	1	0	0	0	0	0	1	0	0	0	0	0	0	0	2	
0	3	2	2	2	3	2	0	3	1	0	0	0	0	0	0	0	0	0	1	0	0	0	0	0	0	3	2	
0	3	2	1	0	1	2	0	1	2	0	3	0	2	0	2	0	0	0	1	0	0	0	0	0	0	3	0	
2	0	2	1	0	0	2	0	1	1	1	3	0	1	0	0	0	0	0	0	0	0	0	0	0	0	0	0	
1	1	0	0	0	3	2	0	1	1	0	0	0	0	0	2	0	0	0	1	0	0	0	0	0	0	3	2	
0	1	0	1	0	1	2	0	1	0	0	0	0	2	0	2	0	0	0	2	0	0	0	0	0	0	3	2	
1	3	0	1	0	0	0	0	3	0	0	0	0	0	0	0	0	0	0	0	0	0	0	0	0	0	3	2	
1	3	0	1	1	0	0	0	0	0	0	0	0	0	0	1	0	0	0	1	0	0	0	0	0	0	0	2	
--------------------

--------------------
Best Solution Found!
--------------------
Time: 0 hour(s), 0 minute(s), 42 second(s), 147 millisecond(s)

Fitness: 192733

0	0	0	1	2	0	1	0	1	1	0	3	0	2	0	0	0	0	0	0	0	0	0	0	0	0	0	2	
2	0	0	1	2	3	2	0	0	0	3	3	0	2	0	1	0	0	0	0	0	0	0	0	0	0	3	1	
2	3	0	1	1	3	2	0	1	0	1	3	0	2	0	2	0	0	0	1	0	0	0	0	0	0	0	2	
0	0	0	0	0	0	2	0	1	1	0	0	0	0	0	2	0	0	0	1	0	0	0	0	0	0	0	0	
1	3	0	0	0	3	2	0	1	2	0	3	0	0	0	2	0	0	0	2	0	0	0	0	0	0	0	1	
1	3	0	1	2	0	0	0	0	1	1	3	0	1	0	0	0	0	0	0	0	0	0	0	0	0	3	2	
0	0	0	1	2	3	2	0	0	2	0	2	0	0	0	2	0	0	0	3	0	0	0	0	0	0	0	2	
1	3	0	2	2	3	2	0	0	1	1	3	0	2	0	0	0	0	0	0	0	0	0	0	0	0	3	2	
1	3	1	1	2	3	0	0	1	1	0	3	0	2	0	0	0	0	0	1	0	0	0	0	0	0	0	0	
1	1	0	1	2	3	0	0	1	1	1	3	0	2	0	0	0	0	0	1	0	0	0	0	0	0	0	0	
1	0	1	1	1	0	1	0	3	1	1	3	0	0	0	2	0	0	0	0	0	0	0	0	0	0	3	0	
1	0	0	2	2	1	1	0	0	2	1	0	0	0	0	0	0	0	0	1	0	0	0	0	0	0	0	0	
1	3	0	1	2	3	2	0	1	1	1	0	0	0	0	0	0	0	0	1	0	0	0	0	0	0	3	2	
2	0	2	0	0	3	2	0	1	1	1	3	0	2	0	2	0	0	0	1	0	0	0	0	0	0	1	2	
2	0	0	1	2	3	1	0	0	1	3	2	0	0	0	2	0	0	0	0	0	0	0	0	0	0	3	1	
1	0	2	1	0	1	2	0	0	0	0	2	0	2	0	2	0	0	0	0	0	0	0	0	0	0	1	0	
1	0	1	1	2	0	0	0	0	0	1	3	0	0	0	2	0	0	0	2	0	0	0	0	0	0	0	0	
1	0	0	2	0	3	2	0	1	1	0	3	0	2	0	2	0	0	0	1	0	0	0	0	0	0	3	2	
1	0	0	0	0	3	2	0	0	0	3	2	0	2	0	2	0	0	0	0	0	0	0	0	0	0	0	0	
1	3	0	2	0	0	2	0	0	1	1	3	0	0	0	1	0	0	0	1	0	0	0	0	0	0	1	0	
0	0	0	1	2	0	0	0	2	1	0	0	0	2	0	0	0	0	0	0	0	0	0	0	0	0	3	1	
1	3	0	0	2	3	2	0	1	1	1	3	0	2	0	0	0	0	0	1	0	0	0	0	0	0	0	2	
1	3	0	0	0	0	0	0	1	1	0	3	0	1	0	0	0	0	0	1	0	0	0	0	0	0	0	2	
0	3	2	2	2	3	2	0	3	1	0	0	0	0	0	0	0	0	0	1	0	0	0	0	0	0	3	2	
0	3	2	1	0	1	2	0	1	2	0	3	0	2	0	2	0	0	0	1	0	0	0	0	0	0	3	0	
2	0	2	1	0	0	2	0	1	1	1	3	0	1	0	0	0	0	0	0	0	0	0	0	0	0	0	0	
1	1	0	0	0	3	2	0	1	1	0	0	0	0	0	2	0	0	0	1	0	0	0	0	0	0	3	2	
0	1	0	1	0	1	2	0	1	0	0	0	0	2	0	2	0	0	0	2	0	0	0	0	0	0	3	2	
1	3	0	1	0	0	0	0	3	0	0	0	0	0	0	0	0	0	0	0	0	0	0	0	0	0	3	2	
1	3	0	1	1	0	0	0	0	0	0	0	0	0	0	1	0	0	0	1	0	0	0	0	0	0	0	2	
--------------------

--------------------
Best Solution Found!
--------------------
Time: 0 hour(s), 0 minute(s), 42 second(s), 150 millisecond(s)

Fitness: 192733

0	0	0	1	2	0	1	0	1	1	0	3	0	2	0	0	0	0	0	0	0	0	0	0	0	0	0	2	
2	0	0	1	2	3	2	0	0	0	3	3	0	2	0	1	0	0	0	0	0	0	0	0	0	0	3	1	
2	3	0	1	1	3	2	0	1	0	1	3	0	2	0	2	0	0	0	1	0	0	0	0	0	0	0	2	
0	0	0	0	0	0	2	0	1	1	0	0	0	0	0	2	0	0	0	1	0	0	0	0	0	0	0	0	
1	3	0	0	0	3	2	0	1	2	0	3	0	0	0	2	0	0	0	2	0	0	0	0	0	0	0	1	
1	3	0	1	2	0	0	0	0	1	1	3	0	1	0	0	0	0	0	0	0	0	0	0	0	0	3	2	
0	0	0	1	2	3	2	0	0	2	0	2	0	0	0	2	0	0	0	3	0	0	0	0	0	0	0	2	
1	3	0	2	2	3	2	0	0	1	1	3	0	2	0	0	0	0	0	0	0	0	0	0	0	0	3	2	
1	3	1	1	2	3	0	0	1	1	0	3	0	2	0	0	0	0	0	1	0	0	0	0	0	0	0	0	
1	1	0	1	2	3	0	0	1	1	1	3	0	2	0	0	0	0	0	1	0	0	0	0	0	0	0	0	
1	0	1	1	1	0	1	0	3	1	1	3	0	0	0	2	0	0	0	0	0	0	0	0	0	0	3	0	
1	0	0	2	2	1	1	0	0	2	1	0	0	0	0	0	0	0	0	1	0	0	0	0	0	0	0	0	
1	3	0	1	2	3	2	0	1	1	1	0	0	0	0	0	0	0	0	1	0	0	0	0	0	0	3	2	
2	0	2	0	0	3	2	0	1	1	1	3	0	2	0	2	0	0	0	1	0	0	0	0	0	0	1	2	
2	0	0	1	2	3	1	0	0	1	3	2	0	0	0	2	0	0	0	0	0	0	0	0	0	0	3	1	
1	0	2	1	0	1	2	0	0	0	0	2	0	2	0	2	0	0	0	0	0	0	0	0	0	0	1	0	
1	0	1	1	2	0	0	0	0	0	1	3	0	0	0	2	0	0	0	2	0	0	0	0	0	0	0	0	
1	0	0	2	0	3	2	0	1	1	0	3	0	2	0	2	0	0	0	1	0	0	0	0	0	0	3	2	
1	0	0	0	0	3	2	0	0	0	3	2	0	2	0	2	0	0	0	0	0	0	0	0	0	0	0	0	
1	3	0	2	0	0	2	0	0	1	1	3	0	0	0	1	0	0	0	1	0	0	0	0	0	0	1	0	
0	0	0	1	2	0	0	0	2	1	0	0	0	2	0	0	0	0	0	0	0	0	0	0	0	0	3	1	
1	3	0	0	2	3	2	0	1	1	1	3	0	2	0	0	0	0	0	1	0	0	0	0	0	0	0	2	
1	3	0	0	0	0	0	0	1	1	0	3	0	1	0	0	0	0	0	1	0	0	0	0	0	0	0	2	
0	3	2	2	2	3	2	0	3	1	0	0	0	0	0	0	0	0	0	1	0	0	0	0	0	0	3	2	
0	3	2	1	0	1	2	0	1	2	0	3	0	2	0	2	0	0	0	1	0	0	0	0	0	0	3	0	
2	0	2	1	0	0	2	0	1	1	1	3	0	1	0	0	0	0	0	0	0	0	0	0	0	0	0	0	
1	1	0	0	0	3	2	0	1	1	0	0	0	0	0	2	0	0	0	1	0	0	0	0	0	0	3	2	
0	1	0	1	0	1	2	0	1	0	0	0	0	2	0	2	0	0	0	2	0	0	0	0	0	0	3	2	
1	3	0	1	0	0	0	0	3	0	0	0	0	0	0	0	0	0	0	0	0	0	0	0	0	0	3	2	
1	3	0	1	1	0	0	0	0	0	0	0	0	0	0	1	0	0	0	1	0	0	0	0	0	0	0	2	
--------------------

--------------------
Best Solution Found!
--------------------
Time: 0 hour(s), 1 minute(s), 12 second(s), 152 millisecond(s)

Fitness: 191734

0	0	0	0	0	0	0	0	1	1	1	0	0	0	0	1	0	0	0	0	0	0	0	0	0	0	0	0	
1	0	2	1	2	3	2	0	1	0	0	3	0	2	0	0	0	0	0	1	0	0	0	0	0	0	3	2	
1	3	2	0	1	3	2	0	0	1	1	3	0	2	0	2	0	0	0	1	0	0	0	0	0	0	0	0	
1	3	0	1	0	3	2	0	0	0	0	0	0	0	0	0	0	0	0	0	0	0	0	0	0	0	1	1	
1	3	0	1	2	3	0	0	0	2	3	3	0	1	0	1	0	0	0	0	0	0	0	0	0	0	3	2	
2	3	1	1	2	0	2	0	1	0	1	3	0	2	0	2	0	0	0	1	0	0	0	0	0	0	0	0	
2	3	0	1	2	0	2	0	3	1	0	3	0	0	0	2	0	0	0	0	0	0	0	0	0	0	3	2	
1	3	0	1	0	0	2	0	1	1	0	0	0	0	0	2	0	0	0	1	0	0	0	0	0	0	0	2	
1	3	2	1	0	3	2	0	1	1	1	2	0	2	0	0	0	0	0	0	0	0	0	0	0	0	3	2	
0	0	0	1	2	3	1	0	0	0	1	2	0	0	0	0	0	0	0	2	0	0	0	0	0	0	0	0	
0	3	0	0	2	3	2	0	1	0	3	3	0	2	0	2	0	0	0	0	0	0	0	0	0	0	0	2	
1	0	0	2	2	0	0	0	3	1	3	0	0	0	0	0	0	0	0	1	0	0	0	0	0	0	0	0	
0	0	0	1	2	3	2	0	0	1	0	0	0	2	0	2	0	0	0	1	0	0	0	0	0	0	0	0	
1	1	0	1	0	3	2	0	1	1	1	3	0	2	0	2	0	0	0	0	0	0	0	0	0	0	3	0	
1	0	0	1	2	3	1	0	0	2	1	0	0	2	0	0	0	0	0	1	0	0	0	0	0	0	1	2	
0	0	0	0	2	3	2	0	1	1	0	3	0	1	0	0	0	0	0	1	0	0	0	0	0	0	3	1	
0	0	0	1	1	0	1	0	1	2	0	0	0	0	0	0	0	0	0	0	0	0	0	0	0	0	3	2	
1	3	2	1	0	0	0	0	1	1	0	2	0	2	0	2	0	0	0	3	0	0	0	0	0	0	0	0	
2	3	1	1	0	0	0	0	1	2	0	3	0	0	0	2	0	0	0	1	0	0	0	0	0	0	3	1	
1	0	0	1	2	3	2	0	0	0	0	3	0	0	0	2	0	0	0	1	0	0	0	0	0	0	3	2	
1	3	1	1	0	3	2	0	0	1	1	2	0	2	0	2	0	0	0	2	0	0	0	0	0	0	1	1	
1	1	0	0	0	3	2	0	0	1	1	3	0	2	0	2	0	0	0	1	0	0	0	0	0	0	0	0	
2	3	0	1	0	1	2	0	3	1	0	3	0	0	0	0	0	0	0	1	0	0	0	0	0	0	0	0	
1	0	0	2	0	1	1	0	1	0	0	3	0	2	0	0	0	0	0	0	0	0	0	0	0	0	3	2	
1	0	0	2	2	3	2	0	0	0	1	3	0	1	0	0	0	0	0	0	0	0	0	0	0	0	0	2	
0	0	2	0	1	1	2	0	1	1	1	0	0	0	0	0	0	0	0	1	0	0	0	0	0	0	3	2	
1	0	0	1	0	1	0	0	2	1	1	3	0	2	0	2	0	0	0	0	0	0	0	0	0	0	0	2	
1	1	0	2	2	0	0	0	1	1	0	3	0	0	0	1	0	0	0	1	0	0	0	0	0	0	3	2	
1	0	0	0	0	0	2	0	0	1	0	3	0	2	0	2	0	0	0	1	0	0	0	0	0	0	0	2	
2	3	0	2	2	0	0	0	1	1	0	0	0	0	0	0	0	0	0	2	0	0	0	0	0	0	3	0	
--------------------


The best solution was found at the restart: 5, population: 0
Total Time Elapsed: 0 hour(s), 4 minute(s), 12 second(s), 928 millisecond(s)

