--------------------
Best Solution Found!
--------------------
Time: 0 hour(s), 0 minute(s), 0 second(s), 2 millisecond(s)

Fitness: 175793

2	2	1	0	1	0	0	3	0	0	0	1	2	2	0	3	0	3	0	0	0	0	0	1	0	0	0	1	
0	0	1	0	1	0	0	2	0	0	0	0	0	1	0	0	3	3	0	1	1	0	0	3	0	0	0	1	
1	2	0	0	1	0	0	0	1	1	0	0	2	1	0	0	2	0	0	0	0	0	0	0	0	0	1	0	
1	0	0	0	0	0	1	3	0	0	0	1	2	0	1	0	0	3	0	0	1	0	0	0	0	0	1	1	
2	0	1	0	1	1	0	0	2	1	0	1	2	0	0	0	0	0	0	0	0	0	0	0	0	0	0	0	
0	1	1	1	0	0	2	3	1	0	0	0	1	0	0	0	0	0	0	0	1	0	0	1	0	0	1	0	
1	0	1	2	1	1	0	0	0	0	1	1	2	1	0	2	0	0	0	0	1	0	0	0	0	1	0	0	
1	2	0	1	0	0	1	0	0	1	0	0	3	0	0	0	0	0	0	0	0	0	1	0	0	0	0	0	
0	0	2	1	1	1	0	3	0	1	0	0	0	0	0	3	0	0	0	0	0	0	2	1	0	0	0	0	
0	2	0	0	0	0	0	3	0	0	1	1	0	1	2	0	0	0	0	0	0	0	0	0	0	0	1	0	
1	2	0	0	0	0	0	3	0	1	1	1	2	0	0	0	0	0	0	0	0	0	0	1	0	1	1	0	
0	0	0	1	0	0	0	0	1	0	1	0	0	0	1	0	0	0	0	0	0	0	0	0	0	1	0	0	
0	0	3	0	0	1	0	0	1	3	3	2	2	0	0	0	0	3	3	0	0	2	0	0	2	0	1	0	
1	0	1	0	0	0	0	3	0	1	1	0	0	0	2	0	0	0	0	0	0	0	0	1	1	0	0	0	
0	2	0	0	0	2	0	2	1	0	1	0	0	0	0	0	0	0	0	0	0	0	0	0	0	0	0	0	
1	3	1	1	1	1	1	2	1	0	0	0	2	1	1	0	3	0	0	0	1	0	0	0	0	0	0	0	
1	0	0	2	0	0	0	3	0	1	0	1	0	0	1	0	0	0	0	0	2	1	1	0	0	0	0	0	
1	2	1	0	0	1	0	0	0	0	0	1	0	0	0	3	3	0	0	0	1	0	0	0	0	2	1	1	
0	2	0	1	2	0	1	3	2	0	1	1	2	0	0	0	0	0	3	0	0	0	0	0	0	0	1	3	
1	2	0	1	1	1	0	0	0	0	3	0	0	0	0	0	0	0	0	0	1	0	0	0	0	2	1	0	
1	0	1	1	0	0	0	0	0	0	1	1	2	2	1	0	3	0	0	0	0	0	0	0	0	0	2	0	
1	0	0	1	1	0	2	3	0	0	0	0	0	0	0	0	3	0	1	0	1	0	0	0	0	1	2	0	
0	0	1	2	0	0	0	0	1	0	0	1	1	3	0	0	3	0	0	0	2	0	2	0	0	0	2	0	
2	0	1	0	2	1	1	0	0	1	1	2	0	0	0	0	0	0	0	0	2	0	2	0	0	2	1	0	
0	0	1	0	1	1	1	3	0	1	0	0	0	1	0	3	3	3	1	0	0	0	0	0	0	0	0	0	
0	0	3	0	0	0	0	3	0	3	0	0	2	1	0	0	0	2	0	0	1	0	0	0	0	0	1	1	
1	0	0	0	2	1	1	0	1	0	0	0	0	1	0	0	0	0	0	0	0	0	0	0	0	0	1	0	
2	2	0	1	0	0	1	0	0	0	0	1	2	1	0	0	0	0	0	0	1	1	1	0	2	0	0	0	
0	0	1	1	1	2	1	0	1	1	1	1	0	0	2	3	2	0	0	0	0	0	2	0	0	1	1	1	
1	0	0	0	0	0	0	0	1	0	0	2	0	1	0	0	0	0	0	0	1	1	2	1	0	0	0	0	
--------------------

--------------------
Best Solution Found!
--------------------
Time: 0 hour(s), 0 minute(s), 0 second(s), 39 millisecond(s)

Fitness: 174789

1	0	3	1	0	0	0	2	0	0	1	2	0	2	1	3	3	0	0	0	1	0	0	0	1	2	1	1	
2	0	0	0	0	0	0	3	1	0	3	0	2	1	0	0	0	0	0	0	0	0	0	0	0	0	1	0	
0	2	1	0	2	0	0	3	0	1	0	0	2	1	0	0	0	2	0	0	2	0	0	0	0	0	1	1	
0	0	1	2	2	0	1	3	1	0	0	0	0	0	2	0	3	0	0	0	1	0	0	1	0	0	0	0	
0	0	0	1	1	1	0	0	0	1	0	1	1	0	1	0	2	0	0	0	1	1	0	3	0	0	1	1	
0	2	1	0	2	0	2	3	2	0	0	0	0	0	0	0	0	3	0	0	0	0	0	0	0	0	0	0	
0	0	0	0	0	0	0	0	0	0	1	1	2	1	0	2	0	0	0	0	0	2	0	1	0	1	0	0	
2	0	1	1	0	1	1	3	0	1	1	2	2	0	2	0	0	0	0	0	0	0	0	0	0	2	0	0	
0	2	1	0	0	0	0	0	2	1	0	1	1	0	0	3	0	0	0	0	0	0	0	0	0	0	0	0	
0	0	0	0	1	1	0	3	0	0	0	1	2	1	0	0	0	0	0	0	2	0	0	0	0	0	2	0	
0	0	0	0	1	0	0	0	0	1	0	1	2	0	0	0	0	0	0	0	1	0	0	0	0	0	1	0	
1	2	1	1	0	1	0	0	1	0	1	0	0	0	0	0	2	0	0	0	1	0	2	0	0	0	1	0	
2	1	0	1	0	0	0	2	1	3	0	0	0	0	0	0	3	3	1	0	0	0	0	0	0	0	1	0	
0	0	3	1	0	0	0	3	0	1	0	0	0	0	0	0	3	3	0	0	1	0	0	0	2	0	0	1	
0	0	0	1	1	0	0	3	1	0	0	1	0	0	0	0	0	0	0	0	0	0	0	0	0	0	0	0	
1	2	1	0	0	0	1	0	1	0	1	0	0	1	0	0	0	0	0	0	0	0	1	1	0	0	2	0	
1	0	0	0	1	0	0	0	0	1	1	0	2	0	0	0	0	0	1	0	0	0	2	1	0	1	1	0	
1	2	1	0	0	0	0	0	0	0	3	0	2	0	1	3	0	0	0	0	1	0	0	0	0	0	0	3	
1	3	0	1	0	0	1	0	1	0	1	2	0	0	2	0	0	0	3	0	0	0	0	0	0	1	0	0	
1	2	0	0	0	0	0	3	0	0	0	0	0	0	0	0	0	0	0	0	0	0	1	0	0	0	0	0	
1	0	1	0	1	1	0	0	1	0	1	1	2	2	0	0	0	0	0	0	0	0	0	0	0	0	1	0	
1	2	0	1	1	0	2	3	0	0	0	1	0	0	1	0	0	0	0	0	0	0	2	0	0	1	0	0	
1	0	1	0	1	1	0	0	0	0	0	0	0	3	1	0	0	0	0	0	1	0	0	0	0	1	1	0	
0	0	0	0	1	1	1	3	0	1	0	0	2	0	0	0	0	0	0	0	1	0	1	0	0	0	0	0	
2	2	0	2	1	1	1	0	0	1	0	0	2	1	0	3	3	3	0	1	1	1	0	0	0	2	1	0	
1	0	1	0	0	1	0	0	0	3	1	1	2	1	0	0	3	0	3	0	1	0	2	0	0	0	1	1	
1	0	2	2	0	2	1	3	0	0	0	1	0	1	0	0	3	0	0	0	0	0	2	1	0	0	0	0	
1	2	1	0	1	1	1	0	1	0	0	1	0	1	0	0	0	0	0	0	2	1	0	0	0	0	2	0	
1	0	0	1	0	0	1	2	1	1	1	1	0	0	0	3	0	3	0	0	0	0	0	0	0	0	1	0	
0	0	1	1	0	2	0	0	0	0	0	1	3	1	0	0	0	0	0	0	0	0	0	1	2	0	0	1	
--------------------

--------------------
Best Solution Found!
--------------------
Time: 0 hour(s), 0 minute(s), 0 second(s), 41 millisecond(s)

Fitness: 174789

1	0	3	1	0	0	0	2	0	0	1	2	0	2	1	3	3	0	0	0	1	0	0	0	1	2	1	1	
2	0	0	0	0	0	0	3	1	0	3	0	2	1	0	0	0	0	0	0	0	0	0	0	0	0	1	0	
0	2	1	0	2	0	0	3	0	1	0	0	2	1	0	0	0	2	0	0	2	0	0	0	0	0	1	1	
0	0	1	2	2	0	1	3	1	0	0	0	0	0	2	0	3	0	0	0	1	0	0	1	0	0	0	0	
0	0	0	1	1	1	0	0	0	1	0	1	1	0	1	0	2	0	0	0	1	1	0	3	0	0	1	1	
0	2	1	0	2	0	2	3	2	0	0	0	0	0	0	0	0	3	0	0	0	0	0	0	0	0	0	0	
0	0	0	0	0	0	0	0	0	0	1	1	2	1	0	2	0	0	0	0	0	2	0	1	0	1	0	0	
2	0	1	1	0	1	1	3	0	1	1	2	2	0	2	0	0	0	0	0	0	0	0	0	0	2	0	0	
0	2	1	0	0	0	0	0	2	1	0	1	1	0	0	3	0	0	0	0	0	0	0	0	0	0	0	0	
0	0	0	0	1	1	0	3	0	0	0	1	2	1	0	0	0	0	0	0	2	0	0	0	0	0	2	0	
0	0	0	0	1	0	0	0	0	1	0	1	2	0	0	0	0	0	0	0	1	0	0	0	0	0	1	0	
1	2	1	1	0	1	0	0	1	0	1	0	0	0	0	0	2	0	0	0	1	0	2	0	0	0	1	0	
2	1	0	1	0	0	0	2	1	3	0	0	0	0	0	0	3	3	1	0	0	0	0	0	0	0	1	0	
0	0	3	1	0	0	0	3	0	1	0	0	0	0	0	0	3	3	0	0	1	0	0	0	2	0	0	1	
0	0	0	1	1	0	0	3	1	0	0	1	0	0	0	0	0	0	0	0	0	0	0	0	0	0	0	0	
1	2	1	0	0	0	1	0	1	0	1	0	0	1	0	0	0	0	0	0	0	0	1	1	0	0	2	0	
1	0	0	0	1	0	0	0	0	1	1	0	2	0	0	0	0	0	1	0	0	0	2	1	0	1	1	0	
1	2	1	0	0	0	0	0	0	0	3	0	2	0	1	3	0	0	0	0	1	0	0	0	0	0	0	3	
1	3	0	1	0	0	1	0	1	0	1	2	0	0	2	0	0	0	3	0	0	0	0	0	0	1	0	0	
1	2	0	0	0	0	0	3	0	0	0	0	0	0	0	0	0	0	0	0	0	0	1	0	0	0	0	0	
1	0	1	0	1	1	0	0	1	0	1	1	2	2	0	0	0	0	0	0	0	0	0	0	0	0	1	0	
1	2	0	1	1	0	2	3	0	0	0	1	0	0	1	0	0	0	0	0	0	0	2	0	0	1	0	0	
1	0	1	0	1	1	0	0	0	0	0	0	0	3	1	0	0	0	0	0	1	0	0	0	0	1	1	0	
0	0	0	0	1	1	1	3	0	1	0	0	2	0	0	0	0	0	0	0	1	0	1	0	0	0	0	0	
2	2	0	2	1	1	1	0	0	1	0	0	2	1	0	3	3	3	0	1	1	1	0	0	0	2	1	0	
1	0	1	0	0	1	0	0	0	3	1	1	2	1	0	0	3	0	3	0	1	0	2	0	0	0	1	1	
1	0	2	2	0	2	1	3	0	0	0	1	0	1	0	0	3	0	0	0	0	0	2	1	0	0	0	0	
1	2	1	0	1	1	1	0	1	0	0	1	0	1	0	0	0	0	0	0	2	1	0	0	0	0	2	0	
1	0	0	1	0	0	1	2	1	1	1	1	0	0	0	3	0	3	0	0	0	0	0	0	0	0	1	0	
0	0	1	1	0	2	0	0	0	0	0	1	3	1	0	0	0	0	0	0	0	0	0	1	2	0	0	1	
--------------------

--------------------
Best Solution Found!
--------------------
Time: 0 hour(s), 0 minute(s), 0 second(s), 42 millisecond(s)

Fitness: 174789

1	0	3	1	0	0	0	2	0	0	1	2	0	2	1	3	3	0	0	0	1	0	0	0	1	2	1	1	
2	0	0	0	0	0	0	3	1	0	3	0	2	1	0	0	0	0	0	0	0	0	0	0	0	0	1	0	
0	2	1	0	2	0	0	3	0	1	0	0	2	1	0	0	0	2	0	0	2	0	0	0	0	0	1	1	
0	0	1	2	2	0	1	3	1	0	0	0	0	0	2	0	3	0	0	0	1	0	0	1	0	0	0	0	
0	0	0	1	1	1	0	0	0	1	0	1	1	0	1	0	2	0	0	0	1	1	0	3	0	0	1	1	
0	2	1	0	2	0	2	3	2	0	0	0	0	0	0	0	0	3	0	0	0	0	0	0	0	0	0	0	
0	0	0	0	0	0	0	0	0	0	1	1	2	1	0	2	0	0	0	0	0	2	0	1	0	1	0	0	
2	0	1	1	0	1	1	3	0	1	1	2	2	0	2	0	0	0	0	0	0	0	0	0	0	2	0	0	
0	2	1	0	0	0	0	0	2	1	0	1	1	0	0	3	0	0	0	0	0	0	0	0	0	0	0	0	
0	0	0	0	1	1	0	3	0	0	0	1	2	1	0	0	0	0	0	0	2	0	0	0	0	0	2	0	
0	0	0	0	1	0	0	0	0	1	0	1	2	0	0	0	0	0	0	0	1	0	0	0	0	0	1	0	
1	2	1	1	0	1	0	0	1	0	1	0	0	0	0	0	2	0	0	0	1	0	2	0	0	0	1	0	
2	1	0	1	0	0	0	2	1	3	0	0	0	0	0	0	3	3	1	0	0	0	0	0	0	0	1	0	
0	0	3	1	0	0	0	3	0	1	0	0	0	0	0	0	3	3	0	0	1	0	0	0	2	0	0	1	
0	0	0	1	1	0	0	3	1	0	0	1	0	0	0	0	0	0	0	0	0	0	0	0	0	0	0	0	
1	2	1	0	0	0	1	0	1	0	1	0	0	1	0	0	0	0	0	0	0	0	1	1	0	0	2	0	
1	0	0	0	1	0	0	0	0	1	1	0	2	0	0	0	0	0	1	0	0	0	2	1	0	1	1	0	
1	2	1	0	0	0	0	0	0	0	3	0	2	0	1	3	0	0	0	0	1	0	0	0	0	0	0	3	
1	3	0	1	0	0	1	0	1	0	1	2	0	0	2	0	0	0	3	0	0	0	0	0	0	1	0	0	
1	2	0	0	0	0	0	3	0	0	0	0	0	0	0	0	0	0	0	0	0	0	1	0	0	0	0	0	
1	0	1	0	1	1	0	0	1	0	1	1	2	2	0	0	0	0	0	0	0	0	0	0	0	0	1	0	
1	2	0	1	1	0	2	3	0	0	0	1	0	0	1	0	0	0	0	0	0	0	2	0	0	1	0	0	
1	0	1	0	1	1	0	0	0	0	0	0	0	3	1	0	0	0	0	0	1	0	0	0	0	1	1	0	
0	0	0	0	1	1	1	3	0	1	0	0	2	0	0	0	0	0	0	0	1	0	1	0	0	0	0	0	
2	2	0	2	1	1	1	0	0	1	0	0	2	1	0	3	3	3	0	1	1	1	0	0	0	2	1	0	
1	0	1	0	0	1	0	0	0	3	1	1	2	1	0	0	3	0	3	0	1	0	2	0	0	0	1	1	
1	0	2	2	0	2	1	3	0	0	0	1	0	1	0	0	3	0	0	0	0	0	2	1	0	0	0	0	
1	2	1	0	1	1	1	0	1	0	0	1	0	1	0	0	0	0	0	0	2	1	0	0	0	0	2	0	
1	0	0	1	0	0	1	2	1	1	1	1	0	0	0	3	0	3	0	0	0	0	0	0	0	0	1	0	
0	0	1	1	0	2	0	0	0	0	0	1	3	1	0	0	0	0	0	0	0	0	0	1	2	0	0	1	
--------------------

--------------------
Best Solution Found!
--------------------
Time: 0 hour(s), 0 minute(s), 0 second(s), 43 millisecond(s)

Fitness: 174789

1	0	3	1	0	0	0	2	0	0	1	2	0	2	1	3	3	0	0	0	1	0	0	0	1	2	1	1	
2	0	0	0	0	0	0	3	1	0	3	0	2	1	0	0	0	0	0	0	0	0	0	0	0	0	1	0	
0	2	1	0	2	0	0	3	0	1	0	0	2	1	0	0	0	2	0	0	2	0	0	0	0	0	1	1	
0	0	1	2	2	0	1	3	1	0	0	0	0	0	2	0	3	0	0	0	1	0	0	1	0	0	0	0	
0	0	0	1	1	1	0	0	0	1	0	1	1	0	1	0	2	0	0	0	1	1	0	3	0	0	1	1	
0	2	1	0	2	0	2	3	2	0	0	0	0	0	0	0	0	3	0	0	0	0	0	0	0	0	0	0	
0	0	0	0	0	0	0	0	0	0	1	1	2	1	0	2	0	0	0	0	0	2	0	1	0	1	0	0	
2	0	1	1	0	1	1	3	0	1	1	2	2	0	2	0	0	0	0	0	0	0	0	0	0	2	0	0	
0	2	1	0	0	0	0	0	2	1	0	1	1	0	0	3	0	0	0	0	0	0	0	0	0	0	0	0	
0	0	0	0	1	1	0	3	0	0	0	1	2	1	0	0	0	0	0	0	2	0	0	0	0	0	2	0	
0	0	0	0	1	0	0	0	0	1	0	1	2	0	0	0	0	0	0	0	1	0	0	0	0	0	1	0	
1	2	1	1	0	1	0	0	1	0	1	0	0	0	0	0	2	0	0	0	1	0	2	0	0	0	1	0	
2	1	0	1	0	0	0	2	1	3	0	0	0	0	0	0	3	3	1	0	0	0	0	0	0	0	1	0	
0	0	3	1	0	0	0	3	0	1	0	0	0	0	0	0	3	3	0	0	1	0	0	0	2	0	0	1	
0	0	0	1	1	0	0	3	1	0	0	1	0	0	0	0	0	0	0	0	0	0	0	0	0	0	0	0	
1	2	1	0	0	0	1	0	1	0	1	0	0	1	0	0	0	0	0	0	0	0	1	1	0	0	2	0	
1	0	0	0	1	0	0	0	0	1	1	0	2	0	0	0	0	0	1	0	0	0	2	1	0	1	1	0	
1	2	1	0	0	0	0	0	0	0	3	0	2	0	1	3	0	0	0	0	1	0	0	0	0	0	0	3	
1	3	0	1	0	0	1	0	1	0	1	2	0	0	2	0	0	0	3	0	0	0	0	0	0	1	0	0	
1	2	0	0	0	0	0	3	0	0	0	0	0	0	0	0	0	0	0	0	0	0	1	0	0	0	0	0	
1	0	1	0	1	1	0	0	1	0	1	1	2	2	0	0	0	0	0	0	0	0	0	0	0	0	1	0	
1	2	0	1	1	0	2	3	0	0	0	1	0	0	1	0	0	0	0	0	0	0	2	0	0	1	0	0	
1	0	1	0	1	1	0	0	0	0	0	0	0	3	1	0	0	0	0	0	1	0	0	0	0	1	1	0	
0	0	0	0	1	1	1	3	0	1	0	0	2	0	0	0	0	0	0	0	1	0	1	0	0	0	0	0	
2	2	0	2	1	1	1	0	0	1	0	0	2	1	0	3	3	3	0	1	1	1	0	0	0	2	1	0	
1	0	1	0	0	1	0	0	0	3	1	1	2	1	0	0	3	0	3	0	1	0	2	0	0	0	1	1	
1	0	2	2	0	2	1	3	0	0	0	1	0	1	0	0	3	0	0	0	0	0	2	1	0	0	0	0	
1	2	1	0	1	1	1	0	1	0	0	1	0	1	0	0	0	0	0	0	2	1	0	0	0	0	2	0	
1	0	0	1	0	0	1	2	1	1	1	1	0	0	0	3	0	3	0	0	0	0	0	0	0	0	1	0	
0	0	1	1	0	2	0	0	0	0	0	1	3	1	0	0	0	0	0	0	0	0	0	1	2	0	0	1	
--------------------

--------------------
Best Solution Found!
--------------------
Time: 0 hour(s), 0 minute(s), 0 second(s), 45 millisecond(s)

Fitness: 174789

1	0	3	1	0	0	0	2	0	0	1	2	0	2	1	3	3	0	0	0	1	0	0	0	1	2	1	1	
2	0	0	0	0	0	0	3	1	0	3	0	2	1	0	0	0	0	0	0	0	0	0	0	0	0	1	0	
0	2	1	0	2	0	0	3	0	1	0	0	2	1	0	0	0	2	0	0	2	0	0	0	0	0	1	1	
0	0	1	2	2	0	1	3	1	0	0	0	0	0	2	0	3	0	0	0	1	0	0	1	0	0	0	0	
0	0	0	1	1	1	0	0	0	1	0	1	1	0	1	0	2	0	0	0	1	1	0	3	0	0	1	1	
0	2	1	0	2	0	2	3	2	0	0	0	0	0	0	0	0	3	0	0	0	0	0	0	0	0	0	0	
0	0	0	0	0	0	0	0	0	0	1	1	2	1	0	2	0	0	0	0	0	2	0	1	0	1	0	0	
2	0	1	1	0	1	1	3	0	1	1	2	2	0	2	0	0	0	0	0	0	0	0	0	0	2	0	0	
0	2	1	0	0	0	0	0	2	1	0	1	1	0	0	3	0	0	0	0	0	0	0	0	0	0	0	0	
0	0	0	0	1	1	0	3	0	0	0	1	2	1	0	0	0	0	0	0	2	0	0	0	0	0	2	0	
0	0	0	0	1	0	0	0	0	1	0	1	2	0	0	0	0	0	0	0	1	0	0	0	0	0	1	0	
1	2	1	1	0	1	0	0	1	0	1	0	0	0	0	0	2	0	0	0	1	0	2	0	0	0	1	0	
2	1	0	1	0	0	0	2	1	3	0	0	0	0	0	0	3	3	1	0	0	0	0	0	0	0	1	0	
0	0	3	1	0	0	0	3	0	1	0	0	0	0	0	0	3	3	0	0	1	0	0	0	2	0	0	1	
0	0	0	1	1	0	0	3	1	0	0	1	0	0	0	0	0	0	0	0	0	0	0	0	0	0	0	0	
1	2	1	0	0	0	1	0	1	0	1	0	0	1	0	0	0	0	0	0	0	0	1	1	0	0	2	0	
1	0	0	0	1	0	0	0	0	1	1	0	2	0	0	0	0	0	1	0	0	0	2	1	0	1	1	0	
1	2	1	0	0	0	0	0	0	0	3	0	2	0	1	3	0	0	0	0	1	0	0	0	0	0	0	3	
1	3	0	1	0	0	1	0	1	0	1	2	0	0	2	0	0	0	3	0	0	0	0	0	0	1	0	0	
1	2	0	0	0	0	0	3	0	0	0	0	0	0	0	0	0	0	0	0	0	0	1	0	0	0	0	0	
1	0	1	0	1	1	0	0	1	0	1	1	2	2	0	0	0	0	0	0	0	0	0	0	0	0	1	0	
1	2	0	1	1	0	2	3	0	0	0	1	0	0	1	0	0	0	0	0	0	0	2	0	0	1	0	0	
1	0	1	0	1	1	0	0	0	0	0	0	0	3	1	0	0	0	0	0	1	0	0	0	0	1	1	0	
0	0	0	0	1	1	1	3	0	1	0	0	2	0	0	0	0	0	0	0	1	0	1	0	0	0	0	0	
2	2	0	2	1	1	1	0	0	1	0	0	2	1	0	3	3	3	0	1	1	1	0	0	0	2	1	0	
1	0	1	0	0	1	0	0	0	3	1	1	2	1	0	0	3	0	3	0	1	0	2	0	0	0	1	1	
1	0	2	2	0	2	1	3	0	0	0	1	0	1	0	0	3	0	0	0	0	0	2	1	0	0	0	0	
1	2	1	0	1	1	1	0	1	0	0	1	0	1	0	0	0	0	0	0	2	1	0	0	0	0	2	0	
1	0	0	1	0	0	1	2	1	1	1	1	0	0	0	3	0	3	0	0	0	0	0	0	0	0	1	0	
0	0	1	1	0	2	0	0	0	0	0	1	3	1	0	0	0	0	0	0	0	0	0	1	2	0	0	1	
--------------------

--------------------
Best Solution Found!
--------------------
Time: 0 hour(s), 0 minute(s), 0 second(s), 46 millisecond(s)

Fitness: 174789

1	0	3	1	0	0	0	2	0	0	1	2	0	2	1	3	3	0	0	0	1	0	0	0	1	2	1	1	
2	0	0	0	0	0	0	3	1	0	3	0	2	1	0	0	0	0	0	0	0	0	0	0	0	0	1	0	
0	2	1	0	2	0	0	3	0	1	0	0	2	1	0	0	0	2	0	0	2	0	0	0	0	0	1	1	
0	0	1	2	2	0	1	3	1	0	0	0	0	0	2	0	3	0	0	0	1	0	0	1	0	0	0	0	
0	0	0	1	1	1	0	0	0	1	0	1	1	0	1	0	2	0	0	0	1	1	0	3	0	0	1	1	
0	2	1	0	2	0	2	3	2	0	0	0	0	0	0	0	0	3	0	0	0	0	0	0	0	0	0	0	
0	0	0	0	0	0	0	0	0	0	1	1	2	1	0	2	0	0	0	0	0	2	0	1	0	1	0	0	
2	0	1	1	0	1	1	3	0	1	1	2	2	0	2	0	0	0	0	0	0	0	0	0	0	2	0	0	
0	2	1	0	0	0	0	0	2	1	0	1	1	0	0	3	0	0	0	0	0	0	0	0	0	0	0	0	
0	0	0	0	1	1	0	3	0	0	0	1	2	1	0	0	0	0	0	0	2	0	0	0	0	0	2	0	
0	0	0	0	1	0	0	0	0	1	0	1	2	0	0	0	0	0	0	0	1	0	0	0	0	0	1	0	
1	2	1	1	0	1	0	0	1	0	1	0	0	0	0	0	2	0	0	0	1	0	2	0	0	0	1	0	
2	1	0	1	0	0	0	2	1	3	0	0	0	0	0	0	3	3	1	0	0	0	0	0	0	0	1	0	
0	0	3	1	0	0	0	3	0	1	0	0	0	0	0	0	3	3	0	0	1	0	0	0	2	0	0	1	
0	0	0	1	1	0	0	3	1	0	0	1	0	0	0	0	0	0	0	0	0	0	0	0	0	0	0	0	
1	2	1	0	0	0	1	0	1	0	1	0	0	1	0	0	0	0	0	0	0	0	1	1	0	0	2	0	
1	0	0	0	1	0	0	0	0	1	1	0	2	0	0	0	0	0	1	0	0	0	2	1	0	1	1	0	
1	2	1	0	0	0	0	0	0	0	3	0	2	0	1	3	0	0	0	0	1	0	0	0	0	0	0	3	
1	3	0	1	0	0	1	0	1	0	1	2	0	0	2	0	0	0	3	0	0	0	0	0	0	1	0	0	
1	2	0	0	0	0	0	3	0	0	0	0	0	0	0	0	0	0	0	0	0	0	1	0	0	0	0	0	
1	0	1	0	1	1	0	0	1	0	1	1	2	2	0	0	0	0	0	0	0	0	0	0	0	0	1	0	
1	2	0	1	1	0	2	3	0	0	0	1	0	0	1	0	0	0	0	0	0	0	2	0	0	1	0	0	
1	0	1	0	1	1	0	0	0	0	0	0	0	3	1	0	0	0	0	0	1	0	0	0	0	1	1	0	
0	0	0	0	1	1	1	3	0	1	0	0	2	0	0	0	0	0	0	0	1	0	1	0	0	0	0	0	
2	2	0	2	1	1	1	0	0	1	0	0	2	1	0	3	3	3	0	1	1	1	0	0	0	2	1	0	
1	0	1	0	0	1	0	0	0	3	1	1	2	1	0	0	3	0	3	0	1	0	2	0	0	0	1	1	
1	0	2	2	0	2	1	3	0	0	0	1	0	1	0	0	3	0	0	0	0	0	2	1	0	0	0	0	
1	2	1	0	1	1	1	0	1	0	0	1	0	1	0	0	0	0	0	0	2	1	0	0	0	0	2	0	
1	0	0	1	0	0	1	2	1	1	1	1	0	0	0	3	0	3	0	0	0	0	0	0	0	0	1	0	
0	0	1	1	0	2	0	0	0	0	0	1	3	1	0	0	0	0	0	0	0	0	0	1	2	0	0	1	
--------------------

--------------------
Best Solution Found!
--------------------
Time: 0 hour(s), 0 minute(s), 0 second(s), 60 millisecond(s)

Fitness: 173801

1	0	1	1	1	1	0	3	2	0	0	1	0	2	0	3	3	2	0	0	1	0	0	1	0	0	0	0	
1	1	0	1	0	0	0	3	1	0	1	0	0	1	1	0	3	0	0	0	0	0	0	0	0	0	0	0	
0	0	1	1	0	0	0	0	0	0	0	1	0	1	0	0	2	0	0	0	0	0	0	0	0	0	0	0	
0	0	3	0	0	0	0	0	1	0	1	1	0	0	0	0	0	0	0	0	0	0	0	0	1	0	0	0	
0	2	1	0	0	1	1	0	1	1	0	1	0	0	0	0	0	0	0	0	1	2	0	0	0	0	0	0	
2	0	0	0	1	0	0	0	0	0	0	0	0	0	0	0	3	0	0	0	2	1	0	0	0	0	1	0	
2	2	0	0	2	1	2	0	1	0	1	0	2	1	0	2	0	0	1	0	0	0	0	0	0	1	2	0	
1	0	0	1	1	0	0	0	1	1	0	0	0	0	2	0	0	0	0	0	0	0	0	1	0	0	2	1	
2	2	2	2	0	1	0	0	0	3	0	1	2	0	0	3	0	0	0	0	1	0	0	1	0	0	1	1	
1	0	1	0	1	0	1	3	0	0	0	1	3	1	1	0	0	3	0	0	0	0	0	0	0	0	0	0	
1	0	0	1	0	0	0	0	1	0	0	0	0	0	0	0	0	0	0	0	0	0	0	0	0	1	1	0	
0	2	0	0	0	1	1	0	0	0	0	2	0	0	0	0	3	3	0	0	0	0	2	0	0	1	0	0	
0	2	1	1	0	2	0	3	0	1	3	0	0	0	1	0	0	3	1	0	1	0	0	1	0	0	0	0	
1	2	0	0	0	1	0	2	1	1	3	0	2	0	0	0	0	0	0	0	0	0	0	0	0	0	1	1	
1	0	1	0	1	0	0	0	0	1	1	1	2	0	0	0	0	0	0	0	0	0	0	0	0	0	0	1	
0	0	1	0	0	1	0	2	1	0	0	0	2	1	0	0	0	0	0	0	1	0	1	0	2	0	1	0	
1	0	0	0	0	1	1	0	0	0	0	1	2	0	0	0	3	0	3	0	0	0	2	3	0	0	1	3	
1	0	0	0	0	0	0	3	0	0	0	0	2	0	2	3	0	3	3	0	1	1	0	0	0	2	2	0	
1	0	1	0	0	1	0	0	0	1	1	1	0	0	0	0	2	0	0	0	1	0	0	0	0	0	0	0	
0	0	1	1	1	1	0	0	0	1	1	0	1	0	0	0	0	0	0	1	2	0	1	0	0	2	1	1	
1	2	0	0	2	0	1	2	2	0	0	2	1	2	0	0	0	0	0	0	1	0	0	0	0	0	1	0	
1	0	3	0	1	0	0	3	0	0	1	1	2	0	0	0	0	0	0	0	0	0	2	1	0	1	0	0	
0	0	1	1	1	0	0	0	0	3	0	0	0	3	0	0	0	0	0	0	0	0	0	0	0	0	1	0	
2	0	1	0	2	0	0	3	0	1	0	0	0	0	0	0	3	0	0	0	0	0	1	0	0	2	1	1	
0	2	1	2	1	0	1	3	0	0	0	1	2	1	1	3	0	0	0	0	1	1	0	1	0	0	1	0	
1	0	0	1	0	0	1	3	0	1	1	2	0	1	2	0	0	0	0	0	1	0	2	0	0	0	0	0	
0	2	0	1	1	2	2	3	1	0	0	1	2	1	1	0	3	3	0	0	2	0	2	0	0	0	0	0	
1	0	0	0	0	0	1	3	0	1	1	0	2	1	0	0	0	0	0	0	0	0	0	0	0	0	0	0	
0	2	0	1	0	0	0	0	1	0	1	0	0	0	0	3	0	0	0	0	0	0	0	0	2	1	1	0	
0	3	1	2	1	0	1	3	0	0	0	1	2	1	0	0	0	0	0	0	1	0	0	0	0	0	1	0	
--------------------

--------------------
Best Solution Found!
--------------------
Time: 0 hour(s), 0 minute(s), 0 second(s), 63 millisecond(s)

Fitness: 173801

1	0	1	1	1	1	0	3	2	0	0	1	0	2	0	3	3	2	0	0	1	0	0	1	0	0	0	0	
1	1	0	1	0	0	0	3	1	0	1	0	0	1	1	0	3	0	0	0	0	0	0	0	0	0	0	0	
0	0	1	1	0	0	0	0	0	0	0	1	0	1	0	0	2	0	0	0	0	0	0	0	0	0	0	0	
0	0	3	0	0	0	0	0	1	0	1	1	0	0	0	0	0	0	0	0	0	0	0	0	1	0	0	0	
0	2	1	0	0	1	1	0	1	1	0	1	0	0	0	0	0	0	0	0	1	2	0	0	0	0	0	0	
2	0	0	0	1	0	0	0	0	0	0	0	0	0	0	0	3	0	0	0	2	1	0	0	0	0	1	0	
2	2	0	0	2	1	2	0	1	0	1	0	2	1	0	2	0	0	1	0	0	0	0	0	0	1	2	0	
1	0	0	1	1	0	0	0	1	1	0	0	0	0	2	0	0	0	0	0	0	0	0	1	0	0	2	1	
2	2	2	2	0	1	0	0	0	3	0	1	2	0	0	3	0	0	0	0	1	0	0	1	0	0	1	1	
1	0	1	0	1	0	1	3	0	0	0	1	3	1	1	0	0	3	0	0	0	0	0	0	0	0	0	0	
1	0	0	1	0	0	0	0	1	0	0	0	0	0	0	0	0	0	0	0	0	0	0	0	0	1	1	0	
0	2	0	0	0	1	1	0	0	0	0	2	0	0	0	0	3	3	0	0	0	0	2	0	0	1	0	0	
0	2	1	1	0	2	0	3	0	1	3	0	0	0	1	0	0	3	1	0	1	0	0	1	0	0	0	0	
1	2	0	0	0	1	0	2	1	1	3	0	2	0	0	0	0	0	0	0	0	0	0	0	0	0	1	1	
1	0	1	0	1	0	0	0	0	1	1	1	2	0	0	0	0	0	0	0	0	0	0	0	0	0	0	1	
0	0	1	0	0	1	0	2	1	0	0	0	2	1	0	0	0	0	0	0	1	0	1	0	2	0	1	0	
1	0	0	0	0	1	1	0	0	0	0	1	2	0	0	0	3	0	3	0	0	0	2	3	0	0	1	3	
1	0	0	0	0	0	0	3	0	0	0	0	2	0	2	3	0	3	3	0	1	1	0	0	0	2	2	0	
1	0	1	0	0	1	0	0	0	1	1	1	0	0	0	0	2	0	0	0	1	0	0	0	0	0	0	0	
0	0	1	1	1	1	0	0	0	1	1	0	1	0	0	0	0	0	0	1	2	0	1	0	0	2	1	1	
1	2	0	0	2	0	1	2	2	0	0	2	1	2	0	0	0	0	0	0	1	0	0	0	0	0	1	0	
1	0	3	0	1	0	0	3	0	0	1	1	2	0	0	0	0	0	0	0	0	0	2	1	0	1	0	0	
0	0	1	1	1	0	0	0	0	3	0	0	0	3	0	0	0	0	0	0	0	0	0	0	0	0	1	0	
2	0	1	0	2	0	0	3	0	1	0	0	0	0	0	0	3	0	0	0	0	0	1	0	0	2	1	1	
0	2	1	2	1	0	1	3	0	0	0	1	2	1	1	3	0	0	0	0	1	1	0	1	0	0	1	0	
1	0	0	1	0	0	1	3	0	1	1	2	0	1	2	0	0	0	0	0	1	0	2	0	0	0	0	0	
0	2	0	1	1	2	2	3	1	0	0	1	2	1	1	0	3	3	0	0	2	0	2	0	0	0	0	0	
1	0	0	0	0	0	1	3	0	1	1	0	2	1	0	0	0	0	0	0	0	0	0	0	0	0	0	0	
0	2	0	1	0	0	0	0	1	0	1	0	0	0	0	3	0	0	0	0	0	0	0	0	2	1	1	0	
0	3	1	2	1	0	1	3	0	0	0	1	2	1	0	0	0	0	0	0	1	0	0	0	0	0	1	0	
--------------------

--------------------
Best Solution Found!
--------------------
Time: 0 hour(s), 0 minute(s), 0 second(s), 64 millisecond(s)

Fitness: 173801

1	0	1	1	1	1	0	3	2	0	0	1	0	2	0	3	3	2	0	0	1	0	0	1	0	0	0	0	
1	1	0	1	0	0	0	3	1	0	1	0	0	1	1	0	3	0	0	0	0	0	0	0	0	0	0	0	
0	0	1	1	0	0	0	0	0	0	0	1	0	1	0	0	2	0	0	0	0	0	0	0	0	0	0	0	
0	0	3	0	0	0	0	0	1	0	1	1	0	0	0	0	0	0	0	0	0	0	0	0	1	0	0	0	
0	2	1	0	0	1	1	0	1	1	0	1	0	0	0	0	0	0	0	0	1	2	0	0	0	0	0	0	
2	0	0	0	1	0	0	0	0	0	0	0	0	0	0	0	3	0	0	0	2	1	0	0	0	0	1	0	
2	2	0	0	2	1	2	0	1	0	1	0	2	1	0	2	0	0	1	0	0	0	0	0	0	1	2	0	
1	0	0	1	1	0	0	0	1	1	0	0	0	0	2	0	0	0	0	0	0	0	0	1	0	0	2	1	
2	2	2	2	0	1	0	0	0	3	0	1	2	0	0	3	0	0	0	0	1	0	0	1	0	0	1	1	
1	0	1	0	1	0	1	3	0	0	0	1	3	1	1	0	0	3	0	0	0	0	0	0	0	0	0	0	
1	0	0	1	0	0	0	0	1	0	0	0	0	0	0	0	0	0	0	0	0	0	0	0	0	1	1	0	
0	2	0	0	0	1	1	0	0	0	0	2	0	0	0	0	3	3	0	0	0	0	2	0	0	1	0	0	
0	2	1	1	0	2	0	3	0	1	3	0	0	0	1	0	0	3	1	0	1	0	0	1	0	0	0	0	
1	2	0	0	0	1	0	2	1	1	3	0	2	0	0	0	0	0	0	0	0	0	0	0	0	0	1	1	
1	0	1	0	1	0	0	0	0	1	1	1	2	0	0	0	0	0	0	0	0	0	0	0	0	0	0	1	
0	0	1	0	0	1	0	2	1	0	0	0	2	1	0	0	0	0	0	0	1	0	1	0	2	0	1	0	
1	0	0	0	0	1	1	0	0	0	0	1	2	0	0	0	3	0	3	0	0	0	2	3	0	0	1	3	
1	0	0	0	0	0	0	3	0	0	0	0	2	0	2	3	0	3	3	0	1	1	0	0	0	2	2	0	
1	0	1	0	0	1	0	0	0	1	1	1	0	0	0	0	2	0	0	0	1	0	0	0	0	0	0	0	
0	0	1	1	1	1	0	0	0	1	1	0	1	0	0	0	0	0	0	1	2	0	1	0	0	2	1	1	
1	2	0	0	2	0	1	2	2	0	0	2	1	2	0	0	0	0	0	0	1	0	0	0	0	0	1	0	
1	0	3	0	1	0	0	3	0	0	1	1	2	0	0	0	0	0	0	0	0	0	2	1	0	1	0	0	
0	0	1	1	1	0	0	0	0	3	0	0	0	3	0	0	0	0	0	0	0	0	0	0	0	0	1	0	
2	0	1	0	2	0	0	3	0	1	0	0	0	0	0	0	3	0	0	0	0	0	1	0	0	2	1	1	
0	2	1	2	1	0	1	3	0	0	0	1	2	1	1	3	0	0	0	0	1	1	0	1	0	0	1	0	
1	0	0	1	0	0	1	3	0	1	1	2	0	1	2	0	0	0	0	0	1	0	2	0	0	0	0	0	
0	2	0	1	1	2	2	3	1	0	0	1	2	1	1	0	3	3	0	0	2	0	2	0	0	0	0	0	
1	0	0	0	0	0	1	3	0	1	1	0	2	1	0	0	0	0	0	0	0	0	0	0	0	0	0	0	
0	2	0	1	0	0	0	0	1	0	1	0	0	0	0	3	0	0	0	0	0	0	0	0	2	1	1	0	
0	3	1	2	1	0	1	3	0	0	0	1	2	1	0	0	0	0	0	0	1	0	0	0	0	0	1	0	
--------------------

--------------------
Best Solution Found!
--------------------
Time: 0 hour(s), 0 minute(s), 0 second(s), 146 millisecond(s)

Fitness: 169787

0	0	1	1	2	0	1	2	0	1	0	0	0	3	0	0	3	0	0	0	0	0	0	1	0	0	0	0	
1	0	1	1	1	1	1	3	0	0	0	0	0	0	0	0	0	0	0	0	2	0	2	3	0	0	0	0	
0	0	1	0	0	0	0	3	1	0	1	0	3	0	2	3	0	3	0	0	1	0	1	1	0	0	0	0	
1	2	0	0	0	0	1	3	1	0	0	2	2	1	0	0	0	0	0	0	1	0	2	0	0	0	1	0	
2	0	0	1	0	0	0	0	0	0	1	0	0	0	0	0	0	0	0	0	1	0	0	0	0	2	2	0	
0	2	0	0	0	1	1	3	2	1	0	0	2	1	0	0	0	0	3	1	0	0	0	0	0	0	0	0	
1	0	0	0	0	0	0	0	0	0	0	1	0	1	0	0	0	0	0	0	0	0	0	0	0	0	1	0	
0	0	0	0	0	0	0	3	0	1	0	0	2	0	0	3	3	0	0	0	0	0	0	0	0	0	1	0	
1	2	1	0	0	0	0	0	0	1	1	1	0	1	1	2	0	0	0	0	1	0	0	0	1	1	0	1	
2	0	0	1	1	0	1	3	1	0	0	0	0	1	0	0	0	0	0	0	2	0	1	0	0	0	1	0	
1	2	1	0	2	2	1	0	0	1	0	0	2	1	0	3	0	0	0	0	1	0	2	0	0	0	1	0	
1	0	3	0	1	1	0	0	0	1	1	0	0	1	1	0	0	0	0	0	0	1	0	0	0	0	1	1	
1	2	0	1	1	1	0	2	0	0	0	1	0	0	1	0	0	0	0	0	0	0	0	0	2	0	0	1	
0	0	1	1	0	0	0	3	1	0	0	1	2	0	1	0	3	0	0	0	0	0	0	0	0	0	2	0	
1	2	1	0	0	1	1	3	1	0	3	0	0	0	0	0	0	3	0	0	0	0	0	0	0	0	0	0	
0	0	3	2	1	2	2	0	0	0	1	0	0	0	0	0	0	0	0	0	0	0	0	1	0	0	1	1	
0	0	0	1	0	0	2	0	0	0	0	1	0	0	0	0	0	0	0	0	0	0	0	0	0	0	2	0	
0	0	1	2	1	0	0	0	0	3	1	2	1	2	2	0	0	0	0	0	0	1	0	0	0	0	0	3	
1	0	0	1	1	1	0	0	0	0	3	0	2	0	0	0	3	0	0	0	0	0	0	0	0	1	1	0	
1	2	1	1	1	1	0	3	0	1	1	1	2	0	0	0	0	0	0	0	1	1	0	0	0	0	0	1	
1	0	0	2	1	0	0	0	0	0	0	2	0	0	0	0	2	0	0	0	1	2	0	0	0	0	0	0	
1	3	0	1	1	0	1	3	0	0	0	1	2	0	0	0	0	0	0	0	2	0	0	0	0	1	1	1	
0	2	1	0	0	1	0	0	1	0	0	1	0	0	0	0	3	3	0	0	0	0	1	0	2	1	1	0	
1	2	1	0	0	0	0	3	1	0	0	1	2	1	0	0	0	0	0	0	1	0	2	1	0	0	0	0	
1	0	2	0	0	0	0	0	1	1	0	0	0	1	0	3	3	3	3	0	0	0	0	0	0	0	0	0	
2	2	1	1	1	0	0	0	0	0	0	1	2	0	0	0	3	2	1	0	1	0	0	0	0	2	1	0	
2	0	0	0	2	1	1	3	2	1	1	0	2	0	2	3	0	0	0	0	1	0	0	1	0	0	1	0	
0	0	0	0	0	0	0	0	1	1	1	1	1	2	1	0	2	0	1	0	0	0	2	1	0	2	0	0	
0	1	1	0	0	0	0	2	1	0	1	1	2	0	0	0	0	3	0	0	1	0	0	0	0	0	1	0	
0	0	0	0	0	1	0	0	0	3	0	1	0	1	0	0	0	0	0	0	0	0	0	0	0	1	0	0	
--------------------

--------------------
Best Solution Found!
--------------------
Time: 0 hour(s), 0 minute(s), 0 second(s), 233 millisecond(s)

Fitness: 168757

0	0	1	0	0	1	2	3	1	0	0	0	2	0	0	3	3	0	0	0	1	0	0	0	0	0	0	0	
1	2	0	0	1	1	1	0	0	0	0	1	2	1	0	0	0	0	0	0	0	0	2	3	2	0	0	0	
1	2	1	1	0	0	0	0	1	0	0	0	0	0	0	0	0	0	0	0	0	0	0	0	0	0	0	0	
0	0	1	1	2	1	0	0	0	0	3	1	2	0	2	0	0	3	0	0	0	0	0	0	0	0	0	1	
0	2	1	0	0	2	1	2	1	0	0	1	2	3	0	0	0	0	0	0	1	0	2	1	0	2	1	1	
1	0	2	1	1	0	0	3	0	0	1	2	2	0	0	0	0	0	0	0	1	0	0	1	0	0	1	0	
1	0	1	0	1	1	1	0	0	3	1	0	0	2	1	0	0	0	0	0	1	0	0	0	0	0	2	0	
1	0	1	1	0	0	1	0	1	1	0	1	2	0	0	0	0	0	0	0	1	0	0	1	0	0	0	0	
1	0	0	0	1	1	0	2	1	0	1	1	0	1	1	0	3	0	0	0	1	0	2	0	0	1	0	0	
2	2	0	1	0	0	0	3	0	0	1	1	0	0	2	0	0	0	3	0	1	0	2	0	0	0	1	0	
1	2	0	0	2	0	0	0	2	0	1	2	0	0	0	3	0	3	0	0	1	0	0	0	0	0	1	1	
0	3	1	1	0	0	0	0	2	1	0	1	0	0	0	0	0	3	3	0	1	1	0	0	0	0	0	0	
1	2	0	1	1	1	0	3	1	0	0	1	1	0	0	0	0	0	0	0	0	0	0	0	0	0	1	0	
1	2	0	0	0	1	1	0	0	3	0	0	0	0	0	0	2	0	1	0	0	0	1	0	0	0	1	0	
0	0	1	1	0	0	1	3	0	1	1	1	1	0	0	0	0	0	0	0	0	0	0	1	0	0	1	0	
0	0	0	1	0	1	0	0	0	0	0	0	2	0	0	0	0	0	0	0	0	0	0	0	0	0	0	0	
1	0	0	0	0	0	0	0	0	1	3	0	2	1	0	0	0	0	0	0	0	0	0	0	0	0	2	0	
2	1	1	0	1	0	0	0	1	1	1	1	0	1	0	0	3	0	0	0	2	1	0	0	0	0	1	0	
1	0	0	2	1	1	2	0	1	1	0	0	0	0	0	3	0	0	0	0	0	0	0	0	0	1	0	0	
0	0	3	0	0	0	0	3	0	0	1	2	0	1	0	3	0	0	0	0	2	1	0	0	0	0	0	1	
0	0	0	0	1	0	1	3	0	0	0	1	2	0	0	0	0	0	1	1	1	2	0	0	2	0	0	0	
1	0	0	1	0	2	1	3	0	0	0	1	2	1	0	0	3	0	0	0	2	0	0	0	0	1	1	0	
0	0	1	2	1	0	0	3	1	1	0	0	3	1	1	2	0	3	0	0	0	0	2	1	1	1	0	0	
0	0	0	1	0	0	0	0	1	1	1	0	0	0	0	0	3	0	0	0	0	0	1	0	0	0	0	0	
1	2	1	0	0	0	0	3	0	1	0	0	2	1	0	3	2	2	0	0	0	0	0	0	0	0	1	0	
0	2	0	0	0	0	1	3	0	0	0	0	0	1	0	0	0	0	0	0	0	0	1	0	0	2	1	0	
1	0	3	0	1	0	0	0	0	0	1	0	2	2	2	0	0	0	0	0	0	0	0	0	0	0	1	1	
2	0	1	0	1	1	0	3	0	0	0	1	0	1	0	0	3	0	0	0	0	0	0	0	0	2	2	1	
2	2	1	2	0	0	0	2	0	1	0	0	0	0	1	0	3	0	0	0	1	0	0	0	0	0	1	3	
0	0	0	0	2	0	0	0	0	0	0	0	0	0	1	0	0	3	0	0	0	0	0	1	0	1	0	0	
--------------------

--------------------
Best Solution Found!
--------------------
Time: 0 hour(s), 0 minute(s), 0 second(s), 667 millisecond(s)

Fitness: 166779

1	2	1	1	0	1	0	3	1	0	0	0	0	0	1	3	0	0	0	0	0	0	0	0	0	0	1	0	
0	2	1	0	1	1	0	0	0	0	0	1	2	1	0	0	2	2	0	0	0	0	0	0	0	0	0	0	
1	0	1	0	1	2	0	0	1	3	3	1	0	1	1	0	0	0	0	0	1	0	0	0	0	0	0	0	
2	2	1	0	1	1	0	0	1	3	0	1	1	1	0	0	3	0	0	0	1	0	1	0	0	0	1	0	
1	0	1	1	0	0	0	3	0	1	1	0	0	1	0	0	3	0	0	0	1	0	0	0	0	0	2	0	
0	2	1	1	0	0	0	3	0	1	3	1	0	1	1	0	0	3	0	1	1	0	0	0	0	1	0	0	
0	0	0	1	1	1	0	0	0	0	1	1	2	1	0	0	0	3	3	0	0	0	2	0	0	0	1	0	
1	0	0	2	0	0	0	3	0	1	0	0	0	0	1	0	0	0	0	0	0	0	0	0	0	0	2	0	
1	0	0	2	1	0	1	0	0	0	1	0	0	0	0	0	0	3	0	0	0	0	0	0	0	0	1	0	
1	2	1	0	0	1	1	2	0	1	1	0	0	1	2	3	3	0	0	0	1	0	2	0	0	0	0	1	
1	2	0	1	0	1	0	0	0	1	0	2	2	0	0	0	0	0	0	0	0	0	0	0	0	1	0	0	
1	2	1	1	0	0	0	3	0	0	0	1	0	0	0	0	3	3	0	0	1	1	0	1	0	2	1	0	
0	0	0	2	0	0	2	0	1	1	0	0	2	0	0	0	0	0	0	0	2	0	0	0	0	0	1	0	
0	0	0	1	2	0	0	0	0	0	0	1	1	2	0	0	0	0	0	0	0	0	0	0	0	0	1	0	
1	2	0	0	1	1	0	3	2	0	0	2	2	1	0	0	0	3	0	0	0	0	0	0	0	0	0	1	
0	0	2	0	2	0	1	3	0	0	0	0	0	1	0	0	0	0	0	0	1	0	0	1	0	1	0	0	
1	2	0	0	0	0	2	3	0	1	1	0	0	0	0	3	0	0	0	0	0	0	1	1	1	1	0	0	
2	1	0	0	1	0	1	0	1	0	0	1	2	0	2	0	0	0	0	0	1	1	0	0	0	0	0	0	
2	0	1	0	0	0	0	0	0	0	0	1	0	3	1	0	3	0	0	0	1	0	0	1	2	0	0	3	
0	0	0	0	0	0	1	3	1	1	1	0	2	0	0	0	3	0	0	0	2	2	2	3	0	2	1	1	
1	0	0	1	2	0	1	3	0	1	1	1	0	0	0	2	3	0	0	0	0	0	0	0	0	0	1	0	
0	0	3	0	1	1	1	0	0	1	1	1	0	0	0	0	0	0	1	0	0	0	0	0	0	1	1	0	
1	0	1	0	0	1	1	0	0	0	0	1	2	1	0	0	0	0	1	0	2	0	2	1	0	2	1	1	
0	0	1	1	0	0	1	0	1	0	0	0	2	2	0	0	0	0	0	0	1	1	0	0	0	0	0	0	
0	0	1	0	1	0	0	0	0	0	0	0	3	0	0	0	2	0	0	0	0	0	0	0	0	0	0	0	
2	3	0	0	1	2	0	3	0	0	1	1	2	0	2	3	0	0	0	0	0	0	0	1	0	0	0	0	
1	0	1	0	0	1	0	2	2	0	0	0	2	0	0	0	0	0	0	0	0	0	0	0	0	0	1	0	
0	2	0	1	1	0	0	3	1	0	1	2	0	0	0	3	0	0	0	0	0	0	2	0	0	0	2	1	
0	0	3	0	0	0	0	0	1	0	0	0	0	0	0	0	0	0	3	0	1	0	0	0	2	0	0	0	
1	0	0	1	0	0	0	2	1	0	0	0	2	0	0	0	0	0	0	0	0	0	1	0	0	0	1	1	
--------------------

--------------------
Best Solution Found!
--------------------
Time: 0 hour(s), 0 minute(s), 1 second(s), 24 millisecond(s)

Fitness: 165809

1	0	0	0	0	1	1	3	0	0	0	0	2	0	2	3	0	0	0	0	0	1	0	1	1	0	0	0	
0	0	1	0	1	0	0	0	0	1	1	2	0	0	0	0	0	0	0	0	1	0	2	0	0	0	1	3	
2	2	0	1	0	0	1	3	1	1	1	1	0	0	0	3	3	0	0	0	2	0	0	0	0	0	0	1	
2	0	0	0	2	0	1	0	0	1	0	1	0	0	0	0	0	0	3	0	1	0	1	3	0	0	1	0	
0	2	1	2	1	0	0	2	1	0	1	0	2	1	0	0	0	0	0	0	0	0	0	0	2	2	2	0	
0	2	0	0	1	1	1	2	0	0	3	1	0	0	0	0	0	0	0	0	1	0	0	1	0	1	1	0	
1	0	0	0	0	1	0	0	2	1	0	0	1	0	0	3	3	0	0	0	0	0	2	0	0	0	1	0	
1	0	1	2	1	0	1	3	0	0	0	0	2	0	1	0	0	0	0	0	1	0	0	0	0	0	1	0	
0	0	1	0	0	0	0	0	0	3	0	1	2	1	0	0	3	0	0	0	1	0	0	0	0	0	0	0	
0	0	0	1	0	0	0	0	0	1	1	0	0	0	0	0	0	0	0	0	0	0	0	0	0	1	0	1	
0	0	3	0	1	0	0	3	1	0	0	2	2	1	0	0	0	0	0	0	0	0	0	0	0	0	0	0	
1	0	0	1	0	0	0	0	1	0	1	1	2	0	0	0	0	3	1	0	1	0	0	0	0	0	0	0	
0	2	1	0	1	0	0	0	1	1	0	0	2	0	0	0	0	0	0	0	1	0	0	0	0	0	2	0	
1	2	0	1	1	1	0	0	1	1	1	2	0	2	2	0	3	3	0	0	2	1	0	0	0	0	0	0	
2	0	0	1	0	1	0	0	0	1	1	1	0	0	0	0	0	3	3	1	1	1	0	1	0	2	0	0	
2	2	1	0	0	2	1	3	1	1	0	0	2	1	1	2	2	0	0	0	1	0	0	0	0	1	1	1	
0	2	1	0	0	1	0	0	1	0	0	1	0	1	1	0	0	0	0	0	0	0	0	0	0	0	1	0	
1	2	1	0	2	0	0	0	0	0	1	0	1	1	0	3	3	0	0	0	0	0	2	1	0	0	1	0	
0	0	1	2	0	0	0	3	1	3	1	1	2	0	0	3	3	0	0	0	1	0	0	0	0	0	1	0	
0	0	0	1	1	0	0	3	0	0	0	1	2	1	1	0	0	2	0	0	0	0	0	0	0	2	0	1	
1	0	0	0	0	1	1	3	2	0	0	0	0	0	0	0	3	3	0	0	0	0	0	0	2	1	0	0	
1	2	1	0	0	0	0	3	0	0	0	1	0	0	0	0	2	0	0	0	0	0	1	1	0	0	2	0	
1	0	2	0	0	0	2	0	0	0	0	1	2	1	0	0	0	0	1	0	2	0	2	0	0	0	0	0	
0	0	0	0	0	0	0	3	0	0	0	0	0	3	0	0	0	0	0	0	0	0	2	0	0	0	1	1	
1	3	1	1	1	1	1	2	0	0	0	1	3	0	0	0	0	3	0	0	0	2	0	0	0	0	1	1	
0	2	1	1	0	1	0	0	0	1	1	1	0	2	0	0	0	0	0	0	0	0	1	1	0	0	1	0	
1	1	1	1	1	0	2	0	1	0	3	0	0	1	2	0	0	0	0	0	0	0	0	0	0	1	0	0	
1	0	0	1	2	0	0	3	0	0	0	0	0	1	1	0	0	0	0	0	0	0	0	0	0	0	0	0	
1	0	3	1	0	1	0	0	0	0	0	0	0	0	0	0	0	0	0	0	1	0	0	0	0	0	0	0	
1	0	0	0	1	2	1	3	0	0	0	0	2	0	0	0	0	0	0	0	0	0	0	0	0	0	1	0	
--------------------

--------------------
Best Solution Found!
--------------------
Time: 0 hour(s), 0 minute(s), 1 second(s), 171 millisecond(s)

Fitness: 164799

1	1	0	0	1	1	1	0	0	0	0	0	0	0	0	0	0	0	0	0	0	0	2	1	0	0	1	1	
2	0	1	0	2	0	0	3	1	0	0	1	0	0	0	3	3	0	0	0	0	0	2	1	0	0	1	0	
1	2	0	1	1	0	0	3	1	0	1	1	0	0	0	0	3	0	0	0	2	0	0	0	0	1	1	0	
0	2	1	0	0	0	0	0	0	1	3	0	2	1	1	0	0	0	0	0	0	1	0	0	0	0	0	0	
0	0	1	0	2	1	2	0	1	1	3	0	1	0	0	0	0	0	0	0	1	0	0	0	0	0	1	1	
2	0	1	1	0	0	0	0	0	0	0	0	1	1	0	0	0	0	0	0	2	0	0	1	2	0	1	0	
0	2	3	1	0	1	0	3	0	1	0	2	0	1	0	0	0	0	0	0	1	0	0	0	0	1	0	0	
1	2	1	1	0	0	0	3	0	0	1	1	0	2	2	0	0	3	1	0	0	0	0	0	0	0	0	0	
1	2	1	0	1	1	0	0	0	0	0	0	0	0	0	0	0	3	0	0	1	1	0	0	0	2	1	0	
1	2	2	0	1	0	0	3	0	1	1	2	0	1	1	0	0	0	0	0	0	0	1	3	2	0	1	0	
0	2	1	0	0	0	0	0	2	0	0	0	3	0	0	3	3	3	0	0	0	0	1	0	0	0	0	0	
1	2	1	0	0	0	1	3	0	1	1	1	2	0	0	0	3	2	0	0	1	0	0	0	0	0	0	1	
0	0	0	1	0	0	0	3	1	0	0	1	0	0	0	0	0	0	0	0	0	0	0	0	0	0	0	0	
0	0	1	0	1	0	1	3	0	0	0	0	2	1	0	0	0	0	0	1	0	0	0	0	0	2	0	0	
0	0	0	2	0	0	0	0	0	0	1	1	2	0	0	0	0	0	0	0	0	0	0	0	0	0	2	0	
0	0	0	2	0	0	1	0	0	0	0	1	2	2	2	2	0	0	0	0	0	0	2	0	0	0	0	0	
1	0	0	0	0	0	0	2	1	1	0	0	2	0	0	0	0	0	0	0	2	0	2	0	0	0	0	0	
1	0	1	2	0	1	1	0	0	1	1	0	0	0	2	3	3	0	0	0	0	0	0	0	0	1	2	0	
0	3	0	1	1	0	0	0	1	0	0	1	2	1	0	0	2	0	3	0	1	0	2	0	0	0	0	0	
0	0	0	0	0	1	0	2	0	1	0	1	2	1	0	0	0	0	0	0	1	0	0	0	0	0	1	1	
0	0	0	0	1	1	1	0	0	0	0	2	2	1	1	0	0	0	0	0	0	0	0	1	0	0	1	0	
1	2	1	0	1	0	0	0	0	1	0	1	0	0	0	0	0	3	0	0	1	0	0	0	1	2	2	0	
1	0	0	1	0	2	0	0	1	0	1	0	0	0	1	0	0	0	3	0	0	0	0	0	0	0	0	0	
1	2	0	1	2	1	0	3	2	0	1	0	2	0	0	3	3	0	0	0	1	0	0	1	0	1	0	0	
2	0	1	1	1	0	1	0	0	0	0	0	0	1	0	0	0	0	0	0	1	0	0	0	0	0	1	3	
1	0	1	0	0	0	0	3	1	0	0	0	2	1	0	3	2	0	0	0	0	0	0	0	0	1	1	0	
1	0	0	1	0	2	0	0	1	3	0	1	0	0	0	0	3	0	0	0	1	2	0	0	0	0	1	1	
0	0	0	1	1	1	1	3	0	3	0	1	0	0	0	0	0	0	1	0	1	0	0	0	0	0	1	1	
2	0	0	0	1	1	2	3	0	0	1	1	0	0	0	0	0	0	0	0	0	0	1	0	0	0	0	0	
1	0	3	0	0	0	1	2	1	1	1	0	2	3	1	0	0	3	0	0	0	1	0	1	0	0	0	0	
--------------------

--------------------
Best Solution Found!
--------------------
Time: 0 hour(s), 0 minute(s), 1 second(s), 248 millisecond(s)

Fitness: 154791

1	0	1	2	0	1	0	3	1	1	0	0	2	0	0	0	0	0	0	0	1	0	0	0	0	0	1	0	
0	3	3	0	1	0	0	0	2	0	0	0	0	1	0	0	3	0	0	0	0	0	0	0	0	1	1	1	
2	0	1	0	0	0	0	3	0	1	1	1	0	0	0	0	0	0	0	0	0	0	0	0	0	0	1	0	
0	2	0	1	1	1	1	0	1	0	0	0	2	0	0	0	0	2	0	0	0	0	0	0	0	0	1	0	
1	2	1	0	0	0	0	0	0	0	0	0	2	0	0	0	0	0	0	0	1	0	2	0	0	0	1	1	
1	1	0	1	1	0	1	3	1	1	1	1	0	1	2	3	0	0	0	0	1	1	0	0	0	1	1	0	
1	0	0	0	2	1	1	3	0	0	1	0	2	0	0	3	3	0	0	0	0	0	0	0	0	0	1	1	
0	0	0	1	0	0	0	2	0	0	0	1	2	0	0	0	0	0	0	0	0	0	2	0	0	1	1	0	
0	0	1	0	1	0	0	3	1	0	0	2	2	0	1	0	3	0	0	1	2	0	0	0	0	0	0	0	
1	0	1	1	0	0	0	3	1	0	0	0	2	0	0	0	0	0	0	0	2	0	0	0	0	0	0	0	
1	2	0	0	0	0	0	0	0	3	0	0	2	0	1	0	0	3	0	0	1	2	0	0	0	0	0	1	
1	2	0	2	1	0	0	0	0	0	1	1	1	1	0	0	0	0	0	0	1	0	2	1	0	0	1	0	
2	0	3	1	0	0	0	0	0	0	0	1	2	0	0	0	0	0	0	0	0	0	0	0	0	0	0	0	
0	0	0	1	1	0	0	0	1	1	1	1	0	1	1	0	3	0	0	0	0	1	0	0	0	0	1	0	
1	2	1	0	1	0	0	0	0	0	3	0	3	3	0	0	3	3	0	0	1	0	0	0	0	0	0	0	
0	0	1	1	0	0	2	0	2	3	1	1	0	0	0	0	0	0	0	0	0	0	0	0	0	0	0	1	
1	0	0	1	0	0	1	0	0	0	3	1	0	0	0	0	0	0	0	0	2	0	0	0	0	0	2	0	
0	2	1	0	1	1	0	0	0	0	0	0	0	0	0	0	0	0	0	0	0	0	0	0	0	0	0	0	
0	0	1	1	2	0	0	3	1	0	0	2	2	2	0	0	0	0	0	0	0	0	0	1	2	0	0	0	
0	0	2	0	0	1	1	0	0	1	0	0	1	0	0	3	2	0	1	0	0	0	0	1	1	0	2	0	
2	2	1	0	0	0	0	3	1	0	1	0	0	1	1	3	3	0	0	0	1	0	0	1	0	1	0	0	
1	2	0	0	2	1	1	3	0	0	0	1	2	0	0	0	0	0	0	0	0	0	1	0	0	1	2	0	
0	0	0	0	1	2	1	2	0	1	1	2	0	0	0	3	0	3	3	0	0	0	0	1	0	2	0	0	
1	0	0	0	0	1	1	0	0	1	0	0	0	0	0	0	0	0	0	0	0	0	2	0	0	2	1	0	
2	2	1	1	0	1	0	2	0	1	0	0	0	2	1	0	0	0	0	0	1	0	0	0	0	2	1	0	
1	0	0	2	0	0	0	0	0	1	0	1	0	1	2	0	0	0	0	0	1	1	0	0	0	0	0	1	
1	0	0	0	1	2	0	3	1	0	0	1	0	1	2	0	3	0	1	0	0	0	2	0	2	0	1	3	
0	0	1	0	0	1	2	3	0	1	1	1	0	1	0	2	2	3	3	0	1	0	1	1	0	0	0	0	
1	2	1	1	1	1	0	3	1	0	0	1	0	1	0	0	0	0	0	0	1	0	0	0	0	0	0	0	
0	0	0	0	0	0	1	0	0	0	1	0	2	1	0	0	0	3	0	0	0	0	1	3	0	0	0	0	
--------------------

--------------------
Best Solution Found!
--------------------
Time: 0 hour(s), 0 minute(s), 1 second(s), 249 millisecond(s)

Fitness: 154791

1	0	1	2	0	1	0	3	1	1	0	0	2	0	0	0	0	0	0	0	1	0	0	0	0	0	1	0	
0	3	3	0	1	0	0	0	2	0	0	0	0	1	0	0	3	0	0	0	0	0	0	0	0	1	1	1	
2	0	1	0	0	0	0	3	0	1	1	1	0	0	0	0	0	0	0	0	0	0	0	0	0	0	1	0	
0	2	0	1	1	1	1	0	1	0	0	0	2	0	0	0	0	2	0	0	0	0	0	0	0	0	1	0	
1	2	1	0	0	0	0	0	0	0	0	0	2	0	0	0	0	0	0	0	1	0	2	0	0	0	1	1	
1	1	0	1	1	0	1	3	1	1	1	1	0	1	2	3	0	0	0	0	1	1	0	0	0	1	1	0	
1	0	0	0	2	1	1	3	0	0	1	0	2	0	0	3	3	0	0	0	0	0	0	0	0	0	1	1	
0	0	0	1	0	0	0	2	0	0	0	1	2	0	0	0	0	0	0	0	0	0	2	0	0	1	1	0	
0	0	1	0	1	0	0	3	1	0	0	2	2	0	1	0	3	0	0	1	2	0	0	0	0	0	0	0	
1	0	1	1	0	0	0	3	1	0	0	0	2	0	0	0	0	0	0	0	2	0	0	0	0	0	0	0	
1	2	0	0	0	0	0	0	0	3	0	0	2	0	1	0	0	3	0	0	1	2	0	0	0	0	0	1	
1	2	0	2	1	0	0	0	0	0	1	1	1	1	0	0	0	0	0	0	1	0	2	1	0	0	1	0	
2	0	3	1	0	0	0	0	0	0	0	1	2	0	0	0	0	0	0	0	0	0	0	0	0	0	0	0	
0	0	0	1	1	0	0	0	1	1	1	1	0	1	1	0	3	0	0	0	0	1	0	0	0	0	1	0	
1	2	1	0	1	0	0	0	0	0	3	0	3	3	0	0	3	3	0	0	1	0	0	0	0	0	0	0	
0	0	1	1	0	0	2	0	2	3	1	1	0	0	0	0	0	0	0	0	0	0	0	0	0	0	0	1	
1	0	0	1	0	0	1	0	0	0	3	1	0	0	0	0	0	0	0	0	2	0	0	0	0	0	2	0	
0	2	1	0	1	1	0	0	0	0	0	0	0	0	0	0	0	0	0	0	0	0	0	0	0	0	0	0	
0	0	1	1	2	0	0	3	1	0	0	2	2	2	0	0	0	0	0	0	0	0	0	1	2	0	0	0	
0	0	2	0	0	1	1	0	0	1	0	0	1	0	0	3	2	0	1	0	0	0	0	1	1	0	2	0	
2	2	1	0	0	0	0	3	1	0	1	0	0	1	1	3	3	0	0	0	1	0	0	1	0	1	0	0	
1	2	0	0	2	1	1	3	0	0	0	1	2	0	0	0	0	0	0	0	0	0	1	0	0	1	2	0	
0	0	0	0	1	2	1	2	0	1	1	2	0	0	0	3	0	3	3	0	0	0	0	1	0	2	0	0	
1	0	0	0	0	1	1	0	0	1	0	0	0	0	0	0	0	0	0	0	0	0	2	0	0	2	1	0	
2	2	1	1	0	1	0	2	0	1	0	0	0	2	1	0	0	0	0	0	1	0	0	0	0	2	1	0	
1	0	0	2	0	0	0	0	0	1	0	1	0	1	2	0	0	0	0	0	1	1	0	0	0	0	0	1	
1	0	0	0	1	2	0	3	1	0	0	1	0	1	2	0	3	0	1	0	0	0	2	0	2	0	1	3	
0	0	1	0	0	1	2	3	0	1	1	1	0	1	0	2	2	3	3	0	1	0	1	1	0	0	0	0	
1	2	1	1	1	1	0	3	1	0	0	1	0	1	0	0	0	0	0	0	1	0	0	0	0	0	0	0	
0	0	0	0	0	0	1	0	0	0	1	0	2	1	0	0	0	3	0	0	0	0	1	3	0	0	0	0	
--------------------

--------------------
Best Solution Found!
--------------------
Time: 0 hour(s), 0 minute(s), 1 second(s), 251 millisecond(s)

Fitness: 154791

1	0	1	2	0	1	0	3	1	1	0	0	2	0	0	0	0	0	0	0	1	0	0	0	0	0	1	0	
0	3	3	0	1	0	0	0	2	0	0	0	0	1	0	0	3	0	0	0	0	0	0	0	0	1	1	1	
2	0	1	0	0	0	0	3	0	1	1	1	0	0	0	0	0	0	0	0	0	0	0	0	0	0	1	0	
0	2	0	1	1	1	1	0	1	0	0	0	2	0	0	0	0	2	0	0	0	0	0	0	0	0	1	0	
1	2	1	0	0	0	0	0	0	0	0	0	2	0	0	0	0	0	0	0	1	0	2	0	0	0	1	1	
1	1	0	1	1	0	1	3	1	1	1	1	0	1	2	3	0	0	0	0	1	1	0	0	0	1	1	0	
1	0	0	0	2	1	1	3	0	0	1	0	2	0	0	3	3	0	0	0	0	0	0	0	0	0	1	1	
0	0	0	1	0	0	0	2	0	0	0	1	2	0	0	0	0	0	0	0	0	0	2	0	0	1	1	0	
0	0	1	0	1	0	0	3	1	0	0	2	2	0	1	0	3	0	0	1	2	0	0	0	0	0	0	0	
1	0	1	1	0	0	0	3	1	0	0	0	2	0	0	0	0	0	0	0	2	0	0	0	0	0	0	0	
1	2	0	0	0	0	0	0	0	3	0	0	2	0	1	0	0	3	0	0	1	2	0	0	0	0	0	1	
1	2	0	2	1	0	0	0	0	0	1	1	1	1	0	0	0	0	0	0	1	0	2	1	0	0	1	0	
2	0	3	1	0	0	0	0	0	0	0	1	2	0	0	0	0	0	0	0	0	0	0	0	0	0	0	0	
0	0	0	1	1	0	0	0	1	1	1	1	0	1	1	0	3	0	0	0	0	1	0	0	0	0	1	0	
1	2	1	0	1	0	0	0	0	0	3	0	3	3	0	0	3	3	0	0	1	0	0	0	0	0	0	0	
0	0	1	1	0	0	2	0	2	3	1	1	0	0	0	0	0	0	0	0	0	0	0	0	0	0	0	1	
1	0	0	1	0	0	1	0	0	0	3	1	0	0	0	0	0	0	0	0	2	0	0	0	0	0	2	0	
0	2	1	0	1	1	0	0	0	0	0	0	0	0	0	0	0	0	0	0	0	0	0	0	0	0	0	0	
0	0	1	1	2	0	0	3	1	0	0	2	2	2	0	0	0	0	0	0	0	0	0	1	2	0	0	0	
0	0	2	0	0	1	1	0	0	1	0	0	1	0	0	3	2	0	1	0	0	0	0	1	1	0	2	0	
2	2	1	0	0	0	0	3	1	0	1	0	0	1	1	3	3	0	0	0	1	0	0	1	0	1	0	0	
1	2	0	0	2	1	1	3	0	0	0	1	2	0	0	0	0	0	0	0	0	0	1	0	0	1	2	0	
0	0	0	0	1	2	1	2	0	1	1	2	0	0	0	3	0	3	3	0	0	0	0	1	0	2	0	0	
1	0	0	0	0	1	1	0	0	1	0	0	0	0	0	0	0	0	0	0	0	0	2	0	0	2	1	0	
2	2	1	1	0	1	0	2	0	1	0	0	0	2	1	0	0	0	0	0	1	0	0	0	0	2	1	0	
1	0	0	2	0	0	0	0	0	1	0	1	0	1	2	0	0	0	0	0	1	1	0	0	0	0	0	1	
1	0	0	0	1	2	0	3	1	0	0	1	0	1	2	0	3	0	1	0	0	0	2	0	2	0	1	3	
0	0	1	0	0	1	2	3	0	1	1	1	0	1	0	2	2	3	3	0	1	0	1	1	0	0	0	0	
1	2	1	1	1	1	0	3	1	0	0	1	0	1	0	0	0	0	0	0	1	0	0	0	0	0	0	0	
0	0	0	0	0	0	1	0	0	0	1	0	2	1	0	0	0	3	0	0	0	0	1	3	0	0	0	0	
--------------------

--------------------
Best Solution Found!
--------------------
Time: 0 hour(s), 0 minute(s), 51 second(s), 664 millisecond(s)

Fitness: 150789

0	0	0	1	1	1	0	0	0	0	0	2	0	2	1	0	0	0	0	0	0	1	2	0	0	0	0	0	
1	0	1	0	1	0	0	3	2	1	0	1	0	1	0	0	0	0	0	0	1	0	0	0	0	1	1	1	
2	2	0	1	2	0	0	0	1	0	3	1	0	0	0	3	0	0	0	0	2	0	0	0	0	0	2	1	
0	0	0	0	1	0	0	3	0	1	1	0	2	0	0	0	3	0	0	0	0	0	0	1	0	2	0	0	
1	0	0	0	0	0	2	2	0	1	0	1	2	0	0	0	3	3	3	0	1	0	0	0	0	0	0	0	
0	0	1	0	2	1	0	0	0	0	1	1	0	0	0	0	0	0	0	0	0	0	0	0	0	0	0	0	
0	2	2	1	1	0	1	3	1	0	0	0	0	0	0	0	0	0	0	0	1	0	1	1	0	1	0	0	
0	2	1	1	1	1	0	3	1	0	0	1	0	1	0	0	0	0	0	1	2	0	0	0	0	0	0	0	
0	0	0	0	0	0	0	3	0	1	1	0	2	1	0	0	0	0	0	0	1	0	0	0	0	2	1	0	
1	2	1	0	1	1	0	0	0	1	0	0	0	0	0	0	0	3	3	0	1	0	0	0	0	0	1	0	
1	0	1	0	0	2	0	3	1	0	0	0	0	1	0	3	3	0	0	0	1	2	1	0	0	2	1	0	
0	0	1	1	0	0	0	0	0	0	1	0	0	0	0	2	2	0	0	0	0	0	2	1	2	0	0	0	
1	0	0	1	0	0	1	3	0	3	0	2	1	1	1	3	0	0	0	0	0	0	0	0	0	0	1	0	
0	0	1	2	1	0	1	3	0	0	1	1	2	1	0	0	0	0	0	0	0	0	0	0	0	0	1	0	
1	0	1	1	0	1	1	3	0	1	1	0	2	1	0	0	0	3	1	0	1	0	1	0	2	1	1	1	
1	0	0	0	0	0	1	2	1	3	0	1	2	0	0	0	0	0	0	0	0	0	0	0	0	1	0	0	
0	0	0	0	0	0	0	0	1	0	0	0	2	2	2	0	0	0	0	0	1	0	0	0	0	0	1	1	
2	2	0	0	0	1	0	0	1	1	0	0	0	0	0	0	3	3	0	0	1	0	0	0	0	0	1	3	
1	2	0	1	0	0	1	3	0	0	0	0	2	0	0	0	0	0	0	0	2	1	2	1	0	0	1	0	
2	0	0	0	0	1	0	0	0	1	1	1	0	3	1	0	3	0	0	0	0	0	2	3	0	0	0	0	
1	0	1	2	1	1	0	3	1	0	0	1	2	1	0	0	3	0	0	0	1	0	0	1	0	1	1	0	
0	1	3	0	1	2	2	0	0	0	0	1	3	0	0	3	0	2	0	0	0	0	0	0	0	0	0	0	
2	2	0	1	2	0	0	0	0	0	1	2	2	0	1	0	0	0	0	0	0	0	2	0	0	0	0	0	
0	2	1	0	0	0	1	0	0	0	0	1	0	0	0	0	0	0	0	0	0	1	0	0	0	0	0	0	
1	3	1	2	0	0	1	0	0	0	1	0	0	1	0	3	3	3	0	0	0	0	0	0	0	0	1	0	
1	0	0	1	1	1	0	0	0	0	1	0	0	0	2	0	0	0	0	0	0	0	0	0	1	0	0	0	
1	2	1	0	0	0	1	0	2	1	0	1	1	0	1	0	0	0	0	0	0	0	0	0	0	0	1	0	
1	2	3	1	0	1	0	3	1	0	3	0	0	0	2	0	0	0	0	0	1	0	0	0	0	0	2	1	
1	0	0	0	0	0	0	0	1	1	0	0	2	1	0	0	0	0	1	0	0	0	0	1	0	0	0	1	
0	0	1	0	1	0	0	2	0	0	0	1	2	0	0	0	2	0	0	0	0	0	0	0	0	0	2	0	
--------------------

--------------------
Best Solution Found!
--------------------
Time: 0 hour(s), 0 minute(s), 51 second(s), 667 millisecond(s)

Fitness: 150789

0	0	0	1	1	1	0	0	0	0	0	2	0	2	1	0	0	0	0	0	0	1	2	0	0	0	0	0	
1	0	1	0	1	0	0	3	2	1	0	1	0	1	0	0	0	0	0	0	1	0	0	0	0	1	1	1	
2	2	0	1	2	0	0	0	1	0	3	1	0	0	0	3	0	0	0	0	2	0	0	0	0	0	2	1	
0	0	0	0	1	0	0	3	0	1	1	0	2	0	0	0	3	0	0	0	0	0	0	1	0	2	0	0	
1	0	0	0	0	0	2	2	0	1	0	1	2	0	0	0	3	3	3	0	1	0	0	0	0	0	0	0	
0	0	1	0	2	1	0	0	0	0	1	1	0	0	0	0	0	0	0	0	0	0	0	0	0	0	0	0	
0	2	2	1	1	0	1	3	1	0	0	0	0	0	0	0	0	0	0	0	1	0	1	1	0	1	0	0	
0	2	1	1	1	1	0	3	1	0	0	1	0	1	0	0	0	0	0	1	2	0	0	0	0	0	0	0	
0	0	0	0	0	0	0	3	0	1	1	0	2	1	0	0	0	0	0	0	1	0	0	0	0	2	1	0	
1	2	1	0	1	1	0	0	0	1	0	0	0	0	0	0	0	3	3	0	1	0	0	0	0	0	1	0	
1	0	1	0	0	2	0	3	1	0	0	0	0	1	0	3	3	0	0	0	1	2	1	0	0	2	1	0	
0	0	1	1	0	0	0	0	0	0	1	0	0	0	0	2	2	0	0	0	0	0	2	1	2	0	0	0	
1	0	0	1	0	0	1	3	0	3	0	2	1	1	1	3	0	0	0	0	0	0	0	0	0	0	1	0	
0	0	1	2	1	0	1	3	0	0	1	1	2	1	0	0	0	0	0	0	0	0	0	0	0	0	1	0	
1	0	1	1	0	1	1	3	0	1	1	0	2	1	0	0	0	3	1	0	1	0	1	0	2	1	1	1	
1	0	0	0	0	0	1	2	1	3	0	1	2	0	0	0	0	0	0	0	0	0	0	0	0	1	0	0	
0	0	0	0	0	0	0	0	1	0	0	0	2	2	2	0	0	0	0	0	1	0	0	0	0	0	1	1	
2	2	0	0	0	1	0	0	1	1	0	0	0	0	0	0	3	3	0	0	1	0	0	0	0	0	1	3	
1	2	0	1	0	0	1	3	0	0	0	0	2	0	0	0	0	0	0	0	2	1	2	1	0	0	1	0	
2	0	0	0	0	1	0	0	0	1	1	1	0	3	1	0	3	0	0	0	0	0	2	3	0	0	0	0	
1	0	1	2	1	1	0	3	1	0	0	1	2	1	0	0	3	0	0	0	1	0	0	1	0	1	1	0	
0	1	3	0	1	2	2	0	0	0	0	1	3	0	0	3	0	2	0	0	0	0	0	0	0	0	0	0	
2	2	0	1	2	0	0	0	0	0	1	2	2	0	1	0	0	0	0	0	0	0	2	0	0	0	0	0	
0	2	1	0	0	0	1	0	0	0	0	1	0	0	0	0	0	0	0	0	0	1	0	0	0	0	0	0	
1	3	1	2	0	0	1	0	0	0	1	0	0	1	0	3	3	3	0	0	0	0	0	0	0	0	1	0	
1	0	0	1	1	1	0	0	0	0	1	0	0	0	2	0	0	0	0	0	0	0	0	0	1	0	0	0	
1	2	1	0	0	0	1	0	2	1	0	1	1	0	1	0	0	0	0	0	0	0	0	0	0	0	1	0	
1	2	3	1	0	1	0	3	1	0	3	0	0	0	2	0	0	0	0	0	1	0	0	0	0	0	2	1	
1	0	0	0	0	0	0	0	1	1	0	0	2	1	0	0	0	0	1	0	0	0	0	1	0	0	0	1	
0	0	1	0	1	0	0	2	0	0	0	1	2	0	0	0	2	0	0	0	0	0	0	0	0	0	2	0	
--------------------

--------------------
Best Solution Found!
--------------------
Time: 0 hour(s), 0 minute(s), 51 second(s), 668 millisecond(s)

Fitness: 150789

0	0	0	1	1	1	0	0	0	0	0	2	0	2	1	0	0	0	0	0	0	1	2	0	0	0	0	0	
1	0	1	0	1	0	0	3	2	1	0	1	0	1	0	0	0	0	0	0	1	0	0	0	0	1	1	1	
2	2	0	1	2	0	0	0	1	0	3	1	0	0	0	3	0	0	0	0	2	0	0	0	0	0	2	1	
0	0	0	0	1	0	0	3	0	1	1	0	2	0	0	0	3	0	0	0	0	0	0	1	0	2	0	0	
1	0	0	0	0	0	2	2	0	1	0	1	2	0	0	0	3	3	3	0	1	0	0	0	0	0	0	0	
0	0	1	0	2	1	0	0	0	0	1	1	0	0	0	0	0	0	0	0	0	0	0	0	0	0	0	0	
0	2	2	1	1	0	1	3	1	0	0	0	0	0	0	0	0	0	0	0	1	0	1	1	0	1	0	0	
0	2	1	1	1	1	0	3	1	0	0	1	0	1	0	0	0	0	0	1	2	0	0	0	0	0	0	0	
0	0	0	0	0	0	0	3	0	1	1	0	2	1	0	0	0	0	0	0	1	0	0	0	0	2	1	0	
1	2	1	0	1	1	0	0	0	1	0	0	0	0	0	0	0	3	3	0	1	0	0	0	0	0	1	0	
1	0	1	0	0	2	0	3	1	0	0	0	0	1	0	3	3	0	0	0	1	2	1	0	0	2	1	0	
0	0	1	1	0	0	0	0	0	0	1	0	0	0	0	2	2	0	0	0	0	0	2	1	2	0	0	0	
1	0	0	1	0	0	1	3	0	3	0	2	1	1	1	3	0	0	0	0	0	0	0	0	0	0	1	0	
0	0	1	2	1	0	1	3	0	0	1	1	2	1	0	0	0	0	0	0	0	0	0	0	0	0	1	0	
1	0	1	1	0	1	1	3	0	1	1	0	2	1	0	0	0	3	1	0	1	0	1	0	2	1	1	1	
1	0	0	0	0	0	1	2	1	3	0	1	2	0	0	0	0	0	0	0	0	0	0	0	0	1	0	0	
0	0	0	0	0	0	0	0	1	0	0	0	2	2	2	0	0	0	0	0	1	0	0	0	0	0	1	1	
2	2	0	0	0	1	0	0	1	1	0	0	0	0	0	0	3	3	0	0	1	0	0	0	0	0	1	3	
1	2	0	1	0	0	1	3	0	0	0	0	2	0	0	0	0	0	0	0	2	1	2	1	0	0	1	0	
2	0	0	0	0	1	0	0	0	1	1	1	0	3	1	0	3	0	0	0	0	0	2	3	0	0	0	0	
1	0	1	2	1	1	0	3	1	0	0	1	2	1	0	0	3	0	0	0	1	0	0	1	0	1	1	0	
0	1	3	0	1	2	2	0	0	0	0	1	3	0	0	3	0	2	0	0	0	0	0	0	0	0	0	0	
2	2	0	1	2	0	0	0	0	0	1	2	2	0	1	0	0	0	0	0	0	0	2	0	0	0	0	0	
0	2	1	0	0	0	1	0	0	0	0	1	0	0	0	0	0	0	0	0	0	1	0	0	0	0	0	0	
1	3	1	2	0	0	1	0	0	0	1	0	0	1	0	3	3	3	0	0	0	0	0	0	0	0	1	0	
1	0	0	1	1	1	0	0	0	0	1	0	0	0	2	0	0	0	0	0	0	0	0	0	1	0	0	0	
1	2	1	0	0	0	1	0	2	1	0	1	1	0	1	0	0	0	0	0	0	0	0	0	0	0	1	0	
1	2	3	1	0	1	0	3	1	0	3	0	0	0	2	0	0	0	0	0	1	0	0	0	0	0	2	1	
1	0	0	0	0	0	0	0	1	1	0	0	2	1	0	0	0	0	1	0	0	0	0	1	0	0	0	1	
0	0	1	0	1	0	0	2	0	0	0	1	2	0	0	0	2	0	0	0	0	0	0	0	0	0	2	0	
--------------------


The best solution was found at the restart: 5, population: 0
Total Time Elapsed: 0 hour(s), 3 minute(s), 49 second(s), 672 millisecond(s)

