--------------------
Best Solution Found!
--------------------
Time: 0 hour(s), 0 minute(s), 0 second(s), 4 millisecond(s)

Fitness: 40352

0	1	0	2	0	0	0	
0	2	0	0	0	0	1	
0	1	0	0	0	1	2	
0	3	1	3	0	3	1	
0	0	0	0	2	0	0	
0	1	0	0	0	2	3	
0	2	0	1	0	2	0	
0	0	0	0	0	2	1	
0	2	0	0	1	2	2	
0	2	0	0	0	1	1	
0	0	0	3	0	2	0	
0	0	0	1	0	1	0	
3	1	0	3	0	1	1	
0	0	0	2	0	3	1	
2	2	0	1	0	3	1	
0	3	0	1	1	2	1	
0	1	0	2	2	3	1	
0	2	0	3	0	1	2	
1	1	0	2	0	2	3	
0	0	0	2	0	2	2	
0	1	0	0	0	2	1	
1	2	0	0	0	1	1	
0	3	3	0	0	2	3	
0	2	0	1	1	1	0	
0	3	2	3	0	1	2	
0	2	2	1	0	2	2	
0	3	0	1	0	1	1	
0	2	0	3	0	3	3	
0	3	0	3	3	1	3	
0	1	0	3	0	2	0	
0	0	0	2	0	0	2	
0	2	0	3	0	1	3	
0	1	0	3	0	2	1	
0	0	0	0	0	3	0	
0	2	0	2	0	2	2	
0	2	3	0	0	2	1	
0	0	0	3	0	1	2	
0	2	0	2	0	2	2	
0	3	0	1	0	1	0	
0	1	0	3	0	0	1	
0	1	1	3	0	1	2	
0	0	1	3	0	2	0	
0	0	0	3	1	3	2	
0	1	0	3	0	0	3	
0	0	2	0	0	2	0	
0	1	0	1	0	2	2	
0	1	0	3	0	3	2	
0	2	0	3	0	1	2	
0	1	0	0	0	1	0	
0	1	0	2	0	1	1	
--------------------

--------------------
Best Solution Found!
--------------------
Time: 0 hour(s), 0 minute(s), 0 second(s), 5 millisecond(s)

Fitness: 40352

0	1	0	2	0	0	0	
0	2	0	0	0	0	1	
0	1	0	0	0	1	2	
0	3	1	3	0	3	1	
0	0	0	0	2	0	0	
0	1	0	0	0	2	3	
0	2	0	1	0	2	0	
0	0	0	0	0	2	1	
0	2	0	0	1	2	2	
0	2	0	0	0	1	1	
0	0	0	3	0	2	0	
0	0	0	1	0	1	0	
3	1	0	3	0	1	1	
0	0	0	2	0	3	1	
2	2	0	1	0	3	1	
0	3	0	1	1	2	1	
0	1	0	2	2	3	1	
0	2	0	3	0	1	2	
1	1	0	2	0	2	3	
0	0	0	2	0	2	2	
0	1	0	0	0	2	1	
1	2	0	0	0	1	1	
0	3	3	0	0	2	3	
0	2	0	1	1	1	0	
0	3	2	3	0	1	2	
0	2	2	1	0	2	2	
0	3	0	1	0	1	1	
0	2	0	3	0	3	3	
0	3	0	3	3	1	3	
0	1	0	3	0	2	0	
0	0	0	2	0	0	2	
0	2	0	3	0	1	3	
0	1	0	3	0	2	1	
0	0	0	0	0	3	0	
0	2	0	2	0	2	2	
0	2	3	0	0	2	1	
0	0	0	3	0	1	2	
0	2	0	2	0	2	2	
0	3	0	1	0	1	0	
0	1	0	3	0	0	1	
0	1	1	3	0	1	2	
0	0	1	3	0	2	0	
0	0	0	3	1	3	2	
0	1	0	3	0	0	3	
0	0	2	0	0	2	0	
0	1	0	1	0	2	2	
0	1	0	3	0	3	2	
0	2	0	3	0	1	2	
0	1	0	0	0	1	0	
0	1	0	2	0	1	1	
--------------------

--------------------
Best Solution Found!
--------------------
Time: 0 hour(s), 0 minute(s), 0 second(s), 14 millisecond(s)

Fitness: 39345

0	2	0	3	0	2	0	
0	1	0	3	0	2	1	
1	1	0	2	0	2	2	
0	0	0	0	0	0	1	
0	2	0	1	0	2	0	
0	1	0	0	0	1	3	
0	2	0	0	0	3	0	
0	2	0	0	0	2	1	
0	1	0	3	0	0	2	
0	0	0	1	0	3	1	
0	1	0	0	0	1	0	
0	1	0	2	0	2	0	
0	3	0	3	0	3	1	
0	2	0	2	0	1	1	
0	3	0	0	0	3	1	
2	3	2	2	0	1	1	
0	3	3	3	0	1	1	
0	1	0	3	1	1	2	
0	2	0	3	0	0	3	
0	2	1	3	0	3	2	
0	0	0	3	0	1	1	
3	0	0	1	3	2	1	
1	1	0	1	0	1	3	
0	0	0	2	0	3	0	
0	1	0	1	0	2	2	
0	1	0	3	0	1	2	
0	2	3	2	0	1	1	
0	0	0	2	0	2	3	
0	2	0	0	0	1	3	
0	2	0	3	0	1	0	
0	0	1	1	2	2	2	
0	0	2	0	0	0	3	
0	2	1	0	1	3	1	
0	3	0	3	0	3	0	
0	2	0	3	1	2	2	
0	0	0	3	0	1	1	
0	0	0	3	0	2	2	
0	1	0	2	0	2	2	
0	3	0	3	0	2	0	
0	2	0	3	0	2	1	
0	2	0	2	0	2	2	
0	1	0	0	0	1	0	
0	1	2	1	0	1	2	
0	1	0	0	0	1	3	
0	1	0	1	1	0	0	
0	1	0	3	0	0	2	
0	2	0	0	0	2	2	
0	3	0	0	0	2	2	
0	0	0	1	0	2	0	
0	0	0	0	2	1	1	
--------------------

--------------------
Best Solution Found!
--------------------
Time: 0 hour(s), 0 minute(s), 0 second(s), 465 millisecond(s)

Fitness: 38350

0	2	0	2	1	1	0	
0	1	3	3	0	1	1	
0	2	0	0	0	1	0	
0	2	0	2	0	2	2	
0	1	0	0	0	3	1	
0	1	1	3	0	2	0	
0	1	0	1	0	0	0	
0	2	0	3	0	3	1	
0	2	0	1	0	1	1	
0	1	3	3	0	1	0	
2	1	0	3	0	1	2	
0	1	0	3	0	2	3	
0	2	0	3	2	2	1	
0	1	1	2	0	1	1	
0	0	0	0	0	1	0	
0	1	0	3	1	2	2	
0	2	2	1	0	2	3	
0	3	0	3	0	1	1	
0	3	0	1	0	1	1	
0	2	1	1	0	1	2	
0	1	0	3	0	0	0	
0	2	0	3	0	1	0	
0	3	0	0	0	2	3	
0	0	0	0	0	2	1	
1	3	0	2	0	2	1	
0	1	0	3	1	1	1	
0	2	0	3	0	3	1	
0	3	0	0	0	0	0	
0	0	0	1	0	0	3	
0	1	0	3	0	1	3	
0	0	0	3	0	2	0	
0	0	0	1	1	2	2	
3	0	0	0	0	3	2	
0	3	0	3	3	3	1	
0	1	0	0	0	1	2	
0	2	0	0	0	2	2	
0	0	0	2	0	0	1	
0	0	0	1	0	3	2	
0	1	0	2	2	3	2	
0	2	0	0	0	2	3	
1	2	0	0	0	0	0	
0	0	2	2	0	2	2	
0	0	0	0	0	2	0	
0	2	0	0	0	1	3	
0	0	0	0	0	3	2	
0	3	0	1	0	1	1	
0	1	2	3	0	2	2	
0	0	0	2	0	2	2	
0	1	0	3	0	2	2	
0	2	0	2	0	2	1	
--------------------

--------------------
Best Solution Found!
--------------------
Time: 0 hour(s), 0 minute(s), 0 second(s), 646 millisecond(s)

Fitness: 38349

0	2	0	3	0	1	0	
0	0	0	2	0	1	0	
1	1	0	2	0	2	2	
0	2	2	3	0	3	2	
0	2	0	0	0	0	1	
0	3	0	0	0	3	0	
0	1	3	1	0	1	2	
0	1	0	3	0	1	1	
0	3	0	3	0	2	1	
0	3	0	1	2	2	1	
0	0	0	3	0	2	0	
0	1	0	0	0	1	2	
0	0	0	1	0	3	2	
0	2	0	0	0	2	1	
0	1	0	1	2	1	2	
0	2	1	3	0	3	2	
0	2	0	0	0	2	3	
0	1	0	1	0	2	1	
0	3	2	2	0	0	1	
0	2	0	0	0	2	3	
0	1	0	3	0	1	1	
0	0	0	3	0	1	0	
0	1	1	3	0	3	3	
0	3	0	0	0	1	0	
3	0	0	0	0	0	2	
0	2	0	2	0	3	2	
0	3	0	1	3	1	2	
0	2	0	2	0	2	0	
0	0	2	3	0	2	0	
0	1	0	0	0	3	2	
2	0	0	0	0	2	2	
0	2	0	3	0	2	0	
0	2	3	3	0	1	2	
0	0	0	3	0	1	1	
0	1	1	1	0	0	1	
0	1	0	0	0	2	0	
0	2	0	0	1	2	1	
0	1	0	0	0	1	0	
0	1	0	3	0	1	1	
0	1	0	3	1	2	3	
0	0	0	1	0	1	0	
0	0	0	2	0	2	3	
0	2	0	2	1	1	2	
0	3	0	3	0	3	3	
0	2	0	3	0	2	2	
0	1	0	2	0	1	1	
0	2	0	2	0	0	1	
0	1	0	1	0	0	1	
1	0	0	3	1	2	1	
0	0	0	0	0	2	3	
--------------------

--------------------
Best Solution Found!
--------------------
Time: 0 hour(s), 0 minute(s), 0 second(s), 647 millisecond(s)

Fitness: 38349

0	2	0	3	0	1	0	
0	0	0	2	0	1	0	
1	1	0	2	0	2	2	
0	2	2	3	0	3	2	
0	2	0	0	0	0	1	
0	3	0	0	0	3	0	
0	1	3	1	0	1	2	
0	1	0	3	0	1	1	
0	3	0	3	0	2	1	
0	3	0	1	2	2	1	
0	0	0	3	0	2	0	
0	1	0	0	0	1	2	
0	0	0	1	0	3	2	
0	2	0	0	0	2	1	
0	1	0	1	2	1	2	
0	2	1	3	0	3	2	
0	2	0	0	0	2	3	
0	1	0	1	0	2	1	
0	3	2	2	0	0	1	
0	2	0	0	0	2	3	
0	1	0	3	0	1	1	
0	0	0	3	0	1	0	
0	1	1	3	0	3	3	
0	3	0	0	0	1	0	
3	0	0	0	0	0	2	
0	2	0	2	0	3	2	
0	3	0	1	3	1	2	
0	2	0	2	0	2	0	
0	0	2	3	0	2	0	
0	1	0	0	0	3	2	
2	0	0	0	0	2	2	
0	2	0	3	0	2	0	
0	2	3	3	0	1	2	
0	0	0	3	0	1	1	
0	1	1	1	0	0	1	
0	1	0	0	0	2	0	
0	2	0	0	1	2	1	
0	1	0	0	0	1	0	
0	1	0	3	0	1	1	
0	1	0	3	1	2	3	
0	0	0	1	0	1	0	
0	0	0	2	0	2	3	
0	2	0	2	1	1	2	
0	3	0	3	0	3	3	
0	2	0	3	0	2	2	
0	1	0	2	0	1	1	
0	2	0	2	0	0	1	
0	1	0	1	0	0	1	
1	0	0	3	1	2	1	
0	0	0	0	0	2	3	
--------------------

--------------------
Best Solution Found!
--------------------
Time: 0 hour(s), 0 minute(s), 0 second(s), 648 millisecond(s)

Fitness: 38349

0	2	0	3	0	1	0	
0	0	0	2	0	1	0	
1	1	0	2	0	2	2	
0	2	2	3	0	3	2	
0	2	0	0	0	0	1	
0	3	0	0	0	3	0	
0	1	3	1	0	1	2	
0	1	0	3	0	1	1	
0	3	0	3	0	2	1	
0	3	0	1	2	2	1	
0	0	0	3	0	2	0	
0	1	0	0	0	1	2	
0	0	0	1	0	3	2	
0	2	0	0	0	2	1	
0	1	0	1	2	1	2	
0	2	1	3	0	3	2	
0	2	0	0	0	2	3	
0	1	0	1	0	2	1	
0	3	2	2	0	0	1	
0	2	0	0	0	2	3	
0	1	0	3	0	1	1	
0	0	0	3	0	1	0	
0	1	1	3	0	3	3	
0	3	0	0	0	1	0	
3	0	0	0	0	0	2	
0	2	0	2	0	3	2	
0	3	0	1	3	1	2	
0	2	0	2	0	2	0	
0	0	2	3	0	2	0	
0	1	0	0	0	3	2	
2	0	0	0	0	2	2	
0	2	0	3	0	2	0	
0	2	3	3	0	1	2	
0	0	0	3	0	1	1	
0	1	1	1	0	0	1	
0	1	0	0	0	2	0	
0	2	0	0	1	2	1	
0	1	0	0	0	1	0	
0	1	0	3	0	1	1	
0	1	0	3	1	2	3	
0	0	0	1	0	1	0	
0	0	0	2	0	2	3	
0	2	0	2	1	1	2	
0	3	0	3	0	3	3	
0	2	0	3	0	2	2	
0	1	0	2	0	1	1	
0	2	0	2	0	0	1	
0	1	0	1	0	0	1	
1	0	0	3	1	2	1	
0	0	0	0	0	2	3	
--------------------

--------------------
Best Solution Found!
--------------------
Time: 0 hour(s), 0 minute(s), 0 second(s), 649 millisecond(s)

Fitness: 38349

0	2	0	3	0	1	0	
0	0	0	2	0	1	0	
1	1	0	2	0	2	2	
0	2	2	3	0	3	2	
0	2	0	0	0	0	1	
0	3	0	0	0	3	0	
0	1	3	1	0	1	2	
0	1	0	3	0	1	1	
0	3	0	3	0	2	1	
0	3	0	1	2	2	1	
0	0	0	3	0	2	0	
0	1	0	0	0	1	2	
0	0	0	1	0	3	2	
0	2	0	0	0	2	1	
0	1	0	1	2	1	2	
0	2	1	3	0	3	2	
0	2	0	0	0	2	3	
0	1	0	1	0	2	1	
0	3	2	2	0	0	1	
0	2	0	0	0	2	3	
0	1	0	3	0	1	1	
0	0	0	3	0	1	0	
0	1	1	3	0	3	3	
0	3	0	0	0	1	0	
3	0	0	0	0	0	2	
0	2	0	2	0	3	2	
0	3	0	1	3	1	2	
0	2	0	2	0	2	0	
0	0	2	3	0	2	0	
0	1	0	0	0	3	2	
2	0	0	0	0	2	2	
0	2	0	3	0	2	0	
0	2	3	3	0	1	2	
0	0	0	3	0	1	1	
0	1	1	1	0	0	1	
0	1	0	0	0	2	0	
0	2	0	0	1	2	1	
0	1	0	0	0	1	0	
0	1	0	3	0	1	1	
0	1	0	3	1	2	3	
0	0	0	1	0	1	0	
0	0	0	2	0	2	3	
0	2	0	2	1	1	2	
0	3	0	3	0	3	3	
0	2	0	3	0	2	2	
0	1	0	2	0	1	1	
0	2	0	2	0	0	1	
0	1	0	1	0	0	1	
1	0	0	3	1	2	1	
0	0	0	0	0	2	3	
--------------------

--------------------
Best Solution Found!
--------------------
Time: 0 hour(s), 0 minute(s), 0 second(s), 650 millisecond(s)

Fitness: 38349

0	2	0	3	0	1	0	
0	0	0	2	0	1	0	
1	1	0	2	0	2	2	
0	2	2	3	0	3	2	
0	2	0	0	0	0	1	
0	3	0	0	0	3	0	
0	1	3	1	0	1	2	
0	1	0	3	0	1	1	
0	3	0	3	0	2	1	
0	3	0	1	2	2	1	
0	0	0	3	0	2	0	
0	1	0	0	0	1	2	
0	0	0	1	0	3	2	
0	2	0	0	0	2	1	
0	1	0	1	2	1	2	
0	2	1	3	0	3	2	
0	2	0	0	0	2	3	
0	1	0	1	0	2	1	
0	3	2	2	0	0	1	
0	2	0	0	0	2	3	
0	1	0	3	0	1	1	
0	0	0	3	0	1	0	
0	1	1	3	0	3	3	
0	3	0	0	0	1	0	
3	0	0	0	0	0	2	
0	2	0	2	0	3	2	
0	3	0	1	3	1	2	
0	2	0	2	0	2	0	
0	0	2	3	0	2	0	
0	1	0	0	0	3	2	
2	0	0	0	0	2	2	
0	2	0	3	0	2	0	
0	2	3	3	0	1	2	
0	0	0	3	0	1	1	
0	1	1	1	0	0	1	
0	1	0	0	0	2	0	
0	2	0	0	1	2	1	
0	1	0	0	0	1	0	
0	1	0	3	0	1	1	
0	1	0	3	1	2	3	
0	0	0	1	0	1	0	
0	0	0	2	0	2	3	
0	2	0	2	1	1	2	
0	3	0	3	0	3	3	
0	2	0	3	0	2	2	
0	1	0	2	0	1	1	
0	2	0	2	0	0	1	
0	1	0	1	0	0	1	
1	0	0	3	1	2	1	
0	0	0	0	0	2	3	
--------------------

--------------------
Best Solution Found!
--------------------
Time: 0 hour(s), 0 minute(s), 0 second(s), 881 millisecond(s)

Fitness: 36352

0	2	0	2	0	2	0	
0	1	3	2	0	3	3	
0	1	0	3	0	2	2	
1	0	0	3	0	3	2	
0	2	0	0	0	1	0	
0	0	0	0	0	1	2	
3	2	0	1	0	2	1	
0	1	1	3	0	2	1	
0	1	0	0	0	1	3	
0	1	0	3	0	1	1	
0	1	0	0	0	2	2	
0	0	3	3	0	2	2	
0	1	2	3	0	1	1	
0	2	0	1	0	3	1	
1	2	0	2	0	1	1	
0	3	0	0	0	2	0	
0	0	0	3	3	2	1	
0	0	0	2	1	1	2	
0	0	0	3	0	2	3	
0	2	0	3	0	0	0	
0	0	2	0	0	0	2	
0	2	1	1	0	2	2	
0	3	0	3	0	1	2	
0	2	2	1	0	1	3	
0	3	0	0	0	0	3	
0	3	0	3	0	3	2	
0	1	0	0	0	3	0	
0	2	1	3	0	2	1	
0	2	0	1	1	2	2	
2	1	0	3	0	2	1	
0	3	0	3	1	2	2	
0	0	0	0	0	3	1	
0	1	0	2	1	2	1	
0	0	0	0	0	2	3	
0	3	0	0	0	0	0	
0	1	0	0	0	3	3	
0	0	0	1	0	2	0	
0	2	0	3	0	2	0	
0	3	0	0	0	1	1	
0	0	0	2	0	1	0	
0	1	0	2	0	0	2	
0	1	0	0	0	2	2	
0	0	0	3	0	1	0	
0	1	0	1	0	1	1	
0	2	0	2	0	1	0	
0	2	0	3	2	1	1	
0	1	0	1	0	1	2	
0	1	0	2	0	0	0	
0	2	0	1	0	1	1	
0	2	0	3	2	3	1	
--------------------

--------------------
Best Solution Found!
--------------------
Time: 0 hour(s), 0 minute(s), 0 second(s), 882 millisecond(s)

Fitness: 36352

0	2	0	2	0	2	0	
0	1	3	2	0	3	3	
0	1	0	3	0	2	2	
1	0	0	3	0	3	2	
0	2	0	0	0	1	0	
0	0	0	0	0	1	2	
3	2	0	1	0	2	1	
0	1	1	3	0	2	1	
0	1	0	0	0	1	3	
0	1	0	3	0	1	1	
0	1	0	0	0	2	2	
0	0	3	3	0	2	2	
0	1	2	3	0	1	1	
0	2	0	1	0	3	1	
1	2	0	2	0	1	1	
0	3	0	0	0	2	0	
0	0	0	3	3	2	1	
0	0	0	2	1	1	2	
0	0	0	3	0	2	3	
0	2	0	3	0	0	0	
0	0	2	0	0	0	2	
0	2	1	1	0	2	2	
0	3	0	3	0	1	2	
0	2	2	1	0	1	3	
0	3	0	0	0	0	3	
0	3	0	3	0	3	2	
0	1	0	0	0	3	0	
0	2	1	3	0	2	1	
0	2	0	1	1	2	2	
2	1	0	3	0	2	1	
0	3	0	3	1	2	2	
0	0	0	0	0	3	1	
0	1	0	2	1	2	1	
0	0	0	0	0	2	3	
0	3	0	0	0	0	0	
0	1	0	0	0	3	3	
0	0	0	1	0	2	0	
0	2	0	3	0	2	0	
0	3	0	0	0	1	1	
0	0	0	2	0	1	0	
0	1	0	2	0	0	2	
0	1	0	0	0	2	2	
0	0	0	3	0	1	0	
0	1	0	1	0	1	1	
0	2	0	2	0	1	0	
0	2	0	3	2	1	1	
0	1	0	1	0	1	2	
0	1	0	2	0	0	0	
0	2	0	1	0	1	1	
0	2	0	3	2	3	1	
--------------------

--------------------
Best Solution Found!
--------------------
Time: 0 hour(s), 0 minute(s), 0 second(s), 884 millisecond(s)

Fitness: 36352

0	2	0	2	0	2	0	
0	1	3	2	0	3	3	
0	1	0	3	0	2	2	
1	0	0	3	0	3	2	
0	2	0	0	0	1	0	
0	0	0	0	0	1	2	
3	2	0	1	0	2	1	
0	1	1	3	0	2	1	
0	1	0	0	0	1	3	
0	1	0	3	0	1	1	
0	1	0	0	0	2	2	
0	0	3	3	0	2	2	
0	1	2	3	0	1	1	
0	2	0	1	0	3	1	
1	2	0	2	0	1	1	
0	3	0	0	0	2	0	
0	0	0	3	3	2	1	
0	0	0	2	1	1	2	
0	0	0	3	0	2	3	
0	2	0	3	0	0	0	
0	0	2	0	0	0	2	
0	2	1	1	0	2	2	
0	3	0	3	0	1	2	
0	2	2	1	0	1	3	
0	3	0	0	0	0	3	
0	3	0	3	0	3	2	
0	1	0	0	0	3	0	
0	2	1	3	0	2	1	
0	2	0	1	1	2	2	
2	1	0	3	0	2	1	
0	3	0	3	1	2	2	
0	0	0	0	0	3	1	
0	1	0	2	1	2	1	
0	0	0	0	0	2	3	
0	3	0	0	0	0	0	
0	1	0	0	0	3	3	
0	0	0	1	0	2	0	
0	2	0	3	0	2	0	
0	3	0	0	0	1	1	
0	0	0	2	0	1	0	
0	1	0	2	0	0	2	
0	1	0	0	0	2	2	
0	0	0	3	0	1	0	
0	1	0	1	0	1	1	
0	2	0	2	0	1	0	
0	2	0	3	2	1	1	
0	1	0	1	0	1	2	
0	1	0	2	0	0	0	
0	2	0	1	0	1	1	
0	2	0	3	2	3	1	
--------------------

--------------------
Best Solution Found!
--------------------
Time: 0 hour(s), 0 minute(s), 0 second(s), 885 millisecond(s)

Fitness: 36352

0	2	0	2	0	2	0	
0	1	3	2	0	3	3	
0	1	0	3	0	2	2	
1	0	0	3	0	3	2	
0	2	0	0	0	1	0	
0	0	0	0	0	1	2	
3	2	0	1	0	2	1	
0	1	1	3	0	2	1	
0	1	0	0	0	1	3	
0	1	0	3	0	1	1	
0	1	0	0	0	2	2	
0	0	3	3	0	2	2	
0	1	2	3	0	1	1	
0	2	0	1	0	3	1	
1	2	0	2	0	1	1	
0	3	0	0	0	2	0	
0	0	0	3	3	2	1	
0	0	0	2	1	1	2	
0	0	0	3	0	2	3	
0	2	0	3	0	0	0	
0	0	2	0	0	0	2	
0	2	1	1	0	2	2	
0	3	0	3	0	1	2	
0	2	2	1	0	1	3	
0	3	0	0	0	0	3	
0	3	0	3	0	3	2	
0	1	0	0	0	3	0	
0	2	1	3	0	2	1	
0	2	0	1	1	2	2	
2	1	0	3	0	2	1	
0	3	0	3	1	2	2	
0	0	0	0	0	3	1	
0	1	0	2	1	2	1	
0	0	0	0	0	2	3	
0	3	0	0	0	0	0	
0	1	0	0	0	3	3	
0	0	0	1	0	2	0	
0	2	0	3	0	2	0	
0	3	0	0	0	1	1	
0	0	0	2	0	1	0	
0	1	0	2	0	0	2	
0	1	0	0	0	2	2	
0	0	0	3	0	1	0	
0	1	0	1	0	1	1	
0	2	0	2	0	1	0	
0	2	0	3	2	1	1	
0	1	0	1	0	1	2	
0	1	0	2	0	0	0	
0	2	0	1	0	1	1	
0	2	0	3	2	3	1	
--------------------

--------------------
Best Solution Found!
--------------------
Time: 0 hour(s), 0 minute(s), 0 second(s), 886 millisecond(s)

Fitness: 36352

0	2	0	2	0	2	0	
0	1	3	2	0	3	3	
0	1	0	3	0	2	2	
1	0	0	3	0	3	2	
0	2	0	0	0	1	0	
0	0	0	0	0	1	2	
3	2	0	1	0	2	1	
0	1	1	3	0	2	1	
0	1	0	0	0	1	3	
0	1	0	3	0	1	1	
0	1	0	0	0	2	2	
0	0	3	3	0	2	2	
0	1	2	3	0	1	1	
0	2	0	1	0	3	1	
1	2	0	2	0	1	1	
0	3	0	0	0	2	0	
0	0	0	3	3	2	1	
0	0	0	2	1	1	2	
0	0	0	3	0	2	3	
0	2	0	3	0	0	0	
0	0	2	0	0	0	2	
0	2	1	1	0	2	2	
0	3	0	3	0	1	2	
0	2	2	1	0	1	3	
0	3	0	0	0	0	3	
0	3	0	3	0	3	2	
0	1	0	0	0	3	0	
0	2	1	3	0	2	1	
0	2	0	1	1	2	2	
2	1	0	3	0	2	1	
0	3	0	3	1	2	2	
0	0	0	0	0	3	1	
0	1	0	2	1	2	1	
0	0	0	0	0	2	3	
0	3	0	0	0	0	0	
0	1	0	0	0	3	3	
0	0	0	1	0	2	0	
0	2	0	3	0	2	0	
0	3	0	0	0	1	1	
0	0	0	2	0	1	0	
0	1	0	2	0	0	2	
0	1	0	0	0	2	2	
0	0	0	3	0	1	0	
0	1	0	1	0	1	1	
0	2	0	2	0	1	0	
0	2	0	3	2	1	1	
0	1	0	1	0	1	2	
0	1	0	2	0	0	0	
0	2	0	1	0	1	1	
0	2	0	3	2	3	1	
--------------------

--------------------
Best Solution Found!
--------------------
Time: 0 hour(s), 0 minute(s), 4 second(s), 673 millisecond(s)

Fitness: 35356

0	2	0	3	0	2	1	
0	2	0	1	0	1	3	
0	2	0	3	0	3	1	
0	1	0	0	0	0	2	
2	1	0	3	0	1	1	
1	2	0	0	0	2	1	
0	0	0	3	0	2	1	
0	1	0	0	0	1	0	
0	3	0	0	0	2	2	
0	1	3	3	0	2	2	
0	3	1	3	0	1	1	
0	1	0	1	0	0	1	
0	3	0	3	2	3	2	
3	1	0	3	0	1	2	
0	2	0	2	3	1	2	
0	0	0	3	0	1	2	
0	0	2	0	0	1	3	
0	1	2	2	0	1	2	
0	1	0	3	0	3	1	
0	2	1	1	0	2	1	
0	2	0	3	0	3	3	
0	0	0	0	0	2	0	
0	0	0	1	0	0	2	
0	1	0	0	0	0	0	
0	1	0	2	0	1	1	
0	2	0	2	0	2	0	
1	3	0	1	0	0	1	
0	0	0	0	0	1	1	
0	1	0	0	0	2	3	
0	0	0	0	0	2	0	
0	1	0	2	0	1	0	
0	1	0	3	1	2	2	
0	3	1	1	0	2	3	
0	1	0	3	0	3	2	
0	0	0	0	0	0	0	
0	3	0	0	0	2	2	
0	0	0	0	0	1	0	
0	2	0	2	0	1	2	
0	1	0	2	0	2	3	
0	2	0	3	1	2	1	
0	2	0	1	2	1	3	
0	3	0	1	0	3	0	
0	2	0	2	1	2	1	
0	0	3	3	1	2	2	
0	2	0	1	0	3	1	
0	2	0	2	0	3	0	
0	1	0	0	0	2	0	
0	0	0	3	0	1	1	
0	2	2	3	0	2	2	
0	0	0	3	0	1	0	
--------------------

--------------------
Best Solution Found!
--------------------
Time: 0 hour(s), 0 minute(s), 4 second(s), 676 millisecond(s)

Fitness: 35356

0	2	0	3	0	2	1	
0	2	0	1	0	1	3	
0	2	0	3	0	3	1	
0	1	0	0	0	0	2	
2	1	0	3	0	1	1	
1	2	0	0	0	2	1	
0	0	0	3	0	2	1	
0	1	0	0	0	1	0	
0	3	0	0	0	2	2	
0	1	3	3	0	2	2	
0	3	1	3	0	1	1	
0	1	0	1	0	0	1	
0	3	0	3	2	3	2	
3	1	0	3	0	1	2	
0	2	0	2	3	1	2	
0	0	0	3	0	1	2	
0	0	2	0	0	1	3	
0	1	2	2	0	1	2	
0	1	0	3	0	3	1	
0	2	1	1	0	2	1	
0	2	0	3	0	3	3	
0	0	0	0	0	2	0	
0	0	0	1	0	0	2	
0	1	0	0	0	0	0	
0	1	0	2	0	1	1	
0	2	0	2	0	2	0	
1	3	0	1	0	0	1	
0	0	0	0	0	1	1	
0	1	0	0	0	2	3	
0	0	0	0	0	2	0	
0	1	0	2	0	1	0	
0	1	0	3	1	2	2	
0	3	1	1	0	2	3	
0	1	0	3	0	3	2	
0	0	0	0	0	0	0	
0	3	0	0	0	2	2	
0	0	0	0	0	1	0	
0	2	0	2	0	1	2	
0	1	0	2	0	2	3	
0	2	0	3	1	2	1	
0	2	0	1	2	1	3	
0	3	0	1	0	3	0	
0	2	0	2	1	2	1	
0	0	3	3	1	2	2	
0	2	0	1	0	3	1	
0	2	0	2	0	3	0	
0	1	0	0	0	2	0	
0	0	0	3	0	1	1	
0	2	2	3	0	2	2	
0	0	0	3	0	1	0	
--------------------

--------------------
Best Solution Found!
--------------------
Time: 0 hour(s), 0 minute(s), 4 second(s), 677 millisecond(s)

Fitness: 35356

0	2	0	3	0	2	1	
0	2	0	1	0	1	3	
0	2	0	3	0	3	1	
0	1	0	0	0	0	2	
2	1	0	3	0	1	1	
1	2	0	0	0	2	1	
0	0	0	3	0	2	1	
0	1	0	0	0	1	0	
0	3	0	0	0	2	2	
0	1	3	3	0	2	2	
0	3	1	3	0	1	1	
0	1	0	1	0	0	1	
0	3	0	3	2	3	2	
3	1	0	3	0	1	2	
0	2	0	2	3	1	2	
0	0	0	3	0	1	2	
0	0	2	0	0	1	3	
0	1	2	2	0	1	2	
0	1	0	3	0	3	1	
0	2	1	1	0	2	1	
0	2	0	3	0	3	3	
0	0	0	0	0	2	0	
0	0	0	1	0	0	2	
0	1	0	0	0	0	0	
0	1	0	2	0	1	1	
0	2	0	2	0	2	0	
1	3	0	1	0	0	1	
0	0	0	0	0	1	1	
0	1	0	0	0	2	3	
0	0	0	0	0	2	0	
0	1	0	2	0	1	0	
0	1	0	3	1	2	2	
0	3	1	1	0	2	3	
0	1	0	3	0	3	2	
0	0	0	0	0	0	0	
0	3	0	0	0	2	2	
0	0	0	0	0	1	0	
0	2	0	2	0	1	2	
0	1	0	2	0	2	3	
0	2	0	3	1	2	1	
0	2	0	1	2	1	3	
0	3	0	1	0	3	0	
0	2	0	2	1	2	1	
0	0	3	3	1	2	2	
0	2	0	1	0	3	1	
0	2	0	2	0	3	0	
0	1	0	0	0	2	0	
0	0	0	3	0	1	1	
0	2	2	3	0	2	2	
0	0	0	3	0	1	0	
--------------------

--------------------
Best Solution Found!
--------------------
Time: 0 hour(s), 0 minute(s), 4 second(s), 678 millisecond(s)

Fitness: 35356

0	2	0	3	0	2	1	
0	2	0	1	0	1	3	
0	2	0	3	0	3	1	
0	1	0	0	0	0	2	
2	1	0	3	0	1	1	
1	2	0	0	0	2	1	
0	0	0	3	0	2	1	
0	1	0	0	0	1	0	
0	3	0	0	0	2	2	
0	1	3	3	0	2	2	
0	3	1	3	0	1	1	
0	1	0	1	0	0	1	
0	3	0	3	2	3	2	
3	1	0	3	0	1	2	
0	2	0	2	3	1	2	
0	0	0	3	0	1	2	
0	0	2	0	0	1	3	
0	1	2	2	0	1	2	
0	1	0	3	0	3	1	
0	2	1	1	0	2	1	
0	2	0	3	0	3	3	
0	0	0	0	0	2	0	
0	0	0	1	0	0	2	
0	1	0	0	0	0	0	
0	1	0	2	0	1	1	
0	2	0	2	0	2	0	
1	3	0	1	0	0	1	
0	0	0	0	0	1	1	
0	1	0	0	0	2	3	
0	0	0	0	0	2	0	
0	1	0	2	0	1	0	
0	1	0	3	1	2	2	
0	3	1	1	0	2	3	
0	1	0	3	0	3	2	
0	0	0	0	0	0	0	
0	3	0	0	0	2	2	
0	0	0	0	0	1	0	
0	2	0	2	0	1	2	
0	1	0	2	0	2	3	
0	2	0	3	1	2	1	
0	2	0	1	2	1	3	
0	3	0	1	0	3	0	
0	2	0	2	1	2	1	
0	0	3	3	1	2	2	
0	2	0	1	0	3	1	
0	2	0	2	0	3	0	
0	1	0	0	0	2	0	
0	0	0	3	0	1	1	
0	2	2	3	0	2	2	
0	0	0	3	0	1	0	
--------------------


The best solution was found at the restart: 0, population: 0
Total Time Elapsed: 0 hour(s), 2 minute(s), 4 second(s), 871 millisecond(s)

