--------------------
Best Solution Found!
--------------------
Time: 0 hour(s), 0 minute(s), 0 second(s), 6 millisecond(s)

Fitness: 325066

0	2	0	0	0	1	0	2	0	0	2	0	0	0	2	0	1	2	0	0	2	1	0	2	0	0	1	2	
0	1	1	0	2	1	0	2	1	0	2	0	0	0	0	0	1	1	0	0	0	1	0	2	0	0	1	2	
0	0	1	1	2	1	0	2	0	2	2	0	0	0	0	0	2	1	0	0	3	1	1	1	0	0	1	2	
0	2	2	0	0	1	0	3	2	0	2	0	0	0	1	0	1	2	0	0	2	1	0	2	0	0	1	2	
0	2	0	0	2	1	0	0	0	0	2	0	0	0	0	0	1	2	0	0	3	1	1	0	0	0	2	2	
0	0	1	0	1	0	0	3	1	0	3	0	0	0	3	0	1	0	0	0	2	0	3	2	0	0	0	2	
1	1	2	0	2	0	0	3	0	0	2	0	0	2	0	0	2	2	0	0	0	1	0	2	0	0	1	2	
1	2	1	0	2	1	0	3	1	2	2	0	0	0	0	0	1	2	0	0	2	3	0	0	0	3	0	2	
0	0	2	0	2	3	0	2	1	0	3	0	0	0	0	0	0	2	0	3	2	1	1	2	0	0	0	1	
0	2	1	3	2	1	0	2	0	2	1	0	3	2	2	0	2	1	0	0	3	1	0	2	0	0	1	2	
1	2	1	0	3	1	0	0	0	0	3	0	0	0	0	0	1	2	0	1	1	1	0	2	0	2	1	1	
3	2	1	0	2	1	0	2	1	0	2	0	0	0	2	0	1	2	0	0	2	2	0	2	0	2	1	2	
0	1	2	0	1	1	1	2	0	1	2	0	0	0	0	0	1	2	0	0	2	0	0	2	0	0	1	1	
0	2	0	0	2	0	0	2	0	0	2	0	0	0	0	2	1	2	0	0	2	1	0	2	0	0	1	2	
0	2	1	0	3	0	2	3	1	0	2	0	0	0	0	0	1	2	0	3	1	0	1	1	0	0	1	2	
0	1	0	0	2	1	0	2	0	2	1	0	0	2	0	0	1	2	0	0	2	3	0	0	0	0	2	1	
0	0	2	0	2	1	1	0	0	0	3	0	0	0	0	0	1	1	2	0	3	2	0	0	0	0	1	2	
0	2	1	0	2	1	0	2	0	0	2	0	0	0	2	0	1	1	0	0	2	1	0	0	1	0	1	2	
0	1	2	0	2	1	0	2	0	0	2	0	3	0	0	0	1	2	0	0	2	1	0	2	0	2	1	1	
0	2	0	0	2	1	0	2	1	0	2	0	0	0	0	2	1	2	0	0	0	0	0	2	0	0	0	0	
0	2	1	0	3	1	0	2	0	0	2	2	0	0	0	0	1	2	0	0	2	1	0	1	0	2	2	2	
0	1	1	0	2	1	0	0	2	0	3	0	0	0	0	0	0	2	0	0	2	1	1	1	0	0	1	2	
0	2	1	0	2	1	0	0	0	2	2	0	0	0	0	0	1	1	0	0	2	1	0	2	0	2	0	2	
0	0	1	0	3	3	0	3	0	0	2	2	3	0	0	0	2	2	0	0	1	2	3	2	0	2	0	1	
0	2	1	0	2	2	1	2	0	0	2	0	0	0	2	0	2	2	2	0	2	1	0	2	0	0	1	2	
0	0	0	0	2	3	0	0	0	0	2	0	0	2	3	0	1	2	1	0	2	1	0	1	0	0	0	1	
0	2	1	0	2	1	0	0	0	0	2	0	0	0	0	0	1	2	0	0	0	0	0	2	0	0	1	2	
0	2	1	3	2	1	0	2	0	2	2	0	0	2	0	0	1	2	0	0	2	1	0	0	0	3	1	1	
0	2	1	0	2	0	1	2	1	0	2	0	0	0	0	0	1	2	0	0	2	1	0	2	0	0	1	2	
0	2	1	0	2	1	0	2	0	0	2	0	3	0	0	0	1	1	0	0	0	1	0	2	0	2	1	2	
0	2	1	0	2	1	0	2	0	2	2	0	0	0	0	2	1	2	2	0	2	1	0	2	1	0	1	2	
0	0	2	1	2	2	0	2	0	0	2	0	0	2	0	1	2	2	0	3	2	1	0	0	0	0	2	2	
0	2	1	0	3	3	0	0	0	0	2	0	0	0	0	0	1	2	0	0	0	3	0	2	0	0	2	2	
3	1	1	0	2	1	0	2	0	0	2	0	0	2	0	2	1	2	0	0	2	3	0	2	0	0	1	2	
0	2	1	3	1	1	0	2	0	0	3	0	3	0	2	0	0	2	0	0	2	1	0	1	0	0	1	2	
1	2	1	3	3	1	0	2	1	0	2	0	0	0	0	0	1	2	2	0	0	2	0	2	0	0	1	2	
1	1	1	0	2	1	0	0	0	0	2	0	0	0	0	0	2	2	0	0	1	1	3	2	1	0	1	2	
0	2	1	0	2	3	0	2	0	1	2	0	0	2	0	0	1	2	0	0	2	1	0	0	0	0	1	2	
0	1	1	0	0	0	0	2	0	0	3	0	0	0	2	0	1	2	0	0	2	1	1	0	0	0	1	2	
0	2	2	0	2	0	1	3	0	0	2	0	0	0	0	0	1	2	0	0	0	2	0	1	0	2	1	2	
0	2	0	0	2	1	0	2	0	0	2	0	0	0	0	0	2	2	0	0	3	1	0	2	0	2	1	2	
0	2	1	0	2	0	1	2	0	2	2	0	0	1	0	0	1	2	1	0	2	1	0	2	0	0	1	2	
0	2	2	0	2	0	0	2	0	0	2	0	0	0	0	0	1	2	0	0	2	0	1	0	0	0	1	1	
0	2	1	3	2	1	0	0	1	0	2	0	0	1	2	2	1	1	0	0	2	1	0	2	0	0	0	2	
0	0	1	3	2	1	1	2	0	2	3	3	0	0	0	0	2	2	0	0	3	1	0	2	0	0	1	2	
0	0	1	3	2	2	2	2	0	0	2	0	1	0	0	0	1	2	0	0	2	1	1	1	0	0	0	2	
0	2	1	0	0	1	0	0	0	0	2	0	0	0	0	0	2	1	0	0	0	0	0	2	1	0	2	2	
0	0	1	0	0	1	0	0	0	0	2	0	0	0	0	0	1	1	0	0	2	1	0	2	0	0	1	2	
0	2	1	0	2	1	1	3	0	2	2	0	0	0	0	0	1	2	1	3	2	1	0	0	0	0	1	0	
0	2	1	0	0	0	1	2	0	0	3	0	3	0	0	0	1	2	0	3	0	1	1	2	1	0	1	2	
0	2	2	0	3	1	0	2	0	0	2	0	0	0	0	0	1	2	0	0	2	1	0	2	0	2	0	2	
0	2	1	0	2	1	0	3	0	0	2	0	0	0	0	0	1	2	0	0	0	2	0	1	0	0	1	2	
0	2	1	3	2	1	2	2	0	0	2	0	0	0	2	0	1	2	0	0	2	1	0	2	0	0	2	2	
0	1	1	0	2	3	1	2	1	0	2	0	0	0	2	2	1	1	0	0	2	0	0	2	2	0	1	2	
1	2	1	0	2	1	0	2	0	0	3	0	0	0	2	2	1	2	2	0	2	3	1	0	1	0	2	0	
1	2	1	0	3	0	1	2	0	0	2	0	0	0	0	1	1	2	0	0	2	1	0	1	0	0	2	2	
0	2	1	0	2	1	0	2	0	0	2	0	0	1	0	0	1	2	0	3	0	1	0	2	0	0	1	1	
0	2	2	0	2	1	0	3	0	1	2	0	3	2	0	0	0	2	0	3	2	1	0	0	0	0	1	0	
1	2	0	0	2	1	0	2	0	0	2	0	1	2	0	0	2	2	0	0	2	1	0	2	0	0	1	1	
0	2	1	0	2	3	0	2	2	0	2	0	0	2	2	0	1	1	0	1	2	1	0	2	0	0	2	0	
--------------------

--------------------
Best Solution Found!
--------------------
Time: 0 hour(s), 0 minute(s), 0 second(s), 10 millisecond(s)

Fitness: 323072

0	2	0	3	0	1	0	0	0	0	2	0	0	0	2	0	1	2	0	0	2	1	0	2	0	0	1	2	
3	1	1	0	2	1	0	2	0	0	2	0	0	0	0	0	1	1	0	0	0	1	0	2	0	0	1	2	
0	0	1	0	2	1	0	3	0	2	2	0	0	0	0	0	1	1	0	3	3	1	1	1	0	0	1	2	
0	2	2	0	0	1	0	2	0	0	2	0	0	0	0	0	1	2	0	3	2	1	0	2	0	0	2	2	
0	2	0	3	2	1	0	2	0	0	2	0	0	0	0	0	1	2	0	0	3	1	1	0	0	0	1	2	
0	0	1	0	1	0	0	2	0	0	2	0	0	0	0	0	1	0	0	0	2	0	3	2	1	0	0	2	
0	1	2	3	2	0	0	2	0	0	2	0	0	2	3	0	1	2	0	0	0	1	0	2	0	0	0	2	
0	2	1	0	2	1	0	3	1	2	2	0	0	0	2	0	1	2	0	0	2	3	0	0	0	3	1	2	
0	0	2	0	2	3	0	0	0	0	2	0	0	0	0	0	0	2	0	0	2	1	1	2	0	0	0	1	
0	2	1	0	2	1	0	2	0	2	2	0	3	2	0	0	0	1	2	0	3	1	0	2	0	0	1	2	
0	2	1	0	3	1	0	2	1	0	2	0	0	0	0	0	1	2	0	3	1	1	0	2	0	2	2	1	
0	2	1	0	2	1	0	0	0	0	2	0	0	0	2	0	1	2	0	0	2	2	0	2	0	2	0	2	
0	1	2	0	1	1	1	2	1	1	2	0	0	0	0	0	1	2	2	3	2	0	0	2	0	0	1	1	
1	2	0	0	2	0	0	2	0	0	3	0	0	0	0	2	1	2	0	0	2	1	0	2	0	0	1	2	
0	2	1	0	3	0	2	2	0	0	2	0	0	0	0	0	0	2	0	0	1	0	1	1	0	0	1	2	
0	1	0	0	2	1	0	2	0	2	2	0	0	2	0	0	2	2	0	1	2	3	0	0	2	0	1	1	
1	0	2	1	2	1	1	2	0	0	2	0	0	0	0	0	2	1	0	3	3	2	0	0	0	0	0	2	
0	2	1	0	2	1	0	2	0	0	2	0	0	0	3	0	1	1	0	0	2	1	0	0	0	0	2	2	
0	1	2	0	2	1	0	2	1	0	2	0	3	0	1	0	2	2	0	0	2	1	0	2	0	2	0	1	
0	2	0	0	2	1	0	2	0	0	2	0	0	0	2	2	1	2	0	0	0	0	0	2	0	0	1	0	
0	2	1	0	3	1	0	0	2	0	2	2	0	0	0	0	1	2	0	1	2	1	0	1	0	2	1	2	
0	1	1	0	2	1	0	2	0	0	2	0	0	0	0	0	1	2	0	0	2	1	1	1	1	0	0	2	
0	2	1	1	2	1	0	2	1	2	2	0	0	0	0	0	1	1	0	0	2	1	0	2	1	2	1	2	
0	0	1	0	3	3	0	2	0	0	2	2	3	0	0	0	1	2	0	0	1	2	3	2	1	2	1	1	
1	2	1	3	2	2	1	2	0	0	2	0	0	0	0	0	1	2	0	0	2	1	0	2	0	0	1	2	
1	0	0	0	2	3	0	2	1	0	2	0	0	2	0	0	1	2	2	0	2	1	0	1	0	0	1	1	
0	2	1	0	2	1	0	3	0	0	3	0	0	0	0	0	1	2	0	0	0	0	0	2	0	0	1	2	
1	2	1	0	2	1	0	2	0	2	2	0	0	2	0	0	1	2	0	0	2	1	0	0	1	3	1	1	
1	2	1	0	2	0	1	2	0	0	2	0	0	0	0	0	1	2	0	3	2	1	0	2	1	0	1	2	
0	2	1	0	2	1	0	2	1	0	3	0	3	0	0	0	1	1	1	0	0	1	0	2	0	2	1	2	
0	2	1	0	2	1	0	0	2	2	2	0	0	0	0	2	2	2	0	0	2	1	0	2	0	0	2	2	
0	0	2	0	2	2	0	2	0	0	2	0	0	2	0	1	1	2	0	0	2	1	0	0	0	0	1	2	
0	2	1	0	3	3	0	3	2	0	3	0	0	0	0	0	1	2	0	0	0	3	0	2	0	0	1	2	
0	1	1	0	2	1	0	2	0	0	2	0	0	2	0	2	1	2	0	0	2	3	0	2	0	0	1	2	
3	2	1	0	1	1	0	3	1	0	3	0	3	0	2	0	1	2	1	0	2	1	0	1	0	0	0	2	
0	2	1	3	3	1	0	3	0	0	1	0	0	0	0	0	2	2	0	0	0	2	0	2	0	0	2	2	
0	1	1	0	2	1	0	0	0	0	2	0	0	0	2	0	1	2	0	0	1	1	3	2	0	0	0	2	
0	2	1	0	2	3	0	2	0	1	2	0	0	2	0	0	1	2	0	0	2	1	0	0	0	0	1	2	
1	1	1	3	0	0	0	2	0	0	2	0	0	0	0	0	1	2	0	0	2	1	1	0	0	0	1	2	
1	2	2	0	2	0	1	3	0	0	1	0	0	0	0	0	1	2	0	0	0	2	0	1	0	2	1	2	
0	2	0	0	2	1	0	2	0	0	2	0	0	0	0	0	2	2	0	0	3	1	0	2	0	2	1	2	
0	2	1	0	2	0	1	2	0	2	2	0	0	1	0	0	1	2	0	0	2	1	0	2	0	0	1	2	
0	2	2	0	2	0	0	3	0	0	3	0	0	0	0	0	1	2	0	0	2	0	1	0	0	0	1	1	
0	2	1	0	2	1	0	2	1	0	2	0	0	1	2	2	1	1	0	0	2	1	0	2	0	0	0	2	
0	0	1	0	2	1	1	3	0	2	3	3	0	0	0	0	1	2	0	0	3	1	0	2	0	0	1	2	
0	0	1	0	2	2	2	2	0	0	2	0	1	0	0	0	0	2	1	0	2	1	1	1	0	0	1	2	
0	2	1	0	0	1	0	2	0	0	2	0	0	0	2	0	1	1	0	0	0	0	0	2	0	0	1	2	
0	0	1	0	0	1	0	0	1	0	2	0	0	0	2	0	1	1	2	0	2	1	0	2	0	0	1	2	
0	2	1	0	2	1	1	0	0	2	3	0	0	0	0	0	1	2	0	0	2	1	0	0	0	0	1	0	
0	2	1	0	0	0	1	2	0	0	2	0	3	0	0	0	1	2	0	0	0	1	1	2	0	0	2	2	
0	2	2	0	3	1	0	3	0	0	2	0	0	0	0	0	1	2	0	0	2	1	0	2	0	2	2	2	
0	2	1	0	2	1	0	2	0	0	2	0	0	0	0	0	1	2	0	0	0	2	0	1	0	0	2	2	
0	2	1	0	2	1	2	2	0	0	3	0	0	0	2	0	2	2	0	0	2	1	0	2	0	0	1	2	
0	1	1	0	2	3	1	2	1	0	2	0	0	0	0	2	2	1	0	0	2	0	0	2	0	0	1	2	
0	2	1	3	2	1	0	2	0	0	2	0	0	0	2	2	2	2	0	3	2	3	1	0	0	0	1	0	
0	2	1	0	3	0	1	0	0	0	2	0	0	0	0	1	2	2	0	0	2	1	0	1	0	0	2	2	
0	2	1	0	2	1	0	0	0	0	2	0	0	1	0	0	1	2	0	0	0	1	0	2	0	0	1	1	
0	2	2	0	2	1	0	0	0	1	3	0	3	2	0	0	1	2	0	0	2	1	0	0	0	0	2	0	
0	2	0	3	2	1	0	0	0	0	2	0	1	2	0	0	1	2	2	0	2	1	0	2	0	0	1	1	
0	2	1	0	2	3	0	2	0	0	2	0	0	2	2	0	2	1	0	0	2	1	0	2	0	0	1	0	
--------------------

--------------------
Best Solution Found!
--------------------
Time: 0 hour(s), 0 minute(s), 0 second(s), 14 millisecond(s)

Fitness: 321104

0	2	1	3	2	1	0	0	0	0	2	0	0	2	2	0	1	1	0	0	2	0	3	2	0	0	1	2	
1	1	1	0	2	0	0	2	1	2	2	0	1	0	0	0	1	2	0	0	2	0	0	0	0	0	1	1	
0	2	2	1	0	1	0	2	0	0	2	0	0	0	0	0	1	2	0	3	2	1	0	2	0	0	1	2	
0	2	2	0	0	0	0	2	0	2	2	0	0	2	0	2	1	2	0	0	2	1	0	1	1	0	2	0	
0	2	1	0	2	1	0	3	0	0	2	0	0	0	3	0	1	1	0	3	2	1	0	0	0	0	2	1	
1	2	1	0	2	1	0	3	0	0	2	0	0	0	0	0	2	2	0	0	2	1	0	2	0	2	2	2	
0	2	1	0	2	1	0	2	2	0	2	0	0	0	0	0	1	0	0	0	0	0	3	2	0	0	1	2	
3	0	1	0	2	1	0	2	0	0	2	0	0	0	0	0	1	1	0	1	3	1	0	0	0	0	2	2	
0	1	2	0	3	0	0	2	1	0	2	0	0	0	0	2	1	2	0	0	2	1	1	2	0	2	1	1	
0	0	1	0	3	0	0	2	0	0	2	2	0	2	0	0	0	2	0	0	2	1	0	2	0	0	1	0	
0	2	1	0	2	1	0	2	0	0	2	0	0	0	0	2	2	2	0	0	2	1	0	2	0	2	1	2	
0	2	1	0	3	1	0	3	1	0	3	0	0	0	0	0	1	2	0	0	1	1	1	2	0	0	1	2	
0	0	1	0	2	3	0	2	0	2	2	0	3	0	0	0	2	2	0	0	2	1	1	0	0	2	0	2	
0	2	0	3	1	1	0	0	0	2	2	0	0	0	0	0	2	1	2	0	3	1	0	2	1	0	1	2	
0	2	2	3	2	0	2	2	0	0	2	0	0	0	0	0	1	2	0	0	2	1	0	0	1	0	1	0	
0	2	0	0	0	1	0	2	0	0	3	0	0	0	0	0	1	2	0	0	2	2	0	1	0	2	2	1	
0	2	1	0	2	2	0	2	0	0	2	0	0	0	0	0	1	2	0	0	0	0	0	2	0	0	1	1	
0	2	2	0	2	1	2	2	0	1	2	0	0	0	2	0	1	2	0	0	2	1	0	0	0	0	1	2	
0	2	1	0	2	1	0	2	0	0	2	0	0	0	0	0	1	2	0	0	2	1	0	2	0	0	1	1	
1	2	2	0	2	1	0	2	0	2	2	0	0	2	0	0	1	2	0	3	2	0	0	0	0	0	1	2	
0	0	1	0	0	0	1	0	0	0	2	0	0	0	0	2	1	2	2	0	2	3	0	0	0	0	1	2	
0	2	1	0	2	1	0	2	0	0	2	0	0	0	0	0	1	2	0	0	2	1	0	2	1	0	0	2	
0	2	1	0	2	1	1	2	0	2	2	0	0	0	1	0	1	2	0	0	2	3	0	1	0	0	0	2	
0	1	1	0	2	3	0	3	0	0	2	0	0	0	0	0	2	2	0	0	2	2	0	1	0	0	2	2	
0	2	1	0	2	1	0	2	0	0	2	0	0	0	0	0	1	1	2	0	1	1	0	2	0	0	2	2	
0	1	1	0	2	1	0	0	0	0	2	0	0	2	0	0	1	2	0	0	2	1	0	2	0	0	1	2	
0	2	1	3	3	2	0	0	0	2	2	0	0	0	0	0	0	2	0	0	3	1	0	2	1	0	1	2	
0	2	0	0	2	1	0	2	0	0	1	0	0	0	2	0	1	2	0	1	3	1	0	0	0	0	1	2	
0	2	1	0	1	1	0	2	0	2	3	0	3	0	0	0	1	2	0	3	2	1	0	2	0	0	0	2	
0	2	1	0	2	3	1	0	0	0	2	2	0	0	0	0	2	2	0	0	2	1	0	0	0	2	2	2	
0	1	1	0	2	1	0	2	0	0	3	0	0	2	2	0	2	2	0	0	1	3	0	2	0	2	1	1	
0	0	0	3	3	2	0	2	2	0	2	0	0	0	0	0	1	2	0	0	0	1	1	1	0	2	1	2	
1	2	1	0	2	3	0	2	0	0	3	0	0	0	0	0	1	1	0	0	2	1	0	2	0	0	1	2	
1	0	1	0	2	1	1	2	0	0	2	0	0	0	2	0	1	2	0	0	2	2	0	1	0	0	1	2	
1	0	1	0	2	3	1	2	0	2	2	0	0	2	0	0	1	1	0	0	0	1	1	2	0	0	0	2	
0	2	2	3	2	1	0	2	2	0	2	0	0	0	0	0	1	1	0	3	0	1	0	0	0	0	1	2	
0	2	1	0	2	3	0	2	1	0	2	0	0	0	0	0	1	2	1	0	2	2	1	2	0	0	1	2	
0	1	1	0	2	0	1	2	1	0	1	0	3	0	2	2	1	2	1	0	2	1	0	2	0	0	1	2	
0	0	0	0	2	1	1	2	0	0	2	0	0	0	2	0	1	2	0	0	2	1	0	2	0	0	1	2	
1	2	1	0	2	1	1	2	1	0	2	0	0	0	3	0	1	2	0	3	0	1	0	2	0	0	0	1	
0	2	2	0	2	1	0	0	0	0	2	0	0	0	0	0	2	1	0	0	3	0	0	1	0	0	2	2	
0	2	1	0	2	1	0	0	0	0	2	0	0	0	2	2	0	2	0	0	2	0	0	2	0	3	1	2	
0	2	2	0	2	0	0	3	0	0	3	0	0	2	0	0	1	2	2	0	2	0	0	0	0	0	1	1	
0	2	1	0	2	1	1	3	0	0	2	0	3	0	0	1	1	2	0	0	3	1	0	2	2	2	1	2	
3	2	0	3	2	1	0	2	1	0	3	0	0	0	0	0	1	1	0	0	1	1	1	2	0	0	0	2	
0	2	1	0	2	0	0	0	0	0	2	0	0	0	2	0	1	2	0	0	0	2	0	1	0	0	1	1	
0	2	1	0	2	0	2	3	0	0	2	0	0	2	0	0	1	2	0	0	0	3	0	2	0	0	1	2	
0	2	0	1	0	1	0	0	0	0	2	0	3	0	2	0	1	2	0	0	2	1	1	0	0	0	1	2	
0	1	1	0	1	1	0	3	1	0	2	0	0	0	0	1	0	2	0	0	0	3	3	2	0	3	1	2	
0	2	2	0	2	1	0	2	0	0	3	0	0	1	0	0	1	2	0	0	2	1	0	1	0	0	0	1	
0	1	0	0	0	1	0	2	1	2	2	0	1	0	0	0	1	2	0	0	2	1	0	1	0	0	0	2	
0	2	1	0	3	1	1	3	0	0	2	0	3	0	0	2	1	2	0	0	2	1	0	2	0	0	1	2	
0	2	1	0	2	1	0	2	0	1	2	0	0	2	2	0	1	2	0	3	2	1	0	2	1	0	1	2	
0	0	2	3	2	1	0	2	1	0	2	0	0	0	0	0	1	1	0	0	2	1	1	2	0	0	2	0	
0	1	1	0	2	1	1	3	1	0	2	3	0	0	0	0	1	2	0	0	0	2	0	2	0	2	1	2	
0	2	1	0	2	1	0	0	0	0	3	0	0	2	0	0	1	2	2	0	0	1	0	2	0	0	1	2	
0	2	1	0	3	1	0	0	0	0	2	0	0	0	2	0	2	2	1	0	2	1	0	2	0	0	0	0	
1	2	1	0	2	1	0	2	0	0	3	0	0	0	0	0	2	2	0	0	2	1	0	2	0	0	1	2	
0	1	1	0	3	3	0	2	0	1	2	0	3	1	0	0	2	1	0	0	0	1	0	2	0	0	1	2	
0	0	1	0	2	0	0	2	0	0	2	0	0	1	0	0	1	2	0	0	2	1	1	2	0	0	1	2	
--------------------

--------------------
Best Solution Found!
--------------------
Time: 0 hour(s), 0 minute(s), 0 second(s), 23 millisecond(s)

Fitness: 318098

0	0	1	0	2	0	0	0	0	0	2	0	0	2	0	0	1	1	0	0	2	0	0	0	0	0	1	2	
0	2	0	0	3	1	0	3	1	2	2	0	0	0	0	0	1	2	0	0	2	0	0	2	0	0	1	2	
1	2	2	3	2	1	2	2	0	0	2	2	0	0	0	0	1	2	0	0	2	1	0	2	0	0	1	2	
0	2	2	0	1	1	0	2	0	2	2	0	0	2	0	2	1	2	0	0	2	1	0	2	1	0	2	2	
0	0	1	0	2	1	1	2	0	0	2	0	0	0	3	0	1	1	0	0	2	1	0	2	0	0	0	2	
0	2	1	3	3	1	0	2	0	0	2	0	0	0	0	0	2	2	0	0	2	1	0	2	0	2	1	2	
1	2	2	0	2	1	1	3	2	0	2	0	3	0	0	0	1	0	0	0	0	0	1	0	0	0	1	2	
0	2	1	0	2	3	0	2	0	0	2	0	0	0	2	0	1	1	0	0	3	1	1	2	0	0	1	2	
0	0	0	0	0	1	0	3	1	0	2	0	0	0	2	2	1	2	0	0	2	1	0	2	0	2	1	0	
0	2	1	0	2	3	1	2	0	0	2	0	3	2	0	0	0	2	0	0	2	1	0	0	0	0	1	2	
0	2	1	0	2	0	0	2	0	0	2	0	0	0	0	2	2	2	0	0	2	1	0	1	0	2	2	2	
0	2	1	0	2	1	0	2	1	0	3	0	1	0	0	0	1	2	0	3	1	1	3	2	0	0	1	2	
0	2	1	3	3	1	0	2	0	2	2	0	3	0	0	0	2	2	0	3	2	1	1	2	0	2	1	2	
0	2	1	3	3	3	0	2	0	2	2	0	0	0	2	0	2	1	2	3	3	1	1	2	1	0	0	2	
1	1	1	0	2	0	1	2	0	0	2	0	0	0	2	0	1	2	0	0	2	1	0	2	1	0	0	2	
0	1	1	0	0	3	1	2	0	0	2	0	0	0	0	0	1	2	0	0	2	2	0	2	0	2	1	2	
0	0	2	0	2	1	2	0	0	0	2	0	0	0	2	0	1	2	0	0	0	0	3	1	0	0	1	1	
0	2	1	0	2	0	0	2	0	1	3	0	0	0	0	0	1	2	0	0	2	1	0	0	0	0	1	1	
1	2	2	0	2	3	0	2	0	0	3	0	3	0	0	0	1	2	0	3	2	1	0	1	0	0	1	2	
0	2	2	0	2	3	0	2	0	2	1	0	0	2	0	0	1	2	0	0	2	0	0	2	0	0	1	2	
0	2	1	0	2	1	0	2	0	0	2	0	0	0	0	2	1	2	2	0	2	3	0	2	0	0	0	2	
0	1	1	0	2	0	0	2	0	0	2	0	0	0	0	0	1	2	0	3	2	1	0	2	1	0	1	2	
0	2	0	0	2	1	0	2	0	2	2	0	0	0	0	0	1	2	0	3	2	3	0	2	0	0	1	1	
1	2	1	0	2	1	2	0	0	0	2	0	0	0	0	0	2	2	0	0	2	2	0	1	0	0	0	1	
0	2	1	0	2	0	0	3	0	0	2	0	0	0	0	0	1	1	2	0	1	1	1	1	0	0	1	0	
0	2	1	0	2	2	1	2	0	0	2	0	0	2	0	0	1	2	0	0	2	1	0	0	0	0	1	2	
0	2	1	0	1	1	0	0	0	2	2	0	0	0	0	0	0	2	0	0	3	1	0	0	1	0	1	2	
0	2	1	0	0	1	0	0	0	0	3	0	0	0	0	0	1	2	0	0	3	1	0	0	0	0	2	1	
0	2	1	0	2	1	0	0	0	2	3	0	0	0	0	0	1	2	0	0	2	1	0	2	0	0	1	2	
0	0	1	0	2	0	0	2	0	0	2	0	0	0	0	0	2	2	0	0	2	1	1	0	0	2	1	2	
1	2	0	1	1	1	1	2	0	0	2	3	3	2	0	0	2	2	0	0	1	3	0	2	0	2	2	2	
0	2	1	0	2	1	0	2	2	0	2	0	0	0	0	0	1	2	0	0	0	1	0	2	0	2	1	0	
0	2	1	0	2	1	0	0	0	0	2	0	3	0	2	0	1	1	0	0	2	1	0	2	0	0	1	2	
0	0	0	0	0	0	0	3	0	0	3	0	0	0	0	0	1	2	0	0	2	2	0	2	0	0	0	1	
0	2	1	0	2	0	0	0	0	2	2	0	0	2	0	0	1	1	0	0	0	1	1	0	0	0	1	2	
0	1	1	0	2	0	1	3	2	0	2	0	0	0	3	0	1	1	0	0	0	1	0	2	0	0	1	0	
0	1	1	0	0	1	0	2	1	0	2	0	0	0	0	0	1	2	1	0	2	2	0	2	0	0	1	2	
0	0	1	0	3	1	0	2	1	0	3	0	0	0	1	2	1	2	1	0	2	1	0	2	0	0	2	2	
0	0	0	3	2	1	0	3	0	0	2	0	0	0	0	0	1	2	0	0	2	1	1	2	0	0	2	1	
0	2	1	0	3	0	0	2	1	0	2	0	0	0	0	0	1	2	0	0	0	1	0	1	0	0	1	0	
0	2	2	0	2	2	0	2	0	0	3	0	0	0	2	0	2	1	0	0	3	0	0	2	0	0	1	2	
0	2	1	0	2	1	1	2	0	0	3	0	0	0	0	2	0	2	0	0	2	0	0	0	0	3	1	2	
3	1	1	0	2	1	0	2	0	0	2	0	0	2	0	0	1	2	2	0	2	0	0	0	0	0	1	1	
0	1	2	0	2	1	0	3	0	0	2	0	0	0	2	1	1	2	0	0	3	1	0	2	2	2	1	2	
0	2	2	0	2	1	0	2	1	0	2	0	0	0	0	0	1	1	0	0	1	1	0	2	0	0	0	2	
0	2	1	0	2	1	1	3	0	0	2	0	0	0	0	0	1	2	0	0	0	2	0	2	0	0	1	1	
0	2	1	0	2	1	0	0	0	0	2	2	0	2	0	0	1	2	0	0	0	3	0	2	0	0	2	2	
3	0	1	0	0	1	0	2	0	0	2	0	0	0	0	0	1	2	0	0	2	1	0	0	0	0	0	2	
0	0	0	0	2	3	0	2	1	0	1	0	0	0	0	1	0	2	0	1	0	3	0	2	0	3	2	2	
0	2	1	0	2	1	1	2	0	0	2	0	0	1	0	0	1	2	0	3	2	1	1	1	0	0	0	1	
0	2	1	0	2	1	0	2	1	2	2	0	0	0	2	0	1	2	0	0	2	1	3	2	0	0	1	2	
0	1	2	3	2	1	0	2	0	0	2	0	0	0	2	2	1	2	0	0	2	1	1	2	0	0	1	1	
1	2	1	0	3	2	0	2	0	1	2	0	1	2	0	0	1	2	0	0	2	1	0	2	1	0	2	2	
0	2	1	0	3	1	0	3	1	0	2	0	0	0	0	0	1	1	0	1	2	1	0	2	0	0	1	2	
0	1	1	0	2	1	0	0	1	0	2	0	0	0	0	0	1	2	0	0	0	2	0	1	0	2	1	2	
0	2	0	0	2	1	0	0	0	0	2	0	0	2	0	0	1	2	2	0	0	1	0	0	0	0	1	2	
1	1	1	1	2	1	0	2	0	0	2	0	3	0	0	0	2	2	1	0	2	1	0	1	0	0	2	2	
0	2	1	3	2	1	0	0	0	0	2	0	0	0	0	0	2	2	0	0	2	1	0	1	0	0	0	2	
0	2	1	0	2	1	0	2	0	1	3	0	0	1	2	0	2	1	0	0	0	1	0	2	0	0	1	2	
0	2	2	3	2	1	0	2	0	0	2	0	0	1	2	0	1	2	0	0	2	1	0	2	0	0	1	2	
--------------------

--------------------
Best Solution Found!
--------------------
Time: 0 hour(s), 0 minute(s), 0 second(s), 29 millisecond(s)

Fitness: 318098

0	0	1	0	2	0	0	0	0	0	2	0	0	2	0	0	1	1	0	0	2	0	0	0	0	0	1	2	
0	2	0	0	3	1	0	3	1	2	2	0	0	0	0	0	1	2	0	0	2	0	0	2	0	0	1	2	
1	2	2	3	2	1	2	2	0	0	2	2	0	0	0	0	1	2	0	0	2	1	0	2	0	0	1	2	
0	2	2	0	1	1	0	2	0	2	2	0	0	2	0	2	1	2	0	0	2	1	0	2	1	0	2	2	
0	0	1	0	2	1	1	2	0	0	2	0	0	0	3	0	1	1	0	0	2	1	0	2	0	0	0	2	
0	2	1	3	3	1	0	2	0	0	2	0	0	0	0	0	2	2	0	0	2	1	0	2	0	2	1	2	
1	2	2	0	2	1	1	3	2	0	2	0	3	0	0	0	1	0	0	0	0	0	1	0	0	0	1	2	
0	2	1	0	2	3	0	2	0	0	2	0	0	0	2	0	1	1	0	0	3	1	1	2	0	0	1	2	
0	0	0	0	0	1	0	3	1	0	2	0	0	0	2	2	1	2	0	0	2	1	0	2	0	2	1	0	
0	2	1	0	2	3	1	2	0	0	2	0	3	2	0	0	0	2	0	0	2	1	0	0	0	0	1	2	
0	2	1	0	2	0	0	2	0	0	2	0	0	0	0	2	2	2	0	0	2	1	0	1	0	2	2	2	
0	2	1	0	2	1	0	2	1	0	3	0	1	0	0	0	1	2	0	3	1	1	3	2	0	0	1	2	
0	2	1	3	3	1	0	2	0	2	2	0	3	0	0	0	2	2	0	3	2	1	1	2	0	2	1	2	
0	2	1	3	3	3	0	2	0	2	2	0	0	0	2	0	2	1	2	3	3	1	1	2	1	0	0	2	
1	1	1	0	2	0	1	2	0	0	2	0	0	0	2	0	1	2	0	0	2	1	0	2	1	0	0	2	
0	1	1	0	0	3	1	2	0	0	2	0	0	0	0	0	1	2	0	0	2	2	0	2	0	2	1	2	
0	0	2	0	2	1	2	0	0	0	2	0	0	0	2	0	1	2	0	0	0	0	3	1	0	0	1	1	
0	2	1	0	2	0	0	2	0	1	3	0	0	0	0	0	1	2	0	0	2	1	0	0	0	0	1	1	
1	2	2	0	2	3	0	2	0	0	3	0	3	0	0	0	1	2	0	3	2	1	0	1	0	0	1	2	
0	2	2	0	2	3	0	2	0	2	1	0	0	2	0	0	1	2	0	0	2	0	0	2	0	0	1	2	
0	2	1	0	2	1	0	2	0	0	2	0	0	0	0	2	1	2	2	0	2	3	0	2	0	0	0	2	
0	1	1	0	2	0	0	2	0	0	2	0	0	0	0	0	1	2	0	3	2	1	0	2	1	0	1	2	
0	2	0	0	2	1	0	2	0	2	2	0	0	0	0	0	1	2	0	3	2	3	0	2	0	0	1	1	
1	2	1	0	2	1	2	0	0	0	2	0	0	0	0	0	2	2	0	0	2	2	0	1	0	0	0	1	
0	2	1	0	2	0	0	3	0	0	2	0	0	0	0	0	1	1	2	0	1	1	1	1	0	0	1	0	
0	2	1	0	2	2	1	2	0	0	2	0	0	2	0	0	1	2	0	0	2	1	0	0	0	0	1	2	
0	2	1	0	1	1	0	0	0	2	2	0	0	0	0	0	0	2	0	0	3	1	0	0	1	0	1	2	
0	2	1	0	0	1	0	0	0	0	3	0	0	0	0	0	1	2	0	0	3	1	0	0	0	0	2	1	
0	2	1	0	2	1	0	0	0	2	3	0	0	0	0	0	1	2	0	0	2	1	0	2	0	0	1	2	
0	0	1	0	2	0	0	2	0	0	2	0	0	0	0	0	2	2	0	0	2	1	1	0	0	2	1	2	
1	2	0	1	1	1	1	2	0	0	2	3	3	2	0	0	2	2	0	0	1	3	0	2	0	2	2	2	
0	2	1	0	2	1	0	2	2	0	2	0	0	0	0	0	1	2	0	0	0	1	0	2	0	2	1	0	
0	2	1	0	2	1	0	0	0	0	2	0	3	0	2	0	1	1	0	0	2	1	0	2	0	0	1	2	
0	0	0	0	0	0	0	3	0	0	3	0	0	0	0	0	1	2	0	0	2	2	0	2	0	0	0	1	
0	2	1	0	2	0	0	0	0	2	2	0	0	2	0	0	1	1	0	0	0	1	1	0	0	0	1	2	
0	1	1	0	2	0	1	3	2	0	2	0	0	0	3	0	1	1	0	0	0	1	0	2	0	0	1	0	
0	1	1	0	0	1	0	2	1	0	2	0	0	0	0	0	1	2	1	0	2	2	0	2	0	0	1	2	
0	0	1	0	3	1	0	2	1	0	3	0	0	0	1	2	1	2	1	0	2	1	0	2	0	0	2	2	
0	0	0	3	2	1	0	3	0	0	2	0	0	0	0	0	1	2	0	0	2	1	1	2	0	0	2	1	
0	2	1	0	3	0	0	2	1	0	2	0	0	0	0	0	1	2	0	0	0	1	0	1	0	0	1	0	
0	2	2	0	2	2	0	2	0	0	3	0	0	0	2	0	2	1	0	0	3	0	0	2	0	0	1	2	
0	2	1	0	2	1	1	2	0	0	3	0	0	0	0	2	0	2	0	0	2	0	0	0	0	3	1	2	
3	1	1	0	2	1	0	2	0	0	2	0	0	2	0	0	1	2	2	0	2	0	0	0	0	0	1	1	
0	1	2	0	2	1	0	3	0	0	2	0	0	0	2	1	1	2	0	0	3	1	0	2	2	2	1	2	
0	2	2	0	2	1	0	2	1	0	2	0	0	0	0	0	1	1	0	0	1	1	0	2	0	0	0	2	
0	2	1	0	2	1	1	3	0	0	2	0	0	0	0	0	1	2	0	0	0	2	0	2	0	0	1	1	
0	2	1	0	2	1	0	0	0	0	2	2	0	2	0	0	1	2	0	0	0	3	0	2	0	0	2	2	
3	0	1	0	0	1	0	2	0	0	2	0	0	0	0	0	1	2	0	0	2	1	0	0	0	0	0	2	
0	0	0	0	2	3	0	2	1	0	1	0	0	0	0	1	0	2	0	1	0	3	0	2	0	3	2	2	
0	2	1	0	2	1	1	2	0	0	2	0	0	1	0	0	1	2	0	3	2	1	1	1	0	0	0	1	
0	2	1	0	2	1	0	2	1	2	2	0	0	0	2	0	1	2	0	0	2	1	3	2	0	0	1	2	
0	1	2	3	2	1	0	2	0	0	2	0	0	0	2	2	1	2	0	0	2	1	1	2	0	0	1	1	
1	2	1	0	3	2	0	2	0	1	2	0	1	2	0	0	1	2	0	0	2	1	0	2	1	0	2	2	
0	2	1	0	3	1	0	3	1	0	2	0	0	0	0	0	1	1	0	1	2	1	0	2	0	0	1	2	
0	1	1	0	2	1	0	0	1	0	2	0	0	0	0	0	1	2	0	0	0	2	0	1	0	2	1	2	
0	2	0	0	2	1	0	0	0	0	2	0	0	2	0	0	1	2	2	0	0	1	0	0	0	0	1	2	
1	1	1	1	2	1	0	2	0	0	2	0	3	0	0	0	2	2	1	0	2	1	0	1	0	0	2	2	
0	2	1	3	2	1	0	0	0	0	2	0	0	0	0	0	2	2	0	0	2	1	0	1	0	0	0	2	
0	2	1	0	2	1	0	2	0	1	3	0	0	1	2	0	2	1	0	0	0	1	0	2	0	0	1	2	
0	2	2	3	2	1	0	2	0	0	2	0	0	1	2	0	1	2	0	0	2	1	0	2	0	0	1	2	
--------------------

--------------------
Best Solution Found!
--------------------
Time: 0 hour(s), 0 minute(s), 0 second(s), 37 millisecond(s)

Fitness: 314068

0	0	1	0	2	0	0	0	0	0	2	0	0	0	2	0	1	2	0	0	2	1	0	2	0	0	1	2	
0	2	0	0	3	1	0	3	1	2	2	0	3	0	0	0	1	1	0	1	0	1	0	2	0	0	1	2	
1	2	2	3	2	1	2	2	0	0	2	0	0	0	0	0	1	1	0	0	3	1	1	1	0	0	1	2	
0	2	2	0	1	1	0	2	0	2	2	0	0	0	0	0	1	2	0	0	2	1	0	2	1	0	2	2	
0	0	1	0	2	1	1	2	0	0	2	0	0	0	0	0	1	2	0	0	3	1	1	0	0	0	0	2	
0	2	1	3	3	1	0	2	0	0	2	0	0	0	0	0	2	0	0	0	2	0	3	2	0	2	1	2	
1	2	2	0	2	1	1	3	2	0	2	0	0	2	0	0	0	2	0	0	0	1	0	2	0	0	1	2	
0	2	1	0	2	3	0	2	0	0	2	0	0	0	0	0	1	2	0	3	2	3	0	0	0	0	1	2	
0	0	0	0	0	1	0	3	1	0	2	0	0	0	0	0	1	2	0	0	2	1	1	2	0	2	1	0	
0	2	1	0	2	3	1	2	0	0	2	0	0	2	2	0	1	1	0	3	3	1	0	2	0	0	1	2	
0	2	1	0	2	0	0	2	0	0	2	0	0	0	0	0	1	2	0	0	1	1	0	2	0	2	2	2	
0	2	1	0	2	1	0	2	1	0	2	0	0	0	3	0	2	2	0	0	2	2	0	2	0	0	1	2	
0	2	1	3	3	1	0	2	0	2	2	0	0	0	2	0	2	2	0	0	2	0	0	2	0	2	1	2	
0	2	1	3	3	3	0	2	0	2	3	0	0	0	0	2	1	2	0	0	2	1	0	2	1	0	0	2	
1	1	1	0	2	0	1	2	0	0	2	0	0	0	3	0	1	2	0	0	1	0	1	1	1	0	0	2	
0	1	1	0	0	3	1	2	0	0	2	0	0	2	0	0	1	2	0	0	2	3	0	0	0	2	1	2	
0	0	2	0	2	1	2	0	0	0	2	0	0	0	0	0	1	1	0	0	3	2	0	0	0	0	1	1	
0	2	1	0	2	0	0	2	0	1	2	0	0	0	0	0	1	1	1	0	2	1	0	0	0	0	1	1	
1	2	2	0	2	3	0	2	0	0	2	0	0	0	0	0	1	2	0	0	2	1	0	2	0	0	1	2	
0	2	2	0	2	3	0	2	0	2	2	0	0	0	0	2	1	2	0	0	0	0	0	2	0	0	1	2	
0	2	1	0	2	1	0	2	0	0	2	2	0	0	0	0	1	2	0	0	2	1	0	1	0	0	0	2	
0	1	1	0	2	0	0	2	0	0	2	0	1	0	0	0	1	2	0	0	2	1	1	1	1	0	1	2	
0	2	0	0	2	1	0	2	0	2	2	0	0	0	0	0	1	1	0	0	2	1	0	2	0	0	1	1	
1	2	1	0	2	1	2	0	0	0	2	2	3	0	0	0	1	2	0	3	1	2	3	2	0	0	0	1	
0	2	1	0	2	0	0	3	0	0	2	0	0	0	0	0	2	2	0	0	2	1	0	2	0	0	1	0	
0	2	1	0	2	2	1	2	0	0	2	0	0	2	2	0	2	2	0	0	2	1	0	1	0	0	1	2	
0	2	1	0	1	1	0	0	0	2	3	0	0	0	0	0	1	2	0	0	0	0	0	2	1	0	1	2	
0	2	1	0	0	1	0	0	0	0	2	0	0	2	0	0	1	2	0	3	2	1	0	0	0	0	2	1	
0	2	1	0	2	1	0	0	0	2	2	0	3	0	0	0	1	2	0	0	2	1	0	2	0	0	1	2	
0	0	1	0	2	0	0	2	0	0	3	0	0	0	0	0	1	1	0	0	0	1	0	2	0	2	1	2	
1	2	0	1	1	1	1	2	0	0	2	0	0	0	0	2	1	2	0	0	2	1	0	2	0	2	2	2	
0	2	1	0	2	1	0	2	2	0	2	0	0	2	0	1	1	2	0	0	2	1	0	0	0	2	1	0	
0	2	1	0	2	1	0	0	0	0	3	0	0	0	0	0	2	2	0	0	0	3	0	2	0	0	1	2	
0	0	0	0	0	0	0	3	0	0	2	0	3	2	0	2	1	2	0	3	2	3	0	2	0	0	0	1	
0	2	1	0	2	0	0	0	0	2	3	0	0	0	0	0	1	2	2	0	2	1	0	1	0	0	1	2	
0	1	1	0	2	0	1	3	2	0	1	0	0	0	0	0	1	2	2	0	0	2	0	2	0	0	1	0	
0	1	1	0	0	1	0	2	1	0	2	0	0	0	2	0	1	2	0	0	1	1	3	2	0	0	1	2	
0	0	1	0	3	1	0	2	1	0	2	0	0	2	0	0	1	2	0	0	2	1	0	0	0	0	2	2	
0	0	0	3	2	1	0	3	0	0	2	0	0	0	0	0	1	2	0	0	2	1	1	0	0	0	2	1	
0	2	1	0	3	0	0	2	1	0	1	0	0	0	1	0	1	2	0	0	0	2	0	1	0	0	1	0	
0	2	2	0	2	2	0	2	0	0	2	0	3	0	0	0	2	2	2	0	3	1	0	2	0	0	1	2	
0	2	1	0	2	1	1	2	0	0	2	0	1	1	2	0	1	2	0	0	2	1	0	2	0	3	1	2	
3	1	1	0	2	1	0	2	0	0	3	0	0	0	2	0	1	2	0	0	2	0	1	0	0	0	1	1	
0	1	2	0	2	1	0	3	0	0	2	0	0	1	2	2	2	1	0	0	2	1	0	2	2	2	1	2	
0	2	2	0	2	1	0	2	1	0	3	3	0	0	0	0	1	2	0	1	3	1	0	2	0	0	0	2	
0	2	1	0	2	1	1	3	0	0	2	0	0	0	0	0	1	2	2	3	2	1	1	1	0	0	1	1	
0	2	1	0	2	1	0	0	0	0	2	0	0	0	0	0	1	1	0	0	0	0	0	2	0	0	2	2	
3	0	1	0	0	1	0	2	0	0	2	0	0	0	2	0	1	1	0	0	2	1	0	2	0	0	0	2	
0	0	0	0	2	3	0	2	1	0	3	0	0	0	0	0	1	2	0	0	2	1	0	0	0	3	2	2	
0	2	1	0	2	1	1	2	0	0	2	0	0	0	0	0	0	2	0	0	0	1	1	2	0	0	0	1	
0	2	1	0	2	1	0	2	1	2	2	0	0	0	2	0	2	2	1	0	2	1	0	2	0	0	1	2	
0	1	2	3	2	1	0	2	0	0	2	0	3	0	0	0	1	2	2	0	0	2	0	1	0	0	1	1	
1	2	1	0	3	2	0	2	0	1	3	0	0	0	2	0	2	2	0	0	2	1	0	2	1	0	2	2	
0	2	1	0	3	1	0	3	1	0	2	0	0	0	0	2	0	1	0	3	2	0	0	2	0	0	1	2	
0	1	1	0	2	1	0	0	1	0	2	0	0	0	2	2	0	2	0	0	2	3	1	0	0	2	1	2	
0	2	0	0	2	1	0	0	0	0	2	0	0	0	0	1	1	2	1	0	2	1	0	1	0	0	1	2	
1	1	1	1	2	1	0	2	0	0	2	0	0	1	0	0	2	2	0	0	0	1	0	2	0	0	2	2	
0	2	1	3	2	1	0	0	0	0	3	0	0	2	0	0	1	2	0	0	2	1	0	0	0	0	0	2	
0	2	1	0	2	1	0	2	0	1	2	0	0	2	0	0	1	2	0	0	2	1	0	2	0	0	1	2	
0	2	2	3	2	1	0	2	0	0	2	0	3	2	0	0	1	1	0	0	2	1	0	2	0	0	1	2	
--------------------

--------------------
Best Solution Found!
--------------------
Time: 0 hour(s), 0 minute(s), 0 second(s), 40 millisecond(s)

Fitness: 314068

0	0	1	0	2	0	0	0	0	0	2	0	0	0	2	0	1	2	0	0	2	1	0	2	0	0	1	2	
0	2	0	0	3	1	0	3	1	2	2	0	3	0	0	0	1	1	0	1	0	1	0	2	0	0	1	2	
1	2	2	3	2	1	2	2	0	0	2	0	0	0	0	0	1	1	0	0	3	1	1	1	0	0	1	2	
0	2	2	0	1	1	0	2	0	2	2	0	0	0	0	0	1	2	0	0	2	1	0	2	1	0	2	2	
0	0	1	0	2	1	1	2	0	0	2	0	0	0	0	0	1	2	0	0	3	1	1	0	0	0	0	2	
0	2	1	3	3	1	0	2	0	0	2	0	0	0	0	0	2	0	0	0	2	0	3	2	0	2	1	2	
1	2	2	0	2	1	1	3	2	0	2	0	0	2	0	0	0	2	0	0	0	1	0	2	0	0	1	2	
0	2	1	0	2	3	0	2	0	0	2	0	0	0	0	0	1	2	0	3	2	3	0	0	0	0	1	2	
0	0	0	0	0	1	0	3	1	0	2	0	0	0	0	0	1	2	0	0	2	1	1	2	0	2	1	0	
0	2	1	0	2	3	1	2	0	0	2	0	0	2	2	0	1	1	0	3	3	1	0	2	0	0	1	2	
0	2	1	0	2	0	0	2	0	0	2	0	0	0	0	0	1	2	0	0	1	1	0	2	0	2	2	2	
0	2	1	0	2	1	0	2	1	0	2	0	0	0	3	0	2	2	0	0	2	2	0	2	0	0	1	2	
0	2	1	3	3	1	0	2	0	2	2	0	0	0	2	0	2	2	0	0	2	0	0	2	0	2	1	2	
0	2	1	3	3	3	0	2	0	2	3	0	0	0	0	2	1	2	0	0	2	1	0	2	1	0	0	2	
1	1	1	0	2	0	1	2	0	0	2	0	0	0	3	0	1	2	0	0	1	0	1	1	1	0	0	2	
0	1	1	0	0	3	1	2	0	0	2	0	0	2	0	0	1	2	0	0	2	3	0	0	0	2	1	2	
0	0	2	0	2	1	2	0	0	0	2	0	0	0	0	0	1	1	0	0	3	2	0	0	0	0	1	1	
0	2	1	0	2	0	0	2	0	1	2	0	0	0	0	0	1	1	1	0	2	1	0	0	0	0	1	1	
1	2	2	0	2	3	0	2	0	0	2	0	0	0	0	0	1	2	0	0	2	1	0	2	0	0	1	2	
0	2	2	0	2	3	0	2	0	2	2	0	0	0	0	2	1	2	0	0	0	0	0	2	0	0	1	2	
0	2	1	0	2	1	0	2	0	0	2	2	0	0	0	0	1	2	0	0	2	1	0	1	0	0	0	2	
0	1	1	0	2	0	0	2	0	0	2	0	1	0	0	0	1	2	0	0	2	1	1	1	1	0	1	2	
0	2	0	0	2	1	0	2	0	2	2	0	0	0	0	0	1	1	0	0	2	1	0	2	0	0	1	1	
1	2	1	0	2	1	2	0	0	0	2	2	3	0	0	0	1	2	0	3	1	2	3	2	0	0	0	1	
0	2	1	0	2	0	0	3	0	0	2	0	0	0	0	0	2	2	0	0	2	1	0	2	0	0	1	0	
0	2	1	0	2	2	1	2	0	0	2	0	0	2	2	0	2	2	0	0	2	1	0	1	0	0	1	2	
0	2	1	0	1	1	0	0	0	2	3	0	0	0	0	0	1	2	0	0	0	0	0	2	1	0	1	2	
0	2	1	0	0	1	0	0	0	0	2	0	0	2	0	0	1	2	0	3	2	1	0	0	0	0	2	1	
0	2	1	0	2	1	0	0	0	2	2	0	3	0	0	0	1	2	0	0	2	1	0	2	0	0	1	2	
0	0	1	0	2	0	0	2	0	0	3	0	0	0	0	0	1	1	0	0	0	1	0	2	0	2	1	2	
1	2	0	1	1	1	1	2	0	0	2	0	0	0	0	2	1	2	0	0	2	1	0	2	0	2	2	2	
0	2	1	0	2	1	0	2	2	0	2	0	0	2	0	1	1	2	0	0	2	1	0	0	0	2	1	0	
0	2	1	0	2	1	0	0	0	0	3	0	0	0	0	0	2	2	0	0	0	3	0	2	0	0	1	2	
0	0	0	0	0	0	0	3	0	0	2	0	3	2	0	2	1	2	0	3	2	3	0	2	0	0	0	1	
0	2	1	0	2	0	0	0	0	2	3	0	0	0	0	0	1	2	2	0	2	1	0	1	0	0	1	2	
0	1	1	0	2	0	1	3	2	0	1	0	0	0	0	0	1	2	2	0	0	2	0	2	0	0	1	0	
0	1	1	0	0	1	0	2	1	0	2	0	0	0	2	0	1	2	0	0	1	1	3	2	0	0	1	2	
0	0	1	0	3	1	0	2	1	0	2	0	0	2	0	0	1	2	0	0	2	1	0	0	0	0	2	2	
0	0	0	3	2	1	0	3	0	0	2	0	0	0	0	0	1	2	0	0	2	1	1	0	0	0	2	1	
0	2	1	0	3	0	0	2	1	0	1	0	0	0	1	0	1	2	0	0	0	2	0	1	0	0	1	0	
0	2	2	0	2	2	0	2	0	0	2	0	3	0	0	0	2	2	2	0	3	1	0	2	0	0	1	2	
0	2	1	0	2	1	1	2	0	0	2	0	1	1	2	0	1	2	0	0	2	1	0	2	0	3	1	2	
3	1	1	0	2	1	0	2	0	0	3	0	0	0	2	0	1	2	0	0	2	0	1	0	0	0	1	1	
0	1	2	0	2	1	0	3	0	0	2	0	0	1	2	2	2	1	0	0	2	1	0	2	2	2	1	2	
0	2	2	0	2	1	0	2	1	0	3	3	0	0	0	0	1	2	0	1	3	1	0	2	0	0	0	2	
0	2	1	0	2	1	1	3	0	0	2	0	0	0	0	0	1	2	2	3	2	1	1	1	0	0	1	1	
0	2	1	0	2	1	0	0	0	0	2	0	0	0	0	0	1	1	0	0	0	0	0	2	0	0	2	2	
3	0	1	0	0	1	0	2	0	0	2	0	0	0	2	0	1	1	0	0	2	1	0	2	0	0	0	2	
0	0	0	0	2	3	0	2	1	0	3	0	0	0	0	0	1	2	0	0	2	1	0	0	0	3	2	2	
0	2	1	0	2	1	1	2	0	0	2	0	0	0	0	0	0	2	0	0	0	1	1	2	0	0	0	1	
0	2	1	0	2	1	0	2	1	2	2	0	0	0	2	0	2	2	1	0	2	1	0	2	0	0	1	2	
0	1	2	3	2	1	0	2	0	0	2	0	3	0	0	0	1	2	2	0	0	2	0	1	0	0	1	1	
1	2	1	0	3	2	0	2	0	1	3	0	0	0	2	0	2	2	0	0	2	1	0	2	1	0	2	2	
0	2	1	0	3	1	0	3	1	0	2	0	0	0	0	2	0	1	0	3	2	0	0	2	0	0	1	2	
0	1	1	0	2	1	0	0	1	0	2	0	0	0	2	2	0	2	0	0	2	3	1	0	0	2	1	2	
0	2	0	0	2	1	0	0	0	0	2	0	0	0	0	1	1	2	1	0	2	1	0	1	0	0	1	2	
1	1	1	1	2	1	0	2	0	0	2	0	0	1	0	0	2	2	0	0	0	1	0	2	0	0	2	2	
0	2	1	3	2	1	0	0	0	0	3	0	0	2	0	0	1	2	0	0	2	1	0	0	0	0	0	2	
0	2	1	0	2	1	0	2	0	1	2	0	0	2	0	0	1	2	0	0	2	1	0	2	0	0	1	2	
0	2	2	3	2	1	0	2	0	0	2	0	3	2	0	0	1	1	0	0	2	1	0	2	0	0	1	2	
--------------------

--------------------
Best Solution Found!
--------------------
Time: 0 hour(s), 0 minute(s), 0 second(s), 52 millisecond(s)

Fitness: 306071

0	0	1	0	2	0	0	0	0	0	2	0	0	0	0	0	1	2	0	0	2	1	0	2	0	0	2	2	
0	2	0	0	3	1	0	3	1	2	2	0	3	2	0	0	1	1	0	1	0	1	0	2	0	0	1	2	
1	2	2	3	2	1	2	2	0	0	2	0	0	0	0	0	1	1	0	0	3	1	1	1	0	0	1	2	
0	2	2	0	1	1	0	2	0	2	2	0	0	2	0	2	1	2	0	0	2	1	0	2	0	0	0	2	
0	0	1	0	2	1	1	2	0	0	2	0	0	0	3	0	1	2	0	0	3	1	1	0	0	0	0	2	
0	2	1	3	3	1	0	2	0	0	2	0	0	0	0	0	2	0	0	0	2	0	3	2	0	0	1	1	
1	2	2	0	2	1	1	3	2	0	2	0	0	0	0	0	0	2	0	0	0	1	0	2	0	0	2	2	
0	2	1	0	2	3	0	2	0	0	2	0	0	1	2	0	1	2	0	3	2	3	0	0	0	0	1	1	
0	0	0	0	0	1	0	3	1	0	2	0	0	0	2	2	1	2	0	0	2	1	1	2	0	0	1	2	
0	2	1	0	2	3	1	2	0	0	2	0	0	0	0	0	1	1	0	3	3	1	0	2	0	2	1	1	
0	2	1	0	2	0	0	2	0	0	2	0	0	0	0	2	1	2	0	0	1	1	0	2	0	2	2	2	
0	2	1	0	2	1	0	2	1	0	2	0	0	0	0	0	2	2	0	0	2	2	0	2	0	0	2	1	
0	2	1	3	3	1	0	2	0	2	2	0	0	0	0	0	2	2	0	0	2	0	0	2	1	0	1	1	
0	2	1	3	3	3	0	2	0	2	3	0	0	0	2	0	1	2	0	0	2	1	0	2	0	0	1	2	
1	1	1	0	2	0	1	2	0	0	2	0	0	0	2	0	1	2	0	0	1	0	1	1	0	0	1	0	
0	1	1	0	0	3	1	2	0	0	2	0	0	0	0	0	1	2	0	0	2	3	0	0	0	0	0	2	
0	0	2	0	2	1	2	0	0	0	2	0	0	2	2	0	1	1	0	0	3	2	0	0	0	3	1	1	
0	2	1	0	2	0	0	2	0	1	2	0	0	0	0	0	1	1	1	0	2	1	0	0	0	0	1	2	
1	2	2	0	2	3	0	2	0	0	2	0	0	0	0	0	1	2	0	0	2	1	0	2	0	0	1	2	
0	2	2	0	2	3	0	2	0	2	2	0	0	1	0	0	1	2	0	0	0	0	0	2	0	0	1	2	
0	2	1	0	2	1	0	2	0	0	2	2	0	2	0	2	1	2	0	0	2	1	0	1	0	0	1	2	
0	1	1	0	2	0	0	2	0	0	2	0	1	0	0	0	1	2	0	0	2	1	1	1	0	0	1	2	
0	2	0	0	2	1	0	2	0	2	2	0	0	0	0	0	1	1	0	0	2	1	0	2	0	0	1	1	
1	2	1	0	2	1	2	0	0	0	2	2	3	2	0	0	1	2	0	3	1	2	3	2	0	0	1	2	
0	2	1	0	2	0	0	3	0	0	2	0	0	2	0	0	2	2	0	0	2	1	0	2	1	0	1	0	
0	2	1	0	2	2	1	2	0	0	2	0	0	0	0	0	2	2	0	0	2	1	0	1	2	0	1	2	
0	2	1	0	1	1	0	0	0	2	3	0	0	0	0	0	1	2	0	0	0	0	0	2	0	0	2	2	
0	2	1	0	0	1	0	0	0	0	2	0	0	0	0	0	1	2	0	3	2	1	0	0	0	0	1	1	
0	2	1	0	2	1	0	0	0	2	2	0	3	0	0	0	1	2	0	0	2	1	0	2	1	0	1	1	
0	0	1	0	2	0	0	2	0	0	3	0	0	0	0	0	1	1	0	0	0	1	0	2	0	0	1	2	
1	2	0	1	1	1	1	2	0	0	2	0	0	0	0	0	1	2	0	0	2	1	0	2	0	0	1	2	
0	2	1	0	2	1	0	2	2	0	2	0	0	0	0	0	1	2	0	0	2	1	0	0	0	0	1	2	
0	2	1	0	2	1	0	0	0	0	3	0	0	0	2	0	2	2	0	0	0	3	0	2	0	0	0	2	
0	0	0	0	0	0	0	3	0	0	2	0	3	0	0	0	1	2	0	3	2	3	0	2	0	0	2	2	
0	2	1	0	2	0	0	0	0	2	3	0	0	0	0	0	1	2	2	0	2	1	0	1	0	2	1	2	
0	1	1	0	2	0	1	3	2	0	1	0	0	0	3	0	1	2	2	0	0	2	0	2	0	0	1	2	
0	1	1	0	0	1	0	2	1	0	2	0	0	0	0	0	1	2	0	0	1	1	3	2	0	2	2	1	
0	0	1	0	3	1	0	2	1	0	2	0	0	2	1	2	1	2	0	0	2	1	0	0	0	2	2	2	
0	0	0	3	2	1	0	3	0	0	2	0	0	0	0	0	1	2	0	0	2	1	1	0	0	0	0	2	
0	2	1	0	3	0	0	2	1	0	1	0	0	0	0	0	1	2	0	0	0	2	0	1	0	0	1	2	
0	2	2	0	2	2	0	2	0	0	2	0	3	2	2	0	2	2	2	0	3	1	0	2	1	0	0	2	
0	2	1	0	2	1	1	2	0	0	2	0	1	0	0	2	1	2	0	0	2	1	0	2	0	0	0	0	
3	1	1	0	2	1	0	2	0	0	3	0	0	0	0	0	1	2	0	0	2	0	1	0	0	0	1	2	
0	1	2	0	2	1	0	3	0	0	2	0	0	0	2	1	2	1	0	0	2	1	0	2	0	0	1	2	
0	2	2	0	2	1	0	2	1	0	3	3	0	0	0	0	1	2	0	1	3	1	0	2	1	0	1	1	
0	2	1	0	2	1	1	3	0	0	2	0	0	2	0	0	1	2	2	3	2	1	1	1	0	0	1	2	
0	2	1	0	2	1	0	0	0	0	2	0	0	0	0	0	1	1	0	0	0	0	0	2	0	0	1	2	
3	0	1	0	0	1	0	2	0	0	2	0	0	2	0	0	1	1	0	0	2	1	0	2	0	2	0	2	
0	0	0	0	2	3	0	2	1	0	3	0	0	0	0	1	1	2	0	0	2	1	0	0	0	2	1	2	
0	2	1	0	2	1	1	2	0	0	2	0	0	0	0	0	0	2	0	0	0	1	1	2	1	2	0	0	
0	2	1	0	2	1	0	2	1	2	2	0	0	1	2	0	2	2	1	0	2	1	0	2	0	0	1	2	
0	1	2	3	2	1	0	2	0	0	2	0	3	0	2	2	1	2	2	0	0	2	0	1	0	2	1	2	
1	2	1	0	3	2	0	2	0	1	3	0	0	0	0	0	2	2	0	0	2	1	0	2	0	0	2	2	
0	2	1	0	3	1	0	3	1	0	2	0	0	0	0	0	0	1	0	3	2	0	0	2	0	3	2	2	
0	1	1	0	2	1	0	0	1	0	2	0	0	0	0	0	0	2	0	0	2	3	1	0	0	0	1	2	
0	2	0	0	2	1	0	0	0	0	2	0	0	0	0	0	1	2	1	0	2	1	0	1	0	0	1	2	
1	1	1	1	2	1	0	2	0	0	2	0	0	0	0	0	2	2	0	0	0	1	0	2	0	0	1	2	
0	2	1	3	2	1	0	0	0	0	3	0	0	0	0	0	1	2	0	0	2	1	0	0	0	2	0	2	
0	2	1	0	2	1	0	2	0	1	2	0	0	0	2	0	1	2	0	0	2	1	0	2	0	0	1	0	
0	2	2	3	2	1	0	2	0	0	2	0	3	2	2	0	1	1	0	0	2	1	0	2	0	0	1	2	
--------------------

--------------------
Best Solution Found!
--------------------
Time: 0 hour(s), 0 minute(s), 0 second(s), 404 millisecond(s)

Fitness: 305097

0	2	1	0	2	0	0	2	0	0	2	0	1	2	0	0	1	2	0	0	2	1	0	2	0	0	1	2	
0	1	1	0	0	2	0	2	1	0	3	0	0	0	0	0	1	2	1	0	0	1	0	1	0	0	1	2	
0	2	1	0	2	3	2	2	0	0	2	3	0	2	2	0	1	1	1	0	0	0	0	2	0	0	2	2	
0	2	1	0	2	1	2	3	0	0	3	0	0	0	0	0	1	2	0	0	1	3	1	2	0	0	0	2	
0	0	1	3	1	1	0	0	0	2	2	0	0	0	2	0	1	2	0	0	2	1	0	0	0	0	1	2	
0	0	0	0	2	2	0	2	0	2	3	0	0	0	0	0	0	2	0	0	2	1	0	2	0	0	1	2	
0	2	1	0	2	0	1	3	0	0	2	0	0	2	0	2	1	2	0	3	2	0	1	1	0	0	1	2	
3	2	0	0	3	3	1	2	0	0	2	0	0	0	0	0	1	2	0	0	2	0	0	2	0	0	0	2	
0	2	0	3	3	0	0	0	0	0	2	0	0	0	0	0	1	2	0	0	2	1	0	1	0	0	1	2	
0	2	1	0	2	1	0	0	0	0	2	0	0	0	0	0	2	1	0	0	2	2	0	2	0	0	1	2	
0	1	1	0	2	0	1	0	0	0	3	0	0	0	2	0	1	2	0	0	1	1	0	1	0	0	0	2	
0	2	1	0	3	1	1	2	0	0	2	0	0	0	0	0	2	2	0	0	0	1	0	0	0	0	1	1	
0	2	1	0	2	1	0	3	1	0	2	0	3	0	0	0	1	2	0	0	0	1	0	1	0	2	2	1	
0	2	0	0	2	1	0	2	0	0	1	0	0	0	0	0	0	2	0	0	2	0	0	0	0	2	2	2	
0	2	1	0	3	1	0	2	0	0	2	0	0	0	0	1	1	0	0	0	2	1	1	2	0	0	0	0	
0	2	1	0	2	0	0	2	1	0	2	0	0	0	0	0	1	1	0	3	2	2	0	2	0	0	1	1	
0	2	2	0	2	1	0	2	0	0	2	0	0	2	0	0	2	2	0	0	0	1	0	0	0	0	0	0	
1	2	1	0	2	1	1	2	1	2	2	0	0	0	2	2	2	2	0	0	2	3	0	2	1	0	1	2	
3	2	1	0	2	1	0	2	0	0	2	0	0	0	0	0	1	2	0	0	2	1	3	1	0	0	1	1	
0	2	1	0	3	1	1	2	0	0	2	0	0	2	2	0	2	1	0	0	3	3	0	0	0	0	1	2	
0	2	1	0	0	0	0	2	0	0	2	0	0	2	0	2	2	2	0	1	2	1	0	0	1	0	1	2	
0	2	1	0	2	1	0	0	0	0	2	0	0	2	0	0	1	2	0	0	3	1	0	2	0	2	0	1	
0	1	1	3	2	0	0	2	0	0	2	0	3	0	0	1	1	1	2	0	0	1	0	2	0	0	1	2	
0	2	2	0	0	1	1	2	0	0	2	0	0	0	0	0	1	2	0	0	2	1	0	2	0	0	1	2	
0	1	2	0	2	1	0	3	2	0	3	0	0	0	2	0	1	2	2	0	2	1	0	0	0	0	1	2	
0	1	1	1	2	1	0	3	0	0	2	0	0	0	0	0	1	1	0	0	2	1	0	2	1	0	1	2	
0	0	1	3	2	0	0	2	0	0	2	0	0	0	2	2	1	2	0	0	2	2	0	0	0	2	1	2	
0	1	2	0	0	1	0	3	2	1	1	0	0	0	0	0	2	2	0	0	2	1	0	2	0	0	1	2	
0	2	1	3	2	1	0	2	1	0	2	0	1	1	0	0	1	2	0	0	2	3	0	2	0	0	0	1	
0	0	2	0	1	1	0	3	0	0	3	0	0	0	0	0	0	2	0	0	2	0	1	2	0	0	1	2	
0	0	1	0	2	1	0	2	1	0	2	0	0	0	0	0	1	2	2	0	2	1	0	2	0	2	2	2	
0	0	1	0	2	3	0	0	0	0	2	0	0	0	0	0	2	2	0	0	0	1	3	0	0	3	1	2	
1	2	0	0	3	1	0	2	0	2	2	0	3	0	3	0	1	2	0	0	1	2	3	2	0	0	2	2	
0	0	1	0	2	1	0	2	0	0	2	0	0	1	0	0	1	2	2	0	2	1	0	1	0	0	2	2	
0	2	2	1	2	1	0	2	1	2	2	0	0	0	0	0	1	2	0	0	2	0	0	2	0	0	2	2	
0	2	2	0	2	1	0	2	0	0	2	2	0	0	0	0	1	1	0	0	3	0	0	2	0	0	2	2	
0	1	1	0	2	3	0	3	0	0	2	0	3	0	0	0	1	1	0	0	2	1	0	2	0	0	0	2	
0	2	1	0	2	1	0	0	0	0	2	0	0	0	2	0	1	2	0	3	0	0	0	2	0	0	0	0	
0	2	0	0	2	1	0	2	0	0	2	0	0	0	0	0	1	1	0	3	3	1	1	1	0	0	1	2	
1	2	0	3	2	3	0	2	0	0	2	0	0	2	0	0	1	1	2	0	2	1	1	2	0	0	1	2	
0	2	1	0	2	0	0	0	0	0	3	0	0	0	0	0	1	2	0	3	2	1	1	2	1	2	1	1	
0	2	1	0	2	3	0	2	0	2	2	0	0	2	0	0	1	2	0	0	2	1	0	2	0	3	1	2	
1	2	1	0	2	0	0	2	1	0	2	0	0	0	0	0	1	2	0	0	2	1	1	2	0	2	1	2	
0	0	1	3	1	1	0	2	0	0	2	0	0	0	2	0	1	1	0	0	2	1	0	2	0	0	1	2	
0	2	1	0	0	1	0	2	0	2	2	0	3	0	1	2	1	2	0	0	2	1	0	1	0	0	1	2	
0	0	2	3	2	1	1	3	0	0	2	0	0	0	0	0	1	2	0	0	2	1	0	2	0	0	1	1	
0	2	1	0	0	1	1	2	0	0	2	0	3	2	0	0	1	2	0	0	2	1	0	2	0	0	2	1	
0	0	1	0	2	0	2	0	1	2	3	0	0	0	0	0	1	2	0	0	2	1	0	2	1	0	1	2	
0	2	1	0	2	1	0	2	2	0	3	0	3	0	0	0	1	2	0	0	2	2	0	0	0	2	1	2	
0	2	1	0	2	1	0	2	0	0	2	0	0	1	0	0	1	2	0	0	0	1	0	2	0	0	1	2	
1	2	2	0	2	1	1	0	1	0	2	0	0	0	0	0	1	2	0	0	2	1	0	2	0	2	1	1	
0	1	1	0	2	1	0	2	0	0	2	2	0	0	0	0	2	1	0	0	2	1	1	2	2	0	2	2	
0	2	1	0	3	3	0	2	0	1	2	0	0	0	0	0	2	2	0	0	2	1	0	0	0	2	0	2	
0	1	0	0	2	2	0	3	1	1	2	0	0	0	0	0	0	2	0	0	1	1	0	2	0	0	1	0	
1	2	1	0	2	1	0	2	0	0	3	0	0	2	2	2	1	2	0	0	3	1	1	2	0	0	1	2	
0	2	1	0	2	1	0	0	0	2	2	0	0	0	3	0	1	2	0	3	0	1	0	2	0	0	1	1	
0	1	2	0	3	1	0	0	0	0	2	0	0	0	0	0	1	2	0	1	0	3	0	1	0	0	1	2	
0	2	1	0	2	1	0	2	0	0	2	0	0	0	0	2	1	2	1	0	2	1	0	0	1	0	1	0	
1	2	1	0	2	1	1	2	0	2	2	0	0	0	2	0	1	2	0	0	0	2	0	0	0	0	1	2	
1	2	2	0	2	1	0	2	0	0	2	0	0	0	2	0	2	2	0	3	3	1	0	2	0	0	1	2	
--------------------

--------------------
Best Solution Found!
--------------------
Time: 0 hour(s), 0 minute(s), 0 second(s), 430 millisecond(s)

Fitness: 305092

0	2	1	0	2	0	0	3	0	2	2	0	0	2	2	0	1	2	0	0	2	1	0	1	0	0	1	2	
3	1	2	1	2	1	0	2	1	0	2	0	0	0	0	0	1	2	1	0	0	1	1	2	0	0	0	1	
0	2	1	0	2	1	0	2	0	0	2	0	0	0	0	0	1	1	0	0	0	1	0	1	0	0	1	2	
0	2	1	0	0	3	0	3	0	0	2	0	0	1	0	0	1	2	0	0	0	1	0	2	2	0	1	2	
0	2	2	0	2	1	0	0	0	2	2	0	0	0	0	0	2	2	0	3	2	1	0	2	0	0	2	1	
0	2	1	0	2	1	1	2	0	0	2	0	0	0	0	1	1	2	0	0	3	1	0	0	1	2	1	2	
0	2	1	0	2	1	0	2	1	0	2	0	0	0	0	0	1	2	0	0	2	1	0	2	0	0	1	2	
0	2	2	0	2	0	0	2	0	0	2	0	0	0	0	0	1	2	0	0	2	1	0	2	0	0	0	2	
1	0	0	0	0	1	2	2	0	0	2	2	3	0	0	1	2	2	0	0	3	1	0	0	0	2	1	2	
0	1	1	0	2	1	0	2	0	0	2	0	0	0	0	0	1	1	0	0	2	1	0	2	0	0	0	0	
0	1	0	0	3	3	0	2	0	0	2	3	1	0	0	2	2	2	0	0	2	1	0	1	0	2	1	2	
0	0	1	0	2	1	0	0	0	0	3	0	0	0	0	0	1	2	0	0	2	1	1	0	0	0	1	1	
1	2	1	0	2	0	0	2	0	0	2	0	0	0	0	0	1	2	0	0	2	1	0	2	0	2	1	1	
0	2	1	0	0	2	0	2	0	0	1	0	0	0	0	0	1	2	0	0	0	1	1	0	0	0	0	2	
0	2	0	0	3	1	0	3	0	0	2	0	0	2	0	0	1	0	0	0	2	2	0	2	0	0	1	2	
0	2	1	0	2	2	1	2	0	0	3	0	0	2	0	0	1	1	0	3	2	0	1	0	0	2	0	2	
0	2	2	3	2	1	1	2	0	0	2	0	0	0	0	0	1	2	0	0	0	0	0	2	0	0	1	2	
0	1	1	0	2	1	1	2	0	0	3	0	3	2	0	0	1	2	0	0	1	1	1	2	0	0	1	2	
0	2	1	3	1	1	0	3	1	2	3	0	0	0	0	0	1	2	0	0	2	1	0	2	1	0	1	2	
0	2	1	0	0	1	1	2	0	0	2	0	0	0	2	0	1	1	0	0	2	3	0	1	0	0	1	2	
0	0	0	0	2	1	0	2	0	0	2	0	0	0	2	0	1	2	0	0	1	1	0	2	0	0	0	2	
0	0	1	0	2	0	0	0	0	2	2	0	0	2	0	2	2	2	1	3	2	3	0	2	0	0	2	2	
1	0	1	0	3	1	0	2	2	0	3	0	0	0	2	2	2	1	0	0	3	1	0	2	0	0	1	2	
0	2	0	0	2	1	0	2	1	1	3	0	0	2	0	0	1	2	0	0	2	1	0	2	1	0	1	2	
0	2	1	0	2	1	0	2	0	0	2	0	0	0	0	0	1	2	0	0	2	3	0	2	0	0	1	2	
0	1	2	0	2	0	0	0	0	0	2	0	0	0	0	0	0	1	0	0	2	2	0	2	1	0	1	2	
0	1	0	0	2	0	0	2	0	1	2	0	0	0	0	0	1	2	0	0	2	2	0	0	0	0	1	2	
0	2	1	0	2	1	0	2	0	0	2	0	0	2	0	0	1	2	0	3	3	1	0	2	0	0	1	2	
0	2	1	0	2	0	0	2	0	2	3	0	0	0	0	0	1	2	0	0	0	1	0	1	0	0	1	2	
0	1	2	0	2	1	1	0	0	0	3	0	0	0	0	0	2	2	0	0	2	1	0	1	1	2	1	2	
0	1	1	0	2	1	1	2	0	2	2	0	1	0	1	0	1	2	0	1	2	1	3	2	0	2	1	2	
1	2	1	0	2	0	0	2	0	2	2	0	0	0	0	0	1	2	0	0	0	0	0	2	0	2	2	2	
1	2	1	0	1	1	0	2	1	0	2	0	0	0	2	0	1	2	0	0	0	2	0	2	1	0	1	2	
0	2	2	0	2	1	0	0	0	2	2	0	0	2	2	0	0	2	0	0	2	1	0	2	0	0	0	2	
0	0	1	0	3	3	0	3	0	0	2	0	0	0	0	0	1	2	0	0	3	0	1	2	0	0	0	2	
1	2	1	0	2	1	0	0	0	1	2	0	0	1	0	0	1	1	0	3	2	1	0	2	0	0	2	2	
0	2	1	0	2	1	0	2	0	0	2	2	0	2	0	2	2	1	2	3	2	1	3	0	0	0	2	2	
0	2	1	0	2	1	1	2	1	2	2	0	0	0	0	0	2	2	0	0	1	1	0	0	0	0	1	2	
0	2	1	0	2	3	0	3	0	0	2	0	0	0	0	0	1	1	0	0	3	1	0	2	0	0	1	1	
0	2	1	0	2	1	0	2	0	0	2	0	0	0	0	0	2	1	1	3	0	2	3	2	0	0	0	2	
0	2	1	0	2	0	0	2	0	0	2	0	0	0	0	0	1	2	0	0	2	3	0	2	0	0	0	1	
0	2	2	0	2	1	1	2	0	0	2	0	0	0	3	0	1	2	0	0	0	0	1	1	0	3	1	0	
0	1	1	0	0	1	2	3	1	0	2	0	0	0	0	0	2	2	2	0	2	1	0	2	0	0	2	2	
0	0	0	0	2	3	0	0	1	0	2	0	0	0	2	0	1	1	2	0	2	1	0	2	0	2	1	1	
0	2	1	0	3	1	0	2	0	0	2	0	0	0	0	0	0	2	0	0	2	1	0	2	0	0	1	1	
0	2	2	1	2	0	0	3	0	0	3	0	0	0	0	2	1	2	0	0	2	1	0	0	0	0	2	2	
0	2	0	0	3	1	1	2	2	0	3	0	3	2	3	0	1	2	0	0	2	0	1	2	0	0	1	2	
0	2	1	0	2	3	0	2	0	0	2	0	0	0	2	0	1	2	0	0	2	1	0	2	0	0	2	2	
0	0	2	0	2	1	0	0	0	0	2	0	0	0	0	0	1	2	0	0	2	1	0	1	0	3	1	2	
0	2	1	3	2	1	0	2	0	0	2	0	0	0	0	2	1	2	0	0	2	2	1	2	0	0	2	0	
0	2	1	3	3	2	0	2	1	0	2	0	3	0	0	0	1	2	0	0	0	1	0	1	0	0	1	1	
1	2	1	0	2	1	0	2	0	0	2	0	0	0	2	2	1	1	0	0	2	1	0	1	0	0	1	2	
0	2	1	3	2	1	2	2	0	0	2	0	0	0	0	0	1	2	0	0	2	1	0	2	0	0	1	1	
0	2	2	0	2	1	0	0	0	2	2	0	3	2	2	0	1	2	2	0	2	1	0	2	0	0	1	2	
0	1	1	0	0	3	0	2	1	0	2	0	0	0	0	0	1	2	0	0	2	1	0	2	0	2	1	0	
0	0	1	3	2	1	0	2	2	0	2	0	3	0	2	0	2	2	0	0	2	3	0	2	0	0	2	2	
0	2	1	0	1	1	1	0	1	0	1	0	3	0	0	0	1	2	0	0	1	1	1	0	0	0	1	2	
3	2	1	0	2	0	0	0	0	0	2	0	0	1	2	0	1	2	0	1	2	0	0	0	0	0	1	1	
0	0	1	3	2	1	0	3	0	0	2	0	0	0	0	0	0	2	2	0	0	1	0	0	0	0	1	2	
1	2	1	3	3	1	0	3	0	0	2	0	0	0	0	0	1	2	0	0	2	0	0	0	0	0	1	0	
--------------------

--------------------
Best Solution Found!
--------------------
Time: 0 hour(s), 0 minute(s), 0 second(s), 580 millisecond(s)

Fitness: 304087

0	2	2	0	2	2	0	2	0	0	2	0	0	0	3	0	1	2	0	0	2	1	1	1	0	2	0	2	
0	0	2	0	0	0	0	2	1	0	2	2	0	0	0	0	1	2	0	0	3	1	0	2	0	2	1	2	
0	0	2	0	2	1	0	2	0	0	2	3	0	0	0	0	1	2	2	0	2	0	0	0	0	0	1	2	
0	2	1	0	2	1	0	2	1	0	2	0	0	2	0	0	1	2	0	0	2	3	1	2	0	0	1	2	
0	2	1	0	2	0	0	2	0	1	3	0	0	1	2	0	1	2	0	3	2	1	1	0	0	0	2	2	
0	2	1	0	0	3	1	3	0	0	2	0	0	0	0	1	2	2	1	0	2	1	0	1	0	0	0	2	
0	0	0	0	2	1	0	0	2	0	3	0	0	0	0	0	1	2	0	0	0	0	0	2	0	0	1	2	
0	2	2	0	3	1	0	2	0	2	2	0	0	0	0	0	1	2	0	3	2	0	0	2	1	0	1	1	
0	2	2	0	2	3	0	2	1	0	2	0	0	0	0	0	2	2	0	0	2	1	0	2	0	0	1	2	
0	2	1	0	2	1	0	0	0	0	2	0	3	0	0	2	1	1	0	0	2	2	0	2	0	3	1	1	
0	2	1	0	2	1	0	2	1	0	2	0	0	0	0	0	2	2	0	0	0	1	0	1	0	0	1	1	
0	1	1	0	2	1	2	2	0	0	3	0	0	0	0	0	1	2	0	0	2	1	0	1	1	0	1	2	
3	1	1	0	2	1	0	2	0	0	2	0	0	2	2	0	1	2	0	0	3	1	0	1	0	0	1	2	
0	2	1	0	2	0	0	2	2	0	3	0	0	0	0	0	2	0	0	0	2	0	0	2	0	0	1	2	
1	2	0	0	2	1	1	2	0	0	2	0	0	2	0	2	1	1	0	3	0	1	0	2	0	0	2	2	
0	2	1	0	2	1	0	2	0	0	2	0	0	0	0	0	1	2	0	0	0	2	0	2	0	0	2	1	
0	1	1	0	2	1	1	0	0	0	3	0	0	0	0	2	2	2	0	0	0	1	0	2	0	2	1	0	
0	0	2	3	2	0	1	0	1	0	2	0	0	0	0	0	1	1	0	0	2	3	1	2	0	0	2	0	
1	2	1	0	2	1	0	2	1	0	2	0	0	0	0	0	1	2	0	0	0	1	0	2	0	0	2	2	
0	2	0	0	3	1	0	3	0	0	2	0	3	2	0	0	2	2	0	0	1	3	0	1	0	0	1	2	
0	2	1	0	3	0	0	3	0	2	2	0	0	0	0	0	2	2	0	0	2	1	0	2	0	2	1	1	
0	2	1	0	0	1	0	2	1	0	2	0	0	0	0	0	1	2	0	0	2	1	0	2	0	2	1	2	
1	2	1	0	0	1	0	2	0	0	2	0	0	0	0	0	1	1	0	3	2	1	0	0	0	2	1	2	
1	2	2	0	3	3	0	2	0	0	2	0	3	0	0	1	1	1	0	0	0	1	3	0	0	0	2	2	
0	2	0	3	2	1	0	3	0	0	2	0	0	2	0	0	1	1	0	0	2	1	0	2	0	0	1	2	
0	2	0	0	3	0	0	2	0	2	3	0	0	0	0	0	1	2	0	0	2	1	0	2	0	0	1	2	
0	2	2	0	2	1	0	0	0	0	2	0	0	0	0	0	0	2	0	0	2	2	0	2	1	0	1	2	
0	2	1	0	2	1	0	0	1	0	2	0	0	2	0	0	0	2	2	0	3	1	1	2	0	0	1	2	
0	0	1	0	3	1	1	2	0	2	2	0	0	0	0	0	1	2	0	0	2	3	0	0	0	0	1	2	
0	1	2	0	2	1	2	2	0	0	2	0	0	1	2	0	1	2	0	0	2	0	0	0	0	0	1	2	
0	2	1	0	1	2	0	2	0	2	2	0	0	1	0	0	1	2	0	0	0	1	3	2	0	0	1	2	
0	2	1	0	0	1	0	2	0	1	3	0	0	0	0	0	1	2	2	0	2	1	0	2	1	0	1	1	
0	2	1	0	2	3	0	2	0	0	2	0	3	0	0	0	2	2	0	0	2	2	0	2	0	0	0	1	
1	1	0	0	2	1	0	3	1	0	2	0	0	2	2	0	1	1	0	0	2	1	0	0	0	3	1	0	
0	1	1	0	2	1	1	3	0	0	3	0	0	0	0	0	1	2	0	3	2	0	0	1	0	0	0	2	
0	2	1	0	1	1	0	3	0	2	2	0	0	0	2	0	1	1	0	1	2	0	1	2	0	0	1	2	
0	1	0	3	2	1	1	2	0	2	2	0	0	0	0	0	1	2	0	0	2	1	0	2	0	0	1	1	
0	2	2	0	3	1	0	0	0	0	2	0	1	0	2	0	1	2	2	0	2	0	0	2	0	0	2	2	
0	0	1	0	2	1	0	3	0	2	2	0	0	0	0	2	1	2	1	0	2	1	1	1	0	2	2	2	
0	2	1	3	2	1	0	2	0	2	2	0	0	0	2	0	1	1	1	0	2	1	0	2	1	2	0	2	
0	0	1	3	2	1	0	0	0	0	2	0	0	0	0	0	1	2	0	0	0	1	0	0	0	0	0	2	
1	1	1	0	2	1	0	2	1	0	2	0	0	2	1	0	1	2	2	0	2	1	0	1	2	0	0	0	
0	2	1	3	2	0	1	2	2	0	2	0	0	0	0	0	1	1	0	0	2	1	0	0	0	0	1	2	
0	2	1	0	2	1	0	3	0	0	3	0	1	0	0	0	1	2	0	0	2	1	1	2	0	0	1	2	
0	2	1	0	2	1	0	0	0	0	2	0	0	2	0	0	2	2	0	0	0	1	0	2	1	0	1	2	
0	2	1	1	2	3	0	2	1	0	2	0	0	0	0	0	1	2	0	0	2	1	0	2	0	0	1	2	
0	2	1	3	3	0	0	0	0	0	1	0	0	0	0	0	0	2	0	0	1	1	0	2	0	0	1	2	
3	2	1	0	1	1	2	3	0	0	2	0	0	0	0	0	1	1	0	3	1	1	0	2	0	0	1	2	
0	0	1	0	2	2	0	2	0	0	2	0	3	0	0	0	2	2	0	0	0	2	0	2	0	0	1	2	
0	0	1	0	2	1	0	2	0	0	2	0	0	0	0	0	1	2	0	0	2	1	0	2	0	0	1	2	
0	1	0	0	2	1	1	2	0	2	1	0	0	2	2	0	0	1	0	0	2	1	1	2	0	0	1	1	
0	0	1	0	2	0	1	2	0	0	2	0	0	0	0	0	1	2	0	1	3	1	3	2	0	2	0	2	
0	2	1	3	2	0	0	0	0	1	2	2	0	0	2	0	1	2	0	0	2	1	0	2	0	0	0	2	
1	2	1	0	2	1	1	2	0	0	2	0	0	0	0	2	1	2	0	0	2	1	0	2	0	0	2	2	
0	2	1	0	2	3	0	2	0	0	2	0	3	2	2	2	1	2	0	0	1	1	1	0	0	0	1	0	
0	1	1	0	0	0	0	2	0	0	2	0	0	0	2	0	1	2	0	0	2	1	0	0	0	0	0	1	
1	2	1	1	2	1	0	2	0	0	2	0	0	0	2	0	1	2	0	0	2	3	0	1	0	0	1	2	
0	2	1	0	2	3	0	2	0	0	3	0	3	0	3	0	1	2	0	0	3	1	0	0	0	0	2	2	
0	2	2	0	2	1	0	2	0	0	2	0	0	0	0	2	2	2	0	3	3	2	0	2	0	0	1	2	
0	2	1	0	2	1	0	0	0	0	2	0	0	0	0	0	1	2	0	0	0	1	0	0	0	2	1	1	
--------------------

--------------------
Best Solution Found!
--------------------
Time: 0 hour(s), 0 minute(s), 0 second(s), 583 millisecond(s)

Fitness: 304087

0	2	2	0	2	2	0	2	0	0	2	0	0	0	3	0	1	2	0	0	2	1	1	1	0	2	0	2	
0	0	2	0	0	0	0	2	1	0	2	2	0	0	0	0	1	2	0	0	3	1	0	2	0	2	1	2	
0	0	2	0	2	1	0	2	0	0	2	3	0	0	0	0	1	2	2	0	2	0	0	0	0	0	1	2	
0	2	1	0	2	1	0	2	1	0	2	0	0	2	0	0	1	2	0	0	2	3	1	2	0	0	1	2	
0	2	1	0	2	0	0	2	0	1	3	0	0	1	2	0	1	2	0	3	2	1	1	0	0	0	2	2	
0	2	1	0	0	3	1	3	0	0	2	0	0	0	0	1	2	2	1	0	2	1	0	1	0	0	0	2	
0	0	0	0	2	1	0	0	2	0	3	0	0	0	0	0	1	2	0	0	0	0	0	2	0	0	1	2	
0	2	2	0	3	1	0	2	0	2	2	0	0	0	0	0	1	2	0	3	2	0	0	2	1	0	1	1	
0	2	2	0	2	3	0	2	1	0	2	0	0	0	0	0	2	2	0	0	2	1	0	2	0	0	1	2	
0	2	1	0	2	1	0	0	0	0	2	0	3	0	0	2	1	1	0	0	2	2	0	2	0	3	1	1	
0	2	1	0	2	1	0	2	1	0	2	0	0	0	0	0	2	2	0	0	0	1	0	1	0	0	1	1	
0	1	1	0	2	1	2	2	0	0	3	0	0	0	0	0	1	2	0	0	2	1	0	1	1	0	1	2	
3	1	1	0	2	1	0	2	0	0	2	0	0	2	2	0	1	2	0	0	3	1	0	1	0	0	1	2	
0	2	1	0	2	0	0	2	2	0	3	0	0	0	0	0	2	0	0	0	2	0	0	2	0	0	1	2	
1	2	0	0	2	1	1	2	0	0	2	0	0	2	0	2	1	1	0	3	0	1	0	2	0	0	2	2	
0	2	1	0	2	1	0	2	0	0	2	0	0	0	0	0	1	2	0	0	0	2	0	2	0	0	2	1	
0	1	1	0	2	1	1	0	0	0	3	0	0	0	0	2	2	2	0	0	0	1	0	2	0	2	1	0	
0	0	2	3	2	0	1	0	1	0	2	0	0	0	0	0	1	1	0	0	2	3	1	2	0	0	2	0	
1	2	1	0	2	1	0	2	1	0	2	0	0	0	0	0	1	2	0	0	0	1	0	2	0	0	2	2	
0	2	0	0	3	1	0	3	0	0	2	0	3	2	0	0	2	2	0	0	1	3	0	1	0	0	1	2	
0	2	1	0	3	0	0	3	0	2	2	0	0	0	0	0	2	2	0	0	2	1	0	2	0	2	1	1	
0	2	1	0	0	1	0	2	1	0	2	0	0	0	0	0	1	2	0	0	2	1	0	2	0	2	1	2	
1	2	1	0	0	1	0	2	0	0	2	0	0	0	0	0	1	1	0	3	2	1	0	0	0	2	1	2	
1	2	2	0	3	3	0	2	0	0	2	0	3	0	0	1	1	1	0	0	0	1	3	0	0	0	2	2	
0	2	0	3	2	1	0	3	0	0	2	0	0	2	0	0	1	1	0	0	2	1	0	2	0	0	1	2	
0	2	0	0	3	0	0	2	0	2	3	0	0	0	0	0	1	2	0	0	2	1	0	2	0	0	1	2	
0	2	2	0	2	1	0	0	0	0	2	0	0	0	0	0	0	2	0	0	2	2	0	2	1	0	1	2	
0	2	1	0	2	1	0	0	1	0	2	0	0	2	0	0	0	2	2	0	3	1	1	2	0	0	1	2	
0	0	1	0	3	1	1	2	0	2	2	0	0	0	0	0	1	2	0	0	2	3	0	0	0	0	1	2	
0	1	2	0	2	1	2	2	0	0	2	0	0	1	2	0	1	2	0	0	2	0	0	0	0	0	1	2	
0	2	1	0	1	2	0	2	0	2	2	0	0	1	0	0	1	2	0	0	0	1	3	2	0	0	1	2	
0	2	1	0	0	1	0	2	0	1	3	0	0	0	0	0	1	2	2	0	2	1	0	2	1	0	1	1	
0	2	1	0	2	3	0	2	0	0	2	0	3	0	0	0	2	2	0	0	2	2	0	2	0	0	0	1	
1	1	0	0	2	1	0	3	1	0	2	0	0	2	2	0	1	1	0	0	2	1	0	0	0	3	1	0	
0	1	1	0	2	1	1	3	0	0	3	0	0	0	0	0	1	2	0	3	2	0	0	1	0	0	0	2	
0	2	1	0	1	1	0	3	0	2	2	0	0	0	2	0	1	1	0	1	2	0	1	2	0	0	1	2	
0	1	0	3	2	1	1	2	0	2	2	0	0	0	0	0	1	2	0	0	2	1	0	2	0	0	1	1	
0	2	2	0	3	1	0	0	0	0	2	0	1	0	2	0	1	2	2	0	2	0	0	2	0	0	2	2	
0	0	1	0	2	1	0	3	0	2	2	0	0	0	0	2	1	2	1	0	2	1	1	1	0	2	2	2	
0	2	1	3	2	1	0	2	0	2	2	0	0	0	2	0	1	1	1	0	2	1	0	2	1	2	0	2	
0	0	1	3	2	1	0	0	0	0	2	0	0	0	0	0	1	2	0	0	0	1	0	0	0	0	0	2	
1	1	1	0	2	1	0	2	1	0	2	0	0	2	1	0	1	2	2	0	2	1	0	1	2	0	0	0	
0	2	1	3	2	0	1	2	2	0	2	0	0	0	0	0	1	1	0	0	2	1	0	0	0	0	1	2	
0	2	1	0	2	1	0	3	0	0	3	0	1	0	0	0	1	2	0	0	2	1	1	2	0	0	1	2	
0	2	1	0	2	1	0	0	0	0	2	0	0	2	0	0	2	2	0	0	0	1	0	2	1	0	1	2	
0	2	1	1	2	3	0	2	1	0	2	0	0	0	0	0	1	2	0	0	2	1	0	2	0	0	1	2	
0	2	1	3	3	0	0	0	0	0	1	0	0	0	0	0	0	2	0	0	1	1	0	2	0	0	1	2	
3	2	1	0	1	1	2	3	0	0	2	0	0	0	0	0	1	1	0	3	1	1	0	2	0	0	1	2	
0	0	1	0	2	2	0	2	0	0	2	0	3	0	0	0	2	2	0	0	0	2	0	2	0	0	1	2	
0	0	1	0	2	1	0	2	0	0	2	0	0	0	0	0	1	2	0	0	2	1	0	2	0	0	1	2	
0	1	0	0	2	1	1	2	0	2	1	0	0	2	2	0	0	1	0	0	2	1	1	2	0	0	1	1	
0	0	1	0	2	0	1	2	0	0	2	0	0	0	0	0	1	2	0	1	3	1	3	2	0	2	0	2	
0	2	1	3	2	0	0	0	0	1	2	2	0	0	2	0	1	2	0	0	2	1	0	2	0	0	0	2	
1	2	1	0	2	1	1	2	0	0	2	0	0	0	0	2	1	2	0	0	2	1	0	2	0	0	2	2	
0	2	1	0	2	3	0	2	0	0	2	0	3	2	2	2	1	2	0	0	1	1	1	0	0	0	1	0	
0	1	1	0	0	0	0	2	0	0	2	0	0	0	2	0	1	2	0	0	2	1	0	0	0	0	0	1	
1	2	1	1	2	1	0	2	0	0	2	0	0	0	2	0	1	2	0	0	2	3	0	1	0	0	1	2	
0	2	1	0	2	3	0	2	0	0	3	0	3	0	3	0	1	2	0	0	3	1	0	0	0	0	2	2	
0	2	2	0	2	1	0	2	0	0	2	0	0	0	0	2	2	2	0	3	3	2	0	2	0	0	1	2	
0	2	1	0	2	1	0	0	0	0	2	0	0	0	0	0	1	2	0	0	0	1	0	0	0	2	1	1	
--------------------

--------------------
Best Solution Found!
--------------------
Time: 0 hour(s), 0 minute(s), 0 second(s), 959 millisecond(s)

Fitness: 302076

1	2	2	0	2	1	0	2	1	0	3	0	0	2	0	0	1	1	0	0	2	0	0	2	0	2	1	2	
0	2	1	0	1	0	2	2	0	0	2	0	0	0	0	0	0	1	1	0	2	1	0	2	0	2	0	2	
0	2	1	0	2	1	1	0	0	0	2	0	0	0	0	0	1	1	0	0	2	2	0	2	0	0	2	2	
0	2	1	0	2	1	0	0	0	0	2	0	3	0	0	0	1	2	0	1	0	3	0	2	0	0	0	2	
0	2	1	0	0	1	1	3	0	0	1	0	0	2	0	0	1	2	0	0	2	1	0	2	1	0	2	1	
0	2	1	0	2	1	0	0	0	0	2	0	0	0	0	2	1	2	0	0	2	1	1	1	0	0	1	0	
0	2	2	3	2	3	0	2	0	2	2	0	0	0	0	0	1	2	0	0	0	2	0	1	0	0	1	2	
0	2	1	3	0	1	0	0	0	0	3	0	0	0	0	0	1	2	0	0	2	1	3	0	0	0	1	2	
1	1	1	0	2	1	2	3	0	0	2	0	0	0	0	0	2	2	0	0	2	1	0	0	0	0	0	1	
0	2	1	0	0	1	0	0	0	0	2	0	0	0	0	2	2	2	1	0	0	1	0	2	1	3	1	2	
0	2	1	0	3	2	0	2	1	0	2	0	3	0	0	0	1	2	0	3	1	1	0	0	0	0	1	2	
1	2	2	0	2	1	0	0	0	0	2	0	0	2	0	0	1	2	0	0	0	3	0	1	0	0	2	2	
0	2	1	0	2	1	0	3	0	0	2	0	0	0	0	0	1	2	0	0	0	1	1	2	0	0	0	2	
0	2	2	0	2	3	0	2	0	0	2	0	0	0	0	0	2	1	2	0	2	1	1	2	0	0	2	2	
0	2	2	0	2	0	1	2	2	0	2	0	0	0	2	0	1	2	0	0	2	1	0	2	0	0	2	2	
0	2	1	0	2	1	0	2	1	2	2	3	3	2	1	0	2	2	1	0	2	3	1	2	0	0	1	1	
0	2	1	3	2	0	0	2	0	0	2	0	0	0	0	2	1	2	0	0	2	1	3	2	0	2	1	2	
0	1	0	0	2	1	0	2	0	0	2	0	0	0	2	0	1	2	0	0	2	0	0	2	2	0	0	2	
0	2	1	1	2	1	0	2	0	0	2	0	0	0	0	0	1	1	0	0	3	3	0	2	0	0	1	2	
1	2	0	1	2	1	1	3	0	0	2	0	3	0	2	1	1	2	0	0	2	1	0	2	0	0	1	2	
0	2	1	0	2	1	0	0	0	0	2	0	0	0	2	0	2	2	0	3	2	1	0	2	0	2	1	2	
0	1	2	0	2	1	0	2	2	0	2	0	0	0	0	0	1	2	2	0	2	1	0	2	0	2	1	2	
0	2	1	0	2	1	1	2	0	2	2	0	1	0	0	0	2	1	0	1	2	1	1	0	0	2	1	0	
0	0	1	0	2	1	0	2	0	0	2	0	0	0	0	0	2	2	0	0	2	1	0	0	0	0	1	2	
0	2	1	0	2	1	0	3	0	0	3	0	3	0	0	0	2	1	0	0	3	3	0	2	0	0	1	2	
0	2	0	0	2	1	0	2	0	1	2	0	0	0	2	1	2	1	0	0	2	1	0	2	0	0	1	1	
0	2	1	0	2	1	0	2	1	0	2	0	0	0	0	0	0	2	0	0	2	1	3	2	0	0	1	2	
0	1	1	0	2	1	0	2	0	0	3	0	0	0	2	0	1	2	0	0	0	2	0	2	0	0	0	0	
0	2	1	3	0	1	0	3	0	0	2	0	1	1	2	0	1	2	0	0	0	2	0	2	0	0	1	2	
0	2	0	0	2	1	0	2	0	0	2	0	0	0	0	0	1	2	0	0	2	1	0	1	0	0	1	1	
0	0	0	0	2	0	0	2	0	0	2	0	0	0	0	0	1	2	0	0	0	1	1	1	0	0	1	2	
1	1	1	0	2	1	0	2	2	0	2	0	0	0	0	0	1	2	0	0	2	1	0	2	0	0	1	0	
0	2	1	0	3	0	0	2	0	2	2	0	0	0	0	0	1	2	0	0	2	1	0	2	0	0	1	2	
3	2	0	0	2	1	0	3	0	0	3	0	0	0	0	0	1	2	0	3	1	2	1	0	1	3	1	2	
0	0	1	0	3	1	0	2	1	0	2	0	0	0	0	0	1	1	0	0	2	1	0	0	0	0	2	1	
0	2	1	0	2	0	1	2	0	2	2	2	0	1	0	2	1	2	2	0	2	1	0	2	0	0	0	1	
1	1	1	3	3	1	1	2	0	0	2	0	0	2	0	0	2	2	0	0	2	1	0	2	0	0	1	1	
0	0	2	3	2	0	0	2	0	2	3	0	0	0	3	0	1	2	0	0	3	1	0	0	0	0	1	1	
0	0	1	0	2	1	0	0	0	0	2	0	0	0	2	0	1	0	0	0	2	0	1	2	0	2	2	2	
0	2	2	0	0	1	0	3	0	0	3	0	0	0	0	0	2	2	0	0	1	1	0	2	0	2	1	2	
0	0	1	3	3	3	0	2	0	0	2	0	0	0	0	0	1	2	2	0	2	0	0	2	0	0	1	2	
0	2	1	0	2	1	0	2	1	0	2	0	0	0	2	0	1	2	0	0	2	1	0	2	0	0	2	2	
0	2	1	0	2	0	0	2	0	2	2	0	0	2	0	0	1	2	0	0	2	1	0	2	0	0	2	1	
0	2	1	0	2	1	0	2	0	0	1	0	0	0	0	0	0	2	0	0	2	0	0	0	0	0	1	2	
0	2	2	0	2	3	0	2	0	0	2	0	0	2	2	0	0	1	0	0	2	1	0	2	1	0	1	2	
0	2	1	0	2	1	0	2	0	2	2	0	0	2	0	0	1	2	0	0	0	0	1	1	0	0	1	2	
1	2	1	0	2	1	0	3	0	0	2	0	0	0	0	2	1	2	0	3	3	1	0	2	0	0	2	2	
0	1	1	0	3	1	0	2	0	0	2	0	0	0	0	0	1	2	0	0	0	0	0	2	0	0	1	2	
1	2	1	0	3	1	1	2	0	0	2	0	0	2	0	2	1	2	0	3	3	1	0	2	0	0	0	2	
0	1	1	0	2	3	1	2	0	0	2	0	0	1	0	0	1	2	0	0	2	0	0	1	0	0	0	2	
0	1	1	0	2	0	0	3	1	2	2	0	0	0	0	0	1	2	0	0	0	1	0	1	1	0	1	2	
0	2	2	3	1	0	0	2	1	0	2	0	0	0	0	0	1	2	0	0	2	1	0	1	1	2	1	2	
0	2	1	0	0	1	1	0	1	0	2	0	0	0	2	2	1	1	2	0	0	1	0	0	0	0	1	1	
0	0	1	0	2	3	0	0	0	0	2	2	0	0	0	0	1	2	0	3	3	1	0	2	0	0	0	2	
0	2	1	0	2	2	0	2	0	1	2	0	0	0	0	0	1	1	0	0	2	1	0	0	0	0	1	2	
3	0	2	0	2	3	0	2	0	1	3	0	3	2	0	0	1	2	0	0	1	1	0	0	0	0	1	0	
0	0	0	0	2	2	0	2	1	0	3	0	0	0	0	0	1	2	0	0	2	1	0	0	0	0	1	2	
0	2	0	0	2	0	1	0	0	2	3	0	3	0	0	0	1	2	0	3	2	2	0	2	0	0	1	2	
0	1	1	0	3	1	0	0	1	0	2	0	0	2	3	0	1	2	0	0	2	1	1	2	0	0	1	2	
0	0	1	0	1	1	2	2	0	0	2	0	0	0	2	0	1	2	0	0	2	1	0	1	0	2	1	2	
--------------------

--------------------
Best Solution Found!
--------------------
Time: 0 hour(s), 0 minute(s), 0 second(s), 964 millisecond(s)

Fitness: 302076

1	2	2	0	2	1	0	2	1	0	3	0	0	2	0	0	1	1	0	0	2	0	0	2	0	2	1	2	
0	2	1	0	1	0	2	2	0	0	2	0	0	0	0	0	0	1	1	0	2	1	0	2	0	2	0	2	
0	2	1	0	2	1	1	0	0	0	2	0	0	0	0	0	1	1	0	0	2	2	0	2	0	0	2	2	
0	2	1	0	2	1	0	0	0	0	2	0	3	0	0	0	1	2	0	1	0	3	0	2	0	0	0	2	
0	2	1	0	0	1	1	3	0	0	1	0	0	2	0	0	1	2	0	0	2	1	0	2	1	0	2	1	
0	2	1	0	2	1	0	0	0	0	2	0	0	0	0	2	1	2	0	0	2	1	1	1	0	0	1	0	
0	2	2	3	2	3	0	2	0	2	2	0	0	0	0	0	1	2	0	0	0	2	0	1	0	0	1	2	
0	2	1	3	0	1	0	0	0	0	3	0	0	0	0	0	1	2	0	0	2	1	3	0	0	0	1	2	
1	1	1	0	2	1	2	3	0	0	2	0	0	0	0	0	2	2	0	0	2	1	0	0	0	0	0	1	
0	2	1	0	0	1	0	0	0	0	2	0	0	0	0	2	2	2	1	0	0	1	0	2	1	3	1	2	
0	2	1	0	3	2	0	2	1	0	2	0	3	0	0	0	1	2	0	3	1	1	0	0	0	0	1	2	
1	2	2	0	2	1	0	0	0	0	2	0	0	2	0	0	1	2	0	0	0	3	0	1	0	0	2	2	
0	2	1	0	2	1	0	3	0	0	2	0	0	0	0	0	1	2	0	0	0	1	1	2	0	0	0	2	
0	2	2	0	2	3	0	2	0	0	2	0	0	0	0	0	2	1	2	0	2	1	1	2	0	0	2	2	
0	2	2	0	2	0	1	2	2	0	2	0	0	0	2	0	1	2	0	0	2	1	0	2	0	0	2	2	
0	2	1	0	2	1	0	2	1	2	2	3	3	2	1	0	2	2	1	0	2	3	1	2	0	0	1	1	
0	2	1	3	2	0	0	2	0	0	2	0	0	0	0	2	1	2	0	0	2	1	3	2	0	2	1	2	
0	1	0	0	2	1	0	2	0	0	2	0	0	0	2	0	1	2	0	0	2	0	0	2	2	0	0	2	
0	2	1	1	2	1	0	2	0	0	2	0	0	0	0	0	1	1	0	0	3	3	0	2	0	0	1	2	
1	2	0	1	2	1	1	3	0	0	2	0	3	0	2	1	1	2	0	0	2	1	0	2	0	0	1	2	
0	2	1	0	2	1	0	0	0	0	2	0	0	0	2	0	2	2	0	3	2	1	0	2	0	2	1	2	
0	1	2	0	2	1	0	2	2	0	2	0	0	0	0	0	1	2	2	0	2	1	0	2	0	2	1	2	
0	2	1	0	2	1	1	2	0	2	2	0	1	0	0	0	2	1	0	1	2	1	1	0	0	2	1	0	
0	0	1	0	2	1	0	2	0	0	2	0	0	0	0	0	2	2	0	0	2	1	0	0	0	0	1	2	
0	2	1	0	2	1	0	3	0	0	3	0	3	0	0	0	2	1	0	0	3	3	0	2	0	0	1	2	
0	2	0	0	2	1	0	2	0	1	2	0	0	0	2	1	2	1	0	0	2	1	0	2	0	0	1	1	
0	2	1	0	2	1	0	2	1	0	2	0	0	0	0	0	0	2	0	0	2	1	3	2	0	0	1	2	
0	1	1	0	2	1	0	2	0	0	3	0	0	0	2	0	1	2	0	0	0	2	0	2	0	0	0	0	
0	2	1	3	0	1	0	3	0	0	2	0	1	1	2	0	1	2	0	0	0	2	0	2	0	0	1	2	
0	2	0	0	2	1	0	2	0	0	2	0	0	0	0	0	1	2	0	0	2	1	0	1	0	0	1	1	
0	0	0	0	2	0	0	2	0	0	2	0	0	0	0	0	1	2	0	0	0	1	1	1	0	0	1	2	
1	1	1	0	2	1	0	2	2	0	2	0	0	0	0	0	1	2	0	0	2	1	0	2	0	0	1	0	
0	2	1	0	3	0	0	2	0	2	2	0	0	0	0	0	1	2	0	0	2	1	0	2	0	0	1	2	
3	2	0	0	2	1	0	3	0	0	3	0	0	0	0	0	1	2	0	3	1	2	1	0	1	3	1	2	
0	0	1	0	3	1	0	2	1	0	2	0	0	0	0	0	1	1	0	0	2	1	0	0	0	0	2	1	
0	2	1	0	2	0	1	2	0	2	2	2	0	1	0	2	1	2	2	0	2	1	0	2	0	0	0	1	
1	1	1	3	3	1	1	2	0	0	2	0	0	2	0	0	2	2	0	0	2	1	0	2	0	0	1	1	
0	0	2	3	2	0	0	2	0	2	3	0	0	0	3	0	1	2	0	0	3	1	0	0	0	0	1	1	
0	0	1	0	2	1	0	0	0	0	2	0	0	0	2	0	1	0	0	0	2	0	1	2	0	2	2	2	
0	2	2	0	0	1	0	3	0	0	3	0	0	0	0	0	2	2	0	0	1	1	0	2	0	2	1	2	
0	0	1	3	3	3	0	2	0	0	2	0	0	0	0	0	1	2	2	0	2	0	0	2	0	0	1	2	
0	2	1	0	2	1	0	2	1	0	2	0	0	0	2	0	1	2	0	0	2	1	0	2	0	0	2	2	
0	2	1	0	2	0	0	2	0	2	2	0	0	2	0	0	1	2	0	0	2	1	0	2	0	0	2	1	
0	2	1	0	2	1	0	2	0	0	1	0	0	0	0	0	0	2	0	0	2	0	0	0	0	0	1	2	
0	2	2	0	2	3	0	2	0	0	2	0	0	2	2	0	0	1	0	0	2	1	0	2	1	0	1	2	
0	2	1	0	2	1	0	2	0	2	2	0	0	2	0	0	1	2	0	0	0	0	1	1	0	0	1	2	
1	2	1	0	2	1	0	3	0	0	2	0	0	0	0	2	1	2	0	3	3	1	0	2	0	0	2	2	
0	1	1	0	3	1	0	2	0	0	2	0	0	0	0	0	1	2	0	0	0	0	0	2	0	0	1	2	
1	2	1	0	3	1	1	2	0	0	2	0	0	2	0	2	1	2	0	3	3	1	0	2	0	0	0	2	
0	1	1	0	2	3	1	2	0	0	2	0	0	1	0	0	1	2	0	0	2	0	0	1	0	0	0	2	
0	1	1	0	2	0	0	3	1	2	2	0	0	0	0	0	1	2	0	0	0	1	0	1	1	0	1	2	
0	2	2	3	1	0	0	2	1	0	2	0	0	0	0	0	1	2	0	0	2	1	0	1	1	2	1	2	
0	2	1	0	0	1	1	0	1	0	2	0	0	0	2	2	1	1	2	0	0	1	0	0	0	0	1	1	
0	0	1	0	2	3	0	0	0	0	2	2	0	0	0	0	1	2	0	3	3	1	0	2	0	0	0	2	
0	2	1	0	2	2	0	2	0	1	2	0	0	0	0	0	1	1	0	0	2	1	0	0	0	0	1	2	
3	0	2	0	2	3	0	2	0	1	3	0	3	2	0	0	1	2	0	0	1	1	0	0	0	0	1	0	
0	0	0	0	2	2	0	2	1	0	3	0	0	0	0	0	1	2	0	0	2	1	0	0	0	0	1	2	
0	2	0	0	2	0	1	0	0	2	3	0	3	0	0	0	1	2	0	3	2	2	0	2	0	0	1	2	
0	1	1	0	3	1	0	0	1	0	2	0	0	2	3	0	1	2	0	0	2	1	1	2	0	0	1	2	
0	0	1	0	1	1	2	2	0	0	2	0	0	0	2	0	1	2	0	0	2	1	0	1	0	2	1	2	
--------------------

--------------------
Best Solution Found!
--------------------
Time: 0 hour(s), 0 minute(s), 0 second(s), 969 millisecond(s)

Fitness: 302076

1	2	2	0	2	1	0	2	1	0	3	0	0	2	0	0	1	1	0	0	2	0	0	2	0	2	1	2	
0	2	1	0	1	0	2	2	0	0	2	0	0	0	0	0	0	1	1	0	2	1	0	2	0	2	0	2	
0	2	1	0	2	1	1	0	0	0	2	0	0	0	0	0	1	1	0	0	2	2	0	2	0	0	2	2	
0	2	1	0	2	1	0	0	0	0	2	0	3	0	0	0	1	2	0	1	0	3	0	2	0	0	0	2	
0	2	1	0	0	1	1	3	0	0	1	0	0	2	0	0	1	2	0	0	2	1	0	2	1	0	2	1	
0	2	1	0	2	1	0	0	0	0	2	0	0	0	0	2	1	2	0	0	2	1	1	1	0	0	1	0	
0	2	2	3	2	3	0	2	0	2	2	0	0	0	0	0	1	2	0	0	0	2	0	1	0	0	1	2	
0	2	1	3	0	1	0	0	0	0	3	0	0	0	0	0	1	2	0	0	2	1	3	0	0	0	1	2	
1	1	1	0	2	1	2	3	0	0	2	0	0	0	0	0	2	2	0	0	2	1	0	0	0	0	0	1	
0	2	1	0	0	1	0	0	0	0	2	0	0	0	0	2	2	2	1	0	0	1	0	2	1	3	1	2	
0	2	1	0	3	2	0	2	1	0	2	0	3	0	0	0	1	2	0	3	1	1	0	0	0	0	1	2	
1	2	2	0	2	1	0	0	0	0	2	0	0	2	0	0	1	2	0	0	0	3	0	1	0	0	2	2	
0	2	1	0	2	1	0	3	0	0	2	0	0	0	0	0	1	2	0	0	0	1	1	2	0	0	0	2	
0	2	2	0	2	3	0	2	0	0	2	0	0	0	0	0	2	1	2	0	2	1	1	2	0	0	2	2	
0	2	2	0	2	0	1	2	2	0	2	0	0	0	2	0	1	2	0	0	2	1	0	2	0	0	2	2	
0	2	1	0	2	1	0	2	1	2	2	3	3	2	1	0	2	2	1	0	2	3	1	2	0	0	1	1	
0	2	1	3	2	0	0	2	0	0	2	0	0	0	0	2	1	2	0	0	2	1	3	2	0	2	1	2	
0	1	0	0	2	1	0	2	0	0	2	0	0	0	2	0	1	2	0	0	2	0	0	2	2	0	0	2	
0	2	1	1	2	1	0	2	0	0	2	0	0	0	0	0	1	1	0	0	3	3	0	2	0	0	1	2	
1	2	0	1	2	1	1	3	0	0	2	0	3	0	2	1	1	2	0	0	2	1	0	2	0	0	1	2	
0	2	1	0	2	1	0	0	0	0	2	0	0	0	2	0	2	2	0	3	2	1	0	2	0	2	1	2	
0	1	2	0	2	1	0	2	2	0	2	0	0	0	0	0	1	2	2	0	2	1	0	2	0	2	1	2	
0	2	1	0	2	1	1	2	0	2	2	0	1	0	0	0	2	1	0	1	2	1	1	0	0	2	1	0	
0	0	1	0	2	1	0	2	0	0	2	0	0	0	0	0	2	2	0	0	2	1	0	0	0	0	1	2	
0	2	1	0	2	1	0	3	0	0	3	0	3	0	0	0	2	1	0	0	3	3	0	2	0	0	1	2	
0	2	0	0	2	1	0	2	0	1	2	0	0	0	2	1	2	1	0	0	2	1	0	2	0	0	1	1	
0	2	1	0	2	1	0	2	1	0	2	0	0	0	0	0	0	2	0	0	2	1	3	2	0	0	1	2	
0	1	1	0	2	1	0	2	0	0	3	0	0	0	2	0	1	2	0	0	0	2	0	2	0	0	0	0	
0	2	1	3	0	1	0	3	0	0	2	0	1	1	2	0	1	2	0	0	0	2	0	2	0	0	1	2	
0	2	0	0	2	1	0	2	0	0	2	0	0	0	0	0	1	2	0	0	2	1	0	1	0	0	1	1	
0	0	0	0	2	0	0	2	0	0	2	0	0	0	0	0	1	2	0	0	0	1	1	1	0	0	1	2	
1	1	1	0	2	1	0	2	2	0	2	0	0	0	0	0	1	2	0	0	2	1	0	2	0	0	1	0	
0	2	1	0	3	0	0	2	0	2	2	0	0	0	0	0	1	2	0	0	2	1	0	2	0	0	1	2	
3	2	0	0	2	1	0	3	0	0	3	0	0	0	0	0	1	2	0	3	1	2	1	0	1	3	1	2	
0	0	1	0	3	1	0	2	1	0	2	0	0	0	0	0	1	1	0	0	2	1	0	0	0	0	2	1	
0	2	1	0	2	0	1	2	0	2	2	2	0	1	0	2	1	2	2	0	2	1	0	2	0	0	0	1	
1	1	1	3	3	1	1	2	0	0	2	0	0	2	0	0	2	2	0	0	2	1	0	2	0	0	1	1	
0	0	2	3	2	0	0	2	0	2	3	0	0	0	3	0	1	2	0	0	3	1	0	0	0	0	1	1	
0	0	1	0	2	1	0	0	0	0	2	0	0	0	2	0	1	0	0	0	2	0	1	2	0	2	2	2	
0	2	2	0	0	1	0	3	0	0	3	0	0	0	0	0	2	2	0	0	1	1	0	2	0	2	1	2	
0	0	1	3	3	3	0	2	0	0	2	0	0	0	0	0	1	2	2	0	2	0	0	2	0	0	1	2	
0	2	1	0	2	1	0	2	1	0	2	0	0	0	2	0	1	2	0	0	2	1	0	2	0	0	2	2	
0	2	1	0	2	0	0	2	0	2	2	0	0	2	0	0	1	2	0	0	2	1	0	2	0	0	2	1	
0	2	1	0	2	1	0	2	0	0	1	0	0	0	0	0	0	2	0	0	2	0	0	0	0	0	1	2	
0	2	2	0	2	3	0	2	0	0	2	0	0	2	2	0	0	1	0	0	2	1	0	2	1	0	1	2	
0	2	1	0	2	1	0	2	0	2	2	0	0	2	0	0	1	2	0	0	0	0	1	1	0	0	1	2	
1	2	1	0	2	1	0	3	0	0	2	0	0	0	0	2	1	2	0	3	3	1	0	2	0	0	2	2	
0	1	1	0	3	1	0	2	0	0	2	0	0	0	0	0	1	2	0	0	0	0	0	2	0	0	1	2	
1	2	1	0	3	1	1	2	0	0	2	0	0	2	0	2	1	2	0	3	3	1	0	2	0	0	0	2	
0	1	1	0	2	3	1	2	0	0	2	0	0	1	0	0	1	2	0	0	2	0	0	1	0	0	0	2	
0	1	1	0	2	0	0	3	1	2	2	0	0	0	0	0	1	2	0	0	0	1	0	1	1	0	1	2	
0	2	2	3	1	0	0	2	1	0	2	0	0	0	0	0	1	2	0	0	2	1	0	1	1	2	1	2	
0	2	1	0	0	1	1	0	1	0	2	0	0	0	2	2	1	1	2	0	0	1	0	0	0	0	1	1	
0	0	1	0	2	3	0	0	0	0	2	2	0	0	0	0	1	2	0	3	3	1	0	2	0	0	0	2	
0	2	1	0	2	2	0	2	0	1	2	0	0	0	0	0	1	1	0	0	2	1	0	0	0	0	1	2	
3	0	2	0	2	3	0	2	0	1	3	0	3	2	0	0	1	2	0	0	1	1	0	0	0	0	1	0	
0	0	0	0	2	2	0	2	1	0	3	0	0	0	0	0	1	2	0	0	2	1	0	0	0	0	1	2	
0	2	0	0	2	0	1	0	0	2	3	0	3	0	0	0	1	2	0	3	2	2	0	2	0	0	1	2	
0	1	1	0	3	1	0	0	1	0	2	0	0	2	3	0	1	2	0	0	2	1	1	2	0	0	1	2	
0	0	1	0	1	1	2	2	0	0	2	0	0	0	2	0	1	2	0	0	2	1	0	1	0	2	1	2	
--------------------

--------------------
Best Solution Found!
--------------------
Time: 0 hour(s), 0 minute(s), 2 second(s), 845 millisecond(s)

Fitness: 299119

0	2	1	0	2	2	0	2	0	1	2	0	0	2	2	0	0	2	0	3	0	0	0	2	0	0	1	2	
0	1	1	0	2	0	0	2	0	0	2	0	0	0	0	0	1	2	0	0	2	0	0	0	0	0	1	2	
0	2	1	1	0	1	0	2	0	0	3	0	0	0	0	0	1	2	0	0	2	1	0	2	0	0	2	2	
0	2	1	0	2	3	0	2	0	0	2	2	0	0	0	0	1	2	2	0	2	1	0	2	0	2	0	1	
0	2	1	0	2	1	1	2	0	0	1	0	0	0	0	0	1	2	0	0	2	1	1	0	0	2	1	2	
0	0	1	0	2	1	0	3	0	0	2	0	1	2	2	1	1	1	0	0	1	1	0	2	0	2	1	2	
0	0	1	0	1	1	0	0	0	0	2	0	0	0	0	0	1	2	0	3	2	2	0	2	1	0	1	2	
0	1	1	0	3	1	0	2	1	1	2	0	0	0	2	0	1	2	0	0	2	0	0	2	0	0	2	1	
0	2	2	0	2	1	1	2	0	0	3	0	0	0	0	0	1	2	1	0	2	3	3	2	0	0	1	2	
0	2	1	0	2	3	1	3	0	0	2	0	0	0	2	2	1	2	0	0	1	2	1	2	0	3	1	0	
0	1	1	0	2	1	1	0	1	0	2	0	0	0	0	0	1	1	0	0	2	1	0	0	0	0	1	2	
0	0	0	0	2	1	0	2	0	1	2	0	0	0	2	0	1	2	1	0	1	1	0	2	0	0	1	1	
0	1	1	0	2	0	0	2	2	0	2	2	0	0	0	0	1	2	0	0	2	1	0	2	0	0	1	2	
0	2	1	3	2	0	1	3	1	0	2	0	0	0	0	0	1	1	0	0	2	0	1	2	0	0	1	1	
0	2	1	0	2	1	0	3	0	0	2	0	0	0	0	0	2	2	0	0	2	1	0	2	0	0	1	2	
0	2	2	3	3	3	0	0	0	0	3	0	0	0	0	0	2	2	0	0	0	1	1	0	0	0	0	2	
0	1	1	0	3	1	0	0	0	0	2	0	0	2	0	0	2	2	0	0	2	1	0	2	0	0	1	2	
0	2	0	0	1	1	0	2	0	0	2	0	0	0	1	2	0	2	0	3	3	1	0	1	0	0	0	2	
0	2	2	0	2	1	0	0	0	2	2	3	3	0	2	1	1	2	0	0	2	0	0	2	0	0	2	0	
0	2	1	0	2	1	0	3	0	0	3	0	3	1	0	0	0	1	2	0	3	2	1	1	0	0	0	2	
0	2	0	3	2	3	2	0	0	0	2	0	0	0	0	0	1	1	2	0	3	3	0	1	0	0	2	2	
0	2	1	0	0	0	0	2	0	2	2	0	0	0	0	0	1	2	0	0	1	1	0	2	1	0	0	2	
3	1	0	0	2	1	0	2	2	0	3	0	0	0	0	0	2	2	2	0	0	1	0	2	0	0	1	2	
0	2	1	1	3	1	0	2	0	0	2	0	0	2	0	0	1	2	0	0	2	2	0	1	0	0	1	2	
1	0	0	3	2	0	0	0	0	2	2	0	0	0	0	0	2	2	0	0	2	1	0	2	0	0	1	2	
1	2	1	0	2	1	0	2	0	0	3	0	3	0	0	0	2	0	0	0	0	1	1	2	0	0	1	2	
0	2	1	0	2	1	0	2	0	0	3	0	0	0	0	0	1	1	0	0	0	1	0	0	0	2	1	2	
0	2	1	0	1	1	2	0	0	2	2	0	0	0	0	0	1	2	0	3	0	3	3	2	0	2	1	1	
0	2	1	0	0	3	0	2	0	0	3	0	0	0	0	2	2	2	0	0	2	1	3	2	0	0	0	1	
0	2	1	0	3	1	1	2	0	0	2	0	0	1	3	0	1	2	0	0	0	1	0	0	0	3	1	2	
0	0	2	0	2	1	0	2	0	0	2	0	3	0	2	0	1	2	0	0	2	1	0	2	0	0	1	1	
0	2	1	0	2	1	0	2	0	0	2	0	0	1	2	2	0	2	0	0	2	2	1	2	0	0	0	2	
1	2	1	0	2	0	0	2	0	0	2	0	0	0	0	0	1	2	0	0	2	1	0	2	0	0	1	1	
0	0	1	0	2	1	0	2	0	0	2	0	0	0	0	0	1	1	0	0	0	1	0	1	0	0	1	2	
0	2	1	3	2	1	0	2	0	2	3	0	0	0	0	0	1	2	0	0	2	1	0	0	0	0	0	2	
1	2	1	0	2	1	0	2	0	0	2	0	0	0	0	0	1	2	0	0	2	1	0	0	0	2	1	2	
0	0	1	0	2	2	1	2	0	0	2	0	0	0	0	0	1	2	0	0	2	1	0	2	1	0	1	2	
0	2	1	0	0	1	0	2	0	0	2	0	0	0	0	0	1	2	0	0	2	1	0	0	0	0	1	2	
1	2	1	0	2	1	1	0	0	0	2	0	0	0	0	2	1	2	0	0	2	1	0	2	0	0	1	2	
0	2	1	0	2	1	0	2	1	2	2	0	0	0	0	0	1	2	0	0	2	1	0	0	2	0	0	0	
1	2	2	0	2	3	0	0	1	0	2	0	0	2	0	0	1	1	0	3	2	3	0	2	0	2	1	2	
0	2	2	3	2	1	0	3	0	2	2	0	0	2	0	0	1	2	1	0	2	3	0	2	0	0	2	2	
0	0	1	0	2	1	0	2	1	0	2	0	0	0	0	0	1	1	0	1	2	1	1	0	0	0	1	2	
0	2	1	0	2	1	1	2	1	0	2	0	0	0	0	0	2	2	0	0	2	2	0	0	1	2	1	2	
0	2	2	0	0	1	2	2	0	0	1	0	0	0	0	0	1	1	0	0	0	1	0	0	0	0	2	0	
0	2	0	0	2	1	0	2	1	0	2	0	0	0	0	2	2	2	2	0	3	1	0	2	0	0	2	1	
1	2	0	0	2	1	0	2	0	0	3	0	0	0	0	0	1	2	0	0	2	1	1	2	0	0	0	2	
0	2	1	0	2	3	0	2	0	0	2	0	3	2	3	0	1	1	0	0	0	1	0	1	0	2	2	1	
0	2	1	0	2	0	0	2	0	0	2	0	3	2	0	0	1	2	0	0	2	1	1	2	0	0	1	2	
0	1	1	0	3	1	0	2	2	0	2	0	0	0	0	0	1	2	0	0	2	1	0	1	0	0	1	2	
1	2	2	0	2	0	0	3	0	0	2	0	0	2	0	0	1	2	0	3	2	1	0	1	0	0	1	0	
0	1	1	0	2	1	0	3	1	0	2	0	0	0	2	0	2	2	0	0	0	0	0	2	0	0	2	2	
0	2	2	0	2	1	0	2	0	0	2	0	1	0	2	2	2	1	0	0	3	1	0	2	0	0	1	2	
0	2	1	3	3	0	0	2	0	0	2	0	0	0	0	0	1	2	0	0	2	1	0	2	1	0	1	2	
3	2	2	0	2	1	0	0	0	0	2	0	0	0	2	0	1	2	0	0	2	1	0	2	0	0	1	2	
0	1	2	0	3	1	1	2	1	0	2	0	0	0	0	0	1	2	0	3	2	1	0	2	0	0	1	1	
0	2	1	0	0	0	0	3	0	2	2	0	0	0	0	0	1	2	0	0	2	0	0	2	0	2	1	2	
0	0	1	3	2	1	0	3	0	0	2	0	0	2	0	0	1	2	0	1	0	0	0	1	0	0	1	2	
0	1	1	0	2	2	0	2	1	2	2	0	3	0	2	0	1	2	0	0	2	1	0	2	1	0	2	2	
0	0	0	0	2	0	1	0	0	2	2	0	0	2	0	0	1	2	0	0	3	1	0	1	0	0	1	2	
--------------------

--------------------
Best Solution Found!
--------------------
Time: 0 hour(s), 0 minute(s), 8 second(s), 659 millisecond(s)

Fitness: 295114

0	2	1	0	2	1	0	2	0	0	3	0	0	0	0	0	1	2	0	0	2	1	0	1	1	0	1	2	
0	2	1	0	2	2	1	2	0	0	2	0	0	0	0	0	1	2	0	0	2	1	0	1	0	2	2	2	
0	1	1	0	2	1	0	2	0	0	2	0	0	0	0	0	1	1	0	3	2	3	0	1	0	0	1	2	
1	2	1	0	0	0	1	0	0	0	2	2	0	0	0	0	1	1	0	0	2	2	0	0	0	0	0	2	
0	2	1	3	0	1	0	2	0	0	2	0	0	0	0	0	1	2	0	0	2	1	0	2	0	0	1	2	
0	2	1	0	2	2	2	2	0	0	2	0	0	0	0	2	1	2	0	3	2	1	3	2	0	0	1	0	
0	2	2	0	2	3	0	0	0	0	2	0	0	0	0	2	1	2	0	0	2	1	0	0	0	0	2	2	
0	2	1	0	2	1	0	2	0	0	3	0	0	0	0	0	1	1	0	0	2	1	0	0	0	0	0	1	
0	1	1	0	2	1	1	0	0	0	2	0	0	0	2	0	1	2	0	0	2	1	0	2	0	0	1	2	
1	2	1	3	2	1	0	2	0	0	2	0	0	0	0	2	1	2	0	0	0	1	1	2	0	0	1	2	
0	1	2	0	2	1	0	2	1	0	3	0	0	1	0	0	0	2	1	0	2	1	0	1	0	2	1	1	
3	1	0	3	1	1	0	2	0	2	2	0	0	0	0	2	2	1	0	0	2	1	1	2	0	0	1	1	
0	1	1	0	2	0	1	2	0	0	2	0	3	0	0	0	1	2	2	0	0	1	0	2	0	2	1	1	
3	2	1	0	3	1	0	2	0	0	2	0	1	2	0	1	1	2	0	0	3	2	1	2	0	0	1	2	
0	2	0	0	2	3	0	2	0	0	2	0	0	0	0	0	1	2	0	0	3	1	0	2	0	2	1	2	
0	2	1	0	2	1	0	2	0	2	2	0	0	0	2	0	1	2	0	0	2	0	0	2	1	0	2	2	
0	0	2	0	2	0	0	2	0	0	2	0	3	0	0	0	2	2	0	3	2	1	0	2	0	0	1	2	
0	0	1	1	3	0	0	3	0	1	2	0	0	2	0	0	1	2	2	0	0	1	0	0	0	0	1	2	
0	2	0	0	2	1	0	0	0	2	2	0	0	2	0	0	2	1	0	0	2	1	0	2	0	0	1	2	
0	0	1	0	3	1	0	2	0	0	2	0	0	0	0	0	1	2	0	0	2	3	0	0	0	0	1	1	
0	2	1	0	2	2	0	3	0	0	2	0	0	1	0	0	1	2	0	0	2	1	0	0	0	2	1	2	
0	2	1	0	2	1	1	2	0	0	2	0	0	0	2	0	1	2	0	0	2	2	0	2	1	0	1	2	
0	2	1	0	0	0	0	0	0	0	1	0	0	0	0	0	1	2	0	0	3	1	1	0	0	0	0	2	
0	1	1	0	2	1	0	2	0	0	2	0	0	0	0	0	1	2	0	0	2	1	0	2	0	0	1	2	
1	2	1	0	3	1	0	2	2	0	2	0	0	2	3	0	1	2	0	0	0	1	0	2	0	0	0	2	
0	0	1	0	2	1	0	2	1	2	3	0	0	0	0	0	2	2	0	0	2	1	0	2	0	0	1	2	
1	2	0	0	2	1	1	2	0	0	2	0	0	1	2	2	1	1	0	0	0	1	1	2	0	0	0	2	
0	2	0	3	2	1	1	3	0	0	2	0	3	2	0	0	1	2	0	0	2	3	0	0	0	0	1	2	
0	1	2	0	0	1	0	2	0	0	2	0	0	0	0	0	1	2	1	3	3	1	0	2	0	0	2	2	
1	2	1	0	2	0	0	2	1	0	2	0	0	2	1	0	1	1	0	0	2	0	3	2	0	0	1	2	
0	2	1	0	2	1	0	3	0	0	2	0	0	0	0	0	1	2	0	0	2	3	0	2	0	0	1	0	
0	2	1	0	0	1	0	2	0	0	2	0	0	0	0	0	2	1	0	0	1	1	0	1	0	0	1	2	
0	2	1	0	2	1	0	2	0	2	3	0	0	0	0	2	0	2	0	0	1	1	0	1	0	0	1	2	
0	2	1	0	1	1	0	0	1	1	2	0	0	0	2	0	1	2	0	0	2	2	0	2	0	0	0	2	
0	2	1	0	2	1	0	0	2	1	2	0	0	2	0	0	2	2	0	0	2	1	1	2	0	3	1	2	
0	2	1	0	2	1	0	0	1	0	2	0	0	0	0	0	1	2	0	0	2	0	0	2	0	0	2	2	
0	1	2	0	2	1	0	0	0	0	3	0	0	0	2	0	2	2	0	0	2	1	0	2	0	2	2	2	
0	2	1	3	3	0	0	2	0	0	3	0	0	0	0	0	0	2	0	3	2	0	0	2	1	0	2	2	
0	1	1	0	2	1	0	2	1	2	2	0	1	0	2	0	1	2	0	0	2	3	0	1	0	0	1	2	
0	0	1	0	2	1	0	3	2	0	2	0	0	0	0	0	2	2	0	0	0	1	1	2	1	0	1	1	
0	2	1	0	2	1	2	2	0	2	2	0	3	0	0	0	1	1	2	0	3	2	0	2	0	0	1	2	
0	2	1	0	3	3	0	2	0	0	2	0	0	2	2	0	1	1	1	0	2	1	0	2	0	0	2	2	
0	2	1	0	2	3	2	2	0	0	2	0	0	0	0	0	2	2	0	0	2	2	0	2	0	2	2	2	
0	2	1	0	1	0	0	3	0	0	2	0	0	0	0	0	1	2	0	0	2	0	1	2	0	0	1	1	
1	2	1	3	2	1	0	0	1	0	2	0	3	0	2	0	1	2	0	0	2	1	0	2	2	0	1	1	
0	2	2	0	2	0	1	2	0	0	3	0	0	2	2	0	1	2	0	0	0	0	0	2	0	0	2	2	
0	2	2	0	0	1	0	3	1	0	2	0	0	0	3	1	2	1	0	0	2	1	0	0	0	0	1	1	
0	1	1	0	2	1	0	0	0	0	2	0	0	0	0	0	1	2	0	1	2	0	1	1	0	0	1	2	
1	2	1	0	2	1	1	3	0	0	2	0	0	2	0	0	0	2	2	0	3	1	0	1	0	0	1	2	
0	0	2	0	2	1	0	2	0	0	2	2	0	2	2	0	1	2	0	0	0	1	0	0	0	0	0	1	
0	0	2	0	3	3	1	2	0	0	3	0	0	0	0	0	1	2	0	0	2	1	0	1	1	3	1	2	
0	0	2	0	2	0	0	2	1	0	2	0	3	0	0	0	1	2	0	1	2	1	0	2	0	0	0	2	
0	2	0	0	2	3	0	2	0	2	2	0	0	0	0	0	2	2	0	0	0	1	3	0	0	2	1	2	
0	2	1	0	2	3	0	2	0	2	1	0	0	0	0	0	1	1	0	0	2	1	0	2	0	2	1	0	
0	2	0	1	2	1	0	2	1	2	2	0	0	0	0	0	1	2	0	0	0	1	0	0	0	2	1	2	
1	0	1	3	3	1	0	3	1	0	2	0	0	0	0	2	1	2	2	0	0	1	1	0	0	0	1	2	
0	2	1	0	2	1	0	2	0	0	2	0	3	0	2	0	1	0	0	0	2	1	0	2	0	0	0	0	
0	2	1	0	2	1	1	3	0	0	2	0	0	0	0	0	1	2	0	3	1	1	0	2	0	0	1	2	
0	0	2	0	2	1	0	2	0	0	3	0	0	0	0	0	1	2	0	0	0	0	0	2	0	0	1	1	
0	2	0	3	2	0	0	0	0	0	2	3	0	0	0	0	1	2	0	3	1	1	0	2	0	0	0	0	
--------------------

--------------------
Best Solution Found!
--------------------
Time: 0 hour(s), 0 minute(s), 26 second(s), 734 millisecond(s)

Fitness: 291113

0	2	1	0	0	0	0	3	0	0	2	2	1	0	0	0	1	2	0	3	2	0	0	2	0	0	1	2	
0	2	1	0	2	0	0	3	0	0	2	0	0	0	0	0	1	2	0	0	2	2	0	2	0	0	1	2	
1	2	0	3	2	1	0	2	1	0	2	0	0	2	0	0	1	2	0	0	2	1	0	1	0	0	1	2	
0	0	1	0	2	1	0	2	0	0	2	3	1	0	0	0	1	2	0	0	2	1	0	0	0	0	0	1	
0	1	2	0	0	1	0	3	1	2	2	0	0	0	0	0	1	2	2	0	2	1	1	0	0	0	1	2	
0	2	1	0	1	1	0	2	0	0	2	0	0	2	0	0	1	2	0	0	1	1	1	0	0	0	1	2	
0	0	1	0	2	1	0	0	2	0	2	0	0	0	2	0	1	0	0	0	2	1	0	2	0	0	2	2	
0	2	2	0	0	0	0	2	0	0	2	0	0	0	0	0	1	1	0	0	0	1	1	2	0	0	1	2	
0	2	2	0	2	1	0	2	0	0	2	0	0	2	2	0	1	1	0	0	0	0	0	1	2	2	1	2	
0	1	0	0	2	3	0	2	0	0	2	0	0	0	2	0	2	2	2	0	2	1	0	2	0	0	0	1	
0	0	1	0	2	1	0	0	1	1	2	0	0	0	0	0	1	2	0	0	2	2	0	2	0	0	1	2	
0	1	1	0	2	1	0	2	0	0	2	0	0	0	0	0	2	1	0	0	3	0	1	1	1	0	1	2	
0	0	1	0	2	1	0	0	0	2	2	0	0	0	3	0	2	2	0	3	2	1	0	0	0	0	1	2	
0	0	1	0	2	2	0	2	1	0	2	0	0	0	2	0	1	2	0	0	2	1	0	2	0	2	1	1	
0	0	1	0	2	1	1	3	0	0	2	0	0	0	0	0	2	2	0	0	2	1	0	2	0	3	1	2	
1	2	1	1	2	0	0	3	0	0	2	0	3	0	0	0	1	1	1	0	2	1	0	0	0	0	1	2	
0	2	2	0	2	3	0	2	0	2	2	0	0	1	2	2	1	2	0	0	1	1	0	2	0	0	1	1	
1	2	2	0	2	1	0	0	0	0	2	0	3	2	0	0	0	2	0	3	0	1	0	2	0	0	1	2	
3	2	1	0	2	1	1	2	0	0	2	0	0	2	0	0	1	2	0	0	2	1	0	1	0	0	1	0	
0	2	1	3	3	1	0	3	1	0	2	0	3	0	0	0	2	2	0	0	2	2	0	0	0	0	0	2	
1	1	1	3	2	1	0	3	0	0	2	0	0	0	0	0	1	2	0	0	2	2	1	2	0	0	1	2	
0	1	1	3	0	1	1	2	0	0	2	0	0	0	0	0	1	2	2	0	1	1	3	2	0	2	1	2	
0	1	2	0	2	3	2	0	0	0	2	0	0	0	0	0	2	2	0	0	2	1	0	2	0	2	1	2	
0	1	0	3	3	3	0	0	0	0	3	0	0	0	0	0	2	2	0	0	3	1	1	2	0	0	1	2	
0	2	1	0	0	0	0	2	2	0	2	0	0	0	0	1	1	2	0	0	2	3	0	0	0	0	1	2	
0	0	0	1	2	1	0	3	0	0	2	0	3	2	0	0	1	2	1	0	2	3	0	1	1	0	0	0	
0	2	1	0	3	1	0	2	1	0	3	0	0	0	0	0	1	2	0	0	0	1	0	0	0	0	2	2	
0	2	2	0	2	1	0	2	0	2	2	0	0	0	0	2	1	1	0	0	2	0	3	2	0	2	2	2	
1	2	1	0	2	1	1	2	0	2	2	0	3	2	2	2	0	2	0	0	3	1	0	2	1	2	1	2	
0	2	1	0	2	1	0	3	0	0	3	2	0	0	0	0	1	1	0	0	0	1	0	1	0	0	1	2	
0	2	1	0	2	3	1	2	0	0	1	0	0	0	2	0	1	2	0	0	2	1	0	0	0	0	1	2	
0	2	1	0	2	0	0	2	1	2	2	0	0	0	0	2	1	2	0	0	1	1	3	2	0	0	1	2	
0	2	2	0	2	1	1	2	0	0	2	0	0	0	2	0	2	1	0	0	2	1	1	2	0	0	1	1	
0	2	1	3	3	0	2	2	0	0	3	0	0	0	0	2	1	2	1	0	2	1	1	2	0	0	2	1	
0	2	0	0	2	1	0	2	0	0	3	0	0	0	0	0	2	2	2	0	0	3	0	2	0	2	1	2	
0	2	2	0	2	1	0	2	0	0	3	0	0	0	0	0	1	2	0	1	2	1	0	2	1	0	1	2	
1	2	1	0	2	1	0	2	1	0	2	0	0	0	3	2	0	2	0	0	2	2	0	0	0	0	0	0	
0	2	1	0	2	2	2	0	1	0	2	0	0	1	2	0	1	2	0	0	2	1	0	2	0	0	1	1	
0	2	1	0	2	0	0	2	0	0	2	0	0	0	0	0	1	2	0	0	2	1	0	2	0	0	0	2	
0	0	1	0	0	1	0	2	0	0	2	0	0	0	0	1	1	2	0	0	0	1	0	0	0	0	0	2	
0	2	2	0	3	1	0	2	2	2	2	0	0	0	0	0	1	2	0	1	2	1	0	2	0	0	1	2	
1	2	1	0	2	1	0	0	0	0	3	0	0	0	0	0	1	2	0	0	0	0	0	2	0	0	1	1	
0	2	1	0	2	0	0	2	0	0	2	0	3	0	0	0	1	1	0	0	2	3	0	2	0	0	2	2	
1	2	0	0	2	1	0	2	0	0	1	0	0	0	0	0	2	2	2	3	2	0	0	2	1	0	1	1	
3	2	1	0	2	1	1	2	0	1	2	0	0	0	0	0	1	2	0	0	2	1	1	1	0	0	1	2	
0	0	1	0	3	1	0	2	0	0	2	0	0	0	0	0	1	2	0	0	0	1	0	2	0	0	0	2	
0	1	1	0	2	3	0	2	0	2	3	0	0	0	0	0	1	1	0	0	2	0	0	2	0	3	1	2	
0	2	1	0	2	2	0	2	0	0	2	0	0	0	0	0	1	2	0	0	0	1	0	2	0	2	2	1	
0	2	1	3	2	1	0	0	0	0	2	0	0	0	0	0	1	2	0	0	3	1	0	2	1	0	0	0	
0	2	1	0	3	0	1	2	0	0	2	0	0	2	2	0	1	1	0	0	0	0	0	2	0	2	1	2	
0	1	1	0	2	1	0	2	0	0	2	0	0	1	1	0	1	2	0	0	3	1	0	2	0	0	2	2	
0	2	1	0	2	1	1	2	0	0	2	0	0	2	0	0	1	2	0	0	2	1	1	2	0	0	1	2	
0	2	1	0	2	1	0	2	0	2	2	0	3	0	0	0	1	2	0	3	2	2	0	1	0	0	1	2	
0	2	1	0	3	1	1	0	0	1	3	0	0	0	0	0	2	2	0	0	3	1	0	2	0	0	1	2	
0	2	0	0	2	3	0	2	0	0	2	0	0	0	2	0	1	1	0	3	2	1	0	1	0	0	0	0	
0	0	0	0	2	1	0	3	0	0	2	0	0	2	0	2	1	2	0	3	0	1	0	0	0	0	1	2	
0	1	2	0	2	1	0	0	0	2	3	0	0	0	2	0	0	1	0	0	2	1	0	0	0	0	2	2	
0	2	1	0	1	1	0	2	1	0	2	0	0	0	0	0	1	2	0	0	2	1	0	2	0	0	2	2	
0	2	1	3	1	0	1	2	1	0	2	0	0	2	0	0	1	2	0	0	2	1	0	2	0	0	1	2	
0	2	1	0	2	1	0	0	0	0	2	0	0	0	0	0	1	2	0	0	2	3	0	1	0	2	2	1	
--------------------

--------------------
Best Solution Found!
--------------------
Time: 0 hour(s), 1 minute(s), 3 second(s), 544 millisecond(s)

Fitness: 290120

1	2	0	3	3	1	0	2	0	0	2	0	0	0	0	0	1	2	0	0	2	0	1	2	0	0	0	1	
0	2	1	0	2	1	0	0	0	1	2	0	0	0	2	0	1	2	0	3	3	0	0	1	0	0	2	1	
0	2	1	3	0	1	0	2	1	2	2	0	0	2	0	0	1	1	0	0	2	1	0	0	0	0	1	2	
0	0	1	0	3	1	0	2	0	2	2	0	0	0	2	2	1	2	0	0	2	0	1	2	0	2	1	2	
0	2	1	0	2	1	0	3	0	0	2	0	0	2	0	0	0	2	0	0	2	0	0	0	0	0	1	2	
0	2	1	0	0	2	0	3	0	0	1	0	0	0	0	0	2	2	0	3	2	0	0	1	1	0	1	2	
0	2	2	0	2	1	0	0	2	0	2	0	0	2	2	0	2	2	0	0	0	0	0	2	0	0	2	2	
0	2	2	0	2	3	1	2	0	0	2	0	0	0	2	0	2	2	2	0	2	1	1	2	0	0	1	2	
0	1	2	0	0	2	0	0	1	0	2	0	0	0	2	1	1	2	0	0	0	1	0	0	0	0	1	2	
0	1	0	3	2	1	0	0	0	0	2	0	3	2	0	0	1	2	0	0	2	1	0	0	0	0	1	2	
0	1	1	0	2	0	0	2	1	2	3	0	0	0	0	0	1	2	0	0	2	1	0	2	0	0	1	0	
0	1	1	0	1	0	0	2	0	0	2	0	0	0	0	0	1	2	0	0	2	1	0	2	0	0	1	1	
0	2	1	0	2	3	0	2	1	0	2	0	0	0	0	0	1	2	0	0	0	3	3	2	0	0	0	2	
0	0	1	1	2	1	0	3	1	0	2	0	0	0	0	0	1	2	0	0	2	1	0	0	0	0	1	0	
0	2	2	0	2	3	0	2	0	2	2	0	0	0	0	0	1	2	0	0	3	3	0	2	0	0	1	2	
0	2	0	0	2	1	0	2	0	0	2	0	0	0	0	0	2	2	0	3	2	0	0	0	0	0	1	0	
0	2	1	0	2	1	0	3	0	0	2	0	0	0	0	0	1	1	0	0	2	1	0	2	1	0	0	2	
1	2	2	0	2	3	0	2	0	0	2	0	0	0	0	0	1	1	0	0	2	2	3	2	0	0	1	1	
0	2	1	0	2	1	0	3	0	2	2	0	0	0	0	0	1	2	0	0	3	1	0	0	0	2	1	1	
0	2	1	0	3	1	1	2	0	0	2	0	0	0	0	0	1	2	0	0	2	1	0	2	0	2	1	2	
0	2	1	0	2	1	0	0	0	0	3	0	3	0	0	2	1	2	2	1	2	0	0	0	0	0	0	0	
0	2	1	3	2	1	0	3	1	1	2	0	0	2	2	0	0	1	2	0	2	1	0	2	0	0	1	2	
3	2	2	0	2	1	0	2	0	0	2	0	0	0	0	0	1	2	0	0	2	1	1	2	0	0	1	2	
0	2	1	3	0	1	0	3	2	2	2	0	0	0	2	2	1	1	0	0	2	1	0	2	0	0	2	2	
1	2	2	3	0	1	0	0	0	0	2	0	0	0	0	0	1	2	0	0	2	2	0	2	0	0	1	2	
0	0	0	0	2	1	1	2	0	2	2	2	0	0	0	2	2	2	0	0	2	3	0	2	0	0	1	1	
0	2	1	0	1	1	1	2	0	0	2	0	0	0	3	0	1	2	2	0	2	1	0	2	0	0	2	1	
0	2	2	0	1	1	0	2	1	0	2	0	0	0	0	0	1	2	0	0	1	1	1	0	0	0	1	2	
0	0	0	0	3	1	0	2	1	0	2	0	3	2	0	0	1	0	0	0	0	1	0	2	0	2	0	0	
0	1	1	0	2	3	0	2	0	0	1	0	0	2	2	0	1	2	0	1	1	1	0	1	0	0	1	2	
0	2	1	0	2	1	0	2	0	0	3	0	3	0	0	0	1	2	0	0	2	3	0	2	0	0	1	2	
3	2	2	0	2	1	2	2	0	0	2	0	0	1	2	0	1	2	0	0	2	1	0	2	0	0	0	2	
1	1	0	0	2	1	0	3	0	0	2	0	3	0	2	0	2	2	1	0	0	1	0	2	0	0	1	2	
0	0	1	0	2	1	2	2	0	0	3	0	3	0	0	0	2	2	2	0	1	2	1	2	0	2	1	2	
0	2	1	3	3	1	0	0	0	0	2	0	0	0	0	0	1	2	0	0	2	1	0	2	1	0	0	2	
0	2	1	0	2	1	0	2	0	2	2	0	0	2	0	0	1	2	1	0	2	1	0	2	0	0	0	2	
0	2	0	3	2	0	2	3	0	0	2	0	0	0	2	0	1	1	0	0	2	1	0	0	0	0	1	2	
1	0	1	0	2	3	0	0	0	0	2	0	1	0	0	0	1	1	0	0	2	1	0	1	1	0	1	2	
0	2	1	1	2	0	0	2	2	0	2	0	0	1	3	0	1	1	0	3	3	1	1	0	0	0	1	2	
1	1	1	0	2	0	0	2	1	0	2	0	1	2	0	0	1	2	1	0	1	1	0	2	0	3	1	2	
0	2	1	0	3	1	0	2	0	0	2	0	0	1	0	2	1	1	0	0	2	1	1	1	0	0	0	2	
0	2	1	0	2	2	0	2	0	0	3	0	0	0	0	0	1	2	0	0	2	1	0	2	1	0	1	2	
0	2	1	0	2	1	0	2	0	0	2	0	0	0	0	0	1	2	0	3	2	1	0	0	0	0	1	2	
0	1	1	0	2	0	0	0	1	0	2	0	0	0	0	0	0	2	0	0	2	1	0	1	0	0	1	2	
0	2	1	0	3	1	0	2	0	0	3	0	0	0	0	0	2	2	0	0	0	2	0	1	0	0	1	2	
0	2	2	0	2	0	1	2	0	0	2	0	0	0	0	0	1	2	0	0	2	1	0	2	0	2	2	2	
1	2	1	0	2	1	1	0	0	1	2	0	0	0	0	0	1	2	0	0	3	1	0	2	2	2	2	2	
0	2	1	0	2	1	0	2	0	0	2	0	0	0	0	0	1	2	0	0	0	1	0	2	0	0	2	1	
0	2	2	0	0	1	1	2	1	0	2	0	0	0	0	2	1	1	0	0	0	1	3	2	0	0	1	1	
0	0	0	0	2	0	1	2	0	0	2	0	0	0	0	0	1	1	0	0	3	2	0	2	0	2	2	2	
0	0	1	0	2	0	0	2	0	0	3	2	3	0	0	0	2	2	0	0	2	1	1	0	0	0	1	2	
0	0	1	0	2	1	0	0	0	0	3	0	0	0	0	0	2	2	0	0	2	2	0	2	0	0	0	2	
0	2	1	0	3	0	0	3	0	0	2	0	0	0	0	0	0	1	0	0	2	1	0	2	0	2	1	2	
0	2	1	0	2	1	1	2	0	0	3	3	0	2	2	1	1	2	0	0	0	1	0	1	0	0	2	2	
0	2	1	0	2	1	0	2	0	2	2	0	0	0	0	0	2	2	0	0	2	1	0	2	0	0	1	2	
0	1	1	0	2	1	1	2	0	0	2	0	0	0	0	0	1	2	0	3	2	1	0	2	0	2	1	2	
0	2	1	0	2	1	0	2	0	2	2	0	0	0	0	0	1	2	0	0	0	1	0	1	0	0	2	2	
0	1	1	0	2	1	0	0	0	0	2	0	0	0	0	0	1	2	0	0	0	3	0	2	1	3	1	1	
0	2	1	0	2	0	0	2	0	0	2	0	0	2	1	2	1	2	0	0	0	1	1	2	0	0	1	2	
1	0	1	0	2	3	1	2	0	0	3	0	0	0	0	0	1	2	0	3	2	1	0	1	0	0	1	1	
--------------------


The best solution was found at the restart: 1, population: 0
Total Time Elapsed: 0 hour(s), 8 minute(s), 0 second(s), 377 millisecond(s)

