--------------------
Best Solution Found!
--------------------
Time: 0 hour(s), 0 minute(s), 0 second(s), 2 millisecond(s)

Fitness: 74246

0	0	0	2	0	0	1	
3	0	0	0	0	0	1	
0	0	0	0	0	3	0	
3	1	0	0	0	3	1	
3	1	0	0	0	0	0	
0	0	0	1	0	0	1	
0	2	0	0	0	0	0	
0	1	0	0	0	0	0	
0	0	0	0	0	0	2	
1	1	0	0	0	1	0	
0	0	0	0	0	0	0	
0	1	0	0	0	0	0	
0	0	2	0	0	3	0	
0	0	2	0	0	0	3	
0	0	0	0	0	0	0	
0	0	0	0	0	0	0	
0	0	0	0	0	3	0	
0	0	0	0	0	2	0	
0	2	0	0	0	0	0	
0	0	0	1	0	3	0	
0	0	0	2	0	0	0	
0	2	0	0	0	0	0	
0	0	0	0	0	0	0	
0	0	0	0	0	0	0	
0	0	0	0	0	0	2	
0	0	0	0	0	0	0	
1	0	0	1	0	0	1	
1	0	0	0	0	0	0	
1	0	0	0	0	0	3	
0	1	0	0	0	0	0	
0	1	0	0	0	0	0	
0	0	0	1	0	0	0	
0	0	2	0	0	0	0	
0	0	0	2	0	0	0	
3	0	0	0	0	0	0	
0	0	0	1	0	0	0	
3	1	0	2	3	0	1	
0	0	0	0	0	0	0	
0	0	0	0	0	0	0	
0	0	0	2	0	0	0	
0	0	0	1	0	0	0	
1	0	0	2	0	3	1	
3	0	0	0	0	0	0	
1	1	0	0	0	0	0	
3	2	0	0	0	0	0	
0	0	1	0	0	0	2	
1	0	0	1	0	0	2	
0	0	1	0	0	0	0	
3	2	0	0	0	0	0	
3	0	0	1	0	0	1	
0	0	2	0	0	3	1	
1	0	0	1	0	0	0	
0	1	0	0	0	0	0	
0	2	0	0	0	0	0	
0	0	0	0	0	0	0	
1	0	0	1	0	0	0	
0	0	0	0	0	0	1	
1	0	0	0	0	0	0	
0	1	0	0	2	0	0	
0	0	0	0	0	0	1	
0	0	0	0	0	0	0	
0	0	1	0	0	0	0	
0	0	2	0	0	0	0	
3	0	0	0	0	0	0	
0	0	0	0	0	0	0	
0	2	0	0	0	0	0	
0	0	0	2	0	0	0	
0	0	0	0	0	0	1	
0	1	0	0	0	1	0	
0	2	0	2	0	0	0	
0	2	1	0	0	3	0	
0	0	1	1	2	0	0	
3	0	0	0	0	0	0	
0	0	0	0	0	2	0	
0	0	2	0	0	0	0	
--------------------

--------------------
Best Solution Found!
--------------------
Time: 0 hour(s), 0 minute(s), 0 second(s), 9 millisecond(s)

Fitness: 74237

0	0	0	2	0	0	0	
0	0	0	0	0	0	1	
0	0	0	0	0	0	0	
3	1	2	0	0	0	0	
0	1	0	0	0	0	0	
0	0	0	1	0	0	0	
0	2	0	0	0	0	1	
0	1	1	0	0	2	0	
3	0	0	0	0	2	0	
0	1	0	0	0	3	0	
3	0	1	0	0	0	0	
1	1	0	0	0	3	2	
0	0	0	0	0	3	0	
0	0	0	0	0	0	0	
0	0	0	0	0	0	0	
0	0	0	0	0	0	0	
0	0	0	0	0	0	0	
0	0	0	0	0	0	0	
0	2	0	0	0	0	0	
0	0	0	1	0	0	0	
3	0	0	2	0	0	0	
0	2	0	0	0	0	0	
0	0	0	0	0	0	1	
0	0	0	0	0	0	0	
0	0	0	0	0	1	0	
0	0	0	0	0	0	0	
0	0	1	1	0	0	0	
0	0	2	0	0	0	0	
3	0	0	0	0	0	0	
0	1	0	0	0	0	0	
0	1	0	0	0	3	0	
0	0	2	1	2	0	1	
3	0	0	0	0	1	3	
1	0	0	2	0	0	0	
0	0	0	0	0	0	0	
0	0	0	1	0	3	1	
0	1	2	2	0	0	0	
0	0	0	0	3	0	2	
1	0	0	0	0	0	0	
3	0	1	2	0	3	2	
0	0	0	1	0	0	0	
0	0	0	2	0	0	1	
0	0	0	0	0	0	1	
0	1	0	0	0	0	0	
0	2	0	0	0	0	0	
0	0	0	0	0	0	0	
1	0	0	1	0	0	0	
0	0	0	0	0	0	0	
1	2	0	0	0	0	1	
1	0	0	1	0	0	0	
0	0	0	0	0	0	0	
0	0	0	1	0	0	1	
0	1	0	0	0	0	1	
0	2	0	0	0	0	0	
3	0	0	0	0	0	0	
0	0	0	1	0	0	0	
0	0	2	0	0	0	3	
1	0	0	0	0	0	0	
0	1	0	0	0	0	0	
0	0	2	0	0	0	0	
3	0	0	0	0	0	0	
3	0	0	0	0	0	0	
0	0	1	0	0	0	0	
0	0	0	0	0	0	0	
0	0	0	0	0	3	0	
0	2	0	0	0	0	2	
0	0	0	2	0	0	1	
3	0	0	0	0	0	0	
1	1	0	0	0	0	0	
0	2	0	2	0	0	1	
0	2	0	0	0	0	0	
1	0	0	1	0	0	0	
1	0	0	0	2	0	0	
0	0	0	0	0	3	0	
0	0	0	0	0	0	0	
--------------------

--------------------
Best Solution Found!
--------------------
Time: 0 hour(s), 0 minute(s), 0 second(s), 10 millisecond(s)

Fitness: 74237

0	0	0	2	0	0	0	
0	0	0	0	0	0	1	
0	0	0	0	0	0	0	
3	1	2	0	0	0	0	
0	1	0	0	0	0	0	
0	0	0	1	0	0	0	
0	2	0	0	0	0	1	
0	1	1	0	0	2	0	
3	0	0	0	0	2	0	
0	1	0	0	0	3	0	
3	0	1	0	0	0	0	
1	1	0	0	0	3	2	
0	0	0	0	0	3	0	
0	0	0	0	0	0	0	
0	0	0	0	0	0	0	
0	0	0	0	0	0	0	
0	0	0	0	0	0	0	
0	0	0	0	0	0	0	
0	2	0	0	0	0	0	
0	0	0	1	0	0	0	
3	0	0	2	0	0	0	
0	2	0	0	0	0	0	
0	0	0	0	0	0	1	
0	0	0	0	0	0	0	
0	0	0	0	0	1	0	
0	0	0	0	0	0	0	
0	0	1	1	0	0	0	
0	0	2	0	0	0	0	
3	0	0	0	0	0	0	
0	1	0	0	0	0	0	
0	1	0	0	0	3	0	
0	0	2	1	2	0	1	
3	0	0	0	0	1	3	
1	0	0	2	0	0	0	
0	0	0	0	0	0	0	
0	0	0	1	0	3	1	
0	1	2	2	0	0	0	
0	0	0	0	3	0	2	
1	0	0	0	0	0	0	
3	0	1	2	0	3	2	
0	0	0	1	0	0	0	
0	0	0	2	0	0	1	
0	0	0	0	0	0	1	
0	1	0	0	0	0	0	
0	2	0	0	0	0	0	
0	0	0	0	0	0	0	
1	0	0	1	0	0	0	
0	0	0	0	0	0	0	
1	2	0	0	0	0	1	
1	0	0	1	0	0	0	
0	0	0	0	0	0	0	
0	0	0	1	0	0	1	
0	1	0	0	0	0	1	
0	2	0	0	0	0	0	
3	0	0	0	0	0	0	
0	0	0	1	0	0	0	
0	0	2	0	0	0	3	
1	0	0	0	0	0	0	
0	1	0	0	0	0	0	
0	0	2	0	0	0	0	
3	0	0	0	0	0	0	
3	0	0	0	0	0	0	
0	0	1	0	0	0	0	
0	0	0	0	0	0	0	
0	0	0	0	0	3	0	
0	2	0	0	0	0	2	
0	0	0	2	0	0	1	
3	0	0	0	0	0	0	
1	1	0	0	0	0	0	
0	2	0	2	0	0	1	
0	2	0	0	0	0	0	
1	0	0	1	0	0	0	
1	0	0	0	2	0	0	
0	0	0	0	0	3	0	
0	0	0	0	0	0	0	
--------------------

--------------------
Best Solution Found!
--------------------
Time: 0 hour(s), 0 minute(s), 0 second(s), 10 millisecond(s)

Fitness: 74221

1	0	0	0	0	0	0	
0	0	2	0	0	0	1	
0	0	0	0	2	3	1	
1	0	0	2	0	0	0	
0	0	0	0	0	0	0	
0	0	0	0	0	0	0	
0	0	0	1	0	0	0	
0	0	0	0	0	3	0	
1	0	0	2	0	0	3	
3	2	2	2	0	0	2	
0	0	0	2	0	0	0	
0	1	0	0	0	3	0	
1	0	0	0	0	0	0	
0	0	2	0	0	0	1	
0	1	0	0	0	3	0	
3	0	0	1	0	0	0	
1	0	0	1	0	0	0	
0	1	2	0	0	0	1	
0	0	0	0	0	0	0	
1	2	0	0	0	0	0	
0	1	0	0	0	0	0	
1	0	0	0	0	0	0	
0	2	0	0	0	0	0	
1	1	1	0	0	0	1	
3	0	0	0	0	0	1	
0	0	0	0	0	0	0	
0	0	0	2	0	0	0	
0	0	0	0	0	0	0	
3	0	0	0	0	0	0	
0	0	0	0	0	0	0	
1	2	0	0	0	0	1	
0	2	0	0	0	0	0	
3	0	0	1	0	0	0	
3	0	0	0	0	0	0	
3	0	0	0	0	0	3	
0	1	0	0	0	3	0	
0	1	0	0	0	0	0	
3	2	0	0	0	0	0	
0	2	0	0	0	0	1	
0	0	0	0	0	0	0	
0	0	0	0	0	0	1	
0	0	0	0	0	3	2	
0	1	0	2	0	0	0	
0	0	0	2	0	1	0	
0	1	0	0	0	0	0	
3	0	0	1	0	2	0	
0	0	0	0	0	0	0	
0	1	0	0	0	0	0	
0	0	0	0	0	0	0	
0	0	0	1	0	0	0	
0	0	0	0	0	0	0	
0	0	1	2	0	0	1	
0	0	0	0	0	0	1	
3	0	0	0	0	0	0	
0	0	0	0	0	0	2	
0	1	0	0	0	0	0	
3	0	0	0	0	0	0	
0	0	0	0	0	0	1	
0	0	0	0	0	0	0	
0	0	2	0	0	0	0	
0	0	0	1	0	1	0	
0	0	0	0	0	0	0	
0	0	0	0	0	0	0	
0	0	1	0	0	0	2	
0	0	0	0	3	0	0	
0	2	0	0	0	0	0	
0	1	0	1	0	0	0	
0	0	0	0	0	0	0	
0	0	1	1	0	3	0	
0	0	2	0	0	0	0	
0	0	0	1	0	0	0	
0	0	0	0	0	0	0	
1	2	1	0	0	2	0	
0	0	0	1	0	0	0	
0	0	0	0	2	3	0	
--------------------

--------------------
Best Solution Found!
--------------------
Time: 0 hour(s), 0 minute(s), 0 second(s), 15 millisecond(s)

Fitness: 73220

1	0	0	2	0	0	0	
0	1	0	0	0	0	1	
1	0	0	0	0	0	0	
0	0	1	0	0	0	0	
1	0	0	0	0	0	0	
0	0	2	0	0	0	0	
3	0	0	1	0	0	1	
0	0	0	0	0	2	0	
1	0	0	0	0	2	0	
1	1	0	0	0	3	0	
3	0	1	0	0	0	0	
3	1	0	2	0	3	2	
0	0	0	0	0	3	0	
0	1	0	0	0	0	0	
3	0	0	1	0	0	0	
3	2	0	1	0	0	0	
3	0	0	0	0	0	0	
0	1	0	1	0	0	0	
3	0	0	0	0	0	0	
0	0	0	0	0	0	0	
0	0	0	0	0	0	0	
0	0	0	0	0	0	0	
1	0	0	0	0	0	1	
0	0	0	0	0	0	0	
1	0	0	0	2	1	0	
0	0	2	0	0	0	0	
0	0	0	2	0	0	0	
0	2	2	0	0	0	0	
0	0	0	0	3	0	0	
0	1	0	1	0	0	0	
0	0	0	1	0	3	0	
0	0	0	0	0	0	1	
0	0	2	0	0	1	3	
0	0	0	0	0	0	0	
0	0	0	0	0	0	0	
0	0	0	0	0	3	1	
0	0	0	1	0	0	0	
0	0	1	0	0	0	2	
0	2	0	0	0	0	0	
1	2	0	1	0	3	2	
1	0	0	0	0	0	0	
0	2	0	0	0	0	1	
0	0	0	2	0	0	1	
0	0	0	0	0	0	0	
0	1	0	0	0	0	0	
3	0	0	2	0	0	0	
0	0	0	0	0	0	0	
0	0	0	0	0	0	0	
3	0	0	0	0	0	1	
0	0	0	0	0	0	0	
0	1	0	0	0	0	0	
0	0	0	0	0	0	1	
0	0	0	1	0	0	1	
0	1	2	2	0	0	0	
3	0	0	0	0	0	0	
0	0	0	0	0	0	0	
0	0	0	0	0	0	3	
0	2	0	0	0	0	0	
0	2	0	0	0	0	0	
0	1	0	0	0	0	0	
0	2	0	0	0	0	0	
0	0	0	0	0	0	0	
0	0	0	2	0	0	0	
0	0	0	0	0	0	0	
0	1	0	0	2	3	0	
1	0	0	0	0	0	2	
0	0	2	1	0	0	1	
0	0	1	1	0	0	0	
0	0	0	0	0	0	0	
0	0	0	0	0	0	1	
0	0	1	2	0	0	0	
0	1	0	0	0	0	0	
0	0	0	0	0	0	0	
3	2	0	0	0	3	0	
0	0	0	0	0	0	0	
--------------------

--------------------
Best Solution Found!
--------------------
Time: 0 hour(s), 0 minute(s), 0 second(s), 16 millisecond(s)

Fitness: 73220

1	0	0	2	0	0	0	
0	1	0	0	0	0	1	
1	0	0	0	0	0	0	
0	0	1	0	0	0	0	
1	0	0	0	0	0	0	
0	0	2	0	0	0	0	
3	0	0	1	0	0	1	
0	0	0	0	0	2	0	
1	0	0	0	0	2	0	
1	1	0	0	0	3	0	
3	0	1	0	0	0	0	
3	1	0	2	0	3	2	
0	0	0	0	0	3	0	
0	1	0	0	0	0	0	
3	0	0	1	0	0	0	
3	2	0	1	0	0	0	
3	0	0	0	0	0	0	
0	1	0	1	0	0	0	
3	0	0	0	0	0	0	
0	0	0	0	0	0	0	
0	0	0	0	0	0	0	
0	0	0	0	0	0	0	
1	0	0	0	0	0	1	
0	0	0	0	0	0	0	
1	0	0	0	2	1	0	
0	0	2	0	0	0	0	
0	0	0	2	0	0	0	
0	2	2	0	0	0	0	
0	0	0	0	3	0	0	
0	1	0	1	0	0	0	
0	0	0	1	0	3	0	
0	0	0	0	0	0	1	
0	0	2	0	0	1	3	
0	0	0	0	0	0	0	
0	0	0	0	0	0	0	
0	0	0	0	0	3	1	
0	0	0	1	0	0	0	
0	0	1	0	0	0	2	
0	2	0	0	0	0	0	
1	2	0	1	0	3	2	
1	0	0	0	0	0	0	
0	2	0	0	0	0	1	
0	0	0	2	0	0	1	
0	0	0	0	0	0	0	
0	1	0	0	0	0	0	
3	0	0	2	0	0	0	
0	0	0	0	0	0	0	
0	0	0	0	0	0	0	
3	0	0	0	0	0	1	
0	0	0	0	0	0	0	
0	1	0	0	0	0	0	
0	0	0	0	0	0	1	
0	0	0	1	0	0	1	
0	1	2	2	0	0	0	
3	0	0	0	0	0	0	
0	0	0	0	0	0	0	
0	0	0	0	0	0	3	
0	2	0	0	0	0	0	
0	2	0	0	0	0	0	
0	1	0	0	0	0	0	
0	2	0	0	0	0	0	
0	0	0	0	0	0	0	
0	0	0	2	0	0	0	
0	0	0	0	0	0	0	
0	1	0	0	2	3	0	
1	0	0	0	0	0	2	
0	0	2	1	0	0	1	
0	0	1	1	0	0	0	
0	0	0	0	0	0	0	
0	0	0	0	0	0	1	
0	0	1	2	0	0	0	
0	1	0	0	0	0	0	
0	0	0	0	0	0	0	
3	2	0	0	0	3	0	
0	0	0	0	0	0	0	
--------------------

--------------------
Best Solution Found!
--------------------
Time: 0 hour(s), 0 minute(s), 0 second(s), 84 millisecond(s)

Fitness: 73217

1	1	0	0	0	1	0	
0	0	0	0	0	0	0	
1	1	1	0	0	0	0	
0	0	0	0	0	0	0	
0	0	0	0	0	0	1	
0	0	0	0	0	3	1	
3	0	0	0	0	0	1	
0	0	0	0	0	0	2	
0	0	0	0	0	0	0	
0	2	0	0	2	0	0	
0	0	0	0	0	0	0	
1	0	1	2	0	0	0	
0	1	0	0	0	0	0	
0	0	0	2	0	0	0	
3	0	0	0	0	0	0	
0	0	0	0	0	0	0	
3	1	0	0	0	0	0	
3	2	1	0	0	0	0	
0	0	0	0	0	0	0	
0	2	0	0	0	0	0	
3	2	0	0	0	3	0	
0	0	1	0	0	0	0	
0	2	0	0	0	0	1	
0	0	0	2	0	0	0	
3	2	1	0	0	3	3	
3	0	0	0	0	2	1	
0	0	0	0	0	0	0	
0	0	0	0	0	0	0	
0	1	0	2	0	0	0	
0	0	2	0	0	3	0	
0	1	2	0	0	0	0	
0	0	0	0	0	0	0	
0	0	2	0	0	0	0	
0	0	0	0	0	0	1	
0	0	2	0	0	0	0	
0	0	0	0	0	0	1	
1	0	0	0	0	0	1	
0	0	0	1	0	0	0	
3	0	0	2	0	0	0	
0	0	0	0	0	0	0	
3	2	2	1	0	1	0	
1	0	0	1	0	0	0	
0	0	0	1	0	0	0	
0	0	0	1	0	3	1	
0	1	0	0	0	0	0	
0	0	0	0	0	0	0	
0	0	0	0	0	0	2	
1	0	0	0	0	0	0	
0	0	0	0	0	0	1	
0	0	0	0	0	0	0	
0	1	0	0	0	3	2	
1	0	0	0	0	0	0	
0	0	0	1	0	0	0	
1	0	0	1	0	0	0	
0	0	0	0	0	0	0	
0	0	0	0	0	0	0	
3	0	0	1	0	0	0	
0	1	0	1	0	0	2	
0	2	0	1	0	3	0	
0	0	0	2	0	0	0	
1	0	0	0	0	0	3	
1	0	0	0	0	0	0	
0	0	0	2	0	0	0	
0	2	2	0	0	0	0	
0	0	0	1	0	0	0	
0	1	0	0	0	0	0	
3	0	0	2	0	0	0	
0	0	0	0	2	0	0	
0	0	0	0	0	0	1	
0	0	0	0	0	2	0	
0	0	0	0	0	0	0	
0	0	0	0	3	0	0	
0	1	0	0	0	0	0	
0	1	0	0	0	0	0	
0	0	0	0	0	3	1	
--------------------

--------------------
Best Solution Found!
--------------------
Time: 0 hour(s), 0 minute(s), 0 second(s), 85 millisecond(s)

Fitness: 73217

1	1	0	0	0	1	0	
0	0	0	0	0	0	0	
1	1	1	0	0	0	0	
0	0	0	0	0	0	0	
0	0	0	0	0	0	1	
0	0	0	0	0	3	1	
3	0	0	0	0	0	1	
0	0	0	0	0	0	2	
0	0	0	0	0	0	0	
0	2	0	0	2	0	0	
0	0	0	0	0	0	0	
1	0	1	2	0	0	0	
0	1	0	0	0	0	0	
0	0	0	2	0	0	0	
3	0	0	0	0	0	0	
0	0	0	0	0	0	0	
3	1	0	0	0	0	0	
3	2	1	0	0	0	0	
0	0	0	0	0	0	0	
0	2	0	0	0	0	0	
3	2	0	0	0	3	0	
0	0	1	0	0	0	0	
0	2	0	0	0	0	1	
0	0	0	2	0	0	0	
3	2	1	0	0	3	3	
3	0	0	0	0	2	1	
0	0	0	0	0	0	0	
0	0	0	0	0	0	0	
0	1	0	2	0	0	0	
0	0	2	0	0	3	0	
0	1	2	0	0	0	0	
0	0	0	0	0	0	0	
0	0	2	0	0	0	0	
0	0	0	0	0	0	1	
0	0	2	0	0	0	0	
0	0	0	0	0	0	1	
1	0	0	0	0	0	1	
0	0	0	1	0	0	0	
3	0	0	2	0	0	0	
0	0	0	0	0	0	0	
3	2	2	1	0	1	0	
1	0	0	1	0	0	0	
0	0	0	1	0	0	0	
0	0	0	1	0	3	1	
0	1	0	0	0	0	0	
0	0	0	0	0	0	0	
0	0	0	0	0	0	2	
1	0	0	0	0	0	0	
0	0	0	0	0	0	1	
0	0	0	0	0	0	0	
0	1	0	0	0	3	2	
1	0	0	0	0	0	0	
0	0	0	1	0	0	0	
1	0	0	1	0	0	0	
0	0	0	0	0	0	0	
0	0	0	0	0	0	0	
3	0	0	1	0	0	0	
0	1	0	1	0	0	2	
0	2	0	1	0	3	0	
0	0	0	2	0	0	0	
1	0	0	0	0	0	3	
1	0	0	0	0	0	0	
0	0	0	2	0	0	0	
0	2	2	0	0	0	0	
0	0	0	1	0	0	0	
0	1	0	0	0	0	0	
3	0	0	2	0	0	0	
0	0	0	0	2	0	0	
0	0	0	0	0	0	1	
0	0	0	0	0	2	0	
0	0	0	0	0	0	0	
0	0	0	0	3	0	0	
0	1	0	0	0	0	0	
0	1	0	0	0	0	0	
0	0	0	0	0	3	1	
--------------------

--------------------
Best Solution Found!
--------------------
Time: 0 hour(s), 0 minute(s), 0 second(s), 86 millisecond(s)

Fitness: 73217

1	1	0	0	0	1	0	
0	0	0	0	0	0	0	
1	1	1	0	0	0	0	
0	0	0	0	0	0	0	
0	0	0	0	0	0	1	
0	0	0	0	0	3	1	
3	0	0	0	0	0	1	
0	0	0	0	0	0	2	
0	0	0	0	0	0	0	
0	2	0	0	2	0	0	
0	0	0	0	0	0	0	
1	0	1	2	0	0	0	
0	1	0	0	0	0	0	
0	0	0	2	0	0	0	
3	0	0	0	0	0	0	
0	0	0	0	0	0	0	
3	1	0	0	0	0	0	
3	2	1	0	0	0	0	
0	0	0	0	0	0	0	
0	2	0	0	0	0	0	
3	2	0	0	0	3	0	
0	0	1	0	0	0	0	
0	2	0	0	0	0	1	
0	0	0	2	0	0	0	
3	2	1	0	0	3	3	
3	0	0	0	0	2	1	
0	0	0	0	0	0	0	
0	0	0	0	0	0	0	
0	1	0	2	0	0	0	
0	0	2	0	0	3	0	
0	1	2	0	0	0	0	
0	0	0	0	0	0	0	
0	0	2	0	0	0	0	
0	0	0	0	0	0	1	
0	0	2	0	0	0	0	
0	0	0	0	0	0	1	
1	0	0	0	0	0	1	
0	0	0	1	0	0	0	
3	0	0	2	0	0	0	
0	0	0	0	0	0	0	
3	2	2	1	0	1	0	
1	0	0	1	0	0	0	
0	0	0	1	0	0	0	
0	0	0	1	0	3	1	
0	1	0	0	0	0	0	
0	0	0	0	0	0	0	
0	0	0	0	0	0	2	
1	0	0	0	0	0	0	
0	0	0	0	0	0	1	
0	0	0	0	0	0	0	
0	1	0	0	0	3	2	
1	0	0	0	0	0	0	
0	0	0	1	0	0	0	
1	0	0	1	0	0	0	
0	0	0	0	0	0	0	
0	0	0	0	0	0	0	
3	0	0	1	0	0	0	
0	1	0	1	0	0	2	
0	2	0	1	0	3	0	
0	0	0	2	0	0	0	
1	0	0	0	0	0	3	
1	0	0	0	0	0	0	
0	0	0	2	0	0	0	
0	2	2	0	0	0	0	
0	0	0	1	0	0	0	
0	1	0	0	0	0	0	
3	0	0	2	0	0	0	
0	0	0	0	2	0	0	
0	0	0	0	0	0	1	
0	0	0	0	0	2	0	
0	0	0	0	0	0	0	
0	0	0	0	3	0	0	
0	1	0	0	0	0	0	
0	1	0	0	0	0	0	
0	0	0	0	0	3	1	
--------------------

--------------------
Best Solution Found!
--------------------
Time: 0 hour(s), 0 minute(s), 0 second(s), 199 millisecond(s)

Fitness: 73216

0	0	1	0	0	0	0	
3	1	0	0	0	1	0	
3	0	0	1	0	3	2	
0	0	0	0	0	0	1	
3	0	0	2	0	0	0	
3	0	0	0	0	0	0	
0	0	0	0	0	0	1	
0	2	0	0	0	0	0	
0	0	0	0	0	0	0	
0	0	0	1	0	0	0	
1	0	0	0	0	0	0	
3	0	0	0	0	0	0	
0	0	0	0	0	0	1	
1	0	0	2	0	0	0	
0	2	0	1	0	0	0	
0	1	2	0	2	3	1	
0	0	0	0	0	0	0	
0	0	0	0	0	3	0	
1	2	0	2	0	1	3	
0	0	0	0	0	0	0	
1	1	0	0	0	0	1	
0	0	0	0	0	2	0	
3	2	0	2	0	0	1	
0	2	0	0	0	0	0	
3	0	0	0	0	0	0	
0	1	0	0	0	0	0	
1	0	0	0	0	3	0	
0	0	0	0	0	0	0	
0	0	0	0	0	0	0	
0	0	0	0	0	0	1	
3	2	0	0	0	0	0	
0	1	0	0	0	0	0	
0	0	1	1	0	0	0	
0	0	1	1	0	0	0	
0	1	0	0	0	0	0	
0	0	0	0	0	0	3	
3	0	1	0	0	0	0	
0	0	0	0	0	0	0	
1	1	0	0	2	0	0	
0	0	0	0	0	0	0	
0	0	0	0	0	3	0	
0	0	0	0	3	0	0	
0	0	0	0	0	0	0	
0	1	2	0	0	0	2	
0	0	0	0	0	0	1	
0	0	0	0	0	0	2	
0	0	0	0	0	0	1	
3	0	0	1	0	3	0	
1	0	0	0	0	0	0	
0	0	2	1	0	0	2	
0	1	0	0	0	3	0	
0	1	0	2	0	0	0	
0	0	0	2	0	0	0	
0	0	0	1	0	0	0	
0	0	0	1	0	0	0	
0	0	0	1	0	0	0	
0	0	0	0	0	0	0	
0	0	0	2	0	0	0	
3	0	0	0	0	0	0	
0	0	2	0	0	0	0	
1	0	0	0	0	0	1	
0	2	0	0	0	0	0	
0	0	0	0	0	0	0	
1	0	2	0	0	2	0	
0	0	0	0	0	0	0	
0	0	2	0	0	0	1	
0	1	0	0	0	0	0	
0	0	0	0	0	0	0	
0	0	0	0	0	0	0	
0	0	0	0	0	0	1	
1	2	0	2	0	0	0	
0	1	0	0	0	0	0	
0	0	1	1	0	3	0	
0	0	0	0	0	0	0	
0	2	0	0	0	0	0	
--------------------

--------------------
Best Solution Found!
--------------------
Time: 0 hour(s), 0 minute(s), 0 second(s), 200 millisecond(s)

Fitness: 73216

0	0	1	0	0	0	0	
3	1	0	0	0	1	0	
3	0	0	1	0	3	2	
0	0	0	0	0	0	1	
3	0	0	2	0	0	0	
3	0	0	0	0	0	0	
0	0	0	0	0	0	1	
0	2	0	0	0	0	0	
0	0	0	0	0	0	0	
0	0	0	1	0	0	0	
1	0	0	0	0	0	0	
3	0	0	0	0	0	0	
0	0	0	0	0	0	1	
1	0	0	2	0	0	0	
0	2	0	1	0	0	0	
0	1	2	0	2	3	1	
0	0	0	0	0	0	0	
0	0	0	0	0	3	0	
1	2	0	2	0	1	3	
0	0	0	0	0	0	0	
1	1	0	0	0	0	1	
0	0	0	0	0	2	0	
3	2	0	2	0	0	1	
0	2	0	0	0	0	0	
3	0	0	0	0	0	0	
0	1	0	0	0	0	0	
1	0	0	0	0	3	0	
0	0	0	0	0	0	0	
0	0	0	0	0	0	0	
0	0	0	0	0	0	1	
3	2	0	0	0	0	0	
0	1	0	0	0	0	0	
0	0	1	1	0	0	0	
0	0	1	1	0	0	0	
0	1	0	0	0	0	0	
0	0	0	0	0	0	3	
3	0	1	0	0	0	0	
0	0	0	0	0	0	0	
1	1	0	0	2	0	0	
0	0	0	0	0	0	0	
0	0	0	0	0	3	0	
0	0	0	0	3	0	0	
0	0	0	0	0	0	0	
0	1	2	0	0	0	2	
0	0	0	0	0	0	1	
0	0	0	0	0	0	2	
0	0	0	0	0	0	1	
3	0	0	1	0	3	0	
1	0	0	0	0	0	0	
0	0	2	1	0	0	2	
0	1	0	0	0	3	0	
0	1	0	2	0	0	0	
0	0	0	2	0	0	0	
0	0	0	1	0	0	0	
0	0	0	1	0	0	0	
0	0	0	1	0	0	0	
0	0	0	0	0	0	0	
0	0	0	2	0	0	0	
3	0	0	0	0	0	0	
0	0	2	0	0	0	0	
1	0	0	0	0	0	1	
0	2	0	0	0	0	0	
0	0	0	0	0	0	0	
1	0	2	0	0	2	0	
0	0	0	0	0	0	0	
0	0	2	0	0	0	1	
0	1	0	0	0	0	0	
0	0	0	0	0	0	0	
0	0	0	0	0	0	0	
0	0	0	0	0	0	1	
1	2	0	2	0	0	0	
0	1	0	0	0	0	0	
0	0	1	1	0	3	0	
0	0	0	0	0	0	0	
0	2	0	0	0	0	0	
--------------------

--------------------
Best Solution Found!
--------------------
Time: 0 hour(s), 0 minute(s), 0 second(s), 793 millisecond(s)

Fitness: 72238

0	1	2	0	0	1	1	
0	0	0	0	0	0	0	
0	0	0	0	0	0	0	
0	0	0	0	0	0	0	
1	0	0	0	0	0	0	
3	0	1	0	0	0	2	
0	2	0	1	0	0	0	
0	0	0	0	0	0	0	
0	0	0	0	0	0	1	
0	0	0	1	0	0	1	
0	0	0	0	0	0	1	
0	0	1	0	0	0	2	
0	0	0	1	0	0	0	
0	0	0	0	3	0	0	
0	0	0	0	0	0	0	
0	0	0	0	0	0	0	
0	0	0	0	0	0	0	
0	1	2	0	0	0	0	
0	0	0	0	0	0	2	
3	0	0	0	0	0	0	
0	2	0	0	0	0	1	
0	1	0	2	0	0	0	
0	0	0	1	0	0	0	
0	1	0	0	0	0	0	
0	2	0	1	0	0	1	
0	0	0	0	0	0	0	
3	0	0	0	0	0	0	
0	0	1	0	0	0	1	
0	0	0	1	0	1	0	
1	0	0	2	0	0	0	
0	0	0	0	0	0	0	
3	2	0	2	0	0	0	
3	0	0	0	0	0	1	
0	0	0	0	0	0	0	
0	0	0	0	0	0	0	
0	0	0	2	0	0	0	
1	0	2	0	0	0	0	
0	0	2	0	0	0	0	
0	0	0	0	0	0	0	
1	0	0	0	0	3	0	
0	0	0	0	0	0	0	
0	0	0	0	0	0	0	
1	0	0	0	0	0	0	
0	0	0	0	0	0	0	
0	2	0	1	0	0	0	
0	0	0	0	0	0	2	
1	0	0	1	0	3	1	
0	2	0	0	0	0	0	
0	0	0	0	2	0	0	
0	0	0	0	2	3	0	
1	1	2	1	0	0	1	
0	1	0	0	0	0	0	
0	1	0	0	0	0	0	
0	0	0	0	0	0	0	
1	0	0	0	0	2	0	
3	0	0	0	0	0	3	
3	0	0	0	0	0	0	
1	0	0	0	0	0	0	
0	0	0	1	0	3	0	
0	0	0	0	0	0	0	
0	0	0	0	0	3	0	
3	0	0	0	0	3	0	
0	0	0	0	0	0	0	
0	0	0	0	0	0	1	
0	0	0	0	0	0	0	
0	1	0	1	0	2	0	
3	2	2	2	0	3	0	
0	2	0	0	0	0	0	
0	0	0	0	0	0	0	
1	1	0	2	0	0	0	
0	1	0	0	0	3	0	
0	0	0	0	0	0	0	
3	1	0	2	0	0	3	
3	2	1	2	0	0	1	
0	1	1	0	0	0	0	
--------------------

--------------------
Best Solution Found!
--------------------
Time: 0 hour(s), 0 minute(s), 0 second(s), 984 millisecond(s)

Fitness: 72226

0	0	1	0	0	0	0	
0	0	0	1	0	0	0	
0	0	0	0	0	0	0	
0	0	0	0	0	0	2	
0	0	0	0	0	0	0	
0	2	0	0	0	0	0	
0	0	0	0	0	0	0	
0	2	0	0	0	0	2	
0	2	0	1	0	0	0	
3	0	0	0	0	0	0	
3	1	0	2	0	0	1	
0	0	0	0	0	0	1	
0	0	0	0	0	3	0	
0	1	0	0	0	0	0	
3	0	2	2	0	0	1	
0	0	0	1	0	0	0	
0	0	0	0	0	0	0	
0	0	0	0	0	0	0	
0	0	0	0	0	0	0	
0	0	0	2	0	0	0	
0	2	0	0	0	0	0	
3	0	0	1	0	0	0	
0	0	0	0	0	0	0	
0	2	0	0	0	0	2	
0	0	2	0	0	0	1	
0	0	0	2	0	0	0	
1	0	2	0	0	0	0	
3	0	0	1	0	1	3	
1	0	0	2	0	0	1	
3	1	0	0	0	0	0	
0	1	0	0	0	3	2	
0	0	0	0	0	0	0	
0	0	1	0	0	0	0	
0	0	0	0	2	0	0	
3	0	0	0	0	0	0	
0	0	0	0	0	0	0	
0	0	0	0	0	1	0	
3	2	2	1	2	0	0	
0	1	0	0	0	0	0	
0	1	0	0	0	0	3	
1	1	0	1	0	0	0	
3	0	1	0	0	0	0	
1	0	0	0	0	0	0	
0	0	0	0	0	0	1	
0	0	0	0	0	0	0	
0	0	0	0	0	0	0	
3	1	0	0	0	0	1	
0	0	0	0	0	2	0	
0	0	0	0	3	0	0	
0	0	0	0	0	3	1	
0	0	0	0	0	0	0	
0	0	0	0	0	0	0	
0	2	0	0	0	0	0	
0	1	0	0	0	0	0	
0	0	0	0	0	0	1	
1	1	0	0	0	3	0	
0	0	0	1	0	0	0	
0	0	0	0	0	0	0	
0	0	0	0	0	0	0	
0	0	0	1	0	0	0	
1	1	0	0	0	0	0	
0	0	0	0	0	0	1	
1	0	2	2	0	2	1	
0	0	0	0	0	0	0	
0	2	1	1	0	3	0	
1	1	2	1	0	3	0	
0	0	0	0	0	0	0	
1	0	0	0	0	0	0	
0	0	1	0	0	0	1	
0	0	0	2	0	0	0	
3	0	0	0	0	3	0	
0	0	0	0	0	3	0	
1	0	0	2	0	0	0	
0	2	0	0	0	0	0	
0	0	0	0	0	0	0	
--------------------

--------------------
Best Solution Found!
--------------------
Time: 0 hour(s), 0 minute(s), 0 second(s), 985 millisecond(s)

Fitness: 72226

0	0	1	0	0	0	0	
0	0	0	1	0	0	0	
0	0	0	0	0	0	0	
0	0	0	0	0	0	2	
0	0	0	0	0	0	0	
0	2	0	0	0	0	0	
0	0	0	0	0	0	0	
0	2	0	0	0	0	2	
0	2	0	1	0	0	0	
3	0	0	0	0	0	0	
3	1	0	2	0	0	1	
0	0	0	0	0	0	1	
0	0	0	0	0	3	0	
0	1	0	0	0	0	0	
3	0	2	2	0	0	1	
0	0	0	1	0	0	0	
0	0	0	0	0	0	0	
0	0	0	0	0	0	0	
0	0	0	0	0	0	0	
0	0	0	2	0	0	0	
0	2	0	0	0	0	0	
3	0	0	1	0	0	0	
0	0	0	0	0	0	0	
0	2	0	0	0	0	2	
0	0	2	0	0	0	1	
0	0	0	2	0	0	0	
1	0	2	0	0	0	0	
3	0	0	1	0	1	3	
1	0	0	2	0	0	1	
3	1	0	0	0	0	0	
0	1	0	0	0	3	2	
0	0	0	0	0	0	0	
0	0	1	0	0	0	0	
0	0	0	0	2	0	0	
3	0	0	0	0	0	0	
0	0	0	0	0	0	0	
0	0	0	0	0	1	0	
3	2	2	1	2	0	0	
0	1	0	0	0	0	0	
0	1	0	0	0	0	3	
1	1	0	1	0	0	0	
3	0	1	0	0	0	0	
1	0	0	0	0	0	0	
0	0	0	0	0	0	1	
0	0	0	0	0	0	0	
0	0	0	0	0	0	0	
3	1	0	0	0	0	1	
0	0	0	0	0	2	0	
0	0	0	0	3	0	0	
0	0	0	0	0	3	1	
0	0	0	0	0	0	0	
0	0	0	0	0	0	0	
0	2	0	0	0	0	0	
0	1	0	0	0	0	0	
0	0	0	0	0	0	1	
1	1	0	0	0	3	0	
0	0	0	1	0	0	0	
0	0	0	0	0	0	0	
0	0	0	0	0	0	0	
0	0	0	1	0	0	0	
1	1	0	0	0	0	0	
0	0	0	0	0	0	1	
1	0	2	2	0	2	1	
0	0	0	0	0	0	0	
0	2	1	1	0	3	0	
1	1	2	1	0	3	0	
0	0	0	0	0	0	0	
1	0	0	0	0	0	0	
0	0	1	0	0	0	1	
0	0	0	2	0	0	0	
3	0	0	0	0	3	0	
0	0	0	0	0	3	0	
1	0	0	2	0	0	0	
0	2	0	0	0	0	0	
0	0	0	0	0	0	0	
--------------------

--------------------
Best Solution Found!
--------------------
Time: 0 hour(s), 0 minute(s), 4 second(s), 29 millisecond(s)

Fitness: 71239

0	0	0	0	0	3	0	
0	0	0	0	0	0	0	
0	0	0	0	0	0	0	
0	0	0	0	0	0	0	
3	0	0	0	0	3	0	
0	0	0	2	0	0	0	
0	0	0	0	0	0	0	
0	2	0	0	0	0	0	
0	0	0	0	0	0	3	
1	0	0	0	0	0	0	
1	0	0	2	0	0	0	
0	0	0	0	0	3	2	
0	0	0	0	0	0	0	
0	0	0	1	0	0	0	
0	2	0	1	0	0	0	
0	0	0	0	0	0	0	
0	2	0	1	0	0	0	
0	0	0	0	0	0	0	
0	1	0	0	0	0	0	
0	0	1	0	0	0	0	
0	0	0	0	0	0	0	
0	2	0	0	0	0	0	
0	1	0	2	0	0	0	
1	1	0	0	0	0	0	
0	0	0	1	0	0	2	
0	0	1	0	0	0	0	
0	0	0	0	0	0	0	
0	0	0	0	0	0	0	
1	0	0	1	0	1	0	
0	0	0	0	0	0	0	
0	0	0	1	0	0	0	
1	2	0	2	0	2	1	
0	0	2	2	0	0	0	
3	0	0	0	0	0	2	
0	0	0	2	0	0	0	
0	0	0	0	2	0	1	
3	0	0	0	0	0	0	
1	2	2	0	0	1	1	
0	0	0	0	0	0	0	
0	0	0	2	0	0	0	
0	0	0	0	0	0	0	
0	2	0	0	0	0	1	
0	0	0	0	0	3	1	
3	1	2	0	2	3	0	
0	1	0	0	0	0	0	
0	0	0	0	0	0	0	
0	0	0	0	0	0	0	
0	0	0	0	0	0	0	
0	1	0	0	0	0	0	
1	2	2	1	0	0	0	
0	0	0	1	0	0	0	
0	1	0	0	0	0	3	
0	0	0	1	0	0	0	
0	1	0	0	0	0	1	
0	1	2	0	3	3	1	
0	1	0	0	0	0	1	
3	0	0	0	0	0	0	
0	0	0	0	0	0	0	
3	0	0	0	0	0	1	
3	0	1	0	0	0	0	
1	0	0	0	0	2	0	
0	0	1	1	0	0	0	
1	0	0	0	0	0	1	
0	1	0	0	0	3	0	
3	0	0	0	0	0	0	
0	0	0	0	0	0	0	
3	0	2	0	0	0	0	
3	0	0	0	0	0	0	
0	0	0	2	0	0	2	
0	2	1	0	0	0	0	
3	0	0	0	0	3	0	
0	0	0	0	0	0	1	
0	0	0	0	0	0	0	
1	0	0	0	0	0	1	
0	1	0	1	0	0	0	
--------------------

--------------------
Best Solution Found!
--------------------
Time: 0 hour(s), 0 minute(s), 4 second(s), 30 millisecond(s)

Fitness: 71239

0	0	0	0	0	3	0	
0	0	0	0	0	0	0	
0	0	0	0	0	0	0	
0	0	0	0	0	0	0	
3	0	0	0	0	3	0	
0	0	0	2	0	0	0	
0	0	0	0	0	0	0	
0	2	0	0	0	0	0	
0	0	0	0	0	0	3	
1	0	0	0	0	0	0	
1	0	0	2	0	0	0	
0	0	0	0	0	3	2	
0	0	0	0	0	0	0	
0	0	0	1	0	0	0	
0	2	0	1	0	0	0	
0	0	0	0	0	0	0	
0	2	0	1	0	0	0	
0	0	0	0	0	0	0	
0	1	0	0	0	0	0	
0	0	1	0	0	0	0	
0	0	0	0	0	0	0	
0	2	0	0	0	0	0	
0	1	0	2	0	0	0	
1	1	0	0	0	0	0	
0	0	0	1	0	0	2	
0	0	1	0	0	0	0	
0	0	0	0	0	0	0	
0	0	0	0	0	0	0	
1	0	0	1	0	1	0	
0	0	0	0	0	0	0	
0	0	0	1	0	0	0	
1	2	0	2	0	2	1	
0	0	2	2	0	0	0	
3	0	0	0	0	0	2	
0	0	0	2	0	0	0	
0	0	0	0	2	0	1	
3	0	0	0	0	0	0	
1	2	2	0	0	1	1	
0	0	0	0	0	0	0	
0	0	0	2	0	0	0	
0	0	0	0	0	0	0	
0	2	0	0	0	0	1	
0	0	0	0	0	3	1	
3	1	2	0	2	3	0	
0	1	0	0	0	0	0	
0	0	0	0	0	0	0	
0	0	0	0	0	0	0	
0	0	0	0	0	0	0	
0	1	0	0	0	0	0	
1	2	2	1	0	0	0	
0	0	0	1	0	0	0	
0	1	0	0	0	0	3	
0	0	0	1	0	0	0	
0	1	0	0	0	0	1	
0	1	2	0	3	3	1	
0	1	0	0	0	0	1	
3	0	0	0	0	0	0	
0	0	0	0	0	0	0	
3	0	0	0	0	0	1	
3	0	1	0	0	0	0	
1	0	0	0	0	2	0	
0	0	1	1	0	0	0	
1	0	0	0	0	0	1	
0	1	0	0	0	3	0	
3	0	0	0	0	0	0	
0	0	0	0	0	0	0	
3	0	2	0	0	0	0	
3	0	0	0	0	0	0	
0	0	0	2	0	0	2	
0	2	1	0	0	0	0	
3	0	0	0	0	3	0	
0	0	0	0	0	0	1	
0	0	0	0	0	0	0	
1	0	0	0	0	0	1	
0	1	0	1	0	0	0	
--------------------

--------------------
Best Solution Found!
--------------------
Time: 0 hour(s), 0 minute(s), 14 second(s), 906 millisecond(s)

Fitness: 71207

1	1	0	1	0	1	1	
0	0	0	0	0	0	0	
3	1	0	0	0	0	0	
0	0	0	0	0	0	0	
0	0	0	0	0	0	0	
0	0	0	0	0	0	0	
0	0	2	0	0	0	0	
0	0	0	0	0	0	0	
0	0	0	1	0	0	0	
0	0	0	0	0	0	0	
0	2	0	2	0	0	0	
1	2	0	1	0	3	2	
0	1	1	0	0	0	0	
0	0	0	2	0	0	0	
1	0	0	1	0	2	0	
0	1	0	0	0	0	3	
0	0	0	0	0	0	1	
0	0	0	0	0	0	0	
0	0	0	0	0	0	1	
0	0	2	0	0	0	0	
0	2	0	0	0	0	0	
0	0	0	0	0	0	0	
3	1	0	0	0	0	3	
0	1	0	0	0	0	0	
0	0	0	2	0	0	0	
0	0	0	0	0	0	1	
0	1	0	0	0	0	0	
0	1	0	2	0	0	1	
1	2	0	0	0	0	0	
0	0	0	0	0	0	0	
0	2	0	0	3	0	2	
3	0	0	1	0	0	0	
0	0	0	0	0	0	0	
0	0	0	0	0	0	0	
0	0	0	0	0	0	0	
0	1	0	0	0	0	2	
0	0	0	0	0	0	0	
0	2	2	0	0	0	0	
0	0	0	0	0	0	0	
0	0	0	1	0	0	0	
0	0	1	0	0	0	0	
0	0	0	0	0	0	0	
3	0	0	0	0	0	0	
0	0	0	2	0	3	0	
1	0	1	0	0	0	0	
0	2	0	2	0	0	0	
1	0	1	0	0	3	0	
0	0	0	1	0	0	0	
0	0	0	1	0	0	1	
0	0	0	0	0	3	0	
0	0	0	1	0	0	0	
0	0	0	0	0	0	1	
0	0	0	0	0	0	0	
0	0	0	0	2	0	0	
0	2	0	0	0	0	0	
3	0	0	0	0	0	1	
0	0	0	1	0	0	0	
3	0	1	0	0	2	0	
0	0	0	0	0	0	0	
0	0	0	0	0	0	0	
3	0	2	0	0	0	0	
0	0	0	0	0	3	1	
0	2	0	0	0	0	0	
3	0	0	0	0	0	0	
1	1	2	0	0	0	1	
0	0	0	0	0	3	2	
1	1	0	1	0	1	1	
3	0	2	2	0	3	1	
3	0	0	2	0	0	0	
3	0	0	0	0	0	0	
0	0	0	0	2	0	0	
0	0	0	0	0	3	0	
1	0	0	0	0	0	0	
1	1	0	0	0	0	0	
0	0	0	0	0	0	0	
--------------------

--------------------
Best Solution Found!
--------------------
Time: 0 hour(s), 0 minute(s), 14 second(s), 908 millisecond(s)

Fitness: 71207

1	1	0	1	0	1	1	
0	0	0	0	0	0	0	
3	1	0	0	0	0	0	
0	0	0	0	0	0	0	
0	0	0	0	0	0	0	
0	0	0	0	0	0	0	
0	0	2	0	0	0	0	
0	0	0	0	0	0	0	
0	0	0	1	0	0	0	
0	0	0	0	0	0	0	
0	2	0	2	0	0	0	
1	2	0	1	0	3	2	
0	1	1	0	0	0	0	
0	0	0	2	0	0	0	
1	0	0	1	0	2	0	
0	1	0	0	0	0	3	
0	0	0	0	0	0	1	
0	0	0	0	0	0	0	
0	0	0	0	0	0	1	
0	0	2	0	0	0	0	
0	2	0	0	0	0	0	
0	0	0	0	0	0	0	
3	1	0	0	0	0	3	
0	1	0	0	0	0	0	
0	0	0	2	0	0	0	
0	0	0	0	0	0	1	
0	1	0	0	0	0	0	
0	1	0	2	0	0	1	
1	2	0	0	0	0	0	
0	0	0	0	0	0	0	
0	2	0	0	3	0	2	
3	0	0	1	0	0	0	
0	0	0	0	0	0	0	
0	0	0	0	0	0	0	
0	0	0	0	0	0	0	
0	1	0	0	0	0	2	
0	0	0	0	0	0	0	
0	2	2	0	0	0	0	
0	0	0	0	0	0	0	
0	0	0	1	0	0	0	
0	0	1	0	0	0	0	
0	0	0	0	0	0	0	
3	0	0	0	0	0	0	
0	0	0	2	0	3	0	
1	0	1	0	0	0	0	
0	2	0	2	0	0	0	
1	0	1	0	0	3	0	
0	0	0	1	0	0	0	
0	0	0	1	0	0	1	
0	0	0	0	0	3	0	
0	0	0	1	0	0	0	
0	0	0	0	0	0	1	
0	0	0	0	0	0	0	
0	0	0	0	2	0	0	
0	2	0	0	0	0	0	
3	0	0	0	0	0	1	
0	0	0	1	0	0	0	
3	0	1	0	0	2	0	
0	0	0	0	0	0	0	
0	0	0	0	0	0	0	
3	0	2	0	0	0	0	
0	0	0	0	0	3	1	
0	2	0	0	0	0	0	
3	0	0	0	0	0	0	
1	1	2	0	0	0	1	
0	0	0	0	0	3	2	
1	1	0	1	0	1	1	
3	0	2	2	0	3	1	
3	0	0	2	0	0	0	
3	0	0	0	0	0	0	
0	0	0	0	2	0	0	
0	0	0	0	0	3	0	
1	0	0	0	0	0	0	
1	1	0	0	0	0	0	
0	0	0	0	0	0	0	
--------------------


The best solution was found at the restart: 1, population: 0
Total Time Elapsed: 0 hour(s), 2 minute(s), 14 second(s), 723 millisecond(s)

