--------------------
Best Solution Found!
--------------------
Time: 0 hour(s), 0 minute(s), 0 second(s), 1 millisecond(s)

Fitness: 17195

2	0	0	1	0	0	0	
0	3	3	0	0	1	1	
2	3	1	0	0	0	1	
3	3	1	2	0	3	0	
1	0	0	0	0	0	1	
1	2	1	0	2	0	1	
2	1	1	1	0	0	2	
2	0	0	0	0	0	0	
0	1	0	1	0	0	0	
1	0	3	0	0	0	2	
1	2	3	0	0	0	2	
3	0	2	2	2	0	1	
1	2	0	0	0	0	3	
3	1	1	0	2	0	1	
2	2	2	0	1	1	0	
0	0	1	0	1	0	1	
0	3	3	0	0	0	1	
1	0	0	3	0	0	0	
1	3	1	0	3	0	3	
1	3	0	0	0	0	1	
0	1	3	0	0	2	3	
0	3	0	0	0	0	2	
2	3	0	0	1	0	3	
0	3	0	0	0	0	0	
0	1	3	2	3	0	3	
--------------------

--------------------
Best Solution Found!
--------------------
Time: 0 hour(s), 0 minute(s), 0 second(s), 3 millisecond(s)

Fitness: 17195

2	0	0	1	0	0	0	
0	3	3	0	0	1	1	
2	3	1	0	0	0	1	
3	3	1	2	0	3	0	
1	0	0	0	0	0	1	
1	2	1	0	2	0	1	
2	1	1	1	0	0	2	
2	0	0	0	0	0	0	
0	1	0	1	0	0	0	
1	0	3	0	0	0	2	
1	2	3	0	0	0	2	
3	0	2	2	2	0	1	
1	2	0	0	0	0	3	
3	1	1	0	2	0	1	
2	2	2	0	1	1	0	
0	0	1	0	1	0	1	
0	3	3	0	0	0	1	
1	0	0	3	0	0	0	
1	3	1	0	3	0	3	
1	3	0	0	0	0	1	
0	1	3	0	0	2	3	
0	3	0	0	0	0	2	
2	3	0	0	1	0	3	
0	3	0	0	0	0	0	
0	1	3	2	3	0	3	
--------------------

--------------------
Best Solution Found!
--------------------
Time: 0 hour(s), 0 minute(s), 0 second(s), 3 millisecond(s)

Fitness: 17195

2	0	0	1	0	0	0	
0	3	3	0	0	1	1	
2	3	1	0	0	0	1	
3	3	1	2	0	3	0	
1	0	0	0	0	0	1	
1	2	1	0	2	0	1	
2	1	1	1	0	0	2	
2	0	0	0	0	0	0	
0	1	0	1	0	0	0	
1	0	3	0	0	0	2	
1	2	3	0	0	0	2	
3	0	2	2	2	0	1	
1	2	0	0	0	0	3	
3	1	1	0	2	0	1	
2	2	2	0	1	1	0	
0	0	1	0	1	0	1	
0	3	3	0	0	0	1	
1	0	0	3	0	0	0	
1	3	1	0	3	0	3	
1	3	0	0	0	0	1	
0	1	3	0	0	2	3	
0	3	0	0	0	0	2	
2	3	0	0	1	0	3	
0	3	0	0	0	0	0	
0	1	3	2	3	0	3	
--------------------

--------------------
Best Solution Found!
--------------------
Time: 0 hour(s), 0 minute(s), 0 second(s), 4 millisecond(s)

Fitness: 17195

2	0	0	1	0	0	0	
0	3	3	0	0	1	1	
2	3	1	0	0	0	1	
3	3	1	2	0	3	0	
1	0	0	0	0	0	1	
1	2	1	0	2	0	1	
2	1	1	1	0	0	2	
2	0	0	0	0	0	0	
0	1	0	1	0	0	0	
1	0	3	0	0	0	2	
1	2	3	0	0	0	2	
3	0	2	2	2	0	1	
1	2	0	0	0	0	3	
3	1	1	0	2	0	1	
2	2	2	0	1	1	0	
0	0	1	0	1	0	1	
0	3	3	0	0	0	1	
1	0	0	3	0	0	0	
1	3	1	0	3	0	3	
1	3	0	0	0	0	1	
0	1	3	0	0	2	3	
0	3	0	0	0	0	2	
2	3	0	0	1	0	3	
0	3	0	0	0	0	0	
0	1	3	2	3	0	3	
--------------------

--------------------
Best Solution Found!
--------------------
Time: 0 hour(s), 0 minute(s), 0 second(s), 74 millisecond(s)

Fitness: 17170

0	0	3	1	0	0	0	
3	0	0	0	0	0	3	
1	1	3	0	0	0	2	
0	1	0	0	0	0	1	
1	0	0	0	0	1	0	
2	3	0	2	2	0	3	
1	2	3	0	3	0	1	
3	0	2	2	2	0	1	
0	3	0	0	0	0	1	
0	3	0	0	0	3	0	
1	3	0	0	0	0	2	
0	1	0	1	0	0	2	
1	1	0	0	0	0	1	
0	3	1	0	0	0	1	
2	0	1	0	1	1	1	
2	2	1	2	1	0	3	
1	3	1	3	0	0	2	
0	3	0	0	2	0	0	
2	0	3	0	0	0	1	
3	2	1	1	0	0	1	
1	3	2	0	0	0	0	
2	0	1	0	0	0	0	
1	1	3	0	0	2	3	
2	3	1	0	1	0	3	
0	2	3	0	3	0	0	
--------------------

--------------------
Best Solution Found!
--------------------
Time: 0 hour(s), 0 minute(s), 0 second(s), 271 millisecond(s)

Fitness: 16208

0	0	2	0	2	0	1	
0	1	3	0	1	0	0	
2	2	1	0	3	1	1	
1	3	0	0	0	0	1	
0	0	0	0	0	0	0	
0	3	1	0	0	0	0	
1	0	0	0	1	0	2	
3	0	3	0	0	2	3	
0	3	3	0	0	1	1	
3	1	2	2	0	0	1	
1	0	1	0	0	0	0	
1	2	1	0	3	0	1	
1	3	0	1	1	0	2	
2	0	3	2	0	0	0	
0	3	0	0	0	0	0	
3	0	0	0	0	0	3	
1	1	1	0	2	0	3	
2	2	1	0	0	3	1	
1	1	1	3	0	0	2	
0	3	0	0	0	0	3	
1	2	3	1	0	0	1	
2	3	3	1	0	0	1	
0	3	0	0	0	0	0	
2	1	0	0	0	0	3	
2	3	0	2	2	0	2	
--------------------

--------------------
Best Solution Found!
--------------------
Time: 0 hour(s), 0 minute(s), 0 second(s), 292 millisecond(s)

Fitness: 16196

0	3	2	0	0	0	3	
0	3	0	0	0	0	2	
0	1	1	0	0	0	1	
3	1	2	0	2	0	0	
0	2	0	0	0	0	0	
2	3	1	3	0	0	1	
3	0	3	0	0	1	3	
1	1	1	0	0	3	1	
1	1	0	1	0	0	0	
0	3	0	0	0	0	3	
1	0	1	0	0	0	2	
1	1	1	1	3	0	0	
1	3	1	0	0	1	3	
2	0	3	0	0	0	2	
1	0	0	0	0	0	2	
1	0	0	0	0	0	1	
2	3	0	1	2	0	1	
2	3	3	2	0	0	3	
2	3	3	2	1	0	0	
0	2	3	0	3	2	1	
3	0	0	0	2	0	1	
0	2	1	0	1	0	1	
1	3	0	2	1	0	1	
2	0	0	0	0	0	0	
0	2	3	0	0	0	0	
--------------------

--------------------
Best Solution Found!
--------------------
Time: 0 hour(s), 0 minute(s), 0 second(s), 294 millisecond(s)

Fitness: 16196

0	3	2	0	0	0	3	
0	3	0	0	0	0	2	
0	1	1	0	0	0	1	
3	1	2	0	2	0	0	
0	2	0	0	0	0	0	
2	3	1	3	0	0	1	
3	0	3	0	0	1	3	
1	1	1	0	0	3	1	
1	1	0	1	0	0	0	
0	3	0	0	0	0	3	
1	0	1	0	0	0	2	
1	1	1	1	3	0	0	
1	3	1	0	0	1	3	
2	0	3	0	0	0	2	
1	0	0	0	0	0	2	
1	0	0	0	0	0	1	
2	3	0	1	2	0	1	
2	3	3	2	0	0	3	
2	3	3	2	1	0	0	
0	2	3	0	3	2	1	
3	0	0	0	2	0	1	
0	2	1	0	1	0	1	
1	3	0	2	1	0	1	
2	0	0	0	0	0	0	
0	2	3	0	0	0	0	
--------------------

--------------------
Best Solution Found!
--------------------
Time: 0 hour(s), 0 minute(s), 0 second(s), 352 millisecond(s)

Fitness: 16190

0	3	1	0	0	0	1	
1	1	0	0	0	0	0	
0	0	0	2	0	2	2	
0	3	3	2	0	1	2	
2	0	3	1	3	0	1	
1	3	1	3	0	0	3	
3	0	0	0	0	0	0	
0	2	2	0	0	0	0	
1	1	0	1	0	3	3	
2	1	1	0	2	0	2	
1	3	1	0	2	1	0	
2	3	3	0	3	0	3	
0	2	0	0	0	0	1	
2	2	0	0	0	0	0	
2	2	0	0	1	0	3	
2	0	1	0	0	0	1	
1	3	1	2	0	0	2	
1	1	2	0	0	0	1	
3	0	3	0	1	0	1	
1	3	0	0	0	0	1	
1	3	1	0	1	0	1	
0	0	0	0	2	0	0	
3	0	3	0	0	0	1	
0	1	3	1	0	0	0	
0	3	0	0	0	0	3	
--------------------

--------------------
Best Solution Found!
--------------------
Time: 0 hour(s), 0 minute(s), 0 second(s), 555 millisecond(s)

Fitness: 16187

1	3	3	0	3	0	1	
2	1	0	0	0	0	0	
1	3	0	0	1	0	1	
1	1	2	0	0	2	3	
2	2	1	1	2	0	0	
1	0	0	0	1	0	2	
2	1	3	2	0	0	1	
3	3	3	2	0	0	2	
3	0	0	0	0	0	3	
0	3	0	0	0	0	3	
0	2	2	0	0	0	1	
2	3	1	0	0	0	0	
0	0	1	2	0	0	2	
2	0	0	0	3	0	1	
0	2	0	0	0	0	0	
3	0	1	1	0	0	0	
0	1	1	0	2	1	1	
0	0	3	0	1	3	0	
0	1	0	0	0	0	3	
2	3	1	0	0	0	3	
1	3	3	0	0	1	2	
1	0	0	0	0	0	0	
1	2	0	3	2	0	1	
1	3	1	1	0	0	1	
0	3	3	0	0	0	1	
--------------------

--------------------
Best Solution Found!
--------------------
Time: 0 hour(s), 0 minute(s), 1 second(s), 434 millisecond(s)

Fitness: 15188

1	1	1	0	3	0	3	
1	0	0	0	0	0	1	
0	3	0	0	0	0	0	
2	3	0	0	0	0	0	
1	0	2	0	0	0	1	
2	1	0	0	0	0	2	
3	1	0	0	0	2	1	
1	0	0	0	0	1	1	
0	0	3	0	0	0	2	
0	3	3	0	0	0	0	
2	1	1	1	0	0	1	
2	2	1	0	3	0	2	
0	0	1	0	2	0	2	
0	0	3	2	0	0	1	
2	3	3	0	0	1	1	
0	3	1	0	1	0	0	
3	2	1	0	2	0	3	
1	2	3	3	1	0	0	
3	3	0	0	0	0	3	
0	0	0	0	0	0	3	
2	2	3	2	0	0	3	
1	3	1	1	2	0	0	
0	3	0	0	0	0	1	
1	3	0	1	1	3	0	
1	1	2	2	0	0	1	
--------------------

--------------------
Best Solution Found!
--------------------
Time: 0 hour(s), 0 minute(s), 1 second(s), 434 millisecond(s)

Fitness: 15188

1	1	1	0	3	0	3	
1	0	0	0	0	0	1	
0	3	0	0	0	0	0	
2	3	0	0	0	0	0	
1	0	2	0	0	0	1	
2	1	0	0	0	0	2	
3	1	0	0	0	2	1	
1	0	0	0	0	1	1	
0	0	3	0	0	0	2	
0	3	3	0	0	0	0	
2	1	1	1	0	0	1	
2	2	1	0	3	0	2	
0	0	1	0	2	0	2	
0	0	3	2	0	0	1	
2	3	3	0	0	1	1	
0	3	1	0	1	0	0	
3	2	1	0	2	0	3	
1	2	3	3	1	0	0	
3	3	0	0	0	0	3	
0	0	0	0	0	0	3	
2	2	3	2	0	0	3	
1	3	1	1	2	0	0	
0	3	0	0	0	0	1	
1	3	0	1	1	3	0	
1	1	2	2	0	0	1	
--------------------

--------------------
Best Solution Found!
--------------------
Time: 0 hour(s), 0 minute(s), 11 second(s), 397 millisecond(s)

Fitness: 14190

0	0	1	0	0	0	0	
2	3	3	0	1	0	3	
1	0	0	0	0	0	2	
0	3	1	0	3	3	3	
1	1	1	0	1	0	2	
1	3	0	0	0	0	0	
3	0	1	0	0	0	2	
0	0	3	0	0	0	0	
0	3	0	2	0	0	1	
0	0	0	0	0	1	1	
3	1	1	0	2	0	1	
2	2	0	0	0	0	3	
0	0	3	3	0	0	1	
2	1	3	1	0	0	1	
2	3	2	0	0	0	0	
1	3	3	0	3	0	1	
1	2	0	1	1	0	1	
2	2	1	2	2	0	0	
1	3	2	1	0	0	2	
2	3	0	0	2	1	3	
1	3	1	0	0	0	3	
1	2	0	0	0	0	0	
3	1	0	2	0	2	1	
0	0	0	0	0	0	0	
0	1	3	0	0	0	1	
--------------------

--------------------
Best Solution Found!
--------------------
Time: 0 hour(s), 0 minute(s), 11 second(s), 398 millisecond(s)

Fitness: 14190

0	0	1	0	0	0	0	
2	3	3	0	1	0	3	
1	0	0	0	0	0	2	
0	3	1	0	3	3	3	
1	1	1	0	1	0	2	
1	3	0	0	0	0	0	
3	0	1	0	0	0	2	
0	0	3	0	0	0	0	
0	3	0	2	0	0	1	
0	0	0	0	0	1	1	
3	1	1	0	2	0	1	
2	2	0	0	0	0	3	
0	0	3	3	0	0	1	
2	1	3	1	0	0	1	
2	3	2	0	0	0	0	
1	3	3	0	3	0	1	
1	2	0	1	1	0	1	
2	2	1	2	2	0	0	
1	3	2	1	0	0	2	
2	3	0	0	2	1	3	
1	3	1	0	0	0	3	
1	2	0	0	0	0	0	
3	1	0	2	0	2	1	
0	0	0	0	0	0	0	
0	1	3	0	0	0	1	
--------------------

--------------------
Best Solution Found!
--------------------
Time: 0 hour(s), 0 minute(s), 11 second(s), 399 millisecond(s)

Fitness: 14190

0	0	1	0	0	0	0	
2	3	3	0	1	0	3	
1	0	0	0	0	0	2	
0	3	1	0	3	3	3	
1	1	1	0	1	0	2	
1	3	0	0	0	0	0	
3	0	1	0	0	0	2	
0	0	3	0	0	0	0	
0	3	0	2	0	0	1	
0	0	0	0	0	1	1	
3	1	1	0	2	0	1	
2	2	0	0	0	0	3	
0	0	3	3	0	0	1	
2	1	3	1	0	0	1	
2	3	2	0	0	0	0	
1	3	3	0	3	0	1	
1	2	0	1	1	0	1	
2	2	1	2	2	0	0	
1	3	2	1	0	0	2	
2	3	0	0	2	1	3	
1	3	1	0	0	0	3	
1	2	0	0	0	0	0	
3	1	0	2	0	2	1	
0	0	0	0	0	0	0	
0	1	3	0	0	0	1	
--------------------

--------------------
Best Solution Found!
--------------------
Time: 0 hour(s), 0 minute(s), 11 second(s), 399 millisecond(s)

Fitness: 14190

0	0	1	0	0	0	0	
2	3	3	0	1	0	3	
1	0	0	0	0	0	2	
0	3	1	0	3	3	3	
1	1	1	0	1	0	2	
1	3	0	0	0	0	0	
3	0	1	0	0	0	2	
0	0	3	0	0	0	0	
0	3	0	2	0	0	1	
0	0	0	0	0	1	1	
3	1	1	0	2	0	1	
2	2	0	0	0	0	3	
0	0	3	3	0	0	1	
2	1	3	1	0	0	1	
2	3	2	0	0	0	0	
1	3	3	0	3	0	1	
1	2	0	1	1	0	1	
2	2	1	2	2	0	0	
1	3	2	1	0	0	2	
2	3	0	0	2	1	3	
1	3	1	0	0	0	3	
1	2	0	0	0	0	0	
3	1	0	2	0	2	1	
0	0	0	0	0	0	0	
0	1	3	0	0	0	1	
--------------------


The best solution was found at the restart: 1, population: 0
Total Time Elapsed: 0 hour(s), 1 minute(s), 53 second(s), 667 millisecond(s)

