--------------------
Best Solution Found!
--------------------
Time: 0 hour(s), 0 minute(s), 0 second(s), 3 millisecond(s)

Fitness: 205729

1	3	0	1	2	3	2	0	1	1	1	3	0	1	0	1	0	0	0	2	0	0	0	0	0	0	3	2	
0	0	0	1	2	3	0	0	2	1	0	3	0	0	0	2	0	0	0	3	0	0	0	0	0	0	3	0	
0	0	0	2	2	3	2	0	1	0	0	0	0	1	0	1	0	0	0	1	0	0	0	0	0	0	0	1	
1	0	0	2	0	1	2	0	0	1	0	0	0	2	0	2	0	0	0	1	0	0	0	0	0	0	3	0	
1	3	0	1	0	0	2	0	1	1	0	0	0	0	0	0	0	0	0	1	0	0	0	0	0	0	0	0	
1	3	0	1	0	3	2	0	0	1	0	0	0	0	0	2	0	0	0	0	0	0	0	0	0	0	3	2	
1	1	0	2	1	3	1	0	0	0	1	3	0	2	0	2	0	0	0	0	0	0	0	0	0	0	3	2	
1	3	0	0	2	3	0	0	1	1	1	3	0	2	0	0	0	0	0	0	0	0	0	0	0	0	0	2	
2	0	1	1	2	0	2	0	1	0	0	2	0	0	0	0	0	0	0	1	0	0	0	0	0	0	1	0	
2	0	0	0	0	3	0	0	1	0	0	0	0	0	0	0	0	0	0	2	0	0	0	0	0	0	3	1	
1	3	0	1	2	0	0	0	0	1	1	3	0	0	0	0	0	0	0	0	0	0	0	0	0	0	1	0	
1	0	2	1	0	1	2	0	0	1	3	3	0	0	0	2	0	0	0	0	0	0	0	0	0	0	0	2	
2	0	0	1	2	3	1	0	1	1	0	0	0	2	0	0	0	0	0	1	0	0	0	0	0	0	0	2	
2	3	0	0	0	3	2	0	1	2	1	3	0	2	0	2	0	0	0	0	0	0	0	0	0	0	0	0	
0	1	0	1	1	3	1	0	1	1	1	3	0	2	0	2	0	0	0	1	0	0	0	0	0	0	0	2	
1	3	0	1	0	3	2	0	1	0	0	3	0	2	0	2	0	0	0	0	0	0	0	0	0	0	3	2	
1	3	0	2	0	0	2	0	1	2	0	2	0	0	0	0	0	0	0	0	0	0	0	0	0	0	3	2	
1	3	0	0	0	1	0	0	0	1	3	3	0	2	0	0	0	0	0	1	0	0	0	0	0	0	3	2	
1	0	0	1	1	0	2	0	0	1	0	0	0	2	0	2	0	0	0	0	0	0	0	0	0	0	0	0	
0	3	0	1	0	0	2	0	1	1	1	3	0	2	0	2	0	0	0	1	0	0	0	0	0	0	0	2	
1	3	2	1	0	0	0	0	3	1	0	3	0	0	0	0	0	0	0	1	0	0	0	0	0	0	3	2	
2	0	0	1	2	3	1	0	0	0	0	0	0	2	0	0	0	0	0	1	0	0	0	0	0	0	0	1	
0	3	0	0	0	0	2	0	0	2	1	2	0	2	0	0	0	0	0	1	0	0	0	0	0	0	0	2	
1	0	2	1	2	3	2	0	3	2	0	3	0	0	0	1	0	0	0	1	0	0	0	0	0	0	0	0	
1	0	0	0	2	3	0	0	3	1	1	3	0	0	0	2	0	0	0	1	0	0	0	0	0	0	3	2	
1	0	0	1	2	0	2	0	1	1	1	0	0	1	0	0	0	0	0	0	0	0	0	0	0	0	0	2	
1	0	2	2	2	0	0	0	0	0	1	3	0	2	0	2	0	0	0	0	0	0	0	0	0	0	3	0	
0	3	1	0	0	3	2	0	1	1	1	2	0	2	0	2	0	0	0	1	0	0	0	0	0	0	1	0	
0	1	2	1	2	1	2	0	0	1	3	3	0	0	0	0	0	0	0	2	0	0	0	0	0	0	3	1	
1	0	1	1	2	0	2	0	1	0	0	3	0	0	0	2	0	0	0	1	0	0	0	0	0	0	0	0	
--------------------

--------------------
Best Solution Found!
--------------------
Time: 0 hour(s), 0 minute(s), 0 second(s), 37 millisecond(s)

Fitness: 204742

1	1	0	2	2	0	2	0	0	1	0	3	0	2	0	0	0	0	0	0	0	0	0	0	0	0	0	2	
0	0	0	0	0	0	2	0	1	1	0	3	0	2	0	2	0	0	0	2	0	0	0	0	0	0	0	1	
0	3	0	1	0	3	2	0	1	0	1	3	0	2	0	1	0	0	0	1	0	0	0	0	0	0	0	2	
2	3	0	2	2	3	2	0	0	1	1	0	0	0	0	0	0	0	0	0	0	0	0	0	0	0	1	0	
1	1	0	1	2	3	1	0	1	1	0	3	0	2	0	2	0	0	0	0	0	0	0	0	0	0	0	2	
2	1	0	1	0	3	0	0	0	1	1	3	0	0	0	0	0	0	0	0	0	0	0	0	0	0	0	0	
0	3	0	1	0	3	2	0	3	1	0	0	0	2	0	0	0	0	0	0	0	0	0	0	0	0	3	0	
1	3	0	1	0	0	2	0	0	0	0	3	0	0	0	2	0	0	0	1	0	0	0	0	0	0	3	2	
0	0	1	1	0	3	0	0	1	0	3	3	0	1	0	2	0	0	0	0	0	0	0	0	0	0	3	2	
1	0	0	2	1	3	2	0	0	0	1	0	0	1	0	2	0	0	0	0	0	0	0	0	0	0	3	2	
1	3	0	0	0	3	2	0	1	2	1	3	0	0	0	0	0	0	0	1	0	0	0	0	0	0	3	2	
2	0	2	1	2	0	2	0	0	0	0	3	0	2	0	2	0	0	0	1	0	0	0	0	0	0	3	2	
1	3	0	1	2	3	0	0	1	1	1	3	0	2	0	0	0	0	0	0	0	0	0	0	0	0	0	1	
1	3	0	1	1	0	1	0	1	1	1	2	0	2	0	2	0	0	0	1	0	0	0	0	0	0	0	0	
1	0	0	1	2	0	0	0	0	1	1	3	0	2	0	0	0	0	0	1	0	0	0	0	0	0	1	2	
0	0	0	1	0	1	0	0	3	2	0	3	0	2	0	2	0	0	0	1	0	0	0	0	0	0	3	0	
2	0	0	1	2	3	1	0	1	2	0	0	0	0	0	1	0	0	0	1	0	0	0	0	0	0	3	2	
1	0	0	1	2	1	2	0	1	1	0	0	0	0	0	0	0	0	0	0	0	0	0	0	0	0	3	2	
1	3	0	0	2	0	2	0	0	0	0	2	0	0	0	1	0	0	0	2	0	0	0	0	0	0	1	2	
1	0	0	1	0	3	2	0	1	1	1	3	0	0	0	2	0	0	0	1	0	0	0	0	0	0	0	0	
0	3	2	2	0	3	2	0	1	1	3	3	0	2	0	2	0	0	0	0	0	0	0	0	0	0	0	0	
2	0	0	0	0	0	2	0	1	1	0	3	0	2	0	0	0	0	0	1	0	0	0	0	0	0	3	1	
1	3	0	0	2	1	2	0	2	1	1	0	0	1	0	2	0	0	0	1	0	0	0	0	0	0	0	0	
1	0	2	1	2	3	1	0	0	0	0	0	0	2	0	2	0	0	0	0	0	0	0	0	0	0	3	2	
0	0	0	1	2	3	2	0	0	2	1	3	0	2	0	2	0	0	0	1	0	0	0	0	0	0	0	2	
1	0	0	0	0	0	0	0	1	0	0	0	0	0	0	0	0	0	0	3	0	0	0	0	0	0	3	0	
1	3	2	1	1	0	0	0	3	1	3	2	0	0	0	0	0	0	0	1	0	0	0	0	0	0	0	2	
1	0	1	2	2	1	2	0	1	1	0	0	0	0	0	0	0	0	0	2	0	0	0	0	0	0	3	0	
1	3	2	0	2	3	0	0	1	1	0	2	0	0	0	2	0	0	0	1	0	0	0	0	0	0	0	1	
1	3	1	1	0	0	2	0	0	1	1	3	0	0	0	0	0	0	0	1	0	0	0	0	0	0	0	0	
--------------------

--------------------
Best Solution Found!
--------------------
Time: 0 hour(s), 0 minute(s), 0 second(s), 41 millisecond(s)

Fitness: 202758

2	0	0	1	2	1	0	0	1	1	1	3	0	0	0	0	0	0	0	0	0	0	0	0	0	0	0	2	
2	0	0	1	2	3	2	0	1	1	0	0	0	1	0	0	0	0	0	1	0	0	0	0	0	0	0	2	
1	1	0	1	2	1	2	0	0	1	0	3	0	2	0	2	0	0	0	1	0	0	0	0	0	0	3	0	
2	3	0	1	2	1	2	0	1	1	0	2	0	2	0	2	0	0	0	1	0	0	0	0	0	0	3	2	
1	3	0	1	1	3	2	0	1	0	0	3	0	2	0	0	0	0	0	0	0	0	0	0	0	0	0	2	
1	3	0	0	0	3	2	0	1	0	0	3	0	2	0	1	0	0	0	1	0	0	0	0	0	0	1	2	
1	3	1	0	2	1	2	0	0	1	1	0	0	0	0	0	0	0	0	2	0	0	0	0	0	0	0	1	
0	3	1	1	2	3	0	0	0	1	1	0	0	1	0	0	0	0	0	0	0	0	0	0	0	0	3	0	
1	0	0	1	2	3	0	0	1	1	0	3	0	0	0	1	0	0	0	1	0	0	0	0	0	0	0	2	
0	0	0	2	1	0	2	0	0	1	0	3	0	2	0	0	0	0	0	1	0	0	0	0	0	0	1	0	
2	3	0	1	0	0	2	0	3	0	1	3	0	2	0	1	0	0	0	3	0	0	0	0	0	0	0	2	
1	0	0	2	2	3	0	0	1	1	3	3	0	0	0	0	0	0	0	1	0	0	0	0	0	0	3	0	
1	0	0	1	0	3	1	0	1	1	0	0	0	2	0	0	0	0	0	2	0	0	0	0	0	0	3	2	
0	0	0	1	2	0	2	0	0	0	1	3	0	0	0	2	0	0	0	0	0	0	0	0	0	0	0	2	
1	3	2	1	2	3	2	0	3	0	1	3	0	2	0	2	0	0	0	1	0	0	0	0	0	0	0	1	
1	0	1	1	0	0	1	0	1	1	0	3	0	1	0	2	0	0	0	1	0	0	0	0	0	0	3	2	
0	0	0	2	0	3	2	0	0	1	0	2	0	0	0	2	0	0	0	1	0	0	0	0	0	0	0	0	
1	3	0	2	0	3	2	0	1	1	3	3	0	0	0	2	0	0	0	0	0	0	0	0	0	0	0	0	
1	1	0	1	2	0	2	0	1	2	0	0	0	2	0	2	0	0	0	1	0	0	0	0	0	0	3	1	
1	0	2	0	0	0	0	0	1	2	1	3	0	2	0	2	0	0	0	0	0	0	0	0	0	0	1	0	
2	3	0	0	0	0	2	0	1	1	0	3	0	0	0	2	0	0	0	0	0	0	0	0	0	0	0	0	
1	0	0	1	2	3	2	0	1	1	0	0	0	0	0	0	0	0	0	0	0	0	0	0	0	0	3	2	
0	3	0	2	0	0	0	0	3	1	1	0	0	2	0	2	0	0	0	1	0	0	0	0	0	0	3	1	
0	0	0	0	0	0	0	0	0	0	0	0	0	0	0	2	0	0	0	0	0	0	0	0	0	0	3	2	
1	3	2	1	0	3	2	0	1	2	1	3	0	2	0	0	0	0	0	1	0	0	0	0	0	0	0	0	
1	3	0	0	1	3	0	0	2	1	1	2	0	2	0	2	0	0	0	1	0	0	0	0	0	0	3	2	
1	1	0	1	2	3	2	0	0	1	1	3	0	0	0	0	0	0	0	0	0	0	0	0	0	0	3	2	
1	0	2	0	0	0	2	0	0	0	1	3	0	0	0	0	0	0	0	0	0	0	0	0	0	0	3	0	
0	0	0	1	2	0	1	0	0	2	3	2	0	2	0	0	0	0	0	2	0	0	0	0	0	0	0	2	
1	3	2	1	0	3	1	0	0	0	0	0	0	0	0	2	0	0	0	1	0	0	0	0	0	0	0	0	
--------------------

--------------------
Best Solution Found!
--------------------
Time: 0 hour(s), 0 minute(s), 0 second(s), 84 millisecond(s)

Fitness: 201765

1	0	0	1	0	3	1	0	0	1	0	2	0	0	0	2	0	0	0	0	0	0	0	0	0	0	1	1	
1	0	0	0	1	3	2	0	1	1	0	3	0	0	0	0	0	0	0	1	0	0	0	0	0	0	0	2	
0	0	2	1	2	0	0	0	0	0	1	0	0	0	0	0	0	0	0	0	0	0	0	0	0	0	3	1	
1	0	1	0	1	3	2	0	3	0	1	3	0	1	0	0	0	0	0	2	0	0	0	0	0	0	3	0	
2	0	0	1	0	0	1	0	1	1	0	0	0	0	0	2	0	0	0	0	0	0	0	0	0	0	0	0	
1	3	1	1	2	1	2	0	0	1	1	3	0	1	0	0	0	0	0	0	0	0	0	0	0	0	0	0	
0	3	2	1	0	3	0	0	1	1	0	0	0	2	0	2	0	0	0	0	0	0	0	0	0	0	3	2	
1	1	2	0	0	0	2	0	1	1	0	3	0	2	0	2	0	0	0	1	0	0	0	0	0	0	0	0	
2	3	0	2	2	0	1	0	1	0	3	3	0	0	0	0	0	0	0	0	0	0	0	0	0	0	1	0	
1	3	0	0	2	0	2	0	1	0	1	3	0	0	0	0	0	0	0	1	0	0	0	0	0	0	3	2	
2	0	0	1	0	0	2	0	1	1	1	0	0	0	0	0	0	0	0	1	0	0	0	0	0	0	0	2	
2	3	0	2	2	3	2	0	0	1	0	2	0	2	0	2	0	0	0	1	0	0	0	0	0	0	0	0	
1	3	0	2	2	3	0	0	0	1	1	2	0	2	0	2	0	0	0	0	0	0	0	0	0	0	0	2	
1	3	0	1	2	0	0	0	1	1	1	3	0	1	0	0	0	0	0	0	0	0	0	0	0	0	3	2	
1	3	0	2	2	1	0	0	1	1	1	0	0	2	0	0	0	0	0	1	0	0	0	0	0	0	0	2	
1	3	0	0	2	3	2	0	3	1	0	3	0	2	0	1	0	0	0	2	0	0	0	0	0	0	0	0	
0	0	0	1	1	3	2	0	1	1	0	3	0	2	0	0	0	0	0	1	0	0	0	0	0	0	3	0	
1	0	1	1	0	3	2	0	1	2	0	3	0	2	0	2	0	0	0	1	0	0	0	0	0	0	3	1	
1	0	0	1	0	3	1	0	1	1	0	0	0	0	0	2	0	0	0	1	0	0	0	0	0	0	3	2	
0	0	0	1	2	3	2	0	1	1	1	3	0	2	0	0	0	0	0	3	0	0	0	0	0	0	0	2	
1	0	0	1	0	0	2	0	0	0	3	3	0	2	0	1	0	0	0	1	0	0	0	0	0	0	0	0	
0	0	2	1	0	3	0	0	0	2	0	0	0	0	0	2	0	0	0	2	0	0	0	0	0	0	0	1	
1	1	0	2	0	1	2	0	0	2	1	0	0	2	0	1	0	0	0	0	0	0	0	0	0	0	0	0	
1	3	0	1	2	0	2	0	0	1	0	0	0	2	0	2	0	0	0	1	0	0	0	0	0	0	0	2	
1	3	0	1	2	3	2	0	3	2	1	3	0	2	0	2	0	0	0	1	0	0	0	0	0	0	3	2	
2	3	0	1	2	0	2	0	1	1	0	2	0	2	0	0	0	0	0	0	0	0	0	0	0	0	3	0	
0	1	0	0	0	3	2	0	0	0	3	3	0	0	0	0	0	0	0	1	0	0	0	0	0	0	3	2	
0	0	0	1	2	1	0	0	2	0	0	3	0	0	0	2	0	0	0	0	0	0	0	0	0	0	3	2	
1	0	2	1	0	0	0	0	1	1	0	3	0	0	0	2	0	0	0	1	0	0	0	0	0	0	1	2	
1	3	0	0	0	3	2	0	0	0	1	3	0	0	0	2	0	0	0	1	0	0	0	0	0	0	3	2	
--------------------

--------------------
Best Solution Found!
--------------------
Time: 0 hour(s), 0 minute(s), 0 second(s), 294 millisecond(s)

Fitness: 201749

0	0	0	1	0	3	2	0	1	1	3	3	0	0	0	2	0	0	0	0	0	0	0	0	0	0	0	0	
0	0	1	2	2	3	2	0	0	1	0	3	0	2	0	2	0	0	0	1	0	0	0	0	0	0	0	0	
1	3	0	1	0	3	0	0	1	1	1	3	0	1	0	0	0	0	0	1	0	0	0	0	0	0	0	2	
1	0	0	1	0	3	2	0	1	0	1	3	0	2	0	1	0	0	0	0	0	0	0	0	0	0	3	2	
2	0	2	1	2	3	1	0	1	2	0	3	0	2	0	2	0	0	0	1	0	0	0	0	0	0	0	1	
1	0	0	0	2	3	2	0	3	1	0	2	0	0	0	0	0	0	0	0	0	0	0	0	0	0	0	0	
1	3	0	0	2	1	2	0	1	1	0	0	0	2	0	2	0	0	0	2	0	0	0	0	0	0	3	2	
0	1	1	1	2	3	2	0	0	2	1	3	0	2	0	0	0	0	0	1	0	0	0	0	0	0	3	0	
1	1	0	0	2	3	2	0	1	1	1	2	0	2	0	2	0	0	0	0	0	0	0	0	0	0	3	2	
1	3	0	1	0	0	0	0	0	0	1	0	0	0	0	2	0	0	0	1	0	0	0	0	0	0	3	0	
1	3	0	1	0	0	2	0	1	1	1	3	0	1	0	2	0	0	0	1	0	0	0	0	0	0	3	2	
1	3	0	1	2	0	2	0	0	2	3	3	0	0	0	2	0	0	0	0	0	0	0	0	0	0	0	0	
0	0	0	1	1	1	0	0	1	1	3	3	0	2	0	2	0	0	0	1	0	0	0	0	0	0	0	2	
1	3	2	0	0	0	2	0	0	0	0	0	0	0	0	2	0	0	0	1	0	0	0	0	0	0	0	0	
1	0	0	2	0	0	0	0	1	2	0	3	0	0	0	0	0	0	0	1	0	0	0	0	0	0	1	2	
1	0	0	0	0	0	0	0	3	1	0	0	0	1	0	0	0	0	0	0	0	0	0	0	0	0	3	0	
0	0	0	1	2	3	2	0	2	1	0	3	0	0	0	2	0	0	0	0	0	0	0	0	0	0	3	2	
2	0	2	2	2	0	1	0	0	1	1	3	0	2	0	0	0	0	0	1	0	0	0	0	0	0	3	1	
1	0	0	1	2	1	2	0	1	0	0	3	0	2	0	0	0	0	0	1	0	0	0	0	0	0	0	1	
1	3	2	1	0	3	2	0	1	0	0	0	0	0	0	2	0	0	0	0	0	0	0	0	0	0	1	0	
2	0	0	1	1	0	2	0	0	0	0	0	0	2	0	1	0	0	0	0	0	0	0	0	0	0	0	2	
0	3	0	2	2	0	2	0	0	1	1	0	0	0	0	0	0	0	0	1	0	0	0	0	0	0	0	0	
1	3	0	1	2	0	0	0	0	1	1	0	0	2	0	2	0	0	0	1	0	0	0	0	0	0	0	2	
2	3	1	1	0	0	0	0	1	1	1	0	0	0	0	0	0	0	0	1	0	0	0	0	0	0	3	2	
1	3	0	1	0	3	0	0	1	0	0	3	0	2	0	0	0	0	0	3	0	0	0	0	0	0	3	2	
1	0	0	2	0	1	2	0	1	1	0	3	0	2	0	0	0	0	0	0	0	0	0	0	0	0	0	0	
0	3	0	0	0	3	1	0	0	0	0	2	0	0	0	2	0	0	0	0	0	0	0	0	0	0	1	2	
1	3	2	1	2	3	2	0	3	1	0	3	0	0	0	1	0	0	0	2	0	0	0	0	0	0	3	2	
2	1	0	1	1	3	2	0	1	1	1	3	0	2	0	0	0	0	0	2	0	0	0	0	0	0	3	1	
1	0	0	0	2	3	1	0	0	1	1	2	0	0	0	0	0	0	0	1	0	0	0	0	0	0	0	2	
--------------------

--------------------
Best Solution Found!
--------------------
Time: 0 hour(s), 0 minute(s), 0 second(s), 296 millisecond(s)

Fitness: 201749

0	0	0	1	0	3	2	0	1	1	3	3	0	0	0	2	0	0	0	0	0	0	0	0	0	0	0	0	
0	0	1	2	2	3	2	0	0	1	0	3	0	2	0	2	0	0	0	1	0	0	0	0	0	0	0	0	
1	3	0	1	0	3	0	0	1	1	1	3	0	1	0	0	0	0	0	1	0	0	0	0	0	0	0	2	
1	0	0	1	0	3	2	0	1	0	1	3	0	2	0	1	0	0	0	0	0	0	0	0	0	0	3	2	
2	0	2	1	2	3	1	0	1	2	0	3	0	2	0	2	0	0	0	1	0	0	0	0	0	0	0	1	
1	0	0	0	2	3	2	0	3	1	0	2	0	0	0	0	0	0	0	0	0	0	0	0	0	0	0	0	
1	3	0	0	2	1	2	0	1	1	0	0	0	2	0	2	0	0	0	2	0	0	0	0	0	0	3	2	
0	1	1	1	2	3	2	0	0	2	1	3	0	2	0	0	0	0	0	1	0	0	0	0	0	0	3	0	
1	1	0	0	2	3	2	0	1	1	1	2	0	2	0	2	0	0	0	0	0	0	0	0	0	0	3	2	
1	3	0	1	0	0	0	0	0	0	1	0	0	0	0	2	0	0	0	1	0	0	0	0	0	0	3	0	
1	3	0	1	0	0	2	0	1	1	1	3	0	1	0	2	0	0	0	1	0	0	0	0	0	0	3	2	
1	3	0	1	2	0	2	0	0	2	3	3	0	0	0	2	0	0	0	0	0	0	0	0	0	0	0	0	
0	0	0	1	1	1	0	0	1	1	3	3	0	2	0	2	0	0	0	1	0	0	0	0	0	0	0	2	
1	3	2	0	0	0	2	0	0	0	0	0	0	0	0	2	0	0	0	1	0	0	0	0	0	0	0	0	
1	0	0	2	0	0	0	0	1	2	0	3	0	0	0	0	0	0	0	1	0	0	0	0	0	0	1	2	
1	0	0	0	0	0	0	0	3	1	0	0	0	1	0	0	0	0	0	0	0	0	0	0	0	0	3	0	
0	0	0	1	2	3	2	0	2	1	0	3	0	0	0	2	0	0	0	0	0	0	0	0	0	0	3	2	
2	0	2	2	2	0	1	0	0	1	1	3	0	2	0	0	0	0	0	1	0	0	0	0	0	0	3	1	
1	0	0	1	2	1	2	0	1	0	0	3	0	2	0	0	0	0	0	1	0	0	0	0	0	0	0	1	
1	3	2	1	0	3	2	0	1	0	0	0	0	0	0	2	0	0	0	0	0	0	0	0	0	0	1	0	
2	0	0	1	1	0	2	0	0	0	0	0	0	2	0	1	0	0	0	0	0	0	0	0	0	0	0	2	
0	3	0	2	2	0	2	0	0	1	1	0	0	0	0	0	0	0	0	1	0	0	0	0	0	0	0	0	
1	3	0	1	2	0	0	0	0	1	1	0	0	2	0	2	0	0	0	1	0	0	0	0	0	0	0	2	
2	3	1	1	0	0	0	0	1	1	1	0	0	0	0	0	0	0	0	1	0	0	0	0	0	0	3	2	
1	3	0	1	0	3	0	0	1	0	0	3	0	2	0	0	0	0	0	3	0	0	0	0	0	0	3	2	
1	0	0	2	0	1	2	0	1	1	0	3	0	2	0	0	0	0	0	0	0	0	0	0	0	0	0	0	
0	3	0	0	0	3	1	0	0	0	0	2	0	0	0	2	0	0	0	0	0	0	0	0	0	0	1	2	
1	3	2	1	2	3	2	0	3	1	0	3	0	0	0	1	0	0	0	2	0	0	0	0	0	0	3	2	
2	1	0	1	1	3	2	0	1	1	1	3	0	2	0	0	0	0	0	2	0	0	0	0	0	0	3	1	
1	0	0	0	2	3	1	0	0	1	1	2	0	0	0	0	0	0	0	1	0	0	0	0	0	0	0	2	
--------------------

--------------------
Best Solution Found!
--------------------
Time: 0 hour(s), 0 minute(s), 0 second(s), 305 millisecond(s)

Fitness: 200755

1	0	1	2	2	3	0	0	0	1	1	3	0	1	0	2	0	0	0	0	0	0	0	0	0	0	3	0	
1	3	0	0	0	0	2	0	1	1	0	0	0	0	0	0	0	0	0	1	0	0	0	0	0	0	3	2	
1	0	2	1	0	0	2	0	0	0	0	3	0	2	0	0	0	0	0	1	0	0	0	0	0	0	3	2	
1	3	0	0	0	3	2	0	0	0	0	3	0	0	0	2	0	0	0	1	0	0	0	0	0	0	0	0	
0	0	1	2	0	3	2	0	0	1	0	0	0	2	0	2	0	0	0	1	0	0	0	0	0	0	1	0	
1	0	0	1	2	3	2	0	3	0	0	3	0	1	0	0	0	0	0	3	0	0	0	0	0	0	1	2	
1	3	0	1	0	0	0	0	1	1	1	2	0	2	0	0	0	0	0	0	0	0	0	0	0	0	3	2	
0	0	0	0	2	1	2	0	1	2	1	0	0	0	0	0	0	0	0	1	0	0	0	0	0	0	0	2	
0	0	2	1	0	3	2	0	0	2	0	3	0	0	0	2	0	0	0	0	0	0	0	0	0	0	0	2	
0	1	2	1	1	0	0	0	1	1	0	2	0	2	0	0	0	0	0	2	0	0	0	0	0	0	0	2	
1	3	0	0	1	3	0	0	0	1	1	3	0	0	0	2	0	0	0	1	0	0	0	0	0	0	1	0	
1	1	0	1	2	3	1	0	2	2	3	3	0	0	0	1	0	0	0	1	0	0	0	0	0	0	3	2	
2	0	0	1	2	3	0	0	1	1	0	3	0	2	0	2	0	0	0	1	0	0	0	0	0	0	0	0	
1	0	0	1	0	0	2	0	1	1	1	3	0	2	0	1	0	0	0	0	0	0	0	0	0	0	3	0	
0	0	0	1	2	3	0	0	0	1	1	0	0	1	0	2	0	0	0	1	0	0	0	0	0	0	0	0	
1	0	0	2	0	0	0	0	1	0	0	0	0	2	0	0	0	0	0	1	0	0	0	0	0	0	0	0	
1	1	0	1	2	3	2	0	1	1	0	2	0	2	0	0	0	0	0	2	0	0	0	0	0	0	0	2	
2	3	0	1	0	3	1	0	1	0	3	2	0	2	0	2	0	0	0	1	0	0	0	0	0	0	3	1	
2	3	0	2	2	1	1	0	1	0	0	3	0	0	0	2	0	0	0	1	0	0	0	0	0	0	3	2	
1	0	0	0	0	3	2	0	0	1	1	0	0	0	0	0	0	0	0	0	0	0	0	0	0	0	3	2	
2	0	0	1	2	0	2	0	0	1	0	0	0	2	0	2	0	0	0	0	0	0	0	0	0	0	0	1	
1	3	0	1	2	3	1	0	0	1	0	3	0	0	0	0	0	0	0	0	0	0	0	0	0	0	0	0	
1	3	0	1	1	0	2	0	0	1	1	3	0	2	0	1	0	0	0	1	0	0	0	0	0	0	3	2	
1	3	2	0	0	1	2	0	1	0	0	3	0	0	0	0	0	0	0	1	0	0	0	0	0	0	0	2	
1	0	1	1	2	0	2	0	3	1	1	0	0	2	0	0	0	0	0	0	0	0	0	0	0	0	3	1	
2	3	0	1	2	3	2	0	1	1	1	3	0	2	0	2	0	0	0	0	0	0	0	0	0	0	0	2	
0	3	0	1	2	3	2	0	1	1	1	3	0	0	0	0	0	0	0	2	0	0	0	0	0	0	0	0	
0	3	2	2	0	1	0	0	1	2	1	0	0	2	0	2	0	0	0	0	0	0	0	0	0	0	0	0	
1	3	0	1	2	0	2	0	1	1	3	3	0	0	0	2	0	0	0	0	0	0	0	0	0	0	3	2	
1	0	0	0	0	0	2	0	3	0	0	3	0	0	0	2	0	0	0	1	0	0	0	0	0	0	3	1	
--------------------

--------------------
Best Solution Found!
--------------------
Time: 0 hour(s), 0 minute(s), 0 second(s), 441 millisecond(s)

Fitness: 197736

0	3	1	2	2	0	0	0	1	1	0	3	0	2	0	2	0	0	0	1	0	0	0	0	0	0	3	2	
1	3	0	1	1	3	2	0	1	0	0	3	0	2	0	2	0	0	0	1	0	0	0	0	0	0	3	2	
2	3	0	1	2	0	2	0	0	0	3	0	0	1	0	0	0	0	0	1	0	0	0	0	0	0	3	0	
1	3	0	1	0	0	2	0	1	1	1	3	0	0	0	0	0	0	0	0	0	0	0	0	0	0	0	0	
0	0	0	1	2	3	0	0	1	1	3	3	0	0	0	0	0	0	0	1	0	0	0	0	0	0	3	2	
1	0	0	1	0	1	1	0	2	2	0	3	0	0	0	2	0	0	0	0	0	0	0	0	0	0	0	0	
1	3	0	1	0	1	2	0	0	1	1	3	0	2	0	2	0	0	0	1	0	0	0	0	0	0	3	0	
0	0	1	0	0	3	2	0	1	1	0	0	0	0	0	2	0	0	0	0	0	0	0	0	0	0	3	0	
0	0	1	1	2	0	2	0	1	1	1	3	0	2	0	0	0	0	0	0	0	0	0	0	0	0	3	2	
2	3	0	1	0	0	1	0	1	1	0	3	0	2	0	0	0	0	0	2	0	0	0	0	0	0	0	1	
1	0	0	1	0	3	0	0	0	1	1	3	0	0	0	0	0	0	0	0	0	0	0	0	0	0	0	0	
2	0	2	1	2	1	0	0	0	1	0	0	0	0	0	0	0	0	0	1	0	0	0	0	0	0	3	0	
1	0	0	2	0	0	1	0	1	1	1	3	0	2	0	2	0	0	0	0	0	0	0	0	0	0	3	2	
1	3	0	2	1	0	2	0	1	1	1	3	0	0	0	0	0	0	0	3	0	0	0	0	0	0	3	2	
1	3	0	0	0	0	1	0	1	1	1	3	0	2	0	0	0	0	0	0	0	0	0	0	0	0	0	2	
1	1	0	1	2	3	2	0	3	1	0	3	0	2	0	2	0	0	0	0	0	0	0	0	0	0	3	1	
1	3	0	1	2	3	2	0	1	1	3	3	0	2	0	1	0	0	0	1	0	0	0	0	0	0	1	2	
1	0	0	0	2	3	0	0	0	2	0	0	0	0	0	2	0	0	0	1	0	0	0	0	0	0	3	2	
1	0	0	0	2	3	2	0	1	2	0	2	0	1	0	2	0	0	0	1	0	0	0	0	0	0	0	2	
0	3	0	1	2	0	2	0	0	0	0	0	0	2	0	2	0	0	0	1	0	0	0	0	0	0	0	1	
1	1	0	2	0	3	2	0	0	0	0	0	0	2	0	2	0	0	0	1	0	0	0	0	0	0	0	0	
1	3	0	0	0	3	2	0	1	1	0	0	0	0	0	0	0	0	0	2	0	0	0	0	0	0	0	2	
2	0	2	1	0	3	2	0	3	0	1	2	0	2	0	0	0	0	0	0	0	0	0	0	0	0	1	2	
0	0	0	2	1	0	0	0	3	1	0	0	0	0	0	2	0	0	0	1	0	0	0	0	0	0	1	2	
2	3	2	1	0	0	0	0	1	2	1	0	0	1	0	1	0	0	0	2	0	0	0	0	0	0	0	1	
1	3	0	1	2	3	2	0	1	1	0	3	0	0	0	2	0	0	0	1	0	0	0	0	0	0	0	0	
0	0	2	1	2	3	2	0	0	0	1	3	0	0	0	0	0	0	0	1	0	0	0	0	0	0	3	2	
1	0	0	0	2	3	0	0	0	1	1	3	0	2	0	0	0	0	0	0	0	0	0	0	0	0	0	2	
1	1	0	0	0	3	2	0	0	0	1	2	0	0	0	1	0	0	0	1	0	0	0	0	0	0	0	0	
1	0	2	1	2	1	2	0	0	0	0	2	0	2	0	2	0	0	0	0	0	0	0	0	0	0	0	0	
--------------------

--------------------
Best Solution Found!
--------------------
Time: 0 hour(s), 0 minute(s), 3 second(s), 784 millisecond(s)

Fitness: 196744

1	0	1	1	0	0	1	0	0	0	1	3	0	2	0	0	0	0	0	1	0	0	0	0	0	0	3	0	
1	3	0	2	2	0	2	0	1	0	0	3	0	0	0	0	0	0	0	1	0	0	0	0	0	0	0	2	
0	3	0	2	2	3	0	0	1	1	0	0	0	0	0	2	0	0	0	0	0	0	0	0	0	0	3	2	
1	1	0	0	0	0	0	0	3	1	1	0	0	1	0	0	0	0	0	2	0	0	0	0	0	0	0	0	
2	0	0	0	0	0	2	0	1	0	0	3	0	2	0	2	0	0	0	0	0	0	0	0	0	0	0	0	
1	0	0	1	2	3	1	0	1	1	3	3	0	2	0	2	0	0	0	2	0	0	0	0	0	0	3	1	
1	3	2	1	0	1	2	0	0	0	1	3	0	0	0	2	0	0	0	1	0	0	0	0	0	0	1	2	
1	0	0	1	2	3	2	0	1	0	0	2	0	2	0	2	0	0	0	3	0	0	0	0	0	0	3	2	
0	0	0	1	0	0	0	0	0	1	0	0	0	0	0	0	0	0	0	0	0	0	0	0	0	0	0	0	
0	0	2	1	0	3	2	0	1	1	0	3	0	0	0	0	0	0	0	1	0	0	0	0	0	0	0	2	
0	3	0	2	0	0	2	0	0	1	1	3	0	2	0	2	0	0	0	1	0	0	0	0	0	0	1	2	
1	3	0	1	0	0	1	0	0	0	0	3	0	2	0	2	0	0	0	0	0	0	0	0	0	0	3	0	
1	3	0	1	0	3	0	0	1	1	1	3	0	0	0	1	0	0	0	1	0	0	0	0	0	0	3	2	
1	0	0	1	2	3	2	0	2	1	0	0	0	2	0	0	0	0	0	1	0	0	0	0	0	0	0	2	
1	3	0	0	2	3	2	0	0	2	1	3	0	2	0	0	0	0	0	1	0	0	0	0	0	0	0	0	
1	0	2	0	1	3	1	0	0	2	0	0	0	2	0	2	0	0	0	0	0	0	0	0	0	0	3	1	
1	3	0	0	2	3	2	0	3	2	0	3	0	0	0	0	0	0	0	1	0	0	0	0	0	0	0	2	
0	0	0	1	1	0	2	0	1	1	0	0	0	2	0	2	0	0	0	1	0	0	0	0	0	0	0	2	
2	1	0	2	1	3	2	0	1	2	1	3	0	1	0	2	0	0	0	1	0	0	0	0	0	0	3	0	
1	0	1	1	0	0	0	0	1	1	0	3	0	0	0	0	0	0	0	0	0	0	0	0	0	0	3	2	
2	3	0	1	2	3	2	0	0	0	1	3	0	0	0	0	0	0	0	0	0	0	0	0	0	0	0	0	
1	3	0	1	2	3	2	0	1	1	0	2	0	2	0	2	0	0	0	1	0	0	0	0	0	0	3	2	
1	0	0	1	2	0	2	0	1	1	1	2	0	2	0	1	0	0	0	0	0	0	0	0	0	0	3	2	
1	3	0	0	2	3	2	0	1	1	0	3	0	2	0	2	0	0	0	0	0	0	0	0	0	0	0	2	
1	3	2	1	0	3	2	0	1	1	0	0	0	1	0	0	0	0	0	1	0	0	0	0	0	0	0	0	
2	0	0	1	0	0	2	0	0	1	1	0	0	0	0	0	0	0	0	0	0	0	0	0	0	0	1	0	
1	1	0	1	0	1	0	0	3	1	1	0	0	0	0	2	0	0	0	1	0	0	0	0	0	0	3	1	
2	3	0	2	2	3	0	0	0	1	3	3	0	0	0	2	0	0	0	0	0	0	0	0	0	0	3	2	
0	0	2	1	2	1	0	0	1	1	3	3	0	0	0	0	0	0	0	2	0	0	0	0	0	0	0	0	
0	0	1	0	2	1	2	0	0	0	1	2	0	2	0	1	0	0	0	1	0	0	0	0	0	0	0	1	
--------------------

--------------------
Best Solution Found!
--------------------
Time: 0 hour(s), 0 minute(s), 6 second(s), 970 millisecond(s)

Fitness: 195762

1	0	1	1	2	3	1	0	0	1	1	3	0	0	0	2	0	0	0	0	0	0	0	0	0	0	0	2	
1	3	2	0	0	1	2	0	1	2	0	3	0	2	0	2	0	0	0	0	0	0	0	0	0	0	0	2	
1	1	1	1	2	3	2	0	0	0	1	3	0	0	0	2	0	0	0	1	0	0	0	0	0	0	0	0	
2	3	0	2	0	3	2	0	2	1	0	0	0	1	0	0	0	0	0	1	0	0	0	0	0	0	1	0	
1	0	0	1	2	3	1	0	1	0	0	0	0	2	0	0	0	0	0	3	0	0	0	0	0	0	3	0	
1	3	0	1	2	3	2	0	3	1	1	2	0	2	0	0	0	0	0	1	0	0	0	0	0	0	0	0	
2	0	0	1	2	1	1	0	1	1	0	3	0	2	0	0	0	0	0	1	0	0	0	0	0	0	0	0	
1	0	1	1	0	3	2	0	1	1	0	2	0	2	0	2	0	0	0	1	0	0	0	0	0	0	3	0	
0	3	0	1	2	0	2	0	0	0	0	0	0	2	0	2	0	0	0	0	0	0	0	0	0	0	0	1	
0	3	0	2	2	0	2	0	1	2	1	3	0	2	0	2	0	0	0	1	0	0	0	0	0	0	0	2	
0	0	0	0	0	0	0	0	3	1	3	2	0	2	0	0	0	0	0	0	0	0	0	0	0	0	3	1	
2	3	2	1	0	0	0	0	0	0	1	3	0	0	0	2	0	0	0	0	0	0	0	0	0	0	3	2	
1	0	2	1	0	0	0	0	3	2	1	3	0	2	0	2	0	0	0	1	0	0	0	0	0	0	3	2	
1	3	0	2	2	1	2	0	1	1	0	0	0	0	0	0	0	0	0	2	0	0	0	0	0	0	3	2	
0	0	0	0	2	3	0	0	1	1	1	3	0	1	0	0	0	0	0	1	0	0	0	0	0	0	0	0	
1	0	0	1	2	0	0	0	0	0	3	3	0	0	0	2	0	0	0	1	0	0	0	0	0	0	0	0	
1	3	0	2	0	0	2	0	0	1	0	0	0	2	0	0	0	0	0	0	0	0	0	0	0	0	1	2	
2	3	0	0	2	0	2	0	0	2	1	3	0	2	0	1	0	0	0	0	0	0	0	0	0	0	0	2	
1	0	0	2	1	3	0	0	1	0	1	3	0	0	0	0	0	0	0	0	0	0	0	0	0	0	3	0	
0	0	0	1	0	3	2	0	1	0	0	3	0	0	0	2	0	0	0	1	0	0	0	0	0	0	0	0	
1	3	0	0	2	0	2	0	0	1	1	3	0	1	0	2	0	0	0	1	0	0	0	0	0	0	0	0	
0	0	0	1	0	3	2	0	0	0	0	0	0	0	0	2	0	0	0	2	0	0	0	0	0	0	3	2	
1	0	2	1	0	3	2	0	1	1	0	0	0	2	0	1	0	0	0	1	0	0	0	0	0	0	3	2	
1	1	0	1	2	3	2	0	1	1	0	3	0	0	0	0	0	0	0	0	0	0	0	0	0	0	0	1	
0	0	2	1	2	3	2	0	0	1	1	3	0	0	0	2	0	0	0	0	0	0	0	0	0	0	3	2	
1	1	0	1	0	3	0	0	1	1	3	3	0	0	0	0	0	0	0	1	0	0	0	0	0	0	3	2	
2	3	0	1	0	0	0	0	1	1	0	0	0	0	0	2	0	0	0	1	0	0	0	0	0	0	3	1	
1	0	0	1	1	0	2	0	1	1	0	3	0	0	0	0	0	0	0	0	0	0	0	0	0	0	1	2	
1	3	0	0	0	1	2	0	1	1	1	2	0	2	0	0	0	0	0	1	0	0	0	0	0	0	3	2	
1	3	0	0	1	3	1	0	0	1	0	0	0	2	0	1	0	0	0	2	0	0	0	0	0	0	0	2	
--------------------

--------------------
Best Solution Found!
--------------------
Time: 0 hour(s), 0 minute(s), 10 second(s), 796 millisecond(s)

Fitness: 194747

1	0	0	1	1	3	2	0	1	0	0	3	0	0	0	2	0	0	0	2	0	0	0	0	0	0	3	0	
1	3	0	0	0	0	1	0	0	1	3	3	0	2	0	0	0	0	0	0	0	0	0	0	0	0	0	0	
1	3	0	0	2	3	0	0	2	0	0	3	0	2	0	0	0	0	0	0	0	0	0	0	0	0	3	2	
1	1	0	1	2	1	2	0	0	0	1	2	0	2	0	1	0	0	0	0	0	0	0	0	0	0	0	0	
1	0	0	1	2	0	0	0	1	1	1	2	0	0	0	0	0	0	0	2	0	0	0	0	0	0	3	2	
0	0	0	2	0	0	0	0	1	1	0	0	0	0	0	2	0	0	0	2	0	0	0	0	0	0	3	2	
0	0	2	2	0	1	0	0	1	0	0	0	0	0	0	2	0	0	0	3	0	0	0	0	0	0	3	2	
0	0	0	0	2	3	2	0	1	2	0	0	0	0	0	2	0	0	0	0	0	0	0	0	0	0	3	0	
1	0	2	0	0	0	0	0	1	1	1	3	0	0	0	2	0	0	0	1	0	0	0	0	0	0	0	0	
1	0	0	1	1	0	2	0	1	1	0	3	0	1	0	0	0	0	0	1	0	0	0	0	0	0	0	1	
1	3	2	1	2	3	2	0	0	1	1	2	0	2	0	2	0	0	0	1	0	0	0	0	0	0	1	2	
1	0	2	1	0	0	0	0	3	0	0	0	0	0	0	0	0	0	0	0	0	0	0	0	0	0	0	1	
0	0	1	1	0	3	2	0	0	1	0	3	0	2	0	2	0	0	0	0	0	0	0	0	0	0	1	2	
1	1	0	1	2	0	0	0	0	0	3	3	0	0	0	1	0	0	0	1	0	0	0	0	0	0	3	2	
1	0	1	1	2	3	2	0	1	1	1	0	0	0	0	0	0	0	0	1	0	0	0	0	0	0	0	1	
1	0	0	0	1	3	2	0	0	0	1	3	0	2	0	0	0	0	0	1	0	0	0	0	0	0	0	2	
2	0	0	0	2	3	2	0	1	1	0	3	0	2	0	2	0	0	0	1	0	0	0	0	0	0	0	0	
0	0	0	1	2	3	2	0	0	1	1	3	0	2	0	2	0	0	0	1	0	0	0	0	0	0	0	0	
2	3	0	2	0	1	2	0	0	1	0	3	0	0	0	0	0	0	0	1	0	0	0	0	0	0	3	2	
0	3	0	0	2	3	1	0	1	1	0	3	0	2	0	2	0	0	0	1	0	0	0	0	0	0	3	2	
2	3	0	1	0	3	1	0	0	2	3	3	0	2	0	0	0	0	0	0	0	0	0	0	0	0	3	2	
1	3	0	1	2	0	2	0	1	1	0	0	0	2	0	0	0	0	0	0	0	0	0	0	0	0	0	2	
2	1	0	1	0	0	2	0	3	2	1	0	0	2	0	0	0	0	0	1	0	0	0	0	0	0	3	2	
1	3	0	1	2	0	2	0	1	1	1	3	0	0	0	1	0	0	0	0	0	0	0	0	0	0	1	0	
1	3	0	1	2	3	2	0	0	2	0	2	0	1	0	2	0	0	0	0	0	0	0	0	0	0	0	1	
1	3	0	1	2	3	2	0	1	1	1	0	0	1	0	0	0	0	0	1	0	0	0	0	0	0	0	0	
0	0	0	2	0	3	2	0	3	0	1	0	0	0	0	2	0	0	0	1	0	0	0	0	0	0	0	0	
1	3	0	1	0	1	1	0	1	1	0	3	0	2	0	2	0	0	0	1	0	0	0	0	0	0	0	0	
1	3	2	2	0	3	2	0	0	1	1	3	0	2	0	0	0	0	0	0	0	0	0	0	0	0	3	2	
2	3	1	1	0	0	0	0	1	1	0	3	0	0	0	2	0	0	0	1	0	0	0	0	0	0	3	2	
--------------------

--------------------
Best Solution Found!
--------------------
Time: 0 hour(s), 0 minute(s), 10 second(s), 799 millisecond(s)

Fitness: 194747

1	0	0	1	1	3	2	0	1	0	0	3	0	0	0	2	0	0	0	2	0	0	0	0	0	0	3	0	
1	3	0	0	0	0	1	0	0	1	3	3	0	2	0	0	0	0	0	0	0	0	0	0	0	0	0	0	
1	3	0	0	2	3	0	0	2	0	0	3	0	2	0	0	0	0	0	0	0	0	0	0	0	0	3	2	
1	1	0	1	2	1	2	0	0	0	1	2	0	2	0	1	0	0	0	0	0	0	0	0	0	0	0	0	
1	0	0	1	2	0	0	0	1	1	1	2	0	0	0	0	0	0	0	2	0	0	0	0	0	0	3	2	
0	0	0	2	0	0	0	0	1	1	0	0	0	0	0	2	0	0	0	2	0	0	0	0	0	0	3	2	
0	0	2	2	0	1	0	0	1	0	0	0	0	0	0	2	0	0	0	3	0	0	0	0	0	0	3	2	
0	0	0	0	2	3	2	0	1	2	0	0	0	0	0	2	0	0	0	0	0	0	0	0	0	0	3	0	
1	0	2	0	0	0	0	0	1	1	1	3	0	0	0	2	0	0	0	1	0	0	0	0	0	0	0	0	
1	0	0	1	1	0	2	0	1	1	0	3	0	1	0	0	0	0	0	1	0	0	0	0	0	0	0	1	
1	3	2	1	2	3	2	0	0	1	1	2	0	2	0	2	0	0	0	1	0	0	0	0	0	0	1	2	
1	0	2	1	0	0	0	0	3	0	0	0	0	0	0	0	0	0	0	0	0	0	0	0	0	0	0	1	
0	0	1	1	0	3	2	0	0	1	0	3	0	2	0	2	0	0	0	0	0	0	0	0	0	0	1	2	
1	1	0	1	2	0	0	0	0	0	3	3	0	0	0	1	0	0	0	1	0	0	0	0	0	0	3	2	
1	0	1	1	2	3	2	0	1	1	1	0	0	0	0	0	0	0	0	1	0	0	0	0	0	0	0	1	
1	0	0	0	1	3	2	0	0	0	1	3	0	2	0	0	0	0	0	1	0	0	0	0	0	0	0	2	
2	0	0	0	2	3	2	0	1	1	0	3	0	2	0	2	0	0	0	1	0	0	0	0	0	0	0	0	
0	0	0	1	2	3	2	0	0	1	1	3	0	2	0	2	0	0	0	1	0	0	0	0	0	0	0	0	
2	3	0	2	0	1	2	0	0	1	0	3	0	0	0	0	0	0	0	1	0	0	0	0	0	0	3	2	
0	3	0	0	2	3	1	0	1	1	0	3	0	2	0	2	0	0	0	1	0	0	0	0	0	0	3	2	
2	3	0	1	0	3	1	0	0	2	3	3	0	2	0	0	0	0	0	0	0	0	0	0	0	0	3	2	
1	3	0	1	2	0	2	0	1	1	0	0	0	2	0	0	0	0	0	0	0	0	0	0	0	0	0	2	
2	1	0	1	0	0	2	0	3	2	1	0	0	2	0	0	0	0	0	1	0	0	0	0	0	0	3	2	
1	3	0	1	2	0	2	0	1	1	1	3	0	0	0	1	0	0	0	0	0	0	0	0	0	0	1	0	
1	3	0	1	2	3	2	0	0	2	0	2	0	1	0	2	0	0	0	0	0	0	0	0	0	0	0	1	
1	3	0	1	2	3	2	0	1	1	1	0	0	1	0	0	0	0	0	1	0	0	0	0	0	0	0	0	
0	0	0	2	0	3	2	0	3	0	1	0	0	0	0	2	0	0	0	1	0	0	0	0	0	0	0	0	
1	3	0	1	0	1	1	0	1	1	0	3	0	2	0	2	0	0	0	1	0	0	0	0	0	0	0	0	
1	3	2	2	0	3	2	0	0	1	1	3	0	2	0	0	0	0	0	0	0	0	0	0	0	0	3	2	
2	3	1	1	0	0	0	0	1	1	0	3	0	0	0	2	0	0	0	1	0	0	0	0	0	0	3	2	
--------------------

--------------------
Best Solution Found!
--------------------
Time: 0 hour(s), 0 minute(s), 27 second(s), 107 millisecond(s)

Fitness: 192761

0	3	1	1	2	3	2	0	3	2	0	3	0	2	0	0	0	0	0	1	0	0	0	0	0	0	3	1	
0	1	2	2	0	3	2	0	0	1	1	3	0	0	0	0	0	0	0	3	0	0	0	0	0	0	3	2	
0	0	0	1	2	0	1	0	1	0	3	3	0	2	0	2	0	0	0	0	0	0	0	0	0	0	1	2	
1	3	2	1	2	0	1	0	1	1	1	0	0	2	0	1	0	0	0	1	0	0	0	0	0	0	3	2	
1	0	0	1	0	3	2	0	0	1	1	3	0	2	0	2	0	0	0	0	0	0	0	0	0	0	0	0	
0	0	0	1	0	0	1	0	0	0	1	3	0	2	0	2	0	0	0	0	0	0	0	0	0	0	3	2	
2	0	0	1	1	3	0	0	0	2	0	0	0	2	0	2	0	0	0	1	0	0	0	0	0	0	0	0	
1	3	0	1	2	1	2	0	1	1	0	0	0	1	0	2	0	0	0	1	0	0	0	0	0	0	0	2	
1	3	0	1	2	0	0	0	0	1	1	3	0	0	0	2	0	0	0	2	0	0	0	0	0	0	1	2	
2	3	0	2	2	3	0	0	1	1	3	3	0	1	0	2	0	0	0	0	0	0	0	0	0	0	0	2	
1	3	0	2	2	3	2	0	1	2	0	0	0	2	0	0	0	0	0	1	0	0	0	0	0	0	3	0	
2	0	0	1	0	3	0	0	1	1	1	2	0	0	0	0	0	0	0	2	0	0	0	0	0	0	0	0	
1	3	0	2	2	3	2	0	1	1	0	3	0	0	0	2	0	0	0	0	0	0	0	0	0	0	0	2	
1	3	2	1	0	3	2	0	1	1	0	0	0	2	0	2	0	0	0	1	0	0	0	0	0	0	0	2	
2	1	0	1	1	1	2	0	1	0	0	3	0	0	0	2	0	0	0	1	0	0	0	0	0	0	0	0	
2	0	1	1	0	3	0	0	0	1	1	2	0	2	0	1	0	0	0	0	0	0	0	0	0	0	3	2	
1	3	0	0	0	3	0	0	1	1	0	3	0	0	0	0	0	0	0	1	0	0	0	0	0	0	0	0	
0	0	0	1	1	3	1	0	3	1	1	0	0	0	0	0	0	0	0	0	0	0	0	0	0	0	1	1	
1	3	2	1	2	0	2	0	1	2	0	3	0	2	0	0	0	0	0	0	0	0	0	0	0	0	3	2	
1	0	0	0	0	0	2	0	1	1	1	0	0	0	0	0	0	0	0	2	0	0	0	0	0	0	0	2	
1	0	0	1	0	0	2	0	3	1	1	3	0	0	0	0	0	0	0	1	0	0	0	0	0	0	3	2	
0	0	0	0	2	3	2	0	1	0	3	3	0	1	0	0	0	0	0	1	0	0	0	0	0	0	3	2	
1	3	1	1	0	0	2	0	1	0	0	0	0	0	0	2	0	0	0	1	0	0	0	0	0	0	3	0	
1	1	2	2	0	3	2	0	0	0	0	3	0	2	0	2	0	0	0	1	0	0	0	0	0	0	3	1	
1	0	0	1	2	1	2	0	0	1	1	2	0	2	0	0	0	0	0	0	0	0	0	0	0	0	3	1	
1	3	0	0	2	3	2	0	1	1	0	0	0	2	0	0	0	0	0	0	0	0	0	0	0	0	0	0	
1	3	0	0	0	0	2	0	0	0	0	3	0	0	0	2	0	0	0	1	0	0	0	0	0	0	0	0	
1	0	0	1	0	0	0	0	0	1	1	3	0	0	0	2	0	0	0	1	0	0	0	0	0	0	0	0	
0	0	0	0	2	0	0	0	0	0	0	3	0	2	0	1	0	0	0	1	0	0	0	0	0	0	0	0	
1	0	0	0	2	1	2	0	2	1	0	2	0	0	0	0	0	0	0	0	0	0	0	0	0	0	3	2	
--------------------

--------------------
Best Solution Found!
--------------------
Time: 0 hour(s), 0 minute(s), 27 second(s), 109 millisecond(s)

Fitness: 192761

0	3	1	1	2	3	2	0	3	2	0	3	0	2	0	0	0	0	0	1	0	0	0	0	0	0	3	1	
0	1	2	2	0	3	2	0	0	1	1	3	0	0	0	0	0	0	0	3	0	0	0	0	0	0	3	2	
0	0	0	1	2	0	1	0	1	0	3	3	0	2	0	2	0	0	0	0	0	0	0	0	0	0	1	2	
1	3	2	1	2	0	1	0	1	1	1	0	0	2	0	1	0	0	0	1	0	0	0	0	0	0	3	2	
1	0	0	1	0	3	2	0	0	1	1	3	0	2	0	2	0	0	0	0	0	0	0	0	0	0	0	0	
0	0	0	1	0	0	1	0	0	0	1	3	0	2	0	2	0	0	0	0	0	0	0	0	0	0	3	2	
2	0	0	1	1	3	0	0	0	2	0	0	0	2	0	2	0	0	0	1	0	0	0	0	0	0	0	0	
1	3	0	1	2	1	2	0	1	1	0	0	0	1	0	2	0	0	0	1	0	0	0	0	0	0	0	2	
1	3	0	1	2	0	0	0	0	1	1	3	0	0	0	2	0	0	0	2	0	0	0	0	0	0	1	2	
2	3	0	2	2	3	0	0	1	1	3	3	0	1	0	2	0	0	0	0	0	0	0	0	0	0	0	2	
1	3	0	2	2	3	2	0	1	2	0	0	0	2	0	0	0	0	0	1	0	0	0	0	0	0	3	0	
2	0	0	1	0	3	0	0	1	1	1	2	0	0	0	0	0	0	0	2	0	0	0	0	0	0	0	0	
1	3	0	2	2	3	2	0	1	1	0	3	0	0	0	2	0	0	0	0	0	0	0	0	0	0	0	2	
1	3	2	1	0	3	2	0	1	1	0	0	0	2	0	2	0	0	0	1	0	0	0	0	0	0	0	2	
2	1	0	1	1	1	2	0	1	0	0	3	0	0	0	2	0	0	0	1	0	0	0	0	0	0	0	0	
2	0	1	1	0	3	0	0	0	1	1	2	0	2	0	1	0	0	0	0	0	0	0	0	0	0	3	2	
1	3	0	0	0	3	0	0	1	1	0	3	0	0	0	0	0	0	0	1	0	0	0	0	0	0	0	0	
0	0	0	1	1	3	1	0	3	1	1	0	0	0	0	0	0	0	0	0	0	0	0	0	0	0	1	1	
1	3	2	1	2	0	2	0	1	2	0	3	0	2	0	0	0	0	0	0	0	0	0	0	0	0	3	2	
1	0	0	0	0	0	2	0	1	1	1	0	0	0	0	0	0	0	0	2	0	0	0	0	0	0	0	2	
1	0	0	1	0	0	2	0	3	1	1	3	0	0	0	0	0	0	0	1	0	0	0	0	0	0	3	2	
0	0	0	0	2	3	2	0	1	0	3	3	0	1	0	0	0	0	0	1	0	0	0	0	0	0	3	2	
1	3	1	1	0	0	2	0	1	0	0	0	0	0	0	2	0	0	0	1	0	0	0	0	0	0	3	0	
1	1	2	2	0	3	2	0	0	0	0	3	0	2	0	2	0	0	0	1	0	0	0	0	0	0	3	1	
1	0	0	1	2	1	2	0	0	1	1	2	0	2	0	0	0	0	0	0	0	0	0	0	0	0	3	1	
1	3	0	0	2	3	2	0	1	1	0	0	0	2	0	0	0	0	0	0	0	0	0	0	0	0	0	0	
1	3	0	0	0	0	2	0	0	0	0	3	0	0	0	2	0	0	0	1	0	0	0	0	0	0	0	0	
1	0	0	1	0	0	0	0	0	1	1	3	0	0	0	2	0	0	0	1	0	0	0	0	0	0	0	0	
0	0	0	0	2	0	0	0	0	0	0	3	0	2	0	1	0	0	0	1	0	0	0	0	0	0	0	0	
1	0	0	0	2	1	2	0	2	1	0	2	0	0	0	0	0	0	0	0	0	0	0	0	0	0	3	2	
--------------------

--------------------
Best Solution Found!
--------------------
Time: 0 hour(s), 0 minute(s), 27 second(s), 111 millisecond(s)

Fitness: 192761

0	3	1	1	2	3	2	0	3	2	0	3	0	2	0	0	0	0	0	1	0	0	0	0	0	0	3	1	
0	1	2	2	0	3	2	0	0	1	1	3	0	0	0	0	0	0	0	3	0	0	0	0	0	0	3	2	
0	0	0	1	2	0	1	0	1	0	3	3	0	2	0	2	0	0	0	0	0	0	0	0	0	0	1	2	
1	3	2	1	2	0	1	0	1	1	1	0	0	2	0	1	0	0	0	1	0	0	0	0	0	0	3	2	
1	0	0	1	0	3	2	0	0	1	1	3	0	2	0	2	0	0	0	0	0	0	0	0	0	0	0	0	
0	0	0	1	0	0	1	0	0	0	1	3	0	2	0	2	0	0	0	0	0	0	0	0	0	0	3	2	
2	0	0	1	1	3	0	0	0	2	0	0	0	2	0	2	0	0	0	1	0	0	0	0	0	0	0	0	
1	3	0	1	2	1	2	0	1	1	0	0	0	1	0	2	0	0	0	1	0	0	0	0	0	0	0	2	
1	3	0	1	2	0	0	0	0	1	1	3	0	0	0	2	0	0	0	2	0	0	0	0	0	0	1	2	
2	3	0	2	2	3	0	0	1	1	3	3	0	1	0	2	0	0	0	0	0	0	0	0	0	0	0	2	
1	3	0	2	2	3	2	0	1	2	0	0	0	2	0	0	0	0	0	1	0	0	0	0	0	0	3	0	
2	0	0	1	0	3	0	0	1	1	1	2	0	0	0	0	0	0	0	2	0	0	0	0	0	0	0	0	
1	3	0	2	2	3	2	0	1	1	0	3	0	0	0	2	0	0	0	0	0	0	0	0	0	0	0	2	
1	3	2	1	0	3	2	0	1	1	0	0	0	2	0	2	0	0	0	1	0	0	0	0	0	0	0	2	
2	1	0	1	1	1	2	0	1	0	0	3	0	0	0	2	0	0	0	1	0	0	0	0	0	0	0	0	
2	0	1	1	0	3	0	0	0	1	1	2	0	2	0	1	0	0	0	0	0	0	0	0	0	0	3	2	
1	3	0	0	0	3	0	0	1	1	0	3	0	0	0	0	0	0	0	1	0	0	0	0	0	0	0	0	
0	0	0	1	1	3	1	0	3	1	1	0	0	0	0	0	0	0	0	0	0	0	0	0	0	0	1	1	
1	3	2	1	2	0	2	0	1	2	0	3	0	2	0	0	0	0	0	0	0	0	0	0	0	0	3	2	
1	0	0	0	0	0	2	0	1	1	1	0	0	0	0	0	0	0	0	2	0	0	0	0	0	0	0	2	
1	0	0	1	0	0	2	0	3	1	1	3	0	0	0	0	0	0	0	1	0	0	0	0	0	0	3	2	
0	0	0	0	2	3	2	0	1	0	3	3	0	1	0	0	0	0	0	1	0	0	0	0	0	0	3	2	
1	3	1	1	0	0	2	0	1	0	0	0	0	0	0	2	0	0	0	1	0	0	0	0	0	0	3	0	
1	1	2	2	0	3	2	0	0	0	0	3	0	2	0	2	0	0	0	1	0	0	0	0	0	0	3	1	
1	0	0	1	2	1	2	0	0	1	1	2	0	2	0	0	0	0	0	0	0	0	0	0	0	0	3	1	
1	3	0	0	2	3	2	0	1	1	0	0	0	2	0	0	0	0	0	0	0	0	0	0	0	0	0	0	
1	3	0	0	0	0	2	0	0	0	0	3	0	0	0	2	0	0	0	1	0	0	0	0	0	0	0	0	
1	0	0	1	0	0	0	0	0	1	1	3	0	0	0	2	0	0	0	1	0	0	0	0	0	0	0	0	
0	0	0	0	2	0	0	0	0	0	0	3	0	2	0	1	0	0	0	1	0	0	0	0	0	0	0	0	
1	0	0	0	2	1	2	0	2	1	0	2	0	0	0	0	0	0	0	0	0	0	0	0	0	0	3	2	
--------------------

--------------------
Best Solution Found!
--------------------
Time: 0 hour(s), 1 minute(s), 32 second(s), 502 millisecond(s)

Fitness: 191767

0	0	0	1	1	3	2	0	1	1	0	0	0	0	0	0	0	0	0	1	0	0	0	0	0	0	0	0	
1	3	1	0	1	3	1	0	1	1	0	3	0	2	0	2	0	0	0	1	0	0	0	0	0	0	1	2	
2	3	0	2	2	3	1	0	0	1	0	2	0	0	0	2	0	0	0	1	0	0	0	0	0	0	0	0	
1	3	2	1	2	0	2	0	0	1	0	0	0	2	0	0	0	0	0	0	0	0	0	0	0	0	0	0	
1	3	0	1	0	1	0	0	1	0	0	3	0	0	0	2	0	0	0	1	0	0	0	0	0	0	3	2	
1	1	0	1	0	1	2	0	2	1	1	3	0	0	0	2	0	0	0	1	0	0	0	0	0	0	1	1	
0	0	0	1	2	3	2	0	0	1	3	3	0	2	0	0	0	0	0	0	0	0	0	0	0	0	3	0	
1	3	0	1	2	3	2	0	3	2	0	3	0	0	0	0	0	0	0	1	0	0	0	0	0	0	3	2	
1	0	0	1	2	3	2	0	0	0	0	0	0	0	0	0	0	0	0	1	0	0	0	0	0	0	3	2	
1	3	0	0	2	0	0	0	0	0	0	3	0	2	0	2	0	0	0	0	0	0	0	0	0	0	0	0	
1	0	0	1	2	3	2	0	1	1	0	3	0	1	0	2	0	0	0	1	0	0	0	0	0	0	3	0	
2	0	0	0	0	3	2	0	3	2	0	0	0	2	0	0	0	0	0	0	0	0	0	0	0	0	0	2	
1	3	0	1	1	3	2	0	1	0	1	3	0	0	0	1	0	0	0	1	0	0	0	0	0	0	0	2	
1	1	1	1	0	0	0	0	1	1	0	0	0	0	0	0	0	0	0	1	0	0	0	0	0	0	0	0	
1	0	0	2	2	1	2	0	0	1	3	3	0	1	0	0	0	0	0	0	0	0	0	0	0	0	0	2	
1	3	0	1	2	3	0	0	0	0	0	2	0	0	0	2	0	0	0	1	0	0	0	0	0	0	3	1	
2	3	0	0	0	0	0	0	1	2	1	3	0	0	0	2	0	0	0	2	0	0	0	0	0	0	3	1	
2	3	0	1	2	1	0	0	1	1	1	0	0	2	0	2	0	0	0	1	0	0	0	0	0	0	3	2	
1	3	1	0	0	0	0	0	3	0	1	3	0	2	0	1	0	0	0	0	0	0	0	0	0	0	0	2	
1	0	0	2	0	0	1	0	1	2	1	0	0	2	0	1	0	0	0	1	0	0	0	0	0	0	0	0	
1	0	0	0	2	0	1	0	1	1	1	3	0	2	0	0	0	0	0	3	0	0	0	0	0	0	0	2	
2	3	2	1	0	0	0	0	1	0	0	0	0	2	0	0	0	0	0	0	0	0	0	0	0	0	0	0	
0	1	0	2	0	3	2	0	0	1	1	0	0	2	0	0	0	0	0	0	0	0	0	0	0	0	3	2	
0	0	2	2	0	0	2	0	1	1	0	2	0	2	0	2	0	0	0	2	0	0	0	0	0	0	3	2	
1	0	0	1	2	3	2	0	1	1	3	3	0	1	0	2	0	0	0	2	0	0	0	0	0	0	1	2	
0	0	2	1	0	3	2	0	1	1	1	3	0	0	0	2	0	0	0	1	0	0	0	0	0	0	3	1	
0	0	0	0	0	0	2	0	0	1	1	3	0	2	0	0	0	0	0	0	0	0	0	0	0	0	3	2	
1	0	0	1	0	3	2	0	1	1	0	2	0	0	0	0	0	0	0	0	0	0	0	0	0	0	0	0	
0	3	0	1	2	0	2	0	0	1	1	3	0	2	0	2	0	0	0	0	0	0	0	0	0	0	0	0	
1	0	2	1	2	3	2	0	0	0	1	3	0	0	0	2	0	0	0	1	0	0	0	0	0	0	3	2	
--------------------

--------------------
Best Solution Found!
--------------------
Time: 0 hour(s), 2 minute(s), 11 second(s), 825 millisecond(s)

Fitness: 191755

0	0	0	2	2	0	0	0	0	0	1	3	0	0	0	0	0	0	0	0	0	0	0	0	0	0	0	0	
2	0	0	0	2	1	1	0	3	1	0	2	0	0	0	0	0	0	0	0	0	0	0	0	0	0	3	1	
2	1	0	2	2	0	2	0	0	1	0	3	0	0	0	2	0	0	0	0	0	0	0	0	0	0	0	0	
0	0	0	1	2	0	2	0	0	1	1	2	0	0	0	2	0	0	0	1	0	0	0	0	0	0	0	0	
1	3	0	1	0	3	2	0	3	1	1	3	0	2	0	2	0	0	0	1	0	0	0	0	0	0	3	2	
1	3	0	1	1	3	1	0	1	0	0	3	0	2	0	0	0	0	0	1	0	0	0	0	0	0	3	1	
1	0	0	0	0	3	2	0	0	2	0	0	0	2	0	0	0	0	0	0	0	0	0	0	0	0	0	1	
1	0	0	1	0	3	2	0	1	0	1	2	0	0	0	0	0	0	0	0	0	0	0	0	0	0	3	2	
1	0	0	1	2	1	2	0	1	0	1	2	0	0	0	1	0	0	0	1	0	0	0	0	0	0	0	0	
1	3	2	1	0	3	2	0	1	1	0	3	0	2	0	2	0	0	0	0	0	0	0	0	0	0	3	2	
1	0	0	1	2	0	0	0	1	1	0	0	0	2	0	0	0	0	0	1	0	0	0	0	0	0	3	1	
1	3	0	1	2	3	1	0	1	1	0	0	0	1	0	2	0	0	0	1	0	0	0	0	0	0	1	2	
1	3	2	1	2	3	2	0	1	1	1	0	0	2	0	0	0	0	0	2	0	0	0	0	0	0	0	0	
1	3	0	1	1	0	0	0	1	2	3	3	0	0	0	2	0	0	0	0	0	0	0	0	0	0	0	2	
1	1	2	0	0	0	0	0	0	0	0	0	0	1	0	0	0	0	0	1	0	0	0	0	0	0	0	0	
1	0	0	0	0	3	2	0	0	0	1	0	0	2	0	2	0	0	0	2	0	0	0	0	0	0	0	2	
1	0	0	1	2	0	0	0	3	0	0	3	0	1	0	2	0	0	0	1	0	0	0	0	0	0	0	0	
0	0	0	0	0	3	2	0	0	0	1	3	0	0	0	0	0	0	0	2	0	0	0	0	0	0	1	2	
1	0	1	1	0	0	2	0	1	2	0	3	0	2	0	2	0	0	0	3	0	0	0	0	0	0	3	2	
1	3	0	1	2	3	2	0	0	2	0	3	0	2	0	2	0	0	0	1	0	0	0	0	0	0	3	2	
2	3	0	1	2	1	0	0	0	1	3	0	0	0	0	0	0	0	0	1	0	0	0	0	0	0	3	0	
1	3	0	1	0	3	2	0	1	1	1	0	0	2	0	0	0	0	0	1	0	0	0	0	0	0	3	2	
0	3	2	0	0	1	2	0	2	1	0	3	0	0	0	2	0	0	0	1	0	0	0	0	0	0	3	2	
0	1	1	1	2	0	2	0	1	1	0	0	0	2	0	2	0	0	0	0	0	0	0	0	0	0	3	2	
1	0	2	2	0	3	2	0	1	1	1	3	0	0	0	1	0	0	0	1	0	0	0	0	0	0	0	2	
0	0	0	0	0	3	1	0	1	1	1	3	0	0	0	2	0	0	0	1	0	0	0	0	0	0	3	0	
0	3	0	2	2	3	0	0	1	1	0	3	0	0	0	0	0	0	0	1	0	0	0	0	0	0	0	0	
1	0	0	2	1	0	2	0	1	1	3	3	0	2	0	2	0	0	0	0	0	0	0	0	0	0	1	2	
2	3	1	1	0	0	2	0	0	1	1	3	0	2	0	0	0	0	0	0	0	0	0	0	0	0	0	2	
2	3	0	1	2	3	0	0	0	1	0	3	0	2	0	1	0	0	0	0	0	0	0	0	0	0	0	0	
--------------------

--------------------
Best Solution Found!
--------------------
Time: 0 hour(s), 2 minute(s), 15 second(s), 261 millisecond(s)

Fitness: 191751

2	0	2	1	0	3	2	0	1	1	0	3	0	1	0	1	0	0	0	0	0	0	0	0	0	0	3	2	
1	0	0	1	2	0	2	0	1	1	0	2	0	1	0	0	0	0	0	1	0	0	0	0	0	0	0	0	
2	3	0	1	0	3	0	0	1	0	1	2	0	2	0	2	0	0	0	1	0	0	0	0	0	0	3	2	
1	3	1	1	0	3	2	0	3	0	0	3	0	2	0	0	0	0	0	1	0	0	0	0	0	0	0	0	
1	3	0	1	2	3	1	0	1	2	3	3	0	2	0	2	0	0	0	1	0	0	0	0	0	0	3	0	
0	0	0	0	2	3	0	0	1	1	0	2	0	0	0	2	0	0	0	0	0	0	0	0	0	0	3	1	
2	3	0	1	2	1	0	0	0	1	0	3	0	0	0	2	0	0	0	1	0	0	0	0	0	0	0	0	
1	3	0	1	2	0	2	0	1	1	3	3	0	2	0	1	0	0	0	1	0	0	0	0	0	0	3	1	
2	0	0	1	1	0	1	0	1	2	0	0	0	2	0	2	0	0	0	1	0	0	0	0	0	0	3	2	
0	0	2	1	2	3	2	0	1	1	0	2	0	2	0	0	0	0	0	0	0	0	0	0	0	0	0	0	
0	0	0	1	2	3	2	0	0	1	1	0	0	0	0	0	0	0	0	0	0	0	0	0	0	0	3	0	
2	0	2	2	0	0	2	0	0	1	1	0	0	0	0	2	0	0	0	1	0	0	0	0	0	0	1	2	
0	0	0	1	2	3	0	0	0	0	0	3	0	0	0	0	0	0	0	1	0	0	0	0	0	0	1	2	
1	0	0	1	2	1	2	0	0	0	0	0	0	0	0	2	0	0	0	1	0	0	0	0	0	0	1	1	
1	3	0	1	0	3	1	0	0	1	1	3	0	2	0	2	0	0	0	2	0	0	0	0	0	0	3	2	
1	0	2	1	0	3	2	0	0	0	1	3	0	0	0	1	0	0	0	0	0	0	0	0	0	0	3	2	
1	0	0	0	0	0	2	0	0	1	1	0	0	2	0	0	0	0	0	0	0	0	0	0	0	0	3	2	
0	3	1	2	1	3	2	0	1	1	1	3	0	0	0	0	0	0	0	1	0	0	0	0	0	0	0	2	
1	3	0	0	0	0	2	0	1	0	0	3	0	0	0	0	0	0	0	0	0	0	0	0	0	0	0	0	
1	1	0	1	2	3	1	0	2	2	3	3	0	1	0	0	0	0	0	0	0	0	0	0	0	0	3	2	
1	3	0	2	2	3	2	0	3	1	0	0	0	2	0	2	0	0	0	0	0	0	0	0	0	0	3	2	
1	0	2	1	2	1	0	0	3	1	1	3	0	2	0	2	0	0	0	0	0	0	0	0	0	0	0	2	
0	3	0	1	2	3	2	0	0	1	1	3	0	0	0	2	0	0	0	1	0	0	0	0	0	0	0	0	
1	3	0	1	0	0	0	0	1	1	1	3	0	2	0	0	0	0	0	1	0	0	0	0	0	0	0	0	
1	0	0	0	0	0	0	0	0	0	0	0	0	0	0	0	0	0	0	3	0	0	0	0	0	0	0	0	
1	1	0	2	0	0	0	0	1	1	0	0	0	2	0	2	0	0	0	1	0	0	0	0	0	0	3	2	
1	1	1	0	0	0	2	0	1	0	0	0	0	2	0	0	0	0	0	2	0	0	0	0	0	0	0	2	
1	0	0	0	0	1	2	0	0	1	1	3	0	0	0	2	0	0	0	1	0	0	0	0	0	0	0	1	
0	3	0	2	1	3	2	0	1	2	0	3	0	0	0	2	0	0	0	2	0	0	0	0	0	0	0	2	
1	3	0	0	2	0	2	0	1	1	1	3	0	2	0	0	0	0	0	0	0	0	0	0	0	0	0	0	
--------------------

--------------------
Best Solution Found!
--------------------
Time: 0 hour(s), 2 minute(s), 17 second(s), 92 millisecond(s)

Fitness: 189740

1	0	1	1	0	1	2	0	1	1	1	3	0	0	0	0	0	0	0	1	0	0	0	0	0	0	3	2	
1	3	2	2	0	3	2	0	0	1	1	0	0	1	0	2	0	0	0	0	0	0	0	0	0	0	0	0	
0	0	0	0	0	3	2	0	0	0	1	3	0	0	0	0	0	0	0	0	0	0	0	0	0	0	0	0	
1	0	1	1	2	3	2	0	2	1	0	0	0	2	0	0	0	0	0	1	0	0	0	0	0	0	3	2	
1	0	2	1	0	3	2	0	1	1	0	3	0	0	0	2	0	0	0	1	0	0	0	0	0	0	3	2	
2	3	0	0	0	0	2	0	3	1	1	3	0	1	0	0	0	0	0	2	0	0	0	0	0	0	0	2	
1	3	0	1	2	0	0	0	1	1	0	3	0	0	0	2	0	0	0	1	0	0	0	0	0	0	1	1	
1	3	0	2	2	3	2	0	1	1	1	3	0	0	0	2	0	0	0	1	0	0	0	0	0	0	0	2	
1	3	2	1	0	3	2	0	1	2	0	3	0	2	0	0	0	0	0	2	0	0	0	0	0	0	0	2	
2	1	0	0	0	0	0	0	1	1	1	3	0	2	0	2	0	0	0	1	0	0	0	0	0	0	3	2	
0	3	0	1	2	3	0	0	0	0	1	2	0	0	0	2	0	0	0	0	0	0	0	0	0	0	0	2	
1	1	0	0	2	3	2	0	1	1	0	0	0	0	0	0	0	0	0	1	0	0	0	0	0	0	0	1	
2	3	1	2	2	0	2	0	3	1	0	0	0	2	0	0	0	0	0	1	0	0	0	0	0	0	0	2	
0	1	0	0	0	0	0	0	1	1	0	3	0	2	0	2	0	0	0	1	0	0	0	0	0	0	3	2	
1	0	0	1	2	3	0	0	0	1	1	0	0	2	0	0	0	0	0	1	0	0	0	0	0	0	3	0	
0	3	0	2	2	0	2	0	1	1	0	2	0	0	0	0	0	0	0	3	0	0	0	0	0	0	0	0	
0	0	0	1	0	0	2	0	0	2	3	3	0	0	0	2	0	0	0	2	0	0	0	0	0	0	3	0	
1	3	0	0	0	1	1	0	0	0	0	0	0	0	0	2	0	0	0	0	0	0	0	0	0	0	3	0	
2	0	0	2	2	3	0	0	1	1	0	3	0	1	0	1	0	0	0	1	0	0	0	0	0	0	3	2	
1	3	0	1	1	0	0	0	0	0	1	3	0	2	0	1	0	0	0	0	0	0	0	0	0	0	3	1	
0	0	0	1	0	0	2	0	1	1	1	3	0	2	0	0	0	0	0	1	0	0	0	0	0	0	0	0	
0	0	0	1	2	1	2	0	0	0	0	0	0	2	0	2	0	0	0	0	0	0	0	0	0	0	1	1	
1	0	0	1	0	3	2	0	3	2	0	0	0	2	0	1	0	0	0	0	0	0	0	0	0	0	3	2	
1	3	0	1	2	3	0	0	1	1	0	2	0	0	0	0	0	0	0	1	0	0	0	0	0	0	0	0	
2	0	0	1	1	0	2	0	1	1	1	3	0	2	0	0	0	0	0	1	0	0	0	0	0	0	0	0	
1	3	0	1	2	3	2	0	0	0	3	3	0	2	0	2	0	0	0	0	0	0	0	0	0	0	0	0	
1	0	2	1	0	3	1	0	0	0	0	3	0	0	0	2	0	0	0	0	0	0	0	0	0	0	0	0	
1	0	0	0	2	3	2	0	1	0	0	2	0	2	0	2	0	0	0	1	0	0	0	0	0	0	3	2	
1	3	0	1	2	0	1	0	1	2	3	0	0	0	0	2	0	0	0	0	0	0	0	0	0	0	3	2	
1	0	2	1	1	1	1	0	0	1	1	3	0	2	0	0	0	0	0	0	0	0	0	0	0	0	1	2	
--------------------

--------------------
Best Solution Found!
--------------------
Time: 0 hour(s), 2 minute(s), 17 second(s), 94 millisecond(s)

Fitness: 189740

1	0	1	1	0	1	2	0	1	1	1	3	0	0	0	0	0	0	0	1	0	0	0	0	0	0	3	2	
1	3	2	2	0	3	2	0	0	1	1	0	0	1	0	2	0	0	0	0	0	0	0	0	0	0	0	0	
0	0	0	0	0	3	2	0	0	0	1	3	0	0	0	0	0	0	0	0	0	0	0	0	0	0	0	0	
1	0	1	1	2	3	2	0	2	1	0	0	0	2	0	0	0	0	0	1	0	0	0	0	0	0	3	2	
1	0	2	1	0	3	2	0	1	1	0	3	0	0	0	2	0	0	0	1	0	0	0	0	0	0	3	2	
2	3	0	0	0	0	2	0	3	1	1	3	0	1	0	0	0	0	0	2	0	0	0	0	0	0	0	2	
1	3	0	1	2	0	0	0	1	1	0	3	0	0	0	2	0	0	0	1	0	0	0	0	0	0	1	1	
1	3	0	2	2	3	2	0	1	1	1	3	0	0	0	2	0	0	0	1	0	0	0	0	0	0	0	2	
1	3	2	1	0	3	2	0	1	2	0	3	0	2	0	0	0	0	0	2	0	0	0	0	0	0	0	2	
2	1	0	0	0	0	0	0	1	1	1	3	0	2	0	2	0	0	0	1	0	0	0	0	0	0	3	2	
0	3	0	1	2	3	0	0	0	0	1	2	0	0	0	2	0	0	0	0	0	0	0	0	0	0	0	2	
1	1	0	0	2	3	2	0	1	1	0	0	0	0	0	0	0	0	0	1	0	0	0	0	0	0	0	1	
2	3	1	2	2	0	2	0	3	1	0	0	0	2	0	0	0	0	0	1	0	0	0	0	0	0	0	2	
0	1	0	0	0	0	0	0	1	1	0	3	0	2	0	2	0	0	0	1	0	0	0	0	0	0	3	2	
1	0	0	1	2	3	0	0	0	1	1	0	0	2	0	0	0	0	0	1	0	0	0	0	0	0	3	0	
0	3	0	2	2	0	2	0	1	1	0	2	0	0	0	0	0	0	0	3	0	0	0	0	0	0	0	0	
0	0	0	1	0	0	2	0	0	2	3	3	0	0	0	2	0	0	0	2	0	0	0	0	0	0	3	0	
1	3	0	0	0	1	1	0	0	0	0	0	0	0	0	2	0	0	0	0	0	0	0	0	0	0	3	0	
2	0	0	2	2	3	0	0	1	1	0	3	0	1	0	1	0	0	0	1	0	0	0	0	0	0	3	2	
1	3	0	1	1	0	0	0	0	0	1	3	0	2	0	1	0	0	0	0	0	0	0	0	0	0	3	1	
0	0	0	1	0	0	2	0	1	1	1	3	0	2	0	0	0	0	0	1	0	0	0	0	0	0	0	0	
0	0	0	1	2	1	2	0	0	0	0	0	0	2	0	2	0	0	0	0	0	0	0	0	0	0	1	1	
1	0	0	1	0	3	2	0	3	2	0	0	0	2	0	1	0	0	0	0	0	0	0	0	0	0	3	2	
1	3	0	1	2	3	0	0	1	1	0	2	0	0	0	0	0	0	0	1	0	0	0	0	0	0	0	0	
2	0	0	1	1	0	2	0	1	1	1	3	0	2	0	0	0	0	0	1	0	0	0	0	0	0	0	0	
1	3	0	1	2	3	2	0	0	0	3	3	0	2	0	2	0	0	0	0	0	0	0	0	0	0	0	0	
1	0	2	1	0	3	1	0	0	0	0	3	0	0	0	2	0	0	0	0	0	0	0	0	0	0	0	0	
1	0	0	0	2	3	2	0	1	0	0	2	0	2	0	2	0	0	0	1	0	0	0	0	0	0	3	2	
1	3	0	1	2	0	1	0	1	2	3	0	0	0	0	2	0	0	0	0	0	0	0	0	0	0	3	2	
1	0	2	1	1	1	1	0	0	1	1	3	0	2	0	0	0	0	0	0	0	0	0	0	0	0	1	2	
--------------------


The best solution was found at the restart: 7, population: 0
Total Time Elapsed: 0 hour(s), 7 minute(s), 28 second(s), 849 millisecond(s)

