--------------------
Best Solution Found!
--------------------
Time: 0 hour(s), 0 minute(s), 0 second(s), 21 millisecond(s)

Fitness: 175775

0	0	0	1	1	0	0	3	2	1	3	1	0	1	0	0	3	0	0	0	0	0	0	0	0	0	1	1	
1	2	0	0	1	0	0	0	0	0	0	2	2	0	1	0	0	3	0	0	0	0	2	1	0	0	0	0	
2	3	1	0	0	1	0	3	0	0	0	0	0	1	0	0	0	0	1	0	1	0	0	1	0	0	0	0	
2	0	0	1	0	0	0	0	1	0	0	0	0	1	0	0	0	3	0	0	0	0	0	0	0	0	0	0	
1	1	0	0	0	0	0	3	1	0	0	2	2	0	1	3	0	0	0	1	0	0	0	0	0	0	1	1	
1	0	0	0	0	0	1	3	0	0	0	0	2	0	0	0	0	0	1	0	0	1	0	0	0	0	2	0	
0	2	3	1	1	1	2	0	0	1	1	1	0	2	0	0	0	0	0	0	0	0	2	1	0	0	0	0	
0	0	0	1	2	0	0	0	0	3	1	0	2	0	2	0	0	0	0	0	1	0	2	1	0	0	1	0	
0	0	1	0	0	1	0	2	0	0	0	1	3	0	0	0	0	3	3	0	1	0	2	0	0	1	1	0	
0	0	1	0	0	0	1	3	0	0	0	1	0	0	0	0	0	0	0	0	0	0	0	0	0	2	2	0	
1	0	1	0	1	0	0	0	0	0	1	1	2	1	0	0	0	0	0	0	0	0	0	0	0	1	1	1	
1	0	0	0	0	2	0	3	0	1	0	1	2	1	1	3	0	0	0	0	1	0	0	0	0	0	0	3	
1	2	1	1	1	0	0	2	0	1	0	2	2	1	0	0	0	0	0	0	0	0	0	0	0	2	1	0	
0	2	0	1	1	0	1	3	1	1	1	1	0	0	1	3	3	0	0	0	0	0	0	1	2	0	0	0	
1	0	1	1	0	0	0	3	0	0	1	0	2	0	0	0	0	0	0	0	0	0	1	0	0	1	0	0	
0	0	0	0	1	1	2	0	2	1	0	0	0	0	0	0	0	2	0	0	0	0	0	0	2	0	2	0	
2	0	3	0	2	0	0	3	1	0	0	0	2	3	0	2	3	3	0	0	1	0	0	0	0	1	0	0	
0	0	0	0	0	1	1	3	1	0	0	0	1	0	0	0	0	0	0	0	1	0	0	0	0	0	1	1	
2	2	1	0	0	0	0	0	1	0	0	0	2	0	0	0	3	0	0	0	0	0	2	0	0	1	0	0	
1	0	1	2	0	1	0	3	0	1	1	0	2	0	0	3	0	0	0	0	0	1	1	0	0	0	0	0	
0	0	1	2	0	0	1	0	1	1	0	0	0	0	0	3	3	0	0	0	1	2	0	0	0	0	1	0	
1	2	0	1	1	1	1	0	0	0	0	0	1	2	1	0	3	3	0	0	1	0	0	0	0	0	0	0	
0	0	1	0	1	1	0	0	1	0	1	1	0	0	2	0	0	0	0	0	0	0	1	3	0	0	1	0	
0	0	0	0	0	1	1	0	1	1	0	1	0	0	0	0	3	0	0	0	2	0	0	1	0	0	0	1	
1	2	2	0	0	0	0	3	0	0	1	1	0	1	0	0	0	0	3	0	2	0	0	0	0	0	1	0	
1	0	1	1	1	0	1	0	0	0	1	1	2	0	0	0	0	0	0	0	0	0	0	0	0	0	0	0	
0	0	0	1	1	0	0	2	0	0	1	0	0	1	0	0	2	0	0	0	2	1	0	0	0	0	1	0	
1	2	0	0	0	2	0	0	0	0	3	1	0	1	2	0	0	0	0	0	1	0	0	0	0	0	0	1	
1	2	1	1	2	1	1	0	1	3	0	1	0	1	0	0	0	0	0	0	1	0	0	0	0	2	1	0	
1	2	1	2	0	0	0	0	0	1	0	0	0	0	0	0	2	0	0	0	1	0	0	0	1	0	1	0	
--------------------

--------------------
Best Solution Found!
--------------------
Time: 0 hour(s), 0 minute(s), 0 second(s), 23 millisecond(s)

Fitness: 175775

0	0	0	1	1	0	0	3	2	1	3	1	0	1	0	0	3	0	0	0	0	0	0	0	0	0	1	1	
1	2	0	0	1	0	0	0	0	0	0	2	2	0	1	0	0	3	0	0	0	0	2	1	0	0	0	0	
2	3	1	0	0	1	0	3	0	0	0	0	0	1	0	0	0	0	1	0	1	0	0	1	0	0	0	0	
2	0	0	1	0	0	0	0	1	0	0	0	0	1	0	0	0	3	0	0	0	0	0	0	0	0	0	0	
1	1	0	0	0	0	0	3	1	0	0	2	2	0	1	3	0	0	0	1	0	0	0	0	0	0	1	1	
1	0	0	0	0	0	1	3	0	0	0	0	2	0	0	0	0	0	1	0	0	1	0	0	0	0	2	0	
0	2	3	1	1	1	2	0	0	1	1	1	0	2	0	0	0	0	0	0	0	0	2	1	0	0	0	0	
0	0	0	1	2	0	0	0	0	3	1	0	2	0	2	0	0	0	0	0	1	0	2	1	0	0	1	0	
0	0	1	0	0	1	0	2	0	0	0	1	3	0	0	0	0	3	3	0	1	0	2	0	0	1	1	0	
0	0	1	0	0	0	1	3	0	0	0	1	0	0	0	0	0	0	0	0	0	0	0	0	0	2	2	0	
1	0	1	0	1	0	0	0	0	0	1	1	2	1	0	0	0	0	0	0	0	0	0	0	0	1	1	1	
1	0	0	0	0	2	0	3	0	1	0	1	2	1	1	3	0	0	0	0	1	0	0	0	0	0	0	3	
1	2	1	1	1	0	0	2	0	1	0	2	2	1	0	0	0	0	0	0	0	0	0	0	0	2	1	0	
0	2	0	1	1	0	1	3	1	1	1	1	0	0	1	3	3	0	0	0	0	0	0	1	2	0	0	0	
1	0	1	1	0	0	0	3	0	0	1	0	2	0	0	0	0	0	0	0	0	0	1	0	0	1	0	0	
0	0	0	0	1	1	2	0	2	1	0	0	0	0	0	0	0	2	0	0	0	0	0	0	2	0	2	0	
2	0	3	0	2	0	0	3	1	0	0	0	2	3	0	2	3	3	0	0	1	0	0	0	0	1	0	0	
0	0	0	0	0	1	1	3	1	0	0	0	1	0	0	0	0	0	0	0	1	0	0	0	0	0	1	1	
2	2	1	0	0	0	0	0	1	0	0	0	2	0	0	0	3	0	0	0	0	0	2	0	0	1	0	0	
1	0	1	2	0	1	0	3	0	1	1	0	2	0	0	3	0	0	0	0	0	1	1	0	0	0	0	0	
0	0	1	2	0	0	1	0	1	1	0	0	0	0	0	3	3	0	0	0	1	2	0	0	0	0	1	0	
1	2	0	1	1	1	1	0	0	0	0	0	1	2	1	0	3	3	0	0	1	0	0	0	0	0	0	0	
0	0	1	0	1	1	0	0	1	0	1	1	0	0	2	0	0	0	0	0	0	0	1	3	0	0	1	0	
0	0	0	0	0	1	1	0	1	1	0	1	0	0	0	0	3	0	0	0	2	0	0	1	0	0	0	1	
1	2	2	0	0	0	0	3	0	0	1	1	0	1	0	0	0	0	3	0	2	0	0	0	0	0	1	0	
1	0	1	1	1	0	1	0	0	0	1	1	2	0	0	0	0	0	0	0	0	0	0	0	0	0	0	0	
0	0	0	1	1	0	0	2	0	0	1	0	0	1	0	0	2	0	0	0	2	1	0	0	0	0	1	0	
1	2	0	0	0	2	0	0	0	0	3	1	0	1	2	0	0	0	0	0	1	0	0	0	0	0	0	1	
1	2	1	1	2	1	1	0	1	3	0	1	0	1	0	0	0	0	0	0	1	0	0	0	0	2	1	0	
1	2	1	2	0	0	0	0	0	1	0	0	0	0	0	0	2	0	0	0	1	0	0	0	1	0	1	0	
--------------------

--------------------
Best Solution Found!
--------------------
Time: 0 hour(s), 0 minute(s), 0 second(s), 39 millisecond(s)

Fitness: 168788

0	2	1	2	1	0	0	3	0	1	0	0	0	0	0	3	0	0	0	0	0	0	0	0	2	0	2	1	
0	2	1	1	1	0	0	0	0	0	0	0	2	1	0	0	0	0	0	0	0	0	0	0	0	2	1	0	
0	0	0	0	1	0	0	3	0	1	0	0	0	0	0	0	3	0	0	0	2	0	0	0	0	0	0	0	
0	2	1	1	1	0	1	0	0	1	0	2	2	1	0	0	3	0	0	1	1	0	0	0	0	0	0	0	
1	0	0	1	0	0	0	3	0	1	0	0	0	0	1	0	0	0	0	0	1	1	0	0	0	0	0	1	
2	0	0	0	2	1	1	3	1	0	0	0	2	0	2	0	0	0	0	0	0	0	2	0	0	0	0	0	
0	0	3	0	0	2	1	0	1	0	1	1	2	2	0	2	0	0	0	0	2	2	1	0	0	1	2	0	
1	0	1	1	0	0	0	0	0	0	0	0	0	0	0	0	0	0	0	0	1	0	0	0	0	0	0	0	
0	2	1	1	0	1	0	2	0	0	0	2	2	0	1	0	0	3	0	0	0	0	0	0	0	0	1	0	
0	0	2	1	0	0	0	3	2	0	1	1	0	0	0	0	0	0	0	0	1	0	0	1	0	0	0	0	
1	0	3	0	0	0	0	0	1	1	1	2	0	0	2	0	0	0	0	0	1	0	2	1	0	1	0	1	
1	2	1	1	0	0	0	3	1	0	1	0	2	3	0	0	2	0	1	0	1	0	0	0	0	0	0	3	
1	0	0	1	1	1	1	2	0	0	3	1	0	0	0	3	0	0	0	0	0	0	0	0	0	0	1	0	
1	2	1	1	0	0	0	3	1	1	1	1	1	1	0	0	0	3	3	0	1	0	2	3	0	2	2	0	
1	0	0	0	0	0	1	3	0	1	1	0	0	0	0	0	0	3	3	0	0	0	0	0	0	0	1	0	
1	0	1	0	1	1	1	0	2	0	0	1	1	0	0	0	0	0	0	0	1	0	0	0	0	0	1	0	
0	3	1	0	0	1	0	3	1	0	0	1	0	0	0	0	0	0	0	0	1	0	1	0	0	0	0	0	
0	0	0	2	0	0	0	3	0	0	0	0	0	0	1	0	3	3	0	0	0	0	2	0	0	0	0	1	
0	0	0	0	0	1	0	0	0	0	1	1	3	0	2	3	3	0	0	0	2	0	0	1	1	0	0	0	
1	1	0	2	1	0	1	3	1	3	3	1	2	1	0	0	0	0	0	0	1	0	0	0	0	1	1	0	
1	0	0	0	0	0	0	0	1	1	1	0	2	1	0	0	2	2	0	0	0	0	0	0	0	0	1	0	
2	0	0	0	2	0	1	0	1	3	0	1	0	1	0	0	0	0	0	0	0	0	0	0	0	1	0	0	
0	0	0	1	1	1	0	0	0	0	0	0	0	1	0	0	0	0	0	0	0	0	0	0	0	0	1	0	
2	0	1	0	1	0	2	0	1	0	1	1	2	2	0	0	0	0	0	0	0	0	0	0	0	2	1	1	
2	2	1	0	2	2	0	3	0	0	0	0	0	0	0	3	0	0	0	0	0	1	0	1	2	0	1	0	
1	2	0	0	0	1	1	0	0	0	0	1	2	1	0	0	0	0	0	0	0	0	0	1	0	0	0	0	
1	2	1	0	0	1	0	2	0	0	0	1	2	1	1	0	3	0	0	0	0	0	2	0	0	0	1	0	
1	0	0	0	0	0	0	0	0	1	0	0	0	1	1	3	3	3	0	0	1	1	1	0	0	1	1	1	
0	0	0	0	1	0	2	0	0	0	1	0	0	0	0	0	3	0	0	0	0	0	0	1	0	0	1	0	
1	2	1	1	1	1	0	0	0	1	0	1	2	0	0	0	0	0	1	0	0	0	0	0	0	0	0	0	
--------------------

--------------------
Best Solution Found!
--------------------
Time: 0 hour(s), 0 minute(s), 0 second(s), 42 millisecond(s)

Fitness: 168788

0	2	1	2	1	0	0	3	0	1	0	0	0	0	0	3	0	0	0	0	0	0	0	0	2	0	2	1	
0	2	1	1	1	0	0	0	0	0	0	0	2	1	0	0	0	0	0	0	0	0	0	0	0	2	1	0	
0	0	0	0	1	0	0	3	0	1	0	0	0	0	0	0	3	0	0	0	2	0	0	0	0	0	0	0	
0	2	1	1	1	0	1	0	0	1	0	2	2	1	0	0	3	0	0	1	1	0	0	0	0	0	0	0	
1	0	0	1	0	0	0	3	0	1	0	0	0	0	1	0	0	0	0	0	1	1	0	0	0	0	0	1	
2	0	0	0	2	1	1	3	1	0	0	0	2	0	2	0	0	0	0	0	0	0	2	0	0	0	0	0	
0	0	3	0	0	2	1	0	1	0	1	1	2	2	0	2	0	0	0	0	2	2	1	0	0	1	2	0	
1	0	1	1	0	0	0	0	0	0	0	0	0	0	0	0	0	0	0	0	1	0	0	0	0	0	0	0	
0	2	1	1	0	1	0	2	0	0	0	2	2	0	1	0	0	3	0	0	0	0	0	0	0	0	1	0	
0	0	2	1	0	0	0	3	2	0	1	1	0	0	0	0	0	0	0	0	1	0	0	1	0	0	0	0	
1	0	3	0	0	0	0	0	1	1	1	2	0	0	2	0	0	0	0	0	1	0	2	1	0	1	0	1	
1	2	1	1	0	0	0	3	1	0	1	0	2	3	0	0	2	0	1	0	1	0	0	0	0	0	0	3	
1	0	0	1	1	1	1	2	0	0	3	1	0	0	0	3	0	0	0	0	0	0	0	0	0	0	1	0	
1	2	1	1	0	0	0	3	1	1	1	1	1	1	0	0	0	3	3	0	1	0	2	3	0	2	2	0	
1	0	0	0	0	0	1	3	0	1	1	0	0	0	0	0	0	3	3	0	0	0	0	0	0	0	1	0	
1	0	1	0	1	1	1	0	2	0	0	1	1	0	0	0	0	0	0	0	1	0	0	0	0	0	1	0	
0	3	1	0	0	1	0	3	1	0	0	1	0	0	0	0	0	0	0	0	1	0	1	0	0	0	0	0	
0	0	0	2	0	0	0	3	0	0	0	0	0	0	1	0	3	3	0	0	0	0	2	0	0	0	0	1	
0	0	0	0	0	1	0	0	0	0	1	1	3	0	2	3	3	0	0	0	2	0	0	1	1	0	0	0	
1	1	0	2	1	0	1	3	1	3	3	1	2	1	0	0	0	0	0	0	1	0	0	0	0	1	1	0	
1	0	0	0	0	0	0	0	1	1	1	0	2	1	0	0	2	2	0	0	0	0	0	0	0	0	1	0	
2	0	0	0	2	0	1	0	1	3	0	1	0	1	0	0	0	0	0	0	0	0	0	0	0	1	0	0	
0	0	0	1	1	1	0	0	0	0	0	0	0	1	0	0	0	0	0	0	0	0	0	0	0	0	1	0	
2	0	1	0	1	0	2	0	1	0	1	1	2	2	0	0	0	0	0	0	0	0	0	0	0	2	1	1	
2	2	1	0	2	2	0	3	0	0	0	0	0	0	0	3	0	0	0	0	0	1	0	1	2	0	1	0	
1	2	0	0	0	1	1	0	0	0	0	1	2	1	0	0	0	0	0	0	0	0	0	1	0	0	0	0	
1	2	1	0	0	1	0	2	0	0	0	1	2	1	1	0	3	0	0	0	0	0	2	0	0	0	1	0	
1	0	0	0	0	0	0	0	0	1	0	0	0	1	1	3	3	3	0	0	1	1	1	0	0	1	1	1	
0	0	0	0	1	0	2	0	0	0	1	0	0	0	0	0	3	0	0	0	0	0	0	1	0	0	1	0	
1	2	1	1	1	1	0	0	0	1	0	1	2	0	0	0	0	0	1	0	0	0	0	0	0	0	0	0	
--------------------

--------------------
Best Solution Found!
--------------------
Time: 0 hour(s), 0 minute(s), 0 second(s), 46 millisecond(s)

Fitness: 168788

0	2	1	2	1	0	0	3	0	1	0	0	0	0	0	3	0	0	0	0	0	0	0	0	2	0	2	1	
0	2	1	1	1	0	0	0	0	0	0	0	2	1	0	0	0	0	0	0	0	0	0	0	0	2	1	0	
0	0	0	0	1	0	0	3	0	1	0	0	0	0	0	0	3	0	0	0	2	0	0	0	0	0	0	0	
0	2	1	1	1	0	1	0	0	1	0	2	2	1	0	0	3	0	0	1	1	0	0	0	0	0	0	0	
1	0	0	1	0	0	0	3	0	1	0	0	0	0	1	0	0	0	0	0	1	1	0	0	0	0	0	1	
2	0	0	0	2	1	1	3	1	0	0	0	2	0	2	0	0	0	0	0	0	0	2	0	0	0	0	0	
0	0	3	0	0	2	1	0	1	0	1	1	2	2	0	2	0	0	0	0	2	2	1	0	0	1	2	0	
1	0	1	1	0	0	0	0	0	0	0	0	0	0	0	0	0	0	0	0	1	0	0	0	0	0	0	0	
0	2	1	1	0	1	0	2	0	0	0	2	2	0	1	0	0	3	0	0	0	0	0	0	0	0	1	0	
0	0	2	1	0	0	0	3	2	0	1	1	0	0	0	0	0	0	0	0	1	0	0	1	0	0	0	0	
1	0	3	0	0	0	0	0	1	1	1	2	0	0	2	0	0	0	0	0	1	0	2	1	0	1	0	1	
1	2	1	1	0	0	0	3	1	0	1	0	2	3	0	0	2	0	1	0	1	0	0	0	0	0	0	3	
1	0	0	1	1	1	1	2	0	0	3	1	0	0	0	3	0	0	0	0	0	0	0	0	0	0	1	0	
1	2	1	1	0	0	0	3	1	1	1	1	1	1	0	0	0	3	3	0	1	0	2	3	0	2	2	0	
1	0	0	0	0	0	1	3	0	1	1	0	0	0	0	0	0	3	3	0	0	0	0	0	0	0	1	0	
1	0	1	0	1	1	1	0	2	0	0	1	1	0	0	0	0	0	0	0	1	0	0	0	0	0	1	0	
0	3	1	0	0	1	0	3	1	0	0	1	0	0	0	0	0	0	0	0	1	0	1	0	0	0	0	0	
0	0	0	2	0	0	0	3	0	0	0	0	0	0	1	0	3	3	0	0	0	0	2	0	0	0	0	1	
0	0	0	0	0	1	0	0	0	0	1	1	3	0	2	3	3	0	0	0	2	0	0	1	1	0	0	0	
1	1	0	2	1	0	1	3	1	3	3	1	2	1	0	0	0	0	0	0	1	0	0	0	0	1	1	0	
1	0	0	0	0	0	0	0	1	1	1	0	2	1	0	0	2	2	0	0	0	0	0	0	0	0	1	0	
2	0	0	0	2	0	1	0	1	3	0	1	0	1	0	0	0	0	0	0	0	0	0	0	0	1	0	0	
0	0	0	1	1	1	0	0	0	0	0	0	0	1	0	0	0	0	0	0	0	0	0	0	0	0	1	0	
2	0	1	0	1	0	2	0	1	0	1	1	2	2	0	0	0	0	0	0	0	0	0	0	0	2	1	1	
2	2	1	0	2	2	0	3	0	0	0	0	0	0	0	3	0	0	0	0	0	1	0	1	2	0	1	0	
1	2	0	0	0	1	1	0	0	0	0	1	2	1	0	0	0	0	0	0	0	0	0	1	0	0	0	0	
1	2	1	0	0	1	0	2	0	0	0	1	2	1	1	0	3	0	0	0	0	0	2	0	0	0	1	0	
1	0	0	0	0	0	0	0	0	1	0	0	0	1	1	3	3	3	0	0	1	1	1	0	0	1	1	1	
0	0	0	0	1	0	2	0	0	0	1	0	0	0	0	0	3	0	0	0	0	0	0	1	0	0	1	0	
1	2	1	1	1	1	0	0	0	1	0	1	2	0	0	0	0	0	1	0	0	0	0	0	0	0	0	0	
--------------------

--------------------
Best Solution Found!
--------------------
Time: 0 hour(s), 0 minute(s), 0 second(s), 48 millisecond(s)

Fitness: 168788

0	2	1	2	1	0	0	3	0	1	0	0	0	0	0	3	0	0	0	0	0	0	0	0	2	0	2	1	
0	2	1	1	1	0	0	0	0	0	0	0	2	1	0	0	0	0	0	0	0	0	0	0	0	2	1	0	
0	0	0	0	1	0	0	3	0	1	0	0	0	0	0	0	3	0	0	0	2	0	0	0	0	0	0	0	
0	2	1	1	1	0	1	0	0	1	0	2	2	1	0	0	3	0	0	1	1	0	0	0	0	0	0	0	
1	0	0	1	0	0	0	3	0	1	0	0	0	0	1	0	0	0	0	0	1	1	0	0	0	0	0	1	
2	0	0	0	2	1	1	3	1	0	0	0	2	0	2	0	0	0	0	0	0	0	2	0	0	0	0	0	
0	0	3	0	0	2	1	0	1	0	1	1	2	2	0	2	0	0	0	0	2	2	1	0	0	1	2	0	
1	0	1	1	0	0	0	0	0	0	0	0	0	0	0	0	0	0	0	0	1	0	0	0	0	0	0	0	
0	2	1	1	0	1	0	2	0	0	0	2	2	0	1	0	0	3	0	0	0	0	0	0	0	0	1	0	
0	0	2	1	0	0	0	3	2	0	1	1	0	0	0	0	0	0	0	0	1	0	0	1	0	0	0	0	
1	0	3	0	0	0	0	0	1	1	1	2	0	0	2	0	0	0	0	0	1	0	2	1	0	1	0	1	
1	2	1	1	0	0	0	3	1	0	1	0	2	3	0	0	2	0	1	0	1	0	0	0	0	0	0	3	
1	0	0	1	1	1	1	2	0	0	3	1	0	0	0	3	0	0	0	0	0	0	0	0	0	0	1	0	
1	2	1	1	0	0	0	3	1	1	1	1	1	1	0	0	0	3	3	0	1	0	2	3	0	2	2	0	
1	0	0	0	0	0	1	3	0	1	1	0	0	0	0	0	0	3	3	0	0	0	0	0	0	0	1	0	
1	0	1	0	1	1	1	0	2	0	0	1	1	0	0	0	0	0	0	0	1	0	0	0	0	0	1	0	
0	3	1	0	0	1	0	3	1	0	0	1	0	0	0	0	0	0	0	0	1	0	1	0	0	0	0	0	
0	0	0	2	0	0	0	3	0	0	0	0	0	0	1	0	3	3	0	0	0	0	2	0	0	0	0	1	
0	0	0	0	0	1	0	0	0	0	1	1	3	0	2	3	3	0	0	0	2	0	0	1	1	0	0	0	
1	1	0	2	1	0	1	3	1	3	3	1	2	1	0	0	0	0	0	0	1	0	0	0	0	1	1	0	
1	0	0	0	0	0	0	0	1	1	1	0	2	1	0	0	2	2	0	0	0	0	0	0	0	0	1	0	
2	0	0	0	2	0	1	0	1	3	0	1	0	1	0	0	0	0	0	0	0	0	0	0	0	1	0	0	
0	0	0	1	1	1	0	0	0	0	0	0	0	1	0	0	0	0	0	0	0	0	0	0	0	0	1	0	
2	0	1	0	1	0	2	0	1	0	1	1	2	2	0	0	0	0	0	0	0	0	0	0	0	2	1	1	
2	2	1	0	2	2	0	3	0	0	0	0	0	0	0	3	0	0	0	0	0	1	0	1	2	0	1	0	
1	2	0	0	0	1	1	0	0	0	0	1	2	1	0	0	0	0	0	0	0	0	0	1	0	0	0	0	
1	2	1	0	0	1	0	2	0	0	0	1	2	1	1	0	3	0	0	0	0	0	2	0	0	0	1	0	
1	0	0	0	0	0	0	0	0	1	0	0	0	1	1	3	3	3	0	0	1	1	1	0	0	1	1	1	
0	0	0	0	1	0	2	0	0	0	1	0	0	0	0	0	3	0	0	0	0	0	0	1	0	0	1	0	
1	2	1	1	1	1	0	0	0	1	0	1	2	0	0	0	0	0	1	0	0	0	0	0	0	0	0	0	
--------------------

--------------------
Best Solution Found!
--------------------
Time: 0 hour(s), 0 minute(s), 0 second(s), 207 millisecond(s)

Fitness: 168779

0	0	0	1	2	0	0	0	0	1	0	1	2	0	0	0	0	2	0	0	0	0	2	0	0	0	0	1	
0	0	0	0	0	2	0	0	0	0	1	1	2	0	1	0	0	0	0	0	1	1	2	0	0	0	0	0	
0	2	1	0	0	0	0	3	0	3	0	0	0	0	0	3	0	0	0	0	0	1	0	0	0	0	1	1	
1	2	3	0	1	1	1	3	1	1	1	1	0	1	1	3	0	0	0	0	0	0	0	1	0	0	0	0	
0	0	0	1	0	1	2	0	1	0	0	0	0	1	0	0	0	0	3	0	1	0	1	0	0	0	0	0	
1	2	0	0	0	1	0	0	0	1	1	1	2	0	2	0	3	3	0	0	0	0	0	0	1	2	2	0	
1	2	1	0	0	0	0	0	0	1	3	1	3	0	0	0	0	0	0	0	1	0	0	0	0	0	2	1	
1	0	1	1	1	0	1	0	1	1	3	2	0	3	2	3	0	0	0	0	2	1	0	1	0	0	0	0	
1	0	1	1	0	2	0	2	1	0	0	1	2	1	0	3	3	0	0	0	1	2	2	0	0	1	1	0	
0	0	0	0	0	0	0	3	1	1	1	0	2	0	0	0	0	0	0	0	0	0	0	1	0	0	0	0	
0	0	1	1	1	1	0	0	0	0	0	1	0	0	0	0	3	0	0	0	1	0	0	1	0	0	1	0	
1	0	1	2	0	0	0	0	0	0	1	1	2	2	0	0	0	0	0	0	1	0	0	0	0	0	2	0	
1	0	1	0	0	1	1	0	0	3	0	2	2	1	0	0	0	0	0	0	1	0	0	1	0	0	0	0	
1	3	1	1	1	0	1	2	0	0	1	0	0	0	0	0	0	3	3	0	0	0	0	0	0	0	0	3	
0	1	2	0	2	0	0	0	0	1	0	1	0	1	2	0	0	0	0	0	0	0	0	0	0	0	0	1	
1	2	0	0	0	0	1	3	0	0	0	0	0	1	1	0	0	3	0	0	0	0	0	3	0	1	1	0	
1	2	0	0	0	1	0	0	0	0	0	1	2	0	0	0	3	3	0	0	1	0	0	0	0	0	1	0	
1	0	0	1	1	0	0	3	1	0	0	0	2	0	0	3	2	0	0	0	1	0	0	0	0	1	0	0	
2	0	1	1	1	0	0	3	0	1	0	0	0	1	0	0	0	0	0	0	2	0	0	0	0	2	1	0	
2	0	0	0	1	0	1	3	1	0	1	0	0	0	1	2	3	0	0	0	0	0	0	0	0	2	1	1	
1	0	0	0	0	0	2	3	1	0	1	1	2	1	0	0	0	0	0	0	0	0	0	1	0	0	1	0	
0	2	0	1	2	0	1	3	0	1	1	0	2	1	0	0	0	0	0	0	0	0	0	0	0	0	1	0	
0	2	0	1	0	0	0	3	2	0	0	1	0	1	0	0	0	0	0	0	0	0	0	0	0	0	0	0	
1	0	0	2	1	0	1	3	0	0	0	0	0	0	0	0	3	0	0	0	0	0	0	0	0	0	1	0	
2	2	1	2	0	1	0	0	0	0	0	0	0	0	0	0	0	3	0	1	2	0	1	0	0	1	0	1	
2	0	1	0	0	0	0	0	1	0	1	2	0	0	0	0	0	0	1	0	0	0	1	0	0	0	1	0	
1	2	0	0	1	1	0	0	0	0	0	0	1	0	0	0	0	0	0	0	1	0	2	0	0	0	0	0	
0	0	3	0	1	0	1	2	0	0	0	0	2	0	0	0	0	0	1	0	1	0	0	0	2	0	0	0	
0	0	1	0	0	1	0	0	1	1	0	1	0	2	1	0	3	0	0	0	0	0	2	0	0	0	1	0	
0	0	1	1	1	1	0	3	2	0	0	0	1	0	0	0	2	0	0	0	0	0	0	0	2	1	1	0	
--------------------

--------------------
Best Solution Found!
--------------------
Time: 0 hour(s), 0 minute(s), 0 second(s), 208 millisecond(s)

Fitness: 164785

0	0	0	1	2	0	0	0	0	1	0	1	2	0	0	0	0	2	0	0	0	0	2	0	0	2	1	0	
0	0	0	0	0	2	0	0	0	0	1	1	2	0	1	0	0	0	0	0	1	1	2	0	0	1	2	0	
0	2	1	0	0	0	0	3	0	3	0	0	0	0	0	3	0	0	0	0	0	1	0	0	0	0	0	0	
1	2	3	0	1	1	1	3	1	1	1	1	0	1	1	3	0	0	0	0	0	0	0	1	0	0	1	1	
0	0	0	1	0	1	2	0	1	0	0	0	0	1	0	0	0	0	3	0	1	0	1	0	1	2	1	3	
1	2	0	0	0	1	0	0	0	1	1	1	2	0	2	0	3	3	0	0	0	0	0	0	0	0	0	1	
1	2	1	0	0	0	0	0	0	1	3	1	3	0	0	0	0	0	0	0	1	0	0	0	0	0	1	0	
1	0	1	1	1	0	1	0	1	1	3	2	0	3	2	3	0	0	0	0	2	1	0	1	0	0	1	0	
1	0	1	1	0	2	0	2	1	0	0	1	2	1	0	3	3	0	0	0	1	2	2	0	0	0	1	0	
0	0	0	0	0	0	0	3	1	1	1	0	2	0	0	0	0	0	0	0	0	0	0	1	0	0	1	0	
0	0	1	1	1	1	0	0	0	0	0	1	0	0	0	0	3	0	0	0	1	0	0	1	0	0	0	0	
1	0	1	2	0	0	0	0	0	0	1	1	2	2	0	0	0	0	0	0	1	0	0	0	0	0	1	0	
1	0	1	0	0	1	1	0	0	3	0	2	2	1	0	0	0	0	0	0	1	0	0	1	0	0	1	0	
1	3	1	1	1	0	1	2	0	0	1	0	0	0	0	0	0	3	3	0	0	0	0	0	0	0	0	0	
0	1	2	0	2	0	0	0	0	1	0	1	0	1	2	0	0	0	0	0	0	0	0	0	0	0	0	0	
1	2	0	0	0	0	1	3	0	0	0	0	0	1	1	0	0	3	0	0	0	0	0	3	0	0	1	1	
1	2	0	0	0	1	0	0	0	0	0	1	2	0	0	0	3	3	0	0	1	0	0	0	0	1	1	0	
1	0	0	1	1	0	0	3	1	0	0	0	2	0	0	3	2	0	0	0	1	0	0	0	0	1	0	0	
2	0	1	1	1	0	0	3	0	1	0	0	0	1	0	0	0	0	0	0	2	0	0	0	0	0	0	0	
2	0	0	0	1	0	1	3	1	0	1	0	0	0	1	2	3	0	0	0	0	0	0	0	2	0	1	1	
1	0	0	0	0	0	2	3	1	0	1	1	2	1	0	0	0	0	0	0	0	0	0	1	0	0	0	0	
0	2	0	1	2	0	1	3	0	1	1	0	2	1	0	0	0	0	0	0	0	0	0	0	2	1	0	0	
0	2	0	1	0	0	0	3	2	0	0	1	0	1	0	0	0	0	0	0	0	0	0	0	0	0	0	0	
1	0	0	2	1	0	1	3	0	0	0	0	0	0	0	0	3	0	0	0	0	0	0	0	0	1	2	0	
2	2	1	2	0	1	0	0	0	0	0	0	0	0	0	0	0	3	0	1	2	0	1	0	0	0	2	1	
2	0	1	0	0	0	0	0	1	0	1	2	0	0	0	0	0	0	1	0	0	0	1	0	0	0	0	1	
1	2	0	0	1	1	0	0	0	0	0	0	1	0	0	0	0	0	0	0	1	0	2	0	0	0	0	0	
0	0	3	0	1	0	1	2	0	0	0	0	2	0	0	0	0	0	1	0	1	0	0	0	0	2	0	0	
0	0	1	0	0	1	0	0	1	1	0	1	0	2	1	0	3	0	0	0	0	0	2	0	0	0	0	0	
0	0	1	1	1	1	0	3	2	0	0	0	1	0	0	0	2	0	0	0	0	0	0	0	0	0	1	0	
--------------------

--------------------
Best Solution Found!
--------------------
Time: 0 hour(s), 0 minute(s), 0 second(s), 526 millisecond(s)

Fitness: 163825

1	0	0	0	0	0	1	0	1	3	0	0	2	1	0	0	2	0	0	1	0	1	0	0	0	0	0	0	
0	0	0	0	0	1	0	0	0	0	1	2	1	0	2	0	0	0	0	0	2	0	0	0	0	0	1	0	
2	0	1	1	2	1	0	3	1	0	1	1	2	0	0	0	0	0	0	0	2	0	0	0	0	1	1	0	
1	0	1	2	0	0	0	3	0	0	0	1	2	1	2	0	3	3	0	0	1	1	0	1	0	0	0	1	
1	2	0	0	1	0	1	0	1	0	0	0	0	1	1	0	0	0	1	0	1	0	0	0	0	0	1	0	
1	2	1	1	0	0	0	0	0	0	1	2	0	1	1	0	0	0	0	0	0	0	2	0	0	0	0	0	
2	0	2	0	1	1	1	3	0	0	0	0	0	0	0	0	0	0	3	0	0	0	0	0	0	1	1	3	
0	0	1	1	1	1	0	3	1	1	1	1	0	0	0	3	0	0	0	0	2	0	2	0	0	0	0	0	
1	2	0	1	1	1	1	3	1	1	3	0	2	0	0	0	3	3	1	0	1	1	0	0	0	0	1	0	
0	0	0	2	0	0	0	3	0	1	0	0	2	0	1	0	0	0	0	0	1	0	0	1	0	1	1	0	
1	2	1	1	1	0	0	0	0	1	0	1	0	0	0	0	0	0	0	0	0	0	0	0	0	0	2	1	
0	2	0	1	1	1	0	0	0	0	1	0	0	0	0	0	0	0	0	0	0	0	0	0	0	0	0	0	
0	2	3	1	0	0	0	0	0	1	0	1	2	1	0	0	2	3	0	0	1	0	1	0	2	0	0	0	
1	2	0	0	1	0	0	0	0	1	0	0	0	0	0	0	0	0	0	0	0	0	1	1	0	0	1	0	
0	0	1	0	1	1	1	0	0	0	0	1	0	0	0	0	0	3	0	0	0	0	0	0	0	0	0	1	
1	0	0	0	0	0	0	3	1	0	1	0	2	1	0	2	3	3	0	0	0	0	0	0	2	1	0	0	
0	0	0	1	0	0	1	0	0	0	1	1	2	0	0	0	0	0	0	0	0	2	0	0	0	2	0	0	
1	2	1	0	0	1	0	3	2	0	0	1	2	1	0	3	3	0	0	0	0	0	0	0	0	0	1	1	
0	0	0	0	0	0	0	3	1	0	1	2	3	0	0	0	0	0	0	0	1	0	0	3	0	1	2	0	
1	0	1	0	0	2	1	0	0	0	0	0	0	2	0	3	0	0	0	0	0	0	0	1	0	2	1	0	
0	0	0	0	0	0	1	0	1	0	1	1	0	0	0	3	3	0	0	0	0	0	0	0	0	0	1	0	
0	0	1	1	2	1	0	2	1	1	0	1	2	1	0	0	0	0	0	0	1	0	2	0	1	0	2	0	
0	3	3	1	1	0	0	0	0	0	0	1	0	3	1	0	3	2	0	0	0	0	2	0	0	0	1	1	
1	0	1	0	0	0	0	3	2	0	0	0	0	0	0	0	0	0	0	0	1	0	0	0	0	0	0	0	
1	0	0	2	1	0	0	2	0	1	0	0	2	2	0	0	0	0	0	0	0	0	0	1	0	0	0	0	
0	1	0	0	2	1	0	3	0	1	0	0	0	0	2	0	0	0	0	0	1	0	2	1	0	0	0	0	
1	2	0	0	0	0	2	3	1	1	1	0	0	0	0	0	0	0	0	0	1	0	0	0	0	2	1	0	
2	0	1	1	0	2	0	0	0	0	0	1	1	1	1	0	3	0	0	0	1	0	1	0	0	0	1	1	
1	0	1	0	1	0	2	2	0	3	0	0	0	0	0	3	0	0	0	0	0	0	0	0	0	0	0	0	
2	2	1	0	0	0	1	0	0	0	3	1	2	1	0	0	0	0	3	0	0	0	0	0	0	0	0	0	
--------------------

--------------------
Best Solution Found!
--------------------
Time: 0 hour(s), 0 minute(s), 2 second(s), 562 millisecond(s)

Fitness: 161803

1	0	1	2	2	1	1	3	1	0	1	1	2	0	0	0	0	0	0	0	1	0	0	1	0	0	0	0	
2	2	1	0	0	0	0	0	1	0	1	0	0	0	0	0	0	0	0	0	0	0	0	0	0	1	0	0	
1	2	1	1	0	2	0	3	1	1	0	1	1	1	0	0	0	0	1	0	2	0	0	0	0	0	0	0	
0	0	0	0	1	0	0	0	0	1	1	1	1	1	0	0	0	0	0	0	0	0	1	3	0	0	0	1	
1	2	0	1	1	0	0	0	0	0	0	1	2	0	0	0	3	3	0	0	1	0	0	0	1	1	0	0	
0	0	0	1	0	1	0	0	0	0	1	1	0	0	0	0	2	0	0	0	1	0	2	1	0	0	0	0	
2	0	0	0	1	1	1	2	0	0	3	0	2	3	0	0	0	0	0	0	2	0	2	0	0	0	0	0	
1	2	1	0	0	0	1	0	0	0	3	1	0	0	0	3	0	0	0	0	0	0	0	0	0	0	2	1	
1	0	0	0	0	0	0	0	1	1	1	1	0	0	2	3	0	0	3	0	2	1	0	0	0	0	1	0	
2	0	2	0	0	0	0	0	2	0	0	0	0	0	1	0	0	0	0	0	0	0	0	0	0	2	0	0	
1	0	1	0	0	0	2	3	1	0	0	0	0	1	2	0	3	3	0	0	1	0	0	0	0	0	0	0	
0	0	1	1	2	0	0	3	0	0	0	0	0	1	0	0	0	0	3	0	1	0	1	1	0	0	1	0	
0	0	1	1	1	1	1	3	0	1	1	0	2	1	0	3	3	3	0	0	0	0	0	0	2	0	1	0	
0	0	0	2	0	0	0	3	0	0	0	1	2	1	0	0	0	3	0	0	0	0	2	0	0	0	1	0	
0	0	0	0	0	1	0	3	0	1	1	0	0	0	0	0	3	0	0	0	0	1	0	0	0	0	2	0	
1	2	1	0	0	1	0	0	0	1	0	1	0	0	2	0	3	3	0	0	0	0	0	0	0	0	1	1	
1	2	0	0	0	0	0	0	0	0	1	0	0	1	0	0	0	0	0	0	1	0	0	1	0	0	2	1	
0	2	1	1	1	1	0	0	1	0	0	1	2	1	0	0	3	2	0	0	0	0	0	0	0	0	1	0	
0	0	3	0	2	1	0	0	0	1	0	0	0	0	0	0	0	0	0	0	0	0	0	0	0	1	0	0	
1	0	1	0	0	0	2	3	1	3	0	0	0	0	0	0	0	0	0	0	1	0	0	0	0	0	0	3	
1	0	1	1	0	0	0	0	0	0	0	0	2	0	0	0	0	0	0	0	0	0	0	0	0	0	1	0	
0	0	0	0	0	0	1	2	0	0	0	0	0	1	0	3	3	0	0	0	0	0	0	0	0	0	1	0	
1	1	0	2	1	1	1	3	1	1	0	0	2	0	1	0	2	0	0	0	1	0	0	0	0	0	1	0	
2	0	1	0	1	2	0	0	2	0	0	2	2	0	1	0	0	0	0	0	1	0	0	0	0	0	1	1	
0	0	1	1	1	0	1	3	0	0	0	1	2	0	0	0	0	0	0	0	0	0	0	0	0	1	1	0	
0	2	0	0	1	1	0	0	1	3	0	2	2	2	0	2	0	0	0	0	0	0	0	1	0	2	1	0	
1	2	0	0	0	0	1	0	1	1	0	0	2	0	0	0	0	0	0	0	0	0	2	0	0	2	0	0	
1	3	3	1	0	0	1	3	0	0	1	1	0	0	0	0	0	0	0	0	1	0	1	1	0	0	0	0	
1	2	0	1	1	0	0	2	0	1	1	2	3	2	1	0	0	0	1	1	0	1	2	0	2	1	0	1	
0	0	0	1	1	0	0	3	0	0	0	1	0	1	1	3	0	0	0	0	1	2	0	0	0	0	1	0	
--------------------

--------------------
Best Solution Found!
--------------------
Time: 0 hour(s), 0 minute(s), 2 second(s), 565 millisecond(s)

Fitness: 161803

1	0	1	2	2	1	1	3	1	0	1	1	2	0	0	0	0	0	0	0	1	0	0	1	0	0	0	0	
2	2	1	0	0	0	0	0	1	0	1	0	0	0	0	0	0	0	0	0	0	0	0	0	0	1	0	0	
1	2	1	1	0	2	0	3	1	1	0	1	1	1	0	0	0	0	1	0	2	0	0	0	0	0	0	0	
0	0	0	0	1	0	0	0	0	1	1	1	1	1	0	0	0	0	0	0	0	0	1	3	0	0	0	1	
1	2	0	1	1	0	0	0	0	0	0	1	2	0	0	0	3	3	0	0	1	0	0	0	1	1	0	0	
0	0	0	1	0	1	0	0	0	0	1	1	0	0	0	0	2	0	0	0	1	0	2	1	0	0	0	0	
2	0	0	0	1	1	1	2	0	0	3	0	2	3	0	0	0	0	0	0	2	0	2	0	0	0	0	0	
1	2	1	0	0	0	1	0	0	0	3	1	0	0	0	3	0	0	0	0	0	0	0	0	0	0	2	1	
1	0	0	0	0	0	0	0	1	1	1	1	0	0	2	3	0	0	3	0	2	1	0	0	0	0	1	0	
2	0	2	0	0	0	0	0	2	0	0	0	0	0	1	0	0	0	0	0	0	0	0	0	0	2	0	0	
1	0	1	0	0	0	2	3	1	0	0	0	0	1	2	0	3	3	0	0	1	0	0	0	0	0	0	0	
0	0	1	1	2	0	0	3	0	0	0	0	0	1	0	0	0	0	3	0	1	0	1	1	0	0	1	0	
0	0	1	1	1	1	1	3	0	1	1	0	2	1	0	3	3	3	0	0	0	0	0	0	2	0	1	0	
0	0	0	2	0	0	0	3	0	0	0	1	2	1	0	0	0	3	0	0	0	0	2	0	0	0	1	0	
0	0	0	0	0	1	0	3	0	1	1	0	0	0	0	0	3	0	0	0	0	1	0	0	0	0	2	0	
1	2	1	0	0	1	0	0	0	1	0	1	0	0	2	0	3	3	0	0	0	0	0	0	0	0	1	1	
1	2	0	0	0	0	0	0	0	0	1	0	0	1	0	0	0	0	0	0	1	0	0	1	0	0	2	1	
0	2	1	1	1	1	0	0	1	0	0	1	2	1	0	0	3	2	0	0	0	0	0	0	0	0	1	0	
0	0	3	0	2	1	0	0	0	1	0	0	0	0	0	0	0	0	0	0	0	0	0	0	0	1	0	0	
1	0	1	0	0	0	2	3	1	3	0	0	0	0	0	0	0	0	0	0	1	0	0	0	0	0	0	3	
1	0	1	1	0	0	0	0	0	0	0	0	2	0	0	0	0	0	0	0	0	0	0	0	0	0	1	0	
0	0	0	0	0	0	1	2	0	0	0	0	0	1	0	3	3	0	0	0	0	0	0	0	0	0	1	0	
1	1	0	2	1	1	1	3	1	1	0	0	2	0	1	0	2	0	0	0	1	0	0	0	0	0	1	0	
2	0	1	0	1	2	0	0	2	0	0	2	2	0	1	0	0	0	0	0	1	0	0	0	0	0	1	1	
0	0	1	1	1	0	1	3	0	0	0	1	2	0	0	0	0	0	0	0	0	0	0	0	0	1	1	0	
0	2	0	0	1	1	0	0	1	3	0	2	2	2	0	2	0	0	0	0	0	0	0	1	0	2	1	0	
1	2	0	0	0	0	1	0	1	1	0	0	2	0	0	0	0	0	0	0	0	0	2	0	0	2	0	0	
1	3	3	1	0	0	1	3	0	0	1	1	0	0	0	0	0	0	0	0	1	0	1	1	0	0	0	0	
1	2	0	1	1	0	0	2	0	1	1	2	3	2	1	0	0	0	1	1	0	1	2	0	2	1	0	1	
0	0	0	1	1	0	0	3	0	0	0	1	0	1	1	3	0	0	0	0	1	2	0	0	0	0	1	0	
--------------------

--------------------
Best Solution Found!
--------------------
Time: 0 hour(s), 0 minute(s), 8 second(s), 679 millisecond(s)

Fitness: 158770

0	2	0	0	1	0	0	0	0	0	1	1	0	0	0	3	0	0	0	0	2	0	0	0	0	0	2	0	
0	2	1	0	0	0	0	3	1	0	0	1	1	1	0	3	0	0	0	0	0	0	0	0	0	0	0	0	
1	0	1	0	0	2	0	3	1	0	0	1	0	1	1	0	0	0	0	0	0	0	0	1	0	0	0	0	
0	0	1	0	0	1	0	3	1	0	1	2	0	0	0	0	0	0	1	0	2	0	2	0	0	2	1	0	
2	2	1	0	2	0	1	0	0	0	0	1	2	1	1	0	0	0	0	0	0	0	0	0	0	0	1	0	
2	2	0	0	0	0	0	3	0	0	0	1	0	3	0	0	0	0	3	0	0	0	0	1	0	1	0	0	
1	2	1	1	1	1	0	0	0	1	1	1	2	1	0	3	0	0	0	0	0	0	0	0	0	0	2	0	
0	0	1	1	1	0	0	0	1	1	0	0	0	0	0	0	0	0	0	0	0	0	0	0	0	0	0	0	
0	0	0	0	0	0	0	0	0	3	3	0	0	0	0	0	3	0	0	0	1	0	0	0	2	1	1	1	
1	0	3	1	2	1	0	0	0	0	0	0	2	2	1	0	3	0	0	0	1	0	2	0	0	1	1	0	
1	0	1	0	1	1	1	3	0	1	1	0	0	0	0	0	0	0	0	0	0	0	0	0	0	0	0	0	
0	0	0	1	1	1	1	3	1	3	1	1	0	0	2	0	0	0	0	0	0	0	2	0	0	0	0	3	
0	0	1	2	0	0	2	2	0	0	1	0	3	1	0	0	0	0	0	0	0	0	0	1	0	0	1	1	
1	1	1	1	0	0	0	3	1	1	0	0	0	0	0	0	0	0	0	0	1	1	0	0	1	0	0	1	
1	0	0	1	1	2	0	0	0	0	0	0	2	0	0	2	0	2	3	0	0	0	0	0	0	2	1	1	
2	2	0	0	0	0	0	0	1	1	0	2	0	0	0	0	0	0	0	0	0	0	2	1	0	1	0	0	
0	0	0	0	0	0	0	3	0	1	0	0	0	1	0	0	3	3	0	0	0	0	0	0	0	0	0	0	
0	0	3	1	0	0	0	0	0	1	1	0	2	1	2	0	0	0	0	0	1	0	0	0	0	1	0	0	
1	0	0	2	1	1	0	0	1	1	0	1	2	0	0	0	2	0	1	0	1	0	1	0	0	0	0	0	
0	0	1	0	0	0	0	3	0	0	0	1	2	0	1	3	3	0	0	1	1	0	0	0	0	0	1	0	
1	0	2	1	1	0	1	3	2	1	0	0	1	1	0	0	0	3	0	0	1	1	2	0	0	0	2	0	
1	0	0	1	0	1	0	2	0	0	0	1	2	0	1	0	0	3	0	0	1	0	0	0	0	0	1	1	
1	2	0	0	0	0	2	3	0	0	1	2	0	0	0	3	0	0	0	0	0	0	0	1	0	0	1	0	
0	2	1	1	0	0	1	2	0	0	1	1	2	0	0	0	0	0	0	0	2	0	0	0	0	0	0	0	
2	0	0	0	1	0	0	0	0	0	0	1	2	1	0	0	0	0	0	0	1	2	1	0	0	0	0	0	
1	2	0	0	2	0	0	0	0	0	0	0	0	0	0	0	3	0	0	0	0	0	0	3	0	0	0	0	
0	0	0	0	0	0	1	0	2	0	0	0	2	0	2	0	3	3	0	0	1	0	0	0	0	0	1	0	
1	0	1	1	0	1	1	0	1	0	1	1	0	0	0	0	3	3	0	0	0	0	0	1	2	0	1	1	
1	3	1	2	1	1	1	0	1	1	0	0	0	1	0	0	2	0	0	0	1	1	0	0	0	0	1	0	
1	2	0	0	1	1	1	3	0	0	3	0	2	2	0	0	0	0	0	0	0	0	1	0	0	2	1	0	
--------------------

--------------------
Best Solution Found!
--------------------
Time: 0 hour(s), 0 minute(s), 31 second(s), 318 millisecond(s)

Fitness: 155784

0	0	0	1	0	0	0	3	1	0	0	0	2	1	0	0	0	0	0	0	0	1	0	3	2	0	0	0	
1	2	1	0	0	0	0	3	1	3	0	2	0	0	0	0	0	0	0	0	0	0	0	0	0	0	1	0	
1	0	1	0	1	0	1	0	0	1	0	0	2	1	0	3	3	0	0	0	1	0	1	1	0	0	0	0	
0	0	0	1	1	0	0	3	1	1	0	1	0	1	0	0	2	0	0	0	0	0	0	0	0	0	1	0	
0	0	0	0	0	2	0	0	0	0	0	2	2	0	0	0	0	3	0	0	2	0	0	0	0	0	0	1	
1	0	0	1	0	1	0	0	0	0	1	0	0	0	1	3	0	0	0	0	0	0	0	0	0	0	0	0	
1	0	3	0	1	1	2	3	0	1	0	1	2	0	0	0	3	3	0	0	1	0	0	0	0	0	2	0	
1	0	0	0	1	0	0	3	2	1	1	0	0	1	0	0	2	0	0	0	0	0	2	1	0	0	0	0	
2	2	1	0	0	0	0	0	0	0	1	1	0	1	0	0	3	0	0	0	0	0	0	0	0	0	1	1	
0	0	1	1	0	1	1	0	0	0	1	1	0	0	0	0	0	0	0	0	0	0	1	0	0	0	1	1	
1	2	1	1	1	0	2	2	0	0	0	0	2	1	2	0	0	0	0	0	0	0	2	0	1	0	1	0	
0	1	2	0	1	0	0	0	1	0	0	0	2	2	0	0	0	3	1	0	2	0	0	0	0	0	1	0	
1	0	0	0	0	0	0	3	2	1	0	1	2	0	0	0	0	0	0	0	0	0	0	1	0	2	1	0	
0	2	1	1	1	1	0	0	1	0	0	0	0	0	1	3	0	0	0	0	0	0	0	0	0	0	1	0	
1	0	0	1	2	0	1	2	1	1	1	1	0	0	0	0	0	0	0	0	1	0	1	0	0	0	2	0	
1	2	0	1	0	0	0	3	0	0	3	0	0	0	0	0	0	0	0	0	0	0	2	1	0	0	0	1	
2	2	0	0	0	1	1	3	0	1	0	2	2	1	0	3	3	0	0	0	0	0	0	0	0	1	2	0	
0	0	1	0	0	0	0	0	0	1	3	0	0	0	1	0	0	0	0	0	0	0	2	0	0	0	1	0	
0	0	1	2	0	0	1	3	1	0	0	1	1	0	0	0	0	0	0	0	1	1	0	0	0	1	0	1	
0	3	1	1	0	0	1	3	0	1	0	0	2	1	0	0	0	0	3	0	0	0	0	0	2	0	0	0	
0	0	1	1	1	0	0	0	1	0	1	1	2	0	0	0	0	0	0	0	1	0	0	0	0	2	1	0	
0	0	1	0	0	0	0	3	0	0	0	0	2	0	0	0	0	0	0	0	1	0	0	0	0	0	0	0	
1	2	0	0	0	0	0	0	0	0	0	1	2	3	0	3	3	0	0	0	1	1	0	0	0	1	1	0	
0	2	0	0	0	1	0	0	1	3	1	1	0	0	1	2	0	0	0	0	0	2	0	0	0	0	0	0	
1	0	1	2	1	1	1	0	0	0	0	1	0	1	2	0	0	0	0	0	0	0	0	1	0	1	1	3	
2	0	0	0	1	1	0	0	0	0	1	1	3	0	1	0	0	2	1	1	1	0	0	0	0	2	1	1	
1	2	1	0	0	1	0	0	0	0	1	0	0	0	0	0	3	3	3	0	1	0	2	1	0	0	0	0	
1	0	3	2	2	1	0	3	0	0	1	1	0	1	0	0	0	0	0	0	1	0	0	0	0	0	0	0	
1	2	0	0	1	0	1	2	0	1	0	0	0	2	2	0	3	3	0	0	1	0	0	0	0	1	0	0	
2	0	0	1	2	2	1	0	1	0	0	0	1	0	0	0	0	0	0	0	2	0	0	0	0	0	0	0	
--------------------

--------------------
Best Solution Found!
--------------------
Time: 0 hour(s), 1 minute(s), 23 second(s), 494 millisecond(s)

Fitness: 154777

1	0	0	1	1	1	1	0	0	0	1	1	0	1	2	0	0	0	0	0	0	0	2	1	0	0	0	0	
1	0	0	0	0	0	0	3	0	0	0	1	2	0	0	0	2	0	0	0	1	0	0	0	0	1	1	1	
0	2	0	0	0	0	0	3	1	0	1	0	0	1	0	0	0	0	0	0	2	1	2	1	0	0	2	0	
1	2	0	0	0	2	1	0	0	0	3	2	2	0	0	0	0	0	0	0	0	0	0	1	0	0	1	1	
0	2	0	0	0	0	0	2	0	0	1	2	2	0	0	0	0	0	0	0	2	0	0	0	0	0	1	0	
1	2	0	1	1	0	1	3	0	0	1	0	2	0	1	0	0	3	0	0	0	0	0	0	0	0	0	0	
2	0	1	1	0	1	0	3	2	1	3	1	0	0	0	3	3	2	0	0	0	0	0	0	0	0	1	0	
1	0	1	2	0	0	1	2	0	0	0	1	2	2	0	0	0	0	0	0	1	0	0	1	0	0	0	0	
2	0	1	1	1	0	2	3	0	3	0	0	0	1	0	0	0	0	3	0	0	0	0	0	0	1	0	0	
0	2	1	0	1	1	0	0	1	0	0	1	0	1	0	3	0	0	0	0	0	0	2	0	0	0	0	0	
1	1	1	1	1	0	0	0	0	0	1	2	3	1	0	0	0	0	0	0	1	0	0	0	0	0	1	0	
1	0	1	0	1	1	0	3	0	0	0	0	0	0	0	0	3	0	0	1	0	0	0	3	0	0	0	0	
1	0	0	1	1	0	0	0	0	0	0	0	0	1	1	0	3	0	0	0	0	0	0	0	0	0	0	0	
0	2	1	0	0	1	1	0	1	1	0	0	0	0	0	3	3	0	0	0	0	0	0	1	2	0	1	0	
1	2	0	0	1	1	1	0	0	0	0	0	2	0	0	0	0	0	0	0	0	0	0	1	0	0	0	0	
1	0	0	0	0	0	0	0	0	1	1	0	2	0	0	0	0	0	0	0	0	0	1	0	1	1	1	0	
1	2	0	0	0	1	0	0	1	1	0	0	0	1	0	0	2	0	0	0	1	0	2	0	0	0	0	3	
0	0	0	0	1	0	0	0	1	1	0	0	0	1	1	0	0	3	0	0	1	2	0	0	0	0	1	0	
1	0	1	0	0	2	0	3	0	0	0	0	0	0	0	0	0	0	0	0	1	0	0	0	2	0	0	0	
0	0	0	0	0	1	0	3	1	0	0	1	0	0	1	3	3	0	0	0	1	1	0	0	0	2	1	1	
0	0	1	0	2	0	0	0	2	1	0	1	2	3	0	0	0	0	1	0	1	0	2	0	0	0	2	1	
0	0	2	2	2	0	0	0	1	1	0	1	1	2	0	0	0	0	0	0	0	0	0	0	0	0	1	1	
1	2	1	1	1	1	2	0	0	3	1	1	2	0	0	0	0	3	0	0	0	0	0	0	0	0	1	0	
1	2	0	1	0	0	0	2	1	0	0	1	2	0	0	0	0	0	0	0	2	0	0	0	0	0	0	0	
0	0	0	0	0	0	0	3	1	0	1	1	0	0	0	3	3	3	0	0	1	0	0	0	0	2	1	1	
2	0	1	0	0	0	0	3	0	0	0	0	2	1	2	0	3	0	0	0	0	0	0	0	0	0	0	0	
2	0	1	1	0	0	1	3	0	1	1	1	1	0	1	0	0	0	0	0	0	0	0	0	0	2	0	0	
0	0	1	1	2	1	0	0	1	1	0	0	0	1	2	0	0	0	1	0	0	0	0	0	0	1	1	0	
0	0	3	2	0	0	1	0	0	1	0	0	2	0	0	0	0	3	3	0	1	1	1	0	0	0	0	0	
0	3	3	1	1	0	1	3	0	0	1	1	0	0	0	2	0	0	0	0	1	0	1	0	0	1	2	0	
--------------------

--------------------
Best Solution Found!
--------------------
Time: 0 hour(s), 1 minute(s), 25 second(s), 709 millisecond(s)

Fitness: 151781

2	0	1	0	2	0	0	0	0	0	0	0	0	1	0	0	0	0	0	0	1	2	0	0	0	1	0	0	
0	2	3	0	0	1	1	0	0	0	0	1	2	0	0	3	3	0	0	0	2	0	0	0	0	0	0	0	
0	0	1	0	0	1	1	0	1	1	0	0	2	0	1	0	0	0	0	0	1	0	0	0	0	0	0	1	
1	0	0	2	1	1	1	0	0	3	1	1	3	0	1	0	0	0	0	0	1	1	2	0	0	0	1	0	
0	0	1	0	0	0	0	3	1	0	0	0	0	1	2	0	0	0	0	0	1	0	0	0	1	1	2	0	
1	0	1	2	0	1	1	0	0	0	1	1	0	0	0	0	0	0	0	0	0	0	0	0	0	0	0	0	
2	2	1	1	0	0	0	0	0	0	0	2	0	0	0	0	0	0	0	0	2	0	0	0	0	0	0	3	
0	0	1	0	0	0	0	3	1	0	1	1	0	0	0	3	0	0	0	0	0	1	0	1	0	0	0	0	
1	0	0	2	1	0	0	3	0	1	0	1	2	1	0	3	3	2	0	0	0	0	0	0	0	0	0	0	
2	0	0	0	0	0	0	0	1	0	0	0	2	1	0	0	0	0	0	1	0	0	0	0	0	0	1	0	
1	2	0	1	0	1	1	0	0	1	0	2	1	3	1	3	3	0	0	0	0	0	0	3	0	0	0	0	
1	2	1	1	0	1	0	3	1	0	1	1	0	1	0	0	2	3	1	0	0	0	0	0	0	0	1	1	
1	3	1	1	2	0	1	3	0	0	0	0	2	1	0	0	0	0	0	0	0	0	1	0	2	1	1	0	
0	0	2	0	2	1	0	0	0	0	1	1	2	0	0	0	3	3	0	0	1	0	0	0	2	0	1	0	
0	1	0	0	1	2	0	2	1	0	0	0	1	0	1	2	0	0	0	0	0	0	1	1	0	0	0	0	
1	0	0	0	1	2	0	0	1	1	0	1	0	0	0	0	3	3	0	0	0	0	0	0	0	0	1	0	
0	2	0	1	1	0	0	2	0	0	1	1	0	0	0	0	3	0	0	0	1	0	0	0	0	1	1	0	
1	2	0	0	0	0	0	3	0	0	1	0	2	2	2	0	0	0	0	0	0	0	0	0	0	0	2	0	
1	0	1	1	0	1	2	0	0	0	0	1	0	0	0	0	0	0	0	0	2	0	1	1	0	0	1	0	
1	2	0	1	1	0	0	2	1	3	0	0	2	1	0	0	0	0	0	0	0	0	0	0	0	0	0	0	
0	2	3	1	1	0	0	3	0	0	0	2	2	1	0	0	0	0	0	0	1	0	2	0	0	0	1	0	
1	2	0	0	0	0	0	3	1	1	0	0	0	0	0	0	2	0	3	0	1	0	2	1	0	0	1	1	
1	0	0	1	1	1	1	3	0	0	3	0	0	0	0	0	0	3	0	0	0	0	0	0	0	2	2	1	
2	0	0	0	0	0	0	3	0	1	1	0	2	1	0	0	3	0	0	0	1	0	2	1	0	2	0	0	
0	0	1	0	0	0	0	0	2	0	0	1	2	0	1	3	0	3	3	0	1	1	0	0	0	0	1	1	
0	0	0	0	1	0	0	0	0	1	0	1	0	0	0	0	0	0	1	0	0	0	0	1	0	1	1	0	
0	0	1	0	1	1	1	0	0	0	0	0	0	1	0	0	0	0	0	0	1	0	0	0	0	0	0	0	
1	2	1	1	0	0	0	0	2	1	1	0	0	0	2	0	0	0	0	0	0	0	0	0	0	2	0	0	
1	0	1	1	1	0	2	3	1	1	3	0	0	0	0	0	0	0	0	0	0	0	0	0	0	0	1	1	
0	0	0	0	0	0	1	3	0	1	1	1	2	2	0	0	0	0	0	0	0	0	2	0	0	0	0	0	
--------------------


The best solution was found at the restart: 4, population: 0
Total Time Elapsed: 0 hour(s), 6 minute(s), 32 second(s), 90 millisecond(s)

