--------------------
Best Solution Found!
--------------------
Time: 0 hour(s), 0 minute(s), 0 second(s), 6 millisecond(s)

Fitness: 324070

0	2	0	3	0	1	0	2	0	0	2	0	0	0	2	0	1	2	0	0	2	1	3	2	0	2	0	2	
0	2	1	0	2	1	0	2	2	1	2	0	0	0	0	0	1	1	0	0	0	1	0	2	0	0	1	2	
1	2	1	0	2	1	0	2	1	2	2	0	3	0	0	0	2	1	0	3	3	1	0	1	0	0	1	2	
0	2	2	0	0	1	0	3	1	1	2	0	0	0	1	0	1	2	0	3	2	1	0	2	0	0	2	2	
0	0	0	3	2	1	0	0	0	2	2	0	0	0	0	0	1	2	0	0	3	1	0	0	0	0	1	2	
3	1	1	0	1	0	0	3	0	0	3	0	0	0	3	0	1	0	0	0	2	0	3	2	0	0	1	2	
0	2	2	3	2	0	0	3	1	0	2	0	0	2	0	2	2	2	0	0	0	1	0	2	0	0	1	2	
0	0	1	0	2	1	0	3	0	2	2	0	3	0	0	2	1	2	0	0	2	3	0	0	0	0	1	2	
1	2	2	0	2	3	0	2	0	2	3	0	0	0	0	0	0	2	0	0	2	1	1	2	0	2	0	1	
0	2	1	0	2	1	0	2	0	0	1	0	0	2	2	0	2	1	0	0	3	1	0	2	0	0	1	2	
0	2	1	0	3	1	0	0	0	0	3	0	0	0	0	0	1	2	0	3	1	1	1	2	0	2	0	1	
0	2	1	0	2	1	0	2	0	0	2	0	0	0	2	0	1	2	0	0	2	2	0	2	0	0	2	2	
0	1	2	0	1	1	1	2	0	0	2	0	0	0	0	2	1	2	0	3	2	0	1	2	0	0	0	1	
0	2	0	0	2	0	0	2	0	0	2	0	0	0	0	0	1	2	0	0	2	1	0	2	0	0	1	2	
0	2	1	0	3	0	2	3	0	0	2	0	0	0	0	0	1	2	0	0	1	0	1	1	0	2	1	2	
0	2	0	0	2	1	0	2	1	2	1	0	0	2	0	0	1	2	0	1	2	3	0	0	0	0	1	1	
1	2	2	1	2	1	1	0	0	0	3	0	0	0	0	0	1	1	2	3	3	2	0	0	0	2	1	2	
0	2	1	0	2	1	0	2	0	2	2	0	0	0	2	0	1	1	0	0	2	1	0	0	1	0	2	2	
0	2	2	0	2	1	0	2	0	0	2	0	0	0	0	0	1	2	0	0	2	1	0	2	0	0	1	1	
0	2	0	0	2	1	0	2	0	0	2	0	0	0	0	0	1	2	0	0	0	0	0	2	0	0	1	0	
0	2	1	0	3	1	0	2	2	0	2	0	0	0	0	0	1	2	0	1	2	1	0	1	0	0	2	2	
0	2	1	0	2	1	0	0	0	2	3	0	0	0	0	0	0	2	0	0	2	1	1	1	0	0	2	2	
0	2	1	1	2	1	0	0	1	0	2	0	0	2	0	0	1	1	0	0	2	1	0	2	0	0	1	2	
0	2	1	0	3	3	0	3	1	0	2	0	3	0	0	0	2	2	0	0	1	2	0	2	0	3	0	1	
0	2	1	3	2	2	1	2	0	0	2	0	0	0	2	0	2	2	2	0	2	1	0	2	0	2	1	2	
0	2	0	0	2	3	0	0	0	0	2	0	0	0	3	2	1	2	1	0	2	1	0	1	0	0	1	1	
1	2	1	0	2	1	0	0	0	0	2	0	1	0	0	0	1	2	0	0	0	0	0	2	0	0	1	2	
0	1	1	0	2	1	0	2	0	2	2	2	0	0	0	0	1	2	0	0	2	1	1	0	0	0	1	1	
0	2	1	0	2	0	1	2	0	0	2	0	0	0	0	0	1	2	0	3	2	1	0	2	0	0	2	2	
0	0	1	0	2	1	0	2	1	0	2	0	0	0	0	0	1	1	0	0	0	1	0	2	0	0	1	2	
1	2	1	0	2	1	0	2	0	0	2	0	0	0	0	0	1	2	2	0	2	1	0	2	1	0	1	2	
0	2	2	0	2	2	0	2	0	0	2	0	0	0	0	0	2	2	0	0	2	1	1	0	0	0	1	2	
0	1	1	0	3	3	0	0	0	0	2	0	0	0	0	1	1	2	0	0	0	3	0	2	0	0	1	2	
1	1	1	0	2	1	0	2	0	0	2	0	0	0	0	2	1	2	0	0	2	3	0	2	0	0	0	2	
0	1	1	0	1	1	0	2	0	0	3	0	0	0	2	0	0	2	0	0	2	1	0	1	0	0	1	2	
0	2	1	3	3	1	0	2	0	0	2	0	0	0	0	0	1	2	2	0	0	2	3	2	0	0	1	2	
0	2	1	0	2	1	0	0	0	0	2	0	3	1	0	0	2	2	0	0	1	1	0	2	1	2	1	2	
0	2	1	0	2	3	0	2	1	0	2	0	0	0	0	0	1	2	0	0	2	1	0	0	0	0	1	2	
0	1	1	3	0	0	0	2	0	0	3	0	0	2	2	0	1	2	0	0	2	1	1	0	0	2	2	2	
1	2	2	0	2	0	1	3	1	0	2	0	0	0	0	0	1	2	0	0	0	2	0	1	0	0	1	2	
0	2	0	0	2	1	0	2	0	0	2	0	0	0	0	0	2	2	0	0	3	1	1	2	0	0	1	2	
0	2	1	0	2	0	1	2	0	0	2	0	0	0	0	0	1	2	1	0	2	1	0	2	0	0	0	2	
0	2	2	0	2	0	0	2	0	1	2	0	0	0	0	0	1	2	0	0	2	0	0	0	0	0	1	1	
0	0	1	0	2	1	0	0	0	0	2	0	0	0	2	1	1	1	0	0	2	1	0	2	0	3	0	2	
0	1	1	0	2	1	1	2	1	0	3	0	0	1	0	0	2	2	0	0	3	1	0	2	0	0	1	2	
0	2	1	0	2	2	2	2	0	2	2	0	0	0	0	0	1	2	0	0	2	1	0	1	0	0	1	2	
1	2	1	0	0	1	0	0	0	0	2	0	0	0	0	0	2	1	0	0	0	0	0	2	1	2	1	2	
0	2	1	0	0	1	0	0	0	0	2	2	0	0	0	0	1	1	0	0	2	1	0	2	0	0	2	2	
0	0	1	0	2	1	1	3	0	0	2	0	1	0	0	2	1	2	1	0	2	1	0	0	0	0	1	0	
0	0	1	0	0	0	1	2	0	0	3	0	0	2	0	0	1	2	0	0	0	1	1	2	1	0	1	2	
0	0	2	0	3	1	0	2	2	0	2	0	0	0	0	0	1	2	0	0	2	1	0	2	0	0	2	2	
0	2	1	0	2	1	0	3	0	0	2	0	0	2	0	0	1	2	0	0	0	2	0	1	0	0	1	2	
0	1	1	0	2	1	2	2	0	0	2	0	0	0	2	0	1	2	0	0	2	1	0	2	0	0	2	2	
0	2	1	0	2	3	1	2	0	0	2	0	3	0	2	0	1	1	0	0	2	0	0	2	2	0	1	2	
0	1	1	3	2	1	0	2	0	0	3	0	0	2	2	0	1	2	2	3	2	3	0	0	1	2	1	0	
0	0	1	0	3	0	1	2	0	0	2	0	0	2	0	0	1	2	0	0	2	1	0	1	0	0	1	2	
3	0	1	0	2	1	0	2	0	2	2	0	0	2	0	0	1	2	0	0	0	1	0	2	0	0	0	1	
0	0	2	0	2	1	0	3	1	0	2	3	3	0	0	2	0	2	0	0	2	1	0	0	0	0	1	0	
0	2	0	3	2	1	0	2	0	0	2	0	3	1	0	0	2	2	0	0	2	1	0	2	0	0	0	1	
0	2	1	0	2	3	0	2	0	0	2	0	0	2	2	0	1	1	0	0	2	1	0	2	0	0	1	0	
--------------------

--------------------
Best Solution Found!
--------------------
Time: 0 hour(s), 0 minute(s), 0 second(s), 13 millisecond(s)

Fitness: 313095

0	1	0	0	2	1	0	2	0	2	2	0	0	0	2	2	1	2	0	0	2	1	0	2	0	0	1	2	
0	2	1	0	2	1	0	2	2	0	2	0	0	0	0	0	1	1	0	0	0	1	0	2	0	3	1	1	
1	0	1	0	2	1	0	2	1	0	2	0	3	0	0	0	2	1	0	3	3	1	0	1	0	0	1	2	
0	2	2	0	2	1	0	3	1	0	2	0	0	0	1	0	1	2	0	3	2	1	0	0	0	0	1	2	
0	0	0	0	2	1	0	0	0	0	2	0	0	0	0	0	1	2	2	0	3	1	0	2	0	2	2	2	
0	2	1	0	0	0	0	3	0	0	3	0	0	1	3	0	1	0	0	0	2	0	3	2	0	2	1	2	
0	2	2	0	0	0	0	3	1	0	2	0	0	0	0	0	2	2	0	0	0	1	0	2	0	0	1	1	
0	1	1	0	2	1	0	3	0	0	2	0	3	1	0	0	1	2	0	0	2	3	0	0	0	0	1	2	
0	2	2	0	2	3	0	2	0	0	3	0	0	2	0	0	0	2	0	0	2	1	0	2	0	2	0	2	
0	2	1	0	2	1	0	2	0	0	1	0	0	2	2	0	2	1	0	0	3	1	0	0	0	0	1	2	
0	0	1	0	2	1	0	0	0	0	3	0	0	2	0	0	1	2	0	3	1	1	3	2	0	0	0	2	
0	2	1	0	2	1	0	2	0	0	2	0	0	0	2	0	1	2	0	0	2	2	0	2	0	0	1	2	
0	2	2	0	2	1	1	2	0	2	2	0	0	0	0	0	1	2	0	3	2	0	1	2	0	0	1	0	
0	1	0	3	2	0	0	2	0	0	2	0	0	0	0	0	1	2	2	0	2	1	0	0	0	0	1	2	
0	1	1	1	2	0	2	3	0	0	2	0	0	0	0	0	1	2	0	0	1	0	0	2	0	0	1	2	
0	2	0	0	2	1	0	2	1	0	1	0	0	0	0	0	1	2	0	1	2	3	0	2	0	0	1	1	
0	2	2	0	2	1	1	0	0	0	3	0	0	0	0	0	1	1	0	3	3	2	0	2	0	0	1	1	
1	0	1	0	2	1	0	2	0	0	2	0	0	2	2	0	1	1	0	0	2	1	0	0	1	2	1	1	
0	2	2	0	2	1	0	2	0	0	2	2	0	0	0	0	1	2	0	0	2	1	0	1	0	0	1	2	
0	1	0	0	2	1	0	2	0	2	2	2	0	0	0	2	1	2	0	0	0	0	0	2	0	0	1	2	
0	2	1	0	3	1	0	2	2	0	2	0	0	0	0	0	1	2	0	1	2	1	0	2	0	2	2	2	
0	2	1	0	2	1	0	0	0	0	3	0	0	0	0	0	0	2	0	0	2	1	0	1	0	0	1	2	
1	2	1	0	2	1	0	0	1	2	2	0	0	0	0	0	1	1	0	0	2	1	0	2	0	2	1	1	
0	2	1	0	1	3	0	3	1	2	2	0	3	0	0	0	2	2	0	0	1	2	0	2	0	0	1	2	
0	2	1	0	1	2	1	2	0	0	2	0	0	0	2	0	2	2	0	0	2	1	0	2	0	0	1	2	
0	2	0	0	2	3	0	0	0	0	2	0	0	2	3	2	1	2	0	0	2	1	1	2	0	0	0	2	
0	2	1	3	3	1	0	0	0	0	2	0	1	0	0	0	1	2	0	0	0	0	0	2	0	0	1	2	
1	0	1	0	2	1	0	2	0	1	2	0	0	0	0	0	1	2	0	0	2	1	1	0	0	0	2	1	
0	2	1	0	2	0	1	2	0	0	2	0	0	0	0	0	1	2	0	3	2	1	0	2	0	0	1	2	
0	2	1	0	2	1	0	2	1	0	2	0	0	0	0	0	1	1	1	0	0	1	0	1	0	0	1	1	
0	2	1	0	2	1	0	2	0	0	2	0	0	0	0	0	1	2	0	0	2	1	0	0	1	0	1	2	
0	0	2	0	2	2	0	2	0	0	2	0	0	0	0	0	2	2	0	0	2	1	0	2	0	0	1	2	
0	2	1	3	2	3	0	0	0	0	2	0	0	0	0	0	1	2	0	0	0	3	0	2	0	0	1	2	
1	2	1	0	0	1	0	2	0	0	2	0	0	0	0	0	1	2	0	0	2	3	0	2	0	0	1	2	
0	1	1	0	2	1	0	2	0	1	3	0	0	2	2	0	0	2	0	0	2	1	0	2	0	0	0	1	
0	2	1	0	2	1	0	2	0	0	2	0	0	2	0	0	1	2	0	0	0	2	0	2	0	0	0	2	
0	2	1	0	2	1	0	0	0	0	2	0	3	0	0	0	2	2	1	0	1	1	0	2	1	0	1	2	
0	2	1	0	2	3	0	2	1	0	2	0	0	0	0	0	1	2	2	0	2	1	1	2	0	0	1	2	
1	1	1	0	2	0	0	2	0	0	3	0	0	0	2	0	1	2	0	0	2	1	0	0	0	0	1	2	
0	2	2	3	3	0	1	3	1	2	2	0	0	0	0	0	1	2	0	0	0	2	0	0	0	0	2	1	
0	1	0	0	3	1	0	2	0	0	2	0	0	0	0	0	2	2	0	0	3	1	0	0	0	0	1	2	
3	2	1	0	3	0	1	2	0	2	2	0	0	0	0	0	1	2	0	0	2	1	1	2	0	0	0	2	
0	0	2	0	2	0	0	2	0	2	2	0	0	0	0	2	1	2	0	0	2	0	1	1	0	0	2	0	
0	2	1	0	0	1	0	0	0	2	2	0	0	1	2	1	1	1	0	0	2	1	0	1	0	0	1	2	
1	2	1	0	3	1	1	2	1	0	3	0	0	0	0	2	2	2	0	0	3	1	1	0	0	0	2	2	
0	2	1	0	2	2	2	2	0	0	2	0	0	0	0	0	1	2	0	0	2	1	0	1	0	0	2	2	
0	2	1	0	3	1	0	0	0	0	2	0	0	2	0	0	2	1	0	0	0	0	0	1	1	0	0	2	
0	2	1	0	2	1	0	0	0	2	2	0	0	2	0	0	1	1	2	0	2	1	0	2	0	2	2	2	
1	0	1	0	2	1	1	3	0	0	2	0	1	0	0	0	1	2	0	0	2	1	0	2	0	3	1	2	
0	2	1	3	2	0	1	2	0	0	3	0	0	0	0	2	1	2	0	0	0	1	1	2	1	2	1	2	
0	2	2	0	0	1	0	2	2	0	2	0	0	0	0	0	1	2	0	0	2	1	0	2	0	0	1	2	
0	2	1	3	1	1	0	3	0	0	2	0	0	2	0	0	1	2	0	0	0	2	1	0	0	0	0	0	
0	2	1	0	3	1	2	2	0	0	2	0	0	0	2	1	1	2	2	0	2	1	3	2	0	0	1	0	
3	0	1	0	2	3	1	2	0	0	2	0	3	0	2	0	1	1	0	0	2	0	1	2	2	2	2	0	
0	1	1	3	0	1	0	2	0	0	3	0	0	0	2	2	1	2	1	3	2	3	0	2	1	0	1	2	
0	1	1	0	2	0	1	2	0	0	2	0	0	2	0	0	1	2	0	0	2	1	0	2	0	0	2	2	
0	2	1	0	2	1	0	2	0	0	2	0	0	0	0	0	1	2	0	0	0	1	0	2	0	0	0	1	
0	2	2	1	2	1	0	3	1	1	2	0	3	0	0	0	0	2	0	0	2	1	0	1	0	0	1	2	
0	2	0	0	2	1	0	2	0	0	2	0	3	0	0	0	2	2	0	0	2	1	0	0	0	0	0	2	
0	0	1	3	2	3	0	2	0	0	2	3	0	0	2	0	1	1	0	0	2	1	0	1	0	2	1	2	
--------------------

--------------------
Best Solution Found!
--------------------
Time: 0 hour(s), 0 minute(s), 0 second(s), 16 millisecond(s)

Fitness: 313095

0	1	0	0	2	1	0	2	0	2	2	0	0	0	2	2	1	2	0	0	2	1	0	2	0	0	1	2	
0	2	1	0	2	1	0	2	2	0	2	0	0	0	0	0	1	1	0	0	0	1	0	2	0	3	1	1	
1	0	1	0	2	1	0	2	1	0	2	0	3	0	0	0	2	1	0	3	3	1	0	1	0	0	1	2	
0	2	2	0	2	1	0	3	1	0	2	0	0	0	1	0	1	2	0	3	2	1	0	0	0	0	1	2	
0	0	0	0	2	1	0	0	0	0	2	0	0	0	0	0	1	2	2	0	3	1	0	2	0	2	2	2	
0	2	1	0	0	0	0	3	0	0	3	0	0	1	3	0	1	0	0	0	2	0	3	2	0	2	1	2	
0	2	2	0	0	0	0	3	1	0	2	0	0	0	0	0	2	2	0	0	0	1	0	2	0	0	1	1	
0	1	1	0	2	1	0	3	0	0	2	0	3	1	0	0	1	2	0	0	2	3	0	0	0	0	1	2	
0	2	2	0	2	3	0	2	0	0	3	0	0	2	0	0	0	2	0	0	2	1	0	2	0	2	0	2	
0	2	1	0	2	1	0	2	0	0	1	0	0	2	2	0	2	1	0	0	3	1	0	0	0	0	1	2	
0	0	1	0	2	1	0	0	0	0	3	0	0	2	0	0	1	2	0	3	1	1	3	2	0	0	0	2	
0	2	1	0	2	1	0	2	0	0	2	0	0	0	2	0	1	2	0	0	2	2	0	2	0	0	1	2	
0	2	2	0	2	1	1	2	0	2	2	0	0	0	0	0	1	2	0	3	2	0	1	2	0	0	1	0	
0	1	0	3	2	0	0	2	0	0	2	0	0	0	0	0	1	2	2	0	2	1	0	0	0	0	1	2	
0	1	1	1	2	0	2	3	0	0	2	0	0	0	0	0	1	2	0	0	1	0	0	2	0	0	1	2	
0	2	0	0	2	1	0	2	1	0	1	0	0	0	0	0	1	2	0	1	2	3	0	2	0	0	1	1	
0	2	2	0	2	1	1	0	0	0	3	0	0	0	0	0	1	1	0	3	3	2	0	2	0	0	1	1	
1	0	1	0	2	1	0	2	0	0	2	0	0	2	2	0	1	1	0	0	2	1	0	0	1	2	1	1	
0	2	2	0	2	1	0	2	0	0	2	2	0	0	0	0	1	2	0	0	2	1	0	1	0	0	1	2	
0	1	0	0	2	1	0	2	0	2	2	2	0	0	0	2	1	2	0	0	0	0	0	2	0	0	1	2	
0	2	1	0	3	1	0	2	2	0	2	0	0	0	0	0	1	2	0	1	2	1	0	2	0	2	2	2	
0	2	1	0	2	1	0	0	0	0	3	0	0	0	0	0	0	2	0	0	2	1	0	1	0	0	1	2	
1	2	1	0	2	1	0	0	1	2	2	0	0	0	0	0	1	1	0	0	2	1	0	2	0	2	1	1	
0	2	1	0	1	3	0	3	1	2	2	0	3	0	0	0	2	2	0	0	1	2	0	2	0	0	1	2	
0	2	1	0	1	2	1	2	0	0	2	0	0	0	2	0	2	2	0	0	2	1	0	2	0	0	1	2	
0	2	0	0	2	3	0	0	0	0	2	0	0	2	3	2	1	2	0	0	2	1	1	2	0	0	0	2	
0	2	1	3	3	1	0	0	0	0	2	0	1	0	0	0	1	2	0	0	0	0	0	2	0	0	1	2	
1	0	1	0	2	1	0	2	0	1	2	0	0	0	0	0	1	2	0	0	2	1	1	0	0	0	2	1	
0	2	1	0	2	0	1	2	0	0	2	0	0	0	0	0	1	2	0	3	2	1	0	2	0	0	1	2	
0	2	1	0	2	1	0	2	1	0	2	0	0	0	0	0	1	1	1	0	0	1	0	1	0	0	1	1	
0	2	1	0	2	1	0	2	0	0	2	0	0	0	0	0	1	2	0	0	2	1	0	0	1	0	1	2	
0	0	2	0	2	2	0	2	0	0	2	0	0	0	0	0	2	2	0	0	2	1	0	2	0	0	1	2	
0	2	1	3	2	3	0	0	0	0	2	0	0	0	0	0	1	2	0	0	0	3	0	2	0	0	1	2	
1	2	1	0	0	1	0	2	0	0	2	0	0	0	0	0	1	2	0	0	2	3	0	2	0	0	1	2	
0	1	1	0	2	1	0	2	0	1	3	0	0	2	2	0	0	2	0	0	2	1	0	2	0	0	0	1	
0	2	1	0	2	1	0	2	0	0	2	0	0	2	0	0	1	2	0	0	0	2	0	2	0	0	0	2	
0	2	1	0	2	1	0	0	0	0	2	0	3	0	0	0	2	2	1	0	1	1	0	2	1	0	1	2	
0	2	1	0	2	3	0	2	1	0	2	0	0	0	0	0	1	2	2	0	2	1	1	2	0	0	1	2	
1	1	1	0	2	0	0	2	0	0	3	0	0	0	2	0	1	2	0	0	2	1	0	0	0	0	1	2	
0	2	2	3	3	0	1	3	1	2	2	0	0	0	0	0	1	2	0	0	0	2	0	0	0	0	2	1	
0	1	0	0	3	1	0	2	0	0	2	0	0	0	0	0	2	2	0	0	3	1	0	0	0	0	1	2	
3	2	1	0	3	0	1	2	0	2	2	0	0	0	0	0	1	2	0	0	2	1	1	2	0	0	0	2	
0	0	2	0	2	0	0	2	0	2	2	0	0	0	0	2	1	2	0	0	2	0	1	1	0	0	2	0	
0	2	1	0	0	1	0	0	0	2	2	0	0	1	2	1	1	1	0	0	2	1	0	1	0	0	1	2	
1	2	1	0	3	1	1	2	1	0	3	0	0	0	0	2	2	2	0	0	3	1	1	0	0	0	2	2	
0	2	1	0	2	2	2	2	0	0	2	0	0	0	0	0	1	2	0	0	2	1	0	1	0	0	2	2	
0	2	1	0	3	1	0	0	0	0	2	0	0	2	0	0	2	1	0	0	0	0	0	1	1	0	0	2	
0	2	1	0	2	1	0	0	0	2	2	0	0	2	0	0	1	1	2	0	2	1	0	2	0	2	2	2	
1	0	1	0	2	1	1	3	0	0	2	0	1	0	0	0	1	2	0	0	2	1	0	2	0	3	1	2	
0	2	1	3	2	0	1	2	0	0	3	0	0	0	0	2	1	2	0	0	0	1	1	2	1	2	1	2	
0	2	2	0	0	1	0	2	2	0	2	0	0	0	0	0	1	2	0	0	2	1	0	2	0	0	1	2	
0	2	1	3	1	1	0	3	0	0	2	0	0	2	0	0	1	2	0	0	0	2	1	0	0	0	0	0	
0	2	1	0	3	1	2	2	0	0	2	0	0	0	2	1	1	2	2	0	2	1	3	2	0	0	1	0	
3	0	1	0	2	3	1	2	0	0	2	0	3	0	2	0	1	1	0	0	2	0	1	2	2	2	2	0	
0	1	1	3	0	1	0	2	0	0	3	0	0	0	2	2	1	2	1	3	2	3	0	2	1	0	1	2	
0	1	1	0	2	0	1	2	0	0	2	0	0	2	0	0	1	2	0	0	2	1	0	2	0	0	2	2	
0	2	1	0	2	1	0	2	0	0	2	0	0	0	0	0	1	2	0	0	0	1	0	2	0	0	0	1	
0	2	2	1	2	1	0	3	1	1	2	0	3	0	0	0	0	2	0	0	2	1	0	1	0	0	1	2	
0	2	0	0	2	1	0	2	0	0	2	0	3	0	0	0	2	2	0	0	2	1	0	0	0	0	0	2	
0	0	1	3	2	3	0	2	0	0	2	3	0	0	2	0	1	1	0	0	2	1	0	1	0	2	1	2	
--------------------

--------------------
Best Solution Found!
--------------------
Time: 0 hour(s), 0 minute(s), 0 second(s), 35 millisecond(s)

Fitness: 311069

0	2	1	0	2	1	1	0	1	0	2	0	0	0	0	0	1	2	0	0	2	1	3	0	0	0	2	2	
0	2	0	0	2	1	0	2	0	0	2	0	0	0	0	0	1	2	0	0	2	1	0	2	0	0	2	2	
0	2	1	0	2	0	0	2	0	0	2	2	0	0	0	0	1	2	0	0	2	1	0	2	0	2	1	2	
1	2	1	0	3	1	0	2	1	0	1	0	0	2	0	0	2	1	0	0	2	1	0	2	0	0	2	2	
0	2	1	0	2	1	1	3	0	0	2	0	0	0	0	1	1	2	0	3	0	1	0	0	0	2	2	0	
0	1	0	0	2	1	0	3	0	0	3	0	0	2	0	0	1	2	0	0	2	1	0	2	0	0	2	2	
0	2	1	3	2	3	0	2	0	0	3	0	0	1	0	0	0	2	0	3	2	1	0	2	0	0	2	0	
0	1	2	0	2	1	0	2	1	0	2	0	0	0	0	0	1	2	2	0	2	3	0	1	0	0	1	2	
0	2	1	0	3	1	0	2	0	0	3	0	0	0	2	0	1	2	1	0	2	1	0	0	0	0	1	2	
3	2	1	0	2	1	0	2	0	0	2	0	0	2	2	0	1	1	0	0	1	1	0	2	0	0	1	2	
0	2	1	0	2	3	0	2	0	0	2	0	0	0	0	0	1	2	0	0	0	1	0	2	0	0	1	2	
1	2	1	0	2	0	0	3	0	0	2	0	3	0	0	0	1	2	1	0	2	1	0	0	0	0	1	2	
0	2	1	1	2	0	0	2	0	2	2	0	0	0	3	0	2	2	0	3	2	3	0	2	2	0	1	2	
0	1	0	0	2	1	1	0	0	0	2	0	0	0	0	0	1	2	0	0	2	2	0	1	0	0	0	2	
0	2	0	3	2	1	1	2	0	0	2	0	0	0	0	0	1	1	0	0	2	1	0	1	0	2	1	2	
0	2	1	0	2	1	1	2	0	0	2	0	0	0	0	0	1	2	0	0	1	1	0	1	0	0	1	1	
1	0	2	0	2	1	0	2	0	0	2	0	0	0	0	0	1	2	0	0	0	1	0	2	1	0	1	2	
0	2	0	0	0	1	0	2	0	0	3	0	0	0	1	0	1	2	0	0	0	0	0	2	0	0	1	2	
0	2	1	0	2	1	2	2	0	0	2	0	3	0	0	0	1	2	0	0	2	1	1	0	0	0	1	1	
0	0	0	0	3	1	0	2	1	0	2	0	0	0	0	0	1	2	0	1	2	0	0	0	0	0	1	2	
0	1	1	0	1	3	0	0	0	0	3	0	0	0	0	2	2	2	1	0	0	2	0	0	0	0	0	2	
1	2	2	3	2	2	0	2	0	0	3	0	0	0	0	0	1	0	0	0	3	3	1	2	0	0	0	2	
0	2	1	0	2	1	1	2	0	1	2	0	0	0	2	0	2	2	0	0	2	1	0	2	0	3	1	2	
0	1	1	0	2	3	0	3	1	0	2	0	0	0	0	0	1	2	0	0	2	1	0	0	1	0	1	2	
0	2	1	0	0	0	0	2	0	2	2	0	0	0	0	0	2	2	0	0	2	0	0	2	0	2	1	2	
0	1	1	3	2	1	1	0	0	0	2	0	0	0	0	0	1	2	0	0	2	1	0	2	0	0	0	2	
0	2	1	0	3	1	2	0	0	0	2	0	0	0	0	0	1	2	0	0	2	1	0	2	0	3	1	0	
0	1	2	1	3	3	0	2	2	0	2	0	3	2	0	0	1	1	0	3	3	0	0	2	0	0	1	2	
0	2	0	0	0	1	0	2	0	0	2	0	0	2	0	0	1	2	0	0	2	0	0	2	1	0	1	2	
0	2	2	0	2	0	0	0	0	0	2	0	0	0	0	0	1	1	0	0	2	3	0	2	0	0	1	0	
0	1	1	0	2	3	1	2	1	0	3	0	0	0	0	0	1	1	0	0	2	1	1	2	1	0	1	1	
0	2	1	3	1	1	1	2	0	2	2	0	0	2	2	0	0	2	0	0	2	1	0	1	0	0	1	2	
0	2	2	0	2	1	0	2	0	2	2	0	1	0	0	0	1	1	0	0	2	2	3	2	0	0	1	2	
1	1	2	0	2	1	0	2	0	2	2	0	0	0	2	0	1	2	2	0	2	2	0	1	0	0	1	2	
0	0	1	3	1	3	0	2	0	0	2	0	0	0	2	0	1	2	0	3	0	1	0	2	0	0	0	2	
0	2	2	0	2	1	0	2	0	2	2	0	0	0	2	2	1	2	0	0	0	2	0	2	0	0	0	2	
0	2	1	0	2	1	0	2	0	2	2	0	0	0	0	0	1	2	0	0	2	1	0	2	0	0	0	2	
0	2	2	0	3	0	0	2	1	0	3	3	0	0	0	0	1	2	0	0	0	1	0	2	0	0	1	1	
0	0	1	0	2	1	2	2	0	0	2	0	0	0	2	0	1	2	0	0	0	1	0	0	0	0	0	2	
3	0	0	0	2	1	0	2	0	2	2	0	0	0	0	0	0	1	0	0	3	1	0	0	0	2	1	1	
0	2	1	0	2	2	0	0	0	0	2	0	0	1	0	2	1	2	0	0	2	1	0	2	0	0	1	2	
0	2	1	0	2	1	0	0	0	0	2	0	3	2	0	1	1	2	0	0	2	1	0	2	0	0	1	2	
1	2	1	0	3	0	0	3	2	0	2	0	3	1	0	2	1	2	0	0	2	1	1	2	0	0	1	1	
0	2	1	0	2	1	0	3	1	2	3	0	0	2	0	0	2	1	0	0	3	1	1	2	0	0	1	2	
1	0	1	0	2	1	0	2	1	0	2	0	0	0	0	2	1	2	0	0	2	1	0	2	0	0	1	1	
0	2	1	0	2	0	0	0	0	0	2	0	0	0	2	0	2	2	0	0	2	2	0	0	0	0	2	2	
0	1	1	0	2	1	0	3	2	0	2	0	0	0	0	0	1	2	0	3	2	1	1	2	0	0	1	1	
0	2	1	0	2	1	0	0	0	0	1	0	3	0	0	0	2	2	0	0	1	1	1	2	0	0	0	0	
0	2	1	0	2	1	0	3	0	0	2	0	0	0	2	0	1	2	2	0	3	1	0	0	0	0	1	2	
0	2	1	3	0	0	1	2	0	0	2	0	1	0	0	2	1	2	0	1	3	0	0	2	0	0	1	2	
0	0	1	0	2	2	0	2	0	0	2	0	0	0	0	0	1	2	0	0	2	1	1	2	0	0	1	2	
0	0	1	0	3	1	0	3	0	0	2	0	0	2	0	0	2	2	2	3	0	1	1	1	0	2	2	2	
1	2	1	0	2	1	0	2	0	0	2	0	0	0	0	0	1	1	0	0	1	1	0	2	0	0	2	2	
0	2	1	0	2	1	0	2	0	0	2	0	0	0	2	0	2	2	0	0	2	3	0	2	1	0	1	2	
0	2	1	0	2	1	0	3	1	1	2	0	0	0	2	0	1	2	0	0	2	1	0	2	0	2	2	2	
0	2	2	0	0	1	0	0	0	0	2	0	0	0	0	0	1	2	0	0	0	0	1	2	1	2	1	1	
0	0	1	3	2	1	0	0	1	1	2	0	0	0	0	0	1	2	0	0	2	1	3	1	0	2	1	1	
0	0	2	0	2	0	0	2	0	0	2	0	0	2	0	2	1	1	0	0	2	1	0	0	0	2	1	1	
0	2	1	0	2	0	1	2	0	0	2	2	0	2	3	0	2	2	0	0	0	0	0	1	0	0	0	2	
0	2	1	0	0	1	0	2	0	2	3	0	3	0	0	0	0	1	2	0	2	1	0	1	0	0	1	2	
--------------------

--------------------
Best Solution Found!
--------------------
Time: 0 hour(s), 0 minute(s), 0 second(s), 40 millisecond(s)

Fitness: 311069

0	2	1	0	2	1	1	0	1	0	2	0	0	0	0	0	1	2	0	0	2	1	3	0	0	0	2	2	
0	2	0	0	2	1	0	2	0	0	2	0	0	0	0	0	1	2	0	0	2	1	0	2	0	0	2	2	
0	2	1	0	2	0	0	2	0	0	2	2	0	0	0	0	1	2	0	0	2	1	0	2	0	2	1	2	
1	2	1	0	3	1	0	2	1	0	1	0	0	2	0	0	2	1	0	0	2	1	0	2	0	0	2	2	
0	2	1	0	2	1	1	3	0	0	2	0	0	0	0	1	1	2	0	3	0	1	0	0	0	2	2	0	
0	1	0	0	2	1	0	3	0	0	3	0	0	2	0	0	1	2	0	0	2	1	0	2	0	0	2	2	
0	2	1	3	2	3	0	2	0	0	3	0	0	1	0	0	0	2	0	3	2	1	0	2	0	0	2	0	
0	1	2	0	2	1	0	2	1	0	2	0	0	0	0	0	1	2	2	0	2	3	0	1	0	0	1	2	
0	2	1	0	3	1	0	2	0	0	3	0	0	0	2	0	1	2	1	0	2	1	0	0	0	0	1	2	
3	2	1	0	2	1	0	2	0	0	2	0	0	2	2	0	1	1	0	0	1	1	0	2	0	0	1	2	
0	2	1	0	2	3	0	2	0	0	2	0	0	0	0	0	1	2	0	0	0	1	0	2	0	0	1	2	
1	2	1	0	2	0	0	3	0	0	2	0	3	0	0	0	1	2	1	0	2	1	0	0	0	0	1	2	
0	2	1	1	2	0	0	2	0	2	2	0	0	0	3	0	2	2	0	3	2	3	0	2	2	0	1	2	
0	1	0	0	2	1	1	0	0	0	2	0	0	0	0	0	1	2	0	0	2	2	0	1	0	0	0	2	
0	2	0	3	2	1	1	2	0	0	2	0	0	0	0	0	1	1	0	0	2	1	0	1	0	2	1	2	
0	2	1	0	2	1	1	2	0	0	2	0	0	0	0	0	1	2	0	0	1	1	0	1	0	0	1	1	
1	0	2	0	2	1	0	2	0	0	2	0	0	0	0	0	1	2	0	0	0	1	0	2	1	0	1	2	
0	2	0	0	0	1	0	2	0	0	3	0	0	0	1	0	1	2	0	0	0	0	0	2	0	0	1	2	
0	2	1	0	2	1	2	2	0	0	2	0	3	0	0	0	1	2	0	0	2	1	1	0	0	0	1	1	
0	0	0	0	3	1	0	2	1	0	2	0	0	0	0	0	1	2	0	1	2	0	0	0	0	0	1	2	
0	1	1	0	1	3	0	0	0	0	3	0	0	0	0	2	2	2	1	0	0	2	0	0	0	0	0	2	
1	2	2	3	2	2	0	2	0	0	3	0	0	0	0	0	1	0	0	0	3	3	1	2	0	0	0	2	
0	2	1	0	2	1	1	2	0	1	2	0	0	0	2	0	2	2	0	0	2	1	0	2	0	3	1	2	
0	1	1	0	2	3	0	3	1	0	2	0	0	0	0	0	1	2	0	0	2	1	0	0	1	0	1	2	
0	2	1	0	0	0	0	2	0	2	2	0	0	0	0	0	2	2	0	0	2	0	0	2	0	2	1	2	
0	1	1	3	2	1	1	0	0	0	2	0	0	0	0	0	1	2	0	0	2	1	0	2	0	0	0	2	
0	2	1	0	3	1	2	0	0	0	2	0	0	0	0	0	1	2	0	0	2	1	0	2	0	3	1	0	
0	1	2	1	3	3	0	2	2	0	2	0	3	2	0	0	1	1	0	3	3	0	0	2	0	0	1	2	
0	2	0	0	0	1	0	2	0	0	2	0	0	2	0	0	1	2	0	0	2	0	0	2	1	0	1	2	
0	2	2	0	2	0	0	0	0	0	2	0	0	0	0	0	1	1	0	0	2	3	0	2	0	0	1	0	
0	1	1	0	2	3	1	2	1	0	3	0	0	0	0	0	1	1	0	0	2	1	1	2	1	0	1	1	
0	2	1	3	1	1	1	2	0	2	2	0	0	2	2	0	0	2	0	0	2	1	0	1	0	0	1	2	
0	2	2	0	2	1	0	2	0	2	2	0	1	0	0	0	1	1	0	0	2	2	3	2	0	0	1	2	
1	1	2	0	2	1	0	2	0	2	2	0	0	0	2	0	1	2	2	0	2	2	0	1	0	0	1	2	
0	0	1	3	1	3	0	2	0	0	2	0	0	0	2	0	1	2	0	3	0	1	0	2	0	0	0	2	
0	2	2	0	2	1	0	2	0	2	2	0	0	0	2	2	1	2	0	0	0	2	0	2	0	0	0	2	
0	2	1	0	2	1	0	2	0	2	2	0	0	0	0	0	1	2	0	0	2	1	0	2	0	0	0	2	
0	2	2	0	3	0	0	2	1	0	3	3	0	0	0	0	1	2	0	0	0	1	0	2	0	0	1	1	
0	0	1	0	2	1	2	2	0	0	2	0	0	0	2	0	1	2	0	0	0	1	0	0	0	0	0	2	
3	0	0	0	2	1	0	2	0	2	2	0	0	0	0	0	0	1	0	0	3	1	0	0	0	2	1	1	
0	2	1	0	2	2	0	0	0	0	2	0	0	1	0	2	1	2	0	0	2	1	0	2	0	0	1	2	
0	2	1	0	2	1	0	0	0	0	2	0	3	2	0	1	1	2	0	0	2	1	0	2	0	0	1	2	
1	2	1	0	3	0	0	3	2	0	2	0	3	1	0	2	1	2	0	0	2	1	1	2	0	0	1	1	
0	2	1	0	2	1	0	3	1	2	3	0	0	2	0	0	2	1	0	0	3	1	1	2	0	0	1	2	
1	0	1	0	2	1	0	2	1	0	2	0	0	0	0	2	1	2	0	0	2	1	0	2	0	0	1	1	
0	2	1	0	2	0	0	0	0	0	2	0	0	0	2	0	2	2	0	0	2	2	0	0	0	0	2	2	
0	1	1	0	2	1	0	3	2	0	2	0	0	0	0	0	1	2	0	3	2	1	1	2	0	0	1	1	
0	2	1	0	2	1	0	0	0	0	1	0	3	0	0	0	2	2	0	0	1	1	1	2	0	0	0	0	
0	2	1	0	2	1	0	3	0	0	2	0	0	0	2	0	1	2	2	0	3	1	0	0	0	0	1	2	
0	2	1	3	0	0	1	2	0	0	2	0	1	0	0	2	1	2	0	1	3	0	0	2	0	0	1	2	
0	0	1	0	2	2	0	2	0	0	2	0	0	0	0	0	1	2	0	0	2	1	1	2	0	0	1	2	
0	0	1	0	3	1	0	3	0	0	2	0	0	2	0	0	2	2	2	3	0	1	1	1	0	2	2	2	
1	2	1	0	2	1	0	2	0	0	2	0	0	0	0	0	1	1	0	0	1	1	0	2	0	0	2	2	
0	2	1	0	2	1	0	2	0	0	2	0	0	0	2	0	2	2	0	0	2	3	0	2	1	0	1	2	
0	2	1	0	2	1	0	3	1	1	2	0	0	0	2	0	1	2	0	0	2	1	0	2	0	2	2	2	
0	2	2	0	0	1	0	0	0	0	2	0	0	0	0	0	1	2	0	0	0	0	1	2	1	2	1	1	
0	0	1	3	2	1	0	0	1	1	2	0	0	0	0	0	1	2	0	0	2	1	3	1	0	2	1	1	
0	0	2	0	2	0	0	2	0	0	2	0	0	2	0	2	1	1	0	0	2	1	0	0	0	2	1	1	
0	2	1	0	2	0	1	2	0	0	2	2	0	2	3	0	2	2	0	0	0	0	0	1	0	0	0	2	
0	2	1	0	0	1	0	2	0	2	3	0	3	0	0	0	0	1	2	0	2	1	0	1	0	0	1	2	
--------------------

--------------------
Best Solution Found!
--------------------
Time: 0 hour(s), 0 minute(s), 0 second(s), 165 millisecond(s)

Fitness: 310112

0	2	0	0	1	1	0	0	0	0	2	0	3	2	2	0	2	2	0	0	0	0	0	1	0	2	1	0	
0	1	1	0	2	1	0	2	1	0	2	0	0	0	0	0	1	2	0	0	2	0	1	0	0	0	0	2	
1	0	1	0	2	1	0	2	0	0	2	0	0	0	0	0	1	2	2	0	2	1	0	2	1	3	1	2	
0	2	1	0	2	3	2	2	0	0	2	0	0	0	0	0	0	0	0	0	2	1	0	1	0	0	1	2	
1	2	1	0	2	1	0	3	1	0	2	0	0	0	0	0	2	2	0	0	2	1	0	2	0	0	1	2	
1	2	1	0	2	1	1	3	1	0	2	0	0	0	0	0	2	2	0	0	2	1	0	2	0	0	1	2	
0	2	1	0	2	1	1	2	0	0	2	0	0	0	0	0	1	2	0	0	2	0	0	2	0	0	1	1	
0	1	1	0	2	3	0	2	0	0	2	0	0	0	2	0	1	1	1	0	2	1	0	1	0	0	0	2	
0	2	2	0	0	1	0	2	0	0	1	0	0	0	2	0	1	2	0	0	2	1	0	0	0	2	2	1	
0	0	1	0	3	1	0	2	1	1	3	0	0	1	0	2	2	2	0	0	2	1	0	1	0	0	1	1	
0	2	2	0	2	1	1	2	0	0	2	0	0	0	0	2	1	2	0	3	2	1	0	2	1	2	1	1	
0	2	1	0	2	2	0	3	2	2	2	0	0	0	0	0	1	2	0	0	3	1	0	1	0	0	1	2	
3	2	1	0	2	0	0	2	0	2	2	0	0	0	0	0	0	1	0	3	2	1	0	2	0	0	2	2	
0	2	1	0	2	1	1	0	0	0	2	0	0	0	0	0	1	2	0	0	2	1	0	2	0	3	1	1	
0	0	0	0	2	1	0	2	0	2	2	3	0	0	0	0	1	2	0	0	0	1	0	0	0	0	1	2	
0	2	1	0	0	1	1	2	0	0	2	0	3	0	1	0	1	2	0	0	2	2	0	2	0	0	1	2	
0	2	1	0	2	1	0	2	1	0	3	0	0	2	3	0	2	2	0	0	1	0	0	0	0	2	2	2	
0	2	1	0	2	1	0	2	0	0	2	0	0	0	0	0	1	2	0	0	2	1	0	2	2	0	1	2	
0	2	1	3	2	3	0	2	0	1	2	0	0	0	0	0	1	2	0	0	0	1	0	2	1	2	1	2	
1	2	1	1	0	1	1	2	0	0	2	0	0	0	0	0	1	2	0	0	2	0	1	2	0	0	0	2	
0	1	2	0	2	0	0	0	0	0	2	0	0	0	0	0	1	2	0	0	2	3	0	0	0	0	0	1	
0	2	1	0	2	1	2	2	0	0	2	0	0	0	0	0	1	2	0	0	2	1	0	2	0	0	1	2	
1	2	1	0	2	1	1	2	0	0	2	0	3	0	0	2	1	2	0	0	3	3	0	2	0	0	2	2	
0	2	1	0	3	1	0	3	1	0	2	0	0	2	2	0	1	2	0	0	2	2	0	0	0	0	0	2	
0	2	1	0	2	1	0	2	0	0	2	0	0	0	0	0	1	2	0	0	3	1	0	0	0	0	1	2	
0	0	1	0	2	2	0	0	1	0	3	0	0	0	0	0	0	2	0	0	2	1	0	2	0	0	0	1	
0	2	2	3	2	1	0	0	0	0	2	0	0	0	2	0	1	2	0	3	2	1	0	1	0	0	1	2	
0	0	0	0	2	0	0	2	0	2	2	0	0	1	0	0	1	1	0	0	0	1	0	2	0	0	1	0	
0	1	0	3	2	1	0	2	1	0	2	0	0	2	0	0	2	1	0	3	3	1	1	2	0	0	1	2	
0	2	2	0	2	0	0	0	0	0	3	0	0	0	0	0	1	2	1	0	0	1	0	2	0	0	0	1	
0	2	2	3	2	1	1	2	0	0	3	0	3	0	0	0	1	2	0	0	0	3	1	0	0	2	1	1	
0	2	1	0	2	1	0	2	0	0	2	0	0	0	2	1	1	2	0	0	3	1	0	2	0	0	2	2	
3	2	1	0	2	1	0	2	0	0	2	0	0	2	2	2	2	2	0	0	2	1	0	2	1	0	0	2	
0	2	0	0	2	1	0	2	0	0	2	2	0	0	0	0	1	1	0	0	2	2	3	1	0	0	1	2	
0	2	1	0	2	1	0	2	0	0	2	0	0	0	0	0	1	2	0	0	2	1	1	0	0	0	2	2	
0	2	1	1	2	0	0	2	2	0	3	0	0	0	0	0	1	2	0	0	2	1	0	0	0	0	1	2	
0	0	1	0	2	1	0	2	0	0	1	0	0	0	0	0	1	2	0	3	2	2	0	2	0	0	2	2	
1	2	1	0	2	3	0	2	1	0	2	0	3	0	0	0	1	2	0	0	2	1	0	2	0	0	1	2	
0	2	2	0	3	3	0	2	0	0	2	0	0	0	0	0	1	2	0	0	2	1	0	0	0	0	2	2	
0	1	1	0	0	0	0	2	1	2	2	0	0	2	0	0	2	2	0	0	1	1	0	0	0	2	1	1	
0	0	1	3	0	1	0	0	0	0	2	0	3	0	2	0	1	1	0	0	0	0	3	2	0	0	2	2	
0	1	1	0	2	1	0	0	0	0	2	0	1	2	0	0	1	2	0	0	2	0	0	2	0	0	1	2	
0	2	1	0	2	1	0	3	0	0	3	0	0	2	0	0	2	1	1	0	2	0	0	2	0	0	1	2	
0	1	1	0	2	1	0	3	0	2	3	0	0	0	2	0	1	2	0	0	2	1	0	2	0	0	1	1	
1	2	1	0	1	0	0	2	1	2	2	0	0	0	0	2	1	1	2	0	2	1	0	1	0	0	0	0	
0	2	2	0	2	1	0	0	0	2	3	0	0	0	0	0	1	2	0	3	2	2	1	2	1	0	1	2	
0	1	1	0	1	0	0	3	0	2	2	0	0	0	2	0	1	2	0	1	2	3	1	2	0	0	1	0	
1	2	2	0	2	1	1	0	0	0	2	0	3	0	0	0	1	1	0	0	0	1	0	2	0	0	1	2	
0	1	1	3	2	1	0	3	0	0	2	0	0	0	0	0	1	1	0	0	1	3	0	2	0	0	1	2	
0	2	2	0	2	3	0	2	0	0	2	0	0	0	0	0	2	2	0	0	2	1	1	0	0	0	2	2	
0	2	1	0	3	0	0	2	0	0	2	0	0	0	0	0	1	2	0	0	0	1	3	2	0	2	0	2	
0	0	1	0	3	1	0	3	0	0	2	0	0	2	0	0	1	2	0	0	2	1	0	1	0	0	1	2	
0	2	2	3	2	1	1	2	0	0	3	0	0	0	0	0	1	1	0	0	0	1	1	2	0	2	1	2	
0	2	1	3	3	1	2	2	0	0	2	2	0	0	0	0	1	2	2	0	2	1	0	1	0	0	1	0	
0	2	0	0	2	0	0	3	0	0	2	0	0	1	2	2	1	2	0	0	3	2	1	2	0	0	1	2	
0	2	1	0	2	1	0	0	0	0	2	0	0	0	0	0	1	2	2	3	2	1	0	2	0	0	1	2	
0	0	0	0	2	1	0	0	0	1	2	0	0	2	0	1	0	1	0	1	2	1	0	2	0	0	1	2	
0	0	0	0	3	0	1	2	0	2	2	0	0	0	0	2	2	2	2	0	0	1	0	2	0	0	1	2	
0	2	1	0	0	2	0	2	2	0	2	0	0	2	2	0	1	2	0	0	0	1	0	2	0	2	1	2	
0	1	1	0	3	3	0	2	0	0	2	0	1	0	3	0	1	2	0	0	1	1	0	2	1	0	1	2	
--------------------

--------------------
Best Solution Found!
--------------------
Time: 0 hour(s), 0 minute(s), 0 second(s), 317 millisecond(s)

Fitness: 309085

0	2	1	3	0	1	0	0	2	2	2	0	1	1	0	0	1	2	2	0	2	0	0	2	0	0	2	1	
0	2	0	0	2	0	0	2	0	1	2	0	0	2	0	0	1	2	0	0	1	0	0	2	0	0	0	2	
0	2	1	0	3	0	1	2	0	2	2	0	0	0	0	0	2	1	0	0	3	1	0	2	0	0	1	2	
0	1	1	0	2	2	1	3	1	0	2	0	0	2	0	0	2	2	0	0	2	1	1	2	0	0	1	2	
0	2	2	0	2	1	0	2	0	1	2	0	3	0	0	2	1	2	0	0	2	1	0	2	0	0	1	2	
0	2	1	3	2	1	0	2	1	0	3	0	0	0	0	0	1	2	0	0	2	1	0	2	0	0	0	1	
0	2	1	0	2	0	0	2	0	0	2	0	0	0	0	0	1	2	0	3	2	0	0	2	2	2	1	2	
0	1	2	0	2	0	0	3	0	2	2	0	0	0	0	0	1	2	0	0	2	1	0	2	0	0	1	2	
1	1	1	0	0	1	0	2	0	0	2	0	0	0	2	0	1	2	0	0	3	1	0	0	0	0	0	0	
0	2	1	0	2	1	0	2	0	0	2	2	0	0	2	0	1	2	0	0	2	1	0	2	0	0	1	1	
0	0	0	0	3	1	0	2	0	0	2	0	0	0	0	2	1	2	0	0	2	1	1	2	0	0	0	1	
0	1	1	0	2	1	0	0	0	0	2	0	0	0	0	0	1	2	0	0	2	1	0	2	0	0	1	2	
1	2	1	0	2	1	0	2	0	0	2	0	0	0	3	0	1	1	0	0	2	1	3	0	0	0	2	2	
0	2	1	0	2	1	0	2	0	0	1	0	0	0	0	0	1	2	0	0	2	1	0	2	0	3	1	1	
0	0	1	3	2	1	0	2	1	1	3	0	0	0	0	2	1	2	0	0	0	1	0	2	0	2	2	1	
0	2	1	0	2	0	0	2	0	0	3	0	0	1	0	0	1	2	0	0	0	2	0	0	0	0	1	2	
0	2	1	0	2	1	0	2	1	0	2	0	0	2	0	0	1	2	2	0	0	0	0	1	0	0	1	0	
0	2	1	0	0	1	1	2	0	2	2	0	0	2	1	2	1	2	0	0	2	1	1	2	0	0	1	2	
0	2	2	0	2	0	1	2	0	0	2	0	0	0	0	0	1	1	0	0	1	1	0	2	1	0	1	2	
0	2	2	0	2	1	0	2	0	2	3	0	0	2	0	0	1	2	0	0	2	0	0	2	1	0	1	2	
1	2	1	0	2	1	0	2	2	2	2	0	0	0	0	2	1	2	0	0	3	3	1	1	0	0	1	2	
0	0	1	0	1	1	1	2	0	0	2	0	3	2	0	1	2	2	0	3	2	1	0	2	0	0	0	2	
0	2	1	0	2	1	2	0	0	0	3	0	0	2	2	0	1	2	0	0	0	3	0	0	0	0	1	1	
0	0	1	0	3	1	0	3	0	0	2	0	0	0	0	0	1	1	2	0	2	2	0	2	0	3	2	2	
1	2	1	0	3	1	1	0	0	0	2	0	0	0	0	0	0	1	0	3	0	1	0	1	0	2	1	0	
0	1	0	0	0	1	0	3	1	0	2	0	3	0	0	0	2	1	0	0	0	1	0	0	0	0	1	2	
0	2	2	0	3	1	1	3	0	2	2	0	0	2	0	0	1	2	0	1	2	1	0	0	0	0	1	2	
0	2	1	3	2	1	0	2	0	0	2	0	0	0	0	0	2	2	0	0	2	1	0	0	1	0	2	2	
3	1	0	0	2	1	0	2	0	0	2	0	0	0	0	0	2	2	0	0	2	1	0	2	1	0	1	2	
0	2	1	0	3	3	2	3	0	0	3	0	0	2	0	0	2	2	0	0	2	1	3	0	0	2	2	2	
0	0	2	0	2	1	0	3	1	0	2	0	0	0	0	0	1	2	2	0	2	3	0	2	0	0	2	2	
0	1	1	3	2	1	0	2	0	2	2	0	0	0	2	0	2	2	0	0	0	1	0	2	0	2	1	2	
1	2	2	0	2	1	1	2	0	0	2	0	0	0	0	0	2	1	0	0	1	1	0	2	0	0	1	2	
0	2	1	0	2	1	0	0	1	0	2	0	0	0	2	0	1	2	0	0	3	2	0	2	0	0	0	2	
1	1	1	0	2	1	0	0	0	0	3	0	3	0	2	0	1	2	2	0	2	1	0	2	0	0	1	2	
0	2	0	0	2	0	0	0	0	0	2	0	0	0	2	0	2	1	0	0	1	1	0	2	0	0	1	2	
0	2	0	0	0	1	0	2	1	0	2	0	0	0	0	0	0	2	0	3	0	2	0	0	0	2	1	2	
0	2	1	0	2	3	0	2	0	0	3	0	0	0	0	0	1	2	0	0	2	1	1	1	0	0	1	2	
0	1	1	0	2	1	0	0	0	0	2	0	0	0	2	0	1	2	0	0	0	1	1	0	0	0	1	2	
0	2	2	0	1	1	1	2	0	0	2	0	0	0	0	0	1	2	0	3	3	1	1	1	0	0	1	1	
0	2	0	0	2	1	0	0	0	0	1	0	0	0	0	0	1	2	0	0	2	0	0	1	0	0	1	2	
0	2	1	0	1	2	1	2	0	0	2	0	0	0	0	0	1	2	0	0	2	0	0	1	0	0	0	2	
0	0	1	0	2	1	0	0	2	0	2	0	0	0	0	0	1	2	0	0	0	0	0	2	1	0	2	2	
0	2	1	0	2	3	0	2	0	0	2	0	3	0	0	0	1	1	0	0	2	1	0	2	0	0	1	2	
3	0	1	3	3	1	0	2	0	0	2	0	0	0	0	0	1	2	0	0	2	1	1	0	1	2	1	0	
0	2	1	0	2	0	1	3	0	0	2	0	0	2	2	0	1	2	0	3	2	2	0	1	0	0	1	2	
0	2	1	0	2	1	0	2	1	0	2	0	0	0	0	0	1	1	0	0	2	3	0	2	0	0	1	1	
0	0	1	1	2	1	0	2	0	0	2	3	0	0	0	0	0	2	0	1	2	1	0	2	0	0	1	2	
1	2	1	0	2	0	0	3	0	0	3	0	0	0	2	0	1	2	0	0	2	3	3	2	0	0	0	0	
0	2	1	0	2	1	0	2	0	0	2	0	0	0	0	0	1	1	0	0	3	1	1	2	0	2	0	2	
0	2	1	0	3	1	0	3	0	0	3	0	0	1	0	0	1	2	1	0	2	1	0	2	0	2	1	1	
0	2	2	0	0	1	0	2	0	0	2	2	3	0	0	2	1	1	1	0	2	1	0	2	0	0	1	2	
0	1	2	0	2	1	0	2	0	0	2	0	0	0	0	2	1	2	0	0	2	1	0	0	0	0	1	2	
0	2	1	3	2	0	2	0	0	0	2	0	0	0	2	0	2	2	0	0	2	1	0	2	0	0	2	2	
0	2	2	1	2	0	0	0	0	2	2	0	1	0	2	0	0	2	0	0	0	2	0	1	0	0	1	1	
0	0	1	0	2	3	0	2	0	0	2	0	3	0	0	0	1	2	0	0	0	1	1	1	0	0	1	2	
1	2	1	0	2	3	0	2	0	0	2	0	0	0	0	0	1	2	0	0	2	1	0	2	0	0	1	2	
0	2	1	3	2	3	0	2	1	2	2	0	0	0	0	0	1	2	0	0	2	1	0	2	0	0	1	2	
0	0	0	0	2	2	0	2	0	0	2	0	0	2	3	1	1	0	0	0	2	1	0	2	0	0	0	2	
0	2	1	0	2	3	0	2	1	0	2	0	0	0	0	0	1	2	1	3	2	1	0	0	0	2	2	2	
--------------------

--------------------
Best Solution Found!
--------------------
Time: 0 hour(s), 0 minute(s), 0 second(s), 323 millisecond(s)

Fitness: 309085

0	2	1	3	0	1	0	0	2	2	2	0	1	1	0	0	1	2	2	0	2	0	0	2	0	0	2	1	
0	2	0	0	2	0	0	2	0	1	2	0	0	2	0	0	1	2	0	0	1	0	0	2	0	0	0	2	
0	2	1	0	3	0	1	2	0	2	2	0	0	0	0	0	2	1	0	0	3	1	0	2	0	0	1	2	
0	1	1	0	2	2	1	3	1	0	2	0	0	2	0	0	2	2	0	0	2	1	1	2	0	0	1	2	
0	2	2	0	2	1	0	2	0	1	2	0	3	0	0	2	1	2	0	0	2	1	0	2	0	0	1	2	
0	2	1	3	2	1	0	2	1	0	3	0	0	0	0	0	1	2	0	0	2	1	0	2	0	0	0	1	
0	2	1	0	2	0	0	2	0	0	2	0	0	0	0	0	1	2	0	3	2	0	0	2	2	2	1	2	
0	1	2	0	2	0	0	3	0	2	2	0	0	0	0	0	1	2	0	0	2	1	0	2	0	0	1	2	
1	1	1	0	0	1	0	2	0	0	2	0	0	0	2	0	1	2	0	0	3	1	0	0	0	0	0	0	
0	2	1	0	2	1	0	2	0	0	2	2	0	0	2	0	1	2	0	0	2	1	0	2	0	0	1	1	
0	0	0	0	3	1	0	2	0	0	2	0	0	0	0	2	1	2	0	0	2	1	1	2	0	0	0	1	
0	1	1	0	2	1	0	0	0	0	2	0	0	0	0	0	1	2	0	0	2	1	0	2	0	0	1	2	
1	2	1	0	2	1	0	2	0	0	2	0	0	0	3	0	1	1	0	0	2	1	3	0	0	0	2	2	
0	2	1	0	2	1	0	2	0	0	1	0	0	0	0	0	1	2	0	0	2	1	0	2	0	3	1	1	
0	0	1	3	2	1	0	2	1	1	3	0	0	0	0	2	1	2	0	0	0	1	0	2	0	2	2	1	
0	2	1	0	2	0	0	2	0	0	3	0	0	1	0	0	1	2	0	0	0	2	0	0	0	0	1	2	
0	2	1	0	2	1	0	2	1	0	2	0	0	2	0	0	1	2	2	0	0	0	0	1	0	0	1	0	
0	2	1	0	0	1	1	2	0	2	2	0	0	2	1	2	1	2	0	0	2	1	1	2	0	0	1	2	
0	2	2	0	2	0	1	2	0	0	2	0	0	0	0	0	1	1	0	0	1	1	0	2	1	0	1	2	
0	2	2	0	2	1	0	2	0	2	3	0	0	2	0	0	1	2	0	0	2	0	0	2	1	0	1	2	
1	2	1	0	2	1	0	2	2	2	2	0	0	0	0	2	1	2	0	0	3	3	1	1	0	0	1	2	
0	0	1	0	1	1	1	2	0	0	2	0	3	2	0	1	2	2	0	3	2	1	0	2	0	0	0	2	
0	2	1	0	2	1	2	0	0	0	3	0	0	2	2	0	1	2	0	0	0	3	0	0	0	0	1	1	
0	0	1	0	3	1	0	3	0	0	2	0	0	0	0	0	1	1	2	0	2	2	0	2	0	3	2	2	
1	2	1	0	3	1	1	0	0	0	2	0	0	0	0	0	0	1	0	3	0	1	0	1	0	2	1	0	
0	1	0	0	0	1	0	3	1	0	2	0	3	0	0	0	2	1	0	0	0	1	0	0	0	0	1	2	
0	2	2	0	3	1	1	3	0	2	2	0	0	2	0	0	1	2	0	1	2	1	0	0	0	0	1	2	
0	2	1	3	2	1	0	2	0	0	2	0	0	0	0	0	2	2	0	0	2	1	0	0	1	0	2	2	
3	1	0	0	2	1	0	2	0	0	2	0	0	0	0	0	2	2	0	0	2	1	0	2	1	0	1	2	
0	2	1	0	3	3	2	3	0	0	3	0	0	2	0	0	2	2	0	0	2	1	3	0	0	2	2	2	
0	0	2	0	2	1	0	3	1	0	2	0	0	0	0	0	1	2	2	0	2	3	0	2	0	0	2	2	
0	1	1	3	2	1	0	2	0	2	2	0	0	0	2	0	2	2	0	0	0	1	0	2	0	2	1	2	
1	2	2	0	2	1	1	2	0	0	2	0	0	0	0	0	2	1	0	0	1	1	0	2	0	0	1	2	
0	2	1	0	2	1	0	0	1	0	2	0	0	0	2	0	1	2	0	0	3	2	0	2	0	0	0	2	
1	1	1	0	2	1	0	0	0	0	3	0	3	0	2	0	1	2	2	0	2	1	0	2	0	0	1	2	
0	2	0	0	2	0	0	0	0	0	2	0	0	0	2	0	2	1	0	0	1	1	0	2	0	0	1	2	
0	2	0	0	0	1	0	2	1	0	2	0	0	0	0	0	0	2	0	3	0	2	0	0	0	2	1	2	
0	2	1	0	2	3	0	2	0	0	3	0	0	0	0	0	1	2	0	0	2	1	1	1	0	0	1	2	
0	1	1	0	2	1	0	0	0	0	2	0	0	0	2	0	1	2	0	0	0	1	1	0	0	0	1	2	
0	2	2	0	1	1	1	2	0	0	2	0	0	0	0	0	1	2	0	3	3	1	1	1	0	0	1	1	
0	2	0	0	2	1	0	0	0	0	1	0	0	0	0	0	1	2	0	0	2	0	0	1	0	0	1	2	
0	2	1	0	1	2	1	2	0	0	2	0	0	0	0	0	1	2	0	0	2	0	0	1	0	0	0	2	
0	0	1	0	2	1	0	0	2	0	2	0	0	0	0	0	1	2	0	0	0	0	0	2	1	0	2	2	
0	2	1	0	2	3	0	2	0	0	2	0	3	0	0	0	1	1	0	0	2	1	0	2	0	0	1	2	
3	0	1	3	3	1	0	2	0	0	2	0	0	0	0	0	1	2	0	0	2	1	1	0	1	2	1	0	
0	2	1	0	2	0	1	3	0	0	2	0	0	2	2	0	1	2	0	3	2	2	0	1	0	0	1	2	
0	2	1	0	2	1	0	2	1	0	2	0	0	0	0	0	1	1	0	0	2	3	0	2	0	0	1	1	
0	0	1	1	2	1	0	2	0	0	2	3	0	0	0	0	0	2	0	1	2	1	0	2	0	0	1	2	
1	2	1	0	2	0	0	3	0	0	3	0	0	0	2	0	1	2	0	0	2	3	3	2	0	0	0	0	
0	2	1	0	2	1	0	2	0	0	2	0	0	0	0	0	1	1	0	0	3	1	1	2	0	2	0	2	
0	2	1	0	3	1	0	3	0	0	3	0	0	1	0	0	1	2	1	0	2	1	0	2	0	2	1	1	
0	2	2	0	0	1	0	2	0	0	2	2	3	0	0	2	1	1	1	0	2	1	0	2	0	0	1	2	
0	1	2	0	2	1	0	2	0	0	2	0	0	0	0	2	1	2	0	0	2	1	0	0	0	0	1	2	
0	2	1	3	2	0	2	0	0	0	2	0	0	0	2	0	2	2	0	0	2	1	0	2	0	0	2	2	
0	2	2	1	2	0	0	0	0	2	2	0	1	0	2	0	0	2	0	0	0	2	0	1	0	0	1	1	
0	0	1	0	2	3	0	2	0	0	2	0	3	0	0	0	1	2	0	0	0	1	1	1	0	0	1	2	
1	2	1	0	2	3	0	2	0	0	2	0	0	0	0	0	1	2	0	0	2	1	0	2	0	0	1	2	
0	2	1	3	2	3	0	2	1	2	2	0	0	0	0	0	1	2	0	0	2	1	0	2	0	0	1	2	
0	0	0	0	2	2	0	2	0	0	2	0	0	2	3	1	1	0	0	0	2	1	0	2	0	0	0	2	
0	2	1	0	2	3	0	2	1	0	2	0	0	0	0	0	1	2	1	3	2	1	0	0	0	2	2	2	
--------------------

--------------------
Best Solution Found!
--------------------
Time: 0 hour(s), 0 minute(s), 0 second(s), 456 millisecond(s)

Fitness: 305079

0	2	1	0	2	0	0	0	0	0	2	0	0	0	0	0	1	2	0	0	2	1	3	2	0	2	0	1	
0	2	1	0	2	1	0	2	0	0	2	0	0	0	0	0	2	2	0	0	0	1	0	0	0	0	0	2	
0	2	2	0	1	1	0	2	0	2	2	0	0	1	0	0	1	2	0	0	2	1	0	2	0	2	1	2	
1	2	1	0	0	1	0	3	0	0	2	0	0	0	0	0	1	2	0	0	2	1	0	0	0	0	1	2	
1	2	0	0	2	0	0	2	0	0	2	0	0	0	0	0	1	2	0	0	2	1	0	2	0	0	2	2	
0	2	1	0	2	1	1	2	0	0	3	0	0	0	0	0	1	2	0	0	0	1	1	2	0	2	0	2	
0	2	0	3	2	1	0	2	0	0	2	0	3	2	0	0	0	2	0	0	1	1	0	2	0	0	0	0	
0	2	1	0	2	1	1	3	0	0	2	0	0	0	3	0	1	2	2	0	2	1	0	2	0	0	0	0	
0	1	1	0	2	1	0	2	0	0	2	0	0	0	0	2	1	2	0	0	2	1	0	2	0	0	1	2	
0	1	1	3	0	1	0	2	0	0	2	0	0	0	0	0	2	2	0	0	2	1	0	2	0	0	1	1	
0	0	2	0	2	0	0	2	0	0	2	0	0	2	0	0	2	1	0	0	1	0	1	2	0	0	1	2	
0	2	2	0	2	1	0	0	0	0	2	2	0	0	0	0	1	2	0	0	3	0	1	2	0	0	2	2	
0	2	1	0	2	1	1	2	1	2	2	0	0	0	0	0	0	1	0	3	2	1	0	2	0	0	0	1	
1	2	1	3	3	1	0	2	0	1	1	0	0	0	0	1	2	1	0	0	0	1	0	2	0	0	1	2	
0	0	1	0	2	0	1	2	0	0	3	0	0	0	0	0	1	2	0	0	3	3	1	2	1	0	1	2	
0	1	1	0	2	1	0	2	0	0	3	0	0	0	0	2	1	2	1	0	3	2	0	1	0	3	1	2	
3	2	1	0	2	1	2	2	0	0	2	0	0	0	0	0	1	2	0	3	2	1	0	1	0	0	1	2	
0	1	1	0	2	1	0	2	1	0	2	0	0	0	2	0	1	2	0	0	2	1	0	1	2	2	2	1	
0	0	1	0	2	3	0	2	0	0	2	0	0	2	2	0	1	2	0	0	2	1	0	2	0	0	1	2	
0	2	2	0	2	0	1	2	1	0	3	0	3	0	2	2	1	2	0	1	0	3	1	2	0	0	1	1	
0	2	1	1	3	3	0	2	0	0	2	0	1	2	0	0	1	2	0	0	2	1	0	0	1	0	1	2	
0	2	1	0	0	1	0	2	0	0	2	0	0	0	0	0	1	2	0	0	1	1	0	2	0	0	1	2	
0	2	0	0	2	1	0	0	0	0	3	0	0	0	0	0	0	1	0	0	2	1	0	2	0	2	2	2	
0	1	1	0	2	1	0	3	1	0	2	0	0	0	0	0	1	2	0	0	0	1	0	0	0	0	1	1	
0	2	1	0	2	3	1	0	2	0	2	0	0	0	0	0	1	2	0	3	0	1	0	0	0	0	1	2	
0	2	1	0	2	1	0	3	1	0	2	0	0	0	0	0	1	2	0	0	2	3	0	1	0	0	1	0	
0	2	1	3	3	1	0	3	0	0	2	0	3	2	2	2	1	2	0	0	2	1	1	2	1	0	0	1	
0	0	1	3	3	1	0	2	0	0	2	0	0	0	1	0	1	1	2	0	0	1	0	0	0	0	1	2	
0	2	1	0	2	1	1	2	0	1	2	0	0	0	2	2	1	1	0	0	2	1	3	2	0	0	1	2	
0	2	0	0	2	1	0	3	2	2	3	0	3	2	0	0	1	1	1	1	2	1	1	1	0	0	0	2	
1	2	1	0	2	0	1	3	0	0	2	0	0	1	0	0	1	2	0	0	2	3	0	1	0	2	1	2	
1	2	0	0	0	3	0	2	0	2	2	0	3	2	2	0	1	1	0	3	2	1	0	2	0	0	2	2	
0	1	1	3	3	1	0	2	0	0	2	0	0	0	2	0	1	2	2	0	2	1	0	2	0	2	1	2	
0	1	1	0	2	0	0	0	0	0	2	0	0	0	0	0	1	2	0	0	3	2	3	2	0	0	1	2	
0	2	1	0	2	1	0	0	0	0	3	0	0	0	0	0	2	2	0	0	2	1	1	1	0	3	1	2	
1	2	0	0	2	1	1	0	0	0	2	0	0	0	2	1	2	2	0	0	0	1	0	2	0	0	1	2	
0	2	1	0	2	1	2	2	1	0	2	0	1	0	0	0	1	2	0	3	2	1	0	0	1	0	2	2	
0	2	1	0	2	1	0	2	0	2	3	0	0	0	0	0	1	1	0	0	2	1	0	2	0	0	1	1	
0	1	0	0	2	1	0	0	0	0	2	0	0	0	0	0	2	2	0	0	2	1	1	2	0	0	1	2	
0	0	1	0	2	0	0	2	0	2	2	0	0	0	2	0	1	2	0	0	3	1	0	2	0	0	0	2	
1	2	1	0	2	1	0	0	0	0	1	0	0	1	0	0	2	2	0	0	2	1	0	2	0	0	1	2	
0	2	0	3	2	1	0	2	0	0	2	0	0	0	0	0	0	0	0	0	2	1	0	2	1	0	1	2	
0	2	1	0	2	2	0	0	0	0	2	0	0	0	0	0	1	2	0	0	2	0	0	0	0	0	1	2	
0	2	2	0	2	1	1	2	0	2	2	0	0	2	0	0	1	2	0	0	1	1	0	2	0	0	1	1	
3	2	2	0	3	0	0	2	1	0	2	3	0	0	0	0	1	2	0	0	0	0	0	0	0	0	1	2	
0	2	1	0	2	1	0	3	2	2	2	0	0	0	0	0	2	1	0	0	2	1	0	2	0	2	2	2	
0	2	2	1	2	1	2	2	0	0	2	0	0	0	0	0	1	2	1	0	2	0	0	1	1	0	1	2	
0	0	1	0	2	1	1	2	0	1	2	0	0	0	2	0	2	1	0	3	3	2	0	0	0	0	1	2	
0	0	2	0	2	1	0	3	0	0	3	0	0	2	0	0	2	2	0	0	2	2	0	1	0	0	1	2	
0	0	1	3	2	2	0	2	0	2	2	0	0	0	0	0	1	2	0	0	0	1	0	2	0	0	1	1	
0	0	2	0	0	3	0	3	1	0	3	0	0	0	0	0	1	2	0	0	2	1	0	1	0	0	1	0	
1	1	1	0	2	1	0	2	0	0	2	0	0	2	3	0	1	2	0	0	2	1	0	2	0	0	0	0	
0	0	1	0	1	0	0	2	1	2	2	0	0	0	0	2	1	2	0	0	2	0	0	2	0	2	2	1	
0	2	2	0	1	3	0	0	1	0	2	0	0	0	2	0	1	2	2	0	0	1	0	2	0	0	1	2	
0	2	1	0	2	1	0	0	0	0	2	0	0	0	0	2	1	2	2	3	2	2	0	2	0	0	1	2	
0	1	1	0	2	2	0	2	0	0	2	0	0	0	0	0	1	2	0	0	2	1	0	0	0	2	1	2	
0	2	1	0	3	1	0	2	1	0	2	2	3	2	0	0	1	2	0	0	2	3	1	0	0	0	2	2	
0	2	1	0	2	0	0	2	0	0	2	0	0	0	0	0	1	2	0	0	0	0	0	0	0	0	1	2	
0	2	2	0	3	1	0	2	0	0	2	0	0	0	2	0	1	1	0	0	2	2	0	2	0	0	1	2	
0	2	1	0	0	3	0	2	0	0	2	0	3	0	0	0	1	2	0	0	2	0	0	2	0	0	2	2	
--------------------

--------------------
Best Solution Found!
--------------------
Time: 0 hour(s), 0 minute(s), 0 second(s), 537 millisecond(s)

Fitness: 302121

1	1	0	0	3	1	0	2	0	0	2	0	0	1	0	2	1	1	0	0	2	0	0	2	0	0	2	2	
3	2	1	0	2	3	0	3	0	0	1	0	0	0	0	0	1	2	0	0	2	0	1	2	0	0	1	2	
0	2	1	0	0	1	1	2	0	1	2	0	0	0	0	0	1	2	0	0	0	1	0	2	0	0	1	1	
0	2	1	1	2	0	1	2	1	0	2	0	0	0	0	0	1	2	0	0	2	1	0	2	0	0	1	1	
0	0	1	0	2	1	0	0	0	0	2	0	0	0	0	0	1	2	0	0	0	1	0	1	0	0	0	1	
0	2	1	0	1	0	0	3	0	0	2	0	0	2	0	0	1	2	0	0	2	1	0	2	0	0	1	2	
0	1	0	0	2	1	0	0	0	0	2	0	0	0	0	0	1	2	0	0	1	0	0	0	0	0	1	1	
1	2	1	0	0	1	0	3	2	0	2	0	0	0	0	0	1	2	0	0	1	1	0	0	0	0	1	1	
0	2	1	0	2	1	0	2	0	0	2	0	0	0	0	2	1	2	0	0	0	1	3	2	0	2	1	2	
1	2	2	3	3	1	0	2	0	0	3	2	0	0	0	2	1	2	0	0	3	1	0	1	0	0	1	0	
0	2	1	0	2	2	1	2	0	2	2	0	0	1	3	2	1	2	0	0	1	1	0	0	1	3	0	1	
0	2	0	0	2	1	0	2	0	0	2	0	0	0	0	0	2	2	0	0	2	1	1	0	0	3	1	1	
0	2	1	0	3	1	0	0	0	0	2	0	0	0	0	0	2	2	0	3	2	1	0	1	0	0	1	2	
0	0	1	0	3	1	2	0	0	0	2	0	0	0	0	0	2	2	2	0	2	1	0	2	2	0	1	2	
0	2	2	0	2	0	0	2	0	0	2	0	0	2	0	0	2	2	0	0	3	1	0	1	0	0	1	2	
0	1	1	0	2	1	0	3	1	0	3	0	3	1	0	0	1	2	0	0	0	2	0	2	0	2	1	2	
0	2	1	0	2	1	0	3	0	2	2	0	0	0	2	0	1	2	0	3	2	0	0	1	0	0	0	1	
0	1	1	0	2	0	0	2	1	0	3	2	0	0	0	1	1	1	0	0	2	1	1	2	0	2	1	2	
3	2	1	0	2	1	0	2	0	0	2	0	0	0	0	0	1	2	0	0	2	1	0	1	0	0	1	2	
0	0	1	0	2	1	1	0	0	0	2	0	0	0	0	0	1	2	2	1	2	0	0	2	1	0	1	2	
0	2	1	0	2	1	1	2	0	2	2	0	0	0	2	0	2	2	0	0	2	3	0	0	0	0	1	2	
1	2	0	0	1	1	0	2	1	0	2	0	0	0	0	0	1	1	2	0	0	1	1	2	0	0	1	2	
1	2	1	0	2	1	0	2	1	0	3	0	0	0	0	1	2	2	0	0	2	3	1	0	0	2	2	2	
0	2	0	0	2	3	0	3	0	2	2	0	0	0	1	0	1	2	2	0	0	2	0	1	0	0	1	2	
0	1	1	0	3	1	0	3	0	0	2	0	1	0	0	0	1	2	0	3	2	1	0	1	0	0	2	2	
0	2	1	0	0	1	1	2	1	0	2	0	3	0	2	0	1	2	0	0	0	1	0	2	0	0	2	1	
0	2	2	0	2	0	0	2	1	0	2	0	3	0	0	0	1	1	0	0	2	1	3	2	0	0	0	0	
0	2	1	3	2	3	0	2	0	0	2	0	0	0	0	0	1	2	0	0	2	1	0	2	0	0	0	1	
0	0	1	0	2	1	1	2	0	0	2	0	3	0	0	0	1	2	0	0	2	1	0	2	0	0	2	2	
1	1	1	3	2	2	1	3	0	0	1	0	0	0	0	0	0	2	0	1	2	1	0	0	0	2	1	2	
0	2	1	0	2	2	0	2	0	0	2	0	0	0	0	0	0	2	0	0	2	3	0	2	0	0	1	2	
0	2	2	3	0	1	0	0	0	0	2	0	3	0	0	0	1	2	0	3	2	1	0	2	0	2	2	2	
0	2	1	0	2	3	0	0	0	0	2	0	0	2	0	0	1	1	0	0	2	1	0	2	0	0	1	2	
0	2	1	3	3	0	0	2	0	0	2	0	3	2	0	0	0	2	0	0	0	2	0	0	0	0	1	2	
0	2	1	3	2	0	0	2	2	0	2	0	0	0	2	0	1	2	1	0	2	1	0	2	0	0	1	1	
1	2	1	0	2	1	0	2	0	0	2	0	0	0	0	0	1	2	2	0	1	1	1	2	0	0	1	2	
0	1	2	0	2	1	0	2	0	1	2	0	3	0	0	0	1	2	0	3	2	2	0	2	1	0	0	2	
0	2	1	3	2	1	0	2	0	0	3	0	0	2	0	0	1	1	0	0	2	1	0	0	0	0	1	2	
0	2	2	0	2	3	0	2	1	0	2	0	0	2	2	0	1	0	0	0	2	1	0	2	0	0	1	2	
0	0	1	0	2	0	0	0	0	0	2	0	0	0	0	0	1	2	0	0	0	1	0	1	0	0	1	2	
0	2	1	0	0	1	1	2	1	2	2	0	0	0	2	0	1	2	1	0	3	0	0	2	0	0	0	0	
0	0	0	1	2	0	0	0	0	2	3	0	0	0	2	0	1	1	0	0	2	0	0	2	0	0	1	2	
0	2	0	0	2	1	0	3	0	2	2	0	0	0	0	0	1	2	0	0	3	0	0	2	0	2	1	2	
0	2	1	0	3	1	0	2	0	0	2	0	0	0	0	0	1	2	0	0	0	1	1	2	0	0	2	2	
0	1	2	0	2	3	0	3	2	0	3	0	0	2	0	2	1	2	0	0	2	1	0	2	0	0	1	2	
0	2	1	0	2	1	0	2	0	2	3	0	0	0	0	0	1	2	0	0	2	2	0	0	0	0	2	2	
0	2	2	0	2	1	0	0	0	0	2	0	0	2	0	0	1	2	0	0	3	3	0	2	0	0	1	2	
0	0	1	0	2	1	0	2	1	0	3	0	0	0	0	0	1	2	0	3	2	1	3	2	0	0	0	0	
0	2	1	0	2	1	0	0	0	2	2	0	0	2	2	0	1	1	0	0	2	3	0	2	0	0	1	2	
1	2	1	0	2	0	2	2	0	0	2	0	1	0	2	0	2	2	0	0	2	1	0	0	0	2	1	2	
0	2	2	0	2	1	1	2	0	0	2	0	0	2	3	0	2	1	0	0	2	1	0	2	0	0	1	2	
0	1	2	0	2	1	0	0	0	1	2	0	0	0	0	2	1	2	1	0	2	1	1	2	0	0	1	2	
0	0	2	3	3	3	0	2	0	0	2	0	0	0	0	0	2	1	0	0	0	1	0	2	1	0	1	2	
0	2	0	0	2	1	0	2	0	0	2	0	0	0	2	0	1	1	0	0	2	1	0	0	0	0	2	2	
0	0	1	0	1	1	0	2	1	0	2	0	0	0	2	0	0	2	0	3	0	2	0	2	1	0	1	0	
0	0	1	0	0	1	2	2	0	0	3	3	0	0	0	0	1	2	0	0	2	1	0	0	1	0	0	2	
0	1	1	0	2	1	0	2	0	0	2	0	0	0	0	0	2	1	0	0	3	1	1	2	0	0	1	2	
0	2	1	0	2	1	0	2	0	0	2	0	0	0	0	0	1	2	0	0	2	1	1	2	0	2	1	2	
0	2	1	0	2	1	1	2	0	0	2	0	0	0	2	0	1	2	0	0	2	1	0	1	0	2	2	2	
0	2	1	0	2	0	0	2	0	2	2	0	0	2	0	2	2	2	0	0	2	1	0	2	0	0	0	2	
--------------------

--------------------
Best Solution Found!
--------------------
Time: 0 hour(s), 0 minute(s), 0 second(s), 540 millisecond(s)

Fitness: 302121

1	1	0	0	3	1	0	2	0	0	2	0	0	1	0	2	1	1	0	0	2	0	0	2	0	0	2	2	
3	2	1	0	2	3	0	3	0	0	1	0	0	0	0	0	1	2	0	0	2	0	1	2	0	0	1	2	
0	2	1	0	0	1	1	2	0	1	2	0	0	0	0	0	1	2	0	0	0	1	0	2	0	0	1	1	
0	2	1	1	2	0	1	2	1	0	2	0	0	0	0	0	1	2	0	0	2	1	0	2	0	0	1	1	
0	0	1	0	2	1	0	0	0	0	2	0	0	0	0	0	1	2	0	0	0	1	0	1	0	0	0	1	
0	2	1	0	1	0	0	3	0	0	2	0	0	2	0	0	1	2	0	0	2	1	0	2	0	0	1	2	
0	1	0	0	2	1	0	0	0	0	2	0	0	0	0	0	1	2	0	0	1	0	0	0	0	0	1	1	
1	2	1	0	0	1	0	3	2	0	2	0	0	0	0	0	1	2	0	0	1	1	0	0	0	0	1	1	
0	2	1	0	2	1	0	2	0	0	2	0	0	0	0	2	1	2	0	0	0	1	3	2	0	2	1	2	
1	2	2	3	3	1	0	2	0	0	3	2	0	0	0	2	1	2	0	0	3	1	0	1	0	0	1	0	
0	2	1	0	2	2	1	2	0	2	2	0	0	1	3	2	1	2	0	0	1	1	0	0	1	3	0	1	
0	2	0	0	2	1	0	2	0	0	2	0	0	0	0	0	2	2	0	0	2	1	1	0	0	3	1	1	
0	2	1	0	3	1	0	0	0	0	2	0	0	0	0	0	2	2	0	3	2	1	0	1	0	0	1	2	
0	0	1	0	3	1	2	0	0	0	2	0	0	0	0	0	2	2	2	0	2	1	0	2	2	0	1	2	
0	2	2	0	2	0	0	2	0	0	2	0	0	2	0	0	2	2	0	0	3	1	0	1	0	0	1	2	
0	1	1	0	2	1	0	3	1	0	3	0	3	1	0	0	1	2	0	0	0	2	0	2	0	2	1	2	
0	2	1	0	2	1	0	3	0	2	2	0	0	0	2	0	1	2	0	3	2	0	0	1	0	0	0	1	
0	1	1	0	2	0	0	2	1	0	3	2	0	0	0	1	1	1	0	0	2	1	1	2	0	2	1	2	
3	2	1	0	2	1	0	2	0	0	2	0	0	0	0	0	1	2	0	0	2	1	0	1	0	0	1	2	
0	0	1	0	2	1	1	0	0	0	2	0	0	0	0	0	1	2	2	1	2	0	0	2	1	0	1	2	
0	2	1	0	2	1	1	2	0	2	2	0	0	0	2	0	2	2	0	0	2	3	0	0	0	0	1	2	
1	2	0	0	1	1	0	2	1	0	2	0	0	0	0	0	1	1	2	0	0	1	1	2	0	0	1	2	
1	2	1	0	2	1	0	2	1	0	3	0	0	0	0	1	2	2	0	0	2	3	1	0	0	2	2	2	
0	2	0	0	2	3	0	3	0	2	2	0	0	0	1	0	1	2	2	0	0	2	0	1	0	0	1	2	
0	1	1	0	3	1	0	3	0	0	2	0	1	0	0	0	1	2	0	3	2	1	0	1	0	0	2	2	
0	2	1	0	0	1	1	2	1	0	2	0	3	0	2	0	1	2	0	0	0	1	0	2	0	0	2	1	
0	2	2	0	2	0	0	2	1	0	2	0	3	0	0	0	1	1	0	0	2	1	3	2	0	0	0	0	
0	2	1	3	2	3	0	2	0	0	2	0	0	0	0	0	1	2	0	0	2	1	0	2	0	0	0	1	
0	0	1	0	2	1	1	2	0	0	2	0	3	0	0	0	1	2	0	0	2	1	0	2	0	0	2	2	
1	1	1	3	2	2	1	3	0	0	1	0	0	0	0	0	0	2	0	1	2	1	0	0	0	2	1	2	
0	2	1	0	2	2	0	2	0	0	2	0	0	0	0	0	0	2	0	0	2	3	0	2	0	0	1	2	
0	2	2	3	0	1	0	0	0	0	2	0	3	0	0	0	1	2	0	3	2	1	0	2	0	2	2	2	
0	2	1	0	2	3	0	0	0	0	2	0	0	2	0	0	1	1	0	0	2	1	0	2	0	0	1	2	
0	2	1	3	3	0	0	2	0	0	2	0	3	2	0	0	0	2	0	0	0	2	0	0	0	0	1	2	
0	2	1	3	2	0	0	2	2	0	2	0	0	0	2	0	1	2	1	0	2	1	0	2	0	0	1	1	
1	2	1	0	2	1	0	2	0	0	2	0	0	0	0	0	1	2	2	0	1	1	1	2	0	0	1	2	
0	1	2	0	2	1	0	2	0	1	2	0	3	0	0	0	1	2	0	3	2	2	0	2	1	0	0	2	
0	2	1	3	2	1	0	2	0	0	3	0	0	2	0	0	1	1	0	0	2	1	0	0	0	0	1	2	
0	2	2	0	2	3	0	2	1	0	2	0	0	2	2	0	1	0	0	0	2	1	0	2	0	0	1	2	
0	0	1	0	2	0	0	0	0	0	2	0	0	0	0	0	1	2	0	0	0	1	0	1	0	0	1	2	
0	2	1	0	0	1	1	2	1	2	2	0	0	0	2	0	1	2	1	0	3	0	0	2	0	0	0	0	
0	0	0	1	2	0	0	0	0	2	3	0	0	0	2	0	1	1	0	0	2	0	0	2	0	0	1	2	
0	2	0	0	2	1	0	3	0	2	2	0	0	0	0	0	1	2	0	0	3	0	0	2	0	2	1	2	
0	2	1	0	3	1	0	2	0	0	2	0	0	0	0	0	1	2	0	0	0	1	1	2	0	0	2	2	
0	1	2	0	2	3	0	3	2	0	3	0	0	2	0	2	1	2	0	0	2	1	0	2	0	0	1	2	
0	2	1	0	2	1	0	2	0	2	3	0	0	0	0	0	1	2	0	0	2	2	0	0	0	0	2	2	
0	2	2	0	2	1	0	0	0	0	2	0	0	2	0	0	1	2	0	0	3	3	0	2	0	0	1	2	
0	0	1	0	2	1	0	2	1	0	3	0	0	0	0	0	1	2	0	3	2	1	3	2	0	0	0	0	
0	2	1	0	2	1	0	0	0	2	2	0	0	2	2	0	1	1	0	0	2	3	0	2	0	0	1	2	
1	2	1	0	2	0	2	2	0	0	2	0	1	0	2	0	2	2	0	0	2	1	0	0	0	2	1	2	
0	2	2	0	2	1	1	2	0	0	2	0	0	2	3	0	2	1	0	0	2	1	0	2	0	0	1	2	
0	1	2	0	2	1	0	0	0	1	2	0	0	0	0	2	1	2	1	0	2	1	1	2	0	0	1	2	
0	0	2	3	3	3	0	2	0	0	2	0	0	0	0	0	2	1	0	0	0	1	0	2	1	0	1	2	
0	2	0	0	2	1	0	2	0	0	2	0	0	0	2	0	1	1	0	0	2	1	0	0	0	0	2	2	
0	0	1	0	1	1	0	2	1	0	2	0	0	0	2	0	0	2	0	3	0	2	0	2	1	0	1	0	
0	0	1	0	0	1	2	2	0	0	3	3	0	0	0	0	1	2	0	0	2	1	0	0	1	0	0	2	
0	1	1	0	2	1	0	2	0	0	2	0	0	0	0	0	2	1	0	0	3	1	1	2	0	0	1	2	
0	2	1	0	2	1	0	2	0	0	2	0	0	0	0	0	1	2	0	0	2	1	1	2	0	2	1	2	
0	2	1	0	2	1	1	2	0	0	2	0	0	0	2	0	1	2	0	0	2	1	0	1	0	2	2	2	
0	2	1	0	2	0	0	2	0	2	2	0	0	2	0	2	2	2	0	0	2	1	0	2	0	0	0	2	
--------------------

--------------------
Best Solution Found!
--------------------
Time: 0 hour(s), 0 minute(s), 0 second(s), 543 millisecond(s)

Fitness: 302121

1	1	0	0	3	1	0	2	0	0	2	0	0	1	0	2	1	1	0	0	2	0	0	2	0	0	2	2	
3	2	1	0	2	3	0	3	0	0	1	0	0	0	0	0	1	2	0	0	2	0	1	2	0	0	1	2	
0	2	1	0	0	1	1	2	0	1	2	0	0	0	0	0	1	2	0	0	0	1	0	2	0	0	1	1	
0	2	1	1	2	0	1	2	1	0	2	0	0	0	0	0	1	2	0	0	2	1	0	2	0	0	1	1	
0	0	1	0	2	1	0	0	0	0	2	0	0	0	0	0	1	2	0	0	0	1	0	1	0	0	0	1	
0	2	1	0	1	0	0	3	0	0	2	0	0	2	0	0	1	2	0	0	2	1	0	2	0	0	1	2	
0	1	0	0	2	1	0	0	0	0	2	0	0	0	0	0	1	2	0	0	1	0	0	0	0	0	1	1	
1	2	1	0	0	1	0	3	2	0	2	0	0	0	0	0	1	2	0	0	1	1	0	0	0	0	1	1	
0	2	1	0	2	1	0	2	0	0	2	0	0	0	0	2	1	2	0	0	0	1	3	2	0	2	1	2	
1	2	2	3	3	1	0	2	0	0	3	2	0	0	0	2	1	2	0	0	3	1	0	1	0	0	1	0	
0	2	1	0	2	2	1	2	0	2	2	0	0	1	3	2	1	2	0	0	1	1	0	0	1	3	0	1	
0	2	0	0	2	1	0	2	0	0	2	0	0	0	0	0	2	2	0	0	2	1	1	0	0	3	1	1	
0	2	1	0	3	1	0	0	0	0	2	0	0	0	0	0	2	2	0	3	2	1	0	1	0	0	1	2	
0	0	1	0	3	1	2	0	0	0	2	0	0	0	0	0	2	2	2	0	2	1	0	2	2	0	1	2	
0	2	2	0	2	0	0	2	0	0	2	0	0	2	0	0	2	2	0	0	3	1	0	1	0	0	1	2	
0	1	1	0	2	1	0	3	1	0	3	0	3	1	0	0	1	2	0	0	0	2	0	2	0	2	1	2	
0	2	1	0	2	1	0	3	0	2	2	0	0	0	2	0	1	2	0	3	2	0	0	1	0	0	0	1	
0	1	1	0	2	0	0	2	1	0	3	2	0	0	0	1	1	1	0	0	2	1	1	2	0	2	1	2	
3	2	1	0	2	1	0	2	0	0	2	0	0	0	0	0	1	2	0	0	2	1	0	1	0	0	1	2	
0	0	1	0	2	1	1	0	0	0	2	0	0	0	0	0	1	2	2	1	2	0	0	2	1	0	1	2	
0	2	1	0	2	1	1	2	0	2	2	0	0	0	2	0	2	2	0	0	2	3	0	0	0	0	1	2	
1	2	0	0	1	1	0	2	1	0	2	0	0	0	0	0	1	1	2	0	0	1	1	2	0	0	1	2	
1	2	1	0	2	1	0	2	1	0	3	0	0	0	0	1	2	2	0	0	2	3	1	0	0	2	2	2	
0	2	0	0	2	3	0	3	0	2	2	0	0	0	1	0	1	2	2	0	0	2	0	1	0	0	1	2	
0	1	1	0	3	1	0	3	0	0	2	0	1	0	0	0	1	2	0	3	2	1	0	1	0	0	2	2	
0	2	1	0	0	1	1	2	1	0	2	0	3	0	2	0	1	2	0	0	0	1	0	2	0	0	2	1	
0	2	2	0	2	0	0	2	1	0	2	0	3	0	0	0	1	1	0	0	2	1	3	2	0	0	0	0	
0	2	1	3	2	3	0	2	0	0	2	0	0	0	0	0	1	2	0	0	2	1	0	2	0	0	0	1	
0	0	1	0	2	1	1	2	0	0	2	0	3	0	0	0	1	2	0	0	2	1	0	2	0	0	2	2	
1	1	1	3	2	2	1	3	0	0	1	0	0	0	0	0	0	2	0	1	2	1	0	0	0	2	1	2	
0	2	1	0	2	2	0	2	0	0	2	0	0	0	0	0	0	2	0	0	2	3	0	2	0	0	1	2	
0	2	2	3	0	1	0	0	0	0	2	0	3	0	0	0	1	2	0	3	2	1	0	2	0	2	2	2	
0	2	1	0	2	3	0	0	0	0	2	0	0	2	0	0	1	1	0	0	2	1	0	2	0	0	1	2	
0	2	1	3	3	0	0	2	0	0	2	0	3	2	0	0	0	2	0	0	0	2	0	0	0	0	1	2	
0	2	1	3	2	0	0	2	2	0	2	0	0	0	2	0	1	2	1	0	2	1	0	2	0	0	1	1	
1	2	1	0	2	1	0	2	0	0	2	0	0	0	0	0	1	2	2	0	1	1	1	2	0	0	1	2	
0	1	2	0	2	1	0	2	0	1	2	0	3	0	0	0	1	2	0	3	2	2	0	2	1	0	0	2	
0	2	1	3	2	1	0	2	0	0	3	0	0	2	0	0	1	1	0	0	2	1	0	0	0	0	1	2	
0	2	2	0	2	3	0	2	1	0	2	0	0	2	2	0	1	0	0	0	2	1	0	2	0	0	1	2	
0	0	1	0	2	0	0	0	0	0	2	0	0	0	0	0	1	2	0	0	0	1	0	1	0	0	1	2	
0	2	1	0	0	1	1	2	1	2	2	0	0	0	2	0	1	2	1	0	3	0	0	2	0	0	0	0	
0	0	0	1	2	0	0	0	0	2	3	0	0	0	2	0	1	1	0	0	2	0	0	2	0	0	1	2	
0	2	0	0	2	1	0	3	0	2	2	0	0	0	0	0	1	2	0	0	3	0	0	2	0	2	1	2	
0	2	1	0	3	1	0	2	0	0	2	0	0	0	0	0	1	2	0	0	0	1	1	2	0	0	2	2	
0	1	2	0	2	3	0	3	2	0	3	0	0	2	0	2	1	2	0	0	2	1	0	2	0	0	1	2	
0	2	1	0	2	1	0	2	0	2	3	0	0	0	0	0	1	2	0	0	2	2	0	0	0	0	2	2	
0	2	2	0	2	1	0	0	0	0	2	0	0	2	0	0	1	2	0	0	3	3	0	2	0	0	1	2	
0	0	1	0	2	1	0	2	1	0	3	0	0	0	0	0	1	2	0	3	2	1	3	2	0	0	0	0	
0	2	1	0	2	1	0	0	0	2	2	0	0	2	2	0	1	1	0	0	2	3	0	2	0	0	1	2	
1	2	1	0	2	0	2	2	0	0	2	0	1	0	2	0	2	2	0	0	2	1	0	0	0	2	1	2	
0	2	2	0	2	1	1	2	0	0	2	0	0	2	3	0	2	1	0	0	2	1	0	2	0	0	1	2	
0	1	2	0	2	1	0	0	0	1	2	0	0	0	0	2	1	2	1	0	2	1	1	2	0	0	1	2	
0	0	2	3	3	3	0	2	0	0	2	0	0	0	0	0	2	1	0	0	0	1	0	2	1	0	1	2	
0	2	0	0	2	1	0	2	0	0	2	0	0	0	2	0	1	1	0	0	2	1	0	0	0	0	2	2	
0	0	1	0	1	1	0	2	1	0	2	0	0	0	2	0	0	2	0	3	0	2	0	2	1	0	1	0	
0	0	1	0	0	1	2	2	0	0	3	3	0	0	0	0	1	2	0	0	2	1	0	0	1	0	0	2	
0	1	1	0	2	1	0	2	0	0	2	0	0	0	0	0	2	1	0	0	3	1	1	2	0	0	1	2	
0	2	1	0	2	1	0	2	0	0	2	0	0	0	0	0	1	2	0	0	2	1	1	2	0	2	1	2	
0	2	1	0	2	1	1	2	0	0	2	0	0	0	2	0	1	2	0	0	2	1	0	1	0	2	2	2	
0	2	1	0	2	0	0	2	0	2	2	0	0	2	0	2	2	2	0	0	2	1	0	2	0	0	0	2	
--------------------

--------------------
Best Solution Found!
--------------------
Time: 0 hour(s), 0 minute(s), 1 second(s), 470 millisecond(s)

Fitness: 299079

0	1	1	0	1	0	0	3	0	0	2	0	0	0	0	0	1	1	0	0	2	1	0	2	0	2	1	2	
0	2	1	0	2	0	0	2	1	2	3	0	3	0	2	0	1	2	0	0	2	1	0	0	0	0	1	2	
0	2	1	0	3	1	0	0	0	0	2	0	0	0	2	0	1	2	0	0	2	0	1	0	0	0	1	1	
0	2	1	0	2	1	0	2	1	2	3	0	0	2	0	0	1	2	0	1	3	1	0	0	0	0	0	2	
0	2	2	0	2	1	0	2	1	0	2	0	0	1	0	0	1	2	1	0	3	1	0	2	0	2	1	1	
0	2	1	0	2	1	0	2	0	2	2	0	0	0	0	0	1	1	0	0	2	0	1	2	0	0	1	1	
0	1	1	0	2	1	0	0	0	0	2	0	0	0	0	0	1	2	2	0	1	1	0	2	0	2	2	2	
3	0	0	3	3	0	0	3	1	0	2	0	0	0	0	0	1	2	1	0	2	1	0	0	0	0	1	0	
0	2	1	0	2	3	1	2	0	0	2	0	0	2	3	0	2	2	0	0	1	0	0	2	0	0	1	2	
0	2	1	0	2	0	0	2	0	0	2	0	0	0	0	0	2	2	0	0	2	1	0	2	0	0	1	1	
0	2	1	0	3	3	0	2	0	0	2	0	0	0	0	0	1	2	0	0	0	1	0	1	0	0	1	0	
0	2	1	0	2	1	0	2	0	0	2	0	0	0	0	0	1	2	2	0	2	1	0	2	0	0	1	2	
3	2	1	1	2	1	0	2	1	0	2	3	0	0	0	0	1	2	0	3	2	3	0	2	1	0	2	2	
0	2	1	3	3	1	1	0	0	0	2	2	0	2	0	2	1	1	0	3	2	1	0	1	0	2	0	0	
0	2	1	0	2	1	1	2	0	2	3	0	3	0	2	0	1	1	0	0	2	1	0	2	0	0	1	2	
0	1	1	0	2	1	0	2	0	0	2	0	3	0	2	0	0	2	0	3	2	2	0	1	0	0	1	2	
0	0	0	0	2	1	0	3	0	1	3	0	3	0	0	0	1	2	0	0	2	2	3	1	0	0	1	2	
1	2	0	0	3	1	0	2	2	0	2	0	0	2	0	0	1	2	0	0	3	0	0	2	0	0	1	2	
0	0	1	0	2	0	0	0	0	0	3	0	0	0	0	0	1	2	0	0	2	1	1	1	1	0	1	2	
0	2	2	0	2	1	0	2	1	0	2	0	0	0	2	0	1	2	0	0	2	1	0	1	0	3	1	2	
0	2	1	0	2	1	0	3	0	2	2	0	3	2	0	0	2	2	0	0	2	1	0	0	0	2	1	2	
0	2	1	3	2	0	0	2	0	0	2	0	0	0	2	2	0	2	0	3	3	1	0	2	0	2	2	2	
0	2	1	0	2	1	1	2	1	0	2	0	0	0	0	2	2	0	2	0	2	1	0	2	0	0	1	2	
0	2	1	3	2	1	2	2	2	0	2	2	0	0	0	0	1	2	0	0	2	1	0	2	0	0	1	1	
0	0	1	0	2	1	0	0	0	0	2	0	0	0	0	0	1	1	1	0	0	0	0	0	0	0	0	2	
0	0	0	0	2	0	0	0	0	0	2	0	0	0	0	0	1	2	0	0	2	2	0	2	0	0	1	2	
0	2	1	3	3	1	0	2	0	0	2	0	3	1	2	0	1	1	0	0	2	3	0	2	0	0	2	2	
0	2	1	0	2	3	2	2	0	0	2	0	0	0	0	2	1	2	0	0	2	1	0	2	0	0	1	2	
0	2	1	0	2	1	0	3	0	1	2	0	0	0	0	0	2	1	0	0	0	1	0	1	1	0	1	2	
0	2	0	0	2	2	0	0	0	0	2	0	0	0	0	0	2	1	0	0	2	3	0	1	0	2	1	2	
0	0	0	3	0	0	1	2	0	1	2	0	0	0	0	0	1	2	0	3	2	2	1	2	0	0	1	2	
0	2	2	0	0	1	0	0	0	0	1	0	0	0	0	2	1	1	0	0	3	1	0	0	0	0	1	1	
0	1	1	0	2	1	0	0	0	0	3	0	0	0	0	0	1	1	0	0	2	1	0	2	0	0	1	2	
0	2	1	3	3	3	0	2	0	0	3	0	3	0	0	2	1	2	0	0	1	1	0	1	2	0	1	2	
0	1	1	0	2	1	1	2	0	0	1	0	0	0	2	0	1	1	2	0	2	0	1	2	1	0	1	2	
1	2	1	0	2	1	0	2	0	2	2	0	0	2	0	0	2	2	0	0	0	1	0	0	1	0	1	2	
1	2	2	0	2	1	0	3	0	0	2	0	0	0	0	0	1	2	0	0	0	1	1	2	0	0	1	2	
0	2	2	0	1	1	1	3	0	0	2	0	1	0	0	0	1	2	0	3	2	1	0	2	0	0	1	2	
1	1	2	0	2	1	1	0	0	0	2	0	0	0	0	0	1	2	0	0	0	1	0	2	0	0	1	2	
0	2	2	0	0	1	0	2	0	0	3	0	0	1	0	0	1	2	2	0	2	0	1	2	0	0	2	2	
1	1	1	0	2	1	0	2	0	0	2	0	0	0	0	0	1	2	0	0	3	3	0	2	0	0	0	0	
0	2	1	0	2	3	0	0	0	0	2	0	0	2	0	0	2	2	0	0	2	1	0	0	0	0	2	2	
0	1	1	0	2	1	1	3	0	0	2	0	0	2	2	0	1	2	0	0	1	1	1	2	0	0	0	0	
0	2	1	0	2	1	0	2	0	0	2	0	0	0	2	2	1	2	0	0	2	1	0	0	0	0	1	1	
0	2	1	0	0	1	0	2	0	0	2	0	0	0	2	0	1	2	0	0	0	1	0	2	0	0	0	2	
0	0	0	0	2	1	0	2	0	2	2	0	0	0	0	0	1	1	0	0	2	3	0	2	0	0	1	1	
1	2	1	0	2	1	0	2	0	0	2	0	0	0	0	0	1	2	0	0	2	1	1	2	0	0	1	2	
0	0	0	0	0	1	0	2	0	0	2	0	0	0	0	0	2	2	0	0	0	1	0	0	0	0	2	2	
0	2	2	0	2	1	0	2	1	2	2	0	0	0	0	0	1	2	0	3	2	1	0	2	0	0	0	2	
0	2	2	0	3	1	0	2	0	0	2	0	0	0	0	0	0	2	0	0	2	2	0	2	0	0	0	2	
0	1	1	0	2	3	1	2	1	0	2	0	0	0	0	0	0	2	0	0	2	1	0	2	0	3	2	2	
0	1	2	0	2	2	0	0	0	0	3	0	0	2	1	0	2	2	0	0	2	1	3	1	1	0	2	2	
0	2	1	0	1	1	0	2	0	2	2	0	1	0	0	0	2	2	0	0	2	1	0	2	0	0	1	1	
0	2	1	1	0	2	0	3	0	0	2	0	0	2	0	1	1	2	0	0	2	1	1	2	0	2	2	2	
0	0	2	0	2	1	0	2	2	0	2	0	0	0	0	0	1	2	0	1	2	1	3	0	0	2	1	2	
1	0	1	0	2	1	1	2	0	0	2	0	0	0	0	0	1	2	0	0	0	1	0	0	0	2	1	2	
0	2	1	0	2	0	2	3	1	0	2	0	0	0	2	0	1	2	0	0	0	1	0	2	0	0	1	2	
0	2	1	3	2	0	0	2	0	2	2	0	0	2	3	1	1	2	0	0	0	0	0	2	0	0	1	2	
1	2	1	0	2	0	0	2	0	0	2	0	0	0	0	0	1	2	0	0	2	1	0	2	0	0	0	1	
0	2	1	0	2	3	0	2	1	0	3	0	0	0	0	0	1	2	0	0	0	2	0	2	0	0	0	1	
--------------------

--------------------
Best Solution Found!
--------------------
Time: 0 hour(s), 0 minute(s), 4 second(s), 940 millisecond(s)

Fitness: 296085

1	0	1	0	2	3	1	2	0	0	2	0	0	0	0	0	2	2	0	0	2	1	0	2	0	0	1	2	
0	2	1	0	2	1	0	2	2	0	2	0	0	0	0	0	2	2	0	0	1	1	1	2	0	0	1	2	
0	2	2	0	2	1	1	0	0	0	2	0	0	0	2	0	1	2	0	0	0	2	0	2	0	0	1	1	
0	2	1	0	2	1	0	2	1	0	2	0	0	2	2	0	1	2	0	3	2	1	0	1	0	0	2	2	
0	2	1	0	2	2	0	0	0	0	2	0	3	2	0	0	1	2	0	0	3	1	0	0	0	0	1	2	
1	2	1	0	2	0	2	2	0	0	2	0	0	2	0	0	1	2	0	0	2	1	1	1	0	0	1	2	
0	2	1	0	3	1	0	2	0	2	2	0	0	0	0	1	1	2	0	3	0	1	0	2	1	0	2	1	
0	2	1	0	2	1	0	2	0	0	2	0	0	0	0	0	1	2	0	0	2	1	0	2	0	2	2	2	
0	2	1	0	2	1	0	0	0	2	2	0	0	0	0	0	1	2	0	0	2	1	0	0	0	0	1	2	
1	2	1	3	3	1	0	3	0	0	2	0	0	2	3	0	1	1	0	0	2	0	0	1	0	0	1	1	
0	0	2	3	3	0	0	2	0	0	3	0	0	2	2	1	0	2	0	0	0	1	0	1	0	2	0	2	
0	2	1	0	2	1	2	2	0	0	3	0	0	0	2	0	1	2	0	0	2	2	1	2	0	2	1	2	
1	0	0	0	2	1	0	3	0	0	2	0	0	0	0	0	1	2	1	0	2	0	1	0	0	0	0	2	
0	2	2	0	2	1	0	0	0	0	2	0	1	0	0	0	1	1	0	0	2	2	0	0	0	0	1	2	
0	2	0	3	0	2	0	3	1	0	2	0	0	0	0	0	1	2	0	0	2	1	0	0	0	2	0	2	
0	2	1	0	2	0	1	2	0	0	3	0	0	0	2	0	1	2	0	0	2	1	0	2	0	0	1	1	
0	2	1	0	1	1	0	2	0	0	3	0	3	0	0	0	0	2	0	0	2	1	0	0	0	0	0	0	
0	1	1	0	2	1	0	2	0	0	2	0	0	1	0	2	2	2	0	1	3	1	0	0	0	0	1	2	
0	1	1	3	2	0	0	2	0	0	2	3	3	0	2	2	1	2	2	0	2	1	0	2	0	0	1	2	
0	2	2	3	2	2	0	2	0	2	2	0	3	0	0	0	1	2	1	0	0	2	0	2	0	0	1	2	
0	2	1	0	0	1	0	2	0	0	2	0	0	0	0	0	1	1	0	3	2	1	0	2	0	2	0	2	
1	1	0	0	2	1	1	2	0	0	2	0	0	0	0	0	1	2	0	1	2	1	0	2	0	0	1	2	
1	2	2	3	2	1	1	2	1	0	2	0	0	0	0	0	1	2	0	0	1	1	0	2	0	0	0	2	
0	2	1	0	2	3	0	0	0	0	2	0	0	0	0	0	0	2	0	0	0	1	0	0	0	0	1	2	
0	2	1	0	3	3	1	0	0	1	2	0	0	0	0	0	1	2	0	0	2	1	0	2	1	0	1	2	
0	2	0	1	3	3	0	2	2	1	3	0	0	2	0	0	1	2	0	0	2	1	0	2	0	0	1	1	
0	2	1	0	2	3	1	2	0	0	2	0	0	0	0	0	1	2	0	3	2	0	0	2	0	0	1	1	
0	0	1	3	2	1	0	0	0	1	2	0	0	0	0	0	1	1	0	0	2	1	0	2	1	0	1	1	
0	2	1	0	1	1	0	3	0	0	2	0	0	1	2	0	1	2	0	0	2	3	0	2	0	0	1	2	
0	2	1	0	2	1	2	2	0	0	2	0	0	2	0	2	1	2	0	0	2	0	0	2	0	0	1	2	
0	2	2	0	2	1	0	2	0	0	2	0	1	2	0	0	2	2	2	0	2	1	0	1	0	2	1	2	
0	2	1	0	2	1	0	2	1	2	1	0	0	0	0	0	1	1	0	0	1	1	0	0	0	0	1	2	
0	0	1	0	2	0	0	2	0	2	2	0	0	0	0	0	1	2	0	0	2	3	0	2	0	0	1	2	
0	0	1	0	0	0	0	3	0	0	2	0	0	0	1	0	1	2	0	0	2	2	0	0	0	0	1	2	
0	1	0	0	2	1	1	0	0	0	2	0	0	0	0	0	1	0	2	0	1	1	0	2	0	0	1	0	
1	1	1	0	2	3	0	0	0	0	2	0	0	0	0	0	2	2	0	0	0	1	1	1	0	0	1	1	
0	2	1	0	2	0	0	2	1	0	3	0	0	0	2	2	1	2	0	0	0	1	0	1	0	0	1	1	
0	2	2	0	2	1	0	2	0	0	2	0	0	2	0	2	1	2	0	0	2	0	0	2	2	0	2	2	
0	0	2	0	2	1	0	2	0	0	2	0	0	0	0	2	1	2	0	0	2	0	1	2	0	0	2	2	
0	0	1	0	2	1	0	2	0	2	2	0	0	2	0	0	1	2	0	0	2	1	0	1	0	0	2	2	
0	2	1	0	3	1	0	2	0	0	2	0	0	0	0	0	1	1	0	0	2	1	0	2	1	0	1	1	
0	2	1	0	0	1	1	2	0	0	3	0	0	0	0	0	1	2	0	0	2	1	1	2	0	0	2	2	
0	2	2	0	0	1	0	2	1	0	2	0	0	0	0	0	1	2	0	0	0	0	0	2	0	3	1	2	
0	1	1	1	2	0	0	2	0	2	3	0	0	0	0	0	2	2	0	0	2	1	0	0	0	2	1	2	
0	2	1	0	2	0	0	2	0	0	2	0	0	1	0	0	1	2	0	0	3	1	0	2	0	0	1	2	
0	2	1	0	2	1	0	3	0	0	1	0	0	0	0	0	0	1	0	0	3	1	1	2	0	3	0	2	
0	2	1	0	3	3	0	2	0	0	2	2	0	0	2	2	1	2	0	0	2	1	0	2	0	0	0	2	
0	2	1	0	2	1	0	3	2	0	2	2	3	0	0	0	2	1	0	3	0	3	0	2	0	0	2	1	
0	1	2	0	2	0	0	3	0	2	2	0	0	0	0	0	1	1	0	0	2	1	0	2	1	2	1	2	
0	2	1	0	2	0	0	2	1	2	2	0	0	0	0	0	2	2	0	0	0	1	1	2	0	0	1	2	
0	1	0	0	2	1	0	0	1	0	2	0	0	0	3	0	1	2	2	3	2	2	3	2	0	0	0	0	
0	1	1	0	2	1	0	2	1	2	3	0	3	0	0	0	2	1	0	0	2	1	1	2	0	2	1	2	
3	0	0	0	2	1	0	2	0	0	2	0	0	0	2	0	1	2	2	0	3	3	0	0	0	0	1	2	
1	2	1	0	2	1	0	0	0	0	2	0	0	0	0	0	1	1	0	0	3	1	0	0	0	0	1	2	
0	2	2	0	3	1	0	2	1	0	2	0	0	0	0	0	1	2	0	0	2	1	0	2	0	0	2	0	
0	0	1	3	0	1	1	0	0	0	2	0	0	0	2	0	1	2	0	0	0	3	3	2	1	2	1	2	
0	1	0	0	2	1	0	3	1	0	3	0	3	2	0	0	2	1	0	0	0	1	3	2	0	0	0	0	
0	2	1	0	1	1	1	3	0	0	2	0	0	0	2	0	1	2	0	0	2	1	0	1	0	0	2	2	
3	2	1	0	2	1	0	2	0	0	2	0	0	0	0	0	1	2	0	3	2	0	0	2	0	0	1	2	
0	2	1	0	2	1	0	2	0	0	2	0	0	0	0	0	2	2	1	0	2	1	0	1	0	0	1	2	
--------------------

--------------------
Best Solution Found!
--------------------
Time: 0 hour(s), 0 minute(s), 4 second(s), 943 millisecond(s)

Fitness: 296085

1	0	1	0	2	3	1	2	0	0	2	0	0	0	0	0	2	2	0	0	2	1	0	2	0	0	1	2	
0	2	1	0	2	1	0	2	2	0	2	0	0	0	0	0	2	2	0	0	1	1	1	2	0	0	1	2	
0	2	2	0	2	1	1	0	0	0	2	0	0	0	2	0	1	2	0	0	0	2	0	2	0	0	1	1	
0	2	1	0	2	1	0	2	1	0	2	0	0	2	2	0	1	2	0	3	2	1	0	1	0	0	2	2	
0	2	1	0	2	2	0	0	0	0	2	0	3	2	0	0	1	2	0	0	3	1	0	0	0	0	1	2	
1	2	1	0	2	0	2	2	0	0	2	0	0	2	0	0	1	2	0	0	2	1	1	1	0	0	1	2	
0	2	1	0	3	1	0	2	0	2	2	0	0	0	0	1	1	2	0	3	0	1	0	2	1	0	2	1	
0	2	1	0	2	1	0	2	0	0	2	0	0	0	0	0	1	2	0	0	2	1	0	2	0	2	2	2	
0	2	1	0	2	1	0	0	0	2	2	0	0	0	0	0	1	2	0	0	2	1	0	0	0	0	1	2	
1	2	1	3	3	1	0	3	0	0	2	0	0	2	3	0	1	1	0	0	2	0	0	1	0	0	1	1	
0	0	2	3	3	0	0	2	0	0	3	0	0	2	2	1	0	2	0	0	0	1	0	1	0	2	0	2	
0	2	1	0	2	1	2	2	0	0	3	0	0	0	2	0	1	2	0	0	2	2	1	2	0	2	1	2	
1	0	0	0	2	1	0	3	0	0	2	0	0	0	0	0	1	2	1	0	2	0	1	0	0	0	0	2	
0	2	2	0	2	1	0	0	0	0	2	0	1	0	0	0	1	1	0	0	2	2	0	0	0	0	1	2	
0	2	0	3	0	2	0	3	1	0	2	0	0	0	0	0	1	2	0	0	2	1	0	0	0	2	0	2	
0	2	1	0	2	0	1	2	0	0	3	0	0	0	2	0	1	2	0	0	2	1	0	2	0	0	1	1	
0	2	1	0	1	1	0	2	0	0	3	0	3	0	0	0	0	2	0	0	2	1	0	0	0	0	0	0	
0	1	1	0	2	1	0	2	0	0	2	0	0	1	0	2	2	2	0	1	3	1	0	0	0	0	1	2	
0	1	1	3	2	0	0	2	0	0	2	3	3	0	2	2	1	2	2	0	2	1	0	2	0	0	1	2	
0	2	2	3	2	2	0	2	0	2	2	0	3	0	0	0	1	2	1	0	0	2	0	2	0	0	1	2	
0	2	1	0	0	1	0	2	0	0	2	0	0	0	0	0	1	1	0	3	2	1	0	2	0	2	0	2	
1	1	0	0	2	1	1	2	0	0	2	0	0	0	0	0	1	2	0	1	2	1	0	2	0	0	1	2	
1	2	2	3	2	1	1	2	1	0	2	0	0	0	0	0	1	2	0	0	1	1	0	2	0	0	0	2	
0	2	1	0	2	3	0	0	0	0	2	0	0	0	0	0	0	2	0	0	0	1	0	0	0	0	1	2	
0	2	1	0	3	3	1	0	0	1	2	0	0	0	0	0	1	2	0	0	2	1	0	2	1	0	1	2	
0	2	0	1	3	3	0	2	2	1	3	0	0	2	0	0	1	2	0	0	2	1	0	2	0	0	1	1	
0	2	1	0	2	3	1	2	0	0	2	0	0	0	0	0	1	2	0	3	2	0	0	2	0	0	1	1	
0	0	1	3	2	1	0	0	0	1	2	0	0	0	0	0	1	1	0	0	2	1	0	2	1	0	1	1	
0	2	1	0	1	1	0	3	0	0	2	0	0	1	2	0	1	2	0	0	2	3	0	2	0	0	1	2	
0	2	1	0	2	1	2	2	0	0	2	0	0	2	0	2	1	2	0	0	2	0	0	2	0	0	1	2	
0	2	2	0	2	1	0	2	0	0	2	0	1	2	0	0	2	2	2	0	2	1	0	1	0	2	1	2	
0	2	1	0	2	1	0	2	1	2	1	0	0	0	0	0	1	1	0	0	1	1	0	0	0	0	1	2	
0	0	1	0	2	0	0	2	0	2	2	0	0	0	0	0	1	2	0	0	2	3	0	2	0	0	1	2	
0	0	1	0	0	0	0	3	0	0	2	0	0	0	1	0	1	2	0	0	2	2	0	0	0	0	1	2	
0	1	0	0	2	1	1	0	0	0	2	0	0	0	0	0	1	0	2	0	1	1	0	2	0	0	1	0	
1	1	1	0	2	3	0	0	0	0	2	0	0	0	0	0	2	2	0	0	0	1	1	1	0	0	1	1	
0	2	1	0	2	0	0	2	1	0	3	0	0	0	2	2	1	2	0	0	0	1	0	1	0	0	1	1	
0	2	2	0	2	1	0	2	0	0	2	0	0	2	0	2	1	2	0	0	2	0	0	2	2	0	2	2	
0	0	2	0	2	1	0	2	0	0	2	0	0	0	0	2	1	2	0	0	2	0	1	2	0	0	2	2	
0	0	1	0	2	1	0	2	0	2	2	0	0	2	0	0	1	2	0	0	2	1	0	1	0	0	2	2	
0	2	1	0	3	1	0	2	0	0	2	0	0	0	0	0	1	1	0	0	2	1	0	2	1	0	1	1	
0	2	1	0	0	1	1	2	0	0	3	0	0	0	0	0	1	2	0	0	2	1	1	2	0	0	2	2	
0	2	2	0	0	1	0	2	1	0	2	0	0	0	0	0	1	2	0	0	0	0	0	2	0	3	1	2	
0	1	1	1	2	0	0	2	0	2	3	0	0	0	0	0	2	2	0	0	2	1	0	0	0	2	1	2	
0	2	1	0	2	0	0	2	0	0	2	0	0	1	0	0	1	2	0	0	3	1	0	2	0	0	1	2	
0	2	1	0	2	1	0	3	0	0	1	0	0	0	0	0	0	1	0	0	3	1	1	2	0	3	0	2	
0	2	1	0	3	3	0	2	0	0	2	2	0	0	2	2	1	2	0	0	2	1	0	2	0	0	0	2	
0	2	1	0	2	1	0	3	2	0	2	2	3	0	0	0	2	1	0	3	0	3	0	2	0	0	2	1	
0	1	2	0	2	0	0	3	0	2	2	0	0	0	0	0	1	1	0	0	2	1	0	2	1	2	1	2	
0	2	1	0	2	0	0	2	1	2	2	0	0	0	0	0	2	2	0	0	0	1	1	2	0	0	1	2	
0	1	0	0	2	1	0	0	1	0	2	0	0	0	3	0	1	2	2	3	2	2	3	2	0	0	0	0	
0	1	1	0	2	1	0	2	1	2	3	0	3	0	0	0	2	1	0	0	2	1	1	2	0	2	1	2	
3	0	0	0	2	1	0	2	0	0	2	0	0	0	2	0	1	2	2	0	3	3	0	0	0	0	1	2	
1	2	1	0	2	1	0	0	0	0	2	0	0	0	0	0	1	1	0	0	3	1	0	0	0	0	1	2	
0	2	2	0	3	1	0	2	1	0	2	0	0	0	0	0	1	2	0	0	2	1	0	2	0	0	2	0	
0	0	1	3	0	1	1	0	0	0	2	0	0	0	2	0	1	2	0	0	0	3	3	2	1	2	1	2	
0	1	0	0	2	1	0	3	1	0	3	0	3	2	0	0	2	1	0	0	0	1	3	2	0	0	0	0	
0	2	1	0	1	1	1	3	0	0	2	0	0	0	2	0	1	2	0	0	2	1	0	1	0	0	2	2	
3	2	1	0	2	1	0	2	0	0	2	0	0	0	0	0	1	2	0	3	2	0	0	2	0	0	1	2	
0	2	1	0	2	1	0	2	0	0	2	0	0	0	0	0	2	2	1	0	2	1	0	1	0	0	1	2	
--------------------

--------------------
Best Solution Found!
--------------------
Time: 0 hour(s), 0 minute(s), 10 second(s), 740 millisecond(s)

Fitness: 295102

0	2	1	0	2	1	0	2	0	0	3	0	3	0	0	0	1	1	0	0	2	1	0	2	0	0	1	2	
0	1	1	3	2	1	0	2	0	2	3	0	1	0	0	0	1	2	0	0	1	1	3	1	0	3	1	2	
1	0	2	0	2	2	0	0	0	0	2	0	1	2	0	2	2	2	0	0	2	1	0	0	0	0	2	2	
1	2	1	0	2	2	0	0	1	0	3	0	0	0	0	2	2	2	0	0	2	3	3	2	0	0	0	2	
0	1	2	3	2	1	0	2	0	0	2	2	3	0	2	2	0	2	0	0	2	1	0	0	0	0	1	2	
1	2	1	0	3	0	0	2	0	0	2	0	0	0	0	0	1	2	2	0	2	0	0	0	0	0	1	2	
0	2	1	0	2	1	0	0	1	1	2	0	0	0	0	0	1	2	0	0	3	1	0	2	0	0	0	2	
1	0	0	0	3	1	0	2	2	0	3	0	0	0	2	0	1	2	0	3	2	1	0	0	0	0	1	1	
0	0	1	0	0	1	0	2	0	0	2	0	3	2	2	0	1	2	0	3	2	3	0	2	1	0	1	2	
0	0	0	0	3	3	0	2	1	0	2	0	0	0	3	0	1	2	0	0	0	0	0	2	1	0	1	2	
0	2	1	1	2	0	2	3	0	0	2	0	0	0	0	0	1	2	0	0	0	1	0	2	0	0	0	1	
1	2	1	0	2	1	0	3	0	0	2	0	0	2	2	0	1	1	0	0	2	3	1	2	0	0	1	2	
0	2	1	0	2	1	0	3	0	0	2	0	0	0	0	0	1	2	0	0	1	2	0	2	0	0	1	0	
0	2	1	0	2	1	0	2	1	0	2	0	0	2	0	2	1	2	0	0	3	1	1	2	0	2	1	2	
0	1	1	0	1	1	0	0	2	0	3	3	0	2	0	0	1	2	0	0	3	3	0	1	0	0	0	2	
0	2	2	0	3	1	0	3	1	0	2	0	0	0	0	0	1	2	0	0	2	1	0	1	0	0	1	2	
0	2	1	0	2	0	1	2	0	0	2	0	0	0	0	0	0	1	2	0	0	2	0	0	0	0	1	1	
0	1	1	0	2	1	0	2	0	0	2	0	0	0	0	0	1	2	0	0	2	1	0	2	0	0	1	2	
1	2	1	0	3	1	0	2	0	0	3	0	0	2	0	0	2	1	0	0	2	0	1	1	0	0	1	2	
3	2	1	0	2	1	1	0	1	2	2	0	0	0	2	0	1	2	0	0	0	2	1	2	0	0	1	2	
1	2	2	0	2	0	1	2	0	0	2	0	3	0	0	0	1	2	0	0	2	3	1	2	0	2	1	2	
0	2	1	0	2	1	0	2	1	0	2	0	0	0	2	0	1	2	0	0	2	1	0	2	1	2	1	2	
0	2	2	0	2	1	0	0	0	0	3	0	0	1	2	0	2	1	0	0	0	2	0	2	0	0	2	0	
0	2	1	0	1	1	0	2	0	1	2	0	0	0	0	0	1	2	2	3	2	1	0	2	0	0	1	1	
0	2	1	3	2	1	0	2	0	2	2	0	0	0	2	0	0	2	0	0	2	1	0	1	0	0	1	2	
0	2	1	3	2	3	0	2	0	0	2	0	0	1	0	0	2	2	0	0	2	1	0	1	0	0	2	2	
0	2	1	0	2	1	0	3	0	0	2	0	0	0	3	0	2	2	0	0	2	1	0	0	0	0	1	2	
0	0	0	3	3	3	0	0	0	2	2	0	0	0	0	0	1	2	0	0	3	1	0	0	0	0	1	1	
0	1	1	0	1	0	1	2	2	0	2	0	0	0	0	1	1	2	0	1	2	1	0	2	0	0	1	0	
0	2	1	0	0	1	0	2	0	2	2	0	0	0	0	0	1	2	0	0	2	1	0	0	0	0	0	0	
0	1	1	0	2	1	0	2	0	2	1	0	0	0	0	0	0	2	0	1	2	1	0	2	0	0	2	2	
0	2	1	0	0	1	0	3	1	0	2	0	0	0	0	0	1	2	0	0	0	1	0	1	0	0	1	1	
0	0	2	0	2	1	1	3	0	0	2	0	0	0	0	2	1	2	0	3	0	1	0	0	0	2	1	2	
0	0	1	0	0	0	0	2	0	1	2	0	0	0	0	0	1	2	0	0	3	1	0	2	2	0	1	2	
0	1	0	0	2	3	0	2	0	2	2	0	3	2	2	0	2	2	0	0	1	1	0	2	0	0	1	1	
0	2	2	0	2	1	0	0	0	0	2	0	0	0	2	0	1	2	0	0	0	0	0	2	1	0	1	2	
0	2	0	0	0	1	1	2	1	0	3	0	0	0	0	0	1	1	0	3	2	1	1	2	0	0	1	2	
0	2	1	0	2	3	2	2	0	0	2	0	0	2	0	1	2	1	0	0	2	1	0	2	0	2	1	2	
0	0	0	0	0	0	0	2	0	0	2	0	0	0	0	0	1	2	0	0	0	1	1	2	0	2	0	2	
0	2	1	0	2	1	0	2	0	2	2	0	0	0	0	0	1	2	1	3	2	1	0	0	0	0	2	1	
0	2	2	3	2	2	1	2	0	0	2	2	0	0	0	0	1	2	0	0	2	1	1	2	0	0	1	1	
0	2	1	0	2	1	0	2	0	0	2	0	0	0	0	0	1	2	0	0	0	0	3	2	0	0	1	2	
3	2	1	0	2	1	0	2	0	0	2	0	0	0	0	2	1	2	0	0	2	1	0	2	0	2	1	2	
0	2	1	0	2	1	0	0	0	0	2	0	3	0	0	0	2	2	2	0	2	1	0	0	0	0	0	2	
0	0	1	3	3	0	0	0	0	0	2	0	0	0	0	0	1	2	0	0	2	1	1	1	0	0	0	1	
0	1	1	0	2	1	1	2	0	0	2	0	0	0	0	0	1	2	0	0	2	1	1	2	0	0	2	2	
0	2	1	0	3	1	0	2	0	0	2	0	0	0	0	0	1	0	0	0	3	1	0	2	0	0	1	2	
0	2	2	0	2	3	0	2	0	0	2	0	0	0	0	0	1	2	0	0	2	1	0	2	0	2	1	2	
0	2	1	1	2	1	0	2	0	0	2	0	0	0	0	0	1	1	0	0	2	2	0	0	0	2	1	2	
0	2	0	0	2	0	0	0	0	0	2	0	0	2	1	0	1	1	0	3	2	1	0	2	1	0	1	2	
0	2	1	3	2	0	0	3	0	0	3	0	0	0	0	0	1	1	0	0	2	1	0	2	0	0	0	2	
0	1	1	0	2	1	0	2	0	0	2	0	0	2	0	0	1	2	0	0	2	1	0	2	1	0	1	2	
0	0	1	0	2	1	1	2	1	0	2	0	0	0	0	0	2	2	1	0	2	1	0	2	0	0	0	2	
0	2	2	0	2	1	0	3	0	0	2	0	0	0	2	0	1	2	1	0	1	1	0	2	0	0	2	2	
1	2	2	0	2	0	0	2	0	0	1	0	0	0	0	0	2	2	0	0	2	2	0	1	0	3	1	2	
0	2	0	0	2	3	2	2	0	2	3	0	3	2	0	0	1	2	0	0	2	1	0	2	0	0	2	2	
0	2	1	0	2	1	0	2	1	0	2	0	0	0	2	0	1	1	0	0	0	1	0	2	0	0	1	1	
0	2	1	0	2	1	1	3	0	2	2	0	0	1	0	0	1	1	0	0	0	0	0	2	0	2	2	2	
0	1	1	0	2	1	1	0	0	0	2	0	0	0	0	2	1	2	0	0	2	0	0	1	0	0	2	0	
0	2	1	0	2	1	0	2	0	0	2	0	0	0	0	0	1	2	2	0	2	0	0	0	0	0	1	2	
--------------------

--------------------
Best Solution Found!
--------------------
Time: 0 hour(s), 0 minute(s), 10 second(s), 748 millisecond(s)

Fitness: 295102

0	2	1	0	2	1	0	2	0	0	3	0	3	0	0	0	1	1	0	0	2	1	0	2	0	0	1	2	
0	1	1	3	2	1	0	2	0	2	3	0	1	0	0	0	1	2	0	0	1	1	3	1	0	3	1	2	
1	0	2	0	2	2	0	0	0	0	2	0	1	2	0	2	2	2	0	0	2	1	0	0	0	0	2	2	
1	2	1	0	2	2	0	0	1	0	3	0	0	0	0	2	2	2	0	0	2	3	3	2	0	0	0	2	
0	1	2	3	2	1	0	2	0	0	2	2	3	0	2	2	0	2	0	0	2	1	0	0	0	0	1	2	
1	2	1	0	3	0	0	2	0	0	2	0	0	0	0	0	1	2	2	0	2	0	0	0	0	0	1	2	
0	2	1	0	2	1	0	0	1	1	2	0	0	0	0	0	1	2	0	0	3	1	0	2	0	0	0	2	
1	0	0	0	3	1	0	2	2	0	3	0	0	0	2	0	1	2	0	3	2	1	0	0	0	0	1	1	
0	0	1	0	0	1	0	2	0	0	2	0	3	2	2	0	1	2	0	3	2	3	0	2	1	0	1	2	
0	0	0	0	3	3	0	2	1	0	2	0	0	0	3	0	1	2	0	0	0	0	0	2	1	0	1	2	
0	2	1	1	2	0	2	3	0	0	2	0	0	0	0	0	1	2	0	0	0	1	0	2	0	0	0	1	
1	2	1	0	2	1	0	3	0	0	2	0	0	2	2	0	1	1	0	0	2	3	1	2	0	0	1	2	
0	2	1	0	2	1	0	3	0	0	2	0	0	0	0	0	1	2	0	0	1	2	0	2	0	0	1	0	
0	2	1	0	2	1	0	2	1	0	2	0	0	2	0	2	1	2	0	0	3	1	1	2	0	2	1	2	
0	1	1	0	1	1	0	0	2	0	3	3	0	2	0	0	1	2	0	0	3	3	0	1	0	0	0	2	
0	2	2	0	3	1	0	3	1	0	2	0	0	0	0	0	1	2	0	0	2	1	0	1	0	0	1	2	
0	2	1	0	2	0	1	2	0	0	2	0	0	0	0	0	0	1	2	0	0	2	0	0	0	0	1	1	
0	1	1	0	2	1	0	2	0	0	2	0	0	0	0	0	1	2	0	0	2	1	0	2	0	0	1	2	
1	2	1	0	3	1	0	2	0	0	3	0	0	2	0	0	2	1	0	0	2	0	1	1	0	0	1	2	
3	2	1	0	2	1	1	0	1	2	2	0	0	0	2	0	1	2	0	0	0	2	1	2	0	0	1	2	
1	2	2	0	2	0	1	2	0	0	2	0	3	0	0	0	1	2	0	0	2	3	1	2	0	2	1	2	
0	2	1	0	2	1	0	2	1	0	2	0	0	0	2	0	1	2	0	0	2	1	0	2	1	2	1	2	
0	2	2	0	2	1	0	0	0	0	3	0	0	1	2	0	2	1	0	0	0	2	0	2	0	0	2	0	
0	2	1	0	1	1	0	2	0	1	2	0	0	0	0	0	1	2	2	3	2	1	0	2	0	0	1	1	
0	2	1	3	2	1	0	2	0	2	2	0	0	0	2	0	0	2	0	0	2	1	0	1	0	0	1	2	
0	2	1	3	2	3	0	2	0	0	2	0	0	1	0	0	2	2	0	0	2	1	0	1	0	0	2	2	
0	2	1	0	2	1	0	3	0	0	2	0	0	0	3	0	2	2	0	0	2	1	0	0	0	0	1	2	
0	0	0	3	3	3	0	0	0	2	2	0	0	0	0	0	1	2	0	0	3	1	0	0	0	0	1	1	
0	1	1	0	1	0	1	2	2	0	2	0	0	0	0	1	1	2	0	1	2	1	0	2	0	0	1	0	
0	2	1	0	0	1	0	2	0	2	2	0	0	0	0	0	1	2	0	0	2	1	0	0	0	0	0	0	
0	1	1	0	2	1	0	2	0	2	1	0	0	0	0	0	0	2	0	1	2	1	0	2	0	0	2	2	
0	2	1	0	0	1	0	3	1	0	2	0	0	0	0	0	1	2	0	0	0	1	0	1	0	0	1	1	
0	0	2	0	2	1	1	3	0	0	2	0	0	0	0	2	1	2	0	3	0	1	0	0	0	2	1	2	
0	0	1	0	0	0	0	2	0	1	2	0	0	0	0	0	1	2	0	0	3	1	0	2	2	0	1	2	
0	1	0	0	2	3	0	2	0	2	2	0	3	2	2	0	2	2	0	0	1	1	0	2	0	0	1	1	
0	2	2	0	2	1	0	0	0	0	2	0	0	0	2	0	1	2	0	0	0	0	0	2	1	0	1	2	
0	2	0	0	0	1	1	2	1	0	3	0	0	0	0	0	1	1	0	3	2	1	1	2	0	0	1	2	
0	2	1	0	2	3	2	2	0	0	2	0	0	2	0	1	2	1	0	0	2	1	0	2	0	2	1	2	
0	0	0	0	0	0	0	2	0	0	2	0	0	0	0	0	1	2	0	0	0	1	1	2	0	2	0	2	
0	2	1	0	2	1	0	2	0	2	2	0	0	0	0	0	1	2	1	3	2	1	0	0	0	0	2	1	
0	2	2	3	2	2	1	2	0	0	2	2	0	0	0	0	1	2	0	0	2	1	1	2	0	0	1	1	
0	2	1	0	2	1	0	2	0	0	2	0	0	0	0	0	1	2	0	0	0	0	3	2	0	0	1	2	
3	2	1	0	2	1	0	2	0	0	2	0	0	0	0	2	1	2	0	0	2	1	0	2	0	2	1	2	
0	2	1	0	2	1	0	0	0	0	2	0	3	0	0	0	2	2	2	0	2	1	0	0	0	0	0	2	
0	0	1	3	3	0	0	0	0	0	2	0	0	0	0	0	1	2	0	0	2	1	1	1	0	0	0	1	
0	1	1	0	2	1	1	2	0	0	2	0	0	0	0	0	1	2	0	0	2	1	1	2	0	0	2	2	
0	2	1	0	3	1	0	2	0	0	2	0	0	0	0	0	1	0	0	0	3	1	0	2	0	0	1	2	
0	2	2	0	2	3	0	2	0	0	2	0	0	0	0	0	1	2	0	0	2	1	0	2	0	2	1	2	
0	2	1	1	2	1	0	2	0	0	2	0	0	0	0	0	1	1	0	0	2	2	0	0	0	2	1	2	
0	2	0	0	2	0	0	0	0	0	2	0	0	2	1	0	1	1	0	3	2	1	0	2	1	0	1	2	
0	2	1	3	2	0	0	3	0	0	3	0	0	0	0	0	1	1	0	0	2	1	0	2	0	0	0	2	
0	1	1	0	2	1	0	2	0	0	2	0	0	2	0	0	1	2	0	0	2	1	0	2	1	0	1	2	
0	0	1	0	2	1	1	2	1	0	2	0	0	0	0	0	2	2	1	0	2	1	0	2	0	0	0	2	
0	2	2	0	2	1	0	3	0	0	2	0	0	0	2	0	1	2	1	0	1	1	0	2	0	0	2	2	
1	2	2	0	2	0	0	2	0	0	1	0	0	0	0	0	2	2	0	0	2	2	0	1	0	3	1	2	
0	2	0	0	2	3	2	2	0	2	3	0	3	2	0	0	1	2	0	0	2	1	0	2	0	0	2	2	
0	2	1	0	2	1	0	2	1	0	2	0	0	0	2	0	1	1	0	0	0	1	0	2	0	0	1	1	
0	2	1	0	2	1	1	3	0	2	2	0	0	1	0	0	1	1	0	0	0	0	0	2	0	2	2	2	
0	1	1	0	2	1	1	0	0	0	2	0	0	0	0	2	1	2	0	0	2	0	0	1	0	0	2	0	
0	2	1	0	2	1	0	2	0	0	2	0	0	0	0	0	1	2	2	0	2	0	0	0	0	0	1	2	
--------------------

--------------------
Best Solution Found!
--------------------
Time: 0 hour(s), 0 minute(s), 10 second(s), 761 millisecond(s)

Fitness: 295102

0	2	1	0	2	1	0	2	0	0	3	0	3	0	0	0	1	1	0	0	2	1	0	2	0	0	1	2	
0	1	1	3	2	1	0	2	0	2	3	0	1	0	0	0	1	2	0	0	1	1	3	1	0	3	1	2	
1	0	2	0	2	2	0	0	0	0	2	0	1	2	0	2	2	2	0	0	2	1	0	0	0	0	2	2	
1	2	1	0	2	2	0	0	1	0	3	0	0	0	0	2	2	2	0	0	2	3	3	2	0	0	0	2	
0	1	2	3	2	1	0	2	0	0	2	2	3	0	2	2	0	2	0	0	2	1	0	0	0	0	1	2	
1	2	1	0	3	0	0	2	0	0	2	0	0	0	0	0	1	2	2	0	2	0	0	0	0	0	1	2	
0	2	1	0	2	1	0	0	1	1	2	0	0	0	0	0	1	2	0	0	3	1	0	2	0	0	0	2	
1	0	0	0	3	1	0	2	2	0	3	0	0	0	2	0	1	2	0	3	2	1	0	0	0	0	1	1	
0	0	1	0	0	1	0	2	0	0	2	0	3	2	2	0	1	2	0	3	2	3	0	2	1	0	1	2	
0	0	0	0	3	3	0	2	1	0	2	0	0	0	3	0	1	2	0	0	0	0	0	2	1	0	1	2	
0	2	1	1	2	0	2	3	0	0	2	0	0	0	0	0	1	2	0	0	0	1	0	2	0	0	0	1	
1	2	1	0	2	1	0	3	0	0	2	0	0	2	2	0	1	1	0	0	2	3	1	2	0	0	1	2	
0	2	1	0	2	1	0	3	0	0	2	0	0	0	0	0	1	2	0	0	1	2	0	2	0	0	1	0	
0	2	1	0	2	1	0	2	1	0	2	0	0	2	0	2	1	2	0	0	3	1	1	2	0	2	1	2	
0	1	1	0	1	1	0	0	2	0	3	3	0	2	0	0	1	2	0	0	3	3	0	1	0	0	0	2	
0	2	2	0	3	1	0	3	1	0	2	0	0	0	0	0	1	2	0	0	2	1	0	1	0	0	1	2	
0	2	1	0	2	0	1	2	0	0	2	0	0	0	0	0	0	1	2	0	0	2	0	0	0	0	1	1	
0	1	1	0	2	1	0	2	0	0	2	0	0	0	0	0	1	2	0	0	2	1	0	2	0	0	1	2	
1	2	1	0	3	1	0	2	0	0	3	0	0	2	0	0	2	1	0	0	2	0	1	1	0	0	1	2	
3	2	1	0	2	1	1	0	1	2	2	0	0	0	2	0	1	2	0	0	0	2	1	2	0	0	1	2	
1	2	2	0	2	0	1	2	0	0	2	0	3	0	0	0	1	2	0	0	2	3	1	2	0	2	1	2	
0	2	1	0	2	1	0	2	1	0	2	0	0	0	2	0	1	2	0	0	2	1	0	2	1	2	1	2	
0	2	2	0	2	1	0	0	0	0	3	0	0	1	2	0	2	1	0	0	0	2	0	2	0	0	2	0	
0	2	1	0	1	1	0	2	0	1	2	0	0	0	0	0	1	2	2	3	2	1	0	2	0	0	1	1	
0	2	1	3	2	1	0	2	0	2	2	0	0	0	2	0	0	2	0	0	2	1	0	1	0	0	1	2	
0	2	1	3	2	3	0	2	0	0	2	0	0	1	0	0	2	2	0	0	2	1	0	1	0	0	2	2	
0	2	1	0	2	1	0	3	0	0	2	0	0	0	3	0	2	2	0	0	2	1	0	0	0	0	1	2	
0	0	0	3	3	3	0	0	0	2	2	0	0	0	0	0	1	2	0	0	3	1	0	0	0	0	1	1	
0	1	1	0	1	0	1	2	2	0	2	0	0	0	0	1	1	2	0	1	2	1	0	2	0	0	1	0	
0	2	1	0	0	1	0	2	0	2	2	0	0	0	0	0	1	2	0	0	2	1	0	0	0	0	0	0	
0	1	1	0	2	1	0	2	0	2	1	0	0	0	0	0	0	2	0	1	2	1	0	2	0	0	2	2	
0	2	1	0	0	1	0	3	1	0	2	0	0	0	0	0	1	2	0	0	0	1	0	1	0	0	1	1	
0	0	2	0	2	1	1	3	0	0	2	0	0	0	0	2	1	2	0	3	0	1	0	0	0	2	1	2	
0	0	1	0	0	0	0	2	0	1	2	0	0	0	0	0	1	2	0	0	3	1	0	2	2	0	1	2	
0	1	0	0	2	3	0	2	0	2	2	0	3	2	2	0	2	2	0	0	1	1	0	2	0	0	1	1	
0	2	2	0	2	1	0	0	0	0	2	0	0	0	2	0	1	2	0	0	0	0	0	2	1	0	1	2	
0	2	0	0	0	1	1	2	1	0	3	0	0	0	0	0	1	1	0	3	2	1	1	2	0	0	1	2	
0	2	1	0	2	3	2	2	0	0	2	0	0	2	0	1	2	1	0	0	2	1	0	2	0	2	1	2	
0	0	0	0	0	0	0	2	0	0	2	0	0	0	0	0	1	2	0	0	0	1	1	2	0	2	0	2	
0	2	1	0	2	1	0	2	0	2	2	0	0	0	0	0	1	2	1	3	2	1	0	0	0	0	2	1	
0	2	2	3	2	2	1	2	0	0	2	2	0	0	0	0	1	2	0	0	2	1	1	2	0	0	1	1	
0	2	1	0	2	1	0	2	0	0	2	0	0	0	0	0	1	2	0	0	0	0	3	2	0	0	1	2	
3	2	1	0	2	1	0	2	0	0	2	0	0	0	0	2	1	2	0	0	2	1	0	2	0	2	1	2	
0	2	1	0	2	1	0	0	0	0	2	0	3	0	0	0	2	2	2	0	2	1	0	0	0	0	0	2	
0	0	1	3	3	0	0	0	0	0	2	0	0	0	0	0	1	2	0	0	2	1	1	1	0	0	0	1	
0	1	1	0	2	1	1	2	0	0	2	0	0	0	0	0	1	2	0	0	2	1	1	2	0	0	2	2	
0	2	1	0	3	1	0	2	0	0	2	0	0	0	0	0	1	0	0	0	3	1	0	2	0	0	1	2	
0	2	2	0	2	3	0	2	0	0	2	0	0	0	0	0	1	2	0	0	2	1	0	2	0	2	1	2	
0	2	1	1	2	1	0	2	0	0	2	0	0	0	0	0	1	1	0	0	2	2	0	0	0	2	1	2	
0	2	0	0	2	0	0	0	0	0	2	0	0	2	1	0	1	1	0	3	2	1	0	2	1	0	1	2	
0	2	1	3	2	0	0	3	0	0	3	0	0	0	0	0	1	1	0	0	2	1	0	2	0	0	0	2	
0	1	1	0	2	1	0	2	0	0	2	0	0	2	0	0	1	2	0	0	2	1	0	2	1	0	1	2	
0	0	1	0	2	1	1	2	1	0	2	0	0	0	0	0	2	2	1	0	2	1	0	2	0	0	0	2	
0	2	2	0	2	1	0	3	0	0	2	0	0	0	2	0	1	2	1	0	1	1	0	2	0	0	2	2	
1	2	2	0	2	0	0	2	0	0	1	0	0	0	0	0	2	2	0	0	2	2	0	1	0	3	1	2	
0	2	0	0	2	3	2	2	0	2	3	0	3	2	0	0	1	2	0	0	2	1	0	2	0	0	2	2	
0	2	1	0	2	1	0	2	1	0	2	0	0	0	2	0	1	1	0	0	0	1	0	2	0	0	1	1	
0	2	1	0	2	1	1	3	0	2	2	0	0	1	0	0	1	1	0	0	0	0	0	2	0	2	2	2	
0	1	1	0	2	1	1	0	0	0	2	0	0	0	0	2	1	2	0	0	2	0	0	1	0	0	2	0	
0	2	1	0	2	1	0	2	0	0	2	0	0	0	0	0	1	2	2	0	2	0	0	0	0	0	1	2	
--------------------

--------------------
Best Solution Found!
--------------------
Time: 0 hour(s), 0 minute(s), 10 second(s), 764 millisecond(s)

Fitness: 293109

0	2	1	0	2	1	0	2	0	0	3	0	3	0	0	0	1	1	0	0	2	1	0	2	0	0	1	2	
0	1	1	3	2	1	0	2	0	2	3	0	1	0	0	0	1	2	0	0	1	1	3	1	0	3	1	2	
0	0	2	0	2	2	0	0	0	0	2	0	1	2	0	2	2	2	0	0	2	1	0	0	0	0	2	2	
0	2	1	0	2	2	0	0	1	0	3	0	0	0	0	2	2	2	0	0	2	3	3	2	0	0	0	2	
0	1	2	3	2	1	0	2	0	0	2	2	3	0	2	2	0	2	0	0	2	1	0	0	0	0	1	2	
0	2	1	0	3	0	0	2	0	0	2	0	0	0	0	0	1	2	2	0	2	0	0	0	0	0	1	2	
0	2	1	0	2	1	0	0	1	1	2	0	0	0	0	0	1	2	0	0	3	1	0	2	0	0	0	2	
0	0	0	0	3	1	0	2	2	0	3	0	0	0	2	0	1	2	0	3	2	1	0	0	0	0	1	1	
0	0	1	0	0	1	0	2	0	0	2	0	3	2	2	0	1	2	0	3	2	3	0	2	1	0	1	2	
0	0	0	0	3	3	0	2	1	0	2	0	0	0	3	0	1	2	0	0	0	0	0	2	1	0	1	2	
0	2	1	1	2	0	2	3	0	0	2	0	0	0	0	0	1	2	0	0	0	1	0	2	0	0	0	1	
0	2	1	0	2	1	0	3	0	0	2	0	0	2	2	0	1	1	0	0	2	3	1	2	0	0	1	2	
1	2	1	0	2	1	0	3	0	0	2	0	0	0	0	0	1	2	0	0	1	2	0	2	0	0	1	0	
0	2	1	0	2	1	0	2	1	0	2	0	0	2	0	2	1	2	0	0	3	1	1	2	0	2	1	2	
0	1	1	0	1	1	0	0	2	0	3	3	0	2	0	0	1	2	0	0	3	3	0	1	0	0	0	2	
0	2	2	0	3	1	0	3	1	0	2	0	0	0	0	0	1	2	0	0	2	1	0	1	0	0	1	2	
0	2	1	0	2	0	1	2	0	0	2	0	0	0	0	0	0	1	2	0	0	2	0	0	0	0	1	1	
1	1	1	0	2	1	0	2	0	0	2	0	0	0	0	0	1	2	0	0	2	1	0	2	0	0	1	2	
1	2	1	0	3	1	0	2	0	0	3	0	0	2	0	0	2	1	0	0	2	0	1	1	0	0	1	2	
0	2	1	0	2	1	1	0	1	2	2	0	0	0	2	0	1	2	0	0	0	2	1	2	0	0	1	2	
0	2	2	0	2	0	1	2	0	0	2	0	3	0	0	0	1	2	0	0	2	3	1	2	0	2	1	2	
0	2	1	0	2	1	0	2	1	0	2	0	0	0	2	0	1	2	0	0	2	1	0	2	1	2	1	2	
1	2	2	0	2	1	0	0	0	0	3	0	0	1	2	0	2	1	0	0	0	2	0	2	0	0	2	0	
1	2	1	0	1	1	0	2	0	1	2	0	0	0	0	0	1	2	2	3	2	1	0	2	0	0	1	1	
0	2	1	3	2	1	0	2	0	2	2	0	0	0	2	0	0	2	0	0	2	1	0	1	0	0	1	2	
1	2	1	3	2	3	0	2	0	0	2	0	0	1	0	0	2	2	0	0	2	1	0	1	0	0	2	2	
0	2	1	0	2	1	0	3	0	0	2	0	0	0	3	0	2	2	0	0	2	1	0	0	0	0	1	2	
3	0	0	3	3	3	0	0	0	2	2	0	0	0	0	0	1	2	0	0	3	1	0	0	0	0	1	1	
0	1	1	0	1	0	1	2	2	0	2	0	0	0	0	1	1	2	0	1	2	1	0	2	0	0	1	0	
0	2	1	0	0	1	0	2	0	2	2	0	0	0	0	0	1	2	0	0	2	1	0	0	0	0	0	0	
0	1	1	0	2	1	0	2	0	2	1	0	0	0	0	0	0	2	0	1	2	1	0	2	0	0	2	2	
0	2	1	0	0	1	0	3	1	0	2	0	0	0	0	0	1	2	0	0	0	1	0	1	0	0	1	1	
0	0	2	0	2	1	1	3	0	0	2	0	0	0	0	2	1	2	0	3	0	1	0	0	0	2	1	2	
0	0	1	0	0	0	0	2	0	1	2	0	0	0	0	0	1	2	0	0	3	1	0	2	2	0	1	2	
0	1	0	0	2	3	0	2	0	2	2	0	3	2	2	0	2	2	0	0	1	1	0	2	0	0	1	1	
3	2	2	0	2	1	0	0	0	0	2	0	0	0	2	0	1	2	0	0	0	0	0	2	1	0	1	2	
0	2	0	0	0	1	1	2	1	0	3	0	0	0	0	0	1	1	0	3	2	1	1	2	0	0	1	2	
0	2	1	0	2	3	2	2	0	0	2	0	0	2	0	1	2	1	0	0	2	1	0	2	0	2	1	2	
0	0	0	0	0	0	0	2	0	0	2	0	0	0	0	0	1	2	0	0	0	1	1	2	0	2	0	2	
1	2	1	0	2	1	0	2	0	2	2	0	0	0	0	0	1	2	1	3	2	1	0	0	0	0	2	1	
0	2	2	3	2	2	1	2	0	0	2	2	0	0	0	0	1	2	0	0	2	1	1	2	0	0	1	1	
0	2	1	0	2	1	0	2	0	0	2	0	0	0	0	0	1	2	0	0	0	0	3	2	0	0	1	2	
0	2	1	0	2	1	0	2	0	0	2	0	0	0	0	2	1	2	0	0	2	1	0	2	0	2	1	2	
1	2	1	0	2	1	0	0	0	0	2	0	3	0	0	0	2	2	2	0	2	1	0	0	0	0	0	2	
0	0	1	3	3	0	0	0	0	0	2	0	0	0	0	0	1	2	0	0	2	1	1	1	0	0	0	1	
0	1	1	0	2	1	1	2	0	0	2	0	0	0	0	0	1	2	0	0	2	1	1	2	0	0	2	2	
0	2	1	0	3	1	0	2	0	0	2	0	0	0	0	0	1	0	0	0	3	1	0	2	0	0	1	2	
0	2	2	0	2	3	0	2	0	0	2	0	0	0	0	0	1	2	0	0	2	1	0	2	0	2	1	2	
0	2	1	1	2	1	0	2	0	0	2	0	0	0	0	0	1	1	0	0	2	2	0	0	0	2	1	2	
0	2	0	0	2	0	0	0	0	0	2	0	0	2	1	0	1	1	0	3	2	1	0	2	1	0	1	2	
0	2	1	3	2	0	0	3	0	0	3	0	0	0	0	0	1	1	0	0	2	1	0	2	0	0	0	2	
0	1	1	0	2	1	0	2	0	0	2	0	0	2	0	0	1	2	0	0	2	1	0	2	1	0	1	2	
0	0	1	0	2	1	1	2	1	0	2	0	0	0	0	0	2	2	1	0	2	1	0	2	0	0	0	2	
0	2	2	0	2	1	0	3	0	0	2	0	0	0	2	0	1	2	1	0	1	1	0	2	0	0	2	2	
0	2	2	0	2	0	0	2	0	0	1	0	0	0	0	0	2	2	0	0	2	2	0	1	0	3	1	2	
0	2	0	0	2	3	2	2	0	2	3	0	3	2	0	0	1	2	0	0	2	1	0	2	0	0	2	2	
0	2	1	0	2	1	0	2	1	0	2	0	0	0	2	0	1	1	0	0	0	1	0	2	0	0	1	1	
0	2	1	0	2	1	1	3	0	2	2	0	0	1	0	0	1	1	0	0	0	0	0	2	0	2	2	2	
0	1	1	0	2	1	1	0	0	0	2	0	0	0	0	2	1	2	0	0	2	0	0	1	0	0	2	0	
0	2	1	0	2	1	0	2	0	0	2	0	0	0	0	0	1	2	2	0	2	0	0	0	0	0	1	2	
--------------------

--------------------
Best Solution Found!
--------------------
Time: 0 hour(s), 0 minute(s), 10 second(s), 772 millisecond(s)

Fitness: 293109

0	2	1	0	2	1	0	2	0	0	3	0	3	0	0	0	1	1	0	0	2	1	0	2	0	0	1	2	
0	1	1	3	2	1	0	2	0	2	3	0	1	0	0	0	1	2	0	0	1	1	3	1	0	3	1	2	
0	0	2	0	2	2	0	0	0	0	2	0	1	2	0	2	2	2	0	0	2	1	0	0	0	0	2	2	
0	2	1	0	2	2	0	0	1	0	3	0	0	0	0	2	2	2	0	0	2	3	3	2	0	0	0	2	
0	1	2	3	2	1	0	2	0	0	2	2	3	0	2	2	0	2	0	0	2	1	0	0	0	0	1	2	
0	2	1	0	3	0	0	2	0	0	2	0	0	0	0	0	1	2	2	0	2	0	0	0	0	0	1	2	
0	2	1	0	2	1	0	0	1	1	2	0	0	0	0	0	1	2	0	0	3	1	0	2	0	0	0	2	
0	0	0	0	3	1	0	2	2	0	3	0	0	0	2	0	1	2	0	3	2	1	0	0	0	0	1	1	
0	0	1	0	0	1	0	2	0	0	2	0	3	2	2	0	1	2	0	3	2	3	0	2	1	0	1	2	
0	0	0	0	3	3	0	2	1	0	2	0	0	0	3	0	1	2	0	0	0	0	0	2	1	0	1	2	
0	2	1	1	2	0	2	3	0	0	2	0	0	0	0	0	1	2	0	0	0	1	0	2	0	0	0	1	
0	2	1	0	2	1	0	3	0	0	2	0	0	2	2	0	1	1	0	0	2	3	1	2	0	0	1	2	
1	2	1	0	2	1	0	3	0	0	2	0	0	0	0	0	1	2	0	0	1	2	0	2	0	0	1	0	
0	2	1	0	2	1	0	2	1	0	2	0	0	2	0	2	1	2	0	0	3	1	1	2	0	2	1	2	
0	1	1	0	1	1	0	0	2	0	3	3	0	2	0	0	1	2	0	0	3	3	0	1	0	0	0	2	
0	2	2	0	3	1	0	3	1	0	2	0	0	0	0	0	1	2	0	0	2	1	0	1	0	0	1	2	
0	2	1	0	2	0	1	2	0	0	2	0	0	0	0	0	0	1	2	0	0	2	0	0	0	0	1	1	
1	1	1	0	2	1	0	2	0	0	2	0	0	0	0	0	1	2	0	0	2	1	0	2	0	0	1	2	
1	2	1	0	3	1	0	2	0	0	3	0	0	2	0	0	2	1	0	0	2	0	1	1	0	0	1	2	
0	2	1	0	2	1	1	0	1	2	2	0	0	0	2	0	1	2	0	0	0	2	1	2	0	0	1	2	
0	2	2	0	2	0	1	2	0	0	2	0	3	0	0	0	1	2	0	0	2	3	1	2	0	2	1	2	
0	2	1	0	2	1	0	2	1	0	2	0	0	0	2	0	1	2	0	0	2	1	0	2	1	2	1	2	
1	2	2	0	2	1	0	0	0	0	3	0	0	1	2	0	2	1	0	0	0	2	0	2	0	0	2	0	
1	2	1	0	1	1	0	2	0	1	2	0	0	0	0	0	1	2	2	3	2	1	0	2	0	0	1	1	
0	2	1	3	2	1	0	2	0	2	2	0	0	0	2	0	0	2	0	0	2	1	0	1	0	0	1	2	
1	2	1	3	2	3	0	2	0	0	2	0	0	1	0	0	2	2	0	0	2	1	0	1	0	0	2	2	
0	2	1	0	2	1	0	3	0	0	2	0	0	0	3	0	2	2	0	0	2	1	0	0	0	0	1	2	
3	0	0	3	3	3	0	0	0	2	2	0	0	0	0	0	1	2	0	0	3	1	0	0	0	0	1	1	
0	1	1	0	1	0	1	2	2	0	2	0	0	0	0	1	1	2	0	1	2	1	0	2	0	0	1	0	
0	2	1	0	0	1	0	2	0	2	2	0	0	0	0	0	1	2	0	0	2	1	0	0	0	0	0	0	
0	1	1	0	2	1	0	2	0	2	1	0	0	0	0	0	0	2	0	1	2	1	0	2	0	0	2	2	
0	2	1	0	0	1	0	3	1	0	2	0	0	0	0	0	1	2	0	0	0	1	0	1	0	0	1	1	
0	0	2	0	2	1	1	3	0	0	2	0	0	0	0	2	1	2	0	3	0	1	0	0	0	2	1	2	
0	0	1	0	0	0	0	2	0	1	2	0	0	0	0	0	1	2	0	0	3	1	0	2	2	0	1	2	
0	1	0	0	2	3	0	2	0	2	2	0	3	2	2	0	2	2	0	0	1	1	0	2	0	0	1	1	
3	2	2	0	2	1	0	0	0	0	2	0	0	0	2	0	1	2	0	0	0	0	0	2	1	0	1	2	
0	2	0	0	0	1	1	2	1	0	3	0	0	0	0	0	1	1	0	3	2	1	1	2	0	0	1	2	
0	2	1	0	2	3	2	2	0	0	2	0	0	2	0	1	2	1	0	0	2	1	0	2	0	2	1	2	
0	0	0	0	0	0	0	2	0	0	2	0	0	0	0	0	1	2	0	0	0	1	1	2	0	2	0	2	
1	2	1	0	2	1	0	2	0	2	2	0	0	0	0	0	1	2	1	3	2	1	0	0	0	0	2	1	
0	2	2	3	2	2	1	2	0	0	2	2	0	0	0	0	1	2	0	0	2	1	1	2	0	0	1	1	
0	2	1	0	2	1	0	2	0	0	2	0	0	0	0	0	1	2	0	0	0	0	3	2	0	0	1	2	
0	2	1	0	2	1	0	2	0	0	2	0	0	0	0	2	1	2	0	0	2	1	0	2	0	2	1	2	
1	2	1	0	2	1	0	0	0	0	2	0	3	0	0	0	2	2	2	0	2	1	0	0	0	0	0	2	
0	0	1	3	3	0	0	0	0	0	2	0	0	0	0	0	1	2	0	0	2	1	1	1	0	0	0	1	
0	1	1	0	2	1	1	2	0	0	2	0	0	0	0	0	1	2	0	0	2	1	1	2	0	0	2	2	
0	2	1	0	3	1	0	2	0	0	2	0	0	0	0	0	1	0	0	0	3	1	0	2	0	0	1	2	
0	2	2	0	2	3	0	2	0	0	2	0	0	0	0	0	1	2	0	0	2	1	0	2	0	2	1	2	
0	2	1	1	2	1	0	2	0	0	2	0	0	0	0	0	1	1	0	0	2	2	0	0	0	2	1	2	
0	2	0	0	2	0	0	0	0	0	2	0	0	2	1	0	1	1	0	3	2	1	0	2	1	0	1	2	
0	2	1	3	2	0	0	3	0	0	3	0	0	0	0	0	1	1	0	0	2	1	0	2	0	0	0	2	
0	1	1	0	2	1	0	2	0	0	2	0	0	2	0	0	1	2	0	0	2	1	0	2	1	0	1	2	
0	0	1	0	2	1	1	2	1	0	2	0	0	0	0	0	2	2	1	0	2	1	0	2	0	0	0	2	
0	2	2	0	2	1	0	3	0	0	2	0	0	0	2	0	1	2	1	0	1	1	0	2	0	0	2	2	
0	2	2	0	2	0	0	2	0	0	1	0	0	0	0	0	2	2	0	0	2	2	0	1	0	3	1	2	
0	2	0	0	2	3	2	2	0	2	3	0	3	2	0	0	1	2	0	0	2	1	0	2	0	0	2	2	
0	2	1	0	2	1	0	2	1	0	2	0	0	0	2	0	1	1	0	0	0	1	0	2	0	0	1	1	
0	2	1	0	2	1	1	3	0	2	2	0	0	1	0	0	1	1	0	0	0	0	0	2	0	2	2	2	
0	1	1	0	2	1	1	0	0	0	2	0	0	0	0	2	1	2	0	0	2	0	0	1	0	0	2	0	
0	2	1	0	2	1	0	2	0	0	2	0	0	0	0	0	1	2	2	0	2	0	0	0	0	0	1	2	
--------------------

--------------------
Best Solution Found!
--------------------
Time: 0 hour(s), 0 minute(s), 45 second(s), 250 millisecond(s)

Fitness: 293098

0	2	1	0	2	0	1	2	1	0	2	0	0	0	0	0	1	2	2	0	2	1	0	2	0	0	0	2	
0	2	1	0	0	0	2	2	0	2	3	0	0	0	0	0	1	1	0	0	0	1	1	0	0	0	0	1	
0	1	2	0	2	1	0	2	0	0	2	0	3	1	2	0	1	2	0	0	0	2	1	2	0	0	1	2	
0	2	1	0	2	3	0	3	1	0	3	0	0	0	0	0	1	2	0	0	2	0	3	1	0	0	0	2	
0	1	2	0	2	1	0	2	0	2	2	0	0	0	0	0	1	2	0	0	2	1	0	2	0	0	1	0	
0	2	2	0	2	1	0	2	1	0	2	0	0	0	0	1	1	2	0	3	2	1	0	1	0	2	1	2	
0	0	1	0	0	1	1	0	2	0	2	0	0	0	0	0	1	2	0	0	1	1	0	2	0	2	1	2	
0	0	1	0	2	1	0	3	0	0	2	0	3	0	0	0	1	2	0	0	1	1	1	0	0	2	2	2	
0	2	1	0	2	1	0	0	0	0	2	0	0	0	0	0	1	2	0	0	3	1	0	1	0	0	2	2	
0	2	0	0	2	1	0	2	2	2	1	2	0	0	0	1	1	2	0	0	2	1	0	2	0	0	1	2	
1	1	1	0	3	1	0	2	0	2	2	0	0	0	3	2	1	2	0	3	2	1	0	2	1	0	0	2	
0	1	1	0	2	1	0	2	0	0	2	3	3	0	0	2	1	2	0	0	2	1	0	1	0	0	0	2	
0	2	1	0	2	3	0	2	0	2	2	0	0	0	0	0	1	2	0	0	2	1	0	2	0	0	1	1	
0	2	1	1	0	1	1	2	0	0	3	0	0	0	0	0	0	2	0	0	2	1	0	2	0	0	1	1	
0	2	2	0	3	0	0	2	0	0	2	0	0	0	3	0	1	2	0	0	2	2	0	1	0	0	1	2	
0	2	1	0	2	2	0	2	0	2	2	0	0	0	0	0	1	1	0	0	2	0	0	0	0	0	2	2	
0	0	1	0	3	0	0	0	1	0	2	0	0	0	2	0	2	1	0	0	2	0	0	2	1	0	1	1	
1	2	2	3	1	1	0	2	0	0	2	0	3	0	2	0	2	2	0	0	0	1	3	2	0	0	1	1	
0	2	1	0	2	1	1	0	0	0	2	0	0	2	2	0	1	2	1	0	0	1	0	2	0	0	1	2	
0	0	1	0	2	0	0	2	0	0	3	0	0	2	0	0	2	0	0	0	2	1	0	0	0	0	1	2	
0	2	1	0	2	1	0	2	1	0	2	0	0	0	0	0	1	2	0	0	0	2	0	0	0	0	1	2	
1	2	1	0	2	1	0	3	0	2	2	0	0	0	0	2	2	2	0	0	2	1	0	2	0	2	1	1	
0	0	0	0	2	0	1	2	0	0	2	0	3	0	2	0	1	2	1	0	0	3	0	1	0	3	1	2	
0	2	0	3	2	1	0	0	0	0	2	0	0	0	0	0	1	2	0	0	2	1	0	2	0	3	0	2	
0	2	1	3	3	1	0	2	0	1	2	0	0	2	0	2	1	2	0	0	2	2	0	0	0	0	1	2	
0	1	1	0	2	1	1	3	0	0	3	0	0	2	0	0	2	2	0	0	2	1	0	2	0	2	1	0	
1	2	1	0	2	1	0	2	0	0	2	2	0	2	2	0	1	1	0	0	2	1	1	2	0	0	1	1	
3	2	1	0	2	2	0	0	0	0	2	0	0	2	0	0	0	1	0	0	0	0	1	2	0	0	1	2	
0	2	0	0	3	1	0	3	1	2	2	0	0	0	0	0	1	1	0	0	2	1	0	0	2	0	1	2	
1	0	0	0	2	3	0	2	2	0	2	0	1	0	0	0	1	2	2	0	1	1	0	0	0	0	1	2	
0	2	1	0	2	3	0	3	0	0	2	0	0	0	0	0	1	2	0	0	2	1	0	2	0	0	1	2	
0	2	2	0	2	1	0	2	0	0	1	0	0	0	0	0	1	1	0	0	2	0	0	1	1	0	1	2	
0	2	1	0	2	1	1	0	0	0	2	0	0	0	0	0	1	1	0	0	2	2	0	2	0	0	1	2	
0	2	1	0	2	1	1	3	0	0	3	0	0	2	0	0	1	2	0	0	0	1	0	1	0	2	1	2	
0	2	1	0	2	1	0	2	0	0	2	0	1	0	0	0	1	1	0	3	2	1	0	1	0	0	1	1	
0	2	1	0	2	0	0	0	0	0	2	0	0	0	0	0	2	1	0	0	0	1	0	1	0	0	1	0	
0	0	2	0	2	1	0	2	0	0	2	0	0	2	2	0	1	2	0	0	3	1	1	2	0	2	1	2	
0	2	0	0	2	0	1	2	1	0	2	0	0	0	0	0	1	2	0	0	2	1	0	2	0	2	2	2	
1	2	2	0	2	1	0	2	0	0	2	0	0	0	2	0	1	2	2	1	1	1	0	0	0	0	2	2	
0	1	1	3	2	0	2	3	0	0	3	0	0	1	0	0	1	1	0	0	2	3	0	2	0	0	0	0	
0	2	1	3	3	3	0	2	1	0	2	0	0	0	0	0	2	2	0	0	3	2	0	2	0	2	2	2	
3	2	1	0	2	1	0	2	0	0	2	0	0	0	0	2	1	2	1	0	3	1	1	2	0	0	2	1	
0	2	1	0	3	3	1	3	0	0	2	0	0	0	0	0	1	2	0	0	2	3	0	2	0	0	1	2	
0	0	1	0	2	1	0	0	0	0	2	0	0	0	0	0	1	2	0	3	2	1	0	0	0	0	1	2	
0	1	1	0	2	1	0	2	0	0	2	0	0	0	0	0	1	2	0	0	2	1	0	2	1	0	1	2	
0	2	1	0	2	2	0	2	1	2	2	0	0	0	2	0	1	2	0	3	3	1	0	2	1	0	1	2	
0	0	2	0	1	1	0	0	0	0	3	0	0	0	0	0	1	2	0	1	2	1	0	2	0	0	1	1	
0	2	1	0	2	1	0	0	0	0	2	0	0	0	0	0	0	2	2	0	0	1	3	2	0	2	2	0	
0	2	1	3	2	0	0	2	0	0	2	0	3	0	0	0	1	2	0	0	2	3	1	2	0	0	1	2	
0	1	1	0	2	1	0	2	0	1	2	0	0	0	0	0	2	1	2	0	2	1	0	2	0	0	0	2	
0	2	2	0	2	1	0	2	1	0	2	0	0	2	0	0	0	2	0	3	3	3	0	2	1	0	2	2	
1	2	1	0	2	3	0	3	0	0	2	0	0	0	1	2	1	2	0	0	2	1	1	2	0	0	1	2	
0	2	1	0	2	1	0	2	0	0	3	0	0	0	2	0	2	2	0	0	2	1	1	2	0	0	0	1	
0	2	1	3	0	0	0	2	0	0	2	0	0	0	0	0	2	2	0	0	0	0	0	2	0	0	1	2	
0	1	0	3	0	1	0	0	0	1	3	0	3	2	2	0	1	2	0	3	2	1	0	0	0	0	1	2	
0	2	1	1	2	1	2	2	1	0	2	0	0	1	2	0	2	2	0	0	0	1	0	2	0	0	1	2	
0	0	0	0	1	1	0	2	0	0	2	0	0	0	0	0	1	2	0	0	2	0	0	0	0	0	1	2	
0	2	1	0	0	1	1	2	0	2	2	0	0	0	0	0	1	2	0	0	2	1	0	0	0	0	0	2	
1	1	2	0	3	1	0	2	0	0	2	0	0	2	0	0	1	2	0	0	2	0	0	2	0	0	2	2	
0	2	1	0	2	1	0	2	0	0	2	0	0	0	0	2	1	2	0	0	2	1	0	2	0	0	1	2	
--------------------

--------------------
Best Solution Found!
--------------------
Time: 0 hour(s), 1 minute(s), 9 second(s), 33 millisecond(s)

Fitness: 287092

0	0	1	0	3	1	0	2	1	0	3	0	3	0	0	2	1	2	0	0	0	1	0	1	0	0	1	2	
0	0	1	0	2	1	1	2	0	0	2	0	0	2	0	0	2	1	0	1	3	0	0	0	0	0	2	2	
0	2	1	0	3	0	0	2	0	0	3	2	0	2	0	0	1	2	0	0	2	1	0	2	1	2	1	0	
1	2	1	0	2	1	0	2	1	2	2	0	0	0	0	0	2	2	0	0	2	1	3	0	0	0	0	2	
0	2	0	0	0	3	1	2	0	0	3	0	0	2	0	0	1	2	2	0	1	1	1	2	0	2	1	2	
0	2	1	0	2	2	0	2	0	0	2	0	1	2	3	0	1	2	0	3	2	1	0	1	0	0	1	2	
0	2	1	0	2	1	0	2	0	2	2	0	3	1	0	0	1	1	0	0	2	1	0	2	1	0	1	2	
0	2	0	0	0	0	1	2	0	0	1	0	0	0	0	0	1	2	0	0	2	3	0	2	0	0	1	2	
0	1	1	0	2	3	2	2	0	0	2	0	0	0	0	0	1	2	0	0	3	1	0	2	0	0	0	1	
0	2	1	0	2	1	0	2	0	0	2	0	3	2	0	0	0	0	0	0	2	1	0	2	0	0	1	2	
0	2	1	0	2	2	0	2	1	0	2	0	1	0	2	1	1	2	0	0	2	3	0	1	0	0	2	2	
1	2	1	0	2	1	0	2	0	0	2	0	0	0	0	1	1	2	1	0	2	2	0	2	0	2	1	2	
0	2	1	0	2	1	0	2	0	0	2	0	0	0	0	0	1	2	0	1	2	1	3	2	0	0	1	0	
0	1	1	0	2	1	0	2	2	0	2	2	0	0	0	2	1	2	0	0	2	2	0	0	0	2	1	2	
3	2	0	0	2	1	1	0	0	0	2	0	0	0	2	0	2	2	0	0	2	1	0	2	0	0	2	2	
0	2	1	0	2	3	0	2	1	0	2	0	0	0	2	0	1	2	2	3	0	1	0	0	0	3	1	2	
0	1	2	1	2	1	0	0	0	0	2	0	0	0	0	0	0	2	2	0	3	0	0	2	0	0	0	0	
0	2	1	0	2	1	0	0	0	0	2	0	0	0	0	0	1	2	0	0	2	1	0	2	0	2	0	2	
0	1	2	3	2	1	0	0	1	0	2	0	0	0	0	0	1	2	0	0	2	1	0	1	0	0	1	2	
1	2	1	0	1	1	0	2	0	2	2	0	0	1	0	0	2	2	1	0	0	1	0	1	0	0	1	2	
0	0	0	0	2	1	0	2	0	0	2	0	0	0	0	0	1	2	0	0	3	3	0	0	0	0	0	2	
0	2	1	0	3	0	0	2	0	0	2	0	0	0	2	0	1	2	0	0	0	1	0	1	1	0	1	0	
0	2	1	0	2	1	0	3	0	0	2	0	0	0	0	0	1	1	0	0	2	1	1	2	0	0	1	2	
0	2	1	0	2	1	2	2	0	0	2	0	0	0	0	0	2	2	0	0	2	1	0	2	0	0	1	2	
0	2	1	0	3	1	0	3	0	2	2	0	0	0	0	0	1	2	0	0	2	1	0	0	0	0	1	2	
0	2	1	0	2	3	1	0	0	0	3	0	0	0	0	0	1	1	0	0	2	1	0	2	0	0	1	2	
0	2	0	0	2	1	0	0	0	0	1	0	0	0	0	0	1	2	0	0	2	2	1	2	0	0	1	2	
0	2	0	0	2	1	0	2	0	2	3	0	3	0	2	0	1	2	0	0	2	1	0	2	0	2	1	2	
1	0	1	0	2	0	0	2	0	0	2	0	3	1	3	0	1	2	0	0	2	1	1	0	0	0	1	2	
0	1	2	0	2	2	0	2	0	0	2	0	0	0	0	0	1	2	0	0	0	1	1	2	0	0	1	2	
0	2	2	0	2	1	1	3	0	0	2	0	3	2	0	0	2	2	0	0	2	1	0	2	0	0	1	2	
3	2	2	0	3	1	0	3	0	0	2	0	0	0	0	0	2	2	0	0	0	0	0	1	1	2	1	0	
0	2	2	0	2	1	0	3	1	2	3	0	0	0	0	0	1	2	0	0	2	1	1	2	0	0	1	2	
0	0	1	0	2	1	1	2	0	1	2	0	0	2	0	0	1	2	0	3	2	2	0	2	0	0	1	2	
0	1	1	0	2	0	0	2	1	0	2	0	0	0	0	0	1	2	2	0	2	1	1	0	0	0	1	2	
0	2	1	0	3	1	0	3	0	0	2	0	0	0	2	2	2	2	0	3	2	1	0	2	0	0	2	2	
0	0	1	0	2	0	0	3	0	0	2	0	0	0	0	0	1	2	0	0	2	1	1	0	0	0	1	1	
0	0	0	0	2	0	0	2	0	2	2	0	0	0	2	2	0	2	0	0	2	1	0	0	0	0	0	1	
0	0	0	3	2	3	0	2	0	0	2	0	0	0	2	2	1	1	0	0	2	0	0	2	1	0	2	2	
0	1	1	0	2	1	0	0	0	2	2	0	0	0	0	0	1	1	0	0	2	1	0	2	0	0	2	1	
0	2	2	0	2	1	0	2	1	0	2	0	0	0	0	0	1	2	0	0	0	1	0	2	1	0	0	2	
0	2	1	0	2	1	0	0	0	0	2	0	0	2	0	0	1	1	0	3	0	0	0	2	0	0	1	1	
1	2	1	3	1	1	1	2	0	2	2	0	0	2	0	2	1	2	0	0	3	1	0	2	0	2	0	2	
0	2	1	3	0	3	1	0	0	0	2	0	0	0	2	0	1	1	0	0	2	1	0	2	0	0	0	2	
0	0	1	0	2	0	2	2	0	0	2	0	0	0	0	0	1	2	0	0	1	0	0	2	0	0	1	2	
0	0	2	3	3	1	0	2	0	1	2	0	0	2	0	0	2	2	0	0	0	0	0	2	0	0	1	1	
0	2	1	0	2	1	0	3	2	0	3	0	0	2	2	0	0	2	2	0	2	2	1	1	0	0	1	2	
0	2	2	0	0	0	0	0	0	0	2	0	0	0	0	0	1	2	0	0	1	1	0	2	0	0	1	1	
0	2	2	0	1	3	0	0	0	0	2	3	0	0	0	0	1	2	0	0	2	2	0	0	2	2	1	2	
0	2	1	3	3	0	0	2	0	0	2	0	0	0	2	0	1	1	0	0	0	1	0	2	0	2	1	1	
0	2	1	0	2	1	0	2	0	0	2	0	0	0	0	0	1	1	0	0	2	3	3	2	0	0	1	2	
0	2	1	0	2	1	1	0	0	0	2	0	0	0	2	0	1	2	0	3	0	1	0	0	0	0	2	2	
0	2	1	0	2	0	1	2	0	0	3	0	0	0	0	0	1	1	0	0	2	1	0	2	0	0	0	2	
0	2	1	3	2	1	0	2	1	0	2	0	3	0	0	0	1	2	0	0	2	1	0	2	0	0	1	1	
0	2	1	0	2	1	0	2	0	0	2	0	0	0	0	0	1	2	0	0	1	1	0	2	0	0	1	2	
1	1	1	0	2	1	0	2	1	0	2	0	0	0	0	0	1	2	0	0	2	1	1	2	0	0	2	1	
0	2	2	0	2	1	0	3	1	0	2	0	0	0	1	0	1	2	0	3	2	0	0	1	0	0	2	2	
0	1	1	0	0	1	0	2	0	1	2	0	0	0	0	0	1	2	0	0	0	1	0	1	0	0	1	2	
1	2	1	1	0	1	0	2	2	0	3	0	0	0	0	2	2	1	0	0	3	3	0	0	0	3	2	2	
1	1	1	3	2	1	0	3	0	2	3	0	0	0	0	0	2	2	1	0	2	1	0	2	0	0	1	1	
--------------------


The best solution was found at the restart: 0, population: 0
Total Time Elapsed: 0 hour(s), 13 minute(s), 4 second(s), 347 millisecond(s)

