--------------------
Best Solution Found!
--------------------
Time: 0 hour(s), 0 minute(s), 0 second(s), 3 millisecond(s)

Fitness: 74234

0	0	0	0	2	0	0	
3	0	0	1	0	0	1	
0	0	0	0	0	0	1	
3	0	1	0	0	0	0	
3	1	1	0	0	3	0	
0	0	0	0	0	3	0	
0	0	0	0	0	0	0	
0	0	0	2	0	0	0	
0	0	2	0	0	0	3	
1	0	0	0	0	0	2	
0	0	0	0	0	0	0	
0	0	0	0	0	3	0	
0	0	0	0	0	0	0	
0	1	0	0	0	2	1	
0	0	0	0	0	0	0	
0	0	2	0	0	0	0	
0	0	0	0	0	0	0	
0	0	0	0	0	0	1	
0	1	0	0	0	0	0	
0	1	0	0	0	0	0	
0	0	0	0	0	0	0	
0	0	0	0	0	1	0	
0	0	0	0	0	3	0	
0	0	0	1	0	0	1	
0	1	0	0	0	0	1	
0	0	0	0	0	0	0	
1	0	0	0	0	0	0	
1	1	0	0	0	0	0	
1	2	1	0	0	0	0	
0	0	0	0	0	0	0	
0	1	0	0	0	0	1	
0	0	0	0	0	0	0	
0	2	0	0	0	1	0	
0	0	0	2	0	0	0	
3	0	0	1	0	0	3	
0	1	0	0	0	0	0	
3	0	0	0	0	0	0	
0	0	0	2	0	0	0	
0	2	0	0	0	0	1	
0	0	0	1	0	3	0	
0	0	1	2	3	3	1	
1	0	0	0	0	0	2	
3	1	0	0	0	0	0	
1	0	0	0	0	0	0	
3	0	0	0	0	0	0	
0	0	0	1	0	0	0	
1	2	0	2	0	0	0	
0	0	0	0	0	0	0	
3	0	0	0	0	0	0	
3	0	0	0	0	0	0	
0	0	0	2	0	0	0	
1	2	0	0	0	0	1	
0	0	0	2	0	0	1	
0	0	0	0	2	0	0	
0	0	0	0	0	0	2	
1	0	0	0	0	0	0	
0	1	0	0	0	0	0	
1	0	0	0	0	0	1	
0	1	2	0	0	0	0	
0	0	1	0	0	0	0	
0	0	0	2	0	0	0	
0	2	0	0	0	0	0	
0	0	0	1	0	0	0	
3	2	0	1	0	0	2	
0	0	0	0	0	3	0	
0	0	0	1	0	0	0	
0	2	0	0	0	0	0	
0	1	0	1	0	0	0	
0	0	0	0	0	0	0	
0	0	2	1	0	0	0	
0	0	2	0	0	0	0	
0	0	0	0	0	3	0	
3	0	0	0	0	0	0	
0	2	2	1	0	0	0	
0	0	0	0	0	2	0	
--------------------

--------------------
Best Solution Found!
--------------------
Time: 0 hour(s), 0 minute(s), 0 second(s), 7 millisecond(s)

Fitness: 74222

0	0	0	0	2	0	0	
0	0	0	1	0	0	1	
0	0	0	0	0	0	1	
0	0	1	0	0	0	0	
0	1	1	0	0	3	0	
0	0	0	0	0	3	0	
0	0	0	0	0	0	0	
0	0	0	2	0	0	0	
0	0	2	0	0	0	3	
0	0	0	0	0	0	2	
0	0	0	0	0	0	0	
0	0	0	0	0	3	0	
0	0	0	0	0	0	0	
0	1	0	0	0	2	1	
0	0	0	0	0	0	0	
0	0	2	0	0	0	0	
3	0	0	0	0	0	0	
0	0	0	0	0	0	1	
0	1	0	0	0	0	0	
1	1	0	0	0	0	0	
3	0	0	0	0	0	0	
0	0	0	0	0	1	0	
3	0	0	0	0	3	0	
0	0	0	1	0	0	1	
0	1	0	0	0	0	1	
0	0	0	0	0	0	0	
0	0	0	0	0	0	0	
0	1	0	0	0	0	0	
0	2	1	0	0	0	0	
0	0	0	0	0	0	0	
0	1	0	0	0	0	1	
1	0	0	0	0	0	0	
0	2	0	0	0	1	0	
0	0	0	2	0	0	0	
0	0	0	1	0	0	3	
3	1	0	0	0	0	0	
0	0	0	0	0	0	0	
0	0	0	2	0	0	0	
0	2	0	0	0	0	1	
0	0	0	1	0	3	0	
0	0	1	2	3	3	1	
1	0	0	0	0	0	2	
0	1	0	0	0	0	0	
0	0	0	0	0	0	0	
0	0	0	0	0	0	0	
1	0	0	1	0	0	0	
0	2	0	2	0	0	0	
1	0	0	0	0	0	0	
0	0	0	0	0	0	0	
1	0	0	0	0	0	0	
0	0	0	2	0	0	0	
3	2	0	0	0	0	1	
0	0	0	2	0	0	1	
1	0	0	0	2	0	0	
0	0	0	0	0	0	2	
0	0	0	0	0	0	0	
0	1	0	0	0	0	0	
1	0	0	0	0	0	1	
0	1	2	0	0	0	0	
3	0	1	0	0	0	0	
1	0	0	2	0	0	0	
3	2	0	0	0	0	0	
1	0	0	1	0	0	0	
0	2	0	1	0	0	2	
0	0	0	0	0	3	0	
0	0	0	1	0	0	0	
3	2	0	0	0	0	0	
3	1	0	1	0	0	0	
0	0	0	0	0	0	0	
0	0	2	1	0	0	0	
0	0	2	0	0	0	0	
0	0	0	0	0	3	0	
3	0	0	0	0	0	0	
0	2	2	1	0	0	0	
3	0	0	0	0	2	0	
--------------------

--------------------
Best Solution Found!
--------------------
Time: 0 hour(s), 0 minute(s), 0 second(s), 10 millisecond(s)

Fitness: 74222

0	0	0	2	0	0	1	
0	1	0	0	0	0	1	
0	0	0	0	0	0	0	
0	0	0	1	0	0	2	
0	0	0	0	0	0	0	
0	0	0	0	0	0	0	
0	0	0	0	0	0	0	
0	0	2	2	0	1	2	
0	0	0	0	0	0	0	
0	1	0	0	0	0	1	
0	0	2	0	0	0	0	
0	1	0	0	0	0	0	
0	0	0	0	0	0	0	
0	1	0	0	3	3	3	
0	0	0	0	2	0	1	
0	2	0	0	0	0	0	
3	0	0	1	0	0	0	
0	1	0	0	0	3	0	
0	0	0	0	0	0	0	
1	0	0	0	0	0	0	
3	0	0	0	0	0	0	
0	0	0	0	0	0	0	
3	0	0	0	0	0	0	
0	0	0	0	0	0	0	
0	0	0	0	0	3	1	
0	0	0	0	0	0	0	
0	0	1	0	0	0	0	
0	2	0	0	0	0	2	
0	0	0	0	2	0	0	
0	1	0	0	0	0	0	
0	0	0	0	0	0	0	
1	0	0	0	0	0	0	
0	0	0	0	0	0	0	
0	0	0	2	0	0	0	
0	0	0	0	0	0	1	
3	0	0	0	0	0	0	
0	0	0	0	0	0	0	
0	0	0	1	0	0	0	
0	2	0	1	0	3	0	
0	2	0	0	0	0	0	
0	0	0	0	0	0	0	
1	2	0	1	0	0	0	
0	0	2	0	0	0	1	
0	0	1	0	0	0	0	
0	1	0	2	0	0	0	
1	0	2	0	0	0	0	
0	0	0	0	0	0	1	
1	0	0	1	0	0	1	
0	0	0	1	0	0	1	
1	0	0	0	0	0	0	
0	1	0	0	0	0	0	
3	0	0	0	0	1	0	
0	0	0	0	0	0	2	
1	1	0	0	0	0	0	
0	0	0	0	0	3	1	
0	0	1	2	0	0	0	
0	0	2	2	0	3	0	
1	2	0	1	0	0	0	
0	2	0	0	0	2	0	
3	1	1	1	0	0	1	
1	2	0	2	0	0	0	
3	0	0	0	0	0	0	
1	0	0	0	0	0	0	
0	0	1	1	0	0	0	
0	1	0	0	0	0	0	
0	0	0	0	0	0	0	
3	0	2	0	0	0	0	
3	0	0	0	0	3	0	
0	0	0	0	0	0	3	
0	0	0	1	0	0	0	
0	0	0	0	0	0	0	
0	1	0	2	0	0	0	
3	0	0	0	0	3	0	
0	2	0	0	0	0	0	
3	0	0	0	0	2	0	
--------------------

--------------------
Best Solution Found!
--------------------
Time: 0 hour(s), 0 minute(s), 0 second(s), 13 millisecond(s)

Fitness: 74222

0	0	0	2	0	0	1	
0	1	0	0	0	0	1	
0	0	0	0	0	0	0	
0	0	0	1	0	0	2	
0	0	0	0	0	0	0	
0	0	0	0	0	0	0	
0	0	0	0	0	0	0	
0	0	2	2	0	1	2	
0	0	0	0	0	0	0	
0	1	0	0	0	0	1	
0	0	2	0	0	0	0	
0	1	0	0	0	0	0	
0	0	0	0	0	0	0	
0	1	0	0	3	3	3	
0	0	0	0	2	0	1	
0	2	0	0	0	0	0	
3	0	0	1	0	0	0	
0	1	0	0	0	3	0	
0	0	0	0	0	0	0	
1	0	0	0	0	0	0	
3	0	0	0	0	0	0	
0	0	0	0	0	0	0	
3	0	0	0	0	0	0	
0	0	0	0	0	0	0	
0	0	0	0	0	3	1	
0	0	0	0	0	0	0	
0	0	1	0	0	0	0	
0	2	0	0	0	0	2	
0	0	0	0	2	0	0	
0	1	0	0	0	0	0	
0	0	0	0	0	0	0	
1	0	0	0	0	0	0	
0	0	0	0	0	0	0	
0	0	0	2	0	0	0	
0	0	0	0	0	0	1	
3	0	0	0	0	0	0	
0	0	0	0	0	0	0	
0	0	0	1	0	0	0	
0	2	0	1	0	3	0	
0	2	0	0	0	0	0	
0	0	0	0	0	0	0	
1	2	0	1	0	0	0	
0	0	2	0	0	0	1	
0	0	1	0	0	0	0	
0	1	0	2	0	0	0	
1	0	2	0	0	0	0	
0	0	0	0	0	0	1	
1	0	0	1	0	0	1	
0	0	0	1	0	0	1	
1	0	0	0	0	0	0	
0	1	0	0	0	0	0	
3	0	0	0	0	1	0	
0	0	0	0	0	0	2	
1	1	0	0	0	0	0	
0	0	0	0	0	3	1	
0	0	1	2	0	0	0	
0	0	2	2	0	3	0	
1	2	0	1	0	0	0	
0	2	0	0	0	2	0	
3	1	1	1	0	0	1	
1	2	0	2	0	0	0	
3	0	0	0	0	0	0	
1	0	0	0	0	0	0	
0	0	1	1	0	0	0	
0	1	0	0	0	0	0	
0	0	0	0	0	0	0	
3	0	2	0	0	0	0	
3	0	0	0	0	3	0	
0	0	0	0	0	0	3	
0	0	0	1	0	0	0	
0	0	0	0	0	0	0	
0	1	0	2	0	0	0	
3	0	0	0	0	3	0	
0	2	0	0	0	0	0	
3	0	0	0	0	2	0	
--------------------

--------------------
Best Solution Found!
--------------------
Time: 0 hour(s), 0 minute(s), 0 second(s), 15 millisecond(s)

Fitness: 74222

0	0	0	2	0	0	1	
0	1	0	0	0	0	1	
0	0	0	0	0	0	0	
0	0	0	1	0	0	2	
0	0	0	0	0	0	0	
0	0	0	0	0	0	0	
0	0	0	0	0	0	0	
0	0	2	2	0	1	2	
0	0	0	0	0	0	0	
0	1	0	0	0	0	1	
0	0	2	0	0	0	0	
0	1	0	0	0	0	0	
0	0	0	0	0	0	0	
0	1	0	0	3	3	3	
0	0	0	0	2	0	1	
0	2	0	0	0	0	0	
3	0	0	1	0	0	0	
0	1	0	0	0	3	0	
0	0	0	0	0	0	0	
1	0	0	0	0	0	0	
3	0	0	0	0	0	0	
0	0	0	0	0	0	0	
3	0	0	0	0	0	0	
0	0	0	0	0	0	0	
0	0	0	0	0	3	1	
0	0	0	0	0	0	0	
0	0	1	0	0	0	0	
0	2	0	0	0	0	2	
0	0	0	0	2	0	0	
0	1	0	0	0	0	0	
0	0	0	0	0	0	0	
1	0	0	0	0	0	0	
0	0	0	0	0	0	0	
0	0	0	2	0	0	0	
0	0	0	0	0	0	1	
3	0	0	0	0	0	0	
0	0	0	0	0	0	0	
0	0	0	1	0	0	0	
0	2	0	1	0	3	0	
0	2	0	0	0	0	0	
0	0	0	0	0	0	0	
1	2	0	1	0	0	0	
0	0	2	0	0	0	1	
0	0	1	0	0	0	0	
0	1	0	2	0	0	0	
1	0	2	0	0	0	0	
0	0	0	0	0	0	1	
1	0	0	1	0	0	1	
0	0	0	1	0	0	1	
1	0	0	0	0	0	0	
0	1	0	0	0	0	0	
3	0	0	0	0	1	0	
0	0	0	0	0	0	2	
1	1	0	0	0	0	0	
0	0	0	0	0	3	1	
0	0	1	2	0	0	0	
0	0	2	2	0	3	0	
1	2	0	1	0	0	0	
0	2	0	0	0	2	0	
3	1	1	1	0	0	1	
1	2	0	2	0	0	0	
3	0	0	0	0	0	0	
1	0	0	0	0	0	0	
0	0	1	1	0	0	0	
0	1	0	0	0	0	0	
0	0	0	0	0	0	0	
3	0	2	0	0	0	0	
3	0	0	0	0	3	0	
0	0	0	0	0	0	3	
0	0	0	1	0	0	0	
0	0	0	0	0	0	0	
0	1	0	2	0	0	0	
3	0	0	0	0	3	0	
0	2	0	0	0	0	0	
3	0	0	0	0	2	0	
--------------------

--------------------
Best Solution Found!
--------------------
Time: 0 hour(s), 0 minute(s), 0 second(s), 17 millisecond(s)

Fitness: 73236

0	0	0	2	0	0	1	
1	1	0	0	0	0	1	
0	0	0	0	0	0	0	
0	0	0	1	0	0	2	
0	0	0	0	0	0	0	
0	0	0	0	0	0	0	
3	0	0	0	0	0	0	
3	0	2	2	0	1	2	
0	0	0	0	0	0	0	
1	1	0	0	0	0	1	
0	0	2	0	0	0	0	
1	1	0	0	0	0	0	
0	0	0	0	0	0	0	
0	1	0	0	3	3	3	
3	0	0	0	2	0	1	
0	2	0	0	0	0	0	
0	0	0	1	0	0	0	
0	1	0	0	0	3	0	
0	0	0	0	0	0	0	
0	0	0	0	0	0	0	
0	0	0	0	0	0	0	
0	0	0	0	0	0	0	
0	0	0	0	0	0	0	
0	0	0	0	0	0	0	
0	0	0	0	0	3	1	
1	0	0	0	0	0	0	
1	0	1	0	0	0	0	
0	2	0	0	0	0	2	
0	0	0	0	2	0	0	
0	1	0	0	0	0	0	
1	0	0	0	0	0	0	
0	0	0	0	0	0	0	
0	0	0	0	0	0	0	
0	0	0	2	0	0	0	
0	0	0	0	0	0	1	
0	0	0	0	0	0	0	
0	0	0	0	0	0	0	
0	0	0	1	0	0	0	
3	2	0	1	0	3	0	
0	2	0	0	0	0	0	
0	0	0	0	0	0	0	
0	2	0	1	0	0	0	
0	0	2	0	0	0	1	
0	0	1	0	0	0	0	
3	1	0	2	0	0	0	
0	0	2	0	0	0	0	
0	0	0	0	0	0	1	
0	0	0	1	0	0	1	
0	0	0	1	0	0	1	
3	0	0	0	0	0	0	
0	1	0	0	0	0	0	
0	0	0	0	0	1	0	
0	0	0	0	0	0	2	
3	1	0	0	0	0	0	
0	0	0	0	0	3	1	
0	0	1	2	0	0	0	
0	0	2	2	0	3	0	
0	2	0	1	0	0	0	
1	2	0	0	0	2	0	
1	1	1	1	0	0	1	
0	2	0	2	0	0	0	
1	0	0	0	0	0	0	
0	0	0	0	0	0	0	
0	0	1	1	0	0	0	
3	1	0	0	0	0	0	
0	0	0	0	0	0	0	
0	0	2	0	0	0	0	
1	0	0	0	0	3	0	
0	0	0	0	0	0	3	
3	0	0	1	0	0	0	
0	0	0	0	0	0	0	
3	1	0	2	0	0	0	
3	0	0	0	0	3	0	
0	2	0	0	0	0	0	
0	0	0	0	0	2	0	
--------------------

--------------------
Best Solution Found!
--------------------
Time: 0 hour(s), 0 minute(s), 0 second(s), 54 millisecond(s)

Fitness: 73226

1	0	0	1	0	0	0	
0	1	0	0	0	0	1	
0	1	0	1	0	0	0	
0	0	0	1	0	0	0	
1	0	2	0	0	0	0	
0	0	0	0	0	0	0	
3	0	0	0	0	0	0	
0	0	0	0	0	0	0	
1	0	0	0	0	3	0	
0	2	0	1	0	0	0	
0	1	0	0	0	0	0	
0	2	0	2	0	0	0	
0	2	0	0	0	1	0	
3	0	2	0	0	0	0	
1	0	0	0	0	0	1	
0	0	0	0	0	0	0	
1	0	0	2	0	0	0	
0	0	0	0	0	0	2	
0	0	0	1	0	0	0	
3	0	0	0	0	0	2	
0	0	0	0	0	0	0	
0	1	0	0	0	0	0	
3	0	0	0	0	0	0	
0	1	1	0	0	0	0	
0	0	0	0	0	0	0	
0	0	0	0	0	0	0	
0	0	0	1	0	0	0	
0	0	1	1	0	0	0	
0	2	0	0	0	0	2	
0	2	0	0	0	0	1	
0	0	0	1	0	0	1	
3	0	0	0	0	0	0	
0	0	0	0	0	0	0	
0	0	0	1	0	3	0	
0	0	0	0	0	0	0	
0	1	0	0	0	0	0	
0	0	1	0	0	0	0	
0	0	0	0	0	0	0	
0	0	0	0	2	0	1	
1	2	0	0	0	0	3	
0	0	0	1	0	0	1	
0	1	0	0	0	0	1	
1	0	0	0	0	0	0	
0	0	0	0	0	1	0	
0	0	0	0	0	0	0	
3	0	0	0	0	0	0	
1	0	2	0	0	0	1	
0	0	2	0	0	0	0	
0	0	0	0	0	3	0	
0	0	0	0	0	0	0	
0	0	0	0	0	0	0	
0	0	0	0	0	0	2	
0	0	0	2	0	0	0	
1	2	0	1	0	2	0	
0	0	1	0	0	3	0	
0	0	0	2	0	3	1	
3	1	2	2	2	0	0	
0	0	0	0	3	0	0	
0	2	0	2	0	0	0	
0	0	0	0	0	0	1	
0	1	0	0	0	0	0	
3	1	0	0	0	0	0	
3	1	1	0	0	2	1	
0	0	0	0	0	0	0	
0	2	0	2	0	0	0	
0	1	2	0	0	3	0	
0	0	0	0	0	0	0	
0	0	0	0	0	0	0	
0	0	0	0	0	3	0	
0	0	0	0	0	0	0	
3	0	0	0	0	3	1	
0	0	0	0	0	0	0	
1	0	0	2	0	0	3	
0	0	0	0	0	0	0	
3	0	0	0	0	0	0	
--------------------

--------------------
Best Solution Found!
--------------------
Time: 0 hour(s), 0 minute(s), 0 second(s), 57 millisecond(s)

Fitness: 73226

1	0	0	1	0	0	0	
0	1	0	0	0	0	1	
0	1	0	1	0	0	0	
0	0	0	1	0	0	0	
1	0	2	0	0	0	0	
0	0	0	0	0	0	0	
3	0	0	0	0	0	0	
0	0	0	0	0	0	0	
1	0	0	0	0	3	0	
0	2	0	1	0	0	0	
0	1	0	0	0	0	0	
0	2	0	2	0	0	0	
0	2	0	0	0	1	0	
3	0	2	0	0	0	0	
1	0	0	0	0	0	1	
0	0	0	0	0	0	0	
1	0	0	2	0	0	0	
0	0	0	0	0	0	2	
0	0	0	1	0	0	0	
3	0	0	0	0	0	2	
0	0	0	0	0	0	0	
0	1	0	0	0	0	0	
3	0	0	0	0	0	0	
0	1	1	0	0	0	0	
0	0	0	0	0	0	0	
0	0	0	0	0	0	0	
0	0	0	1	0	0	0	
0	0	1	1	0	0	0	
0	2	0	0	0	0	2	
0	2	0	0	0	0	1	
0	0	0	1	0	0	1	
3	0	0	0	0	0	0	
0	0	0	0	0	0	0	
0	0	0	1	0	3	0	
0	0	0	0	0	0	0	
0	1	0	0	0	0	0	
0	0	1	0	0	0	0	
0	0	0	0	0	0	0	
0	0	0	0	2	0	1	
1	2	0	0	0	0	3	
0	0	0	1	0	0	1	
0	1	0	0	0	0	1	
1	0	0	0	0	0	0	
0	0	0	0	0	1	0	
0	0	0	0	0	0	0	
3	0	0	0	0	0	0	
1	0	2	0	0	0	1	
0	0	2	0	0	0	0	
0	0	0	0	0	3	0	
0	0	0	0	0	0	0	
0	0	0	0	0	0	0	
0	0	0	0	0	0	2	
0	0	0	2	0	0	0	
1	2	0	1	0	2	0	
0	0	1	0	0	3	0	
0	0	0	2	0	3	1	
3	1	2	2	2	0	0	
0	0	0	0	3	0	0	
0	2	0	2	0	0	0	
0	0	0	0	0	0	1	
0	1	0	0	0	0	0	
3	1	0	0	0	0	0	
3	1	1	0	0	2	1	
0	0	0	0	0	0	0	
0	2	0	2	0	0	0	
0	1	2	0	0	3	0	
0	0	0	0	0	0	0	
0	0	0	0	0	0	0	
0	0	0	0	0	3	0	
0	0	0	0	0	0	0	
3	0	0	0	0	3	1	
0	0	0	0	0	0	0	
1	0	0	2	0	0	3	
0	0	0	0	0	0	0	
3	0	0	0	0	0	0	
--------------------

--------------------
Best Solution Found!
--------------------
Time: 0 hour(s), 0 minute(s), 0 second(s), 58 millisecond(s)

Fitness: 73226

1	0	0	1	0	0	0	
0	1	0	0	0	0	1	
0	1	0	1	0	0	0	
0	0	0	1	0	0	0	
1	0	2	0	0	0	0	
0	0	0	0	0	0	0	
3	0	0	0	0	0	0	
0	0	0	0	0	0	0	
1	0	0	0	0	3	0	
0	2	0	1	0	0	0	
0	1	0	0	0	0	0	
0	2	0	2	0	0	0	
0	2	0	0	0	1	0	
3	0	2	0	0	0	0	
1	0	0	0	0	0	1	
0	0	0	0	0	0	0	
1	0	0	2	0	0	0	
0	0	0	0	0	0	2	
0	0	0	1	0	0	0	
3	0	0	0	0	0	2	
0	0	0	0	0	0	0	
0	1	0	0	0	0	0	
3	0	0	0	0	0	0	
0	1	1	0	0	0	0	
0	0	0	0	0	0	0	
0	0	0	0	0	0	0	
0	0	0	1	0	0	0	
0	0	1	1	0	0	0	
0	2	0	0	0	0	2	
0	2	0	0	0	0	1	
0	0	0	1	0	0	1	
3	0	0	0	0	0	0	
0	0	0	0	0	0	0	
0	0	0	1	0	3	0	
0	0	0	0	0	0	0	
0	1	0	0	0	0	0	
0	0	1	0	0	0	0	
0	0	0	0	0	0	0	
0	0	0	0	2	0	1	
1	2	0	0	0	0	3	
0	0	0	1	0	0	1	
0	1	0	0	0	0	1	
1	0	0	0	0	0	0	
0	0	0	0	0	1	0	
0	0	0	0	0	0	0	
3	0	0	0	0	0	0	
1	0	2	0	0	0	1	
0	0	2	0	0	0	0	
0	0	0	0	0	3	0	
0	0	0	0	0	0	0	
0	0	0	0	0	0	0	
0	0	0	0	0	0	2	
0	0	0	2	0	0	0	
1	2	0	1	0	2	0	
0	0	1	0	0	3	0	
0	0	0	2	0	3	1	
3	1	2	2	2	0	0	
0	0	0	0	3	0	0	
0	2	0	2	0	0	0	
0	0	0	0	0	0	1	
0	1	0	0	0	0	0	
3	1	0	0	0	0	0	
3	1	1	0	0	2	1	
0	0	0	0	0	0	0	
0	2	0	2	0	0	0	
0	1	2	0	0	3	0	
0	0	0	0	0	0	0	
0	0	0	0	0	0	0	
0	0	0	0	0	3	0	
0	0	0	0	0	0	0	
3	0	0	0	0	3	1	
0	0	0	0	0	0	0	
1	0	0	2	0	0	3	
0	0	0	0	0	0	0	
3	0	0	0	0	0	0	
--------------------

--------------------
Best Solution Found!
--------------------
Time: 0 hour(s), 0 minute(s), 0 second(s), 75 millisecond(s)

Fitness: 73225

0	0	0	0	0	2	0	
0	2	0	1	0	0	0	
3	2	0	2	3	3	0	
3	0	0	0	0	0	0	
0	0	0	0	0	1	3	
0	0	0	0	0	0	0	
0	0	0	1	0	0	0	
1	2	0	0	0	0	0	
0	1	2	0	0	3	0	
0	2	0	0	0	0	1	
0	0	0	0	0	0	0	
0	0	0	0	0	0	1	
0	2	0	0	0	0	1	
0	0	0	1	0	0	0	
0	0	0	0	0	0	0	
3	0	2	0	0	0	1	
1	0	0	0	0	0	0	
0	0	0	0	2	0	0	
0	0	0	0	0	3	0	
0	0	0	0	0	0	0	
0	2	0	0	0	0	1	
0	0	0	0	0	0	0	
1	0	0	1	0	0	0	
0	0	0	0	0	0	0	
1	1	0	0	0	0	0	
0	0	0	0	0	0	0	
0	0	0	0	0	0	1	
0	0	0	2	0	0	0	
0	0	0	0	0	3	0	
0	0	0	0	0	0	0	
0	0	0	1	0	0	0	
0	2	0	1	0	1	0	
3	0	0	0	0	0	0	
0	2	0	0	0	0	0	
0	0	0	0	0	0	0	
3	0	0	0	0	0	2	
0	0	0	0	0	0	0	
0	0	0	0	0	0	1	
3	0	1	2	0	0	0	
0	0	0	0	0	0	0	
0	0	0	0	0	0	0	
0	2	0	0	0	0	1	
0	0	2	1	0	0	0	
0	1	0	0	0	3	1	
0	0	0	0	0	0	0	
1	0	0	2	0	0	0	
1	0	0	1	0	0	0	
1	0	1	0	0	0	0	
0	0	2	2	0	0	2	
0	0	0	0	0	0	0	
0	0	0	0	0	0	0	
0	1	0	0	0	0	0	
0	1	2	0	0	0	2	
0	1	0	0	0	0	0	
0	0	0	0	0	0	3	
0	0	0	0	2	3	0	
0	0	0	0	0	3	0	
0	0	0	0	0	0	0	
3	0	1	0	0	0	1	
0	0	1	0	0	0	0	
1	0	0	2	0	0	0	
0	0	0	0	0	0	1	
1	0	0	0	0	0	0	
0	1	0	1	0	0	1	
0	0	0	0	0	0	0	
0	0	0	0	0	0	0	
0	1	0	0	0	0	0	
0	0	0	0	0	2	0	
3	0	0	1	0	0	0	
0	1	1	0	0	0	0	
3	1	0	0	0	0	0	
1	1	2	2	0	0	2	
3	0	0	1	0	3	0	
3	1	0	0	0	0	0	
0	0	0	2	0	0	0	
--------------------

--------------------
Best Solution Found!
--------------------
Time: 0 hour(s), 0 minute(s), 0 second(s), 122 millisecond(s)

Fitness: 73217

0	0	0	0	0	0	0	
0	1	0	0	0	0	0	
1	0	0	0	0	0	0	
0	0	0	0	0	3	0	
0	0	0	0	0	3	0	
0	1	0	0	0	0	0	
0	2	0	0	0	0	0	
1	2	1	1	0	0	3	
3	0	0	0	0	0	3	
0	0	0	0	0	0	0	
1	0	0	0	0	0	1	
0	1	0	0	0	0	0	
1	0	2	2	0	1	1	
0	0	0	1	0	0	0	
0	2	0	0	0	0	0	
0	0	1	0	0	0	0	
3	0	0	1	0	0	0	
3	2	0	2	0	3	0	
0	0	0	0	0	0	2	
0	0	1	0	0	0	0	
0	0	0	0	0	3	0	
3	0	0	1	0	0	0	
0	0	0	0	0	0	0	
0	0	0	2	0	0	0	
0	0	0	0	0	0	0	
0	0	0	0	0	0	0	
0	0	2	0	0	0	0	
0	0	0	0	0	0	0	
0	1	0	0	0	0	0	
0	0	0	0	0	0	0	
1	0	0	0	0	0	1	
3	0	0	1	0	0	0	
3	0	0	0	0	3	0	
0	1	0	0	0	0	0	
0	0	0	2	0	0	0	
0	0	0	0	0	0	0	
0	0	0	0	3	0	0	
0	0	0	1	0	3	0	
0	2	0	2	0	0	0	
0	1	0	0	0	0	0	
0	0	0	0	0	0	0	
0	0	2	1	0	2	0	
0	0	0	0	0	0	1	
0	1	0	0	0	0	0	
3	0	0	0	0	0	1	
0	0	0	2	0	0	1	
0	0	2	0	0	0	0	
0	0	0	0	0	0	0	
0	0	0	0	0	0	0	
1	0	0	1	0	0	0	
0	0	0	1	0	1	0	
0	1	2	0	0	0	0	
1	0	0	0	0	0	1	
1	2	0	2	0	3	0	
0	2	0	0	0	0	2	
0	2	1	0	0	0	0	
1	0	0	1	0	0	0	
0	1	1	0	0	0	0	
0	2	0	0	2	2	0	
3	0	0	0	0	0	0	
0	0	0	0	0	0	0	
3	0	0	0	0	0	0	
0	1	0	0	0	0	0	
0	0	0	0	0	0	0	
3	0	0	0	0	0	1	
0	1	0	1	0	0	0	
3	0	0	0	0	0	1	
0	1	0	0	0	3	0	
0	0	0	0	0	0	2	
0	0	0	0	0	0	2	
0	0	0	0	0	0	0	
0	0	0	0	2	0	0	
0	0	2	0	0	0	1	
1	0	0	2	0	0	1	
0	0	0	0	0	0	1	
--------------------

--------------------
Best Solution Found!
--------------------
Time: 0 hour(s), 0 minute(s), 0 second(s), 196 millisecond(s)

Fitness: 72225

0	0	0	0	0	0	0	
0	2	0	0	0	0	0	
0	0	0	1	0	3	0	
0	1	0	0	0	0	0	
0	2	1	0	0	0	0	
0	0	0	0	0	0	2	
0	0	0	1	0	0	0	
0	0	0	2	0	0	1	
0	0	2	0	0	0	0	
3	1	0	2	0	2	3	
0	0	0	1	0	1	0	
1	2	0	2	0	0	1	
0	0	0	0	0	0	0	
0	0	1	0	0	0	0	
1	0	0	1	0	0	1	
0	0	0	0	0	3	0	
0	0	0	2	0	0	2	
0	0	0	0	0	0	0	
0	0	0	0	0	0	0	
0	0	0	1	0	0	0	
1	0	0	0	0	0	0	
0	1	0	0	0	0	0	
3	0	0	1	0	0	0	
0	0	0	0	0	0	0	
0	0	0	0	0	0	0	
0	1	1	0	0	0	0	
0	0	0	0	0	0	0	
3	0	0	0	0	0	3	
0	2	0	0	0	0	0	
3	0	2	0	0	0	1	
0	1	0	0	0	0	0	
3	1	0	0	0	0	0	
0	2	0	0	0	3	0	
1	2	0	1	0	3	0	
0	0	0	0	0	0	0	
0	0	0	0	0	1	0	
0	0	0	0	0	0	0	
1	2	2	0	0	0	0	
0	0	0	0	0	0	0	
0	0	0	0	0	0	0	
0	0	0	0	0	0	2	
3	0	0	2	2	0	0	
0	0	0	1	0	0	0	
0	2	0	0	0	0	0	
3	1	1	2	0	0	1	
0	0	0	0	0	0	0	
3	0	0	0	0	0	0	
1	0	0	0	0	0	0	
0	0	0	0	0	0	1	
0	0	0	0	0	3	0	
1	0	0	1	0	0	0	
0	1	0	0	0	0	0	
1	0	0	0	0	0	0	
1	0	0	0	0	0	1	
3	1	1	0	0	3	2	
3	0	0	1	0	0	0	
0	0	0	0	0	3	0	
3	0	0	0	0	0	0	
0	0	0	2	0	0	0	
0	1	2	0	0	0	0	
0	0	0	0	0	0	1	
0	0	0	0	0	0	1	
0	0	0	2	0	0	1	
0	2	0	0	0	0	1	
0	0	0	1	3	0	0	
1	0	0	0	2	0	1	
0	0	0	0	0	0	0	
0	1	0	0	0	0	0	
0	0	0	0	0	2	0	
0	0	0	0	0	0	0	
0	0	0	0	0	0	0	
0	0	2	0	0	0	0	
0	0	2	0	0	0	0	
0	1	0	0	0	3	0	
0	0	0	0	0	0	0	
--------------------

--------------------
Best Solution Found!
--------------------
Time: 0 hour(s), 0 minute(s), 4 second(s), 407 millisecond(s)

Fitness: 72224

0	0	1	2	0	0	0	
3	0	0	0	0	0	0	
0	0	0	0	0	0	0	
1	0	0	0	0	0	0	
0	0	0	2	0	0	0	
0	1	0	0	0	0	0	
0	0	0	0	0	0	0	
3	0	2	2	3	3	0	
3	1	2	1	0	2	0	
3	2	0	0	0	0	3	
0	2	0	0	0	0	0	
0	0	0	0	0	0	2	
0	2	0	0	0	0	0	
0	0	2	0	0	0	0	
0	0	1	0	0	0	0	
0	0	0	0	0	0	0	
0	0	0	0	0	0	1	
0	2	0	0	0	0	1	
0	0	0	1	0	0	0	
0	1	0	0	0	0	2	
0	0	0	0	0	0	1	
3	0	0	0	0	1	0	
0	0	0	0	0	0	0	
0	0	0	0	0	0	0	
0	1	0	0	0	0	0	
3	2	0	0	0	3	0	
1	0	0	0	0	0	0	
1	2	0	1	2	0	1	
0	0	2	0	0	3	0	
0	2	0	0	0	0	0	
0	0	0	0	0	3	0	
1	0	0	1	0	0	0	
3	0	0	0	0	0	3	
0	0	0	2	0	2	1	
0	0	2	0	0	0	0	
0	1	0	1	0	0	0	
0	0	0	0	0	0	0	
1	2	0	0	0	0	0	
0	0	0	0	0	0	2	
0	1	0	0	0	0	1	
0	1	0	1	0	0	0	
3	0	0	0	0	1	1	
0	0	0	0	0	0	0	
0	0	0	2	0	0	0	
0	0	0	0	0	0	0	
0	0	0	0	0	0	0	
3	1	0	0	0	0	0	
0	0	0	0	0	0	2	
0	0	0	1	0	0	0	
0	1	2	0	0	0	0	
0	0	0	0	0	0	0	
0	0	0	1	0	0	0	
0	0	0	0	0	0	0	
1	0	0	2	0	0	1	
3	1	0	0	0	3	0	
0	2	0	2	0	3	0	
0	0	0	1	0	0	0	
1	0	0	0	0	0	0	
0	1	0	0	0	0	0	
0	0	0	0	0	0	0	
0	0	0	1	0	0	0	
0	0	0	0	0	0	0	
0	0	1	0	0	3	0	
3	0	0	0	0	0	0	
1	0	0	0	0	0	1	
1	0	0	0	0	0	1	
0	0	1	1	0	0	0	
0	1	0	0	0	0	0	
0	0	0	2	0	0	0	
0	0	0	0	0	0	1	
0	0	0	0	0	0	0	
1	0	0	0	0	0	0	
0	0	1	0	0	0	1	
0	0	0	0	0	0	0	
0	0	0	0	2	3	0	
--------------------

--------------------
Best Solution Found!
--------------------
Time: 0 hour(s), 0 minute(s), 4 second(s), 408 millisecond(s)

Fitness: 72224

0	0	1	2	0	0	0	
3	0	0	0	0	0	0	
0	0	0	0	0	0	0	
1	0	0	0	0	0	0	
0	0	0	2	0	0	0	
0	1	0	0	0	0	0	
0	0	0	0	0	0	0	
3	0	2	2	3	3	0	
3	1	2	1	0	2	0	
3	2	0	0	0	0	3	
0	2	0	0	0	0	0	
0	0	0	0	0	0	2	
0	2	0	0	0	0	0	
0	0	2	0	0	0	0	
0	0	1	0	0	0	0	
0	0	0	0	0	0	0	
0	0	0	0	0	0	1	
0	2	0	0	0	0	1	
0	0	0	1	0	0	0	
0	1	0	0	0	0	2	
0	0	0	0	0	0	1	
3	0	0	0	0	1	0	
0	0	0	0	0	0	0	
0	0	0	0	0	0	0	
0	1	0	0	0	0	0	
3	2	0	0	0	3	0	
1	0	0	0	0	0	0	
1	2	0	1	2	0	1	
0	0	2	0	0	3	0	
0	2	0	0	0	0	0	
0	0	0	0	0	3	0	
1	0	0	1	0	0	0	
3	0	0	0	0	0	3	
0	0	0	2	0	2	1	
0	0	2	0	0	0	0	
0	1	0	1	0	0	0	
0	0	0	0	0	0	0	
1	2	0	0	0	0	0	
0	0	0	0	0	0	2	
0	1	0	0	0	0	1	
0	1	0	1	0	0	0	
3	0	0	0	0	1	1	
0	0	0	0	0	0	0	
0	0	0	2	0	0	0	
0	0	0	0	0	0	0	
0	0	0	0	0	0	0	
3	1	0	0	0	0	0	
0	0	0	0	0	0	2	
0	0	0	1	0	0	0	
0	1	2	0	0	0	0	
0	0	0	0	0	0	0	
0	0	0	1	0	0	0	
0	0	0	0	0	0	0	
1	0	0	2	0	0	1	
3	1	0	0	0	3	0	
0	2	0	2	0	3	0	
0	0	0	1	0	0	0	
1	0	0	0	0	0	0	
0	1	0	0	0	0	0	
0	0	0	0	0	0	0	
0	0	0	1	0	0	0	
0	0	0	0	0	0	0	
0	0	1	0	0	3	0	
3	0	0	0	0	0	0	
1	0	0	0	0	0	1	
1	0	0	0	0	0	1	
0	0	1	1	0	0	0	
0	1	0	0	0	0	0	
0	0	0	2	0	0	0	
0	0	0	0	0	0	1	
0	0	0	0	0	0	0	
1	0	0	0	0	0	0	
0	0	1	0	0	0	1	
0	0	0	0	0	0	0	
0	0	0	0	2	3	0	
--------------------

--------------------
Best Solution Found!
--------------------
Time: 0 hour(s), 0 minute(s), 5 second(s), 928 millisecond(s)

Fitness: 72221

0	0	0	0	0	0	0	
3	1	0	0	0	3	0	
0	1	0	0	0	2	0	
0	0	0	0	0	0	0	
0	0	0	0	0	0	0	
0	1	2	0	0	0	0	
0	0	0	1	0	0	0	
0	0	0	1	0	3	0	
0	0	0	0	0	0	0	
0	0	0	0	0	0	0	
3	0	0	1	0	0	0	
0	0	0	0	0	0	0	
0	1	0	0	0	0	0	
0	2	0	0	0	0	0	
0	0	0	0	0	0	0	
1	0	1	0	0	3	0	
0	0	0	0	0	0	0	
3	0	0	1	0	0	0	
3	0	2	0	0	1	2	
0	1	0	0	2	0	0	
0	1	0	0	0	0	0	
1	0	0	0	0	0	0	
0	1	0	2	0	0	0	
0	0	0	0	0	0	0	
0	2	0	0	0	0	0	
3	0	0	1	2	3	0	
3	1	0	2	0	3	1	
0	1	1	0	0	3	0	
0	2	0	0	0	3	0	
0	0	0	0	0	0	0	
0	0	0	0	0	0	0	
0	0	0	0	0	0	0	
0	0	0	0	0	0	1	
0	2	0	1	0	0	0	
0	0	0	0	0	0	1	
0	0	0	0	0	0	0	
0	0	0	0	0	0	0	
3	0	0	0	0	0	0	
0	1	0	0	0	0	1	
0	0	0	0	0	0	0	
1	2	0	1	0	0	0	
0	0	0	0	0	0	0	
0	0	1	0	0	0	2	
0	0	0	0	0	0	1	
0	2	0	0	0	0	0	
0	0	0	0	0	0	1	
1	0	0	0	0	0	1	
0	0	0	0	0	0	3	
0	0	2	2	0	0	0	
0	0	0	2	0	0	0	
1	0	0	0	0	0	0	
0	0	0	2	0	0	0	
0	0	0	0	0	0	0	
0	0	1	1	3	0	1	
3	0	0	0	0	0	0	
0	2	2	1	0	2	1	
0	2	0	0	0	0	0	
0	0	2	0	0	3	3	
1	0	0	1	0	0	0	
3	0	0	0	0	0	0	
0	0	0	2	0	0	0	
0	0	0	0	0	0	1	
0	0	0	0	0	0	0	
0	0	0	0	0	0	2	
1	0	0	0	0	0	0	
0	0	0	0	0	0	0	
0	2	0	0	0	0	0	
3	0	1	0	0	0	0	
1	0	0	2	0	0	0	
3	0	0	0	0	0	0	
0	0	2	1	0	0	0	
0	1	0	0	0	0	1	
1	0	0	0	0	0	2	
0	0	0	0	0	0	0	
1	1	0	2	0	1	1	
--------------------

--------------------
Best Solution Found!
--------------------
Time: 0 hour(s), 0 minute(s), 5 second(s), 931 millisecond(s)

Fitness: 71240

0	1	0	0	0	0	0	
0	0	0	0	0	3	0	
3	0	0	0	0	2	0	
3	1	0	0	0	0	0	
0	0	0	0	0	0	0	
0	0	2	0	0	0	0	
3	0	0	1	0	0	0	
0	1	0	1	0	3	0	
0	0	0	0	0	0	0	
0	0	0	0	0	0	0	
0	1	0	1	0	0	0	
0	0	0	0	0	0	0	
0	0	0	0	0	0	0	
0	0	0	0	0	0	0	
0	0	0	0	0	0	0	
1	0	1	0	0	3	0	
0	0	0	0	0	0	0	
0	0	0	1	0	0	0	
3	0	2	0	0	1	2	
0	0	0	0	2	0	0	
0	0	0	0	0	0	0	
0	0	0	0	0	0	0	
1	0	0	2	0	0	0	
0	2	0	0	0	0	0	
3	0	0	0	0	0	0	
3	1	0	1	2	3	0	
0	1	0	2	0	3	1	
1	0	1	0	0	3	0	
1	0	0	0	0	3	0	
1	0	0	0	0	0	0	
1	2	0	0	0	0	0	
1	0	0	0	0	0	0	
0	0	0	0	0	0	1	
0	0	0	1	0	0	0	
0	0	0	0	0	0	1	
3	0	0	0	0	0	0	
0	0	0	0	0	0	0	
0	0	0	0	0	0	0	
0	0	0	0	0	0	1	
0	1	0	0	0	0	0	
3	0	0	1	0	0	0	
0	0	0	0	0	0	0	
0	0	1	0	0	0	2	
0	2	0	0	0	0	1	
0	0	0	0	0	0	0	
0	0	0	0	0	0	1	
0	1	0	0	0	0	1	
3	1	0	0	0	0	3	
1	0	2	2	0	0	0	
0	0	0	2	0	0	0	
0	2	0	0	0	0	0	
0	2	0	2	0	0	0	
0	2	0	0	0	0	0	
0	2	1	1	3	0	1	
0	0	0	0	0	0	0	
0	1	2	1	0	2	1	
1	0	0	0	0	0	0	
0	0	2	0	0	3	3	
0	2	0	1	0	0	0	
0	0	0	0	0	0	0	
0	0	0	2	0	0	0	
0	0	0	0	0	0	1	
0	0	0	0	0	0	0	
0	0	0	0	0	0	2	
1	0	0	0	0	0	0	
0	0	0	0	0	0	0	
0	0	0	0	0	0	0	
0	0	1	0	0	0	0	
0	0	0	2	0	0	0	
3	0	0	0	0	0	0	
0	0	2	1	0	0	0	
0	2	0	0	0	0	1	
0	0	0	0	0	0	2	
0	1	0	0	0	0	0	
3	1	0	2	0	1	1	
--------------------

--------------------
Best Solution Found!
--------------------
Time: 0 hour(s), 0 minute(s), 12 second(s), 883 millisecond(s)

Fitness: 71235

0	0	1	0	0	0	1	
0	0	2	0	0	0	0	
0	0	0	1	0	0	0	
0	0	0	0	0	0	0	
0	2	0	0	0	0	0	
0	0	0	0	0	0	0	
0	1	0	0	0	0	0	
3	0	0	0	0	0	0	
0	0	0	2	0	0	1	
1	0	0	1	0	0	0	
0	0	0	0	0	0	1	
3	0	0	0	0	0	2	
3	2	1	1	0	0	1	
0	0	0	0	0	0	1	
1	0	0	0	0	0	1	
1	0	0	0	0	0	0	
0	0	0	0	0	0	0	
0	1	0	0	2	1	0	
0	0	2	0	0	0	0	
0	0	0	0	0	3	0	
3	1	2	1	0	0	0	
1	0	0	2	0	0	0	
0	0	0	0	0	0	0	
0	0	0	0	0	3	0	
3	0	0	0	0	0	0	
0	1	2	0	0	0	0	
0	2	1	1	0	2	1	
3	0	0	1	0	0	0	
0	0	0	0	0	3	0	
0	0	0	0	0	0	0	
0	0	1	0	0	0	0	
0	0	0	0	0	1	1	
0	0	0	0	0	3	0	
3	0	0	0	0	0	0	
0	2	0	0	0	0	2	
0	0	0	0	0	0	0	
1	0	0	0	0	0	0	
3	1	0	1	2	3	0	
0	0	0	0	0	0	0	
0	0	0	0	0	0	0	
0	0	0	2	0	3	0	
0	2	0	0	0	0	0	
0	0	0	0	0	0	0	
0	0	0	0	0	0	0	
0	0	0	0	0	0	0	
0	2	0	1	0	3	0	
1	0	0	0	0	0	3	
3	0	0	2	0	0	0	
1	2	2	2	0	0	2	
0	0	0	0	0	0	0	
0	1	0	0	0	0	1	
0	1	0	1	0	0	1	
1	0	0	0	0	0	0	
0	1	1	2	0	0	1	
0	0	0	1	0	0	0	
3	1	0	1	0	0	0	
0	0	0	0	0	0	0	
3	0	2	0	0	2	0	
0	0	0	0	0	0	2	
0	0	0	0	0	0	1	
0	0	0	0	0	0	0	
1	1	0	0	3	0	0	
0	1	0	2	0	0	0	
0	0	0	0	0	0	0	
1	2	0	2	0	0	0	
0	0	0	0	0	0	0	
0	0	0	0	0	0	0	
0	0	0	0	0	0	0	
0	0	0	0	0	0	3	
0	2	0	0	0	0	0	
0	0	0	0	0	0	0	
0	0	0	0	0	0	0	
0	0	0	0	0	0	0	
0	0	0	0	0	3	0	
0	1	0	0	0	0	0	
--------------------

--------------------
Best Solution Found!
--------------------
Time: 0 hour(s), 0 minute(s), 12 second(s), 884 millisecond(s)

Fitness: 71235

0	0	1	0	0	0	1	
0	0	2	0	0	0	0	
0	0	0	1	0	0	0	
0	0	0	0	0	0	0	
0	2	0	0	0	0	0	
0	0	0	0	0	0	0	
0	1	0	0	0	0	0	
3	0	0	0	0	0	0	
0	0	0	2	0	0	1	
1	0	0	1	0	0	0	
0	0	0	0	0	0	1	
3	0	0	0	0	0	2	
3	2	1	1	0	0	1	
0	0	0	0	0	0	1	
1	0	0	0	0	0	1	
1	0	0	0	0	0	0	
0	0	0	0	0	0	0	
0	1	0	0	2	1	0	
0	0	2	0	0	0	0	
0	0	0	0	0	3	0	
3	1	2	1	0	0	0	
1	0	0	2	0	0	0	
0	0	0	0	0	0	0	
0	0	0	0	0	3	0	
3	0	0	0	0	0	0	
0	1	2	0	0	0	0	
0	2	1	1	0	2	1	
3	0	0	1	0	0	0	
0	0	0	0	0	3	0	
0	0	0	0	0	0	0	
0	0	1	0	0	0	0	
0	0	0	0	0	1	1	
0	0	0	0	0	3	0	
3	0	0	0	0	0	0	
0	2	0	0	0	0	2	
0	0	0	0	0	0	0	
1	0	0	0	0	0	0	
3	1	0	1	2	3	0	
0	0	0	0	0	0	0	
0	0	0	0	0	0	0	
0	0	0	2	0	3	0	
0	2	0	0	0	0	0	
0	0	0	0	0	0	0	
0	0	0	0	0	0	0	
0	0	0	0	0	0	0	
0	2	0	1	0	3	0	
1	0	0	0	0	0	3	
3	0	0	2	0	0	0	
1	2	2	2	0	0	2	
0	0	0	0	0	0	0	
0	1	0	0	0	0	1	
0	1	0	1	0	0	1	
1	0	0	0	0	0	0	
0	1	1	2	0	0	1	
0	0	0	1	0	0	0	
3	1	0	1	0	0	0	
0	0	0	0	0	0	0	
3	0	2	0	0	2	0	
0	0	0	0	0	0	2	
0	0	0	0	0	0	1	
0	0	0	0	0	0	0	
1	1	0	0	3	0	0	
0	1	0	2	0	0	0	
0	0	0	0	0	0	0	
1	2	0	2	0	0	0	
0	0	0	0	0	0	0	
0	0	0	0	0	0	0	
0	0	0	0	0	0	0	
0	0	0	0	0	0	3	
0	2	0	0	0	0	0	
0	0	0	0	0	0	0	
0	0	0	0	0	0	0	
0	0	0	0	0	0	0	
0	0	0	0	0	3	0	
0	1	0	0	0	0	0	
--------------------

--------------------
Best Solution Found!
--------------------
Time: 0 hour(s), 0 minute(s), 15 second(s), 52 millisecond(s)

Fitness: 71227

0	0	0	0	0	0	0	
3	0	0	0	0	2	1	
1	0	0	0	0	0	0	
1	0	0	0	0	0	1	
0	0	0	0	0	0	0	
0	0	0	2	0	0	0	
1	0	0	0	0	0	0	
1	0	2	0	0	0	0	
0	2	0	0	0	0	0	
0	0	0	0	0	2	0	
0	0	0	0	0	0	0	
0	1	0	0	0	0	0	
0	2	0	1	0	0	0	
3	0	0	2	0	3	0	
0	1	2	1	0	3	2	
0	0	1	1	0	0	0	
0	1	0	0	0	0	1	
0	1	0	2	0	0	0	
0	2	0	0	0	0	0	
3	0	0	0	0	0	0	
3	1	0	0	0	0	1	
0	2	1	1	0	0	0	
3	1	0	0	0	0	0	
0	0	0	0	0	0	0	
0	0	0	1	0	0	0	
0	0	0	0	0	0	0	
1	0	0	0	0	0	0	
3	0	0	2	0	0	1	
0	0	0	0	0	1	2	
1	2	2	0	0	3	1	
3	1	0	0	0	0	0	
0	1	2	1	2	0	3	
0	0	1	0	0	0	0	
0	0	0	1	0	3	0	
0	0	0	0	0	0	2	
3	0	0	0	0	0	0	
0	0	0	0	0	0	1	
0	0	0	0	0	0	0	
0	0	0	0	0	0	0	
0	0	0	0	0	1	0	
0	0	2	0	0	0	3	
0	0	0	1	0	0	0	
3	1	0	0	0	0	0	
0	2	0	0	0	0	1	
0	0	0	0	0	0	0	
0	0	0	0	0	0	0	
0	1	0	0	0	0	0	
0	0	1	0	0	0	0	
0	0	0	0	0	0	1	
3	0	0	0	0	0	0	
1	0	1	0	0	0	0	
0	2	0	0	0	0	0	
0	0	0	2	0	0	0	
3	0	0	2	0	0	1	
1	0	2	1	0	3	1	
0	0	0	0	0	0	0	
1	0	0	0	0	0	0	
0	0	0	2	0	3	0	
0	0	0	0	0	0	0	
0	0	0	2	0	0	1	
0	0	0	0	0	0	0	
0	2	0	0	0	0	0	
0	0	0	0	0	3	0	
0	0	0	0	0	0	0	
0	1	0	0	0	0	0	
0	2	0	0	0	0	0	
0	0	0	0	2	0	0	
1	0	0	0	0	0	0	
0	0	0	0	0	0	0	
0	1	0	0	0	0	0	
0	0	0	0	0	0	0	
0	0	0	1	0	0	2	
0	0	0	1	3	3	0	
0	0	0	0	0	0	0	
0	0	0	0	0	0	0	
--------------------

--------------------
Best Solution Found!
--------------------
Time: 0 hour(s), 0 minute(s), 18 second(s), 456 millisecond(s)

Fitness: 71225

0	1	0	1	0	0	0	
0	0	0	0	0	0	1	
0	0	0	0	0	0	0	
0	0	0	0	0	0	0	
1	0	0	0	0	0	0	
0	0	2	0	0	3	0	
0	2	0	0	0	0	0	
0	0	0	0	0	0	0	
1	0	0	0	0	0	0	
0	0	0	2	0	0	0	
3	0	0	0	0	0	0	
0	0	0	0	0	0	3	
0	0	0	0	0	0	0	
0	0	0	0	0	0	0	
0	0	2	0	0	0	0	
1	0	0	0	0	0	1	
0	2	0	0	0	0	0	
3	0	0	0	0	3	0	
0	0	1	0	0	0	0	
0	0	0	0	0	3	0	
0	1	0	0	0	0	0	
0	0	0	0	0	0	0	
0	0	0	1	0	0	1	
1	1	1	0	0	0	0	
0	0	0	0	0	3	0	
0	0	0	0	0	0	1	
3	0	0	0	2	0	0	
0	2	0	0	0	3	0	
0	1	0	0	0	0	0	
0	0	0	0	0	0	2	
3	1	0	0	0	3	0	
0	0	2	0	0	0	0	
3	0	0	0	0	0	0	
0	0	0	0	0	2	2	
0	2	0	0	0	0	0	
0	0	0	2	0	0	2	
1	0	1	0	0	0	0	
1	2	0	1	2	0	1	
3	0	0	0	0	0	0	
0	0	0	0	0	0	1	
3	0	0	1	0	0	0	
0	0	0	1	0	0	0	
0	1	0	2	0	0	0	
0	0	1	0	0	0	0	
0	0	0	1	0	3	0	
3	0	2	0	0	0	0	
0	1	0	2	0	0	0	
1	2	0	0	0	2	0	
0	0	0	1	0	0	1	
0	0	0	0	0	0	0	
0	0	0	1	0	0	0	
0	0	0	2	0	0	0	
0	0	0	0	0	0	0	
0	0	0	0	0	0	2	
3	0	0	0	0	0	0	
1	2	1	1	0	0	3	
0	1	0	0	0	0	0	
0	0	0	2	0	0	0	
0	0	0	1	0	0	0	
0	0	0	0	0	0	0	
0	0	0	0	0	0	0	
0	0	0	0	0	0	0	
1	2	2	2	0	0	1	
0	0	0	0	0	0	0	
0	0	0	0	0	0	0	
0	2	0	0	0	0	1	
1	0	0	0	3	0	1	
0	0	0	0	0	0	1	
0	1	0	2	0	1	0	
0	0	2	0	0	0	0	
3	1	0	1	0	1	1	
3	1	0	0	0	3	0	
0	1	0	0	0	0	0	
0	0	0	0	0	0	0	
0	0	0	0	0	0	0	
--------------------

--------------------
Best Solution Found!
--------------------
Time: 0 hour(s), 0 minute(s), 53 second(s), 206 millisecond(s)

Fitness: 71223

0	0	1	0	0	0	0	
0	0	0	0	0	0	1	
0	0	0	0	0	0	0	
0	1	0	0	0	0	0	
3	1	0	1	0	0	1	
0	0	0	1	0	3	0	
0	1	0	0	0	0	0	
0	0	0	0	0	0	0	
0	0	0	0	0	2	0	
1	0	0	1	0	0	0	
0	0	0	0	0	0	1	
0	0	0	0	0	3	1	
1	1	2	1	0	0	2	
0	0	0	0	0	3	0	
0	0	0	0	0	2	0	
0	1	0	0	0	0	0	
3	0	0	0	0	0	0	
0	0	0	1	0	1	0	
0	2	0	0	0	0	1	
3	0	0	0	2	0	0	
0	0	0	0	0	0	0	
0	0	1	0	0	0	0	
1	1	0	0	0	0	0	
0	0	0	0	0	0	0	
0	0	0	0	0	0	0	
0	0	0	0	0	0	0	
3	1	0	2	0	1	3	
3	0	0	0	0	0	0	
0	1	0	1	0	0	0	
1	0	0	0	0	0	0	
0	0	0	2	0	0	0	
0	0	0	0	0	3	0	
0	2	0	1	0	0	0	
0	0	2	0	0	0	2	
0	0	2	0	0	0	0	
0	0	2	0	0	0	0	
0	0	0	1	0	3	0	
1	2	0	0	0	0	0	
0	0	0	2	0	0	0	
1	0	0	0	2	0	2	
0	0	0	0	0	0	0	
0	0	0	0	0	0	0	
3	0	1	0	0	0	1	
0	2	0	2	0	0	0	
0	0	0	1	0	0	0	
0	0	0	0	0	0	0	
1	0	0	0	0	0	1	
0	0	0	0	0	0	0	
1	0	0	0	0	0	0	
0	2	0	1	0	3	0	
0	0	0	0	0	0	1	
0	2	2	0	0	0	1	
0	0	0	0	0	0	0	
0	0	0	0	0	0	1	
3	2	2	2	0	0	2	
3	0	1	2	3	0	1	
0	0	0	0	0	0	0	
0	0	0	0	0	0	0	
0	0	0	0	0	3	0	
0	0	0	0	0	0	0	
1	2	0	0	0	0	0	
3	0	0	0	0	0	0	
0	1	0	0	0	0	0	
1	0	0	0	0	0	0	
0	0	0	0	0	0	0	
3	1	0	0	0	0	0	
3	0	0	1	0	0	0	
0	1	0	0	0	0	0	
0	0	0	0	0	0	1	
0	1	0	2	0	0	0	
0	0	0	2	0	3	0	
0	0	0	0	0	0	0	
0	0	0	0	0	0	0	
0	0	1	0	0	0	0	
0	2	0	0	0	0	3	
--------------------

--------------------
Best Solution Found!
--------------------
Time: 0 hour(s), 1 minute(s), 20 second(s), 976 millisecond(s)

Fitness: 71208

0	1	0	0	0	0	0	
3	0	0	1	0	0	3	
0	2	1	1	0	1	1	
0	0	0	0	0	3	0	
0	1	0	0	0	3	1	
0	1	0	0	0	0	0	
3	0	0	0	0	3	2	
0	1	0	0	0	0	0	
1	1	1	1	0	1	0	
0	0	0	2	0	0	0	
0	0	0	0	0	0	1	
0	0	0	0	0	2	0	
0	0	0	0	0	3	0	
3	0	0	0	0	0	0	
0	0	0	1	0	0	0	
0	0	0	0	0	0	1	
1	0	0	0	0	0	0	
3	0	2	1	0	0	0	
0	0	0	0	0	0	0	
3	0	0	2	0	0	2	
1	1	0	0	0	2	0	
0	0	0	0	0	0	1	
0	0	2	0	0	0	0	
0	1	0	0	0	0	0	
0	0	0	0	0	0	0	
0	0	0	0	2	0	1	
3	1	2	0	0	3	2	
0	0	0	0	0	0	0	
0	0	0	0	0	0	0	
0	0	2	0	0	0	0	
1	0	0	0	0	0	0	
0	2	0	0	2	0	0	
0	1	0	1	0	0	1	
0	0	0	1	0	0	0	
0	1	1	0	0	0	1	
0	0	1	0	0	0	0	
0	0	0	0	0	0	0	
1	0	1	0	0	0	0	
0	0	0	0	0	0	0	
0	0	0	0	0	0	0	
0	0	0	0	0	0	0	
0	2	0	0	0	0	3	
0	0	0	0	0	0	0	
3	2	0	1	0	0	0	
0	0	0	0	0	3	0	
0	0	0	0	0	0	0	
3	0	0	2	0	3	0	
0	0	0	0	0	0	0	
0	0	0	1	0	3	0	
0	0	0	0	0	0	1	
1	0	0	2	0	0	1	
0	0	0	0	0	0	0	
0	0	0	0	0	0	0	
0	0	0	0	0	0	0	
0	1	0	0	0	0	0	
0	0	0	0	0	0	0	
1	2	0	1	0	0	0	
1	2	2	0	0	0	0	
0	0	0	2	0	0	0	
0	1	2	2	3	0	1	
0	2	0	2	0	0	0	
0	0	0	0	0	0	1	
0	0	0	0	0	0	0	
0	0	0	0	0	0	0	
3	0	0	0	0	0	0	
1	0	0	0	0	0	0	
3	0	0	0	0	0	2	
0	2	0	0	0	0	0	
0	0	0	0	0	0	0	
0	0	0	0	0	0	0	
0	2	0	1	0	0	0	
0	0	0	0	0	0	0	
1	0	0	0	0	0	0	
0	0	0	2	0	0	0	
3	0	0	0	0	0	0	
--------------------

--------------------
Best Solution Found!
--------------------
Time: 0 hour(s), 1 minute(s), 20 second(s), 978 millisecond(s)

Fitness: 71208

0	1	0	0	0	0	0	
3	0	0	1	0	0	3	
0	2	1	1	0	1	1	
0	0	0	0	0	3	0	
0	1	0	0	0	3	1	
0	1	0	0	0	0	0	
3	0	0	0	0	3	2	
0	1	0	0	0	0	0	
1	1	1	1	0	1	0	
0	0	0	2	0	0	0	
0	0	0	0	0	0	1	
0	0	0	0	0	2	0	
0	0	0	0	0	3	0	
3	0	0	0	0	0	0	
0	0	0	1	0	0	0	
0	0	0	0	0	0	1	
1	0	0	0	0	0	0	
3	0	2	1	0	0	0	
0	0	0	0	0	0	0	
3	0	0	2	0	0	2	
1	1	0	0	0	2	0	
0	0	0	0	0	0	1	
0	0	2	0	0	0	0	
0	1	0	0	0	0	0	
0	0	0	0	0	0	0	
0	0	0	0	2	0	1	
3	1	2	0	0	3	2	
0	0	0	0	0	0	0	
0	0	0	0	0	0	0	
0	0	2	0	0	0	0	
1	0	0	0	0	0	0	
0	2	0	0	2	0	0	
0	1	0	1	0	0	1	
0	0	0	1	0	0	0	
0	1	1	0	0	0	1	
0	0	1	0	0	0	0	
0	0	0	0	0	0	0	
1	0	1	0	0	0	0	
0	0	0	0	0	0	0	
0	0	0	0	0	0	0	
0	0	0	0	0	0	0	
0	2	0	0	0	0	3	
0	0	0	0	0	0	0	
3	2	0	1	0	0	0	
0	0	0	0	0	3	0	
0	0	0	0	0	0	0	
3	0	0	2	0	3	0	
0	0	0	0	0	0	0	
0	0	0	1	0	3	0	
0	0	0	0	0	0	1	
1	0	0	2	0	0	1	
0	0	0	0	0	0	0	
0	0	0	0	0	0	0	
0	0	0	0	0	0	0	
0	1	0	0	0	0	0	
0	0	0	0	0	0	0	
1	2	0	1	0	0	0	
1	2	2	0	0	0	0	
0	0	0	2	0	0	0	
0	1	2	2	3	0	1	
0	2	0	2	0	0	0	
0	0	0	0	0	0	1	
0	0	0	0	0	0	0	
0	0	0	0	0	0	0	
3	0	0	0	0	0	0	
1	0	0	0	0	0	0	
3	0	0	0	0	0	2	
0	2	0	0	0	0	0	
0	0	0	0	0	0	0	
0	0	0	0	0	0	0	
0	2	0	1	0	0	0	
0	0	0	0	0	0	0	
1	0	0	0	0	0	0	
0	0	0	2	0	0	0	
3	0	0	0	0	0	0	
--------------------

--------------------
Best Solution Found!
--------------------
Time: 0 hour(s), 1 minute(s), 20 second(s), 979 millisecond(s)

Fitness: 71208

0	1	0	0	0	0	0	
3	0	0	1	0	0	3	
0	2	1	1	0	1	1	
0	0	0	0	0	3	0	
0	1	0	0	0	3	1	
0	1	0	0	0	0	0	
3	0	0	0	0	3	2	
0	1	0	0	0	0	0	
1	1	1	1	0	1	0	
0	0	0	2	0	0	0	
0	0	0	0	0	0	1	
0	0	0	0	0	2	0	
0	0	0	0	0	3	0	
3	0	0	0	0	0	0	
0	0	0	1	0	0	0	
0	0	0	0	0	0	1	
1	0	0	0	0	0	0	
3	0	2	1	0	0	0	
0	0	0	0	0	0	0	
3	0	0	2	0	0	2	
1	1	0	0	0	2	0	
0	0	0	0	0	0	1	
0	0	2	0	0	0	0	
0	1	0	0	0	0	0	
0	0	0	0	0	0	0	
0	0	0	0	2	0	1	
3	1	2	0	0	3	2	
0	0	0	0	0	0	0	
0	0	0	0	0	0	0	
0	0	2	0	0	0	0	
1	0	0	0	0	0	0	
0	2	0	0	2	0	0	
0	1	0	1	0	0	1	
0	0	0	1	0	0	0	
0	1	1	0	0	0	1	
0	0	1	0	0	0	0	
0	0	0	0	0	0	0	
1	0	1	0	0	0	0	
0	0	0	0	0	0	0	
0	0	0	0	0	0	0	
0	0	0	0	0	0	0	
0	2	0	0	0	0	3	
0	0	0	0	0	0	0	
3	2	0	1	0	0	0	
0	0	0	0	0	3	0	
0	0	0	0	0	0	0	
3	0	0	2	0	3	0	
0	0	0	0	0	0	0	
0	0	0	1	0	3	0	
0	0	0	0	0	0	1	
1	0	0	2	0	0	1	
0	0	0	0	0	0	0	
0	0	0	0	0	0	0	
0	0	0	0	0	0	0	
0	1	0	0	0	0	0	
0	0	0	0	0	0	0	
1	2	0	1	0	0	0	
1	2	2	0	0	0	0	
0	0	0	2	0	0	0	
0	1	2	2	3	0	1	
0	2	0	2	0	0	0	
0	0	0	0	0	0	1	
0	0	0	0	0	0	0	
0	0	0	0	0	0	0	
3	0	0	0	0	0	0	
1	0	0	0	0	0	0	
3	0	0	0	0	0	2	
0	2	0	0	0	0	0	
0	0	0	0	0	0	0	
0	0	0	0	0	0	0	
0	2	0	1	0	0	0	
0	0	0	0	0	0	0	
1	0	0	0	0	0	0	
0	0	0	2	0	0	0	
3	0	0	0	0	0	0	
--------------------

--------------------
Best Solution Found!
--------------------
Time: 0 hour(s), 1 minute(s), 20 second(s), 984 millisecond(s)

Fitness: 71208

0	1	0	0	0	0	0	
3	0	0	1	0	0	3	
0	2	1	1	0	1	1	
0	0	0	0	0	3	0	
0	1	0	0	0	3	1	
0	1	0	0	0	0	0	
3	0	0	0	0	3	2	
0	1	0	0	0	0	0	
1	1	1	1	0	1	0	
0	0	0	2	0	0	0	
0	0	0	0	0	0	1	
0	0	0	0	0	2	0	
0	0	0	0	0	3	0	
3	0	0	0	0	0	0	
0	0	0	1	0	0	0	
0	0	0	0	0	0	1	
1	0	0	0	0	0	0	
3	0	2	1	0	0	0	
0	0	0	0	0	0	0	
3	0	0	2	0	0	2	
1	1	0	0	0	2	0	
0	0	0	0	0	0	1	
0	0	2	0	0	0	0	
0	1	0	0	0	0	0	
0	0	0	0	0	0	0	
0	0	0	0	2	0	1	
3	1	2	0	0	3	2	
0	0	0	0	0	0	0	
0	0	0	0	0	0	0	
0	0	2	0	0	0	0	
1	0	0	0	0	0	0	
0	2	0	0	2	0	0	
0	1	0	1	0	0	1	
0	0	0	1	0	0	0	
0	1	1	0	0	0	1	
0	0	1	0	0	0	0	
0	0	0	0	0	0	0	
1	0	1	0	0	0	0	
0	0	0	0	0	0	0	
0	0	0	0	0	0	0	
0	0	0	0	0	0	0	
0	2	0	0	0	0	3	
0	0	0	0	0	0	0	
3	2	0	1	0	0	0	
0	0	0	0	0	3	0	
0	0	0	0	0	0	0	
3	0	0	2	0	3	0	
0	0	0	0	0	0	0	
0	0	0	1	0	3	0	
0	0	0	0	0	0	1	
1	0	0	2	0	0	1	
0	0	0	0	0	0	0	
0	0	0	0	0	0	0	
0	0	0	0	0	0	0	
0	1	0	0	0	0	0	
0	0	0	0	0	0	0	
1	2	0	1	0	0	0	
1	2	2	0	0	0	0	
0	0	0	2	0	0	0	
0	1	2	2	3	0	1	
0	2	0	2	0	0	0	
0	0	0	0	0	0	1	
0	0	0	0	0	0	0	
0	0	0	0	0	0	0	
3	0	0	0	0	0	0	
1	0	0	0	0	0	0	
3	0	0	0	0	0	2	
0	2	0	0	0	0	0	
0	0	0	0	0	0	0	
0	0	0	0	0	0	0	
0	2	0	1	0	0	0	
0	0	0	0	0	0	0	
1	0	0	0	0	0	0	
0	0	0	2	0	0	0	
3	0	0	0	0	0	0	
--------------------


The best solution was found at the restart: 5, population: 0
Total Time Elapsed: 0 hour(s), 4 minute(s), 49 second(s), 543 millisecond(s)

