--------------------
Best Solution Found!
--------------------
Time: 0 hour(s), 0 minute(s), 0 second(s), 3 millisecond(s)

Fitness: 93580

0	2	0	1	2	0	0	
0	0	0	3	0	0	0	
0	2	2	3	1	1	0	
1	0	1	2	3	0	0	
0	0	0	0	0	0	0	
0	2	1	0	0	0	0	
0	0	0	1	0	0	0	
0	1	0	0	0	1	0	
0	0	0	1	0	0	0	
0	1	2	0	0	1	0	
1	1	1	0	0	0	0	
0	0	0	0	2	0	0	
0	3	0	0	1	0	0	
1	2	0	0	0	1	0	
2	0	2	0	2	2	0	
2	0	0	2	0	0	0	
0	0	0	3	0	1	0	
0	3	3	0	1	0	0	
0	1	0	0	0	0	0	
0	0	3	3	3	0	0	
2	0	0	1	0	0	0	
0	0	0	0	0	0	0	
0	0	0	0	0	1	0	
3	0	0	1	0	0	0	
0	0	0	0	0	3	0	
1	0	0	2	0	2	0	
0	0	3	0	2	0	0	
0	0	3	1	2	0	0	
1	2	0	1	3	0	0	
1	2	0	0	2	0	0	
2	0	3	3	2	2	0	
1	0	0	0	0	1	0	
0	0	3	0	2	2	0	
1	2	0	3	1	3	0	
2	0	3	1	0	2	0	
0	0	0	3	1	0	0	
0	0	0	3	0	0	0	
0	0	0	2	0	2	0	
2	2	3	0	2	0	0	
0	1	3	0	2	2	0	
0	0	3	0	0	0	0	
0	1	1	0	0	0	0	
0	2	0	2	0	2	0	
1	0	1	3	1	3	0	
3	0	0	0	0	0	0	
0	0	0	0	0	1	2	
2	2	0	0	0	0	0	
2	1	3	0	0	0	0	
3	1	0	0	1	1	0	
2	1	1	0	0	0	0	
0	0	0	0	1	0	0	
0	2	1	3	0	0	0	
2	0	3	0	0	2	0	
0	0	1	1	0	0	1	
0	1	1	0	1	0	0	
1	0	0	2	3	0	0	
0	1	0	3	2	1	0	
1	0	0	3	2	1	0	
0	1	0	2	0	0	0	
0	0	0	0	0	0	0	
1	0	0	3	2	0	0	
0	1	0	0	0	2	0	
2	2	2	0	1	1	0	
2	0	1	0	0	0	0	
0	0	2	0	3	0	0	
0	0	0	0	0	0	0	
2	0	0	3	1	3	0	
0	0	0	0	1	1	0	
0	0	1	0	0	1	0	
0	0	0	0	2	1	0	
0	0	1	1	0	0	0	
0	0	0	0	0	2	0	
0	0	0	0	0	0	0	
2	0	0	0	0	0	0	
3	0	0	3	0	1	0	
0	2	3	3	2	1	0	
0	0	0	0	0	0	0	
1	0	3	0	1	0	0	
2	1	0	0	0	2	0	
1	0	0	0	0	0	0	
0	0	3	0	0	1	0	
0	3	0	1	3	0	0	
0	3	0	0	2	0	0	
2	1	1	0	3	3	0	
0	0	0	0	1	0	0	
2	0	3	0	0	0	0	
3	2	1	0	0	0	0	
0	0	0	0	2	2	0	
1	2	0	2	1	0	0	
0	0	3	0	1	0	0	
0	2	3	3	0	1	0	
0	1	0	0	0	0	0	
0	0	1	0	0	0	0	
0	3	0	3	0	2	0	
0	0	0	0	0	0	0	
0	1	2	0	0	3	0	
3	0	0	0	1	0	0	
2	3	0	3	0	2	0	
3	1	0	3	0	3	0	
1	3	0	0	0	0	0	
--------------------

--------------------
Best Solution Found!
--------------------
Time: 0 hour(s), 0 minute(s), 0 second(s), 9 millisecond(s)

Fitness: 92587

1	2	0	0	2	0	0	
0	0	0	1	0	0	0	
0	2	2	3	1	2	0	
3	0	1	0	3	0	0	
0	0	0	0	0	2	0	
0	2	1	0	0	0	0	
1	0	0	0	0	0	0	
0	1	0	0	0	0	0	
2	0	0	1	0	1	0	
0	1	2	3	0	0	0	
2	1	1	0	0	0	0	
0	0	0	3	2	2	0	
0	3	0	3	1	1	0	
0	2	0	0	0	1	0	
0	0	2	3	2	0	0	
0	0	0	0	0	2	0	
1	0	0	0	0	1	0	
0	3	3	0	1	1	0	
0	1	0	1	0	1	0	
1	0	3	0	3	0	0	
0	0	0	0	0	0	0	
0	0	0	0	0	0	0	
2	0	0	2	0	0	0	
3	0	0	3	0	0	0	
0	0	0	0	0	3	0	
2	0	0	0	0	0	0	
0	0	3	3	2	0	0	
1	0	3	0	2	0	0	
1	2	0	1	3	0	0	
1	2	0	1	2	0	0	
0	0	3	0	2	0	0	
2	0	0	0	0	0	0	
0	0	3	0	2	3	0	
0	2	0	0	1	3	0	
0	0	3	0	0	1	0	
2	0	0	0	1	1	0	
0	0	0	3	0	0	0	
0	0	0	0	0	0	0	
0	2	3	1	2	2	0	
0	1	3	0	2	3	0	
2	0	3	2	0	0	0	
3	1	1	0	0	0	0	
2	2	0	3	0	1	0	
2	0	1	3	1	3	0	
1	0	0	0	0	0	0	
1	0	0	3	0	0	2	
2	2	0	0	0	0	0	
3	1	3	0	0	0	0	
1	1	0	0	1	0	0	
0	1	1	0	0	1	0	
3	0	0	0	1	0	0	
0	2	1	0	0	1	0	
0	0	3	3	0	0	0	
0	0	1	0	0	1	1	
0	1	1	3	1	1	0	
1	0	0	0	3	0	0	
2	1	0	1	2	1	0	
2	0	0	0	2	0	0	
0	1	0	3	0	0	0	
0	0	0	0	0	0	0	
0	0	0	2	2	2	0	
0	1	0	0	0	1	0	
3	2	2	0	1	1	0	
0	0	1	0	0	0	0	
3	0	2	3	3	0	0	
2	0	0	0	0	0	0	
1	0	0	2	1	2	0	
1	0	0	0	1	1	0	
0	0	1	1	0	1	0	
1	0	0	0	2	0	0	
0	0	1	0	0	2	0	
0	0	0	0	0	0	0	
0	0	0	2	0	2	0	
0	0	0	0	0	2	0	
2	0	0	3	0	0	0	
0	2	3	2	2	2	0	
1	0	0	0	0	0	0	
0	0	3	0	1	0	0	
0	1	0	3	0	0	0	
0	0	0	3	0	0	0	
0	0	3	0	0	0	0	
0	3	0	0	3	0	0	
0	3	0	0	2	2	0	
0	1	1	0	3	0	0	
0	0	0	0	1	3	0	
0	0	3	0	0	0	0	
0	2	1	1	0	0	0	
2	0	0	3	2	3	0	
0	2	0	0	1	0	0	
0	0	3	1	1	2	0	
2	2	3	3	0	2	0	
2	1	0	0	0	0	0	
0	0	1	0	0	0	0	
0	3	0	1	0	1	0	
0	0	0	2	0	2	0	
1	1	2	0	0	0	0	
2	0	0	2	1	0	0	
0	3	0	0	0	0	0	
0	1	0	0	0	0	0	
0	3	0	0	0	0	0	
--------------------

--------------------
Best Solution Found!
--------------------
Time: 0 hour(s), 0 minute(s), 0 second(s), 109 millisecond(s)

Fitness: 91619

0	2	2	0	0	0	0	
0	0	3	0	0	3	0	
0	2	0	1	2	1	0	
0	0	0	0	0	0	0	
1	0	3	1	0	2	0	
0	0	0	0	2	0	0	
1	0	0	0	0	0	0	
1	0	3	0	1	0	0	
0	0	0	0	0	0	0	
0	0	0	2	2	1	0	
0	0	3	0	0	0	0	
0	0	0	0	1	0	0	
0	2	0	1	0	0	0	
1	3	1	0	0	2	0	
2	2	1	2	3	0	0	
0	0	0	0	0	0	0	
1	2	2	0	1	2	0	
2	2	0	2	2	2	0	
0	2	0	1	0	0	0	
3	0	0	2	3	0	0	
3	2	0	0	1	1	0	
0	0	0	0	0	2	0	
3	0	0	0	0	0	0	
0	1	0	2	2	0	0	
0	1	0	0	1	0	0	
2	0	3	2	2	1	0	
0	0	0	0	0	1	0	
0	0	0	0	1	0	0	
0	0	0	0	0	3	0	
2	2	3	0	0	0	0	
2	0	0	1	0	2	0	
0	3	0	3	0	0	0	
1	0	0	0	0	0	0	
0	0	0	0	0	0	1	
0	0	0	0	3	2	0	
3	0	0	0	0	0	0	
0	2	1	0	2	0	0	
2	0	1	0	1	0	0	
0	1	0	2	0	0	0	
1	2	0	1	1	1	0	
0	1	0	0	0	0	0	
2	0	0	0	0	2	0	
1	0	0	1	1	0	0	
0	1	0	0	0	1	0	
0	0	0	0	1	0	0	
2	0	3	3	0	2	2	
2	0	0	0	0	0	0	
0	1	1	1	3	1	0	
0	0	3	3	2	0	0	
0	0	0	0	0	1	0	
0	0	0	3	0	0	0	
0	0	0	0	0	0	0	
2	2	0	0	0	0	0	
3	0	1	0	0	0	0	
3	0	0	3	0	1	0	
0	0	0	0	1	0	0	
1	0	3	3	1	0	0	
0	1	0	3	2	2	0	
1	2	2	2	0	0	0	
0	0	0	0	0	1	0	
1	3	3	0	2	0	0	
2	0	1	0	0	0	0	
0	2	0	1	0	0	0	
0	0	3	3	3	0	0	
0	1	0	0	0	0	0	
1	0	0	3	0	0	0	
0	3	3	0	1	3	0	
0	0	2	0	0	0	0	
2	1	1	3	2	0	0	
2	3	0	0	0	1	0	
0	0	0	0	3	0	0	
1	0	1	3	0	2	0	
0	1	0	3	1	0	0	
0	0	0	0	0	0	0	
0	0	0	0	2	0	0	
0	0	3	0	0	1	0	
2	0	1	3	0	1	0	
0	0	2	1	1	3	0	
2	2	0	0	0	1	0	
0	0	1	0	0	3	0	
0	1	0	0	2	1	0	
0	3	0	0	2	0	0	
0	1	0	3	0	1	0	
1	2	2	3	0	0	0	
3	1	1	1	0	3	0	
0	1	0	0	1	0	0	
0	0	0	0	0	3	0	
0	3	3	0	0	1	0	
0	1	3	3	2	0	0	
0	0	0	3	0	1	0	
2	0	0	0	0	0	0	
1	0	3	0	3	2	0	
0	1	1	0	0	0	0	
0	1	0	0	0	0	0	
0	0	0	0	1	0	0	
0	0	1	3	0	2	0	
0	0	3	0	2	0	0	
1	0	3	0	0	2	0	
2	0	1	3	2	0	0	
2	1	0	3	0	2	0	
--------------------

--------------------
Best Solution Found!
--------------------
Time: 0 hour(s), 0 minute(s), 0 second(s), 112 millisecond(s)

Fitness: 91619

0	2	2	0	0	0	0	
0	0	3	0	0	3	0	
0	2	0	1	2	1	0	
0	0	0	0	0	0	0	
1	0	3	1	0	2	0	
0	0	0	0	2	0	0	
1	0	0	0	0	0	0	
1	0	3	0	1	0	0	
0	0	0	0	0	0	0	
0	0	0	2	2	1	0	
0	0	3	0	0	0	0	
0	0	0	0	1	0	0	
0	2	0	1	0	0	0	
1	3	1	0	0	2	0	
2	2	1	2	3	0	0	
0	0	0	0	0	0	0	
1	2	2	0	1	2	0	
2	2	0	2	2	2	0	
0	2	0	1	0	0	0	
3	0	0	2	3	0	0	
3	2	0	0	1	1	0	
0	0	0	0	0	2	0	
3	0	0	0	0	0	0	
0	1	0	2	2	0	0	
0	1	0	0	1	0	0	
2	0	3	2	2	1	0	
0	0	0	0	0	1	0	
0	0	0	0	1	0	0	
0	0	0	0	0	3	0	
2	2	3	0	0	0	0	
2	0	0	1	0	2	0	
0	3	0	3	0	0	0	
1	0	0	0	0	0	0	
0	0	0	0	0	0	1	
0	0	0	0	3	2	0	
3	0	0	0	0	0	0	
0	2	1	0	2	0	0	
2	0	1	0	1	0	0	
0	1	0	2	0	0	0	
1	2	0	1	1	1	0	
0	1	0	0	0	0	0	
2	0	0	0	0	2	0	
1	0	0	1	1	0	0	
0	1	0	0	0	1	0	
0	0	0	0	1	0	0	
2	0	3	3	0	2	2	
2	0	0	0	0	0	0	
0	1	1	1	3	1	0	
0	0	3	3	2	0	0	
0	0	0	0	0	1	0	
0	0	0	3	0	0	0	
0	0	0	0	0	0	0	
2	2	0	0	0	0	0	
3	0	1	0	0	0	0	
3	0	0	3	0	1	0	
0	0	0	0	1	0	0	
1	0	3	3	1	0	0	
0	1	0	3	2	2	0	
1	2	2	2	0	0	0	
0	0	0	0	0	1	0	
1	3	3	0	2	0	0	
2	0	1	0	0	0	0	
0	2	0	1	0	0	0	
0	0	3	3	3	0	0	
0	1	0	0	0	0	0	
1	0	0	3	0	0	0	
0	3	3	0	1	3	0	
0	0	2	0	0	0	0	
2	1	1	3	2	0	0	
2	3	0	0	0	1	0	
0	0	0	0	3	0	0	
1	0	1	3	0	2	0	
0	1	0	3	1	0	0	
0	0	0	0	0	0	0	
0	0	0	0	2	0	0	
0	0	3	0	0	1	0	
2	0	1	3	0	1	0	
0	0	2	1	1	3	0	
2	2	0	0	0	1	0	
0	0	1	0	0	3	0	
0	1	0	0	2	1	0	
0	3	0	0	2	0	0	
0	1	0	3	0	1	0	
1	2	2	3	0	0	0	
3	1	1	1	0	3	0	
0	1	0	0	1	0	0	
0	0	0	0	0	3	0	
0	3	3	0	0	1	0	
0	1	3	3	2	0	0	
0	0	0	3	0	1	0	
2	0	0	0	0	0	0	
1	0	3	0	3	2	0	
0	1	1	0	0	0	0	
0	1	0	0	0	0	0	
0	0	0	0	1	0	0	
0	0	1	3	0	2	0	
0	0	3	0	2	0	0	
1	0	3	0	0	2	0	
2	0	1	3	2	0	0	
2	1	0	3	0	2	0	
--------------------

--------------------
Best Solution Found!
--------------------
Time: 0 hour(s), 0 minute(s), 0 second(s), 144 millisecond(s)

Fitness: 91596

0	0	1	0	0	0	0	
0	0	1	0	3	2	0	
2	0	0	3	1	0	0	
2	0	0	1	2	0	0	
0	1	3	3	1	2	0	
0	3	0	0	0	1	0	
1	1	0	0	0	0	0	
0	1	3	0	0	2	0	
2	1	0	0	3	1	0	
0	2	1	0	0	0	0	
2	2	0	1	0	1	0	
2	0	0	0	1	0	0	
0	0	0	0	0	3	0	
0	0	2	3	1	0	0	
0	0	0	3	0	0	0	
1	2	3	2	0	0	0	
0	0	3	0	0	0	0	
0	0	0	0	0	0	0	
0	1	0	2	2	0	0	
0	2	0	0	0	1	0	
1	0	0	3	0	0	0	
0	0	3	1	0	3	0	
0	0	0	0	2	0	0	
3	1	0	3	0	0	0	
0	0	1	0	0	3	0	
0	2	0	0	0	0	0	
0	1	2	3	0	0	0	
0	1	0	0	2	0	0	
0	3	0	0	1	0	0	
2	2	1	1	0	0	0	
0	1	3	1	0	0	0	
1	0	0	3	2	0	0	
0	2	0	0	0	0	0	
0	0	1	0	0	0	0	
0	0	3	3	0	0	0	
3	0	0	0	0	3	0	
0	0	2	0	1	0	0	
0	1	0	2	0	0	0	
0	3	0	1	0	2	0	
0	0	0	0	3	0	0	
1	0	3	0	2	0	0	
0	0	0	3	0	0	0	
0	0	0	1	0	0	0	
2	0	0	0	1	1	0	
2	0	0	2	0	0	0	
2	2	0	0	1	2	2	
0	2	0	3	1	1	0	
1	2	0	0	0	2	0	
0	1	3	2	2	0	0	
0	0	3	0	1	0	0	
0	0	0	0	2	0	0	
0	1	0	0	0	1	0	
2	0	0	1	0	3	0	
0	0	0	0	0	0	1	
0	2	1	3	2	2	0	
2	2	0	1	2	1	0	
0	0	0	3	1	2	0	
0	0	2	0	0	1	0	
3	0	1	0	0	0	0	
0	0	0	0	3	0	0	
1	3	3	3	2	0	0	
0	1	0	3	0	0	0	
0	0	1	2	0	1	0	
2	1	0	0	0	0	0	
0	0	0	0	2	0	0	
0	0	3	0	0	2	0	
0	0	0	0	3	1	0	
0	1	0	1	0	1	0	
3	2	0	0	1	0	0	
0	0	0	0	0	0	0	
1	0	3	0	0	1	0	
0	1	0	3	0	1	0	
1	0	0	0	0	2	0	
2	0	0	0	0	1	0	
0	0	0	0	2	1	0	
0	3	2	0	0	0	0	
3	0	0	0	3	0	0	
0	0	1	3	0	0	0	
1	2	3	0	3	3	0	
1	2	3	3	2	0	0	
1	3	0	0	0	0	0	
0	0	3	3	0	0	0	
0	1	0	2	0	0	0	
0	0	3	0	0	0	0	
0	3	0	0	0	1	0	
2	0	1	0	0	0	0	
2	1	1	0	0	2	0	
0	0	1	0	0	0	0	
2	0	0	0	1	0	0	
3	2	1	0	1	2	0	
1	0	0	2	0	0	0	
0	0	0	0	0	1	0	
2	0	3	3	1	2	0	
1	0	0	0	0	3	0	
0	0	0	0	2	2	0	
1	0	2	0	0	1	0	
2	0	0	0	2	0	0	
0	0	1	1	1	0	0	
3	0	0	0	2	0	0	
1	0	0	0	1	2	0	
--------------------

--------------------
Best Solution Found!
--------------------
Time: 0 hour(s), 0 minute(s), 0 second(s), 145 millisecond(s)

Fitness: 91596

0	0	1	0	0	0	0	
0	0	1	0	3	2	0	
2	0	0	3	1	0	0	
2	0	0	1	2	0	0	
0	1	3	3	1	2	0	
0	3	0	0	0	1	0	
1	1	0	0	0	0	0	
0	1	3	0	0	2	0	
2	1	0	0	3	1	0	
0	2	1	0	0	0	0	
2	2	0	1	0	1	0	
2	0	0	0	1	0	0	
0	0	0	0	0	3	0	
0	0	2	3	1	0	0	
0	0	0	3	0	0	0	
1	2	3	2	0	0	0	
0	0	3	0	0	0	0	
0	0	0	0	0	0	0	
0	1	0	2	2	0	0	
0	2	0	0	0	1	0	
1	0	0	3	0	0	0	
0	0	3	1	0	3	0	
0	0	0	0	2	0	0	
3	1	0	3	0	0	0	
0	0	1	0	0	3	0	
0	2	0	0	0	0	0	
0	1	2	3	0	0	0	
0	1	0	0	2	0	0	
0	3	0	0	1	0	0	
2	2	1	1	0	0	0	
0	1	3	1	0	0	0	
1	0	0	3	2	0	0	
0	2	0	0	0	0	0	
0	0	1	0	0	0	0	
0	0	3	3	0	0	0	
3	0	0	0	0	3	0	
0	0	2	0	1	0	0	
0	1	0	2	0	0	0	
0	3	0	1	0	2	0	
0	0	0	0	3	0	0	
1	0	3	0	2	0	0	
0	0	0	3	0	0	0	
0	0	0	1	0	0	0	
2	0	0	0	1	1	0	
2	0	0	2	0	0	0	
2	2	0	0	1	2	2	
0	2	0	3	1	1	0	
1	2	0	0	0	2	0	
0	1	3	2	2	0	0	
0	0	3	0	1	0	0	
0	0	0	0	2	0	0	
0	1	0	0	0	1	0	
2	0	0	1	0	3	0	
0	0	0	0	0	0	1	
0	2	1	3	2	2	0	
2	2	0	1	2	1	0	
0	0	0	3	1	2	0	
0	0	2	0	0	1	0	
3	0	1	0	0	0	0	
0	0	0	0	3	0	0	
1	3	3	3	2	0	0	
0	1	0	3	0	0	0	
0	0	1	2	0	1	0	
2	1	0	0	0	0	0	
0	0	0	0	2	0	0	
0	0	3	0	0	2	0	
0	0	0	0	3	1	0	
0	1	0	1	0	1	0	
3	2	0	0	1	0	0	
0	0	0	0	0	0	0	
1	0	3	0	0	1	0	
0	1	0	3	0	1	0	
1	0	0	0	0	2	0	
2	0	0	0	0	1	0	
0	0	0	0	2	1	0	
0	3	2	0	0	0	0	
3	0	0	0	3	0	0	
0	0	1	3	0	0	0	
1	2	3	0	3	3	0	
1	2	3	3	2	0	0	
1	3	0	0	0	0	0	
0	0	3	3	0	0	0	
0	1	0	2	0	0	0	
0	0	3	0	0	0	0	
0	3	0	0	0	1	0	
2	0	1	0	0	0	0	
2	1	1	0	0	2	0	
0	0	1	0	0	0	0	
2	0	0	0	1	0	0	
3	2	1	0	1	2	0	
1	0	0	2	0	0	0	
0	0	0	0	0	1	0	
2	0	3	3	1	2	0	
1	0	0	0	0	3	0	
0	0	0	0	2	2	0	
1	0	2	0	0	1	0	
2	0	0	0	2	0	0	
0	0	1	1	1	0	0	
3	0	0	0	2	0	0	
1	0	0	0	1	2	0	
--------------------

--------------------
Best Solution Found!
--------------------
Time: 0 hour(s), 0 minute(s), 0 second(s), 164 millisecond(s)

Fitness: 91586

0	0	0	0	1	3	0	
0	0	0	1	0	2	0	
0	0	0	3	3	0	0	
2	0	0	1	0	1	0	
2	0	0	2	3	0	0	
2	1	2	3	0	1	0	
0	0	0	0	0	0	0	
0	2	1	0	1	3	0	
0	1	1	0	2	0	0	
0	2	1	0	1	0	0	
2	0	0	0	0	1	0	
0	2	0	2	2	0	0	
2	0	3	0	0	0	0	
1	0	0	1	2	1	0	
0	2	3	0	0	0	0	
0	0	3	0	0	3	0	
0	3	3	3	0	0	0	
1	2	3	1	0	1	0	
3	0	0	0	1	2	0	
0	2	0	1	0	0	0	
1	1	0	1	1	2	0	
1	1	0	0	1	1	0	
2	2	0	0	0	0	0	
3	1	0	2	0	0	0	
0	0	0	3	2	0	0	
0	0	0	0	0	0	0	
0	0	1	1	0	0	0	
0	0	1	3	2	2	0	
2	0	3	2	0	1	0	
0	0	0	3	2	0	0	
1	0	2	2	1	2	0	
0	0	0	0	2	0	0	
2	0	0	0	1	2	0	
2	0	0	3	1	2	0	
0	0	0	0	0	0	0	
3	0	0	0	0	3	0	
1	0	3	0	0	0	0	
0	0	0	2	0	1	0	
0	1	0	0	0	0	0	
1	1	1	1	0	2	0	
0	1	3	0	0	0	0	
0	0	2	0	0	0	2	
0	0	0	0	1	2	0	
1	1	0	0	2	2	0	
0	0	0	0	1	0	0	
1	0	0	0	2	3	0	
1	0	0	0	0	2	0	
1	3	0	0	1	0	0	
1	3	0	3	0	0	0	
0	1	1	3	3	0	0	
0	2	0	2	2	0	0	
1	3	0	3	0	0	0	
0	2	1	0	0	0	0	
0	0	1	2	0	0	0	
0	0	3	0	0	0	0	
0	0	0	0	0	1	0	
0	1	0	0	0	0	0	
0	2	0	0	0	1	0	
2	2	1	0	1	3	0	
0	1	3	0	0	0	0	
1	1	0	3	0	0	0	
2	3	0	0	0	1	0	
2	0	1	0	0	0	0	
2	1	0	3	1	1	0	
0	0	3	3	2	1	0	
0	1	3	0	0	1	0	
0	0	0	0	0	0	0	
0	0	0	1	2	1	0	
2	2	0	1	2	2	0	
0	0	0	0	0	0	0	
0	0	0	0	0	0	0	
0	0	0	0	0	0	0	
0	0	0	3	0	2	0	
3	0	0	1	3	0	0	
0	0	0	0	0	0	0	
2	3	1	0	0	0	0	
3	0	3	3	2	0	0	
0	0	0	0	0	0	0	
0	0	3	3	0	0	0	
2	1	2	0	2	2	0	
2	0	3	3	2	0	0	
0	0	0	0	3	0	0	
1	0	0	3	0	1	0	
0	2	1	0	0	0	0	
0	3	0	0	1	0	0	
0	1	2	0	1	0	0	
0	0	1	0	0	0	0	
3	0	0	0	0	1	0	
0	0	3	0	0	0	1	
3	0	0	0	1	0	0	
0	0	1	0	0	2	0	
0	0	0	3	3	1	0	
2	0	0	0	0	1	0	
0	1	2	0	0	0	0	
1	2	0	0	0	0	0	
0	0	3	3	3	0	0	
0	0	0	0	0	0	0	
0	2	0	0	0	0	0	
0	0	0	0	0	3	0	
0	2	3	0	2	0	0	
--------------------

--------------------
Best Solution Found!
--------------------
Time: 0 hour(s), 0 minute(s), 0 second(s), 563 millisecond(s)

Fitness: 91573

0	0	2	1	3	0	0	
1	3	0	0	0	0	0	
0	0	0	0	1	3	0	
1	0	3	0	0	0	0	
0	0	3	0	0	0	0	
0	1	0	0	0	0	0	
0	0	3	3	0	0	0	
0	0	0	0	0	0	0	
0	2	0	3	2	3	0	
0	0	0	0	3	0	0	
0	0	0	2	0	0	0	
3	3	0	3	2	0	0	
0	0	0	0	0	1	0	
0	0	0	0	0	2	0	
0	1	1	0	0	2	0	
3	0	0	0	0	0	0	
0	2	0	0	2	2	0	
2	1	0	0	0	0	0	
2	0	0	0	0	3	2	
1	0	3	3	0	0	0	
0	0	0	3	2	0	0	
0	0	3	2	0	0	0	
0	1	2	0	1	0	0	
1	2	3	0	1	1	0	
0	0	0	2	0	0	0	
2	0	0	3	0	0	0	
3	0	0	0	3	0	0	
0	0	0	1	0	0	0	
0	0	0	0	0	1	0	
0	3	0	3	0	2	0	
0	0	0	0	1	2	0	
0	0	0	3	0	0	0	
2	0	2	0	3	1	0	
0	0	1	0	2	0	0	
2	0	3	0	0	0	0	
1	0	0	3	1	0	0	
2	1	0	2	1	1	0	
1	1	3	0	3	0	0	
1	2	0	3	1	1	0	
0	0	1	1	0	0	0	
3	2	0	0	0	1	0	
0	0	3	0	0	0	0	
3	2	0	3	0	2	0	
2	0	0	0	1	0	0	
0	1	3	0	0	2	0	
0	1	0	3	0	3	0	
0	0	0	1	0	0	0	
0	0	0	0	0	0	0	
0	0	0	0	0	2	0	
0	0	0	0	0	0	0	
0	0	2	0	0	1	0	
1	1	3	3	0	1	0	
0	0	0	0	1	0	0	
0	2	1	1	0	0	0	
2	1	1	1	2	0	0	
0	0	3	3	2	0	0	
1	2	0	0	0	0	0	
1	1	1	0	2	1	0	
3	1	1	0	0	1	0	
2	0	0	0	2	2	0	
0	0	0	0	0	0	0	
0	2	0	0	0	0	0	
2	2	1	0	0	2	0	
0	2	1	2	3	0	0	
2	0	2	1	0	0	0	
0	1	0	0	1	3	0	
3	0	0	0	0	0	0	
0	0	0	3	2	0	0	
0	3	3	0	0	0	0	
2	2	0	0	2	0	0	
0	0	3	3	2	1	0	
0	1	1	0	0	0	0	
0	1	0	1	1	0	0	
0	0	1	0	1	0	0	
1	0	0	3	0	1	0	
0	0	3	0	2	1	1	
0	0	3	0	1	0	0	
1	1	3	0	1	2	0	
1	0	0	0	0	0	0	
1	0	1	2	2	0	0	
2	2	2	0	2	3	0	
0	0	0	3	1	0	0	
0	3	0	0	2	1	0	
2	0	0	3	0	2	0	
0	0	0	0	0	1	0	
2	0	0	2	0	0	0	
2	0	0	2	0	0	0	
0	0	0	0	0	0	0	
0	0	0	0	0	0	0	
1	0	0	0	0	0	0	
0	2	1	1	2	2	0	
0	3	0	0	1	0	0	
2	2	1	0	0	3	0	
0	2	0	3	0	2	0	
0	1	3	1	0	1	0	
0	0	0	0	3	2	0	
0	0	0	1	0	0	0	
1	1	1	0	0	1	0	
2	3	0	0	1	0	0	
0	0	0	0	0	1	0	
--------------------

--------------------
Best Solution Found!
--------------------
Time: 0 hour(s), 0 minute(s), 0 second(s), 564 millisecond(s)

Fitness: 91573

0	0	2	1	3	0	0	
1	3	0	0	0	0	0	
0	0	0	0	1	3	0	
1	0	3	0	0	0	0	
0	0	3	0	0	0	0	
0	1	0	0	0	0	0	
0	0	3	3	0	0	0	
0	0	0	0	0	0	0	
0	2	0	3	2	3	0	
0	0	0	0	3	0	0	
0	0	0	2	0	0	0	
3	3	0	3	2	0	0	
0	0	0	0	0	1	0	
0	0	0	0	0	2	0	
0	1	1	0	0	2	0	
3	0	0	0	0	0	0	
0	2	0	0	2	2	0	
2	1	0	0	0	0	0	
2	0	0	0	0	3	2	
1	0	3	3	0	0	0	
0	0	0	3	2	0	0	
0	0	3	2	0	0	0	
0	1	2	0	1	0	0	
1	2	3	0	1	1	0	
0	0	0	2	0	0	0	
2	0	0	3	0	0	0	
3	0	0	0	3	0	0	
0	0	0	1	0	0	0	
0	0	0	0	0	1	0	
0	3	0	3	0	2	0	
0	0	0	0	1	2	0	
0	0	0	3	0	0	0	
2	0	2	0	3	1	0	
0	0	1	0	2	0	0	
2	0	3	0	0	0	0	
1	0	0	3	1	0	0	
2	1	0	2	1	1	0	
1	1	3	0	3	0	0	
1	2	0	3	1	1	0	
0	0	1	1	0	0	0	
3	2	0	0	0	1	0	
0	0	3	0	0	0	0	
3	2	0	3	0	2	0	
2	0	0	0	1	0	0	
0	1	3	0	0	2	0	
0	1	0	3	0	3	0	
0	0	0	1	0	0	0	
0	0	0	0	0	0	0	
0	0	0	0	0	2	0	
0	0	0	0	0	0	0	
0	0	2	0	0	1	0	
1	1	3	3	0	1	0	
0	0	0	0	1	0	0	
0	2	1	1	0	0	0	
2	1	1	1	2	0	0	
0	0	3	3	2	0	0	
1	2	0	0	0	0	0	
1	1	1	0	2	1	0	
3	1	1	0	0	1	0	
2	0	0	0	2	2	0	
0	0	0	0	0	0	0	
0	2	0	0	0	0	0	
2	2	1	0	0	2	0	
0	2	1	2	3	0	0	
2	0	2	1	0	0	0	
0	1	0	0	1	3	0	
3	0	0	0	0	0	0	
0	0	0	3	2	0	0	
0	3	3	0	0	0	0	
2	2	0	0	2	0	0	
0	0	3	3	2	1	0	
0	1	1	0	0	0	0	
0	1	0	1	1	0	0	
0	0	1	0	1	0	0	
1	0	0	3	0	1	0	
0	0	3	0	2	1	1	
0	0	3	0	1	0	0	
1	1	3	0	1	2	0	
1	0	0	0	0	0	0	
1	0	1	2	2	0	0	
2	2	2	0	2	3	0	
0	0	0	3	1	0	0	
0	3	0	0	2	1	0	
2	0	0	3	0	2	0	
0	0	0	0	0	1	0	
2	0	0	2	0	0	0	
2	0	0	2	0	0	0	
0	0	0	0	0	0	0	
0	0	0	0	0	0	0	
1	0	0	0	0	0	0	
0	2	1	1	2	2	0	
0	3	0	0	1	0	0	
2	2	1	0	0	3	0	
0	2	0	3	0	2	0	
0	1	3	1	0	1	0	
0	0	0	0	3	2	0	
0	0	0	1	0	0	0	
1	1	1	0	0	1	0	
2	3	0	0	1	0	0	
0	0	0	0	0	1	0	
--------------------

--------------------
Best Solution Found!
--------------------
Time: 0 hour(s), 0 minute(s), 0 second(s), 805 millisecond(s)

Fitness: 90609

0	0	1	1	3	0	0	
0	0	0	0	2	2	0	
0	0	1	3	0	1	0	
0	0	0	3	2	0	0	
2	0	2	3	2	2	0	
0	0	2	2	0	3	0	
1	2	0	0	0	0	0	
1	1	3	3	0	0	0	
0	3	0	0	2	1	0	
1	0	3	0	0	0	0	
1	0	2	0	1	0	0	
1	2	3	2	0	2	0	
2	2	2	3	2	2	0	
3	0	1	1	0	0	0	
0	2	0	0	0	2	0	
0	0	3	0	2	0	0	
1	3	0	0	1	0	0	
1	0	0	0	0	0	0	
0	0	0	0	0	2	0	
0	3	0	2	3	0	0	
2	0	3	0	3	0	0	
0	0	0	0	0	3	0	
0	0	0	0	1	0	0	
0	2	0	0	0	0	0	
2	2	3	0	0	0	0	
0	0	0	2	0	0	0	
0	2	0	0	1	0	0	
0	0	3	2	3	0	0	
2	1	1	1	0	1	0	
0	0	0	0	0	0	0	
2	2	0	0	1	0	0	
0	1	0	0	0	0	0	
1	0	1	0	0	0	0	
2	0	0	1	0	0	0	
0	2	0	0	1	0	0	
0	0	1	0	0	0	0	
1	1	3	3	0	0	0	
2	1	3	0	3	1	0	
0	0	0	0	2	0	0	
0	0	0	1	0	0	0	
0	3	0	0	2	3	0	
0	0	3	3	3	2	0	
0	1	0	1	0	1	0	
1	2	0	1	0	0	0	
0	1	1	3	2	0	0	
1	0	3	0	0	0	0	
0	0	0	0	0	0	0	
0	2	0	1	0	0	0	
0	1	0	0	0	0	0	
2	0	0	3	1	1	0	
0	0	3	0	1	1	0	
2	2	0	0	2	2	0	
0	0	0	3	1	0	0	
0	0	0	0	0	1	0	
0	0	3	0	0	0	0	
0	0	0	0	2	0	0	
0	0	0	0	2	0	0	
0	0	0	0	0	0	0	
1	0	0	0	2	0	0	
0	1	0	0	2	0	0	
3	0	0	3	1	0	0	
1	0	1	0	0	1	0	
3	0	1	3	1	1	0	
0	3	0	3	2	1	2	
0	0	3	0	2	0	0	
0	2	0	0	0	2	0	
0	0	1	0	0	0	0	
3	1	1	3	0	1	0	
0	0	0	1	0	2	0	
0	0	0	1	2	0	0	
1	2	3	0	1	1	0	
0	3	1	3	1	0	0	
0	1	0	0	0	2	0	
0	1	0	0	1	0	0	
2	2	0	2	0	0	0	
2	1	0	3	3	2	0	
0	0	0	0	0	3	0	
2	1	0	0	0	1	0	
2	0	1	0	0	1	0	
0	0	0	1	0	0	0	
0	3	2	0	0	3	0	
3	0	0	3	1	0	0	
3	0	0	0	0	0	0	
2	0	0	2	0	1	0	
0	0	1	0	0	0	0	
2	0	0	0	0	2	0	
0	2	2	2	0	0	0	
2	0	3	0	0	1	0	
0	0	3	0	1	0	0	
0	1	0	3	0	0	0	
2	0	3	0	0	0	0	
0	0	0	0	0	0	0	
1	1	0	0	0	3	0	
3	1	0	3	0	2	1	
1	0	0	0	0	0	0	
0	0	0	3	0	1	0	
0	1	0	0	0	3	0	
0	0	0	0	0	1	0	
0	0	1	0	0	0	0	
0	0	0	0	1	2	0	
--------------------

--------------------
Best Solution Found!
--------------------
Time: 0 hour(s), 0 minute(s), 1 second(s), 652 millisecond(s)

Fitness: 90597

0	0	0	3	0	0	0	
0	0	0	0	0	0	0	
2	0	0	0	2	0	0	
3	2	0	2	1	0	0	
1	0	0	1	1	0	0	
1	0	1	1	1	2	0	
0	2	2	0	3	0	0	
0	1	0	0	0	0	0	
0	2	0	0	0	0	0	
0	0	0	0	1	1	0	
0	1	3	3	0	2	0	
2	0	0	0	2	0	0	
1	0	0	3	0	0	0	
0	0	0	1	0	0	0	
0	0	0	1	0	0	0	
0	0	0	0	1	1	0	
1	1	0	0	0	1	0	
3	0	0	3	2	0	0	
1	2	0	0	2	0	0	
2	0	0	0	0	0	0	
0	1	1	0	3	1	0	
0	1	3	1	1	0	0	
0	0	2	0	1	0	0	
2	2	3	1	3	0	0	
0	2	1	0	0	0	0	
2	0	1	3	0	0	1	
1	1	0	3	1	3	0	
0	0	0	0	1	0	0	
0	0	0	0	0	0	0	
0	0	0	0	0	3	0	
0	0	0	0	0	1	0	
0	0	3	0	0	0	0	
0	2	1	1	3	2	0	
3	2	2	0	2	1	0	
0	0	0	0	0	2	0	
1	0	0	0	1	2	0	
0	3	1	3	0	2	0	
2	0	0	0	0	0	0	
0	0	1	0	1	0	0	
2	0	0	1	0	0	0	
0	0	1	0	0	1	0	
0	1	0	0	0	0	0	
0	0	0	0	1	0	2	
0	1	0	2	1	0	0	
0	0	3	3	0	1	0	
0	3	0	0	1	0	0	
2	0	3	2	0	2	0	
1	0	3	0	1	0	0	
2	1	0	0	1	0	0	
2	0	3	0	2	1	0	
3	0	1	3	2	2	0	
0	0	0	0	0	0	0	
2	0	0	1	0	0	0	
1	2	0	0	0	1	0	
0	0	1	2	0	2	0	
0	0	0	0	0	2	0	
2	1	3	0	0	2	0	
0	1	3	3	2	3	0	
2	2	0	0	2	2	0	
0	1	3	0	0	1	0	
0	3	3	3	0	0	0	
2	1	0	2	0	1	0	
0	1	0	0	0	0	0	
2	2	1	0	2	3	0	
1	0	0	3	0	0	0	
0	0	3	0	0	0	0	
0	1	0	0	0	0	0	
1	0	1	3	2	1	0	
0	0	2	0	0	0	0	
0	2	0	0	2	2	0	
0	0	0	0	0	0	0	
0	2	1	3	3	0	0	
0	0	0	0	3	3	0	
0	0	0	0	0	0	0	
0	0	0	0	0	0	0	
1	0	0	0	2	0	0	
0	1	0	2	0	0	0	
1	0	0	0	2	3	0	
0	0	0	3	0	1	0	
0	2	3	3	1	1	0	
0	1	0	2	3	3	0	
0	0	2	0	0	0	0	
0	2	1	3	2	0	0	
2	0	3	3	0	2	0	
0	0	0	0	0	2	0	
2	2	3	0	0	0	0	
1	0	0	3	0	0	0	
1	3	3	0	0	0	0	
0	0	0	0	2	1	0	
2	1	0	0	0	0	0	
0	0	0	0	0	0	0	
0	0	1	1	0	0	0	
3	3	0	0	0	1	0	
3	3	0	0	0	0	0	
0	0	0	2	0	0	0	
0	0	0	0	0	0	0	
0	3	0	3	0	0	0	
0	0	2	1	2	1	0	
3	0	3	0	0	1	0	
1	0	0	0	0	0	0	
--------------------

--------------------
Best Solution Found!
--------------------
Time: 0 hour(s), 0 minute(s), 2 second(s), 264 millisecond(s)

Fitness: 90583

3	0	0	0	0	2	0	
2	0	3	0	1	1	0	
1	2	1	0	0	0	0	
0	0	0	0	0	0	0	
2	2	0	0	0	2	0	
0	0	0	0	2	0	0	
1	0	1	3	2	3	0	
2	0	3	0	1	0	0	
0	0	0	0	0	2	0	
2	2	0	0	2	1	0	
0	0	3	3	2	0	0	
1	1	0	0	0	0	0	
0	0	0	0	1	1	0	
1	0	0	2	0	1	0	
0	0	0	1	0	2	0	
1	1	1	3	2	0	0	
0	0	0	0	0	0	1	
0	0	0	0	0	0	0	
2	1	3	0	1	0	0	
2	3	0	0	0	2	2	
0	2	3	0	2	0	0	
0	0	0	3	0	2	0	
0	2	2	0	0	0	0	
0	0	0	1	0	3	0	
2	0	0	3	0	0	0	
3	0	1	3	0	1	0	
0	3	0	0	0	0	0	
0	1	0	3	1	0	0	
1	2	1	0	3	1	0	
0	0	0	0	0	2	0	
2	3	2	1	0	2	0	
1	0	0	2	3	0	0	
0	0	0	0	2	1	0	
0	0	2	1	0	0	0	
0	1	0	0	1	0	0	
0	3	0	0	1	1	0	
2	0	0	3	0	1	0	
0	0	0	0	0	0	0	
0	0	2	0	3	0	0	
0	0	3	0	0	0	0	
0	0	0	0	0	0	0	
3	0	3	3	2	2	0	
0	2	2	0	0	1	0	
3	0	3	3	0	0	0	
1	0	0	0	1	3	0	
0	2	0	0	0	0	0	
0	2	0	0	0	0	0	
0	0	0	0	0	0	0	
0	0	0	0	0	0	0	
1	0	1	0	0	2	0	
3	1	1	0	0	3	0	
0	1	3	1	0	0	0	
0	0	1	2	2	0	0	
0	2	0	3	2	2	0	
0	1	0	1	0	3	0	
0	2	0	3	0	0	0	
1	1	3	1	1	0	0	
3	0	0	0	0	2	0	
0	1	0	1	1	1	0	
2	0	1	0	0	0	0	
0	1	0	0	1	0	0	
2	3	0	2	1	0	0	
1	0	3	2	2	1	0	
0	0	0	0	0	0	0	
1	0	0	0	2	0	0	
0	0	0	0	0	2	0	
2	2	3	0	2	2	0	
0	3	0	0	1	0	0	
0	0	3	0	1	0	0	
0	2	0	0	0	0	0	
0	1	0	0	3	0	0	
0	0	0	3	0	0	0	
1	0	0	0	0	1	0	
0	0	0	3	2	0	0	
0	0	1	0	0	0	0	
1	1	3	3	1	0	0	
0	0	3	1	0	0	0	
2	0	0	3	0	0	0	
0	0	1	2	0	0	0	
0	0	0	0	2	3	0	
1	0	0	3	0	0	0	
0	2	0	3	0	1	0	
0	1	0	0	3	2	0	
0	1	3	0	1	0	0	
0	1	0	0	0	1	0	
2	0	0	3	3	1	0	
0	3	1	0	0	1	0	
0	2	0	0	3	0	0	
0	0	0	0	0	0	0	
2	2	1	3	0	3	0	
0	0	3	1	0	0	0	
2	1	0	0	1	1	0	
3	0	1	0	0	0	0	
0	0	0	1	0	0	0	
0	1	3	0	2	0	0	
0	0	0	2	0	0	0	
1	0	1	0	0	0	0	
2	0	0	2	2	0	0	
0	0	0	0	0	0	0	
2	0	2	0	0	1	0	
--------------------

--------------------
Best Solution Found!
--------------------
Time: 0 hour(s), 0 minute(s), 2 second(s), 270 millisecond(s)

Fitness: 90583

3	0	0	0	0	2	0	
2	0	3	0	1	1	0	
1	2	1	0	0	0	0	
0	0	0	0	0	0	0	
2	2	0	0	0	2	0	
0	0	0	0	2	0	0	
1	0	1	3	2	3	0	
2	0	3	0	1	0	0	
0	0	0	0	0	2	0	
2	2	0	0	2	1	0	
0	0	3	3	2	0	0	
1	1	0	0	0	0	0	
0	0	0	0	1	1	0	
1	0	0	2	0	1	0	
0	0	0	1	0	2	0	
1	1	1	3	2	0	0	
0	0	0	0	0	0	1	
0	0	0	0	0	0	0	
2	1	3	0	1	0	0	
2	3	0	0	0	2	2	
0	2	3	0	2	0	0	
0	0	0	3	0	2	0	
0	2	2	0	0	0	0	
0	0	0	1	0	3	0	
2	0	0	3	0	0	0	
3	0	1	3	0	1	0	
0	3	0	0	0	0	0	
0	1	0	3	1	0	0	
1	2	1	0	3	1	0	
0	0	0	0	0	2	0	
2	3	2	1	0	2	0	
1	0	0	2	3	0	0	
0	0	0	0	2	1	0	
0	0	2	1	0	0	0	
0	1	0	0	1	0	0	
0	3	0	0	1	1	0	
2	0	0	3	0	1	0	
0	0	0	0	0	0	0	
0	0	2	0	3	0	0	
0	0	3	0	0	0	0	
0	0	0	0	0	0	0	
3	0	3	3	2	2	0	
0	2	2	0	0	1	0	
3	0	3	3	0	0	0	
1	0	0	0	1	3	0	
0	2	0	0	0	0	0	
0	2	0	0	0	0	0	
0	0	0	0	0	0	0	
0	0	0	0	0	0	0	
1	0	1	0	0	2	0	
3	1	1	0	0	3	0	
0	1	3	1	0	0	0	
0	0	1	2	2	0	0	
0	2	0	3	2	2	0	
0	1	0	1	0	3	0	
0	2	0	3	0	0	0	
1	1	3	1	1	0	0	
3	0	0	0	0	2	0	
0	1	0	1	1	1	0	
2	0	1	0	0	0	0	
0	1	0	0	1	0	0	
2	3	0	2	1	0	0	
1	0	3	2	2	1	0	
0	0	0	0	0	0	0	
1	0	0	0	2	0	0	
0	0	0	0	0	2	0	
2	2	3	0	2	2	0	
0	3	0	0	1	0	0	
0	0	3	0	1	0	0	
0	2	0	0	0	0	0	
0	1	0	0	3	0	0	
0	0	0	3	0	0	0	
1	0	0	0	0	1	0	
0	0	0	3	2	0	0	
0	0	1	0	0	0	0	
1	1	3	3	1	0	0	
0	0	3	1	0	0	0	
2	0	0	3	0	0	0	
0	0	1	2	0	0	0	
0	0	0	0	2	3	0	
1	0	0	3	0	0	0	
0	2	0	3	0	1	0	
0	1	0	0	3	2	0	
0	1	3	0	1	0	0	
0	1	0	0	0	1	0	
2	0	0	3	3	1	0	
0	3	1	0	0	1	0	
0	2	0	0	3	0	0	
0	0	0	0	0	0	0	
2	2	1	3	0	3	0	
0	0	3	1	0	0	0	
2	1	0	0	1	1	0	
3	0	1	0	0	0	0	
0	0	0	1	0	0	0	
0	1	3	0	2	0	0	
0	0	0	2	0	0	0	
1	0	1	0	0	0	0	
2	0	0	2	2	0	0	
0	0	0	0	0	0	0	
2	0	2	0	0	1	0	
--------------------

--------------------
Best Solution Found!
--------------------
Time: 0 hour(s), 0 minute(s), 2 second(s), 275 millisecond(s)

Fitness: 90583

3	0	0	0	0	2	0	
2	0	3	0	1	1	0	
1	2	1	0	0	0	0	
0	0	0	0	0	0	0	
2	2	0	0	0	2	0	
0	0	0	0	2	0	0	
1	0	1	3	2	3	0	
2	0	3	0	1	0	0	
0	0	0	0	0	2	0	
2	2	0	0	2	1	0	
0	0	3	3	2	0	0	
1	1	0	0	0	0	0	
0	0	0	0	1	1	0	
1	0	0	2	0	1	0	
0	0	0	1	0	2	0	
1	1	1	3	2	0	0	
0	0	0	0	0	0	1	
0	0	0	0	0	0	0	
2	1	3	0	1	0	0	
2	3	0	0	0	2	2	
0	2	3	0	2	0	0	
0	0	0	3	0	2	0	
0	2	2	0	0	0	0	
0	0	0	1	0	3	0	
2	0	0	3	0	0	0	
3	0	1	3	0	1	0	
0	3	0	0	0	0	0	
0	1	0	3	1	0	0	
1	2	1	0	3	1	0	
0	0	0	0	0	2	0	
2	3	2	1	0	2	0	
1	0	0	2	3	0	0	
0	0	0	0	2	1	0	
0	0	2	1	0	0	0	
0	1	0	0	1	0	0	
0	3	0	0	1	1	0	
2	0	0	3	0	1	0	
0	0	0	0	0	0	0	
0	0	2	0	3	0	0	
0	0	3	0	0	0	0	
0	0	0	0	0	0	0	
3	0	3	3	2	2	0	
0	2	2	0	0	1	0	
3	0	3	3	0	0	0	
1	0	0	0	1	3	0	
0	2	0	0	0	0	0	
0	2	0	0	0	0	0	
0	0	0	0	0	0	0	
0	0	0	0	0	0	0	
1	0	1	0	0	2	0	
3	1	1	0	0	3	0	
0	1	3	1	0	0	0	
0	0	1	2	2	0	0	
0	2	0	3	2	2	0	
0	1	0	1	0	3	0	
0	2	0	3	0	0	0	
1	1	3	1	1	0	0	
3	0	0	0	0	2	0	
0	1	0	1	1	1	0	
2	0	1	0	0	0	0	
0	1	0	0	1	0	0	
2	3	0	2	1	0	0	
1	0	3	2	2	1	0	
0	0	0	0	0	0	0	
1	0	0	0	2	0	0	
0	0	0	0	0	2	0	
2	2	3	0	2	2	0	
0	3	0	0	1	0	0	
0	0	3	0	1	0	0	
0	2	0	0	0	0	0	
0	1	0	0	3	0	0	
0	0	0	3	0	0	0	
1	0	0	0	0	1	0	
0	0	0	3	2	0	0	
0	0	1	0	0	0	0	
1	1	3	3	1	0	0	
0	0	3	1	0	0	0	
2	0	0	3	0	0	0	
0	0	1	2	0	0	0	
0	0	0	0	2	3	0	
1	0	0	3	0	0	0	
0	2	0	3	0	1	0	
0	1	0	0	3	2	0	
0	1	3	0	1	0	0	
0	1	0	0	0	1	0	
2	0	0	3	3	1	0	
0	3	1	0	0	1	0	
0	2	0	0	3	0	0	
0	0	0	0	0	0	0	
2	2	1	3	0	3	0	
0	0	3	1	0	0	0	
2	1	0	0	1	1	0	
3	0	1	0	0	0	0	
0	0	0	1	0	0	0	
0	1	3	0	2	0	0	
0	0	0	2	0	0	0	
1	0	1	0	0	0	0	
2	0	0	2	2	0	0	
0	0	0	0	0	0	0	
2	0	2	0	0	1	0	
--------------------

--------------------
Best Solution Found!
--------------------
Time: 0 hour(s), 0 minute(s), 7 second(s), 302 millisecond(s)

Fitness: 89599

3	2	3	0	3	1	0	
0	0	0	0	2	0	0	
0	2	2	0	0	1	0	
1	0	3	0	0	0	0	
0	0	0	0	2	1	0	
0	0	0	0	0	2	0	
0	2	0	3	0	3	0	
1	0	0	3	2	0	0	
2	0	0	3	0	1	0	
2	3	1	0	1	2	0	
0	0	0	2	0	0	0	
1	0	0	0	0	0	0	
3	0	0	0	0	2	0	
3	2	3	0	0	0	1	
0	3	0	0	0	0	0	
2	1	3	0	2	2	0	
2	0	0	0	0	0	0	
2	0	3	3	1	0	0	
0	1	0	0	0	3	0	
0	3	0	3	1	0	0	
1	2	0	0	0	0	0	
0	1	0	3	2	0	0	
0	0	0	3	0	0	0	
3	3	0	0	3	0	0	
0	1	0	3	2	0	0	
0	2	1	2	1	1	0	
0	0	0	2	0	1	0	
2	1	1	0	0	1	0	
0	0	3	0	0	1	0	
0	1	0	0	1	0	0	
0	0	0	2	3	0	0	
2	0	1	0	1	1	0	
0	0	0	3	0	0	0	
1	1	0	1	3	1	0	
0	3	0	0	0	2	0	
2	0	1	3	0	0	0	
0	0	0	0	0	0	0	
2	2	0	1	0	2	0	
0	1	0	3	0	2	0	
0	0	1	3	0	0	0	
0	0	0	2	0	0	0	
0	0	0	2	0	1	2	
2	0	0	0	0	0	0	
2	2	0	0	0	0	0	
0	0	3	1	0	0	0	
0	0	1	0	2	0	0	
0	2	2	1	0	3	0	
2	1	1	3	0	2	0	
0	0	0	0	1	0	0	
0	0	2	1	0	0	0	
1	0	1	3	0	1	0	
3	0	0	0	0	3	0	
1	2	1	3	0	1	0	
0	0	0	0	0	0	0	
2	1	1	0	0	0	0	
1	0	3	0	0	1	0	
0	0	0	0	1	0	0	
0	0	1	0	2	0	0	
0	0	0	3	2	0	0	
0	0	0	3	2	0	0	
0	0	0	0	1	0	0	
1	2	3	0	1	3	0	
0	0	0	0	0	2	0	
0	0	0	0	0	0	0	
0	2	2	0	1	2	0	
2	0	3	3	0	0	0	
0	1	0	0	0	0	0	
0	0	0	0	1	0	0	
0	0	0	0	0	3	0	
0	0	0	0	2	1	0	
0	0	0	1	0	2	0	
0	2	0	0	2	0	0	
0	0	0	1	0	0	0	
0	0	0	0	2	2	0	
0	2	3	0	0	0	0	
0	0	0	0	0	0	0	
0	0	0	0	2	0	0	
1	0	0	0	0	2	0	
2	1	3	0	1	1	0	
0	1	0	0	0	0	0	
1	0	0	0	0	0	0	
2	1	1	2	2	0	0	
0	0	2	2	2	2	0	
0	1	3	3	0	0	0	
2	1	3	1	0	0	0	
2	3	1	0	1	0	0	
0	3	3	0	0	1	0	
0	2	0	0	3	1	0	
1	1	0	0	1	0	0	
3	0	3	0	0	0	0	
0	0	0	0	0	1	0	
1	2	0	3	2	3	0	
3	0	3	0	1	0	0	
0	0	2	0	0	0	0	
1	0	0	0	3	2	0	
0	1	3	0	0	0	0	
1	0	1	0	0	0	0	
1	0	0	1	1	0	0	
0	0	0	1	3	0	0	
0	0	0	1	0	0	0	
--------------------

--------------------
Best Solution Found!
--------------------
Time: 0 hour(s), 0 minute(s), 9 second(s), 716 millisecond(s)

Fitness: 88580

2	0	0	1	1	0	0	
2	3	0	1	2	1	0	
0	0	0	0	0	1	0	
1	3	2	0	0	0	0	
0	0	0	0	2	0	0	
1	0	0	0	0	0	0	
2	3	3	1	2	0	0	
0	0	3	0	0	0	0	
0	1	0	0	0	0	0	
0	1	3	0	0	0	0	
0	0	1	3	0	0	0	
0	2	1	2	0	1	0	
1	0	0	0	2	2	0	
2	0	0	0	2	0	0	
0	1	1	1	1	1	0	
2	1	3	3	0	1	0	
0	0	0	1	1	0	0	
3	2	3	3	3	0	0	
0	1	3	2	3	1	0	
0	0	1	0	0	0	0	
1	1	3	3	0	2	0	
0	1	0	0	0	1	0	
0	3	3	0	2	0	0	
0	0	0	3	0	0	0	
1	1	3	2	2	1	0	
0	0	0	0	0	0	0	
0	0	0	0	0	0	0	
0	1	3	0	0	0	0	
0	0	0	0	2	0	0	
2	3	0	0	1	0	0	
0	2	0	0	0	0	0	
1	0	0	0	3	0	0	
0	0	0	0	2	3	0	
0	0	1	3	0	0	0	
2	2	0	1	0	0	0	
0	0	0	0	0	0	0	
0	0	0	0	0	0	0	
0	0	0	3	0	3	0	
0	0	1	3	0	0	0	
1	0	0	0	0	0	0	
0	1	1	2	1	0	0	
2	2	3	0	2	0	0	
0	0	0	1	0	0	0	
2	2	0	0	1	3	0	
0	0	2	3	1	0	0	
3	0	0	0	1	1	0	
0	0	0	0	0	0	0	
0	0	0	0	0	0	0	
0	0	1	0	0	2	0	
3	1	1	0	2	2	0	
0	0	0	3	0	0	0	
0	2	0	0	1	1	0	
1	0	0	0	0	0	0	
0	0	0	1	0	1	0	
3	0	3	0	0	0	0	
0	1	0	0	1	0	0	
0	2	0	0	0	1	0	
0	2	0	1	0	2	0	
3	3	0	0	1	0	0	
0	0	0	3	0	0	0	
1	0	2	0	0	0	0	
1	0	0	3	0	2	0	
2	1	0	0	0	2	0	
0	2	2	3	1	2	0	
2	0	1	0	0	0	0	
0	0	1	0	0	0	0	
2	0	1	3	3	1	0	
2	2	0	0	2	0	0	
0	0	0	2	3	1	0	
0	1	0	0	2	1	0	
1	1	0	1	0	2	1	
0	0	0	0	2	2	0	
0	1	1	0	0	0	0	
2	1	0	0	2	1	0	
2	0	0	0	0	0	0	
0	0	0	0	0	0	0	
0	2	0	0	0	0	0	
1	0	0	0	0	0	0	
2	2	0	3	3	0	0	
3	0	3	1	0	2	0	
0	2	0	0	0	0	0	
0	1	0	2	0	3	0	
0	2	0	3	0	0	0	
0	3	2	3	0	0	0	
3	0	0	0	0	1	0	
2	2	1	3	0	1	0	
0	0	0	0	1	2	0	
0	0	2	0	1	2	0	
1	0	1	0	1	2	0	
1	0	0	3	1	3	0	
0	0	0	0	0	0	0	
2	0	3	0	2	0	0	
1	0	3	2	2	0	0	
0	0	0	3	0	2	0	
0	0	3	2	0	3	0	
0	0	3	0	0	0	0	
0	0	3	0	0	1	0	
0	0	0	0	0	3	0	
1	0	0	0	1	0	0	
0	0	0	0	3	0	2	
--------------------

--------------------
Best Solution Found!
--------------------
Time: 0 hour(s), 0 minute(s), 9 second(s), 717 millisecond(s)

Fitness: 88580

2	0	0	1	1	0	0	
2	3	0	1	2	1	0	
0	0	0	0	0	1	0	
1	3	2	0	0	0	0	
0	0	0	0	2	0	0	
1	0	0	0	0	0	0	
2	3	3	1	2	0	0	
0	0	3	0	0	0	0	
0	1	0	0	0	0	0	
0	1	3	0	0	0	0	
0	0	1	3	0	0	0	
0	2	1	2	0	1	0	
1	0	0	0	2	2	0	
2	0	0	0	2	0	0	
0	1	1	1	1	1	0	
2	1	3	3	0	1	0	
0	0	0	1	1	0	0	
3	2	3	3	3	0	0	
0	1	3	2	3	1	0	
0	0	1	0	0	0	0	
1	1	3	3	0	2	0	
0	1	0	0	0	1	0	
0	3	3	0	2	0	0	
0	0	0	3	0	0	0	
1	1	3	2	2	1	0	
0	0	0	0	0	0	0	
0	0	0	0	0	0	0	
0	1	3	0	0	0	0	
0	0	0	0	2	0	0	
2	3	0	0	1	0	0	
0	2	0	0	0	0	0	
1	0	0	0	3	0	0	
0	0	0	0	2	3	0	
0	0	1	3	0	0	0	
2	2	0	1	0	0	0	
0	0	0	0	0	0	0	
0	0	0	0	0	0	0	
0	0	0	3	0	3	0	
0	0	1	3	0	0	0	
1	0	0	0	0	0	0	
0	1	1	2	1	0	0	
2	2	3	0	2	0	0	
0	0	0	1	0	0	0	
2	2	0	0	1	3	0	
0	0	2	3	1	0	0	
3	0	0	0	1	1	0	
0	0	0	0	0	0	0	
0	0	0	0	0	0	0	
0	0	1	0	0	2	0	
3	1	1	0	2	2	0	
0	0	0	3	0	0	0	
0	2	0	0	1	1	0	
1	0	0	0	0	0	0	
0	0	0	1	0	1	0	
3	0	3	0	0	0	0	
0	1	0	0	1	0	0	
0	2	0	0	0	1	0	
0	2	0	1	0	2	0	
3	3	0	0	1	0	0	
0	0	0	3	0	0	0	
1	0	2	0	0	0	0	
1	0	0	3	0	2	0	
2	1	0	0	0	2	0	
0	2	2	3	1	2	0	
2	0	1	0	0	0	0	
0	0	1	0	0	0	0	
2	0	1	3	3	1	0	
2	2	0	0	2	0	0	
0	0	0	2	3	1	0	
0	1	0	0	2	1	0	
1	1	0	1	0	2	1	
0	0	0	0	2	2	0	
0	1	1	0	0	0	0	
2	1	0	0	2	1	0	
2	0	0	0	0	0	0	
0	0	0	0	0	0	0	
0	2	0	0	0	0	0	
1	0	0	0	0	0	0	
2	2	0	3	3	0	0	
3	0	3	1	0	2	0	
0	2	0	0	0	0	0	
0	1	0	2	0	3	0	
0	2	0	3	0	0	0	
0	3	2	3	0	0	0	
3	0	0	0	0	1	0	
2	2	1	3	0	1	0	
0	0	0	0	1	2	0	
0	0	2	0	1	2	0	
1	0	1	0	1	2	0	
1	0	0	3	1	3	0	
0	0	0	0	0	0	0	
2	0	3	0	2	0	0	
1	0	3	2	2	0	0	
0	0	0	3	0	2	0	
0	0	3	2	0	3	0	
0	0	3	0	0	0	0	
0	0	3	0	0	1	0	
0	0	0	0	0	3	0	
1	0	0	0	1	0	0	
0	0	0	0	3	0	2	
--------------------

--------------------
Best Solution Found!
--------------------
Time: 0 hour(s), 1 minute(s), 49 second(s), 572 millisecond(s)

Fitness: 88578

2	0	0	0	0	2	0	
0	0	3	0	0	0	0	
2	0	0	0	0	0	0	
0	1	3	0	0	0	0	
3	2	3	1	0	2	0	
0	0	0	0	0	2	0	
1	0	0	3	1	2	0	
2	2	1	3	0	2	0	
0	2	3	0	1	0	0	
0	2	1	0	0	2	0	
0	3	0	0	0	1	0	
0	1	0	0	1	0	0	
0	0	0	0	0	1	0	
0	2	0	0	0	0	0	
0	0	1	0	1	1	0	
2	0	0	1	3	0	0	
0	2	3	0	0	1	0	
0	0	1	0	0	0	0	
2	0	0	1	1	0	0	
0	1	0	0	0	0	0	
1	0	0	0	1	0	0	
0	2	3	0	2	1	0	
0	0	3	2	0	0	0	
0	0	1	3	3	3	0	
0	2	0	1	3	0	0	
0	0	0	0	0	0	0	
0	1	0	0	2	0	0	
1	1	0	0	0	0	0	
2	0	0	0	2	1	0	
1	0	0	3	3	1	0	
2	0	0	2	3	0	1	
0	0	3	0	0	0	0	
0	0	0	1	0	0	0	
1	0	0	0	1	0	0	
2	1	0	1	1	2	0	
0	1	0	0	0	2	0	
0	1	2	1	2	0	0	
0	0	0	0	0	0	0	
1	0	0	0	2	0	0	
1	1	0	0	1	3	0	
0	0	1	1	0	2	0	
2	0	0	0	0	0	0	
2	0	1	1	2	1	0	
0	0	0	0	3	0	0	
2	2	0	3	1	1	0	
2	0	2	0	1	0	0	
2	0	3	0	0	0	0	
0	0	0	2	1	0	0	
0	0	0	3	0	2	0	
2	0	0	0	2	2	0	
0	1	0	2	0	0	0	
1	0	1	3	0	0	0	
3	3	2	3	0	1	0	
0	3	3	0	1	1	2	
1	0	3	0	2	0	0	
1	0	0	3	0	2	0	
0	1	1	3	0	0	0	
0	1	0	2	1	3	0	
1	1	0	0	0	0	0	
1	0	2	2	2	1	0	
0	1	0	0	0	0	0	
0	1	2	0	2	0	0	
1	0	0	1	0	0	0	
2	2	3	1	0	3	0	
0	0	2	3	2	0	0	
1	0	1	3	1	3	0	
0	2	1	0	0	3	0	
3	0	0	0	0	0	0	
0	0	3	0	2	1	0	
0	2	0	0	1	0	0	
3	2	0	0	0	3	0	
0	0	0	0	3	0	0	
0	0	3	0	0	0	0	
0	0	3	0	0	0	0	
1	0	0	0	0	1	0	
0	0	0	3	0	0	0	
3	2	0	3	0	0	0	
0	3	0	2	0	0	0	
0	1	0	0	2	1	0	
2	3	1	3	1	0	0	
0	2	1	0	0	0	0	
0	0	0	0	0	0	0	
2	0	3	0	0	1	0	
1	3	1	0	2	1	0	
0	3	3	0	2	0	0	
0	0	0	0	0	2	0	
0	0	0	3	2	0	0	
0	0	0	0	0	0	0	
0	0	1	0	2	0	0	
0	1	0	0	0	1	0	
2	0	0	0	0	0	0	
0	1	0	3	0	2	0	
0	0	0	0	0	2	0	
0	0	0	3	0	0	0	
0	0	0	3	0	0	0	
3	2	0	3	0	0	0	
3	0	0	0	0	0	0	
0	0	3	0	0	0	0	
0	0	0	2	0	1	0	
0	0	0	0	0	0	0	
--------------------

--------------------
Best Solution Found!
--------------------
Time: 0 hour(s), 1 minute(s), 49 second(s), 574 millisecond(s)

Fitness: 88578

2	0	0	0	0	2	0	
0	0	3	0	0	0	0	
2	0	0	0	0	0	0	
0	1	3	0	0	0	0	
3	2	3	1	0	2	0	
0	0	0	0	0	2	0	
1	0	0	3	1	2	0	
2	2	1	3	0	2	0	
0	2	3	0	1	0	0	
0	2	1	0	0	2	0	
0	3	0	0	0	1	0	
0	1	0	0	1	0	0	
0	0	0	0	0	1	0	
0	2	0	0	0	0	0	
0	0	1	0	1	1	0	
2	0	0	1	3	0	0	
0	2	3	0	0	1	0	
0	0	1	0	0	0	0	
2	0	0	1	1	0	0	
0	1	0	0	0	0	0	
1	0	0	0	1	0	0	
0	2	3	0	2	1	0	
0	0	3	2	0	0	0	
0	0	1	3	3	3	0	
0	2	0	1	3	0	0	
0	0	0	0	0	0	0	
0	1	0	0	2	0	0	
1	1	0	0	0	0	0	
2	0	0	0	2	1	0	
1	0	0	3	3	1	0	
2	0	0	2	3	0	1	
0	0	3	0	0	0	0	
0	0	0	1	0	0	0	
1	0	0	0	1	0	0	
2	1	0	1	1	2	0	
0	1	0	0	0	2	0	
0	1	2	1	2	0	0	
0	0	0	0	0	0	0	
1	0	0	0	2	0	0	
1	1	0	0	1	3	0	
0	0	1	1	0	2	0	
2	0	0	0	0	0	0	
2	0	1	1	2	1	0	
0	0	0	0	3	0	0	
2	2	0	3	1	1	0	
2	0	2	0	1	0	0	
2	0	3	0	0	0	0	
0	0	0	2	1	0	0	
0	0	0	3	0	2	0	
2	0	0	0	2	2	0	
0	1	0	2	0	0	0	
1	0	1	3	0	0	0	
3	3	2	3	0	1	0	
0	3	3	0	1	1	2	
1	0	3	0	2	0	0	
1	0	0	3	0	2	0	
0	1	1	3	0	0	0	
0	1	0	2	1	3	0	
1	1	0	0	0	0	0	
1	0	2	2	2	1	0	
0	1	0	0	0	0	0	
0	1	2	0	2	0	0	
1	0	0	1	0	0	0	
2	2	3	1	0	3	0	
0	0	2	3	2	0	0	
1	0	1	3	1	3	0	
0	2	1	0	0	3	0	
3	0	0	0	0	0	0	
0	0	3	0	2	1	0	
0	2	0	0	1	0	0	
3	2	0	0	0	3	0	
0	0	0	0	3	0	0	
0	0	3	0	0	0	0	
0	0	3	0	0	0	0	
1	0	0	0	0	1	0	
0	0	0	3	0	0	0	
3	2	0	3	0	0	0	
0	3	0	2	0	0	0	
0	1	0	0	2	1	0	
2	3	1	3	1	0	0	
0	2	1	0	0	0	0	
0	0	0	0	0	0	0	
2	0	3	0	0	1	0	
1	3	1	0	2	1	0	
0	3	3	0	2	0	0	
0	0	0	0	0	2	0	
0	0	0	3	2	0	0	
0	0	0	0	0	0	0	
0	0	1	0	2	0	0	
0	1	0	0	0	1	0	
2	0	0	0	0	0	0	
0	1	0	3	0	2	0	
0	0	0	0	0	2	0	
0	0	0	3	0	0	0	
0	0	0	3	0	0	0	
3	2	0	3	0	0	0	
3	0	0	0	0	0	0	
0	0	3	0	0	0	0	
0	0	0	2	0	1	0	
0	0	0	0	0	0	0	
--------------------

--------------------
Best Solution Found!
--------------------
Time: 0 hour(s), 2 minute(s), 32 second(s), 899 millisecond(s)

Fitness: 87612

0	0	0	0	1	1	0	
0	3	1	0	0	0	0	
0	0	0	0	0	0	0	
1	0	0	0	2	0	0	
1	2	0	0	0	0	0	
0	0	1	0	0	0	0	
2	0	2	1	2	0	1	
0	1	0	0	0	0	0	
0	2	0	3	0	0	0	
3	0	1	0	0	1	0	
2	0	0	0	2	2	0	
0	2	0	1	2	2	0	
2	2	0	0	0	0	0	
0	0	1	0	0	1	0	
2	1	0	0	0	0	0	
0	0	1	2	1	0	0	
0	2	3	3	2	3	0	
0	0	0	0	0	0	0	
3	0	3	0	1	0	0	
0	1	1	3	0	0	0	
1	3	3	0	1	0	0	
0	1	0	0	0	1	0	
3	0	2	0	0	0	0	
0	0	0	0	0	0	0	
1	0	0	1	0	0	0	
1	0	0	0	0	1	0	
3	0	0	3	1	0	0	
0	0	0	3	2	0	0	
3	0	0	0	0	0	0	
3	0	3	3	1	2	0	
0	0	0	0	0	2	0	
1	0	3	0	2	2	0	
0	0	1	0	0	0	0	
0	0	0	0	0	0	0	
0	0	2	0	2	0	0	
2	2	0	0	1	0	0	
0	0	1	3	1	3	0	
0	0	0	0	2	2	0	
0	2	0	1	0	3	0	
0	0	2	0	0	0	0	
1	3	0	0	3	2	0	
0	0	0	2	0	0	0	
0	0	0	3	0	1	0	
0	0	0	1	1	0	0	
1	0	0	0	0	0	0	
3	1	3	3	2	0	0	
0	1	0	2	0	1	0	
2	0	0	0	0	0	0	
2	1	0	0	3	0	0	
2	0	3	1	0	0	0	
0	0	3	3	0	1	0	
0	0	1	0	1	1	0	
1	0	0	0	0	3	0	
0	2	0	0	0	0	0	
0	1	0	0	0	0	0	
0	2	0	1	1	0	0	
0	0	3	0	2	2	0	
0	0	0	0	0	0	0	
0	0	3	3	0	0	0	
0	1	0	3	0	0	0	
0	3	1	0	1	3	0	
0	0	0	0	2	1	0	
2	1	0	2	0	2	0	
2	1	0	0	0	0	0	
0	0	0	3	0	0	0	
2	1	3	0	3	3	0	
0	2	3	0	0	1	0	
2	0	1	1	3	1	0	
0	2	0	3	1	3	0	
1	0	0	0	3	1	0	
2	0	3	0	0	0	0	
0	0	0	0	0	0	0	
0	3	3	0	0	0	0	
0	0	0	0	0	1	0	
0	0	0	0	0	2	0	
0	2	0	0	2	0	0	
2	2	3	0	2	2	0	
0	0	0	3	0	0	0	
0	2	0	0	0	0	0	
0	0	1	0	0	0	0	
1	1	1	2	2	0	0	
1	1	0	3	0	0	0	
1	2	1	1	0	1	0	
0	1	0	0	3	1	0	
0	0	0	0	0	2	0	
0	0	0	0	0	0	0	
0	0	2	3	1	0	0	
1	0	3	0	0	2	0	
0	1	0	0	0	1	0	
0	0	0	3	0	0	0	
0	2	1	2	0	0	0	
2	3	0	1	1	0	2	
0	0	2	2	0	0	0	
2	3	3	1	2	0	0	
2	0	0	0	1	0	0	
1	1	0	2	1	2	0	
2	0	0	3	0	1	0	
1	0	3	3	3	1	0	
0	0	0	0	2	2	0	
0	1	0	0	0	0	0	
--------------------

--------------------
Best Solution Found!
--------------------
Time: 0 hour(s), 2 minute(s), 55 second(s), 289 millisecond(s)

Fitness: 87599

0	0	1	3	3	0	0	
0	0	0	0	0	1	1	
0	3	3	0	0	0	0	
0	0	0	0	0	1	0	
1	3	3	0	2	1	0	
2	0	0	0	0	0	0	
0	0	0	0	1	0	0	
0	0	2	3	0	0	0	
2	0	0	0	0	0	0	
1	0	1	2	1	1	0	
2	0	0	0	0	1	0	
0	0	1	2	2	0	0	
3	0	3	3	1	1	0	
2	0	0	0	3	0	0	
2	2	1	0	0	1	2	
0	0	2	0	2	0	0	
1	3	3	0	0	0	0	
1	3	0	0	0	0	0	
2	2	0	0	2	0	0	
0	1	0	0	1	0	0	
0	0	1	0	0	2	0	
0	0	3	0	0	0	0	
0	0	3	0	1	0	0	
1	2	2	1	0	1	0	
2	0	0	1	0	0	0	
0	0	0	3	0	0	0	
0	1	3	0	0	0	0	
0	1	0	3	0	0	0	
0	0	0	0	0	0	0	
2	0	0	1	3	1	0	
0	0	0	0	3	0	0	
0	0	3	0	2	2	0	
0	0	3	0	0	1	0	
0	0	0	1	1	0	0	
3	0	0	0	0	0	0	
3	1	0	0	2	1	0	
0	1	1	2	0	0	0	
3	0	3	3	0	3	0	
3	1	0	0	1	3	0	
0	0	0	3	1	0	0	
0	0	0	3	0	0	0	
0	0	0	0	3	0	0	
1	2	1	0	2	2	0	
0	3	0	0	1	0	0	
0	2	0	3	2	1	0	
0	0	0	3	0	1	0	
0	0	2	3	0	0	0	
1	1	0	2	2	3	0	
0	1	0	1	2	0	0	
0	0	0	3	0	0	0	
2	0	0	3	3	2	0	
2	2	0	2	2	2	0	
1	0	1	1	2	3	0	
1	3	0	2	0	0	0	
1	2	0	0	0	0	0	
0	2	0	1	3	2	0	
0	0	0	0	0	1	0	
0	2	0	0	0	0	0	
0	1	3	1	0	2	0	
0	1	0	0	2	0	0	
2	1	0	0	1	0	0	
2	0	2	0	0	0	0	
1	0	2	0	0	0	0	
0	1	0	0	0	2	0	
0	0	0	0	0	2	0	
0	2	0	0	0	0	0	
0	0	1	0	0	0	0	
0	0	0	1	0	0	0	
3	0	0	0	1	0	0	
0	0	0	3	0	0	0	
1	1	1	3	1	0	0	
2	1	0	1	1	2	0	
0	2	3	1	2	2	0	
0	0	3	0	0	0	0	
0	0	1	0	0	2	0	
3	1	1	3	1	1	0	
0	0	3	0	0	0	0	
2	0	0	0	0	0	0	
1	0	0	0	0	1	0	
2	0	0	0	0	0	0	
0	0	1	0	0	0	0	
1	0	0	0	2	2	0	
2	2	0	3	0	0	0	
0	1	0	0	2	2	0	
0	1	3	0	1	0	0	
0	0	0	0	0	0	0	
0	0	3	2	0	0	0	
0	0	0	0	1	1	0	
2	2	0	0	0	0	0	
2	1	0	0	0	0	0	
0	0	0	0	0	3	0	
0	0	3	0	0	0	0	
0	0	0	2	0	2	0	
0	2	0	0	0	1	0	
0	2	0	3	0	0	0	
0	2	1	3	1	1	0	
1	0	0	0	2	0	0	
0	0	1	0	0	3	0	
0	0	3	0	0	3	0	
1	3	0	3	0	0	0	
--------------------

--------------------
Best Solution Found!
--------------------
Time: 0 hour(s), 3 minute(s), 22 second(s), 454 millisecond(s)

Fitness: 86631

0	0	0	2	0	0	0	
0	0	3	3	2	3	0	
0	1	1	1	0	1	0	
0	0	0	0	0	3	0	
0	0	3	0	0	0	0	
0	3	0	1	0	2	0	
2	1	2	0	0	0	0	
2	0	0	1	0	0	0	
0	0	0	0	2	2	0	
0	0	0	0	0	0	0	
0	2	3	0	0	3	0	
3	0	0	0	0	1	0	
0	2	1	0	2	3	0	
0	0	0	1	0	0	0	
0	0	0	3	0	2	0	
0	1	0	0	1	0	0	
0	0	3	0	0	0	0	
0	1	0	0	0	1	0	
0	3	1	0	0	0	0	
0	0	0	0	0	3	0	
0	1	3	0	0	3	0	
0	2	0	0	2	0	0	
2	2	1	3	3	0	0	
3	2	1	3	1	0	0	
1	0	2	3	2	2	0	
0	0	0	0	1	0	0	
1	0	1	1	2	2	0	
0	0	3	0	0	0	0	
0	2	0	0	0	0	0	
1	0	0	0	0	0	0	
1	0	3	1	1	1	0	
0	0	0	0	0	0	2	
0	0	0	0	0	1	0	
2	0	0	2	0	2	0	
1	0	0	0	0	0	0	
0	0	0	0	2	0	0	
2	0	0	0	0	0	0	
0	0	0	1	0	0	0	
3	0	0	0	0	0	0	
0	0	0	0	0	0	0	
0	0	0	0	0	0	0	
1	1	3	2	1	0	0	
0	0	0	0	0	1	0	
0	0	0	0	0	0	0	
2	0	0	0	0	2	0	
1	3	0	0	1	1	0	
2	0	0	0	0	0	0	
3	0	1	3	1	1	0	
2	0	0	0	3	0	0	
0	2	0	0	0	2	0	
1	0	0	0	0	0	0	
0	1	0	0	0	0	0	
0	0	0	2	0	0	0	
0	3	0	0	0	1	0	
2	0	3	3	2	2	1	
2	0	0	0	0	1	0	
3	1	1	0	0	0	0	
2	1	0	0	0	0	0	
0	2	2	1	0	3	0	
0	0	0	0	2	0	0	
0	3	1	0	3	0	0	
0	0	1	2	0	2	0	
1	1	0	2	2	1	0	
0	0	0	3	2	2	0	
0	0	0	0	2	0	0	
0	1	1	3	1	1	0	
1	2	0	0	1	0	0	
2	0	0	0	1	1	0	
0	0	0	0	0	0	0	
1	0	0	3	0	2	0	
0	0	3	0	0	2	0	
2	2	0	3	1	0	0	
0	0	0	0	1	1	0	
0	2	2	3	2	0	0	
1	0	3	0	3	2	0	
0	1	0	0	0	0	0	
1	1	3	0	2	0	0	
0	0	1	0	3	0	0	
0	2	3	0	0	0	0	
3	2	0	2	1	0	0	
0	0	0	0	0	0	0	
0	0	0	3	1	0	0	
2	3	1	1	2	0	0	
0	3	0	0	0	0	0	
0	0	2	3	3	0	0	
0	0	0	1	1	0	0	
2	1	0	1	2	1	0	
0	0	0	3	0	0	0	
2	0	1	0	0	0	0	
1	0	0	0	0	0	0	
0	0	0	0	3	2	0	
3	2	1	0	0	0	0	
0	1	3	2	0	1	0	
1	2	3	3	0	1	0	
0	0	3	3	0	0	0	
1	0	0	0	0	0	0	
2	2	2	3	2	0	0	
0	1	0	3	1	1	0	
0	1	3	0	1	0	0	
2	1	3	3	0	1	0	
--------------------

--------------------
Best Solution Found!
--------------------
Time: 0 hour(s), 3 minute(s), 43 second(s), 904 millisecond(s)

Fitness: 85625

0	0	2	0	0	0	0	
1	0	0	3	0	0	0	
3	1	3	3	0	1	0	
2	1	3	0	2	1	0	
0	0	0	1	2	2	0	
0	1	3	1	0	0	0	
0	3	0	0	0	3	0	
0	0	0	0	0	3	0	
2	2	3	0	0	0	0	
2	0	0	3	0	2	0	
2	0	0	2	0	0	0	
1	2	0	0	2	0	1	
2	3	0	3	0	0	0	
2	0	0	0	0	0	0	
0	0	1	0	0	0	0	
3	1	0	0	0	0	0	
3	0	0	0	0	0	0	
1	0	0	0	1	1	0	
0	0	2	0	0	1	0	
0	0	0	3	0	0	0	
0	0	0	0	0	2	0	
3	2	0	0	0	0	0	
0	0	0	2	0	2	0	
0	2	1	0	0	1	0	
2	0	3	0	0	0	0	
0	0	0	0	0	2	0	
3	3	3	0	1	2	0	
2	0	3	2	2	0	0	
2	0	0	0	0	0	0	
0	2	1	0	1	0	0	
1	0	0	0	2	0	0	
0	1	0	0	0	0	0	
0	0	0	0	0	2	0	
1	0	0	0	2	0	0	
2	2	3	0	2	2	0	
0	0	3	3	0	2	0	
0	0	0	0	2	1	0	
0	0	0	0	0	0	0	
2	0	0	0	1	3	0	
0	2	0	0	1	0	0	
2	3	1	2	0	1	0	
1	0	0	1	2	0	0	
0	0	0	0	1	2	0	
1	1	0	0	0	0	0	
0	0	0	0	0	0	0	
2	3	0	0	0	0	0	
0	1	3	1	1	0	0	
0	0	2	0	3	1	0	
0	0	0	0	0	0	0	
0	1	1	0	0	2	0	
0	1	3	3	0	1	2	
0	0	0	0	2	2	0	
3	2	1	2	0	1	0	
0	2	1	3	1	3	0	
0	0	0	0	0	0	0	
0	0	0	3	0	0	0	
0	2	0	0	1	3	0	
0	0	0	1	0	1	0	
0	0	0	0	0	0	0	
0	2	0	3	2	1	0	
0	2	3	3	2	0	0	
1	0	0	0	3	0	0	
0	0	0	0	0	0	0	
2	1	1	3	0	1	0	
0	1	2	2	2	0	0	
0	0	0	1	0	0	0	
0	1	1	1	2	2	0	
0	0	3	0	0	1	0	
3	1	0	3	1	1	0	
1	0	0	3	0	0	0	
0	1	0	0	1	1	0	
1	0	0	0	0	0	0	
0	1	0	0	0	0	0	
0	1	0	0	1	0	0	
1	3	0	2	0	1	0	
2	2	1	0	1	3	0	
0	0	1	3	1	0	0	
0	1	1	3	0	0	0	
2	0	3	3	3	0	0	
0	0	0	3	2	0	0	
0	0	2	1	0	0	0	
1	3	3	0	1	2	0	
0	0	3	0	0	0	0	
0	0	1	0	3	3	0	
0	1	3	0	3	0	0	
0	0	0	1	0	0	0	
2	0	0	0	0	0	0	
0	0	0	0	2	0	0	
1	0	0	0	1	1	0	
0	0	0	1	2	2	0	
0	2	0	0	0	0	0	
1	2	1	3	3	0	0	
2	0	0	0	0	0	0	
1	2	3	3	3	0	0	
0	0	0	0	0	0	0	
1	0	0	0	0	0	0	
0	0	0	2	0	0	0	
0	0	0	1	0	0	0	
0	0	1	0	0	1	0	
0	0	2	0	1	0	0	
--------------------

--------------------
Best Solution Found!
--------------------
Time: 0 hour(s), 3 minute(s), 43 second(s), 906 millisecond(s)

Fitness: 85625

0	0	2	0	0	0	0	
1	0	0	3	0	0	0	
3	1	3	3	0	1	0	
2	1	3	0	2	1	0	
0	0	0	1	2	2	0	
0	1	3	1	0	0	0	
0	3	0	0	0	3	0	
0	0	0	0	0	3	0	
2	2	3	0	0	0	0	
2	0	0	3	0	2	0	
2	0	0	2	0	0	0	
1	2	0	0	2	0	1	
2	3	0	3	0	0	0	
2	0	0	0	0	0	0	
0	0	1	0	0	0	0	
3	1	0	0	0	0	0	
3	0	0	0	0	0	0	
1	0	0	0	1	1	0	
0	0	2	0	0	1	0	
0	0	0	3	0	0	0	
0	0	0	0	0	2	0	
3	2	0	0	0	0	0	
0	0	0	2	0	2	0	
0	2	1	0	0	1	0	
2	0	3	0	0	0	0	
0	0	0	0	0	2	0	
3	3	3	0	1	2	0	
2	0	3	2	2	0	0	
2	0	0	0	0	0	0	
0	2	1	0	1	0	0	
1	0	0	0	2	0	0	
0	1	0	0	0	0	0	
0	0	0	0	0	2	0	
1	0	0	0	2	0	0	
2	2	3	0	2	2	0	
0	0	3	3	0	2	0	
0	0	0	0	2	1	0	
0	0	0	0	0	0	0	
2	0	0	0	1	3	0	
0	2	0	0	1	0	0	
2	3	1	2	0	1	0	
1	0	0	1	2	0	0	
0	0	0	0	1	2	0	
1	1	0	0	0	0	0	
0	0	0	0	0	0	0	
2	3	0	0	0	0	0	
0	1	3	1	1	0	0	
0	0	2	0	3	1	0	
0	0	0	0	0	0	0	
0	1	1	0	0	2	0	
0	1	3	3	0	1	2	
0	0	0	0	2	2	0	
3	2	1	2	0	1	0	
0	2	1	3	1	3	0	
0	0	0	0	0	0	0	
0	0	0	3	0	0	0	
0	2	0	0	1	3	0	
0	0	0	1	0	1	0	
0	0	0	0	0	0	0	
0	2	0	3	2	1	0	
0	2	3	3	2	0	0	
1	0	0	0	3	0	0	
0	0	0	0	0	0	0	
2	1	1	3	0	1	0	
0	1	2	2	2	0	0	
0	0	0	1	0	0	0	
0	1	1	1	2	2	0	
0	0	3	0	0	1	0	
3	1	0	3	1	1	0	
1	0	0	3	0	0	0	
0	1	0	0	1	1	0	
1	0	0	0	0	0	0	
0	1	0	0	0	0	0	
0	1	0	0	1	0	0	
1	3	0	2	0	1	0	
2	2	1	0	1	3	0	
0	0	1	3	1	0	0	
0	1	1	3	0	0	0	
2	0	3	3	3	0	0	
0	0	0	3	2	0	0	
0	0	2	1	0	0	0	
1	3	3	0	1	2	0	
0	0	3	0	0	0	0	
0	0	1	0	3	3	0	
0	1	3	0	3	0	0	
0	0	0	1	0	0	0	
2	0	0	0	0	0	0	
0	0	0	0	2	0	0	
1	0	0	0	1	1	0	
0	0	0	1	2	2	0	
0	2	0	0	0	0	0	
1	2	1	3	3	0	0	
2	0	0	0	0	0	0	
1	2	3	3	3	0	0	
0	0	0	0	0	0	0	
1	0	0	0	0	0	0	
0	0	0	2	0	0	0	
0	0	0	1	0	0	0	
0	0	1	0	0	1	0	
0	0	2	0	1	0	0	
--------------------


The best solution was found at the restart: 10, population: 0
Total Time Elapsed: 0 hour(s), 9 minute(s), 27 second(s), 331 millisecond(s)

