--------------------
Best Solution Found!
--------------------
Time: 0 hour(s), 0 minute(s), 0 second(s), 0 millisecond(s)

Fitness: 17195

2	0	0	1	0	0	0	
0	3	3	0	0	1	1	
2	3	1	0	0	0	1	
3	3	1	2	0	3	0	
1	0	0	0	0	0	1	
1	2	1	0	2	0	1	
2	1	1	1	0	0	2	
2	0	0	0	0	0	0	
0	1	0	1	0	0	0	
1	0	3	0	0	0	2	
1	2	3	0	0	0	2	
3	0	2	2	2	0	1	
1	2	0	0	0	0	3	
3	1	1	0	2	0	1	
2	2	2	0	1	1	0	
0	0	1	0	1	0	1	
0	3	3	0	0	0	1	
1	0	0	3	0	0	0	
1	3	1	0	3	0	3	
1	3	0	0	0	0	1	
0	1	3	0	0	2	3	
0	3	0	0	0	0	2	
2	3	0	0	1	0	3	
0	3	0	0	0	0	0	
0	1	3	2	3	0	3	
--------------------

--------------------
Best Solution Found!
--------------------
Time: 0 hour(s), 0 minute(s), 0 second(s), 84 millisecond(s)

Fitness: 17193

1	3	3	0	0	0	3	
0	3	3	0	0	0	1	
0	3	0	1	2	0	0	
0	3	3	0	3	1	1	
0	2	3	1	1	0	1	
3	0	2	0	0	0	3	
1	1	0	2	0	0	2	
2	1	3	0	0	0	3	
0	0	0	0	0	0	1	
1	3	1	0	0	3	1	
1	2	0	0	0	0	0	
0	1	1	2	3	0	3	
1	0	0	0	0	2	2	
0	3	1	0	2	0	3	
2	3	3	0	2	0	1	
1	3	0	1	0	0	0	
3	0	1	0	0	0	0	
1	0	2	0	0	0	0	
2	3	1	3	0	0	2	
2	1	0	0	1	1	1	
2	1	1	0	1	0	0	
0	0	0	0	0	0	0	
1	2	1	2	0	0	1	
2	2	0	0	0	0	1	
3	0	0	0	0	0	2	
--------------------

--------------------
Best Solution Found!
--------------------
Time: 0 hour(s), 0 minute(s), 0 second(s), 136 millisecond(s)

Fitness: 17181

0	0	0	0	0	0	0	
2	3	1	1	0	0	3	
1	1	1	0	1	0	3	
0	3	2	3	0	0	0	
0	0	3	0	0	0	3	
2	3	1	0	3	0	1	
3	1	3	0	1	0	1	
1	3	0	0	0	0	0	
3	3	1	0	2	0	2	
1	3	0	0	0	0	2	
2	3	2	0	0	0	2	
2	0	3	0	0	0	1	
1	1	0	0	1	0	2	
1	0	1	0	0	0	1	
1	1	0	1	0	1	3	
1	0	1	2	3	0	0	
2	2	0	0	0	0	3	
0	2	0	2	0	0	0	
3	1	3	0	2	0	1	
0	0	0	0	2	3	0	
0	3	3	0	0	1	1	
1	2	1	2	0	0	1	
0	2	3	0	0	0	1	
2	0	0	0	0	0	0	
0	3	0	1	0	2	1	
--------------------

--------------------
Best Solution Found!
--------------------
Time: 0 hour(s), 0 minute(s), 0 second(s), 505 millisecond(s)

Fitness: 16188

2	3	0	0	0	0	3	
1	3	0	0	0	0	0	
3	1	0	0	1	3	2	
1	0	0	0	0	0	0	
0	2	0	0	0	0	2	
0	3	0	0	0	0	3	
2	1	3	0	2	0	1	
1	3	3	0	0	0	1	
3	0	1	0	0	0	1	
0	1	2	0	0	0	1	
0	0	1	1	0	0	1	
3	3	0	0	0	0	0	
2	2	0	2	1	0	2	
1	3	0	0	2	0	1	
1	0	0	0	3	0	0	
1	2	3	2	0	0	1	
0	0	1	0	0	0	3	
0	3	3	0	0	0	0	
2	0	3	3	0	2	1	
0	1	1	1	0	1	1	
2	3	1	0	3	1	0	
1	0	3	1	1	0	3	
1	1	1	0	2	0	3	
0	3	2	0	0	0	2	
2	2	1	2	0	0	0	
--------------------

--------------------
Best Solution Found!
--------------------
Time: 0 hour(s), 0 minute(s), 0 second(s), 757 millisecond(s)

Fitness: 16183

0	3	3	0	0	0	1	
3	1	2	2	0	0	1	
1	2	3	0	2	0	1	
1	0	0	0	0	0	1	
1	3	3	3	0	0	2	
0	1	2	0	0	0	3	
0	3	0	0	1	0	0	
1	1	0	0	0	2	2	
3	3	1	2	0	0	3	
1	2	3	0	2	0	1	
2	3	1	1	2	1	1	
2	2	3	1	0	0	2	
2	0	0	0	0	0	3	
0	0	0	2	0	0	3	
0	3	0	0	0	0	0	
1	3	1	0	0	0	2	
2	0	0	0	1	1	0	
2	1	1	0	0	0	0	
1	1	1	0	3	0	1	
2	0	0	0	0	0	0	
0	3	0	0	0	0	0	
1	2	3	0	0	3	3	
0	0	0	0	0	0	1	
3	0	1	0	3	0	0	
0	3	1	1	1	0	1	
--------------------

--------------------
Best Solution Found!
--------------------
Time: 0 hour(s), 0 minute(s), 1 second(s), 707 millisecond(s)

Fitness: 16181

0	0	3	0	0	0	2	
0	0	0	0	0	3	1	
0	3	0	0	0	0	0	
1	3	3	2	0	0	1	
0	1	1	0	2	0	3	
3	0	1	0	0	1	0	
0	0	1	0	0	0	0	
1	0	0	2	0	0	3	
3	2	0	1	3	0	1	
1	1	0	0	1	1	3	
2	3	1	0	2	0	3	
0	3	0	0	0	0	1	
2	2	2	0	0	0	0	
2	3	3	0	0	0	2	
2	0	1	2	0	0	0	
0	3	1	0	0	0	2	
1	3	0	1	3	0	1	
2	1	0	0	0	0	1	
1	2	3	3	0	0	1	
0	0	0	0	1	0	2	
1	1	0	1	0	0	0	
1	3	3	0	0	0	0	
2	3	2	0	1	0	3	
1	2	3	0	0	2	1	
3	1	1	0	2	0	1	
--------------------

--------------------
Best Solution Found!
--------------------
Time: 0 hour(s), 0 minute(s), 1 second(s), 955 millisecond(s)

Fitness: 15201

0	3	1	0	0	0	0	
0	3	0	0	0	0	1	
0	3	3	0	2	2	1	
2	1	0	0	0	0	2	
2	0	0	0	0	0	0	
1	2	3	2	0	0	3	
1	2	0	0	0	3	0	
1	1	1	1	0	0	0	
2	1	2	2	0	0	3	
3	3	0	3	2	0	1	
0	1	1	0	0	0	2	
2	2	1	0	1	0	1	
0	0	0	0	0	0	1	
2	3	1	1	0	0	3	
1	0	3	0	0	0	0	
1	3	3	0	2	0	2	
0	3	3	1	0	0	0	
0	0	0	2	0	0	2	
1	1	1	0	0	1	3	
3	3	3	0	1	0	1	
1	0	0	0	3	1	1	
3	0	1	0	0	0	0	
0	2	0	0	1	0	3	
1	0	0	0	0	0	1	
2	3	2	0	3	0	1	
--------------------

--------------------
Best Solution Found!
--------------------
Time: 0 hour(s), 0 minute(s), 1 second(s), 958 millisecond(s)

Fitness: 15201

0	3	1	0	0	0	0	
0	3	0	0	0	0	1	
0	3	3	0	2	2	1	
2	1	0	0	0	0	2	
2	0	0	0	0	0	0	
1	2	3	2	0	0	3	
1	2	0	0	0	3	0	
1	1	1	1	0	0	0	
2	1	2	2	0	0	3	
3	3	0	3	2	0	1	
0	1	1	0	0	0	2	
2	2	1	0	1	0	1	
0	0	0	0	0	0	1	
2	3	1	1	0	0	3	
1	0	3	0	0	0	0	
1	3	3	0	2	0	2	
0	3	3	1	0	0	0	
0	0	0	2	0	0	2	
1	1	1	0	0	1	3	
3	3	3	0	1	0	1	
1	0	0	0	3	1	1	
3	0	1	0	0	0	0	
0	2	0	0	1	0	3	
1	0	0	0	0	0	1	
2	3	2	0	3	0	1	
--------------------

--------------------
Best Solution Found!
--------------------
Time: 0 hour(s), 0 minute(s), 2 second(s), 758 millisecond(s)

Fitness: 15196

2	3	2	3	0	0	2	
1	2	1	1	0	0	3	
1	2	0	0	0	0	0	
2	1	3	2	0	0	1	
0	3	0	0	0	0	3	
1	0	3	2	0	3	3	
2	3	0	0	1	2	1	
0	1	1	0	0	0	0	
0	0	2	0	2	0	1	
1	1	3	0	0	0	0	
3	0	3	0	0	1	0	
0	3	1	2	0	1	1	
1	3	1	0	0	0	1	
2	3	1	0	1	0	1	
0	3	0	0	0	0	0	
2	3	3	1	0	0	1	
3	0	0	0	0	0	0	
0	2	0	1	1	0	2	
1	2	3	0	3	0	3	
1	0	0	0	0	0	1	
1	1	0	0	3	0	0	
0	0	1	0	0	0	1	
0	1	0	0	0	0	3	
2	0	0	0	2	0	2	
3	3	1	0	2	0	2	
--------------------

--------------------
Best Solution Found!
--------------------
Time: 0 hour(s), 0 minute(s), 2 second(s), 758 millisecond(s)

Fitness: 15196

2	3	2	3	0	0	2	
1	2	1	1	0	0	3	
1	2	0	0	0	0	0	
2	1	3	2	0	0	1	
0	3	0	0	0	0	3	
1	0	3	2	0	3	3	
2	3	0	0	1	2	1	
0	1	1	0	0	0	0	
0	0	2	0	2	0	1	
1	1	3	0	0	0	0	
3	0	3	0	0	1	0	
0	3	1	2	0	1	1	
1	3	1	0	0	0	1	
2	3	1	0	1	0	1	
0	3	0	0	0	0	0	
2	3	3	1	0	0	1	
3	0	0	0	0	0	0	
0	2	0	1	1	0	2	
1	2	3	0	3	0	3	
1	0	0	0	0	0	1	
1	1	0	0	3	0	0	
0	0	1	0	0	0	1	
0	1	0	0	0	0	3	
2	0	0	0	2	0	2	
3	3	1	0	2	0	2	
--------------------

--------------------
Best Solution Found!
--------------------
Time: 0 hour(s), 0 minute(s), 4 second(s), 653 millisecond(s)

Fitness: 15173

1	3	2	0	0	0	3	
0	0	0	0	0	0	0	
2	0	1	0	0	2	1	
0	3	3	0	0	0	3	
0	3	0	1	2	0	0	
1	0	3	0	0	0	2	
2	2	1	0	1	0	3	
1	1	1	0	2	0	3	
1	2	1	2	1	0	0	
1	3	0	0	0	0	0	
2	3	1	2	0	0	1	
3	0	0	0	0	0	0	
3	2	3	0	0	0	2	
2	2	0	1	3	0	1	
2	0	0	0	0	1	0	
0	0	0	0	0	0	1	
1	1	3	0	0	1	1	
2	1	0	0	1	0	2	
1	3	3	1	0	0	1	
3	3	1	2	0	0	3	
0	3	0	0	0	0	1	
0	1	3	0	2	3	1	
0	0	2	0	0	0	0	
1	3	1	0	3	0	1	
0	1	0	3	0	0	2	
--------------------

--------------------
Best Solution Found!
--------------------
Time: 0 hour(s), 0 minute(s), 58 second(s), 578 millisecond(s)

Fitness: 14213

0	1	0	0	0	0	1	
1	0	1	0	3	1	2	
1	0	3	0	0	0	0	
0	0	0	0	0	0	1	
2	3	2	2	0	0	2	
3	3	1	0	0	0	0	
1	3	1	0	2	0	1	
1	3	3	0	3	0	1	
2	1	1	0	2	0	3	
3	0	3	1	0	0	0	
3	2	1	0	1	0	2	
2	1	0	1	0	0	0	
0	1	0	0	0	0	3	
0	0	0	0	0	0	1	
2	3	1	2	1	0	0	
0	1	3	0	0	0	1	
1	2	0	1	2	2	0	
1	3	2	0	1	0	3	
2	3	0	0	0	0	2	
1	3	3	2	0	1	0	
2	3	1	3	0	0	3	
0	0	0	0	0	3	1	
0	2	3	0	0	0	1	
0	2	0	0	0	0	3	
1	0	0	0	0	0	1	
--------------------

--------------------
Best Solution Found!
--------------------
Time: 0 hour(s), 1 minute(s), 6 second(s), 225 millisecond(s)

Fitness: 14189

0	0	0	0	0	0	1	
2	1	3	1	2	0	3	
1	3	0	0	0	0	3	
0	0	0	0	0	0	0	
0	2	1	0	0	0	0	
2	3	1	0	0	0	3	
0	3	0	0	0	0	1	
2	3	2	0	1	0	1	
1	3	0	0	0	0	2	
3	2	3	2	1	0	0	
2	3	0	0	0	1	0	
1	1	3	0	3	0	1	
2	1	0	0	0	0	2	
3	3	1	0	1	0	3	
0	3	0	0	0	0	1	
2	3	3	3	0	0	3	
1	0	1	0	2	3	2	
1	2	2	2	0	0	1	
0	0	0	0	0	0	1	
1	2	1	1	0	0	2	
0	1	1	2	3	0	1	
3	0	1	1	0	1	1	
1	0	0	0	0	0	0	
1	1	3	0	2	2	0	
0	0	3	0	0	0	0	
--------------------


The best solution was found at the restart: 11, population: 0
Total Time Elapsed: 0 hour(s), 2 minute(s), 47 second(s), 401 millisecond(s)

