--------------------
Best Solution Found!
--------------------
Time: 0 hour(s), 0 minute(s), 0 second(s), 4 millisecond(s)

Fitness: 203753

1	3	0	1	2	3	2	0	1	1	1	2	0	0	0	0	0	0	0	0	0	0	0	0	0	0	0	2	
1	3	0	0	2	3	0	0	2	0	0	3	0	0	0	0	0	0	0	1	0	0	0	0	0	0	1	0	
1	3	0	1	2	3	2	0	1	1	0	0	0	0	0	2	0	0	0	0	0	0	0	0	0	0	3	0	
1	0	0	0	0	1	2	0	0	1	0	3	0	2	0	2	0	0	0	1	0	0	0	0	0	0	3	1	
1	0	2	1	0	0	2	0	1	1	0	2	0	0	0	2	0	0	0	0	0	0	0	0	0	0	3	2	
1	0	0	0	0	3	2	0	0	0	0	3	0	2	0	0	0	0	0	2	0	0	0	0	0	0	3	0	
2	3	2	0	1	3	1	0	0	2	1	3	0	1	0	0	0	0	0	1	0	0	0	0	0	0	1	2	
1	3	0	1	2	3	0	0	1	0	1	0	0	2	0	0	0	0	0	0	0	0	0	0	0	0	0	2	
2	3	0	2	2	0	2	0	1	1	0	3	0	0	0	2	0	0	0	1	0	0	0	0	0	0	3	2	
1	0	2	1	0	3	0	0	1	1	0	3	0	0	0	0	0	0	0	1	0	0	0	0	0	0	3	1	
1	3	0	1	2	0	0	0	0	0	1	0	0	2	0	0	0	0	0	1	0	0	0	0	0	0	0	0	
0	0	0	1	0	1	2	0	0	0	3	3	0	1	0	2	0	0	0	1	0	0	0	0	0	0	0	2	
2	3	0	1	2	3	1	0	1	1	0	0	0	2	0	2	0	0	0	1	0	0	0	0	0	0	0	0	
0	0	1	0	0	3	2	0	1	2	1	3	0	2	0	2	0	0	0	0	0	0	0	0	0	0	0	2	
1	0	0	2	1	3	1	0	1	2	1	3	0	2	0	0	0	0	0	1	0	0	0	0	0	0	1	2	
2	0	0	1	0	3	2	0	1	1	0	2	0	2	0	1	0	0	0	1	0	0	0	0	0	0	3	2	
0	0	0	1	0	0	2	0	1	1	0	2	0	2	0	2	0	0	0	0	0	0	0	0	0	0	0	2	
2	3	2	0	0	1	0	0	0	1	3	3	0	1	0	0	0	0	0	1	0	0	0	0	0	0	0	0	
1	0	0	2	1	0	2	0	0	1	0	3	0	2	0	2	0	0	0	1	0	0	0	0	0	0	3	0	
0	0	1	1	0	0	2	0	1	1	1	3	0	0	0	0	0	0	0	3	0	0	0	0	0	0	0	0	
1	1	0	1	0	0	0	0	3	1	0	3	0	0	0	2	0	0	0	1	0	0	0	0	0	0	3	1	
1	3	1	1	2	3	1	0	0	0	0	0	0	2	0	1	0	0	0	0	0	0	0	0	0	0	0	0	
0	1	0	1	0	0	2	0	0	1	1	3	0	2	0	0	0	0	0	1	0	0	0	0	0	0	0	2	
1	3	2	1	2	3	2	0	3	0	0	0	0	0	0	2	0	0	0	0	0	0	0	0	0	0	3	2	
1	3	0	1	2	3	0	0	3	2	1	3	0	2	0	2	0	0	0	1	0	0	0	0	0	0	3	2	
1	0	0	2	2	0	2	0	1	1	1	3	0	2	0	2	0	0	0	2	0	0	0	0	0	0	0	0	
1	3	0	1	2	0	0	0	0	0	1	0	0	0	0	0	0	0	0	0	0	0	0	0	0	0	3	1	
0	0	0	2	0	3	2	0	1	1	1	3	0	0	0	1	0	0	0	2	0	0	0	0	0	0	0	2	
0	0	0	0	2	1	2	0	0	1	3	0	0	0	0	2	0	0	0	0	0	0	0	0	0	0	0	2	
1	1	0	1	2	0	2	0	1	1	0	0	0	0	0	0	0	0	0	0	0	0	0	0	0	0	3	0	
--------------------

--------------------
Best Solution Found!
--------------------
Time: 0 hour(s), 0 minute(s), 0 second(s), 9 millisecond(s)

Fitness: 201742

1	3	0	1	2	3	2	0	1	1	1	2	0	0	0	1	0	0	0	1	0	0	0	0	0	0	1	2	
1	3	0	0	2	3	0	0	2	1	0	3	0	0	0	2	0	0	0	1	0	0	0	0	0	0	0	0	
1	3	0	1	2	3	2	0	1	0	0	0	0	2	0	0	0	0	0	1	0	0	0	0	0	0	0	0	
2	0	2	0	0	1	2	0	0	0	0	3	0	2	0	0	0	0	0	1	0	0	0	0	0	0	0	1	
0	0	2	1	0	0	2	0	1	1	0	2	0	0	0	0	0	0	0	1	0	0	0	0	0	0	3	2	
0	0	0	0	0	3	2	0	0	0	0	3	0	2	0	2	0	0	0	0	0	0	0	0	0	0	0	0	
1	3	0	0	1	3	1	0	0	1	1	3	0	0	0	1	0	0	0	1	0	0	0	0	0	0	3	2	
2	3	0	1	2	3	0	0	1	0	1	0	0	2	0	0	0	0	0	0	0	0	0	0	0	0	3	2	
0	3	1	2	2	0	2	0	1	1	0	3	0	0	0	1	0	0	0	3	0	0	0	0	0	0	3	2	
2	0	0	1	0	3	0	0	1	1	0	3	0	1	0	2	0	0	0	1	0	0	0	0	0	0	3	1	
0	3	2	1	2	0	0	0	0	2	1	0	0	1	0	0	0	0	0	1	0	0	0	0	0	0	0	0	
0	0	0	1	0	1	2	0	0	2	3	3	0	2	0	2	0	0	0	1	0	0	0	0	0	0	3	2	
1	3	0	1	2	3	1	0	1	1	0	0	0	0	0	0	0	0	0	1	0	0	0	0	0	0	0	0	
0	0	0	0	0	3	2	0	1	1	1	3	0	0	0	0	0	0	0	0	0	0	0	0	0	0	0	2	
1	0	0	2	1	3	1	0	1	1	1	3	0	2	0	0	0	0	0	1	0	0	0	0	0	0	1	2	
1	0	0	1	0	3	2	0	1	1	0	2	0	0	0	2	0	0	0	2	0	0	0	0	0	0	0	2	
1	0	0	1	0	0	2	0	1	1	0	2	0	2	0	2	0	0	0	1	0	0	0	0	0	0	0	2	
1	3	0	0	0	1	0	0	0	1	3	3	0	2	0	2	0	0	0	0	0	0	0	0	0	0	0	0	
1	0	2	2	1	0	2	0	0	0	0	3	0	2	0	0	0	0	0	2	0	0	0	0	0	0	1	0	
1	0	0	1	0	0	2	0	1	1	1	3	0	2	0	0	0	0	0	0	0	0	0	0	0	0	3	0	
1	1	0	1	0	0	0	0	3	0	0	3	0	2	0	2	0	0	0	2	0	0	0	0	0	0	3	1	
1	3	0	1	2	3	1	0	0	0	0	0	0	2	0	2	0	0	0	0	0	0	0	0	0	0	0	0	
2	1	0	1	0	0	2	0	0	1	1	3	0	0	0	2	0	0	0	1	0	0	0	0	0	0	3	2	
0	3	0	1	2	3	2	0	3	1	0	0	0	1	0	2	0	0	0	0	0	0	0	0	0	0	0	2	
1	3	1	1	2	3	0	0	3	1	1	3	0	0	0	2	0	0	0	0	0	0	0	0	0	0	3	2	
1	0	0	2	2	0	2	0	1	2	1	3	0	0	0	0	0	0	0	0	0	0	0	0	0	0	3	0	
1	3	0	1	2	0	0	0	0	2	1	0	0	2	0	0	0	0	0	1	0	0	0	0	0	0	3	1	
1	0	0	2	0	3	2	0	1	1	1	3	0	2	0	0	0	0	0	0	0	0	0	0	0	0	0	2	
1	0	1	0	2	1	2	0	0	1	3	0	0	0	0	2	0	0	0	1	0	0	0	0	0	0	3	2	
2	1	2	1	2	0	2	0	1	0	0	0	0	0	0	2	0	0	0	0	0	0	0	0	0	0	0	0	
--------------------

--------------------
Best Solution Found!
--------------------
Time: 0 hour(s), 0 minute(s), 0 second(s), 27 millisecond(s)

Fitness: 201741

1	3	0	2	2	3	0	0	0	1	0	0	0	2	0	2	0	0	0	2	0	0	0	0	0	0	1	2	
2	3	2	1	2	3	2	0	1	2	0	2	0	2	0	0	0	0	0	3	0	0	0	0	0	0	0	0	
0	3	0	2	2	3	2	0	0	0	3	3	0	2	0	2	0	0	0	1	0	0	0	0	0	0	0	0	
2	0	0	0	1	1	2	0	0	1	1	0	0	2	0	0	0	0	0	1	0	0	0	0	0	0	0	1	
2	0	0	1	0	0	0	0	1	0	3	3	0	0	0	1	0	0	0	1	0	0	0	0	0	0	3	2	
1	0	0	0	2	3	2	0	1	1	0	0	0	0	0	2	0	0	0	0	0	0	0	0	0	0	0	0	
1	3	0	1	2	3	2	0	1	0	1	2	0	0	0	0	0	0	0	0	0	0	0	0	0	0	3	2	
1	3	0	1	0	0	2	0	2	1	0	3	0	0	0	1	0	0	0	0	0	0	0	0	0	0	3	2	
1	3	0	0	0	3	2	0	0	0	1	3	0	1	0	2	0	0	0	1	0	0	0	0	0	0	3	2	
0	0	0	1	1	0	2	0	3	1	0	0	0	2	0	2	0	0	0	2	0	0	0	0	0	0	3	1	
1	3	1	1	0	0	1	0	0	1	1	3	0	0	0	2	0	0	0	0	0	0	0	0	0	0	0	0	
0	0	2	0	2	1	2	0	1	1	0	3	0	2	0	0	0	0	0	0	0	0	0	0	0	0	3	2	
1	3	2	1	2	0	2	0	0	0	1	3	0	2	0	2	0	0	0	1	0	0	0	0	0	0	0	0	
1	0	0	1	0	0	2	0	1	0	1	3	0	0	0	0	0	0	0	0	0	0	0	0	0	0	0	2	
1	0	0	1	2	3	0	0	0	0	1	3	0	1	0	2	0	0	0	1	0	0	0	0	0	0	1	2	
2	0	2	1	0	0	2	0	0	1	0	3	0	2	0	0	0	0	0	0	0	0	0	0	0	0	0	2	
1	0	2	1	2	3	0	0	3	1	3	3	0	0	0	0	0	0	0	0	0	0	0	0	0	0	0	2	
1	3	0	1	2	0	0	0	1	1	0	0	0	2	0	0	0	0	0	1	0	0	0	0	0	0	0	0	
0	0	0	0	2	0	0	0	0	1	0	0	0	0	0	0	0	0	0	0	0	0	0	0	0	0	1	0	
1	0	0	1	0	3	2	0	1	2	0	0	0	0	0	2	0	0	0	1	0	0	0	0	0	0	3	0	
2	1	0	2	2	3	0	0	0	2	0	2	0	2	0	1	0	0	0	1	0	0	0	0	0	0	3	1	
0	3	1	1	0	0	0	0	0	1	0	3	0	0	0	2	0	0	0	1	0	0	0	0	0	0	0	0	
1	1	0	0	0	0	1	0	1	1	1	3	0	0	0	2	0	0	0	1	0	0	0	0	0	0	3	2	
0	3	0	0	0	3	2	0	1	1	0	3	0	2	0	0	0	0	0	1	0	0	0	0	0	0	0	2	
0	3	0	2	0	3	2	0	1	0	1	3	0	2	0	2	0	0	0	1	0	0	0	0	0	0	3	2	
1	0	1	2	2	3	2	0	1	1	0	0	0	0	0	0	0	0	0	0	0	0	0	0	0	0	3	0	
1	3	0	1	2	1	1	0	3	1	1	3	0	2	0	2	0	0	0	0	0	0	0	0	0	0	3	1	
1	0	0	1	1	3	1	0	1	2	1	3	0	2	0	2	0	0	0	1	0	0	0	0	0	0	0	2	
1	0	0	1	0	3	2	0	1	1	1	0	0	0	0	0	0	0	0	2	0	0	0	0	0	0	3	2	
1	1	0	1	0	1	2	0	1	1	0	2	0	1	0	0	0	0	0	1	0	0	0	0	0	0	0	0	
--------------------

--------------------
Best Solution Found!
--------------------
Time: 0 hour(s), 0 minute(s), 0 second(s), 31 millisecond(s)

Fitness: 201741

1	3	0	2	2	3	0	0	0	1	0	0	0	2	0	2	0	0	0	2	0	0	0	0	0	0	1	2	
2	3	2	1	2	3	2	0	1	2	0	2	0	2	0	0	0	0	0	3	0	0	0	0	0	0	0	0	
0	3	0	2	2	3	2	0	0	0	3	3	0	2	0	2	0	0	0	1	0	0	0	0	0	0	0	0	
2	0	0	0	1	1	2	0	0	1	1	0	0	2	0	0	0	0	0	1	0	0	0	0	0	0	0	1	
2	0	0	1	0	0	0	0	1	0	3	3	0	0	0	1	0	0	0	1	0	0	0	0	0	0	3	2	
1	0	0	0	2	3	2	0	1	1	0	0	0	0	0	2	0	0	0	0	0	0	0	0	0	0	0	0	
1	3	0	1	2	3	2	0	1	0	1	2	0	0	0	0	0	0	0	0	0	0	0	0	0	0	3	2	
1	3	0	1	0	0	2	0	2	1	0	3	0	0	0	1	0	0	0	0	0	0	0	0	0	0	3	2	
1	3	0	0	0	3	2	0	0	0	1	3	0	1	0	2	0	0	0	1	0	0	0	0	0	0	3	2	
0	0	0	1	1	0	2	0	3	1	0	0	0	2	0	2	0	0	0	2	0	0	0	0	0	0	3	1	
1	3	1	1	0	0	1	0	0	1	1	3	0	0	0	2	0	0	0	0	0	0	0	0	0	0	0	0	
0	0	2	0	2	1	2	0	1	1	0	3	0	2	0	0	0	0	0	0	0	0	0	0	0	0	3	2	
1	3	2	1	2	0	2	0	0	0	1	3	0	2	0	2	0	0	0	1	0	0	0	0	0	0	0	0	
1	0	0	1	0	0	2	0	1	0	1	3	0	0	0	0	0	0	0	0	0	0	0	0	0	0	0	2	
1	0	0	1	2	3	0	0	0	0	1	3	0	1	0	2	0	0	0	1	0	0	0	0	0	0	1	2	
2	0	2	1	0	0	2	0	0	1	0	3	0	2	0	0	0	0	0	0	0	0	0	0	0	0	0	2	
1	0	2	1	2	3	0	0	3	1	3	3	0	0	0	0	0	0	0	0	0	0	0	0	0	0	0	2	
1	3	0	1	2	0	0	0	1	1	0	0	0	2	0	0	0	0	0	1	0	0	0	0	0	0	0	0	
0	0	0	0	2	0	0	0	0	1	0	0	0	0	0	0	0	0	0	0	0	0	0	0	0	0	1	0	
1	0	0	1	0	3	2	0	1	2	0	0	0	0	0	2	0	0	0	1	0	0	0	0	0	0	3	0	
2	1	0	2	2	3	0	0	0	2	0	2	0	2	0	1	0	0	0	1	0	0	0	0	0	0	3	1	
0	3	1	1	0	0	0	0	0	1	0	3	0	0	0	2	0	0	0	1	0	0	0	0	0	0	0	0	
1	1	0	0	0	0	1	0	1	1	1	3	0	0	0	2	0	0	0	1	0	0	0	0	0	0	3	2	
0	3	0	0	0	3	2	0	1	1	0	3	0	2	0	0	0	0	0	1	0	0	0	0	0	0	0	2	
0	3	0	2	0	3	2	0	1	0	1	3	0	2	0	2	0	0	0	1	0	0	0	0	0	0	3	2	
1	0	1	2	2	3	2	0	1	1	0	0	0	0	0	0	0	0	0	0	0	0	0	0	0	0	3	0	
1	3	0	1	2	1	1	0	3	1	1	3	0	2	0	2	0	0	0	0	0	0	0	0	0	0	3	1	
1	0	0	1	1	3	1	0	1	2	1	3	0	2	0	2	0	0	0	1	0	0	0	0	0	0	0	2	
1	0	0	1	0	3	2	0	1	1	1	0	0	0	0	0	0	0	0	2	0	0	0	0	0	0	3	2	
1	1	0	1	0	1	2	0	1	1	0	2	0	1	0	0	0	0	0	1	0	0	0	0	0	0	0	0	
--------------------

--------------------
Best Solution Found!
--------------------
Time: 0 hour(s), 0 minute(s), 0 second(s), 274 millisecond(s)

Fitness: 200755

1	3	0	1	2	1	0	0	1	1	0	0	0	2	0	0	0	0	0	2	0	0	0	0	0	0	3	0	
1	3	0	1	0	0	0	0	0	1	0	3	0	0	0	2	0	0	0	0	0	0	0	0	0	0	0	0	
1	0	0	1	0	3	0	0	1	0	0	2	0	2	0	0	0	0	0	0	0	0	0	0	0	0	0	2	
1	0	0	1	0	3	2	0	1	0	3	3	0	1	0	0	0	0	0	1	0	0	0	0	0	0	3	2	
2	3	0	1	1	3	0	0	0	1	1	3	0	0	0	0	0	0	0	0	0	0	0	0	0	0	3	2	
0	0	1	0	0	1	2	0	0	1	1	0	0	0	0	0	0	0	0	0	0	0	0	0	0	0	0	0	
2	1	0	0	0	3	2	0	0	0	1	3	0	0	0	2	0	0	0	2	0	0	0	0	0	0	0	1	
1	3	0	2	0	0	0	0	1	1	1	3	0	2	0	0	0	0	0	1	0	0	0	0	0	0	3	0	
1	3	0	1	0	0	2	0	1	0	0	3	0	0	0	1	0	0	0	0	0	0	0	0	0	0	0	2	
0	1	2	2	0	3	1	0	3	1	0	0	0	1	0	2	0	0	0	1	0	0	0	0	0	0	3	2	
1	3	0	1	0	3	1	0	1	1	1	2	0	2	0	2	0	0	0	0	0	0	0	0	0	0	3	0	
1	3	0	0	2	3	2	0	2	2	1	0	0	1	0	2	0	0	0	1	0	0	0	0	0	0	1	0	
0	0	2	2	2	0	1	0	3	1	1	3	0	0	0	2	0	0	0	1	0	0	0	0	0	0	0	2	
1	0	1	2	2	3	2	0	0	0	0	3	0	2	0	2	0	0	0	1	0	0	0	0	0	0	3	2	
2	3	0	0	2	0	2	0	1	2	0	3	0	0	0	2	0	0	0	0	0	0	0	0	0	0	3	2	
1	3	0	1	2	3	0	0	1	1	1	0	0	0	0	2	0	0	0	1	0	0	0	0	0	0	1	2	
0	0	2	0	2	0	2	0	1	1	0	0	0	2	0	2	0	0	0	1	0	0	0	0	0	0	3	0	
0	0	0	1	2	0	2	0	0	0	0	0	0	0	0	2	0	0	0	1	0	0	0	0	0	0	3	2	
1	1	2	1	0	0	2	0	0	0	1	2	0	2	0	2	0	0	0	1	0	0	0	0	0	0	3	1	
1	0	0	0	0	3	2	0	1	1	0	2	0	2	0	0	0	0	0	1	0	0	0	0	0	0	0	0	
1	3	0	1	2	0	2	0	0	1	3	3	0	0	0	0	0	0	0	1	0	0	0	0	0	0	3	1	
1	0	0	1	2	0	2	0	1	1	0	3	0	0	0	0	0	0	0	3	0	0	0	0	0	0	0	2	
0	0	0	1	1	3	2	0	0	1	0	3	0	0	0	1	0	0	0	1	0	0	0	0	0	0	0	0	
1	3	2	2	0	1	2	0	1	1	0	0	0	2	0	0	0	0	0	1	0	0	0	0	0	0	0	0	
1	0	0	0	2	3	2	0	3	0	0	0	0	2	0	2	0	0	0	1	0	0	0	0	0	0	0	2	
2	0	0	1	2	3	0	0	0	1	3	3	0	0	0	0	0	0	0	0	0	0	0	0	0	0	3	1	
0	0	1	1	2	0	2	0	0	1	1	3	0	2	0	0	0	0	0	0	0	0	0	0	0	0	0	2	
2	3	0	1	2	3	0	0	1	2	1	3	0	2	0	2	0	0	0	2	0	0	0	0	0	0	0	2	
1	3	0	1	1	1	1	0	1	1	1	3	0	2	0	0	0	0	0	0	0	0	0	0	0	0	0	0	
1	0	0	1	0	3	2	0	1	2	0	3	0	2	0	1	0	0	0	0	0	0	0	0	0	0	1	2	
--------------------

--------------------
Best Solution Found!
--------------------
Time: 0 hour(s), 0 minute(s), 0 second(s), 276 millisecond(s)

Fitness: 200755

1	3	0	1	2	1	0	0	1	1	0	0	0	2	0	0	0	0	0	2	0	0	0	0	0	0	3	0	
1	3	0	1	0	0	0	0	0	1	0	3	0	0	0	2	0	0	0	0	0	0	0	0	0	0	0	0	
1	0	0	1	0	3	0	0	1	0	0	2	0	2	0	0	0	0	0	0	0	0	0	0	0	0	0	2	
1	0	0	1	0	3	2	0	1	0	3	3	0	1	0	0	0	0	0	1	0	0	0	0	0	0	3	2	
2	3	0	1	1	3	0	0	0	1	1	3	0	0	0	0	0	0	0	0	0	0	0	0	0	0	3	2	
0	0	1	0	0	1	2	0	0	1	1	0	0	0	0	0	0	0	0	0	0	0	0	0	0	0	0	0	
2	1	0	0	0	3	2	0	0	0	1	3	0	0	0	2	0	0	0	2	0	0	0	0	0	0	0	1	
1	3	0	2	0	0	0	0	1	1	1	3	0	2	0	0	0	0	0	1	0	0	0	0	0	0	3	0	
1	3	0	1	0	0	2	0	1	0	0	3	0	0	0	1	0	0	0	0	0	0	0	0	0	0	0	2	
0	1	2	2	0	3	1	0	3	1	0	0	0	1	0	2	0	0	0	1	0	0	0	0	0	0	3	2	
1	3	0	1	0	3	1	0	1	1	1	2	0	2	0	2	0	0	0	0	0	0	0	0	0	0	3	0	
1	3	0	0	2	3	2	0	2	2	1	0	0	1	0	2	0	0	0	1	0	0	0	0	0	0	1	0	
0	0	2	2	2	0	1	0	3	1	1	3	0	0	0	2	0	0	0	1	0	0	0	0	0	0	0	2	
1	0	1	2	2	3	2	0	0	0	0	3	0	2	0	2	0	0	0	1	0	0	0	0	0	0	3	2	
2	3	0	0	2	0	2	0	1	2	0	3	0	0	0	2	0	0	0	0	0	0	0	0	0	0	3	2	
1	3	0	1	2	3	0	0	1	1	1	0	0	0	0	2	0	0	0	1	0	0	0	0	0	0	1	2	
0	0	2	0	2	0	2	0	1	1	0	0	0	2	0	2	0	0	0	1	0	0	0	0	0	0	3	0	
0	0	0	1	2	0	2	0	0	0	0	0	0	0	0	2	0	0	0	1	0	0	0	0	0	0	3	2	
1	1	2	1	0	0	2	0	0	0	1	2	0	2	0	2	0	0	0	1	0	0	0	0	0	0	3	1	
1	0	0	0	0	3	2	0	1	1	0	2	0	2	0	0	0	0	0	1	0	0	0	0	0	0	0	0	
1	3	0	1	2	0	2	0	0	1	3	3	0	0	0	0	0	0	0	1	0	0	0	0	0	0	3	1	
1	0	0	1	2	0	2	0	1	1	0	3	0	0	0	0	0	0	0	3	0	0	0	0	0	0	0	2	
0	0	0	1	1	3	2	0	0	1	0	3	0	0	0	1	0	0	0	1	0	0	0	0	0	0	0	0	
1	3	2	2	0	1	2	0	1	1	0	0	0	2	0	0	0	0	0	1	0	0	0	0	0	0	0	0	
1	0	0	0	2	3	2	0	3	0	0	0	0	2	0	2	0	0	0	1	0	0	0	0	0	0	0	2	
2	0	0	1	2	3	0	0	0	1	3	3	0	0	0	0	0	0	0	0	0	0	0	0	0	0	3	1	
0	0	1	1	2	0	2	0	0	1	1	3	0	2	0	0	0	0	0	0	0	0	0	0	0	0	0	2	
2	3	0	1	2	3	0	0	1	2	1	3	0	2	0	2	0	0	0	2	0	0	0	0	0	0	0	2	
1	3	0	1	1	1	1	0	1	1	1	3	0	2	0	0	0	0	0	0	0	0	0	0	0	0	0	0	
1	0	0	1	0	3	2	0	1	2	0	3	0	2	0	1	0	0	0	0	0	0	0	0	0	0	1	2	
--------------------

--------------------
Best Solution Found!
--------------------
Time: 0 hour(s), 0 minute(s), 0 second(s), 471 millisecond(s)

Fitness: 200747

2	3	0	1	2	3	2	0	0	0	0	2	0	2	0	0	0	0	0	1	0	0	0	0	0	0	3	0	
1	0	2	0	0	0	0	0	0	0	3	3	0	2	0	0	0	0	0	2	0	0	0	0	0	0	0	0	
1	1	0	1	2	3	2	0	0	0	1	3	0	1	0	2	0	0	0	1	0	0	0	0	0	0	1	2	
1	0	0	1	1	0	2	0	1	1	0	0	0	0	0	2	0	0	0	0	0	0	0	0	0	0	0	1	
1	3	0	0	2	0	1	0	1	2	1	0	0	0	0	0	0	0	0	0	0	0	0	0	0	0	3	1	
0	1	0	2	0	3	2	0	1	0	0	3	0	0	0	1	0	0	0	0	0	0	0	0	0	0	0	0	
0	0	0	1	2	3	2	0	1	1	1	0	0	2	0	2	0	0	0	1	0	0	0	0	0	0	0	2	
1	3	0	1	2	3	2	0	0	0	1	3	0	2	0	2	0	0	0	1	0	0	0	0	0	0	3	2	
0	0	0	1	2	0	2	0	3	1	0	3	0	0	0	1	0	0	0	3	0	0	0	0	0	0	0	0	
0	3	0	1	1	3	1	0	3	1	1	2	0	2	0	2	0	0	0	1	0	0	0	0	0	0	0	0	
1	0	0	0	0	0	2	0	0	1	3	0	0	2	0	0	0	0	0	0	0	0	0	0	0	0	0	2	
1	0	1	1	0	3	2	0	1	1	0	0	0	0	0	0	0	0	0	1	0	0	0	0	0	0	1	1	
2	3	0	0	0	3	0	0	0	1	1	3	0	0	0	2	0	0	0	0	0	0	0	0	0	0	3	0	
2	3	0	0	2	3	2	0	0	1	1	3	0	2	0	0	0	0	0	2	0	0	0	0	0	0	3	0	
1	3	0	1	2	3	1	0	0	0	1	2	0	2	0	2	0	0	0	1	0	0	0	0	0	0	3	2	
0	0	0	1	0	0	2	0	2	1	1	3	0	2	0	2	0	0	0	0	0	0	0	0	0	0	3	2	
1	3	2	2	0	0	2	0	0	1	0	3	0	0	0	2	0	0	0	1	0	0	0	0	0	0	3	0	
0	0	0	0	2	1	2	0	1	1	0	0	0	0	0	2	0	0	0	1	0	0	0	0	0	0	0	0	
2	0	0	1	0	3	0	0	0	2	1	3	0	0	0	2	0	0	0	1	0	0	0	0	0	0	0	2	
1	0	2	2	2	0	0	0	1	2	0	3	0	2	0	2	0	0	0	1	0	0	0	0	0	0	3	1	
1	0	0	2	0	1	2	0	1	0	1	3	0	0	0	0	0	0	0	1	0	0	0	0	0	0	0	0	
0	0	2	1	0	0	2	0	3	2	0	0	0	1	0	0	0	0	0	0	0	0	0	0	0	0	3	2	
1	1	2	1	2	1	2	0	1	1	0	3	0	0	0	2	0	0	0	0	0	0	0	0	0	0	0	2	
1	3	0	1	2	3	1	0	1	0	0	0	0	2	0	0	0	0	0	2	0	0	0	0	0	0	3	0	
1	3	0	1	2	3	2	0	1	1	0	3	0	2	0	2	0	0	0	0	0	0	0	0	0	0	0	2	
1	0	0	1	1	3	2	0	0	1	0	0	0	2	0	0	0	0	0	0	0	0	0	0	0	0	0	2	
1	3	0	1	2	0	0	0	1	1	0	3	0	0	0	1	0	0	0	1	0	0	0	0	0	0	3	2	
1	3	1	2	0	3	0	0	1	1	1	3	0	1	0	0	0	0	0	0	0	0	0	0	0	0	0	2	
1	0	0	0	0	1	0	0	1	1	0	2	0	2	0	0	0	0	0	1	0	0	0	0	0	0	1	2	
2	3	1	1	0	0	0	0	1	1	3	3	0	0	0	0	0	0	0	1	0	0	0	0	0	0	3	2	
--------------------

--------------------
Best Solution Found!
--------------------
Time: 0 hour(s), 0 minute(s), 0 second(s), 918 millisecond(s)

Fitness: 200746

0	0	0	1	2	3	2	0	1	1	3	0	0	0	0	2	0	0	0	1	0	0	0	0	0	0	3	2	
0	3	0	1	2	3	2	0	1	1	1	3	0	2	0	2	0	0	0	2	0	0	0	0	0	0	3	1	
1	0	1	2	0	3	2	0	3	1	1	3	0	2	0	2	0	0	0	1	0	0	0	0	0	0	1	2	
2	3	1	0	0	3	2	0	0	1	1	3	0	2	0	2	0	0	0	0	0	0	0	0	0	0	0	0	
1	3	0	1	2	3	0	0	1	2	0	3	0	0	0	2	0	0	0	0	0	0	0	0	0	0	0	0	
2	0	0	0	2	3	1	0	3	1	0	2	0	2	0	0	0	0	0	1	0	0	0	0	0	0	1	2	
0	3	2	1	0	3	2	0	0	1	0	3	0	0	0	2	0	0	0	1	0	0	0	0	0	0	3	0	
1	3	0	2	0	3	2	0	0	1	1	3	0	1	0	1	0	0	0	3	0	0	0	0	0	0	3	0	
1	3	0	0	0	1	2	0	1	1	1	0	0	2	0	0	0	0	0	0	0	0	0	0	0	0	3	2	
1	0	0	1	0	1	2	0	0	0	1	3	0	0	0	2	0	0	0	1	0	0	0	0	0	0	0	0	
0	0	0	1	0	1	2	0	1	2	0	0	0	2	0	2	0	0	0	1	0	0	0	0	0	0	0	0	
1	0	0	2	1	3	2	0	1	1	1	3	0	2	0	0	0	0	0	0	0	0	0	0	0	0	0	2	
1	0	0	1	2	3	2	0	1	1	1	2	0	0	0	2	0	0	0	2	0	0	0	0	0	0	0	2	
1	3	0	1	0	0	1	0	3	1	1	3	0	2	0	0	0	0	0	1	0	0	0	0	0	0	3	2	
0	0	0	1	2	3	0	0	1	0	3	3	0	0	0	2	0	0	0	1	0	0	0	0	0	0	0	0	
2	1	0	1	2	0	0	0	0	1	0	3	0	0	0	0	0	0	0	1	0	0	0	0	0	0	0	0	
1	1	2	0	2	1	2	0	0	2	0	0	0	0	0	2	0	0	0	0	0	0	0	0	0	0	3	2	
1	3	2	1	2	3	0	0	0	0	0	0	0	2	0	1	0	0	0	1	0	0	0	0	0	0	0	1	
2	0	0	1	1	0	2	0	1	0	0	0	0	0	0	0	0	0	0	0	0	0	0	0	0	0	0	2	
1	3	2	1	2	0	2	0	0	1	1	0	0	2	0	0	0	0	0	0	0	0	0	0	0	0	1	1	
1	0	0	1	1	0	2	0	0	1	1	3	0	0	0	0	0	0	0	0	0	0	0	0	0	0	3	2	
1	1	0	2	2	3	2	0	2	0	0	0	0	2	0	0	0	0	0	1	0	0	0	0	0	0	0	0	
1	3	0	1	2	0	0	0	1	1	0	2	0	1	0	2	0	0	0	1	0	0	0	0	0	0	0	1	
0	0	0	0	0	0	1	0	0	1	0	3	0	1	0	2	0	0	0	1	0	0	0	0	0	0	3	2	
1	0	1	1	0	0	2	0	0	0	0	0	0	2	0	0	0	0	0	0	0	0	0	0	0	0	3	2	
1	0	0	1	0	3	2	0	1	1	0	3	0	0	0	2	0	0	0	0	0	0	0	0	0	0	3	0	
2	3	2	0	0	3	0	0	1	0	3	3	0	0	0	0	0	0	0	1	0	0	0	0	0	0	3	2	
1	3	0	2	2	0	0	0	1	2	1	3	0	0	0	0	0	0	0	2	0	0	0	0	0	0	0	2	
0	3	0	1	0	0	1	0	1	1	0	3	0	2	0	0	0	0	0	0	0	0	0	0	0	0	3	2	
1	0	0	0	2	0	0	0	1	0	0	2	0	2	0	1	0	0	0	1	0	0	0	0	0	0	0	0	
--------------------

--------------------
Best Solution Found!
--------------------
Time: 0 hour(s), 0 minute(s), 0 second(s), 920 millisecond(s)

Fitness: 200746

0	0	0	1	2	3	2	0	1	1	3	0	0	0	0	2	0	0	0	1	0	0	0	0	0	0	3	2	
0	3	0	1	2	3	2	0	1	1	1	3	0	2	0	2	0	0	0	2	0	0	0	0	0	0	3	1	
1	0	1	2	0	3	2	0	3	1	1	3	0	2	0	2	0	0	0	1	0	0	0	0	0	0	1	2	
2	3	1	0	0	3	2	0	0	1	1	3	0	2	0	2	0	0	0	0	0	0	0	0	0	0	0	0	
1	3	0	1	2	3	0	0	1	2	0	3	0	0	0	2	0	0	0	0	0	0	0	0	0	0	0	0	
2	0	0	0	2	3	1	0	3	1	0	2	0	2	0	0	0	0	0	1	0	0	0	0	0	0	1	2	
0	3	2	1	0	3	2	0	0	1	0	3	0	0	0	2	0	0	0	1	0	0	0	0	0	0	3	0	
1	3	0	2	0	3	2	0	0	1	1	3	0	1	0	1	0	0	0	3	0	0	0	0	0	0	3	0	
1	3	0	0	0	1	2	0	1	1	1	0	0	2	0	0	0	0	0	0	0	0	0	0	0	0	3	2	
1	0	0	1	0	1	2	0	0	0	1	3	0	0	0	2	0	0	0	1	0	0	0	0	0	0	0	0	
0	0	0	1	0	1	2	0	1	2	0	0	0	2	0	2	0	0	0	1	0	0	0	0	0	0	0	0	
1	0	0	2	1	3	2	0	1	1	1	3	0	2	0	0	0	0	0	0	0	0	0	0	0	0	0	2	
1	0	0	1	2	3	2	0	1	1	1	2	0	0	0	2	0	0	0	2	0	0	0	0	0	0	0	2	
1	3	0	1	0	0	1	0	3	1	1	3	0	2	0	0	0	0	0	1	0	0	0	0	0	0	3	2	
0	0	0	1	2	3	0	0	1	0	3	3	0	0	0	2	0	0	0	1	0	0	0	0	0	0	0	0	
2	1	0	1	2	0	0	0	0	1	0	3	0	0	0	0	0	0	0	1	0	0	0	0	0	0	0	0	
1	1	2	0	2	1	2	0	0	2	0	0	0	0	0	2	0	0	0	0	0	0	0	0	0	0	3	2	
1	3	2	1	2	3	0	0	0	0	0	0	0	2	0	1	0	0	0	1	0	0	0	0	0	0	0	1	
2	0	0	1	1	0	2	0	1	0	0	0	0	0	0	0	0	0	0	0	0	0	0	0	0	0	0	2	
1	3	2	1	2	0	2	0	0	1	1	0	0	2	0	0	0	0	0	0	0	0	0	0	0	0	1	1	
1	0	0	1	1	0	2	0	0	1	1	3	0	0	0	0	0	0	0	0	0	0	0	0	0	0	3	2	
1	1	0	2	2	3	2	0	2	0	0	0	0	2	0	0	0	0	0	1	0	0	0	0	0	0	0	0	
1	3	0	1	2	0	0	0	1	1	0	2	0	1	0	2	0	0	0	1	0	0	0	0	0	0	0	1	
0	0	0	0	0	0	1	0	0	1	0	3	0	1	0	2	0	0	0	1	0	0	0	0	0	0	3	2	
1	0	1	1	0	0	2	0	0	0	0	0	0	2	0	0	0	0	0	0	0	0	0	0	0	0	3	2	
1	0	0	1	0	3	2	0	1	1	0	3	0	0	0	2	0	0	0	0	0	0	0	0	0	0	3	0	
2	3	2	0	0	3	0	0	1	0	3	3	0	0	0	0	0	0	0	1	0	0	0	0	0	0	3	2	
1	3	0	2	2	0	0	0	1	2	1	3	0	0	0	0	0	0	0	2	0	0	0	0	0	0	0	2	
0	3	0	1	0	0	1	0	1	1	0	3	0	2	0	0	0	0	0	0	0	0	0	0	0	0	3	2	
1	0	0	0	2	0	0	0	1	0	0	2	0	2	0	1	0	0	0	1	0	0	0	0	0	0	0	0	
--------------------

--------------------
Best Solution Found!
--------------------
Time: 0 hour(s), 0 minute(s), 0 second(s), 927 millisecond(s)

Fitness: 199753

0	0	0	1	2	0	2	0	1	1	1	3	0	0	0	2	0	0	0	2	0	0	0	0	0	0	3	2	
0	3	0	1	2	3	2	0	0	0	0	0	0	2	0	2	0	0	0	0	0	0	0	0	0	0	3	1	
1	0	1	2	0	3	2	0	1	1	1	3	0	2	0	0	0	0	0	1	0	0	0	0	0	0	1	2	
2	3	1	0	0	3	2	0	0	1	1	3	0	2	0	0	0	0	0	0	0	0	0	0	0	0	0	0	
1	3	0	1	2	0	0	0	1	1	0	3	0	2	0	0	0	0	0	1	0	0	0	0	0	0	0	0	
2	0	0	0	2	3	1	0	0	1	0	0	0	2	0	2	0	0	0	0	0	0	0	0	0	0	1	2	
0	3	2	1	0	0	2	0	1	0	1	2	0	1	0	2	0	0	0	1	0	0	0	0	0	0	3	0	
1	3	0	2	0	3	2	0	1	1	0	3	0	2	0	1	0	0	0	1	0	0	0	0	0	0	3	0	
1	3	0	0	0	3	2	0	2	0	1	0	0	2	0	0	0	0	0	1	0	0	0	0	0	0	3	2	
1	0	0	1	0	0	2	0	1	1	3	3	0	2	0	2	0	0	0	1	0	0	0	0	0	0	0	0	
0	0	0	1	0	3	2	0	1	1	0	3	0	0	0	0	0	0	0	1	0	0	0	0	0	0	0	0	
1	0	0	2	1	0	2	0	1	0	0	3	0	2	0	2	0	0	0	2	0	0	0	0	0	0	0	2	
1	0	0	1	2	3	2	0	1	0	0	0	0	2	0	2	0	0	0	3	0	0	0	0	0	0	0	2	
1	3	0	1	0	0	1	0	1	1	3	3	0	0	0	2	0	0	0	0	0	0	0	0	0	0	3	2	
0	0	0	1	2	0	0	0	1	2	0	0	0	1	0	1	0	0	0	0	0	0	0	0	0	0	0	0	
2	1	0	1	2	0	0	0	1	0	1	3	0	0	0	2	0	0	0	1	0	0	0	0	0	0	0	0	
1	1	2	0	2	3	2	0	0	1	0	3	0	1	0	2	0	0	0	1	0	0	0	0	0	0	3	2	
1	3	2	1	2	1	0	0	3	1	0	3	0	2	0	1	0	0	0	0	0	0	0	0	0	0	0	1	
2	0	0	1	1	3	2	0	3	1	1	2	0	0	0	0	0	0	0	2	0	0	0	0	0	0	0	2	
1	3	2	1	2	0	2	0	1	1	1	0	0	0	0	0	0	0	0	1	0	0	0	0	0	0	1	1	
1	0	0	1	1	3	2	0	0	0	0	3	0	0	0	0	0	0	0	1	0	0	0	0	0	0	3	2	
1	1	0	2	2	1	2	0	0	2	0	3	0	0	0	0	0	0	0	1	0	0	0	0	0	0	0	0	
1	3	0	1	2	0	0	0	0	1	1	2	0	0	0	2	0	0	0	0	0	0	0	0	0	0	0	1	
0	0	0	0	0	1	1	0	0	0	3	3	0	2	0	0	0	0	0	0	0	0	0	0	0	0	3	2	
1	0	1	1	0	3	2	0	1	1	1	2	0	2	0	2	0	0	0	0	0	0	0	0	0	0	3	2	
1	0	0	1	0	3	2	0	0	2	0	0	0	0	0	2	0	0	0	0	0	0	0	0	0	0	3	0	
2	3	2	0	0	3	0	0	0	2	0	3	0	2	0	0	0	0	0	1	0	0	0	0	0	0	3	2	
1	3	0	2	2	0	0	0	1	1	1	3	0	0	0	0	0	0	0	1	0	0	0	0	0	0	0	2	
0	3	0	1	0	1	1	0	3	1	1	0	0	0	0	2	0	0	0	0	0	0	0	0	0	0	3	2	
1	0	0	0	2	3	0	0	0	1	0	0	0	0	0	0	0	0	0	1	0	0	0	0	0	0	0	0	
--------------------

--------------------
Best Solution Found!
--------------------
Time: 0 hour(s), 0 minute(s), 1 second(s), 464 millisecond(s)

Fitness: 197760

2	1	1	1	0	0	1	0	0	1	3	3	0	0	0	0	0	0	0	1	0	0	0	0	0	0	0	0	
1	3	0	0	2	3	2	0	1	1	1	3	0	0	0	0	0	0	0	2	0	0	0	0	0	0	1	2	
1	0	0	1	2	1	2	0	3	0	1	3	0	2	0	0	0	0	0	0	0	0	0	0	0	0	3	1	
1	3	0	1	2	0	0	0	1	0	0	0	0	0	0	2	0	0	0	0	0	0	0	0	0	0	1	1	
1	3	2	0	0	3	2	0	0	1	1	2	0	2	0	2	0	0	0	1	0	0	0	0	0	0	0	0	
0	0	0	0	1	3	0	0	1	2	0	3	0	1	0	0	0	0	0	0	0	0	0	0	0	0	0	0	
1	3	0	0	0	3	2	0	0	1	3	3	0	2	0	0	0	0	0	1	0	0	0	0	0	0	3	2	
0	0	0	1	0	3	2	0	0	2	0	3	0	0	0	1	0	0	0	0	0	0	0	0	0	0	3	0	
0	0	0	0	1	1	0	0	1	1	0	0	0	2	0	0	0	0	0	1	0	0	0	0	0	0	0	2	
1	0	0	1	2	0	2	0	1	1	0	0	0	0	0	2	0	0	0	3	0	0	0	0	0	0	3	0	
0	3	0	1	2	3	1	0	0	0	0	0	0	0	0	2	0	0	0	1	0	0	0	0	0	0	3	2	
1	1	0	1	0	1	0	0	2	0	0	2	0	2	0	0	0	0	0	1	0	0	0	0	0	0	0	0	
1	1	0	1	0	0	2	0	1	0	0	3	0	2	0	2	0	0	0	0	0	0	0	0	0	0	3	1	
1	3	2	1	0	3	2	0	1	1	0	3	0	2	0	2	0	0	0	1	0	0	0	0	0	0	0	2	
2	0	0	1	2	1	2	0	0	1	1	0	0	0	0	0	0	0	0	0	0	0	0	0	0	0	3	2	
1	0	0	1	2	3	2	0	1	1	1	3	0	2	0	0	0	0	0	1	0	0	0	0	0	0	3	2	
1	3	0	1	2	3	0	0	0	2	1	2	0	0	0	2	0	0	0	0	0	0	0	0	0	0	0	2	
1	0	1	1	2	3	2	0	0	0	1	3	0	2	0	2	0	0	0	2	0	0	0	0	0	0	0	0	
1	0	0	1	2	0	2	0	3	1	0	0	0	2	0	1	0	0	0	0	0	0	0	0	0	0	3	1	
2	3	0	0	2	0	1	0	1	1	1	3	0	1	0	2	0	0	0	0	0	0	0	0	0	0	3	2	
0	0	0	2	2	0	2	0	0	1	3	3	0	1	0	2	0	0	0	1	0	0	0	0	0	0	0	0	
0	0	0	2	0	0	1	0	1	1	1	3	0	2	0	0	0	0	0	1	0	0	0	0	0	0	1	2	
1	0	1	1	2	3	2	0	1	1	1	3	0	2	0	0	0	0	0	1	0	0	0	0	0	0	0	0	
1	3	0	1	0	3	2	0	3	0	0	0	0	0	0	1	0	0	0	2	0	0	0	0	0	0	0	2	
2	3	0	1	2	0	0	0	0	1	0	3	0	0	0	2	0	0	0	1	0	0	0	0	0	0	0	2	
2	3	0	2	0	0	2	0	1	1	0	3	0	0	0	2	0	0	0	1	0	0	0	0	0	0	3	0	
1	0	2	2	1	3	0	0	0	2	1	2	0	2	0	2	0	0	0	1	0	0	0	0	0	0	0	2	
0	3	2	0	0	3	2	0	1	1	0	0	0	0	0	0	0	0	0	0	0	0	0	0	0	0	0	2	
1	0	0	1	0	3	2	0	1	0	1	3	0	0	0	0	0	0	0	0	0	0	0	0	0	0	3	0	
1	3	2	2	0	0	0	0	1	1	0	0	0	2	0	2	0	0	0	1	0	0	0	0	0	0	3	2	
--------------------

--------------------
Best Solution Found!
--------------------
Time: 0 hour(s), 0 minute(s), 1 second(s), 467 millisecond(s)

Fitness: 197760

2	1	1	1	0	0	1	0	0	1	3	3	0	0	0	0	0	0	0	1	0	0	0	0	0	0	0	0	
1	3	0	0	2	3	2	0	1	1	1	3	0	0	0	0	0	0	0	2	0	0	0	0	0	0	1	2	
1	0	0	1	2	1	2	0	3	0	1	3	0	2	0	0	0	0	0	0	0	0	0	0	0	0	3	1	
1	3	0	1	2	0	0	0	1	0	0	0	0	0	0	2	0	0	0	0	0	0	0	0	0	0	1	1	
1	3	2	0	0	3	2	0	0	1	1	2	0	2	0	2	0	0	0	1	0	0	0	0	0	0	0	0	
0	0	0	0	1	3	0	0	1	2	0	3	0	1	0	0	0	0	0	0	0	0	0	0	0	0	0	0	
1	3	0	0	0	3	2	0	0	1	3	3	0	2	0	0	0	0	0	1	0	0	0	0	0	0	3	2	
0	0	0	1	0	3	2	0	0	2	0	3	0	0	0	1	0	0	0	0	0	0	0	0	0	0	3	0	
0	0	0	0	1	1	0	0	1	1	0	0	0	2	0	0	0	0	0	1	0	0	0	0	0	0	0	2	
1	0	0	1	2	0	2	0	1	1	0	0	0	0	0	2	0	0	0	3	0	0	0	0	0	0	3	0	
0	3	0	1	2	3	1	0	0	0	0	0	0	0	0	2	0	0	0	1	0	0	0	0	0	0	3	2	
1	1	0	1	0	1	0	0	2	0	0	2	0	2	0	0	0	0	0	1	0	0	0	0	0	0	0	0	
1	1	0	1	0	0	2	0	1	0	0	3	0	2	0	2	0	0	0	0	0	0	0	0	0	0	3	1	
1	3	2	1	0	3	2	0	1	1	0	3	0	2	0	2	0	0	0	1	0	0	0	0	0	0	0	2	
2	0	0	1	2	1	2	0	0	1	1	0	0	0	0	0	0	0	0	0	0	0	0	0	0	0	3	2	
1	0	0	1	2	3	2	0	1	1	1	3	0	2	0	0	0	0	0	1	0	0	0	0	0	0	3	2	
1	3	0	1	2	3	0	0	0	2	1	2	0	0	0	2	0	0	0	0	0	0	0	0	0	0	0	2	
1	0	1	1	2	3	2	0	0	0	1	3	0	2	0	2	0	0	0	2	0	0	0	0	0	0	0	0	
1	0	0	1	2	0	2	0	3	1	0	0	0	2	0	1	0	0	0	0	0	0	0	0	0	0	3	1	
2	3	0	0	2	0	1	0	1	1	1	3	0	1	0	2	0	0	0	0	0	0	0	0	0	0	3	2	
0	0	0	2	2	0	2	0	0	1	3	3	0	1	0	2	0	0	0	1	0	0	0	0	0	0	0	0	
0	0	0	2	0	0	1	0	1	1	1	3	0	2	0	0	0	0	0	1	0	0	0	0	0	0	1	2	
1	0	1	1	2	3	2	0	1	1	1	3	0	2	0	0	0	0	0	1	0	0	0	0	0	0	0	0	
1	3	0	1	0	3	2	0	3	0	0	0	0	0	0	1	0	0	0	2	0	0	0	0	0	0	0	2	
2	3	0	1	2	0	0	0	0	1	0	3	0	0	0	2	0	0	0	1	0	0	0	0	0	0	0	2	
2	3	0	2	0	0	2	0	1	1	0	3	0	0	0	2	0	0	0	1	0	0	0	0	0	0	3	0	
1	0	2	2	1	3	0	0	0	2	1	2	0	2	0	2	0	0	0	1	0	0	0	0	0	0	0	2	
0	3	2	0	0	3	2	0	1	1	0	0	0	0	0	0	0	0	0	0	0	0	0	0	0	0	0	2	
1	0	0	1	0	3	2	0	1	0	1	3	0	0	0	0	0	0	0	0	0	0	0	0	0	0	3	0	
1	3	2	2	0	0	0	0	1	1	0	0	0	2	0	2	0	0	0	1	0	0	0	0	0	0	3	2	
--------------------

--------------------
Best Solution Found!
--------------------
Time: 0 hour(s), 0 minute(s), 2 second(s), 841 millisecond(s)

Fitness: 194748

1	3	0	2	2	3	0	0	1	2	0	3	0	2	0	0	0	0	0	0	0	0	0	0	0	0	0	0	
1	3	0	1	2	3	2	0	0	0	0	3	0	2	0	2	0	0	0	1	0	0	0	0	0	0	1	2	
1	0	0	1	2	0	0	0	0	0	1	3	0	0	0	2	0	0	0	0	0	0	0	0	0	0	3	2	
1	0	0	1	2	3	0	0	0	1	1	0	0	2	0	1	0	0	0	1	0	0	0	0	0	0	3	0	
1	3	0	1	2	3	2	0	1	1	1	3	0	0	0	2	0	0	0	1	0	0	0	0	0	0	0	2	
0	3	0	1	2	3	2	0	2	2	1	0	0	2	0	0	0	0	0	2	0	0	0	0	0	0	3	0	
1	0	0	1	0	3	2	0	0	1	1	3	0	0	0	0	0	0	0	1	0	0	0	0	0	0	0	0	
1	3	0	0	2	3	2	0	1	1	3	3	0	1	0	2	0	0	0	0	0	0	0	0	0	0	0	2	
0	0	2	1	2	3	2	0	1	1	0	0	0	0	0	2	0	0	0	1	0	0	0	0	0	0	3	2	
1	3	0	2	2	1	2	0	1	1	1	2	0	1	0	2	0	0	0	1	0	0	0	0	0	0	3	1	
1	3	2	0	0	0	0	0	1	1	0	3	0	0	0	2	0	0	0	1	0	0	0	0	0	0	0	2	
2	1	0	1	0	1	2	0	1	1	0	3	0	2	0	2	0	0	0	0	0	0	0	0	0	0	0	0	
1	0	2	1	1	0	2	0	1	1	0	0	0	2	0	1	0	0	0	1	0	0	0	0	0	0	1	1	
0	3	2	1	0	3	2	0	3	1	0	0	0	2	0	1	0	0	0	1	0	0	0	0	0	0	0	1	
2	1	0	1	0	3	2	0	1	0	1	3	0	0	0	2	0	0	0	2	0	0	0	0	0	0	3	2	
0	0	0	2	0	0	2	0	1	1	0	0	0	1	0	0	0	0	0	2	0	0	0	0	0	0	0	0	
1	1	0	1	2	3	0	0	0	0	1	0	0	0	0	0	0	0	0	1	0	0	0	0	0	0	3	2	
1	0	1	1	1	3	1	0	0	0	0	2	0	2	0	0	0	0	0	0	0	0	0	0	0	0	0	0	
1	0	0	0	2	3	2	0	1	1	1	0	0	2	0	2	0	0	0	0	0	0	0	0	0	0	0	0	
2	0	0	0	0	1	0	0	1	2	1	3	0	0	0	0	0	0	0	0	0	0	0	0	0	0	0	2	
1	3	1	1	0	0	2	0	0	1	3	3	0	2	0	0	0	0	0	0	0	0	0	0	0	0	3	2	
2	3	0	1	0	0	0	0	0	0	0	3	0	0	0	2	0	0	0	0	0	0	0	0	0	0	3	2	
1	0	0	2	2	0	0	0	3	1	0	3	0	2	0	0	0	0	0	1	0	0	0	0	0	0	0	1	
1	3	0	0	2	0	1	0	3	0	0	2	0	0	0	0	0	0	0	1	0	0	0	0	0	0	1	2	
1	3	1	2	0	3	2	0	1	2	1	2	0	2	0	2	0	0	0	0	0	0	0	0	0	0	0	0	
2	0	0	0	2	1	2	0	1	1	3	3	0	2	0	0	0	0	0	0	0	0	0	0	0	0	3	2	
0	0	0	1	0	0	1	0	0	1	1	3	0	0	0	0	0	0	0	1	0	0	0	0	0	0	0	2	
1	3	0	1	1	0	1	0	1	1	0	3	0	0	0	0	0	0	0	3	0	0	0	0	0	0	3	0	
0	0	0	0	0	3	2	0	0	0	0	0	0	2	0	2	0	0	0	1	0	0	0	0	0	0	3	0	
0	0	2	1	0	0	2	0	0	1	0	3	0	0	0	2	0	0	0	1	0	0	0	0	0	0	3	2	
--------------------

--------------------
Best Solution Found!
--------------------
Time: 0 hour(s), 0 minute(s), 2 second(s), 842 millisecond(s)

Fitness: 194748

1	3	0	2	2	3	0	0	1	2	0	3	0	2	0	0	0	0	0	0	0	0	0	0	0	0	0	0	
1	3	0	1	2	3	2	0	0	0	0	3	0	2	0	2	0	0	0	1	0	0	0	0	0	0	1	2	
1	0	0	1	2	0	0	0	0	0	1	3	0	0	0	2	0	0	0	0	0	0	0	0	0	0	3	2	
1	0	0	1	2	3	0	0	0	1	1	0	0	2	0	1	0	0	0	1	0	0	0	0	0	0	3	0	
1	3	0	1	2	3	2	0	1	1	1	3	0	0	0	2	0	0	0	1	0	0	0	0	0	0	0	2	
0	3	0	1	2	3	2	0	2	2	1	0	0	2	0	0	0	0	0	2	0	0	0	0	0	0	3	0	
1	0	0	1	0	3	2	0	0	1	1	3	0	0	0	0	0	0	0	1	0	0	0	0	0	0	0	0	
1	3	0	0	2	3	2	0	1	1	3	3	0	1	0	2	0	0	0	0	0	0	0	0	0	0	0	2	
0	0	2	1	2	3	2	0	1	1	0	0	0	0	0	2	0	0	0	1	0	0	0	0	0	0	3	2	
1	3	0	2	2	1	2	0	1	1	1	2	0	1	0	2	0	0	0	1	0	0	0	0	0	0	3	1	
1	3	2	0	0	0	0	0	1	1	0	3	0	0	0	2	0	0	0	1	0	0	0	0	0	0	0	2	
2	1	0	1	0	1	2	0	1	1	0	3	0	2	0	2	0	0	0	0	0	0	0	0	0	0	0	0	
1	0	2	1	1	0	2	0	1	1	0	0	0	2	0	1	0	0	0	1	0	0	0	0	0	0	1	1	
0	3	2	1	0	3	2	0	3	1	0	0	0	2	0	1	0	0	0	1	0	0	0	0	0	0	0	1	
2	1	0	1	0	3	2	0	1	0	1	3	0	0	0	2	0	0	0	2	0	0	0	0	0	0	3	2	
0	0	0	2	0	0	2	0	1	1	0	0	0	1	0	0	0	0	0	2	0	0	0	0	0	0	0	0	
1	1	0	1	2	3	0	0	0	0	1	0	0	0	0	0	0	0	0	1	0	0	0	0	0	0	3	2	
1	0	1	1	1	3	1	0	0	0	0	2	0	2	0	0	0	0	0	0	0	0	0	0	0	0	0	0	
1	0	0	0	2	3	2	0	1	1	1	0	0	2	0	2	0	0	0	0	0	0	0	0	0	0	0	0	
2	0	0	0	0	1	0	0	1	2	1	3	0	0	0	0	0	0	0	0	0	0	0	0	0	0	0	2	
1	3	1	1	0	0	2	0	0	1	3	3	0	2	0	0	0	0	0	0	0	0	0	0	0	0	3	2	
2	3	0	1	0	0	0	0	0	0	0	3	0	0	0	2	0	0	0	0	0	0	0	0	0	0	3	2	
1	0	0	2	2	0	0	0	3	1	0	3	0	2	0	0	0	0	0	1	0	0	0	0	0	0	0	1	
1	3	0	0	2	0	1	0	3	0	0	2	0	0	0	0	0	0	0	1	0	0	0	0	0	0	1	2	
1	3	1	2	0	3	2	0	1	2	1	2	0	2	0	2	0	0	0	0	0	0	0	0	0	0	0	0	
2	0	0	0	2	1	2	0	1	1	3	3	0	2	0	0	0	0	0	0	0	0	0	0	0	0	3	2	
0	0	0	1	0	0	1	0	0	1	1	3	0	0	0	0	0	0	0	1	0	0	0	0	0	0	0	2	
1	3	0	1	1	0	1	0	1	1	0	3	0	0	0	0	0	0	0	3	0	0	0	0	0	0	3	0	
0	0	0	0	0	3	2	0	0	0	0	0	0	2	0	2	0	0	0	1	0	0	0	0	0	0	3	0	
0	0	2	1	0	0	2	0	0	1	0	3	0	0	0	2	0	0	0	1	0	0	0	0	0	0	3	2	
--------------------

--------------------
Best Solution Found!
--------------------
Time: 0 hour(s), 0 minute(s), 7 second(s), 282 millisecond(s)

Fitness: 193772

1	3	0	0	0	3	1	0	0	1	3	3	0	0	0	0	0	0	0	1	0	0	0	0	0	0	3	2	
2	0	0	1	0	1	2	0	3	1	0	3	0	2	0	1	0	0	0	1	0	0	0	0	0	0	3	2	
1	0	1	1	0	0	2	0	0	0	0	2	0	0	0	0	0	0	0	1	0	0	0	0	0	0	1	0	
1	0	0	1	2	3	0	0	1	1	0	0	0	2	0	0	0	0	0	3	0	0	0	0	0	0	0	0	
1	3	0	1	2	3	2	0	1	0	1	3	0	2	0	2	0	0	0	1	0	0	0	0	0	0	3	1	
1	3	1	1	0	3	2	0	1	2	0	2	0	2	0	2	0	0	0	1	0	0	0	0	0	0	3	0	
2	3	0	1	2	3	2	0	1	1	1	2	0	0	0	0	0	0	0	0	0	0	0	0	0	0	0	0	
1	1	1	2	2	0	2	0	0	1	0	3	0	2	0	2	0	0	0	0	0	0	0	0	0	0	3	2	
2	3	2	1	0	3	2	0	1	1	0	3	0	2	0	0	0	0	0	0	0	0	0	0	0	0	0	0	
1	0	0	1	1	0	0	0	3	0	0	2	0	0	0	0	0	0	0	1	0	0	0	0	0	0	3	2	
1	3	0	1	2	3	2	0	1	1	0	0	0	2	0	2	0	0	0	2	0	0	0	0	0	0	0	2	
1	0	0	0	0	3	2	0	0	1	1	0	0	2	0	0	0	0	0	1	0	0	0	0	0	0	3	1	
1	3	0	1	2	3	1	0	0	2	1	3	0	0	0	0	0	0	0	0	0	0	0	0	0	0	0	0	
0	1	0	0	0	0	2	0	0	0	0	3	0	0	0	0	0	0	0	0	0	0	0	0	0	0	0	0	
1	3	2	2	0	3	0	0	1	2	0	0	0	2	0	0	0	0	0	1	0	0	0	0	0	0	0	0	
1	3	0	0	0	3	2	0	1	1	1	3	0	2	0	1	0	0	0	0	0	0	0	0	0	0	0	2	
1	1	0	1	2	1	1	0	3	1	0	0	0	0	0	0	0	0	0	1	0	0	0	0	0	0	0	2	
2	0	0	2	1	1	0	0	2	1	1	0	0	2	0	2	0	0	0	0	0	0	0	0	0	0	3	2	
0	0	0	1	2	0	2	0	0	1	0	0	0	1	0	2	0	0	0	1	0	0	0	0	0	0	0	1	
1	3	0	2	2	0	0	0	1	1	3	3	0	0	0	2	0	0	0	1	0	0	0	0	0	0	3	2	
0	0	0	1	2	0	0	0	0	1	0	0	0	2	0	0	0	0	0	1	0	0	0	0	0	0	3	1	
1	3	0	0	1	1	0	0	0	0	1	0	0	0	0	2	0	0	0	0	0	0	0	0	0	0	3	2	
2	0	2	2	0	3	2	0	1	0	0	3	0	1	0	0	0	0	0	0	0	0	0	0	0	0	0	2	
0	3	2	0	0	0	1	0	1	1	1	3	0	2	0	2	0	0	0	2	0	0	0	0	0	0	3	2	
0	0	2	1	0	0	2	0	0	1	1	3	0	2	0	2	0	0	0	2	0	0	0	0	0	0	1	2	
1	0	0	1	2	0	2	0	0	2	1	3	0	0	0	1	0	0	0	0	0	0	0	0	0	0	0	0	
0	0	0	1	2	3	0	0	1	1	3	3	0	0	0	2	0	0	0	0	0	0	0	0	0	0	0	0	
1	0	0	0	2	3	2	0	1	0	1	3	0	0	0	2	0	0	0	1	0	0	0	0	0	0	3	2	
0	3	0	1	2	3	2	0	1	0	0	3	0	0	0	2	0	0	0	1	0	0	0	0	0	0	0	2	
1	0	0	1	0	0	2	0	1	1	1	3	0	1	0	2	0	0	0	1	0	0	0	0	0	0	1	0	
--------------------

--------------------
Best Solution Found!
--------------------
Time: 0 hour(s), 0 minute(s), 8 second(s), 909 millisecond(s)

Fitness: 193749

1	3	0	2	0	1	2	0	3	1	0	3	0	0	0	0	0	0	0	0	0	0	0	0	0	0	0	0	
1	3	0	1	1	3	2	0	0	0	1	2	0	2	0	0	0	0	0	1	0	0	0	0	0	0	0	0	
1	3	0	0	1	3	2	0	1	1	0	3	0	2	0	2	0	0	0	0	0	0	0	0	0	0	0	0	
0	3	0	1	2	1	2	0	1	1	3	3	0	0	0	1	0	0	0	0	0	0	0	0	0	0	3	0	
1	3	2	0	1	0	2	0	3	1	3	3	0	0	0	0	0	0	0	2	0	0	0	0	0	0	3	0	
1	0	0	0	0	0	2	0	1	1	1	0	0	0	0	0	0	0	0	0	0	0	0	0	0	0	0	2	
2	3	0	1	0	3	2	0	1	1	1	3	0	2	0	2	0	0	0	1	0	0	0	0	0	0	0	0	
1	0	2	1	0	3	0	0	0	1	1	3	0	2	0	2	0	0	0	1	0	0	0	0	0	0	3	2	
1	1	0	2	2	0	1	0	1	1	0	0	0	0	0	2	0	0	0	1	0	0	0	0	0	0	3	2	
0	0	0	2	2	0	0	0	1	0	1	2	0	2	0	2	0	0	0	1	0	0	0	0	0	0	1	2	
1	3	2	1	0	3	2	0	1	1	1	0	0	0	0	2	0	0	0	0	0	0	0	0	0	0	3	2	
1	0	1	1	2	1	0	0	1	2	1	0	0	0	0	2	0	0	0	1	0	0	0	0	0	0	0	2	
2	3	0	1	0	0	2	0	0	0	0	3	0	0	0	0	0	0	0	1	0	0	0	0	0	0	3	2	
2	0	0	1	2	3	2	0	1	1	1	3	0	2	0	2	0	0	0	0	0	0	0	0	0	0	3	1	
1	1	0	1	2	3	2	0	1	0	0	0	0	0	0	2	0	0	0	1	0	0	0	0	0	0	3	2	
0	1	0	1	2	0	0	0	1	1	1	2	0	1	0	0	0	0	0	0	0	0	0	0	0	0	3	2	
0	0	0	1	2	0	1	0	1	2	0	3	0	0	0	1	0	0	0	3	0	0	0	0	0	0	0	0	
1	3	0	0	0	3	2	0	0	1	1	0	0	1	0	0	0	0	0	0	0	0	0	0	0	0	3	2	
0	0	1	1	0	3	1	0	1	1	0	0	0	2	0	0	0	0	0	0	0	0	0	0	0	0	1	2	
1	3	0	1	2	3	2	0	3	2	0	3	0	1	0	2	0	0	0	1	0	0	0	0	0	0	3	0	
0	0	0	0	0	3	2	0	0	1	0	3	0	2	0	2	0	0	0	0	0	0	0	0	0	0	0	0	
0	3	2	1	2	1	2	0	0	1	3	3	0	0	0	1	0	0	0	1	0	0	0	0	0	0	0	2	
1	0	0	0	2	0	0	0	0	0	0	3	0	2	0	0	0	0	0	1	0	0	0	0	0	0	3	2	
1	0	0	1	0	0	2	0	1	1	0	3	0	0	0	2	0	0	0	2	0	0	0	0	0	0	0	1	
1	3	1	1	0	0	0	0	2	0	0	0	0	2	0	2	0	0	0	0	0	0	0	0	0	0	0	1	
1	3	0	2	2	3	2	0	0	1	1	3	0	2	0	0	0	0	0	1	0	0	0	0	0	0	0	0	
1	0	2	1	0	3	1	0	0	2	1	2	0	2	0	0	0	0	0	2	0	0	0	0	0	0	0	1	
1	0	0	0	0	3	0	0	1	1	0	3	0	2	0	0	0	0	0	1	0	0	0	0	0	0	3	2	
2	0	0	2	2	3	0	0	0	0	0	3	0	0	0	0	0	0	0	1	0	0	0	0	0	0	1	2	
2	0	0	1	2	0	2	0	0	0	0	0	0	2	0	2	0	0	0	1	0	0	0	0	0	0	0	0	
--------------------

--------------------
Best Solution Found!
--------------------
Time: 0 hour(s), 0 minute(s), 10 second(s), 476 millisecond(s)

Fitness: 192752

1	3	2	1	0	3	2	0	0	1	0	0	0	2	0	2	0	0	0	2	0	0	0	0	0	0	0	0	
1	3	0	0	0	1	2	0	1	1	0	3	0	0	0	0	0	0	0	1	0	0	0	0	0	0	3	0	
0	0	0	1	2	0	0	0	1	2	0	0	0	2	0	2	0	0	0	1	0	0	0	0	0	0	3	2	
1	3	0	0	0	3	2	0	3	1	0	3	0	0	0	0	0	0	0	0	0	0	0	0	0	0	3	0	
1	3	0	1	0	3	2	0	1	1	0	3	0	2	0	2	0	0	0	0	0	0	0	0	0	0	0	2	
1	1	0	1	0	0	0	0	1	1	3	3	0	2	0	2	0	0	0	1	0	0	0	0	0	0	0	0	
1	0	0	1	2	3	2	0	1	1	0	0	0	2	0	2	0	0	0	0	0	0	0	0	0	0	1	2	
0	0	1	2	0	3	1	0	3	1	1	3	0	2	0	0	0	0	0	0	0	0	0	0	0	0	0	1	
0	3	2	1	2	0	2	0	0	2	0	0	0	1	0	2	0	0	0	1	0	0	0	0	0	0	3	2	
1	0	0	0	0	1	1	0	1	2	1	3	0	0	0	0	0	0	0	1	0	0	0	0	0	0	1	2	
2	0	0	1	2	3	2	0	0	0	0	3	0	2	0	0	0	0	0	0	0	0	0	0	0	0	3	2	
1	0	2	1	0	0	0	0	0	0	1	0	0	0	0	1	0	0	0	0	0	0	0	0	0	0	0	2	
1	3	1	0	2	0	1	0	1	1	1	3	0	0	0	2	0	0	0	0	0	0	0	0	0	0	0	0	
1	3	0	1	0	0	2	0	1	1	0	3	0	0	0	2	0	0	0	1	0	0	0	0	0	0	3	2	
0	0	2	2	0	1	2	0	0	1	1	0	0	2	0	0	0	0	0	1	0	0	0	0	0	0	0	1	
2	3	0	1	1	3	2	0	0	1	1	3	0	2	0	1	0	0	0	1	0	0	0	0	0	0	0	0	
0	0	0	0	2	0	2	0	1	0	1	3	0	2	0	0	0	0	0	0	0	0	0	0	0	0	3	2	
0	0	2	1	2	0	2	0	1	1	0	3	0	1	0	0	0	0	0	0	0	0	0	0	0	0	3	1	
1	3	0	1	1	3	2	0	3	1	0	2	0	2	0	0	0	0	0	1	0	0	0	0	0	0	3	2	
1	3	1	1	0	3	1	0	1	1	0	3	0	2	0	1	0	0	0	1	0	0	0	0	0	0	0	1	
1	0	0	1	2	3	2	0	0	1	3	3	0	0	0	0	0	0	0	0	0	0	0	0	0	0	3	0	
0	3	0	0	2	3	2	0	1	1	0	2	0	0	0	2	0	0	0	1	0	0	0	0	0	0	0	0	
1	0	0	2	2	3	0	0	0	0	1	3	0	0	0	0	0	0	0	1	0	0	0	0	0	0	3	2	
1	1	0	1	2	1	2	0	0	1	1	0	0	0	0	2	0	0	0	2	0	0	0	0	0	0	0	0	
2	0	0	1	2	0	2	0	1	0	0	0	0	1	0	0	0	0	0	1	0	0	0	0	0	0	3	2	
1	0	0	2	2	0	0	0	1	0	1	2	0	2	0	2	0	0	0	0	0	0	0	0	0	0	0	0	
2	3	0	0	0	3	0	0	0	0	1	3	0	0	0	2	0	0	0	2	0	0	0	0	0	0	0	0	
1	3	0	2	0	3	2	0	0	2	1	3	0	0	0	2	0	0	0	1	0	0	0	0	0	0	0	2	
1	0	0	1	2	3	0	0	2	1	3	2	0	2	0	2	0	0	0	3	0	0	0	0	0	0	1	2	
2	1	0	1	1	0	0	0	1	0	0	0	0	0	0	0	0	0	0	1	0	0	0	0	0	0	3	2	
--------------------

--------------------
Best Solution Found!
--------------------
Time: 0 hour(s), 0 minute(s), 10 second(s), 478 millisecond(s)

Fitness: 192752

1	3	2	1	0	3	2	0	0	1	0	0	0	2	0	2	0	0	0	2	0	0	0	0	0	0	0	0	
1	3	0	0	0	1	2	0	1	1	0	3	0	0	0	0	0	0	0	1	0	0	0	0	0	0	3	0	
0	0	0	1	2	0	0	0	1	2	0	0	0	2	0	2	0	0	0	1	0	0	0	0	0	0	3	2	
1	3	0	0	0	3	2	0	3	1	0	3	0	0	0	0	0	0	0	0	0	0	0	0	0	0	3	0	
1	3	0	1	0	3	2	0	1	1	0	3	0	2	0	2	0	0	0	0	0	0	0	0	0	0	0	2	
1	1	0	1	0	0	0	0	1	1	3	3	0	2	0	2	0	0	0	1	0	0	0	0	0	0	0	0	
1	0	0	1	2	3	2	0	1	1	0	0	0	2	0	2	0	0	0	0	0	0	0	0	0	0	1	2	
0	0	1	2	0	3	1	0	3	1	1	3	0	2	0	0	0	0	0	0	0	0	0	0	0	0	0	1	
0	3	2	1	2	0	2	0	0	2	0	0	0	1	0	2	0	0	0	1	0	0	0	0	0	0	3	2	
1	0	0	0	0	1	1	0	1	2	1	3	0	0	0	0	0	0	0	1	0	0	0	0	0	0	1	2	
2	0	0	1	2	3	2	0	0	0	0	3	0	2	0	0	0	0	0	0	0	0	0	0	0	0	3	2	
1	0	2	1	0	0	0	0	0	0	1	0	0	0	0	1	0	0	0	0	0	0	0	0	0	0	0	2	
1	3	1	0	2	0	1	0	1	1	1	3	0	0	0	2	0	0	0	0	0	0	0	0	0	0	0	0	
1	3	0	1	0	0	2	0	1	1	0	3	0	0	0	2	0	0	0	1	0	0	0	0	0	0	3	2	
0	0	2	2	0	1	2	0	0	1	1	0	0	2	0	0	0	0	0	1	0	0	0	0	0	0	0	1	
2	3	0	1	1	3	2	0	0	1	1	3	0	2	0	1	0	0	0	1	0	0	0	0	0	0	0	0	
0	0	0	0	2	0	2	0	1	0	1	3	0	2	0	0	0	0	0	0	0	0	0	0	0	0	3	2	
0	0	2	1	2	0	2	0	1	1	0	3	0	1	0	0	0	0	0	0	0	0	0	0	0	0	3	1	
1	3	0	1	1	3	2	0	3	1	0	2	0	2	0	0	0	0	0	1	0	0	0	0	0	0	3	2	
1	3	1	1	0	3	1	0	1	1	0	3	0	2	0	1	0	0	0	1	0	0	0	0	0	0	0	1	
1	0	0	1	2	3	2	0	0	1	3	3	0	0	0	0	0	0	0	0	0	0	0	0	0	0	3	0	
0	3	0	0	2	3	2	0	1	1	0	2	0	0	0	2	0	0	0	1	0	0	0	0	0	0	0	0	
1	0	0	2	2	3	0	0	0	0	1	3	0	0	0	0	0	0	0	1	0	0	0	0	0	0	3	2	
1	1	0	1	2	1	2	0	0	1	1	0	0	0	0	2	0	0	0	2	0	0	0	0	0	0	0	0	
2	0	0	1	2	0	2	0	1	0	0	0	0	1	0	0	0	0	0	1	0	0	0	0	0	0	3	2	
1	0	0	2	2	0	0	0	1	0	1	2	0	2	0	2	0	0	0	0	0	0	0	0	0	0	0	0	
2	3	0	0	0	3	0	0	0	0	1	3	0	0	0	2	0	0	0	2	0	0	0	0	0	0	0	0	
1	3	0	2	0	3	2	0	0	2	1	3	0	0	0	2	0	0	0	1	0	0	0	0	0	0	0	2	
1	0	0	1	2	3	0	0	2	1	3	2	0	2	0	2	0	0	0	3	0	0	0	0	0	0	1	2	
2	1	0	1	1	0	0	0	1	0	0	0	0	0	0	0	0	0	0	1	0	0	0	0	0	0	3	2	
--------------------

--------------------
Best Solution Found!
--------------------
Time: 0 hour(s), 0 minute(s), 19 second(s), 296 millisecond(s)

Fitness: 192751

1	3	0	1	2	3	2	0	0	1	0	0	0	0	0	2	0	0	0	0	0	0	0	0	0	0	3	0	
1	0	0	0	0	0	1	0	1	1	3	3	0	0	0	2	0	0	0	1	0	0	0	0	0	0	3	2	
1	3	1	1	0	0	2	0	0	1	1	3	0	1	0	0	0	0	0	0	0	0	0	0	0	0	0	0	
1	1	0	1	2	0	2	0	1	0	3	3	0	0	0	1	0	0	0	2	0	0	0	0	0	0	3	2	
1	0	0	1	2	3	2	0	0	1	1	2	0	2	0	0	0	0	0	0	0	0	0	0	0	0	0	2	
2	3	0	2	0	3	0	0	3	2	1	3	0	0	0	2	0	0	0	0	0	0	0	0	0	0	0	0	
1	3	2	0	1	1	2	0	1	1	1	3	0	2	0	0	0	0	0	1	0	0	0	0	0	0	3	2	
0	0	0	1	0	0	0	0	1	1	3	3	0	2	0	0	0	0	0	0	0	0	0	0	0	0	3	1	
1	1	0	1	2	1	0	0	1	1	0	0	0	2	0	2	0	0	0	1	0	0	0	0	0	0	0	0	
1	3	0	0	0	3	2	0	1	1	1	3	0	2	0	2	0	0	0	1	0	0	0	0	0	0	3	2	
0	0	2	1	0	0	0	0	3	0	0	3	0	0	0	1	0	0	0	0	0	0	0	0	0	0	0	0	
2	0	0	0	2	3	2	0	3	2	0	2	0	0	0	0	0	0	0	0	0	0	0	0	0	0	0	0	
2	0	2	0	2	3	2	0	2	0	1	2	0	2	0	0	0	0	0	0	0	0	0	0	0	0	0	2	
1	3	0	2	0	0	0	0	1	1	0	0	0	0	0	0	0	0	0	1	0	0	0	0	0	0	3	1	
0	0	1	1	0	1	1	0	0	1	0	0	0	2	0	2	0	0	0	0	0	0	0	0	0	0	3	2	
1	0	0	0	2	3	0	0	1	1	0	0	0	1	0	1	0	0	0	0	0	0	0	0	0	0	3	2	
0	3	0	1	2	3	1	0	0	1	0	2	0	0	0	2	0	0	0	0	0	0	0	0	0	0	0	0	
1	0	0	1	2	0	2	0	1	0	1	3	0	2	0	0	0	0	0	3	0	0	0	0	0	0	0	2	
0	3	0	1	1	0	2	0	0	0	1	3	0	0	0	2	0	0	0	2	0	0	0	0	0	0	3	0	
1	0	0	1	2	0	0	0	1	2	1	3	0	2	0	2	0	0	0	1	0	0	0	0	0	0	3	1	
1	0	0	1	2	3	2	0	1	1	0	0	0	2	0	0	0	0	0	1	0	0	0	0	0	0	1	2	
2	3	0	2	0	0	2	0	0	1	0	0	0	1	0	0	0	0	0	1	0	0	0	0	0	0	3	2	
1	3	0	1	2	3	2	0	0	1	1	3	0	2	0	2	0	0	0	1	0	0	0	0	0	0	1	2	
1	3	0	0	0	3	2	0	1	1	0	3	0	2	0	2	0	0	0	2	0	0	0	0	0	0	0	2	
1	3	0	1	1	3	2	0	1	1	0	0	0	0	0	0	0	0	0	1	0	0	0	0	0	0	0	1	
0	0	2	2	0	3	2	0	1	2	1	0	0	0	0	2	0	0	0	1	0	0	0	0	0	0	0	0	
0	0	0	1	2	3	2	0	1	0	0	3	0	0	0	0	0	0	0	1	0	0	0	0	0	0	1	2	
1	1	0	2	2	0	2	0	0	0	0	3	0	2	0	2	0	0	0	1	0	0	0	0	0	0	0	0	
1	0	1	1	0	1	0	0	0	1	1	3	0	2	0	2	0	0	0	1	0	0	0	0	0	0	0	2	
2	3	2	1	0	3	1	0	0	0	0	3	0	0	0	0	0	0	0	1	0	0	0	0	0	0	3	0	
--------------------

--------------------
Best Solution Found!
--------------------
Time: 0 hour(s), 0 minute(s), 47 second(s), 806 millisecond(s)

Fitness: 190731

1	0	0	0	2	3	2	0	0	2	0	3	0	0	0	0	0	0	0	1	0	0	0	0	0	0	1	0	
1	0	0	1	0	3	0	0	0	0	1	3	0	0	0	2	0	0	0	1	0	0	0	0	0	0	3	2	
1	3	0	0	2	3	2	0	2	1	0	0	0	0	0	2	0	0	0	1	0	0	0	0	0	0	3	1	
0	3	2	0	0	0	2	0	1	1	1	0	0	0	0	2	0	0	0	0	0	0	0	0	0	0	0	2	
0	0	0	1	2	0	0	0	0	1	1	3	0	0	0	1	0	0	0	1	0	0	0	0	0	0	0	0	
1	3	0	2	2	0	2	0	1	1	0	3	0	0	0	2	0	0	0	2	0	0	0	0	0	0	0	2	
0	0	0	0	0	3	2	0	1	1	0	3	0	2	0	2	0	0	0	1	0	0	0	0	0	0	0	0	
0	0	0	1	2	0	1	0	1	1	1	3	0	0	0	0	0	0	0	2	0	0	0	0	0	0	3	2	
1	3	0	1	2	3	2	0	1	2	0	3	0	0	0	2	0	0	0	1	0	0	0	0	0	0	3	2	
2	0	1	1	0	1	0	0	0	0	1	2	0	1	0	2	0	0	0	2	0	0	0	0	0	0	0	2	
1	1	0	1	0	3	2	0	1	1	0	0	0	2	0	1	0	0	0	1	0	0	0	0	0	0	3	2	
0	3	2	2	0	0	1	0	0	0	1	3	0	2	0	2	0	0	0	0	0	0	0	0	0	0	3	2	
1	3	0	1	1	0	0	0	1	1	0	0	0	0	0	2	0	0	0	1	0	0	0	0	0	0	0	2	
1	3	0	1	2	3	1	0	1	2	1	3	0	0	0	0	0	0	0	0	0	0	0	0	0	0	0	1	
0	0	1	1	2	0	2	0	1	1	0	3	0	0	0	2	0	0	0	0	0	0	0	0	0	0	1	0	
1	3	0	0	0	1	2	0	1	2	0	3	0	0	0	0	0	0	0	1	0	0	0	0	0	0	3	0	
1	0	1	1	2	0	0	0	0	1	0	3	0	1	0	2	0	0	0	1	0	0	0	0	0	0	3	0	
1	0	0	1	1	3	0	0	0	0	0	2	0	2	0	0	0	0	0	0	0	0	0	0	0	0	0	0	
1	0	2	1	2	3	0	0	1	1	0	0	0	2	0	2	0	0	0	0	0	0	0	0	0	0	0	0	
0	0	0	1	0	1	1	0	3	0	1	2	0	2	0	0	0	0	0	0	0	0	0	0	0	0	0	0	
1	1	0	1	2	0	2	0	0	0	3	3	0	2	0	2	0	0	0	0	0	0	0	0	0	0	3	2	
1	0	0	0	0	3	2	0	0	0	3	3	0	2	0	0	0	0	0	0	0	0	0	0	0	0	0	1	
1	1	2	2	0	0	2	0	0	1	1	2	0	2	0	2	0	0	0	1	0	0	0	0	0	0	3	2	
1	3	0	2	2	1	2	0	1	1	0	0	0	2	0	0	0	0	0	1	0	0	0	0	0	0	3	2	
1	3	0	2	0	3	2	0	3	1	0	0	0	2	0	0	0	0	0	1	0	0	0	0	0	0	0	2	
1	3	2	0	0	0	0	0	1	1	1	3	0	1	0	0	0	0	0	0	0	0	0	0	0	0	0	0	
2	3	0	1	2	3	2	0	0	0	1	3	0	2	0	0	0	0	0	1	0	0	0	0	0	0	3	2	
2	0	0	1	1	3	2	0	1	1	0	3	0	2	0	0	0	0	0	1	0	0	0	0	0	0	3	1	
2	0	0	1	0	3	2	0	1	1	3	0	0	2	0	0	0	0	0	3	0	0	0	0	0	0	0	0	
2	3	0	1	2	3	2	0	3	1	1	0	0	0	0	1	0	0	0	0	0	0	0	0	0	0	1	2	
--------------------

--------------------
Best Solution Found!
--------------------
Time: 0 hour(s), 4 minute(s), 53 second(s), 382 millisecond(s)

Fitness: 189755

1	1	0	1	2	3	2	0	1	2	0	0	0	0	0	2	0	0	0	0	0	0	0	0	0	0	0	0	
1	3	0	2	2	3	0	0	0	1	3	3	0	0	0	1	0	0	0	1	0	0	0	0	0	0	0	2	
2	1	0	0	1	3	0	0	1	1	0	0	0	2	0	0	0	0	0	1	0	0	0	0	0	0	3	1	
0	0	0	1	0	0	0	0	0	1	3	3	0	2	0	2	0	0	0	1	0	0	0	0	0	0	3	2	
1	0	0	0	0	3	2	0	0	1	0	0	0	0	0	1	0	0	0	0	0	0	0	0	0	0	3	0	
1	0	0	1	2	0	0	0	1	0	1	2	0	0	0	2	0	0	0	0	0	0	0	0	0	0	0	1	
0	3	1	2	0	3	2	0	0	0	3	3	0	1	0	0	0	0	0	0	0	0	0	0	0	0	3	2	
1	0	0	1	2	0	1	0	1	0	0	3	0	1	0	2	0	0	0	1	0	0	0	0	0	0	0	0	
0	0	2	1	0	0	2	0	0	0	0	3	0	2	0	0	0	0	0	1	0	0	0	0	0	0	1	2	
1	3	2	1	0	0	2	0	1	2	1	3	0	2	0	2	0	0	0	0	0	0	0	0	0	0	0	0	
1	3	0	1	2	0	2	0	0	2	1	3	0	2	0	0	0	0	0	0	0	0	0	0	0	0	1	0	
1	0	0	1	2	1	1	0	0	1	1	3	0	2	0	2	0	0	0	1	0	0	0	0	0	0	3	1	
0	0	0	1	2	1	2	0	1	1	1	3	0	0	0	2	0	0	0	0	0	0	0	0	0	0	0	2	
1	1	0	1	2	3	2	0	3	0	1	2	0	0	0	0	0	0	0	3	0	0	0	0	0	0	0	0	
1	3	0	1	2	0	2	0	0	0	0	3	0	2	0	0	0	0	0	2	0	0	0	0	0	0	0	2	
1	3	0	0	0	3	0	0	3	1	0	2	0	0	0	0	0	0	0	0	0	0	0	0	0	0	1	2	
1	3	0	0	0	0	1	0	1	2	0	0	0	0	0	2	0	0	0	2	0	0	0	0	0	0	0	0	
0	0	1	1	0	0	2	0	0	0	0	3	0	2	0	0	0	0	0	1	0	0	0	0	0	0	0	0	
0	3	0	1	0	3	2	0	1	1	0	3	0	1	0	0	0	0	0	0	0	0	0	0	0	0	0	2	
2	3	2	0	1	3	2	0	3	1	0	3	0	2	0	0	0	0	0	1	0	0	0	0	0	0	3	2	
1	3	0	1	2	1	2	0	1	1	0	3	0	2	0	0	0	0	0	1	0	0	0	0	0	0	0	0	
2	0	0	1	2	3	2	0	1	1	0	0	0	2	0	0	0	0	0	1	0	0	0	0	0	0	3	0	
2	3	2	0	0	3	2	0	1	1	0	0	0	0	0	1	0	0	0	1	0	0	0	0	0	0	3	2	
1	0	0	1	1	3	0	0	0	1	1	3	0	0	0	0	0	0	0	2	0	0	0	0	0	0	3	2	
1	3	0	0	0	3	1	0	2	1	1	0	0	2	0	2	0	0	0	1	0	0	0	0	0	0	0	2	
1	0	0	2	0	3	2	0	0	0	1	0	0	2	0	2	0	0	0	0	0	0	0	0	0	0	0	2	
1	0	1	2	0	1	2	0	1	1	1	3	0	2	0	2	0	0	0	1	0	0	0	0	0	0	3	2	
0	0	0	1	2	0	2	0	1	1	0	2	0	0	0	2	0	0	0	0	0	0	0	0	0	0	3	2	
1	3	0	2	2	3	0	0	1	1	1	0	0	0	0	2	0	0	0	1	0	0	0	0	0	0	3	1	
2	0	2	1	2	0	0	0	1	1	1	3	0	0	0	2	0	0	0	1	0	0	0	0	0	0	3	0	
--------------------


The best solution was found at the restart: 16, population: 0
Total Time Elapsed: 0 hour(s), 10 minute(s), 6 second(s), 545 millisecond(s)

