--------------------
Best Solution Found!
--------------------
Time: 0 hour(s), 0 minute(s), 0 second(s), 3 millisecond(s)

Fitness: 74228

0	0	0	0	0	0	1	
0	0	0	0	0	0	1	
0	0	0	0	0	0	0	
0	0	1	0	0	0	2	
0	1	1	0	0	0	0	
0	0	0	1	0	0	0	
0	0	0	0	0	3	0	
0	0	0	0	0	0	2	
0	0	2	0	0	0	0	
0	0	0	0	0	0	1	
0	0	0	1	0	0	0	
0	0	0	0	0	0	0	
0	0	0	2	0	3	0	
0	1	0	2	3	0	3	
0	0	0	2	2	0	1	
0	0	2	1	0	0	0	
3	0	0	0	0	0	0	
0	0	0	0	0	0	0	
0	1	0	1	0	0	0	
1	1	0	0	0	0	0	
3	0	0	1	0	0	0	
0	0	0	0	0	0	0	
3	0	0	0	0	0	0	
0	0	0	0	0	0	0	
0	1	0	0	0	0	1	
0	0	0	0	0	0	0	
0	0	0	0	0	0	0	
0	1	0	0	0	0	2	
0	2	1	0	2	0	0	
0	0	0	0	0	2	0	
0	1	0	2	0	0	0	
1	0	0	0	0	0	0	
0	2	0	1	0	0	0	
0	0	0	0	0	0	0	
0	0	0	0	0	0	1	
3	1	0	0	0	0	0	
0	0	0	0	0	0	0	
0	0	0	0	0	3	0	
0	2	0	2	0	0	0	
0	0	0	0	0	0	0	
0	0	1	0	0	0	0	
1	0	0	0	0	3	0	
0	1	0	0	0	0	1	
0	0	0	0	0	0	0	
0	0	0	0	0	0	0	
1	0	0	0	0	0	0	
0	2	0	1	0	2	1	
1	0	0	1	0	0	1	
0	0	0	0	0	0	1	
1	0	0	0	0	0	0	
0	0	0	0	0	0	0	
3	2	0	1	0	0	0	
0	0	0	0	0	0	2	
1	0	0	0	0	0	0	
0	0	0	0	0	0	1	
0	0	0	0	0	0	0	
0	1	0	0	0	1	0	
1	0	0	0	0	1	0	
0	1	2	1	0	0	0	
3	0	1	1	0	3	1	
1	0	0	0	0	0	0	
3	2	0	2	0	3	0	
1	0	0	0	0	0	0	
0	2	0	0	0	0	0	
0	0	0	0	0	0	0	
0	0	0	2	0	0	0	
3	2	0	0	0	0	0	
3	1	0	0	0	3	0	
0	0	0	0	0	3	3	
0	0	2	0	0	0	0	
0	0	2	0	0	0	0	
0	0	0	0	0	0	0	
3	0	0	2	0	0	0	
0	2	2	0	0	0	0	
3	0	0	0	0	0	0	
--------------------

--------------------
Best Solution Found!
--------------------
Time: 0 hour(s), 0 minute(s), 0 second(s), 13 millisecond(s)

Fitness: 73239

0	0	0	2	0	3	0	
0	0	0	0	0	0	1	
0	0	0	0	0	0	0	
0	0	1	0	0	0	0	
0	1	1	0	0	0	0	
0	0	0	1	0	0	0	
0	0	0	0	0	0	1	
0	0	0	0	0	0	0	
0	0	2	0	0	0	0	
0	0	0	0	0	0	0	
0	0	0	0	0	0	0	
0	0	0	0	2	0	2	
0	0	0	0	0	0	0	
0	1	0	0	0	3	0	
0	0	0	0	0	0	0	
0	0	2	0	0	0	0	
3	0	0	0	0	0	0	
0	0	0	0	0	1	0	
0	1	0	0	0	0	0	
1	1	0	1	0	0	0	
3	0	0	2	0	0	0	
0	0	0	0	0	0	0	
3	0	0	0	0	0	1	
0	0	0	0	0	0	0	
0	1	0	0	0	0	0	
0	0	0	0	0	3	0	
0	0	0	1	0	0	0	
0	1	0	0	0	0	0	
0	2	1	0	0	3	0	
0	0	0	0	0	0	0	
0	1	0	0	0	0	0	
1	0	0	1	0	0	1	
0	2	0	0	0	0	3	
0	0	0	2	0	3	0	
0	0	0	0	0	0	0	
3	1	0	1	0	3	1	
0	0	0	2	0	0	0	
0	0	0	0	0	3	2	
0	2	0	0	0	0	0	
0	0	0	2	0	0	2	
0	0	1	1	2	0	0	
1	0	0	2	0	0	1	
0	1	0	0	0	0	1	
0	0	0	0	0	0	0	
0	0	0	0	0	0	0	
1	0	0	0	0	0	0	
0	2	0	1	0	1	0	
1	0	0	0	0	0	0	
0	0	0	0	0	0	1	
1	0	0	1	0	0	0	
0	0	0	0	0	0	0	
3	2	0	1	0	2	1	
0	0	0	0	0	0	1	
1	0	0	0	0	0	0	
0	0	0	0	0	0	0	
0	0	0	1	0	2	0	
0	1	0	0	0	0	3	
1	0	0	0	0	0	0	
0	1	2	0	0	0	0	
3	0	1	0	0	0	0	
1	0	0	0	0	0	0	
3	2	0	0	0	0	0	
1	0	0	0	0	0	0	
0	2	0	0	0	0	0	
0	0	0	0	0	0	0	
0	0	0	0	0	0	2	
3	2	0	2	0	0	1	
3	1	0	0	3	0	0	
0	0	0	0	0	0	0	
0	0	2	2	0	0	1	
0	0	2	0	0	0	0	
0	0	0	1	0	0	0	
3	0	0	0	0	0	0	
0	2	2	0	0	3	0	
3	0	0	0	0	0	0	
--------------------

--------------------
Best Solution Found!
--------------------
Time: 0 hour(s), 0 minute(s), 0 second(s), 14 millisecond(s)

Fitness: 73239

0	0	0	2	0	3	0	
0	0	0	0	0	0	1	
0	0	0	0	0	0	0	
0	0	1	0	0	0	0	
0	1	1	0	0	0	0	
0	0	0	1	0	0	0	
0	0	0	0	0	0	1	
0	0	0	0	0	0	0	
0	0	2	0	0	0	0	
0	0	0	0	0	0	0	
0	0	0	0	0	0	0	
0	0	0	0	2	0	2	
0	0	0	0	0	0	0	
0	1	0	0	0	3	0	
0	0	0	0	0	0	0	
0	0	2	0	0	0	0	
3	0	0	0	0	0	0	
0	0	0	0	0	1	0	
0	1	0	0	0	0	0	
1	1	0	1	0	0	0	
3	0	0	2	0	0	0	
0	0	0	0	0	0	0	
3	0	0	0	0	0	1	
0	0	0	0	0	0	0	
0	1	0	0	0	0	0	
0	0	0	0	0	3	0	
0	0	0	1	0	0	0	
0	1	0	0	0	0	0	
0	2	1	0	0	3	0	
0	0	0	0	0	0	0	
0	1	0	0	0	0	0	
1	0	0	1	0	0	1	
0	2	0	0	0	0	3	
0	0	0	2	0	3	0	
0	0	0	0	0	0	0	
3	1	0	1	0	3	1	
0	0	0	2	0	0	0	
0	0	0	0	0	3	2	
0	2	0	0	0	0	0	
0	0	0	2	0	0	2	
0	0	1	1	2	0	0	
1	0	0	2	0	0	1	
0	1	0	0	0	0	1	
0	0	0	0	0	0	0	
0	0	0	0	0	0	0	
1	0	0	0	0	0	0	
0	2	0	1	0	1	0	
1	0	0	0	0	0	0	
0	0	0	0	0	0	1	
1	0	0	1	0	0	0	
0	0	0	0	0	0	0	
3	2	0	1	0	2	1	
0	0	0	0	0	0	1	
1	0	0	0	0	0	0	
0	0	0	0	0	0	0	
0	0	0	1	0	2	0	
0	1	0	0	0	0	3	
1	0	0	0	0	0	0	
0	1	2	0	0	0	0	
3	0	1	0	0	0	0	
1	0	0	0	0	0	0	
3	2	0	0	0	0	0	
1	0	0	0	0	0	0	
0	2	0	0	0	0	0	
0	0	0	0	0	0	0	
0	0	0	0	0	0	2	
3	2	0	2	0	0	1	
3	1	0	0	3	0	0	
0	0	0	0	0	0	0	
0	0	2	2	0	0	1	
0	0	2	0	0	0	0	
0	0	0	1	0	0	0	
3	0	0	0	0	0	0	
0	2	2	0	0	3	0	
3	0	0	0	0	0	0	
--------------------

--------------------
Best Solution Found!
--------------------
Time: 0 hour(s), 0 minute(s), 0 second(s), 31 millisecond(s)

Fitness: 73233

1	2	0	2	0	0	1	
0	1	0	0	0	0	1	
0	2	0	0	0	3	0	
1	0	0	0	0	0	2	
0	0	0	0	0	0	0	
1	2	0	0	0	0	0	
3	0	0	1	0	0	0	
0	2	0	2	0	0	2	
0	0	0	0	0	0	0	
0	0	0	2	0	0	1	
1	0	2	0	0	0	0	
0	0	0	0	0	3	0	
0	0	2	0	0	0	0	
1	1	0	1	0	2	3	
0	0	0	0	0	0	1	
0	0	0	0	0	0	0	
0	0	0	0	0	0	0	
0	0	2	0	0	1	0	
3	1	0	0	0	0	0	
0	1	0	0	0	0	0	
0	1	0	0	0	0	0	
0	0	1	0	0	0	0	
0	2	0	0	0	0	0	
0	0	0	0	0	0	0	
0	1	1	1	0	3	1	
0	2	0	0	0	0	0	
0	0	0	0	0	0	0	
3	0	0	2	0	0	2	
0	0	0	0	0	0	0	
3	0	0	2	0	0	0	
0	0	1	0	0	0	0	
0	0	0	1	0	0	0	
3	0	0	0	0	0	0	
1	0	0	0	0	0	0	
3	0	0	0	2	0	1	
0	0	0	0	0	0	0	
0	0	1	2	0	0	0	
0	0	0	0	2	1	0	
0	0	0	1	0	3	0	
0	1	2	0	0	0	0	
3	0	0	0	0	3	0	
0	0	0	0	0	3	0	
0	1	0	0	0	0	1	
0	1	0	0	0	0	0	
1	0	0	1	3	3	0	
0	0	0	0	0	0	0	
0	1	0	0	0	0	1	
0	0	0	0	0	0	1	
0	0	0	0	0	0	1	
0	0	0	1	0	0	0	
0	0	0	2	0	0	0	
0	0	0	0	0	0	0	
3	0	2	0	0	0	2	
0	0	0	0	0	0	0	
0	0	0	0	0	0	1	
3	1	0	0	0	0	0	
0	0	1	1	0	0	0	
3	0	0	0	0	0	0	
0	2	0	0	0	0	0	
0	0	0	1	0	0	1	
1	0	0	1	0	0	0	
1	0	0	0	0	0	0	
0	0	0	0	0	0	0	
0	0	0	0	0	0	0	
0	2	0	1	0	0	0	
3	0	2	0	0	2	0	
0	0	0	0	0	0	0	
0	0	0	0	0	0	0	
0	0	0	0	0	3	3	
1	2	0	2	0	0	0	
0	0	0	0	0	0	0	
0	0	0	0	0	0	0	
0	0	0	0	0	0	0	
0	0	0	0	0	0	0	
0	1	0	0	0	0	0	
--------------------

--------------------
Best Solution Found!
--------------------
Time: 0 hour(s), 0 minute(s), 0 second(s), 33 millisecond(s)

Fitness: 73233

1	2	0	2	0	0	1	
0	1	0	0	0	0	1	
0	2	0	0	0	3	0	
1	0	0	0	0	0	2	
0	0	0	0	0	0	0	
1	2	0	0	0	0	0	
3	0	0	1	0	0	0	
0	2	0	2	0	0	2	
0	0	0	0	0	0	0	
0	0	0	2	0	0	1	
1	0	2	0	0	0	0	
0	0	0	0	0	3	0	
0	0	2	0	0	0	0	
1	1	0	1	0	2	3	
0	0	0	0	0	0	1	
0	0	0	0	0	0	0	
0	0	0	0	0	0	0	
0	0	2	0	0	1	0	
3	1	0	0	0	0	0	
0	1	0	0	0	0	0	
0	1	0	0	0	0	0	
0	0	1	0	0	0	0	
0	2	0	0	0	0	0	
0	0	0	0	0	0	0	
0	1	1	1	0	3	1	
0	2	0	0	0	0	0	
0	0	0	0	0	0	0	
3	0	0	2	0	0	2	
0	0	0	0	0	0	0	
3	0	0	2	0	0	0	
0	0	1	0	0	0	0	
0	0	0	1	0	0	0	
3	0	0	0	0	0	0	
1	0	0	0	0	0	0	
3	0	0	0	2	0	1	
0	0	0	0	0	0	0	
0	0	1	2	0	0	0	
0	0	0	0	2	1	0	
0	0	0	1	0	3	0	
0	1	2	0	0	0	0	
3	0	0	0	0	3	0	
0	0	0	0	0	3	0	
0	1	0	0	0	0	1	
0	1	0	0	0	0	0	
1	0	0	1	3	3	0	
0	0	0	0	0	0	0	
0	1	0	0	0	0	1	
0	0	0	0	0	0	1	
0	0	0	0	0	0	1	
0	0	0	1	0	0	0	
0	0	0	2	0	0	0	
0	0	0	0	0	0	0	
3	0	2	0	0	0	2	
0	0	0	0	0	0	0	
0	0	0	0	0	0	1	
3	1	0	0	0	0	0	
0	0	1	1	0	0	0	
3	0	0	0	0	0	0	
0	2	0	0	0	0	0	
0	0	0	1	0	0	1	
1	0	0	1	0	0	0	
1	0	0	0	0	0	0	
0	0	0	0	0	0	0	
0	0	0	0	0	0	0	
0	2	0	1	0	0	0	
3	0	2	0	0	2	0	
0	0	0	0	0	0	0	
0	0	0	0	0	0	0	
0	0	0	0	0	3	3	
1	2	0	2	0	0	0	
0	0	0	0	0	0	0	
0	0	0	0	0	0	0	
0	0	0	0	0	0	0	
0	0	0	0	0	0	0	
0	1	0	0	0	0	0	
--------------------

--------------------
Best Solution Found!
--------------------
Time: 0 hour(s), 0 minute(s), 0 second(s), 40 millisecond(s)

Fitness: 73226

0	2	0	2	0	0	0	
1	1	0	0	0	3	3	
0	2	0	1	0	0	1	
0	0	0	0	0	0	0	
0	0	0	2	0	0	0	
0	2	0	2	0	0	0	
0	0	0	1	0	0	2	
0	2	0	0	0	0	1	
0	0	0	2	0	0	0	
0	0	0	0	0	0	0	
1	0	2	1	0	0	0	
1	0	0	1	0	0	1	
0	0	2	0	0	0	0	
0	1	0	0	0	0	0	
0	0	0	2	0	0	0	
3	0	0	0	0	3	1	
0	0	0	0	0	0	0	
0	0	2	0	0	0	0	
1	1	0	2	0	0	1	
3	1	0	1	0	1	1	
0	1	0	0	0	0	2	
0	0	1	1	0	0	2	
0	2	0	0	0	0	0	
1	0	0	1	0	0	1	
1	1	1	0	3	1	0	
1	2	0	0	0	2	0	
0	0	0	0	0	0	0	
0	0	0	0	0	0	0	
0	0	0	0	0	0	0	
0	0	0	0	0	0	0	
0	0	1	0	0	2	1	
0	0	0	0	0	0	0	
0	0	0	2	2	0	0	
1	0	0	0	0	0	0	
3	0	0	0	0	0	0	
0	0	0	0	0	3	0	
3	0	1	0	0	0	2	
3	0	0	0	0	0	0	
1	0	0	0	0	0	1	
0	1	2	0	0	3	0	
0	0	0	0	0	0	0	
0	0	0	0	0	3	3	
0	1	0	0	0	0	0	
0	1	0	0	0	0	0	
3	0	0	0	0	0	0	
0	0	0	0	0	0	0	
0	1	0	0	0	0	0	
0	0	0	0	0	0	0	
0	0	0	0	0	0	0	
0	0	0	0	0	0	0	
0	0	0	0	0	0	0	
0	0	0	0	0	0	0	
0	0	2	0	0	0	0	
3	0	0	0	0	0	0	
3	0	0	0	0	0	0	
0	1	0	0	2	0	0	
0	0	1	0	0	0	0	
0	0	0	0	0	0	0	
0	2	0	0	0	0	0	
0	0	0	0	0	0	0	
0	0	0	1	0	3	1	
0	0	0	0	0	0	0	
3	0	0	2	0	0	1	
0	0	0	0	0	0	0	
3	2	0	0	0	0	0	
0	0	2	0	0	0	1	
0	0	0	1	0	3	0	
0	0	0	0	0	0	0	
0	0	0	0	0	0	0	
0	2	0	1	0	0	0	
0	0	0	0	0	0	0	
3	0	0	1	0	0	0	
0	0	0	0	0	0	0	
0	0	0	0	0	0	0	
1	1	0	0	0	3	0	
--------------------

--------------------
Best Solution Found!
--------------------
Time: 0 hour(s), 0 minute(s), 0 second(s), 43 millisecond(s)

Fitness: 73226

0	2	0	2	0	0	0	
1	1	0	0	0	3	3	
0	2	0	1	0	0	1	
0	0	0	0	0	0	0	
0	0	0	2	0	0	0	
0	2	0	2	0	0	0	
0	0	0	1	0	0	2	
0	2	0	0	0	0	1	
0	0	0	2	0	0	0	
0	0	0	0	0	0	0	
1	0	2	1	0	0	0	
1	0	0	1	0	0	1	
0	0	2	0	0	0	0	
0	1	0	0	0	0	0	
0	0	0	2	0	0	0	
3	0	0	0	0	3	1	
0	0	0	0	0	0	0	
0	0	2	0	0	0	0	
1	1	0	2	0	0	1	
3	1	0	1	0	1	1	
0	1	0	0	0	0	2	
0	0	1	1	0	0	2	
0	2	0	0	0	0	0	
1	0	0	1	0	0	1	
1	1	1	0	3	1	0	
1	2	0	0	0	2	0	
0	0	0	0	0	0	0	
0	0	0	0	0	0	0	
0	0	0	0	0	0	0	
0	0	0	0	0	0	0	
0	0	1	0	0	2	1	
0	0	0	0	0	0	0	
0	0	0	2	2	0	0	
1	0	0	0	0	0	0	
3	0	0	0	0	0	0	
0	0	0	0	0	3	0	
3	0	1	0	0	0	2	
3	0	0	0	0	0	0	
1	0	0	0	0	0	1	
0	1	2	0	0	3	0	
0	0	0	0	0	0	0	
0	0	0	0	0	3	3	
0	1	0	0	0	0	0	
0	1	0	0	0	0	0	
3	0	0	0	0	0	0	
0	0	0	0	0	0	0	
0	1	0	0	0	0	0	
0	0	0	0	0	0	0	
0	0	0	0	0	0	0	
0	0	0	0	0	0	0	
0	0	0	0	0	0	0	
0	0	0	0	0	0	0	
0	0	2	0	0	0	0	
3	0	0	0	0	0	0	
3	0	0	0	0	0	0	
0	1	0	0	2	0	0	
0	0	1	0	0	0	0	
0	0	0	0	0	0	0	
0	2	0	0	0	0	0	
0	0	0	0	0	0	0	
0	0	0	1	0	3	1	
0	0	0	0	0	0	0	
3	0	0	2	0	0	1	
0	0	0	0	0	0	0	
3	2	0	0	0	0	0	
0	0	2	0	0	0	1	
0	0	0	1	0	3	0	
0	0	0	0	0	0	0	
0	0	0	0	0	0	0	
0	2	0	1	0	0	0	
0	0	0	0	0	0	0	
3	0	0	1	0	0	0	
0	0	0	0	0	0	0	
0	0	0	0	0	0	0	
1	1	0	0	0	3	0	
--------------------

--------------------
Best Solution Found!
--------------------
Time: 0 hour(s), 0 minute(s), 0 second(s), 44 millisecond(s)

Fitness: 73222

1	0	0	2	0	0	0	
0	0	0	0	0	3	3	
0	0	0	1	0	0	1	
0	0	0	0	0	0	0	
0	0	0	2	0	0	0	
3	0	0	2	0	0	0	
0	2	0	1	0	0	2	
0	0	0	0	0	0	1	
0	2	0	2	0	0	0	
0	0	0	0	0	0	0	
0	2	2	1	0	0	0	
0	0	0	1	0	0	1	
0	0	2	0	0	0	0	
0	0	0	0	0	0	0	
0	0	0	2	0	0	0	
0	0	0	0	0	3	1	
0	0	0	0	0	0	0	
1	1	2	0	0	0	0	
0	2	0	2	0	0	1	
0	0	0	1	0	1	1	
0	2	0	0	0	0	2	
0	0	1	1	0	0	2	
1	0	0	0	0	0	0	
0	0	0	1	0	0	1	
0	1	1	0	3	1	0	
3	0	0	0	0	2	0	
3	1	0	0	0	0	0	
0	0	0	0	0	0	0	
1	0	0	0	0	0	0	
0	0	0	0	0	0	0	
3	2	1	0	0	2	1	
0	1	0	0	0	0	0	
0	0	0	2	2	0	0	
0	0	0	0	0	0	0	
0	0	0	0	0	0	0	
1	1	0	0	0	3	0	
1	0	1	0	0	0	2	
0	0	0	0	0	0	0	
0	0	0	0	0	0	1	
1	0	2	0	0	3	0	
1	0	0	0	0	0	0	
0	0	0	0	0	3	3	
0	0	0	0	0	0	0	
0	0	0	0	0	0	0	
0	0	0	0	0	0	0	
0	0	0	0	0	0	0	
0	0	0	0	0	0	0	
0	0	0	0	0	0	0	
3	2	0	0	0	0	0	
0	0	0	0	0	0	0	
3	0	0	0	0	0	0	
0	0	0	0	0	0	0	
0	0	2	0	0	0	0	
3	1	0	0	0	0	0	
0	0	0	0	0	0	0	
3	0	0	0	2	0	0	
0	0	1	0	0	0	0	
0	0	0	0	0	0	0	
0	0	0	0	0	0	0	
1	1	0	0	0	0	0	
1	1	0	1	0	3	1	
0	0	0	0	0	0	0	
0	1	0	2	0	0	1	
3	0	0	0	0	0	0	
3	2	0	0	0	0	0	
3	0	2	0	0	0	1	
0	2	0	1	0	3	0	
0	0	0	0	0	0	0	
0	0	0	0	0	0	0	
0	0	0	1	0	0	0	
0	0	0	0	0	0	0	
0	1	0	1	0	0	0	
0	0	0	0	0	0	0	
0	1	0	0	0	0	0	
0	1	0	0	0	3	0	
--------------------

--------------------
Best Solution Found!
--------------------
Time: 0 hour(s), 0 minute(s), 0 second(s), 46 millisecond(s)

Fitness: 73222

1	0	0	2	0	0	0	
0	0	0	0	0	3	3	
0	0	0	1	0	0	1	
0	0	0	0	0	0	0	
0	0	0	2	0	0	0	
3	0	0	2	0	0	0	
0	2	0	1	0	0	2	
0	0	0	0	0	0	1	
0	2	0	2	0	0	0	
0	0	0	0	0	0	0	
0	2	2	1	0	0	0	
0	0	0	1	0	0	1	
0	0	2	0	0	0	0	
0	0	0	0	0	0	0	
0	0	0	2	0	0	0	
0	0	0	0	0	3	1	
0	0	0	0	0	0	0	
1	1	2	0	0	0	0	
0	2	0	2	0	0	1	
0	0	0	1	0	1	1	
0	2	0	0	0	0	2	
0	0	1	1	0	0	2	
1	0	0	0	0	0	0	
0	0	0	1	0	0	1	
0	1	1	0	0	1	0	
3	0	0	0	0	2	0	
3	1	0	0	0	0	0	
0	0	0	0	0	0	0	
1	0	0	0	0	0	0	
0	0	0	0	0	0	0	
3	2	1	0	0	2	1	
0	1	0	0	0	0	0	
0	0	0	2	0	0	0	
0	0	0	0	0	0	0	
0	0	0	0	2	0	0	
1	1	0	0	0	3	0	
1	0	1	0	0	0	2	
0	0	0	0	2	0	0	
0	0	0	0	0	0	1	
1	0	2	0	0	3	0	
1	0	0	0	0	0	0	
0	0	0	0	0	3	3	
0	0	0	0	0	0	0	
0	0	0	0	0	0	0	
0	0	0	0	3	0	0	
0	0	0	0	0	0	0	
0	0	0	0	0	0	0	
0	0	0	0	0	0	0	
3	2	0	0	0	0	0	
0	0	0	0	0	0	0	
3	0	0	0	0	0	0	
0	0	0	0	0	0	0	
0	0	2	0	0	0	0	
3	1	0	0	0	0	0	
0	0	0	0	0	0	0	
3	0	0	0	0	0	0	
0	0	1	0	0	0	0	
0	0	0	0	0	0	0	
0	0	0	0	0	0	0	
1	1	0	0	0	0	0	
1	1	0	1	0	3	1	
0	0	0	0	0	0	0	
0	1	0	2	0	0	1	
3	0	0	0	0	0	0	
3	2	0	0	0	0	0	
3	0	2	0	0	0	1	
0	2	0	1	0	3	0	
0	0	0	0	0	0	0	
0	0	0	0	0	0	0	
0	0	0	1	0	0	0	
0	0	0	0	0	0	0	
0	1	0	1	0	0	0	
0	0	0	0	0	0	0	
0	1	0	0	0	0	0	
0	1	0	0	0	3	0	
--------------------

--------------------
Best Solution Found!
--------------------
Time: 0 hour(s), 0 minute(s), 0 second(s), 88 millisecond(s)

Fitness: 73216

0	2	0	2	0	2	1	
0	2	0	0	0	0	1	
0	0	0	0	0	0	0	
1	0	0	0	0	0	1	
0	0	0	0	0	0	0	
3	0	1	0	0	0	1	
0	1	0	0	0	3	0	
0	0	0	2	0	0	0	
3	0	2	0	0	0	2	
0	1	0	1	0	0	0	
3	0	0	0	0	0	0	
0	2	0	2	0	0	0	
0	0	1	0	0	1	0	
0	2	0	1	0	0	3	
3	0	0	2	0	0	0	
0	1	0	0	0	0	0	
0	0	0	0	0	0	0	
1	0	0	0	0	0	0	
0	0	0	0	0	0	0	
0	0	0	0	0	0	0	
0	1	0	1	0	0	0	
3	0	0	0	0	0	0	
3	0	0	0	0	0	0	
1	0	0	0	0	3	0	
0	1	2	2	3	0	2	
0	0	0	0	0	0	0	
3	0	0	0	0	3	1	
3	0	0	0	0	0	0	
0	1	0	0	0	0	3	
0	0	0	1	0	3	0	
0	0	2	0	0	0	0	
0	1	0	1	0	0	0	
0	0	0	2	2	0	0	
0	0	0	1	0	0	0	
0	0	0	0	0	0	0	
0	2	0	0	0	0	0	
0	2	0	0	0	0	1	
1	0	0	0	0	0	0	
1	0	2	0	0	0	0	
0	0	0	0	0	3	0	
1	1	0	0	0	0	0	
0	0	0	0	0	0	1	
0	0	0	0	0	0	0	
0	0	0	0	0	0	0	
0	2	0	0	0	0	0	
0	0	0	0	0	0	2	
3	0	0	0	0	0	2	
1	0	0	0	0	1	0	
0	0	0	1	0	0	0	
0	0	0	0	0	0	1	
0	0	0	0	0	0	1	
0	0	2	1	0	0	0	
0	1	0	1	0	0	0	
0	2	0	0	0	0	0	
0	0	0	0	0	0	0	
0	0	0	2	2	3	0	
0	1	1	0	0	0	1	
1	1	0	2	0	0	0	
0	0	2	0	0	2	0	
0	0	0	0	0	0	1	
0	0	0	0	0	0	0	
1	0	0	0	0	0	0	
0	0	1	0	0	0	0	
0	0	0	0	0	0	0	
0	0	0	0	0	0	0	
0	1	0	0	0	0	0	
0	0	0	0	0	0	0	
1	2	0	1	0	3	1	
0	0	1	0	0	0	0	
0	0	0	1	0	0	0	
3	0	0	0	0	0	0	
3	0	0	0	0	0	0	
0	0	0	0	0	3	0	
0	0	0	0	0	0	0	
0	0	0	0	0	0	0	
--------------------

--------------------
Best Solution Found!
--------------------
Time: 0 hour(s), 0 minute(s), 0 second(s), 89 millisecond(s)

Fitness: 73216

0	2	0	2	0	2	1	
0	2	0	0	0	0	1	
0	0	0	0	0	0	0	
1	0	0	0	0	0	1	
0	0	0	0	0	0	0	
3	0	1	0	0	0	1	
0	1	0	0	0	3	0	
0	0	0	2	0	0	0	
3	0	2	0	0	0	2	
0	1	0	1	0	0	0	
3	0	0	0	0	0	0	
0	2	0	2	0	0	0	
0	0	1	0	0	1	0	
0	2	0	1	0	0	3	
3	0	0	2	0	0	0	
0	1	0	0	0	0	0	
0	0	0	0	0	0	0	
1	0	0	0	0	0	0	
0	0	0	0	0	0	0	
0	0	0	0	0	0	0	
0	1	0	1	0	0	0	
3	0	0	0	0	0	0	
3	0	0	0	0	0	0	
1	0	0	0	0	3	0	
0	1	2	2	3	0	2	
0	0	0	0	0	0	0	
3	0	0	0	0	3	1	
3	0	0	0	0	0	0	
0	1	0	0	0	0	3	
0	0	0	1	0	3	0	
0	0	2	0	0	0	0	
0	1	0	1	0	0	0	
0	0	0	2	2	0	0	
0	0	0	1	0	0	0	
0	0	0	0	0	0	0	
0	2	0	0	0	0	0	
0	2	0	0	0	0	1	
1	0	0	0	0	0	0	
1	0	2	0	0	0	0	
0	0	0	0	0	3	0	
1	1	0	0	0	0	0	
0	0	0	0	0	0	1	
0	0	0	0	0	0	0	
0	0	0	0	0	0	0	
0	2	0	0	0	0	0	
0	0	0	0	0	0	2	
3	0	0	0	0	0	2	
1	0	0	0	0	1	0	
0	0	0	1	0	0	0	
0	0	0	0	0	0	1	
0	0	0	0	0	0	1	
0	0	2	1	0	0	0	
0	1	0	1	0	0	0	
0	2	0	0	0	0	0	
0	0	0	0	0	0	0	
0	0	0	2	2	3	0	
0	1	1	0	0	0	1	
1	1	0	2	0	0	0	
0	0	2	0	0	2	0	
0	0	0	0	0	0	1	
0	0	0	0	0	0	0	
1	0	0	0	0	0	0	
0	0	1	0	0	0	0	
0	0	0	0	0	0	0	
0	0	0	0	0	0	0	
0	1	0	0	0	0	0	
0	0	0	0	0	0	0	
1	2	0	1	0	3	1	
0	0	1	0	0	0	0	
0	0	0	1	0	0	0	
3	0	0	0	0	0	0	
3	0	0	0	0	0	0	
0	0	0	0	0	3	0	
0	0	0	0	0	0	0	
0	0	0	0	0	0	0	
--------------------

--------------------
Best Solution Found!
--------------------
Time: 0 hour(s), 0 minute(s), 0 second(s), 609 millisecond(s)

Fitness: 73213

0	0	0	0	0	0	0	
0	1	0	1	0	0	0	
3	0	0	0	0	3	0	
0	0	0	0	0	0	0	
3	2	0	0	2	0	0	
0	0	0	0	0	0	0	
1	2	0	1	0	3	0	
0	0	0	1	0	0	1	
0	0	0	0	0	0	0	
0	0	1	1	0	0	0	
0	0	0	0	0	0	0	
0	0	0	0	0	0	0	
0	0	0	0	0	0	2	
0	0	0	2	0	0	1	
0	0	1	2	0	0	0	
0	0	0	0	0	0	0	
1	0	0	0	0	0	0	
0	0	0	0	2	0	0	
0	0	0	0	0	0	0	
0	0	0	0	0	0	0	
3	0	0	0	0	0	0	
0	0	0	0	0	0	0	
0	0	2	2	0	0	0	
0	0	0	2	0	0	0	
0	0	0	0	0	0	0	
0	0	2	0	0	0	0	
0	0	0	0	0	0	0	
3	0	0	0	0	0	0	
0	0	0	0	0	0	0	
0	0	0	2	0	0	0	
0	2	0	0	0	0	0	
0	2	0	0	0	0	0	
1	1	0	1	0	3	3	
0	2	0	0	0	0	1	
0	1	0	0	0	3	0	
0	1	0	0	0	0	2	
0	1	0	0	0	3	1	
0	0	0	0	0	0	0	
3	0	0	1	0	0	2	
0	2	0	0	0	2	0	
0	0	0	0	0	0	0	
3	1	0	1	0	0	0	
3	0	0	0	0	0	1	
0	0	0	0	0	0	0	
1	1	0	0	0	0	0	
3	0	2	0	0	0	0	
0	0	1	1	0	3	0	
3	0	0	0	0	0	0	
3	1	0	0	0	0	0	
3	0	0	0	0	0	0	
0	0	0	0	0	1	0	
0	0	1	0	0	0	1	
0	0	0	0	0	0	2	
1	2	2	0	0	0	1	
0	1	0	0	0	0	1	
0	0	0	0	0	0	0	
1	0	0	0	0	3	0	
0	0	0	0	0	0	0	
0	0	0	0	0	1	0	
1	0	0	0	0	0	1	
0	0	0	0	0	0	0	
0	0	0	2	3	0	0	
0	0	0	0	0	3	0	
1	0	0	0	0	0	0	
0	1	0	0	0	2	0	
0	0	2	1	0	0	0	
0	0	0	2	0	0	3	
1	1	2	1	0	0	1	
0	0	0	0	0	0	1	
0	2	0	0	0	0	0	
0	0	0	0	0	0	1	
1	1	0	0	0	0	0	
0	0	1	1	0	0	0	
0	0	0	0	0	0	0	
0	2	0	2	0	0	0	
--------------------

--------------------
Best Solution Found!
--------------------
Time: 0 hour(s), 0 minute(s), 0 second(s), 693 millisecond(s)

Fitness: 72211

0	0	0	1	0	0	0	
0	0	0	0	0	0	0	
1	2	0	1	0	3	0	
0	1	0	0	0	0	0	
0	0	0	2	0	2	0	
3	0	0	0	0	0	0	
0	1	0	2	0	0	0	
0	0	0	0	0	0	0	
1	2	0	0	0	0	0	
0	0	0	0	0	0	0	
0	0	0	0	0	0	0	
0	0	0	0	0	0	0	
1	1	2	2	0	0	0	
3	0	0	1	0	3	0	
1	1	0	0	0	0	0	
0	0	0	0	0	0	0	
1	1	2	0	0	3	0	
0	2	0	0	0	0	1	
0	0	0	0	0	0	2	
0	1	0	0	0	0	0	
0	1	0	2	0	0	0	
3	0	0	0	0	0	0	
1	2	0	0	0	0	0	
0	0	0	0	0	0	0	
0	0	0	1	0	0	0	
0	1	2	2	0	3	2	
0	0	0	0	0	0	0	
0	1	0	0	0	0	1	
0	0	0	0	0	0	0	
3	0	0	0	0	0	0	
0	0	1	0	0	0	0	
0	0	0	0	0	0	0	
3	2	0	1	0	0	0	
3	0	0	0	0	0	1	
0	0	0	2	0	0	0	
0	0	0	0	0	0	0	
0	0	0	0	0	0	0	
0	0	2	0	0	0	0	
0	0	0	0	3	0	0	
0	0	0	0	0	0	1	
0	0	0	1	0	0	0	
0	0	1	0	0	0	0	
0	0	0	2	0	0	1	
0	0	0	0	0	0	0	
0	0	1	0	0	0	0	
0	0	0	0	0	0	0	
0	0	0	1	0	0	0	
0	0	0	0	0	0	1	
0	0	0	0	0	3	0	
0	0	0	0	0	0	0	
0	0	0	0	0	0	0	
1	0	0	0	0	0	0	
0	2	0	2	0	0	0	
0	0	0	0	0	0	2	
0	0	0	0	0	0	1	
3	0	0	0	0	0	1	
0	0	2	1	0	0	0	
0	0	0	0	0	0	3	
0	2	0	0	0	0	0	
3	1	0	0	0	0	0	
1	0	0	0	0	0	0	
0	0	0	0	0	0	1	
0	0	0	0	0	0	0	
0	1	1	1	0	0	1	
3	0	2	0	2	3	1	
0	0	0	0	0	0	0	
1	0	0	1	0	0	0	
0	0	0	0	0	0	2	
0	0	0	0	2	0	0	
1	0	0	0	0	3	0	
3	2	0	1	0	1	1	
0	2	1	0	0	0	0	
0	0	0	0	0	2	3	
0	1	0	0	0	3	0	
3	0	0	0	0	1	0	
--------------------

--------------------
Best Solution Found!
--------------------
Time: 0 hour(s), 0 minute(s), 2 second(s), 578 millisecond(s)

Fitness: 72209

0	0	0	0	0	2	0	
0	2	1	0	0	0	0	
0	0	2	0	0	0	0	
0	0	0	0	0	0	0	
0	0	0	0	0	0	2	
0	0	0	1	0	0	0	
1	0	0	1	0	0	0	
0	0	0	1	0	3	0	
0	0	2	0	0	3	0	
0	0	2	0	0	0	0	
3	1	0	0	0	0	0	
0	0	0	0	0	0	1	
0	0	0	0	0	0	0	
0	1	0	0	0	0	0	
0	0	0	0	0	0	1	
0	0	0	0	0	0	0	
0	0	0	2	0	0	0	
3	1	0	1	0	2	2	
0	0	0	0	0	0	1	
0	0	0	1	0	0	0	
1	0	0	1	0	0	0	
0	1	0	1	0	0	0	
0	0	1	0	0	0	0	
0	0	0	0	0	0	0	
0	0	0	1	0	0	0	
1	0	0	0	0	0	0	
0	2	0	0	0	1	0	
3	0	0	2	0	0	0	
0	0	0	0	0	0	0	
0	0	0	0	0	0	0	
0	0	0	0	3	0	0	
3	0	0	2	0	3	0	
0	1	0	1	0	0	0	
0	0	0	0	0	0	1	
0	0	0	0	0	0	0	
0	1	0	0	0	0	1	
0	0	0	0	0	0	0	
0	0	0	0	2	0	0	
0	0	0	0	0	0	0	
0	0	0	0	0	0	0	
0	1	2	0	0	0	0	
3	0	0	1	0	0	1	
0	0	0	0	0	3	3	
1	0	0	0	0	0	0	
1	0	1	2	2	1	0	
0	2	0	0	0	0	0	
0	0	0	0	0	0	3	
0	0	0	0	0	0	1	
1	0	0	2	0	0	0	
0	0	1	0	0	0	0	
1	2	2	2	0	0	1	
3	0	0	0	0	0	0	
0	2	0	0	0	0	1	
0	0	0	0	0	0	0	
3	1	2	1	0	0	0	
0	2	0	2	0	0	1	
0	0	0	0	0	3	0	
0	2	0	0	0	0	0	
1	0	0	0	0	0	0	
3	1	0	0	0	0	0	
0	0	0	0	0	3	0	
3	2	0	0	0	0	1	
0	0	0	0	0	0	0	
3	2	0	0	0	3	0	
1	0	0	0	0	0	0	
0	1	0	0	0	0	0	
0	0	1	2	0	0	0	
3	0	0	0	0	0	0	
0	0	0	0	0	0	0	
0	0	0	0	0	0	0	
0	1	0	0	0	0	0	
0	1	0	0	0	0	0	
1	0	0	0	0	0	1	
0	0	0	0	0	0	2	
0	0	0	0	0	3	2	
--------------------

--------------------
Best Solution Found!
--------------------
Time: 0 hour(s), 0 minute(s), 2 second(s), 579 millisecond(s)

Fitness: 72209

0	0	0	0	0	2	0	
0	2	1	0	0	0	0	
0	0	2	0	0	0	0	
0	0	0	0	0	0	0	
0	0	0	0	0	0	2	
0	0	0	1	0	0	0	
1	0	0	1	0	0	0	
0	0	0	1	0	3	0	
0	0	2	0	0	3	0	
0	0	2	0	0	0	0	
3	1	0	0	0	0	0	
0	0	0	0	0	0	1	
0	0	0	0	0	0	0	
0	1	0	0	0	0	0	
0	0	0	0	0	0	1	
0	0	0	0	0	0	0	
0	0	0	2	0	0	0	
3	1	0	1	0	2	2	
0	0	0	0	0	0	1	
0	0	0	1	0	0	0	
1	0	0	1	0	0	0	
0	1	0	1	0	0	0	
0	0	1	0	0	0	0	
0	0	0	0	0	0	0	
0	0	0	1	0	0	0	
1	0	0	0	0	0	0	
0	2	0	0	0	1	0	
3	0	0	2	0	0	0	
0	0	0	0	0	0	0	
0	0	0	0	0	0	0	
0	0	0	0	3	0	0	
3	0	0	2	0	3	0	
0	1	0	1	0	0	0	
0	0	0	0	0	0	1	
0	0	0	0	0	0	0	
0	1	0	0	0	0	1	
0	0	0	0	0	0	0	
0	0	0	0	2	0	0	
0	0	0	0	0	0	0	
0	0	0	0	0	0	0	
0	1	2	0	0	0	0	
3	0	0	1	0	0	1	
0	0	0	0	0	3	3	
1	0	0	0	0	0	0	
1	0	1	2	2	1	0	
0	2	0	0	0	0	0	
0	0	0	0	0	0	3	
0	0	0	0	0	0	1	
1	0	0	2	0	0	0	
0	0	1	0	0	0	0	
1	2	2	2	0	0	1	
3	0	0	0	0	0	0	
0	2	0	0	0	0	1	
0	0	0	0	0	0	0	
3	1	2	1	0	0	0	
0	2	0	2	0	0	1	
0	0	0	0	0	3	0	
0	2	0	0	0	0	0	
1	0	0	0	0	0	0	
3	1	0	0	0	0	0	
0	0	0	0	0	3	0	
3	2	0	0	0	0	1	
0	0	0	0	0	0	0	
3	2	0	0	0	3	0	
1	0	0	0	0	0	0	
0	1	0	0	0	0	0	
0	0	1	2	0	0	0	
3	0	0	0	0	0	0	
0	0	0	0	0	0	0	
0	0	0	0	0	0	0	
0	1	0	0	0	0	0	
0	1	0	0	0	0	0	
1	0	0	0	0	0	1	
0	0	0	0	0	0	2	
0	0	0	0	0	3	2	
--------------------

--------------------
Best Solution Found!
--------------------
Time: 0 hour(s), 0 minute(s), 15 second(s), 109 millisecond(s)

Fitness: 72198

3	0	0	2	0	0	1	
1	2	0	0	0	0	0	
0	0	1	0	0	0	0	
0	0	0	0	0	0	1	
0	0	0	0	0	0	2	
1	0	2	0	0	3	0	
3	0	0	0	0	0	0	
0	2	2	0	0	0	0	
3	0	0	1	2	0	1	
0	0	0	1	0	0	3	
0	0	0	0	0	0	0	
3	1	0	1	0	1	0	
3	2	0	1	0	3	1	
3	0	0	0	0	2	0	
0	1	0	2	0	0	0	
3	0	0	0	0	0	2	
0	0	0	0	0	0	0	
0	0	0	0	0	0	3	
0	0	0	0	0	0	0	
0	0	1	0	0	0	0	
1	0	0	0	0	0	0	
0	0	0	0	0	0	0	
0	0	0	0	0	0	0	
0	0	0	0	0	3	1	
0	0	0	0	0	3	2	
0	0	0	0	0	0	0	
0	0	1	1	0	0	0	
0	0	0	0	0	0	0	
0	0	0	0	0	0	0	
0	0	0	0	0	0	0	
0	1	1	0	0	3	1	
1	0	0	2	0	2	0	
1	2	2	2	0	3	0	
0	0	0	0	0	0	0	
1	1	0	0	0	0	0	
0	2	0	0	0	0	0	
0	0	0	0	0	0	0	
3	1	0	0	2	0	0	
0	0	0	0	3	0	1	
0	0	0	0	0	0	1	
0	1	0	2	0	0	0	
0	0	0	0	0	0	0	
0	0	0	0	0	0	0	
0	2	0	0	0	0	0	
0	2	2	0	0	0	0	
0	0	0	0	0	3	0	
0	1	0	0	0	0	0	
0	0	0	0	0	1	0	
0	0	0	0	0	0	0	
3	0	0	2	0	0	0	
0	0	0	1	0	0	0	
0	0	0	0	0	0	0	
0	1	0	1	0	0	1	
0	1	1	1	0	3	2	
0	0	0	0	0	0	0	
0	0	0	0	0	0	0	
0	0	0	1	0	0	0	
0	0	0	0	0	0	0	
0	0	0	0	0	0	0	
0	1	0	2	0	0	0	
3	0	0	0	0	0	0	
0	0	0	0	0	0	0	
3	0	0	0	0	0	1	
0	1	0	0	0	0	1	
1	2	0	0	0	0	0	
0	0	0	2	0	0	0	
1	2	2	0	0	0	0	
0	0	0	0	0	0	0	
0	0	2	0	0	0	0	
0	0	0	1	0	0	0	
1	1	0	0	0	0	0	
0	0	0	0	0	0	0	
0	0	0	1	0	0	1	
1	0	0	0	0	0	0	
0	0	0	0	0	0	0	
--------------------

--------------------
Best Solution Found!
--------------------
Time: 0 hour(s), 0 minute(s), 25 second(s), 274 millisecond(s)

Fitness: 71243

0	0	0	0	0	0	0	
3	0	0	2	0	1	0	
0	0	0	0	0	0	0	
0	0	0	0	0	0	0	
0	1	0	0	0	3	0	
0	0	0	0	0	0	0	
1	0	0	2	0	2	0	
0	2	2	1	2	0	3	
0	0	0	0	0	0	0	
0	0	0	0	0	0	0	
0	0	0	0	0	0	0	
0	2	0	1	0	0	0	
0	0	0	1	0	0	1	
3	0	0	0	0	0	0	
0	0	0	0	0	0	0	
0	0	0	0	0	0	0	
0	1	0	0	0	0	0	
0	0	0	2	0	0	0	
0	1	0	0	0	0	0	
1	1	1	0	0	0	0	
0	2	0	1	0	0	1	
0	2	0	0	0	0	0	
0	0	0	0	0	0	1	
3	2	0	2	0	0	1	
1	0	0	0	0	0	0	
3	0	0	0	0	0	0	
1	0	0	0	0	0	0	
0	0	0	0	0	0	2	
3	0	0	0	0	3	0	
0	1	0	0	0	0	2	
0	1	0	0	0	0	0	
0	0	0	0	0	3	0	
1	0	0	0	0	0	0	
3	0	0	0	0	0	1	
0	0	0	0	0	0	1	
0	2	0	1	0	0	0	
3	1	2	1	0	0	2	
0	0	0	0	0	0	0	
0	0	0	0	0	0	0	
1	0	0	0	0	0	0	
0	0	0	0	0	0	1	
0	0	0	1	0	0	0	
1	0	2	1	0	3	1	
0	0	0	2	0	0	0	
3	1	0	0	0	3	1	
0	0	0	0	0	0	0	
0	0	0	0	0	0	0	
0	1	0	0	0	0	0	
0	0	0	0	0	0	0	
3	1	0	1	0	0	0	
0	0	2	0	3	0	1	
0	0	1	0	0	0	1	
0	0	0	0	0	0	0	
0	0	2	0	0	0	0	
3	1	0	0	0	0	0	
0	0	1	0	0	0	0	
0	0	0	0	0	0	0	
0	0	0	0	0	0	0	
0	2	0	0	0	3	0	
0	0	0	0	0	0	0	
3	0	0	1	0	0	0	
1	0	0	2	0	0	0	
0	0	0	0	0	3	3	
0	0	0	2	0	0	0	
0	0	0	0	0	0	0	
0	2	0	0	0	0	0	
0	0	0	0	0	0	2	
0	2	1	0	2	1	1	
0	0	0	0	0	0	0	
1	0	0	0	0	0	0	
0	0	0	0	0	2	0	
0	0	0	1	0	0	0	
0	1	2	2	0	3	0	
1	0	1	0	0	0	0	
0	0	0	0	0	0	0	
--------------------

--------------------
Best Solution Found!
--------------------
Time: 0 hour(s), 0 minute(s), 27 second(s), 13 millisecond(s)

Fitness: 71232

0	1	0	0	0	0	0	
0	0	1	1	0	0	0	
0	1	0	0	0	0	0	
0	0	0	0	0	0	0	
0	0	0	0	0	3	0	
1	0	0	1	0	0	0	
3	0	0	0	0	0	0	
0	0	0	0	0	0	0	
0	1	0	0	0	0	0	
0	0	0	0	0	3	0	
0	0	0	0	0	0	0	
0	0	0	0	0	0	0	
0	0	0	0	0	3	0	
0	0	0	0	0	0	0	
0	2	2	2	0	0	0	
0	0	0	0	0	0	1	
1	0	1	0	0	0	2	
0	2	2	0	0	0	0	
0	0	0	0	0	0	0	
0	0	0	0	0	0	2	
0	0	0	0	0	0	0	
1	1	0	0	0	0	0	
0	0	0	0	0	0	0	
3	0	0	0	0	1	0	
0	2	0	0	0	0	1	
0	0	0	0	0	0	0	
3	0	0	1	0	0	0	
0	0	0	1	0	0	0	
0	0	0	0	0	0	0	
0	0	0	2	0	0	0	
0	0	0	0	0	0	0	
3	1	2	0	2	3	0	
0	0	0	0	0	0	0	
0	1	0	0	0	0	1	
0	0	0	0	0	0	1	
0	1	0	0	0	3	0	
0	2	0	0	0	0	0	
0	0	1	0	0	0	0	
0	0	0	0	0	0	0	
0	2	0	1	0	0	2	
0	0	0	0	0	0	3	
1	0	0	0	0	0	0	
0	0	0	0	0	3	1	
3	1	0	0	0	0	0	
1	0	1	0	0	0	0	
0	0	0	0	0	0	0	
0	0	0	0	0	0	1	
3	0	0	0	0	0	0	
1	0	0	0	0	0	0	
3	0	0	0	0	2	0	
0	0	0	0	0	0	2	
0	2	0	2	0	0	0	
3	0	0	0	0	0	0	
0	0	2	0	0	0	0	
1	0	0	0	0	0	1	
0	0	2	1	0	0	0	
0	0	0	0	2	0	0	
0	1	0	0	0	0	0	
0	0	0	0	0	0	0	
0	0	0	0	0	0	0	
1	0	0	2	0	0	3	
0	2	0	2	0	3	0	
0	0	0	1	0	0	0	
1	0	1	2	0	1	1	
0	0	0	2	0	0	1	
3	0	0	0	0	0	0	
1	1	2	1	0	3	0	
0	2	0	1	0	0	0	
0	0	0	2	0	0	1	
3	0	0	0	0	2	0	
3	1	0	1	3	0	1	
0	2	0	0	0	0	0	
0	1	0	0	0	0	1	
0	0	0	0	0	0	0	
0	0	0	1	0	0	0	
--------------------

--------------------
Best Solution Found!
--------------------
Time: 0 hour(s), 0 minute(s), 27 second(s), 14 millisecond(s)

Fitness: 71232

0	1	0	0	0	0	0	
0	0	1	1	0	0	0	
0	1	0	0	0	0	0	
0	0	0	0	0	0	0	
0	0	0	0	0	3	0	
1	0	0	1	0	0	0	
3	0	0	0	0	0	0	
0	0	0	0	0	0	0	
0	1	0	0	0	0	0	
0	0	0	0	0	3	0	
0	0	0	0	0	0	0	
0	0	0	0	0	0	0	
0	0	0	0	0	3	0	
0	0	0	0	0	0	0	
0	2	2	2	0	0	0	
0	0	0	0	0	0	1	
1	0	1	0	0	0	2	
0	2	2	0	0	0	0	
0	0	0	0	0	0	0	
0	0	0	0	0	0	2	
0	0	0	0	0	0	0	
1	1	0	0	0	0	0	
0	0	0	0	0	0	0	
3	0	0	0	0	1	0	
0	2	0	0	0	0	1	
0	0	0	0	0	0	0	
3	0	0	1	0	0	0	
0	0	0	1	0	0	0	
0	0	0	0	0	0	0	
0	0	0	2	0	0	0	
0	0	0	0	0	0	0	
3	1	2	0	2	3	0	
0	0	0	0	0	0	0	
0	1	0	0	0	0	1	
0	0	0	0	0	0	1	
0	1	0	0	0	3	0	
0	2	0	0	0	0	0	
0	0	1	0	0	0	0	
0	0	0	0	0	0	0	
0	2	0	1	0	0	2	
0	0	0	0	0	0	3	
1	0	0	0	0	0	0	
0	0	0	0	0	3	1	
3	1	0	0	0	0	0	
1	0	1	0	0	0	0	
0	0	0	0	0	0	0	
0	0	0	0	0	0	1	
3	0	0	0	0	0	0	
1	0	0	0	0	0	0	
3	0	0	0	0	2	0	
0	0	0	0	0	0	2	
0	2	0	2	0	0	0	
3	0	0	0	0	0	0	
0	0	2	0	0	0	0	
1	0	0	0	0	0	1	
0	0	2	1	0	0	0	
0	0	0	0	2	0	0	
0	1	0	0	0	0	0	
0	0	0	0	0	0	0	
0	0	0	0	0	0	0	
1	0	0	2	0	0	3	
0	2	0	2	0	3	0	
0	0	0	1	0	0	0	
1	0	1	2	0	1	1	
0	0	0	2	0	0	1	
3	0	0	0	0	0	0	
1	1	2	1	0	3	0	
0	2	0	1	0	0	0	
0	0	0	2	0	0	1	
3	0	0	0	0	2	0	
3	1	0	1	3	0	1	
0	2	0	0	0	0	0	
0	1	0	0	0	0	1	
0	0	0	0	0	0	0	
0	0	0	1	0	0	0	
--------------------

--------------------
Best Solution Found!
--------------------
Time: 0 hour(s), 0 minute(s), 34 second(s), 828 millisecond(s)

Fitness: 71220

0	0	1	0	0	0	0	
0	0	0	1	0	0	0	
0	0	1	0	0	1	0	
3	0	0	2	0	0	0	
0	0	0	0	0	0	0	
0	0	0	0	0	0	1	
0	0	0	0	2	0	0	
1	0	0	1	0	3	1	
0	1	0	0	0	0	0	
0	0	0	0	0	0	0	
0	0	0	0	0	0	2	
1	0	0	0	0	0	0	
0	0	0	0	0	0	0	
0	0	0	0	0	0	0	
0	0	0	0	0	0	0	
0	0	0	0	0	3	0	
0	0	0	0	0	0	1	
0	0	2	0	0	0	0	
1	0	0	2	0	0	0	
3	0	2	0	0	0	0	
3	0	0	2	0	2	0	
0	0	0	0	0	0	0	
0	2	0	0	0	0	0	
0	0	0	1	0	0	2	
0	1	2	0	0	0	0	
0	0	0	0	0	3	0	
0	1	0	2	0	0	0	
1	0	0	0	0	0	0	
0	2	0	0	0	0	1	
0	0	0	0	0	0	0	
0	1	0	1	0	0	0	
0	0	0	1	0	0	0	
3	0	0	0	0	0	1	
0	0	0	2	0	0	2	
0	0	0	0	0	0	0	
0	0	0	1	0	0	0	
1	1	0	0	0	0	0	
0	1	0	0	0	0	3	
0	0	0	1	0	2	1	
3	0	0	0	0	0	0	
3	0	0	0	0	0	3	
3	1	1	0	3	0	1	
1	2	0	0	0	0	2	
3	0	0	0	0	0	0	
0	2	0	0	0	0	0	
0	1	0	2	0	0	0	
0	0	2	0	0	3	0	
0	0	0	1	0	1	0	
0	0	0	0	0	0	0	
0	2	0	0	0	0	0	
1	0	0	0	0	0	0	
0	0	0	0	0	0	0	
0	0	0	1	0	0	0	
0	0	0	0	0	0	0	
0	2	0	0	0	0	0	
0	2	0	2	0	0	0	
3	0	0	0	0	0	0	
0	2	2	1	0	3	1	
0	1	0	0	0	0	0	
0	0	1	0	0	0	0	
0	0	0	0	0	0	0	
0	0	0	0	0	0	0	
0	1	0	1	0	0	1	
1	1	2	2	2	0	0	
0	2	0	0	0	0	1	
0	0	0	0	0	0	0	
3	0	0	0	0	0	1	
0	0	0	0	0	0	0	
1	1	1	0	0	3	1	
0	0	0	0	0	0	0	
0	0	0	0	0	0	0	
3	0	0	0	0	3	0	
0	0	0	0	0	0	0	
0	0	0	0	0	3	0	
1	0	0	0	0	0	0	
--------------------

--------------------
Best Solution Found!
--------------------
Time: 0 hour(s), 0 minute(s), 35 second(s), 943 millisecond(s)

Fitness: 71214

0	0	0	0	0	0	0	
0	0	0	1	0	0	1	
3	0	0	0	0	0	1	
3	0	0	0	0	3	0	
1	0	0	0	0	0	0	
0	0	2	0	0	0	0	
0	2	0	0	0	0	0	
0	0	0	0	0	0	0	
0	0	0	2	0	0	0	
3	2	0	2	0	3	2	
0	0	0	0	0	0	0	
3	0	0	0	0	0	0	
0	1	2	0	0	0	1	
0	0	1	0	0	0	0	
0	0	0	2	0	0	0	
0	0	0	0	0	0	0	
3	0	0	0	0	0	0	
0	0	0	0	0	0	0	
0	0	0	0	0	0	0	
0	1	1	0	0	0	2	
3	2	2	0	2	0	1	
0	0	0	0	0	0	0	
3	0	0	0	0	0	0	
0	0	0	0	0	0	2	
3	2	2	0	0	0	1	
0	0	0	0	0	0	0	
0	1	0	0	0	0	0	
0	1	0	0	0	0	0	
0	0	0	0	0	0	0	
0	0	0	0	0	0	0	
1	1	0	1	0	3	3	
0	0	0	0	0	0	0	
0	0	0	0	0	3	0	
0	2	0	0	0	0	0	
0	0	0	0	0	0	0	
0	1	0	0	0	3	0	
0	0	0	1	0	0	1	
0	1	0	0	0	2	0	
0	1	0	0	0	0	0	
1	1	2	1	0	2	0	
0	0	0	0	0	0	0	
1	2	0	0	0	0	0	
0	2	0	2	0	0	1	
0	0	0	1	0	0	0	
0	0	0	0	0	0	0	
3	0	0	0	0	0	0	
1	0	0	0	0	0	3	
0	1	0	0	0	0	0	
0	2	0	1	0	0	0	
0	2	0	0	0	0	0	
3	1	0	0	0	0	0	
1	0	0	1	0	0	0	
0	0	0	0	0	0	1	
0	0	2	0	0	0	0	
0	0	1	0	2	0	0	
1	0	1	0	0	0	0	
0	0	0	1	0	1	0	
0	0	1	1	0	0	2	
3	0	0	2	0	0	1	
1	0	0	0	3	0	0	
0	0	0	1	0	0	0	
0	0	0	2	0	1	0	
1	0	0	0	0	3	1	
0	0	0	1	0	0	0	
0	0	0	0	0	3	0	
0	0	0	0	0	0	0	
0	0	0	0	0	0	0	
0	0	0	0	0	0	0	
0	0	0	0	0	0	0	
0	0	0	2	0	0	0	
0	0	0	0	0	0	1	
0	1	0	0	0	0	0	
0	0	0	0	0	3	1	
1	0	0	2	0	0	0	
0	0	0	0	0	0	0	
--------------------

--------------------
Best Solution Found!
--------------------
Time: 0 hour(s), 0 minute(s), 35 second(s), 945 millisecond(s)

Fitness: 71214

0	0	0	0	0	0	0	
0	0	0	1	0	0	1	
3	0	0	0	0	0	1	
3	0	0	0	0	3	0	
1	0	0	0	0	0	0	
0	0	2	0	0	0	0	
0	2	0	0	0	0	0	
0	0	0	0	0	0	0	
0	0	0	2	0	0	0	
3	2	0	2	0	3	2	
0	0	0	0	0	0	0	
3	0	0	0	0	0	0	
0	1	2	0	0	0	1	
0	0	1	0	0	0	0	
0	0	0	2	0	0	0	
0	0	0	0	0	0	0	
3	0	0	0	0	0	0	
0	0	0	0	0	0	0	
0	0	0	0	0	0	0	
0	1	1	0	0	0	2	
3	2	2	0	2	0	1	
0	0	0	0	0	0	0	
3	0	0	0	0	0	0	
0	0	0	0	0	0	2	
3	2	2	0	0	0	1	
0	0	0	0	0	0	0	
0	1	0	0	0	0	0	
0	1	0	0	0	0	0	
0	0	0	0	0	0	0	
0	0	0	0	0	0	0	
1	1	0	1	0	3	3	
0	0	0	0	0	0	0	
0	0	0	0	0	3	0	
0	2	0	0	0	0	0	
0	0	0	0	0	0	0	
0	1	0	0	0	3	0	
0	0	0	1	0	0	1	
0	1	0	0	0	2	0	
0	1	0	0	0	0	0	
1	1	2	1	0	2	0	
0	0	0	0	0	0	0	
1	2	0	0	0	0	0	
0	2	0	2	0	0	1	
0	0	0	1	0	0	0	
0	0	0	0	0	0	0	
3	0	0	0	0	0	0	
1	0	0	0	0	0	3	
0	1	0	0	0	0	0	
0	2	0	1	0	0	0	
0	2	0	0	0	0	0	
3	1	0	0	0	0	0	
1	0	0	1	0	0	0	
0	0	0	0	0	0	1	
0	0	2	0	0	0	0	
0	0	1	0	2	0	0	
1	0	1	0	0	0	0	
0	0	0	1	0	1	0	
0	0	1	1	0	0	2	
3	0	0	2	0	0	1	
1	0	0	0	3	0	0	
0	0	0	1	0	0	0	
0	0	0	2	0	1	0	
1	0	0	0	0	3	1	
0	0	0	1	0	0	0	
0	0	0	0	0	3	0	
0	0	0	0	0	0	0	
0	0	0	0	0	0	0	
0	0	0	0	0	0	0	
0	0	0	0	0	0	0	
0	0	0	2	0	0	0	
0	0	0	0	0	0	1	
0	1	0	0	0	0	0	
0	0	0	0	0	3	1	
1	0	0	2	0	0	0	
0	0	0	0	0	0	0	
--------------------

--------------------
Best Solution Found!
--------------------
Time: 0 hour(s), 0 minute(s), 35 second(s), 947 millisecond(s)

Fitness: 71214

0	0	0	0	0	0	0	
0	0	0	1	0	0	1	
3	0	0	0	0	0	1	
3	0	0	0	0	3	0	
1	0	0	0	0	0	0	
0	0	2	0	0	0	0	
0	2	0	0	0	0	0	
0	0	0	0	0	0	0	
0	0	0	2	0	0	0	
3	2	0	2	0	3	2	
0	0	0	0	0	0	0	
3	0	0	0	0	0	0	
0	1	2	0	0	0	1	
0	0	1	0	0	0	0	
0	0	0	2	0	0	0	
0	0	0	0	0	0	0	
3	0	0	0	0	0	0	
0	0	0	0	0	0	0	
0	0	0	0	0	0	0	
0	1	1	0	0	0	2	
3	2	2	0	2	0	1	
0	0	0	0	0	0	0	
3	0	0	0	0	0	0	
0	0	0	0	0	0	2	
3	2	2	0	0	0	1	
0	0	0	0	0	0	0	
0	1	0	0	0	0	0	
0	1	0	0	0	0	0	
0	0	0	0	0	0	0	
0	0	0	0	0	0	0	
1	1	0	1	0	3	3	
0	0	0	0	0	0	0	
0	0	0	0	0	3	0	
0	2	0	0	0	0	0	
0	0	0	0	0	0	0	
0	1	0	0	0	3	0	
0	0	0	1	0	0	1	
0	1	0	0	0	2	0	
0	1	0	0	0	0	0	
1	1	2	1	0	2	0	
0	0	0	0	0	0	0	
1	2	0	0	0	0	0	
0	2	0	2	0	0	1	
0	0	0	1	0	0	0	
0	0	0	0	0	0	0	
3	0	0	0	0	0	0	
1	0	0	0	0	0	3	
0	1	0	0	0	0	0	
0	2	0	1	0	0	0	
0	2	0	0	0	0	0	
3	1	0	0	0	0	0	
1	0	0	1	0	0	0	
0	0	0	0	0	0	1	
0	0	2	0	0	0	0	
0	0	1	0	2	0	0	
1	0	1	0	0	0	0	
0	0	0	1	0	1	0	
0	0	1	1	0	0	2	
3	0	0	2	0	0	1	
1	0	0	0	3	0	0	
0	0	0	1	0	0	0	
0	0	0	2	0	1	0	
1	0	0	0	0	3	1	
0	0	0	1	0	0	0	
0	0	0	0	0	3	0	
0	0	0	0	0	0	0	
0	0	0	0	0	0	0	
0	0	0	0	0	0	0	
0	0	0	0	0	0	0	
0	0	0	2	0	0	0	
0	0	0	0	0	0	1	
0	1	0	0	0	0	0	
0	0	0	0	0	3	1	
1	0	0	2	0	0	0	
0	0	0	0	0	0	0	
--------------------


The best solution was found at the restart: 1, population: 0
Total Time Elapsed: 0 hour(s), 4 minute(s), 3 second(s), 402 millisecond(s)

