--------------------
Best Solution Found!
--------------------
Time: 0 hour(s), 0 minute(s), 52 second(s), 311 millisecond(s)

Fitness: 22067

0	0	0	0	0	0	0	
1	3	0	0	0	0	0	
2	0	0	1	1	0	0	
0	0	0	0	2	0	0	
0	0	0	1	0	0	2	
0	0	0	0	0	0	0	
0	0	0	0	0	0	0	
3	0	0	0	3	0	0	
3	0	0	0	0	0	0	
0	0	0	0	0	0	0	
0	0	0	0	0	0	0	
0	0	1	2	0	0	0	
0	0	2	0	0	0	3	
0	0	0	0	0	0	0	
1	3	2	0	1	2	0	
0	0	3	0	0	0	0	
1	0	2	0	1	3	1	
2	2	1	0	2	3	0	
2	0	0	0	0	0	0	
0	0	0	0	0	0	0	
0	0	0	0	0	0	0	
0	0	0	3	0	0	1	
0	0	0	0	0	0	0	
0	0	0	0	0	0	0	
0	0	1	0	0	0	0	
--------------------

The best solution was found at the restart: 6, population: 0
Total Time Elapsed: 0 hour(s), 1 minute(s), 53 second(s), 739 millisecond(s)

