--------------------
Best Solution Found!
--------------------
Time: 0 hour(s), 0 minute(s), 0 second(s), 126 millisecond(s)

Fitness: 169750

0	2	1	0	1	0	0	0	0	0	0	0	0	0	2	0	0	0	0	0	0	0	0	0	0	0	0	0	
0	2	3	1	1	2	0	3	0	0	0	1	0	1	0	3	0	0	0	0	0	0	0	0	0	0	1	0	
1	2	0	0	0	0	1	3	0	0	0	1	2	2	0	0	2	2	0	0	0	0	2	0	0	0	0	1	
1	2	2	0	2	0	0	0	0	1	1	0	0	3	2	0	0	0	0	0	0	1	2	1	0	1	0	0	
2	0	1	0	0	0	1	0	0	1	0	1	0	0	1	0	0	0	0	0	0	0	0	0	1	1	1	0	
1	2	0	0	1	1	0	3	1	0	1	1	0	0	0	0	3	0	0	0	2	0	0	0	0	2	1	0	
2	1	0	0	0	0	0	3	1	0	0	0	3	0	0	0	0	0	0	0	1	0	0	0	0	0	0	0	
1	2	1	0	0	0	1	3	1	0	1	2	0	1	0	0	3	3	0	0	0	0	0	0	0	0	0	0	
1	0	1	1	0	1	0	0	0	1	0	1	2	0	0	3	3	3	1	0	1	1	0	1	0	0	1	0	
0	0	0	0	1	0	0	3	0	0	0	1	2	1	0	0	3	0	0	0	1	0	0	0	0	0	1	0	
1	0	0	1	0	1	1	3	2	1	0	0	2	1	1	0	0	3	1	0	1	0	0	0	2	0	1	0	
0	0	3	1	0	1	0	0	0	0	3	0	2	0	2	0	0	3	0	1	2	0	0	0	2	0	0	0	
0	2	1	2	0	0	0	0	0	0	0	1	0	0	0	0	0	0	0	0	0	0	0	0	0	2	0	0	
1	0	0	0	1	0	1	0	0	0	1	0	0	0	0	0	2	3	0	0	1	0	0	0	0	0	2	1	
2	3	0	0	1	1	2	0	0	1	0	0	0	1	1	0	0	0	0	0	0	0	0	0	0	0	1	0	
1	0	1	0	1	0	1	3	1	0	3	2	2	0	0	0	0	0	0	0	1	2	2	1	0	1	1	1	
1	2	1	0	0	0	1	0	0	3	0	2	0	1	1	0	0	0	3	0	0	1	1	0	0	0	2	0	
2	2	1	1	0	1	0	0	1	0	0	0	0	0	0	0	0	0	0	0	1	0	0	0	0	2	1	1	
1	0	0	0	1	0	0	3	1	0	0	1	1	1	0	0	0	0	0	0	1	0	0	0	0	0	0	0	
1	0	0	0	2	1	1	0	1	0	1	0	2	1	0	3	3	0	0	0	1	0	1	0	0	1	2	1	
0	0	0	2	0	1	0	2	0	1	1	1	1	1	1	2	0	0	0	0	0	0	1	1	0	1	0	1	
0	0	0	1	0	0	0	2	1	1	0	1	2	0	0	0	0	0	0	0	0	0	0	0	0	0	0	0	
1	0	1	1	0	0	0	3	1	1	1	0	2	2	0	3	0	0	0	0	0	0	2	3	0	0	1	0	
0	0	1	2	1	0	0	0	0	3	0	0	0	0	0	0	0	0	0	0	0	0	2	0	0	0	1	0	
0	0	1	0	0	0	1	3	0	0	0	0	0	0	0	0	0	0	0	0	1	0	0	1	0	0	1	0	
0	0	0	1	0	1	2	3	0	0	0	1	2	0	0	3	3	0	0	0	2	0	0	0	0	0	0	0	
1	0	0	1	1	0	0	2	0	0	1	0	0	0	0	0	0	0	3	0	0	0	0	0	0	0	0	3	
1	0	0	0	0	1	0	0	1	0	1	1	2	1	0	0	0	0	0	0	0	0	0	0	0	0	0	0	
0	0	1	1	1	2	0	0	2	1	1	1	2	0	0	0	3	0	0	0	1	0	0	1	0	0	0	0	
0	2	1	1	2	0	0	0	0	1	0	0	0	0	0	0	0	0	0	0	0	0	0	0	0	0	1	0	
--------------------

--------------------
Best Solution Found!
--------------------
Time: 0 hour(s), 0 minute(s), 0 second(s), 130 millisecond(s)

Fitness: 169750

0	2	1	0	1	0	0	0	0	0	0	0	0	0	2	0	0	0	0	0	0	0	0	0	0	0	0	0	
0	2	3	1	1	2	0	3	0	0	0	1	0	1	0	3	0	0	0	0	0	0	0	0	0	0	1	0	
1	2	0	0	0	0	1	3	0	0	0	1	2	2	0	0	2	2	0	0	0	0	2	0	0	0	0	1	
1	2	2	0	2	0	0	0	0	1	1	0	0	3	2	0	0	0	0	0	0	1	2	1	0	1	0	0	
2	0	1	0	0	0	1	0	0	1	0	1	0	0	1	0	0	0	0	0	0	0	0	0	1	1	1	0	
1	2	0	0	1	1	0	3	1	0	1	1	0	0	0	0	3	0	0	0	2	0	0	0	0	2	1	0	
2	1	0	0	0	0	0	3	1	0	0	0	3	0	0	0	0	0	0	0	1	0	0	0	0	0	0	0	
1	2	1	0	0	0	1	3	1	0	1	2	0	1	0	0	3	3	0	0	0	0	0	0	0	0	0	0	
1	0	1	1	0	1	0	0	0	1	0	1	2	0	0	3	3	3	1	0	1	1	0	1	0	0	1	0	
0	0	0	0	1	0	0	3	0	0	0	1	2	1	0	0	3	0	0	0	1	0	0	0	0	0	1	0	
1	0	0	1	0	1	1	3	2	1	0	0	2	1	1	0	0	3	1	0	1	0	0	0	2	0	1	0	
0	0	3	1	0	1	0	0	0	0	3	0	2	0	2	0	0	3	0	1	2	0	0	0	2	0	0	0	
0	2	1	2	0	0	0	0	0	0	0	1	0	0	0	0	0	0	0	0	0	0	0	0	0	2	0	0	
1	0	0	0	1	0	1	0	0	0	1	0	0	0	0	0	2	3	0	0	1	0	0	0	0	0	2	1	
2	3	0	0	1	1	2	0	0	1	0	0	0	1	1	0	0	0	0	0	0	0	0	0	0	0	1	0	
1	0	1	0	1	0	1	3	1	0	3	2	2	0	0	0	0	0	0	0	1	2	2	1	0	1	1	1	
1	2	1	0	0	0	1	0	0	3	0	2	0	1	1	0	0	0	3	0	0	1	1	0	0	0	2	0	
2	2	1	1	0	1	0	0	1	0	0	0	0	0	0	0	0	0	0	0	1	0	0	0	0	2	1	1	
1	0	0	0	1	0	0	3	1	0	0	1	1	1	0	0	0	0	0	0	1	0	0	0	0	0	0	0	
1	0	0	0	2	1	1	0	1	0	1	0	2	1	0	3	3	0	0	0	1	0	1	0	0	1	2	1	
0	0	0	2	0	1	0	2	0	1	1	1	1	1	1	2	0	0	0	0	0	0	1	1	0	1	0	1	
0	0	0	1	0	0	0	2	1	1	0	1	2	0	0	0	0	0	0	0	0	0	0	0	0	0	0	0	
1	0	1	1	0	0	0	3	1	1	1	0	2	2	0	3	0	0	0	0	0	0	2	3	0	0	1	0	
0	0	1	2	1	0	0	0	0	3	0	0	0	0	0	0	0	0	0	0	0	0	2	0	0	0	1	0	
0	0	1	0	0	0	1	3	0	0	0	0	0	0	0	0	0	0	0	0	1	0	0	1	0	0	1	0	
0	0	0	1	0	1	2	3	0	0	0	1	2	0	0	3	3	0	0	0	2	0	0	0	0	0	0	0	
1	0	0	1	1	0	0	2	0	0	1	0	0	0	0	0	0	0	3	0	0	0	0	0	0	0	0	3	
1	0	0	0	0	1	0	0	1	0	1	1	2	1	0	0	0	0	0	0	0	0	0	0	0	0	0	0	
0	0	1	1	1	2	0	0	2	1	1	1	2	0	0	0	3	0	0	0	1	0	0	1	0	0	0	0	
0	2	1	1	2	0	0	0	0	1	0	0	0	0	0	0	0	0	0	0	0	0	0	0	0	0	1	0	
--------------------

--------------------
Best Solution Found!
--------------------
Time: 0 hour(s), 0 minute(s), 0 second(s), 132 millisecond(s)

Fitness: 169750

0	2	1	0	1	0	0	0	0	0	0	0	0	0	2	0	0	0	0	0	0	0	0	0	0	0	0	0	
0	2	3	1	1	2	0	3	0	0	0	1	0	1	0	3	0	0	0	0	0	0	0	0	0	0	1	0	
1	2	0	0	0	0	1	3	0	0	0	1	2	2	0	0	2	2	0	0	0	0	2	0	0	0	0	1	
1	2	2	0	2	0	0	0	0	1	1	0	0	3	2	0	0	0	0	0	0	1	2	1	0	1	0	0	
2	0	1	0	0	0	1	0	0	1	0	1	0	0	1	0	0	0	0	0	0	0	0	0	1	1	1	0	
1	2	0	0	1	1	0	3	1	0	1	1	0	0	0	0	3	0	0	0	2	0	0	0	0	2	1	0	
2	1	0	0	0	0	0	3	1	0	0	0	3	0	0	0	0	0	0	0	1	0	0	0	0	0	0	0	
1	2	1	0	0	0	1	3	1	0	1	2	0	1	0	0	3	3	0	0	0	0	0	0	0	0	0	0	
1	0	1	1	0	1	0	0	0	1	0	1	2	0	0	3	3	3	1	0	1	1	0	1	0	0	1	0	
0	0	0	0	1	0	0	3	0	0	0	1	2	1	0	0	3	0	0	0	1	0	0	0	0	0	1	0	
1	0	0	1	0	1	1	3	2	1	0	0	2	1	1	0	0	3	1	0	1	0	0	0	2	0	1	0	
0	0	3	1	0	1	0	0	0	0	3	0	2	0	2	0	0	3	0	1	2	0	0	0	2	0	0	0	
0	2	1	2	0	0	0	0	0	0	0	1	0	0	0	0	0	0	0	0	0	0	0	0	0	2	0	0	
1	0	0	0	1	0	1	0	0	0	1	0	0	0	0	0	2	3	0	0	1	0	0	0	0	0	2	1	
2	3	0	0	1	1	2	0	0	1	0	0	0	1	1	0	0	0	0	0	0	0	0	0	0	0	1	0	
1	0	1	0	1	0	1	3	1	0	3	2	2	0	0	0	0	0	0	0	1	2	2	1	0	1	1	1	
1	2	1	0	0	0	1	0	0	3	0	2	0	1	1	0	0	0	3	0	0	1	1	0	0	0	2	0	
2	2	1	1	0	1	0	0	1	0	0	0	0	0	0	0	0	0	0	0	1	0	0	0	0	2	1	1	
1	0	0	0	1	0	0	3	1	0	0	1	1	1	0	0	0	0	0	0	1	0	0	0	0	0	0	0	
1	0	0	0	2	1	1	0	1	0	1	0	2	1	0	3	3	0	0	0	1	0	1	0	0	1	2	1	
0	0	0	2	0	1	0	2	0	1	1	1	1	1	1	2	0	0	0	0	0	0	1	1	0	1	0	1	
0	0	0	1	0	0	0	2	1	1	0	1	2	0	0	0	0	0	0	0	0	0	0	0	0	0	0	0	
1	0	1	1	0	0	0	3	1	1	1	0	2	2	0	3	0	0	0	0	0	0	2	3	0	0	1	0	
0	0	1	2	1	0	0	0	0	3	0	0	0	0	0	0	0	0	0	0	0	0	2	0	0	0	1	0	
0	0	1	0	0	0	1	3	0	0	0	0	0	0	0	0	0	0	0	0	1	0	0	1	0	0	1	0	
0	0	0	1	0	1	2	3	0	0	0	1	2	0	0	3	3	0	0	0	2	0	0	0	0	0	0	0	
1	0	0	1	1	0	0	2	0	0	1	0	0	0	0	0	0	0	3	0	0	0	0	0	0	0	0	3	
1	0	0	0	0	1	0	0	1	0	1	1	2	1	0	0	0	0	0	0	0	0	0	0	0	0	0	0	
0	0	1	1	1	2	0	0	2	1	1	1	2	0	0	0	3	0	0	0	1	0	0	1	0	0	0	0	
0	2	1	1	2	0	0	0	0	1	0	0	0	0	0	0	0	0	0	0	0	0	0	0	0	0	1	0	
--------------------

--------------------
Best Solution Found!
--------------------
Time: 0 hour(s), 0 minute(s), 0 second(s), 169 millisecond(s)

Fitness: 168779

1	2	1	2	0	0	0	0	0	0	0	1	0	1	1	3	3	0	0	0	0	0	0	0	0	0	0	0	
1	3	3	1	1	0	0	0	0	1	0	0	0	0	0	0	2	0	1	0	0	0	0	0	0	0	0	0	
1	2	2	0	1	2	0	3	1	0	1	1	1	1	0	0	0	2	0	0	0	0	2	1	0	0	1	1	
0	0	1	1	0	0	0	2	0	1	3	0	2	0	0	3	0	0	0	0	0	0	0	0	0	1	0	0	
0	2	0	0	1	0	0	0	1	3	0	0	2	1	1	0	0	0	0	0	0	0	1	0	0	1	0	1	
1	0	0	0	0	0	1	0	0	0	0	0	2	0	1	2	0	0	0	0	2	0	0	0	0	2	1	1	
1	0	1	0	0	1	1	0	1	0	0	0	0	0	0	0	3	0	0	0	1	0	0	3	0	0	1	0	
0	0	0	1	1	1	0	0	1	1	1	0	0	0	0	0	0	3	3	0	0	0	0	0	0	0	0	0	
0	2	0	0	0	0	2	0	0	0	0	1	0	0	0	3	0	3	1	0	1	0	0	0	0	0	1	0	
0	0	0	0	2	0	0	3	0	0	1	0	0	2	0	0	0	0	0	1	1	1	2	0	0	0	1	0	
1	0	0	0	1	1	0	3	0	1	0	0	0	0	2	0	0	3	0	0	1	0	0	1	0	0	2	1	
1	2	3	1	1	0	1	3	0	1	1	1	3	0	2	3	3	3	0	0	2	2	0	0	0	0	0	0	
1	0	0	0	0	0	0	2	0	0	1	1	2	0	0	0	0	0	0	0	0	0	0	0	0	2	1	3	
2	0	1	1	0	0	0	0	0	0	1	1	0	0	1	0	0	3	0	0	1	0	0	0	0	0	0	0	
1	0	1	0	1	1	1	0	0	1	0	0	0	0	0	0	0	0	0	0	0	0	0	0	0	0	0	0	
0	0	0	1	1	1	0	0	1	0	0	1	0	0	0	0	0	0	0	0	1	0	1	1	1	1	0	1	
2	0	0	0	0	0	0	3	0	0	1	0	2	1	0	0	0	0	0	0	0	0	0	0	0	0	1	0	
0	2	0	2	0	0	0	2	2	0	0	1	2	0	0	0	0	0	0	0	1	0	0	0	0	2	0	0	
0	2	0	0	0	1	1	3	0	0	1	2	2	1	0	0	3	0	0	0	1	0	2	1	0	0	0	0	
1	0	0	1	2	1	0	3	0	0	0	0	0	0	2	0	0	0	3	0	1	0	2	0	2	1	0	0	
1	0	1	1	0	2	1	0	1	1	0	0	2	0	0	0	0	0	0	0	0	1	0	0	0	1	1	0	
0	2	1	0	2	1	0	3	0	0	0	2	2	1	0	3	3	0	0	0	0	0	1	1	0	0	1	0	
2	0	1	2	0	0	0	3	2	0	1	1	0	0	0	0	0	0	0	0	0	0	0	0	0	0	0	0	
1	2	1	1	0	1	2	3	0	1	0	1	0	1	0	0	0	0	0	0	0	0	0	0	0	0	2	0	
2	0	1	1	1	1	1	0	0	0	3	1	2	1	0	0	0	0	0	0	1	0	0	0	0	0	2	0	
0	0	0	0	0	0	0	3	1	3	0	2	0	1	1	0	3	0	0	0	2	0	0	0	0	0	0	0	
0	1	1	0	0	0	0	0	1	0	1	1	2	1	0	0	3	0	0	0	0	0	0	0	2	0	1	1	
0	2	1	1	1	0	0	3	1	1	0	0	1	2	0	0	0	0	0	0	0	0	2	0	0	0	1	0	
1	0	1	0	0	0	1	0	1	1	0	1	0	0	0	0	0	0	0	0	1	1	0	1	0	0	1	0	
1	0	0	0	1	0	1	0	0	0	0	0	2	3	0	0	2	0	0	0	0	0	0	0	0	0	1	0	
--------------------

--------------------
Best Solution Found!
--------------------
Time: 0 hour(s), 0 minute(s), 0 second(s), 436 millisecond(s)

Fitness: 167787

1	2	0	1	1	1	0	0	0	0	0	0	0	0	0	0	2	0	0	0	1	0	0	0	0	1	1	0	
0	0	0	0	0	0	0	2	0	3	1	0	0	1	1	0	3	0	0	0	0	0	2	0	0	0	0	0	
1	1	1	2	0	0	0	3	0	0	0	2	2	0	0	3	0	0	0	0	2	0	0	0	0	0	2	0	
0	0	0	1	1	1	2	0	0	1	0	1	2	1	1	0	3	0	0	0	0	0	0	1	0	0	0	0	
1	2	1	1	0	0	0	3	0	0	0	1	0	0	0	0	0	0	0	0	0	0	0	0	0	0	1	1	
1	0	1	1	2	0	0	3	1	1	1	0	0	2	1	0	0	0	0	0	1	0	0	0	0	1	0	0	
0	0	0	0	0	1	2	0	0	1	1	1	2	0	1	0	0	3	0	0	0	1	0	0	0	0	1	0	
1	2	1	0	0	2	0	0	0	0	3	1	2	1	0	0	0	2	3	0	0	2	2	1	0	0	1	0	
2	0	1	1	1	0	0	3	1	0	0	0	0	0	0	0	0	0	0	0	1	0	2	0	0	0	1	0	
1	2	1	1	0	0	1	2	0	0	0	0	1	0	0	3	0	3	0	0	0	0	0	0	0	0	1	0	
0	0	0	2	0	0	0	2	1	1	0	0	1	0	0	0	0	0	0	0	0	0	0	0	0	2	0	0	
2	0	0	0	1	0	0	0	0	1	1	0	0	3	0	2	0	0	0	0	0	0	0	0	1	2	1	0	
1	0	0	1	1	0	0	0	0	0	1	1	0	1	1	0	0	0	0	0	2	0	0	1	0	0	1	0	
0	0	0	0	1	0	1	3	2	0	1	2	2	0	0	0	0	0	0	1	1	0	0	0	0	0	0	1	
0	2	1	1	0	1	0	3	1	1	0	0	0	0	0	0	3	0	0	0	0	1	0	0	0	0	0	1	
1	0	0	0	1	0	1	0	1	0	0	0	3	0	0	0	3	0	0	0	1	0	0	0	0	0	0	0	
0	0	1	0	2	1	0	0	0	0	0	0	0	0	0	0	0	3	0	0	0	0	0	0	0	0	1	1	
1	2	0	2	1	1	0	0	0	0	1	1	0	1	0	0	0	0	1	0	0	0	0	1	0	0	0	0	
0	0	1	0	1	1	0	0	0	0	0	1	2	1	2	0	0	0	0	0	0	0	2	0	0	2	1	1	
1	0	2	0	0	0	0	0	0	1	1	0	0	1	0	0	2	3	0	0	1	0	0	0	0	0	1	0	
1	0	1	0	0	0	1	3	1	0	1	2	2	0	2	3	0	0	0	0	0	0	0	3	0	0	0	0	
0	2	0	0	0	0	0	0	0	0	1	1	2	0	0	0	0	3	3	0	0	1	1	0	0	0	1	0	
1	2	1	1	0	0	0	3	1	0	0	0	2	0	0	0	3	0	0	0	0	0	0	0	0	0	0	0	
1	0	1	0	0	1	1	0	1	0	0	1	2	1	2	0	0	0	0	0	1	0	2	1	2	0	0	0	
2	3	3	0	1	1	0	3	1	0	0	1	0	0	0	0	0	0	0	0	1	0	1	1	0	1	0	0	
0	0	0	0	0	0	0	0	0	3	0	1	2	0	0	3	0	0	1	0	2	0	0	0	0	0	0	0	
1	0	0	0	0	2	1	0	1	1	3	1	0	1	0	0	0	0	0	0	0	0	0	0	0	1	0	0	
2	2	3	1	2	0	1	3	2	0	0	0	0	0	0	0	3	0	0	0	1	0	0	0	0	1	1	3	
0	0	0	1	0	1	1	3	0	1	0	1	2	1	0	0	0	0	0	0	1	0	0	0	0	0	2	1	
0	2	1	0	1	0	1	3	0	1	0	0	0	2	0	3	3	0	0	0	1	0	1	0	2	0	2	0	
--------------------

--------------------
Best Solution Found!
--------------------
Time: 0 hour(s), 0 minute(s), 0 second(s), 437 millisecond(s)

Fitness: 167787

1	2	0	1	1	1	0	0	0	0	0	0	0	0	0	0	2	0	0	0	1	0	0	0	0	1	1	0	
0	0	0	0	0	0	0	2	0	3	1	0	0	1	1	0	3	0	0	0	0	0	2	0	0	0	0	0	
1	1	1	2	0	0	0	3	0	0	0	2	2	0	0	3	0	0	0	0	2	0	0	0	0	0	2	0	
0	0	0	1	1	1	2	0	0	1	0	1	2	1	1	0	3	0	0	0	0	0	0	1	0	0	0	0	
1	2	1	1	0	0	0	3	0	0	0	1	0	0	0	0	0	0	0	0	0	0	0	0	0	0	1	1	
1	0	1	1	2	0	0	3	1	1	1	0	0	2	1	0	0	0	0	0	1	0	0	0	0	1	0	0	
0	0	0	0	0	1	2	0	0	1	1	1	2	0	1	0	0	3	0	0	0	1	0	0	0	0	1	0	
1	2	1	0	0	2	0	0	0	0	3	1	2	1	0	0	0	2	3	0	0	2	2	1	0	0	1	0	
2	0	1	1	1	0	0	3	1	0	0	0	0	0	0	0	0	0	0	0	1	0	2	0	0	0	1	0	
1	2	1	1	0	0	1	2	0	0	0	0	1	0	0	3	0	3	0	0	0	0	0	0	0	0	1	0	
0	0	0	2	0	0	0	2	1	1	0	0	1	0	0	0	0	0	0	0	0	0	0	0	0	2	0	0	
2	0	0	0	1	0	0	0	0	1	1	0	0	3	0	2	0	0	0	0	0	0	0	0	1	2	1	0	
1	0	0	1	1	0	0	0	0	0	1	1	0	1	1	0	0	0	0	0	2	0	0	1	0	0	1	0	
0	0	0	0	1	0	1	3	2	0	1	2	2	0	0	0	0	0	0	1	1	0	0	0	0	0	0	1	
0	2	1	1	0	1	0	3	1	1	0	0	0	0	0	0	3	0	0	0	0	1	0	0	0	0	0	1	
1	0	0	0	1	0	1	0	1	0	0	0	3	0	0	0	3	0	0	0	1	0	0	0	0	0	0	0	
0	0	1	0	2	1	0	0	0	0	0	0	0	0	0	0	0	3	0	0	0	0	0	0	0	0	1	1	
1	2	0	2	1	1	0	0	0	0	1	1	0	1	0	0	0	0	1	0	0	0	0	1	0	0	0	0	
0	0	1	0	1	1	0	0	0	0	0	1	2	1	2	0	0	0	0	0	0	0	2	0	0	2	1	1	
1	0	2	0	0	0	0	0	0	1	1	0	0	1	0	0	2	3	0	0	1	0	0	0	0	0	1	0	
1	0	1	0	0	0	1	3	1	0	1	2	2	0	2	3	0	0	0	0	0	0	0	3	0	0	0	0	
0	2	0	0	0	0	0	0	0	0	1	1	2	0	0	0	0	3	3	0	0	1	1	0	0	0	1	0	
1	2	1	1	0	0	0	3	1	0	0	0	2	0	0	0	3	0	0	0	0	0	0	0	0	0	0	0	
1	0	1	0	0	1	1	0	1	0	0	1	2	1	2	0	0	0	0	0	1	0	2	1	2	0	0	0	
2	3	3	0	1	1	0	3	1	0	0	1	0	0	0	0	0	0	0	0	1	0	1	1	0	1	0	0	
0	0	0	0	0	0	0	0	0	3	0	1	2	0	0	3	0	0	1	0	2	0	0	0	0	0	0	0	
1	0	0	0	0	2	1	0	1	1	3	1	0	1	0	0	0	0	0	0	0	0	0	0	0	1	0	0	
2	2	3	1	2	0	1	3	2	0	0	0	0	0	0	0	3	0	0	0	1	0	0	0	0	1	1	3	
0	0	0	1	0	1	1	3	0	1	0	1	2	1	0	0	0	0	0	0	1	0	0	0	0	0	2	1	
0	2	1	0	1	0	1	3	0	1	0	0	0	2	0	3	3	0	0	0	1	0	1	0	2	0	2	0	
--------------------

--------------------
Best Solution Found!
--------------------
Time: 0 hour(s), 0 minute(s), 0 second(s), 494 millisecond(s)

Fitness: 162788

1	0	1	1	0	1	0	0	0	0	1	1	1	2	0	0	0	0	0	0	0	0	0	0	0	2	1	1	
1	0	0	2	0	0	0	3	1	3	0	0	0	0	1	3	3	0	0	0	0	0	0	0	0	0	0	0	
1	0	1	0	0	2	1	0	0	0	1	2	0	0	1	0	0	0	0	1	0	0	0	1	0	0	2	0	
1	0	1	0	0	0	1	0	1	1	0	1	2	1	0	3	3	0	0	0	2	0	0	0	0	1	0	0	
2	0	1	2	1	0	0	0	0	0	0	1	0	1	0	0	0	0	0	0	0	0	2	0	0	0	1	1	
1	2	3	1	0	0	0	3	2	1	0	1	2	3	0	0	3	2	0	0	1	0	0	0	0	0	1	0	
1	2	0	1	1	1	0	0	1	1	3	0	0	0	2	3	3	0	0	0	2	0	2	0	0	0	1	0	
0	0	0	0	0	0	0	3	2	0	3	1	3	0	2	0	0	3	0	0	1	0	0	0	0	1	0	0	
1	2	0	0	1	0	0	0	0	0	1	0	2	1	0	0	0	0	0	0	1	1	2	0	1	0	0	0	
0	0	1	0	0	0	0	0	0	0	0	1	0	0	0	0	0	0	0	0	1	0	0	1	0	1	2	1	
1	0	3	0	0	2	0	3	1	1	1	0	2	0	0	0	0	0	0	0	0	0	1	1	0	0	0	0	
0	2	1	1	0	0	0	0	1	1	0	0	1	1	0	0	2	0	0	0	0	0	0	0	0	0	0	0	
1	2	1	1	2	0	0	3	1	0	1	1	0	0	1	0	0	0	0	0	1	0	0	0	2	0	1	0	
0	2	0	1	1	1	0	3	0	0	1	0	0	2	0	0	0	0	1	0	0	0	0	0	0	1	0	0	
1	3	1	0	1	1	1	0	0	1	1	2	0	1	0	0	0	3	0	0	2	0	0	0	0	0	1	1	
0	2	1	0	0	1	0	0	0	0	0	0	0	0	0	0	0	0	1	0	0	0	0	0	0	0	1	3	
0	0	0	0	1	0	2	2	0	0	0	1	2	0	1	0	0	0	0	0	1	2	0	0	0	0	2	1	
2	0	2	2	2	1	0	0	0	0	0	0	2	1	0	0	0	0	0	0	0	0	0	0	0	0	0	1	
2	0	1	1	0	1	1	2	0	0	1	1	0	1	0	0	0	0	0	0	1	0	1	0	2	0	1	0	
0	2	0	1	1	0	1	3	1	1	0	0	2	1	0	0	0	0	0	0	0	0	0	0	0	0	1	0	
2	1	0	1	1	0	1	3	0	0	0	0	0	0	0	0	0	3	0	0	1	0	0	0	0	0	0	0	
1	0	0	0	1	0	1	3	0	0	0	1	2	0	0	0	0	0	3	0	0	0	0	0	0	0	1	0	
0	0	0	0	2	0	0	0	1	0	0	0	0	0	0	0	0	0	0	0	0	0	0	1	0	0	1	0	
1	2	0	0	1	1	1	3	0	0	0	1	0	1	0	2	2	3	0	0	0	0	0	0	0	0	0	0	
0	0	1	0	1	1	1	3	1	0	0	2	0	0	1	3	3	0	0	0	0	0	2	0	0	2	0	0	
1	2	0	0	0	0	2	0	0	3	1	0	2	1	0	0	0	0	0	0	1	0	0	1	0	2	0	0	
0	0	0	0	0	0	0	0	0	1	0	1	2	0	2	3	0	0	0	0	1	0	0	3	0	0	0	0	
1	0	0	0	0	0	0	0	1	0	0	0	2	0	0	0	3	3	3	0	0	1	2	1	0	0	1	0	
0	0	1	1	0	1	0	3	0	1	0	1	2	0	0	0	0	0	0	0	1	1	1	0	0	1	1	0	
0	0	1	1	0	0	0	2	0	1	1	0	0	0	0	0	3	0	0	0	0	0	0	0	0	0	0	0	
--------------------

--------------------
Best Solution Found!
--------------------
Time: 0 hour(s), 0 minute(s), 0 second(s), 495 millisecond(s)

Fitness: 162788

1	0	1	1	0	1	0	0	0	0	1	1	1	2	0	0	0	0	0	0	0	0	0	0	0	2	1	1	
1	0	0	2	0	0	0	3	1	3	0	0	0	0	1	3	3	0	0	0	0	0	0	0	0	0	0	0	
1	0	1	0	0	2	1	0	0	0	1	2	0	0	1	0	0	0	0	1	0	0	0	1	0	0	2	0	
1	0	1	0	0	0	1	0	1	1	0	1	2	1	0	3	3	0	0	0	2	0	0	0	0	1	0	0	
2	0	1	2	1	0	0	0	0	0	0	1	0	1	0	0	0	0	0	0	0	0	2	0	0	0	1	1	
1	2	3	1	0	0	0	3	2	1	0	1	2	3	0	0	3	2	0	0	1	0	0	0	0	0	1	0	
1	2	0	1	1	1	0	0	1	1	3	0	0	0	2	3	3	0	0	0	2	0	2	0	0	0	1	0	
0	0	0	0	0	0	0	3	2	0	3	1	3	0	2	0	0	3	0	0	1	0	0	0	0	1	0	0	
1	2	0	0	1	0	0	0	0	0	1	0	2	1	0	0	0	0	0	0	1	1	2	0	1	0	0	0	
0	0	1	0	0	0	0	0	0	0	0	1	0	0	0	0	0	0	0	0	1	0	0	1	0	1	2	1	
1	0	3	0	0	2	0	3	1	1	1	0	2	0	0	0	0	0	0	0	0	0	1	1	0	0	0	0	
0	2	1	1	0	0	0	0	1	1	0	0	1	1	0	0	2	0	0	0	0	0	0	0	0	0	0	0	
1	2	1	1	2	0	0	3	1	0	1	1	0	0	1	0	0	0	0	0	1	0	0	0	2	0	1	0	
0	2	0	1	1	1	0	3	0	0	1	0	0	2	0	0	0	0	1	0	0	0	0	0	0	1	0	0	
1	3	1	0	1	1	1	0	0	1	1	2	0	1	0	0	0	3	0	0	2	0	0	0	0	0	1	1	
0	2	1	0	0	1	0	0	0	0	0	0	0	0	0	0	0	0	1	0	0	0	0	0	0	0	1	3	
0	0	0	0	1	0	2	2	0	0	0	1	2	0	1	0	0	0	0	0	1	2	0	0	0	0	2	1	
2	0	2	2	2	1	0	0	0	0	0	0	2	1	0	0	0	0	0	0	0	0	0	0	0	0	0	1	
2	0	1	1	0	1	1	2	0	0	1	1	0	1	0	0	0	0	0	0	1	0	1	0	2	0	1	0	
0	2	0	1	1	0	1	3	1	1	0	0	2	1	0	0	0	0	0	0	0	0	0	0	0	0	1	0	
2	1	0	1	1	0	1	3	0	0	0	0	0	0	0	0	0	3	0	0	1	0	0	0	0	0	0	0	
1	0	0	0	1	0	1	3	0	0	0	1	2	0	0	0	0	0	3	0	0	0	0	0	0	0	1	0	
0	0	0	0	2	0	0	0	1	0	0	0	0	0	0	0	0	0	0	0	0	0	0	1	0	0	1	0	
1	2	0	0	1	1	1	3	0	0	0	1	0	1	0	2	2	3	0	0	0	0	0	0	0	0	0	0	
0	0	1	0	1	1	1	3	1	0	0	2	0	0	1	3	3	0	0	0	0	0	2	0	0	2	0	0	
1	2	0	0	0	0	2	0	0	3	1	0	2	1	0	0	0	0	0	0	1	0	0	1	0	2	0	0	
0	0	0	0	0	0	0	0	0	1	0	1	2	0	2	3	0	0	0	0	1	0	0	3	0	0	0	0	
1	0	0	0	0	0	0	0	1	0	0	0	2	0	0	0	3	3	3	0	0	1	2	1	0	0	1	0	
0	0	1	1	0	1	0	3	0	1	0	1	2	0	0	0	0	0	0	0	1	1	1	0	0	1	1	0	
0	0	1	1	0	0	0	2	0	1	1	0	0	0	0	0	3	0	0	0	0	0	0	0	0	0	0	0	
--------------------

--------------------
Best Solution Found!
--------------------
Time: 0 hour(s), 0 minute(s), 1 second(s), 320 millisecond(s)

Fitness: 157798

1	0	1	0	1	1	1	0	0	0	0	0	2	2	0	0	0	0	1	0	1	0	0	0	0	0	1	0	
1	2	1	0	0	1	0	0	1	1	0	1	0	0	0	0	0	0	0	0	1	0	1	0	0	1	0	0	
0	0	1	0	1	1	1	0	1	0	0	0	0	0	0	0	3	3	0	0	0	0	2	0	0	0	1	0	
1	2	0	0	2	2	0	3	0	0	3	0	2	1	0	0	0	0	0	0	1	0	2	0	0	2	2	1	
1	0	0	1	0	0	0	0	0	1	1	0	0	0	2	0	0	0	0	0	0	0	1	1	0	0	1	0	
0	0	0	1	0	1	2	3	1	0	1	0	2	0	0	0	0	0	0	0	1	0	0	0	0	0	0	3	
1	0	1	0	2	0	0	0	0	0	0	1	2	1	0	0	0	0	0	0	2	2	0	1	0	0	1	0	
0	0	1	0	1	0	0	0	0	0	1	1	0	1	0	0	0	0	0	0	0	0	0	0	0	0	1	1	
1	0	0	1	1	0	0	0	0	1	0	1	2	0	0	0	0	3	3	0	0	0	0	0	0	0	0	0	
1	0	1	0	0	1	0	2	2	0	1	1	2	0	2	0	2	0	3	0	1	0	0	0	2	1	1	0	
1	0	0	0	1	1	0	0	0	0	1	1	3	1	0	0	0	0	0	0	1	0	0	3	1	2	2	0	
0	2	2	0	1	0	0	3	1	1	0	1	1	0	0	3	3	0	0	0	2	0	0	0	0	0	1	0	
0	0	0	0	1	1	0	3	0	1	0	0	0	0	0	0	3	0	0	0	1	0	0	0	0	0	1	1	
1	0	0	0	0	1	1	0	0	3	1	0	0	1	0	3	0	3	0	0	0	0	1	0	0	0	1	0	
2	2	0	1	1	0	0	0	0	1	1	0	2	1	1	0	0	0	0	0	0	0	0	1	0	0	0	0	
1	0	0	0	0	0	0	0	0	0	0	0	0	0	0	0	3	3	0	0	1	0	2	0	0	1	0	0	
1	0	3	2	1	0	1	3	1	0	1	2	0	0	0	0	0	0	0	1	2	0	0	0	0	0	1	1	
0	2	0	1	1	1	0	3	2	0	0	1	0	0	1	0	3	0	0	0	1	0	0	0	0	2	0	0	
0	2	1	1	0	0	0	0	0	0	0	1	2	1	0	0	0	0	0	0	0	0	0	0	0	0	1	0	
0	3	3	1	0	0	0	3	1	1	1	1	0	1	1	3	3	0	0	0	0	1	2	0	0	0	0	0	
0	2	0	0	0	0	0	0	1	1	0	0	0	0	0	3	0	0	0	0	0	0	0	1	0	0	0	0	
2	2	1	2	0	0	1	0	1	3	0	0	2	2	0	0	0	0	0	0	0	0	0	0	0	0	2	0	
2	1	1	1	1	0	1	3	0	0	0	2	0	0	0	0	0	0	0	0	0	0	0	0	0	1	1	0	
2	0	0	0	0	0	2	3	0	0	3	1	2	0	0	0	0	2	0	0	0	0	0	1	0	0	0	0	
0	0	1	1	0	1	1	3	1	0	1	0	0	0	0	0	0	0	0	0	1	1	0	0	0	0	0	0	
1	0	1	2	0	0	0	3	0	0	0	0	2	3	1	0	2	0	0	0	0	0	0	0	0	0	0	1	
0	0	0	1	0	0	1	0	1	1	0	0	0	0	1	3	0	0	0	0	0	0	0	0	0	1	1	0	
1	2	1	0	0	0	0	2	0	0	0	1	1	1	2	0	0	0	0	0	0	0	0	0	2	0	0	1	
1	2	1	0	0	2	1	3	0	0	0	2	2	1	0	0	0	0	1	0	1	0	0	1	0	0	0	0	
0	0	0	1	2	0	0	2	0	1	0	1	0	0	0	2	3	3	0	0	0	1	2	0	0	0	0	0	
--------------------

--------------------
Best Solution Found!
--------------------
Time: 0 hour(s), 0 minute(s), 27 second(s), 428 millisecond(s)

Fitness: 157790

1	3	0	0	0	2	1	0	1	0	1	1	0	1	0	3	3	0	0	0	1	0	0	0	0	0	2	0	
1	0	1	0	1	1	1	0	0	1	3	1	0	0	0	0	2	3	0	0	0	0	2	1	0	2	2	0	
0	0	3	1	0	0	0	0	0	0	0	0	0	1	0	0	2	0	0	0	0	1	0	0	0	0	1	0	
1	0	1	0	1	1	0	3	0	0	0	0	2	2	0	0	0	0	0	0	0	0	0	0	0	1	0	1	
2	2	0	1	0	1	1	0	0	0	1	0	2	1	1	3	0	0	0	0	0	1	0	0	2	0	1	1	
0	2	1	0	1	0	0	0	2	1	1	0	0	1	1	0	0	0	0	0	1	0	1	1	0	2	1	1	
0	0	0	0	0	1	1	0	0	0	0	1	3	1	2	0	0	0	0	0	1	0	0	0	0	0	0	0	
1	0	1	1	1	1	0	0	0	0	1	1	2	0	0	0	3	0	0	0	2	0	0	0	0	2	1	0	
0	0	0	1	2	0	0	3	0	0	1	2	1	0	0	0	3	0	0	0	1	0	0	0	0	1	0	0	
0	0	1	0	0	1	2	3	1	0	0	2	0	0	0	2	3	0	0	1	1	0	0	0	0	1	1	0	
2	2	0	0	2	0	1	2	0	0	0	1	0	3	0	0	0	2	1	0	0	0	0	0	1	0	0	0	
0	0	1	0	0	0	0	3	1	1	0	1	0	0	0	0	0	0	0	0	1	0	0	0	0	0	0	0	
0	2	3	1	1	0	0	3	0	3	3	0	0	1	0	0	0	0	0	0	0	0	0	0	0	0	0	0	
0	0	0	2	2	0	0	0	1	0	0	1	1	0	0	0	0	0	0	0	0	0	2	1	0	0	1	0	
1	2	1	1	1	2	1	3	0	0	1	0	0	0	0	0	3	3	0	0	0	0	0	0	0	0	0	0	
1	2	0	0	0	0	0	3	1	1	1	1	2	0	2	0	3	0	1	0	1	0	2	1	0	0	1	1	
0	0	1	2	0	0	0	3	0	0	0	1	2	0	1	3	0	3	0	0	0	0	0	0	0	1	1	0	
2	0	1	0	0	0	0	2	1	1	0	0	0	0	1	0	0	0	0	0	2	0	1	1	0	0	1	3	
1	0	0	1	1	0	0	0	0	1	1	0	0	0	0	0	0	0	3	0	0	0	0	1	0	0	0	0	
0	2	0	0	0	1	1	3	0	0	0	1	2	0	0	3	0	0	0	0	0	0	2	0	0	0	0	0	
1	0	0	1	1	0	0	0	1	1	1	1	2	0	0	0	0	0	0	0	1	0	1	0	0	0	0	0	
1	0	1	0	0	0	0	0	1	1	0	2	2	2	0	0	0	3	3	0	1	0	0	0	0	0	1	1	
0	2	0	0	0	1	2	3	0	0	0	0	0	1	2	0	0	0	0	0	0	0	0	0	0	0	0	0	
1	2	1	1	1	0	1	2	0	0	0	1	0	0	0	3	0	0	0	0	0	0	2	0	0	0	1	0	
1	0	0	0	0	0	0	0	0	0	0	0	2	0	1	0	0	0	0	0	1	2	0	0	0	0	1	0	
0	0	1	0	1	1	0	0	1	0	0	1	2	1	0	0	0	0	0	0	0	0	0	3	0	0	0	0	
1	0	2	2	1	0	0	3	2	1	1	0	2	1	0	0	0	3	0	0	0	0	0	0	0	0	0	0	
2	2	0	1	0	0	1	0	0	0	0	0	2	0	0	0	0	0	0	0	1	0	0	0	0	0	2	0	
1	0	1	1	0	0	0	3	0	1	0	0	0	1	0	0	3	0	0	0	2	1	0	0	0	0	1	1	
1	1	0	0	0	1	0	0	1	3	0	0	0	0	0	0	0	0	0	0	0	0	0	0	2	1	0	0	
--------------------

--------------------
Best Solution Found!
--------------------
Time: 0 hour(s), 0 minute(s), 28 second(s), 938 millisecond(s)

Fitness: 156782

0	2	0	0	0	1	0	0	1	1	0	1	2	0	0	0	0	3	0	0	0	2	2	0	0	0	0	0	
0	0	0	0	0	0	2	3	0	0	1	1	0	0	0	0	0	0	0	0	0	0	0	0	0	1	1	0	
2	0	3	1	0	1	0	3	0	0	0	2	0	0	0	3	0	0	0	0	0	0	0	1	0	2	1	1	
1	0	0	0	0	1	1	3	1	3	3	1	2	0	2	0	3	0	0	0	0	0	0	0	0	0	1	0	
1	0	0	0	0	1	0	0	0	0	0	1	2	1	0	0	3	3	0	0	1	0	0	0	0	0	0	0	
1	2	1	0	0	0	0	0	0	1	1	0	2	0	0	0	0	0	0	0	1	1	1	0	0	0	0	0	
0	2	1	0	1	0	0	0	0	1	1	0	0	2	1	3	3	2	0	0	1	0	0	1	1	0	0	0	
1	2	0	0	0	0	0	0	0	1	0	1	0	1	0	0	2	3	0	0	1	1	0	0	0	1	2	0	
1	0	1	2	0	1	0	0	1	1	0	0	0	0	0	3	3	0	0	0	0	0	0	0	0	0	0	1	
2	0	1	1	0	0	1	0	0	1	0	0	1	1	0	2	0	0	0	0	2	0	0	0	0	0	2	0	
1	2	0	1	0	0	1	0	0	1	1	1	2	0	0	0	0	0	0	0	0	0	0	0	0	0	1	0	
1	2	0	1	1	0	1	2	0	0	0	1	2	0	0	0	3	0	0	0	1	0	0	1	2	0	0	0	
1	2	1	2	0	2	1	3	1	0	0	0	0	0	0	0	0	3	3	0	0	0	0	0	0	1	1	0	
1	0	0	1	1	1	0	3	0	3	0	0	0	1	1	0	0	0	0	0	0	0	0	0	0	0	1	0	
0	3	1	1	1	0	2	0	1	0	1	1	0	3	0	0	0	0	0	0	2	0	0	0	2	0	0	1	
0	0	2	1	1	0	0	0	1	0	0	1	1	0	0	0	0	0	3	0	1	0	0	0	0	2	1	0	
0	0	0	1	2	0	0	3	2	0	0	2	2	1	0	0	2	0	0	0	1	1	0	0	0	1	0	0	
1	0	1	0	0	0	0	3	1	0	1	1	0	2	2	3	0	0	0	0	1	0	1	1	0	2	0	0	
0	2	0	0	1	1	0	3	0	0	0	1	2	0	0	0	0	0	0	0	0	0	2	1	0	0	0	1	
1	0	1	0	2	0	0	3	1	0	0	0	0	1	2	3	3	0	0	0	0	0	0	0	0	0	1	0	
2	0	1	0	1	1	1	0	0	0	0	0	0	1	0	0	0	0	0	0	0	0	0	0	0	0	1	0	
0	0	0	0	1	1	1	0	2	0	1	1	2	0	0	0	0	0	0	0	0	0	2	0	0	0	1	0	
1	0	0	0	0	1	0	0	0	1	1	0	3	1	1	0	0	0	0	0	0	0	2	1	0	0	0	1	
0	0	0	1	1	0	0	3	0	0	0	0	0	1	1	0	0	0	0	0	0	0	0	0	0	0	0	1	
2	2	1	0	0	0	1	2	0	0	0	2	0	0	0	0	0	0	1	0	1	0	2	3	0	1	0	0	
1	2	1	0	1	0	1	3	1	0	0	0	0	0	0	0	0	0	1	1	2	0	1	0	0	0	1	0	
0	0	3	1	2	0	0	0	1	0	0	0	2	0	1	0	0	0	0	0	0	0	0	0	0	0	1	3	
0	1	1	0	0	0	0	2	0	0	3	1	2	0	0	0	0	0	0	0	0	0	0	0	0	0	0	0	
0	0	1	1	0	2	0	3	0	1	1	0	2	1	0	0	0	3	0	0	1	0	0	0	0	0	2	0	
1	0	0	2	1	0	0	0	0	1	1	0	0	0	0	0	3	0	0	0	1	0	0	0	0	0	1	0	
--------------------

--------------------
Best Solution Found!
--------------------
Time: 0 hour(s), 0 minute(s), 47 second(s), 406 millisecond(s)

Fitness: 156763

0	0	0	1	1	0	0	3	0	0	1	1	0	0	0	0	0	0	0	0	0	0	2	0	0	0	0	0	
0	0	0	1	2	0	1	3	1	0	0	0	0	1	0	3	0	0	0	0	0	0	0	1	1	0	1	0	
1	2	0	0	1	0	0	0	0	0	0	0	0	0	1	3	2	0	0	0	0	0	0	0	0	1	1	1	
1	0	0	1	1	0	2	3	1	0	1	1	1	1	0	0	0	0	0	0	1	0	0	0	0	0	1	1	
2	0	0	0	0	0	0	2	1	0	0	1	0	0	0	3	3	3	0	0	1	0	0	0	2	1	1	0	
0	0	0	0	0	0	0	3	0	0	1	0	0	2	0	0	0	0	0	0	0	0	2	0	0	0	0	1	
0	2	1	0	0	0	0	3	1	0	0	2	2	1	0	0	0	0	0	0	0	2	2	0	0	0	1	0	
1	2	0	0	0	0	0	0	0	1	0	1	2	0	1	0	0	0	0	0	1	1	0	1	0	0	0	0	
1	0	0	1	1	1	1	0	1	1	1	0	2	0	0	0	0	0	1	0	1	0	0	1	0	0	1	0	
1	2	1	0	1	1	0	2	0	1	1	0	2	1	1	0	0	0	0	0	1	1	2	0	0	0	0	0	
2	2	1	1	0	1	0	3	0	0	0	0	2	1	0	0	3	0	0	0	1	0	0	0	0	2	1	0	
1	2	0	0	0	0	2	0	0	0	0	0	2	1	0	0	0	0	0	0	2	0	0	0	0	1	1	0	
0	0	0	0	0	1	1	0	1	0	0	2	0	0	2	2	0	0	0	0	0	0	1	1	0	0	2	0	
2	2	1	0	1	2	0	0	1	0	0	1	2	0	0	0	0	0	3	0	1	0	0	0	0	0	0	0	
1	0	0	0	2	1	1	0	0	1	1	0	0	2	0	0	0	0	0	0	0	0	0	0	0	0	2	3	
2	3	0	2	1	1	1	3	0	0	1	1	0	0	0	0	0	0	0	0	0	0	0	0	0	0	0	0	
1	0	0	2	2	0	0	0	0	3	3	1	2	0	0	0	3	3	0	1	0	0	2	3	0	0	2	0	
1	1	1	1	1	0	0	0	0	0	0	1	1	1	2	0	3	3	0	0	0	0	0	0	0	1	0	0	
0	0	1	1	0	1	0	0	0	0	3	1	2	0	0	0	0	0	0	0	1	1	0	0	0	1	1	0	
0	2	0	0	0	0	1	3	2	0	0	0	0	1	2	0	0	0	0	0	1	0	0	0	0	0	0	0	
1	2	3	2	1	1	0	3	1	1	0	0	0	1	1	0	0	0	0	0	0	0	0	0	2	0	0	0	
0	0	3	1	0	0	0	3	0	1	1	0	0	1	1	0	0	0	0	0	0	0	1	1	0	2	0	0	
0	0	1	0	0	1	1	0	1	0	0	1	0	3	0	0	0	0	0	0	1	0	0	0	0	0	1	0	
1	0	1	0	0	0	1	0	0	0	0	0	0	0	0	3	0	3	0	0	0	0	0	0	0	0	1	0	
1	0	1	0	0	0	0	0	0	1	0	1	2	0	0	0	0	3	0	0	2	0	0	0	0	0	0	0	
0	0	1	0	0	1	0	3	2	1	1	0	0	0	0	0	0	0	0	0	0	0	0	0	0	2	0	1	
1	0	1	1	0	2	0	2	1	0	0	0	3	0	0	0	3	0	1	0	0	0	0	0	0	0	1	1	
0	2	1	0	0	0	0	0	0	3	0	1	0	0	0	3	2	2	3	0	2	0	0	0	0	0	0	1	
1	0	1	1	1	0	0	0	0	1	1	1	2	0	0	0	3	0	0	0	0	0	1	0	0	0	0	0	
0	0	2	1	1	0	1	3	0	1	0	2	2	0	0	0	3	0	0	0	1	0	0	1	0	0	1	0	
--------------------

--------------------
Best Solution Found!
--------------------
Time: 0 hour(s), 0 minute(s), 47 second(s), 409 millisecond(s)

Fitness: 155758

0	0	0	1	1	0	0	3	0	0	1	1	0	0	0	0	0	0	0	0	0	0	2	0	0	0	0	0	
0	0	0	1	2	0	1	3	1	0	0	0	0	1	0	3	0	0	0	0	0	0	0	1	1	0	1	0	
1	2	0	0	1	0	0	0	0	0	0	0	0	0	1	3	2	0	0	0	0	0	0	0	0	1	1	1	
1	0	0	1	1	0	2	3	1	0	1	1	0	1	0	0	0	0	0	0	1	0	0	0	0	0	1	1	
2	0	0	0	0	0	0	2	1	0	0	1	2	0	0	3	3	3	0	0	1	0	0	0	2	1	1	0	
0	0	0	0	0	0	0	3	0	0	1	0	0	2	0	0	0	0	0	0	0	0	2	0	0	0	0	1	
0	2	1	0	0	0	0	3	1	0	0	2	2	1	0	0	0	0	0	0	0	2	2	0	0	0	1	0	
1	2	0	0	0	0	0	0	0	1	0	1	2	0	1	0	0	0	0	0	1	1	0	1	0	0	0	0	
1	0	0	1	1	1	1	0	1	1	1	0	0	0	0	0	0	0	1	0	1	0	0	1	0	0	1	0	
1	2	1	0	1	1	0	2	0	1	1	0	2	1	1	0	0	0	0	0	1	1	2	0	0	0	0	0	
2	2	1	1	0	1	0	3	0	0	0	0	2	1	0	0	3	0	0	0	1	0	0	0	0	2	1	0	
1	2	0	0	0	0	2	0	0	0	0	0	0	1	0	0	0	0	0	0	2	0	0	0	0	1	1	0	
0	0	0	0	0	1	1	0	1	0	0	2	0	0	2	2	0	0	0	0	0	0	1	1	0	0	2	0	
2	2	1	0	1	2	0	0	1	0	0	1	2	0	0	0	0	0	3	0	1	0	0	0	0	0	0	0	
1	0	0	0	2	1	1	0	0	1	1	0	0	2	0	0	0	0	0	0	0	0	0	0	0	0	2	3	
2	3	0	2	1	1	1	3	0	0	1	1	2	0	0	0	0	0	0	0	0	0	0	0	0	0	0	0	
1	0	0	2	2	0	0	0	0	3	3	1	0	0	0	0	3	3	0	1	0	0	2	3	0	0	2	0	
1	1	1	1	1	0	0	0	0	0	0	1	0	1	2	0	3	3	0	0	0	0	0	0	0	1	0	0	
0	0	1	1	0	1	0	0	0	0	3	1	2	0	0	0	0	0	0	0	1	1	0	0	0	1	1	0	
0	2	0	0	0	0	1	3	2	0	0	0	1	1	2	0	0	0	0	0	1	0	0	0	0	0	0	0	
1	2	3	2	1	1	0	3	1	1	0	0	2	1	1	0	0	0	0	0	0	0	0	0	2	0	0	0	
0	0	3	1	0	0	0	3	0	1	1	0	2	1	1	0	0	0	0	0	0	0	1	1	0	2	0	0	
0	0	1	0	0	1	1	0	1	0	0	1	3	3	0	0	0	0	0	0	1	0	0	0	0	0	1	0	
1	0	1	0	0	0	1	0	0	0	0	0	2	0	0	3	0	3	0	0	0	0	0	0	0	0	1	0	
1	0	1	0	0	0	0	0	0	1	0	1	0	0	0	0	0	3	0	0	2	0	0	0	0	0	0	0	
0	0	1	0	0	1	0	3	2	1	1	0	0	0	0	0	0	0	0	0	0	0	0	0	0	2	0	1	
1	0	1	1	0	2	0	2	1	0	0	0	1	0	0	0	3	0	1	0	0	0	0	0	0	0	1	1	
0	2	1	0	0	0	0	0	0	3	0	1	2	0	0	3	2	2	3	0	2	0	0	0	0	0	0	1	
1	0	1	1	1	0	0	0	0	1	1	1	0	0	0	0	3	0	0	0	0	0	1	0	0	0	0	0	
0	0	2	1	1	0	1	3	0	1	0	2	0	0	0	0	3	0	0	0	1	0	0	1	0	0	1	0	
--------------------

--------------------
Best Solution Found!
--------------------
Time: 0 hour(s), 5 minute(s), 25 second(s), 227 millisecond(s)

Fitness: 153777

0	2	1	2	1	0	0	3	0	0	0	0	2	0	0	0	0	0	0	0	1	0	0	0	0	0	0	0	
1	0	1	0	0	0	0	0	1	0	0	0	0	0	0	0	0	0	0	0	2	0	1	1	0	0	0	0	
0	2	1	0	0	2	0	3	0	0	0	1	1	1	0	0	2	0	0	0	0	0	0	0	0	0	0	3	
1	0	1	1	1	1	0	3	0	1	0	1	2	1	2	0	0	0	0	0	1	0	2	0	0	1	0	0	
0	3	3	1	0	0	0	3	0	0	0	1	2	0	0	0	0	0	0	0	0	0	2	1	0	0	0	0	
0	2	0	1	0	0	0	0	0	0	1	1	2	0	0	3	3	0	0	0	0	0	0	0	0	0	0	0	
1	0	1	0	2	2	2	3	1	1	3	0	0	1	1	0	0	0	0	0	0	0	0	0	0	1	1	0	
1	0	0	0	1	0	0	3	0	1	1	1	0	0	0	3	3	2	0	1	1	0	1	0	0	0	1	0	
1	0	0	0	1	0	0	3	1	0	0	0	0	1	0	0	2	3	0	0	0	0	0	1	2	0	0	0	
0	0	0	0	0	1	1	0	2	0	1	1	2	2	0	0	0	0	0	0	1	0	0	0	0	0	0	0	
2	0	1	0	0	1	1	3	0	0	0	2	2	0	0	0	0	0	0	0	0	0	0	0	0	0	2	1	
0	0	2	1	1	0	0	3	0	3	0	0	0	2	0	0	3	3	0	0	0	0	1	0	0	0	0	0	
1	2	1	1	0	0	2	3	1	0	1	0	2	0	0	0	0	0	0	0	1	0	0	0	0	0	1	0	
1	1	0	0	0	0	1	0	0	1	1	1	0	0	0	3	3	0	3	0	1	1	0	0	0	2	1	1	
2	0	0	2	1	1	0	2	2	0	1	1	0	1	1	0	0	0	0	0	0	0	0	0	1	0	1	1	
0	0	1	0	0	1	1	0	0	0	0	1	2	0	0	0	0	3	0	0	0	2	0	1	0	1	2	0	
2	0	3	1	0	0	1	2	0	0	0	1	0	0	2	3	0	0	0	0	2	0	0	0	0	0	0	0	
1	2	0	0	0	0	0	0	0	0	0	0	2	0	0	0	3	0	0	0	1	1	2	1	0	1	2	0	
0	0	1	2	1	0	0	0	1	0	0	0	0	0	0	0	0	0	0	0	1	0	0	1	0	0	0	0	
0	0	1	0	2	1	0	0	0	1	0	1	1	1	1	0	3	0	1	0	1	0	0	0	0	2	1	0	
1	2	1	1	0	0	1	0	0	3	0	2	0	1	0	0	0	3	3	0	0	0	0	0	0	0	1	0	
1	2	0	1	1	0	0	0	1	1	1	0	0	0	0	0	0	0	0	0	2	1	2	3	0	0	0	0	
1	2	0	0	0	1	1	0	1	0	0	0	2	0	0	0	0	0	0	0	0	0	0	0	2	0	0	0	
1	0	0	1	1	0	1	0	0	1	1	1	0	3	1	0	0	0	0	0	0	0	0	0	0	0	1	0	
1	2	0	0	0	0	0	0	1	1	3	0	2	1	0	0	0	0	0	0	0	0	0	0	0	1	1	1	
2	0	0	0	2	1	0	3	0	1	0	0	3	1	2	0	0	0	0	0	0	0	2	0	0	0	1	0	
0	0	1	1	1	0	0	3	0	0	1	2	2	0	0	0	0	0	0	0	0	0	0	0	0	0	0	0	
0	2	0	0	1	1	1	0	1	0	0	0	0	0	0	3	0	0	0	0	1	0	0	0	0	0	1	0	
1	0	1	0	0	1	0	0	1	1	0	1	0	0	1	2	0	0	0	0	1	0	0	0	0	0	1	1	
0	0	0	1	0	0	0	2	0	0	1	0	0	1	0	0	3	3	1	0	0	0	0	0	0	2	1	1	
--------------------

--------------------
Best Solution Found!
--------------------
Time: 0 hour(s), 6 minute(s), 28 second(s), 405 millisecond(s)

Fitness: 152770

1	0	1	0	0	0	0	3	1	1	0	0	2	1	1	0	0	0	0	0	0	0	0	1	0	0	0	1	
1	0	1	0	1	0	2	3	0	1	1	0	2	1	0	0	3	3	0	0	1	0	0	0	0	0	1	0	
0	0	0	1	0	1	1	0	0	1	1	0	3	0	0	0	3	3	3	0	1	0	2	0	0	0	2	0	
1	0	1	2	0	0	1	3	0	1	0	0	1	0	2	3	3	0	0	0	2	0	0	0	0	0	0	0	
0	3	1	2	0	0	1	0	1	1	1	1	0	0	0	0	0	0	0	0	1	0	0	0	0	0	0	0	
0	2	1	0	0	2	1	2	1	0	0	0	2	1	0	0	0	0	0	0	1	0	0	0	0	0	1	0	
1	0	0	0	1	0	0	3	1	0	0	0	0	0	0	0	0	3	0	0	2	0	0	0	0	2	1	1	
0	0	1	1	0	1	0	0	1	0	0	0	2	1	1	0	0	0	0	0	1	0	0	0	0	0	0	0	
2	0	1	0	0	0	1	3	0	0	0	1	0	0	0	0	0	0	0	0	2	0	0	0	0	0	1	0	
1	0	0	1	1	2	0	0	0	0	1	1	0	2	0	0	3	2	0	0	0	1	2	0	0	0	1	1	
0	2	3	1	0	1	0	3	1	0	0	1	2	2	2	0	2	3	0	0	1	2	1	0	0	1	1	0	
1	0	0	1	2	1	0	3	0	0	1	1	0	0	0	0	0	0	0	0	0	0	0	0	0	1	1	0	
1	2	1	1	0	0	1	0	0	3	1	0	0	1	0	0	0	0	0	1	0	0	1	0	0	0	0	0	
0	2	0	1	1	0	0	0	0	1	0	1	0	0	0	0	0	0	0	0	1	0	0	1	0	0	0	3	
0	0	3	0	0	0	0	3	0	0	1	0	2	0	0	3	0	0	0	0	0	0	2	1	2	0	1	1	
0	2	0	0	1	0	0	2	2	0	0	1	2	0	0	0	0	0	0	0	0	0	2	0	0	0	2	0	
1	2	1	0	1	1	0	0	0	1	3	2	2	0	0	0	0	0	0	0	0	0	0	0	0	0	0	0	
1	1	1	0	0	1	2	3	2	0	0	1	2	0	0	0	0	0	0	0	1	0	0	0	0	0	0	0	
2	0	1	2	1	0	0	0	1	0	1	2	1	1	0	0	3	0	0	0	0	0	0	0	0	0	0	0	
1	0	0	0	0	1	0	0	0	0	0	2	2	0	0	0	0	0	3	0	0	0	0	0	0	2	1	0	
2	2	0	0	0	0	0	0	0	1	0	1	0	0	1	0	0	0	0	0	0	1	0	0	0	1	0	0	
1	2	0	1	1	0	0	0	0	0	0	0	0	0	0	3	2	0	0	0	0	0	0	0	0	0	0	1	
0	0	0	0	1	1	1	3	0	0	0	1	0	0	0	0	0	0	0	0	0	0	0	0	0	1	0	0	
0	0	0	0	0	0	0	2	1	1	0	1	2	1	0	3	3	3	1	0	1	0	0	0	0	0	0	0	
0	0	0	0	0	1	1	0	0	1	1	1	0	1	1	0	0	0	0	0	0	1	2	0	0	1	1	0	
1	2	0	0	2	0	0	0	1	0	0	0	0	1	1	2	0	0	0	0	0	0	1	1	2	0	1	0	
0	0	1	1	1	0	0	0	1	3	1	0	0	1	0	0	0	0	0	0	0	0	0	1	1	0	1	0	
2	0	2	0	2	0	0	3	0	0	0	0	2	0	0	0	0	0	0	0	1	0	0	3	0	0	2	0	
1	2	1	1	0	1	1	0	0	0	0	0	0	3	2	0	0	0	1	0	0	0	0	0	0	2	0	0	
1	0	0	1	1	0	0	3	0	0	3	1	0	0	0	3	3	0	0	0	1	0	0	1	0	0	1	1	
--------------------

--------------------
Best Solution Found!
--------------------
Time: 0 hour(s), 7 minute(s), 10 second(s), 548 millisecond(s)

Fitness: 146792

0	0	1	0	0	1	0	3	1	0	0	0	1	1	0	0	0	0	1	0	0	1	2	1	0	2	1	0	
1	3	0	0	0	1	1	0	0	0	1	1	2	0	1	3	0	0	0	0	0	2	0	0	0	0	0	0	
0	0	0	0	1	0	0	0	0	0	0	0	2	0	1	0	0	0	0	0	0	0	0	0	0	0	1	0	
1	0	1	0	0	1	1	3	0	1	1	1	0	0	1	0	0	2	0	0	2	0	2	1	0	0	0	0	
2	2	0	0	1	0	0	0	0	0	0	0	0	0	0	0	2	3	0	0	0	0	0	0	0	0	1	0	
1	0	1	1	1	2	0	0	0	0	1	1	0	0	0	0	0	3	1	0	0	0	0	1	0	0	1	1	
1	2	1	0	2	1	0	2	0	0	0	1	2	2	2	0	3	3	0	0	1	0	0	0	0	1	2	0	
2	0	0	0	1	0	0	3	1	0	1	1	2	0	0	3	0	0	0	0	1	1	0	0	0	0	0	0	
1	0	1	0	0	2	0	0	1	1	0	1	2	0	0	0	3	0	0	0	1	0	0	0	0	0	1	0	
1	0	0	0	0	1	0	3	1	1	0	0	0	0	0	0	0	0	0	0	1	0	2	0	1	1	1	0	
0	2	2	1	2	0	1	2	2	3	1	1	0	0	0	0	0	0	0	0	0	0	0	0	0	0	0	3	
1	1	3	1	0	0	1	0	0	0	0	0	0	1	0	0	0	0	0	0	0	0	0	0	0	0	0	0	
1	2	0	0	0	0	0	0	2	0	1	0	3	1	0	0	0	0	0	1	0	0	1	0	0	0	1	0	
1	2	1	2	0	0	1	3	0	0	1	0	0	0	0	0	0	0	0	0	1	0	0	0	0	0	0	1	
1	2	0	2	1	0	1	3	0	1	0	0	2	2	1	0	0	0	0	0	1	0	0	0	0	0	2	1	
1	2	1	0	0	0	0	3	0	0	0	1	1	1	1	0	0	0	0	0	1	0	2	1	0	0	2	1	
1	0	1	0	0	0	0	0	1	1	0	1	2	1	0	3	3	0	0	0	1	0	0	0	0	0	0	0	
1	2	0	0	0	1	0	0	0	0	0	2	2	1	0	0	0	0	0	0	1	1	0	0	0	1	0	0	
2	0	0	1	1	0	2	0	0	0	3	0	0	0	0	0	3	0	0	0	2	0	1	0	0	0	1	1	
0	0	1	2	2	1	2	0	1	1	0	0	0	0	0	2	3	3	0	0	0	0	0	1	0	0	1	1	
0	0	0	0	0	1	0	0	0	1	0	0	0	0	0	3	3	0	0	0	0	0	0	0	0	2	1	0	
0	0	0	1	1	0	0	0	1	0	0	0	0	0	0	0	0	0	0	0	0	0	2	3	2	0	0	0	
0	0	1	1	1	1	0	0	1	1	1	1	0	0	0	0	0	0	0	0	1	0	0	0	2	2	0	0	
0	0	1	1	1	0	1	3	0	0	0	0	2	1	2	0	0	0	3	0	0	0	0	0	0	0	0	0	
0	0	0	1	0	0	0	3	0	1	3	1	2	0	0	3	0	0	0	0	0	0	0	0	0	0	0	0	
0	0	1	0	0	0	1	2	1	1	0	0	2	1	2	0	2	3	3	0	1	0	0	0	0	0	1	0	
0	2	0	1	1	0	0	3	0	0	1	2	0	1	0	0	0	0	0	0	0	0	0	0	0	0	0	0	
1	2	3	1	0	0	1	3	0	0	0	1	2	1	0	0	3	0	0	0	0	0	1	1	0	0	1	0	
0	0	1	1	0	1	0	0	0	3	1	1	0	0	0	0	0	0	0	0	2	0	0	0	0	1	0	0	
2	0	0	0	1	0	0	3	1	0	0	2	0	3	0	0	0	0	0	0	0	0	0	0	0	1	1	0	
--------------------


The best solution was found at the restart: 26, population: 0
Total Time Elapsed: 0 hour(s), 12 minute(s), 18 second(s), 704 millisecond(s)

