--------------------
Best Solution Found!
--------------------
Time: 0 hour(s), 0 minute(s), 0 second(s), 17 millisecond(s)

Fitness: 203745

1	0	0	1	1	3	2	0	1	1	1	2	0	2	0	0	0	0	0	1	0	0	0	0	0	0	0	2	
1	0	0	0	2	0	0	0	3	0	1	2	0	2	0	2	0	0	0	1	0	0	0	0	0	0	3	2	
2	0	0	1	0	3	2	0	0	1	0	3	0	1	0	2	0	0	0	0	0	0	0	0	0	0	0	0	
1	3	0	1	0	3	2	0	0	1	0	3	0	2	0	2	0	0	0	1	0	0	0	0	0	0	1	2	
1	3	0	1	0	0	2	0	1	2	1	3	0	0	0	0	0	0	0	1	0	0	0	0	0	0	0	0	
1	0	2	2	0	0	2	0	0	1	0	3	0	0	0	1	0	0	0	0	0	0	0	0	0	0	0	0	
2	3	0	1	0	1	1	0	0	0	1	3	0	2	0	2	0	0	0	0	0	0	0	0	0	0	3	1	
1	3	0	1	0	0	0	0	1	1	0	3	0	2	0	0	0	0	0	3	0	0	0	0	0	0	0	2	
0	3	0	1	2	1	2	0	0	1	1	0	0	0	0	2	0	0	0	0	0	0	0	0	0	0	3	0	
1	3	0	2	2	0	0	0	0	2	1	3	0	2	0	1	0	0	0	0	0	0	0	0	0	0	0	0	
1	0	2	1	2	0	0	0	1	2	3	3	0	2	0	0	0	0	0	2	0	0	0	0	0	0	3	0	
0	3	1	1	2	0	2	0	0	0	0	3	0	2	0	0	0	0	0	1	0	0	0	0	0	0	3	2	
1	3	0	2	0	1	1	0	1	0	0	0	0	0	0	2	0	0	0	1	0	0	0	0	0	0	1	2	
1	3	0	0	2	3	2	0	1	1	0	0	0	0	0	2	0	0	0	0	0	0	0	0	0	0	0	1	
1	0	2	1	2	3	1	0	1	1	1	2	0	0	0	0	0	0	0	1	0	0	0	0	0	0	0	2	
1	3	0	0	1	3	2	0	0	1	1	0	0	2	0	1	0	0	0	1	0	0	0	0	0	0	3	0	
1	3	0	1	2	3	2	0	1	1	0	0	0	2	0	2	0	0	0	1	0	0	0	0	0	0	3	2	
1	0	0	1	2	3	0	0	0	1	0	0	0	2	0	2	0	0	0	1	0	0	0	0	0	0	3	2	
1	1	0	2	0	3	2	0	3	2	0	3	0	0	0	0	0	0	0	0	0	0	0	0	0	0	0	1	
0	0	2	1	2	3	2	0	1	0	3	3	0	2	0	2	0	0	0	1	0	0	0	0	0	0	3	0	
0	0	0	0	0	0	0	0	1	1	0	3	0	0	0	0	0	0	0	1	0	0	0	0	0	0	0	0	
2	1	2	1	1	0	1	0	1	1	1	3	0	0	0	0	0	0	0	1	0	0	0	0	0	0	0	0	
1	3	0	1	0	3	2	0	1	1	0	3	0	1	0	2	0	0	0	2	0	0	0	0	0	0	0	2	
1	1	0	0	0	0	2	0	1	0	1	3	0	2	0	0	0	0	0	0	0	0	0	0	0	0	3	0	
0	0	0	0	2	1	0	0	0	1	1	3	0	0	0	0	0	0	0	0	0	0	0	0	0	0	3	1	
0	0	1	1	2	3	2	0	2	0	0	0	0	0	0	2	0	0	0	1	0	0	0	0	0	0	1	2	
0	3	0	2	2	3	0	0	1	1	0	0	0	1	0	0	0	0	0	0	0	0	0	0	0	0	3	2	
2	0	1	1	0	3	2	0	0	0	3	3	0	0	0	2	0	0	0	2	0	0	0	0	0	0	0	2	
2	0	0	1	2	3	2	0	3	1	1	2	0	0	0	2	0	0	0	0	0	0	0	0	0	0	3	2	
1	0	0	0	0	0	2	0	1	1	0	0	0	2	0	0	0	0	0	1	0	0	0	0	0	0	0	2	
--------------------

--------------------
Best Solution Found!
--------------------
Time: 0 hour(s), 0 minute(s), 0 second(s), 54 millisecond(s)

Fitness: 203733

0	1	0	0	0	3	2	0	1	1	0	3	0	2	0	2	0	0	0	1	0	0	0	0	0	0	0	2	
1	3	0	2	0	0	0	0	1	1	1	0	0	0	0	2	0	0	0	1	0	0	0	0	0	0	1	2	
1	0	0	0	2	1	2	0	1	1	1	2	0	1	0	0	0	0	0	2	0	0	0	0	0	0	3	0	
1	0	0	1	0	3	2	0	0	0	1	2	0	2	0	2	0	0	0	3	0	0	0	0	0	0	3	2	
1	3	0	1	2	0	2	0	0	1	0	3	0	2	0	0	0	0	0	0	0	0	0	0	0	0	0	1	
2	3	1	1	2	0	1	0	1	0	0	0	0	2	0	0	0	0	0	1	0	0	0	0	0	0	0	0	
0	0	0	1	1	3	2	0	0	0	1	0	0	0	0	0	0	0	0	1	0	0	0	0	0	0	3	2	
1	0	0	0	2	3	1	0	1	1	0	3	0	0	0	0	0	0	0	1	0	0	0	0	0	0	3	2	
1	0	0	1	0	3	2	0	1	1	0	3	0	2	0	2	0	0	0	0	0	0	0	0	0	0	0	2	
1	3	0	1	0	3	2	0	0	1	1	3	0	2	0	0	0	0	0	1	0	0	0	0	0	0	0	0	
1	3	2	1	2	1	0	0	3	1	1	3	0	2	0	0	0	0	0	0	0	0	0	0	0	0	0	0	
0	1	2	1	0	3	0	0	1	2	0	0	0	2	0	2	0	0	0	0	0	0	0	0	0	0	0	1	
1	0	1	0	2	3	2	0	0	0	3	3	0	1	0	2	0	0	0	1	0	0	0	0	0	0	0	0	
2	3	1	1	2	1	0	0	0	1	1	3	0	0	0	2	0	0	0	1	0	0	0	0	0	0	3	0	
1	3	0	1	2	3	1	0	1	0	1	3	0	1	0	2	0	0	0	1	0	0	0	0	0	0	0	0	
0	0	2	2	2	0	2	0	1	1	1	3	0	0	0	0	0	0	0	1	0	0	0	0	0	0	1	2	
1	0	0	1	0	0	2	0	1	1	0	0	0	0	0	1	0	0	0	0	0	0	0	0	0	0	0	2	
0	0	2	1	2	3	2	0	1	2	0	3	0	2	0	0	0	0	0	0	0	0	0	0	0	0	3	2	
1	3	0	1	0	0	2	0	0	1	1	3	0	0	0	2	0	0	0	1	0	0	0	0	0	0	3	2	
1	0	0	2	1	1	2	0	1	2	0	0	0	2	0	2	0	0	0	2	0	0	0	0	0	0	0	1	
0	3	0	0	0	3	1	0	3	1	0	3	0	2	0	2	0	0	0	0	0	0	0	0	0	0	0	2	
1	0	0	1	0	0	2	0	2	1	0	3	0	0	0	0	0	0	0	0	0	0	0	0	0	0	3	0	
2	3	0	1	2	0	0	0	1	0	0	0	0	2	0	0	0	0	0	1	0	0	0	0	0	0	3	0	
2	0	0	1	1	3	0	0	1	1	0	0	0	0	0	1	0	0	0	0	0	0	0	0	0	0	3	2	
0	3	2	1	0	0	0	0	1	2	3	3	0	0	0	2	0	0	0	0	0	0	0	0	0	0	0	0	
1	0	0	2	0	3	2	0	0	0	0	0	0	2	0	2	0	0	0	1	0	0	0	0	0	0	0	2	
2	1	0	2	2	3	2	0	3	1	1	2	0	0	0	2	0	0	0	0	0	0	0	0	0	0	3	2	
1	3	0	1	2	0	2	0	0	1	3	3	0	0	0	0	0	0	0	1	0	0	0	0	0	0	3	1	
1	0	0	0	2	3	0	0	0	0	0	2	0	0	0	0	0	0	0	1	0	0	0	0	0	0	3	0	
1	3	0	0	0	0	2	0	0	1	1	3	0	2	0	1	0	0	0	2	0	0	0	0	0	0	1	2	
--------------------

--------------------
Best Solution Found!
--------------------
Time: 0 hour(s), 0 minute(s), 0 second(s), 57 millisecond(s)

Fitness: 201730

0	1	0	0	0	3	2	0	1	1	0	3	0	0	0	0	0	0	0	1	0	0	0	0	0	0	0	2	
1	3	0	2	0	0	0	0	1	1	1	0	0	2	0	0	0	0	0	1	0	0	0	0	0	0	0	0	
1	0	0	0	2	1	2	0	1	1	1	2	0	2	0	0	0	0	0	0	0	0	0	0	0	0	3	1	
1	0	0	1	0	3	2	0	0	0	1	2	0	1	0	0	0	0	0	1	0	0	0	0	0	0	3	2	
1	3	0	1	2	0	2	0	0	1	0	3	0	0	0	2	0	0	0	1	0	0	0	0	0	0	3	2	
2	3	1	1	2	0	1	0	1	0	0	0	0	1	0	2	0	0	0	1	0	0	0	0	0	0	3	0	
0	0	0	1	1	3	2	0	0	0	1	0	0	1	0	0	0	0	0	1	0	0	0	0	0	0	0	2	
1	0	0	0	2	3	1	0	1	1	0	3	0	0	0	0	0	0	0	1	0	0	0	0	0	0	3	2	
1	0	0	1	0	3	2	0	1	1	0	3	0	2	0	2	0	0	0	0	0	0	0	0	0	0	1	0	
1	3	0	1	0	3	2	0	0	1	1	3	0	2	0	2	0	0	0	3	0	0	0	0	0	0	0	0	
1	3	2	1	2	1	0	0	3	1	1	3	0	2	0	2	0	0	0	0	0	0	0	0	0	0	3	1	
0	1	2	1	0	3	0	0	1	2	0	0	0	2	0	2	0	0	0	2	0	0	0	0	0	0	3	1	
1	0	1	0	2	3	2	0	0	0	3	3	0	0	0	0	0	0	0	1	0	0	0	0	0	0	0	2	
2	3	1	1	2	1	0	0	0	1	1	3	0	2	0	0	0	0	0	0	0	0	0	0	0	0	0	0	
1	3	0	1	2	3	1	0	1	0	1	3	0	2	0	0	0	0	0	1	0	0	0	0	0	0	0	0	
0	0	2	2	2	0	2	0	1	1	1	3	0	0	0	2	0	0	0	1	0	0	0	0	0	0	3	2	
1	0	0	1	0	0	2	0	1	1	0	0	0	2	0	2	0	0	0	0	0	0	0	0	0	0	0	0	
0	0	2	1	2	3	2	0	1	2	0	3	0	2	0	0	0	0	0	1	0	0	0	0	0	0	3	2	
1	3	0	1	0	0	2	0	0	1	1	3	0	0	0	1	0	0	0	0	0	0	0	0	0	0	3	0	
1	0	0	2	1	1	2	0	1	2	0	0	0	0	0	2	0	0	0	1	0	0	0	0	0	0	0	0	
0	3	0	0	0	3	1	0	3	1	0	3	0	0	0	0	0	0	0	0	0	0	0	0	0	0	0	0	
1	0	0	1	0	0	2	0	2	1	0	3	0	0	0	2	0	0	0	2	0	0	0	0	0	0	3	0	
2	3	0	1	2	0	0	0	1	0	0	0	0	0	0	1	0	0	0	2	0	0	0	0	0	0	0	2	
2	0	0	1	1	3	0	0	1	1	0	0	0	2	0	0	0	0	0	1	0	0	0	0	0	0	0	1	
0	3	2	1	0	0	0	0	1	2	3	3	0	0	0	2	0	0	0	0	0	0	0	0	0	0	3	2	
1	0	0	2	0	3	2	0	0	0	0	0	0	2	0	2	0	0	0	0	0	0	0	0	0	0	3	2	
2	1	0	2	2	3	2	0	3	1	1	2	0	0	0	2	0	0	0	0	0	0	0	0	0	0	0	2	
1	3	0	1	2	0	2	0	0	1	3	3	0	0	0	1	0	0	0	1	0	0	0	0	0	0	1	2	
1	0	0	0	2	3	0	0	0	0	0	2	0	2	0	2	0	0	0	0	0	0	0	0	0	0	1	2	
1	3	0	0	0	0	2	0	0	1	1	3	0	2	0	0	0	0	0	1	0	0	0	0	0	0	0	2	
--------------------

--------------------
Best Solution Found!
--------------------
Time: 0 hour(s), 0 minute(s), 0 second(s), 154 millisecond(s)

Fitness: 200732

1	1	0	2	0	3	2	0	0	1	3	3	0	2	0	2	0	0	0	1	0	0	0	0	0	0	0	1	
2	3	0	2	0	3	0	0	0	1	3	3	0	1	0	0	0	0	0	1	0	0	0	0	0	0	0	2	
1	0	0	0	0	0	2	0	1	1	1	3	0	1	0	1	0	0	0	1	0	0	0	0	0	0	0	0	
1	3	2	2	2	3	2	0	0	0	1	2	0	2	0	0	0	0	0	1	0	0	0	0	0	0	0	2	
0	3	2	1	0	0	2	0	0	1	3	3	0	2	0	0	0	0	0	0	0	0	0	0	0	0	0	0	
1	3	1	0	1	3	1	0	1	0	0	3	0	2	0	0	0	0	0	0	0	0	0	0	0	0	0	2	
1	0	0	1	1	3	0	0	1	0	0	3	0	0	0	2	0	0	0	1	0	0	0	0	0	0	0	2	
2	0	2	1	2	0	2	0	1	1	1	3	0	2	0	0	0	0	0	0	0	0	0	0	0	0	3	1	
1	0	0	1	2	0	1	0	2	1	1	0	0	0	0	1	0	0	0	1	0	0	0	0	0	0	3	0	
0	3	0	1	2	3	0	0	3	1	0	0	0	1	0	2	0	0	0	0	0	0	0	0	0	0	3	1	
1	3	0	1	2	3	2	0	0	1	0	3	0	2	0	2	0	0	0	1	0	0	0	0	0	0	3	2	
0	0	0	1	2	1	2	0	1	2	0	0	0	0	0	0	0	0	0	1	0	0	0	0	0	0	0	0	
1	3	2	1	2	3	2	0	0	0	1	3	0	2	0	0	0	0	0	0	0	0	0	0	0	0	3	2	
0	1	0	0	2	3	2	0	1	1	1	3	0	2	0	0	0	0	0	1	0	0	0	0	0	0	3	2	
1	0	0	2	2	0	0	0	0	0	0	3	0	2	0	2	0	0	0	1	0	0	0	0	0	0	1	0	
2	3	0	2	0	3	2	0	0	1	0	3	0	0	0	0	0	0	0	1	0	0	0	0	0	0	0	0	
1	1	0	0	0	3	1	0	1	1	0	0	0	2	0	2	0	0	0	2	0	0	0	0	0	0	3	2	
1	0	0	1	0	1	2	0	0	2	0	3	0	0	0	0	0	0	0	0	0	0	0	0	0	0	0	0	
1	3	0	1	2	3	2	0	1	1	1	3	0	0	0	2	0	0	0	1	0	0	0	0	0	0	3	2	
0	3	0	1	0	0	2	0	1	2	0	0	0	0	0	2	0	0	0	1	0	0	0	0	0	0	0	2	
0	3	1	1	0	3	0	0	1	1	0	0	0	0	0	2	0	0	0	1	0	0	0	0	0	0	3	2	
1	3	0	1	2	3	2	0	1	1	0	0	0	2	0	2	0	0	0	0	0	0	0	0	0	0	3	1	
1	0	0	0	0	1	2	0	1	0	0	3	0	0	0	2	0	0	0	3	0	0	0	0	0	0	0	0	
1	0	1	1	0	0	2	0	1	1	1	2	0	0	0	2	0	0	0	0	0	0	0	0	0	0	1	2	
2	3	0	0	0	1	2	0	1	2	1	0	0	0	0	1	0	0	0	2	0	0	0	0	0	0	3	2	
2	0	0	0	2	3	2	0	1	0	0	2	0	2	0	2	0	0	0	0	0	0	0	0	0	0	3	0	
1	0	0	1	1	0	1	0	0	1	0	0	0	0	0	0	0	0	0	1	0	0	0	0	0	0	0	0	
1	0	2	1	2	0	0	0	0	1	1	3	0	0	0	0	0	0	0	0	0	0	0	0	0	0	0	0	
0	0	0	1	2	0	0	0	3	0	1	3	0	2	0	0	0	0	0	2	0	0	0	0	0	0	1	2	
1	0	0	1	0	0	0	0	3	1	1	2	0	2	0	2	0	0	0	0	0	0	0	0	0	0	3	2	
--------------------

--------------------
Best Solution Found!
--------------------
Time: 0 hour(s), 0 minute(s), 0 second(s), 314 millisecond(s)

Fitness: 197736

1	3	0	1	2	0	2	0	1	1	1	3	0	0	0	0	0	0	0	0	0	0	0	0	0	0	0	2	
1	3	2	0	2	3	2	0	1	1	3	3	0	1	0	2	0	0	0	1	0	0	0	0	0	0	0	0	
0	0	0	1	2	0	2	0	3	1	0	0	0	2	0	0	0	0	0	0	0	0	0	0	0	0	0	0	
0	3	0	0	0	3	2	0	0	0	0	3	0	1	0	2	0	0	0	0	0	0	0	0	0	0	0	2	
1	3	0	1	1	0	1	0	1	1	0	0	0	1	0	0	0	0	0	0	0	0	0	0	0	0	3	2	
1	0	2	2	2	1	2	0	0	0	1	2	0	2	0	1	0	0	0	0	0	0	0	0	0	0	3	0	
1	3	1	2	0	3	2	0	1	0	0	0	0	2	0	1	0	0	0	1	0	0	0	0	0	0	0	2	
1	3	1	0	0	1	1	0	0	1	1	0	0	0	0	0	0	0	0	0	0	0	0	0	0	0	3	2	
1	0	0	1	0	3	2	0	1	1	0	3	0	2	0	0	0	0	0	1	0	0	0	0	0	0	0	1	
1	3	0	0	0	0	0	0	0	1	1	2	0	0	0	2	0	0	0	1	0	0	0	0	0	0	0	2	
2	3	0	0	0	3	2	0	1	2	1	3	0	2	0	0	0	0	0	1	0	0	0	0	0	0	3	0	
1	1	2	1	0	0	0	0	1	0	1	3	0	0	0	2	0	0	0	2	0	0	0	0	0	0	0	0	
0	0	0	1	2	0	2	0	1	2	0	0	0	0	0	2	0	0	0	1	0	0	0	0	0	0	0	2	
0	3	0	1	1	1	2	0	1	1	1	3	0	2	0	2	0	0	0	1	0	0	0	0	0	0	3	2	
1	3	0	1	0	3	1	0	2	1	0	3	0	2	0	2	0	0	0	1	0	0	0	0	0	0	1	2	
2	0	2	2	0	3	2	0	1	1	0	0	0	0	0	2	0	0	0	1	0	0	0	0	0	0	3	1	
0	0	0	1	2	3	0	0	1	0	0	3	0	2	0	2	0	0	0	1	0	0	0	0	0	0	1	2	
1	0	0	1	0	3	0	0	1	0	1	0	0	2	0	2	0	0	0	0	0	0	0	0	0	0	0	0	
2	1	0	1	2	0	0	0	0	1	0	3	0	0	0	0	0	0	0	0	0	0	0	0	0	0	3	1	
0	0	0	1	2	0	2	0	0	1	0	0	0	0	0	0	0	0	0	3	0	0	0	0	0	0	3	2	
1	0	0	0	0	3	0	0	1	1	0	0	0	2	0	0	0	0	0	1	0	0	0	0	0	0	0	0	
1	3	0	1	2	0	2	0	1	1	1	3	0	0	0	2	0	0	0	1	0	0	0	0	0	0	3	0	
1	1	0	1	2	0	2	0	3	0	0	3	0	0	0	2	0	0	0	1	0	0	0	0	0	0	3	2	
2	0	0	0	2	3	2	0	1	2	0	2	0	0	0	0	0	0	0	1	0	0	0	0	0	0	0	2	
1	3	1	1	0	0	0	0	0	1	3	3	0	0	0	1	0	0	0	1	0	0	0	0	0	0	0	2	
1	0	0	2	1	1	2	0	0	1	1	3	0	2	0	0	0	0	0	0	0	0	0	0	0	0	1	0	
1	0	0	1	0	3	1	0	0	1	1	2	0	2	0	2	0	0	0	0	0	0	0	0	0	0	3	1	
0	0	0	1	2	3	2	0	0	0	3	3	0	2	0	0	0	0	0	2	0	0	0	0	0	0	0	0	
2	0	2	2	2	3	0	0	0	2	0	3	0	2	0	0	0	0	0	0	0	0	0	0	0	0	3	0	
1	3	0	1	2	3	2	0	3	1	1	3	0	0	0	2	0	0	0	2	0	0	0	0	0	0	3	2	
--------------------

--------------------
Best Solution Found!
--------------------
Time: 0 hour(s), 0 minute(s), 9 second(s), 476 millisecond(s)

Fitness: 197732

0	0	2	2	0	0	0	0	3	1	3	3	0	0	0	2	0	0	0	1	0	0	0	0	0	0	3	2	
1	3	0	0	0	3	2	0	1	0	0	3	0	2	0	0	0	0	0	2	0	0	0	0	0	0	0	0	
1	1	0	2	0	3	1	0	1	1	0	2	0	0	0	2	0	0	0	0	0	0	0	0	0	0	0	1	
0	0	2	0	2	3	2	0	1	1	0	0	0	1	0	2	0	0	0	1	0	0	0	0	0	0	1	2	
1	3	1	1	2	3	2	0	2	1	1	3	0	0	0	0	0	0	0	0	0	0	0	0	0	0	1	2	
2	0	0	1	0	0	2	0	0	2	1	0	0	2	0	1	0	0	0	1	0	0	0	0	0	0	3	2	
1	0	0	1	2	1	0	0	1	1	0	3	0	2	0	0	0	0	0	1	0	0	0	0	0	0	1	1	
1	3	0	1	0	0	2	0	0	1	0	0	0	0	0	2	0	0	0	0	0	0	0	0	0	0	3	1	
1	3	2	1	2	1	0	0	1	2	0	3	0	2	0	0	0	0	0	3	0	0	0	0	0	0	0	2	
1	0	0	0	0	3	1	0	1	1	3	3	0	0	0	0	0	0	0	0	0	0	0	0	0	0	0	0	
1	3	0	0	0	3	2	0	1	1	1	3	0	0	0	2	0	0	0	0	0	0	0	0	0	0	0	0	
0	0	0	1	2	3	2	0	1	0	1	3	0	0	0	2	0	0	0	1	0	0	0	0	0	0	0	0	
1	0	0	1	1	0	2	0	3	2	1	2	0	2	0	1	0	0	0	2	0	0	0	0	0	0	3	0	
1	3	0	2	2	0	0	0	1	1	0	0	0	0	0	0	0	0	0	0	0	0	0	0	0	0	3	2	
1	3	0	0	0	0	2	0	0	0	0	0	0	2	0	2	0	0	0	1	0	0	0	0	0	0	3	2	
1	3	2	2	0	3	2	0	0	0	1	2	0	2	0	0	0	0	0	0	0	0	0	0	0	0	0	0	
2	1	0	1	2	0	2	0	1	1	3	3	0	2	0	0	0	0	0	1	0	0	0	0	0	0	0	2	
1	1	1	1	2	0	0	0	0	1	1	3	0	2	0	2	0	0	0	2	0	0	0	0	0	0	3	2	
0	0	1	1	2	0	1	0	1	1	0	3	0	2	0	0	0	0	0	0	0	0	0	0	0	0	3	2	
0	3	0	0	0	3	2	0	0	1	1	3	0	1	0	0	0	0	0	1	0	0	0	0	0	0	0	2	
0	3	0	1	0	1	0	0	1	1	1	3	0	0	0	0	0	0	0	1	0	0	0	0	0	0	0	1	
0	0	0	1	2	1	0	0	0	0	0	2	0	1	0	0	0	0	0	1	0	0	0	0	0	0	3	2	
1	0	0	1	2	3	0	0	1	1	0	3	0	2	0	2	0	0	0	1	0	0	0	0	0	0	3	0	
2	3	0	1	0	3	2	0	1	2	1	0	0	0	0	2	0	0	0	1	0	0	0	0	0	0	3	0	
1	3	0	1	1	3	1	0	1	1	0	3	0	0	0	2	0	0	0	1	0	0	0	0	0	0	0	0	
2	0	0	1	2	0	2	0	0	1	0	0	0	0	0	0	0	0	0	0	0	0	0	0	0	0	0	0	
1	0	0	1	0	3	2	0	3	0	0	0	0	2	0	2	0	0	0	1	0	0	0	0	0	0	3	2	
1	0	2	2	1	3	2	0	0	0	1	3	0	2	0	2	0	0	0	0	0	0	0	0	0	0	0	2	
2	3	0	0	2	3	2	0	0	0	0	0	0	0	0	2	0	0	0	0	0	0	0	0	0	0	0	2	
1	0	0	1	2	0	2	0	0	1	1	3	0	2	0	1	0	0	0	1	0	0	0	0	0	0	3	0	
--------------------

--------------------
Best Solution Found!
--------------------
Time: 0 hour(s), 0 minute(s), 9 second(s), 480 millisecond(s)

Fitness: 197722

0	0	2	2	0	0	0	0	3	1	3	3	0	0	0	1	0	0	0	3	0	0	0	0	0	0	3	1	
1	3	0	0	0	3	2	0	1	0	0	3	0	2	0	2	0	0	0	0	0	0	0	0	0	0	3	2	
1	1	0	2	0	3	1	0	1	1	0	2	0	0	0	2	0	0	0	1	0	0	0	0	0	0	0	0	
0	0	2	0	2	3	2	0	1	1	0	0	0	1	0	0	0	0	0	1	0	0	0	0	0	0	0	2	
1	3	1	1	2	3	2	0	2	1	1	3	0	0	0	2	0	0	0	2	0	0	0	0	0	0	0	2	
2	0	0	1	0	0	2	0	0	2	1	0	0	2	0	2	0	0	0	1	0	0	0	0	0	0	0	2	
1	0	0	1	2	1	0	0	1	1	0	3	0	2	0	2	0	0	0	0	0	0	0	0	0	0	0	1	
1	3	0	1	0	0	2	0	0	1	0	0	0	0	0	0	0	0	0	1	0	0	0	0	0	0	0	0	
1	3	2	1	2	1	0	0	1	2	0	3	0	2	0	0	0	0	0	0	0	0	0	0	0	0	3	0	
1	0	0	0	0	3	1	0	1	1	3	3	0	0	0	0	0	0	0	0	0	0	0	0	0	0	1	2	
1	3	0	0	0	3	2	0	1	1	1	3	0	0	0	2	0	0	0	1	0	0	0	0	0	0	0	2	
0	0	0	1	2	3	2	0	1	0	1	3	0	0	0	0	0	0	0	1	0	0	0	0	0	0	0	0	
1	0	0	1	1	0	2	0	3	2	1	2	0	2	0	0	0	0	0	2	0	0	0	0	0	0	3	0	
1	3	0	2	2	0	0	0	1	1	0	0	0	0	0	0	0	0	0	1	0	0	0	0	0	0	0	0	
1	3	0	0	0	0	2	0	0	0	0	0	0	2	0	2	0	0	0	0	0	0	0	0	0	0	0	2	
1	3	2	2	0	3	2	0	0	0	1	2	0	2	0	0	0	0	0	2	0	0	0	0	0	0	3	0	
2	1	0	1	2	0	2	0	1	1	3	3	0	2	0	0	0	0	0	0	0	0	0	0	0	0	3	2	
1	1	1	1	2	0	0	0	0	1	1	3	0	2	0	2	0	0	0	1	0	0	0	0	0	0	3	2	
0	0	1	1	2	0	1	0	1	1	0	3	0	2	0	1	0	0	0	0	0	0	0	0	0	0	3	0	
0	3	0	0	0	3	2	0	0	1	1	3	0	1	0	2	0	0	0	1	0	0	0	0	0	0	3	2	
0	3	0	1	0	1	0	0	1	1	1	3	0	0	0	2	0	0	0	1	0	0	0	0	0	0	0	2	
0	0	0	1	2	1	0	0	0	0	0	2	0	1	0	2	0	0	0	1	0	0	0	0	0	0	1	1	
1	0	0	1	2	3	0	0	1	1	0	3	0	2	0	2	0	0	0	0	0	0	0	0	0	0	3	2	
2	3	0	1	0	3	2	0	1	2	1	0	0	0	0	0	0	0	0	1	0	0	0	0	0	0	1	2	
1	3	0	1	1	3	1	0	1	1	0	3	0	0	0	1	0	0	0	1	0	0	0	0	0	0	3	2	
2	0	0	1	2	0	2	0	0	1	0	0	0	0	0	0	0	0	0	0	0	0	0	0	0	0	0	0	
1	0	0	1	0	3	2	0	3	0	0	0	0	2	0	2	0	0	0	0	0	0	0	0	0	0	0	0	
1	0	2	2	1	3	2	0	0	0	1	3	0	2	0	0	0	0	0	0	0	0	0	0	0	0	3	2	
2	3	0	0	2	3	2	0	0	0	0	0	0	0	0	0	0	0	0	1	0	0	0	0	0	0	3	1	
1	0	0	1	2	0	2	0	0	1	1	3	0	2	0	2	0	0	0	1	0	0	0	0	0	0	0	0	
--------------------

--------------------
Best Solution Found!
--------------------
Time: 0 hour(s), 0 minute(s), 13 second(s), 770 millisecond(s)

Fitness: 196765

1	0	1	1	0	0	2	0	2	1	0	3	0	2	0	0	0	0	0	1	0	0	0	0	0	0	3	2	
1	1	0	1	0	3	1	0	0	2	1	2	0	2	0	2	0	0	0	1	0	0	0	0	0	0	0	2	
1	0	0	0	0	0	0	0	1	1	1	0	0	2	0	0	0	0	0	0	0	0	0	0	0	0	3	2	
1	0	0	1	0	3	2	0	1	0	0	0	0	2	0	2	0	0	0	2	0	0	0	0	0	0	0	1	
2	0	0	1	1	0	2	0	1	0	1	2	0	2	0	2	0	0	0	2	0	0	0	0	0	0	0	0	
2	3	0	1	2	3	0	0	0	1	1	3	0	0	0	2	0	0	0	0	0	0	0	0	0	0	0	2	
1	3	1	2	0	0	2	0	1	2	0	0	0	1	0	0	0	0	0	1	0	0	0	0	0	0	3	1	
0	0	2	1	2	3	2	0	1	1	0	3	0	0	0	1	0	0	0	1	0	0	0	0	0	0	0	0	
1	3	2	0	0	3	2	0	0	1	0	0	0	0	0	0	0	0	0	1	0	0	0	0	0	0	3	2	
0	0	2	1	0	1	2	0	0	0	0	3	0	2	0	2	0	0	0	1	0	0	0	0	0	0	3	2	
2	3	0	2	2	0	2	0	1	1	0	2	0	1	0	0	0	0	0	1	0	0	0	0	0	0	0	0	
0	3	0	0	2	3	1	0	0	1	0	0	0	0	0	2	0	0	0	1	0	0	0	0	0	0	0	0	
1	0	0	1	2	0	0	0	1	1	3	0	0	2	0	2	0	0	0	1	0	0	0	0	0	0	3	0	
1	3	0	0	2	1	2	0	1	1	1	3	0	2	0	1	0	0	0	0	0	0	0	0	0	0	0	2	
0	0	1	1	1	1	0	0	3	0	1	3	0	0	0	2	0	0	0	3	0	0	0	0	0	0	1	1	
2	3	0	2	0	3	2	0	1	0	1	3	0	2	0	2	0	0	0	1	0	0	0	0	0	0	3	0	
0	3	0	1	1	0	0	0	1	1	1	3	0	0	0	2	0	0	0	2	0	0	0	0	0	0	0	0	
1	3	0	1	2	0	2	0	3	0	0	3	0	0	0	2	0	0	0	0	0	0	0	0	0	0	0	0	
0	1	2	1	0	1	2	0	1	1	0	3	0	0	0	0	0	0	0	0	0	0	0	0	0	0	3	2	
2	0	0	2	0	3	2	0	0	1	0	0	0	2	0	0	0	0	0	1	0	0	0	0	0	0	0	0	
1	0	0	1	2	3	2	0	1	1	1	3	0	2	0	0	0	0	0	1	0	0	0	0	0	0	1	2	
0	3	0	1	2	3	2	0	0	2	1	3	0	0	0	0	0	0	0	0	0	0	0	0	0	0	3	2	
1	0	0	1	2	3	1	0	1	1	0	0	0	0	0	0	0	0	0	0	0	0	0	0	0	0	0	2	
1	3	2	2	2	3	1	0	0	0	1	2	0	2	0	1	0	0	0	1	0	0	0	0	0	0	0	0	
1	3	0	0	2	0	2	0	0	1	3	3	0	0	0	2	0	0	0	0	0	0	0	0	0	0	1	2	
1	0	0	1	2	0	0	0	1	1	0	3	0	1	0	2	0	0	0	0	0	0	0	0	0	0	3	2	
1	1	0	1	2	3	0	0	0	0	0	3	0	2	0	0	0	0	0	0	0	0	0	0	0	0	0	0	
1	0	0	0	0	3	2	0	1	2	1	3	0	0	0	0	0	0	0	1	0	0	0	0	0	0	3	1	
1	0	0	1	0	0	0	0	0	1	0	0	0	0	0	2	0	0	0	0	0	0	0	0	0	0	3	2	
1	3	0	0	0	3	2	0	3	1	3	3	0	2	0	0	0	0	0	1	0	0	0	0	0	0	3	2	
--------------------

--------------------
Best Solution Found!
--------------------
Time: 0 hour(s), 0 minute(s), 13 second(s), 773 millisecond(s)

Fitness: 196765

1	0	1	1	0	0	2	0	2	1	0	3	0	2	0	0	0	0	0	1	0	0	0	0	0	0	3	2	
1	1	0	1	0	3	1	0	0	2	1	2	0	2	0	2	0	0	0	1	0	0	0	0	0	0	0	2	
1	0	0	0	0	0	0	0	1	1	1	0	0	2	0	0	0	0	0	0	0	0	0	0	0	0	3	2	
1	0	0	1	0	3	2	0	1	0	0	0	0	2	0	2	0	0	0	2	0	0	0	0	0	0	0	1	
2	0	0	1	1	0	2	0	1	0	1	2	0	2	0	2	0	0	0	2	0	0	0	0	0	0	0	0	
2	3	0	1	2	3	0	0	0	1	1	3	0	0	0	2	0	0	0	0	0	0	0	0	0	0	0	2	
1	3	1	2	0	0	2	0	1	2	0	0	0	1	0	0	0	0	0	1	0	0	0	0	0	0	3	1	
0	0	2	1	2	3	2	0	1	1	0	3	0	0	0	1	0	0	0	1	0	0	0	0	0	0	0	0	
1	3	2	0	0	3	2	0	0	1	0	0	0	0	0	0	0	0	0	1	0	0	0	0	0	0	3	2	
0	0	2	1	0	1	2	0	0	0	0	3	0	2	0	2	0	0	0	1	0	0	0	0	0	0	3	2	
2	3	0	2	2	0	2	0	1	1	0	2	0	1	0	0	0	0	0	1	0	0	0	0	0	0	0	0	
0	3	0	0	2	3	1	0	0	1	0	0	0	0	0	2	0	0	0	1	0	0	0	0	0	0	0	0	
1	0	0	1	2	0	0	0	1	1	3	0	0	2	0	2	0	0	0	1	0	0	0	0	0	0	3	0	
1	3	0	0	2	1	2	0	1	1	1	3	0	2	0	1	0	0	0	0	0	0	0	0	0	0	0	2	
0	0	1	1	1	1	0	0	3	0	1	3	0	0	0	2	0	0	0	3	0	0	0	0	0	0	1	1	
2	3	0	2	0	3	2	0	1	0	1	3	0	2	0	2	0	0	0	1	0	0	0	0	0	0	3	0	
0	3	0	1	1	0	0	0	1	1	1	3	0	0	0	2	0	0	0	2	0	0	0	0	0	0	0	0	
1	3	0	1	2	0	2	0	3	0	0	3	0	0	0	2	0	0	0	0	0	0	0	0	0	0	0	0	
0	1	2	1	0	1	2	0	1	1	0	3	0	0	0	0	0	0	0	0	0	0	0	0	0	0	3	2	
2	0	0	2	0	3	2	0	0	1	0	0	0	2	0	0	0	0	0	1	0	0	0	0	0	0	0	0	
1	0	0	1	2	3	2	0	1	1	1	3	0	2	0	0	0	0	0	1	0	0	0	0	0	0	1	2	
0	3	0	1	2	3	2	0	0	2	1	3	0	0	0	0	0	0	0	0	0	0	0	0	0	0	3	2	
1	0	0	1	2	3	1	0	1	1	0	0	0	0	0	0	0	0	0	0	0	0	0	0	0	0	0	2	
1	3	2	2	2	3	1	0	0	0	1	2	0	2	0	1	0	0	0	1	0	0	0	0	0	0	0	0	
1	3	0	0	2	0	2	0	0	1	3	3	0	0	0	2	0	0	0	0	0	0	0	0	0	0	1	2	
1	0	0	1	2	0	0	0	1	1	0	3	0	1	0	2	0	0	0	0	0	0	0	0	0	0	3	2	
1	1	0	1	2	3	0	0	0	0	0	3	0	2	0	0	0	0	0	0	0	0	0	0	0	0	0	0	
1	0	0	0	0	3	2	0	1	2	1	3	0	0	0	0	0	0	0	1	0	0	0	0	0	0	3	1	
1	0	0	1	0	0	0	0	0	1	0	0	0	0	0	2	0	0	0	0	0	0	0	0	0	0	3	2	
1	3	0	0	0	3	2	0	3	1	3	3	0	2	0	0	0	0	0	1	0	0	0	0	0	0	3	2	
--------------------

--------------------
Best Solution Found!
--------------------
Time: 0 hour(s), 0 minute(s), 13 second(s), 774 millisecond(s)

Fitness: 196765

1	0	1	1	0	0	2	0	2	1	0	3	0	2	0	0	0	0	0	1	0	0	0	0	0	0	3	2	
1	1	0	1	0	3	1	0	0	2	1	2	0	2	0	2	0	0	0	1	0	0	0	0	0	0	0	2	
1	0	0	0	0	0	0	0	1	1	1	0	0	2	0	0	0	0	0	0	0	0	0	0	0	0	3	2	
1	0	0	1	0	3	2	0	1	0	0	0	0	2	0	2	0	0	0	2	0	0	0	0	0	0	0	1	
2	0	0	1	1	0	2	0	1	0	1	2	0	2	0	2	0	0	0	2	0	0	0	0	0	0	0	0	
2	3	0	1	2	3	0	0	0	1	1	3	0	0	0	2	0	0	0	0	0	0	0	0	0	0	0	2	
1	3	1	2	0	0	2	0	1	2	0	0	0	1	0	0	0	0	0	1	0	0	0	0	0	0	3	1	
0	0	2	1	2	3	2	0	1	1	0	3	0	0	0	1	0	0	0	1	0	0	0	0	0	0	0	0	
1	3	2	0	0	3	2	0	0	1	0	0	0	0	0	0	0	0	0	1	0	0	0	0	0	0	3	2	
0	0	2	1	0	1	2	0	0	0	0	3	0	2	0	2	0	0	0	1	0	0	0	0	0	0	3	2	
2	3	0	2	2	0	2	0	1	1	0	2	0	1	0	0	0	0	0	1	0	0	0	0	0	0	0	0	
0	3	0	0	2	3	1	0	0	1	0	0	0	0	0	2	0	0	0	1	0	0	0	0	0	0	0	0	
1	0	0	1	2	0	0	0	1	1	3	0	0	2	0	2	0	0	0	1	0	0	0	0	0	0	3	0	
1	3	0	0	2	1	2	0	1	1	1	3	0	2	0	1	0	0	0	0	0	0	0	0	0	0	0	2	
0	0	1	1	1	1	0	0	3	0	1	3	0	0	0	2	0	0	0	3	0	0	0	0	0	0	1	1	
2	3	0	2	0	3	2	0	1	0	1	3	0	2	0	2	0	0	0	1	0	0	0	0	0	0	3	0	
0	3	0	1	1	0	0	0	1	1	1	3	0	0	0	2	0	0	0	2	0	0	0	0	0	0	0	0	
1	3	0	1	2	0	2	0	3	0	0	3	0	0	0	2	0	0	0	0	0	0	0	0	0	0	0	0	
0	1	2	1	0	1	2	0	1	1	0	3	0	0	0	0	0	0	0	0	0	0	0	0	0	0	3	2	
2	0	0	2	0	3	2	0	0	1	0	0	0	2	0	0	0	0	0	1	0	0	0	0	0	0	0	0	
1	0	0	1	2	3	2	0	1	1	1	3	0	2	0	0	0	0	0	1	0	0	0	0	0	0	1	2	
0	3	0	1	2	3	2	0	0	2	1	3	0	0	0	0	0	0	0	0	0	0	0	0	0	0	3	2	
1	0	0	1	2	3	1	0	1	1	0	0	0	0	0	0	0	0	0	0	0	0	0	0	0	0	0	2	
1	3	2	2	2	3	1	0	0	0	1	2	0	2	0	1	0	0	0	1	0	0	0	0	0	0	0	0	
1	3	0	0	2	0	2	0	0	1	3	3	0	0	0	2	0	0	0	0	0	0	0	0	0	0	1	2	
1	0	0	1	2	0	0	0	1	1	0	3	0	1	0	2	0	0	0	0	0	0	0	0	0	0	3	2	
1	1	0	1	2	3	0	0	0	0	0	3	0	2	0	0	0	0	0	0	0	0	0	0	0	0	0	0	
1	0	0	0	0	3	2	0	1	2	1	3	0	0	0	0	0	0	0	1	0	0	0	0	0	0	3	1	
1	0	0	1	0	0	0	0	0	1	0	0	0	0	0	2	0	0	0	0	0	0	0	0	0	0	3	2	
1	3	0	0	0	3	2	0	3	1	3	3	0	2	0	0	0	0	0	1	0	0	0	0	0	0	3	2	
--------------------

--------------------
Best Solution Found!
--------------------
Time: 0 hour(s), 0 minute(s), 14 second(s), 919 millisecond(s)

Fitness: 195741

0	0	0	2	0	0	2	0	2	2	0	0	0	0	0	0	0	0	0	0	0	0	0	0	0	0	1	0	
1	3	0	1	2	0	1	0	1	1	1	0	0	1	0	0	0	0	0	1	0	0	0	0	0	0	0	0	
1	3	1	1	0	3	2	0	1	1	0	0	0	2	0	0	0	0	0	0	0	0	0	0	0	0	3	2	
1	0	0	1	2	3	1	0	1	1	1	3	0	0	0	0	0	0	0	1	0	0	0	0	0	0	3	2	
1	1	0	2	2	0	2	0	1	0	1	0	0	2	0	0	0	0	0	0	0	0	0	0	0	0	0	0	
2	0	0	1	0	3	2	0	1	1	1	0	0	2	0	0	0	0	0	0	0	0	0	0	0	0	0	2	
0	0	2	1	1	3	0	0	0	2	3	3	0	0	0	0	0	0	0	0	0	0	0	0	0	0	3	2	
1	0	0	2	1	3	2	0	3	1	0	0	0	2	0	2	0	0	0	1	0	0	0	0	0	0	0	0	
1	3	0	0	2	0	0	0	0	1	1	2	0	0	0	2	0	0	0	1	0	0	0	0	0	0	3	2	
1	3	0	0	0	0	0	0	1	1	1	0	0	2	0	2	0	0	0	1	0	0	0	0	0	0	0	2	
0	0	0	1	0	3	2	0	1	1	0	3	0	0	0	0	0	0	0	0	0	0	0	0	0	0	1	2	
1	0	0	1	0	3	2	0	1	1	0	3	0	0	0	0	0	0	0	2	0	0	0	0	0	0	3	0	
1	3	0	1	2	3	1	0	0	0	1	3	0	2	0	2	0	0	0	1	0	0	0	0	0	0	3	2	
1	3	0	2	0	0	0	0	0	0	0	3	0	2	0	0	0	0	0	0	0	0	0	0	0	0	0	2	
0	0	1	1	2	0	0	0	0	1	0	0	0	2	0	2	0	0	0	0	0	0	0	0	0	0	3	1	
0	3	0	1	1	0	2	0	0	1	0	3	0	2	0	2	0	0	0	1	0	0	0	0	0	0	3	0	
0	0	0	0	2	0	0	0	1	1	1	2	0	0	0	1	0	0	0	3	0	0	0	0	0	0	0	1	
1	1	1	1	2	1	2	0	1	0	0	0	0	2	0	0	0	0	0	2	0	0	0	0	0	0	3	2	
1	3	2	1	0	0	2	0	1	2	3	3	0	0	0	2	0	0	0	1	0	0	0	0	0	0	0	0	
1	3	0	1	2	3	2	0	0	2	1	3	0	0	0	2	0	0	0	0	0	0	0	0	0	0	0	0	
2	3	0	0	0	3	0	0	0	1	0	3	0	0	0	0	0	0	0	1	0	0	0	0	0	0	3	2	
1	0	0	1	2	1	1	0	0	0	3	2	0	2	0	2	0	0	0	0	0	0	0	0	0	0	1	2	
2	3	0	1	2	3	2	0	1	1	1	3	0	0	0	1	0	0	0	1	0	0	0	0	0	0	0	0	
1	0	0	0	0	3	2	0	0	0	1	3	0	0	0	2	0	0	0	0	0	0	0	0	0	0	3	1	
1	3	0	1	2	1	2	0	3	1	1	3	0	0	0	2	0	0	0	1	0	0	0	0	0	0	0	0	
1	3	2	1	0	3	2	0	1	0	0	3	0	2	0	1	0	0	0	1	0	0	0	0	0	0	0	0	
1	1	0	0	2	3	2	0	1	1	0	3	0	1	0	2	0	0	0	1	0	0	0	0	0	0	3	2	
0	0	2	0	0	0	2	0	3	1	0	3	0	2	0	0	0	0	0	1	0	0	0	0	0	0	0	1	
2	0	2	2	0	1	2	0	0	0	0	3	0	2	0	2	0	0	0	1	0	0	0	0	0	0	3	2	
2	0	0	1	2	3	0	0	1	1	0	2	0	1	0	2	0	0	0	2	0	0	0	0	0	0	0	2	
--------------------

--------------------
Best Solution Found!
--------------------
Time: 0 hour(s), 0 minute(s), 19 second(s), 893 millisecond(s)

Fitness: 194756

1	3	0	1	2	0	0	0	1	2	1	3	0	2	0	0	0	0	0	1	0	0	0	0	0	0	1	2	
1	3	0	1	2	3	0	0	3	2	3	3	0	0	0	2	0	0	0	0	0	0	0	0	0	0	3	2	
2	0	2	2	0	3	2	0	1	2	0	3	0	0	0	0	0	0	0	0	0	0	0	0	0	0	3	2	
2	1	0	0	0	3	1	0	1	0	0	3	0	0	0	2	0	0	0	0	0	0	0	0	0	0	3	2	
1	0	2	2	0	0	2	0	1	1	0	0	0	2	0	0	0	0	0	1	0	0	0	0	0	0	0	2	
1	0	0	1	1	0	1	0	0	1	3	3	0	0	0	2	0	0	0	1	0	0	0	0	0	0	0	2	
0	0	1	1	2	3	0	0	1	1	1	0	0	2	0	2	0	0	0	1	0	0	0	0	0	0	0	2	
1	3	0	1	1	1	2	0	1	1	1	3	0	2	0	2	0	0	0	1	0	0	0	0	0	0	0	0	
2	3	0	1	2	3	2	0	1	1	1	2	0	2	0	1	0	0	0	0	0	0	0	0	0	0	3	1	
1	0	0	1	0	3	2	0	1	1	0	2	0	2	0	0	0	0	0	2	0	0	0	0	0	0	0	0	
0	0	0	0	1	1	2	0	1	1	3	3	0	2	0	2	0	0	0	1	0	0	0	0	0	0	1	1	
0	3	2	0	0	3	2	0	0	2	1	3	0	1	0	2	0	0	0	0	0	0	0	0	0	0	1	1	
1	1	0	1	2	3	2	0	1	0	0	0	0	0	0	0	0	0	0	1	0	0	0	0	0	0	3	2	
1	0	0	0	0	1	2	0	1	1	0	0	0	2	0	0	0	0	0	1	0	0	0	0	0	0	3	2	
1	3	0	1	0	0	1	0	2	0	0	3	0	0	0	2	0	0	0	0	0	0	0	0	0	0	0	0	
1	3	0	1	0	0	2	0	1	0	0	2	0	2	0	2	0	0	0	0	0	0	0	0	0	0	0	0	
0	3	0	1	2	3	2	0	1	1	1	3	0	1	0	2	0	0	0	1	0	0	0	0	0	0	0	1	
1	0	2	0	0	0	0	0	3	1	1	3	0	0	0	0	0	0	0	1	0	0	0	0	0	0	3	2	
1	3	0	2	0	0	0	0	0	1	1	0	0	0	0	1	0	0	0	0	0	0	0	0	0	0	0	2	
0	1	0	1	2	3	2	0	1	1	0	0	0	0	0	2	0	0	0	1	0	0	0	0	0	0	3	0	
0	0	2	1	2	3	2	0	3	1	0	3	0	1	0	2	0	0	0	2	0	0	0	0	0	0	0	0	
0	0	1	1	0	0	0	0	1	0	1	3	0	2	0	0	0	0	0	0	0	0	0	0	0	0	0	0	
1	3	0	1	2	3	2	0	0	1	1	0	0	2	0	0	0	0	0	2	0	0	0	0	0	0	3	2	
2	0	0	0	0	0	2	0	0	1	0	2	0	2	0	0	0	0	0	1	0	0	0	0	0	0	3	2	
1	3	0	1	2	0	2	0	0	1	1	3	0	0	0	2	0	0	0	0	0	0	0	0	0	0	3	0	
1	0	0	1	2	1	0	0	0	1	0	3	0	2	0	1	0	0	0	1	0	0	0	0	0	0	0	0	
1	3	0	2	2	3	0	0	0	1	1	3	0	0	0	2	0	0	0	1	0	0	0	0	0	0	3	0	
1	3	0	1	2	0	2	0	0	0	0	3	0	0	0	0	0	0	0	1	0	0	0	0	0	0	0	0	
1	0	0	2	0	3	1	0	0	0	0	0	0	0	0	0	0	0	0	0	0	0	0	0	0	0	3	2	
2	0	1	0	2	3	2	0	0	0	0	0	0	2	0	0	0	0	0	3	0	0	0	0	0	0	0	2	
--------------------

--------------------
Best Solution Found!
--------------------
Time: 0 hour(s), 0 minute(s), 19 second(s), 896 millisecond(s)

Fitness: 194756

1	3	0	1	2	0	0	0	1	2	1	3	0	2	0	0	0	0	0	0	0	0	0	0	0	0	1	2	
1	3	0	1	2	3	0	0	3	2	3	3	0	0	0	2	0	0	0	2	0	0	0	0	0	0	3	2	
2	0	2	2	0	3	2	0	1	2	0	3	0	0	0	0	0	0	0	0	0	0	0	0	0	0	3	2	
2	1	0	0	0	3	1	0	1	0	0	3	0	0	0	2	0	0	0	1	0	0	0	0	0	0	3	2	
1	0	2	2	0	0	2	0	1	1	0	0	0	2	0	0	0	0	0	1	0	0	0	0	0	0	0	2	
1	0	0	1	1	0	1	0	0	1	3	3	0	0	0	2	0	0	0	1	0	0	0	0	0	0	0	2	
0	0	1	1	2	3	0	0	1	1	1	0	0	2	0	2	0	0	0	2	0	0	0	0	0	0	0	2	
1	3	0	1	1	1	2	0	1	1	1	3	0	2	0	2	0	0	0	0	0	0	0	0	0	0	0	0	
2	3	0	1	2	3	2	0	1	1	1	2	0	2	0	1	0	0	0	1	0	0	0	0	0	0	3	1	
1	0	0	1	0	3	2	0	1	1	0	2	0	2	0	0	0	0	0	1	0	0	0	0	0	0	0	0	
0	0	0	0	1	1	2	0	1	1	3	3	0	2	0	2	0	0	0	0	0	0	0	0	0	0	1	1	
0	3	2	0	0	3	2	0	0	2	1	3	0	1	0	2	0	0	0	0	0	0	0	0	0	0	1	1	
1	1	0	1	2	3	2	0	1	0	0	0	0	0	0	0	0	0	0	1	0	0	0	0	0	0	3	2	
1	0	0	0	0	1	2	0	1	1	0	0	0	2	0	0	0	0	0	1	0	0	0	0	0	0	3	2	
1	3	0	1	0	0	1	0	2	0	0	3	0	0	0	2	0	0	0	0	0	0	0	0	0	0	0	0	
1	3	0	1	0	0	2	0	1	0	0	2	0	2	0	2	0	0	0	1	0	0	0	0	0	0	0	0	
0	3	0	1	2	3	2	0	1	1	1	3	0	1	0	2	0	0	0	1	0	0	0	0	0	0	0	1	
1	0	2	0	0	0	0	0	3	1	1	3	0	0	0	0	0	0	0	0	0	0	0	0	0	0	3	2	
1	3	0	2	0	0	0	0	0	1	1	0	0	0	0	1	0	0	0	1	0	0	0	0	0	0	0	2	
0	1	0	1	2	3	2	0	1	1	0	0	0	0	0	2	0	0	0	1	0	0	0	0	0	0	3	0	
0	0	2	1	2	3	2	0	3	1	0	3	0	1	0	2	0	0	0	1	0	0	0	0	0	0	0	0	
0	0	1	1	0	0	0	0	1	0	1	3	0	2	0	0	0	0	0	0	0	0	0	0	0	0	0	0	
1	3	0	1	2	3	2	0	0	1	1	0	0	2	0	0	0	0	0	1	0	0	0	0	0	0	3	2	
2	0	0	0	0	0	2	0	0	1	0	2	0	2	0	0	0	0	0	0	0	0	0	0	0	0	3	2	
1	3	0	1	2	0	2	0	0	1	1	3	0	0	0	2	0	0	0	1	0	0	0	0	0	0	3	0	
1	0	0	1	2	1	0	0	0	1	0	3	0	2	0	1	0	0	0	0	0	0	0	0	0	0	0	0	
1	3	0	2	2	3	0	0	0	1	1	3	0	0	0	2	0	0	0	0	0	0	0	0	0	0	3	0	
1	3	0	1	2	0	2	0	0	0	0	3	0	0	0	0	0	0	0	2	0	0	0	0	0	0	0	0	
1	0	0	2	0	3	1	0	0	0	0	0	0	0	0	0	0	0	0	3	0	0	0	0	0	0	3	2	
2	0	1	0	2	3	2	0	0	0	0	0	0	2	0	0	0	0	0	1	0	0	0	0	0	0	0	2	
--------------------

--------------------
Best Solution Found!
--------------------
Time: 0 hour(s), 0 minute(s), 23 second(s), 645 millisecond(s)

Fitness: 194755

1	3	0	1	2	3	2	0	0	1	0	3	0	0	0	0	0	0	0	0	0	0	0	0	0	0	1	2	
0	3	0	1	2	3	2	0	1	1	0	0	0	2	0	1	0	0	0	0	0	0	0	0	0	0	0	2	
1	3	2	0	0	3	2	0	1	1	0	0	0	0	0	2	0	0	0	1	0	0	0	0	0	0	1	2	
1	0	0	1	2	0	2	0	0	0	0	0	0	2	0	0	0	0	0	0	0	0	0	0	0	0	3	0	
0	0	0	0	0	3	2	0	1	2	1	3	0	2	0	2	0	0	0	1	0	0	0	0	0	0	3	2	
1	0	1	1	0	0	0	0	1	0	0	3	0	0	0	0	0	0	0	1	0	0	0	0	0	0	3	2	
1	3	2	1	0	1	1	0	3	1	1	2	0	2	0	2	0	0	0	1	0	0	0	0	0	0	0	1	
2	0	0	1	0	1	0	0	1	0	1	3	0	2	0	2	0	0	0	1	0	0	0	0	0	0	0	2	
1	1	0	0	1	1	2	0	0	1	1	3	0	2	0	2	0	0	0	1	0	0	0	0	0	0	3	1	
2	3	0	0	2	3	2	0	1	0	0	3	0	2	0	2	0	0	0	0	0	0	0	0	0	0	0	0	
1	3	0	2	2	3	2	0	0	1	1	3	0	0	0	0	0	0	0	3	0	0	0	0	0	0	0	0	
1	3	0	2	1	0	2	0	0	1	3	3	0	0	0	0	0	0	0	1	0	0	0	0	0	0	3	0	
0	0	0	1	2	1	2	0	1	1	0	3	0	1	0	0	0	0	0	1	0	0	0	0	0	0	0	0	
1	3	0	0	0	0	0	0	0	0	1	2	0	2	0	2	0	0	0	0	0	0	0	0	0	0	0	1	
1	0	0	1	0	3	2	0	0	1	1	0	0	2	0	2	0	0	0	0	0	0	0	0	0	0	0	2	
1	1	1	0	2	0	0	0	1	2	0	3	0	0	0	1	0	0	0	2	0	0	0	0	0	0	1	2	
2	0	0	1	2	0	0	0	3	1	0	0	0	2	0	2	0	0	0	1	0	0	0	0	0	0	0	0	
1	0	0	1	2	3	1	0	0	0	3	0	0	0	0	2	0	0	0	0	0	0	0	0	0	0	0	0	
0	1	2	2	0	0	2	0	1	1	0	3	0	0	0	0	0	0	0	0	0	0	0	0	0	0	3	2	
0	3	0	1	2	3	0	0	0	1	0	3	0	2	0	2	0	0	0	1	0	0	0	0	0	0	3	2	
1	3	0	1	2	3	2	0	1	1	0	0	0	2	0	0	0	0	0	1	0	0	0	0	0	0	0	0	
0	0	2	2	2	3	1	0	2	0	1	3	0	0	0	0	0	0	0	1	0	0	0	0	0	0	3	2	
2	3	0	1	2	0	2	0	0	1	3	3	0	0	0	0	0	0	0	0	0	0	0	0	0	0	3	1	
1	3	2	1	0	0	1	0	1	1	1	2	0	2	0	0	0	0	0	0	0	0	0	0	0	0	0	0	
2	0	0	1	0	3	2	0	1	1	0	3	0	0	0	2	0	0	0	0	0	0	0	0	0	0	3	0	
1	3	1	1	0	3	2	0	1	2	0	3	0	1	0	2	0	0	0	2	0	0	0	0	0	0	3	2	
1	0	0	1	1	0	0	0	3	1	1	2	0	0	0	1	0	0	0	1	0	0	0	0	0	0	0	2	
1	0	0	1	0	0	2	0	1	2	1	0	0	2	0	0	0	0	0	1	0	0	0	0	0	0	0	0	
1	0	0	0	0	3	2	0	1	1	1	3	0	0	0	2	0	0	0	2	0	0	0	0	0	0	3	2	
0	0	0	2	2	3	0	0	0	0	0	0	0	1	0	0	0	0	0	1	0	0	0	0	0	0	3	2	
--------------------

--------------------
Best Solution Found!
--------------------
Time: 0 hour(s), 0 minute(s), 28 second(s), 839 millisecond(s)

Fitness: 193740

0	3	0	1	2	3	0	0	1	1	1	0	0	0	0	0	0	0	0	1	0	0	0	0	0	0	3	2	
1	0	0	2	2	3	2	0	1	0	0	3	0	2	0	0	0	0	0	3	0	0	0	0	0	0	3	2	
1	1	2	1	2	0	2	0	1	1	0	2	0	2	0	2	0	0	0	1	0	0	0	0	0	0	1	2	
0	1	0	1	0	0	1	0	0	1	1	3	0	1	0	0	0	0	0	1	0	0	0	0	0	0	0	0	
2	3	0	1	0	3	1	0	0	0	1	3	0	2	0	2	0	0	0	0	0	0	0	0	0	0	3	0	
1	3	2	1	0	0	0	0	1	0	1	3	0	0	0	0	0	0	0	1	0	0	0	0	0	0	3	1	
2	0	0	1	0	0	2	0	0	0	0	2	0	0	0	0	0	0	0	1	0	0	0	0	0	0	0	0	
1	3	0	0	2	3	2	0	1	1	3	3	0	2	0	0	0	0	0	1	0	0	0	0	0	0	0	0	
0	0	0	0	2	3	2	0	1	1	1	3	0	2	0	2	0	0	0	1	0	0	0	0	0	0	0	0	
0	0	2	2	1	0	2	0	0	2	0	2	0	0	0	2	0	0	0	1	0	0	0	0	0	0	3	1	
1	3	0	1	2	3	2	0	0	0	1	3	0	0	0	2	0	0	0	1	0	0	0	0	0	0	0	0	
1	0	0	1	0	0	2	0	1	1	0	0	0	0	0	2	0	0	0	0	0	0	0	0	0	0	3	1	
1	3	0	1	0	3	2	0	2	1	0	3	0	0	0	1	0	0	0	2	0	0	0	0	0	0	0	2	
1	3	0	1	2	3	2	0	1	1	0	0	0	2	0	2	0	0	0	0	0	0	0	0	0	0	1	2	
1	0	0	1	2	0	2	0	3	0	1	3	0	2	0	2	0	0	0	1	0	0	0	0	0	0	1	2	
2	3	2	1	0	3	2	0	1	2	0	0	0	0	0	0	0	0	0	0	0	0	0	0	0	0	0	0	
0	0	1	0	2	3	2	0	0	1	0	0	0	0	0	2	0	0	0	1	0	0	0	0	0	0	3	2	
1	3	0	0	0	3	2	0	1	1	3	3	0	2	0	0	0	0	0	0	0	0	0	0	0	0	0	2	
1	3	0	2	2	0	0	0	0	0	1	3	0	2	0	2	0	0	0	2	0	0	0	0	0	0	3	0	
0	0	0	0	0	0	2	0	0	1	0	0	0	0	0	2	0	0	0	1	0	0	0	0	0	0	0	0	
1	0	0	2	1	3	0	0	0	0	3	3	0	1	0	1	0	0	0	0	0	0	0	0	0	0	0	2	
1	3	0	0	2	3	1	0	1	1	0	3	0	0	0	0	0	0	0	0	0	0	0	0	0	0	3	2	
1	3	1	2	0	1	1	0	1	1	0	2	0	2	0	2	0	0	0	1	0	0	0	0	0	0	3	2	
1	3	1	1	1	1	2	0	3	1	0	3	0	2	0	0	0	0	0	1	0	0	0	0	0	0	0	1	
1	1	2	1	0	3	2	0	0	2	0	3	0	2	0	2	0	0	0	0	0	0	0	0	0	0	0	2	
1	0	0	1	0	0	0	0	1	1	1	0	0	1	0	0	0	0	0	1	0	0	0	0	0	0	3	2	
1	0	0	0	0	1	2	0	1	1	1	0	0	2	0	0	0	0	0	0	0	0	0	0	0	0	0	0	
2	0	0	1	2	1	0	0	0	1	1	3	0	2	0	2	0	0	0	0	0	0	0	0	0	0	3	2	
0	0	0	1	2	0	0	0	1	2	0	3	0	0	0	1	0	0	0	0	0	0	0	0	0	0	3	2	
2	0	0	1	2	3	0	0	3	1	1	0	0	0	0	0	0	0	0	2	0	0	0	0	0	0	0	0	
--------------------

--------------------
Best Solution Found!
--------------------
Time: 0 hour(s), 0 minute(s), 28 second(s), 842 millisecond(s)

Fitness: 193740

0	3	0	1	2	3	0	0	1	1	1	0	0	0	0	0	0	0	0	1	0	0	0	0	0	0	3	2	
1	0	0	2	2	3	2	0	1	0	0	3	0	2	0	0	0	0	0	3	0	0	0	0	0	0	3	2	
1	1	2	1	2	0	2	0	1	1	0	2	0	2	0	2	0	0	0	1	0	0	0	0	0	0	1	2	
0	1	0	1	0	0	1	0	0	1	1	3	0	1	0	0	0	0	0	1	0	0	0	0	0	0	0	0	
2	3	0	1	0	3	1	0	0	0	1	3	0	2	0	2	0	0	0	0	0	0	0	0	0	0	3	0	
1	3	2	1	0	0	0	0	1	0	1	3	0	0	0	0	0	0	0	1	0	0	0	0	0	0	3	1	
2	0	0	1	0	0	2	0	0	0	0	2	0	0	0	0	0	0	0	1	0	0	0	0	0	0	0	0	
1	3	0	0	2	3	2	0	1	1	3	3	0	2	0	0	0	0	0	1	0	0	0	0	0	0	0	0	
0	0	0	0	2	3	2	0	1	1	1	3	0	2	0	2	0	0	0	1	0	0	0	0	0	0	0	0	
0	0	2	2	1	0	2	0	0	2	0	2	0	0	0	2	0	0	0	1	0	0	0	0	0	0	3	1	
1	3	0	1	2	3	2	0	0	0	1	3	0	0	0	2	0	0	0	1	0	0	0	0	0	0	0	0	
1	0	0	1	0	0	2	0	1	1	0	0	0	0	0	2	0	0	0	0	0	0	0	0	0	0	3	1	
1	3	0	1	0	3	2	0	2	1	0	3	0	0	0	1	0	0	0	2	0	0	0	0	0	0	0	2	
1	3	0	1	2	3	2	0	1	1	0	0	0	2	0	2	0	0	0	0	0	0	0	0	0	0	1	2	
1	0	0	1	2	0	2	0	3	0	1	3	0	2	0	2	0	0	0	1	0	0	0	0	0	0	1	2	
2	3	2	1	0	3	2	0	1	2	0	0	0	0	0	0	0	0	0	0	0	0	0	0	0	0	0	0	
0	0	1	0	2	3	2	0	0	1	0	0	0	0	0	2	0	0	0	1	0	0	0	0	0	0	3	2	
1	3	0	0	0	3	2	0	1	1	3	3	0	2	0	0	0	0	0	0	0	0	0	0	0	0	0	2	
1	3	0	2	2	0	0	0	0	0	1	3	0	2	0	2	0	0	0	2	0	0	0	0	0	0	3	0	
0	0	0	0	0	0	2	0	0	1	0	0	0	0	0	2	0	0	0	1	0	0	0	0	0	0	0	0	
1	0	0	2	1	3	0	0	0	0	3	3	0	1	0	1	0	0	0	0	0	0	0	0	0	0	0	2	
1	3	0	0	2	3	1	0	1	1	0	3	0	0	0	0	0	0	0	0	0	0	0	0	0	0	3	2	
1	3	1	2	0	1	1	0	1	1	0	2	0	2	0	2	0	0	0	1	0	0	0	0	0	0	3	2	
1	3	1	1	1	1	2	0	3	1	0	3	0	2	0	0	0	0	0	1	0	0	0	0	0	0	0	1	
1	1	2	1	0	3	2	0	0	2	0	3	0	2	0	2	0	0	0	0	0	0	0	0	0	0	0	2	
1	0	0	1	0	0	0	0	1	1	1	0	0	1	0	0	0	0	0	1	0	0	0	0	0	0	3	2	
1	0	0	0	0	1	2	0	1	1	1	0	0	2	0	0	0	0	0	0	0	0	0	0	0	0	0	0	
2	0	0	1	2	1	0	0	0	1	1	3	0	2	0	2	0	0	0	0	0	0	0	0	0	0	3	2	
0	0	0	1	2	0	0	0	1	2	0	3	0	0	0	1	0	0	0	0	0	0	0	0	0	0	3	2	
2	0	0	1	2	3	0	0	3	1	1	0	0	0	0	0	0	0	0	2	0	0	0	0	0	0	0	0	
--------------------

--------------------
Best Solution Found!
--------------------
Time: 0 hour(s), 0 minute(s), 51 second(s), 944 millisecond(s)

Fitness: 190740

0	0	2	1	0	0	2	0	0	0	0	3	0	2	0	0	0	0	0	0	0	0	0	0	0	0	3	2	
0	3	0	1	1	1	2	0	1	0	1	2	0	0	0	0	0	0	0	1	0	0	0	0	0	0	3	2	
2	0	0	0	0	0	2	0	0	1	1	2	0	0	0	0	0	0	0	1	0	0	0	0	0	0	0	0	
1	0	0	0	0	3	2	0	0	0	1	3	0	2	0	2	0	0	0	1	0	0	0	0	0	0	3	2	
1	3	0	1	2	3	2	0	1	1	0	3	0	0	0	2	0	0	0	0	0	0	0	0	0	0	0	0	
1	3	0	1	2	3	0	0	3	1	1	0	0	2	0	2	0	0	0	0	0	0	0	0	0	0	1	0	
1	3	0	0	0	3	1	0	0	2	1	3	0	2	0	0	0	0	0	1	0	0	0	0	0	0	0	2	
2	3	1	1	0	0	2	0	0	2	1	0	0	0	0	2	0	0	0	0	0	0	0	0	0	0	1	2	
2	3	0	0	0	0	0	0	3	1	1	3	0	0	0	2	0	0	0	0	0	0	0	0	0	0	3	0	
0	0	0	1	2	3	0	0	1	0	0	0	0	0	0	2	0	0	0	1	0	0	0	0	0	0	3	2	
1	0	1	1	0	1	0	0	0	0	0	3	0	2	0	1	0	0	0	0	0	0	0	0	0	0	0	0	
1	0	0	0	0	0	2	0	1	2	0	0	0	1	0	1	0	0	0	1	0	0	0	0	0	0	3	2	
0	0	2	1	0	3	0	0	0	1	3	3	0	0	0	2	0	0	0	1	0	0	0	0	0	0	3	2	
1	0	2	0	0	0	2	0	1	1	0	3	0	0	0	0	0	0	0	2	0	0	0	0	0	0	0	0	
1	3	0	1	2	3	2	0	1	1	1	3	0	2	0	0	0	0	0	0	0	0	0	0	0	0	3	0	
1	0	0	2	0	0	2	0	3	1	1	2	0	2	0	2	0	0	0	1	0	0	0	0	0	0	0	2	
1	1	0	1	1	0	0	0	1	1	1	3	0	2	0	0	0	0	0	1	0	0	0	0	0	0	3	1	
1	3	2	1	2	3	2	0	0	1	0	0	0	2	0	0	0	0	0	1	0	0	0	0	0	0	0	0	
1	3	0	2	2	0	2	0	0	0	0	3	0	0	0	0	0	0	0	0	0	0	0	0	0	0	3	0	
1	0	0	1	2	3	1	0	1	1	0	0	0	0	0	0	0	0	0	0	0	0	0	0	0	0	0	2	
1	1	0	1	2	1	1	0	1	1	0	3	0	0	0	2	0	0	0	2	0	0	0	0	0	0	3	2	
1	3	0	1	2	3	2	0	2	2	3	3	0	1	0	1	0	0	0	1	0	0	0	0	0	0	0	2	
1	3	0	2	2	0	0	0	0	0	1	0	0	0	0	2	0	0	0	1	0	0	0	0	0	0	3	2	
0	0	2	1	0	1	2	0	1	1	3	3	0	2	0	0	0	0	0	2	0	0	0	0	0	0	1	2	
1	3	0	0	2	3	2	0	1	1	0	3	0	2	0	0	0	0	0	1	0	0	0	0	0	0	0	0	
0	0	0	2	2	3	1	0	1	1	1	3	0	1	0	0	0	0	0	0	0	0	0	0	0	0	3	1	
2	1	0	1	1	3	2	0	1	1	0	3	0	0	0	2	0	0	0	1	0	0	0	0	0	0	0	2	
1	0	1	1	0	3	2	0	1	1	0	2	0	2	0	2	0	0	0	0	0	0	0	0	0	0	0	0	
0	0	0	1	2	0	2	0	1	0	0	0	0	2	0	2	0	0	0	1	0	0	0	0	0	0	0	1	
2	3	0	2	2	3	0	0	0	1	0	0	0	2	0	2	0	0	0	3	0	0	0	0	0	0	0	1	
--------------------

--------------------
Best Solution Found!
--------------------
Time: 0 hour(s), 6 minute(s), 4 second(s), 722 millisecond(s)

Fitness: 190727

0	0	0	1	0	3	2	0	1	1	1	2	0	2	0	0	0	0	0	1	0	0	0	0	0	0	0	2	
0	0	2	2	2	0	2	0	1	1	1	0	0	2	0	1	0	0	0	1	0	0	0	0	0	0	0	2	
1	0	0	1	2	3	1	0	1	1	1	3	0	0	0	2	0	0	0	1	0	0	0	0	0	0	0	0	
1	0	0	1	0	3	2	0	1	1	0	0	0	2	0	1	0	0	0	0	0	0	0	0	0	0	3	1	
1	1	0	1	2	3	2	0	1	2	0	3	0	0	0	0	0	0	0	3	0	0	0	0	0	0	3	2	
1	3	0	2	2	0	0	0	0	0	1	3	0	0	0	2	0	0	0	1	0	0	0	0	0	0	3	2	
0	0	0	2	0	0	2	0	1	1	0	0	0	2	0	1	0	0	0	1	0	0	0	0	0	0	3	0	
1	3	1	1	2	3	2	0	0	0	0	3	0	0	0	0	0	0	0	0	0	0	0	0	0	0	3	1	
1	3	0	1	2	1	0	0	1	2	0	0	0	2	0	0	0	0	0	1	0	0	0	0	0	0	0	0	
1	3	0	0	0	0	0	0	1	1	1	3	0	2	0	0	0	0	0	1	0	0	0	0	0	0	0	0	
1	3	1	0	2	3	2	0	1	0	0	0	0	1	0	2	0	0	0	0	0	0	0	0	0	0	0	0	
0	1	0	1	0	0	2	0	2	1	0	3	0	2	0	0	0	0	0	1	0	0	0	0	0	0	3	2	
2	0	2	1	2	3	2	0	0	1	1	0	0	0	0	2	0	0	0	0	0	0	0	0	0	0	0	2	
1	0	2	1	2	0	0	0	1	1	0	3	0	2	0	2	0	0	0	1	0	0	0	0	0	0	3	2	
1	3	0	1	0	3	0	0	1	1	1	3	0	0	0	2	0	0	0	1	0	0	0	0	0	0	0	2	
2	3	0	1	2	3	2	0	0	1	1	2	0	1	0	0	0	0	0	0	0	0	0	0	0	0	0	0	
0	0	0	1	0	3	0	0	3	0	1	3	0	0	0	0	0	0	0	0	0	0	0	0	0	0	3	1	
1	0	1	1	2	3	2	0	1	1	1	3	0	0	0	2	0	0	0	1	0	0	0	0	0	0	3	0	
1	3	0	0	0	0	2	0	3	2	0	0	0	0	0	2	0	0	0	1	0	0	0	0	0	0	0	0	
1	3	0	0	0	0	1	0	1	2	0	3	0	2	0	2	0	0	0	2	0	0	0	0	0	0	3	1	
1	0	0	1	2	1	2	0	0	1	3	3	0	2	0	0	0	0	0	0	0	0	0	0	0	0	1	2	
0	0	0	1	1	0	1	0	3	1	1	3	0	2	0	0	0	0	0	2	0	0	0	0	0	0	0	0	
2	3	0	1	0	1	2	0	0	0	3	3	0	0	0	2	0	0	0	1	0	0	0	0	0	0	3	0	
0	0	0	2	2	3	2	0	0	0	0	0	0	2	0	0	0	0	0	0	0	0	0	0	0	0	1	2	
1	3	0	0	1	3	0	0	0	0	0	3	0	1	0	2	0	0	0	1	0	0	0	0	0	0	3	2	
1	0	2	1	1	0	2	0	1	1	0	0	0	2	0	2	0	0	0	0	0	0	0	0	0	0	1	2	
2	3	0	2	2	3	2	0	0	0	0	3	0	0	0	2	0	0	0	1	0	0	0	0	0	0	0	2	
1	1	0	0	0	3	2	0	1	1	1	2	0	0	0	2	0	0	0	0	0	0	0	0	0	0	0	0	
2	0	2	1	0	0	0	0	0	1	0	2	0	2	0	0	0	0	0	2	0	0	0	0	0	0	3	2	
1	3	0	0	0	1	1	0	0	1	3	3	0	0	0	0	0	0	0	0	0	0	0	0	0	0	0	2	
--------------------


The best solution was found at the restart: 20, population: 0
Total Time Elapsed: 0 hour(s), 11 minute(s), 18 second(s), 774 millisecond(s)

