--------------------
Best Solution Found!
--------------------
Time: 0 hour(s), 0 minute(s), 0 second(s), 4 millisecond(s)

Fitness: 75221

3	0	0	0	0	0	0	
0	1	0	1	0	0	1	
3	0	0	0	0	0	1	
0	0	1	0	0	0	0	
0	0	0	0	0	0	0	
0	0	2	0	0	0	0	
3	0	0	0	0	0	0	
0	0	0	2	0	3	0	
0	0	0	0	0	0	3	
0	1	0	0	0	0	2	
3	0	1	0	0	0	0	
0	1	0	0	2	0	0	
0	0	0	0	0	0	0	
0	1	0	0	0	0	1	
3	0	0	0	0	2	0	
0	2	0	0	0	0	0	
0	0	0	0	0	0	0	
0	1	0	0	0	0	1	
0	0	0	0	0	0	0	
0	0	0	0	0	0	0	
0	0	0	0	0	0	0	
1	0	0	0	0	0	0	
0	0	0	0	0	3	0	
0	0	0	1	0	0	1	
0	0	0	0	0	0	1	
0	0	2	0	0	0	0	
0	0	0	0	0	0	0	
1	2	2	0	0	0	0	
1	0	0	0	0	0	0	
0	1	0	0	0	0	0	
0	0	0	0	0	3	1	
0	0	0	0	0	3	0	
0	0	2	0	0	0	0	
0	0	0	2	0	0	0	
3	0	0	1	0	0	3	
0	0	0	0	0	0	0	
3	0	0	0	0	0	0	
1	0	1	2	0	0	0	
0	2	0	0	0	0	1	
0	2	0	1	0	0	0	
0	0	0	2	2	3	1	
3	2	0	0	0	0	2	
0	0	0	0	0	0	0	
0	0	0	0	0	0	0	
1	1	0	0	0	0	0	
0	0	0	1	0	0	0	
0	0	0	2	0	3	0	
0	0	0	0	0	0	0	
0	0	0	0	0	0	0	
0	0	0	0	0	0	0	
0	1	0	2	0	0	0	
0	0	0	0	0	0	1	
1	0	0	2	0	0	1	
0	1	2	0	0	1	0	
0	0	0	0	0	0	2	
0	0	0	0	0	2	0	
0	0	0	0	0	0	0	
0	2	0	0	0	0	1	
0	2	0	0	0	0	0	
1	1	0	0	0	0	0	
0	2	0	2	0	0	0	
0	0	0	0	0	0	0	
0	0	0	1	0	0	0	
1	0	0	1	0	0	2	
0	1	0	0	0	3	0	
0	0	0	1	0	0	0	
3	0	2	0	0	0	0	
0	0	1	1	3	0	0	
3	0	0	0	0	0	0	
0	0	0	1	0	0	0	
3	0	1	0	0	3	0	
1	1	0	0	0	0	0	
0	0	0	0	0	0	0	
1	2	0	1	0	1	0	
0	0	0	0	0	0	0	
--------------------

--------------------
Best Solution Found!
--------------------
Time: 0 hour(s), 0 minute(s), 0 second(s), 7 millisecond(s)

Fitness: 74232

3	0	0	0	0	0	1	
0	1	0	0	0	0	1	
3	0	0	2	0	0	0	
0	0	0	1	0	0	2	
0	0	0	0	0	0	0	
0	0	0	0	0	0	0	
3	0	0	0	0	0	0	
0	0	2	1	2	0	2	
0	0	0	0	0	0	0	
0	1	0	0	2	0	1	
3	0	2	0	0	0	0	
0	1	0	0	0	0	0	
0	0	0	0	0	0	0	
0	1	0	0	0	0	3	
3	0	0	0	0	0	1	
0	2	0	0	0	0	0	
0	0	0	0	0	3	0	
0	1	0	0	0	0	0	
0	0	0	2	0	0	0	
0	0	0	0	0	0	0	
0	0	0	1	0	0	0	
1	0	0	0	0	0	0	
0	0	0	0	0	3	0	
0	0	0	0	0	0	0	
0	0	0	1	0	2	1	
0	0	0	2	0	0	0	
0	0	1	1	0	0	0	
1	2	0	1	0	3	2	
1	0	0	1	0	0	0	
0	1	0	0	0	0	0	
0	0	0	0	0	1	0	
0	0	0	0	0	0	0	
0	0	0	0	0	0	0	
0	0	0	2	0	0	0	
3	0	0	0	0	0	1	
0	0	0	0	0	0	0	
3	0	0	2	0	0	0	
1	0	0	0	0	0	0	
0	2	0	0	0	0	0	
0	2	0	0	0	3	0	
0	0	0	0	0	3	0	
3	2	0	0	0	0	0	
0	0	2	0	0	0	1	
0	0	1	2	0	0	0	
1	1	0	0	0	0	0	
0	0	2	0	0	0	0	
0	0	0	0	0	0	1	
0	0	0	0	0	0	1	
0	0	0	0	0	0	1	
0	0	0	1	0	3	0	
0	1	0	0	0	0	0	
0	0	0	0	0	0	0	
1	0	0	0	0	0	2	
0	1	0	1	0	0	0	
0	0	0	0	0	0	1	
0	0	1	0	0	0	0	
0	0	2	0	0	3	0	
0	2	0	2	0	0	0	
0	2	0	0	0	0	0	
1	1	1	0	0	0	1	
0	2	0	0	0	0	0	
0	0	0	0	0	0	0	
0	0	0	0	0	3	0	
1	0	1	0	0	0	0	
0	1	0	2	0	1	0	
0	0	0	0	0	0	0	
3	0	2	0	0	0	0	
0	0	0	0	0	0	0	
3	0	0	0	0	0	3	
0	0	0	0	0	2	0	
3	0	0	0	3	0	0	
1	1	0	0	0	0	0	
0	0	0	0	0	0	0	
1	2	0	1	0	0	0	
0	0	0	1	0	0	0	
--------------------

--------------------
Best Solution Found!
--------------------
Time: 0 hour(s), 0 minute(s), 0 second(s), 11 millisecond(s)

Fitness: 74230

3	0	0	0	0	0	0	
0	0	0	1	0	0	1	
3	2	0	0	0	3	0	
0	0	1	0	0	0	0	
0	0	0	0	0	0	0	
0	0	2	0	0	0	0	
3	0	0	0	0	3	1	
0	0	0	2	0	0	0	
0	2	0	0	0	0	0	
0	0	0	0	0	0	0	
3	1	1	0	0	3	0	
0	0	0	0	2	0	2	
0	0	0	0	0	0	0	
0	2	0	0	0	0	0	
3	2	0	0	0	0	0	
0	0	0	0	0	0	0	
0	0	0	0	0	0	0	
0	0	0	0	0	2	0	
0	2	0	0	0	3	0	
0	2	0	0	0	0	0	
0	2	0	0	0	0	0	
1	0	0	0	0	0	0	
0	1	0	0	0	0	1	
0	0	0	1	0	0	0	
0	0	0	0	0	0	0	
0	0	2	0	0	3	0	
0	0	0	0	0	0	0	
1	0	2	0	0	0	0	
1	0	0	0	0	0	0	
0	0	0	0	0	2	0	
0	0	0	0	0	0	0	
0	0	0	0	0	0	1	
0	2	2	0	0	3	3	
0	0	0	2	0	0	0	
3	0	0	1	0	0	0	
0	1	0	0	0	0	1	
3	0	0	0	0	0	0	
1	1	1	2	0	0	2	
0	2	0	0	0	0	0	
0	0	0	1	0	0	2	
0	0	0	2	2	0	0	
3	1	0	0	0	0	1	
0	0	0	0	0	0	1	
0	0	0	0	0	0	0	
1	1	0	0	0	0	0	
0	0	0	1	0	0	0	
0	0	0	2	0	0	0	
0	0	0	0	0	0	0	
0	0	0	0	0	0	1	
0	0	0	0	0	0	0	
0	0	0	2	0	1	0	
0	0	0	0	0	3	1	
1	0	0	2	0	0	1	
0	1	2	0	0	0	0	
0	1	0	0	0	3	0	
0	0	0	0	0	0	0	
0	1	0	0	0	0	3	
0	0	0	0	0	0	0	
0	0	0	0	0	0	0	
1	0	0	0	0	0	0	
0	1	0	2	0	0	0	
0	1	0	0	0	0	0	
0	0	0	1	0	0	0	
1	1	0	1	0	0	0	
0	0	0	0	0	0	0	
0	0	0	1	0	1	2	
3	0	2	0	0	0	1	
0	0	1	1	3	0	0	
3	0	0	0	0	0	0	
0	0	0	1	0	0	1	
3	0	1	0	0	0	0	
1	0	0	0	0	0	0	
0	0	0	0	0	0	0	
1	0	0	1	0	0	0	
0	0	0	0	0	0	0	
--------------------

--------------------
Best Solution Found!
--------------------
Time: 0 hour(s), 0 minute(s), 0 second(s), 14 millisecond(s)

Fitness: 74230

3	0	0	0	0	0	0	
0	0	0	1	0	0	1	
3	2	0	0	0	3	0	
0	0	1	0	0	0	0	
0	0	0	0	0	0	0	
0	0	2	0	0	0	0	
3	0	0	0	0	3	1	
0	0	0	2	0	0	0	
0	2	0	0	0	0	0	
0	0	0	0	0	0	0	
3	1	1	0	0	3	0	
0	0	0	0	2	0	2	
0	0	0	0	0	0	0	
0	2	0	0	0	0	0	
3	2	0	0	0	0	0	
0	0	0	0	0	0	0	
0	0	0	0	0	0	0	
0	0	0	0	0	2	0	
0	2	0	0	0	3	0	
0	2	0	0	0	0	0	
0	2	0	0	0	0	0	
1	0	0	0	0	0	0	
0	1	0	0	0	0	1	
0	0	0	1	0	0	0	
0	0	0	0	0	0	0	
0	0	2	0	0	3	0	
0	0	0	0	0	0	0	
1	0	2	0	0	0	0	
1	0	0	0	0	0	0	
0	0	0	0	0	2	0	
0	0	0	0	0	0	0	
0	0	0	0	0	0	1	
0	2	2	0	0	3	3	
0	0	0	2	0	0	0	
3	0	0	1	0	0	0	
0	1	0	0	0	0	1	
3	0	0	0	0	0	0	
1	1	1	2	0	0	2	
0	2	0	0	0	0	0	
0	0	0	1	0	0	2	
0	0	0	2	2	0	0	
3	1	0	0	0	0	1	
0	0	0	0	0	0	1	
0	0	0	0	0	0	0	
1	1	0	0	0	0	0	
0	0	0	1	0	0	0	
0	0	0	2	0	0	0	
0	0	0	0	0	0	0	
0	0	0	0	0	0	1	
0	0	0	0	0	0	0	
0	0	0	2	0	1	0	
0	0	0	0	0	3	1	
1	0	0	2	0	0	1	
0	1	2	0	0	0	0	
0	1	0	0	0	3	0	
0	0	0	0	0	0	0	
0	1	0	0	0	0	3	
0	0	0	0	0	0	0	
0	0	0	0	0	0	0	
1	0	0	0	0	0	0	
0	1	0	2	0	0	0	
0	1	0	0	0	0	0	
0	0	0	1	0	0	0	
1	1	0	1	0	0	0	
0	0	0	0	0	0	0	
0	0	0	1	0	1	2	
3	0	2	0	0	0	1	
0	0	1	1	3	0	0	
3	0	0	0	0	0	0	
0	0	0	1	0	0	1	
3	0	1	0	0	0	0	
1	0	0	0	0	0	0	
0	0	0	0	0	0	0	
1	0	0	1	0	0	0	
0	0	0	0	0	0	0	
--------------------

--------------------
Best Solution Found!
--------------------
Time: 0 hour(s), 0 minute(s), 0 second(s), 15 millisecond(s)

Fitness: 74230

3	0	0	0	0	0	0	
0	0	0	1	0	0	1	
3	2	0	0	0	3	0	
0	0	1	0	0	0	0	
0	0	0	0	0	0	0	
0	0	2	0	0	0	0	
3	0	0	0	0	3	1	
0	0	0	2	0	0	0	
0	2	0	0	0	0	0	
0	0	0	0	0	0	0	
3	1	1	0	0	3	0	
0	0	0	0	2	0	2	
0	0	0	0	0	0	0	
0	2	0	0	0	0	0	
3	2	0	0	0	0	0	
0	0	0	0	0	0	0	
0	0	0	0	0	0	0	
0	0	0	0	0	2	0	
0	2	0	0	0	3	0	
0	2	0	0	0	0	0	
0	2	0	0	0	0	0	
1	0	0	0	0	0	0	
0	1	0	0	0	0	1	
0	0	0	1	0	0	0	
0	0	0	0	0	0	0	
0	0	2	0	0	3	0	
0	0	0	0	0	0	0	
1	0	2	0	0	0	0	
1	0	0	0	0	0	0	
0	0	0	0	0	2	0	
0	0	0	0	0	0	0	
0	0	0	0	0	0	1	
0	2	2	0	0	3	3	
0	0	0	2	0	0	0	
3	0	0	1	0	0	0	
0	1	0	0	0	0	1	
3	0	0	0	0	0	0	
1	1	1	2	0	0	2	
0	2	0	0	0	0	0	
0	0	0	1	0	0	2	
0	0	0	2	2	0	0	
3	1	0	0	0	0	1	
0	0	0	0	0	0	1	
0	0	0	0	0	0	0	
1	1	0	0	0	0	0	
0	0	0	1	0	0	0	
0	0	0	2	0	0	0	
0	0	0	0	0	0	0	
0	0	0	0	0	0	1	
0	0	0	0	0	0	0	
0	0	0	2	0	1	0	
0	0	0	0	0	3	1	
1	0	0	2	0	0	1	
0	1	2	0	0	0	0	
0	1	0	0	0	3	0	
0	0	0	0	0	0	0	
0	1	0	0	0	0	3	
0	0	0	0	0	0	0	
0	0	0	0	0	0	0	
1	0	0	0	0	0	0	
0	1	0	2	0	0	0	
0	1	0	0	0	0	0	
0	0	0	1	0	0	0	
1	1	0	1	0	0	0	
0	0	0	0	0	0	0	
0	0	0	1	0	1	2	
3	0	2	0	0	0	1	
0	0	1	1	3	0	0	
3	0	0	0	0	0	0	
0	0	0	1	0	0	1	
3	0	1	0	0	0	0	
1	0	0	0	0	0	0	
0	0	0	0	0	0	0	
1	0	0	1	0	0	0	
0	0	0	0	0	0	0	
--------------------

--------------------
Best Solution Found!
--------------------
Time: 0 hour(s), 0 minute(s), 0 second(s), 24 millisecond(s)

Fitness: 74226

0	0	0	0	0	0	1	
1	0	0	0	0	0	1	
0	0	0	0	0	3	0	
0	0	0	0	2	0	1	
0	0	1	0	0	0	0	
1	0	0	0	0	0	1	
0	2	0	2	0	0	0	
1	1	0	0	0	0	0	
1	0	0	0	3	3	2	
0	0	0	0	0	0	0	
0	0	0	0	0	0	0	
3	2	0	1	0	0	0	
0	1	1	0	0	0	0	
0	0	0	0	0	0	3	
0	2	0	0	0	0	0	
0	1	0	0	0	3	0	
0	2	0	0	0	0	0	
0	0	0	0	0	0	0	
0	0	0	0	0	0	0	
0	1	0	0	0	0	0	
1	0	0	1	0	0	0	
0	0	0	0	0	0	0	
0	0	0	0	0	0	0	
0	0	0	0	0	0	0	
0	0	0	0	0	1	2	
0	0	0	2	0	0	0	
0	0	0	0	0	3	1	
0	1	2	0	0	0	0	
3	0	2	0	0	0	3	
0	1	0	0	0	0	0	
0	0	0	0	0	0	0	
0	0	0	1	0	0	0	
0	1	2	0	0	0	0	
1	0	0	1	0	0	0	
0	0	0	0	0	0	0	
3	0	0	0	0	3	0	
3	1	0	0	0	0	1	
0	0	0	0	0	0	0	
1	0	0	0	0	0	0	
0	0	0	0	0	0	0	
1	0	0	0	0	0	0	
0	0	0	0	0	0	1	
0	1	0	0	0	3	0	
0	0	0	0	0	0	0	
3	0	1	1	0	0	0	
3	0	0	2	0	0	2	
0	0	0	0	0	0	2	
0	0	0	0	0	0	0	
0	0	2	1	2	0	0	
0	0	0	0	0	0	1	
1	0	0	1	0	0	1	
0	2	0	0	0	0	0	
3	0	0	2	0	0	0	
0	0	0	0	0	0	0	
3	0	0	0	0	3	0	
0	0	0	0	0	2	0	
0	1	1	1	0	3	1	
0	0	0	0	0	0	0	
1	0	0	0	0	2	0	
0	1	0	2	0	0	1	
0	0	0	2	0	0	0	
0	0	0	2	0	0	0	
0	0	2	0	0	0	0	
3	2	0	1	0	0	0	
0	2	0	0	0	0	0	
0	0	0	0	0	0	0	
0	1	2	0	0	0	0	
3	0	0	0	0	0	1	
0	0	1	2	0	0	0	
0	0	0	0	0	0	0	
0	2	0	1	0	0	0	
0	0	0	0	0	0	0	
3	2	0	0	0	0	0	
0	0	0	0	0	0	0	
0	0	0	1	0	1	0	
--------------------

--------------------
Best Solution Found!
--------------------
Time: 0 hour(s), 0 minute(s), 0 second(s), 25 millisecond(s)

Fitness: 74226

0	0	0	0	0	0	1	
1	0	0	0	0	0	1	
0	0	0	0	0	3	0	
0	0	0	0	2	0	1	
0	0	1	0	0	0	0	
1	0	0	0	0	0	1	
0	2	0	2	0	0	0	
1	1	0	0	0	0	0	
1	0	0	0	3	3	2	
0	0	0	0	0	0	0	
0	0	0	0	0	0	0	
3	2	0	1	0	0	0	
0	1	1	0	0	0	0	
0	0	0	0	0	0	3	
0	2	0	0	0	0	0	
0	1	0	0	0	3	0	
0	2	0	0	0	0	0	
0	0	0	0	0	0	0	
0	0	0	0	0	0	0	
0	1	0	0	0	0	0	
1	0	0	1	0	0	0	
0	0	0	0	0	0	0	
0	0	0	0	0	0	0	
0	0	0	0	0	0	0	
0	0	0	0	0	1	2	
0	0	0	2	0	0	0	
0	0	0	0	0	3	1	
0	1	2	0	0	0	0	
3	0	2	0	0	0	3	
0	1	0	0	0	0	0	
0	0	0	0	0	0	0	
0	0	0	1	0	0	0	
0	1	2	0	0	0	0	
1	0	0	1	0	0	0	
0	0	0	0	0	0	0	
3	0	0	0	0	3	0	
3	1	0	0	0	0	1	
0	0	0	0	0	0	0	
1	0	0	0	0	0	0	
0	0	0	0	0	0	0	
1	0	0	0	0	0	0	
0	0	0	0	0	0	1	
0	1	0	0	0	3	0	
0	0	0	0	0	0	0	
3	0	1	1	0	0	0	
3	0	0	2	0	0	2	
0	0	0	0	0	0	2	
0	0	0	0	0	0	0	
0	0	2	1	2	0	0	
0	0	0	0	0	0	1	
1	0	0	1	0	0	1	
0	2	0	0	0	0	0	
3	0	0	2	0	0	0	
0	0	0	0	0	0	0	
3	0	0	0	0	3	0	
0	0	0	0	0	2	0	
0	1	1	1	0	3	1	
0	0	0	0	0	0	0	
1	0	0	0	0	2	0	
0	1	0	2	0	0	1	
0	0	0	2	0	0	0	
0	0	0	2	0	0	0	
0	0	2	0	0	0	0	
3	2	0	1	0	0	0	
0	2	0	0	0	0	0	
0	0	0	0	0	0	0	
0	1	2	0	0	0	0	
3	0	0	0	0	0	1	
0	0	1	2	0	0	0	
0	0	0	0	0	0	0	
0	2	0	1	0	0	0	
0	0	0	0	0	0	0	
3	2	0	0	0	0	0	
0	0	0	0	0	0	0	
0	0	0	1	0	1	0	
--------------------

--------------------
Best Solution Found!
--------------------
Time: 0 hour(s), 0 minute(s), 0 second(s), 27 millisecond(s)

Fitness: 74226

0	0	0	0	0	0	1	
1	0	0	0	0	0	1	
0	0	0	0	0	3	0	
0	0	0	0	2	0	1	
0	0	1	0	0	0	0	
1	0	0	0	0	0	1	
0	2	0	2	0	0	0	
1	1	0	0	0	0	0	
1	0	0	0	3	3	2	
0	0	0	0	0	0	0	
0	0	0	0	0	0	0	
3	2	0	1	0	0	0	
0	1	1	0	0	0	0	
0	0	0	0	0	0	3	
0	2	0	0	0	0	0	
0	1	0	0	0	3	0	
0	2	0	0	0	0	0	
0	0	0	0	0	0	0	
0	0	0	0	0	0	0	
0	1	0	0	0	0	0	
1	0	0	1	0	0	0	
0	0	0	0	0	0	0	
0	0	0	0	0	0	0	
0	0	0	0	0	0	0	
0	0	0	0	0	1	2	
0	0	0	2	0	0	0	
0	0	0	0	0	3	1	
0	1	2	0	0	0	0	
3	0	2	0	0	0	3	
0	1	0	0	0	0	0	
0	0	0	0	0	0	0	
0	0	0	1	0	0	0	
0	1	2	0	0	0	0	
1	0	0	1	0	0	0	
0	0	0	0	0	0	0	
3	0	0	0	0	3	0	
3	1	0	0	0	0	1	
0	0	0	0	0	0	0	
1	0	0	0	0	0	0	
0	0	0	0	0	0	0	
1	0	0	0	0	0	0	
0	0	0	0	0	0	1	
0	1	0	0	0	3	0	
0	0	0	0	0	0	0	
3	0	1	1	0	0	0	
3	0	0	2	0	0	2	
0	0	0	0	0	0	2	
0	0	0	0	0	0	0	
0	0	2	1	2	0	0	
0	0	0	0	0	0	1	
1	0	0	1	0	0	1	
0	2	0	0	0	0	0	
3	0	0	2	0	0	0	
0	0	0	0	0	0	0	
3	0	0	0	0	3	0	
0	0	0	0	0	2	0	
0	1	1	1	0	3	1	
0	0	0	0	0	0	0	
1	0	0	0	0	2	0	
0	1	0	2	0	0	1	
0	0	0	2	0	0	0	
0	0	0	2	0	0	0	
0	0	2	0	0	0	0	
3	2	0	1	0	0	0	
0	2	0	0	0	0	0	
0	0	0	0	0	0	0	
0	1	2	0	0	0	0	
3	0	0	0	0	0	1	
0	0	1	2	0	0	0	
0	0	0	0	0	0	0	
0	2	0	1	0	0	0	
0	0	0	0	0	0	0	
3	2	0	0	0	0	0	
0	0	0	0	0	0	0	
0	0	0	1	0	1	0	
--------------------

--------------------
Best Solution Found!
--------------------
Time: 0 hour(s), 0 minute(s), 0 second(s), 37 millisecond(s)

Fitness: 74212

0	1	0	0	0	0	0	
0	0	0	0	0	0	1	
0	1	1	0	3	0	0	
0	2	2	2	0	0	0	
3	0	2	0	0	0	0	
0	1	0	0	0	0	2	
3	0	0	0	2	0	0	
1	0	0	0	0	0	0	
0	0	0	2	0	0	0	
0	0	0	2	0	0	1	
1	2	0	0	0	0	0	
0	0	0	0	0	0	0	
0	0	0	0	0	0	0	
0	0	0	0	0	0	1	
0	0	0	0	0	0	0	
0	0	0	2	0	0	0	
0	0	0	0	0	0	0	
0	1	0	0	0	0	0	
0	0	0	0	0	0	0	
0	1	0	0	0	0	0	
0	0	0	1	0	0	0	
0	2	0	0	0	0	0	
0	0	0	0	0	3	0	
3	0	0	1	0	0	1	
3	0	0	1	0	0	0	
1	2	1	2	0	3	0	
0	1	0	0	0	0	0	
0	0	0	2	0	0	0	
0	0	0	0	0	0	1	
1	2	0	0	0	0	0	
3	2	0	1	0	0	2	
3	0	2	0	0	0	0	
1	0	0	0	0	0	0	
0	0	2	0	0	0	0	
0	0	0	0	0	1	0	
3	1	0	0	0	0	0	
0	0	0	0	0	3	0	
0	0	0	0	0	3	1	
1	0	0	2	0	0	0	
0	0	0	1	0	0	3	
0	0	2	1	0	0	0	
0	0	0	0	0	0	0	
0	0	0	0	0	0	1	
0	2	0	0	0	0	0	
0	0	0	0	0	0	0	
0	0	0	1	0	2	0	
3	0	0	0	0	0	2	
3	0	0	0	0	0	0	
1	1	0	1	0	0	0	
1	0	0	1	2	0	0	
0	0	0	0	0	0	0	
3	0	0	0	0	3	1	
0	0	0	0	0	0	2	
0	0	0	0	0	0	1	
0	0	0	0	0	1	0	
0	1	0	0	0	2	0	
3	2	0	0	0	0	0	
0	0	0	0	0	0	0	
0	0	0	0	0	3	0	
0	0	0	2	0	3	3	
1	0	0	0	0	0	1	
0	0	0	0	0	0	0	
0	0	0	0	0	0	0	
0	0	1	0	0	0	1	
0	0	0	1	0	0	0	
0	0	1	0	0	0	0	
0	1	0	0	0	0	0	
0	0	0	0	0	3	0	
0	0	0	0	0	0	0	
0	1	0	0	0	0	0	
0	2	2	1	0	0	0	
0	1	0	0	0	0	1	
0	0	0	0	0	0	0	
0	0	1	0	0	0	0	
1	0	0	0	0	0	0	
--------------------

--------------------
Best Solution Found!
--------------------
Time: 0 hour(s), 0 minute(s), 0 second(s), 47 millisecond(s)

Fitness: 73222

1	0	0	0	0	0	0	
0	0	0	0	0	0	0	
0	2	1	0	0	0	0	
1	0	2	0	0	0	0	
0	1	2	0	0	0	1	
1	0	0	0	0	0	0	
0	0	0	0	0	0	0	
0	1	0	2	0	0	0	
0	1	0	0	0	0	0	
1	0	0	0	0	0	1	
0	0	0	0	0	3	3	
3	2	0	2	0	0	0	
0	0	0	0	0	0	0	
0	2	0	0	0	1	0	
3	2	0	1	0	0	1	
0	0	0	0	0	0	2	
0	0	0	0	0	0	0	
0	1	0	0	0	0	0	
0	0	0	0	0	0	0	
0	0	0	0	0	0	0	
3	1	0	0	0	0	0	
0	0	0	0	0	3	0	
3	0	0	1	2	3	1	
1	1	0	2	0	0	0	
0	0	0	2	0	0	0	
0	2	1	1	0	0	0	
0	0	0	0	0	0	0	
0	0	0	0	0	0	0	
0	0	0	0	0	2	1	
0	1	0	1	0	0	0	
0	1	0	0	0	0	0	
1	0	2	0	0	0	0	
0	0	0	1	0	0	0	
0	0	2	2	0	0	0	
0	0	0	0	0	0	0	
0	0	0	0	0	0	0	
0	0	0	0	0	0	0	
1	0	0	0	0	0	0	
0	1	0	1	0	0	0	
0	0	0	1	0	0	1	
0	0	2	2	0	0	0	
0	0	0	0	0	0	0	
1	0	0	0	0	3	1	
0	0	0	0	0	0	0	
3	2	0	0	0	0	1	
0	2	0	0	0	0	0	
1	0	0	0	0	0	0	
0	0	0	0	0	0	2	
0	0	0	0	0	0	0	
0	0	0	0	0	3	0	
0	0	0	0	0	0	0	
0	0	0	0	0	0	0	
0	0	0	2	0	0	2	
3	1	0	0	0	0	0	
0	2	0	1	0	0	0	
0	0	0	0	0	0	0	
0	2	0	0	0	0	1	
0	0	0	0	0	3	2	
0	0	0	0	2	3	0	
0	0	0	2	0	0	1	
0	0	0	0	0	0	0	
0	1	0	0	0	0	0	
0	0	0	0	0	3	1	
1	0	1	0	0	0	0	
3	0	0	0	0	0	0	
3	0	1	0	0	0	0	
0	0	0	0	0	0	1	
3	0	0	0	3	0	0	
3	0	0	0	0	0	0	
0	0	0	1	0	1	0	
0	0	2	0	0	0	0	
3	1	0	1	0	2	3	
0	0	0	0	0	0	0	
0	0	1	1	0	0	0	
0	0	0	0	0	0	0	
--------------------

--------------------
Best Solution Found!
--------------------
Time: 0 hour(s), 0 minute(s), 0 second(s), 61 millisecond(s)

Fitness: 73219

0	0	0	0	0	0	0	
0	0	0	2	0	0	1	
0	0	1	1	0	0	1	
0	0	2	0	3	0	0	
3	0	2	1	0	0	3	
0	0	0	0	0	3	0	
3	2	0	0	0	0	0	
0	1	0	0	0	0	0	
0	0	0	0	0	0	0	
0	1	0	0	0	0	0	
0	0	0	1	0	0	0	
1	1	0	0	0	3	0	
0	2	0	0	0	3	0	
0	0	0	0	0	0	0	
3	0	0	0	0	0	0	
3	0	0	0	0	0	0	
3	2	0	0	0	1	0	
0	2	0	0	0	0	0	
0	0	0	1	0	0	0	
0	2	0	0	0	0	0	
0	0	0	0	0	0	2	
1	1	0	0	0	2	0	
0	0	0	0	0	0	0	
0	0	0	0	0	0	0	
0	2	0	1	0	3	1	
0	1	1	0	0	0	0	
0	0	0	0	0	0	0	
0	0	0	2	0	1	0	
0	0	0	0	0	0	2	
0	0	0	0	0	0	0	
1	2	0	2	2	0	1	
0	0	2	0	0	0	0	
0	0	0	0	0	0	0	
0	0	2	2	0	0	0	
0	0	0	0	2	0	1	
0	0	0	0	0	3	0	
0	0	0	2	0	0	0	
0	0	0	1	0	0	0	
0	0	0	0	0	0	0	
1	0	0	0	0	0	3	
3	2	2	0	0	3	1	
0	0	0	0	0	0	0	
0	1	0	0	0	0	0	
1	0	0	2	0	0	0	
0	0	0	2	0	0	0	
3	2	0	0	0	0	1	
0	0	0	0	0	0	0	
0	0	0	0	0	0	1	
0	0	0	1	0	0	0	
0	0	0	0	0	0	0	
0	0	0	0	0	0	0	
1	0	0	0	0	0	1	
0	1	0	0	0	0	0	
0	0	0	0	0	0	0	
1	0	0	0	0	0	0	
0	1	0	0	0	3	0	
0	0	0	0	0	0	0	
3	1	0	1	0	0	0	
0	0	0	2	0	0	0	
1	0	0	0	0	2	2	
1	0	0	0	0	0	0	
1	0	0	1	0	0	0	
3	1	0	0	0	0	0	
0	0	1	0	0	0	0	
0	1	0	1	0	0	0	
0	1	1	0	0	0	1	
3	0	0	0	0	0	0	
0	0	0	1	0	0	0	
0	0	0	0	0	0	1	
0	0	0	0	0	0	0	
0	0	2	0	0	0	0	
0	0	0	0	0	3	0	
3	0	0	0	0	0	0	
0	0	1	0	0	0	1	
0	0	0	0	0	0	2	
--------------------

--------------------
Best Solution Found!
--------------------
Time: 0 hour(s), 0 minute(s), 0 second(s), 386 millisecond(s)

Fitness: 73218

0	0	0	0	0	0	0	
0	0	2	0	0	0	0	
0	0	0	0	0	0	0	
0	0	0	1	0	1	0	
0	0	0	0	0	0	0	
1	0	2	0	0	0	0	
3	0	0	0	0	0	0	
0	0	0	0	0	0	0	
0	0	0	0	0	0	0	
0	0	0	0	0	0	0	
3	0	0	0	0	0	0	
3	0	0	0	0	0	0	
0	1	0	0	0	0	1	
0	0	0	0	0	0	0	
0	1	0	0	0	0	0	
0	1	0	1	0	0	0	
0	0	0	0	0	0	0	
0	1	0	0	0	2	0	
0	2	0	2	0	0	3	
0	0	0	0	0	0	0	
3	1	0	1	0	0	0	
0	0	0	0	0	0	1	
0	0	0	2	0	0	0	
0	0	0	0	0	3	0	
3	2	2	0	0	0	1	
0	0	0	0	0	0	0	
1	0	0	0	0	0	1	
1	2	0	0	0	0	0	
0	2	0	0	0	0	0	
0	0	0	0	0	0	0	
1	0	0	0	0	3	0	
0	0	0	0	0	0	0	
0	0	1	0	0	0	2	
3	0	0	0	0	1	1	
0	0	0	2	3	0	0	
0	0	0	1	0	3	0	
1	1	0	2	0	0	0	
0	0	0	1	0	0	0	
0	0	0	0	0	0	0	
0	0	0	0	0	0	0	
3	0	0	0	0	3	0	
1	2	1	2	0	0	1	
0	0	0	0	0	0	1	
1	0	0	0	0	0	0	
0	0	0	0	0	0	0	
0	1	0	0	0	0	1	
0	0	1	0	0	0	1	
0	0	0	2	0	0	1	
1	1	0	1	0	3	2	
0	0	0	0	0	3	0	
3	0	0	0	0	0	0	
0	0	0	2	0	0	0	
0	0	0	0	2	0	0	
0	0	0	0	0	0	1	
3	2	0	0	0	0	0	
0	2	0	0	0	0	0	
0	2	2	0	0	0	0	
0	0	0	1	0	0	0	
0	0	2	0	2	2	0	
1	0	0	0	0	0	0	
0	1	0	1	0	0	2	
0	0	0	0	0	0	0	
1	1	0	2	0	0	0	
0	0	0	1	0	0	2	
0	1	0	0	0	0	0	
0	0	0	0	0	0	0	
3	0	2	1	0	0	0	
0	1	0	0	0	0	0	
0	0	0	0	0	0	0	
0	0	1	0	0	3	1	
0	0	0	0	0	0	3	
3	0	0	0	0	3	0	
0	2	0	1	0	0	0	
0	0	0	0	0	0	0	
0	0	1	0	0	0	0	
--------------------

--------------------
Best Solution Found!
--------------------
Time: 0 hour(s), 0 minute(s), 0 second(s), 444 millisecond(s)

Fitness: 72230

0	0	0	0	0	0	1	
0	2	0	0	0	0	0	
1	0	0	0	0	0	0	
1	0	0	0	0	0	0	
0	0	0	0	0	0	0	
0	0	0	0	0	0	0	
0	2	0	2	0	0	0	
1	1	0	1	0	0	0	
0	0	0	0	0	0	0	
0	0	0	1	0	0	0	
3	0	0	0	0	0	0	
0	0	0	2	0	0	0	
0	0	0	0	0	3	0	
1	0	0	0	0	0	1	
0	0	0	0	0	0	0	
0	0	1	0	0	0	0	
0	0	0	0	0	0	0	
0	0	0	0	0	1	0	
0	2	0	0	0	0	0	
3	1	1	0	0	0	0	
3	0	0	1	0	0	1	
1	0	0	0	0	3	0	
0	1	0	0	0	0	3	
3	0	0	0	0	0	1	
0	2	1	0	0	0	1	
0	0	0	0	0	0	0	
0	0	0	2	0	0	0	
0	1	0	1	0	0	0	
0	0	0	1	0	0	0	
0	0	0	0	0	0	0	
0	2	2	1	0	3	2	
0	0	0	0	0	0	0	
0	0	0	0	0	0	0	
0	0	0	0	2	0	0	
3	0	1	1	0	2	2	
0	2	0	0	0	0	0	
0	0	2	0	0	0	0	
0	0	0	0	0	0	0	
0	0	0	2	0	0	0	
1	2	2	2	0	0	1	
3	0	0	0	0	0	0	
0	0	0	0	0	0	0	
0	0	0	0	0	0	1	
3	0	0	1	0	0	1	
0	0	0	0	0	3	1	
3	1	0	0	0	0	0	
1	0	0	2	0	0	0	
0	1	0	0	0	0	0	
0	0	0	0	0	0	0	
0	0	2	0	0	0	0	
0	1	2	0	0	0	0	
1	2	0	0	0	0	0	
1	0	0	0	0	0	0	
0	0	0	1	0	0	0	
0	0	0	1	0	3	0	
0	0	0	0	3	0	0	
3	0	0	2	0	0	0	
0	0	2	0	0	0	0	
0	1	0	0	0	1	0	
0	0	0	0	0	0	2	
0	0	0	0	0	0	0	
0	1	0	2	0	3	0	
0	0	0	0	0	3	1	
0	0	0	0	0	2	0	
0	0	1	0	0	0	1	
0	2	0	0	0	0	0	
3	1	0	0	0	3	0	
0	0	0	0	0	0	1	
0	0	0	0	0	0	0	
0	1	0	0	0	0	3	
0	1	0	0	2	0	0	
0	0	0	0	0	0	0	
3	0	0	1	0	0	2	
1	0	0	0	0	0	0	
0	0	0	0	0	0	0	
--------------------

--------------------
Best Solution Found!
--------------------
Time: 0 hour(s), 0 minute(s), 0 second(s), 823 millisecond(s)

Fitness: 72230

0	0	0	0	0	1	1	
0	1	0	0	0	0	1	
0	0	0	0	0	3	0	
0	2	0	0	0	3	0	
0	0	0	0	0	0	1	
0	0	0	0	0	0	0	
0	0	0	0	0	0	0	
1	0	1	0	0	3	0	
0	0	1	0	0	0	0	
0	0	1	0	0	0	0	
0	0	0	0	0	0	0	
0	1	0	0	0	3	0	
0	0	0	0	0	0	0	
0	0	0	0	0	0	0	
0	0	0	0	0	0	0	
0	0	0	0	0	3	2	
0	0	0	1	0	0	0	
0	0	2	2	0	0	0	
3	0	0	1	0	0	0	
0	0	0	0	0	0	0	
0	0	0	0	0	0	0	
1	1	0	2	0	0	0	
0	0	0	0	0	0	0	
1	2	0	1	0	0	0	
0	0	0	0	0	0	0	
0	0	0	0	0	3	1	
0	0	0	0	0	0	0	
3	2	0	0	0	0	0	
0	0	0	0	0	0	0	
1	0	0	0	0	0	0	
0	0	0	0	0	0	0	
0	0	0	0	0	0	0	
0	1	0	0	0	0	0	
0	0	2	0	0	0	1	
0	0	0	0	0	0	0	
0	0	2	2	0	0	0	
0	0	0	1	0	0	3	
1	0	0	0	0	0	1	
0	0	1	0	0	0	0	
3	0	0	0	0	2	3	
0	0	0	2	0	0	0	
3	0	2	0	0	0	0	
0	0	0	1	0	0	1	
3	2	0	1	0	3	1	
0	1	0	0	0	0	0	
0	0	0	0	0	2	0	
0	2	2	1	0	0	0	
1	1	0	0	0	0	1	
0	0	0	0	0	3	0	
0	0	0	0	0	0	0	
0	0	0	0	0	0	0	
0	2	0	1	0	0	0	
0	1	0	2	0	0	0	
0	0	0	2	0	0	0	
1	0	0	0	0	0	1	
3	1	1	0	3	0	2	
3	1	0	1	0	0	0	
3	0	0	0	0	0	0	
0	0	0	0	0	0	0	
0	0	0	0	0	0	2	
1	2	0	0	0	0	0	
3	1	0	0	0	0	0	
0	2	0	0	0	0	0	
1	0	0	0	0	0	0	
1	2	0	1	2	0	2	
0	0	2	0	0	0	0	
0	0	0	0	0	0	0	
0	0	0	2	0	0	0	
3	0	0	0	0	1	0	
0	0	0	0	0	0	0	
0	0	0	0	0	0	0	
3	0	0	2	0	0	1	
0	0	0	0	0	0	0	
0	1	0	1	0	0	0	
0	1	0	0	2	0	1	
--------------------

--------------------
Best Solution Found!
--------------------
Time: 0 hour(s), 0 minute(s), 1 second(s), 62 millisecond(s)

Fitness: 72230

0	2	0	0	0	0	0	
0	0	0	0	2	0	0	
0	0	0	1	0	0	0	
0	0	0	1	0	0	0	
0	0	0	0	0	0	0	
0	0	0	0	0	0	1	
3	0	0	0	0	0	0	
3	1	1	0	0	0	0	
0	0	0	0	0	0	0	
0	0	0	2	0	0	0	
0	2	0	0	0	3	1	
0	0	0	0	0	0	0	
0	0	0	2	0	3	2	
0	1	0	0	0	0	0	
0	0	0	1	0	0	0	
0	2	2	0	0	0	0	
0	0	0	1	0	0	0	
0	0	0	0	0	3	0	
0	0	2	1	0	0	1	
1	1	0	0	0	0	2	
0	0	0	0	0	0	0	
3	0	1	0	0	0	0	
0	0	0	1	0	0	1	
0	0	0	0	0	0	0	
0	0	0	0	0	0	1	
0	0	0	0	0	0	0	
0	0	0	1	0	0	0	
1	0	0	0	0	0	0	
0	0	0	0	0	1	3	
3	0	0	0	0	0	0	
0	0	2	0	0	0	0	
0	1	1	1	2	0	3	
0	0	0	0	0	0	0	
0	0	0	0	0	0	0	
0	2	0	2	0	0	1	
1	2	0	2	0	3	1	
0	0	0	0	0	0	0	
0	1	0	0	0	0	0	
0	0	1	0	0	2	0	
0	1	0	2	0	0	1	
0	0	0	0	3	0	0	
3	1	0	0	0	3	0	
3	2	1	1	0	0	1	
0	0	0	0	0	1	0	
3	0	0	0	0	0	1	
0	0	0	0	0	0	0	
0	0	2	0	0	3	0	
0	1	0	0	0	0	0	
0	1	0	0	0	0	2	
0	2	0	0	0	3	0	
1	0	0	0	0	0	0	
3	0	0	0	0	0	0	
0	0	2	0	0	0	0	
0	0	0	2	0	0	0	
1	1	0	0	0	2	0	
3	0	0	2	0	0	0	
0	0	0	0	0	0	0	
0	0	0	0	0	0	0	
0	0	0	0	0	0	0	
1	0	0	0	0	0	0	
3	0	0	0	0	0	0	
0	2	0	0	0	0	0	
3	2	0	0	0	0	0	
0	0	0	0	0	0	1	
0	0	0	1	0	0	0	
0	0	0	0	0	0	0	
0	0	0	2	0	0	2	
0	0	0	0	0	0	1	
0	0	0	0	0	0	0	
1	0	0	0	0	3	0	
0	0	0	0	0	0	0	
1	1	0	1	0	0	0	
0	0	0	0	0	0	0	
1	1	2	0	0	0	0	
1	0	0	0	0	0	0	
--------------------

--------------------
Best Solution Found!
--------------------
Time: 0 hour(s), 0 minute(s), 1 second(s), 223 millisecond(s)

Fitness: 72215

1	0	0	0	0	0	0	
0	0	0	0	0	0	2	
0	2	0	1	0	0	0	
0	1	2	0	0	0	0	
0	2	0	0	0	0	0	
0	1	2	0	0	0	0	
0	0	0	0	0	0	0	
0	0	0	0	0	0	0	
1	0	0	0	2	0	0	
0	0	0	1	0	0	0	
3	0	0	1	0	0	0	
3	0	0	1	0	3	0	
3	2	2	1	2	0	0	
0	0	0	2	0	3	0	
0	0	0	2	0	0	1	
3	1	0	0	0	0	0	
0	0	0	0	0	0	0	
0	2	0	0	0	0	0	
3	0	0	1	0	0	0	
0	0	0	0	0	0	0	
0	0	0	0	0	0	1	
1	1	0	2	0	0	3	
0	1	0	0	0	1	0	
0	0	0	0	0	0	0	
1	0	0	0	0	0	0	
0	0	0	0	0	0	1	
1	2	1	1	0	0	0	
0	0	0	0	0	0	0	
0	1	0	0	0	3	0	
0	2	0	0	0	0	0	
1	0	0	0	0	0	0	
0	0	2	1	0	0	1	
0	0	1	0	0	0	0	
0	0	0	0	0	3	0	
0	0	0	0	0	0	0	
0	0	0	0	0	3	0	
0	0	0	0	0	0	1	
0	0	0	0	0	0	0	
0	0	0	0	0	0	0	
3	0	0	2	0	0	0	
0	0	0	0	0	0	0	
1	0	0	2	0	3	0	
3	1	0	0	0	0	0	
0	0	0	0	0	0	0	
0	1	2	1	0	3	1	
3	0	0	0	0	3	0	
1	0	0	0	0	0	0	
3	0	0	0	0	0	2	
0	1	0	0	0	0	0	
0	0	0	0	0	0	0	
0	1	0	0	0	0	1	
0	0	0	0	0	0	0	
0	2	0	0	0	2	3	
0	0	0	2	0	0	0	
1	1	1	2	0	0	1	
0	0	0	0	0	2	0	
0	0	0	0	0	0	0	
0	0	0	0	3	1	0	
0	0	0	0	0	0	2	
0	0	1	0	0	0	0	
3	0	1	0	0	0	0	
1	0	0	0	0	0	1	
0	0	0	0	0	0	2	
3	0	0	2	0	0	0	
0	2	0	0	0	0	0	
0	0	0	0	0	0	1	
0	0	0	0	0	0	1	
0	0	0	0	0	0	0	
0	0	0	1	0	0	0	
0	0	0	0	0	0	1	
0	1	2	0	0	0	0	
0	0	0	0	0	0	0	
0	0	0	0	0	0	0	
0	0	0	0	0	0	0	
0	2	0	1	0	0	0	
--------------------

--------------------
Best Solution Found!
--------------------
Time: 0 hour(s), 0 minute(s), 1 second(s), 470 millisecond(s)

Fitness: 72215

0	1	0	0	0	0	0	
0	0	0	0	0	0	0	
1	0	0	0	0	1	0	
0	0	0	0	0	0	3	
0	0	2	1	0	0	1	
1	0	0	1	0	0	0	
0	0	0	0	0	0	0	
0	0	0	0	0	0	0	
0	0	2	0	0	0	0	
0	0	2	0	0	0	0	
3	2	0	1	0	0	0	
0	0	0	0	0	0	0	
0	2	0	0	0	0	0	
0	0	0	0	0	0	0	
0	0	2	0	0	0	1	
0	0	0	0	0	0	1	
0	1	0	0	0	0	0	
3	0	0	1	0	3	0	
0	0	0	0	0	0	0	
3	0	0	0	0	0	0	
0	0	0	0	0	0	0	
0	0	0	0	0	0	0	
1	0	0	2	0	0	2	
0	2	0	1	0	3	1	
0	0	1	0	0	0	0	
0	0	0	0	2	0	0	
0	0	0	0	0	0	1	
1	2	0	1	2	0	1	
1	0	0	0	0	3	0	
0	0	0	2	0	0	0	
1	0	0	0	0	0	0	
3	1	1	1	0	0	3	
0	0	0	2	0	0	0	
0	0	0	0	0	0	0	
1	0	0	1	0	2	0	
0	1	0	0	3	1	1	
0	0	0	0	0	0	0	
0	2	0	0	0	0	0	
1	0	0	0	0	0	0	
1	0	0	0	0	3	0	
0	0	0	0	0	0	0	
0	0	0	0	0	0	0	
3	0	0	2	0	0	0	
0	0	0	0	0	0	0	
0	2	0	0	0	3	1	
3	1	1	0	0	0	0	
3	0	0	0	0	0	0	
0	0	0	0	0	0	0	
3	2	0	0	0	0	0	
0	0	0	0	0	0	2	
0	1	0	2	0	0	0	
0	0	0	0	0	0	0	
0	0	0	0	0	0	0	
0	0	0	0	0	0	0	
0	1	2	0	0	0	0	
0	0	0	0	0	0	2	
0	0	2	0	0	0	0	
0	1	0	1	0	3	0	
0	2	1	1	0	0	0	
0	0	0	1	0	0	0	
0	0	0	0	0	0	0	
3	2	0	2	0	3	1	
0	0	0	0	0	0	0	
0	0	0	0	0	0	0	
0	1	0	0	0	0	0	
0	0	1	0	0	0	1	
0	1	0	2	0	0	1	
0	0	0	0	0	3	0	
0	0	0	0	0	0	0	
1	1	0	0	0	0	1	
0	1	0	0	0	0	0	
3	0	0	0	0	0	0	
0	0	0	0	0	2	2	
3	0	0	0	0	0	0	
0	0	0	2	0	0	0	
--------------------

--------------------
Best Solution Found!
--------------------
Time: 0 hour(s), 0 minute(s), 1 second(s), 471 millisecond(s)

Fitness: 72215

0	1	0	0	0	0	0	
0	0	0	0	0	0	0	
1	0	0	0	0	1	0	
0	0	0	0	0	0	3	
0	0	2	1	0	0	1	
1	0	0	1	0	0	0	
0	0	0	0	0	0	0	
0	0	0	0	0	0	0	
0	0	2	0	0	0	0	
0	0	2	0	0	0	0	
3	2	0	1	0	0	0	
0	0	0	0	0	0	0	
0	2	0	0	0	0	0	
0	0	0	0	0	0	0	
0	0	2	0	0	0	1	
0	0	0	0	0	0	1	
0	1	0	0	0	0	0	
3	0	0	1	0	3	0	
0	0	0	0	0	0	0	
3	0	0	0	0	0	0	
0	0	0	0	0	0	0	
0	0	0	0	0	0	0	
1	0	0	2	0	0	2	
0	2	0	1	0	3	1	
0	0	1	0	0	0	0	
0	0	0	0	2	0	0	
0	0	0	0	0	0	1	
1	2	0	1	2	0	1	
1	0	0	0	0	3	0	
0	0	0	2	0	0	0	
1	0	0	0	0	0	0	
3	1	1	1	0	0	3	
0	0	0	2	0	0	0	
0	0	0	0	0	0	0	
1	0	0	1	0	2	0	
0	1	0	0	3	1	1	
0	0	0	0	0	0	0	
0	2	0	0	0	0	0	
1	0	0	0	0	0	0	
1	0	0	0	0	3	0	
0	0	0	0	0	0	0	
0	0	0	0	0	0	0	
3	0	0	2	0	0	0	
0	0	0	0	0	0	0	
0	2	0	0	0	3	1	
3	1	1	0	0	0	0	
3	0	0	0	0	0	0	
0	0	0	0	0	0	0	
3	2	0	0	0	0	0	
0	0	0	0	0	0	2	
0	1	0	2	0	0	0	
0	0	0	0	0	0	0	
0	0	0	0	0	0	0	
0	0	0	0	0	0	0	
0	1	2	0	0	0	0	
0	0	0	0	0	0	2	
0	0	2	0	0	0	0	
0	1	0	1	0	3	0	
0	2	1	1	0	0	0	
0	0	0	1	0	0	0	
0	0	0	0	0	0	0	
3	2	0	2	0	3	1	
0	0	0	0	0	0	0	
0	0	0	0	0	0	0	
0	1	0	0	0	0	0	
0	0	1	0	0	0	1	
0	1	0	2	0	0	1	
0	0	0	0	0	3	0	
0	0	0	0	0	0	0	
1	1	0	0	0	0	1	
0	1	0	0	0	0	0	
3	0	0	0	0	0	0	
0	0	0	0	0	2	2	
3	0	0	0	0	0	0	
0	0	0	2	0	0	0	
--------------------

--------------------
Best Solution Found!
--------------------
Time: 0 hour(s), 0 minute(s), 4 second(s), 140 millisecond(s)

Fitness: 72200

1	0	0	0	0	0	0	
1	1	0	0	0	0	0	
3	0	0	1	0	0	1	
0	0	0	0	0	0	0	
0	0	0	0	0	0	0	
0	0	0	0	0	3	0	
3	1	2	0	2	1	0	
0	0	0	0	3	3	0	
0	0	0	1	0	0	0	
0	0	0	0	0	0	1	
0	0	0	0	0	0	0	
3	0	2	0	0	0	0	
0	0	0	2	0	0	0	
0	0	0	0	0	0	1	
0	2	0	2	0	0	0	
0	0	0	0	0	0	0	
1	0	0	0	0	0	0	
0	0	0	0	0	2	0	
0	2	0	0	0	0	0	
0	0	0	0	0	0	0	
3	0	0	0	0	0	0	
0	0	0	0	0	0	1	
0	0	0	0	0	0	0	
0	0	0	0	0	0	0	
0	0	0	0	0	0	0	
0	2	0	2	0	0	0	
0	0	0	0	0	0	0	
3	2	0	1	0	0	0	
0	1	0	1	0	0	0	
0	0	1	0	0	0	0	
0	1	0	1	0	0	0	
0	0	2	0	0	0	0	
1	0	0	2	0	0	0	
0	0	0	0	0	0	0	
0	0	0	2	0	0	3	
0	2	0	1	0	0	0	
1	2	2	1	0	0	1	
0	0	0	0	0	0	2	
1	0	2	0	0	3	1	
0	1	1	0	0	0	3	
3	0	0	0	0	0	0	
0	0	0	0	0	0	0	
1	0	0	0	0	3	1	
0	0	0	1	0	0	0	
0	2	0	0	0	3	0	
3	1	0	2	0	0	0	
0	0	0	0	0	0	0	
1	0	0	0	0	0	0	
0	1	0	0	0	0	1	
0	1	0	1	0	0	0	
0	0	0	0	0	0	1	
0	0	0	0	0	0	0	
0	0	0	0	0	0	0	
0	1	1	0	0	0	0	
0	0	0	0	0	0	0	
3	0	0	0	0	0	0	
3	2	1	2	0	0	0	
0	0	0	0	0	1	1	
0	0	0	0	0	3	0	
3	0	0	0	0	0	0	
0	0	0	0	0	0	1	
3	1	2	1	2	0	0	
0	2	0	0	0	0	1	
0	0	0	0	0	0	0	
1	0	0	2	0	0	2	
0	0	0	0	0	3	0	
0	0	0	0	0	0	0	
1	0	0	0	0	0	0	
0	0	0	0	0	0	0	
0	1	0	0	0	0	0	
0	1	1	0	0	0	0	
0	0	0	1	0	2	0	
0	0	0	0	0	0	0	
0	0	0	0	0	0	2	
0	0	0	0	0	3	2	
--------------------

--------------------
Best Solution Found!
--------------------
Time: 0 hour(s), 0 minute(s), 4 second(s), 141 millisecond(s)

Fitness: 72200

1	0	0	0	0	0	0	
1	1	0	0	0	0	0	
3	0	0	1	0	0	1	
0	0	0	0	0	0	0	
0	0	0	0	0	0	0	
0	0	0	0	0	3	0	
3	1	2	0	2	1	0	
0	0	0	0	3	3	0	
0	0	0	1	0	0	0	
0	0	0	0	0	0	1	
0	0	0	0	0	0	0	
3	0	2	0	0	0	0	
0	0	0	2	0	0	0	
0	0	0	0	0	0	1	
0	2	0	2	0	0	0	
0	0	0	0	0	0	0	
1	0	0	0	0	0	0	
0	0	0	0	0	2	0	
0	2	0	0	0	0	0	
0	0	0	0	0	0	0	
3	0	0	0	0	0	0	
0	0	0	0	0	0	1	
0	0	0	0	0	0	0	
0	0	0	0	0	0	0	
0	0	0	0	0	0	0	
0	2	0	2	0	0	0	
0	0	0	0	0	0	0	
3	2	0	1	0	0	0	
0	1	0	1	0	0	0	
0	0	1	0	0	0	0	
0	1	0	1	0	0	0	
0	0	2	0	0	0	0	
1	0	0	2	0	0	0	
0	0	0	0	0	0	0	
0	0	0	2	0	0	3	
0	2	0	1	0	0	0	
1	2	2	1	0	0	1	
0	0	0	0	0	0	2	
1	0	2	0	0	3	1	
0	1	1	0	0	0	3	
3	0	0	0	0	0	0	
0	0	0	0	0	0	0	
1	0	0	0	0	3	1	
0	0	0	1	0	0	0	
0	2	0	0	0	3	0	
3	1	0	2	0	0	0	
0	0	0	0	0	0	0	
1	0	0	0	0	0	0	
0	1	0	0	0	0	1	
0	1	0	1	0	0	0	
0	0	0	0	0	0	1	
0	0	0	0	0	0	0	
0	0	0	0	0	0	0	
0	1	1	0	0	0	0	
0	0	0	0	0	0	0	
3	0	0	0	0	0	0	
3	2	1	2	0	0	0	
0	0	0	0	0	1	1	
0	0	0	0	0	3	0	
3	0	0	0	0	0	0	
0	0	0	0	0	0	1	
3	1	2	1	2	0	0	
0	2	0	0	0	0	1	
0	0	0	0	0	0	0	
1	0	0	2	0	0	2	
0	0	0	0	0	3	0	
0	0	0	0	0	0	0	
1	0	0	0	0	0	0	
0	0	0	0	0	0	0	
0	1	0	0	0	0	0	
0	1	1	0	0	0	0	
0	0	0	1	0	2	0	
0	0	0	0	0	0	0	
0	0	0	0	0	0	2	
0	0	0	0	0	3	2	
--------------------

--------------------
Best Solution Found!
--------------------
Time: 0 hour(s), 0 minute(s), 5 second(s), 519 millisecond(s)

Fitness: 71241

0	0	0	1	0	0	0	
0	0	0	0	0	0	0	
0	0	0	0	0	0	0	
0	1	0	0	0	0	0	
0	1	0	2	0	0	0	
3	2	0	1	0	3	1	
3	2	0	0	0	0	0	
0	0	0	0	0	0	3	
0	0	0	0	0	0	0	
1	0	0	2	0	0	0	
0	0	0	0	0	0	3	
0	0	2	0	0	0	0	
0	0	0	0	0	0	0	
0	0	0	0	0	0	2	
0	0	0	0	0	0	0	
1	0	0	0	0	0	0	
0	0	0	0	0	0	0	
0	0	0	0	0	0	0	
0	0	2	0	0	0	2	
1	1	2	1	0	0	1	
0	1	0	0	0	0	1	
0	0	0	0	0	3	0	
0	0	0	0	0	3	0	
0	0	0	0	0	2	1	
3	0	0	0	0	0	0	
0	1	0	2	0	0	0	
0	0	0	0	0	0	0	
3	0	0	0	0	0	0	
3	2	0	0	0	0	1	
0	0	0	1	0	0	0	
0	2	0	0	0	3	0	
0	0	0	0	0	0	0	
1	0	0	0	0	0	2	
0	0	0	0	0	0	0	
0	0	0	1	0	0	0	
0	0	0	0	0	0	0	
0	0	0	1	0	0	0	
0	1	0	1	0	1	0	
0	1	0	0	0	0	0	
1	2	0	1	0	0	0	
0	0	0	0	0	0	0	
0	0	1	1	0	0	1	
1	1	0	2	0	3	2	
0	0	0	0	0	0	1	
0	0	2	0	0	0	0	
3	0	0	0	2	0	0	
0	0	0	0	0	0	0	
0	0	1	1	0	0	0	
0	0	0	0	0	0	0	
0	0	0	0	0	0	0	
0	1	0	0	0	0	0	
3	0	0	0	0	0	0	
0	1	0	0	3	0	0	
0	0	0	0	0	0	0	
3	0	0	0	0	0	0	
3	0	0	0	0	0	0	
1	1	0	0	0	0	0	
0	0	0	0	0	0	0	
0	0	2	2	0	2	1	
0	0	0	0	0	3	1	
0	2	0	0	2	0	0	
0	0	1	1	0	0	1	
0	1	0	0	0	1	0	
0	0	0	0	0	0	1	
0	0	0	0	0	3	0	
0	0	0	0	0	0	0	
0	0	1	0	0	0	0	
1	0	0	0	0	0	0	
0	2	0	0	0	0	0	
1	0	0	0	0	0	0	
1	0	0	0	0	0	0	
0	0	0	2	0	0	0	
3	0	1	2	0	3	0	
3	2	2	2	0	0	1	
0	2	0	0	0	0	0	
--------------------

--------------------
Best Solution Found!
--------------------
Time: 0 hour(s), 0 minute(s), 17 second(s), 486 millisecond(s)

Fitness: 71229

1	2	0	0	0	0	0	
0	0	0	0	3	0	0	
1	2	0	0	0	0	0	
0	1	0	2	0	0	0	
0	0	0	0	0	3	0	
0	0	0	0	2	0	1	
0	0	0	0	0	0	0	
1	2	2	2	0	0	2	
3	0	0	0	0	0	0	
1	0	0	0	0	1	0	
0	0	0	0	0	3	1	
0	0	0	0	0	0	0	
0	0	0	0	0	0	0	
0	0	0	2	0	0	0	
0	0	0	0	0	0	0	
0	1	0	1	0	0	0	
0	0	0	0	0	0	0	
0	0	0	0	0	0	0	
0	0	0	0	0	3	1	
0	0	0	1	0	0	1	
0	0	0	0	0	0	0	
0	2	0	0	0	3	0	
0	1	0	0	0	0	0	
0	1	2	0	0	0	0	
0	0	0	0	0	0	3	
1	2	2	2	0	3	0	
0	0	1	0	0	0	2	
3	1	2	1	0	0	0	
0	0	0	0	0	0	0	
3	2	0	1	0	2	1	
0	1	0	0	0	3	2	
0	0	0	0	0	0	0	
1	0	0	0	0	0	0	
3	2	2	1	0	0	1	
0	0	0	2	0	0	0	
1	0	0	1	0	1	0	
3	0	0	1	0	0	0	
0	0	0	0	0	0	0	
0	0	0	1	0	0	0	
3	0	0	0	0	0	0	
0	2	0	0	0	0	0	
0	0	0	1	0	0	0	
3	0	0	0	0	0	0	
0	0	0	0	0	0	0	
0	0	0	0	0	3	1	
1	0	2	0	0	0	0	
0	0	0	2	0	0	1	
0	0	0	0	0	0	0	
0	0	0	0	0	0	0	
0	2	0	0	0	0	0	
0	1	0	0	0	0	0	
0	0	0	0	0	0	0	
0	0	0	0	0	0	0	
0	0	0	0	0	0	1	
0	0	0	0	0	0	0	
3	0	0	0	0	0	0	
0	1	1	0	0	0	0	
1	0	1	2	0	0	0	
3	0	0	0	0	2	0	
0	1	0	0	0	0	0	
0	0	0	1	0	0	2	
0	0	1	0	0	0	0	
3	0	1	0	0	0	1	
0	0	0	0	0	0	1	
0	1	0	0	0	0	1	
0	1	0	0	0	0	0	
3	0	0	0	0	0	3	
0	0	0	0	0	0	0	
0	0	0	2	0	0	0	
0	0	0	0	0	0	0	
0	0	0	0	0	0	0	
0	0	0	1	2	0	0	
0	1	0	0	0	3	0	
1	0	0	0	0	0	0	
0	0	0	0	0	0	0	
--------------------

--------------------
Best Solution Found!
--------------------
Time: 0 hour(s), 0 minute(s), 19 second(s), 608 millisecond(s)

Fitness: 71213

0	0	0	0	0	0	0	
0	0	0	0	0	0	1	
3	0	0	0	0	3	1	
0	0	0	0	0	0	3	
0	0	0	2	0	0	0	
3	0	0	0	0	0	0	
0	0	1	0	0	0	0	
0	0	0	0	0	0	1	
1	0	0	1	0	0	0	
0	0	0	0	0	0	0	
0	0	0	0	0	0	0	
1	2	0	0	0	0	0	
0	0	0	0	0	0	0	
0	0	0	2	0	0	0	
0	0	0	0	0	0	0	
1	2	2	0	2	0	1	
0	1	0	0	0	0	0	
0	0	0	0	0	0	3	
0	0	0	0	0	0	0	
0	0	0	0	0	0	0	
1	2	0	1	0	0	0	
3	0	0	0	0	0	0	
1	2	0	0	0	0	0	
0	0	0	0	0	3	0	
0	0	0	0	0	0	1	
0	0	0	0	0	0	0	
0	0	0	0	0	0	1	
3	2	2	0	0	1	1	
0	1	0	0	0	0	0	
0	0	0	0	0	0	0	
0	0	2	1	0	3	0	
0	0	0	0	0	0	0	
0	2	0	0	0	0	0	
0	0	0	0	0	0	0	
3	0	0	2	0	0	0	
0	0	0	0	0	0	0	
0	1	0	0	0	0	2	
0	0	0	2	0	0	0	
0	0	0	0	0	2	0	
0	0	0	0	0	0	0	
0	0	2	0	0	0	0	
3	0	0	0	0	0	2	
0	0	0	0	0	0	0	
0	1	0	0	0	0	0	
1	0	0	0	0	0	0	
0	0	0	2	0	0	0	
0	0	0	0	0	0	1	
0	0	0	2	0	3	0	
0	0	2	0	0	0	0	
0	0	0	1	0	0	0	
0	0	0	1	0	0	0	
1	1	0	0	2	0	2	
0	0	0	0	0	0	0	
3	1	0	0	0	0	1	
3	2	1	1	0	3	0	
1	1	1	0	0	0	0	
0	0	0	1	0	0	0	
3	1	2	0	0	0	0	
0	0	0	0	0	2	0	
1	1	1	1	3	0	0	
0	1	0	0	0	0	0	
0	0	0	1	0	0	1	
0	0	0	2	0	0	0	
0	1	0	0	0	0	0	
0	2	0	0	0	3	0	
0	0	0	0	0	1	0	
3	1	0	0	0	3	0	
0	0	0	0	0	0	1	
0	0	0	0	0	0	1	
0	0	1	0	0	0	0	
0	2	0	0	0	0	2	
3	0	0	1	0	3	0	
1	0	0	2	0	0	0	
0	0	0	1	0	0	0	
0	0	0	0	0	0	0	
--------------------

--------------------
Best Solution Found!
--------------------
Time: 0 hour(s), 1 minute(s), 38 second(s), 439 millisecond(s)

Fitness: 71212

0	1	0	0	0	3	0	
0	0	0	0	0	0	1	
0	0	2	2	0	0	0	
3	0	2	0	3	3	0	
1	2	0	0	0	0	0	
1	0	0	0	0	0	0	
0	1	0	0	0	0	0	
0	1	0	0	0	0	0	
0	2	0	0	0	0	0	
0	0	0	0	0	0	0	
0	0	0	0	0	2	0	
0	0	0	1	0	0	1	
1	2	1	0	0	0	0	
0	0	0	0	0	1	1	
0	0	0	1	0	0	0	
0	2	0	1	0	0	0	
1	0	0	0	0	0	0	
0	1	0	1	0	0	0	
0	0	0	2	0	0	0	
3	1	2	0	0	1	1	
0	0	0	0	0	0	0	
3	0	0	0	0	0	1	
0	0	0	2	0	0	0	
0	1	0	0	0	0	0	
3	0	0	0	0	3	3	
0	0	0	0	0	3	0	
3	0	0	0	0	0	0	
3	0	0	2	0	0	0	
0	0	0	0	0	0	0	
3	0	0	0	0	0	2	
0	0	0	0	0	0	0	
0	0	1	0	0	0	0	
0	0	0	1	0	0	0	
0	2	2	2	2	0	1	
0	0	0	0	0	0	0	
0	0	0	0	0	0	0	
1	0	0	0	0	0	0	
0	0	0	1	0	0	1	
1	1	0	1	0	3	2	
0	1	0	0	0	0	0	
0	0	0	0	0	0	0	
0	0	2	0	0	0	0	
0	0	0	0	0	0	0	
0	0	0	0	0	0	0	
0	0	0	0	0	0	0	
0	0	0	0	0	0	0	
0	0	0	0	0	0	0	
0	0	0	0	0	0	2	
0	0	0	1	0	0	0	
0	2	0	0	0	0	0	
3	1	2	0	0	2	0	
3	0	0	0	0	0	0	
0	0	0	0	0	3	0	
0	0	0	0	0	0	3	
1	0	0	0	0	0	0	
0	1	0	0	0	0	0	
1	0	0	0	0	0	0	
0	0	0	0	0	3	0	
0	2	0	0	0	0	1	
0	0	1	0	0	0	1	
0	0	0	0	0	0	1	
0	0	1	0	0	0	0	
0	0	0	0	0	0	0	
3	1	0	0	0	0	1	
0	0	0	0	0	0	0	
0	0	0	2	0	0	0	
1	2	0	1	0	0	0	
0	0	0	0	0	0	0	
1	2	0	1	0	0	0	
0	0	0	1	0	0	2	
0	0	1	0	0	0	0	
3	1	0	2	2	3	0	
0	0	0	0	0	0	0	
0	0	0	0	0	0	1	
0	0	0	2	0	0	0	
--------------------

--------------------
Best Solution Found!
--------------------
Time: 0 hour(s), 1 minute(s), 38 second(s), 440 millisecond(s)

Fitness: 71212

0	1	0	0	0	3	0	
0	0	0	0	0	0	1	
0	0	2	2	0	0	0	
3	0	2	0	3	3	0	
1	2	0	0	0	0	0	
1	0	0	0	0	0	0	
0	1	0	0	0	0	0	
0	1	0	0	0	0	0	
0	2	0	0	0	0	0	
0	0	0	0	0	0	0	
0	0	0	0	0	2	0	
0	0	0	1	0	0	1	
1	2	1	0	0	0	0	
0	0	0	0	0	1	1	
0	0	0	1	0	0	0	
0	2	0	1	0	0	0	
1	0	0	0	0	0	0	
0	1	0	1	0	0	0	
0	0	0	2	0	0	0	
3	1	2	0	0	1	1	
0	0	0	0	0	0	0	
3	0	0	0	0	0	1	
0	0	0	2	0	0	0	
0	1	0	0	0	0	0	
3	0	0	0	0	3	3	
0	0	0	0	0	3	0	
3	0	0	0	0	0	0	
3	0	0	2	0	0	0	
0	0	0	0	0	0	0	
3	0	0	0	0	0	2	
0	0	0	0	0	0	0	
0	0	1	0	0	0	0	
0	0	0	1	0	0	0	
0	2	2	2	2	0	1	
0	0	0	0	0	0	0	
0	0	0	0	0	0	0	
1	0	0	0	0	0	0	
0	0	0	1	0	0	1	
1	1	0	1	0	3	2	
0	1	0	0	0	0	0	
0	0	0	0	0	0	0	
0	0	2	0	0	0	0	
0	0	0	0	0	0	0	
0	0	0	0	0	0	0	
0	0	0	0	0	0	0	
0	0	0	0	0	0	0	
0	0	0	0	0	0	0	
0	0	0	0	0	0	2	
0	0	0	1	0	0	0	
0	2	0	0	0	0	0	
3	1	2	0	0	2	0	
3	0	0	0	0	0	0	
0	0	0	0	0	3	0	
0	0	0	0	0	0	3	
1	0	0	0	0	0	0	
0	1	0	0	0	0	0	
1	0	0	0	0	0	0	
0	0	0	0	0	3	0	
0	2	0	0	0	0	1	
0	0	1	0	0	0	1	
0	0	0	0	0	0	1	
0	0	1	0	0	0	0	
0	0	0	0	0	0	0	
3	1	0	0	0	0	1	
0	0	0	0	0	0	0	
0	0	0	2	0	0	0	
1	2	0	1	0	0	0	
0	0	0	0	0	0	0	
1	2	0	1	0	0	0	
0	0	0	1	0	0	2	
0	0	1	0	0	0	0	
3	1	0	2	2	3	0	
0	0	0	0	0	0	0	
0	0	0	0	0	0	1	
0	0	0	2	0	0	0	
--------------------

--------------------
Best Solution Found!
--------------------
Time: 0 hour(s), 4 minute(s), 32 second(s), 711 millisecond(s)

Fitness: 70243

0	0	0	0	0	0	0	
0	0	0	2	0	3	0	
0	0	0	0	0	3	0	
3	2	1	2	0	1	0	
0	0	0	0	0	3	0	
0	0	0	0	0	0	0	
0	0	0	0	0	0	0	
0	2	2	2	0	3	1	
0	0	0	0	0	0	0	
1	0	0	0	0	0	0	
0	0	0	0	0	0	0	
0	0	0	1	0	0	0	
0	0	0	1	0	0	0	
0	0	2	0	0	0	0	
3	0	0	0	0	0	3	
0	1	0	0	0	0	0	
1	1	0	0	2	0	0	
0	0	0	0	3	0	0	
0	0	0	1	0	0	0	
1	2	2	1	0	0	2	
3	0	0	2	0	0	0	
0	1	0	0	0	0	0	
0	2	0	0	0	0	0	
0	1	0	1	0	0	0	
0	0	0	0	0	0	0	
0	0	0	0	0	0	0	
0	1	0	0	0	0	0	
0	1	0	0	0	0	0	
0	0	0	0	0	0	1	
0	1	0	0	0	0	1	
0	0	0	0	0	0	1	
0	0	0	0	0	0	0	
3	0	0	0	0	0	0	
0	0	0	0	0	0	1	
1	1	0	1	0	0	0	
0	0	0	0	0	2	0	
0	0	0	1	0	0	0	
0	0	0	0	0	0	0	
1	0	0	0	0	0	0	
0	0	0	0	0	0	0	
3	2	0	0	0	0	0	
0	0	0	0	0	3	1	
0	0	0	0	0	0	0	
1	0	0	1	0	0	1	
0	2	0	0	2	3	0	
0	0	0	0	0	0	0	
0	2	0	0	0	0	0	
0	0	0	0	0	0	0	
0	0	0	0	0	0	0	
0	0	2	1	0	0	0	
0	0	2	0	0	0	0	
3	0	2	2	0	1	2	
3	0	0	0	0	0	0	
1	0	0	0	0	0	0	
3	0	0	0	0	0	0	
3	1	1	2	0	0	2	
0	0	0	0	0	0	1	
0	0	0	0	0	0	3	
0	2	1	0	0	0	0	
1	0	0	0	0	0	0	
0	0	0	0	0	0	0	
0	0	0	2	0	0	0	
3	1	1	1	0	0	0	
0	0	0	0	0	0	0	
0	0	0	1	0	0	0	
0	1	0	0	0	0	1	
0	0	0	0	0	0	2	
0	1	0	0	0	0	0	
3	0	0	0	0	2	1	
0	0	0	0	0	3	1	
0	0	0	2	0	0	1	
1	2	0	0	0	0	0	
0	0	0	0	0	0	0	
1	0	1	0	0	3	0	
0	0	0	0	0	0	0	
--------------------


The best solution was found at the restart: 24, population: 0
Total Time Elapsed: 0 hour(s), 8 minute(s), 0 second(s), 772 millisecond(s)

