--------------------
Best Solution Found!
--------------------
Time: 0 hour(s), 0 minute(s), 0 second(s), 5 millisecond(s)

Fitness: 95585

3	0	0	0	2	2	0	
0	0	1	0	2	1	0	
0	1	0	0	1	1	0	
2	0	2	0	0	0	0	
2	3	0	0	0	2	0	
0	0	3	3	0	1	0	
0	0	0	0	1	1	0	
2	0	3	0	2	0	0	
0	2	0	0	0	0	0	
3	0	0	2	0	0	0	
0	3	0	1	1	0	0	
0	0	2	0	2	2	0	
0	2	1	0	0	0	0	
1	0	3	1	0	0	0	
0	2	0	0	2	0	0	
1	1	2	0	0	0	0	
0	0	0	0	0	0	0	
0	0	3	0	3	0	0	
1	2	0	0	1	0	0	
0	0	0	0	2	0	0	
1	0	0	0	0	2	0	
0	0	0	3	0	1	0	
3	0	0	3	0	2	0	
1	2	1	3	0	0	0	
2	0	0	1	1	1	0	
1	0	0	3	0	0	0	
2	0	0	0	0	2	0	
0	0	0	0	0	0	0	
0	0	1	0	0	1	0	
0	0	0	0	0	0	0	
2	2	2	0	1	3	0	
0	0	0	1	0	1	0	
0	0	0	0	1	1	0	
0	0	0	2	0	1	0	
0	0	0	0	0	2	0	
3	0	0	3	0	0	0	
2	1	0	1	2	0	0	
0	3	3	0	0	0	0	
0	0	1	0	0	0	0	
3	0	0	3	0	0	0	
0	0	0	3	0	0	0	
0	0	0	1	1	0	0	
0	3	0	3	0	0	0	
2	0	1	0	0	0	0	
0	2	0	0	1	0	0	
0	1	3	0	1	1	0	
0	1	3	0	0	0	0	
0	0	3	0	0	1	0	
0	2	1	0	3	0	0	
0	0	0	0	0	2	0	
1	0	1	3	3	0	0	
2	0	3	0	0	0	0	
1	1	3	2	2	0	0	
1	2	1	3	0	2	0	
1	0	0	0	0	3	0	
1	0	0	2	2	0	0	
0	2	0	1	0	0	0	
2	0	0	0	0	2	0	
0	1	3	0	0	0	0	
0	0	2	0	1	0	0	
3	0	1	0	1	2	0	
0	0	0	3	1	0	0	
2	0	0	0	0	0	0	
0	0	1	0	0	0	0	
1	1	0	0	2	1	0	
0	1	0	3	2	0	0	
0	1	3	0	3	2	0	
0	1	2	3	0	3	0	
1	1	0	2	0	1	0	
1	0	0	0	0	0	1	
2	0	0	0	2	0	0	
0	3	1	3	0	0	0	
0	0	0	0	0	0	0	
0	0	1	0	0	2	0	
0	0	0	2	0	0	2	
0	0	0	0	2	0	0	
0	1	3	0	3	0	0	
0	2	0	1	1	0	0	
0	0	0	0	0	1	0	
1	0	0	3	0	0	0	
0	3	3	0	0	0	0	
0	0	0	0	0	0	0	
2	0	0	0	1	3	0	
3	0	0	0	0	0	0	
0	0	0	1	0	0	0	
1	1	0	0	3	0	0	
0	2	0	2	0	1	0	
0	0	0	0	0	1	0	
2	1	0	0	2	1	0	
2	2	0	3	2	1	0	
0	0	3	1	0	3	0	
0	2	3	3	2	0	0	
2	0	0	0	1	2	0	
0	2	0	3	3	0	0	
0	0	3	2	1	3	0	
2	1	0	0	0	0	0	
0	3	1	0	0	0	0	
0	2	0	3	0	3	0	
2	1	3	0	2	2	0	
0	1	1	1	0	0	0	
--------------------

--------------------
Best Solution Found!
--------------------
Time: 0 hour(s), 0 minute(s), 0 second(s), 23 millisecond(s)

Fitness: 93611

0	0	3	3	2	0	0	
2	0	1	3	0	0	0	
1	3	0	2	0	2	0	
2	0	1	0	0	0	0	
1	0	0	2	0	0	0	
0	0	0	3	0	3	0	
2	1	0	3	0	0	0	
1	2	0	0	0	0	0	
3	0	0	2	1	0	0	
0	0	0	3	2	1	0	
2	1	3	0	0	0	0	
0	2	0	0	0	3	0	
0	0	0	1	0	0	0	
0	0	3	0	0	0	0	
1	0	0	2	3	1	0	
2	1	0	0	0	0	0	
3	0	0	0	1	2	0	
2	2	0	0	2	0	0	
0	0	3	0	0	0	0	
2	2	0	0	0	3	0	
0	0	3	3	0	0	0	
2	0	0	1	3	0	0	
0	0	0	1	2	0	0	
1	0	3	0	0	0	0	
0	1	0	1	0	0	0	
0	0	1	0	0	0	0	
1	1	3	0	0	0	0	
0	0	0	0	0	1	0	
2	1	3	0	0	2	0	
0	0	0	0	0	0	0	
0	0	0	0	0	0	0	
0	0	0	1	1	0	0	
0	0	2	0	0	0	0	
0	0	1	3	0	1	0	
0	0	0	3	0	2	0	
2	0	1	0	2	0	0	
0	1	0	1	1	0	0	
0	0	2	2	1	2	0	
2	1	0	0	3	3	0	
0	0	1	0	1	1	0	
0	0	0	0	2	0	0	
0	0	0	0	1	2	0	
0	0	0	0	2	1	0	
1	2	0	3	0	2	0	
3	0	0	0	0	0	0	
0	0	1	0	0	0	2	
2	0	2	0	1	2	0	
0	0	0	0	0	0	0	
3	0	0	3	0	0	0	
0	0	3	3	0	3	0	
2	0	0	0	1	0	0	
1	0	0	3	0	0	0	
0	2	0	1	2	0	0	
1	0	1	0	2	1	1	
0	3	2	3	0	1	0	
0	1	0	3	1	2	0	
0	2	3	0	0	2	0	
1	1	1	3	2	0	0	
0	1	0	0	0	0	0	
1	0	1	0	0	0	0	
0	1	3	0	0	0	0	
0	0	0	0	1	0	0	
1	2	0	0	0	1	0	
0	1	0	0	1	0	0	
0	0	0	3	0	1	0	
0	0	1	2	0	0	0	
0	0	0	0	2	0	0	
3	2	2	0	2	0	0	
3	0	0	0	0	0	0	
2	2	3	2	0	1	0	
0	0	3	0	2	0	0	
2	1	0	1	3	2	0	
2	1	0	0	3	0	0	
0	0	3	0	3	0	0	
0	0	0	3	0	1	0	
0	3	3	0	0	2	0	
1	3	3	0	1	0	0	
0	0	0	0	2	0	0	
0	1	0	0	0	3	0	
1	0	1	1	2	1	0	
0	2	0	0	0	0	0	
0	0	0	0	1	0	0	
1	1	0	1	0	2	0	
0	3	1	0	0	1	0	
0	0	0	0	0	1	0	
3	3	2	0	0	3	0	
0	0	0	3	0	1	0	
0	0	1	0	2	0	0	
0	0	3	0	1	0	0	
0	0	0	2	0	2	0	
0	0	0	0	0	0	0	
0	2	1	1	1	1	0	
0	2	0	3	0	0	0	
0	2	0	0	3	0	0	
0	0	0	0	0	0	0	
0	1	0	0	0	1	0	
0	2	0	3	0	2	0	
1	3	3	0	1	1	0	
2	0	0	0	0	0	0	
2	2	0	0	2	0	0	
--------------------

--------------------
Best Solution Found!
--------------------
Time: 0 hour(s), 0 minute(s), 0 second(s), 42 millisecond(s)

Fitness: 93588

0	0	0	0	0	1	0	
3	0	2	1	0	2	0	
0	0	3	0	2	1	0	
0	0	0	0	2	1	0	
0	3	0	3	0	0	0	
3	0	0	3	3	3	0	
0	0	2	0	2	0	0	
2	1	0	0	0	0	0	
3	2	3	3	1	0	0	
0	2	3	0	0	0	0	
0	0	0	0	0	0	0	
0	0	1	0	2	0	0	
1	0	1	0	0	1	0	
0	0	3	3	1	3	0	
1	1	1	0	2	0	0	
1	0	0	3	1	1	0	
1	0	1	3	0	0	0	
1	0	0	0	0	0	0	
0	2	0	0	1	0	0	
0	1	0	0	0	2	0	
2	0	0	0	0	3	0	
1	1	1	3	0	2	0	
1	0	0	0	0	3	0	
0	3	0	0	0	0	0	
0	2	3	0	1	0	0	
0	0	0	0	0	2	0	
3	0	0	0	0	0	0	
2	1	1	3	0	3	0	
1	0	3	2	0	3	0	
0	0	0	0	0	1	0	
0	0	0	3	1	0	0	
3	0	3	0	0	0	0	
1	2	0	0	0	0	0	
2	1	0	0	1	0	0	
0	0	0	0	3	1	0	
0	2	0	1	0	0	0	
1	0	3	0	2	2	0	
2	2	1	2	0	0	0	
0	1	0	0	0	0	0	
0	0	3	0	1	0	0	
2	0	0	0	0	1	0	
2	0	0	0	3	0	0	
0	1	3	3	3	1	0	
2	0	0	0	0	1	0	
0	1	0	0	0	0	0	
0	1	0	3	1	0	0	
0	3	2	0	2	2	0	
0	1	1	2	2	2	0	
0	1	0	0	2	0	0	
2	0	0	0	0	1	0	
0	0	1	3	2	2	0	
3	0	0	1	0	0	0	
1	0	0	0	0	0	0	
0	0	0	1	0	1	0	
0	0	1	1	1	0	0	
0	2	0	2	0	2	0	
0	0	1	3	0	0	0	
0	2	3	0	1	0	0	
2	1	0	0	2	0	0	
0	0	0	0	0	0	0	
2	1	3	0	0	0	0	
0	0	0	0	0	1	0	
0	0	0	3	0	0	0	
0	0	0	0	1	0	0	
0	1	1	0	0	0	0	
0	0	3	3	0	2	0	
3	0	0	0	1	0	0	
0	0	3	0	0	0	0	
0	0	0	1	3	0	0	
0	0	0	0	0	0	1	
2	0	0	0	3	0	0	
0	3	3	0	2	0	0	
0	0	0	3	0	0	0	
0	0	0	2	0	2	0	
0	0	0	3	1	0	2	
0	3	0	0	0	1	0	
2	2	0	3	0	1	0	
0	0	0	1	1	0	0	
0	0	0	0	2	0	0	
0	0	2	0	0	2	0	
0	0	2	0	0	2	0	
1	2	0	0	0	0	0	
2	3	0	0	0	0	0	
2	0	1	0	0	0	0	
0	0	0	1	0	0	0	
0	0	0	0	0	1	0	
0	2	3	0	3	1	0	
1	1	0	1	0	2	0	
2	2	1	3	2	0	0	
0	0	0	2	0	0	0	
2	2	3	3	2	0	0	
0	0	0	0	2	1	0	
1	1	0	0	0	0	0	
0	2	0	1	2	0	0	
0	0	3	2	1	1	0	
1	0	0	2	0	3	0	
0	3	0	0	0	0	0	
0	1	2	0	0	2	0	
2	2	1	1	0	0	0	
1	0	0	0	1	0	0	
--------------------

--------------------
Best Solution Found!
--------------------
Time: 0 hour(s), 0 minute(s), 0 second(s), 73 millisecond(s)

Fitness: 92605

0	2	0	0	2	1	0	
0	2	0	0	0	1	0	
0	0	0	0	0	1	0	
1	0	0	2	0	0	0	
0	0	2	2	0	2	0	
3	2	2	0	0	0	0	
2	0	0	0	0	0	0	
0	0	3	0	0	1	0	
1	1	3	0	1	2	0	
2	1	0	3	2	1	0	
0	2	3	0	0	0	0	
0	2	1	0	0	0	0	
0	0	0	3	0	0	0	
0	0	0	0	0	2	0	
1	0	1	1	3	3	0	
0	0	0	3	0	0	0	
0	0	0	2	1	1	0	
0	1	0	3	2	1	0	
0	1	0	0	0	1	0	
0	1	0	0	0	0	0	
0	2	0	0	0	2	0	
0	1	0	0	3	0	0	
1	3	0	0	2	0	0	
0	0	0	0	0	2	0	
0	0	1	0	0	0	0	
2	0	0	1	0	1	0	
0	1	0	3	0	0	0	
1	0	0	3	0	0	0	
0	1	0	0	0	0	0	
0	2	3	0	0	0	0	
0	0	3	1	0	0	0	
1	0	3	0	1	0	0	
3	3	0	0	0	0	0	
2	0	0	1	0	0	0	
0	0	0	3	0	2	0	
3	0	0	0	2	0	0	
0	0	0	3	1	0	2	
0	1	1	0	1	0	0	
0	0	0	0	3	0	0	
0	0	0	0	1	0	0	
2	0	0	3	2	2	0	
0	1	2	0	1	0	0	
0	0	1	0	2	1	0	
0	0	3	0	0	2	0	
0	3	3	0	0	1	0	
0	0	1	0	0	0	0	
0	0	0	0	1	0	0	
0	2	0	0	0	0	0	
1	0	2	0	0	0	0	
3	1	0	0	0	1	0	
3	0	3	0	1	2	0	
0	2	0	0	0	0	0	
0	1	0	1	2	1	0	
2	0	0	3	2	0	0	
1	0	3	0	0	0	0	
1	0	3	2	1	0	1	
0	0	0	0	0	0	0	
1	0	3	2	2	2	0	
2	2	0	1	0	0	0	
2	0	0	3	0	1	0	
2	2	0	2	0	2	0	
0	0	0	0	1	3	0	
2	2	0	0	0	0	0	
2	2	0	1	1	3	0	
0	3	1	0	0	3	0	
2	0	1	3	0	0	0	
1	0	0	0	2	2	0	
0	1	0	0	2	3	0	
0	0	0	0	0	2	0	
0	0	1	0	0	0	0	
2	0	0	3	2	0	0	
0	1	0	0	3	0	0	
0	0	1	3	3	2	0	
0	3	1	0	3	0	0	
1	0	0	0	0	0	0	
0	0	2	0	0	0	0	
1	0	1	2	1	3	0	
0	0	0	3	2	1	0	
0	2	3	0	0	0	0	
0	0	0	0	2	3	0	
2	0	0	1	0	0	0	
1	2	3	0	1	1	0	
0	0	0	1	0	1	0	
2	0	0	3	0	0	0	
2	0	0	0	0	0	0	
0	1	1	0	0	0	0	
0	0	3	3	0	0	0	
0	0	0	3	2	0	0	
0	1	0	3	1	0	0	
2	0	2	3	0	0	0	
3	0	0	0	0	0	0	
1	1	0	0	1	1	0	
0	1	3	1	0	0	0	
2	0	0	2	3	0	0	
0	0	1	1	0	0	0	
0	0	3	0	0	1	0	
3	3	1	0	0	0	0	
1	0	0	0	1	2	0	
0	3	3	0	0	0	0	
0	2	0	0	2	0	0	
--------------------

--------------------
Best Solution Found!
--------------------
Time: 0 hour(s), 0 minute(s), 0 second(s), 154 millisecond(s)

Fitness: 92588

0	0	0	2	0	0	0	
0	1	3	1	1	0	0	
0	0	1	0	0	0	0	
0	0	0	0	3	2	0	
1	1	0	1	1	0	0	
1	3	0	1	3	2	0	
0	0	0	3	0	1	0	
1	1	0	3	0	1	0	
3	0	0	0	0	2	2	
0	3	1	0	1	3	0	
0	0	0	1	1	0	0	
0	0	0	3	1	0	0	
0	2	3	0	0	0	0	
3	2	2	3	0	1	0	
1	0	0	0	1	0	0	
0	0	1	0	0	0	0	
1	0	0	0	3	0	0	
1	1	3	0	2	0	0	
0	2	0	0	0	0	0	
0	1	0	0	0	0	0	
0	0	1	0	0	1	0	
0	0	0	0	0	0	0	
0	0	3	0	0	0	0	
1	0	0	0	0	0	0	
0	0	0	3	0	0	0	
0	0	0	3	0	0	0	
0	0	0	1	0	0	0	
2	0	0	0	0	0	0	
2	3	0	0	3	1	0	
0	0	3	3	0	2	0	
2	0	0	2	2	0	0	
2	0	2	3	0	0	0	
0	1	0	1	0	0	0	
0	1	1	3	0	3	0	
2	0	2	0	2	0	0	
0	0	0	3	0	1	0	
0	0	0	0	0	0	0	
2	0	0	0	2	2	0	
0	0	2	0	0	2	0	
2	1	0	2	3	1	0	
0	1	3	0	2	2	0	
0	1	1	0	0	2	0	
1	0	0	0	1	1	0	
0	0	3	1	0	0	0	
0	0	0	0	0	0	0	
3	0	0	0	0	0	0	
0	3	0	0	0	0	0	
0	0	0	1	0	0	0	
0	0	3	0	0	0	0	
2	2	2	0	2	1	0	
3	1	0	0	0	3	0	
0	0	0	0	3	3	0	
2	0	0	0	1	0	0	
2	0	0	2	0	1	0	
1	2	1	0	2	0	0	
0	0	0	0	1	3	0	
3	2	3	0	0	0	0	
2	2	3	0	1	3	0	
2	2	0	0	0	0	0	
1	2	3	3	0	0	0	
0	1	0	1	0	0	0	
0	3	0	3	0	0	0	
0	0	0	3	2	2	0	
1	0	0	1	0	1	0	
2	0	0	3	0	1	0	
2	3	3	0	2	1	0	
0	0	0	3	3	0	0	
0	0	1	0	2	2	0	
1	1	0	0	0	0	0	
2	1	2	3	0	0	0	
0	0	0	0	0	2	0	
3	0	0	0	0	2	0	
0	0	3	2	0	0	0	
0	0	0	0	2	0	1	
0	0	3	0	0	0	0	
1	0	1	0	2	1	0	
0	2	0	3	1	0	0	
0	1	0	0	1	0	0	
2	0	1	0	0	3	0	
0	0	0	0	2	1	0	
0	2	1	3	2	0	0	
0	0	0	0	0	0	0	
0	0	3	0	2	2	0	
2	1	3	0	2	0	0	
0	2	1	0	0	0	0	
0	0	3	1	0	0	0	
0	0	0	3	0	0	0	
0	1	3	2	1	2	0	
1	3	0	0	1	1	0	
1	0	0	0	1	0	0	
0	0	0	0	0	0	0	
3	0	0	0	0	1	0	
0	0	0	0	1	1	0	
0	2	1	0	0	0	0	
0	1	0	3	2	2	0	
1	2	1	2	0	1	0	
0	2	0	0	0	0	0	
2	0	1	2	0	0	0	
0	0	0	0	0	0	0	
0	2	0	0	1	0	0	
--------------------

--------------------
Best Solution Found!
--------------------
Time: 0 hour(s), 0 minute(s), 0 second(s), 162 millisecond(s)

Fitness: 91620

0	0	0	2	0	0	0	
1	2	0	0	1	0	0	
3	0	0	0	1	1	0	
2	1	0	0	2	0	0	
0	0	0	3	3	0	0	
3	2	0	1	0	1	0	
0	0	0	0	2	1	0	
3	2	3	2	2	0	0	
1	0	0	2	0	0	0	
0	0	3	0	2	0	0	
0	0	0	0	0	2	0	
2	3	2	0	0	0	0	
0	2	0	3	0	2	0	
0	0	0	0	0	0	0	
0	1	1	0	0	2	0	
0	1	0	3	1	0	0	
2	2	1	0	2	0	2	
1	1	0	0	0	0	0	
1	0	0	0	1	0	0	
3	1	2	0	2	1	0	
0	0	0	0	0	1	0	
0	1	0	0	0	0	0	
0	2	0	0	0	0	0	
0	0	0	0	0	0	0	
2	0	1	0	0	0	0	
0	3	0	3	0	0	0	
0	0	1	0	0	0	0	
0	1	3	3	1	3	0	
1	3	0	0	3	2	0	
0	0	0	0	3	0	0	
0	2	0	0	0	0	0	
2	0	0	3	0	0	0	
1	2	3	0	2	2	0	
0	0	0	3	1	0	0	
0	0	3	3	0	0	0	
3	0	0	0	1	2	0	
1	0	1	0	0	0	0	
0	0	0	0	0	0	0	
0	0	0	0	3	0	0	
2	3	1	0	2	0	0	
0	0	3	1	0	0	0	
2	2	0	0	2	0	0	
1	1	0	0	0	2	0	
0	2	0	2	1	0	0	
0	0	0	1	0	3	0	
0	0	0	2	0	0	0	
3	1	3	0	0	0	0	
0	3	0	0	2	2	0	
2	0	0	0	0	1	0	
0	1	0	3	0	0	0	
0	3	0	2	0	2	0	
0	0	0	0	0	0	0	
0	0	1	3	1	0	0	
0	1	3	3	0	2	0	
0	0	0	0	0	1	0	
2	0	1	0	2	3	0	
0	2	0	0	0	1	0	
2	0	0	3	0	2	0	
0	1	0	2	0	1	0	
2	0	0	0	0	1	0	
2	2	0	3	0	1	0	
2	0	3	1	1	3	0	
0	0	0	1	1	0	0	
1	0	0	0	1	0	0	
0	1	3	3	0	2	0	
0	0	1	0	0	0	0	
0	3	3	0	0	1	0	
0	0	0	2	0	3	0	
0	0	2	0	2	0	0	
2	0	2	1	3	3	0	
2	1	3	0	0	0	0	
0	0	3	1	0	0	0	
0	2	0	0	2	1	0	
1	0	3	0	0	0	0	
1	0	1	3	1	1	0	
0	0	0	0	1	0	0	
2	0	0	0	1	3	0	
2	0	0	0	0	0	0	
0	0	1	0	0	0	0	
0	0	3	0	0	2	1	
1	2	0	1	2	0	0	
0	2	0	0	2	0	0	
2	0	1	3	0	0	0	
1	0	3	0	2	0	0	
1	0	0	0	0	2	0	
0	0	0	0	0	0	0	
0	0	1	1	1	1	0	
0	0	0	0	3	0	0	
0	1	0	0	0	1	0	
0	0	0	0	0	0	0	
0	1	0	3	0	2	0	
1	0	2	1	2	1	0	
1	0	3	0	3	0	0	
0	0	0	1	0	0	0	
0	0	2	3	0	1	0	
0	0	0	0	0	0	0	
0	1	0	0	0	1	0	
3	1	1	3	0	0	0	
0	2	3	3	0	0	0	
0	0	1	0	1	0	0	
--------------------

--------------------
Best Solution Found!
--------------------
Time: 0 hour(s), 0 minute(s), 0 second(s), 165 millisecond(s)

Fitness: 91620

0	0	0	2	0	0	0	
1	2	0	0	1	0	0	
3	0	0	0	1	1	0	
2	1	0	0	2	0	0	
0	0	0	3	3	0	0	
3	2	0	1	0	1	0	
0	0	0	0	2	1	0	
3	2	3	2	2	0	0	
1	0	0	2	0	0	0	
0	0	3	0	2	0	0	
0	0	0	0	0	2	0	
2	3	2	0	0	0	0	
0	2	0	3	0	2	0	
0	0	0	0	0	0	0	
0	1	1	0	0	2	0	
0	1	0	3	1	0	0	
2	2	1	0	2	0	2	
1	1	0	0	0	0	0	
1	0	0	0	1	0	0	
3	1	2	0	2	1	0	
0	0	0	0	0	1	0	
0	1	0	0	0	0	0	
0	2	0	0	0	0	0	
0	0	0	0	0	0	0	
2	0	1	0	0	0	0	
0	3	0	3	0	0	0	
0	0	1	0	0	0	0	
0	1	3	3	1	3	0	
1	3	0	0	3	2	0	
0	0	0	0	3	0	0	
0	2	0	0	0	0	0	
2	0	0	3	0	0	0	
1	2	3	0	2	2	0	
0	0	0	3	1	0	0	
0	0	3	3	0	0	0	
3	0	0	0	1	2	0	
1	0	1	0	0	0	0	
0	0	0	0	0	0	0	
0	0	0	0	3	0	0	
2	3	1	0	2	0	0	
0	0	3	1	0	0	0	
2	2	0	0	2	0	0	
1	1	0	0	0	2	0	
0	2	0	2	1	0	0	
0	0	0	1	0	3	0	
0	0	0	2	0	0	0	
3	1	3	0	0	0	0	
0	3	0	0	2	2	0	
2	0	0	0	0	1	0	
0	1	0	3	0	0	0	
0	3	0	2	0	2	0	
0	0	0	0	0	0	0	
0	0	1	3	1	0	0	
0	1	3	3	0	2	0	
0	0	0	0	0	1	0	
2	0	1	0	2	3	0	
0	2	0	0	0	1	0	
2	0	0	3	0	2	0	
0	1	0	2	0	1	0	
2	0	0	0	0	1	0	
2	2	0	3	0	1	0	
2	0	3	1	1	3	0	
0	0	0	1	1	0	0	
1	0	0	0	1	0	0	
0	1	3	3	0	2	0	
0	0	1	0	0	0	0	
0	3	3	0	0	1	0	
0	0	0	2	0	3	0	
0	0	2	0	2	0	0	
2	0	2	1	3	3	0	
2	1	3	0	0	0	0	
0	0	3	1	0	0	0	
0	2	0	0	2	1	0	
1	0	3	0	0	0	0	
1	0	1	3	1	1	0	
0	0	0	0	1	0	0	
2	0	0	0	1	3	0	
2	0	0	0	0	0	0	
0	0	1	0	0	0	0	
0	0	3	0	0	2	1	
1	2	0	1	2	0	0	
0	2	0	0	2	0	0	
2	0	1	3	0	0	0	
1	0	3	0	2	0	0	
1	0	0	0	0	2	0	
0	0	0	0	0	0	0	
0	0	1	1	1	1	0	
0	0	0	0	3	0	0	
0	1	0	0	0	1	0	
0	0	0	0	0	0	0	
0	1	0	3	0	2	0	
1	0	2	1	2	1	0	
1	0	3	0	3	0	0	
0	0	0	1	0	0	0	
0	0	2	3	0	1	0	
0	0	0	0	0	0	0	
0	1	0	0	0	1	0	
3	1	1	3	0	0	0	
0	2	3	3	0	0	0	
0	0	1	0	1	0	0	
--------------------

--------------------
Best Solution Found!
--------------------
Time: 0 hour(s), 0 minute(s), 0 second(s), 293 millisecond(s)

Fitness: 91591

3	2	0	0	0	0	0	
0	2	0	0	0	1	0	
0	0	0	0	3	0	0	
0	2	0	0	1	0	0	
0	0	0	3	0	2	0	
1	1	0	0	0	0	0	
2	0	0	3	0	0	0	
0	0	3	3	0	0	0	
2	2	0	0	0	0	0	
1	2	3	0	1	1	0	
0	1	0	0	0	0	0	
0	2	2	0	1	0	0	
0	0	0	3	3	0	2	
3	0	0	1	0	0	0	
2	1	1	0	0	1	0	
2	0	0	3	0	0	0	
0	0	1	1	0	0	0	
0	0	0	1	0	0	0	
2	0	0	0	0	1	0	
3	0	2	0	0	0	0	
0	1	0	0	0	0	0	
3	0	0	0	0	2	0	
1	0	0	0	1	0	0	
0	1	0	0	3	1	0	
0	0	1	0	0	0	0	
1	0	0	1	2	0	0	
0	3	1	1	2	0	0	
2	3	3	0	0	0	0	
0	0	0	0	0	0	0	
0	1	0	3	0	1	0	
1	0	0	0	0	3	0	
0	0	0	0	0	0	0	
0	0	3	0	0	3	0	
0	1	0	3	0	0	0	
0	0	3	1	1	1	0	
0	0	0	0	0	0	0	
2	2	1	3	2	1	0	
0	2	0	0	0	0	0	
2	0	0	0	2	3	0	
1	1	1	0	0	0	0	
1	0	3	0	0	3	0	
0	0	0	3	0	0	0	
0	0	0	3	0	2	0	
0	2	0	0	2	0	0	
2	0	0	0	0	2	0	
3	2	0	0	0	2	0	
0	3	3	0	3	0	0	
2	1	0	1	0	0	0	
0	1	0	0	0	1	0	
0	3	0	0	0	0	0	
0	0	0	0	0	0	0	
0	0	0	0	1	1	0	
0	0	1	1	0	0	0	
0	1	3	3	1	3	0	
1	0	0	1	0	2	0	
2	2	1	2	2	0	0	
0	2	0	0	2	0	0	
0	1	0	0	0	1	0	
0	0	0	3	1	0	0	
1	0	0	1	2	0	0	
2	1	0	2	2	1	0	
0	0	3	2	1	0	0	
1	0	0	0	0	0	0	
2	0	0	2	1	2	0	
0	0	3	0	0	1	0	
2	0	1	3	1	0	0	
2	1	3	0	2	0	0	
0	1	0	0	1	1	0	
1	1	2	0	2	3	0	
0	0	2	0	0	1	0	
0	0	3	0	0	0	0	
1	0	3	2	2	0	0	
3	0	0	0	0	2	0	
0	0	3	3	0	0	0	
1	0	1	2	3	0	0	
0	0	0	0	1	0	0	
0	0	0	0	0	0	0	
0	0	0	3	0	0	0	
1	2	1	0	1	0	1	
0	0	3	3	2	2	0	
2	2	0	1	0	0	0	
2	2	0	0	2	0	0	
0	0	1	0	0	2	0	
0	1	3	3	1	3	0	
1	3	0	0	2	0	0	
0	0	0	0	3	2	0	
0	0	1	0	0	2	0	
0	0	0	0	2	2	0	
0	3	0	0	0	1	0	
0	0	0	0	0	1	0	
0	0	0	0	0	1	0	
0	0	2	2	0	1	0	
2	0	3	3	1	2	0	
1	0	0	0	2	2	0	
0	1	2	0	0	0	0	
0	0	0	0	0	0	0	
0	3	0	2	0	0	0	
0	0	1	3	3	0	0	
0	0	3	0	0	0	0	
3	2	1	3	1	0	0	
--------------------

--------------------
Best Solution Found!
--------------------
Time: 0 hour(s), 0 minute(s), 0 second(s), 361 millisecond(s)

Fitness: 90607

0	0	0	0	0	0	0	
0	0	2	2	1	0	0	
0	0	0	0	0	0	0	
3	0	0	0	2	0	0	
0	1	0	0	3	1	0	
2	2	0	1	1	0	0	
2	1	0	0	1	0	0	
0	1	2	0	0	2	0	
1	2	0	0	0	2	0	
0	2	0	0	3	3	0	
0	0	0	0	0	0	0	
2	1	0	1	1	3	0	
1	0	0	0	0	0	0	
0	0	0	0	2	0	0	
3	0	3	0	0	2	0	
0	2	2	0	0	0	0	
0	1	0	2	0	3	0	
0	0	0	0	1	2	0	
0	1	0	0	0	0	0	
0	2	3	0	1	0	0	
0	2	0	0	2	1	0	
0	0	3	3	3	1	0	
0	2	0	0	0	1	0	
0	0	3	0	0	0	0	
2	0	1	0	0	0	0	
0	0	0	0	0	0	1	
1	0	0	0	2	0	0	
2	1	0	2	0	0	0	
0	2	1	0	0	1	0	
3	1	3	0	1	0	0	
1	2	2	0	0	2	0	
0	1	0	1	0	0	0	
0	0	3	3	0	0	0	
0	0	1	0	0	1	0	
0	2	0	2	1	0	0	
0	2	3	0	0	0	0	
2	1	3	3	2	0	0	
2	0	0	0	1	1	0	
0	0	1	0	0	0	0	
2	0	0	0	0	1	0	
1	2	1	0	1	2	0	
1	0	0	0	0	0	0	
0	0	2	0	0	0	0	
0	3	0	3	2	1	2	
3	1	0	0	2	0	0	
0	2	3	3	2	2	0	
2	0	0	0	1	0	0	
0	0	1	0	0	0	0	
0	0	1	1	0	0	0	
1	0	0	0	3	0	0	
0	0	3	3	0	0	0	
0	1	0	3	2	0	0	
1	0	0	2	0	1	0	
2	3	0	3	2	2	0	
3	2	3	1	1	0	0	
0	0	0	1	0	0	0	
0	3	0	0	0	0	0	
0	0	3	0	3	0	0	
3	0	0	3	0	1	0	
0	3	1	3	1	1	0	
1	0	3	0	0	2	0	
0	0	0	0	0	0	0	
0	1	0	3	0	1	0	
2	0	0	3	0	0	0	
0	0	0	0	0	0	0	
0	1	3	0	0	0	0	
0	0	0	0	1	0	0	
0	0	0	0	0	2	0	
0	0	0	1	0	2	0	
2	2	0	3	2	0	0	
1	0	0	0	0	2	0	
0	0	3	0	0	0	0	
1	0	0	0	0	0	0	
3	0	0	0	3	0	0	
0	0	0	1	0	2	0	
0	0	1	0	1	3	0	
2	0	0	2	2	0	0	
2	0	3	0	0	1	0	
0	0	0	1	2	0	0	
0	0	0	3	0	3	0	
0	0	1	1	0	1	0	
0	0	1	0	0	0	0	
1	0	1	1	1	3	0	
0	3	3	0	0	0	0	
1	3	0	0	0	2	0	
0	0	0	0	0	0	0	
0	1	0	3	2	0	0	
2	0	0	0	0	1	0	
1	0	1	3	0	2	0	
0	0	0	3	0	0	0	
0	0	0	2	0	0	0	
0	1	1	2	2	0	0	
2	3	0	0	2	0	0	
2	0	2	0	0	0	0	
1	1	3	3	0	3	0	
0	1	0	3	0	0	0	
0	0	0	0	3	1	0	
1	2	0	0	1	0	0	
0	0	0	3	0	1	0	
2	0	1	0	2	1	0	
--------------------

--------------------
Best Solution Found!
--------------------
Time: 0 hour(s), 0 minute(s), 0 second(s), 401 millisecond(s)

Fitness: 88633

0	0	0	0	2	2	0	
0	0	2	0	0	0	0	
0	0	0	1	3	0	0	
1	1	0	0	0	0	0	
0	2	0	0	0	0	0	
0	0	0	3	0	0	0	
0	0	0	2	3	0	0	
0	0	2	2	1	0	0	
2	0	0	0	1	1	0	
0	0	0	3	0	0	0	
2	0	0	0	0	1	0	
1	1	0	3	1	1	0	
1	2	0	0	0	2	0	
0	0	0	3	0	2	0	
2	0	3	0	1	1	0	
0	0	2	0	0	0	0	
0	0	0	3	0	2	0	
0	0	0	0	0	1	0	
0	0	0	1	0	0	0	
0	0	3	0	0	0	0	
0	2	0	0	0	0	0	
0	0	3	0	0	0	0	
2	0	0	3	0	0	2	
3	0	3	0	3	0	0	
0	0	1	0	0	0	0	
0	0	0	0	2	0	0	
0	0	0	0	0	2	0	
0	0	0	0	2	0	0	
0	1	1	0	0	1	0	
0	1	3	0	1	1	0	
3	0	2	0	0	0	0	
0	1	0	0	0	1	0	
0	0	3	0	0	0	0	
0	1	1	0	0	0	0	
0	0	0	1	0	0	0	
0	1	3	0	1	0	0	
1	0	3	1	1	2	0	
3	2	0	0	0	0	0	
2	3	1	0	2	1	0	
2	0	0	0	2	0	0	
1	2	1	3	2	1	0	
0	2	0	0	1	0	0	
1	3	2	1	2	0	0	
1	0	0	0	0	1	0	
0	0	0	3	0	2	0	
0	1	3	0	3	2	0	
0	2	0	0	0	1	0	
0	0	1	0	1	0	0	
0	0	1	0	1	2	0	
0	0	0	0	0	0	0	
1	2	3	2	0	2	0	
1	0	0	0	0	0	0	
0	0	0	0	0	2	0	
0	0	0	3	2	2	0	
0	1	3	3	2	0	0	
0	2	0	3	0	0	0	
0	0	0	0	0	0	0	
0	1	3	0	0	0	0	
2	3	0	0	0	1	1	
2	0	1	1	1	1	0	
1	2	3	2	1	0	0	
2	0	0	0	2	0	0	
1	1	0	0	0	0	0	
0	0	0	0	0	0	0	
0	0	0	2	0	1	0	
0	0	3	3	2	1	0	
2	1	0	0	0	0	0	
1	0	0	1	1	1	0	
3	2	0	2	0	2	0	
0	0	0	2	2	0	0	
0	2	0	0	0	2	0	
0	0	3	3	0	3	0	
2	3	0	0	2	1	0	
1	2	0	3	3	2	0	
0	1	0	2	0	0	0	
2	0	1	0	0	0	0	
2	0	0	1	1	0	0	
0	2	3	3	3	3	0	
2	0	0	3	0	0	0	
0	0	0	0	0	0	0	
0	0	1	1	0	0	0	
3	0	1	0	0	1	0	
0	0	1	0	0	0	0	
1	3	3	1	3	0	0	
1	0	0	0	0	0	0	
1	3	0	1	2	0	0	
0	0	0	0	1	0	0	
0	0	0	3	2	0	0	
2	3	1	0	0	0	0	
0	1	0	0	0	0	0	
0	0	0	0	0	3	0	
0	1	1	3	2	3	0	
0	1	0	0	0	3	0	
3	1	2	0	0	0	0	
2	2	3	3	2	0	0	
3	0	0	0	0	0	0	
0	2	0	0	0	3	0	
0	0	0	3	1	3	0	
2	1	0	0	0	0	0	
2	0	1	0	1	0	0	
--------------------

--------------------
Best Solution Found!
--------------------
Time: 0 hour(s), 0 minute(s), 3 second(s), 889 millisecond(s)

Fitness: 88596

0	1	0	0	2	2	0	
2	1	1	2	0	1	0	
2	2	0	0	0	2	0	
0	0	0	0	0	1	0	
0	1	0	1	0	2	0	
0	0	0	0	2	0	0	
0	0	0	3	0	2	0	
0	0	0	0	0	2	0	
0	1	0	0	0	2	0	
1	0	3	0	0	1	0	
1	0	0	0	0	0	0	
0	0	2	3	3	0	0	
0	0	0	0	2	0	0	
0	0	1	1	0	0	0	
2	0	0	2	1	0	0	
2	0	3	0	0	0	0	
1	0	3	0	0	0	0	
0	0	0	0	2	0	0	
0	2	3	3	0	0	0	
0	3	1	0	0	0	0	
2	0	0	0	0	1	0	
0	0	0	1	3	0	0	
1	2	0	3	2	1	0	
0	2	0	0	0	1	0	
0	0	0	3	0	0	0	
3	1	3	0	2	2	0	
0	0	0	3	1	1	0	
3	0	1	0	2	0	0	
3	2	3	0	3	2	0	
1	3	0	0	3	0	0	
0	0	0	1	2	0	0	
3	1	3	3	0	0	0	
1	0	0	0	0	0	0	
0	0	3	0	1	0	0	
0	0	0	0	2	0	0	
0	0	1	0	0	0	0	
0	0	0	0	1	0	0	
0	0	1	0	0	0	0	
0	0	0	0	0	0	0	
0	1	1	3	3	0	0	
2	0	2	0	0	0	0	
2	2	3	1	1	2	0	
0	1	1	2	1	1	0	
3	0	0	0	2	0	0	
0	2	0	0	1	1	0	
2	2	0	1	1	3	0	
0	1	3	3	1	3	0	
0	0	0	3	1	0	0	
0	0	1	0	2	0	0	
0	0	0	0	0	0	0	
0	0	0	0	1	0	0	
2	1	0	0	0	3	0	
0	0	0	0	1	0	0	
0	0	0	0	0	2	0	
0	0	1	0	2	0	0	
2	1	1	1	0	1	0	
0	0	0	0	0	1	0	
0	1	2	0	0	2	0	
1	2	3	0	2	1	0	
2	0	2	0	0	0	0	
1	0	0	2	3	0	0	
0	0	1	3	0	0	0	
0	0	0	1	0	1	0	
2	3	0	3	2	3	0	
0	2	0	1	0	2	0	
2	1	3	3	2	3	0	
0	1	2	3	0	0	0	
0	0	0	2	0	1	0	
2	3	0	0	0	0	0	
0	3	0	0	0	0	0	
0	0	0	3	0	0	0	
0	0	0	1	1	0	2	
1	0	1	0	1	0	0	
0	0	0	0	0	1	0	
0	1	0	2	1	3	0	
1	0	3	0	0	1	0	
1	0	2	0	0	0	0	
1	0	3	0	0	1	0	
0	0	0	0	0	2	0	
0	1	0	3	0	0	0	
1	2	0	0	0	1	0	
2	0	3	0	0	0	0	
0	0	0	0	2	0	0	
2	2	0	0	0	0	0	
0	3	1	0	0	1	0	
2	0	0	0	0	3	0	
0	2	0	0	2	0	0	
0	0	3	3	0	0	0	
3	1	0	0	0	0	0	
0	0	0	2	0	0	0	
1	0	1	0	0	0	0	
1	0	3	0	0	0	0	
0	2	0	3	0	0	0	
0	0	0	2	0	0	0	
0	2	0	0	0	2	0	
1	3	0	3	1	0	0	
0	0	0	0	0	0	0	
0	1	0	0	0	0	0	
2	0	3	1	3	2	0	
3	2	0	3	1	0	1	
--------------------

--------------------
Best Solution Found!
--------------------
Time: 0 hour(s), 0 minute(s), 6 second(s), 860 millisecond(s)

Fitness: 88579

0	1	3	0	0	0	0	
3	1	3	0	1	1	0	
0	2	1	2	3	1	0	
0	0	0	3	0	0	0	
0	2	0	0	2	0	0	
1	0	1	0	0	0	0	
0	0	1	0	3	1	0	
2	2	3	0	1	3	0	
3	2	2	0	0	2	0	
0	2	0	3	0	0	0	
3	1	0	2	1	2	0	
2	2	2	0	1	3	0	
2	2	0	1	2	1	0	
2	1	0	0	0	0	0	
0	1	1	3	1	2	0	
2	1	0	0	0	2	0	
0	1	0	0	2	0	0	
0	2	0	0	3	0	0	
0	3	0	0	0	1	0	
0	1	0	2	1	0	0	
0	0	0	0	0	2	0	
0	0	3	0	2	0	0	
0	3	0	3	0	1	0	
0	0	0	2	0	1	0	
1	0	0	0	1	1	0	
0	0	0	0	2	0	0	
0	0	0	0	2	0	0	
1	0	0	0	0	1	0	
3	0	0	3	2	0	0	
0	0	0	3	0	0	0	
0	2	3	0	3	0	0	
0	0	0	0	1	2	0	
2	3	3	3	0	0	0	
1	0	1	0	0	0	0	
0	0	3	0	0	0	0	
0	2	0	0	0	0	0	
0	0	0	0	0	0	0	
0	2	1	0	0	0	0	
0	2	0	0	0	0	0	
0	0	0	1	0	2	0	
2	0	0	0	0	0	0	
0	0	0	0	1	3	0	
0	1	0	1	2	0	0	
0	1	0	0	0	2	0	
0	0	2	0	3	3	0	
2	0	0	2	0	1	0	
3	1	0	1	3	0	0	
1	0	3	3	2	1	0	
0	0	1	0	0	0	0	
2	0	0	0	1	0	0	
0	0	0	0	1	2	0	
0	0	1	3	0	0	0	
0	0	3	0	0	0	0	
0	0	2	1	0	0	0	
0	0	3	1	0	0	0	
0	0	0	0	1	0	0	
0	1	1	0	0	2	0	
0	0	1	1	0	1	0	
1	0	0	0	2	1	0	
1	0	0	0	0	0	0	
0	0	3	0	2	2	0	
0	0	0	3	2	0	0	
0	0	0	0	0	3	0	
2	0	1	3	2	1	0	
1	0	0	1	0	3	0	
2	0	0	0	0	0	0	
1	0	1	1	0	0	0	
0	0	0	0	0	0	0	
0	1	0	1	0	1	1	
0	0	0	0	0	0	0	
1	0	2	0	0	3	0	
2	0	0	0	0	2	0	
2	0	0	0	1	0	0	
2	3	0	0	0	0	0	
0	0	3	0	0	0	0	
1	2	1	0	1	1	0	
0	0	0	0	0	0	0	
1	1	0	1	2	0	0	
3	0	3	3	0	1	0	
2	0	3	3	0	0	0	
2	0	3	0	0	0	0	
0	0	3	0	0	0	0	
0	3	0	0	0	0	0	
0	0	3	2	0	0	0	
1	1	2	0	0	0	0	
0	0	3	0	0	2	0	
0	0	0	3	0	0	0	
1	3	0	0	0	0	0	
2	0	0	2	0	0	0	
0	1	0	0	2	0	0	
0	2	0	3	2	0	0	
0	2	1	3	1	1	0	
1	1	0	3	2	0	0	
1	0	0	2	0	0	0	
3	3	1	0	0	1	2	
0	0	0	3	3	2	0	
0	2	0	3	0	0	0	
0	1	0	0	1	0	0	
0	0	0	3	1	0	0	
2	0	0	0	0	2	0	
--------------------

--------------------
Best Solution Found!
--------------------
Time: 0 hour(s), 0 minute(s), 6 second(s), 863 millisecond(s)

Fitness: 88579

0	1	3	0	0	0	0	
3	1	3	0	1	1	0	
0	2	1	2	3	1	0	
0	0	0	3	0	0	0	
0	2	0	0	2	0	0	
1	0	1	0	0	0	0	
0	0	1	0	3	1	0	
2	2	3	0	1	3	0	
3	2	2	0	0	2	0	
0	2	0	3	0	0	0	
3	1	0	2	1	2	0	
2	2	2	0	1	3	0	
2	2	0	1	2	1	0	
2	1	0	0	0	0	0	
0	1	1	3	1	2	0	
2	1	0	0	0	2	0	
0	1	0	0	2	0	0	
0	2	0	0	3	0	0	
0	3	0	0	0	1	0	
0	1	0	2	1	0	0	
0	0	0	0	0	2	0	
0	0	3	0	2	0	0	
0	3	0	3	0	1	0	
0	0	0	2	0	1	0	
1	0	0	0	1	1	0	
0	0	0	0	2	0	0	
0	0	0	0	2	0	0	
1	0	0	0	0	1	0	
3	0	0	3	2	0	0	
0	0	0	3	0	0	0	
0	2	3	0	3	0	0	
0	0	0	0	1	2	0	
2	3	3	3	0	0	0	
1	0	1	0	0	0	0	
0	0	3	0	0	0	0	
0	2	0	0	0	0	0	
0	0	0	0	0	0	0	
0	2	1	0	0	0	0	
0	2	0	0	0	0	0	
0	0	0	1	0	2	0	
2	0	0	0	0	0	0	
0	0	0	0	1	3	0	
0	1	0	1	2	0	0	
0	1	0	0	0	2	0	
0	0	2	0	3	3	0	
2	0	0	2	0	1	0	
3	1	0	1	3	0	0	
1	0	3	3	2	1	0	
0	0	1	0	0	0	0	
2	0	0	0	1	0	0	
0	0	0	0	1	2	0	
0	0	1	3	0	0	0	
0	0	3	0	0	0	0	
0	0	2	1	0	0	0	
0	0	3	1	0	0	0	
0	0	0	0	1	0	0	
0	1	1	0	0	2	0	
0	0	1	1	0	1	0	
1	0	0	0	2	1	0	
1	0	0	0	0	0	0	
0	0	3	0	2	2	0	
0	0	0	3	2	0	0	
0	0	0	0	0	3	0	
2	0	1	3	2	1	0	
1	0	0	1	0	3	0	
2	0	0	0	0	0	0	
1	0	1	1	0	0	0	
0	0	0	0	0	0	0	
0	1	0	1	0	1	1	
0	0	0	0	0	0	0	
1	0	2	0	0	3	0	
2	0	0	0	0	2	0	
2	0	0	0	1	0	0	
2	3	0	0	0	0	0	
0	0	3	0	0	0	0	
1	2	1	0	1	1	0	
0	0	0	0	0	0	0	
1	1	0	1	2	0	0	
3	0	3	3	0	1	0	
2	0	3	3	0	0	0	
2	0	3	0	0	0	0	
0	0	3	0	0	0	0	
0	3	0	0	0	0	0	
0	0	3	2	0	0	0	
1	1	2	0	0	0	0	
0	0	3	0	0	2	0	
0	0	0	3	0	0	0	
1	3	0	0	0	0	0	
2	0	0	2	0	0	0	
0	1	0	0	2	0	0	
0	2	0	3	2	0	0	
0	2	1	3	1	1	0	
1	1	0	3	2	0	0	
1	0	0	2	0	0	0	
3	3	1	0	0	1	2	
0	0	0	3	3	2	0	
0	2	0	3	0	0	0	
0	1	0	0	1	0	0	
0	0	0	3	1	0	0	
2	0	0	0	0	2	0	
--------------------

--------------------
Best Solution Found!
--------------------
Time: 0 hour(s), 0 minute(s), 9 second(s), 844 millisecond(s)

Fitness: 87598

0	0	3	0	0	0	0	
0	1	3	0	0	0	1	
0	0	0	0	2	0	0	
0	0	1	3	0	0	0	
0	2	0	3	0	0	0	
0	2	1	0	2	0	0	
0	0	0	0	0	0	0	
0	0	0	0	2	1	0	
0	2	1	0	0	0	0	
0	0	3	0	0	0	0	
2	3	3	2	0	3	0	
0	0	0	0	0	0	0	
1	0	0	1	1	1	0	
2	2	1	0	1	2	0	
0	0	0	0	1	0	0	
0	0	0	0	2	0	0	
2	2	3	3	2	0	0	
2	1	0	3	0	0	0	
0	0	0	0	2	1	0	
0	0	0	3	0	0	0	
0	0	0	0	2	0	0	
0	1	2	0	0	1	0	
3	1	3	0	0	1	0	
0	1	0	2	0	0	0	
2	2	0	0	0	2	0	
0	2	0	0	0	1	0	
0	0	0	0	0	1	0	
0	0	0	0	0	0	0	
3	0	0	0	0	2	0	
3	0	0	0	0	0	0	
0	2	1	3	3	2	0	
2	0	0	0	1	2	0	
0	0	1	0	0	0	0	
1	0	1	0	2	0	0	
1	1	3	3	0	1	0	
0	1	0	3	0	2	0	
1	3	1	2	0	0	0	
1	1	0	0	0	1	0	
0	2	1	0	0	3	0	
0	0	0	2	1	0	0	
0	0	2	3	2	1	0	
0	2	0	0	1	0	0	
2	0	0	3	0	2	0	
2	0	0	0	0	3	0	
0	0	0	1	1	0	0	
0	0	0	0	0	0	0	
1	0	0	0	0	0	0	
1	0	0	0	0	0	0	
0	1	0	0	0	2	0	
0	0	3	0	1	0	2	
1	0	0	0	0	1	0	
0	0	0	0	0	2	0	
1	1	0	1	0	3	0	
0	0	0	0	1	0	0	
0	0	0	0	0	0	0	
1	0	0	0	0	0	0	
0	0	0	1	0	0	0	
0	0	0	1	0	2	0	
2	0	0	0	0	2	0	
2	0	3	0	0	1	0	
2	0	3	0	3	3	0	
0	0	0	0	2	1	0	
0	0	3	0	1	0	0	
0	1	0	0	2	0	0	
0	3	2	3	0	0	0	
2	0	0	3	1	0	0	
3	3	0	2	3	2	0	
0	0	3	3	1	0	0	
0	0	3	0	0	0	0	
0	3	0	1	0	0	0	
3	1	1	2	0	1	0	
1	1	1	2	3	0	0	
0	0	0	0	0	0	0	
2	2	1	1	1	0	0	
0	0	3	0	1	1	0	
1	1	0	3	0	0	0	
0	0	0	3	2	0	0	
0	0	2	3	2	3	0	
2	0	3	0	2	3	0	
0	0	0	0	1	0	0	
2	2	2	1	0	0	0	
1	0	0	0	0	0	0	
1	0	1	0	2	0	0	
0	0	0	0	0	0	0	
0	0	1	3	0	2	0	
3	3	1	2	0	1	0	
0	0	0	0	0	0	0	
3	3	3	0	0	1	0	
0	2	0	3	0	1	0	
2	1	3	3	3	0	0	
0	2	0	1	2	0	0	
0	2	0	0	0	0	0	
1	0	3	0	0	2	0	
0	0	0	0	1	0	0	
1	1	2	3	1	0	0	
0	0	0	0	0	0	0	
2	0	0	0	2	0	0	
2	2	0	1	3	1	0	
0	1	0	0	0	2	0	
0	1	0	1	3	0	0	
--------------------

--------------------
Best Solution Found!
--------------------
Time: 0 hour(s), 0 minute(s), 9 second(s), 846 millisecond(s)

Fitness: 87598

0	0	3	0	0	0	0	
0	1	3	0	0	0	1	
0	0	0	0	2	0	0	
0	0	1	3	0	0	0	
0	2	0	3	0	0	0	
0	2	1	0	2	0	0	
0	0	0	0	0	0	0	
0	0	0	0	2	1	0	
0	2	1	0	0	0	0	
0	0	3	0	0	0	0	
2	3	3	2	0	3	0	
0	0	0	0	0	0	0	
1	0	0	1	1	1	0	
2	2	1	0	1	2	0	
0	0	0	0	1	0	0	
0	0	0	0	2	0	0	
2	2	3	3	2	0	0	
2	1	0	3	0	0	0	
0	0	0	0	2	1	0	
0	0	0	3	0	0	0	
0	0	0	0	2	0	0	
0	1	2	0	0	1	0	
3	1	3	0	0	1	0	
0	1	0	2	0	0	0	
2	2	0	0	0	2	0	
0	2	0	0	0	1	0	
0	0	0	0	0	1	0	
0	0	0	0	0	0	0	
3	0	0	0	0	2	0	
3	0	0	0	0	0	0	
0	2	1	3	3	2	0	
2	0	0	0	1	2	0	
0	0	1	0	0	0	0	
1	0	1	0	2	0	0	
1	1	3	3	0	1	0	
0	1	0	3	0	2	0	
1	3	1	2	0	0	0	
1	1	0	0	0	1	0	
0	2	1	0	0	3	0	
0	0	0	2	1	0	0	
0	0	2	3	2	1	0	
0	2	0	0	1	0	0	
2	0	0	3	0	2	0	
2	0	0	0	0	3	0	
0	0	0	1	1	0	0	
0	0	0	0	0	0	0	
1	0	0	0	0	0	0	
1	0	0	0	0	0	0	
0	1	0	0	0	2	0	
0	0	3	0	1	0	2	
1	0	0	0	0	1	0	
0	0	0	0	0	2	0	
1	1	0	1	0	3	0	
0	0	0	0	1	0	0	
0	0	0	0	0	0	0	
1	0	0	0	0	0	0	
0	0	0	1	0	0	0	
0	0	0	1	0	2	0	
2	0	0	0	0	2	0	
2	0	3	0	0	1	0	
2	0	3	0	3	3	0	
0	0	0	0	2	1	0	
0	0	3	0	1	0	0	
0	1	0	0	2	0	0	
0	3	2	3	0	0	0	
2	0	0	3	1	0	0	
3	3	0	2	3	2	0	
0	0	3	3	1	0	0	
0	0	3	0	0	0	0	
0	3	0	1	0	0	0	
3	1	1	2	0	1	0	
1	1	1	2	3	0	0	
0	0	0	0	0	0	0	
2	2	1	1	1	0	0	
0	0	3	0	1	1	0	
1	1	0	3	0	0	0	
0	0	0	3	2	0	0	
0	0	2	3	2	3	0	
2	0	3	0	2	3	0	
0	0	0	0	1	0	0	
2	2	2	1	0	0	0	
1	0	0	0	0	0	0	
1	0	1	0	2	0	0	
0	0	0	0	0	0	0	
0	0	1	3	0	2	0	
3	3	1	2	0	1	0	
0	0	0	0	0	0	0	
3	3	3	0	0	1	0	
0	2	0	3	0	1	0	
2	1	3	3	3	0	0	
0	2	0	1	2	0	0	
0	2	0	0	0	0	0	
1	0	3	0	0	2	0	
0	0	0	0	1	0	0	
1	1	2	3	1	0	0	
0	0	0	0	0	0	0	
2	0	0	0	2	0	0	
2	2	0	1	3	1	0	
0	1	0	0	0	2	0	
0	1	0	1	3	0	0	
--------------------

--------------------
Best Solution Found!
--------------------
Time: 0 hour(s), 0 minute(s), 52 second(s), 77 millisecond(s)

Fitness: 87597

0	0	0	0	0	0	0	
1	2	1	1	0	2	0	
1	0	0	0	0	1	0	
0	0	0	0	0	2	0	
0	1	0	0	0	0	0	
3	0	3	2	2	0	0	
0	1	2	0	0	0	0	
1	0	3	0	1	0	0	
3	0	0	0	1	0	0	
2	0	0	3	0	0	0	
0	2	3	0	2	3	0	
0	0	0	0	0	0	0	
0	0	0	0	2	0	0	
0	3	3	0	0	0	0	
0	0	0	0	0	0	0	
0	0	0	0	1	0	0	
0	0	0	1	1	1	0	
3	2	0	0	0	0	0	
2	3	0	0	0	0	0	
0	1	0	0	3	2	0	
0	0	1	0	3	1	0	
0	2	1	3	3	0	0	
2	2	3	2	0	0	0	
0	0	0	0	3	0	0	
2	2	3	3	0	1	0	
2	0	0	3	0	0	0	
0	1	3	3	2	1	0	
0	0	1	0	2	0	0	
0	1	3	3	0	1	2	
3	0	0	3	1	2	0	
2	0	0	0	0	0	0	
0	0	0	0	0	0	0	
0	0	3	3	0	0	0	
0	2	1	3	2	0	0	
1	2	3	2	0	1	0	
0	3	2	0	0	0	0	
0	0	0	0	0	0	0	
0	2	0	2	0	3	0	
1	0	0	0	0	0	0	
0	2	0	0	2	0	0	
1	0	1	3	1	1	0	
2	2	3	1	0	1	0	
0	0	0	3	0	3	0	
2	3	0	0	1	2	0	
2	1	0	3	1	1	0	
0	3	0	0	2	0	0	
0	1	0	0	0	2	0	
2	0	3	1	2	3	0	
1	0	0	0	0	0	0	
0	1	3	0	3	0	0	
0	1	3	0	2	0	0	
2	0	1	0	2	0	0	
2	0	0	1	0	1	0	
0	0	0	2	0	0	0	
0	0	0	0	0	1	0	
0	1	2	3	1	0	0	
0	0	0	0	0	0	0	
1	1	0	3	0	1	0	
2	1	0	0	0	0	0	
0	2	0	2	0	0	0	
0	0	0	1	0	0	0	
0	1	1	3	0	0	0	
0	0	0	3	0	3	0	
2	3	0	1	1	2	0	
3	0	0	0	2	0	0	
0	1	1	0	1	2	0	
0	0	0	1	0	0	0	
0	0	2	0	0	0	1	
0	2	0	3	0	3	0	
0	0	0	0	3	0	0	
0	0	0	0	0	0	0	
0	0	0	0	0	0	0	
0	0	0	0	0	0	0	
1	0	3	0	0	1	0	
1	0	3	3	2	0	0	
0	0	2	0	0	3	0	
0	0	0	0	0	0	0	
1	0	1	1	0	2	0	
1	0	1	0	0	2	0	
2	0	1	3	2	0	0	
1	0	0	0	1	2	0	
3	0	0	0	0	0	0	
1	0	1	0	1	0	0	
0	0	0	1	0	0	0	
0	1	0	0	1	0	0	
2	2	0	0	0	0	0	
0	1	0	1	0	0	0	
1	0	0	0	1	0	0	
0	0	0	0	2	0	0	
0	0	0	0	0	1	0	
3	0	3	0	1	0	0	
0	2	1	0	0	2	0	
2	1	0	2	3	2	0	
0	3	0	0	0	2	0	
1	0	3	3	2	1	0	
0	0	0	0	0	1	0	
0	2	0	0	1	2	0	
0	1	2	2	2	1	0	
0	0	1	0	0	0	0	
2	0	0	0	0	1	0	
--------------------

--------------------
Best Solution Found!
--------------------
Time: 0 hour(s), 2 minute(s), 7 second(s), 526 millisecond(s)

Fitness: 86624

0	3	3	1	1	1	0	
0	0	0	3	0	2	0	
0	0	0	0	0	1	0	
1	0	0	0	0	0	0	
2	0	3	3	1	3	0	
2	0	3	3	1	0	0	
0	2	1	3	0	2	0	
0	2	3	0	0	0	0	
1	0	0	0	1	0	0	
2	1	0	0	0	1	0	
2	1	1	2	0	1	0	
0	1	2	1	1	2	0	
0	1	3	0	0	0	0	
2	0	0	3	0	0	0	
3	0	1	3	0	0	0	
1	1	3	3	0	2	0	
0	3	0	0	0	0	0	
3	2	1	3	3	0	0	
0	0	0	0	0	2	0	
0	2	0	0	0	0	0	
0	0	0	0	2	0	0	
3	0	3	3	3	0	0	
0	0	2	0	0	0	0	
2	0	0	0	0	0	0	
2	2	3	2	3	0	0	
1	2	0	0	2	0	0	
0	1	0	0	3	1	0	
0	0	0	2	0	1	1	
0	0	0	0	0	0	0	
0	0	0	1	3	0	0	
1	2	0	0	1	2	0	
0	0	0	1	0	2	0	
0	0	0	3	0	1	2	
0	1	0	0	0	1	0	
2	1	0	3	0	0	0	
0	0	3	0	2	0	0	
3	0	0	0	0	3	0	
0	2	1	0	1	0	0	
0	0	0	0	0	0	0	
0	0	0	0	0	0	0	
0	0	3	0	0	0	0	
2	0	0	0	0	0	0	
0	0	0	0	2	1	0	
2	0	3	0	0	0	0	
0	2	0	0	0	0	0	
2	0	0	3	0	0	0	
1	1	1	2	3	0	0	
0	2	2	2	1	1	0	
0	0	0	0	0	0	0	
0	2	0	0	1	0	0	
0	3	0	0	0	1	0	
1	0	3	0	0	0	0	
0	0	0	1	0	1	0	
3	0	1	3	0	0	0	
0	0	0	0	0	0	0	
0	3	0	0	0	0	0	
2	0	0	0	0	0	0	
1	0	2	0	1	0	0	
0	0	0	0	0	2	0	
2	1	3	0	2	0	0	
2	0	2	0	1	0	0	
1	0	1	2	2	2	0	
0	2	2	0	2	2	0	
1	3	1	0	0	3	0	
1	0	0	0	2	1	0	
0	0	3	3	0	0	0	
2	1	3	3	0	3	0	
1	0	3	3	1	3	0	
0	0	0	0	1	1	0	
2	2	0	1	2	0	0	
0	0	1	3	2	1	0	
0	0	0	0	2	0	0	
3	1	0	3	2	2	0	
0	3	3	3	0	0	0	
0	0	0	1	2	0	0	
2	0	0	0	3	0	0	
0	0	0	3	0	0	0	
0	0	1	2	0	0	0	
1	1	1	0	2	3	0	
3	0	0	0	1	0	0	
0	0	1	0	1	1	0	
0	0	0	0	0	0	0	
0	1	1	0	0	0	0	
0	0	0	1	0	0	0	
0	2	0	1	0	3	0	
0	2	0	0	2	0	0	
1	1	0	1	0	1	0	
0	0	0	0	0	0	0	
0	0	0	0	2	0	0	
0	1	0	0	0	0	0	
0	0	0	0	1	1	0	
2	0	3	0	0	2	0	
0	0	0	0	1	2	0	
0	0	0	0	0	0	0	
0	1	0	2	0	0	0	
0	1	1	0	0	2	0	
1	0	0	1	2	0	0	
0	3	0	0	0	1	0	
0	0	0	0	0	2	0	
1	2	0	0	0	0	0	
--------------------

--------------------
Best Solution Found!
--------------------
Time: 0 hour(s), 5 minute(s), 18 second(s), 998 millisecond(s)

Fitness: 86586

0	0	1	0	0	0	0	
0	0	0	0	2	0	0	
1	0	0	0	0	1	0	
0	0	0	0	0	0	0	
2	0	0	0	0	0	0	
0	0	0	2	0	0	0	
0	2	0	0	0	1	0	
0	2	0	3	0	0	0	
0	0	0	3	0	0	0	
3	0	3	0	0	0	0	
0	0	0	2	0	0	0	
2	0	3	2	1	0	0	
1	0	3	0	0	2	0	
0	0	0	0	2	0	0	
2	1	0	0	0	2	0	
0	0	0	0	0	1	0	
0	0	0	3	1	0	0	
0	0	0	2	2	0	0	
1	0	3	0	2	1	0	
0	0	1	0	0	0	0	
0	1	0	0	2	0	0	
2	0	0	3	1	0	0	
0	0	0	3	0	0	0	
0	0	3	0	0	2	0	
0	3	3	0	0	0	0	
0	0	0	0	0	0	0	
1	0	3	0	1	0	0	
1	0	0	1	0	2	0	
3	0	0	0	0	1	0	
2	0	0	3	0	0	0	
0	0	0	0	0	0	0	
0	0	0	0	0	3	0	
0	2	3	3	3	3	0	
3	1	1	1	2	0	0	
0	0	0	0	3	0	0	
2	3	0	0	3	0	0	
0	0	0	0	0	2	0	
1	2	1	0	1	2	0	
2	2	0	0	1	2	2	
2	0	0	0	2	3	0	
0	0	1	0	0	0	0	
0	0	3	3	0	1	0	
1	3	0	1	2	1	0	
2	1	0	0	3	0	0	
0	0	1	0	2	1	0	
0	0	2	1	1	0	0	
1	3	0	0	2	2	0	
0	0	0	3	0	0	0	
0	1	3	0	0	0	0	
0	0	0	0	0	1	0	
0	0	1	0	0	1	0	
2	1	1	0	2	1	0	
0	0	0	1	0	2	0	
0	2	0	3	2	0	0	
1	0	1	1	3	1	0	
2	0	0	3	0	0	0	
2	2	0	0	1	2	0	
2	2	0	0	2	2	0	
0	0	1	0	2	0	0	
2	0	1	0	0	3	0	
2	1	0	3	1	0	0	
0	0	0	0	0	0	0	
3	1	3	3	1	0	0	
1	3	3	2	0	2	0	
1	0	1	0	1	3	0	
0	3	3	0	0	0	0	
0	2	2	1	2	0	0	
1	3	3	3	1	0	0	
0	2	0	0	0	0	0	
0	2	3	2	1	1	0	
3	0	1	1	0	2	1	
0	0	1	0	1	3	0	
0	0	2	1	3	0	0	
0	1	0	3	0	0	0	
0	0	2	3	0	2	0	
0	1	0	0	0	1	0	
0	0	0	0	2	0	0	
2	1	3	1	2	0	0	
0	0	0	0	0	0	0	
0	0	0	0	0	1	0	
2	1	3	1	3	0	0	
0	2	0	0	0	0	0	
0	1	0	0	0	0	0	
0	0	0	0	0	1	0	
0	0	0	0	0	0	0	
0	1	0	0	0	0	0	
1	0	0	0	0	0	0	
1	2	0	3	0	0	0	
0	0	0	2	1	3	0	
0	2	2	0	0	1	0	
2	1	2	2	0	0	0	
0	0	0	0	0	0	0	
0	1	1	0	1	0	0	
0	2	0	0	0	0	0	
3	0	0	3	0	1	0	
0	2	0	0	0	0	0	
3	1	0	3	0	0	0	
0	1	3	0	1	0	0	
1	0	0	3	0	2	0	
1	0	0	0	0	1	0	
--------------------


The best solution was found at the restart: 17, population: 0
Total Time Elapsed: 0 hour(s), 11 minute(s), 2 second(s), 364 millisecond(s)

