--------------------
Best Solution Found!
--------------------
Time: 0 hour(s), 0 minute(s), 0 second(s), 4 millisecond(s)

Fitness: 95583

0	3	0	1	2	0	0	
0	0	0	3	0	0	0	
0	0	2	3	1	1	0	
1	0	1	2	3	0	0	
0	0	0	0	0	0	0	
0	0	1	0	0	0	0	
0	2	0	1	0	0	0	
0	0	0	0	0	1	0	
0	0	0	1	0	0	0	
0	0	2	0	0	1	0	
1	0	1	0	0	0	0	
0	0	0	0	2	0	0	
0	3	0	0	1	0	0	
1	0	0	0	0	1	0	
2	0	2	0	2	2	0	
2	1	0	2	0	0	0	
0	1	0	3	0	1	0	
0	0	3	0	1	0	0	
0	2	0	0	0	0	0	
0	0	3	3	3	0	0	
2	0	0	1	0	0	0	
0	2	0	0	0	0	0	
0	0	0	0	0	1	0	
3	0	0	1	0	0	0	
0	1	0	0	0	3	0	
1	0	0	2	0	2	0	
0	1	3	0	2	0	0	
0	1	3	1	2	0	0	
1	0	0	1	3	0	0	
1	0	0	0	2	0	0	
2	0	3	3	2	2	0	
1	0	0	0	0	1	0	
0	2	3	0	2	2	0	
1	2	0	3	1	3	0	
2	0	3	1	0	2	0	
0	0	0	3	1	0	0	
0	0	0	3	0	0	0	
0	0	0	2	0	2	0	
2	0	3	0	2	0	0	
0	0	3	0	2	2	0	
0	0	3	0	0	0	0	
0	1	1	0	0	0	0	
0	2	0	2	0	2	0	
1	0	1	3	1	3	0	
3	2	0	0	0	0	0	
0	0	0	0	0	1	2	
2	1	0	0	0	0	0	
2	0	3	0	0	0	0	
3	0	0	0	1	1	0	
2	3	1	0	0	0	0	
0	2	0	0	1	0	0	
0	1	1	3	0	0	0	
2	0	3	0	0	2	0	
0	1	1	1	0	0	1	
0	2	1	0	1	0	0	
1	0	0	2	3	0	0	
0	3	0	3	2	1	0	
1	0	0	3	2	1	0	
0	0	0	2	0	0	0	
0	1	0	0	0	0	0	
1	0	0	3	2	0	0	
0	1	0	0	0	2	0	
2	3	2	0	1	1	0	
2	1	1	0	0	0	0	
0	2	2	0	3	0	0	
0	0	0	0	0	0	0	
2	0	0	3	1	3	0	
0	2	0	0	1	1	0	
0	0	1	0	0	1	0	
0	0	0	0	2	1	0	
0	0	1	1	0	0	0	
0	0	0	0	0	2	0	
0	0	0	0	0	0	0	
2	0	0	0	0	0	0	
3	2	0	3	0	1	0	
0	0	3	3	2	1	0	
0	1	0	0	0	0	0	
1	0	3	0	1	0	0	
2	0	0	0	0	2	0	
1	0	0	0	0	0	0	
0	3	3	0	0	1	0	
0	2	0	1	3	0	0	
0	0	0	0	2	0	0	
2	2	1	0	3	3	0	
0	0	0	0	1	0	0	
2	2	3	0	0	0	0	
3	0	1	0	0	0	0	
0	1	0	0	2	2	0	
1	1	0	2	1	0	0	
0	0	3	0	1	0	0	
0	0	3	3	0	1	0	
0	3	0	0	0	0	0	
0	1	1	0	0	0	0	
0	1	0	3	0	2	0	
0	0	0	0	0	0	0	
0	0	2	0	0	3	0	
3	2	0	0	1	0	0	
2	0	0	3	0	2	0	
3	1	0	3	0	3	0	
1	0	0	0	0	0	0	
--------------------

--------------------
Best Solution Found!
--------------------
Time: 0 hour(s), 0 minute(s), 0 second(s), 6 millisecond(s)

Fitness: 95583

0	3	0	1	2	0	0	
0	0	0	3	0	0	0	
0	0	2	3	1	1	0	
1	0	1	2	3	0	0	
0	0	0	0	0	0	0	
0	0	1	0	0	0	0	
0	2	0	1	0	0	0	
0	0	0	0	0	1	0	
0	0	0	1	0	0	0	
0	0	2	0	0	1	0	
1	0	1	0	0	0	0	
0	0	0	0	2	0	0	
0	3	0	0	1	0	0	
1	0	0	0	0	1	0	
2	0	2	0	2	2	0	
2	1	0	2	0	0	0	
0	1	0	3	0	1	0	
0	0	3	0	1	0	0	
0	2	0	0	0	0	0	
0	0	3	3	3	0	0	
2	0	0	1	0	0	0	
0	2	0	0	0	0	0	
0	0	0	0	0	1	0	
3	0	0	1	0	0	0	
0	1	0	0	0	3	0	
1	0	0	2	0	2	0	
0	1	3	0	2	0	0	
0	1	3	1	2	0	0	
1	0	0	1	3	0	0	
1	0	0	0	2	0	0	
2	0	3	3	2	2	0	
1	0	0	0	0	1	0	
0	2	3	0	2	2	0	
1	2	0	3	1	3	0	
2	0	3	1	0	2	0	
0	0	0	3	1	0	0	
0	0	0	3	0	0	0	
0	0	0	2	0	2	0	
2	0	3	0	2	0	0	
0	0	3	0	2	2	0	
0	0	3	0	0	0	0	
0	1	1	0	0	0	0	
0	2	0	2	0	2	0	
1	0	1	3	1	3	0	
3	2	0	0	0	0	0	
0	0	0	0	0	1	2	
2	1	0	0	0	0	0	
2	0	3	0	0	0	0	
3	0	0	0	1	1	0	
2	3	1	0	0	0	0	
0	2	0	0	1	0	0	
0	1	1	3	0	0	0	
2	0	3	0	0	2	0	
0	1	1	1	0	0	1	
0	2	1	0	1	0	0	
1	0	0	2	3	0	0	
0	3	0	3	2	1	0	
1	0	0	3	2	1	0	
0	0	0	2	0	0	0	
0	1	0	0	0	0	0	
1	0	0	3	2	0	0	
0	1	0	0	0	2	0	
2	3	2	0	1	1	0	
2	1	1	0	0	0	0	
0	2	2	0	3	0	0	
0	0	0	0	0	0	0	
2	0	0	3	1	3	0	
0	2	0	0	1	1	0	
0	0	1	0	0	1	0	
0	0	0	0	2	1	0	
0	0	1	1	0	0	0	
0	0	0	0	0	2	0	
0	0	0	0	0	0	0	
2	0	0	0	0	0	0	
3	2	0	3	0	1	0	
0	0	3	3	2	1	0	
0	1	0	0	0	0	0	
1	0	3	0	1	0	0	
2	0	0	0	0	2	0	
1	0	0	0	0	0	0	
0	3	3	0	0	1	0	
0	2	0	1	3	0	0	
0	0	0	0	2	0	0	
2	2	1	0	3	3	0	
0	0	0	0	1	0	0	
2	2	3	0	0	0	0	
3	0	1	0	0	0	0	
0	1	0	0	2	2	0	
1	1	0	2	1	0	0	
0	0	3	0	1	0	0	
0	0	3	3	0	1	0	
0	3	0	0	0	0	0	
0	1	1	0	0	0	0	
0	1	0	3	0	2	0	
0	0	0	0	0	0	0	
0	0	2	0	0	3	0	
3	2	0	0	1	0	0	
2	0	0	3	0	2	0	
3	1	0	3	0	3	0	
1	0	0	0	0	0	0	
--------------------

--------------------
Best Solution Found!
--------------------
Time: 0 hour(s), 0 minute(s), 0 second(s), 12 millisecond(s)

Fitness: 93612

0	3	0	0	2	1	0	
0	0	0	3	2	2	0	
0	0	2	0	1	0	0	
1	0	1	0	0	1	0	
0	0	0	3	0	2	0	
0	0	1	0	0	2	0	
0	2	0	3	1	0	0	
0	0	0	0	2	2	0	
0	0	0	0	0	0	0	
0	0	2	0	0	2	0	
1	0	1	0	1	0	0	
0	0	0	0	2	0	0	
0	3	0	3	0	0	0	
1	0	0	0	0	0	0	
2	0	2	1	2	2	0	
2	1	0	0	0	3	0	
0	1	0	0	0	0	0	
0	0	3	0	3	0	0	
0	2	0	3	1	0	0	
0	0	3	0	2	0	0	
2	0	0	0	0	0	0	
0	2	0	3	0	0	0	
0	0	0	0	0	1	0	
3	0	0	1	0	1	0	
0	1	0	0	1	1	0	
1	0	0	0	0	0	0	
0	1	3	3	0	3	0	
0	1	3	0	0	0	0	
1	0	0	2	0	0	0	
1	0	0	1	0	0	0	
2	0	3	0	1	0	0	
1	0	0	0	0	0	0	
0	2	3	3	1	1	0	
1	2	0	1	0	0	0	
2	0	3	3	0	1	0	
0	0	0	0	0	0	0	
0	0	0	2	2	0	0	
0	0	0	0	0	0	0	
2	0	3	0	0	1	0	
0	0	3	0	0	2	0	
0	0	3	1	0	1	0	
0	1	1	1	1	3	0	
0	2	0	0	0	0	0	
1	0	1	1	0	1	0	
3	2	0	0	1	0	0	
0	0	0	2	1	0	0	
2	1	0	2	0	1	0	
2	0	3	0	0	2	0	
3	0	0	2	3	0	0	
2	3	1	3	0	2	0	
0	2	0	0	3	0	0	
0	1	1	3	0	3	0	
2	0	3	0	2	0	0	
0	1	1	0	0	1	0	
0	2	1	3	0	0	0	
1	0	0	2	2	0	0	
0	3	0	0	0	2	0	
1	0	0	0	0	0	0	
0	0	0	2	0	1	0	
0	1	0	0	1	0	0	
1	0	0	3	1	0	0	
0	1	0	0	1	1	0	
2	3	2	0	0	0	0	
2	1	1	0	0	0	0	
0	2	2	3	2	3	0	
0	0	0	3	2	1	0	
2	0	0	0	3	0	0	
0	2	0	1	0	0	0	
0	0	1	0	0	0	0	
0	0	0	0	0	0	1	
0	0	1	0	2	0	0	
0	0	0	2	0	1	0	
0	0	0	0	0	2	0	
2	0	0	1	0	1	0	
3	2	0	1	0	3	2	
0	0	3	0	2	0	0	
0	1	0	0	3	0	0	
1	0	3	0	1	0	0	
2	0	0	0	0	0	0	
1	0	0	0	0	0	0	
0	3	3	1	0	1	0	
0	2	0	0	0	0	0	
0	0	0	3	1	3	0	
2	2	1	0	0	2	0	
0	0	0	0	0	0	0	
2	2	3	3	3	0	0	
3	0	1	0	0	0	0	
0	1	0	0	0	0	0	
1	1	0	0	2	1	0	
0	0	3	3	2	0	0	
0	0	3	0	0	0	0	
0	3	0	0	2	0	0	
0	1	1	0	1	0	0	
0	1	0	0	3	0	0	
0	0	0	3	1	0	0	
0	0	2	0	0	2	0	
3	2	0	3	0	2	0	
2	0	0	0	0	2	0	
3	1	0	0	2	0	0	
1	0	0	0	0	0	0	
--------------------

--------------------
Best Solution Found!
--------------------
Time: 0 hour(s), 0 minute(s), 0 second(s), 17 millisecond(s)

Fitness: 93612

0	3	0	0	2	1	0	
0	0	0	3	2	2	0	
0	0	2	0	1	0	0	
1	0	1	0	0	1	0	
0	0	0	3	0	2	0	
0	0	1	0	0	2	0	
0	2	0	3	1	0	0	
0	0	0	0	2	2	0	
0	0	0	0	0	0	0	
0	0	2	0	0	2	0	
1	0	1	0	1	0	0	
0	0	0	0	2	0	0	
0	3	0	3	0	0	0	
1	0	0	0	0	0	0	
2	0	2	1	2	2	0	
2	1	0	0	0	3	0	
0	1	0	0	0	0	0	
0	0	3	0	3	0	0	
0	2	0	3	1	0	0	
0	0	3	0	2	0	0	
2	0	0	0	0	0	0	
0	2	0	3	0	0	0	
0	0	0	0	0	1	0	
3	0	0	1	0	1	0	
0	1	0	0	1	1	0	
1	0	0	0	0	0	0	
0	1	3	3	0	3	0	
0	1	3	0	0	0	0	
1	0	0	2	0	0	0	
1	0	0	1	0	0	0	
2	0	3	0	1	0	0	
1	0	0	0	0	0	0	
0	2	3	3	1	1	0	
1	2	0	1	0	0	0	
2	0	3	3	0	1	0	
0	0	0	0	0	0	0	
0	0	0	2	2	0	0	
0	0	0	0	0	0	0	
2	0	3	0	0	1	0	
0	0	3	0	0	2	0	
0	0	3	1	0	1	0	
0	1	1	1	1	3	0	
0	2	0	0	0	0	0	
1	0	1	1	0	1	0	
3	2	0	0	1	0	0	
0	0	0	2	1	0	0	
2	1	0	2	0	1	0	
2	0	3	0	0	2	0	
3	0	0	2	3	0	0	
2	3	1	3	0	2	0	
0	2	0	0	3	0	0	
0	1	1	3	0	3	0	
2	0	3	0	2	0	0	
0	1	1	0	0	1	0	
0	2	1	3	0	0	0	
1	0	0	2	2	0	0	
0	3	0	0	0	2	0	
1	0	0	0	0	0	0	
0	0	0	2	0	1	0	
0	1	0	0	1	0	0	
1	0	0	3	1	0	0	
0	1	0	0	1	1	0	
2	3	2	0	0	0	0	
2	1	1	0	0	0	0	
0	2	2	3	2	3	0	
0	0	0	3	2	1	0	
2	0	0	0	3	0	0	
0	2	0	1	0	0	0	
0	0	1	0	0	0	0	
0	0	0	0	0	0	1	
0	0	1	0	2	0	0	
0	0	0	2	0	1	0	
0	0	0	0	0	2	0	
2	0	0	1	0	1	0	
3	2	0	1	0	3	2	
0	0	3	0	2	0	0	
0	1	0	0	3	0	0	
1	0	3	0	1	0	0	
2	0	0	0	0	0	0	
1	0	0	0	0	0	0	
0	3	3	1	0	1	0	
0	2	0	0	0	0	0	
0	0	0	3	1	3	0	
2	2	1	0	0	2	0	
0	0	0	0	0	0	0	
2	2	3	3	3	0	0	
3	0	1	0	0	0	0	
0	1	0	0	0	0	0	
1	1	0	0	2	1	0	
0	0	3	3	2	0	0	
0	0	3	0	0	0	0	
0	3	0	0	2	0	0	
0	1	1	0	1	0	0	
0	1	0	0	3	0	0	
0	0	0	3	1	0	0	
0	0	2	0	0	2	0	
3	2	0	3	0	2	0	
2	0	0	0	0	2	0	
3	1	0	0	2	0	0	
1	0	0	0	0	0	0	
--------------------

--------------------
Best Solution Found!
--------------------
Time: 0 hour(s), 0 minute(s), 0 second(s), 23 millisecond(s)

Fitness: 92639

0	0	0	0	1	0	0	
0	0	0	0	0	0	0	
0	2	2	2	0	0	0	
0	1	1	1	0	1	0	
1	0	0	0	2	1	0	
1	2	1	1	1	0	0	
0	2	0	3	0	0	0	
2	0	0	0	0	1	0	
1	3	0	2	1	0	0	
0	0	2	0	0	0	0	
0	3	1	0	2	0	0	
0	0	0	0	0	1	0	
1	1	0	3	0	3	0	
0	0	0	3	0	0	0	
0	0	2	0	1	0	0	
0	0	0	0	2	0	0	
1	0	0	0	0	3	0	
0	2	3	0	0	0	1	
1	0	0	3	0	1	0	
1	1	3	3	1	3	0	
0	1	0	0	0	0	0	
1	2	0	0	0	0	0	
0	0	0	2	0	3	0	
1	0	0	3	0	0	0	
0	0	0	0	0	0	0	
0	1	0	0	1	0	0	
0	0	3	0	0	1	0	
3	0	3	0	3	3	0	
2	0	0	0	0	2	0	
0	0	0	0	1	0	0	
0	0	3	1	2	2	0	
3	2	0	0	0	1	0	
2	1	3	0	0	0	0	
0	0	0	0	0	1	0	
0	0	3	3	0	0	0	
2	2	0	3	1	1	0	
0	0	0	3	0	0	0	
0	0	0	1	0	2	0	
0	2	3	0	0	0	0	
0	0	3	0	0	0	0	
1	1	3	1	3	0	0	
1	1	1	0	0	0	0	
0	0	0	0	0	0	0	
0	1	1	3	3	2	0	
0	0	0	0	0	0	0	
2	1	0	0	1	0	0	
1	0	0	0	2	0	0	
0	0	3	0	0	1	0	
0	3	0	2	0	2	0	
0	2	1	0	3	1	0	
1	1	0	2	1	2	0	
2	0	1	0	2	0	0	
3	3	3	3	0	3	0	
0	1	1	0	0	0	0	
0	0	1	0	0	2	0	
2	0	0	3	1	0	0	
0	0	0	0	2	2	0	
3	3	0	2	1	2	0	
2	0	0	0	0	0	0	
2	0	0	1	1	0	0	
2	1	0	3	2	0	0	
3	0	0	1	0	0	0	
1	0	2	0	2	0	0	
0	2	1	3	3	1	0	
2	0	2	0	0	0	0	
0	1	0	0	0	2	0	
0	0	0	0	0	0	0	
0	0	0	3	0	2	0	
0	0	1	0	2	1	0	
3	0	0	0	0	0	0	
2	0	1	0	1	0	0	
0	2	0	2	0	2	0	
2	2	0	1	0	1	0	
0	0	0	0	2	0	0	
2	0	0	0	1	2	0	
0	0	3	3	1	0	0	
0	1	0	0	2	0	0	
0	0	3	0	0	2	0	
2	0	0	0	0	2	0	
2	1	0	0	0	0	0	
0	0	3	0	0	0	0	
0	2	0	0	0	0	2	
1	0	0	0	0	1	0	
0	3	1	1	0	0	0	
0	0	0	0	3	0	0	
0	1	3	0	0	0	0	
0	0	1	3	0	0	0	
2	1	0	3	0	0	0	
0	0	0	0	0	0	0	
0	2	3	3	0	3	0	
1	2	3	0	2	0	0	
3	0	0	1	3	1	0	
0	3	1	0	2	1	0	
0	0	0	1	0	0	0	
0	0	0	0	2	0	0	
0	0	2	2	0	0	0	
0	0	0	0	2	0	0	
0	2	0	0	1	1	0	
0	0	0	0	2	0	0	
2	0	0	3	0	1	0	
--------------------

--------------------
Best Solution Found!
--------------------
Time: 0 hour(s), 0 minute(s), 0 second(s), 36 millisecond(s)

Fitness: 92613

0	0	3	0	2	0	2	
0	0	0	0	0	2	0	
0	2	0	2	1	0	0	
0	1	0	1	3	0	0	
1	0	1	0	0	1	0	
1	2	3	1	0	0	0	
0	2	0	3	0	0	0	
2	0	1	0	0	2	0	
1	3	3	2	0	1	0	
0	0	3	0	0	1	0	
0	3	0	0	0	0	0	
0	0	0	0	2	0	0	
1	1	0	3	1	1	0	
0	0	0	3	0	0	0	
0	0	3	0	2	0	0	
0	0	3	0	0	3	0	
1	0	0	0	0	1	0	
0	2	0	0	1	0	0	
1	0	3	3	0	0	0	
1	1	3	3	3	0	0	
0	1	0	0	0	0	0	
1	2	0	0	0	0	0	
0	0	0	2	0	1	0	
1	0	0	3	0	0	0	
0	0	1	0	0	0	0	
0	1	0	0	0	2	0	
0	0	1	0	2	0	0	
3	0	0	0	2	1	0	
2	0	1	0	3	1	0	
0	0	1	0	2	0	0	
0	0	0	1	2	0	0	
3	2	0	0	0	1	0	
2	1	2	0	2	2	0	
0	0	2	0	1	0	0	
0	0	0	3	0	2	0	
2	2	0	3	1	0	0	
0	0	1	3	0	0	0	
0	0	0	1	0	0	0	
0	2	0	0	2	0	0	
0	0	1	0	2	0	0	
1	1	0	1	0	2	0	
1	1	1	0	0	1	0	
0	0	0	0	0	0	1	
0	1	0	3	1	0	0	
0	0	0	0	0	0	0	
2	1	0	0	0	0	0	
1	0	3	0	0	1	0	
0	0	2	0	0	2	0	
0	3	3	2	1	0	0	
0	2	0	0	0	0	0	
1	1	1	2	1	0	0	
2	0	0	0	0	2	0	
3	3	0	3	0	0	0	
0	1	0	0	0	0	0	
0	0	3	0	1	1	0	
2	0	0	3	3	0	0	
0	0	0	0	2	1	0	
3	3	0	2	2	1	0	
2	0	0	0	0	0	0	
2	0	0	1	0	1	0	
2	1	0	3	2	2	0	
3	0	0	1	0	0	0	
1	0	1	0	1	2	0	
0	2	2	3	0	0	0	
2	0	0	0	3	0	0	
0	1	0	0	0	0	0	
0	0	0	0	1	0	0	
0	0	0	3	1	0	0	
0	0	0	0	0	0	0	
3	0	1	0	2	0	0	
2	0	0	0	0	3	0	
0	2	3	2	0	0	0	
2	2	3	1	0	0	0	
0	0	0	0	0	0	0	
2	0	0	0	0	2	0	
0	0	3	3	2	1	0	
0	1	3	0	0	0	0	
0	0	0	0	1	1	0	
2	0	0	0	0	3	0	
2	1	3	0	0	0	0	
0	0	0	0	0	0	0	
0	2	0	0	3	2	0	
1	0	3	0	2	3	0	
0	3	1	1	3	2	0	
0	0	3	0	1	0	0	
0	1	0	0	0	3	0	
0	0	1	3	0	0	0	
2	1	0	3	2	0	0	
0	0	0	0	1	1	0	
0	2	2	3	1	0	0	
1	2	2	0	0	0	0	
3	0	0	1	0	0	0	
0	3	0	0	0	0	0	
0	0	0	1	0	2	0	
0	0	0	0	0	3	0	
0	0	0	2	0	3	0	
0	0	0	0	1	2	0	
0	2	1	0	0	0	0	
0	0	0	0	0	0	0	
2	0	0	3	0	1	0	
--------------------

--------------------
Best Solution Found!
--------------------
Time: 0 hour(s), 0 minute(s), 0 second(s), 38 millisecond(s)

Fitness: 92613

0	0	3	0	2	0	2	
0	0	0	0	0	2	0	
0	2	0	2	1	0	0	
0	1	0	1	3	0	0	
1	0	1	0	0	1	0	
1	2	3	1	0	0	0	
0	2	0	3	0	0	0	
2	0	1	0	0	2	0	
1	3	3	2	0	1	0	
0	0	3	0	0	1	0	
0	3	0	0	0	0	0	
0	0	0	0	2	0	0	
1	1	0	3	1	1	0	
0	0	0	3	0	0	0	
0	0	3	0	2	0	0	
0	0	3	0	0	3	0	
1	0	0	0	0	1	0	
0	2	0	0	1	0	0	
1	0	3	3	0	0	0	
1	1	3	3	3	0	0	
0	1	0	0	0	0	0	
1	2	0	0	0	0	0	
0	0	0	2	0	1	0	
1	0	0	3	0	0	0	
0	0	1	0	0	0	0	
0	1	0	0	0	2	0	
0	0	1	0	2	0	0	
3	0	0	0	2	1	0	
2	0	1	0	3	1	0	
0	0	1	0	2	0	0	
0	0	0	1	2	0	0	
3	2	0	0	0	1	0	
2	1	2	0	2	2	0	
0	0	2	0	1	0	0	
0	0	0	3	0	2	0	
2	2	0	3	1	0	0	
0	0	1	3	0	0	0	
0	0	0	1	0	0	0	
0	2	0	0	2	0	0	
0	0	1	0	2	0	0	
1	1	0	1	0	2	0	
1	1	1	0	0	1	0	
0	0	0	0	0	0	1	
0	1	0	3	1	0	0	
0	0	0	0	0	0	0	
2	1	0	0	0	0	0	
1	0	3	0	0	1	0	
0	0	2	0	0	2	0	
0	3	3	2	1	0	0	
0	2	0	0	0	0	0	
1	1	1	2	1	0	0	
2	0	0	0	0	2	0	
3	3	0	3	0	0	0	
0	1	0	0	0	0	0	
0	0	3	0	1	1	0	
2	0	0	3	3	0	0	
0	0	0	0	2	1	0	
3	3	0	2	2	1	0	
2	0	0	0	0	0	0	
2	0	0	1	0	1	0	
2	1	0	3	2	2	0	
3	0	0	1	0	0	0	
1	0	1	0	1	2	0	
0	2	2	3	0	0	0	
2	0	0	0	3	0	0	
0	1	0	0	0	0	0	
0	0	0	0	1	0	0	
0	0	0	3	1	0	0	
0	0	0	0	0	0	0	
3	0	1	0	2	0	0	
2	0	0	0	0	3	0	
0	2	3	2	0	0	0	
2	2	3	1	0	0	0	
0	0	0	0	0	0	0	
2	0	0	0	0	2	0	
0	0	3	3	2	1	0	
0	1	3	0	0	0	0	
0	0	0	0	1	1	0	
2	0	0	0	0	3	0	
2	1	3	0	0	0	0	
0	0	0	0	0	0	0	
0	2	0	0	3	2	0	
1	0	3	0	2	3	0	
0	3	1	1	3	2	0	
0	0	3	0	1	0	0	
0	1	0	0	0	3	0	
0	0	1	3	0	0	0	
2	1	0	3	2	0	0	
0	0	0	0	1	1	0	
0	2	2	3	1	0	0	
1	2	2	0	0	0	0	
3	0	0	1	0	0	0	
0	3	0	0	0	0	0	
0	0	0	1	0	2	0	
0	0	0	0	0	3	0	
0	0	0	2	0	3	0	
0	0	0	0	1	2	0	
0	2	1	0	0	0	0	
0	0	0	0	0	0	0	
2	0	0	3	0	1	0	
--------------------

--------------------
Best Solution Found!
--------------------
Time: 0 hour(s), 0 minute(s), 0 second(s), 148 millisecond(s)

Fitness: 92606

2	1	0	0	0	1	0	
2	0	3	0	0	0	0	
0	0	1	0	0	0	0	
0	0	0	0	0	0	0	
2	0	0	0	0	2	0	
2	0	0	0	0	0	0	
0	0	3	0	0	0	0	
0	0	0	1	0	2	0	
3	0	0	0	0	1	0	
0	0	0	3	0	0	0	
0	2	1	0	0	0	0	
0	0	0	2	1	1	0	
1	3	0	0	0	0	0	
3	0	2	3	1	1	0	
0	2	0	3	1	2	0	
0	0	0	0	0	3	0	
3	2	0	0	0	0	0	
1	0	3	0	0	0	0	
0	1	0	1	0	0	0	
0	0	1	0	3	0	0	
1	1	1	1	3	0	0	
3	0	2	0	1	0	0	
0	0	0	0	1	1	0	
1	1	0	2	2	0	0	
0	0	1	3	2	0	0	
0	0	0	3	0	2	0	
0	3	3	0	2	0	0	
1	0	1	3	0	3	0	
0	0	0	1	0	0	0	
0	0	1	1	0	0	0	
2	0	3	0	0	0	0	
0	0	3	0	1	0	0	
1	2	1	3	0	2	0	
0	2	3	0	0	0	0	
0	0	0	0	0	2	0	
0	0	3	2	1	0	0	
2	3	0	0	0	1	0	
0	0	3	2	0	1	0	
0	2	0	3	0	1	0	
3	1	0	2	0	0	0	
1	0	0	3	2	0	2	
0	1	0	0	0	2	0	
0	0	0	1	2	3	0	
0	0	0	0	0	0	0	
0	0	3	0	0	1	0	
0	1	0	3	0	0	0	
0	2	0	0	0	3	0	
2	0	0	3	2	0	0	
0	1	0	0	3	0	0	
2	0	0	0	0	2	0	
1	0	0	0	0	2	0	
2	1	0	0	0	2	0	
2	1	0	3	3	0	0	
0	0	3	0	2	3	0	
0	2	0	3	1	1	1	
0	0	3	1	0	0	0	
0	0	2	3	0	1	0	
2	0	0	0	2	1	0	
0	2	1	0	3	0	0	
0	3	0	0	0	0	0	
1	1	0	3	0	0	0	
0	0	1	2	0	1	0	
0	2	0	0	0	0	0	
0	0	0	2	2	0	0	
3	0	0	3	1	1	0	
2	1	0	1	1	1	0	
0	0	1	0	3	0	0	
0	3	0	0	0	0	0	
0	3	0	0	0	0	0	
0	1	3	0	1	2	0	
2	0	3	3	0	0	0	
0	1	0	0	3	0	0	
1	1	0	0	2	1	0	
2	0	1	1	1	1	0	
0	0	3	0	0	0	0	
0	1	0	0	0	0	0	
0	0	2	0	0	0	0	
2	1	2	0	0	0	0	
1	0	0	0	0	0	0	
0	0	0	0	1	0	0	
0	0	0	0	0	0	0	
0	2	0	0	0	1	0	
0	3	0	0	0	2	0	
0	2	0	0	1	0	0	
1	0	1	0	0	1	0	
2	0	0	0	0	0	0	
0	2	0	3	0	3	0	
0	1	0	1	0	0	0	
1	0	2	3	1	0	0	
1	0	3	0	2	0	0	
1	2	3	0	2	3	0	
1	0	0	0	2	0	0	
0	0	0	2	1	2	0	
0	0	0	1	0	0	0	
0	0	1	0	2	2	0	
3	0	0	0	0	0	0	
2	2	3	3	2	0	0	
2	0	0	0	2	2	0	
0	2	1	0	1	0	0	
0	0	0	0	2	0	0	
--------------------

--------------------
Best Solution Found!
--------------------
Time: 0 hour(s), 0 minute(s), 0 second(s), 170 millisecond(s)

Fitness: 91599

1	0	0	3	0	2	0	
0	2	3	3	2	1	0	
0	0	2	3	0	0	0	
3	3	0	3	1	2	0	
1	0	0	1	0	0	0	
0	1	2	0	0	1	0	
0	2	3	2	2	3	0	
0	0	0	0	0	2	0	
2	0	3	3	0	0	0	
0	0	0	0	2	0	0	
0	0	0	1	2	1	0	
0	0	0	3	0	0	0	
0	0	0	0	3	0	0	
0	0	1	0	2	0	0	
2	2	0	0	1	1	0	
0	0	0	3	0	0	0	
0	3	0	1	2	3	2	
0	1	1	0	0	0	0	
0	0	0	0	0	0	0	
1	1	0	3	2	1	0	
0	0	0	0	0	1	0	
1	0	3	2	0	0	0	
0	0	1	2	0	0	0	
2	0	0	1	0	2	0	
0	1	2	0	0	0	0	
0	0	1	0	0	1	0	
0	0	1	0	0	0	0	
2	0	0	3	1	3	0	
3	2	0	2	1	1	0	
0	3	0	1	0	1	0	
1	2	0	0	0	2	0	
0	3	0	0	0	0	0	
2	0	3	0	0	3	0	
2	0	0	0	2	0	0	
0	0	1	3	1	0	0	
0	0	0	0	0	0	0	
1	0	1	0	0	0	0	
1	1	1	0	0	1	0	
2	2	0	1	3	1	0	
0	0	0	3	0	0	0	
0	2	0	3	0	0	0	
0	0	3	0	2	2	0	
3	0	3	1	3	2	0	
0	0	0	0	0	0	0	
1	2	0	1	0	0	0	
0	0	0	0	1	2	0	
3	0	0	0	3	0	0	
0	2	1	0	0	1	0	
2	0	3	0	0	0	0	
2	1	0	0	2	0	0	
0	3	0	3	0	0	0	
0	0	0	2	1	2	0	
1	0	3	3	0	0	0	
0	1	3	3	3	0	0	
0	0	2	0	0	0	0	
1	0	0	0	0	0	0	
1	0	0	0	0	0	0	
0	2	0	3	0	2	0	
1	0	0	2	0	0	0	
3	1	0	0	2	1	0	
0	0	3	3	0	1	0	
0	0	0	0	0	1	0	
0	1	0	0	2	1	0	
2	1	0	0	0	0	0	
0	0	1	1	0	0	0	
0	0	0	0	0	2	0	
2	1	0	0	1	0	0	
0	1	2	0	0	1	0	
0	0	0	0	1	0	1	
2	0	3	2	2	0	0	
0	2	0	0	1	0	0	
2	0	0	0	0	3	0	
0	1	0	0	0	0	0	
0	0	0	0	2	0	0	
0	0	3	0	2	0	0	
2	0	1	0	0	0	0	
0	0	0	1	2	1	0	
1	1	3	0	0	0	0	
3	0	0	0	3	0	0	
0	2	3	3	0	0	0	
2	3	0	0	1	0	0	
1	3	0	0	0	3	0	
0	0	0	0	0	0	0	
0	2	1	0	0	0	0	
0	0	1	0	0	0	0	
1	0	0	0	0	1	0	
2	0	0	0	0	2	0	
2	0	2	3	1	2	0	
0	0	0	0	3	0	0	
0	1	1	0	1	2	0	
0	2	0	0	1	3	0	
3	0	0	1	1	0	0	
2	1	3	0	0	0	0	
0	2	3	3	0	0	0	
0	0	0	2	0	0	0	
1	2	0	0	0	0	0	
0	1	3	0	1	0	0	
0	0	0	0	1	0	0	
0	0	1	0	0	2	0	
0	1	0	0	2	0	0	
--------------------

--------------------
Best Solution Found!
--------------------
Time: 0 hour(s), 0 minute(s), 0 second(s), 481 millisecond(s)

Fitness: 91593

1	0	0	0	1	0	0	
1	0	1	0	0	2	0	
0	0	0	1	2	0	0	
0	2	0	3	0	0	0	
0	0	0	0	1	0	0	
0	1	3	3	0	1	0	
1	2	1	1	0	2	0	
0	0	0	0	1	0	0	
0	0	3	0	0	0	2	
2	0	2	0	0	2	0	
0	0	0	0	1	3	0	
0	1	3	0	0	0	0	
0	3	0	0	2	2	0	
1	2	1	0	0	3	0	
2	0	0	2	0	0	0	
2	0	0	0	2	3	0	
1	0	1	2	2	0	1	
1	0	0	0	3	0	0	
0	0	0	0	0	3	0	
0	0	0	0	1	0	0	
0	0	0	2	3	1	0	
2	0	3	3	2	1	0	
0	0	0	0	0	0	0	
2	0	0	0	1	0	0	
2	0	3	2	0	0	0	
2	0	0	0	0	0	0	
0	2	0	3	0	0	0	
0	1	0	0	1	0	0	
2	2	0	2	0	0	0	
0	3	0	3	0	0	0	
0	0	0	3	0	2	0	
0	1	3	0	2	0	0	
0	0	0	0	0	2	0	
3	1	2	0	1	1	0	
1	0	1	0	0	0	0	
1	0	0	0	0	2	0	
3	0	2	0	2	0	0	
1	0	3	2	3	0	0	
0	0	0	3	2	3	0	
2	2	1	3	1	0	0	
0	0	0	0	0	2	0	
0	1	0	0	0	0	0	
0	0	3	0	1	1	0	
3	1	0	3	0	0	0	
0	3	0	3	0	0	0	
0	0	2	3	0	0	0	
0	1	0	1	2	0	0	
0	3	1	0	1	0	0	
0	0	0	0	0	0	0	
0	0	0	2	2	1	0	
0	0	0	3	0	1	0	
2	2	0	1	3	0	0	
0	0	0	0	0	0	0	
2	0	3	1	2	0	0	
0	1	0	0	0	0	0	
0	1	0	3	0	1	0	
1	0	0	0	0	0	0	
1	2	2	0	1	1	0	
0	1	3	0	0	1	0	
0	0	3	0	0	3	0	
3	1	2	0	1	2	0	
0	0	1	0	0	0	0	
2	0	0	0	0	0	0	
0	3	0	1	0	0	0	
0	0	3	3	3	2	0	
0	2	0	3	0	3	0	
0	1	3	0	0	0	0	
2	0	0	0	0	0	0	
0	0	0	1	3	0	0	
0	1	0	0	0	0	0	
0	0	0	2	0	0	0	
1	2	0	0	1	2	0	
0	0	0	0	2	0	0	
0	0	0	0	0	1	0	
0	0	0	0	0	1	0	
1	0	1	0	2	1	0	
0	0	0	3	2	0	0	
0	2	0	0	0	0	0	
2	0	3	0	0	1	0	
0	0	0	3	2	1	0	
1	2	3	0	0	0	0	
2	0	1	0	0	1	0	
0	2	0	3	0	1	0	
0	0	0	0	1	2	0	
2	0	0	0	0	0	0	
2	0	0	0	0	1	0	
3	0	3	0	0	0	0	
0	0	3	1	0	0	0	
2	0	1	3	1	0	0	
0	2	1	0	2	2	0	
3	0	0	0	0	0	0	
3	1	1	0	3	0	0	
0	1	0	0	0	0	0	
1	3	1	1	1	0	0	
0	2	0	0	0	2	0	
0	2	0	1	0	1	0	
0	3	1	1	2	2	0	
1	0	0	0	0	0	0	
0	1	3	0	0	0	0	
0	1	0	3	0	0	0	
--------------------

--------------------
Best Solution Found!
--------------------
Time: 0 hour(s), 0 minute(s), 0 second(s), 484 millisecond(s)

Fitness: 91593

1	0	0	0	1	0	0	
1	0	1	0	0	2	0	
0	0	0	1	2	0	0	
0	2	0	3	0	0	0	
0	0	0	0	1	0	0	
0	1	3	3	0	1	0	
1	2	1	1	0	2	0	
0	0	0	0	1	0	0	
0	0	3	0	0	0	2	
2	0	2	0	0	2	0	
0	0	0	0	1	3	0	
0	1	3	0	0	0	0	
0	3	0	0	2	2	0	
1	2	1	0	0	3	0	
2	0	0	2	0	0	0	
2	0	0	0	2	3	0	
1	0	1	2	2	0	1	
1	0	0	0	3	0	0	
0	0	0	0	0	3	0	
0	0	0	0	1	0	0	
0	0	0	2	3	1	0	
2	0	3	3	2	1	0	
0	0	0	0	0	0	0	
2	0	0	0	1	0	0	
2	0	3	2	0	0	0	
2	0	0	0	0	0	0	
0	2	0	3	0	0	0	
0	1	0	0	1	0	0	
2	2	0	2	0	0	0	
0	3	0	3	0	0	0	
0	0	0	3	0	2	0	
0	1	3	0	2	0	0	
0	0	0	0	0	2	0	
3	1	2	0	1	1	0	
1	0	1	0	0	0	0	
1	0	0	0	0	2	0	
3	0	2	0	2	0	0	
1	0	3	2	3	0	0	
0	0	0	3	2	3	0	
2	2	1	3	1	0	0	
0	0	0	0	0	2	0	
0	1	0	0	0	0	0	
0	0	3	0	1	1	0	
3	1	0	3	0	0	0	
0	3	0	3	0	0	0	
0	0	2	3	0	0	0	
0	1	0	1	2	0	0	
0	3	1	0	1	0	0	
0	0	0	0	0	0	0	
0	0	0	2	2	1	0	
0	0	0	3	0	1	0	
2	2	0	1	3	0	0	
0	0	0	0	0	0	0	
2	0	3	1	2	0	0	
0	1	0	0	0	0	0	
0	1	0	3	0	1	0	
1	0	0	0	0	0	0	
1	2	2	0	1	1	0	
0	1	3	0	0	1	0	
0	0	3	0	0	3	0	
3	1	2	0	1	2	0	
0	0	1	0	0	0	0	
2	0	0	0	0	0	0	
0	3	0	1	0	0	0	
0	0	3	3	3	2	0	
0	2	0	3	0	3	0	
0	1	3	0	0	0	0	
2	0	0	0	0	0	0	
0	0	0	1	3	0	0	
0	1	0	0	0	0	0	
0	0	0	2	0	0	0	
1	2	0	0	1	2	0	
0	0	0	0	2	0	0	
0	0	0	0	0	1	0	
0	0	0	0	0	1	0	
1	0	1	0	2	1	0	
0	0	0	3	2	0	0	
0	2	0	0	0	0	0	
2	0	3	0	0	1	0	
0	0	0	3	2	1	0	
1	2	3	0	0	0	0	
2	0	1	0	0	1	0	
0	2	0	3	0	1	0	
0	0	0	0	1	2	0	
2	0	0	0	0	0	0	
2	0	0	0	0	1	0	
3	0	3	0	0	0	0	
0	0	3	1	0	0	0	
2	0	1	3	1	0	0	
0	2	1	0	2	2	0	
3	0	0	0	0	0	0	
3	1	1	0	3	0	0	
0	1	0	0	0	0	0	
1	3	1	1	1	0	0	
0	2	0	0	0	2	0	
0	2	0	1	0	1	0	
0	3	1	1	2	2	0	
1	0	0	0	0	0	0	
0	1	3	0	0	0	0	
0	1	0	3	0	0	0	
--------------------

--------------------
Best Solution Found!
--------------------
Time: 0 hour(s), 0 minute(s), 0 second(s), 550 millisecond(s)

Fitness: 91589

0	0	0	1	0	0	0	
0	1	0	0	0	1	0	
0	0	1	0	3	0	0	
2	1	3	0	2	0	0	
0	0	3	3	0	0	0	
0	2	0	0	0	1	0	
3	1	1	2	1	2	0	
0	0	0	0	0	0	0	
0	0	1	3	0	0	0	
0	0	1	0	3	0	0	
0	0	0	0	0	1	0	
0	2	0	3	0	0	0	
2	2	0	0	0	1	0	
1	3	0	2	1	3	0	
2	0	3	3	0	0	0	
0	0	3	1	0	0	0	
0	1	1	0	0	0	0	
0	0	0	0	3	0	0	
0	0	0	0	0	0	0	
0	2	0	0	2	1	0	
2	1	0	0	0	1	0	
0	2	1	0	0	3	0	
0	3	0	1	2	1	0	
0	1	0	0	2	1	0	
0	0	0	0	0	0	0	
3	2	0	0	3	1	0	
1	1	3	0	1	1	0	
0	2	0	0	0	0	0	
1	0	0	2	0	0	0	
1	2	0	2	2	0	0	
0	1	0	2	1	0	0	
2	2	1	3	3	0	0	
0	0	0	0	0	0	0	
2	0	0	0	0	0	0	
0	0	3	1	0	1	0	
2	0	3	2	2	2	0	
2	3	0	0	0	0	0	
1	1	0	1	0	3	0	
0	3	3	3	0	0	0	
1	1	1	0	1	2	0	
0	0	0	3	1	2	0	
0	0	0	0	0	0	0	
0	0	1	3	1	0	0	
1	0	0	0	1	3	0	
0	0	1	3	1	2	0	
2	0	0	0	2	2	0	
3	0	3	0	2	0	0	
0	1	0	0	1	0	0	
0	2	0	0	0	1	0	
1	2	3	0	0	0	0	
1	0	0	1	0	0	0	
2	2	0	3	2	0	0	
0	0	0	0	0	0	0	
3	0	0	0	0	0	0	
1	0	0	0	0	2	0	
2	0	3	0	0	0	0	
0	2	1	3	0	0	0	
0	0	1	0	0	1	0	
2	0	0	0	3	3	1	
0	2	0	3	0	0	0	
1	1	2	3	0	3	0	
0	0	3	0	0	0	0	
2	0	0	0	0	2	0	
0	1	0	0	2	3	0	
0	3	0	0	1	1	0	
1	2	0	0	0	0	0	
3	0	3	0	2	0	0	
0	0	0	0	0	0	0	
0	0	0	0	0	0	0	
2	0	0	0	1	1	0	
0	2	0	1	2	1	0	
1	0	3	1	1	1	0	
0	1	2	0	0	2	0	
2	0	0	0	1	0	0	
0	0	0	0	0	0	0	
1	0	0	0	0	0	0	
0	0	0	0	1	0	2	
0	0	0	0	0	0	0	
0	0	0	3	0	0	0	
0	0	0	0	0	2	0	
0	0	1	3	0	0	0	
1	1	2	1	2	0	0	
1	0	0	0	2	2	0	
0	0	0	0	0	0	0	
0	1	1	2	2	2	0	
0	0	2	3	0	0	0	
0	0	3	3	1	2	0	
0	1	2	1	0	0	0	
2	1	0	3	0	0	0	
0	0	0	0	0	0	0	
2	3	3	1	0	0	0	
0	0	0	0	0	0	0	
3	3	0	3	0	0	0	
0	0	0	0	2	1	0	
0	0	0	0	0	0	0	
3	0	0	0	1	0	0	
0	0	3	0	3	2	0	
0	0	1	3	0	1	0	
2	0	2	2	0	2	0	
0	0	3	0	2	0	0	
--------------------

--------------------
Best Solution Found!
--------------------
Time: 0 hour(s), 0 minute(s), 1 second(s), 355 millisecond(s)

Fitness: 90602

2	3	1	0	0	1	0	
0	1	0	0	0	2	0	
0	2	3	3	2	1	0	
1	0	0	0	0	2	0	
3	0	1	0	0	0	0	
0	0	0	0	1	0	2	
0	0	0	2	1	0	0	
0	3	1	3	2	1	0	
2	1	0	2	1	1	0	
1	0	1	1	0	0	0	
3	0	0	0	0	0	0	
0	0	3	0	0	2	0	
0	0	0	0	2	0	0	
1	0	0	3	0	2	0	
1	0	0	0	1	1	1	
2	0	0	0	2	0	0	
0	0	0	3	0	0	0	
0	0	3	0	0	0	0	
0	1	1	0	3	0	0	
1	0	0	1	0	2	0	
1	0	0	3	0	0	0	
0	1	0	0	3	3	0	
2	0	0	3	0	2	0	
0	0	3	0	0	1	0	
0	0	0	3	0	0	0	
0	0	2	1	0	3	0	
2	1	2	0	1	0	0	
0	0	2	1	0	0	0	
0	2	0	0	0	0	0	
0	2	0	0	0	3	0	
3	0	0	0	3	0	0	
0	0	0	3	2	0	0	
1	0	0	0	0	0	0	
0	2	3	3	0	0	0	
1	1	1	0	0	2	0	
0	0	0	0	1	1	0	
2	2	0	0	1	0	0	
0	2	0	0	2	0	0	
1	0	0	1	0	1	0	
2	0	0	3	0	0	0	
2	0	0	0	0	0	0	
0	0	1	0	0	0	0	
0	0	1	0	0	0	0	
0	0	0	1	2	1	0	
0	2	0	0	0	2	0	
3	2	3	3	0	0	0	
0	0	0	0	0	0	0	
0	3	0	0	0	0	0	
0	2	0	0	0	0	0	
3	1	0	0	0	0	0	
2	0	1	1	2	1	0	
0	1	3	0	0	0	0	
3	2	1	0	2	0	0	
1	0	3	2	2	2	0	
0	3	0	3	1	1	0	
0	0	0	3	2	0	0	
0	0	1	0	0	0	0	
0	0	0	0	3	0	0	
0	3	3	2	2	0	0	
2	1	0	2	0	3	0	
0	0	3	0	2	0	0	
0	3	0	0	0	2	0	
0	0	0	0	0	0	0	
0	0	3	0	0	0	0	
0	1	0	1	1	0	0	
2	0	1	0	0	0	0	
0	0	0	1	3	1	0	
2	0	0	0	0	2	0	
0	0	0	0	3	0	0	
1	2	1	0	1	3	0	
0	0	0	0	2	0	0	
0	0	3	0	0	1	0	
0	0	0	3	0	0	0	
0	0	3	0	0	1	0	
2	0	3	1	1	2	0	
0	0	1	0	2	0	0	
1	2	0	3	3	1	0	
0	0	2	0	0	0	0	
0	1	0	3	0	1	0	
0	1	3	0	0	2	0	
0	0	0	0	1	0	0	
1	0	0	0	2	3	0	
2	0	0	0	0	0	0	
0	2	0	3	0	1	0	
0	0	0	2	0	0	0	
0	2	3	3	0	2	0	
2	0	1	0	2	0	0	
0	1	2	0	0	0	0	
1	0	3	0	0	0	0	
2	1	0	2	0	0	0	
0	1	0	0	1	0	0	
0	0	0	0	1	0	0	
0	2	3	1	1	2	0	
1	1	0	3	0	1	0	
0	0	0	0	0	0	0	
2	3	0	0	1	1	0	
0	1	0	0	0	0	0	
1	1	2	2	0	3	0	
2	0	0	0	1	0	0	
3	2	0	3	0	0	0	
--------------------

--------------------
Best Solution Found!
--------------------
Time: 0 hour(s), 0 minute(s), 3 second(s), 464 millisecond(s)

Fitness: 90588

0	0	0	3	0	1	0	
1	0	2	0	0	0	0	
0	2	0	1	0	1	0	
0	0	1	1	0	0	0	
2	0	0	0	0	1	0	
0	1	0	0	0	0	0	
0	3	0	0	0	0	0	
1	0	0	0	0	0	0	
1	0	1	0	0	1	0	
0	0	0	0	0	2	2	
1	1	3	3	0	3	0	
0	0	0	3	1	0	0	
0	0	0	0	0	0	0	
3	0	1	0	0	0	0	
0	0	3	0	1	0	0	
1	3	0	3	0	0	0	
0	2	3	0	0	1	0	
2	0	0	0	0	0	0	
3	1	3	1	0	2	0	
0	1	1	2	2	1	0	
2	1	0	3	1	2	0	
0	1	2	0	0	0	0	
0	0	0	0	1	2	0	
0	2	3	0	1	0	0	
1	0	0	3	3	1	0	
2	1	0	0	1	0	0	
0	1	3	0	2	0	0	
0	0	0	0	2	0	0	
3	0	0	0	0	0	0	
0	0	1	2	3	2	0	
3	1	3	0	0	0	0	
1	0	0	0	2	0	0	
2	0	3	2	2	0	0	
0	0	0	3	0	2	0	
2	2	1	3	0	0	0	
0	1	0	0	3	2	0	
1	0	0	0	1	1	0	
0	1	0	0	0	0	0	
0	0	1	0	0	0	0	
3	2	0	0	0	0	0	
0	1	0	0	0	1	1	
2	2	0	1	0	1	0	
2	2	2	2	1	0	0	
0	0	0	1	0	1	0	
0	0	0	0	0	0	0	
0	2	0	0	0	0	0	
0	2	1	0	0	0	0	
0	2	0	0	0	0	0	
0	0	3	0	0	0	0	
0	3	0	3	0	3	0	
2	0	0	0	2	0	0	
0	2	3	3	2	2	0	
0	0	1	2	0	2	0	
0	1	0	0	0	2	0	
0	0	0	0	2	0	0	
0	3	0	0	1	0	0	
2	0	2	3	3	2	0	
2	0	1	0	0	0	0	
0	0	3	3	2	1	0	
0	0	0	1	1	3	0	
0	2	0	0	1	3	0	
0	0	0	0	1	0	0	
3	0	0	0	0	0	0	
1	0	3	1	0	2	0	
0	2	0	0	2	2	0	
2	0	0	1	2	0	0	
0	0	3	0	2	0	0	
1	0	0	0	1	0	0	
1	3	1	0	1	1	0	
0	0	0	0	0	0	0	
1	0	3	1	2	3	0	
0	0	0	0	3	0	0	
0	1	0	1	3	0	0	
0	0	0	0	0	0	0	
0	0	0	2	0	0	0	
1	0	2	1	0	0	0	
3	0	0	0	1	1	0	
0	0	3	0	0	0	0	
1	0	0	0	1	1	0	
2	3	3	3	0	0	0	
0	0	0	3	0	0	0	
0	0	3	0	0	1	0	
0	0	3	3	0	0	0	
0	1	1	3	2	2	0	
2	1	0	2	0	0	0	
2	0	0	0	0	1	0	
0	1	1	3	0	2	0	
0	2	0	0	0	0	0	
1	0	0	3	2	0	0	
0	0	0	3	0	3	0	
0	0	0	2	2	3	0	
0	0	0	3	1	0	0	
0	0	2	0	0	0	0	
0	3	0	0	0	0	0	
2	0	0	0	0	1	0	
0	0	1	0	0	0	0	
2	2	0	0	0	0	0	
2	2	0	0	3	0	0	
0	1	1	0	2	0	0	
1	0	0	0	0	1	0	
--------------------

--------------------
Best Solution Found!
--------------------
Time: 0 hour(s), 0 minute(s), 3 second(s), 468 millisecond(s)

Fitness: 90588

0	0	0	3	0	1	0	
1	0	2	0	0	0	0	
0	2	0	1	0	1	0	
0	0	1	1	0	0	0	
2	0	0	0	0	1	0	
0	1	0	0	0	0	0	
0	3	0	0	0	0	0	
1	0	0	0	0	0	0	
1	0	1	0	0	1	0	
0	0	0	0	0	2	2	
1	1	3	3	0	3	0	
0	0	0	3	1	0	0	
0	0	0	0	0	0	0	
3	0	1	0	0	0	0	
0	0	3	0	1	0	0	
1	3	0	3	0	0	0	
0	2	3	0	0	1	0	
2	0	0	0	0	0	0	
3	1	3	1	0	2	0	
0	1	1	2	2	1	0	
2	1	0	3	1	2	0	
0	1	2	0	0	0	0	
0	0	0	0	1	2	0	
0	2	3	0	1	0	0	
1	0	0	3	3	1	0	
2	1	0	0	1	0	0	
0	1	3	0	2	0	0	
0	0	0	0	2	0	0	
3	0	0	0	0	0	0	
0	0	1	2	3	2	0	
3	1	3	0	0	0	0	
1	0	0	0	2	0	0	
2	0	3	2	2	0	0	
0	0	0	3	0	2	0	
2	2	1	3	0	0	0	
0	1	0	0	3	2	0	
1	0	0	0	1	1	0	
0	1	0	0	0	0	0	
0	0	1	0	0	0	0	
3	2	0	0	0	0	0	
0	1	0	0	0	1	1	
2	2	0	1	0	1	0	
2	2	2	2	1	0	0	
0	0	0	1	0	1	0	
0	0	0	0	0	0	0	
0	2	0	0	0	0	0	
0	2	1	0	0	0	0	
0	2	0	0	0	0	0	
0	0	3	0	0	0	0	
0	3	0	3	0	3	0	
2	0	0	0	2	0	0	
0	2	3	3	2	2	0	
0	0	1	2	0	2	0	
0	1	0	0	0	2	0	
0	0	0	0	2	0	0	
0	3	0	0	1	0	0	
2	0	2	3	3	2	0	
2	0	1	0	0	0	0	
0	0	3	3	2	1	0	
0	0	0	1	1	3	0	
0	2	0	0	1	3	0	
0	0	0	0	1	0	0	
3	0	0	0	0	0	0	
1	0	3	1	0	2	0	
0	2	0	0	2	2	0	
2	0	0	1	2	0	0	
0	0	3	0	2	0	0	
1	0	0	0	1	0	0	
1	3	1	0	1	1	0	
0	0	0	0	0	0	0	
1	0	3	1	2	3	0	
0	0	0	0	3	0	0	
0	1	0	1	3	0	0	
0	0	0	0	0	0	0	
0	0	0	2	0	0	0	
1	0	2	1	0	0	0	
3	0	0	0	1	1	0	
0	0	3	0	0	0	0	
1	0	0	0	1	1	0	
2	3	3	3	0	0	0	
0	0	0	3	0	0	0	
0	0	3	0	0	1	0	
0	0	3	3	0	0	0	
0	1	1	3	2	2	0	
2	1	0	2	0	0	0	
2	0	0	0	0	1	0	
0	1	1	3	0	2	0	
0	2	0	0	0	0	0	
1	0	0	3	2	0	0	
0	0	0	3	0	3	0	
0	0	0	2	2	3	0	
0	0	0	3	1	0	0	
0	0	2	0	0	0	0	
0	3	0	0	0	0	0	
2	0	0	0	0	1	0	
0	0	1	0	0	0	0	
2	2	0	0	0	0	0	
2	2	0	0	3	0	0	
0	1	1	0	2	0	0	
1	0	0	0	0	1	0	
--------------------

--------------------
Best Solution Found!
--------------------
Time: 0 hour(s), 0 minute(s), 3 second(s), 498 millisecond(s)

Fitness: 90580

1	0	0	0	2	0	0	
2	2	0	0	3	0	0	
0	0	0	0	0	0	0	
1	0	2	1	1	2	0	
2	0	0	0	0	1	0	
1	0	0	0	0	0	0	
0	0	0	0	0	1	0	
2	2	2	0	0	0	0	
2	0	1	0	0	1	0	
3	2	2	1	0	0	0	
0	0	0	0	0	0	0	
0	2	3	0	0	0	0	
0	1	0	0	0	0	0	
1	3	3	0	2	2	0	
3	1	1	0	0	0	0	
0	0	1	0	0	1	1	
0	0	0	0	2	1	0	
0	2	0	0	0	1	0	
0	3	0	3	3	2	0	
0	0	3	0	2	3	0	
1	0	0	3	0	1	0	
0	0	3	0	3	0	0	
0	0	0	0	0	0	0	
2	0	0	1	0	0	0	
0	1	0	0	0	0	0	
0	0	0	3	0	1	0	
0	0	3	0	0	0	0	
0	0	0	0	1	0	0	
0	0	1	0	0	0	0	
2	0	0	0	2	0	0	
0	0	0	0	0	2	0	
0	0	0	0	0	0	0	
0	0	3	3	0	0	0	
1	0	1	0	2	1	0	
0	0	0	1	0	0	0	
1	3	1	0	0	0	0	
0	1	3	1	1	0	0	
2	0	1	0	0	0	0	
3	0	0	2	1	0	0	
0	0	0	0	0	0	0	
0	0	0	0	2	3	0	
1	2	2	2	0	2	0	
1	0	0	0	0	1	0	
3	2	3	0	0	3	0	
0	1	0	3	0	1	0	
0	1	3	0	0	0	0	
2	2	0	2	0	0	0	
0	0	0	0	0	0	0	
0	1	0	3	0	0	0	
0	2	0	0	2	0	0	
0	0	2	3	1	0	0	
0	2	3	0	3	0	0	
1	1	0	3	1	0	0	
2	1	3	2	1	0	0	
0	0	0	0	0	0	0	
0	1	3	0	2	1	0	
0	0	0	3	0	2	0	
1	1	1	3	0	3	0	
2	1	0	3	0	0	0	
0	0	0	0	1	2	0	
3	0	3	0	3	1	2	
0	0	1	0	0	2	0	
0	2	0	0	2	0	0	
1	0	0	0	1	0	0	
1	0	0	2	1	0	0	
0	0	3	0	3	2	0	
2	0	0	3	0	2	0	
2	1	0	2	3	0	0	
0	0	0	0	0	0	0	
0	1	3	3	0	0	0	
0	1	0	1	2	3	0	
3	1	0	0	0	1	0	
0	0	0	0	1	1	0	
0	0	1	0	0	0	0	
0	0	0	0	0	1	0	
0	3	0	3	1	3	0	
2	3	1	1	1	0	0	
0	3	0	3	0	2	0	
2	2	0	0	0	0	0	
2	0	3	0	0	0	0	
0	0	0	0	0	0	0	
0	0	0	3	0	2	0	
0	2	3	2	2	3	0	
0	0	3	3	2	1	0	
0	0	0	0	2	0	0	
0	3	0	0	0	0	0	
0	2	0	2	0	1	0	
2	0	0	0	1	2	0	
0	0	0	0	2	0	0	
1	2	1	1	2	0	0	
2	0	1	3	0	2	0	
0	1	0	1	0	0	0	
1	2	1	3	2	0	0	
0	0	0	3	1	2	0	
3	0	0	1	0	0	0	
0	0	0	1	0	1	0	
0	0	2	0	0	0	0	
2	1	1	0	1	0	0	
0	0	0	0	0	0	0	
1	0	0	0	1	0	0	
--------------------

--------------------
Best Solution Found!
--------------------
Time: 0 hour(s), 0 minute(s), 4 second(s), 23 millisecond(s)

Fitness: 89593

0	2	0	0	0	1	0	
0	2	0	0	0	0	0	
1	0	0	0	0	0	0	
2	1	1	2	0	0	0	
0	0	0	1	0	0	0	
0	1	0	1	0	0	0	
3	1	1	0	2	2	0	
1	0	0	0	0	0	0	
0	1	3	2	2	0	0	
0	2	0	1	0	0	0	
0	0	0	0	3	0	0	
0	0	0	0	0	0	0	
1	0	0	0	1	1	0	
1	1	0	0	0	3	0	
3	3	0	0	0	0	0	
0	2	0	0	0	1	0	
2	1	3	2	3	0	0	
0	0	3	0	0	1	0	
1	0	0	1	3	0	0	
2	0	0	0	1	0	0	
0	0	0	0	1	0	0	
0	0	0	0	0	1	0	
0	3	3	1	0	0	0	
0	0	3	0	0	0	0	
0	2	3	3	0	0	0	
0	0	0	0	0	0	0	
1	2	3	0	0	0	0	
0	0	1	3	0	0	0	
3	1	3	3	0	1	0	
2	0	0	0	0	0	0	
0	0	0	3	1	1	0	
2	0	0	0	0	0	0	
0	0	0	0	0	0	0	
2	2	0	0	2	0	0	
0	0	0	0	1	2	0	
2	0	0	0	0	0	0	
2	0	0	1	0	1	0	
1	0	0	3	1	0	0	
0	0	0	0	0	0	0	
2	0	0	2	2	3	1	
0	0	0	3	0	1	0	
0	0	2	0	0	3	0	
0	3	1	3	2	2	0	
0	0	2	0	3	0	0	
0	0	0	0	0	0	0	
1	0	0	0	2	0	0	
1	0	0	3	0	0	0	
2	0	1	0	3	2	0	
0	1	2	2	0	0	0	
0	3	2	3	2	0	0	
1	1	3	0	0	2	0	
0	1	0	3	2	3	0	
0	0	0	0	0	2	0	
0	0	1	0	0	0	0	
3	2	1	0	1	1	0	
1	0	0	0	1	0	0	
0	0	0	0	0	0	0	
0	0	3	0	1	1	0	
2	0	0	0	1	0	0	
2	0	0	2	1	0	0	
0	3	3	1	2	3	0	
0	0	0	3	0	0	0	
0	1	2	2	0	0	0	
3	1	0	0	0	0	0	
0	2	0	3	0	0	0	
0	0	0	0	1	1	0	
2	0	3	1	0	2	0	
0	3	0	0	0	0	0	
0	0	0	0	2	0	0	
0	2	1	2	1	1	0	
0	0	3	0	0	0	0	
0	0	0	0	2	3	0	
0	1	0	1	0	0	0	
3	1	1	0	0	1	0	
0	0	0	0	0	0	0	
0	2	3	0	0	0	0	
3	0	0	3	2	0	0	
0	0	0	0	1	1	0	
2	1	3	0	0	2	0	
0	2	0	0	3	0	0	
0	0	0	0	3	0	0	
1	2	0	0	0	0	0	
2	0	1	3	0	0	0	
0	0	0	3	0	1	0	
0	0	0	0	0	2	0	
1	1	0	0	0	0	0	
0	0	1	0	0	1	0	
0	0	0	0	1	0	0	
0	0	1	3	0	2	2	
2	2	1	0	2	0	0	
1	0	1	1	2	2	0	
1	0	3	3	1	2	0	
2	0	0	3	2	1	0	
0	2	3	0	2	0	0	
0	0	0	3	0	2	0	
1	3	0	0	0	2	0	
0	2	3	0	0	0	0	
0	0	2	1	0	3	0	
0	1	1	0	2	2	0	
2	1	0	3	1	1	0	
--------------------

--------------------
Best Solution Found!
--------------------
Time: 0 hour(s), 0 minute(s), 6 second(s), 291 millisecond(s)

Fitness: 88634

0	0	0	3	0	0	0	
0	0	0	0	0	0	0	
0	0	1	2	1	0	0	
0	0	0	0	0	0	0	
2	0	0	3	2	0	0	
2	0	0	0	0	0	0	
0	0	0	0	0	3	0	
1	2	3	0	3	1	0	
0	0	0	3	2	2	0	
1	0	0	0	1	1	0	
1	0	0	1	2	2	0	
0	1	0	1	1	0	0	
1	0	2	1	1	0	0	
2	0	3	0	0	2	0	
0	0	3	3	1	3	0	
0	1	0	0	0	0	0	
0	0	0	3	1	1	0	
1	1	0	2	2	1	0	
2	0	0	0	0	2	0	
1	0	0	0	1	0	0	
0	0	0	0	0	2	0	
1	0	0	0	0	0	0	
0	1	0	3	2	1	0	
0	1	0	3	0	0	0	
0	0	1	0	3	0	0	
2	0	0	0	0	3	1	
0	0	2	0	0	2	0	
0	0	1	0	1	3	0	
0	0	0	0	1	0	0	
0	0	0	2	1	0	0	
2	3	2	0	2	0	0	
3	2	3	3	3	0	0	
0	2	0	3	1	0	0	
3	2	0	2	0	2	0	
0	0	1	3	2	0	0	
3	2	3	2	0	1	0	
0	0	3	0	0	0	0	
0	3	3	1	1	2	0	
0	2	0	0	0	0	0	
2	2	0	3	2	1	0	
0	0	3	0	0	0	0	
0	0	0	0	0	1	0	
0	0	0	1	0	1	0	
3	0	3	0	0	0	0	
2	2	0	0	0	2	0	
0	1	3	0	0	2	0	
2	1	0	0	0	0	0	
0	3	0	0	0	0	0	
0	0	3	1	0	0	0	
0	0	0	0	3	0	0	
1	0	3	0	0	0	0	
1	2	0	2	3	3	0	
3	1	0	0	1	0	0	
2	0	0	0	0	0	0	
0	2	3	3	2	1	0	
1	0	3	3	1	1	0	
0	1	1	1	0	0	0	
1	1	1	0	2	2	0	
0	3	1	3	0	0	0	
1	0	3	0	2	3	2	
0	1	0	0	0	0	0	
1	0	1	0	0	1	0	
0	0	0	3	0	0	0	
3	2	0	1	0	0	0	
0	0	0	3	0	0	0	
0	0	0	0	0	0	0	
0	1	0	0	0	0	0	
1	1	0	0	2	0	0	
0	1	1	0	2	3	0	
0	3	0	0	0	0	0	
0	0	0	0	2	0	0	
0	1	0	1	0	0	0	
2	3	0	0	1	1	0	
0	0	3	1	0	0	0	
0	0	0	0	0	1	0	
0	0	2	2	0	2	0	
0	0	2	0	3	0	0	
1	0	0	1	2	2	0	
0	0	3	0	0	0	0	
1	2	0	0	0	0	0	
0	0	1	0	0	0	0	
2	0	0	0	0	2	0	
2	0	0	0	0	0	0	
0	0	0	3	0	0	0	
2	2	0	0	0	0	0	
0	1	0	0	0	1	0	
2	3	0	3	0	2	0	
3	0	0	0	2	1	0	
0	1	0	3	0	0	0	
0	0	0	0	0	0	0	
0	1	1	0	1	1	0	
0	0	0	0	1	0	0	
0	0	1	0	0	0	0	
0	0	1	0	0	0	0	
2	2	1	3	2	0	0	
2	2	0	0	0	1	0	
0	2	3	2	3	0	0	
2	0	1	0	0	0	0	
0	0	0	0	0	0	0	
0	0	2	0	0	1	0	
--------------------

--------------------
Best Solution Found!
--------------------
Time: 0 hour(s), 0 minute(s), 26 second(s), 187 millisecond(s)

Fitness: 88586

0	0	0	0	0	0	0	
2	0	0	2	0	1	0	
0	0	0	0	0	0	0	
0	0	3	0	2	0	0	
1	0	0	0	3	0	0	
0	0	3	3	0	1	0	
3	0	3	0	2	2	0	
0	2	0	0	1	0	0	
0	0	0	1	0	0	0	
0	1	0	0	0	0	0	
0	1	1	0	2	2	0	
0	1	3	3	1	3	0	
0	3	3	1	0	0	0	
0	1	0	0	1	0	0	
1	0	0	0	0	0	0	
2	2	0	0	0	0	0	
0	0	0	0	2	0	0	
2	2	1	3	3	0	0	
0	1	0	1	0	1	0	
0	0	3	2	0	0	0	
2	0	0	1	0	0	0	
1	0	3	2	2	1	0	
2	1	1	3	3	0	0	
2	2	2	0	2	1	0	
2	0	0	0	0	1	0	
1	0	0	3	0	2	0	
0	3	0	1	0	3	0	
0	3	0	0	0	0	0	
2	0	0	0	0	0	0	
2	0	0	0	1	0	0	
0	0	0	0	0	0	0	
0	0	1	0	2	0	0	
0	2	0	2	0	1	0	
2	0	1	0	0	2	0	
0	0	0	0	0	0	0	
1	0	0	3	0	0	0	
1	0	0	3	1	0	0	
0	1	0	0	0	2	0	
2	0	1	3	0	0	0	
0	1	0	1	2	0	1	
2	2	0	0	0	0	0	
3	1	2	0	0	1	0	
0	0	3	0	0	2	0	
2	1	0	2	0	0	0	
0	2	0	0	0	0	0	
0	0	0	0	0	0	0	
1	0	1	0	0	0	0	
0	2	0	0	0	1	0	
0	0	0	1	1	1	0	
0	0	0	0	3	2	0	
0	0	1	3	0	3	0	
0	1	0	0	1	0	0	
0	0	3	0	0	0	0	
0	0	0	0	1	0	0	
0	0	0	0	1	0	0	
1	3	0	0	0	0	0	
0	0	3	0	1	3	0	
1	2	2	0	0	0	0	
2	1	0	0	0	0	0	
0	1	0	0	0	0	2	
3	2	0	3	2	3	0	
0	0	0	0	0	3	0	
0	3	0	0	2	0	0	
0	0	1	0	0	0	0	
3	0	2	0	2	0	0	
0	3	1	2	2	1	0	
1	0	2	2	1	2	0	
1	1	0	0	0	2	0	
0	0	0	1	2	0	0	
0	0	0	0	0	2	0	
0	0	0	0	0	1	0	
1	0	3	1	0	2	0	
3	2	0	1	2	2	0	
0	2	0	0	0	0	0	
1	0	0	0	0	0	0	
0	0	0	0	0	0	0	
0	0	1	0	0	1	0	
0	2	3	3	0	1	0	
0	0	3	3	0	0	0	
2	0	1	0	0	0	0	
3	0	0	2	0	2	0	
1	1	1	0	1	1	0	
0	0	0	0	0	0	0	
2	1	0	3	2	0	0	
0	2	3	3	3	0	0	
3	0	0	3	3	0	0	
0	0	0	0	0	1	0	
0	1	0	0	0	2	0	
0	0	0	3	3	1	0	
0	0	3	3	0	0	0	
0	0	3	0	0	0	0	
2	0	1	0	2	0	0	
1	2	0	3	0	2	0	
2	2	3	3	1	0	0	
0	0	1	1	1	3	0	
1	1	0	3	2	1	0	
0	3	0	0	0	0	0	
0	0	2	0	1	0	0	
0	0	3	0	1	1	0	
0	0	0	0	1	0	0	
--------------------

--------------------
Best Solution Found!
--------------------
Time: 0 hour(s), 0 minute(s), 26 second(s), 189 millisecond(s)

Fitness: 88586

0	0	0	0	0	0	0	
2	0	0	2	0	1	0	
0	0	0	0	0	0	0	
0	0	3	0	2	0	0	
1	0	0	0	3	0	0	
0	0	3	3	0	1	0	
3	0	3	0	2	2	0	
0	2	0	0	1	0	0	
0	0	0	1	0	0	0	
0	1	0	0	0	0	0	
0	1	1	0	2	2	0	
0	1	3	3	1	3	0	
0	3	3	1	0	0	0	
0	1	0	0	1	0	0	
1	0	0	0	0	0	0	
2	2	0	0	0	0	0	
0	0	0	0	2	0	0	
2	2	1	3	3	0	0	
0	1	0	1	0	1	0	
0	0	3	2	0	0	0	
2	0	0	1	0	0	0	
1	0	3	2	2	1	0	
2	1	1	3	3	0	0	
2	2	2	0	2	1	0	
2	0	0	0	0	1	0	
1	0	0	3	0	2	0	
0	3	0	1	0	3	0	
0	3	0	0	0	0	0	
2	0	0	0	0	0	0	
2	0	0	0	1	0	0	
0	0	0	0	0	0	0	
0	0	1	0	2	0	0	
0	2	0	2	0	1	0	
2	0	1	0	0	2	0	
0	0	0	0	0	0	0	
1	0	0	3	0	0	0	
1	0	0	3	1	0	0	
0	1	0	0	0	2	0	
2	0	1	3	0	0	0	
0	1	0	1	2	0	1	
2	2	0	0	0	0	0	
3	1	2	0	0	1	0	
0	0	3	0	0	2	0	
2	1	0	2	0	0	0	
0	2	0	0	0	0	0	
0	0	0	0	0	0	0	
1	0	1	0	0	0	0	
0	2	0	0	0	1	0	
0	0	0	1	1	1	0	
0	0	0	0	3	2	0	
0	0	1	3	0	3	0	
0	1	0	0	1	0	0	
0	0	3	0	0	0	0	
0	0	0	0	1	0	0	
0	0	0	0	1	0	0	
1	3	0	0	0	0	0	
0	0	3	0	1	3	0	
1	2	2	0	0	0	0	
2	1	0	0	0	0	0	
0	1	0	0	0	0	2	
3	2	0	3	2	3	0	
0	0	0	0	0	3	0	
0	3	0	0	2	0	0	
0	0	1	0	0	0	0	
3	0	2	0	2	0	0	
0	3	1	2	2	1	0	
1	0	2	2	1	2	0	
1	1	0	0	0	2	0	
0	0	0	1	2	0	0	
0	0	0	0	0	2	0	
0	0	0	0	0	1	0	
1	0	3	1	0	2	0	
3	2	0	1	2	2	0	
0	2	0	0	0	0	0	
1	0	0	0	0	0	0	
0	0	0	0	0	0	0	
0	0	1	0	0	1	0	
0	2	3	3	0	1	0	
0	0	3	3	0	0	0	
2	0	1	0	0	0	0	
3	0	0	2	0	2	0	
1	1	1	0	1	1	0	
0	0	0	0	0	0	0	
2	1	0	3	2	0	0	
0	2	3	3	3	0	0	
3	0	0	3	3	0	0	
0	0	0	0	0	1	0	
0	1	0	0	0	2	0	
0	0	0	3	3	1	0	
0	0	3	3	0	0	0	
0	0	3	0	0	0	0	
2	0	1	0	2	0	0	
1	2	0	3	0	2	0	
2	2	3	3	1	0	0	
0	0	1	1	1	3	0	
1	1	0	3	2	1	0	
0	3	0	0	0	0	0	
0	0	2	0	1	0	0	
0	0	3	0	1	1	0	
0	0	0	0	1	0	0	
--------------------

--------------------
Best Solution Found!
--------------------
Time: 0 hour(s), 0 minute(s), 39 second(s), 528 millisecond(s)

Fitness: 87636

2	0	3	0	0	2	0	
2	3	0	1	0	0	0	
2	2	0	0	0	0	0	
2	2	3	1	0	2	0	
1	0	3	0	3	0	0	
0	0	0	0	2	0	0	
2	1	0	3	2	2	0	
1	0	0	0	0	0	0	
1	1	0	0	1	3	0	
0	0	3	0	0	0	0	
0	0	0	0	0	0	0	
0	2	3	0	0	0	0	
0	0	0	0	0	0	0	
3	0	3	0	0	0	0	
0	3	0	0	0	0	0	
0	0	1	0	2	2	0	
0	0	0	0	0	0	0	
0	0	0	0	0	0	0	
0	0	0	0	0	2	0	
2	1	1	0	2	2	0	
2	0	0	1	2	1	0	
2	0	0	0	0	2	0	
0	0	0	0	3	0	0	
2	1	3	1	1	0	0	
2	1	2	0	0	0	0	
0	0	0	3	0	0	0	
3	3	3	3	0	0	0	
0	1	0	3	0	2	0	
2	0	0	0	2	3	0	
0	0	0	0	0	0	0	
0	2	3	2	2	2	0	
0	1	2	3	1	1	0	
0	0	1	0	0	1	0	
0	0	0	0	0	1	0	
0	0	0	0	0	1	0	
0	0	3	3	0	0	0	
0	0	0	3	2	0	0	
0	1	0	0	3	0	0	
0	2	0	2	0	2	0	
1	0	2	0	0	1	0	
0	0	0	0	0	0	0	
1	2	0	0	2	0	0	
0	1	2	2	2	1	0	
0	0	0	3	1	2	0	
2	3	0	2	1	2	0	
0	0	0	0	1	0	0	
0	2	3	3	1	2	0	
0	0	3	3	3	2	0	
1	1	0	1	1	0	2	
0	2	2	1	2	0	0	
0	0	0	3	0	1	0	
0	1	0	0	0	0	0	
1	0	0	1	0	0	0	
0	2	0	2	0	1	0	
0	0	0	0	0	0	0	
0	3	1	0	0	0	0	
0	3	0	0	2	0	0	
0	2	0	0	1	0	0	
0	0	1	0	0	1	0	
0	1	1	2	0	0	0	
0	0	0	0	0	0	0	
0	2	0	1	1	0	0	
3	0	0	0	0	1	0	
0	0	1	0	0	1	0	
2	0	0	0	0	1	0	
1	0	0	1	2	0	0	
1	0	0	1	0	1	0	
1	1	0	0	3	0	0	
0	0	0	2	3	0	1	
3	0	3	0	0	0	0	
0	0	1	3	1	0	0	
0	2	0	0	0	2	0	
2	2	3	3	1	0	0	
1	0	1	0	0	1	0	
3	0	3	3	1	1	0	
0	0	0	0	0	0	0	
3	2	1	0	1	0	0	
2	0	3	0	2	1	0	
2	0	0	3	2	3	0	
3	0	0	0	0	1	0	
1	0	0	0	2	3	0	
1	0	0	0	0	0	0	
1	0	1	2	2	1	0	
2	0	0	0	0	0	0	
0	3	0	3	0	0	0	
0	1	0	3	0	0	0	
0	1	0	1	0	0	0	
0	1	0	0	0	0	0	
1	1	3	0	3	0	0	
0	1	1	0	0	0	0	
0	0	3	0	1	0	0	
2	0	0	0	1	0	0	
0	2	0	0	0	0	0	
0	0	0	3	0	0	0	
0	0	0	3	0	3	0	
0	0	1	0	0	0	0	
1	0	2	3	0	0	0	
0	0	0	0	0	0	0	
0	2	1	0	1	3	0	
0	0	1	0	0	3	0	
--------------------

--------------------
Best Solution Found!
--------------------
Time: 0 hour(s), 1 minute(s), 36 second(s), 896 millisecond(s)

Fitness: 87612

0	3	3	3	0	0	0	
0	0	0	0	0	2	0	
0	0	0	2	2	1	0	
0	0	3	0	0	2	0	
0	0	0	0	0	2	0	
2	0	3	0	0	1	0	
3	0	0	0	0	0	0	
1	0	0	3	0	0	0	
0	0	3	3	0	0	0	
2	0	3	0	0	2	0	
0	0	0	0	1	0	0	
0	3	0	1	0	0	0	
1	2	0	3	0	1	0	
0	0	3	0	0	3	0	
0	1	0	3	2	0	0	
1	1	3	0	2	0	0	
2	0	0	1	1	2	0	
2	0	1	0	0	0	0	
2	0	1	0	0	0	0	
0	2	0	0	2	0	0	
0	1	3	3	1	2	0	
0	0	0	2	0	1	0	
0	0	0	0	0	1	0	
2	2	1	3	2	0	0	
0	1	0	0	2	0	0	
3	1	1	0	1	0	0	
1	1	1	0	2	2	0	
0	0	0	3	0	0	0	
2	0	3	0	0	0	0	
1	0	0	0	0	0	0	
0	2	0	0	1	0	0	
0	2	0	3	0	1	0	
2	1	0	1	3	1	0	
0	0	2	3	0	0	1	
0	1	0	0	0	0	0	
0	1	0	1	0	0	0	
0	0	1	0	2	2	0	
0	0	0	0	0	0	0	
0	2	0	0	0	0	0	
1	0	0	0	2	0	0	
0	2	0	3	0	1	0	
0	0	0	0	1	0	0	
0	0	0	0	1	0	0	
1	0	0	0	2	3	0	
0	2	1	0	0	1	0	
1	0	0	0	0	0	0	
0	0	0	0	2	2	0	
0	3	2	3	1	2	0	
0	0	0	0	0	0	0	
2	1	2	3	2	0	0	
0	1	3	0	0	0	0	
0	0	0	3	3	0	0	
1	0	0	0	0	0	0	
2	0	0	0	1	2	0	
0	0	0	0	3	0	0	
0	3	2	2	0	0	0	
0	0	3	0	0	0	0	
0	2	0	0	3	0	0	
0	0	0	0	0	2	0	
0	1	3	3	2	1	0	
2	0	0	1	0	3	0	
0	0	0	0	0	0	0	
0	0	0	1	3	0	0	
3	2	1	2	2	2	0	
1	0	1	0	0	0	0	
1	0	0	0	0	3	0	
1	1	0	3	1	1	0	
0	3	0	0	0	1	0	
2	0	0	0	0	0	0	
0	0	0	0	1	1	0	
0	3	1	2	0	0	2	
3	0	1	1	2	1	0	
0	0	0	0	0	0	0	
1	0	0	1	0	0	0	
0	2	0	3	3	0	0	
0	0	0	0	1	0	0	
0	0	2	0	0	0	0	
0	0	0	0	0	0	0	
2	1	3	1	1	0	0	
2	0	0	1	0	0	0	
0	0	2	0	0	0	0	
3	2	1	0	1	1	0	
1	1	0	0	0	3	0	
1	0	0	0	0	0	0	
3	0	0	0	0	0	0	
0	3	0	0	0	3	0	
0	2	0	0	0	0	0	
2	1	0	0	1	1	0	
2	0	3	1	2	1	0	
0	0	0	3	0	3	0	
0	1	0	0	2	0	0	
2	0	3	3	0	1	0	
0	0	0	0	0	0	0	
0	0	1	2	0	0	0	
3	0	3	2	1	0	0	
2	0	1	0	0	2	0	
0	2	3	0	1	0	0	
0	2	0	2	0	1	0	
0	2	1	0	3	0	0	
1	1	3	3	0	2	0	
--------------------

--------------------
Best Solution Found!
--------------------
Time: 0 hour(s), 1 minute(s), 59 second(s), 939 millisecond(s)

Fitness: 87556

1	1	0	0	1	0	0	
0	2	1	0	1	0	0	
0	2	0	2	0	0	0	
0	0	3	0	3	3	0	
0	0	0	3	0	1	0	
0	0	0	0	0	0	0	
1	0	1	0	0	3	0	
0	0	1	0	0	0	0	
2	3	0	0	0	0	0	
0	0	0	2	1	0	0	
1	0	0	1	0	0	0	
0	0	3	0	0	0	0	
0	0	0	0	1	0	0	
0	0	0	0	1	0	0	
0	1	3	1	0	1	0	
1	1	0	0	0	2	0	
2	1	3	0	0	0	0	
0	0	0	0	0	1	0	
1	3	2	3	0	1	0	
0	0	1	3	0	1	0	
0	2	2	0	0	0	0	
0	0	3	0	0	0	0	
3	0	0	0	2	0	0	
1	1	3	0	2	3	0	
0	0	0	3	0	0	0	
3	1	0	0	2	0	0	
1	3	0	1	2	2	0	
0	1	0	1	0	0	0	
0	0	0	0	0	0	0	
3	0	1	1	0	2	0	
2	0	0	2	0	0	0	
2	2	0	0	0	3	0	
2	0	0	1	2	2	0	
0	0	2	0	3	0	0	
0	0	0	0	2	1	2	
2	0	0	3	0	0	0	
1	0	0	1	0	0	0	
0	0	0	0	0	0	0	
2	3	0	2	2	1	0	
0	2	3	0	0	0	0	
0	0	0	0	0	0	0	
0	0	0	0	0	0	0	
1	0	0	0	0	3	0	
0	0	1	0	2	3	0	
0	2	0	0	0	0	0	
3	1	0	0	0	0	0	
0	0	0	2	0	0	0	
0	3	0	0	0	0	0	
0	0	1	0	0	0	0	
0	0	3	0	2	1	0	
0	0	1	0	1	2	0	
0	0	0	0	0	0	0	
0	0	0	3	0	2	0	
1	1	1	1	0	2	0	
2	0	2	0	0	0	0	
2	0	0	3	2	2	0	
2	2	3	3	1	1	0	
0	0	0	0	0	0	0	
1	3	0	3	0	0	0	
0	0	0	0	2	0	0	
0	1	0	0	0	0	0	
2	0	1	0	0	1	0	
0	1	0	0	0	1	0	
0	2	1	3	1	3	0	
0	0	0	1	0	0	0	
0	0	0	0	3	1	0	
0	1	0	3	0	0	0	
0	0	0	3	0	2	0	
2	2	0	3	2	0	0	
3	0	3	2	0	0	0	
0	1	3	0	0	1	0	
2	2	3	3	3	0	0	
0	2	0	0	2	0	0	
0	0	3	0	3	2	0	
0	0	0	0	2	0	0	
0	0	0	2	3	2	0	
1	1	2	0	1	1	0	
0	0	3	0	0	0	0	
3	0	0	3	1	0	0	
2	2	0	3	0	1	0	
2	0	3	0	0	0	0	
2	1	1	0	1	1	0	
0	0	2	1	0	0	0	
2	0	1	3	2	0	0	
3	0	0	0	1	2	0	
1	3	1	0	1	2	0	
0	0	0	0	0	0	0	
0	0	0	3	2	1	0	
0	2	0	0	3	0	1	
1	0	0	3	0	0	0	
0	0	0	0	0	0	0	
2	1	0	3	2	1	0	
0	2	1	0	0	0	0	
1	2	3	0	1	2	0	
0	0	3	0	1	1	0	
0	1	3	0	1	0	0	
0	2	0	0	0	0	0	
1	1	0	1	1	2	0	
0	0	0	0	0	0	0	
0	0	0	2	0	0	0	
--------------------

--------------------
Best Solution Found!
--------------------
Time: 0 hour(s), 3 minute(s), 3 second(s), 566 millisecond(s)

Fitness: 86622

1	1	0	0	3	0	0	
0	0	2	2	0	0	0	
0	0	0	3	0	0	0	
0	1	1	3	2	2	0	
3	3	0	0	0	0	0	
0	1	3	1	2	1	0	
0	0	0	0	0	2	0	
0	0	3	0	0	0	0	
2	2	0	1	1	3	0	
2	0	0	0	0	0	0	
0	0	1	3	2	1	0	
0	0	0	0	0	0	0	
0	0	0	0	0	2	0	
1	1	1	0	0	1	0	
0	1	0	3	0	0	0	
0	2	0	3	0	1	0	
0	2	3	0	0	0	0	
2	0	0	0	1	2	0	
0	0	0	0	0	0	0	
0	3	3	0	1	0	0	
2	3	0	3	0	1	0	
2	2	0	0	1	1	0	
0	0	0	0	0	0	0	
2	1	2	3	0	2	0	
0	0	0	2	2	1	0	
0	1	0	0	0	3	0	
0	1	1	0	1	2	0	
0	0	0	0	0	3	0	
0	0	0	3	0	0	0	
2	1	3	1	3	0	0	
0	0	0	0	0	0	0	
0	0	0	0	2	1	0	
0	1	0	3	0	2	0	
2	2	3	2	2	0	0	
2	0	3	0	0	0	0	
0	1	2	0	0	2	0	
0	0	1	1	0	2	0	
0	0	0	2	1	0	0	
1	1	3	3	0	2	0	
2	2	1	0	1	2	0	
0	0	0	0	0	0	0	
0	0	0	0	0	0	0	
3	0	0	3	3	0	0	
0	0	3	0	0	2	0	
0	2	0	0	0	1	0	
0	0	0	3	2	0	0	
0	2	0	0	0	1	0	
2	2	0	0	0	0	0	
0	0	0	0	0	0	0	
0	0	0	0	3	0	2	
3	3	1	1	1	0	0	
0	0	3	2	2	3	0	
1	2	1	0	1	1	0	
0	0	3	0	0	0	0	
0	2	3	0	1	0	0	
2	1	3	3	1	0	0	
2	0	1	1	0	2	0	
0	1	0	0	2	0	0	
0	0	1	2	0	0	0	
0	0	1	0	2	0	0	
3	0	0	3	0	1	0	
0	3	0	1	3	1	1	
0	2	3	0	2	0	0	
0	3	0	0	0	0	0	
3	0	2	0	2	0	0	
1	0	0	0	0	0	0	
1	0	0	3	0	0	0	
0	0	0	0	2	0	0	
0	0	0	0	0	1	0	
3	2	3	0	1	1	0	
0	2	0	0	3	1	0	
1	0	0	1	0	2	0	
0	0	0	0	2	0	0	
0	3	0	2	1	0	0	
1	0	2	0	0	0	0	
1	0	1	0	0	0	0	
1	2	0	0	2	1	0	
2	0	0	0	0	0	0	
0	0	0	2	0	0	0	
1	1	0	0	2	0	0	
3	0	1	0	3	1	0	
0	1	0	3	0	0	0	
0	0	0	0	0	3	0	
1	0	1	0	0	0	0	
0	0	0	3	0	0	0	
2	0	1	0	0	0	0	
0	1	0	0	2	2	0	
0	0	0	0	0	3	0	
2	0	0	1	0	0	0	
2	0	0	0	1	0	0	
0	1	0	0	0	0	0	
1	0	3	0	0	0	0	
0	0	0	1	1	0	0	
0	0	0	3	0	0	0	
2	2	3	0	1	1	0	
0	0	2	0	0	0	0	
1	0	0	3	0	0	0	
0	0	0	0	1	0	0	
1	0	3	3	0	0	0	
1	0	0	1	0	3	0	
--------------------

--------------------
Best Solution Found!
--------------------
Time: 0 hour(s), 4 minute(s), 18 second(s), 642 millisecond(s)

Fitness: 86607

0	0	3	3	0	2	0	
2	0	3	1	0	0	0	
0	2	0	0	1	0	0	
0	0	2	0	0	2	0	
1	0	0	0	2	0	0	
2	0	0	3	0	0	0	
0	0	0	3	0	0	0	
0	3	0	0	0	0	0	
0	0	0	0	0	0	0	
0	2	0	0	0	0	0	
0	0	0	3	3	0	0	
0	0	1	0	2	2	0	
1	1	0	3	0	0	0	
2	1	3	0	3	3	0	
0	0	0	1	2	0	0	
0	0	0	0	3	0	0	
0	0	0	3	0	2	0	
0	0	0	0	0	0	0	
0	0	1	2	0	2	0	
3	0	0	0	2	1	0	
0	0	3	2	1	0	0	
2	0	0	0	0	2	0	
3	0	0	0	1	1	0	
0	0	3	3	0	0	0	
0	1	1	2	0	2	0	
0	3	0	3	2	0	0	
0	1	0	0	1	2	0	
1	0	0	0	0	2	0	
2	0	3	0	0	0	0	
0	0	0	0	0	0	0	
3	2	1	1	0	3	0	
0	0	1	0	0	0	0	
0	0	0	2	0	0	0	
0	0	0	0	0	3	0	
1	0	0	1	0	2	0	
2	2	1	0	2	1	0	
0	0	2	3	3	0	0	
0	3	1	2	0	0	0	
2	0	0	0	2	0	0	
1	0	0	0	0	0	0	
0	0	0	0	0	1	0	
2	1	2	3	1	0	0	
1	2	1	1	0	1	0	
1	0	0	0	0	1	0	
2	1	1	2	0	3	0	
0	3	0	0	0	1	0	
0	0	0	0	0	1	0	
0	1	0	2	0	0	0	
0	0	3	1	0	0	0	
0	0	0	0	0	1	0	
3	0	0	0	0	0	0	
0	1	0	1	0	0	0	
0	0	0	3	0	0	0	
0	2	3	0	0	0	0	
0	0	0	0	1	2	0	
2	1	0	0	0	0	0	
2	0	3	0	2	0	0	
0	0	0	0	1	0	0	
0	1	0	3	0	0	0	
0	2	3	0	1	3	0	
1	1	2	0	0	0	0	
1	2	1	0	1	3	0	
0	0	1	0	0	0	0	
0	1	3	3	2	0	0	
1	1	0	0	2	2	1	
1	0	0	0	0	2	0	
2	2	0	0	0	0	0	
1	2	3	1	1	0	0	
3	1	2	1	2	0	0	
2	2	0	0	3	1	0	
0	0	0	3	1	0	0	
3	2	3	3	0	1	0	
3	0	0	1	0	0	0	
0	0	1	0	0	3	2	
2	0	1	0	2	0	0	
0	0	3	0	1	0	0	
0	0	0	0	2	0	0	
0	1	0	3	3	0	0	
2	0	0	0	0	1	0	
2	0	3	2	3	1	0	
0	2	0	0	0	0	0	
0	2	0	0	0	0	0	
0	3	0	0	1	1	0	
2	0	0	3	2	0	0	
1	0	1	0	0	1	0	
0	0	0	3	2	0	0	
0	0	0	0	0	1	0	
0	3	0	0	2	0	0	
0	0	0	0	0	1	0	
2	0	0	3	0	1	0	
1	2	0	0	0	2	0	
0	0	0	0	0	0	0	
0	1	3	0	0	0	0	
0	0	0	0	1	0	0	
0	0	3	0	1	0	0	
0	3	1	0	0	0	0	
0	2	0	0	0	2	0	
1	1	3	3	1	0	0	
1	1	2	1	2	0	0	
0	0	0	0	1	1	0	
--------------------


The best solution was found at the restart: 12, population: 0
Total Time Elapsed: 0 hour(s), 10 minute(s), 0 second(s), 899 millisecond(s)

