--------------------
Best Solution Found!
--------------------
Time: 0 hour(s), 0 minute(s), 0 second(s), 5 millisecond(s)

Fitness: 169802

2	2	0	2	1	1	0	3	1	0	0	0	2	0	0	3	0	0	0	0	1	0	2	0	0	0	0	0	
1	0	1	0	0	1	1	3	0	1	3	1	0	3	0	0	0	0	0	0	1	0	0	1	0	0	2	0	
1	2	1	1	0	0	0	0	2	3	1	1	0	1	0	0	0	3	3	0	1	0	2	1	0	0	0	0	
1	0	0	0	0	1	0	0	0	1	0	1	3	0	0	0	0	3	0	0	1	0	0	0	0	1	0	1	
1	2	0	0	0	0	2	0	1	0	0	1	0	0	1	0	2	0	0	0	0	0	1	0	0	0	1	0	
1	0	1	1	0	0	2	0	0	0	0	0	0	2	2	0	0	0	0	0	0	0	0	0	0	0	0	0	
0	0	0	0	1	0	0	0	0	0	0	2	0	0	0	0	3	0	1	0	1	0	0	0	0	0	1	0	
1	2	0	0	1	1	0	0	0	0	0	1	2	0	0	0	0	0	0	0	1	0	0	0	0	0	0	0	
0	2	0	0	0	0	0	0	1	0	0	1	2	0	1	3	0	0	0	0	0	1	0	1	1	0	1	3	
1	0	1	1	0	0	0	3	1	0	0	2	0	1	0	0	0	0	0	0	0	0	0	0	0	0	0	1	
1	0	0	1	1	0	0	0	0	1	1	0	0	0	2	0	3	2	0	0	0	0	0	0	0	0	0	0	
0	2	1	2	0	1	0	0	0	3	0	0	0	0	0	0	0	0	0	0	1	0	0	0	2	1	1	0	
0	2	0	1	1	2	1	3	1	1	0	1	0	0	0	3	0	0	0	0	0	0	0	0	0	0	0	0	
0	0	1	0	0	1	0	2	1	0	0	2	0	0	0	0	2	3	1	0	1	0	2	1	0	0	1	0	
2	0	1	1	1	0	1	0	0	0	0	0	1	0	0	0	0	0	0	0	0	0	0	0	0	1	1	0	
0	3	3	2	0	2	0	2	1	1	0	1	1	0	0	0	0	0	0	0	1	0	0	0	0	0	0	0	
0	2	0	0	0	0	1	0	1	1	0	1	0	0	0	0	3	0	0	0	1	0	0	0	2	0	1	0	
0	0	0	0	0	1	0	3	0	1	1	1	2	2	1	0	0	0	0	0	0	1	0	1	0	0	1	0	
1	1	3	0	1	0	0	0	0	0	1	0	0	0	2	2	0	0	0	0	2	1	0	0	0	0	0	0	
0	0	2	1	0	0	1	0	1	0	1	1	0	0	0	0	0	0	0	0	0	2	0	0	0	0	2	0	
2	0	1	1	0	0	1	2	0	0	0	0	2	1	0	0	0	0	0	0	0	0	0	0	0	2	1	1	
1	0	1	1	2	0	0	3	0	1	1	0	2	1	0	0	3	3	0	0	0	0	2	0	0	2	1	0	
0	0	1	0	0	0	0	0	0	0	1	1	2	1	0	0	0	0	0	0	0	0	0	0	0	1	0	0	
1	2	0	0	1	1	1	3	0	0	0	0	2	0	0	0	0	0	0	0	0	0	0	1	0	0	1	1	
1	0	1	0	1	1	0	3	0	1	1	1	0	1	0	3	3	3	0	0	0	0	0	3	0	0	0	0	
1	0	0	1	1	0	1	3	0	0	1	0	2	1	0	0	0	0	0	0	2	0	1	0	0	0	2	0	
1	0	0	0	2	0	1	3	0	1	1	0	2	1	1	0	0	0	0	1	2	0	1	0	0	2	1	1	
0	2	1	0	0	0	0	3	2	0	0	0	2	1	1	0	0	0	0	0	1	0	2	0	0	1	0	0	
0	0	0	0	2	1	0	0	0	0	0	0	2	1	0	3	3	0	3	0	0	0	0	0	0	0	1	1	
2	0	1	1	1	0	0	3	1	0	3	0	0	0	0	0	3	0	0	0	0	0	0	0	0	0	0	0	
--------------------

--------------------
Best Solution Found!
--------------------
Time: 0 hour(s), 0 minute(s), 0 second(s), 23 millisecond(s)

Fitness: 156783

1	0	0	1	0	0	1	0	0	0	0	0	0	0	0	0	0	0	0	0	0	0	2	0	0	0	1	0	
2	2	1	2	1	1	0	2	1	0	0	0	2	0	2	0	0	0	0	0	1	2	2	1	0	0	1	1	
0	0	1	1	2	1	0	0	1	1	3	0	0	0	1	3	3	0	0	0	0	0	0	1	0	2	1	1	
0	0	1	2	1	1	0	0	0	0	0	0	0	0	0	0	0	0	3	0	0	0	0	0	0	0	0	0	
1	2	0	1	1	1	1	3	0	1	1	0	0	0	0	0	0	3	0	0	1	0	0	0	0	0	0	0	
2	0	0	0	1	2	1	0	0	0	0	0	1	1	0	0	0	3	0	0	1	0	1	0	0	0	0	0	
0	0	1	0	0	0	0	3	1	0	1	2	2	0	1	0	0	0	0	0	2	0	0	0	0	0	1	0	
1	0	0	1	0	0	1	3	1	1	0	0	0	0	0	0	2	0	3	0	0	1	0	0	0	0	0	0	
0	0	0	0	0	1	0	3	1	1	1	1	0	3	0	2	0	0	0	0	0	0	0	1	2	2	1	0	
1	2	2	0	0	0	0	3	0	0	0	0	2	1	0	0	0	0	0	0	2	0	0	0	0	1	1	1	
2	2	0	1	0	0	0	3	0	1	0	0	2	1	0	0	0	0	0	0	1	0	0	0	2	0	2	0	
0	2	3	0	0	1	0	0	2	0	0	0	2	0	0	0	0	0	0	0	0	0	0	0	0	0	0	0	
1	3	1	1	0	1	1	0	0	3	1	2	0	1	0	3	3	3	1	0	0	0	0	0	0	0	0	0	
0	0	0	2	1	0	2	0	0	1	1	0	0	0	0	3	0	0	0	0	1	1	0	1	0	0	1	0	
1	2	1	0	0	0	0	0	0	0	0	0	2	0	1	0	0	3	0	0	0	0	0	0	0	1	0	0	
1	2	1	0	0	0	0	0	1	0	1	1	2	1	0	0	0	0	0	0	0	0	0	0	0	0	1	1	
1	1	0	1	1	0	1	0	0	1	3	1	0	0	0	0	0	0	0	0	0	0	1	0	0	0	1	3	
0	0	1	0	2	0	0	0	0	0	0	1	0	0	0	0	2	0	0	0	1	0	1	1	0	1	0	0	
0	2	0	0	0	0	2	0	0	0	0	2	0	1	1	0	0	0	0	0	2	0	2	0	0	1	2	0	
0	0	0	0	0	0	0	0	0	0	0	1	0	2	0	3	3	0	0	0	1	0	0	0	0	0	0	0	
1	0	0	1	1	2	0	2	1	0	0	0	0	0	0	0	3	0	0	0	0	0	0	0	0	0	0	0	
0	0	0	0	1	1	0	3	2	0	0	0	0	1	0	0	3	3	0	0	0	0	2	0	0	0	1	1	
1	2	1	0	0	0	0	3	0	0	1	1	2	0	0	0	3	0	1	0	0	0	0	0	0	0	0	0	
1	2	1	1	0	0	1	3	1	1	0	1	2	0	0	0	0	0	0	0	0	0	0	1	0	0	0	0	
1	0	0	0	2	0	1	3	0	1	0	1	2	2	0	0	3	2	0	1	1	0	2	3	0	0	0	0	
1	0	1	1	1	0	0	3	0	3	1	1	1	0	0	0	0	0	0	0	1	0	0	0	1	1	1	0	
1	0	1	1	1	1	0	0	0	0	0	1	2	1	2	0	0	0	0	0	1	0	0	0	0	2	1	0	
2	0	3	0	1	0	0	3	1	0	1	1	3	1	0	0	0	0	0	0	0	0	0	0	0	0	0	1	
0	0	1	0	0	0	0	2	1	1	0	1	0	0	2	3	0	0	0	0	1	0	0	0	0	0	2	0	
0	0	0	0	0	1	1	0	0	0	1	1	2	1	1	0	0	0	0	0	0	1	0	0	0	0	1	0	
--------------------

--------------------
Best Solution Found!
--------------------
Time: 0 hour(s), 0 minute(s), 0 second(s), 27 millisecond(s)

Fitness: 156783

1	0	0	1	0	0	1	0	0	0	0	0	0	0	0	0	0	0	0	0	0	0	2	0	0	0	1	0	
2	2	1	2	1	1	0	2	1	0	0	0	2	0	2	0	0	0	0	0	1	2	2	1	0	0	1	1	
0	0	1	1	2	1	0	0	1	1	3	0	0	0	1	3	3	0	0	0	0	0	0	1	0	2	1	1	
0	0	1	2	1	1	0	0	0	0	0	0	0	0	0	0	0	0	3	0	0	0	0	0	0	0	0	0	
1	2	0	1	1	1	1	3	0	1	1	0	0	0	0	0	0	3	0	0	1	0	0	0	0	0	0	0	
2	0	0	0	1	2	1	0	0	0	0	0	1	1	0	0	0	3	0	0	1	0	1	0	0	0	0	0	
0	0	1	0	0	0	0	3	1	0	1	2	2	0	1	0	0	0	0	0	2	0	0	0	0	0	1	0	
1	0	0	1	0	0	1	3	1	1	0	0	0	0	0	0	2	0	3	0	0	1	0	0	0	0	0	0	
0	0	0	0	0	1	0	3	1	1	1	1	0	3	0	2	0	0	0	0	0	0	0	1	2	2	1	0	
1	2	2	0	0	0	0	3	0	0	0	0	2	1	0	0	0	0	0	0	2	0	0	0	0	1	1	1	
2	2	0	1	0	0	0	3	0	1	0	0	2	1	0	0	0	0	0	0	1	0	0	0	2	0	2	0	
0	2	3	0	0	1	0	0	2	0	0	0	2	0	0	0	0	0	0	0	0	0	0	0	0	0	0	0	
1	3	1	1	0	1	1	0	0	3	1	2	0	1	0	3	3	3	1	0	0	0	0	0	0	0	0	0	
0	0	0	2	1	0	2	0	0	1	1	0	0	0	0	3	0	0	0	0	1	1	0	1	0	0	1	0	
1	2	1	0	0	0	0	0	0	0	0	0	2	0	1	0	0	3	0	0	0	0	0	0	0	1	0	0	
1	2	1	0	0	0	0	0	1	0	1	1	2	1	0	0	0	0	0	0	0	0	0	0	0	0	1	1	
1	1	0	1	1	0	1	0	0	1	3	1	0	0	0	0	0	0	0	0	0	0	1	0	0	0	1	3	
0	0	1	0	2	0	0	0	0	0	0	1	0	0	0	0	2	0	0	0	1	0	1	1	0	1	0	0	
0	2	0	0	0	0	2	0	0	0	0	2	0	1	1	0	0	0	0	0	2	0	2	0	0	1	2	0	
0	0	0	0	0	0	0	0	0	0	0	1	0	2	0	3	3	0	0	0	1	0	0	0	0	0	0	0	
1	0	0	1	1	2	0	2	1	0	0	0	0	0	0	0	3	0	0	0	0	0	0	0	0	0	0	0	
0	0	0	0	1	1	0	3	2	0	0	0	0	1	0	0	3	3	0	0	0	0	2	0	0	0	1	1	
1	2	1	0	0	0	0	3	0	0	1	1	2	0	0	0	3	0	1	0	0	0	0	0	0	0	0	0	
1	2	1	1	0	0	1	3	1	1	0	1	2	0	0	0	0	0	0	0	0	0	0	1	0	0	0	0	
1	0	0	0	2	0	1	3	0	1	0	1	2	2	0	0	3	2	0	1	1	0	2	3	0	0	0	0	
1	0	1	1	1	0	0	3	0	3	1	1	1	0	0	0	0	0	0	0	1	0	0	0	1	1	1	0	
1	0	1	1	1	1	0	0	0	0	0	1	2	1	2	0	0	0	0	0	1	0	0	0	0	2	1	0	
2	0	3	0	1	0	0	3	1	0	1	1	3	1	0	0	0	0	0	0	0	0	0	0	0	0	0	1	
0	0	1	0	0	0	0	2	1	1	0	1	0	0	2	3	0	0	0	0	1	0	0	0	0	0	2	0	
0	0	0	0	0	1	1	0	0	0	1	1	2	1	1	0	0	0	0	0	0	1	0	0	0	0	1	0	
--------------------

--------------------
Best Solution Found!
--------------------
Time: 0 hour(s), 0 minute(s), 0 second(s), 28 millisecond(s)

Fitness: 156783

1	0	0	1	0	0	1	0	0	0	0	0	0	0	0	0	0	0	0	0	0	0	2	0	0	0	1	0	
2	2	1	2	1	1	0	2	1	0	0	0	2	0	2	0	0	0	0	0	1	2	2	1	0	0	1	1	
0	0	1	1	2	1	0	0	1	1	3	0	0	0	1	3	3	0	0	0	0	0	0	1	0	2	1	1	
0	0	1	2	1	1	0	0	0	0	0	0	0	0	0	0	0	0	3	0	0	0	0	0	0	0	0	0	
1	2	0	1	1	1	1	3	0	1	1	0	0	0	0	0	0	3	0	0	1	0	0	0	0	0	0	0	
2	0	0	0	1	2	1	0	0	0	0	0	1	1	0	0	0	3	0	0	1	0	1	0	0	0	0	0	
0	0	1	0	0	0	0	3	1	0	1	2	2	0	1	0	0	0	0	0	2	0	0	0	0	0	1	0	
1	0	0	1	0	0	1	3	1	1	0	0	0	0	0	0	2	0	3	0	0	1	0	0	0	0	0	0	
0	0	0	0	0	1	0	3	1	1	1	1	0	3	0	2	0	0	0	0	0	0	0	1	2	2	1	0	
1	2	2	0	0	0	0	3	0	0	0	0	2	1	0	0	0	0	0	0	2	0	0	0	0	1	1	1	
2	2	0	1	0	0	0	3	0	1	0	0	2	1	0	0	0	0	0	0	1	0	0	0	2	0	2	0	
0	2	3	0	0	1	0	0	2	0	0	0	2	0	0	0	0	0	0	0	0	0	0	0	0	0	0	0	
1	3	1	1	0	1	1	0	0	3	1	2	0	1	0	3	3	3	1	0	0	0	0	0	0	0	0	0	
0	0	0	2	1	0	2	0	0	1	1	0	0	0	0	3	0	0	0	0	1	1	0	1	0	0	1	0	
1	2	1	0	0	0	0	0	0	0	0	0	2	0	1	0	0	3	0	0	0	0	0	0	0	1	0	0	
1	2	1	0	0	0	0	0	1	0	1	1	2	1	0	0	0	0	0	0	0	0	0	0	0	0	1	1	
1	1	0	1	1	0	1	0	0	1	3	1	0	0	0	0	0	0	0	0	0	0	1	0	0	0	1	3	
0	0	1	0	2	0	0	0	0	0	0	1	0	0	0	0	2	0	0	0	1	0	1	1	0	1	0	0	
0	2	0	0	0	0	2	0	0	0	0	2	0	1	1	0	0	0	0	0	2	0	2	0	0	1	2	0	
0	0	0	0	0	0	0	0	0	0	0	1	0	2	0	3	3	0	0	0	1	0	0	0	0	0	0	0	
1	0	0	1	1	2	0	2	1	0	0	0	0	0	0	0	3	0	0	0	0	0	0	0	0	0	0	0	
0	0	0	0	1	1	0	3	2	0	0	0	0	1	0	0	3	3	0	0	0	0	2	0	0	0	1	1	
1	2	1	0	0	0	0	3	0	0	1	1	2	0	0	0	3	0	1	0	0	0	0	0	0	0	0	0	
1	2	1	1	0	0	1	3	1	1	0	1	2	0	0	0	0	0	0	0	0	0	0	1	0	0	0	0	
1	0	0	0	2	0	1	3	0	1	0	1	2	2	0	0	3	2	0	1	1	0	2	3	0	0	0	0	
1	0	1	1	1	0	0	3	0	3	1	1	1	0	0	0	0	0	0	0	1	0	0	0	1	1	1	0	
1	0	1	1	1	1	0	0	0	0	0	1	2	1	2	0	0	0	0	0	1	0	0	0	0	2	1	0	
2	0	3	0	1	0	0	3	1	0	1	1	3	1	0	0	0	0	0	0	0	0	0	0	0	0	0	1	
0	0	1	0	0	0	0	2	1	1	0	1	0	0	2	3	0	0	0	0	1	0	0	0	0	0	2	0	
0	0	0	0	0	1	1	0	0	0	1	1	2	1	1	0	0	0	0	0	0	1	0	0	0	0	1	0	
--------------------

--------------------
Best Solution Found!
--------------------
Time: 0 hour(s), 0 minute(s), 44 second(s), 379 millisecond(s)

Fitness: 156767

0	0	1	0	1	1	0	3	0	1	0	1	2	2	2	0	0	0	0	0	2	0	2	0	1	1	0	0	
1	0	2	1	0	1	0	0	1	0	0	0	0	0	0	0	0	0	0	0	0	0	0	0	0	0	0	0	
0	0	1	0	2	1	0	3	1	0	1	1	0	1	1	3	3	0	0	0	0	0	0	0	0	0	0	0	
1	0	0	0	0	0	0	0	0	0	0	1	2	0	0	0	0	0	0	0	0	0	0	1	0	0	1	0	
0	0	0	1	1	1	1	0	0	1	1	0	2	1	1	0	0	0	0	0	0	0	0	0	0	0	0	0	
2	0	1	2	1	0	0	0	0	0	0	1	2	0	0	2	3	2	1	0	0	0	0	1	0	1	0	0	
2	2	1	1	0	1	1	0	0	0	0	0	2	1	0	3	0	0	0	0	0	0	0	0	0	0	0	0	
1	0	1	0	0	1	1	3	2	1	0	1	0	0	0	0	0	0	0	0	0	0	1	1	0	0	1	0	
1	0	1	0	0	0	1	3	1	1	0	0	0	1	0	0	0	0	1	0	1	0	0	0	0	0	0	0	
2	0	1	1	0	0	0	3	0	1	0	0	1	0	0	0	0	0	0	0	0	2	0	0	0	0	1	1	
0	0	0	0	1	0	0	0	1	1	3	1	0	0	0	0	0	0	0	0	1	0	0	0	0	0	0	0	
1	2	0	2	1	1	2	2	0	1	1	0	0	0	2	0	0	0	0	0	0	0	0	0	0	0	0	1	
1	0	1	1	1	0	1	3	0	3	1	1	2	0	1	0	2	3	0	0	0	0	0	0	0	0	1	0	
1	0	1	0	1	1	0	0	0	0	1	2	2	0	0	0	0	0	0	0	1	0	0	0	0	0	1	0	
0	3	0	0	0	0	0	0	2	1	0	0	0	1	0	3	0	0	0	0	1	0	1	0	0	0	0	0	
1	0	0	1	1	0	0	0	0	0	0	1	0	0	0	0	3	0	0	0	0	0	0	0	0	1	1	0	
1	2	3	1	0	0	0	0	0	0	0	1	1	3	0	0	0	0	0	0	1	0	0	0	2	2	1	0	
0	0	0	1	1	2	0	0	0	0	1	0	0	0	0	0	0	0	0	0	0	0	0	0	0	0	0	1	
1	0	0	0	0	2	0	3	1	3	1	0	0	1	0	0	3	3	0	0	1	0	0	0	0	0	0	0	
0	2	1	0	0	0	0	3	1	0	0	0	2	1	0	0	2	0	0	0	2	1	1	0	0	0	0	3	
0	0	3	0	1	1	0	3	0	0	1	0	0	1	0	0	0	0	0	0	1	1	2	3	0	1	1	0	
0	2	1	2	0	0	1	2	0	1	3	1	2	0	1	3	3	0	3	0	0	0	0	0	0	0	2	0	
1	1	0	0	0	0	2	2	0	0	0	1	0	1	0	0	0	0	0	0	0	0	2	1	0	0	1	1	
1	0	1	1	0	0	0	3	0	0	0	0	0	0	0	0	0	0	0	0	0	1	0	0	0	2	1	0	
0	2	0	1	0	0	1	0	1	0	1	1	2	0	2	0	3	3	0	0	1	0	0	0	0	2	2	0	
0	2	0	1	0	1	0	0	0	0	0	0	2	0	0	0	0	0	0	0	0	0	2	0	0	0	1	0	
0	0	1	0	2	0	0	3	1	0	1	2	0	0	0	0	0	0	3	1	1	0	0	1	2	0	1	1	
2	2	0	0	0	0	1	0	0	0	0	0	2	1	1	3	0	3	0	0	1	0	0	0	0	0	2	1	
1	2	0	0	1	0	0	3	1	0	0	1	3	2	0	0	3	3	0	0	2	0	2	1	0	1	1	0	
1	2	0	0	2	0	1	0	1	1	0	2	0	0	0	0	0	0	0	0	1	0	0	0	0	0	0	0	
--------------------

--------------------
Best Solution Found!
--------------------
Time: 0 hour(s), 0 minute(s), 48 second(s), 719 millisecond(s)

Fitness: 155769

0	0	1	0	1	2	0	3	1	0	1	0	1	1	0	0	0	0	0	0	0	0	0	0	0	0	1	0	
1	2	0	0	0	1	0	3	1	3	0	1	2	1	0	0	3	0	0	0	1	0	0	0	0	0	0	0	
0	0	1	0	0	0	1	2	0	0	0	1	2	1	1	0	2	3	0	0	0	0	0	1	0	0	0	1	
2	2	2	2	1	1	1	2	1	1	0	0	0	1	1	0	3	0	0	0	1	2	0	0	0	1	0	0	
1	2	0	0	2	1	0	0	1	3	1	0	0	0	0	0	0	3	1	0	2	0	0	0	1	1	1	0	
0	0	1	1	0	0	1	0	0	0	0	0	2	0	0	0	0	0	0	0	0	0	0	0	0	0	0	0	
0	0	0	0	0	0	0	3	0	1	1	1	0	0	0	0	2	0	0	0	1	0	1	0	0	0	0	0	
1	2	0	0	1	2	1	0	0	0	0	0	0	0	0	3	0	0	0	0	0	0	0	1	0	0	1	0	
0	0	3	1	1	0	0	0	0	1	1	0	0	0	0	0	3	3	3	1	1	0	0	0	0	1	2	0	
1	3	0	0	1	1	1	0	0	1	0	1	2	1	0	0	0	0	0	0	1	0	0	0	0	0	0	0	
0	1	1	1	1	0	1	2	0	1	0	0	0	0	0	0	0	0	0	0	0	1	1	0	0	2	1	0	
1	0	0	1	2	0	0	0	0	0	0	2	2	0	0	0	0	0	0	0	1	0	2	0	0	0	1	1	
1	2	1	0	0	0	0	3	0	1	0	1	2	0	0	3	0	0	0	0	1	1	0	0	0	0	0	0	
0	2	3	0	0	1	0	3	1	1	0	1	2	0	0	3	0	0	0	0	0	0	0	1	0	0	0	0	
1	2	0	0	0	1	0	0	2	0	0	0	0	0	0	0	0	0	0	0	0	0	2	0	0	0	1	1	
2	2	0	1	0	0	0	3	0	0	1	1	0	0	0	0	0	0	0	0	0	0	0	0	2	0	2	1	
1	0	0	2	1	1	0	3	0	0	1	2	0	1	1	0	0	0	0	0	1	0	0	1	0	0	0	0	
1	0	1	1	1	1	0	0	1	1	0	1	2	2	0	3	0	0	0	0	0	0	0	0	0	0	1	0	
0	0	1	0	0	0	0	3	0	0	1	0	0	0	0	0	3	3	0	0	1	1	2	0	0	0	0	1	
2	2	1	0	0	1	0	0	0	0	3	0	1	1	0	0	3	0	0	0	0	0	0	0	0	0	0	0	
1	2	1	1	0	0	2	0	2	0	0	1	0	3	2	0	0	0	1	0	0	0	0	3	0	0	0	0	
0	0	1	2	1	0	1	3	1	0	0	0	0	1	0	0	0	0	0	0	0	0	2	0	0	2	2	0	
0	0	0	0	0	0	0	0	1	0	1	0	0	1	0	3	3	0	0	0	0	0	0	0	0	0	0	1	
1	0	1	1	1	0	0	3	0	0	3	1	0	0	2	0	0	0	0	0	1	0	0	0	0	0	1	0	
0	0	0	1	0	0	0	3	1	0	0	1	2	0	0	0	0	2	0	0	0	0	0	0	0	1	0	0	
1	0	0	0	0	0	0	0	0	0	0	2	2	2	2	0	0	3	3	0	0	0	2	1	0	1	1	0	
1	0	1	1	1	0	0	0	0	0	0	0	0	0	0	0	0	0	0	0	2	0	0	0	0	0	1	3	
2	0	1	1	2	0	2	3	0	1	0	0	2	0	0	0	0	0	0	0	0	0	1	0	2	0	1	0	
1	0	0	0	0	0	1	0	0	1	1	1	2	0	1	0	3	0	0	0	2	0	0	1	0	2	1	0	
0	0	0	0	0	1	1	0	1	0	1	1	3	1	1	2	0	0	0	0	1	0	0	0	0	0	1	0	
--------------------

--------------------
Best Solution Found!
--------------------
Time: 0 hour(s), 0 minute(s), 48 second(s), 721 millisecond(s)

Fitness: 155769

0	0	1	0	1	2	0	3	1	0	1	0	1	1	0	0	0	0	0	0	0	0	0	0	0	0	1	0	
1	2	0	0	0	1	0	3	1	3	0	1	2	1	0	0	3	0	0	0	1	0	0	0	0	0	0	0	
0	0	1	0	0	0	1	2	0	0	0	1	2	1	1	0	2	3	0	0	0	0	0	1	0	0	0	1	
2	2	2	2	1	1	1	2	1	1	0	0	0	1	1	0	3	0	0	0	1	2	0	0	0	1	0	0	
1	2	0	0	2	1	0	0	1	3	1	0	0	0	0	0	0	3	1	0	2	0	0	0	1	1	1	0	
0	0	1	1	0	0	1	0	0	0	0	0	2	0	0	0	0	0	0	0	0	0	0	0	0	0	0	0	
0	0	0	0	0	0	0	3	0	1	1	1	0	0	0	0	2	0	0	0	1	0	1	0	0	0	0	0	
1	2	0	0	1	2	1	0	0	0	0	0	0	0	0	3	0	0	0	0	0	0	0	1	0	0	1	0	
0	0	3	1	1	0	0	0	0	1	1	0	0	0	0	0	3	3	3	1	1	0	0	0	0	1	2	0	
1	3	0	0	1	1	1	0	0	1	0	1	2	1	0	0	0	0	0	0	1	0	0	0	0	0	0	0	
0	1	1	1	1	0	1	2	0	1	0	0	0	0	0	0	0	0	0	0	0	1	1	0	0	2	1	0	
1	0	0	1	2	0	0	0	0	0	0	2	2	0	0	0	0	0	0	0	1	0	2	0	0	0	1	1	
1	2	1	0	0	0	0	3	0	1	0	1	2	0	0	3	0	0	0	0	1	1	0	0	0	0	0	0	
0	2	3	0	0	1	0	3	1	1	0	1	2	0	0	3	0	0	0	0	0	0	0	1	0	0	0	0	
1	2	0	0	0	1	0	0	2	0	0	0	0	0	0	0	0	0	0	0	0	0	2	0	0	0	1	1	
2	2	0	1	0	0	0	3	0	0	1	1	0	0	0	0	0	0	0	0	0	0	0	0	2	0	2	1	
1	0	0	2	1	1	0	3	0	0	1	2	0	1	1	0	0	0	0	0	1	0	0	1	0	0	0	0	
1	0	1	1	1	1	0	0	1	1	0	1	2	2	0	3	0	0	0	0	0	0	0	0	0	0	1	0	
0	0	1	0	0	0	0	3	0	0	1	0	0	0	0	0	3	3	0	0	1	1	2	0	0	0	0	1	
2	2	1	0	0	1	0	0	0	0	3	0	1	1	0	0	3	0	0	0	0	0	0	0	0	0	0	0	
1	2	1	1	0	0	2	0	2	0	0	1	0	3	2	0	0	0	1	0	0	0	0	3	0	0	0	0	
0	0	1	2	1	0	1	3	1	0	0	0	0	1	0	0	0	0	0	0	0	0	2	0	0	2	2	0	
0	0	0	0	0	0	0	0	1	0	1	0	0	1	0	3	3	0	0	0	0	0	0	0	0	0	0	1	
1	0	1	1	1	0	0	3	0	0	3	1	0	0	2	0	0	0	0	0	1	0	0	0	0	0	1	0	
0	0	0	1	0	0	0	3	1	0	0	1	2	0	0	0	0	2	0	0	0	0	0	0	0	1	0	0	
1	0	0	0	0	0	0	0	0	0	0	2	2	2	2	0	0	3	3	0	0	0	2	1	0	1	1	0	
1	0	1	1	1	0	0	0	0	0	0	0	0	0	0	0	0	0	0	0	2	0	0	0	0	0	1	3	
2	0	1	1	2	0	2	3	0	1	0	0	2	0	0	0	0	0	0	0	0	0	1	0	2	0	1	0	
1	0	0	0	0	0	1	0	0	1	1	1	2	0	1	0	3	0	0	0	2	0	0	1	0	2	1	0	
0	0	0	0	0	1	1	0	1	0	1	1	3	1	1	2	0	0	0	0	1	0	0	0	0	0	1	0	
--------------------

--------------------
Best Solution Found!
--------------------
Time: 0 hour(s), 0 minute(s), 50 second(s), 337 millisecond(s)

Fitness: 153789

1	0	1	0	1	1	0	0	0	0	1	0	0	1	0	0	0	3	0	0	1	1	0	0	0	0	0	0	
1	0	1	1	1	0	0	3	1	0	1	1	0	0	0	0	3	0	0	0	0	0	0	0	0	2	1	0	
0	0	1	0	0	1	1	0	1	1	1	0	1	2	0	0	0	0	0	0	0	0	0	3	0	0	1	1	
0	0	0	1	0	1	0	0	0	0	0	1	2	0	0	0	3	0	1	0	2	0	0	0	0	0	0	0	
2	0	0	1	1	0	0	0	0	1	1	0	0	0	0	0	0	0	0	0	0	0	0	0	0	0	1	1	
1	2	0	0	0	0	0	0	0	1	0	0	2	1	2	0	0	0	0	0	1	0	0	0	0	0	1	0	
1	0	0	1	1	1	0	0	1	0	0	2	0	1	1	0	3	3	3	0	1	0	2	1	0	0	0	0	
0	0	1	0	0	1	1	3	1	0	0	0	2	1	1	0	0	0	0	0	1	0	0	0	0	0	1	0	
1	0	0	0	2	0	0	0	0	0	0	0	2	0	0	0	0	0	0	0	0	0	2	0	0	0	0	0	
1	0	0	0	1	2	2	0	0	0	1	1	2	0	0	0	0	0	0	0	0	0	0	0	0	0	0	1	
0	2	0	0	0	0	0	0	2	1	1	1	0	0	1	0	0	0	0	0	0	0	0	0	0	0	0	1	
1	3	1	0	1	1	0	0	0	1	1	0	0	0	0	0	0	0	0	0	1	2	0	0	0	1	0	0	
0	2	1	1	0	0	1	2	0	1	0	0	0	0	0	0	0	0	3	0	1	0	0	0	0	0	2	1	
0	0	0	2	1	0	0	0	0	0	0	1	2	0	0	0	2	3	0	0	1	0	0	1	2	0	1	0	
0	2	1	1	0	0	1	2	1	0	0	0	0	1	0	3	0	0	0	0	0	0	2	0	0	2	1	1	
1	0	1	0	0	1	1	3	0	0	1	1	0	0	0	0	3	0	0	0	0	0	0	1	0	0	1	0	
1	2	2	0	0	1	2	0	0	0	3	0	0	0	0	3	3	0	0	0	0	0	0	1	1	0	0	0	
0	0	0	0	2	1	0	3	1	0	0	1	0	0	0	0	2	0	0	0	0	0	0	0	0	2	0	0	
1	0	0	1	1	0	1	3	1	1	0	2	2	1	1	0	3	0	0	0	0	0	0	0	0	0	0	0	
2	0	1	2	1	0	0	0	1	1	0	0	0	2	2	2	0	3	0	0	0	1	0	1	0	0	2	3	
0	2	1	0	0	0	0	0	2	0	0	1	0	0	0	0	0	2	0	0	1	1	1	0	2	1	0	0	
0	2	0	1	0	0	0	3	0	0	1	0	2	0	0	3	0	0	0	0	2	0	1	1	0	0	1	0	
1	2	3	1	0	0	0	3	0	1	0	1	0	1	2	3	3	0	0	0	0	0	0	0	0	1	2	0	
1	2	0	0	1	2	0	0	0	3	3	1	2	0	0	3	0	0	0	0	0	0	2	0	0	1	1	0	
2	2	0	0	2	0	0	3	0	3	0	0	1	1	1	0	0	0	0	0	1	0	1	0	0	0	0	0	
0	0	1	2	0	0	1	2	0	0	0	1	2	0	0	0	0	0	0	0	0	0	0	0	0	0	0	0	
1	1	1	0	0	0	0	3	1	0	1	0	3	3	0	0	0	3	1	0	1	0	0	0	0	0	1	0	
1	0	3	1	0	0	1	3	0	0	0	1	0	1	0	0	0	0	0	1	1	0	2	0	0	0	0	0	
0	0	1	1	0	1	0	3	0	0	0	2	2	0	0	0	0	0	0	0	0	0	0	0	0	0	1	0	
2	0	0	0	1	0	1	3	1	1	0	1	2	1	0	0	0	0	0	0	2	0	0	0	0	1	1	0	
--------------------

--------------------
Best Solution Found!
--------------------
Time: 0 hour(s), 0 minute(s), 50 second(s), 340 millisecond(s)

Fitness: 153789

1	0	1	0	1	1	0	0	0	0	1	0	0	1	0	0	0	3	0	0	1	1	0	0	0	0	0	0	
1	0	1	1	1	0	0	3	1	0	1	1	0	0	0	0	3	0	0	0	0	0	0	0	0	2	1	0	
0	0	1	0	0	1	1	0	1	1	1	0	1	2	0	0	0	0	0	0	0	0	0	3	0	0	1	1	
0	0	0	1	0	1	0	0	0	0	0	1	2	0	0	0	3	0	1	0	2	0	0	0	0	0	0	0	
2	0	0	1	1	0	0	0	0	1	1	0	0	0	0	0	0	0	0	0	0	0	0	0	0	0	1	1	
1	2	0	0	0	0	0	0	0	1	0	0	2	1	2	0	0	0	0	0	1	0	0	0	0	0	1	0	
1	0	0	1	1	1	0	0	1	0	0	2	0	1	1	0	3	3	3	0	1	0	2	1	0	0	0	0	
0	0	1	0	0	1	1	3	1	0	0	0	2	1	1	0	0	0	0	0	1	0	0	0	0	0	1	0	
1	0	0	0	2	0	0	0	0	0	0	0	2	0	0	0	0	0	0	0	0	0	2	0	0	0	0	0	
1	0	0	0	1	2	2	0	0	0	1	1	2	0	0	0	0	0	0	0	0	0	0	0	0	0	0	1	
0	2	0	0	0	0	0	0	2	1	1	1	0	0	1	0	0	0	0	0	0	0	0	0	0	0	0	1	
1	3	1	0	1	1	0	0	0	1	1	0	0	0	0	0	0	0	0	0	1	2	0	0	0	1	0	0	
0	2	1	1	0	0	1	2	0	1	0	0	0	0	0	0	0	0	3	0	1	0	0	0	0	0	2	1	
0	0	0	2	1	0	0	0	0	0	0	1	2	0	0	0	2	3	0	0	1	0	0	1	2	0	1	0	
0	2	1	1	0	0	1	2	1	0	0	0	0	1	0	3	0	0	0	0	0	0	2	0	0	2	1	1	
1	0	1	0	0	1	1	3	0	0	1	1	0	0	0	0	3	0	0	0	0	0	0	1	0	0	1	0	
1	2	2	0	0	1	2	0	0	0	3	0	0	0	0	3	3	0	0	0	0	0	0	1	1	0	0	0	
0	0	0	0	2	1	0	3	1	0	0	1	0	0	0	0	2	0	0	0	0	0	0	0	0	2	0	0	
1	0	0	1	1	0	1	3	1	1	0	2	2	1	1	0	3	0	0	0	0	0	0	0	0	0	0	0	
2	0	1	2	1	0	0	0	1	1	0	0	0	2	2	2	0	3	0	0	0	1	0	1	0	0	2	3	
0	2	1	0	0	0	0	0	2	0	0	1	0	0	0	0	0	2	0	0	1	1	1	0	2	1	0	0	
0	2	0	1	0	0	0	3	0	0	1	0	2	0	0	3	0	0	0	0	2	0	1	1	0	0	1	0	
1	2	3	1	0	0	0	3	0	1	0	1	0	1	2	3	3	0	0	0	0	0	0	0	0	1	2	0	
1	2	0	0	1	2	0	0	0	3	3	1	2	0	0	3	0	0	0	0	0	0	2	0	0	1	1	0	
2	2	0	0	2	0	0	3	0	3	0	0	1	1	1	0	0	0	0	0	1	0	1	0	0	0	0	0	
0	0	1	2	0	0	1	2	0	0	0	1	2	0	0	0	0	0	0	0	0	0	0	0	0	0	0	0	
1	1	1	0	0	0	0	3	1	0	1	0	3	3	0	0	0	3	1	0	1	0	0	0	0	0	1	0	
1	0	3	1	0	0	1	3	0	0	0	1	0	1	0	0	0	0	0	1	1	0	2	0	0	0	0	0	
0	0	1	1	0	1	0	3	0	0	0	2	2	0	0	0	0	0	0	0	0	0	0	0	0	0	1	0	
2	0	0	0	1	0	1	3	1	1	0	1	2	1	0	0	0	0	0	0	2	0	0	0	0	1	1	0	
--------------------

--------------------
Best Solution Found!
--------------------
Time: 0 hour(s), 0 minute(s), 50 second(s), 341 millisecond(s)

Fitness: 153789

1	0	1	0	1	1	0	0	0	0	1	0	0	1	0	0	0	3	0	0	1	1	0	0	0	0	0	0	
1	0	1	1	1	0	0	3	1	0	1	1	0	0	0	0	3	0	0	0	0	0	0	0	0	2	1	0	
0	0	1	0	0	1	1	0	1	1	1	0	1	2	0	0	0	0	0	0	0	0	0	3	0	0	1	1	
0	0	0	1	0	1	0	0	0	0	0	1	2	0	0	0	3	0	1	0	2	0	0	0	0	0	0	0	
2	0	0	1	1	0	0	0	0	1	1	0	0	0	0	0	0	0	0	0	0	0	0	0	0	0	1	1	
1	2	0	0	0	0	0	0	0	1	0	0	2	1	2	0	0	0	0	0	1	0	0	0	0	0	1	0	
1	0	0	1	1	1	0	0	1	0	0	2	0	1	1	0	3	3	3	0	1	0	2	1	0	0	0	0	
0	0	1	0	0	1	1	3	1	0	0	0	2	1	1	0	0	0	0	0	1	0	0	0	0	0	1	0	
1	0	0	0	2	0	0	0	0	0	0	0	2	0	0	0	0	0	0	0	0	0	2	0	0	0	0	0	
1	0	0	0	1	2	2	0	0	0	1	1	2	0	0	0	0	0	0	0	0	0	0	0	0	0	0	1	
0	2	0	0	0	0	0	0	2	1	1	1	0	0	1	0	0	0	0	0	0	0	0	0	0	0	0	1	
1	3	1	0	1	1	0	0	0	1	1	0	0	0	0	0	0	0	0	0	1	2	0	0	0	1	0	0	
0	2	1	1	0	0	1	2	0	1	0	0	0	0	0	0	0	0	3	0	1	0	0	0	0	0	2	1	
0	0	0	2	1	0	0	0	0	0	0	1	2	0	0	0	2	3	0	0	1	0	0	1	2	0	1	0	
0	2	1	1	0	0	1	2	1	0	0	0	0	1	0	3	0	0	0	0	0	0	2	0	0	2	1	1	
1	0	1	0	0	1	1	3	0	0	1	1	0	0	0	0	3	0	0	0	0	0	0	1	0	0	1	0	
1	2	2	0	0	1	2	0	0	0	3	0	0	0	0	3	3	0	0	0	0	0	0	1	1	0	0	0	
0	0	0	0	2	1	0	3	1	0	0	1	0	0	0	0	2	0	0	0	0	0	0	0	0	2	0	0	
1	0	0	1	1	0	1	3	1	1	0	2	2	1	1	0	3	0	0	0	0	0	0	0	0	0	0	0	
2	0	1	2	1	0	0	0	1	1	0	0	0	2	2	2	0	3	0	0	0	1	0	1	0	0	2	3	
0	2	1	0	0	0	0	0	2	0	0	1	0	0	0	0	0	2	0	0	1	1	1	0	2	1	0	0	
0	2	0	1	0	0	0	3	0	0	1	0	2	0	0	3	0	0	0	0	2	0	1	1	0	0	1	0	
1	2	3	1	0	0	0	3	0	1	0	1	0	1	2	3	3	0	0	0	0	0	0	0	0	1	2	0	
1	2	0	0	1	2	0	0	0	3	3	1	2	0	0	3	0	0	0	0	0	0	2	0	0	1	1	0	
2	2	0	0	2	0	0	3	0	3	0	0	1	1	1	0	0	0	0	0	1	0	1	0	0	0	0	0	
0	0	1	2	0	0	1	2	0	0	0	1	2	0	0	0	0	0	0	0	0	0	0	0	0	0	0	0	
1	1	1	0	0	0	0	3	1	0	1	0	3	3	0	0	0	3	1	0	1	0	0	0	0	0	1	0	
1	0	3	1	0	0	1	3	0	0	0	1	0	1	0	0	0	0	0	1	1	0	2	0	0	0	0	0	
0	0	1	1	0	1	0	3	0	0	0	2	2	0	0	0	0	0	0	0	0	0	0	0	0	0	1	0	
2	0	0	0	1	0	1	3	1	1	0	1	2	1	0	0	0	0	0	0	2	0	0	0	0	1	1	0	
--------------------

--------------------
Best Solution Found!
--------------------
Time: 0 hour(s), 1 minute(s), 3 second(s), 260 millisecond(s)

Fitness: 151783

0	0	1	0	0	0	1	3	0	1	0	1	2	0	1	0	0	3	0	0	0	0	0	1	0	0	0	0	
1	0	0	2	1	1	0	3	1	0	1	1	2	0	0	0	0	0	0	0	0	0	0	0	0	0	0	0	
2	2	0	0	1	1	1	0	0	0	0	0	0	1	0	0	0	0	0	0	0	0	1	0	0	1	0	0	
0	0	0	0	0	0	1	3	0	0	0	0	2	1	0	0	0	0	0	0	1	0	0	0	0	2	1	0	
1	0	1	0	1	2	0	0	2	3	0	2	2	1	0	0	0	0	0	0	1	0	2	0	0	1	1	0	
1	2	0	0	1	1	0	3	0	1	0	0	2	1	1	0	0	0	0	0	0	0	0	0	0	0	1	0	
2	0	1	1	2	0	1	3	0	1	1	1	0	0	0	0	3	3	0	0	0	0	2	1	0	1	1	0	
0	3	1	0	0	1	0	0	0	0	0	0	0	0	0	0	0	0	0	1	0	0	0	0	0	0	2	0	
1	0	1	0	0	0	0	0	0	0	0	1	2	1	0	0	0	0	1	0	0	0	0	0	0	0	0	0	
0	0	3	1	1	0	0	0	0	1	0	1	0	0	0	0	2	0	0	0	1	0	0	0	0	0	0	1	
1	0	1	0	1	1	0	3	0	1	1	0	0	0	2	0	0	0	0	0	2	1	1	0	0	0	0	0	
0	2	1	0	0	1	0	3	1	1	1	1	0	1	0	0	0	0	0	0	0	2	0	0	0	0	0	0	
1	0	1	0	1	0	2	3	1	0	3	1	0	0	0	2	3	0	0	0	0	0	0	3	0	0	1	1	
0	0	0	1	0	2	0	2	1	0	0	0	2	0	0	3	0	3	3	0	0	0	2	0	0	1	1	0	
1	0	1	1	1	0	1	0	0	0	0	1	1	1	0	0	0	0	0	0	2	1	0	0	0	0	0	0	
1	2	1	1	0	1	0	0	0	1	1	1	0	0	0	0	0	0	0	0	1	0	0	0	2	2	2	0	
1	2	2	2	0	0	0	0	0	0	1	2	0	1	2	0	3	0	0	0	0	0	0	0	0	0	1	0	
0	0	1	1	0	0	0	0	1	0	0	0	0	0	0	0	0	2	0	0	1	1	0	0	0	0	0	0	
0	2	1	0	1	1	0	2	0	0	0	0	2	0	0	0	3	3	0	0	0	0	1	1	0	0	1	1	
1	2	1	1	2	0	1	2	1	0	0	2	2	0	0	0	0	0	0	0	0	0	0	0	0	0	0	0	
0	0	0	0	1	0	1	3	0	0	0	1	3	3	0	3	2	0	3	0	1	0	0	1	0	2	1	0	
2	0	0	0	0	0	0	0	2	0	0	0	0	0	1	0	0	0	0	0	0	0	0	0	0	0	0	0	
0	0	0	0	0	1	1	0	1	0	1	1	2	0	0	3	0	0	0	0	0	0	0	0	0	0	2	0	
1	0	0	1	1	1	0	0	0	0	0	0	0	2	1	3	0	0	0	0	1	0	0	0	2	1	0	0	
2	0	0	0	0	0	1	3	1	3	1	0	0	0	1	0	3	0	0	0	1	0	2	1	1	0	0	3	
0	2	0	1	2	0	0	0	1	0	0	0	2	1	0	3	3	0	0	0	1	0	2	0	0	0	1	0	
1	0	3	1	0	0	0	0	1	0	0	1	1	0	0	0	0	0	0	0	1	0	0	1	0	0	1	1	
1	2	0	1	0	0	0	0	0	1	1	1	2	0	0	0	0	0	0	0	0	0	0	0	0	0	1	1	
1	2	0	0	0	0	0	3	0	1	3	0	0	2	0	0	0	0	0	0	2	0	0	0	0	0	0	0	
0	1	0	2	0	0	2	3	0	1	1	0	0	1	2	0	3	3	1	0	1	0	0	0	0	0	1	1	
--------------------

--------------------
Best Solution Found!
--------------------
Time: 0 hour(s), 1 minute(s), 3 second(s), 263 millisecond(s)

Fitness: 151783

0	0	1	0	0	0	1	3	0	1	0	1	2	0	1	0	0	3	0	0	0	0	0	1	0	0	0	0	
1	0	0	2	1	1	0	3	1	0	1	1	2	0	0	0	0	0	0	0	0	0	0	0	0	0	0	0	
2	2	0	0	1	1	1	0	0	0	0	0	0	1	0	0	0	0	0	0	0	0	1	0	0	1	0	0	
0	0	0	0	0	0	1	3	0	0	0	0	2	1	0	0	0	0	0	0	1	0	0	0	0	2	1	0	
1	0	1	0	1	2	0	0	2	3	0	2	2	1	0	0	0	0	0	0	1	0	2	0	0	1	1	0	
1	2	0	0	1	1	0	3	0	1	0	0	2	1	1	0	0	0	0	0	0	0	0	0	0	0	1	0	
2	0	1	1	2	0	1	3	0	1	1	1	0	0	0	0	3	3	0	0	0	0	2	1	0	1	1	0	
0	3	1	0	0	1	0	0	0	0	0	0	0	0	0	0	0	0	0	1	0	0	0	0	0	0	2	0	
1	0	1	0	0	0	0	0	0	0	0	1	2	1	0	0	0	0	1	0	0	0	0	0	0	0	0	0	
0	0	3	1	1	0	0	0	0	1	0	1	0	0	0	0	2	0	0	0	1	0	0	0	0	0	0	1	
1	0	1	0	1	1	0	3	0	1	1	0	0	0	2	0	0	0	0	0	2	1	1	0	0	0	0	0	
0	2	1	0	0	1	0	3	1	1	1	1	0	1	0	0	0	0	0	0	0	2	0	0	0	0	0	0	
1	0	1	0	1	0	2	3	1	0	3	1	0	0	0	2	3	0	0	0	0	0	0	3	0	0	1	1	
0	0	0	1	0	2	0	2	1	0	0	0	2	0	0	3	0	3	3	0	0	0	2	0	0	1	1	0	
1	0	1	1	1	0	1	0	0	0	0	1	1	1	0	0	0	0	0	0	2	1	0	0	0	0	0	0	
1	2	1	1	0	1	0	0	0	1	1	1	0	0	0	0	0	0	0	0	1	0	0	0	2	2	2	0	
1	2	2	2	0	0	0	0	0	0	1	2	0	1	2	0	3	0	0	0	0	0	0	0	0	0	1	0	
0	0	1	1	0	0	0	0	1	0	0	0	0	0	0	0	0	2	0	0	1	1	0	0	0	0	0	0	
0	2	1	0	1	1	0	2	0	0	0	0	2	0	0	0	3	3	0	0	0	0	1	1	0	0	1	1	
1	2	1	1	2	0	1	2	1	0	0	2	2	0	0	0	0	0	0	0	0	0	0	0	0	0	0	0	
0	0	0	0	1	0	1	3	0	0	0	1	3	3	0	3	2	0	3	0	1	0	0	1	0	2	1	0	
2	0	0	0	0	0	0	0	2	0	0	0	0	0	1	0	0	0	0	0	0	0	0	0	0	0	0	0	
0	0	0	0	0	1	1	0	1	0	1	1	2	0	0	3	0	0	0	0	0	0	0	0	0	0	2	0	
1	0	0	1	1	1	0	0	0	0	0	0	0	2	1	3	0	0	0	0	1	0	0	0	2	1	0	0	
2	0	0	0	0	0	1	3	1	3	1	0	0	0	1	0	3	0	0	0	1	0	2	1	1	0	0	3	
0	2	0	1	2	0	0	0	1	0	0	0	2	1	0	3	3	0	0	0	1	0	2	0	0	0	1	0	
1	0	3	1	0	0	0	0	1	0	0	1	1	0	0	0	0	0	0	0	1	0	0	1	0	0	1	1	
1	2	0	1	0	0	0	0	0	1	1	1	2	0	0	0	0	0	0	0	0	0	0	0	0	0	1	1	
1	2	0	0	0	0	0	3	0	1	3	0	0	2	0	0	0	0	0	0	2	0	0	0	0	0	0	0	
0	1	0	2	0	0	2	3	0	1	1	0	0	1	2	0	3	3	1	0	1	0	0	0	0	0	1	1	
--------------------

--------------------
Best Solution Found!
--------------------
Time: 0 hour(s), 5 minute(s), 13 second(s), 992 millisecond(s)

Fitness: 150776

1	0	3	0	1	2	0	3	0	0	1	2	2	0	0	0	0	0	0	0	1	1	0	0	0	0	0	0	
0	0	3	2	0	1	0	3	1	0	0	0	0	3	0	0	0	0	0	0	0	0	0	0	0	0	2	1	
0	0	0	0	0	1	1	3	2	0	0	1	2	1	0	0	3	3	0	0	0	0	2	0	0	0	0	0	
0	2	1	1	1	0	1	0	0	0	3	1	0	0	2	0	3	3	0	0	0	0	0	0	0	0	1	1	
1	0	0	1	0	0	0	0	1	0	0	0	0	0	1	0	0	0	1	0	0	0	2	1	0	1	1	0	
0	0	1	1	0	0	1	3	0	0	1	1	2	0	0	0	2	0	0	0	0	0	0	1	0	0	0	0	
1	0	1	0	0	0	0	3	0	0	0	0	0	0	1	0	0	0	0	0	1	0	0	0	0	0	1	3	
1	2	1	0	0	0	0	0	0	1	0	1	2	1	0	0	0	0	0	0	0	0	0	0	0	0	1	1	
0	2	1	1	2	0	1	0	0	3	0	0	2	1	0	3	3	3	0	0	1	0	0	0	0	1	2	0	
1	2	0	1	0	0	0	2	1	1	0	1	2	0	0	0	0	0	0	0	2	1	0	0	0	0	0	0	
1	0	1	0	0	0	2	3	0	1	0	1	3	0	0	2	0	0	0	0	2	2	2	0	2	0	0	0	
2	2	2	1	1	1	1	0	2	0	0	1	2	2	1	0	0	0	0	0	0	0	0	1	0	1	1	0	
0	0	0	0	0	0	0	0	1	0	1	1	0	1	1	0	3	3	0	0	1	0	0	1	0	1	1	0	
0	1	1	0	0	0	0	0	0	3	1	0	0	0	0	3	2	0	0	0	0	1	0	0	0	0	1	0	
1	0	0	0	0	0	0	2	1	0	0	0	1	1	0	0	0	0	0	0	1	0	0	0	0	0	0	0	
1	0	0	0	1	0	0	3	1	1	0	0	0	0	0	0	0	0	0	0	1	0	0	1	0	0	0	0	
0	0	0	2	0	0	0	0	0	0	0	0	2	1	0	0	0	0	0	0	0	0	1	0	0	0	0	0	
0	0	0	1	0	1	0	3	1	1	1	0	2	0	0	0	0	0	0	0	0	0	1	3	0	2	0	0	
0	0	0	0	1	1	1	0	0	0	0	0	0	0	2	0	0	0	0	0	0	0	1	0	0	0	1	1	
1	0	0	0	1	0	0	3	0	1	0	0	0	1	0	0	0	0	1	0	1	0	0	0	0	1	0	0	
2	0	0	1	2	0	2	3	1	1	3	1	0	1	0	0	3	3	0	0	2	0	0	0	1	0	0	0	
1	0	1	0	2	0	0	0	1	0	0	2	2	1	0	3	3	0	0	0	1	0	0	0	0	0	1	1	
1	0	0	2	1	1	1	0	0	1	1	0	2	2	0	0	0	0	0	0	0	0	0	0	0	0	1	0	
1	0	1	1	1	0	0	0	1	1	1	0	0	0	0	0	0	2	0	0	1	0	0	0	0	0	1	0	
1	2	0	1	1	1	0	0	0	1	1	1	1	0	0	0	0	0	3	0	1	0	0	0	0	2	1	0	
1	3	1	1	0	1	1	0	0	0	0	2	0	0	0	0	0	0	0	0	1	0	0	0	0	0	0	0	
0	2	1	0	1	2	0	3	0	0	1	1	2	1	0	0	0	0	0	0	0	0	0	0	2	0	0	0	
0	2	1	0	0	0	0	0	0	0	0	0	0	0	0	3	0	0	3	1	0	0	0	0	0	0	1	1	
2	2	0	0	0	1	0	2	0	0	0	1	0	0	1	3	0	0	0	0	0	0	2	1	0	0	2	0	
2	2	1	0	1	1	1	3	0	0	1	1	0	0	2	0	3	0	0	0	0	0	2	0	0	2	0	0	
--------------------


The best solution was found at the restart: 18, population: 0
Total Time Elapsed: 0 hour(s), 10 minute(s), 22 second(s), 45 millisecond(s)

