--------------------
Best Solution Found!
--------------------
Time: 0 hour(s), 0 minute(s), 0 second(s), 3 millisecond(s)

Fitness: 74249

0	2	0	0	0	0	1	
3	1	0	0	0	0	1	
0	0	0	0	0	0	0	
0	1	1	0	0	0	2	
0	0	1	0	0	0	0	
1	0	0	1	0	0	0	
3	2	0	0	0	0	0	
0	0	0	0	0	0	2	
3	0	2	0	0	0	0	
1	0	0	0	0	0	1	
3	0	0	1	0	0	0	
0	0	0	0	0	0	0	
0	0	0	2	0	0	0	
0	1	0	2	3	0	3	
3	2	0	2	2	0	1	
0	0	2	1	0	0	0	
0	2	0	0	0	3	0	
0	0	0	0	0	0	0	
0	1	0	1	0	0	0	
0	1	0	0	0	0	0	
0	0	0	1	0	0	0	
1	1	0	0	0	0	0	
0	0	0	0	0	3	0	
0	2	0	0	0	0	0	
0	0	0	0	0	2	1	
0	1	0	0	0	0	0	
0	0	0	0	0	0	0	
0	0	0	0	0	3	2	
3	0	1	0	2	0	0	
3	0	0	0	0	0	0	
0	2	0	2	0	1	0	
0	0	0	0	0	0	0	
0	0	0	1	0	0	0	
0	0	0	0	0	0	0	
0	0	0	0	0	0	1	
1	0	0	0	0	0	0	
0	0	0	0	0	0	0	
0	0	0	0	0	0	0	
0	0	0	2	0	0	0	
0	0	0	0	0	3	0	
0	0	1	0	0	3	0	
0	0	0	0	0	0	0	
0	0	0	0	0	0	1	
0	0	0	0	0	0	0	
0	0	0	0	0	0	0	
0	0	0	0	0	0	0	
0	0	0	1	0	0	1	
0	0	0	1	0	0	1	
0	0	0	0	0	0	1	
0	1	0	0	0	3	0	
1	2	0	0	0	0	0	
1	0	0	1	0	0	0	
3	0	0	0	0	0	2	
0	2	0	0	0	0	0	
0	0	0	0	0	0	1	
0	0	0	0	0	0	0	
3	0	0	0	0	3	0	
0	0	0	0	0	0	0	
0	0	2	1	0	0	0	
0	0	1	1	0	0	1	
1	1	0	0	0	0	0	
1	0	0	2	0	0	0	
0	0	0	0	0	3	0	
1	0	0	0	0	0	0	
1	1	0	0	0	1	0	
0	0	0	2	0	0	0	
0	0	0	0	0	0	0	
3	1	0	0	0	0	0	
0	0	0	0	0	0	3	
0	0	2	0	0	2	0	
0	0	2	0	0	0	0	
0	2	0	0	0	0	0	
0	0	0	2	0	0	0	
0	0	2	0	0	0	0	
3	1	0	0	0	0	0	
--------------------

--------------------
Best Solution Found!
--------------------
Time: 0 hour(s), 0 minute(s), 0 second(s), 5 millisecond(s)

Fitness: 74249

0	2	0	0	0	0	1	
3	1	0	0	0	0	1	
0	0	0	0	0	0	0	
0	1	1	0	0	0	2	
0	0	1	0	0	0	0	
1	0	0	1	0	0	0	
3	2	0	0	0	0	0	
0	0	0	0	0	0	2	
3	0	2	0	0	0	0	
1	0	0	0	0	0	1	
3	0	0	1	0	0	0	
0	0	0	0	0	0	0	
0	0	0	2	0	0	0	
0	1	0	2	3	0	3	
3	2	0	2	2	0	1	
0	0	2	1	0	0	0	
0	2	0	0	0	3	0	
0	0	0	0	0	0	0	
0	1	0	1	0	0	0	
0	1	0	0	0	0	0	
0	0	0	1	0	0	0	
1	1	0	0	0	0	0	
0	0	0	0	0	3	0	
0	2	0	0	0	0	0	
0	0	0	0	0	2	1	
0	1	0	0	0	0	0	
0	0	0	0	0	0	0	
0	0	0	0	0	3	2	
3	0	1	0	2	0	0	
3	0	0	0	0	0	0	
0	2	0	2	0	1	0	
0	0	0	0	0	0	0	
0	0	0	1	0	0	0	
0	0	0	0	0	0	0	
0	0	0	0	0	0	1	
1	0	0	0	0	0	0	
0	0	0	0	0	0	0	
0	0	0	0	0	0	0	
0	0	0	2	0	0	0	
0	0	0	0	0	3	0	
0	0	1	0	0	3	0	
0	0	0	0	0	0	0	
0	0	0	0	0	0	1	
0	0	0	0	0	0	0	
0	0	0	0	0	0	0	
0	0	0	0	0	0	0	
0	0	0	1	0	0	1	
0	0	0	1	0	0	1	
0	0	0	0	0	0	1	
0	1	0	0	0	3	0	
1	2	0	0	0	0	0	
1	0	0	1	0	0	0	
3	0	0	0	0	0	2	
0	2	0	0	0	0	0	
0	0	0	0	0	0	1	
0	0	0	0	0	0	0	
3	0	0	0	0	3	0	
0	0	0	0	0	0	0	
0	0	2	1	0	0	0	
0	0	1	1	0	0	1	
1	1	0	0	0	0	0	
1	0	0	2	0	0	0	
0	0	0	0	0	3	0	
1	0	0	0	0	0	0	
1	1	0	0	0	1	0	
0	0	0	2	0	0	0	
0	0	0	0	0	0	0	
3	1	0	0	0	0	0	
0	0	0	0	0	0	3	
0	0	2	0	0	2	0	
0	0	2	0	0	0	0	
0	2	0	0	0	0	0	
0	0	0	2	0	0	0	
0	0	2	0	0	0	0	
3	1	0	0	0	0	0	
--------------------

--------------------
Best Solution Found!
--------------------
Time: 0 hour(s), 0 minute(s), 0 second(s), 6 millisecond(s)

Fitness: 74249

0	2	0	0	0	0	1	
3	1	0	0	0	0	1	
0	0	0	0	0	0	0	
0	1	1	0	0	0	2	
0	0	1	0	0	0	0	
1	0	0	1	0	0	0	
3	2	0	0	0	0	0	
0	0	0	0	0	0	2	
3	0	2	0	0	0	0	
1	0	0	0	0	0	1	
3	0	0	1	0	0	0	
0	0	0	0	0	0	0	
0	0	0	2	0	0	0	
0	1	0	2	3	0	3	
3	2	0	2	2	0	1	
0	0	2	1	0	0	0	
0	2	0	0	0	3	0	
0	0	0	0	0	0	0	
0	1	0	1	0	0	0	
0	1	0	0	0	0	0	
0	0	0	1	0	0	0	
1	1	0	0	0	0	0	
0	0	0	0	0	3	0	
0	2	0	0	0	0	0	
0	0	0	0	0	2	1	
0	1	0	0	0	0	0	
0	0	0	0	0	0	0	
0	0	0	0	0	3	2	
3	0	1	0	2	0	0	
3	0	0	0	0	0	0	
0	2	0	2	0	1	0	
0	0	0	0	0	0	0	
0	0	0	1	0	0	0	
0	0	0	0	0	0	0	
0	0	0	0	0	0	1	
1	0	0	0	0	0	0	
0	0	0	0	0	0	0	
0	0	0	0	0	0	0	
0	0	0	2	0	0	0	
0	0	0	0	0	3	0	
0	0	1	0	0	3	0	
0	0	0	0	0	0	0	
0	0	0	0	0	0	1	
0	0	0	0	0	0	0	
0	0	0	0	0	0	0	
0	0	0	0	0	0	0	
0	0	0	1	0	0	1	
0	0	0	1	0	0	1	
0	0	0	0	0	0	1	
0	1	0	0	0	3	0	
1	2	0	0	0	0	0	
1	0	0	1	0	0	0	
3	0	0	0	0	0	2	
0	2	0	0	0	0	0	
0	0	0	0	0	0	1	
0	0	0	0	0	0	0	
3	0	0	0	0	3	0	
0	0	0	0	0	0	0	
0	0	2	1	0	0	0	
0	0	1	1	0	0	1	
1	1	0	0	0	0	0	
1	0	0	2	0	0	0	
0	0	0	0	0	3	0	
1	0	0	0	0	0	0	
1	1	0	0	0	1	0	
0	0	0	2	0	0	0	
0	0	0	0	0	0	0	
3	1	0	0	0	0	0	
0	0	0	0	0	0	3	
0	0	2	0	0	2	0	
0	0	2	0	0	0	0	
0	2	0	0	0	0	0	
0	0	0	2	0	0	0	
0	0	2	0	0	0	0	
3	1	0	0	0	0	0	
--------------------

--------------------
Best Solution Found!
--------------------
Time: 0 hour(s), 0 minute(s), 0 second(s), 15 millisecond(s)

Fitness: 74226

0	0	0	0	0	0	0	
0	1	0	1	0	0	1	
0	0	0	1	0	0	0	
3	0	0	0	0	0	0	
0	0	0	0	0	0	0	
0	0	0	0	0	0	0	
0	0	0	0	0	0	1	
0	0	0	0	0	0	0	
3	0	0	0	0	0	0	
0	1	0	0	0	2	0	
3	0	0	2	0	0	0	
1	1	0	0	0	0	2	
0	0	2	0	0	3	0	
0	1	2	0	0	0	0	
0	0	0	0	0	3	0	
0	2	0	0	0	0	0	
0	0	0	0	0	0	0	
0	1	0	0	0	0	0	
0	0	0	0	0	0	0	
0	0	0	1	0	0	0	
3	0	0	0	0	0	0	
0	0	0	2	0	0	0	
0	0	0	0	0	0	1	
0	0	0	2	0	0	0	
0	0	0	0	0	0	0	
0	0	0	2	0	0	0	
0	0	0	0	0	0	0	
0	2	0	0	0	0	0	
3	0	0	0	0	2	0	
0	1	0	0	0	0	0	
0	0	0	0	0	0	0	
0	0	0	0	0	0	1	
3	0	2	0	0	0	3	
1	0	0	0	0	0	0	
0	0	0	0	0	0	0	
0	0	0	0	0	1	1	
0	0	0	0	3	0	0	
0	0	0	0	0	0	2	
1	2	0	0	0	0	0	
3	2	0	0	0	0	2	
0	0	0	0	0	0	0	
0	2	0	0	0	0	1	
0	0	0	0	0	0	1	
0	0	0	1	0	0	0	
0	1	0	1	0	0	0	
0	0	1	1	0	0	0	
1	0	0	0	0	0	0	
0	0	1	0	0	1	0	
1	0	0	0	0	0	1	
1	0	0	0	0	3	0	
0	1	2	0	0	0	0	
0	0	0	0	0	0	1	
0	0	0	0	0	0	1	
0	1	0	2	0	0	0	
3	0	0	0	0	0	0	
0	0	0	0	0	0	0	
0	0	0	0	0	0	3	
1	2	0	0	0	0	0	
0	2	0	0	2	0	0	
0	1	0	0	0	3	0	
3	2	0	0	0	0	0	
3	0	1	0	0	0	0	
0	0	2	1	0	0	0	
0	0	0	0	0	3	0	
0	1	0	2	0	0	0	
0	0	0	0	0	0	2	
0	0	0	1	0	0	1	
3	0	0	0	0	0	0	
1	0	0	2	0	0	0	
0	0	0	1	0	3	1	
0	0	1	2	0	0	0	
1	1	1	0	2	3	0	
1	0	0	1	0	3	0	
0	2	0	1	0	0	0	
0	0	2	0	0	0	0	
--------------------

--------------------
Best Solution Found!
--------------------
Time: 0 hour(s), 0 minute(s), 0 second(s), 17 millisecond(s)

Fitness: 74226

0	0	0	0	0	0	0	
0	1	0	1	0	0	1	
0	0	0	1	0	0	0	
3	0	0	0	0	0	0	
0	0	0	0	0	0	0	
0	0	0	0	0	0	0	
0	0	0	0	0	0	1	
0	0	0	0	0	0	0	
3	0	0	0	0	0	0	
0	1	0	0	0	2	0	
3	0	0	2	0	0	0	
1	1	0	0	0	0	2	
0	0	2	0	0	3	0	
0	1	2	0	0	0	0	
0	0	0	0	0	3	0	
0	2	0	0	0	0	0	
0	0	0	0	0	0	0	
0	1	0	0	0	0	0	
0	0	0	0	0	0	0	
0	0	0	1	0	0	0	
3	0	0	0	0	0	0	
0	0	0	2	0	0	0	
0	0	0	0	0	0	1	
0	0	0	2	0	0	0	
0	0	0	0	0	0	0	
0	0	0	2	0	0	0	
0	0	0	0	0	0	0	
0	2	0	0	0	0	0	
3	0	0	0	0	2	0	
0	1	0	0	0	0	0	
0	0	0	0	0	0	0	
0	0	0	0	0	0	1	
3	0	2	0	0	0	3	
1	0	0	0	0	0	0	
0	0	0	0	0	0	0	
0	0	0	0	0	1	1	
0	0	0	0	3	0	0	
0	0	0	0	0	0	2	
1	2	0	0	0	0	0	
3	2	0	0	0	0	2	
0	0	0	0	0	0	0	
0	2	0	0	0	0	1	
0	0	0	0	0	0	1	
0	0	0	1	0	0	0	
0	1	0	1	0	0	0	
0	0	1	1	0	0	0	
1	0	0	0	0	0	0	
0	0	1	0	0	1	0	
1	0	0	0	0	0	1	
1	0	0	0	0	3	0	
0	1	2	0	0	0	0	
0	0	0	0	0	0	1	
0	0	0	0	0	0	1	
0	1	0	2	0	0	0	
3	0	0	0	0	0	0	
0	0	0	0	0	0	0	
0	0	0	0	0	0	3	
1	2	0	0	0	0	0	
0	2	0	0	2	0	0	
0	1	0	0	0	3	0	
3	2	0	0	0	0	0	
3	0	1	0	0	0	0	
0	0	2	1	0	0	0	
0	0	0	0	0	3	0	
0	1	0	2	0	0	0	
0	0	0	0	0	0	2	
0	0	0	1	0	0	1	
3	0	0	0	0	0	0	
1	0	0	2	0	0	0	
0	0	0	1	0	3	1	
0	0	1	2	0	0	0	
1	1	1	0	2	3	0	
1	0	0	1	0	3	0	
0	2	0	1	0	0	0	
0	0	2	0	0	0	0	
--------------------

--------------------
Best Solution Found!
--------------------
Time: 0 hour(s), 0 minute(s), 0 second(s), 28 millisecond(s)

Fitness: 73229

0	0	0	2	2	0	0	
3	1	0	0	0	0	1	
0	0	1	0	0	0	0	
0	0	0	0	0	0	0	
1	0	2	0	0	0	0	
1	2	2	1	0	0	1	
0	0	0	0	0	0	0	
0	0	0	0	0	0	0	
3	0	2	0	0	1	0	
0	0	0	0	0	0	2	
0	0	1	0	0	0	0	
3	0	0	0	0	0	0	
0	0	0	0	0	0	0	
0	0	0	0	0	0	1	
0	1	0	0	0	0	0	
0	0	0	0	0	0	0	
0	0	0	0	0	3	0	
0	0	0	0	0	0	0	
0	0	0	0	0	0	0	
0	2	0	1	0	0	0	
0	0	0	2	0	0	0	
3	0	0	0	0	0	0	
0	0	0	0	0	0	2	
1	0	0	0	0	0	0	
0	1	0	0	0	0	0	
0	0	0	0	0	0	0	
0	0	0	1	0	0	0	
0	1	0	0	0	0	0	
0	0	0	0	0	1	1	
0	0	0	0	0	0	0	
1	0	2	0	0	0	1	
0	0	0	1	0	0	0	
1	0	0	0	0	0	0	
0	0	0	2	0	0	0	
0	2	0	0	0	0	3	
0	0	1	1	0	3	1	
0	2	0	2	0	0	0	
0	0	2	0	0	0	0	
3	0	0	0	0	0	0	
0	0	0	2	0	0	1	
1	0	1	1	3	2	0	
3	0	0	2	0	0	0	
0	0	2	0	0	0	0	
3	1	0	0	0	3	0	
0	1	0	0	0	2	0	
0	0	0	0	0	3	1	
0	0	0	1	0	0	0	
0	0	0	0	0	0	0	
0	0	0	0	0	0	0	
0	0	0	1	0	0	0	
3	1	0	0	0	0	0	
0	0	0	1	0	0	1	
3	0	0	0	0	0	1	
0	1	0	0	2	0	1	
0	0	0	0	0	3	0	
0	0	0	1	0	0	0	
0	0	0	0	0	0	0	
0	0	0	0	0	3	0	
0	0	0	0	0	0	0	
3	0	0	0	0	0	0	
0	2	0	0	0	0	2	
0	0	0	0	0	0	0	
0	2	0	0	0	0	0	
1	2	1	0	0	0	2	
0	1	0	0	0	0	0	
1	0	0	0	0	0	0	
0	1	0	2	0	0	0	
0	1	0	0	0	0	0	
0	1	0	0	0	3	3	
1	0	0	2	0	0	0	
0	0	0	0	0	0	0	
0	0	0	1	0	0	0	
1	0	0	0	0	0	1	
3	2	0	0	0	0	0	
0	2	0	0	0	3	0	
--------------------

--------------------
Best Solution Found!
--------------------
Time: 0 hour(s), 0 minute(s), 0 second(s), 51 millisecond(s)

Fitness: 73229

0	0	0	0	0	0	0	
3	0	0	2	0	0	1	
0	0	0	1	0	0	0	
0	1	0	0	0	0	1	
1	2	1	2	0	0	2	
3	1	0	0	0	0	0	
0	0	0	1	0	0	0	
3	0	0	0	0	0	0	
0	0	0	0	0	0	0	
0	1	0	0	0	2	1	
1	2	0	0	0	0	0	
0	0	0	0	0	0	0	
1	1	0	2	0	3	1	
0	0	0	0	0	0	3	
0	0	0	0	0	3	0	
0	0	0	0	0	0	0	
0	0	0	0	0	0	3	
0	0	0	0	0	0	0	
0	0	0	0	0	0	0	
1	0	0	0	0	0	0	
1	0	0	0	0	0	1	
0	1	0	0	0	0	0	
0	0	2	0	0	0	0	
0	2	0	0	0	0	1	
0	0	0	0	0	0	0	
3	2	1	1	0	0	0	
0	1	0	0	0	0	1	
0	0	0	1	0	0	0	
0	0	0	0	0	2	0	
0	1	0	0	0	0	0	
0	0	0	0	0	0	0	
3	0	0	0	0	0	0	
3	0	0	0	0	0	0	
3	0	0	1	0	0	0	
0	0	0	0	2	0	1	
3	0	0	2	0	1	0	
0	0	0	1	0	0	0	
0	1	0	0	0	0	0	
1	0	0	1	0	0	0	
0	0	2	1	0	0	0	
0	0	1	0	0	0	1	
0	2	0	0	0	0	0	
0	0	0	2	0	0	0	
0	0	0	0	0	0	0	
0	1	0	0	0	0	0	
0	0	2	0	0	0	0	
1	0	0	0	0	0	0	
0	0	0	0	0	1	0	
0	0	2	0	0	0	0	
3	0	0	0	0	3	0	
0	1	0	2	0	0	0	
0	0	0	0	0	0	0	
0	0	0	0	0	0	0	
0	0	0	0	0	0	2	
0	0	0	0	0	0	0	
0	2	0	0	3	0	0	
0	0	0	0	0	0	0	
0	0	0	0	0	0	2	
1	1	0	0	2	0	0	
0	0	0	2	0	3	0	
0	0	0	0	0	0	0	
0	2	0	2	0	0	0	
0	0	0	0	0	0	0	
1	2	0	0	0	3	0	
0	1	0	0	0	0	1	
0	0	0	0	0	0	1	
3	2	2	0	0	0	0	
0	0	0	1	0	0	0	
0	0	1	0	0	0	0	
0	0	0	1	0	3	1	
0	0	1	0	0	0	0	
1	0	0	0	0	3	2	
3	0	2	0	0	3	0	
0	0	0	1	0	0	0	
0	0	0	0	0	0	0	
--------------------

--------------------
Best Solution Found!
--------------------
Time: 0 hour(s), 0 minute(s), 0 second(s), 53 millisecond(s)

Fitness: 73229

0	0	0	0	0	0	0	
3	0	0	0	0	0	1	
0	0	0	0	0	0	0	
0	1	0	0	0	0	1	
1	2	1	1	0	0	2	
3	1	0	0	0	0	0	
0	0	0	0	0	0	0	
3	0	0	0	0	0	0	
0	0	0	0	0	0	0	
0	1	0	0	0	2	1	
1	2	0	1	0	0	0	
0	0	0	0	0	0	0	
1	1	0	1	0	3	1	
0	0	0	0	0	0	3	
0	0	0	1	0	3	0	
0	0	0	1	0	0	0	
0	0	0	0	0	0	3	
0	0	0	0	0	0	0	
0	0	0	0	0	0	0	
1	0	0	0	0	0	0	
1	0	0	0	0	0	1	
0	1	0	0	0	0	0	
0	0	2	1	2	0	0	
0	2	0	2	0	0	1	
0	0	0	0	0	0	0	
3	2	1	0	0	0	0	
0	1	0	0	0	0	1	
0	0	0	1	0	0	0	
0	0	0	0	0	2	0	
0	1	0	0	0	0	0	
0	0	0	0	0	0	0	
3	0	0	0	0	0	0	
3	0	0	0	0	0	0	
3	0	0	0	0	0	0	
0	0	0	2	0	0	1	
3	0	0	2	0	1	0	
0	0	0	0	0	0	0	
0	1	0	0	0	0	0	
1	0	0	0	0	0	0	
0	0	2	0	0	0	0	
0	0	1	0	0	0	1	
0	2	0	0	0	0	0	
0	0	0	0	2	0	0	
0	0	0	0	0	0	0	
0	1	0	1	0	0	0	
0	0	2	1	0	0	0	
1	0	0	0	0	0	0	
0	0	0	0	0	1	0	
0	0	2	0	0	0	0	
3	0	0	0	0	3	0	
0	1	0	2	0	0	0	
0	0	0	0	0	0	0	
0	0	0	2	0	0	0	
0	0	0	0	0	0	2	
0	0	0	2	0	0	0	
0	2	0	0	0	0	0	
0	0	0	0	0	0	0	
0	0	0	0	0	0	2	
1	1	0	0	0	0	0	
0	0	0	0	3	3	0	
0	0	0	0	0	0	0	
0	2	0	2	0	0	0	
0	0	0	0	0	0	0	
1	2	0	0	0	3	0	
0	1	0	0	0	0	1	
0	0	0	0	0	0	1	
3	2	2	0	0	0	0	
0	0	0	1	0	0	0	
0	0	1	0	0	0	0	
0	0	0	0	0	3	1	
0	0	1	2	0	0	0	
1	0	0	0	0	3	2	
3	0	2	0	0	3	0	
0	0	0	0	0	0	0	
0	0	0	1	0	0	0	
--------------------

--------------------
Best Solution Found!
--------------------
Time: 0 hour(s), 0 minute(s), 0 second(s), 55 millisecond(s)

Fitness: 73229

0	0	0	0	0	0	0	
3	0	0	0	0	0	1	
0	0	0	0	0	0	0	
0	1	0	0	0	0	1	
1	2	1	1	0	0	2	
3	1	0	0	0	0	0	
0	0	0	0	0	0	0	
3	0	0	0	0	0	0	
0	0	0	0	0	0	0	
0	1	0	0	0	2	1	
1	2	0	1	0	0	0	
0	0	0	0	0	0	0	
1	1	0	1	0	3	1	
0	0	0	0	0	0	3	
0	0	0	1	0	3	0	
0	0	0	1	0	0	0	
0	0	0	0	0	0	3	
0	0	0	0	0	0	0	
0	0	0	0	0	0	0	
1	0	0	0	0	0	0	
1	0	0	0	0	0	1	
0	1	0	0	0	0	0	
0	0	2	1	2	0	0	
0	2	0	2	0	0	1	
0	0	0	0	0	0	0	
3	2	1	0	0	0	0	
0	1	0	0	0	0	1	
0	0	0	1	0	0	0	
0	0	0	0	0	2	0	
0	1	0	0	0	0	0	
0	0	0	0	0	0	0	
3	0	0	0	0	0	0	
3	0	0	0	0	0	0	
3	0	0	0	0	0	0	
0	0	0	2	0	0	1	
3	0	0	2	0	1	0	
0	0	0	0	0	0	0	
0	1	0	0	0	0	0	
1	0	0	0	0	0	0	
0	0	2	0	0	0	0	
0	0	1	0	0	0	1	
0	2	0	0	0	0	0	
0	0	0	0	2	0	0	
0	0	0	0	0	0	0	
0	1	0	1	0	0	0	
0	0	2	1	0	0	0	
1	0	0	0	0	0	0	
0	0	0	0	0	1	0	
0	0	2	0	0	0	0	
3	0	0	0	0	3	0	
0	1	0	2	0	0	0	
0	0	0	0	0	0	0	
0	0	0	2	0	0	0	
0	0	0	0	0	0	2	
0	0	0	2	0	0	0	
0	2	0	0	0	0	0	
0	0	0	0	0	0	0	
0	0	0	0	0	0	2	
1	1	0	0	0	0	0	
0	0	0	0	3	3	0	
0	0	0	0	0	0	0	
0	2	0	2	0	0	0	
0	0	0	0	0	0	0	
1	2	0	0	0	3	0	
0	1	0	0	0	0	1	
0	0	0	0	0	0	1	
3	2	2	0	0	0	0	
0	0	0	1	0	0	0	
0	0	1	0	0	0	0	
0	0	0	0	0	3	1	
0	0	1	2	0	0	0	
1	0	0	0	0	3	2	
3	0	2	0	0	3	0	
0	0	0	0	0	0	0	
0	0	0	1	0	0	0	
--------------------

--------------------
Best Solution Found!
--------------------
Time: 0 hour(s), 0 minute(s), 0 second(s), 130 millisecond(s)

Fitness: 73226

0	1	0	0	3	0	1	
0	0	0	0	0	0	0	
1	0	2	2	0	3	1	
0	0	0	0	0	0	0	
3	1	0	0	0	0	0	
0	2	1	0	2	0	0	
0	0	0	1	0	0	0	
0	0	0	0	0	0	1	
0	0	0	2	0	0	0	
0	0	1	2	2	0	0	
0	0	2	0	0	3	0	
0	0	0	0	0	0	0	
0	0	0	0	0	0	0	
3	0	0	0	0	0	0	
0	0	2	1	0	0	0	
0	0	0	0	0	2	0	
0	2	0	0	0	0	0	
0	0	0	0	0	0	0	
1	0	0	0	0	0	0	
1	0	0	0	0	0	0	
3	2	0	2	0	0	0	
0	0	0	0	0	0	0	
0	0	1	1	0	0	0	
0	1	0	0	0	0	0	
1	1	0	0	0	0	0	
3	0	0	1	0	3	2	
3	2	0	0	0	0	0	
0	0	0	0	0	0	0	
0	0	0	2	0	0	0	
0	0	0	0	0	0	1	
0	2	0	1	0	0	0	
1	1	0	0	0	0	0	
0	0	0	2	0	0	2	
0	1	0	0	0	0	0	
1	0	0	0	0	0	0	
0	0	1	1	0	0	1	
0	0	0	0	0	3	0	
1	0	0	0	0	0	1	
0	0	0	1	0	0	3	
0	2	0	0	0	0	0	
1	0	1	1	0	1	2	
1	0	0	0	0	0	1	
0	0	0	0	0	0	1	
0	0	0	0	0	0	0	
3	0	0	0	0	0	1	
0	0	2	0	0	0	0	
0	0	0	0	0	0	0	
0	0	0	0	0	0	0	
0	0	0	0	0	0	0	
0	0	0	0	0	0	1	
3	1	0	0	0	3	0	
0	0	0	0	0	0	0	
3	0	0	2	0	3	0	
0	2	0	0	0	3	0	
0	0	2	0	0	0	0	
3	0	0	0	0	0	0	
0	1	0	0	0	0	0	
0	1	0	0	0	3	0	
0	2	0	1	0	0	0	
0	0	0	0	0	0	3	
0	0	0	0	0	2	0	
0	0	2	0	0	0	0	
1	0	0	0	0	0	0	
0	1	0	1	0	0	0	
3	0	0	0	0	0	0	
0	0	0	0	0	0	1	
0	0	0	0	0	0	1	
0	0	0	0	0	0	0	
0	0	0	2	0	0	0	
0	1	0	0	0	0	0	
0	1	0	0	0	1	2	
3	0	0	0	0	0	0	
0	0	0	1	0	0	0	
0	2	0	0	0	0	0	
0	0	0	0	0	0	0	
--------------------

--------------------
Best Solution Found!
--------------------
Time: 0 hour(s), 0 minute(s), 0 second(s), 134 millisecond(s)

Fitness: 73226

0	0	0	0	0	0	0	
3	0	0	1	0	0	0	
1	0	0	0	0	3	0	
0	1	0	0	0	0	1	
1	0	1	0	0	0	0	
0	1	0	0	0	0	1	
0	0	0	2	0	0	1	
0	0	0	1	0	0	0	
0	0	0	0	0	0	0	
1	0	0	0	0	0	0	
3	0	0	1	0	3	1	
0	0	0	0	0	0	0	
0	0	0	0	0	0	0	
0	0	2	0	0	0	1	
0	0	0	2	0	0	0	
0	0	0	0	0	2	0	
0	0	0	0	3	0	0	
0	2	0	0	0	0	0	
0	0	0	0	0	0	0	
0	0	0	0	0	0	0	
0	0	1	0	0	0	0	
0	0	0	0	0	0	1	
0	2	2	0	0	0	0	
0	0	0	0	0	0	0	
0	0	0	0	0	0	0	
0	1	2	1	0	3	1	
0	0	0	0	0	0	0	
0	0	0	0	0	0	0	
0	0	0	0	0	0	0	
0	0	0	1	0	0	0	
0	0	0	0	0	0	0	
3	2	1	0	0	0	2	
0	0	0	0	0	0	0	
0	1	0	0	0	0	0	
0	1	0	2	2	0	0	
3	0	0	1	0	0	0	
3	2	0	0	0	3	0	
3	2	0	0	0	0	0	
0	0	1	1	0	0	0	
3	0	0	0	0	0	0	
1	1	0	1	0	1	1	
0	1	0	0	0	0	0	
1	0	0	0	0	0	0	
0	1	0	0	0	0	0	
0	0	0	0	0	0	0	
3	2	0	0	0	0	0	
0	0	0	1	0	0	0	
0	0	0	0	0	0	0	
1	0	0	0	0	0	0	
0	0	0	0	0	0	0	
0	0	0	0	0	3	0	
0	0	0	2	0	0	0	
0	2	0	2	0	3	1	
0	0	0	0	0	3	1	
0	0	0	0	0	0	0	
0	0	0	0	0	0	0	
0	0	0	2	0	0	0	
0	1	2	0	0	3	0	
0	0	0	0	0	0	2	
1	2	0	1	0	0	3	
0	0	0	0	0	2	0	
0	0	0	0	0	0	0	
3	1	2	0	0	0	1	
1	0	0	2	0	0	1	
3	0	1	2	0	0	0	
0	1	0	0	0	0	2	
1	0	0	0	0	0	0	
0	1	0	1	0	0	0	
0	0	0	0	0	0	0	
0	0	0	0	0	0	3	
0	0	0	0	0	1	0	
1	0	0	0	0	0	0	
0	0	2	0	0	0	0	
3	0	0	0	2	0	2	
0	2	0	0	0	0	0	
--------------------

--------------------
Best Solution Found!
--------------------
Time: 0 hour(s), 0 minute(s), 0 second(s), 160 millisecond(s)

Fitness: 73223

3	0	0	0	0	0	0	
0	0	0	2	0	0	0	
0	0	0	0	0	0	0	
0	0	0	0	0	0	0	
0	0	1	0	0	0	0	
0	0	0	0	0	0	1	
0	0	0	0	0	0	0	
0	1	0	0	0	0	0	
0	1	0	0	0	0	2	
1	0	0	0	0	0	0	
0	2	0	1	0	0	0	
0	0	2	0	0	0	1	
1	0	0	0	0	0	2	
0	0	0	0	0	0	0	
0	2	0	0	0	3	0	
0	0	0	0	0	3	0	
0	2	2	1	0	3	1	
3	0	0	0	0	0	0	
0	0	0	0	0	0	0	
0	0	0	1	0	0	0	
3	0	0	0	0	0	0	
0	0	0	0	0	1	0	
3	0	0	0	0	0	2	
1	1	0	0	0	0	0	
1	1	2	1	0	1	0	
0	0	0	0	0	0	1	
0	0	0	0	3	0	0	
0	0	0	0	0	0	1	
3	0	0	0	0	0	2	
0	2	0	0	0	0	0	
0	0	0	0	0	0	0	
1	0	0	0	0	0	0	
0	0	0	1	0	3	1	
0	0	0	2	0	0	0	
0	0	0	0	0	0	3	
0	0	0	0	0	0	1	
0	0	0	0	0	0	0	
3	0	0	0	2	0	0	
0	0	0	0	0	0	0	
0	0	0	0	0	3	0	
0	0	0	1	0	0	0	
0	2	0	0	0	0	0	
0	1	2	1	0	0	0	
0	2	0	0	0	0	0	
0	0	1	0	0	0	0	
0	0	0	0	0	3	0	
3	0	1	0	0	0	1	
1	1	0	0	0	0	1	
1	1	0	1	2	0	0	
0	1	0	0	0	0	0	
0	0	0	0	0	0	0	
0	0	2	0	0	0	0	
0	0	0	0	0	0	0	
0	2	0	2	0	0	0	
0	0	0	2	0	0	0	
0	0	0	0	0	0	0	
0	0	0	2	0	0	0	
1	0	0	2	0	0	3	
0	0	1	0	0	0	0	
1	0	2	2	0	0	1	
3	1	0	1	0	2	0	
0	1	0	0	0	0	0	
0	0	0	0	0	3	0	
0	2	0	0	0	0	0	
1	0	0	0	0	0	0	
3	1	0	0	0	0	0	
0	0	0	2	0	3	1	
0	2	0	0	0	0	0	
0	0	0	1	0	0	0	
0	1	0	0	0	0	0	
0	0	0	1	0	0	0	
0	0	0	0	0	0	0	
3	0	0	0	0	0	0	
0	0	1	0	0	0	0	
3	0	0	0	0	2	1	
--------------------

--------------------
Best Solution Found!
--------------------
Time: 0 hour(s), 0 minute(s), 0 second(s), 206 millisecond(s)

Fitness: 73210

3	2	0	2	0	0	0	
0	0	0	0	0	0	1	
1	0	0	0	0	0	0	
0	0	2	2	0	1	0	
0	0	0	0	0	3	0	
1	1	0	0	0	0	0	
0	1	0	0	0	0	0	
0	2	0	0	0	0	0	
0	0	0	1	0	0	0	
0	2	0	0	0	0	0	
3	0	0	0	0	0	1	
0	0	0	2	0	0	0	
0	0	0	2	0	0	1	
0	0	0	0	0	0	0	
0	0	0	0	0	3	1	
1	1	0	1	0	2	1	
1	0	0	0	0	0	0	
0	2	2	0	3	0	0	
0	0	0	0	0	0	0	
0	2	2	1	0	0	0	
0	2	0	0	0	2	0	
3	0	1	0	0	0	0	
0	0	0	0	0	0	0	
0	0	0	1	0	0	0	
0	0	0	1	0	3	0	
3	2	0	0	0	0	0	
0	0	0	0	0	0	0	
0	1	0	1	0	0	0	
0	1	0	0	0	0	1	
0	0	2	1	0	0	0	
3	0	0	0	0	3	0	
0	0	2	2	0	0	0	
1	0	0	0	0	0	0	
0	0	0	0	0	1	0	
0	0	0	2	0	0	0	
3	1	1	0	0	3	1	
0	0	0	0	0	0	0	
0	0	1	0	0	0	1	
0	0	0	0	2	0	2	
3	2	0	0	0	0	2	
0	0	0	0	0	0	2	
0	0	0	0	0	0	0	
1	0	0	0	0	0	0	
0	1	2	0	0	0	0	
3	0	0	0	0	0	1	
3	0	0	0	0	0	0	
0	0	0	0	0	0	0	
0	1	0	2	0	0	0	
1	0	0	1	0	0	0	
0	0	0	0	0	0	3	
0	0	0	0	0	0	0	
3	2	0	0	0	0	0	
0	0	1	0	0	0	0	
0	1	0	0	0	3	0	
0	0	0	0	0	0	3	
0	0	0	0	0	0	0	
0	1	0	0	0	3	0	
0	0	0	0	0	3	0	
1	0	0	1	0	0	0	
0	0	0	0	0	0	0	
1	0	0	1	2	0	0	
0	0	0	0	0	0	0	
0	0	0	0	0	0	0	
0	0	0	0	0	0	1	
0	0	0	0	0	0	0	
0	1	0	1	0	0	0	
0	1	0	0	0	0	0	
0	0	1	0	0	0	2	
0	0	0	0	0	0	0	
3	0	0	0	0	0	0	
0	0	0	2	0	0	1	
0	0	0	0	0	0	0	
1	0	0	0	0	0	1	
0	0	0	0	0	0	0	
0	0	0	0	0	0	0	
--------------------

--------------------
Best Solution Found!
--------------------
Time: 0 hour(s), 0 minute(s), 0 second(s), 352 millisecond(s)

Fitness: 72229

0	0	0	0	0	0	1	
0	0	1	0	0	0	0	
1	0	0	0	0	0	0	
1	0	0	1	0	0	0	
1	0	0	0	0	0	0	
0	2	0	0	0	0	0	
0	0	0	0	0	0	0	
3	0	0	0	0	0	1	
1	2	0	0	0	0	1	
0	0	0	0	0	0	0	
0	0	0	1	0	0	0	
0	0	0	0	0	0	0	
0	0	0	0	0	2	0	
0	2	0	0	0	0	0	
0	2	0	2	0	3	0	
0	0	0	0	0	0	0	
1	0	1	1	0	3	1	
0	0	0	0	0	0	0	
0	0	0	0	0	0	0	
0	0	2	0	0	0	0	
3	0	0	0	0	0	0	
0	0	0	0	0	3	2	
1	0	0	2	0	0	1	
0	0	0	1	0	0	0	
3	0	0	0	0	0	0	
0	0	0	0	0	0	0	
1	0	1	0	0	0	0	
0	1	0	0	2	0	0	
3	1	0	0	3	0	0	
0	0	0	0	0	0	0	
0	2	0	0	0	0	0	
0	0	0	0	0	0	1	
0	2	1	0	0	0	0	
0	0	0	1	0	0	0	
1	0	0	2	0	0	0	
1	1	2	2	0	0	1	
0	1	0	0	0	3	1	
0	0	0	2	0	0	0	
0	0	2	0	0	0	0	
3	1	0	2	0	3	3	
0	0	0	0	0	0	1	
0	0	0	0	0	3	0	
0	0	0	0	0	0	0	
3	1	0	0	0	0	0	
0	0	0	1	0	0	0	
3	1	0	0	0	0	1	
3	0	2	0	0	0	3	
0	0	0	0	0	0	2	
0	0	0	0	0	0	0	
0	1	0	1	2	0	0	
3	0	0	0	0	0	1	
0	0	0	0	0	0	0	
0	2	0	0	0	0	0	
0	0	0	0	0	0	0	
0	1	0	0	0	3	0	
0	1	0	0	0	0	0	
0	2	0	2	0	1	0	
0	0	1	0	0	0	2	
0	0	0	0	0	0	0	
0	0	0	1	0	0	0	
0	0	0	0	0	0	0	
0	0	0	0	0	0	2	
0	0	2	1	0	0	0	
0	2	0	0	0	0	0	
0	0	0	0	0	0	0	
3	0	0	0	0	0	0	
0	0	2	0	0	0	0	
0	0	0	0	0	0	0	
0	0	0	0	0	0	0	
3	1	0	0	0	0	0	
0	0	0	2	0	0	0	
1	1	0	0	0	2	0	
0	0	0	1	0	1	0	
0	0	0	1	0	0	0	
0	0	0	0	0	3	1	
--------------------

--------------------
Best Solution Found!
--------------------
Time: 0 hour(s), 0 minute(s), 0 second(s), 963 millisecond(s)

Fitness: 72228

0	0	0	0	0	0	0	
0	0	0	0	0	3	0	
1	1	0	0	0	0	0	
0	0	2	2	0	0	0	
1	0	0	0	0	0	0	
0	0	2	2	0	3	1	
3	0	0	1	0	0	1	
0	0	0	0	0	0	1	
0	2	0	0	0	3	0	
0	0	0	0	0	0	0	
0	0	0	0	0	0	0	
0	1	0	0	0	0	0	
0	0	0	0	0	3	0	
0	0	0	0	0	0	0	
0	1	0	0	0	0	0	
1	0	0	0	0	0	0	
3	1	0	1	0	0	3	
0	0	0	0	0	2	0	
1	0	0	0	0	0	0	
0	1	0	1	0	0	0	
0	0	0	2	0	0	2	
0	0	0	0	0	0	0	
0	0	0	0	0	0	0	
0	0	0	0	0	0	0	
3	1	2	1	0	0	2	
1	0	0	0	0	3	0	
0	1	1	2	0	0	0	
0	2	0	0	0	0	0	
0	0	0	0	0	0	2	
0	2	0	2	0	2	0	
1	0	0	0	0	0	1	
0	0	0	0	0	0	0	
0	1	0	2	0	0	0	
0	0	0	0	0	3	0	
1	0	0	0	2	0	1	
3	0	0	0	0	0	0	
0	0	0	0	0	0	0	
0	0	0	0	0	0	0	
0	0	0	0	0	1	0	
0	1	0	0	0	0	1	
3	0	0	0	0	0	0	
0	2	0	0	0	0	0	
0	2	0	1	0	0	0	
3	0	0	0	0	0	1	
0	0	2	0	0	0	0	
3	0	0	0	0	0	0	
3	1	0	1	0	0	1	
0	0	1	0	0	0	1	
0	0	1	0	0	0	0	
0	0	0	0	0	0	0	
3	0	0	0	0	0	0	
0	0	0	0	0	0	0	
0	0	0	0	0	0	0	
1	0	0	0	0	0	0	
0	0	0	0	0	0	0	
0	0	0	1	0	0	0	
3	0	0	0	3	0	0	
0	2	0	0	0	0	1	
0	2	0	1	0	0	0	
0	0	0	2	0	0	0	
0	0	0	0	0	0	0	
0	0	0	0	0	0	0	
1	0	1	0	0	0	0	
0	1	0	0	2	0	0	
0	0	0	0	0	0	0	
0	0	0	0	0	0	1	
0	2	2	1	0	1	2	
3	0	2	1	0	3	1	
0	0	0	2	0	0	3	
1	0	0	0	0	0	0	
0	2	0	0	0	0	0	
0	0	0	0	0	3	0	
0	1	1	1	0	0	0	
0	0	0	0	0	0	0	
0	0	0	0	0	0	0	
--------------------

--------------------
Best Solution Found!
--------------------
Time: 0 hour(s), 0 minute(s), 0 second(s), 965 millisecond(s)

Fitness: 72228

0	0	0	0	0	0	0	
0	0	0	0	0	3	0	
1	1	0	0	0	0	0	
0	0	2	2	0	0	0	
1	0	0	0	0	0	0	
0	0	2	2	0	3	1	
3	0	0	1	0	0	1	
0	0	0	0	0	0	1	
0	2	0	0	0	3	0	
0	0	0	0	0	0	0	
0	0	0	0	0	0	0	
0	1	0	0	0	0	0	
0	0	0	0	0	3	0	
0	0	0	0	0	0	0	
0	1	0	0	0	0	0	
1	0	0	0	0	0	0	
3	1	0	1	0	0	3	
0	0	0	0	0	2	0	
1	0	0	0	0	0	0	
0	1	0	1	0	0	0	
0	0	0	2	0	0	2	
0	0	0	0	0	0	0	
0	0	0	0	0	0	0	
0	0	0	0	0	0	0	
3	1	2	1	0	0	2	
1	0	0	0	0	3	0	
0	1	1	2	0	0	0	
0	2	0	0	0	0	0	
0	0	0	0	0	0	2	
0	2	0	2	0	2	0	
1	0	0	0	0	0	1	
0	0	0	0	0	0	0	
0	1	0	2	0	0	0	
0	0	0	0	0	3	0	
1	0	0	0	2	0	1	
3	0	0	0	0	0	0	
0	0	0	0	0	0	0	
0	0	0	0	0	0	0	
0	0	0	0	0	1	0	
0	1	0	0	0	0	1	
3	0	0	0	0	0	0	
0	2	0	0	0	0	0	
0	2	0	1	0	0	0	
3	0	0	0	0	0	1	
0	0	2	0	0	0	0	
3	0	0	0	0	0	0	
3	1	0	1	0	0	1	
0	0	1	0	0	0	1	
0	0	1	0	0	0	0	
0	0	0	0	0	0	0	
3	0	0	0	0	0	0	
0	0	0	0	0	0	0	
0	0	0	0	0	0	0	
1	0	0	0	0	0	0	
0	0	0	0	0	0	0	
0	0	0	1	0	0	0	
3	0	0	0	3	0	0	
0	2	0	0	0	0	1	
0	2	0	1	0	0	0	
0	0	0	2	0	0	0	
0	0	0	0	0	0	0	
0	0	0	0	0	0	0	
1	0	1	0	0	0	0	
0	1	0	0	2	0	0	
0	0	0	0	0	0	0	
0	0	0	0	0	0	1	
0	2	2	1	0	1	2	
3	0	2	1	0	3	1	
0	0	0	2	0	0	3	
1	0	0	0	0	0	0	
0	2	0	0	0	0	0	
0	0	0	0	0	3	0	
0	1	1	1	0	0	0	
0	0	0	0	0	0	0	
0	0	0	0	0	0	0	
--------------------

--------------------
Best Solution Found!
--------------------
Time: 0 hour(s), 0 minute(s), 1 second(s), 978 millisecond(s)

Fitness: 72227

0	0	0	1	0	0	1	
3	0	0	0	0	0	0	
0	0	0	0	0	0	0	
0	0	0	0	0	0	0	
3	0	0	0	0	0	0	
1	0	0	2	0	0	1	
0	0	0	0	0	0	0	
1	0	0	0	0	0	0	
1	0	0	0	0	0	0	
0	0	0	0	0	0	0	
0	0	0	2	0	3	2	
0	0	0	0	0	0	0	
1	0	0	0	0	0	0	
3	1	0	1	0	0	0	
0	0	0	0	2	0	1	
0	0	0	1	0	0	0	
0	0	0	0	0	0	1	
0	0	0	2	0	0	1	
0	0	2	2	0	3	0	
0	1	0	0	0	0	0	
3	2	0	0	0	0	2	
1	1	2	0	0	0	0	
0	2	2	2	0	3	1	
0	0	0	0	0	0	0	
0	0	0	0	0	0	0	
0	2	0	1	0	0	0	
0	0	0	1	0	0	0	
0	1	0	0	0	0	0	
0	0	0	1	0	0	0	
0	0	0	0	0	0	0	
3	1	0	0	0	0	0	
0	0	0	0	0	0	1	
3	0	0	0	0	0	0	
0	1	0	0	0	0	0	
0	1	0	0	0	0	0	
0	0	0	0	0	0	0	
0	0	0	0	0	0	0	
0	2	0	0	0	0	3	
0	1	0	0	0	3	0	
0	0	0	0	0	0	0	
0	0	1	2	0	3	0	
0	0	0	0	0	0	0	
0	0	0	0	0	1	0	
0	1	2	0	0	0	2	
0	2	0	1	0	3	0	
1	0	0	0	2	0	0	
3	0	0	0	0	0	0	
0	0	0	0	0	0	0	
0	1	1	1	0	1	1	
0	0	0	0	0	0	3	
0	0	0	0	0	0	0	
0	0	0	0	0	0	0	
1	1	2	0	0	0	0	
0	2	0	0	0	0	0	
0	2	0	0	0	0	0	
0	0	0	2	0	0	2	
0	0	0	0	0	0	1	
0	2	0	0	0	0	0	
1	0	0	0	0	0	0	
0	0	0	0	0	2	0	
3	0	0	0	0	0	0	
0	1	1	1	0	0	0	
1	0	0	0	0	3	1	
0	0	0	1	0	3	0	
0	0	0	0	0	0	0	
0	0	0	0	0	0	0	
0	0	0	0	0	0	0	
3	0	0	1	0	0	0	
3	2	1	0	3	0	1	
0	0	0	0	0	0	1	
0	0	0	2	0	0	0	
0	0	0	0	0	2	0	
1	0	0	0	0	0	0	
3	0	1	0	0	0	0	
0	0	2	0	0	0	0	
--------------------

--------------------
Best Solution Found!
--------------------
Time: 0 hour(s), 0 minute(s), 1 second(s), 980 millisecond(s)

Fitness: 72227

0	0	0	1	0	0	1	
3	0	0	0	0	0	0	
0	0	0	0	0	0	0	
0	0	0	0	0	0	0	
3	0	0	0	0	0	0	
1	0	0	2	0	0	1	
0	0	0	0	0	0	0	
1	0	0	0	0	0	0	
1	0	0	0	0	0	0	
0	0	0	0	0	0	0	
0	0	0	2	0	3	2	
0	0	0	0	0	0	0	
1	0	0	0	0	0	0	
3	1	0	1	0	0	0	
0	0	0	0	2	0	1	
0	0	0	1	0	0	0	
0	0	0	0	0	0	1	
0	0	0	2	0	0	1	
0	0	2	2	0	3	0	
0	1	0	0	0	0	0	
3	2	0	0	0	0	2	
1	1	2	0	0	0	0	
0	2	2	2	0	3	1	
0	0	0	0	0	0	0	
0	0	0	0	0	0	0	
0	2	0	1	0	0	0	
0	0	0	1	0	0	0	
0	1	0	0	0	0	0	
0	0	0	1	0	0	0	
0	0	0	0	0	0	0	
3	1	0	0	0	0	0	
0	0	0	0	0	0	1	
3	0	0	0	0	0	0	
0	1	0	0	0	0	0	
0	1	0	0	0	0	0	
0	0	0	0	0	0	0	
0	0	0	0	0	0	0	
0	2	0	0	0	0	3	
0	1	0	0	0	3	0	
0	0	0	0	0	0	0	
0	0	1	2	0	3	0	
0	0	0	0	0	0	0	
0	0	0	0	0	1	0	
0	1	2	0	0	0	2	
0	2	0	1	0	3	0	
1	0	0	0	2	0	0	
3	0	0	0	0	0	0	
0	0	0	0	0	0	0	
0	1	1	1	0	1	1	
0	0	0	0	0	0	3	
0	0	0	0	0	0	0	
0	0	0	0	0	0	0	
1	1	2	0	0	0	0	
0	2	0	0	0	0	0	
0	2	0	0	0	0	0	
0	0	0	2	0	0	2	
0	0	0	0	0	0	1	
0	2	0	0	0	0	0	
1	0	0	0	0	0	0	
0	0	0	0	0	2	0	
3	0	0	0	0	0	0	
0	1	1	1	0	0	0	
1	0	0	0	0	3	1	
0	0	0	1	0	3	0	
0	0	0	0	0	0	0	
0	0	0	0	0	0	0	
0	0	0	0	0	0	0	
3	0	0	1	0	0	0	
3	2	1	0	3	0	1	
0	0	0	0	0	0	1	
0	0	0	2	0	0	0	
0	0	0	0	0	2	0	
1	0	0	0	0	0	0	
3	0	1	0	0	0	0	
0	0	2	0	0	0	0	
--------------------

--------------------
Best Solution Found!
--------------------
Time: 0 hour(s), 0 minute(s), 2 second(s), 983 millisecond(s)

Fitness: 72222

0	0	0	0	0	0	1	
0	0	1	2	0	0	2	
0	0	2	0	0	0	0	
3	1	0	0	0	1	0	
0	0	1	0	0	0	0	
0	0	0	0	0	3	0	
0	1	0	0	0	0	0	
1	1	0	1	0	3	1	
0	0	0	0	0	0	1	
0	0	0	0	0	0	0	
0	1	0	2	0	0	0	
3	0	0	0	0	0	0	
0	0	0	0	0	0	0	
0	0	0	0	0	0	0	
0	1	0	0	0	0	0	
0	2	0	0	0	0	0	
0	1	0	0	0	0	0	
0	2	0	0	0	3	0	
0	0	0	0	0	0	0	
0	1	0	0	0	3	0	
0	0	0	0	0	0	0	
0	0	0	1	0	0	0	
0	0	0	2	0	0	0	
0	0	0	0	0	0	0	
1	1	1	0	0	2	2	
3	0	0	0	0	0	3	
0	0	0	1	0	0	1	
0	0	0	0	0	0	1	
0	0	0	0	0	0	0	
1	2	0	0	0	0	1	
0	2	2	2	0	0	0	
1	0	0	0	0	0	0	
1	0	0	0	0	0	1	
0	2	0	0	0	0	0	
0	0	0	0	0	0	0	
0	0	0	0	0	0	0	
1	0	0	0	0	0	3	
0	0	0	1	0	0	0	
0	0	0	0	0	0	0	
0	0	0	0	0	0	0	
0	0	0	0	0	0	0	
0	0	1	2	0	0	0	
1	2	0	0	0	0	2	
0	1	0	0	0	0	0	
0	0	0	2	0	0	0	
0	2	0	1	2	0	1	
0	2	0	0	0	0	0	
3	0	0	1	0	2	0	
0	0	0	0	0	0	0	
3	0	0	0	2	0	0	
1	1	0	1	0	0	0	
0	0	0	0	0	0	0	
3	1	0	2	0	3	1	
0	0	0	0	0	0	0	
0	0	0	0	0	0	0	
3	0	0	0	0	0	0	
1	1	0	0	0	3	0	
0	0	2	0	0	0	0	
0	2	2	0	0	0	0	
0	0	0	1	0	1	0	
0	0	0	2	0	0	0	
1	0	0	0	0	0	1	
0	0	0	0	0	0	0	
0	0	0	0	0	0	0	
3	0	0	1	0	0	0	
0	0	0	1	0	0	0	
0	0	0	0	0	0	0	
3	0	2	0	3	0	2	
3	0	0	1	0	0	0	
3	0	2	0	0	3	0	
0	0	1	0	0	0	0	
0	0	0	0	0	3	0	
0	0	0	0	0	0	1	
0	0	0	0	0	0	1	
0	0	0	0	0	0	0	
--------------------

--------------------
Best Solution Found!
--------------------
Time: 0 hour(s), 0 minute(s), 7 second(s), 396 millisecond(s)

Fitness: 72219

0	0	0	0	0	0	0	
0	0	1	0	0	0	0	
3	0	0	1	0	0	0	
3	0	0	0	0	0	0	
0	0	0	0	0	0	2	
0	0	0	2	0	0	0	
1	2	0	0	0	0	0	
0	0	0	0	0	0	0	
0	0	0	1	0	0	0	
0	1	0	0	2	0	0	
0	2	0	0	0	0	0	
0	1	0	0	0	0	0	
1	0	2	1	0	3	1	
0	0	0	0	0	0	1	
0	2	0	0	0	0	1	
0	0	0	0	0	0	0	
1	0	0	0	0	0	2	
0	1	0	0	0	0	2	
0	0	0	0	0	0	0	
0	0	0	1	0	0	0	
0	0	0	0	0	3	1	
0	1	0	0	0	0	0	
0	1	0	0	0	0	0	
0	1	0	2	0	0	0	
0	0	0	0	0	1	0	
1	0	0	0	0	0	0	
0	0	2	0	0	2	1	
3	2	0	1	0	3	1	
3	1	2	0	0	0	0	
3	2	0	0	0	0	1	
0	0	0	0	0	0	0	
0	0	0	0	0	3	0	
0	1	0	0	0	0	0	
0	0	0	0	2	2	0	
1	0	0	0	0	0	0	
3	0	0	2	0	0	3	
0	0	0	0	0	0	0	
0	0	0	0	0	0	0	
0	2	0	0	0	0	0	
0	2	0	0	0	0	0	
3	0	1	2	0	3	1	
1	0	0	0	0	0	0	
0	0	0	0	0	0	0	
0	0	0	2	0	0	0	
0	0	1	1	0	0	0	
0	1	0	0	0	1	2	
0	0	0	0	0	0	0	
0	0	0	0	0	0	0	
0	2	0	1	0	0	1	
3	0	0	0	0	0	0	
0	0	2	0	0	0	1	
0	0	0	2	0	3	0	
1	0	0	1	0	0	0	
0	0	0	0	0	0	0	
0	0	0	0	0	0	3	
0	0	0	1	3	0	0	
0	0	2	2	0	0	0	
0	0	0	0	0	3	0	
0	0	0	0	0	0	0	
3	0	0	0	0	0	0	
3	0	0	0	0	0	0	
1	0	0	2	0	0	0	
1	0	2	1	0	3	0	
0	1	0	0	0	0	0	
1	0	0	0	0	0	0	
0	1	0	0	0	0	0	
0	0	0	0	0	0	0	
0	0	1	0	0	0	0	
0	2	0	0	0	0	0	
0	0	0	0	0	0	1	
0	1	0	0	0	0	1	
0	0	0	0	0	0	0	
0	0	0	1	0	0	0	
3	0	1	0	0	0	0	
0	0	0	0	0	0	0	
--------------------

--------------------
Best Solution Found!
--------------------
Time: 0 hour(s), 0 minute(s), 7 second(s), 951 millisecond(s)

Fitness: 72217

0	1	0	0	0	0	0	
0	0	0	0	0	0	1	
0	0	0	0	0	0	0	
1	0	0	1	0	0	0	
1	1	0	0	0	0	0	
0	2	0	2	0	3	0	
0	0	0	0	0	0	0	
3	1	0	0	2	3	1	
0	0	0	1	0	0	0	
3	0	2	2	0	0	2	
0	1	0	1	2	1	1	
1	0	0	0	0	0	0	
0	0	0	0	0	0	0	
1	2	0	0	0	0	0	
0	0	0	0	0	0	0	
0	0	0	0	0	0	0	
0	0	0	1	0	0	1	
0	0	2	0	0	0	0	
0	0	0	0	0	0	0	
0	0	0	0	0	1	0	
0	0	0	0	0	0	0	
3	0	0	0	0	0	0	
3	0	0	0	0	0	0	
0	0	0	0	0	0	0	
0	0	0	0	0	0	0	
3	0	0	0	3	0	0	
0	0	0	0	0	0	0	
0	0	0	1	0	0	0	
1	0	0	0	0	0	0	
1	2	1	0	0	0	3	
0	2	1	0	0	0	1	
0	0	0	2	0	0	1	
1	0	0	0	0	3	0	
0	2	0	0	0	0	0	
0	0	0	0	0	0	0	
0	1	1	0	0	0	1	
3	0	0	0	0	0	1	
0	0	0	2	0	3	2	
0	1	0	2	0	2	0	
0	0	0	0	0	0	0	
0	1	0	0	0	0	0	
3	2	0	0	0	0	2	
3	1	0	0	0	3	0	
1	0	0	0	0	0	0	
0	0	0	2	0	0	0	
1	2	0	1	0	0	0	
0	0	0	0	0	0	0	
0	0	0	0	0	0	0	
0	0	0	0	0	0	0	
3	1	0	0	0	0	0	
0	1	0	0	0	0	0	
1	0	2	0	0	0	0	
0	0	0	0	0	0	1	
0	0	0	0	0	0	0	
0	0	2	2	0	0	0	
0	0	0	1	0	0	0	
0	0	0	0	0	0	0	
0	0	0	0	0	0	0	
0	0	2	2	0	0	0	
0	1	0	1	0	0	2	
0	0	0	0	0	3	0	
0	0	0	0	0	0	1	
0	0	0	0	0	0	0	
0	1	0	0	0	0	0	
0	2	0	1	0	0	3	
3	0	1	1	0	3	1	
0	2	0	0	0	0	0	
3	0	2	0	0	0	0	
0	0	0	0	0	0	0	
0	0	0	0	0	0	0	
0	0	0	1	0	0	1	
0	0	0	0	0	0	0	
0	0	0	0	0	3	0	
0	0	1	0	0	2	0	
0	0	0	0	0	0	0	
--------------------

--------------------
Best Solution Found!
--------------------
Time: 0 hour(s), 0 minute(s), 9 second(s), 184 millisecond(s)

Fitness: 72216

0	0	0	2	0	0	0	
1	0	0	0	0	0	1	
0	0	0	2	0	0	1	
0	0	0	0	0	3	0	
0	0	0	0	0	0	0	
0	0	0	0	0	2	0	
0	0	2	0	0	0	2	
0	0	0	0	0	0	3	
0	0	2	0	0	0	1	
0	0	0	0	0	0	0	
0	0	0	0	0	3	0	
0	1	1	0	0	3	0	
0	0	0	0	0	0	0	
0	0	1	0	0	1	1	
0	0	0	0	0	0	0	
0	2	0	0	0	0	0	
3	0	0	0	0	0	1	
0	0	0	1	0	0	0	
0	0	0	0	0	3	0	
0	0	0	1	0	0	0	
0	0	0	0	0	0	0	
3	1	2	1	0	3	0	
3	1	0	1	2	0	0	
3	0	0	0	0	0	0	
0	0	0	1	0	0	0	
0	0	0	0	0	0	0	
0	1	0	0	0	0	0	
0	0	0	0	0	0	0	
0	0	0	0	0	0	0	
3	2	0	1	0	0	0	
0	2	0	0	0	0	0	
1	1	0	0	0	0	0	
0	0	0	0	2	2	0	
0	0	0	0	0	0	0	
0	0	0	0	0	0	0	
0	0	0	0	0	0	0	
1	1	0	0	0	0	1	
1	0	0	2	0	0	0	
0	1	0	2	0	0	0	
0	0	0	0	0	0	0	
0	2	0	1	0	0	1	
3	0	2	0	0	0	0	
0	1	0	0	0	0	2	
0	0	0	0	0	0	0	
0	0	0	0	0	0	1	
1	0	0	0	0	0	0	
3	1	1	0	0	0	1	
0	0	0	2	0	0	0	
0	0	0	0	0	0	2	
0	2	0	0	0	0	0	
3	0	0	1	0	0	0	
0	0	0	2	0	0	0	
0	2	1	0	0	0	1	
1	1	2	0	0	3	1	
1	0	0	0	0	0	0	
3	0	0	0	0	0	0	
0	0	0	0	0	0	0	
0	0	0	0	0	0	0	
0	0	0	0	3	0	0	
0	2	0	2	0	0	0	
1	0	0	0	0	0	0	
0	2	0	0	0	0	1	
0	0	0	0	0	3	0	
0	2	0	0	0	0	0	
1	0	0	0	0	0	0	
0	0	0	1	0	0	0	
0	0	0	2	0	0	0	
3	1	0	0	0	0	0	
0	0	0	0	0	0	2	
0	0	0	1	0	0	0	
0	0	2	0	0	1	0	
0	0	0	0	0	0	0	
0	0	0	1	0	0	0	
1	0	0	0	0	0	0	
3	1	1	0	0	3	3	
--------------------

--------------------
Best Solution Found!
--------------------
Time: 0 hour(s), 0 minute(s), 10 second(s), 788 millisecond(s)

Fitness: 72207

1	0	0	0	0	0	0	
0	2	2	0	0	0	0	
3	2	0	0	0	0	0	
0	0	0	0	0	0	0	
0	1	0	1	0	0	0	
3	0	2	2	0	0	0	
0	0	0	0	0	0	0	
0	0	0	0	0	0	3	
0	0	0	0	0	0	0	
0	1	0	2	0	0	0	
0	0	0	0	0	0	0	
0	0	0	0	0	0	0	
3	2	0	1	2	0	1	
0	0	0	0	0	1	0	
0	0	0	0	0	0	0	
0	0	0	1	0	3	1	
0	0	0	0	0	0	0	
0	2	0	0	0	0	0	
1	1	0	2	0	0	0	
3	0	1	1	0	2	0	
1	0	0	0	0	0	0	
0	0	0	2	0	0	0	
0	0	0	0	0	0	0	
1	0	0	0	0	0	1	
0	0	0	0	0	0	0	
0	1	0	0	0	0	0	
0	0	0	1	0	0	0	
0	0	0	0	0	0	0	
0	0	1	0	0	3	0	
0	0	1	0	0	0	0	
0	1	0	0	0	3	0	
0	0	0	0	0	0	0	
1	0	0	0	0	0	0	
0	1	0	2	0	0	2	
0	0	0	0	0	0	0	
0	0	0	0	0	0	0	
0	1	0	0	2	0	1	
1	1	1	1	0	2	0	
1	0	0	0	0	0	2	
1	0	0	0	0	0	1	
0	1	0	0	0	0	0	
0	0	0	0	0	3	0	
0	0	0	2	0	0	0	
0	1	0	1	0	0	0	
0	0	0	1	0	3	0	
0	0	0	0	0	0	1	
3	2	2	1	0	3	0	
0	2	0	0	0	0	0	
0	0	0	0	0	0	0	
3	0	0	0	0	0	1	
3	0	0	0	0	0	3	
0	0	1	0	0	0	0	
1	2	0	0	0	0	0	
3	0	2	0	0	0	2	
0	0	0	0	0	0	2	
0	0	0	2	0	0	0	
0	0	0	0	0	0	1	
0	0	0	0	0	0	0	
0	0	0	1	0	0	0	
0	2	0	0	0	0	1	
0	0	0	0	0	0	1	
0	0	0	0	0	0	0	
0	0	0	0	0	0	1	
0	0	0	0	0	0	0	
0	1	0	0	0	0	0	
3	0	0	0	0	0	0	
0	0	0	2	0	1	0	
0	0	2	0	0	0	0	
1	0	0	0	0	0	0	
3	2	0	0	3	0	0	
3	0	2	0	0	3	1	
0	0	0	0	0	0	0	
0	1	0	0	0	0	0	
0	0	0	1	0	0	0	
0	0	0	0	0	3	0	
--------------------

--------------------
Best Solution Found!
--------------------
Time: 0 hour(s), 0 minute(s), 14 second(s), 882 millisecond(s)

Fitness: 71235

0	0	0	0	0	0	0	
0	0	0	1	0	0	0	
0	0	0	0	0	3	0	
0	0	0	0	0	0	0	
0	0	0	0	0	0	0	
0	0	0	1	0	0	0	
3	2	1	2	0	0	2	
0	0	0	1	2	0	0	
0	0	0	0	0	3	0	
0	0	0	0	0	1	0	
0	2	0	0	0	0	0	
0	2	0	0	0	0	0	
0	0	0	0	0	0	0	
1	2	0	0	0	0	0	
0	0	0	0	0	0	0	
0	2	0	0	0	0	0	
0	0	0	0	0	0	1	
0	2	0	0	0	0	0	
0	0	2	0	0	0	0	
0	0	0	0	0	0	0	
0	0	0	1	0	0	1	
0	2	0	0	0	0	1	
0	0	0	0	0	0	0	
0	0	0	0	0	0	0	
3	1	0	0	0	0	0	
0	0	0	1	0	0	2	
0	0	1	1	0	0	3	
0	1	0	0	0	0	0	
0	0	0	0	0	1	0	
1	0	2	2	0	3	1	
3	1	2	1	0	0	1	
3	1	0	0	0	0	2	
1	0	0	1	0	0	0	
1	0	0	0	0	0	0	
0	1	0	0	0	0	1	
1	0	0	0	0	0	0	
1	2	0	1	0	0	0	
0	0	0	0	0	0	0	
0	0	0	0	0	3	1	
0	2	0	0	0	0	0	
0	1	1	0	0	0	0	
0	0	0	0	0	0	1	
0	1	0	0	0	0	0	
1	0	2	0	0	2	0	
0	0	0	0	0	0	0	
0	0	0	0	0	0	1	
0	0	0	0	0	0	0	
0	1	0	0	0	0	3	
3	0	0	0	2	0	0	
0	0	0	0	0	0	0	
3	0	0	0	0	0	0	
0	1	2	0	0	0	0	
0	0	0	0	0	0	2	
1	0	0	2	0	0	0	
0	0	0	2	0	3	0	
3	0	0	0	0	2	0	
0	0	0	1	0	0	0	
3	0	0	2	0	0	1	
3	1	0	2	0	0	0	
0	1	0	0	0	0	0	
0	0	0	0	0	0	0	
3	0	0	0	3	0	0	
0	0	0	0	0	3	0	
0	0	0	0	0	0	1	
3	0	0	0	0	0	0	
1	0	0	0	0	0	0	
0	0	0	2	0	0	0	
0	0	2	0	0	0	0	
0	0	0	0	0	0	0	
0	0	0	0	0	3	0	
0	0	0	0	0	0	0	
0	0	1	0	0	0	0	
0	0	0	1	0	0	0	
0	0	0	2	0	0	0	
1	1	1	0	0	3	1	
--------------------

--------------------
Best Solution Found!
--------------------
Time: 0 hour(s), 0 minute(s), 52 second(s), 799 millisecond(s)

Fitness: 71229

0	0	1	0	0	0	0	
0	0	0	0	0	0	0	
0	0	0	1	0	2	3	
0	0	0	0	0	0	0	
0	0	0	2	0	0	0	
1	0	0	0	0	3	0	
3	0	0	0	0	0	0	
0	1	0	0	0	0	0	
0	1	0	0	0	0	0	
0	2	0	0	2	0	0	
0	1	0	0	0	0	0	
3	0	0	2	0	0	0	
0	0	0	0	0	0	0	
0	0	0	0	0	0	0	
1	1	0	1	0	0	0	
3	0	0	2	0	0	0	
0	0	0	1	0	0	0	
0	0	0	0	0	0	0	
1	0	0	0	0	3	0	
0	1	0	0	0	3	1	
1	1	2	2	0	3	0	
0	0	0	0	0	0	0	
0	0	0	0	0	0	1	
1	0	0	0	0	0	1	
0	0	0	0	0	2	0	
0	0	0	2	0	0	0	
1	1	2	2	0	0	1	
0	0	0	0	0	0	0	
0	2	0	0	0	0	1	
0	0	0	0	0	0	1	
0	0	0	0	0	0	0	
0	0	0	0	0	3	0	
0	2	0	0	0	0	0	
0	2	0	0	0	0	0	
0	0	0	0	0	0	1	
3	0	0	0	0	0	2	
0	0	1	0	0	0	0	
0	0	0	0	0	0	0	
0	0	0	0	0	0	0	
0	0	0	0	0	0	0	
0	0	0	0	0	0	1	
3	0	0	0	0	0	0	
3	0	2	0	0	0	0	
3	1	2	2	0	0	2	
0	2	0	0	0	0	0	
3	0	1	0	0	0	0	
0	0	0	0	0	0	1	
0	0	0	0	0	0	2	
0	0	1	0	0	0	0	
0	0	0	0	0	0	0	
0	0	0	0	0	0	3	
0	1	0	0	0	0	0	
3	1	0	1	0	0	0	
3	1	0	0	0	0	0	
0	0	0	0	0	0	0	
1	0	1	1	0	3	1	
0	0	0	2	0	0	0	
0	0	0	0	0	0	0	
0	0	0	1	3	1	0	
0	0	0	0	0	0	0	
0	2	0	0	0	3	0	
1	1	0	1	0	0	0	
0	0	0	0	0	3	1	
3	0	0	0	0	0	0	
0	0	0	0	0	0	0	
0	0	0	0	0	0	0	
0	0	0	1	0	0	0	
0	2	2	1	0	0	0	
0	0	0	0	0	0	0	
0	0	0	1	0	0	0	
0	0	2	0	0	1	0	
0	0	0	0	2	0	1	
0	0	0	0	0	0	2	
1	2	0	0	0	0	0	
1	2	0	1	0	0	0	
--------------------

--------------------
Best Solution Found!
--------------------
Time: 0 hour(s), 1 minute(s), 2 second(s), 281 millisecond(s)

Fitness: 71224

3	1	1	0	0	0	0	
0	1	1	0	0	0	0	
0	0	0	0	0	0	0	
3	0	0	1	0	0	0	
0	0	0	1	0	0	0	
0	0	0	0	0	0	0	
0	0	0	0	0	0	1	
0	0	0	0	0	0	0	
0	0	0	0	0	0	0	
1	1	0	2	2	0	1	
0	0	0	2	0	0	0	
3	2	0	1	0	0	0	
1	1	2	2	0	0	3	
3	0	0	0	0	0	1	
1	0	0	0	0	0	1	
0	0	0	0	0	0	0	
0	0	0	0	0	2	0	
3	0	0	0	0	0	1	
0	0	0	0	0	0	0	
0	0	0	0	0	0	0	
1	0	0	0	0	0	3	
0	2	0	1	0	0	0	
0	0	0	0	0	0	0	
0	2	0	0	0	0	0	
0	0	0	0	0	0	0	
0	0	0	0	0	0	0	
0	0	0	0	0	0	0	
0	0	0	0	0	0	0	
0	0	0	0	0	0	0	
0	1	0	0	0	0	0	
0	0	0	0	0	0	0	
0	2	0	0	0	0	2	
3	0	0	0	2	3	0	
0	1	2	0	0	3	1	
1	1	0	0	0	0	0	
0	0	0	0	0	0	0	
0	0	0	0	0	0	0	
0	0	0	0	0	0	0	
1	0	0	0	0	0	1	
0	1	1	2	0	0	0	
0	0	0	0	0	0	0	
0	0	0	0	0	0	0	
0	0	0	0	0	0	0	
0	0	0	0	0	0	1	
0	2	0	2	0	0	2	
0	2	0	1	0	0	0	
0	0	0	0	0	0	0	
0	0	2	0	0	0	0	
0	0	2	1	0	3	2	
3	0	0	0	0	0	0	
0	1	0	1	3	2	0	
0	0	0	0	0	0	0	
0	2	0	0	0	0	0	
0	0	0	0	0	0	0	
0	1	0	0	0	3	0	
0	0	0	0	0	0	1	
3	0	0	0	0	0	0	
0	0	1	0	0	0	0	
0	0	0	1	0	0	0	
0	0	0	2	0	3	1	
3	0	0	0	0	0	0	
1	0	0	0	0	3	0	
0	2	0	0	0	3	0	
3	1	0	2	0	1	2	
1	0	0	0	0	0	1	
3	0	1	1	0	1	1	
0	0	2	0	0	0	0	
0	0	0	0	0	3	0	
1	0	0	0	0	0	0	
0	0	0	1	0	0	0	
0	1	0	0	0	0	0	
0	0	0	1	0	0	0	
1	0	0	2	0	0	0	
0	2	0	0	0	0	0	
0	0	2	0	0	0	0	
--------------------

--------------------
Best Solution Found!
--------------------
Time: 0 hour(s), 1 minute(s), 23 second(s), 833 millisecond(s)

Fitness: 71222

1	0	0	1	0	0	0	
0	1	0	2	0	0	0	
3	2	1	0	0	2	1	
0	0	0	2	0	0	0	
0	0	0	0	0	0	0	
0	2	0	0	0	0	0	
0	2	0	1	0	0	2	
0	0	0	1	0	0	0	
0	1	1	2	0	2	1	
0	0	0	0	0	0	0	
0	0	1	0	0	1	0	
0	0	1	0	2	0	0	
3	0	0	0	0	0	0	
3	0	0	0	0	0	0	
3	0	0	0	0	0	2	
0	1	0	0	0	3	0	
0	0	0	0	0	0	0	
0	0	0	0	0	0	0	
0	0	0	0	0	3	0	
0	0	0	0	0	0	0	
1	0	0	0	0	0	0	
0	1	0	0	0	0	0	
1	1	0	2	0	0	1	
1	0	0	0	0	0	0	
0	0	0	0	0	0	0	
3	0	0	0	0	0	0	
0	1	0	1	0	3	0	
0	0	0	0	0	0	0	
0	2	0	1	0	3	0	
0	0	0	0	0	0	0	
0	0	0	0	0	0	0	
0	0	0	1	0	0	0	
0	1	0	0	0	3	1	
3	0	0	0	0	0	0	
3	1	0	1	0	3	3	
0	2	0	0	0	0	0	
0	0	0	0	0	0	2	
0	0	0	0	2	0	0	
0	0	0	2	0	0	2	
0	0	0	0	0	0	1	
3	0	0	0	0	0	0	
0	0	0	0	0	0	0	
0	0	0	2	0	0	1	
0	0	2	0	0	0	0	
0	1	2	0	0	0	0	
0	2	0	0	0	0	1	
1	2	2	1	0	0	1	
3	0	0	0	0	0	0	
0	0	1	0	0	0	0	
0	0	0	2	0	0	0	
0	0	0	0	0	0	3	
1	1	0	1	0	0	0	
0	0	0	0	0	0	0	
1	0	0	0	0	0	0	
0	0	0	2	0	0	0	
0	0	0	0	3	0	1	
0	0	0	1	0	0	0	
0	2	0	0	0	0	1	
0	0	0	0	0	0	0	
0	0	2	0	0	0	1	
3	0	0	0	0	0	0	
0	0	0	0	0	0	0	
0	1	2	0	0	0	0	
1	0	0	0	0	0	0	
1	0	2	0	0	0	0	
0	0	0	0	0	0	0	
0	1	0	0	0	3	0	
0	0	0	0	0	0	0	
3	0	0	0	0	0	0	
0	2	0	0	0	0	0	
0	0	0	0	0	1	0	
0	0	0	0	0	0	1	
1	0	0	0	0	0	0	
0	0	0	1	0	3	0	
0	0	0	0	0	0	0	
--------------------

--------------------
Best Solution Found!
--------------------
Time: 0 hour(s), 1 minute(s), 33 second(s), 545 millisecond(s)

Fitness: 71212

0	0	0	0	0	0	0	
0	1	0	0	0	0	0	
0	2	0	0	0	3	0	
0	0	0	0	0	0	0	
0	0	0	0	0	0	1	
1	0	0	0	0	0	0	
3	0	0	2	0	0	2	
3	0	0	0	0	0	0	
0	0	2	0	0	0	0	
0	0	0	0	0	0	2	
1	0	0	1	0	0	0	
0	0	0	0	0	0	0	
0	2	0	0	0	1	1	
0	0	1	0	0	0	0	
0	0	0	0	0	0	0	
3	1	0	2	0	1	1	
0	0	0	0	0	0	0	
0	1	0	0	0	0	0	
0	2	2	2	0	3	1	
0	0	0	0	0	3	0	
0	0	0	0	0	0	0	
0	0	0	0	0	0	0	
0	0	0	0	0	0	0	
1	0	0	0	0	0	0	
0	1	0	1	2	2	1	
0	0	0	2	0	0	0	
0	0	0	0	0	0	0	
0	0	0	0	0	0	1	
3	0	0	0	0	3	0	
0	0	0	0	0	0	1	
1	0	0	0	0	0	0	
0	0	1	0	0	0	0	
0	0	0	0	0	0	0	
1	2	2	2	3	0	0	
0	1	2	0	0	0	0	
0	0	0	1	0	0	0	
0	2	0	2	0	0	0	
0	1	0	0	0	0	0	
0	1	0	1	0	0	0	
0	0	0	0	0	0	0	
0	0	0	0	0	0	0	
0	0	0	0	0	0	0	
0	0	1	1	0	0	0	
0	0	0	0	0	0	0	
3	0	0	0	2	0	0	
1	1	0	0	0	0	1	
1	2	0	0	0	0	0	
3	0	0	0	0	0	0	
0	0	0	0	0	2	0	
1	0	0	0	0	0	0	
3	0	0	0	0	3	0	
0	0	1	1	0	3	0	
3	0	0	0	0	3	0	
0	0	0	0	0	0	2	
3	0	0	0	0	0	0	
0	0	0	0	0	0	0	
0	1	0	1	0	0	0	
0	2	2	1	0	0	3	
0	0	0	0	0	0	2	
0	1	0	2	0	0	0	
0	0	0	0	0	0	0	
0	0	1	0	0	0	0	
0	0	0	1	0	0	0	
0	0	0	0	0	0	1	
0	0	0	0	0	0	0	
0	0	2	1	0	0	0	
0	2	0	0	0	0	0	
1	0	0	0	0	0	1	
0	0	0	0	0	3	0	
1	1	0	0	0	0	1	
3	0	0	2	0	0	3	
0	1	0	1	0	0	0	
0	0	0	0	0	0	0	
3	0	0	0	0	0	1	
0	2	0	0	0	0	0	
--------------------


The best solution was found at the restart: 5, population: 0
Total Time Elapsed: 0 hour(s), 4 minute(s), 59 second(s), 206 millisecond(s)

