--------------------
Best Solution Found!
--------------------
Time: 0 hour(s), 0 minute(s), 0 second(s), 4 millisecond(s)

Fitness: 24076

0	0	0	0	0	0	0	
0	0	0	0	0	0	0	
0	0	1	1	0	0	0	
0	0	0	0	0	0	0	
2	0	1	0	0	0	0	
2	0	0	0	0	0	0	
0	2	2	0	0	0	0	
0	0	0	0	1	0	1	
0	0	0	0	0	0	0	
1	0	3	0	0	0	0	
1	0	0	0	0	0	0	
0	0	0	0	0	0	0	
3	0	0	0	1	0	2	
0	0	0	0	0	0	0	
0	0	1	0	0	0	0	
0	0	0	0	0	0	0	
0	0	0	0	1	0	0	
3	0	0	0	0	0	0	
1	0	0	0	0	0	3	
2	0	0	1	0	0	0	
0	3	2	0	3	3	1	
0	0	2	0	2	3	0	
0	0	0	2	0	0	0	
0	0	0	3	2	2	0	
0	3	0	0	0	0	0	
--------------------

--------------------
Best Solution Found!
--------------------
Time: 0 hour(s), 0 minute(s), 0 second(s), 6 millisecond(s)

Fitness: 24076

0	0	0	0	0	0	0	
0	0	0	0	0	0	0	
0	0	1	1	0	0	0	
0	0	0	0	0	0	0	
2	0	1	0	0	0	0	
2	0	0	0	0	0	0	
0	2	2	0	0	0	0	
0	0	0	0	1	0	1	
0	0	0	0	0	0	0	
1	0	3	0	0	0	0	
1	0	0	0	0	0	0	
0	0	0	0	0	0	0	
3	0	0	0	1	0	2	
0	0	0	0	0	0	0	
0	0	1	0	0	0	0	
0	0	0	0	0	0	0	
0	0	0	0	1	0	0	
3	0	0	0	0	0	0	
1	0	0	0	0	0	3	
2	0	0	1	0	0	0	
0	3	2	0	3	3	1	
0	0	2	0	2	3	0	
0	0	0	2	0	0	0	
0	0	0	3	2	2	0	
0	3	0	0	0	0	0	
--------------------

--------------------
Best Solution Found!
--------------------
Time: 0 hour(s), 0 minute(s), 0 second(s), 78 millisecond(s)

Fitness: 24073

2	0	0	0	0	0	0	
0	0	0	0	0	0	0	
0	0	0	1	0	0	3	
0	0	2	0	0	0	0	
0	0	0	0	0	0	0	
0	0	0	0	0	0	0	
0	0	0	0	0	0	0	
1	0	0	0	0	0	1	
0	0	0	0	0	0	0	
0	0	3	0	0	0	0	
1	0	0	0	1	0	0	
3	0	0	0	2	0	0	
2	0	2	0	0	0	0	
0	0	0	0	0	0	0	
1	0	0	0	0	0	0	
0	0	0	3	3	0	0	
2	3	0	0	1	0	0	
3	0	1	0	2	3	2	
0	0	0	0	0	0	0	
0	3	1	2	0	0	0	
0	0	0	0	1	0	0	
0	0	2	0	0	0	0	
0	0	0	0	0	2	0	
0	2	0	1	0	3	0	
0	0	1	0	0	0	1	
--------------------

--------------------
Best Solution Found!
--------------------
Time: 0 hour(s), 0 minute(s), 0 second(s), 79 millisecond(s)

Fitness: 24073

2	0	0	0	0	0	0	
0	0	0	0	0	0	0	
0	0	0	1	0	0	3	
0	0	2	0	0	0	0	
0	0	0	0	0	0	0	
0	0	0	0	0	0	0	
0	0	0	0	0	0	0	
1	0	0	0	0	0	1	
0	0	0	0	0	0	0	
0	0	3	0	0	0	0	
1	0	0	0	1	0	0	
3	0	0	0	2	0	0	
2	0	2	0	0	0	0	
0	0	0	0	0	0	0	
1	0	0	0	0	0	0	
0	0	0	3	3	0	0	
2	3	0	0	1	0	0	
3	0	1	0	2	3	2	
0	0	0	0	0	0	0	
0	3	1	2	0	0	0	
0	0	0	0	1	0	0	
0	0	2	0	0	0	0	
0	0	0	0	0	2	0	
0	2	0	1	0	3	0	
0	0	1	0	0	0	1	
--------------------

--------------------
Best Solution Found!
--------------------
Time: 0 hour(s), 0 minute(s), 0 second(s), 88 millisecond(s)

Fitness: 24070

3	0	2	0	2	0	0	
0	0	1	0	0	0	0	
1	2	1	0	0	3	3	
2	0	0	0	0	0	0	
0	0	0	0	0	0	0	
0	3	0	0	0	0	0	
0	0	0	0	0	0	0	
2	0	0	0	1	0	1	
0	0	2	0	0	0	0	
0	0	0	0	2	0	0	
0	0	0	0	0	0	0	
0	3	0	0	0	0	0	
0	0	0	0	0	0	0	
0	0	0	0	0	0	0	
2	0	2	3	0	0	0	
0	0	0	1	0	0	0	
0	0	0	0	0	0	0	
1	0	0	0	0	0	2	
0	0	1	0	1	0	0	
0	0	0	0	0	0	0	
0	0	0	2	0	2	0	
0	0	3	0	0	0	0	
0	0	0	0	1	0	0	
3	0	0	0	3	3	0	
1	0	0	1	0	0	1	
--------------------

--------------------
Best Solution Found!
--------------------
Time: 0 hour(s), 0 minute(s), 0 second(s), 149 millisecond(s)

Fitness: 23075

0	0	0	1	1	0	0	
2	0	0	0	0	0	0	
0	0	1	0	1	0	0	
0	0	0	0	0	0	0	
1	0	0	0	0	0	0	
0	0	0	0	0	0	1	
0	0	0	0	0	0	0	
1	3	0	0	0	0	0	
0	0	0	0	0	0	0	
0	0	1	0	2	0	0	
0	0	0	0	0	0	0	
0	0	2	0	0	0	0	
0	0	0	0	2	0	0	
3	3	0	0	1	0	0	
3	0	1	1	0	2	1	
0	0	2	0	0	0	0	
2	2	2	2	0	3	0	
0	0	0	0	0	0	3	
1	0	3	3	0	3	0	
2	0	0	0	0	0	0	
0	0	0	0	0	0	2	
0	0	0	0	3	0	0	
0	0	0	0	0	0	0	
0	0	0	0	0	0	0	
0	0	0	0	0	0	0	
--------------------

--------------------
Best Solution Found!
--------------------
Time: 0 hour(s), 0 minute(s), 0 second(s), 151 millisecond(s)

Fitness: 23075

0	0	0	1	1	0	0	
2	0	0	0	0	0	0	
0	0	1	0	1	0	0	
0	0	0	0	0	0	0	
1	0	0	0	0	0	0	
0	0	0	0	0	0	1	
0	0	0	0	0	0	0	
1	3	0	0	0	0	0	
0	0	0	0	0	0	0	
0	0	1	0	2	0	0	
0	0	0	0	0	0	0	
0	0	2	0	0	0	0	
0	0	0	0	2	0	0	
3	3	0	0	1	0	0	
3	0	1	1	0	2	1	
0	0	2	0	0	0	0	
2	2	2	2	0	3	0	
0	0	0	0	0	0	3	
1	0	3	3	0	3	0	
2	0	0	0	0	0	0	
0	0	0	0	0	0	2	
0	0	0	0	3	0	0	
0	0	0	0	0	0	0	
0	0	0	0	0	0	0	
0	0	0	0	0	0	0	
--------------------

--------------------
Best Solution Found!
--------------------
Time: 0 hour(s), 0 minute(s), 0 second(s), 288 millisecond(s)

Fitness: 23061

0	3	0	0	0	0	0	
3	2	2	1	2	0	0	
0	0	0	0	0	0	0	
0	0	0	0	0	3	0	
2	0	0	2	0	0	0	
0	0	0	0	1	0	0	
0	0	0	0	0	0	0	
1	0	1	0	0	0	0	
0	0	0	0	0	0	0	
2	0	2	0	0	3	0	
0	0	0	0	1	0	0	
0	0	1	0	0	0	0	
0	0	0	0	0	0	0	
0	0	0	0	0	2	1	
0	0	0	0	0	0	0	
1	0	0	0	0	0	2	
2	0	1	3	3	0	0	
0	0	0	0	0	0	0	
0	3	3	1	1	0	3	
0	0	0	0	0	0	1	
0	0	0	0	0	0	0	
1	0	0	0	2	0	0	
0	0	0	0	0	0	0	
3	0	0	0	0	0	0	
0	0	2	0	0	0	0	
--------------------

--------------------
Best Solution Found!
--------------------
Time: 0 hour(s), 0 minute(s), 40 second(s), 107 millisecond(s)

Fitness: 22094

2	0	2	1	3	2	0	
0	0	1	0	0	0	0	
1	0	0	2	0	0	0	
0	0	0	0	0	0	0	
0	0	0	0	0	0	0	
0	0	0	0	1	0	0	
0	3	1	1	1	3	0	
0	0	2	0	0	3	0	
2	0	0	0	0	0	1	
2	0	0	0	0	0	0	
0	0	0	0	0	0	1	
0	0	0	0	1	0	0	
0	0	0	0	0	0	0	
0	0	0	0	0	0	0	
0	0	0	0	0	0	3	
3	0	3	3	2	0	2	
3	0	0	0	0	0	0	
0	0	0	0	0	0	0	
0	3	0	0	0	0	0	
0	0	2	0	2	0	0	
1	0	0	0	0	0	0	
0	2	1	0	0	0	0	
0	0	0	0	0	0	0	
1	0	0	0	0	0	0	
0	0	0	0	0	0	0	
--------------------

--------------------
Best Solution Found!
--------------------
Time: 0 hour(s), 1 minute(s), 9 second(s), 404 millisecond(s)

Fitness: 22081

0	3	2	0	0	0	0	
2	0	0	0	0	0	0	
0	3	2	1	2	0	1	
2	0	2	0	0	0	0	
0	0	0	0	0	2	0	
0	0	3	0	0	0	0	
0	0	0	0	0	0	0	
0	0	0	1	0	0	0	
0	0	0	0	0	0	0	
0	0	0	0	0	0	0	
3	0	0	0	0	0	3	
0	0	0	0	0	0	0	
0	0	0	0	3	0	0	
0	0	0	0	2	0	0	
0	0	0	0	0	0	0	
1	2	1	0	0	3	2	
0	0	0	0	0	0	0	
0	0	0	2	0	0	0	
0	0	0	0	1	0	0	
1	0	0	0	0	0	0	
0	0	0	0	1	0	0	
1	0	1	0	0	0	0	
2	0	1	0	1	3	1	
3	0	0	3	0	0	0	
0	0	0	0	0	0	0	
--------------------

--------------------
Best Solution Found!
--------------------
Time: 0 hour(s), 1 minute(s), 9 second(s), 406 millisecond(s)

Fitness: 22081

0	3	2	0	0	0	0	
2	0	0	0	0	0	0	
0	3	2	1	2	0	1	
2	0	2	0	0	0	0	
0	0	0	0	0	2	0	
0	0	3	0	0	0	0	
0	0	0	0	0	0	0	
0	0	0	1	0	0	0	
0	0	0	0	0	0	0	
0	0	0	0	0	0	0	
3	0	0	0	0	0	3	
0	0	0	0	0	0	0	
0	0	0	0	3	0	0	
0	0	0	0	2	0	0	
0	0	0	0	0	0	0	
1	2	1	0	0	3	2	
0	0	0	0	0	0	0	
0	0	0	2	0	0	0	
0	0	0	0	1	0	0	
1	0	0	0	0	0	0	
0	0	0	0	1	0	0	
1	0	1	0	0	0	0	
2	0	1	0	1	3	1	
3	0	0	3	0	0	0	
0	0	0	0	0	0	0	
--------------------

--------------------
Best Solution Found!
--------------------
Time: 0 hour(s), 1 minute(s), 9 second(s), 407 millisecond(s)

Fitness: 22081

0	3	2	0	0	0	0	
2	0	0	0	0	0	0	
0	3	2	1	2	0	1	
2	0	2	0	0	0	0	
0	0	0	0	0	2	0	
0	0	3	0	0	0	0	
0	0	0	0	0	0	0	
0	0	0	1	0	0	0	
0	0	0	0	0	0	0	
0	0	0	0	0	0	0	
3	0	0	0	0	0	3	
0	0	0	0	0	0	0	
0	0	0	0	3	0	0	
0	0	0	0	2	0	0	
0	0	0	0	0	0	0	
1	2	1	0	0	3	2	
0	0	0	0	0	0	0	
0	0	0	2	0	0	0	
0	0	0	0	1	0	0	
1	0	0	0	0	0	0	
0	0	0	0	1	0	0	
1	0	1	0	0	0	0	
2	0	1	0	1	3	1	
3	0	0	3	0	0	0	
0	0	0	0	0	0	0	
--------------------

--------------------
Best Solution Found!
--------------------
Time: 0 hour(s), 4 minute(s), 42 second(s), 5 millisecond(s)

Fitness: 22077

0	0	0	0	1	0	3	
0	0	0	0	1	0	0	
0	0	0	0	0	0	0	
0	0	0	0	0	0	0	
3	0	0	0	2	0	0	
0	0	0	0	0	0	0	
0	0	0	0	0	0	0	
0	0	2	0	0	0	0	
0	0	0	0	0	0	0	
0	0	1	0	1	0	0	
1	0	0	0	0	0	0	
2	0	3	2	0	3	1	
2	0	0	0	0	0	0	
0	0	1	0	0	0	0	
2	0	0	0	0	0	0	
0	2	0	0	0	0	0	
1	0	0	1	0	0	0	
0	0	0	0	0	0	0	
0	0	0	0	0	0	0	
0	0	2	0	3	0	0	
3	0	0	0	0	0	2	
0	0	0	0	0	0	0	
0	0	1	0	0	0	0	
1	3	0	1	2	3	0	
0	3	2	3	0	2	1	
--------------------

--------------------
Best Solution Found!
--------------------
Time: 0 hour(s), 4 minute(s), 42 second(s), 7 millisecond(s)

Fitness: 22077

0	0	0	0	1	0	3	
0	0	0	0	1	0	0	
0	0	0	0	0	0	0	
0	0	0	0	0	0	0	
3	0	0	0	2	0	0	
0	0	0	0	0	0	0	
0	0	0	0	0	0	0	
0	0	2	0	0	0	0	
0	0	0	0	0	0	0	
0	0	1	0	1	0	0	
1	0	0	0	0	0	0	
2	0	3	2	0	3	1	
2	0	0	0	0	0	0	
0	0	1	0	0	0	0	
2	0	0	0	0	0	0	
0	2	0	0	0	0	0	
1	0	0	1	0	0	0	
0	0	0	0	0	0	0	
0	0	0	0	0	0	0	
0	0	2	0	3	0	0	
3	0	0	0	0	0	2	
0	0	0	0	0	0	0	
0	0	1	0	0	0	0	
1	3	0	1	2	3	0	
0	3	2	3	0	2	1	
--------------------

--------------------
Best Solution Found!
--------------------
Time: 0 hour(s), 4 minute(s), 42 second(s), 8 millisecond(s)

Fitness: 22077

0	0	0	0	1	0	3	
0	0	0	0	1	0	0	
0	0	0	0	0	0	0	
0	0	0	0	0	0	0	
3	0	0	0	2	0	0	
0	0	0	0	0	0	0	
0	0	0	0	0	0	0	
0	0	2	0	0	0	0	
0	0	0	0	0	0	0	
0	0	1	0	1	0	0	
1	0	0	0	0	0	0	
2	0	3	2	0	3	1	
2	0	0	0	0	0	0	
0	0	1	0	0	0	0	
2	0	0	0	0	0	0	
0	2	0	0	0	0	0	
1	0	0	1	0	0	0	
0	0	0	0	0	0	0	
0	0	0	0	0	0	0	
0	0	2	0	3	0	0	
3	0	0	0	0	0	2	
0	0	0	0	0	0	0	
0	0	1	0	0	0	0	
1	3	0	1	2	3	0	
0	3	2	3	0	2	1	
--------------------

--------------------
Best Solution Found!
--------------------
Time: 0 hour(s), 4 minute(s), 42 second(s), 10 millisecond(s)

Fitness: 22077

0	0	0	0	1	0	3	
0	0	0	0	1	0	0	
0	0	0	0	0	0	0	
0	0	0	0	0	0	0	
3	0	0	0	2	0	0	
0	0	0	0	0	0	0	
0	0	0	0	0	0	0	
0	0	2	0	0	0	0	
0	0	0	0	0	0	0	
0	0	1	0	1	0	0	
1	0	0	0	0	0	0	
2	0	3	2	0	3	1	
2	0	0	0	0	0	0	
0	0	1	0	0	0	0	
2	0	0	0	0	0	0	
0	2	0	0	0	0	0	
1	0	0	1	0	0	0	
0	0	0	0	0	0	0	
0	0	0	0	0	0	0	
0	0	2	0	3	0	0	
3	0	0	0	0	0	2	
0	0	0	0	0	0	0	
0	0	1	0	0	0	0	
1	3	0	1	2	3	0	
0	3	2	3	0	2	1	
--------------------


The best solution was found at the restart: 24, population: 0
Total Time Elapsed: 0 hour(s), 8 minute(s), 23 second(s), 967 millisecond(s)

