--------------------
Best Solution Found!
--------------------
Time: 0 hour(s), 0 minute(s), 0 second(s), 5 millisecond(s)

Fitness: 17195

2	0	0	1	0	0	0	
0	3	3	0	0	1	1	
2	3	1	0	0	0	1	
3	3	1	2	0	3	0	
1	0	0	0	0	0	1	
1	2	1	0	2	0	1	
2	1	1	1	0	0	2	
2	0	0	0	0	0	0	
0	1	0	1	0	0	0	
1	0	3	0	0	0	2	
1	2	3	0	0	0	2	
3	0	2	2	2	0	1	
1	2	0	0	0	0	3	
3	1	1	0	2	0	1	
2	2	2	0	1	1	0	
0	0	1	0	1	0	1	
0	3	3	0	0	0	1	
1	0	0	3	0	0	0	
1	3	1	0	3	0	3	
1	3	0	0	0	0	1	
0	1	3	0	0	2	3	
0	3	0	0	0	0	2	
2	3	0	0	1	0	3	
0	3	0	0	0	0	0	
0	1	3	2	3	0	3	
--------------------

--------------------
Best Solution Found!
--------------------
Time: 0 hour(s), 0 minute(s), 0 second(s), 9 millisecond(s)

Fitness: 17195

2	0	0	1	0	0	0	
0	3	3	0	0	1	1	
2	3	1	0	0	0	1	
3	3	1	2	0	3	0	
1	0	0	0	0	0	1	
1	2	1	0	2	0	1	
2	1	1	1	0	0	2	
2	0	0	0	0	0	0	
0	1	0	1	0	0	0	
1	0	3	0	0	0	2	
1	2	3	0	0	0	2	
3	0	2	2	2	0	1	
1	2	0	0	0	0	3	
3	1	1	0	2	0	1	
2	2	2	0	1	1	0	
0	0	1	0	1	0	1	
0	3	3	0	0	0	1	
1	0	0	3	0	0	0	
1	3	1	0	3	0	3	
1	3	0	0	0	0	1	
0	1	3	0	0	2	3	
0	3	0	0	0	0	2	
2	3	0	0	1	0	3	
0	3	0	0	0	0	0	
0	1	3	2	3	0	3	
--------------------

--------------------
Best Solution Found!
--------------------
Time: 0 hour(s), 0 minute(s), 0 second(s), 49 millisecond(s)

Fitness: 17191

1	0	1	2	1	0	1	
1	2	0	1	3	0	2	
3	1	3	0	0	0	0	
3	0	0	0	0	0	3	
0	3	3	0	0	0	0	
0	3	0	0	0	0	1	
1	3	3	3	0	0	2	
0	0	2	0	1	0	1	
1	3	2	0	0	0	0	
3	3	0	0	1	0	0	
2	3	1	0	0	0	3	
2	1	1	0	0	0	0	
2	1	1	0	0	2	1	
0	3	1	1	3	0	3	
1	1	3	0	0	1	3	
0	0	0	0	2	0	0	
1	2	1	0	2	0	1	
0	0	3	0	0	0	2	
1	3	3	1	0	0	1	
2	0	1	2	0	0	1	
2	0	0	0	0	0	1	
1	3	0	0	0	3	1	
0	2	0	2	0	1	2	
2	1	0	0	0	0	0	
0	2	0	0	2	0	3	
--------------------

--------------------
Best Solution Found!
--------------------
Time: 0 hour(s), 0 minute(s), 0 second(s), 52 millisecond(s)

Fitness: 17191

1	0	1	2	1	0	1	
1	2	0	1	3	0	2	
3	1	3	0	0	0	0	
3	0	0	0	0	0	3	
0	3	3	0	0	0	0	
0	3	0	0	0	0	1	
1	3	3	3	0	0	2	
0	0	2	0	1	0	1	
1	3	2	0	0	0	0	
3	3	0	0	1	0	0	
2	3	1	0	0	0	3	
2	1	1	0	0	0	0	
2	1	1	0	0	2	1	
0	3	1	1	3	0	3	
1	1	3	0	0	1	3	
0	0	0	0	2	0	0	
1	2	1	0	2	0	1	
0	0	3	0	0	0	2	
1	3	3	1	0	0	1	
2	0	1	2	0	0	1	
2	0	0	0	0	0	1	
1	3	0	0	0	3	1	
0	2	0	2	0	1	2	
2	1	0	0	0	0	0	
0	2	0	0	2	0	3	
--------------------

--------------------
Best Solution Found!
--------------------
Time: 0 hour(s), 0 minute(s), 0 second(s), 55 millisecond(s)

Fitness: 17191

1	0	1	2	1	0	1	
1	2	0	1	3	0	2	
3	1	3	0	0	0	0	
3	0	0	0	0	0	3	
0	3	3	0	0	0	0	
0	3	0	0	0	0	1	
1	3	3	3	0	0	2	
0	0	2	0	1	0	1	
1	3	2	0	0	0	0	
3	3	0	0	1	0	0	
2	3	1	0	0	0	3	
2	1	1	0	0	0	0	
2	1	1	0	0	2	1	
0	3	1	1	3	0	3	
1	1	3	0	0	1	3	
0	0	0	0	2	0	0	
1	2	1	0	2	0	1	
0	0	3	0	0	0	2	
1	3	3	1	0	0	1	
2	0	1	2	0	0	1	
2	0	0	0	0	0	1	
1	3	0	0	0	3	1	
0	2	0	2	0	1	2	
2	1	0	0	0	0	0	
0	2	0	0	2	0	3	
--------------------

--------------------
Best Solution Found!
--------------------
Time: 0 hour(s), 0 minute(s), 0 second(s), 161 millisecond(s)

Fitness: 16201

2	3	1	1	0	0	2	
1	0	3	0	0	0	1	
3	2	1	0	2	0	2	
2	3	3	2	0	0	3	
2	3	0	1	0	3	2	
2	3	3	0	0	1	1	
1	1	0	0	0	0	0	
1	0	0	3	1	0	1	
3	2	0	0	0	0	3	
0	3	2	0	1	0	0	
2	0	0	0	0	0	1	
0	0	1	0	0	0	1	
0	2	3	0	0	0	1	
0	3	1	2	0	0	0	
0	0	1	0	3	0	0	
0	3	0	0	2	0	1	
2	0	3	0	0	0	0	
1	1	0	0	1	1	3	
1	3	1	0	3	0	2	
3	1	3	2	0	0	3	
1	1	0	1	0	0	0	
0	0	0	0	0	0	1	
0	3	1	0	2	2	3	
1	2	2	0	0	0	1	
1	1	0	0	0	0	0	
--------------------

--------------------
Best Solution Found!
--------------------
Time: 0 hour(s), 0 minute(s), 0 second(s), 561 millisecond(s)

Fitness: 16197

0	0	0	0	0	0	0	
0	2	0	0	0	0	1	
2	0	0	0	0	0	0	
1	0	2	0	0	0	0	
2	1	1	0	3	0	2	
2	3	0	0	1	1	1	
2	3	3	0	0	0	0	
0	2	1	3	1	0	2	
0	1	0	0	0	0	2	
3	0	2	1	0	0	0	
1	3	1	0	1	0	0	
0	3	0	0	0	0	1	
2	1	3	1	0	0	1	
1	3	3	0	0	3	1	
1	2	3	2	0	0	1	
1	3	1	1	0	0	1	
3	0	1	0	0	0	1	
1	3	0	0	0	0	0	
1	3	0	0	2	2	2	
0	0	1	0	2	0	3	
3	0	3	2	0	0	3	
0	3	0	0	0	0	3	
1	1	0	0	0	0	3	
2	2	3	2	3	0	3	
0	1	1	0	2	1	1	
--------------------

--------------------
Best Solution Found!
--------------------
Time: 0 hour(s), 0 minute(s), 0 second(s), 711 millisecond(s)

Fitness: 16193

1	3	1	1	0	0	1	
0	3	3	0	0	0	3	
0	3	0	0	2	0	2	
2	1	1	1	0	0	3	
2	3	0	2	0	0	0	
0	2	0	0	0	0	0	
3	0	1	0	0	0	0	
2	1	0	0	0	0	0	
2	0	3	0	2	0	1	
0	2	3	0	3	0	0	
1	2	1	3	0	0	1	
1	1	1	0	0	3	3	
0	3	1	0	0	0	2	
1	2	0	1	1	0	1	
0	0	0	0	0	0	1	
0	0	3	0	0	0	2	
1	3	1	0	1	0	1	
0	0	0	0	0	0	3	
1	0	3	0	0	1	0	
2	3	3	0	0	1	3	
3	0	0	0	1	0	1	
2	1	2	2	0	0	1	
1	1	2	2	3	0	0	
1	3	0	0	2	0	1	
3	3	0	0	0	2	2	
--------------------

--------------------
Best Solution Found!
--------------------
Time: 0 hour(s), 0 minute(s), 1 second(s), 449 millisecond(s)

Fitness: 16187

0	3	2	1	1	0	1	
1	0	0	3	0	0	0	
2	1	3	0	2	0	2	
2	1	1	0	0	2	1	
0	1	3	1	0	0	3	
1	0	0	2	0	0	0	
2	3	0	0	0	3	3	
2	0	1	0	1	1	1	
3	2	1	0	3	0	1	
3	2	0	0	0	0	0	
2	3	3	0	0	0	3	
0	2	0	0	0	0	2	
0	3	2	2	1	0	3	
1	0	1	0	0	0	3	
0	1	1	0	0	0	0	
0	0	3	0	0	0	1	
1	3	1	0	2	0	1	
1	3	0	0	0	1	1	
0	1	3	0	0	0	1	
0	0	0	0	2	0	2	
1	3	0	0	0	0	0	
1	0	0	0	0	0	0	
1	3	0	0	0	0	1	
3	2	1	1	0	0	2	
2	3	3	2	3	0	0	
--------------------

--------------------
Best Solution Found!
--------------------
Time: 0 hour(s), 0 minute(s), 1 second(s), 451 millisecond(s)

Fitness: 16187

0	3	2	1	1	0	1	
1	0	0	3	0	0	0	
2	1	3	0	2	0	2	
2	1	1	0	0	2	1	
0	1	3	1	0	0	3	
1	0	0	2	0	0	0	
2	3	0	0	0	3	3	
2	0	1	0	1	1	1	
3	2	1	0	3	0	1	
3	2	0	0	0	0	0	
2	3	3	0	0	0	3	
0	2	0	0	0	0	2	
0	3	2	2	1	0	3	
1	0	1	0	0	0	3	
0	1	1	0	0	0	0	
0	0	3	0	0	0	1	
1	3	1	0	2	0	1	
1	3	0	0	0	1	1	
0	1	3	0	0	0	1	
0	0	0	0	2	0	2	
1	3	0	0	0	0	0	
1	0	0	0	0	0	0	
1	3	0	0	0	0	1	
3	2	1	1	0	0	2	
2	3	3	2	3	0	0	
--------------------

--------------------
Best Solution Found!
--------------------
Time: 0 hour(s), 0 minute(s), 1 second(s), 872 millisecond(s)

Fitness: 15200

2	0	0	3	0	0	1	
1	1	3	0	2	0	2	
2	2	0	1	3	0	1	
1	3	1	0	1	0	3	
1	1	2	0	1	0	3	
1	3	1	0	0	0	3	
0	3	0	0	0	1	1	
0	0	0	0	0	0	0	
1	2	0	2	0	1	1	
1	3	1	0	3	0	1	
0	3	3	1	0	2	2	
3	0	0	0	2	0	0	
0	3	0	0	0	0	1	
1	1	1	2	0	0	1	
0	1	0	0	0	0	2	
2	3	1	2	0	0	3	
2	0	3	1	2	0	1	
3	0	0	0	1	3	0	
0	3	1	0	0	0	0	
2	3	2	0	0	0	0	
3	2	0	0	0	0	3	
2	0	3	0	0	0	2	
0	0	1	0	0	0	1	
0	1	3	0	0	0	0	
1	2	3	0	0	0	0	
--------------------

--------------------
Best Solution Found!
--------------------
Time: 0 hour(s), 0 minute(s), 1 second(s), 875 millisecond(s)

Fitness: 15200

2	0	0	3	0	0	1	
1	1	3	0	2	0	2	
2	2	0	1	3	0	1	
1	3	1	0	1	0	3	
1	1	2	0	1	0	3	
1	3	1	0	0	0	3	
0	3	0	0	0	1	1	
0	0	0	0	0	0	0	
1	2	0	2	0	1	1	
1	3	1	0	3	0	1	
0	3	3	1	0	2	2	
3	0	0	0	2	0	0	
0	3	0	0	0	0	1	
1	1	1	2	0	0	1	
0	1	0	0	0	0	2	
2	3	1	2	0	0	3	
2	0	3	1	2	0	1	
3	0	0	0	1	3	0	
0	3	1	0	0	0	0	
2	3	2	0	0	0	0	
3	2	0	0	0	0	3	
2	0	3	0	0	0	2	
0	0	1	0	0	0	1	
0	1	3	0	0	0	0	
1	2	3	0	0	0	0	
--------------------

--------------------
Best Solution Found!
--------------------
Time: 0 hour(s), 0 minute(s), 5 second(s), 166 millisecond(s)

Fitness: 15200

3	0	0	0	0	0	1	
0	2	0	0	0	0	3	
1	3	1	0	1	0	1	
3	2	0	1	2	0	3	
2	3	3	0	0	0	2	
2	1	0	0	2	1	1	
0	3	3	3	0	0	1	
2	3	1	0	0	0	0	
0	3	2	2	1	0	1	
1	0	0	0	0	0	3	
3	0	3	0	0	0	1	
0	0	0	0	0	0	3	
2	3	0	0	0	0	0	
0	0	0	2	0	0	2	
1	3	0	0	0	0	0	
0	2	1	0	0	0	0	
1	1	1	0	3	0	1	
0	0	1	0	0	0	0	
1	0	3	1	0	0	1	
1	1	1	0	1	0	1	
2	2	3	1	3	0	0	
1	1	0	0	2	1	2	
0	3	3	0	0	2	0	
2	3	2	0	0	3	2	
1	1	1	2	0	0	3	
--------------------

--------------------
Best Solution Found!
--------------------
Time: 0 hour(s), 0 minute(s), 5 second(s), 172 millisecond(s)

Fitness: 15200

3	0	0	0	0	0	1	
0	2	0	0	0	0	3	
1	3	1	0	1	0	1	
3	2	0	1	2	0	3	
2	3	3	0	0	0	2	
2	1	0	0	2	1	1	
0	3	3	3	0	0	1	
2	3	1	0	0	0	0	
0	3	2	2	1	0	1	
1	0	0	0	0	0	3	
3	0	3	0	0	0	1	
0	0	0	0	0	0	3	
2	3	0	0	0	0	0	
0	0	0	2	0	0	2	
1	3	0	0	0	0	0	
0	2	1	0	0	0	0	
1	1	1	0	3	0	1	
0	0	1	0	0	0	0	
1	0	3	1	0	0	1	
1	1	1	0	1	0	1	
2	2	3	1	3	0	0	
1	1	0	0	2	1	2	
0	3	3	0	0	2	0	
2	3	2	0	0	3	2	
1	1	1	2	0	0	3	
--------------------

--------------------
Best Solution Found!
--------------------
Time: 0 hour(s), 0 minute(s), 5 second(s), 174 millisecond(s)

Fitness: 15200

3	0	0	0	0	0	1	
0	2	0	0	0	0	3	
1	3	1	0	1	0	1	
3	2	0	1	2	0	3	
2	3	3	0	0	0	2	
2	1	0	0	2	1	1	
0	3	3	3	0	0	1	
2	3	1	0	0	0	0	
0	3	2	2	1	0	1	
1	0	0	0	0	0	3	
3	0	3	0	0	0	1	
0	0	0	0	0	0	3	
2	3	0	0	0	0	0	
0	0	0	2	0	0	2	
1	3	0	0	0	0	0	
0	2	1	0	0	0	0	
1	1	1	0	3	0	1	
0	0	1	0	0	0	0	
1	0	3	1	0	0	1	
1	1	1	0	1	0	1	
2	2	3	1	3	0	0	
1	1	0	0	2	1	2	
0	3	3	0	0	2	0	
2	3	2	0	0	3	2	
1	1	1	2	0	0	3	
--------------------

--------------------
Best Solution Found!
--------------------
Time: 0 hour(s), 0 minute(s), 5 second(s), 176 millisecond(s)

Fitness: 15200

3	0	0	0	0	0	1	
0	2	0	0	0	0	3	
1	3	1	0	1	0	1	
3	2	0	1	2	0	3	
2	3	3	0	0	0	2	
2	1	0	0	2	1	1	
0	3	3	3	0	0	1	
2	3	1	0	0	0	0	
0	3	2	2	1	0	1	
1	0	0	0	0	0	3	
3	0	3	0	0	0	1	
0	0	0	0	0	0	3	
2	3	0	0	0	0	0	
0	0	0	2	0	0	2	
1	3	0	0	0	0	0	
0	2	1	0	0	0	0	
1	1	1	0	3	0	1	
0	0	1	0	0	0	0	
1	0	3	1	0	0	1	
1	1	1	0	1	0	1	
2	2	3	1	3	0	0	
1	1	0	0	2	1	2	
0	3	3	0	0	2	0	
2	3	2	0	0	3	2	
1	1	1	2	0	0	3	
--------------------

--------------------
Best Solution Found!
--------------------
Time: 0 hour(s), 0 minute(s), 7 second(s), 473 millisecond(s)

Fitness: 15195

0	0	0	3	0	0	2	
2	0	3	0	0	0	1	
2	1	0	1	0	0	0	
3	3	1	0	2	0	1	
1	2	3	0	2	0	2	
2	0	0	0	0	1	0	
3	3	0	2	0	0	1	
2	0	3	0	0	0	0	
1	1	1	0	1	0	1	
1	3	3	0	1	0	1	
0	0	0	0	0	0	0	
0	3	0	0	2	0	3	
1	2	2	1	0	0	1	
1	2	0	0	1	1	2	
1	3	3	0	3	2	0	
2	1	1	0	0	0	0	
2	3	0	0	0	0	1	
0	1	0	0	0	3	3	
0	1	1	2	3	0	3	
0	2	1	0	0	0	1	
1	3	2	1	0	0	1	
3	0	0	0	0	0	0	
0	3	3	0	0	0	3	
1	3	1	2	0	0	2	
0	0	1	0	0	0	3	
--------------------

--------------------
Best Solution Found!
--------------------
Time: 0 hour(s), 0 minute(s), 7 second(s), 475 millisecond(s)

Fitness: 15195

0	0	0	3	0	0	2	
2	0	3	0	0	0	1	
2	1	0	1	0	0	0	
3	3	1	0	2	0	1	
1	2	3	0	2	0	2	
2	0	0	0	0	1	0	
3	3	0	2	0	0	1	
2	0	3	0	0	0	0	
1	1	1	0	1	0	1	
1	3	3	0	1	0	1	
0	0	0	0	0	0	0	
0	3	0	0	2	0	3	
1	2	2	1	0	0	1	
1	2	0	0	1	1	2	
1	3	3	0	3	2	0	
2	1	1	0	0	0	0	
2	3	0	0	0	0	1	
0	1	0	0	0	3	3	
0	1	1	2	3	0	3	
0	2	1	0	0	0	1	
1	3	2	1	0	0	1	
3	0	0	0	0	0	0	
0	3	3	0	0	0	3	
1	3	1	2	0	0	2	
0	0	1	0	0	0	3	
--------------------

--------------------
Best Solution Found!
--------------------
Time: 0 hour(s), 0 minute(s), 9 second(s), 811 millisecond(s)

Fitness: 15190

0	2	1	0	0	0	1	
2	2	0	0	0	0	3	
0	1	1	0	1	1	1	
1	3	1	0	2	0	2	
2	0	0	0	0	0	1	
2	0	0	0	0	0	0	
3	3	3	0	2	0	3	
0	3	0	1	0	0	1	
1	0	1	0	0	0	0	
1	0	1	0	1	0	1	
3	2	3	0	0	3	1	
0	3	2	0	0	0	2	
1	1	0	0	0	0	0	
1	3	0	0	0	0	1	
2	0	3	2	0	0	0	
0	3	3	0	0	0	0	
2	1	0	0	0	0	0	
0	3	0	0	0	0	2	
1	3	3	0	1	0	1	
1	1	1	3	0	0	3	
0	2	1	2	3	0	3	
1	0	3	2	3	2	0	
2	0	0	0	0	0	3	
3	1	0	1	2	0	1	
0	3	2	1	0	1	2	
--------------------

--------------------
Best Solution Found!
--------------------
Time: 0 hour(s), 0 minute(s), 11 second(s), 712 millisecond(s)

Fitness: 15190

1	0	1	0	1	3	1	
3	0	0	0	0	0	0	
1	2	3	0	3	0	3	
1	2	1	3	0	0	2	
0	3	0	0	0	0	3	
2	3	3	2	0	0	1	
3	3	0	0	0	1	0	
1	0	1	0	2	1	1	
1	3	3	0	0	0	3	
0	0	2	0	0	0	1	
0	3	1	0	0	0	1	
3	2	1	2	0	0	3	
0	0	0	0	0	0	3	
0	1	0	0	0	0	1	
2	3	3	2	0	0	2	
1	1	0	1	3	0	1	
2	1	1	0	2	2	0	
0	2	0	0	0	0	0	
1	3	0	0	1	0	0	
0	1	3	0	2	0	0	
2	3	0	0	0	0	1	
2	0	2	0	0	0	1	
1	0	3	1	0	0	0	
2	1	0	1	1	0	2	
0	3	1	0	0	0	2	
--------------------

--------------------
Best Solution Found!
--------------------
Time: 0 hour(s), 0 minute(s), 11 second(s), 714 millisecond(s)

Fitness: 15190

1	0	1	0	1	3	1	
3	0	0	0	0	0	0	
1	2	3	0	3	0	3	
1	2	1	3	0	0	2	
0	3	0	0	0	0	3	
2	3	3	2	0	0	1	
3	3	0	0	0	1	0	
1	0	1	0	2	1	1	
1	3	3	0	0	0	3	
0	0	2	0	0	0	1	
0	3	1	0	0	0	1	
3	2	1	2	0	0	3	
0	0	0	0	0	0	3	
0	1	0	0	0	0	1	
2	3	3	2	0	0	2	
1	1	0	1	3	0	1	
2	1	1	0	2	2	0	
0	2	0	0	0	0	0	
1	3	0	0	1	0	0	
0	1	3	0	2	0	0	
2	3	0	0	0	0	1	
2	0	2	0	0	0	1	
1	0	3	1	0	0	0	
2	1	0	1	1	0	2	
0	3	1	0	0	0	2	
--------------------

--------------------
Best Solution Found!
--------------------
Time: 0 hour(s), 0 minute(s), 16 second(s), 25 millisecond(s)

Fitness: 15185

0	1	0	0	0	0	3	
0	3	0	0	1	0	2	
1	0	0	0	0	0	2	
1	3	2	0	0	1	1	
0	3	0	0	0	0	1	
3	2	0	3	2	0	1	
1	1	3	1	1	0	0	
0	2	1	2	2	0	1	
2	0	3	2	2	0	1	
2	0	1	0	0	0	2	
3	1	3	0	0	0	0	
1	0	2	0	3	0	2	
3	0	0	0	0	0	0	
0	3	1	1	1	0	3	
0	3	3	1	0	3	1	
1	3	1	0	0	2	1	
1	2	1	0	0	0	0	
2	3	3	0	0	0	1	
2	3	0	0	0	0	0	
1	3	0	0	0	0	0	
2	1	1	0	0	1	3	
2	0	1	2	3	0	3	
0	1	0	0	0	0	1	
0	0	3	0	0	0	3	
1	2	0	0	0	0	0	
--------------------

--------------------
Best Solution Found!
--------------------
Time: 0 hour(s), 0 minute(s), 16 second(s), 27 millisecond(s)

Fitness: 15185

0	1	0	0	0	0	3	
0	3	0	0	1	0	2	
1	0	0	0	0	0	2	
1	3	2	0	0	1	1	
0	3	0	0	0	0	1	
3	2	0	3	2	0	1	
1	1	3	1	1	0	0	
0	2	1	2	2	0	1	
2	0	3	2	2	0	1	
2	0	1	0	0	0	2	
3	1	3	0	0	0	0	
1	0	2	0	3	0	2	
3	0	0	0	0	0	0	
0	3	1	1	1	0	3	
0	3	3	1	0	3	1	
1	3	1	0	0	2	1	
1	2	1	0	0	0	0	
2	3	3	0	0	0	1	
2	3	0	0	0	0	0	
1	3	0	0	0	0	0	
2	1	1	0	0	1	3	
2	0	1	2	3	0	3	
0	1	0	0	0	0	1	
0	0	3	0	0	0	3	
1	2	0	0	0	0	0	
--------------------

--------------------
Best Solution Found!
--------------------
Time: 0 hour(s), 0 minute(s), 16 second(s), 28 millisecond(s)

Fitness: 15185

0	1	0	0	0	0	3	
0	3	0	0	1	0	2	
1	0	0	0	0	0	2	
1	3	2	0	0	1	1	
0	3	0	0	0	0	1	
3	2	0	3	2	0	1	
1	1	3	1	1	0	0	
0	2	1	2	2	0	1	
2	0	3	2	2	0	1	
2	0	1	0	0	0	2	
3	1	3	0	0	0	0	
1	0	2	0	3	0	2	
3	0	0	0	0	0	0	
0	3	1	1	1	0	3	
0	3	3	1	0	3	1	
1	3	1	0	0	2	1	
1	2	1	0	0	0	0	
2	3	3	0	0	0	1	
2	3	0	0	0	0	0	
1	3	0	0	0	0	0	
2	1	1	0	0	1	3	
2	0	1	2	3	0	3	
0	1	0	0	0	0	1	
0	0	3	0	0	0	3	
1	2	0	0	0	0	0	
--------------------

--------------------
Best Solution Found!
--------------------
Time: 0 hour(s), 0 minute(s), 30 second(s), 916 millisecond(s)

Fitness: 15183

1	0	3	1	2	0	3	
0	0	0	0	0	0	2	
0	2	3	0	0	0	0	
2	3	0	2	1	0	3	
0	3	1	3	3	0	1	
2	0	0	0	0	0	2	
1	2	3	1	0	0	3	
2	3	2	0	0	0	1	
3	3	0	0	0	0	0	
1	1	3	0	3	3	0	
1	3	0	0	1	0	0	
1	0	3	0	0	0	1	
1	1	0	0	0	0	0	
3	1	1	0	0	0	1	
0	2	2	0	1	0	1	
1	0	1	2	0	1	2	
0	2	0	0	0	0	1	
2	1	1	2	2	0	0	
1	3	3	0	0	1	2	
2	3	0	0	0	0	1	
3	3	0	0	2	2	3	
0	0	0	0	0	0	1	
0	0	1	0	0	0	1	
2	1	1	1	0	0	3	
0	3	1	0	0	0	0	
--------------------

--------------------
Best Solution Found!
--------------------
Time: 0 hour(s), 0 minute(s), 30 second(s), 919 millisecond(s)

Fitness: 15183

1	0	3	1	2	0	3	
0	0	0	0	0	0	2	
0	2	3	0	0	0	0	
2	3	0	2	1	0	3	
0	3	1	3	3	0	1	
2	0	0	0	0	0	2	
1	2	3	1	0	0	3	
2	3	2	0	0	0	1	
3	3	0	0	0	0	0	
1	1	3	0	3	3	0	
1	3	0	0	1	0	0	
1	0	3	0	0	0	1	
1	1	0	0	0	0	0	
3	1	1	0	0	0	1	
0	2	2	0	1	0	1	
1	0	1	2	0	1	2	
0	2	0	0	0	0	1	
2	1	1	2	2	0	0	
1	3	3	0	0	1	2	
2	3	0	0	0	0	1	
3	3	0	0	2	2	3	
0	0	0	0	0	0	1	
0	0	1	0	0	0	1	
2	1	1	1	0	0	3	
0	3	1	0	0	0	0	
--------------------

--------------------
Best Solution Found!
--------------------
Time: 0 hour(s), 0 minute(s), 30 second(s), 923 millisecond(s)

Fitness: 15183

1	0	3	1	2	0	3	
0	0	0	0	0	0	2	
0	2	3	0	0	0	0	
2	3	0	2	1	0	3	
0	3	1	3	3	0	1	
2	0	0	0	0	0	2	
1	2	3	1	0	0	3	
2	3	2	0	0	0	1	
3	3	0	0	0	0	0	
1	1	3	0	3	3	0	
1	3	0	0	1	0	0	
1	0	3	0	0	0	1	
1	1	0	0	0	0	0	
3	1	1	0	0	0	1	
0	2	2	0	1	0	1	
1	0	1	2	0	1	2	
0	2	0	0	0	0	1	
2	1	1	2	2	0	0	
1	3	3	0	0	1	2	
2	3	0	0	0	0	1	
3	3	0	0	2	2	3	
0	0	0	0	0	0	1	
0	0	1	0	0	0	1	
2	1	1	1	0	0	3	
0	3	1	0	0	0	0	
--------------------

--------------------
Best Solution Found!
--------------------
Time: 0 hour(s), 0 minute(s), 48 second(s), 550 millisecond(s)

Fitness: 15179

1	0	1	2	0	0	0	
1	0	0	0	0	0	2	
2	0	0	0	0	0	3	
1	3	1	0	0	0	2	
1	2	3	0	3	0	2	
2	0	2	3	1	0	1	
3	1	0	0	0	0	0	
0	1	1	2	2	0	3	
3	0	0	0	3	0	1	
0	2	3	0	0	0	0	
0	3	0	0	0	0	1	
3	3	1	0	0	0	3	
1	3	3	0	1	1	0	
0	3	3	1	0	1	0	
2	2	0	0	0	0	2	
0	1	0	0	0	0	3	
2	3	1	1	0	0	1	
0	1	0	0	0	0	1	
2	3	1	0	2	0	1	
1	2	3	0	0	3	1	
0	1	0	0	0	0	0	
0	0	0	0	0	0	3	
1	0	1	2	0	2	1	
1	3	3	1	1	0	0	
2	3	2	0	2	0	1	
--------------------

--------------------
Best Solution Found!
--------------------
Time: 0 hour(s), 0 minute(s), 48 second(s), 554 millisecond(s)

Fitness: 15179

1	0	1	2	0	0	0	
1	0	0	0	0	0	2	
2	0	0	0	0	0	3	
1	3	1	0	0	0	2	
1	2	3	0	3	0	2	
2	0	2	3	1	0	1	
3	1	0	0	0	0	0	
0	1	1	2	2	0	3	
3	0	0	0	3	0	1	
0	2	3	0	0	0	0	
0	3	0	0	0	0	1	
3	3	1	0	0	0	3	
1	3	3	0	1	1	0	
0	3	3	1	0	1	0	
2	2	0	0	0	0	2	
0	1	0	0	0	0	3	
2	3	1	1	0	0	1	
0	1	0	0	0	0	1	
2	3	1	0	2	0	1	
1	2	3	0	0	3	1	
0	1	0	0	0	0	0	
0	0	0	0	0	0	3	
1	0	1	2	0	2	1	
1	3	3	1	1	0	0	
2	3	2	0	2	0	1	
--------------------

--------------------
Best Solution Found!
--------------------
Time: 0 hour(s), 0 minute(s), 48 second(s), 557 millisecond(s)

Fitness: 15179

1	0	1	2	0	0	0	
1	0	0	0	0	0	2	
2	0	0	0	0	0	3	
1	3	1	0	0	0	2	
1	2	3	0	3	0	2	
2	0	2	3	1	0	1	
3	1	0	0	0	0	0	
0	1	1	2	2	0	3	
3	0	0	0	3	0	1	
0	2	3	0	0	0	0	
0	3	0	0	0	0	1	
3	3	1	0	0	0	3	
1	3	3	0	1	1	0	
0	3	3	1	0	1	0	
2	2	0	0	0	0	2	
0	1	0	0	0	0	3	
2	3	1	1	0	0	1	
0	1	0	0	0	0	1	
2	3	1	0	2	0	1	
1	2	3	0	0	3	1	
0	1	0	0	0	0	0	
0	0	0	0	0	0	3	
1	0	1	2	0	2	1	
1	3	3	1	1	0	0	
2	3	2	0	2	0	1	
--------------------

--------------------
Best Solution Found!
--------------------
Time: 0 hour(s), 1 minute(s), 30 second(s), 403 millisecond(s)

Fitness: 15179

1	0	0	0	0	0	1	
1	0	0	0	0	0	2	
3	3	1	2	0	0	3	
3	1	0	0	0	0	0	
2	0	0	0	1	0	1	
0	3	1	2	0	0	0	
2	3	0	0	2	0	0	
1	0	3	0	0	0	1	
1	3	3	1	0	0	1	
2	0	3	1	2	0	1	
1	3	0	0	0	0	0	
0	2	0	0	0	0	2	
2	1	3	0	0	0	0	
1	2	1	0	0	2	1	
2	1	0	0	0	0	3	
3	1	0	0	0	0	0	
2	3	1	0	1	0	2	
0	0	0	2	2	0	0	
1	3	1	0	1	0	3	
1	2	2	0	3	0	1	
0	0	1	0	0	0	1	
0	3	3	3	0	1	3	
0	2	2	0	3	1	2	
0	1	1	1	0	3	3	
0	3	3	0	0	0	1	
--------------------

--------------------
Best Solution Found!
--------------------
Time: 0 hour(s), 3 minute(s), 6 second(s), 439 millisecond(s)

Fitness: 15174

0	3	3	0	2	1	1	
0	1	1	2	1	0	2	
3	2	0	0	0	0	2	
2	0	3	0	0	0	0	
1	1	2	0	0	1	1	
1	3	1	0	1	0	1	
2	0	0	0	0	0	1	
0	3	0	2	2	3	1	
1	0	1	1	3	0	3	
2	3	2	1	0	0	0	
1	0	0	0	0	0	3	
1	2	1	0	0	0	0	
1	3	3	0	0	0	3	
2	2	1	0	3	0	1	
1	3	3	0	2	2	0	
3	0	1	0	0	0	1	
0	3	0	0	0	0	3	
2	1	3	1	0	0	1	
0	3	1	0	1	0	2	
3	0	0	0	0	0	0	
1	2	0	3	0	0	0	
0	0	0	0	0	0	2	
0	1	0	0	0	0	3	
2	3	3	2	0	0	1	
0	1	0	0	0	0	0	
--------------------

--------------------
Best Solution Found!
--------------------
Time: 0 hour(s), 3 minute(s), 6 second(s), 442 millisecond(s)

Fitness: 15174

0	3	3	0	2	1	1	
0	1	1	2	1	0	2	
3	2	0	0	0	0	2	
2	0	3	0	0	0	0	
1	1	2	0	0	1	1	
1	3	1	0	1	0	1	
2	0	0	0	0	0	1	
0	3	0	2	2	3	1	
1	0	1	1	3	0	3	
2	3	2	1	0	0	0	
1	0	0	0	0	0	3	
1	2	1	0	0	0	0	
1	3	3	0	0	0	3	
2	2	1	0	3	0	1	
1	3	3	0	2	2	0	
3	0	1	0	0	0	1	
0	3	0	0	0	0	3	
2	1	3	1	0	0	1	
0	3	1	0	1	0	2	
3	0	0	0	0	0	0	
1	2	0	3	0	0	0	
0	0	0	0	0	0	2	
0	1	0	0	0	0	3	
2	3	3	2	0	0	1	
0	1	0	0	0	0	0	
--------------------

--------------------
Best Solution Found!
--------------------
Time: 0 hour(s), 3 minute(s), 6 second(s), 443 millisecond(s)

Fitness: 15174

0	3	3	0	2	1	1	
0	1	1	2	1	0	2	
3	2	0	0	0	0	2	
2	0	3	0	0	0	0	
1	1	2	0	0	1	1	
1	3	1	0	1	0	1	
2	0	0	0	0	0	1	
0	3	0	2	2	3	1	
1	0	1	1	3	0	3	
2	3	2	1	0	0	0	
1	0	0	0	0	0	3	
1	2	1	0	0	0	0	
1	3	3	0	0	0	3	
2	2	1	0	3	0	1	
1	3	3	0	2	2	0	
3	0	1	0	0	0	1	
0	3	0	0	0	0	3	
2	1	3	1	0	0	1	
0	3	1	0	1	0	2	
3	0	0	0	0	0	0	
1	2	0	3	0	0	0	
0	0	0	0	0	0	2	
0	1	0	0	0	0	3	
2	3	3	2	0	0	1	
0	1	0	0	0	0	0	
--------------------

--------------------
Best Solution Found!
--------------------
Time: 0 hour(s), 3 minute(s), 6 second(s), 446 millisecond(s)

Fitness: 15174

0	3	3	0	2	1	1	
0	1	1	2	1	0	2	
3	2	0	0	0	0	2	
2	0	3	0	0	0	0	
1	1	2	0	0	1	1	
1	3	1	0	1	0	1	
2	0	0	0	0	0	1	
0	3	0	2	2	3	1	
1	0	1	1	3	0	3	
2	3	2	1	0	0	0	
1	0	0	0	0	0	3	
1	2	1	0	0	0	0	
1	3	3	0	0	0	3	
2	2	1	0	3	0	1	
1	3	3	0	2	2	0	
3	0	1	0	0	0	1	
0	3	0	0	0	0	3	
2	1	3	1	0	0	1	
0	3	1	0	1	0	2	
3	0	0	0	0	0	0	
1	2	0	3	0	0	0	
0	0	0	0	0	0	2	
0	1	0	0	0	0	3	
2	3	3	2	0	0	1	
0	1	0	0	0	0	0	
--------------------

--------------------
Best Solution Found!
--------------------
Time: 0 hour(s), 3 minute(s), 6 second(s), 449 millisecond(s)

Fitness: 15174

0	3	3	0	2	1	1	
0	1	1	2	1	0	2	
3	2	0	0	0	0	2	
2	0	3	0	0	0	0	
1	1	2	0	0	1	1	
1	3	1	0	1	0	1	
2	0	0	0	0	0	1	
0	3	0	2	2	3	1	
1	0	1	1	3	0	3	
2	3	2	1	0	0	0	
1	0	0	0	0	0	3	
1	2	1	0	0	0	0	
1	3	3	0	0	0	3	
2	2	1	0	3	0	1	
1	3	3	0	2	2	0	
3	0	1	0	0	0	1	
0	3	0	0	0	0	3	
2	1	3	1	0	0	1	
0	3	1	0	1	0	2	
3	0	0	0	0	0	0	
1	2	0	3	0	0	0	
0	0	0	0	0	0	2	
0	1	0	0	0	0	3	
2	3	3	2	0	0	1	
0	1	0	0	0	0	0	
--------------------

--------------------
Best Solution Found!
--------------------
Time: 0 hour(s), 3 minute(s), 6 second(s), 453 millisecond(s)

Fitness: 15174

0	3	3	0	2	1	1	
0	1	1	2	1	0	2	
3	2	0	0	0	0	2	
2	0	3	0	0	0	0	
1	1	2	0	0	1	1	
1	3	1	0	1	0	1	
2	0	0	0	0	0	1	
0	3	0	2	2	3	1	
1	0	1	1	3	0	3	
2	3	2	1	0	0	0	
1	0	0	0	0	0	3	
1	2	1	0	0	0	0	
1	3	3	0	0	0	3	
2	2	1	0	3	0	1	
1	3	3	0	2	2	0	
3	0	1	0	0	0	1	
0	3	0	0	0	0	3	
2	1	3	1	0	0	1	
0	3	1	0	1	0	2	
3	0	0	0	0	0	0	
1	2	0	3	0	0	0	
0	0	0	0	0	0	2	
0	1	0	0	0	0	3	
2	3	3	2	0	0	1	
0	1	0	0	0	0	0	
--------------------

--------------------
Best Solution Found!
--------------------
Time: 0 hour(s), 3 minute(s), 20 second(s), 745 millisecond(s)

Fitness: 14202

2	2	0	0	0	0	2	
1	3	0	2	2	0	2	
1	0	3	2	0	0	1	
0	0	0	0	0	0	1	
0	2	0	1	0	0	3	
3	3	3	0	2	0	1	
0	0	0	0	0	0	0	
1	3	3	0	0	3	1	
2	0	0	0	0	0	0	
2	3	0	0	0	0	1	
1	1	1	0	0	2	3	
3	1	1	2	0	0	1	
1	3	2	3	0	0	1	
3	1	3	0	2	0	2	
0	3	1	0	1	1	3	
2	2	1	0	1	0	1	
0	1	0	0	0	0	1	
1	3	3	0	3	0	3	
1	2	2	0	0	0	0	
0	0	0	1	0	0	0	
2	0	1	0	0	0	0	
0	3	1	0	1	0	3	
0	0	1	0	0	0	0	
1	3	0	0	3	0	2	
2	1	3	1	0	1	0	
--------------------

--------------------
Best Solution Found!
--------------------
Time: 0 hour(s), 3 minute(s), 20 second(s), 748 millisecond(s)

Fitness: 14202

2	2	0	0	0	0	2	
1	3	0	2	2	0	2	
1	0	3	2	0	0	1	
0	0	0	0	0	0	1	
0	2	0	1	0	0	3	
3	3	3	0	2	0	1	
0	0	0	0	0	0	0	
1	3	3	0	0	3	1	
2	0	0	0	0	0	0	
2	3	0	0	0	0	1	
1	1	1	0	0	2	3	
3	1	1	2	0	0	1	
1	3	2	3	0	0	1	
3	1	3	0	2	0	2	
0	3	1	0	1	1	3	
2	2	1	0	1	0	1	
0	1	0	0	0	0	1	
1	3	3	0	3	0	3	
1	2	2	0	0	0	0	
0	0	0	1	0	0	0	
2	0	1	0	0	0	0	
0	3	1	0	1	0	3	
0	0	1	0	0	0	0	
1	3	0	0	3	0	2	
2	1	3	1	0	1	0	
--------------------

--------------------
Best Solution Found!
--------------------
Time: 0 hour(s), 3 minute(s), 46 second(s), 473 millisecond(s)

Fitness: 14198

0	0	0	0	0	0	2	
0	2	3	0	1	0	0	
1	1	0	0	2	0	0	
0	3	1	1	0	1	1	
0	3	3	0	2	0	1	
3	3	2	3	0	0	1	
1	1	1	2	0	0	1	
2	3	1	0	0	0	0	
2	2	3	0	0	1	3	
2	3	0	0	0	0	0	
1	0	3	0	0	0	3	
2	0	1	2	3	0	1	
1	1	0	2	1	0	3	
3	1	2	0	3	0	2	
1	0	0	0	0	0	2	
1	0	0	0	0	0	2	
2	0	1	0	2	0	1	
1	3	0	1	0	2	3	
1	3	1	0	0	3	1	
0	3	0	0	0	0	0	
2	1	3	1	0	0	1	
3	2	3	0	1	0	3	
0	2	0	0	0	0	0	
0	0	1	0	0	0	1	
0	3	0	0	0	0	0	
--------------------

--------------------
Best Solution Found!
--------------------
Time: 0 hour(s), 3 minute(s), 46 second(s), 475 millisecond(s)

Fitness: 14198

0	0	0	0	0	0	2	
0	2	3	0	1	0	0	
1	1	0	0	2	0	0	
0	3	1	1	0	1	1	
0	3	3	0	2	0	1	
3	3	2	3	0	0	1	
1	1	1	2	0	0	1	
2	3	1	0	0	0	0	
2	2	3	0	0	1	3	
2	3	0	0	0	0	0	
1	0	3	0	0	0	3	
2	0	1	2	3	0	1	
1	1	0	2	1	0	3	
3	1	2	0	3	0	2	
1	0	0	0	0	0	2	
1	0	0	0	0	0	2	
2	0	1	0	2	0	1	
1	3	0	1	0	2	3	
1	3	1	0	0	3	1	
0	3	0	0	0	0	0	
2	1	3	1	0	0	1	
3	2	3	0	1	0	3	
0	2	0	0	0	0	0	
0	0	1	0	0	0	1	
0	3	0	0	0	0	0	
--------------------

--------------------
Best Solution Found!
--------------------
Time: 0 hour(s), 3 minute(s), 46 second(s), 478 millisecond(s)

Fitness: 14198

0	0	0	0	0	0	2	
0	2	3	0	1	0	0	
1	1	0	0	2	0	0	
0	3	1	1	0	1	1	
0	3	3	0	2	0	1	
3	3	2	3	0	0	1	
1	1	1	2	0	0	1	
2	3	1	0	0	0	0	
2	2	3	0	0	1	3	
2	3	0	0	0	0	0	
1	0	3	0	0	0	3	
2	0	1	2	3	0	1	
1	1	0	2	1	0	3	
3	1	2	0	3	0	2	
1	0	0	0	0	0	2	
1	0	0	0	0	0	2	
2	0	1	0	2	0	1	
1	3	0	1	0	2	3	
1	3	1	0	0	3	1	
0	3	0	0	0	0	0	
2	1	3	1	0	0	1	
3	2	3	0	1	0	3	
0	2	0	0	0	0	0	
0	0	1	0	0	0	1	
0	3	0	0	0	0	0	
--------------------

--------------------
Best Solution Found!
--------------------
Time: 0 hour(s), 3 minute(s), 46 second(s), 479 millisecond(s)

Fitness: 14198

0	0	0	0	0	0	2	
0	2	3	0	1	0	0	
1	1	0	0	2	0	0	
0	3	1	1	0	1	1	
0	3	3	0	2	0	1	
3	3	2	3	0	0	1	
1	1	1	2	0	0	1	
2	3	1	0	0	0	0	
2	2	3	0	0	1	3	
2	3	0	0	0	0	0	
1	0	3	0	0	0	3	
2	0	1	2	3	0	1	
1	1	0	2	1	0	3	
3	1	2	0	3	0	2	
1	0	0	0	0	0	2	
1	0	0	0	0	0	2	
2	0	1	0	2	0	1	
1	3	0	1	0	2	3	
1	3	1	0	0	3	1	
0	3	0	0	0	0	0	
2	1	3	1	0	0	1	
3	2	3	0	1	0	3	
0	2	0	0	0	0	0	
0	0	1	0	0	0	1	
0	3	0	0	0	0	0	
--------------------

--------------------
Best Solution Found!
--------------------
Time: 0 hour(s), 8 minute(s), 12 second(s), 523 millisecond(s)

Fitness: 14192

0	0	1	0	0	0	1	
1	1	3	1	0	0	1	
2	3	3	0	0	1	1	
3	0	2	2	3	0	1	
1	3	1	1	2	0	0	
2	3	2	0	2	0	1	
3	3	3	0	1	0	1	
0	3	1	2	3	0	3	
1	0	0	0	0	0	3	
0	0	3	0	0	0	2	
2	1	0	0	0	0	3	
2	3	0	0	1	0	0	
1	0	0	0	0	0	1	
1	0	0	0	2	0	0	
1	1	0	1	0	0	3	
0	1	0	0	0	0	0	
3	3	1	0	0	1	1	
0	3	3	2	0	0	0	
1	0	0	0	0	3	0	
2	3	1	0	0	2	1	
0	2	0	0	0	0	0	
0	1	0	0	0	0	2	
0	2	1	0	0	0	3	
1	2	1	0	1	0	2	
2	2	3	3	0	0	2	
--------------------

--------------------
Best Solution Found!
--------------------
Time: 0 hour(s), 8 minute(s), 12 second(s), 526 millisecond(s)

Fitness: 14192

0	0	1	0	0	0	1	
1	1	3	1	0	0	1	
2	3	3	0	0	1	1	
3	0	2	2	3	0	1	
1	3	1	1	2	0	0	
2	3	2	0	2	0	1	
3	3	3	0	1	0	1	
0	3	1	2	3	0	3	
1	0	0	0	0	0	3	
0	0	3	0	0	0	2	
2	1	0	0	0	0	3	
2	3	0	0	1	0	0	
1	0	0	0	0	0	1	
1	0	0	0	2	0	0	
1	1	0	1	0	0	3	
0	1	0	0	0	0	0	
3	3	1	0	0	1	1	
0	3	3	2	0	0	0	
1	0	0	0	0	3	0	
2	3	1	0	0	2	1	
0	2	0	0	0	0	0	
0	1	0	0	0	0	2	
0	2	1	0	0	0	3	
1	2	1	0	1	0	2	
2	2	3	3	0	0	2	
--------------------


The best solution was found at the restart: 23, population: 0
Total Time Elapsed: 0 hour(s), 14 minute(s), 2 second(s), 370 millisecond(s)

