--------------------
Best Solution Found!
--------------------
Time: 0 hour(s), 0 minute(s), 0 second(s), 9 millisecond(s)

Fitness: 205744

1	3	0	1	2	3	2	0	1	1	1	2	0	2	0	1	0	0	0	2	0	0	0	0	0	0	3	1	
1	3	0	0	2	3	0	0	2	0	0	3	0	2	0	2	0	0	0	3	0	0	0	0	0	0	3	2	
1	3	0	1	2	3	2	0	1	1	0	0	0	2	0	1	0	0	0	1	0	0	0	0	0	0	3	2	
1	0	0	0	0	1	2	0	0	1	0	3	0	1	0	2	0	0	0	1	0	0	0	0	0	0	1	1	
1	0	2	1	0	0	2	0	1	1	0	2	0	0	0	0	0	0	0	1	0	0	0	0	0	0	3	0	
1	0	0	0	0	3	2	0	0	0	0	3	0	2	0	2	0	0	0	0	0	0	0	0	0	0	3	2	
2	3	2	0	1	3	1	0	0	2	1	3	0	0	0	2	0	0	0	0	0	0	0	0	0	0	0	2	
1	3	0	1	2	3	0	0	1	0	1	0	0	1	0	0	0	0	0	0	0	0	0	0	0	0	0	0	
2	3	0	2	2	0	2	0	1	1	0	3	0	0	0	0	0	0	0	1	0	0	0	0	0	0	3	1	
1	0	2	1	0	3	0	0	1	1	0	3	0	2	0	0	0	0	0	2	0	0	0	0	0	0	3	2	
1	3	0	1	2	0	0	0	0	0	1	0	0	0	0	0	0	0	0	0	0	0	0	0	0	0	0	2	
0	0	0	1	0	1	2	0	0	0	3	3	0	2	0	2	0	0	0	0	0	0	0	0	0	0	0	2	
2	3	0	1	2	3	1	0	1	1	0	0	0	2	0	0	0	0	0	1	0	0	0	0	0	0	0	0	
0	0	1	0	0	3	2	0	1	2	1	3	0	2	0	2	0	0	0	0	0	0	0	0	0	0	3	2	
1	0	0	2	1	3	1	0	1	2	1	3	0	2	0	2	0	0	0	1	0	0	0	0	0	0	0	2	
2	0	0	1	0	3	2	0	1	1	0	2	0	0	0	2	0	0	0	0	0	0	0	0	0	0	3	0	
0	0	0	1	0	0	2	0	1	1	0	2	0	0	0	0	0	0	0	0	0	0	0	0	0	0	3	0	
2	3	2	0	0	1	0	0	0	1	3	3	0	0	0	0	0	0	0	1	0	0	0	0	0	0	0	2	
1	0	0	2	1	0	2	0	0	1	0	3	0	2	0	2	0	0	0	0	0	0	0	0	0	0	0	0	
0	0	1	1	0	0	2	0	1	1	1	3	0	2	0	2	0	0	0	1	0	0	0	0	0	0	0	0	
1	1	0	1	0	0	0	0	3	1	0	3	0	0	0	0	0	0	0	1	0	0	0	0	0	0	0	2	
1	3	1	1	2	3	1	0	0	0	0	0	0	0	0	0	0	0	0	1	0	0	0	0	0	0	0	2	
0	1	0	1	0	0	2	0	0	1	1	3	0	2	0	0	0	0	0	1	0	0	0	0	0	0	3	1	
1	3	2	1	2	3	2	0	3	0	0	0	0	2	0	1	0	0	0	1	0	0	0	0	0	0	0	2	
1	3	0	1	2	3	0	0	3	2	1	3	0	0	0	2	0	0	0	1	0	0	0	0	0	0	1	2	
1	0	0	2	2	0	2	0	1	1	1	3	0	0	0	0	0	0	0	0	0	0	0	0	0	0	3	0	
1	3	0	1	2	0	0	0	0	0	1	0	0	1	0	2	0	0	0	0	0	0	0	0	0	0	1	0	
0	0	0	2	0	3	2	0	1	1	1	3	0	0	0	2	0	0	0	1	0	0	0	0	0	0	0	2	
0	0	0	0	2	1	2	0	0	1	3	0	0	0	0	0	0	0	0	2	0	0	0	0	0	0	0	0	
1	1	0	1	2	0	2	0	1	1	0	0	0	2	0	2	0	0	0	1	0	0	0	0	0	0	3	0	
--------------------

--------------------
Best Solution Found!
--------------------
Time: 0 hour(s), 0 minute(s), 0 second(s), 12 millisecond(s)

Fitness: 205744

1	3	0	1	2	3	2	0	1	1	1	2	0	2	0	1	0	0	0	2	0	0	0	0	0	0	3	1	
1	3	0	0	2	3	0	0	2	0	0	3	0	2	0	2	0	0	0	3	0	0	0	0	0	0	3	2	
1	3	0	1	2	3	2	0	1	1	0	0	0	2	0	1	0	0	0	1	0	0	0	0	0	0	3	2	
1	0	0	0	0	1	2	0	0	1	0	3	0	1	0	2	0	0	0	1	0	0	0	0	0	0	1	1	
1	0	2	1	0	0	2	0	1	1	0	2	0	0	0	0	0	0	0	1	0	0	0	0	0	0	3	0	
1	0	0	0	0	3	2	0	0	0	0	3	0	2	0	2	0	0	0	0	0	0	0	0	0	0	3	2	
2	3	2	0	1	3	1	0	0	2	1	3	0	0	0	2	0	0	0	0	0	0	0	0	0	0	0	2	
1	3	0	1	2	3	0	0	1	0	1	0	0	1	0	0	0	0	0	0	0	0	0	0	0	0	0	0	
2	3	0	2	2	0	2	0	1	1	0	3	0	0	0	0	0	0	0	1	0	0	0	0	0	0	3	1	
1	0	2	1	0	3	0	0	1	1	0	3	0	2	0	0	0	0	0	2	0	0	0	0	0	0	3	2	
1	3	0	1	2	0	0	0	0	0	1	0	0	0	0	0	0	0	0	0	0	0	0	0	0	0	0	2	
0	0	0	1	0	1	2	0	0	0	3	3	0	2	0	2	0	0	0	0	0	0	0	0	0	0	0	2	
2	3	0	1	2	3	1	0	1	1	0	0	0	2	0	0	0	0	0	1	0	0	0	0	0	0	0	0	
0	0	1	0	0	3	2	0	1	2	1	3	0	2	0	2	0	0	0	0	0	0	0	0	0	0	3	2	
1	0	0	2	1	3	1	0	1	2	1	3	0	2	0	2	0	0	0	1	0	0	0	0	0	0	0	2	
2	0	0	1	0	3	2	0	1	1	0	2	0	0	0	2	0	0	0	0	0	0	0	0	0	0	3	0	
0	0	0	1	0	0	2	0	1	1	0	2	0	0	0	0	0	0	0	0	0	0	0	0	0	0	3	0	
2	3	2	0	0	1	0	0	0	1	3	3	0	0	0	0	0	0	0	1	0	0	0	0	0	0	0	2	
1	0	0	2	1	0	2	0	0	1	0	3	0	2	0	2	0	0	0	0	0	0	0	0	0	0	0	0	
0	0	1	1	0	0	2	0	1	1	1	3	0	2	0	2	0	0	0	1	0	0	0	0	0	0	0	0	
1	1	0	1	0	0	0	0	3	1	0	3	0	0	0	0	0	0	0	1	0	0	0	0	0	0	0	2	
1	3	1	1	2	3	1	0	0	0	0	0	0	0	0	0	0	0	0	1	0	0	0	0	0	0	0	2	
0	1	0	1	0	0	2	0	0	1	1	3	0	2	0	0	0	0	0	1	0	0	0	0	0	0	3	1	
1	3	2	1	2	3	2	0	3	0	0	0	0	2	0	1	0	0	0	1	0	0	0	0	0	0	0	2	
1	3	0	1	2	3	0	0	3	2	1	3	0	0	0	2	0	0	0	1	0	0	0	0	0	0	1	2	
1	0	0	2	2	0	2	0	1	1	1	3	0	0	0	0	0	0	0	0	0	0	0	0	0	0	3	0	
1	3	0	1	2	0	0	0	0	0	1	0	0	1	0	2	0	0	0	0	0	0	0	0	0	0	1	0	
0	0	0	2	0	3	2	0	1	1	1	3	0	0	0	2	0	0	0	1	0	0	0	0	0	0	0	2	
0	0	0	0	2	1	2	0	0	1	3	0	0	0	0	0	0	0	0	2	0	0	0	0	0	0	0	0	
1	1	0	1	2	0	2	0	1	1	0	0	0	2	0	2	0	0	0	1	0	0	0	0	0	0	3	0	
--------------------

--------------------
Best Solution Found!
--------------------
Time: 0 hour(s), 0 minute(s), 0 second(s), 224 millisecond(s)

Fitness: 204731

1	3	0	0	0	3	2	0	0	1	0	3	0	2	0	0	0	0	0	0	0	0	0	0	0	0	3	1	
1	0	0	1	0	3	2	0	1	1	1	3	0	1	0	0	0	0	0	0	0	0	0	0	0	0	0	0	
2	3	0	1	2	0	2	0	3	0	0	0	0	0	0	2	0	0	0	3	0	0	0	0	0	0	3	2	
1	0	0	1	2	3	0	0	1	1	0	2	0	0	0	0	0	0	0	0	0	0	0	0	0	0	0	2	
2	3	0	2	0	0	0	0	1	0	1	3	0	2	0	2	0	0	0	1	0	0	0	0	0	0	0	1	
0	0	0	1	2	0	1	0	1	1	0	0	0	2	0	2	0	0	0	0	0	0	0	0	0	0	0	0	
2	3	0	1	2	3	1	0	1	0	1	2	0	0	0	0	0	0	0	2	0	0	0	0	0	0	1	2	
1	0	0	1	1	0	0	0	0	1	0	3	0	2	0	2	0	0	0	1	0	0	0	0	0	0	3	2	
1	1	0	2	1	3	2	0	1	1	0	3	0	2	0	2	0	0	0	0	0	0	0	0	0	0	0	0	
0	0	0	1	2	3	1	0	0	1	1	0	0	0	0	1	0	0	0	1	0	0	0	0	0	0	1	2	
1	0	2	1	2	3	2	0	0	1	0	3	0	2	0	2	0	0	0	1	0	0	0	0	0	0	0	2	
1	3	2	0	2	0	2	0	2	1	0	3	0	0	0	2	0	0	0	1	0	0	0	0	0	0	0	2	
1	0	0	1	0	3	2	0	1	1	1	0	0	0	0	2	0	0	0	1	0	0	0	0	0	0	3	2	
1	3	0	2	0	1	2	0	1	1	3	3	0	2	0	1	0	0	0	1	0	0	0	0	0	0	0	0	
0	0	1	0	0	1	2	0	1	2	0	3	0	1	0	2	0	0	0	1	0	0	0	0	0	0	3	1	
0	3	0	1	0	3	2	0	3	1	0	0	0	0	0	0	0	0	0	1	0	0	0	0	0	0	0	0	
0	3	0	1	0	3	0	0	1	0	1	3	0	2	0	0	0	0	0	0	0	0	0	0	0	0	0	1	
0	0	0	0	2	3	0	0	0	1	3	3	0	2	0	2	0	0	0	2	0	0	0	0	0	0	3	2	
1	3	0	0	0	0	2	0	1	2	0	2	0	2	0	2	0	0	0	1	0	0	0	0	0	0	0	2	
1	0	2	1	0	0	0	0	0	0	0	3	0	0	0	0	0	0	0	0	0	0	0	0	0	0	3	0	
1	0	2	1	2	0	2	0	0	1	3	0	0	0	0	0	0	0	0	1	0	0	0	0	0	0	3	2	
1	0	0	1	2	3	2	0	0	0	1	3	0	0	0	2	0	0	0	0	0	0	0	0	0	0	0	2	
1	1	0	2	2	1	0	0	0	0	1	3	0	2	0	0	0	0	0	1	0	0	0	0	0	0	3	0	
1	3	1	0	0	3	2	0	3	1	1	3	0	1	0	2	0	0	0	1	0	0	0	0	0	0	3	2	
2	0	0	1	1	0	2	0	1	1	1	3	0	0	0	0	0	0	0	1	0	0	0	0	0	0	0	0	
0	0	2	1	2	0	2	0	1	1	0	0	0	0	0	0	0	0	0	0	0	0	0	0	0	0	1	0	
1	1	0	2	2	3	2	0	0	0	0	0	0	2	0	2	0	0	0	0	0	0	0	0	0	0	3	0	
1	3	0	1	2	1	0	0	0	2	0	3	0	0	0	0	0	0	0	1	0	0	0	0	0	0	3	2	
2	3	0	0	0	3	1	0	1	1	1	2	0	2	0	0	0	0	0	0	0	0	0	0	0	0	0	2	
1	3	1	1	0	0	2	0	1	2	1	0	0	2	0	1	0	0	0	2	0	0	0	0	0	0	3	0	
--------------------

--------------------
Best Solution Found!
--------------------
Time: 0 hour(s), 0 minute(s), 0 second(s), 233 millisecond(s)

Fitness: 204731

1	3	0	0	0	3	2	0	0	1	0	3	0	2	0	0	0	0	0	0	0	0	0	0	0	0	3	1	
1	0	0	1	0	3	2	0	1	1	1	3	0	1	0	0	0	0	0	0	0	0	0	0	0	0	0	0	
2	3	0	1	2	0	2	0	3	0	0	0	0	0	0	2	0	0	0	3	0	0	0	0	0	0	3	2	
1	0	0	1	2	3	0	0	1	1	0	2	0	0	0	0	0	0	0	0	0	0	0	0	0	0	0	2	
2	3	0	2	0	0	0	0	1	0	1	3	0	2	0	2	0	0	0	1	0	0	0	0	0	0	0	1	
0	0	0	1	2	0	1	0	1	1	0	0	0	2	0	2	0	0	0	0	0	0	0	0	0	0	0	0	
2	3	0	1	2	3	1	0	1	0	1	2	0	0	0	0	0	0	0	2	0	0	0	0	0	0	1	2	
1	0	0	1	1	0	0	0	0	1	0	3	0	2	0	2	0	0	0	1	0	0	0	0	0	0	3	2	
1	1	0	2	1	3	2	0	1	1	0	3	0	2	0	2	0	0	0	0	0	0	0	0	0	0	0	0	
0	0	0	1	2	3	1	0	0	1	1	0	0	0	0	1	0	0	0	1	0	0	0	0	0	0	1	2	
1	0	2	1	2	3	2	0	0	1	0	3	0	2	0	2	0	0	0	1	0	0	0	0	0	0	0	2	
1	3	2	0	2	0	2	0	2	1	0	3	0	0	0	2	0	0	0	1	0	0	0	0	0	0	0	2	
1	0	0	1	0	3	2	0	1	1	1	0	0	0	0	2	0	0	0	1	0	0	0	0	0	0	3	2	
1	3	0	2	0	1	2	0	1	1	3	3	0	2	0	1	0	0	0	1	0	0	0	0	0	0	0	0	
0	0	1	0	0	1	2	0	1	2	0	3	0	1	0	2	0	0	0	1	0	0	0	0	0	0	3	1	
0	3	0	1	0	3	2	0	3	1	0	0	0	0	0	0	0	0	0	1	0	0	0	0	0	0	0	0	
0	3	0	1	0	3	0	0	1	0	1	3	0	2	0	0	0	0	0	0	0	0	0	0	0	0	0	1	
0	0	0	0	2	3	0	0	0	1	3	3	0	2	0	2	0	0	0	2	0	0	0	0	0	0	3	2	
1	3	0	0	0	0	2	0	1	2	0	2	0	2	0	2	0	0	0	1	0	0	0	0	0	0	0	2	
1	0	2	1	0	0	0	0	0	0	0	3	0	0	0	0	0	0	0	0	0	0	0	0	0	0	3	0	
1	0	2	1	2	0	2	0	0	1	3	0	0	0	0	0	0	0	0	1	0	0	0	0	0	0	3	2	
1	0	0	1	2	3	2	0	0	0	1	3	0	0	0	2	0	0	0	0	0	0	0	0	0	0	0	2	
1	1	0	2	2	1	0	0	0	0	1	3	0	2	0	0	0	0	0	1	0	0	0	0	0	0	3	0	
1	3	1	0	0	3	2	0	3	1	1	3	0	1	0	2	0	0	0	1	0	0	0	0	0	0	3	2	
2	0	0	1	1	0	2	0	1	1	1	3	0	0	0	0	0	0	0	1	0	0	0	0	0	0	0	0	
0	0	2	1	2	0	2	0	1	1	0	0	0	0	0	0	0	0	0	0	0	0	0	0	0	0	1	0	
1	1	0	2	2	3	2	0	0	0	0	0	0	2	0	2	0	0	0	0	0	0	0	0	0	0	3	0	
1	3	0	1	2	1	0	0	0	2	0	3	0	0	0	0	0	0	0	1	0	0	0	0	0	0	3	2	
2	3	0	0	0	3	1	0	1	1	1	2	0	2	0	0	0	0	0	0	0	0	0	0	0	0	0	2	
1	3	1	1	0	0	2	0	1	2	1	0	0	2	0	1	0	0	0	2	0	0	0	0	0	0	3	0	
--------------------

--------------------
Best Solution Found!
--------------------
Time: 0 hour(s), 0 minute(s), 0 second(s), 239 millisecond(s)

Fitness: 204731

1	3	0	0	0	3	2	0	0	1	0	3	0	2	0	0	0	0	0	0	0	0	0	0	0	0	3	1	
1	0	0	1	0	3	2	0	1	1	1	3	0	1	0	0	0	0	0	0	0	0	0	0	0	0	0	0	
2	3	0	1	2	0	2	0	3	0	0	0	0	0	0	2	0	0	0	3	0	0	0	0	0	0	3	2	
1	0	0	1	2	3	0	0	1	1	0	2	0	0	0	0	0	0	0	0	0	0	0	0	0	0	0	2	
2	3	0	2	0	0	0	0	1	0	1	3	0	2	0	2	0	0	0	1	0	0	0	0	0	0	0	1	
0	0	0	1	2	0	1	0	1	1	0	0	0	2	0	2	0	0	0	0	0	0	0	0	0	0	0	0	
2	3	0	1	2	3	1	0	1	0	1	2	0	0	0	0	0	0	0	2	0	0	0	0	0	0	1	2	
1	0	0	1	1	0	0	0	0	1	0	3	0	2	0	2	0	0	0	1	0	0	0	0	0	0	3	2	
1	1	0	2	1	3	2	0	1	1	0	3	0	2	0	2	0	0	0	0	0	0	0	0	0	0	0	0	
0	0	0	1	2	3	1	0	0	1	1	0	0	0	0	1	0	0	0	1	0	0	0	0	0	0	1	2	
1	0	2	1	2	3	2	0	0	1	0	3	0	2	0	2	0	0	0	1	0	0	0	0	0	0	0	2	
1	3	2	0	2	0	2	0	2	1	0	3	0	0	0	2	0	0	0	1	0	0	0	0	0	0	0	2	
1	0	0	1	0	3	2	0	1	1	1	0	0	0	0	2	0	0	0	1	0	0	0	0	0	0	3	2	
1	3	0	2	0	1	2	0	1	1	3	3	0	2	0	1	0	0	0	1	0	0	0	0	0	0	0	0	
0	0	1	0	0	1	2	0	1	2	0	3	0	1	0	2	0	0	0	1	0	0	0	0	0	0	3	1	
0	3	0	1	0	3	2	0	3	1	0	0	0	0	0	0	0	0	0	1	0	0	0	0	0	0	0	0	
0	3	0	1	0	3	0	0	1	0	1	3	0	2	0	0	0	0	0	0	0	0	0	0	0	0	0	1	
0	0	0	0	2	3	0	0	0	1	3	3	0	2	0	2	0	0	0	2	0	0	0	0	0	0	3	2	
1	3	0	0	0	0	2	0	1	2	0	2	0	2	0	2	0	0	0	1	0	0	0	0	0	0	0	2	
1	0	2	1	0	0	0	0	0	0	0	3	0	0	0	0	0	0	0	0	0	0	0	0	0	0	3	0	
1	0	2	1	2	0	2	0	0	1	3	0	0	0	0	0	0	0	0	1	0	0	0	0	0	0	3	2	
1	0	0	1	2	3	2	0	0	0	1	3	0	0	0	2	0	0	0	0	0	0	0	0	0	0	0	2	
1	1	0	2	2	1	0	0	0	0	1	3	0	2	0	0	0	0	0	1	0	0	0	0	0	0	3	0	
1	3	1	0	0	3	2	0	3	1	1	3	0	1	0	2	0	0	0	1	0	0	0	0	0	0	3	2	
2	0	0	1	1	0	2	0	1	1	1	3	0	0	0	0	0	0	0	1	0	0	0	0	0	0	0	0	
0	0	2	1	2	0	2	0	1	1	0	0	0	0	0	0	0	0	0	0	0	0	0	0	0	0	1	0	
1	1	0	2	2	3	2	0	0	0	0	0	0	2	0	2	0	0	0	0	0	0	0	0	0	0	3	0	
1	3	0	1	2	1	0	0	0	2	0	3	0	0	0	0	0	0	0	1	0	0	0	0	0	0	3	2	
2	3	0	0	0	3	1	0	1	1	1	2	0	2	0	0	0	0	0	0	0	0	0	0	0	0	0	2	
1	3	1	1	0	0	2	0	1	2	1	0	0	2	0	1	0	0	0	2	0	0	0	0	0	0	3	0	
--------------------

--------------------
Best Solution Found!
--------------------
Time: 0 hour(s), 0 minute(s), 0 second(s), 251 millisecond(s)

Fitness: 204731

1	3	0	0	0	3	2	0	0	1	0	3	0	2	0	0	0	0	0	0	0	0	0	0	0	0	3	1	
1	0	0	1	0	3	2	0	1	1	1	3	0	1	0	0	0	0	0	0	0	0	0	0	0	0	0	0	
2	3	0	1	2	0	2	0	3	0	0	0	0	0	0	2	0	0	0	3	0	0	0	0	0	0	3	2	
1	0	0	1	2	3	0	0	1	1	0	2	0	0	0	0	0	0	0	0	0	0	0	0	0	0	0	2	
2	3	0	2	0	0	0	0	1	0	1	3	0	2	0	2	0	0	0	1	0	0	0	0	0	0	0	1	
0	0	0	1	2	0	1	0	1	1	0	0	0	2	0	2	0	0	0	0	0	0	0	0	0	0	0	0	
2	3	0	1	2	3	1	0	1	0	1	2	0	0	0	0	0	0	0	2	0	0	0	0	0	0	1	2	
1	0	0	1	1	0	0	0	0	1	0	3	0	2	0	2	0	0	0	1	0	0	0	0	0	0	3	2	
1	1	0	2	1	3	2	0	1	1	0	3	0	2	0	2	0	0	0	0	0	0	0	0	0	0	0	0	
0	0	0	1	2	3	1	0	0	1	1	0	0	0	0	1	0	0	0	1	0	0	0	0	0	0	1	2	
1	0	2	1	2	3	2	0	0	1	0	3	0	2	0	2	0	0	0	1	0	0	0	0	0	0	0	2	
1	3	2	0	2	0	2	0	2	1	0	3	0	0	0	2	0	0	0	1	0	0	0	0	0	0	0	2	
1	0	0	1	0	3	2	0	1	1	1	0	0	0	0	2	0	0	0	1	0	0	0	0	0	0	3	2	
1	3	0	2	0	1	2	0	1	1	3	3	0	2	0	1	0	0	0	1	0	0	0	0	0	0	0	0	
0	0	1	0	0	1	2	0	1	2	0	3	0	1	0	2	0	0	0	1	0	0	0	0	0	0	3	1	
0	3	0	1	0	3	2	0	3	1	0	0	0	0	0	0	0	0	0	1	0	0	0	0	0	0	0	0	
0	3	0	1	0	3	0	0	1	0	1	3	0	2	0	0	0	0	0	0	0	0	0	0	0	0	0	1	
0	0	0	0	2	3	0	0	0	1	3	3	0	2	0	2	0	0	0	2	0	0	0	0	0	0	3	2	
1	3	0	0	0	0	2	0	1	2	0	2	0	2	0	2	0	0	0	1	0	0	0	0	0	0	0	2	
1	0	2	1	0	0	0	0	0	0	0	3	0	0	0	0	0	0	0	0	0	0	0	0	0	0	3	0	
1	0	2	1	2	0	2	0	0	1	3	0	0	0	0	0	0	0	0	1	0	0	0	0	0	0	3	2	
1	0	0	1	2	3	2	0	0	0	1	3	0	0	0	2	0	0	0	0	0	0	0	0	0	0	0	2	
1	1	0	2	2	1	0	0	0	0	1	3	0	2	0	0	0	0	0	1	0	0	0	0	0	0	3	0	
1	3	1	0	0	3	2	0	3	1	1	3	0	1	0	2	0	0	0	1	0	0	0	0	0	0	3	2	
2	0	0	1	1	0	2	0	1	1	1	3	0	0	0	0	0	0	0	1	0	0	0	0	0	0	0	0	
0	0	2	1	2	0	2	0	1	1	0	0	0	0	0	0	0	0	0	0	0	0	0	0	0	0	1	0	
1	1	0	2	2	3	2	0	0	0	0	0	0	2	0	2	0	0	0	0	0	0	0	0	0	0	3	0	
1	3	0	1	2	1	0	0	0	2	0	3	0	0	0	0	0	0	0	1	0	0	0	0	0	0	3	2	
2	3	0	0	0	3	1	0	1	1	1	2	0	2	0	0	0	0	0	0	0	0	0	0	0	0	0	2	
1	3	1	1	0	0	2	0	1	2	1	0	0	2	0	1	0	0	0	2	0	0	0	0	0	0	3	0	
--------------------

--------------------
Best Solution Found!
--------------------
Time: 0 hour(s), 0 minute(s), 0 second(s), 257 millisecond(s)

Fitness: 202752

1	3	0	0	0	3	2	0	0	1	0	0	0	0	0	0	0	0	0	0	0	0	0	0	0	0	3	2	
1	0	0	1	0	3	2	0	1	1	1	3	0	2	0	0	0	0	0	0	0	0	0	0	0	0	0	0	
2	3	0	1	2	0	2	0	3	0	0	0	0	2	0	2	0	0	0	1	0	0	0	0	0	0	0	0	
1	0	0	1	2	3	0	0	1	1	0	3	0	2	0	2	0	0	0	1	0	0	0	0	0	0	0	2	
2	3	0	2	0	0	0	0	1	0	1	3	0	2	0	2	0	0	0	1	0	0	0	0	0	0	3	2	
0	0	0	1	2	0	1	0	1	1	0	2	0	0	0	0	0	0	0	1	0	0	0	0	0	0	0	2	
2	3	0	1	2	3	1	0	1	0	1	3	0	0	0	0	0	0	0	0	0	0	0	0	0	0	3	2	
1	0	0	1	1	0	0	0	0	1	0	3	0	2	0	0	0	0	0	0	0	0	0	0	0	0	0	0	
1	1	0	2	1	3	2	0	1	1	0	0	0	0	0	2	0	0	0	1	0	0	0	0	0	0	3	2	
0	0	0	1	2	3	1	0	0	1	1	3	0	2	0	0	0	0	0	1	0	0	0	0	0	0	0	1	
1	0	2	1	2	3	2	0	0	1	0	0	0	2	0	0	0	0	0	1	0	0	0	0	0	0	3	0	
1	3	2	0	2	0	2	0	2	1	0	3	0	0	0	2	0	0	0	2	0	0	0	0	0	0	3	2	
1	0	0	1	0	3	2	0	1	1	1	3	0	2	0	2	0	0	0	1	0	0	0	0	0	0	0	0	
1	3	0	2	0	1	2	0	1	1	3	0	0	0	0	2	0	0	0	1	0	0	0	0	0	0	0	0	
0	0	1	0	0	1	2	0	1	2	0	3	0	2	0	0	0	0	0	0	0	0	0	0	0	0	3	0	
0	3	0	1	0	3	2	0	3	1	0	3	0	2	0	1	0	0	0	1	0	0	0	0	0	0	3	2	
0	3	0	1	0	3	0	0	1	0	1	3	0	0	0	2	0	0	0	3	0	0	0	0	0	0	0	0	
0	0	0	0	2	3	0	0	0	1	3	2	0	0	0	0	0	0	0	0	0	0	0	0	0	0	3	2	
1	3	0	0	0	0	2	0	1	2	0	2	0	2	0	2	0	0	0	0	0	0	0	0	0	0	1	2	
1	0	2	1	0	0	0	0	0	0	0	3	0	1	0	0	0	0	0	0	0	0	0	0	0	0	3	1	
1	0	2	1	2	0	2	0	0	1	3	3	0	2	0	2	0	0	0	1	0	0	0	0	0	0	3	1	
1	0	0	1	2	3	2	0	0	0	1	3	0	1	0	1	0	0	0	1	0	0	0	0	0	0	0	1	
1	1	0	2	2	1	0	0	0	0	1	0	0	1	0	0	0	0	0	2	0	0	0	0	0	0	1	0	
1	3	1	0	0	3	2	0	3	1	1	0	0	0	0	2	0	0	0	0	0	0	0	0	0	0	0	2	
2	0	0	1	1	0	2	0	1	1	1	2	0	0	0	2	0	0	0	1	0	0	0	0	0	0	0	0	
0	0	2	1	2	0	2	0	1	1	0	0	0	0	0	2	0	0	0	2	0	0	0	0	0	0	1	2	
1	1	0	2	2	3	2	0	0	0	0	0	0	0	0	0	0	0	0	0	0	0	0	0	0	0	3	2	
1	3	0	1	2	1	0	0	0	2	0	3	0	0	0	1	0	0	0	0	0	0	0	0	0	0	0	2	
2	3	0	0	0	3	1	0	1	1	1	3	0	2	0	2	0	0	0	1	0	0	0	0	0	0	3	2	
1	3	1	1	0	0	2	0	1	2	1	3	0	2	0	0	0	0	0	1	0	0	0	0	0	0	0	0	
--------------------

--------------------
Best Solution Found!
--------------------
Time: 0 hour(s), 0 minute(s), 0 second(s), 557 millisecond(s)

Fitness: 200731

1	0	2	1	0	0	1	0	3	1	1	3	0	1	0	0	0	0	0	1	0	0	0	0	0	0	3	1	
1	3	0	1	1	3	2	0	1	1	0	0	0	0	0	2	0	0	0	1	0	0	0	0	0	0	0	2	
2	3	0	1	0	0	2	0	0	1	1	3	0	2	0	2	0	0	0	0	0	0	0	0	0	0	3	1	
0	1	0	2	1	1	2	0	1	1	0	2	0	0	0	0	0	0	0	0	0	0	0	0	0	0	3	2	
1	0	2	1	0	3	0	0	0	1	3	3	0	2	0	2	0	0	0	1	0	0	0	0	0	0	0	0	
0	0	0	1	2	3	2	0	3	0	0	0	0	0	0	0	0	0	0	1	0	0	0	0	0	0	3	1	
1	0	0	0	0	0	1	0	0	0	1	3	0	0	0	0	0	0	0	0	0	0	0	0	0	0	3	2	
0	0	0	1	0	3	2	0	0	1	1	0	0	0	0	0	0	0	0	0	0	0	0	0	0	0	0	2	
0	0	0	1	2	3	0	0	1	1	0	3	0	2	0	1	0	0	0	1	0	0	0	0	0	0	0	2	
2	1	0	1	2	0	2	0	1	1	1	3	0	0	0	2	0	0	0	0	0	0	0	0	0	0	3	2	
0	3	0	1	2	1	2	0	1	0	0	0	0	2	0	2	0	0	0	1	0	0	0	0	0	0	0	0	
0	0	0	2	2	3	0	0	1	2	0	0	0	0	0	2	0	0	0	0	0	0	0	0	0	0	0	2	
1	3	0	1	0	3	2	0	1	1	0	2	0	2	0	1	0	0	0	1	0	0	0	0	0	0	0	0	
1	3	0	0	0	0	0	0	2	0	3	3	0	2	0	0	0	0	0	2	0	0	0	0	0	0	0	2	
1	3	0	0	0	0	2	0	1	1	1	3	0	2	0	2	0	0	0	0	0	0	0	0	0	0	3	0	
1	0	0	2	2	3	2	0	1	0	3	3	0	2	0	1	0	0	0	1	0	0	0	0	0	0	0	0	
1	3	0	1	2	3	2	0	3	2	0	3	0	0	0	2	0	0	0	0	0	0	0	0	0	0	3	1	
0	0	1	0	0	3	0	0	1	2	0	2	0	2	0	2	0	0	0	0	0	0	0	0	0	0	1	0	
1	0	2	2	2	0	0	0	0	0	0	0	0	0	0	2	0	0	0	2	0	0	0	0	0	0	1	0	
1	0	1	1	0	0	2	0	1	0	0	3	0	2	0	2	0	0	0	1	0	0	0	0	0	0	1	2	
1	3	0	0	0	3	1	0	0	1	1	3	0	0	0	0	0	0	0	3	0	0	0	0	0	0	3	0	
1	3	1	1	1	3	2	0	1	2	0	3	0	0	0	0	0	0	0	2	0	0	0	0	0	0	3	2	
1	3	0	1	2	3	2	0	1	1	1	0	0	1	0	2	0	0	0	1	0	0	0	0	0	0	0	2	
1	3	0	1	2	0	2	0	0	0	0	3	0	2	0	2	0	0	0	1	0	0	0	0	0	0	0	2	
1	1	0	0	0	3	1	0	0	1	1	2	0	1	0	0	0	0	0	1	0	0	0	0	0	0	0	2	
1	0	0	0	2	1	0	0	1	1	1	3	0	0	0	2	0	0	0	0	0	0	0	0	0	0	0	0	
2	3	2	1	2	1	2	0	0	1	1	3	0	2	0	0	0	0	0	1	0	0	0	0	0	0	3	0	
2	0	0	1	2	3	2	0	0	1	0	0	0	0	0	0	0	0	0	1	0	0	0	0	0	0	0	2	
2	0	2	2	0	0	2	0	1	1	1	0	0	2	0	0	0	0	0	0	0	0	0	0	0	0	3	2	
1	3	0	1	2	0	0	0	0	1	0	3	0	2	0	0	0	0	0	1	0	0	0	0	0	0	3	0	
--------------------

--------------------
Best Solution Found!
--------------------
Time: 0 hour(s), 0 minute(s), 0 second(s), 569 millisecond(s)

Fitness: 200731

1	0	2	1	0	0	1	0	3	1	1	3	0	1	0	0	0	0	0	1	0	0	0	0	0	0	3	1	
1	3	0	1	1	3	2	0	1	1	0	0	0	0	0	2	0	0	0	1	0	0	0	0	0	0	0	2	
2	3	0	1	0	0	2	0	0	1	1	3	0	2	0	2	0	0	0	0	0	0	0	0	0	0	3	1	
0	1	0	2	1	1	2	0	1	1	0	2	0	0	0	0	0	0	0	0	0	0	0	0	0	0	3	2	
1	0	2	1	0	3	0	0	0	1	3	3	0	2	0	2	0	0	0	1	0	0	0	0	0	0	0	0	
0	0	0	1	2	3	2	0	3	0	0	0	0	0	0	0	0	0	0	1	0	0	0	0	0	0	3	1	
1	0	0	0	0	0	1	0	0	0	1	3	0	0	0	0	0	0	0	0	0	0	0	0	0	0	3	2	
0	0	0	1	0	3	2	0	0	1	1	0	0	0	0	0	0	0	0	0	0	0	0	0	0	0	0	2	
0	0	0	1	2	3	0	0	1	1	0	3	0	2	0	1	0	0	0	1	0	0	0	0	0	0	0	2	
2	1	0	1	2	0	2	0	1	1	1	3	0	0	0	2	0	0	0	0	0	0	0	0	0	0	3	2	
0	3	0	1	2	1	2	0	1	0	0	0	0	2	0	2	0	0	0	1	0	0	0	0	0	0	0	0	
0	0	0	2	2	3	0	0	1	2	0	0	0	0	0	2	0	0	0	0	0	0	0	0	0	0	0	2	
1	3	0	1	0	3	2	0	1	1	0	2	0	2	0	1	0	0	0	1	0	0	0	0	0	0	0	0	
1	3	0	0	0	0	0	0	2	0	3	3	0	2	0	0	0	0	0	2	0	0	0	0	0	0	0	2	
1	3	0	0	0	0	2	0	1	1	1	3	0	2	0	2	0	0	0	0	0	0	0	0	0	0	3	0	
1	0	0	2	2	3	2	0	1	0	3	3	0	2	0	1	0	0	0	1	0	0	0	0	0	0	0	0	
1	3	0	1	2	3	2	0	3	2	0	3	0	0	0	2	0	0	0	0	0	0	0	0	0	0	3	1	
0	0	1	0	0	3	0	0	1	2	0	2	0	2	0	2	0	0	0	0	0	0	0	0	0	0	1	0	
1	0	2	2	2	0	0	0	0	0	0	0	0	0	0	2	0	0	0	2	0	0	0	0	0	0	1	0	
1	0	1	1	0	0	2	0	1	0	0	3	0	2	0	2	0	0	0	1	0	0	0	0	0	0	1	2	
1	3	0	0	0	3	1	0	0	1	1	3	0	0	0	0	0	0	0	3	0	0	0	0	0	0	3	0	
1	3	1	1	1	3	2	0	1	2	0	3	0	0	0	0	0	0	0	2	0	0	0	0	0	0	3	2	
1	3	0	1	2	3	2	0	1	1	1	0	0	1	0	2	0	0	0	1	0	0	0	0	0	0	0	2	
1	3	0	1	2	0	2	0	0	0	0	3	0	2	0	2	0	0	0	1	0	0	0	0	0	0	0	2	
1	1	0	0	0	3	1	0	0	1	1	2	0	1	0	0	0	0	0	1	0	0	0	0	0	0	0	2	
1	0	0	0	2	1	0	0	1	1	1	3	0	0	0	2	0	0	0	0	0	0	0	0	0	0	0	0	
2	3	2	1	2	1	2	0	0	1	1	3	0	2	0	0	0	0	0	1	0	0	0	0	0	0	3	0	
2	0	0	1	2	3	2	0	0	1	0	0	0	0	0	0	0	0	0	1	0	0	0	0	0	0	0	2	
2	0	2	2	0	0	2	0	1	1	1	0	0	2	0	0	0	0	0	0	0	0	0	0	0	0	3	2	
1	3	0	1	2	0	0	0	0	1	0	3	0	2	0	0	0	0	0	1	0	0	0	0	0	0	3	0	
--------------------

--------------------
Best Solution Found!
--------------------
Time: 0 hour(s), 0 minute(s), 0 second(s), 575 millisecond(s)

Fitness: 200731

1	0	2	1	0	0	1	0	3	1	1	3	0	1	0	0	0	0	0	1	0	0	0	0	0	0	3	1	
1	3	0	1	1	3	2	0	1	1	0	0	0	0	0	2	0	0	0	1	0	0	0	0	0	0	0	2	
2	3	0	1	0	0	2	0	0	1	1	3	0	2	0	2	0	0	0	0	0	0	0	0	0	0	3	1	
0	1	0	2	1	1	2	0	1	1	0	2	0	0	0	0	0	0	0	0	0	0	0	0	0	0	3	2	
1	0	2	1	0	3	0	0	0	1	3	3	0	2	0	2	0	0	0	1	0	0	0	0	0	0	0	0	
0	0	0	1	2	3	2	0	3	0	0	0	0	0	0	0	0	0	0	1	0	0	0	0	0	0	3	1	
1	0	0	0	0	0	1	0	0	0	1	3	0	0	0	0	0	0	0	0	0	0	0	0	0	0	3	2	
0	0	0	1	0	3	2	0	0	1	1	0	0	0	0	0	0	0	0	0	0	0	0	0	0	0	0	2	
0	0	0	1	2	3	0	0	1	1	0	3	0	2	0	1	0	0	0	1	0	0	0	0	0	0	0	2	
2	1	0	1	2	0	2	0	1	1	1	3	0	0	0	2	0	0	0	0	0	0	0	0	0	0	3	2	
0	3	0	1	2	1	2	0	1	0	0	0	0	2	0	2	0	0	0	1	0	0	0	0	0	0	0	0	
0	0	0	2	2	3	0	0	1	2	0	0	0	0	0	2	0	0	0	0	0	0	0	0	0	0	0	2	
1	3	0	1	0	3	2	0	1	1	0	2	0	2	0	1	0	0	0	1	0	0	0	0	0	0	0	0	
1	3	0	0	0	0	0	0	2	0	3	3	0	2	0	0	0	0	0	2	0	0	0	0	0	0	0	2	
1	3	0	0	0	0	2	0	1	1	1	3	0	2	0	2	0	0	0	0	0	0	0	0	0	0	3	0	
1	0	0	2	2	3	2	0	1	0	3	3	0	2	0	1	0	0	0	1	0	0	0	0	0	0	0	0	
1	3	0	1	2	3	2	0	3	2	0	3	0	0	0	2	0	0	0	0	0	0	0	0	0	0	3	1	
0	0	1	0	0	3	0	0	1	2	0	2	0	2	0	2	0	0	0	0	0	0	0	0	0	0	1	0	
1	0	2	2	2	0	0	0	0	0	0	0	0	0	0	2	0	0	0	2	0	0	0	0	0	0	1	0	
1	0	1	1	0	0	2	0	1	0	0	3	0	2	0	2	0	0	0	1	0	0	0	0	0	0	1	2	
1	3	0	0	0	3	1	0	0	1	1	3	0	0	0	0	0	0	0	3	0	0	0	0	0	0	3	0	
1	3	1	1	1	3	2	0	1	2	0	3	0	0	0	0	0	0	0	2	0	0	0	0	0	0	3	2	
1	3	0	1	2	3	2	0	1	1	1	0	0	1	0	2	0	0	0	1	0	0	0	0	0	0	0	2	
1	3	0	1	2	0	2	0	0	0	0	3	0	2	0	2	0	0	0	1	0	0	0	0	0	0	0	2	
1	1	0	0	0	3	1	0	0	1	1	2	0	1	0	0	0	0	0	1	0	0	0	0	0	0	0	2	
1	0	0	0	2	1	0	0	1	1	1	3	0	0	0	2	0	0	0	0	0	0	0	0	0	0	0	0	
2	3	2	1	2	1	2	0	0	1	1	3	0	2	0	0	0	0	0	1	0	0	0	0	0	0	3	0	
2	0	0	1	2	3	2	0	0	1	0	0	0	0	0	0	0	0	0	1	0	0	0	0	0	0	0	2	
2	0	2	2	0	0	2	0	1	1	1	0	0	2	0	0	0	0	0	0	0	0	0	0	0	0	3	2	
1	3	0	1	2	0	0	0	0	1	0	3	0	2	0	0	0	0	0	1	0	0	0	0	0	0	3	0	
--------------------

--------------------
Best Solution Found!
--------------------
Time: 0 hour(s), 0 minute(s), 0 second(s), 584 millisecond(s)

Fitness: 200731

1	0	2	1	0	0	1	0	3	1	1	3	0	1	0	0	0	0	0	1	0	0	0	0	0	0	3	1	
1	3	0	1	1	3	2	0	1	1	0	0	0	0	0	2	0	0	0	1	0	0	0	0	0	0	0	2	
2	3	0	1	0	0	2	0	0	1	1	3	0	2	0	2	0	0	0	0	0	0	0	0	0	0	3	1	
0	1	0	2	1	1	2	0	1	1	0	2	0	0	0	0	0	0	0	0	0	0	0	0	0	0	3	2	
1	0	2	1	0	3	0	0	0	1	3	3	0	2	0	2	0	0	0	1	0	0	0	0	0	0	0	0	
0	0	0	1	2	3	2	0	3	0	0	0	0	0	0	0	0	0	0	1	0	0	0	0	0	0	3	1	
1	0	0	0	0	0	1	0	0	0	1	3	0	0	0	0	0	0	0	0	0	0	0	0	0	0	3	2	
0	0	0	1	0	3	2	0	0	1	1	0	0	0	0	0	0	0	0	0	0	0	0	0	0	0	0	2	
0	0	0	1	2	3	0	0	1	1	0	3	0	2	0	1	0	0	0	1	0	0	0	0	0	0	0	2	
2	1	0	1	2	0	2	0	1	1	1	3	0	0	0	2	0	0	0	0	0	0	0	0	0	0	3	2	
0	3	0	1	2	1	2	0	1	0	0	0	0	2	0	2	0	0	0	1	0	0	0	0	0	0	0	0	
0	0	0	2	2	3	0	0	1	2	0	0	0	0	0	2	0	0	0	0	0	0	0	0	0	0	0	2	
1	3	0	1	0	3	2	0	1	1	0	2	0	2	0	1	0	0	0	1	0	0	0	0	0	0	0	0	
1	3	0	0	0	0	0	0	2	0	3	3	0	2	0	0	0	0	0	2	0	0	0	0	0	0	0	2	
1	3	0	0	0	0	2	0	1	1	1	3	0	2	0	2	0	0	0	0	0	0	0	0	0	0	3	0	
1	0	0	2	2	3	2	0	1	0	3	3	0	2	0	1	0	0	0	1	0	0	0	0	0	0	0	0	
1	3	0	1	2	3	2	0	3	2	0	3	0	0	0	2	0	0	0	0	0	0	0	0	0	0	3	1	
0	0	1	0	0	3	0	0	1	2	0	2	0	2	0	2	0	0	0	0	0	0	0	0	0	0	1	0	
1	0	2	2	2	0	0	0	0	0	0	0	0	0	0	2	0	0	0	2	0	0	0	0	0	0	1	0	
1	0	1	1	0	0	2	0	1	0	0	3	0	2	0	2	0	0	0	1	0	0	0	0	0	0	1	2	
1	3	0	0	0	3	1	0	0	1	1	3	0	0	0	0	0	0	0	3	0	0	0	0	0	0	3	0	
1	3	1	1	1	3	2	0	1	2	0	3	0	0	0	0	0	0	0	2	0	0	0	0	0	0	3	2	
1	3	0	1	2	3	2	0	1	1	1	0	0	1	0	2	0	0	0	1	0	0	0	0	0	0	0	2	
1	3	0	1	2	0	2	0	0	0	0	3	0	2	0	2	0	0	0	1	0	0	0	0	0	0	0	2	
1	1	0	0	0	3	1	0	0	1	1	2	0	1	0	0	0	0	0	1	0	0	0	0	0	0	0	2	
1	0	0	0	2	1	0	0	1	1	1	3	0	0	0	2	0	0	0	0	0	0	0	0	0	0	0	0	
2	3	2	1	2	1	2	0	0	1	1	3	0	2	0	0	0	0	0	1	0	0	0	0	0	0	3	0	
2	0	0	1	2	3	2	0	0	1	0	0	0	0	0	0	0	0	0	1	0	0	0	0	0	0	0	2	
2	0	2	2	0	0	2	0	1	1	1	0	0	2	0	0	0	0	0	0	0	0	0	0	0	0	3	2	
1	3	0	1	2	0	0	0	0	1	0	3	0	2	0	0	0	0	0	1	0	0	0	0	0	0	3	0	
--------------------

--------------------
Best Solution Found!
--------------------
Time: 0 hour(s), 0 minute(s), 1 second(s), 822 millisecond(s)

Fitness: 198753

1	1	0	0	2	1	2	0	1	1	3	3	0	2	0	2	0	0	0	1	0	0	0	0	0	0	0	0	
1	0	0	0	0	0	0	0	1	1	1	3	0	0	0	0	0	0	0	1	0	0	0	0	0	0	3	0	
1	3	0	0	2	1	2	0	3	0	0	0	0	0	0	2	0	0	0	1	0	0	0	0	0	0	0	2	
1	0	0	2	0	0	0	0	1	2	1	3	0	0	0	0	0	0	0	2	0	0	0	0	0	0	3	2	
1	0	0	1	0	0	2	0	3	1	1	3	0	0	0	0	0	0	0	1	0	0	0	0	0	0	0	1	
1	0	0	1	2	3	1	0	2	0	1	3	0	0	0	0	0	0	0	0	0	0	0	0	0	0	3	1	
0	0	0	0	2	3	0	0	1	1	0	3	0	2	0	1	0	0	0	2	0	0	0	0	0	0	3	2	
1	0	0	1	2	0	2	0	3	1	1	2	0	0	0	0	0	0	0	1	0	0	0	0	0	0	3	2	
1	3	0	1	0	3	0	0	0	1	0	0	0	2	0	0	0	0	0	0	0	0	0	0	0	0	0	0	
1	3	0	1	2	0	0	0	0	1	3	3	0	2	0	2	0	0	0	1	0	0	0	0	0	0	0	0	
1	0	1	1	0	3	2	0	1	1	0	3	0	2	0	1	0	0	0	1	0	0	0	0	0	0	3	2	
1	0	2	1	0	0	2	0	1	0	0	3	0	0	0	2	0	0	0	0	0	0	0	0	0	0	0	2	
1	3	0	1	0	3	0	0	0	0	0	0	0	2	0	2	0	0	0	0	0	0	0	0	0	0	3	0	
1	3	0	1	2	3	2	0	1	1	1	3	0	1	0	2	0	0	0	0	0	0	0	0	0	0	0	0	
2	0	1	2	1	0	0	0	1	0	1	0	0	0	0	0	0	0	0	0	0	0	0	0	0	0	0	0	
2	3	0	2	0	3	1	0	1	2	3	3	0	0	0	2	0	0	0	1	0	0	0	0	0	0	3	0	
1	0	0	1	0	0	2	0	1	1	0	0	0	2	0	0	0	0	0	0	0	0	0	0	0	0	1	1	
2	1	0	0	2	3	2	0	1	1	1	3	0	2	0	2	0	0	0	1	0	0	0	0	0	0	1	2	
0	0	1	0	2	1	2	0	0	0	0	2	0	2	0	0	0	0	0	1	0	0	0	0	0	0	3	2	
1	3	0	1	2	3	2	0	1	1	1	3	0	0	0	2	0	0	0	3	0	0	0	0	0	0	1	2	
0	0	0	1	2	3	2	0	0	1	1	3	0	1	0	2	0	0	0	1	0	0	0	0	0	0	0	0	
2	1	0	0	0	0	2	0	0	0	0	0	0	2	0	2	0	0	0	0	0	0	0	0	0	0	0	0	
0	3	2	1	2	1	0	0	1	1	0	0	0	0	0	0	0	0	0	1	0	0	0	0	0	0	0	2	
1	3	0	1	2	3	2	0	0	2	0	0	0	0	0	0	0	0	0	1	0	0	0	0	0	0	0	2	
0	3	2	1	1	0	1	0	0	0	0	0	0	1	0	2	0	0	0	2	0	0	0	0	0	0	3	0	
1	0	2	1	0	3	2	0	0	2	0	3	0	2	0	0	0	0	0	0	0	0	0	0	0	0	0	2	
2	3	0	1	0	3	2	0	1	1	0	2	0	2	0	0	0	0	0	0	0	0	0	0	0	0	3	2	
1	0	0	2	2	3	1	0	1	1	0	3	0	2	0	1	0	0	0	1	0	0	0	0	0	0	3	1	
0	3	2	2	0	0	2	0	0	1	1	2	0	2	0	2	0	0	0	0	0	0	0	0	0	0	3	2	
0	3	0	1	1	3	2	0	0	1	1	3	0	0	0	2	0	0	0	1	0	0	0	0	0	0	0	2	
--------------------

--------------------
Best Solution Found!
--------------------
Time: 0 hour(s), 0 minute(s), 2 second(s), 726 millisecond(s)

Fitness: 197733

1	0	0	1	0	3	1	0	0	1	1	2	0	0	0	2	0	0	0	1	0	0	0	0	0	0	3	2	
0	0	0	1	0	0	2	0	1	1	1	2	0	2	0	2	0	0	0	1	0	0	0	0	0	0	3	2	
1	0	0	0	1	0	2	0	1	1	0	3	0	1	0	2	0	0	0	0	0	0	0	0	0	0	3	2	
2	0	1	2	0	3	2	0	0	1	1	3	0	1	0	0	0	0	0	0	0	0	0	0	0	0	0	0	
1	3	1	1	0	0	2	0	3	0	1	3	0	0	0	0	0	0	0	0	0	0	0	0	0	0	3	0	
0	3	0	1	2	3	2	0	1	1	0	3	0	2	0	2	0	0	0	1	0	0	0	0	0	0	1	2	
0	3	1	0	0	3	2	0	0	1	3	0	0	0	0	2	0	0	0	1	0	0	0	0	0	0	0	2	
2	3	2	1	0	0	1	0	1	1	1	3	0	0	0	0	0	0	0	0	0	0	0	0	0	0	3	1	
1	3	0	1	2	1	0	0	1	1	0	3	0	0	0	1	0	0	0	0	0	0	0	0	0	0	1	0	
1	3	2	0	2	3	0	0	1	0	1	2	0	2	0	2	0	0	0	0	0	0	0	0	0	0	0	0	
1	3	0	0	2	3	2	0	0	2	1	0	0	2	0	0	0	0	0	1	0	0	0	0	0	0	0	2	
2	0	0	1	0	0	0	0	1	1	3	0	0	2	0	0	0	0	0	0	0	0	0	0	0	0	0	2	
1	3	0	2	1	3	0	0	1	0	0	0	0	2	0	2	0	0	0	1	0	0	0	0	0	0	0	0	
1	3	2	1	0	1	2	0	1	1	0	3	0	0	0	2	0	0	0	2	0	0	0	0	0	0	3	2	
1	0	0	0	2	3	1	0	3	1	0	3	0	0	0	0	0	0	0	2	0	0	0	0	0	0	1	1	
1	0	0	1	2	0	0	0	0	0	1	3	0	1	0	2	0	0	0	1	0	0	0	0	0	0	0	2	
1	0	0	1	2	0	2	0	0	0	0	0	0	2	0	0	0	0	0	0	0	0	0	0	0	0	3	2	
1	3	0	2	0	3	2	0	1	1	3	3	0	0	0	2	0	0	0	1	0	0	0	0	0	0	0	0	
1	0	0	1	2	3	2	0	0	1	0	2	0	2	0	0	0	0	0	3	0	0	0	0	0	0	0	0	
0	0	0	2	2	3	0	0	0	1	0	0	0	0	0	0	0	0	0	1	0	0	0	0	0	0	3	2	
2	0	0	0	2	3	2	0	0	0	0	0	0	0	0	1	0	0	0	1	0	0	0	0	0	0	3	2	
0	0	2	1	0	0	0	0	3	2	0	0	0	2	0	0	0	0	0	0	0	0	0	0	0	0	0	0	
2	0	0	1	2	3	2	0	1	1	1	3	0	2	0	0	0	0	0	0	0	0	0	0	0	0	0	2	
1	1	0	1	0	0	2	0	1	1	0	3	0	0	0	2	0	0	0	1	0	0	0	0	0	0	3	0	
1	1	0	1	2	3	1	0	0	1	0	3	0	0	0	2	0	0	0	0	0	0	0	0	0	0	0	0	
0	0	0	1	0	0	2	0	1	1	0	3	0	2	0	1	0	0	0	1	0	0	0	0	0	0	3	1	
0	3	2	0	0	1	2	0	1	2	0	0	0	2	0	2	0	0	0	1	0	0	0	0	0	0	0	0	
1	3	0	2	1	1	2	0	1	0	1	3	0	2	0	2	0	0	0	1	0	0	0	0	0	0	3	2	
1	1	0	1	2	0	0	0	2	0	1	3	0	0	0	0	0	0	0	2	0	0	0	0	0	0	3	2	
1	3	0	1	2	3	2	0	0	2	1	3	0	2	0	0	0	0	0	1	0	0	0	0	0	0	0	1	
--------------------

--------------------
Best Solution Found!
--------------------
Time: 0 hour(s), 0 minute(s), 6 second(s), 401 millisecond(s)

Fitness: 197707

1	3	0	2	0	0	0	0	3	1	1	2	0	0	0	0	0	0	0	1	0	0	0	0	0	0	3	2	
1	3	0	2	0	3	2	0	1	0	3	3	0	0	0	1	0	0	0	1	0	0	0	0	0	0	0	2	
1	3	0	0	1	3	0	0	1	1	0	0	0	1	0	2	0	0	0	2	0	0	0	0	0	0	3	1	
0	0	0	0	2	0	2	0	1	0	0	3	0	2	0	2	0	0	0	2	0	0	0	0	0	0	0	2	
1	3	0	1	0	0	2	0	1	1	0	3	0	0	0	2	0	0	0	1	0	0	0	0	0	0	0	0	
2	0	0	1	0	3	2	0	1	1	1	2	0	0	0	0	0	0	0	0	0	0	0	0	0	0	0	0	
0	0	0	1	2	0	0	0	1	1	0	0	0	2	0	2	0	0	0	0	0	0	0	0	0	0	3	2	
1	0	0	1	2	0	2	0	1	1	0	3	0	0	0	0	0	0	0	1	0	0	0	0	0	0	0	0	
1	1	0	2	2	3	1	0	0	2	0	3	0	2	0	0	0	0	0	0	0	0	0	0	0	0	3	2	
0	0	0	0	2	0	0	0	0	1	0	3	0	1	0	2	0	0	0	2	0	0	0	0	0	0	3	0	
0	3	2	1	2	3	2	0	0	1	1	3	0	2	0	0	0	0	0	0	0	0	0	0	0	0	0	2	
2	1	2	0	0	3	2	0	1	1	1	0	0	0	0	0	0	0	0	1	0	0	0	0	0	0	1	2	
1	0	2	1	0	0	2	0	0	1	0	3	0	2	0	2	0	0	0	1	0	0	0	0	0	0	0	0	
2	0	0	1	2	3	0	0	1	1	1	3	0	2	0	1	0	0	0	0	0	0	0	0	0	0	0	0	
0	3	1	1	0	3	2	0	0	1	1	3	0	2	0	0	0	0	0	1	0	0	0	0	0	0	1	2	
1	3	0	1	2	3	1	0	1	1	3	3	0	1	0	2	0	0	0	0	0	0	0	0	0	0	3	2	
1	3	0	2	2	0	2	0	0	2	0	0	0	2	0	0	0	0	0	1	0	0	0	0	0	0	3	0	
2	1	0	1	0	1	2	0	1	0	0	0	0	2	0	0	0	0	0	0	0	0	0	0	0	0	0	0	
1	3	0	1	0	0	0	0	0	1	1	0	0	0	0	2	0	0	0	1	0	0	0	0	0	0	3	2	
1	0	2	2	2	1	1	0	0	1	1	3	0	2	0	2	0	0	0	1	0	0	0	0	0	0	3	0	
1	3	2	0	1	1	2	0	3	1	1	3	0	0	0	2	0	0	0	1	0	0	0	0	0	0	0	0	
0	0	1	1	0	3	2	0	1	2	0	3	0	2	0	0	0	0	0	1	0	0	0	0	0	0	1	2	
1	3	0	1	0	3	2	0	1	1	0	0	0	0	0	2	0	0	0	3	0	0	0	0	0	0	3	2	
1	0	0	1	2	0	0	0	0	0	1	3	0	0	0	2	0	0	0	0	0	0	0	0	0	0	3	1	
2	0	0	0	2	3	0	0	3	0	0	0	0	2	0	2	0	0	0	0	0	0	0	0	0	0	0	1	
1	0	0	1	1	3	2	0	1	1	3	0	0	2	0	2	0	0	0	0	0	0	0	0	0	0	0	2	
1	3	1	1	0	1	2	0	1	2	1	2	0	0	0	0	0	0	0	1	0	0	0	0	0	0	0	0	
0	0	0	1	2	3	2	0	0	0	1	2	0	0	0	0	0	0	0	1	0	0	0	0	0	0	0	2	
1	3	0	1	2	3	2	0	2	0	0	3	0	0	0	1	0	0	0	0	0	0	0	0	0	0	3	1	
1	0	0	0	0	0	1	0	0	0	0	3	0	2	0	0	0	0	0	1	0	0	0	0	0	0	3	2	
--------------------

--------------------
Best Solution Found!
--------------------
Time: 0 hour(s), 0 minute(s), 10 second(s), 669 millisecond(s)

Fitness: 196745

0	3	1	2	0	0	0	0	1	1	1	3	0	1	0	2	0	0	0	3	0	0	0	0	0	0	0	2	
1	0	0	0	0	3	2	0	3	0	1	3	0	1	0	0	0	0	0	0	0	0	0	0	0	0	3	2	
0	0	0	1	0	3	2	0	1	1	1	0	0	2	0	0	0	0	0	0	0	0	0	0	0	0	3	1	
1	3	0	1	2	1	2	0	1	1	1	3	0	0	0	0	0	0	0	0	0	0	0	0	0	0	3	2	
2	3	2	0	0	0	0	0	2	1	0	0	0	1	0	2	0	0	0	1	0	0	0	0	0	0	3	0	
0	1	0	1	2	3	2	0	1	2	0	2	0	2	0	2	0	0	0	1	0	0	0	0	0	0	0	0	
1	3	2	1	0	3	2	0	1	1	1	3	0	0	0	0	0	0	0	1	0	0	0	0	0	0	0	2	
1	3	2	0	0	0	2	0	3	1	0	0	0	2	0	2	0	0	0	1	0	0	0	0	0	0	3	2	
2	0	0	1	0	0	2	0	1	1	0	0	0	2	0	2	0	0	0	1	0	0	0	0	0	0	3	2	
2	0	0	1	2	1	0	0	0	0	0	3	0	0	0	0	0	0	0	0	0	0	0	0	0	0	0	2	
1	3	0	1	2	3	2	0	0	1	0	2	0	2	0	2	0	0	0	2	0	0	0	0	0	0	3	1	
1	0	0	2	2	1	2	0	1	1	1	0	0	0	0	0	0	0	0	0	0	0	0	0	0	0	0	0	
1	0	0	2	2	1	2	0	3	2	1	3	0	2	0	2	0	0	0	1	0	0	0	0	0	0	1	2	
0	0	0	0	0	0	2	0	1	1	0	3	0	0	0	2	0	0	0	1	0	0	0	0	0	0	3	2	
2	0	0	1	1	0	0	0	0	1	1	3	0	2	0	2	0	0	0	0	0	0	0	0	0	0	0	0	
1	1	0	1	0	3	0	0	1	1	0	0	0	0	0	0	0	0	0	0	0	0	0	0	0	0	3	2	
1	3	1	0	2	3	2	0	0	1	1	3	0	0	0	2	0	0	0	1	0	0	0	0	0	0	1	2	
1	0	0	1	0	0	2	0	0	1	0	2	0	0	0	2	0	0	0	1	0	0	0	0	0	0	3	0	
1	3	0	1	0	0	1	0	1	0	0	0	0	2	0	2	0	0	0	1	0	0	0	0	0	0	0	0	
1	3	0	0	0	3	2	0	0	1	3	3	0	0	0	0	0	0	0	1	0	0	0	0	0	0	3	1	
1	3	2	0	2	0	1	0	1	0	3	3	0	2	0	0	0	0	0	1	0	0	0	0	0	0	0	2	
0	0	0	1	0	3	2	0	0	0	0	3	0	2	0	1	0	0	0	1	0	0	0	0	0	0	3	0	
1	0	0	1	2	3	1	0	1	2	1	3	0	0	0	1	0	0	0	1	0	0	0	0	0	0	0	2	
1	0	1	1	1	3	2	0	0	1	0	3	0	2	0	0	0	0	0	0	0	0	0	0	0	0	0	0	
0	3	2	1	2	3	0	0	1	1	1	3	0	2	0	1	0	0	0	0	0	0	0	0	0	0	0	0	
0	0	0	1	2	3	0	0	0	2	0	2	0	0	0	0	0	0	0	1	0	0	0	0	0	0	0	0	
1	3	0	2	2	0	1	0	1	0	3	3	0	2	0	2	0	0	0	2	0	0	0	0	0	0	0	2	
2	1	0	1	2	3	2	0	0	0	0	0	0	2	0	0	0	0	0	2	0	0	0	0	0	0	1	1	
1	3	0	2	1	0	0	0	0	0	0	3	0	0	0	2	0	0	0	0	0	0	0	0	0	0	3	2	
1	0	0	1	2	3	2	0	1	1	1	0	0	0	0	0	0	0	0	0	0	0	0	0	0	0	0	0	
--------------------

--------------------
Best Solution Found!
--------------------
Time: 0 hour(s), 0 minute(s), 10 second(s), 679 millisecond(s)

Fitness: 196745

0	3	1	2	0	0	0	0	1	1	1	3	0	1	0	2	0	0	0	3	0	0	0	0	0	0	0	2	
1	0	0	0	0	3	2	0	3	0	1	3	0	1	0	0	0	0	0	0	0	0	0	0	0	0	3	2	
0	0	0	1	0	3	2	0	1	1	1	0	0	2	0	0	0	0	0	0	0	0	0	0	0	0	3	1	
1	3	0	1	2	1	2	0	1	1	1	3	0	0	0	0	0	0	0	0	0	0	0	0	0	0	3	2	
2	3	2	0	0	0	0	0	2	1	0	0	0	1	0	2	0	0	0	1	0	0	0	0	0	0	3	0	
0	1	0	1	2	3	2	0	1	2	0	2	0	2	0	2	0	0	0	1	0	0	0	0	0	0	0	0	
1	3	2	1	0	3	2	0	1	1	1	3	0	0	0	0	0	0	0	1	0	0	0	0	0	0	0	2	
1	3	2	0	0	0	2	0	3	1	0	0	0	2	0	2	0	0	0	1	0	0	0	0	0	0	3	2	
2	0	0	1	0	0	2	0	1	1	0	0	0	2	0	2	0	0	0	1	0	0	0	0	0	0	3	2	
2	0	0	1	2	1	0	0	0	0	0	3	0	0	0	0	0	0	0	0	0	0	0	0	0	0	0	2	
1	3	0	1	2	3	2	0	0	1	0	2	0	2	0	2	0	0	0	2	0	0	0	0	0	0	3	1	
1	0	0	2	2	1	2	0	1	1	1	0	0	0	0	0	0	0	0	0	0	0	0	0	0	0	0	0	
1	0	0	2	2	1	2	0	3	2	1	3	0	2	0	2	0	0	0	1	0	0	0	0	0	0	1	2	
0	0	0	0	0	0	2	0	1	1	0	3	0	0	0	2	0	0	0	1	0	0	0	0	0	0	3	2	
2	0	0	1	1	0	0	0	0	1	1	3	0	2	0	2	0	0	0	0	0	0	0	0	0	0	0	0	
1	1	0	1	0	3	0	0	1	1	0	0	0	0	0	0	0	0	0	0	0	0	0	0	0	0	3	2	
1	3	1	0	2	3	2	0	0	1	1	3	0	0	0	2	0	0	0	1	0	0	0	0	0	0	1	2	
1	0	0	1	0	0	2	0	0	1	0	2	0	0	0	2	0	0	0	1	0	0	0	0	0	0	3	0	
1	3	0	1	0	0	1	0	1	0	0	0	0	2	0	2	0	0	0	1	0	0	0	0	0	0	0	0	
1	3	0	0	0	3	2	0	0	1	3	3	0	0	0	0	0	0	0	1	0	0	0	0	0	0	3	1	
1	3	2	0	2	0	1	0	1	0	3	3	0	2	0	0	0	0	0	1	0	0	0	0	0	0	0	2	
0	0	0	1	0	3	2	0	0	0	0	3	0	2	0	1	0	0	0	1	0	0	0	0	0	0	3	0	
1	0	0	1	2	3	1	0	1	2	1	3	0	0	0	1	0	0	0	1	0	0	0	0	0	0	0	2	
1	0	1	1	1	3	2	0	0	1	0	3	0	2	0	0	0	0	0	0	0	0	0	0	0	0	0	0	
0	3	2	1	2	3	0	0	1	1	1	3	0	2	0	1	0	0	0	0	0	0	0	0	0	0	0	0	
0	0	0	1	2	3	0	0	0	2	0	2	0	0	0	0	0	0	0	1	0	0	0	0	0	0	0	0	
1	3	0	2	2	0	1	0	1	0	3	3	0	2	0	2	0	0	0	2	0	0	0	0	0	0	0	2	
2	1	0	1	2	3	2	0	0	0	0	0	0	2	0	0	0	0	0	2	0	0	0	0	0	0	1	1	
1	3	0	2	1	0	0	0	0	0	0	3	0	0	0	2	0	0	0	0	0	0	0	0	0	0	3	2	
1	0	0	1	2	3	2	0	1	1	1	0	0	0	0	0	0	0	0	0	0	0	0	0	0	0	0	0	
--------------------

--------------------
Best Solution Found!
--------------------
Time: 0 hour(s), 0 minute(s), 14 second(s), 529 millisecond(s)

Fitness: 195738

2	3	0	0	2	1	2	0	0	1	0	3	0	2	0	2	0	0	0	1	0	0	0	0	0	0	0	0	
1	1	0	0	2	3	1	0	0	1	1	2	0	2	0	0	0	0	0	0	0	0	0	0	0	0	0	0	
2	0	1	1	0	0	2	0	1	0	0	3	0	2	0	0	0	0	0	1	0	0	0	0	0	0	0	0	
1	1	0	1	0	1	2	0	0	1	1	0	0	0	0	0	0	0	0	2	0	0	0	0	0	0	0	0	
0	0	0	1	2	3	2	0	1	1	0	0	0	1	0	0	0	0	0	0	0	0	0	0	0	0	0	0	
2	0	1	1	2	3	0	0	1	1	1	3	0	2	0	2	0	0	0	0	0	0	0	0	0	0	3	2	
1	0	0	2	0	3	2	0	0	0	3	3	0	2	0	0	0	0	0	1	0	0	0	0	0	0	1	1	
0	3	0	1	2	3	0	0	3	0	0	3	0	2	0	1	0	0	0	1	0	0	0	0	0	0	3	2	
0	3	0	1	2	3	2	0	2	1	1	2	0	2	0	2	0	0	0	2	0	0	0	0	0	0	3	0	
1	3	1	1	0	3	1	0	1	1	3	3	0	0	0	2	0	0	0	3	0	0	0	0	0	0	0	2	
1	3	2	0	0	0	2	0	1	1	1	3	0	1	0	0	0	0	0	0	0	0	0	0	0	0	0	2	
1	3	0	1	1	1	2	0	1	1	0	3	0	0	0	0	0	0	0	1	0	0	0	0	0	0	3	2	
1	0	0	1	2	3	2	0	1	1	1	3	0	0	0	0	0	0	0	1	0	0	0	0	0	0	3	2	
0	0	0	1	0	0	0	0	1	1	1	3	0	1	0	0	0	0	0	1	0	0	0	0	0	0	1	2	
1	0	0	2	0	0	2	0	3	1	0	0	0	2	0	2	0	0	0	2	0	0	0	0	0	0	3	2	
1	3	0	1	1	0	0	0	1	1	0	0	0	0	0	0	0	0	0	1	0	0	0	0	0	0	0	2	
1	3	0	0	2	0	0	0	1	2	0	3	0	2	0	2	0	0	0	1	0	0	0	0	0	0	3	2	
0	0	0	2	0	1	2	0	1	1	1	3	0	0	0	2	0	0	0	1	0	0	0	0	0	0	3	1	
1	0	2	1	2	0	0	0	1	2	0	0	0	0	0	2	0	0	0	0	0	0	0	0	0	0	0	2	
1	0	0	1	0	0	2	0	1	1	1	0	0	2	0	1	0	0	0	0	0	0	0	0	0	0	3	0	
1	3	2	2	0	3	2	0	0	2	1	3	0	0	0	1	0	0	0	0	0	0	0	0	0	0	0	2	
0	3	0	0	0	3	2	0	0	0	0	3	0	0	0	2	0	0	0	0	0	0	0	0	0	0	1	1	
1	3	0	2	2	3	2	0	1	0	0	3	0	0	0	2	0	0	0	1	0	0	0	0	0	0	3	2	
2	0	0	0	2	0	0	0	3	1	1	3	0	0	0	2	0	0	0	1	0	0	0	0	0	0	0	0	
1	0	0	0	2	0	1	0	0	0	0	0	0	2	0	0	0	0	0	0	0	0	0	0	0	0	3	0	
0	0	0	1	2	3	1	0	0	1	0	2	0	0	0	0	0	0	0	1	0	0	0	0	0	0	0	2	
1	0	0	1	2	0	0	0	0	0	0	0	0	2	0	2	0	0	0	1	0	0	0	0	0	0	3	1	
1	3	0	1	1	3	2	0	0	2	1	3	0	2	0	2	0	0	0	0	0	0	0	0	0	0	0	2	
2	1	2	1	0	3	2	0	1	1	3	2	0	2	0	2	0	0	0	1	0	0	0	0	0	0	3	0	
1	3	2	1	0	3	2	0	0	0	0	0	0	0	0	0	0	0	0	0	0	0	0	0	0	0	0	0	
--------------------

--------------------
Best Solution Found!
--------------------
Time: 0 hour(s), 0 minute(s), 14 second(s), 544 millisecond(s)

Fitness: 195738

2	3	0	0	2	1	2	0	0	1	0	3	0	2	0	2	0	0	0	1	0	0	0	0	0	0	0	0	
1	1	0	0	2	3	1	0	0	1	1	2	0	2	0	0	0	0	0	0	0	0	0	0	0	0	0	0	
2	0	1	1	0	0	2	0	1	0	0	3	0	2	0	0	0	0	0	1	0	0	0	0	0	0	0	0	
1	1	0	1	0	1	2	0	0	1	1	0	0	0	0	0	0	0	0	2	0	0	0	0	0	0	0	0	
0	0	0	1	2	3	2	0	1	1	0	0	0	1	0	0	0	0	0	0	0	0	0	0	0	0	0	0	
2	0	1	1	2	3	0	0	1	1	1	3	0	2	0	2	0	0	0	0	0	0	0	0	0	0	3	2	
1	0	0	2	0	3	2	0	0	0	3	3	0	2	0	0	0	0	0	1	0	0	0	0	0	0	1	1	
0	3	0	1	2	3	0	0	3	0	0	3	0	2	0	1	0	0	0	1	0	0	0	0	0	0	3	2	
0	3	0	1	2	3	2	0	2	1	1	2	0	2	0	2	0	0	0	2	0	0	0	0	0	0	3	0	
1	3	1	1	0	3	1	0	1	1	3	3	0	0	0	2	0	0	0	3	0	0	0	0	0	0	0	2	
1	3	2	0	0	0	2	0	1	1	1	3	0	1	0	0	0	0	0	0	0	0	0	0	0	0	0	2	
1	3	0	1	1	1	2	0	1	1	0	3	0	0	0	0	0	0	0	1	0	0	0	0	0	0	3	2	
1	0	0	1	2	3	2	0	1	1	1	3	0	0	0	0	0	0	0	1	0	0	0	0	0	0	3	2	
0	0	0	1	0	0	0	0	1	1	1	3	0	1	0	0	0	0	0	1	0	0	0	0	0	0	1	2	
1	0	0	2	0	0	2	0	3	1	0	0	0	2	0	2	0	0	0	2	0	0	0	0	0	0	3	2	
1	3	0	1	1	0	0	0	1	1	0	0	0	0	0	0	0	0	0	1	0	0	0	0	0	0	0	2	
1	3	0	0	2	0	0	0	1	2	0	3	0	2	0	2	0	0	0	1	0	0	0	0	0	0	3	2	
0	0	0	2	0	1	2	0	1	1	1	3	0	0	0	2	0	0	0	1	0	0	0	0	0	0	3	1	
1	0	2	1	2	0	0	0	1	2	0	0	0	0	0	2	0	0	0	0	0	0	0	0	0	0	0	2	
1	0	0	1	0	0	2	0	1	1	1	0	0	2	0	1	0	0	0	0	0	0	0	0	0	0	3	0	
1	3	2	2	0	3	2	0	0	2	1	3	0	0	0	1	0	0	0	0	0	0	0	0	0	0	0	2	
0	3	0	0	0	3	2	0	0	0	0	3	0	0	0	2	0	0	0	0	0	0	0	0	0	0	1	1	
1	3	0	2	2	3	2	0	1	0	0	3	0	0	0	2	0	0	0	1	0	0	0	0	0	0	3	2	
2	0	0	0	2	0	0	0	3	1	1	3	0	0	0	2	0	0	0	1	0	0	0	0	0	0	0	0	
1	0	0	0	2	0	1	0	0	0	0	0	0	2	0	0	0	0	0	0	0	0	0	0	0	0	3	0	
0	0	0	1	2	3	1	0	0	1	0	2	0	0	0	0	0	0	0	1	0	0	0	0	0	0	0	2	
1	0	0	1	2	0	0	0	0	0	0	0	0	2	0	2	0	0	0	1	0	0	0	0	0	0	3	1	
1	3	0	1	1	3	2	0	0	2	1	3	0	2	0	2	0	0	0	0	0	0	0	0	0	0	0	2	
2	1	2	1	0	3	2	0	1	1	3	2	0	2	0	2	0	0	0	1	0	0	0	0	0	0	3	0	
1	3	2	1	0	3	2	0	0	0	0	0	0	0	0	0	0	0	0	0	0	0	0	0	0	0	0	0	
--------------------

--------------------
Best Solution Found!
--------------------
Time: 0 hour(s), 0 minute(s), 14 second(s), 550 millisecond(s)

Fitness: 195738

2	3	0	0	2	1	2	0	0	1	0	3	0	2	0	2	0	0	0	1	0	0	0	0	0	0	0	0	
1	1	0	0	2	3	1	0	0	1	1	2	0	2	0	0	0	0	0	0	0	0	0	0	0	0	0	0	
2	0	1	1	0	0	2	0	1	0	0	3	0	2	0	0	0	0	0	1	0	0	0	0	0	0	0	0	
1	1	0	1	0	1	2	0	0	1	1	0	0	0	0	0	0	0	0	2	0	0	0	0	0	0	0	0	
0	0	0	1	2	3	2	0	1	1	0	0	0	1	0	0	0	0	0	0	0	0	0	0	0	0	0	0	
2	0	1	1	2	3	0	0	1	1	1	3	0	2	0	2	0	0	0	0	0	0	0	0	0	0	3	2	
1	0	0	2	0	3	2	0	0	0	3	3	0	2	0	0	0	0	0	1	0	0	0	0	0	0	1	1	
0	3	0	1	2	3	0	0	3	0	0	3	0	2	0	1	0	0	0	1	0	0	0	0	0	0	3	2	
0	3	0	1	2	3	2	0	2	1	1	2	0	2	0	2	0	0	0	2	0	0	0	0	0	0	3	0	
1	3	1	1	0	3	1	0	1	1	3	3	0	0	0	2	0	0	0	3	0	0	0	0	0	0	0	2	
1	3	2	0	0	0	2	0	1	1	1	3	0	1	0	0	0	0	0	0	0	0	0	0	0	0	0	2	
1	3	0	1	1	1	2	0	1	1	0	3	0	0	0	0	0	0	0	1	0	0	0	0	0	0	3	2	
1	0	0	1	2	3	2	0	1	1	1	3	0	0	0	0	0	0	0	1	0	0	0	0	0	0	3	2	
0	0	0	1	0	0	0	0	1	1	1	3	0	1	0	0	0	0	0	1	0	0	0	0	0	0	1	2	
1	0	0	2	0	0	2	0	3	1	0	0	0	2	0	2	0	0	0	2	0	0	0	0	0	0	3	2	
1	3	0	1	1	0	0	0	1	1	0	0	0	0	0	0	0	0	0	1	0	0	0	0	0	0	0	2	
1	3	0	0	2	0	0	0	1	2	0	3	0	2	0	2	0	0	0	1	0	0	0	0	0	0	3	2	
0	0	0	2	0	1	2	0	1	1	1	3	0	0	0	2	0	0	0	1	0	0	0	0	0	0	3	1	
1	0	2	1	2	0	0	0	1	2	0	0	0	0	0	2	0	0	0	0	0	0	0	0	0	0	0	2	
1	0	0	1	0	0	2	0	1	1	1	0	0	2	0	1	0	0	0	0	0	0	0	0	0	0	3	0	
1	3	2	2	0	3	2	0	0	2	1	3	0	0	0	1	0	0	0	0	0	0	0	0	0	0	0	2	
0	3	0	0	0	3	2	0	0	0	0	3	0	0	0	2	0	0	0	0	0	0	0	0	0	0	1	1	
1	3	0	2	2	3	2	0	1	0	0	3	0	0	0	2	0	0	0	1	0	0	0	0	0	0	3	2	
2	0	0	0	2	0	0	0	3	1	1	3	0	0	0	2	0	0	0	1	0	0	0	0	0	0	0	0	
1	0	0	0	2	0	1	0	0	0	0	0	0	2	0	0	0	0	0	0	0	0	0	0	0	0	3	0	
0	0	0	1	2	3	1	0	0	1	0	2	0	0	0	0	0	0	0	1	0	0	0	0	0	0	0	2	
1	0	0	1	2	0	0	0	0	0	0	0	0	2	0	2	0	0	0	1	0	0	0	0	0	0	3	1	
1	3	0	1	1	3	2	0	0	2	1	3	0	2	0	2	0	0	0	0	0	0	0	0	0	0	0	2	
2	1	2	1	0	3	2	0	1	1	3	2	0	2	0	2	0	0	0	1	0	0	0	0	0	0	3	0	
1	3	2	1	0	3	2	0	0	0	0	0	0	0	0	0	0	0	0	0	0	0	0	0	0	0	0	0	
--------------------

--------------------
Best Solution Found!
--------------------
Time: 0 hour(s), 0 minute(s), 14 second(s), 553 millisecond(s)

Fitness: 195738

2	3	0	0	2	1	2	0	0	1	0	3	0	2	0	2	0	0	0	1	0	0	0	0	0	0	0	0	
1	1	0	0	2	3	1	0	0	1	1	2	0	2	0	0	0	0	0	0	0	0	0	0	0	0	0	0	
2	0	1	1	0	0	2	0	1	0	0	3	0	2	0	0	0	0	0	1	0	0	0	0	0	0	0	0	
1	1	0	1	0	1	2	0	0	1	1	0	0	0	0	0	0	0	0	2	0	0	0	0	0	0	0	0	
0	0	0	1	2	3	2	0	1	1	0	0	0	1	0	0	0	0	0	0	0	0	0	0	0	0	0	0	
2	0	1	1	2	3	0	0	1	1	1	3	0	2	0	2	0	0	0	0	0	0	0	0	0	0	3	2	
1	0	0	2	0	3	2	0	0	0	3	3	0	2	0	0	0	0	0	1	0	0	0	0	0	0	1	1	
0	3	0	1	2	3	0	0	3	0	0	3	0	2	0	1	0	0	0	1	0	0	0	0	0	0	3	2	
0	3	0	1	2	3	2	0	2	1	1	2	0	2	0	2	0	0	0	2	0	0	0	0	0	0	3	0	
1	3	1	1	0	3	1	0	1	1	3	3	0	0	0	2	0	0	0	3	0	0	0	0	0	0	0	2	
1	3	2	0	0	0	2	0	1	1	1	3	0	1	0	0	0	0	0	0	0	0	0	0	0	0	0	2	
1	3	0	1	1	1	2	0	1	1	0	3	0	0	0	0	0	0	0	1	0	0	0	0	0	0	3	2	
1	0	0	1	2	3	2	0	1	1	1	3	0	0	0	0	0	0	0	1	0	0	0	0	0	0	3	2	
0	0	0	1	0	0	0	0	1	1	1	3	0	1	0	0	0	0	0	1	0	0	0	0	0	0	1	2	
1	0	0	2	0	0	2	0	3	1	0	0	0	2	0	2	0	0	0	2	0	0	0	0	0	0	3	2	
1	3	0	1	1	0	0	0	1	1	0	0	0	0	0	0	0	0	0	1	0	0	0	0	0	0	0	2	
1	3	0	0	2	0	0	0	1	2	0	3	0	2	0	2	0	0	0	1	0	0	0	0	0	0	3	2	
0	0	0	2	0	1	2	0	1	1	1	3	0	0	0	2	0	0	0	1	0	0	0	0	0	0	3	1	
1	0	2	1	2	0	0	0	1	2	0	0	0	0	0	2	0	0	0	0	0	0	0	0	0	0	0	2	
1	0	0	1	0	0	2	0	1	1	1	0	0	2	0	1	0	0	0	0	0	0	0	0	0	0	3	0	
1	3	2	2	0	3	2	0	0	2	1	3	0	0	0	1	0	0	0	0	0	0	0	0	0	0	0	2	
0	3	0	0	0	3	2	0	0	0	0	3	0	0	0	2	0	0	0	0	0	0	0	0	0	0	1	1	
1	3	0	2	2	3	2	0	1	0	0	3	0	0	0	2	0	0	0	1	0	0	0	0	0	0	3	2	
2	0	0	0	2	0	0	0	3	1	1	3	0	0	0	2	0	0	0	1	0	0	0	0	0	0	0	0	
1	0	0	0	2	0	1	0	0	0	0	0	0	2	0	0	0	0	0	0	0	0	0	0	0	0	3	0	
0	0	0	1	2	3	1	0	0	1	0	2	0	0	0	0	0	0	0	1	0	0	0	0	0	0	0	2	
1	0	0	1	2	0	0	0	0	0	0	0	0	2	0	2	0	0	0	1	0	0	0	0	0	0	3	1	
1	3	0	1	1	3	2	0	0	2	1	3	0	2	0	2	0	0	0	0	0	0	0	0	0	0	0	2	
2	1	2	1	0	3	2	0	1	1	3	2	0	2	0	2	0	0	0	1	0	0	0	0	0	0	3	0	
1	3	2	1	0	3	2	0	0	0	0	0	0	0	0	0	0	0	0	0	0	0	0	0	0	0	0	0	
--------------------

--------------------
Best Solution Found!
--------------------
Time: 0 hour(s), 0 minute(s), 14 second(s), 571 millisecond(s)

Fitness: 195738

2	3	0	0	2	1	2	0	0	1	0	3	0	2	0	2	0	0	0	1	0	0	0	0	0	0	0	0	
1	1	0	0	2	3	1	0	0	1	1	2	0	2	0	0	0	0	0	0	0	0	0	0	0	0	0	0	
2	0	1	1	0	0	2	0	1	0	0	3	0	2	0	0	0	0	0	1	0	0	0	0	0	0	0	0	
1	1	0	1	0	1	2	0	0	1	1	0	0	0	0	0	0	0	0	2	0	0	0	0	0	0	0	0	
0	0	0	1	2	3	2	0	1	1	0	0	0	1	0	0	0	0	0	0	0	0	0	0	0	0	0	0	
2	0	1	1	2	3	0	0	1	1	1	3	0	2	0	2	0	0	0	0	0	0	0	0	0	0	3	2	
1	0	0	2	0	3	2	0	0	0	3	3	0	2	0	0	0	0	0	1	0	0	0	0	0	0	1	1	
0	3	0	1	2	3	0	0	3	0	0	3	0	2	0	1	0	0	0	1	0	0	0	0	0	0	3	2	
0	3	0	1	2	3	2	0	2	1	1	2	0	2	0	2	0	0	0	2	0	0	0	0	0	0	3	0	
1	3	1	1	0	3	1	0	1	1	3	3	0	0	0	2	0	0	0	3	0	0	0	0	0	0	0	2	
1	3	2	0	0	0	2	0	1	1	1	3	0	1	0	0	0	0	0	0	0	0	0	0	0	0	0	2	
1	3	0	1	1	1	2	0	1	1	0	3	0	0	0	0	0	0	0	1	0	0	0	0	0	0	3	2	
1	0	0	1	2	3	2	0	1	1	1	3	0	0	0	0	0	0	0	1	0	0	0	0	0	0	3	2	
0	0	0	1	0	0	0	0	1	1	1	3	0	1	0	0	0	0	0	1	0	0	0	0	0	0	1	2	
1	0	0	2	0	0	2	0	3	1	0	0	0	2	0	2	0	0	0	2	0	0	0	0	0	0	3	2	
1	3	0	1	1	0	0	0	1	1	0	0	0	0	0	0	0	0	0	1	0	0	0	0	0	0	0	2	
1	3	0	0	2	0	0	0	1	2	0	3	0	2	0	2	0	0	0	1	0	0	0	0	0	0	3	2	
0	0	0	2	0	1	2	0	1	1	1	3	0	0	0	2	0	0	0	1	0	0	0	0	0	0	3	1	
1	0	2	1	2	0	0	0	1	2	0	0	0	0	0	2	0	0	0	0	0	0	0	0	0	0	0	2	
1	0	0	1	0	0	2	0	1	1	1	0	0	2	0	1	0	0	0	0	0	0	0	0	0	0	3	0	
1	3	2	2	0	3	2	0	0	2	1	3	0	0	0	1	0	0	0	0	0	0	0	0	0	0	0	2	
0	3	0	0	0	3	2	0	0	0	0	3	0	0	0	2	0	0	0	0	0	0	0	0	0	0	1	1	
1	3	0	2	2	3	2	0	1	0	0	3	0	0	0	2	0	0	0	1	0	0	0	0	0	0	3	2	
2	0	0	0	2	0	0	0	3	1	1	3	0	0	0	2	0	0	0	1	0	0	0	0	0	0	0	0	
1	0	0	0	2	0	1	0	0	0	0	0	0	2	0	0	0	0	0	0	0	0	0	0	0	0	3	0	
0	0	0	1	2	3	1	0	0	1	0	2	0	0	0	0	0	0	0	1	0	0	0	0	0	0	0	2	
1	0	0	1	2	0	0	0	0	0	0	0	0	2	0	2	0	0	0	1	0	0	0	0	0	0	3	1	
1	3	0	1	1	3	2	0	0	2	1	3	0	2	0	2	0	0	0	0	0	0	0	0	0	0	0	2	
2	1	2	1	0	3	2	0	1	1	3	2	0	2	0	2	0	0	0	1	0	0	0	0	0	0	3	0	
1	3	2	1	0	3	2	0	0	0	0	0	0	0	0	0	0	0	0	0	0	0	0	0	0	0	0	0	
--------------------

--------------------
Best Solution Found!
--------------------
Time: 0 hour(s), 0 minute(s), 14 second(s), 583 millisecond(s)

Fitness: 195738

2	3	0	0	2	1	2	0	0	1	0	3	0	2	0	2	0	0	0	1	0	0	0	0	0	0	0	0	
1	1	0	0	2	3	1	0	0	1	1	2	0	2	0	0	0	0	0	0	0	0	0	0	0	0	0	0	
2	0	1	1	0	0	2	0	1	0	0	3	0	2	0	0	0	0	0	1	0	0	0	0	0	0	0	0	
1	1	0	1	0	1	2	0	0	1	1	0	0	0	0	0	0	0	0	2	0	0	0	0	0	0	0	0	
0	0	0	1	2	3	2	0	1	1	0	0	0	1	0	0	0	0	0	0	0	0	0	0	0	0	0	0	
2	0	1	1	2	3	0	0	1	1	1	3	0	2	0	2	0	0	0	0	0	0	0	0	0	0	3	2	
1	0	0	2	0	3	2	0	0	0	3	3	0	2	0	0	0	0	0	1	0	0	0	0	0	0	1	1	
0	3	0	1	2	3	0	0	3	0	0	3	0	2	0	1	0	0	0	1	0	0	0	0	0	0	3	2	
0	3	0	1	2	3	2	0	2	1	1	2	0	2	0	2	0	0	0	2	0	0	0	0	0	0	3	0	
1	3	1	1	0	3	1	0	1	1	3	3	0	0	0	2	0	0	0	3	0	0	0	0	0	0	0	2	
1	3	2	0	0	0	2	0	1	1	1	3	0	1	0	0	0	0	0	0	0	0	0	0	0	0	0	2	
1	3	0	1	1	1	2	0	1	1	0	3	0	0	0	0	0	0	0	1	0	0	0	0	0	0	3	2	
1	0	0	1	2	3	2	0	1	1	1	3	0	0	0	0	0	0	0	1	0	0	0	0	0	0	3	2	
0	0	0	1	0	0	0	0	1	1	1	3	0	1	0	0	0	0	0	1	0	0	0	0	0	0	1	2	
1	0	0	2	0	0	2	0	3	1	0	0	0	2	0	2	0	0	0	2	0	0	0	0	0	0	3	2	
1	3	0	1	1	0	0	0	1	1	0	0	0	0	0	0	0	0	0	1	0	0	0	0	0	0	0	2	
1	3	0	0	2	0	0	0	1	2	0	3	0	2	0	2	0	0	0	1	0	0	0	0	0	0	3	2	
0	0	0	2	0	1	2	0	1	1	1	3	0	0	0	2	0	0	0	1	0	0	0	0	0	0	3	1	
1	0	2	1	2	0	0	0	1	2	0	0	0	0	0	2	0	0	0	0	0	0	0	0	0	0	0	2	
1	0	0	1	0	0	2	0	1	1	1	0	0	2	0	1	0	0	0	0	0	0	0	0	0	0	3	0	
1	3	2	2	0	3	2	0	0	2	1	3	0	0	0	1	0	0	0	0	0	0	0	0	0	0	0	2	
0	3	0	0	0	3	2	0	0	0	0	3	0	0	0	2	0	0	0	0	0	0	0	0	0	0	1	1	
1	3	0	2	2	3	2	0	1	0	0	3	0	0	0	2	0	0	0	1	0	0	0	0	0	0	3	2	
2	0	0	0	2	0	0	0	3	1	1	3	0	0	0	2	0	0	0	1	0	0	0	0	0	0	0	0	
1	0	0	0	2	0	1	0	0	0	0	0	0	2	0	0	0	0	0	0	0	0	0	0	0	0	3	0	
0	0	0	1	2	3	1	0	0	1	0	2	0	0	0	0	0	0	0	1	0	0	0	0	0	0	0	2	
1	0	0	1	2	0	0	0	0	0	0	0	0	2	0	2	0	0	0	1	0	0	0	0	0	0	3	1	
1	3	0	1	1	3	2	0	0	2	1	3	0	2	0	2	0	0	0	0	0	0	0	0	0	0	0	2	
2	1	2	1	0	3	2	0	1	1	3	2	0	2	0	2	0	0	0	1	0	0	0	0	0	0	3	0	
1	3	2	1	0	3	2	0	0	0	0	0	0	0	0	0	0	0	0	0	0	0	0	0	0	0	0	0	
--------------------

--------------------
Best Solution Found!
--------------------
Time: 0 hour(s), 0 minute(s), 14 second(s), 589 millisecond(s)

Fitness: 195738

2	3	0	0	2	1	2	0	0	1	0	3	0	2	0	2	0	0	0	1	0	0	0	0	0	0	0	0	
1	1	0	0	2	3	1	0	0	1	1	2	0	2	0	0	0	0	0	0	0	0	0	0	0	0	0	0	
2	0	1	1	0	0	2	0	1	0	0	3	0	2	0	0	0	0	0	1	0	0	0	0	0	0	0	0	
1	1	0	1	0	1	2	0	0	1	1	0	0	0	0	0	0	0	0	2	0	0	0	0	0	0	0	0	
0	0	0	1	2	3	2	0	1	1	0	0	0	1	0	0	0	0	0	0	0	0	0	0	0	0	0	0	
2	0	1	1	2	3	0	0	1	1	1	3	0	2	0	2	0	0	0	0	0	0	0	0	0	0	3	2	
1	0	0	2	0	3	2	0	0	0	3	3	0	2	0	0	0	0	0	1	0	0	0	0	0	0	1	1	
0	3	0	1	2	3	0	0	3	0	0	3	0	2	0	1	0	0	0	1	0	0	0	0	0	0	3	2	
0	3	0	1	2	3	2	0	2	1	1	2	0	2	0	2	0	0	0	2	0	0	0	0	0	0	3	0	
1	3	1	1	0	3	1	0	1	1	3	3	0	0	0	2	0	0	0	3	0	0	0	0	0	0	0	2	
1	3	2	0	0	0	2	0	1	1	1	3	0	1	0	0	0	0	0	0	0	0	0	0	0	0	0	2	
1	3	0	1	1	1	2	0	1	1	0	3	0	0	0	0	0	0	0	1	0	0	0	0	0	0	3	2	
1	0	0	1	2	3	2	0	1	1	1	3	0	0	0	0	0	0	0	1	0	0	0	0	0	0	3	2	
0	0	0	1	0	0	0	0	1	1	1	3	0	1	0	0	0	0	0	1	0	0	0	0	0	0	1	2	
1	0	0	2	0	0	2	0	3	1	0	0	0	2	0	2	0	0	0	2	0	0	0	0	0	0	3	2	
1	3	0	1	1	0	0	0	1	1	0	0	0	0	0	0	0	0	0	1	0	0	0	0	0	0	0	2	
1	3	0	0	2	0	0	0	1	2	0	3	0	2	0	2	0	0	0	1	0	0	0	0	0	0	3	2	
0	0	0	2	0	1	2	0	1	1	1	3	0	0	0	2	0	0	0	1	0	0	0	0	0	0	3	1	
1	0	2	1	2	0	0	0	1	2	0	0	0	0	0	2	0	0	0	0	0	0	0	0	0	0	0	2	
1	0	0	1	0	0	2	0	1	1	1	0	0	2	0	1	0	0	0	0	0	0	0	0	0	0	3	0	
1	3	2	2	0	3	2	0	0	2	1	3	0	0	0	1	0	0	0	0	0	0	0	0	0	0	0	2	
0	3	0	0	0	3	2	0	0	0	0	3	0	0	0	2	0	0	0	0	0	0	0	0	0	0	1	1	
1	3	0	2	2	3	2	0	1	0	0	3	0	0	0	2	0	0	0	1	0	0	0	0	0	0	3	2	
2	0	0	0	2	0	0	0	3	1	1	3	0	0	0	2	0	0	0	1	0	0	0	0	0	0	0	0	
1	0	0	0	2	0	1	0	0	0	0	0	0	2	0	0	0	0	0	0	0	0	0	0	0	0	3	0	
0	0	0	1	2	3	1	0	0	1	0	2	0	0	0	0	0	0	0	1	0	0	0	0	0	0	0	2	
1	0	0	1	2	0	0	0	0	0	0	0	0	2	0	2	0	0	0	1	0	0	0	0	0	0	3	1	
1	3	0	1	1	3	2	0	0	2	1	3	0	2	0	2	0	0	0	0	0	0	0	0	0	0	0	2	
2	1	2	1	0	3	2	0	1	1	3	2	0	2	0	2	0	0	0	1	0	0	0	0	0	0	3	0	
1	3	2	1	0	3	2	0	0	0	0	0	0	0	0	0	0	0	0	0	0	0	0	0	0	0	0	0	
--------------------

--------------------
Best Solution Found!
--------------------
Time: 0 hour(s), 0 minute(s), 18 second(s), 279 millisecond(s)

Fitness: 190772

1	3	0	1	0	3	2	0	1	1	0	3	0	0	0	0	0	0	0	1	0	0	0	0	0	0	0	2	
2	3	0	1	0	3	2	0	2	2	3	3	0	0	0	0	0	0	0	1	0	0	0	0	0	0	3	0	
1	1	0	1	2	0	0	0	0	1	0	3	0	2	0	0	0	0	0	2	0	0	0	0	0	0	0	2	
0	0	0	0	0	3	2	0	0	2	1	2	0	2	0	2	0	0	0	1	0	0	0	0	0	0	0	2	
1	0	0	1	2	0	0	0	0	2	0	0	0	1	0	1	0	0	0	0	0	0	0	0	0	0	0	2	
1	0	2	1	0	3	2	0	0	0	1	3	0	2	0	0	0	0	0	1	0	0	0	0	0	0	0	0	
0	0	2	2	0	3	2	0	1	1	1	3	0	2	0	2	0	0	0	1	0	0	0	0	0	0	0	0	
2	3	0	1	2	3	2	0	1	1	0	0	0	0	0	0	0	0	0	1	0	0	0	0	0	0	3	0	
1	3	0	0	2	3	1	0	1	1	0	3	0	0	0	1	0	0	0	0	0	0	0	0	0	0	0	0	
1	0	0	2	0	0	2	0	1	1	1	3	0	2	0	2	0	0	0	0	0	0	0	0	0	0	0	0	
1	3	0	1	2	1	1	0	1	1	0	3	0	0	0	2	0	0	0	3	0	0	0	0	0	0	0	0	
0	3	2	2	2	0	0	0	1	1	1	2	0	0	0	2	0	0	0	0	0	0	0	0	0	0	3	2	
1	3	0	0	2	3	2	0	1	0	0	0	0	0	0	2	0	0	0	2	0	0	0	0	0	0	3	1	
1	1	0	1	2	1	2	0	1	1	0	0	0	2	0	1	0	0	0	2	0	0	0	0	0	0	3	2	
1	1	1	0	2	0	0	0	1	1	1	2	0	2	0	0	0	0	0	1	0	0	0	0	0	0	1	1	
1	3	0	1	0	0	1	0	0	1	0	3	0	2	0	2	0	0	0	1	0	0	0	0	0	0	3	2	
1	3	0	1	0	3	1	0	1	0	1	3	0	0	0	2	0	0	0	0	0	0	0	0	0	0	3	2	
1	0	0	0	0	3	2	0	0	0	0	0	0	0	0	0	0	0	0	1	0	0	0	0	0	0	1	2	
1	0	0	2	2	3	0	0	3	0	0	3	0	0	0	2	0	0	0	1	0	0	0	0	0	0	3	2	
2	0	2	0	0	3	2	0	0	1	0	0	0	2	0	0	0	0	0	1	0	0	0	0	0	0	3	2	
0	0	0	1	2	0	0	0	1	1	0	3	0	0	0	2	0	0	0	0	0	0	0	0	0	0	0	0	
1	0	0	1	2	0	2	0	3	2	1	3	0	1	0	0	0	0	0	1	0	0	0	0	0	0	0	2	
1	3	0	1	2	0	2	0	1	1	1	3	0	0	0	0	0	0	0	1	0	0	0	0	0	0	3	2	
0	0	0	1	1	3	2	0	1	1	0	0	0	2	0	2	0	0	0	0	0	0	0	0	0	0	0	0	
1	3	0	1	1	3	2	0	0	1	1	0	0	2	0	0	0	0	0	0	0	0	0	0	0	0	1	0	
2	0	2	1	0	0	0	0	0	0	1	2	0	1	0	2	0	0	0	1	0	0	0	0	0	0	3	1	
2	0	0	1	2	1	2	0	0	1	1	3	0	2	0	0	0	0	0	1	0	0	0	0	0	0	3	2	
1	0	0	2	0	0	2	0	3	0	0	0	0	2	0	0	0	0	0	0	0	0	0	0	0	0	0	0	
0	3	1	0	1	1	2	0	1	1	3	3	0	2	0	2	0	0	0	0	0	0	0	0	0	0	0	1	
0	3	1	1	0	3	0	0	0	0	3	3	0	0	0	2	0	0	0	0	0	0	0	0	0	0	3	2	
--------------------

--------------------
Best Solution Found!
--------------------
Time: 0 hour(s), 0 minute(s), 18 second(s), 294 millisecond(s)

Fitness: 190772

1	3	0	1	0	3	2	0	1	1	0	3	0	0	0	0	0	0	0	1	0	0	0	0	0	0	0	2	
2	3	0	1	0	3	2	0	2	2	3	3	0	0	0	0	0	0	0	1	0	0	0	0	0	0	3	0	
1	1	0	1	2	0	0	0	0	1	0	3	0	2	0	0	0	0	0	2	0	0	0	0	0	0	0	2	
0	0	0	0	0	3	2	0	0	2	1	2	0	2	0	2	0	0	0	1	0	0	0	0	0	0	0	2	
1	0	0	1	2	0	0	0	0	2	0	0	0	1	0	1	0	0	0	0	0	0	0	0	0	0	0	2	
1	0	2	1	0	3	2	0	0	0	1	3	0	2	0	0	0	0	0	1	0	0	0	0	0	0	0	0	
0	0	2	2	0	3	2	0	1	1	1	3	0	2	0	2	0	0	0	1	0	0	0	0	0	0	0	0	
2	3	0	1	2	3	2	0	1	1	0	0	0	0	0	0	0	0	0	1	0	0	0	0	0	0	3	0	
1	3	0	0	2	3	1	0	1	1	0	3	0	0	0	1	0	0	0	0	0	0	0	0	0	0	0	0	
1	0	0	2	0	0	2	0	1	1	1	3	0	2	0	2	0	0	0	0	0	0	0	0	0	0	0	0	
1	3	0	1	2	1	1	0	1	1	0	3	0	0	0	2	0	0	0	3	0	0	0	0	0	0	0	0	
0	3	2	2	2	0	0	0	1	1	1	2	0	0	0	2	0	0	0	0	0	0	0	0	0	0	3	2	
1	3	0	0	2	3	2	0	1	0	0	0	0	0	0	2	0	0	0	2	0	0	0	0	0	0	3	1	
1	1	0	1	2	1	2	0	1	1	0	0	0	2	0	1	0	0	0	2	0	0	0	0	0	0	3	2	
1	1	1	0	2	0	0	0	1	1	1	2	0	2	0	0	0	0	0	1	0	0	0	0	0	0	1	1	
1	3	0	1	0	0	1	0	0	1	0	3	0	2	0	2	0	0	0	1	0	0	0	0	0	0	3	2	
1	3	0	1	0	3	1	0	1	0	1	3	0	0	0	2	0	0	0	0	0	0	0	0	0	0	3	2	
1	0	0	0	0	3	2	0	0	0	0	0	0	0	0	0	0	0	0	1	0	0	0	0	0	0	1	2	
1	0	0	2	2	3	0	0	3	0	0	3	0	0	0	2	0	0	0	1	0	0	0	0	0	0	3	2	
2	0	2	0	0	3	2	0	0	1	0	0	0	2	0	0	0	0	0	1	0	0	0	0	0	0	3	2	
0	0	0	1	2	0	0	0	1	1	0	3	0	0	0	2	0	0	0	0	0	0	0	0	0	0	0	0	
1	0	0	1	2	0	2	0	3	2	1	3	0	1	0	0	0	0	0	1	0	0	0	0	0	0	0	2	
1	3	0	1	2	0	2	0	1	1	1	3	0	0	0	0	0	0	0	1	0	0	0	0	0	0	3	2	
0	0	0	1	1	3	2	0	1	1	0	0	0	2	0	2	0	0	0	0	0	0	0	0	0	0	0	0	
1	3	0	1	1	3	2	0	0	1	1	0	0	2	0	0	0	0	0	0	0	0	0	0	0	0	1	0	
2	0	2	1	0	0	0	0	0	0	1	2	0	1	0	2	0	0	0	1	0	0	0	0	0	0	3	1	
2	0	0	1	2	1	2	0	0	1	1	3	0	2	0	0	0	0	0	1	0	0	0	0	0	0	3	2	
1	0	0	2	0	0	2	0	3	0	0	0	0	2	0	0	0	0	0	0	0	0	0	0	0	0	0	0	
0	3	1	0	1	1	2	0	1	1	3	3	0	2	0	2	0	0	0	0	0	0	0	0	0	0	0	1	
0	3	1	1	0	3	0	0	0	0	3	3	0	0	0	2	0	0	0	0	0	0	0	0	0	0	3	2	
--------------------

--------------------
Best Solution Found!
--------------------
Time: 0 hour(s), 0 minute(s), 18 second(s), 308 millisecond(s)

Fitness: 190772

1	3	0	1	0	3	2	0	1	1	0	3	0	0	0	0	0	0	0	1	0	0	0	0	0	0	0	2	
2	3	0	1	0	3	2	0	2	2	3	3	0	0	0	0	0	0	0	1	0	0	0	0	0	0	3	0	
1	1	0	1	2	0	0	0	0	1	0	3	0	2	0	0	0	0	0	2	0	0	0	0	0	0	0	2	
0	0	0	0	0	3	2	0	0	2	1	2	0	2	0	2	0	0	0	1	0	0	0	0	0	0	0	2	
1	0	0	1	2	0	0	0	0	2	0	0	0	1	0	1	0	0	0	0	0	0	0	0	0	0	0	2	
1	0	2	1	0	3	2	0	0	0	1	3	0	2	0	0	0	0	0	1	0	0	0	0	0	0	0	0	
0	0	2	2	0	3	2	0	1	1	1	3	0	2	0	2	0	0	0	1	0	0	0	0	0	0	0	0	
2	3	0	1	2	3	2	0	1	1	0	0	0	0	0	0	0	0	0	1	0	0	0	0	0	0	3	0	
1	3	0	0	2	3	1	0	1	1	0	3	0	0	0	1	0	0	0	0	0	0	0	0	0	0	0	0	
1	0	0	2	0	0	2	0	1	1	1	3	0	2	0	2	0	0	0	0	0	0	0	0	0	0	0	0	
1	3	0	1	2	1	1	0	1	1	0	3	0	0	0	2	0	0	0	3	0	0	0	0	0	0	0	0	
0	3	2	2	2	0	0	0	1	1	1	2	0	0	0	2	0	0	0	0	0	0	0	0	0	0	3	2	
1	3	0	0	2	3	2	0	1	0	0	0	0	0	0	2	0	0	0	2	0	0	0	0	0	0	3	1	
1	1	0	1	2	1	2	0	1	1	0	0	0	2	0	1	0	0	0	2	0	0	0	0	0	0	3	2	
1	1	1	0	2	0	0	0	1	1	1	2	0	2	0	0	0	0	0	1	0	0	0	0	0	0	1	1	
1	3	0	1	0	0	1	0	0	1	0	3	0	2	0	2	0	0	0	1	0	0	0	0	0	0	3	2	
1	3	0	1	0	3	1	0	1	0	1	3	0	0	0	2	0	0	0	0	0	0	0	0	0	0	3	2	
1	0	0	0	0	3	2	0	0	0	0	0	0	0	0	0	0	0	0	1	0	0	0	0	0	0	1	2	
1	0	0	2	2	3	0	0	3	0	0	3	0	0	0	2	0	0	0	1	0	0	0	0	0	0	3	2	
2	0	2	0	0	3	2	0	0	1	0	0	0	2	0	0	0	0	0	1	0	0	0	0	0	0	3	2	
0	0	0	1	2	0	0	0	1	1	0	3	0	0	0	2	0	0	0	0	0	0	0	0	0	0	0	0	
1	0	0	1	2	0	2	0	3	2	1	3	0	1	0	0	0	0	0	1	0	0	0	0	0	0	0	2	
1	3	0	1	2	0	2	0	1	1	1	3	0	0	0	0	0	0	0	1	0	0	0	0	0	0	3	2	
0	0	0	1	1	3	2	0	1	1	0	0	0	2	0	2	0	0	0	0	0	0	0	0	0	0	0	0	
1	3	0	1	1	3	2	0	0	1	1	0	0	2	0	0	0	0	0	0	0	0	0	0	0	0	1	0	
2	0	2	1	0	0	0	0	0	0	1	2	0	1	0	2	0	0	0	1	0	0	0	0	0	0	3	1	
2	0	0	1	2	1	2	0	0	1	1	3	0	2	0	0	0	0	0	1	0	0	0	0	0	0	3	2	
1	0	0	2	0	0	2	0	3	0	0	0	0	2	0	0	0	0	0	0	0	0	0	0	0	0	0	0	
0	3	1	0	1	1	2	0	1	1	3	3	0	2	0	2	0	0	0	0	0	0	0	0	0	0	0	1	
0	3	1	1	0	3	0	0	0	0	3	3	0	0	0	2	0	0	0	0	0	0	0	0	0	0	3	2	
--------------------

--------------------
Best Solution Found!
--------------------
Time: 0 hour(s), 14 minute(s), 32 second(s), 951 millisecond(s)

Fitness: 190760

1	3	2	1	0	3	2	0	1	2	1	0	0	2	0	1	0	0	0	2	0	0	0	0	0	0	0	2	
2	0	0	0	0	3	2	0	3	1	1	3	0	0	0	2	0	0	0	1	0	0	0	0	0	0	0	2	
2	3	2	2	2	3	0	0	1	1	0	0	0	2	0	0	0	0	0	3	0	0	0	0	0	0	0	2	
0	0	0	2	2	1	1	0	0	2	3	3	0	0	0	0	0	0	0	1	0	0	0	0	0	0	0	0	
1	3	0	1	0	3	2	0	1	1	0	3	0	1	0	2	0	0	0	1	0	0	0	0	0	0	0	2	
0	0	1	1	0	3	2	0	1	1	0	0	0	2	0	1	0	0	0	1	0	0	0	0	0	0	3	2	
1	3	0	1	2	0	0	0	3	1	1	0	0	1	0	0	0	0	0	1	0	0	0	0	0	0	1	0	
1	0	2	1	0	3	0	0	0	1	3	3	0	2	0	0	0	0	0	1	0	0	0	0	0	0	0	0	
1	3	1	1	0	0	2	0	0	2	1	3	0	0	0	2	0	0	0	0	0	0	0	0	0	0	3	2	
1	3	1	2	0	0	2	0	1	1	0	3	0	0	0	2	0	0	0	1	0	0	0	0	0	0	3	2	
2	0	2	0	1	0	2	0	0	1	1	2	0	0	0	0	0	0	0	0	0	0	0	0	0	0	3	2	
1	3	0	1	0	0	2	0	1	1	3	3	0	0	0	1	0	0	0	0	0	0	0	0	0	0	3	2	
1	1	0	0	1	0	2	0	2	1	0	3	0	0	0	2	0	0	0	1	0	0	0	0	0	0	0	0	
0	3	0	1	2	3	2	0	1	1	1	3	0	2	0	0	0	0	0	2	0	0	0	0	0	0	1	2	
2	0	0	1	0	3	2	0	1	1	0	2	0	2	0	0	0	0	0	0	0	0	0	0	0	0	3	0	
1	3	0	0	2	3	2	0	0	0	0	0	0	0	0	2	0	0	0	1	0	0	0	0	0	0	3	1	
1	3	0	1	0	0	2	0	1	2	1	3	0	2	0	2	0	0	0	1	0	0	0	0	0	0	3	2	
1	3	0	0	2	3	1	0	0	0	1	2	0	0	0	0	0	0	0	0	0	0	0	0	0	0	0	0	
1	0	0	1	2	3	2	0	1	1	0	0	0	0	0	2	0	0	0	0	0	0	0	0	0	0	3	1	
1	0	0	1	2	3	2	0	1	1	0	0	0	2	0	2	0	0	0	1	0	0	0	0	0	0	3	2	
0	0	0	2	1	3	0	0	0	0	1	2	0	2	0	2	0	0	0	0	0	0	0	0	0	0	1	2	
1	0	0	0	0	1	2	0	1	0	1	3	0	2	0	2	0	0	0	1	0	0	0	0	0	0	3	0	
1	3	0	1	2	0	1	0	0	0	0	3	0	0	0	0	0	0	0	0	0	0	0	0	0	0	3	2	
0	0	0	2	2	1	2	0	1	1	0	3	0	1	0	0	0	0	0	1	0	0	0	0	0	0	0	1	
1	3	0	1	2	3	0	0	1	1	1	3	0	2	0	0	0	0	0	1	0	0	0	0	0	0	0	0	
1	0	0	1	2	0	0	0	1	1	1	0	0	2	0	0	0	0	0	2	0	0	0	0	0	0	0	1	
1	0	0	0	0	0	0	0	0	1	0	3	0	2	0	2	0	0	0	0	0	0	0	0	0	0	0	0	
0	0	0	1	2	3	2	0	0	0	0	3	0	0	0	2	0	0	0	0	0	0	0	0	0	0	3	2	
2	1	0	1	0	1	1	0	0	0	0	0	0	2	0	0	0	0	0	0	0	0	0	0	0	0	0	0	
0	1	2	1	2	0	0	0	3	0	0	3	0	0	0	2	0	0	0	1	0	0	0	0	0	0	0	0	
--------------------

--------------------
Best Solution Found!
--------------------
Time: 0 hour(s), 14 minute(s), 32 second(s), 963 millisecond(s)

Fitness: 190760

1	3	2	1	0	3	2	0	1	2	1	0	0	2	0	1	0	0	0	2	0	0	0	0	0	0	0	2	
2	0	0	0	0	3	2	0	3	1	1	3	0	0	0	2	0	0	0	1	0	0	0	0	0	0	0	2	
2	3	2	2	2	3	0	0	1	1	0	0	0	2	0	0	0	0	0	3	0	0	0	0	0	0	0	2	
0	0	0	2	2	1	1	0	0	2	3	3	0	0	0	0	0	0	0	1	0	0	0	0	0	0	0	0	
1	3	0	1	0	3	2	0	1	1	0	3	0	1	0	2	0	0	0	1	0	0	0	0	0	0	0	2	
0	0	1	1	0	3	2	0	1	1	0	0	0	2	0	1	0	0	0	1	0	0	0	0	0	0	3	2	
1	3	0	1	2	0	0	0	3	1	1	0	0	1	0	0	0	0	0	1	0	0	0	0	0	0	1	0	
1	0	2	1	0	3	0	0	0	1	3	3	0	2	0	0	0	0	0	1	0	0	0	0	0	0	0	0	
1	3	1	1	0	0	2	0	0	2	1	3	0	0	0	2	0	0	0	0	0	0	0	0	0	0	3	2	
1	3	1	2	0	0	2	0	1	1	0	3	0	0	0	2	0	0	0	1	0	0	0	0	0	0	3	2	
2	0	2	0	1	0	2	0	0	1	1	2	0	0	0	0	0	0	0	0	0	0	0	0	0	0	3	2	
1	3	0	1	0	0	2	0	1	1	3	3	0	0	0	1	0	0	0	0	0	0	0	0	0	0	3	2	
1	1	0	0	1	0	2	0	2	1	0	3	0	0	0	2	0	0	0	1	0	0	0	0	0	0	0	0	
0	3	0	1	2	3	2	0	1	1	1	3	0	2	0	0	0	0	0	2	0	0	0	0	0	0	1	2	
2	0	0	1	0	3	2	0	1	1	0	2	0	2	0	0	0	0	0	0	0	0	0	0	0	0	3	0	
1	3	0	0	2	3	2	0	0	0	0	0	0	0	0	2	0	0	0	1	0	0	0	0	0	0	3	1	
1	3	0	1	0	0	2	0	1	2	1	3	0	2	0	2	0	0	0	1	0	0	0	0	0	0	3	2	
1	3	0	0	2	3	1	0	0	0	1	2	0	0	0	0	0	0	0	0	0	0	0	0	0	0	0	0	
1	0	0	1	2	3	2	0	1	1	0	0	0	0	0	2	0	0	0	0	0	0	0	0	0	0	3	1	
1	0	0	1	2	3	2	0	1	1	0	0	0	2	0	2	0	0	0	1	0	0	0	0	0	0	3	2	
0	0	0	2	1	3	0	0	0	0	1	2	0	2	0	2	0	0	0	0	0	0	0	0	0	0	1	2	
1	0	0	0	0	1	2	0	1	0	1	3	0	2	0	2	0	0	0	1	0	0	0	0	0	0	3	0	
1	3	0	1	2	0	1	0	0	0	0	3	0	0	0	0	0	0	0	0	0	0	0	0	0	0	3	2	
0	0	0	2	2	1	2	0	1	1	0	3	0	1	0	0	0	0	0	1	0	0	0	0	0	0	0	1	
1	3	0	1	2	3	0	0	1	1	1	3	0	2	0	0	0	0	0	1	0	0	0	0	0	0	0	0	
1	0	0	1	2	0	0	0	1	1	1	0	0	2	0	0	0	0	0	2	0	0	0	0	0	0	0	1	
1	0	0	0	0	0	0	0	0	1	0	3	0	2	0	2	0	0	0	0	0	0	0	0	0	0	0	0	
0	0	0	1	2	3	2	0	0	0	0	3	0	0	0	2	0	0	0	0	0	0	0	0	0	0	3	2	
2	1	0	1	0	1	1	0	0	0	0	0	0	2	0	0	0	0	0	0	0	0	0	0	0	0	0	0	
0	1	2	1	2	0	0	0	3	0	0	3	0	0	0	2	0	0	0	1	0	0	0	0	0	0	0	0	
--------------------

--------------------
Best Solution Found!
--------------------
Time: 0 hour(s), 14 minute(s), 32 second(s), 969 millisecond(s)

Fitness: 190760

1	3	2	1	0	3	2	0	1	2	1	0	0	2	0	1	0	0	0	2	0	0	0	0	0	0	0	2	
2	0	0	0	0	3	2	0	3	1	1	3	0	0	0	2	0	0	0	1	0	0	0	0	0	0	0	2	
2	3	2	2	2	3	0	0	1	1	0	0	0	2	0	0	0	0	0	3	0	0	0	0	0	0	0	2	
0	0	0	2	2	1	1	0	0	2	3	3	0	0	0	0	0	0	0	1	0	0	0	0	0	0	0	0	
1	3	0	1	0	3	2	0	1	1	0	3	0	1	0	2	0	0	0	1	0	0	0	0	0	0	0	2	
0	0	1	1	0	3	2	0	1	1	0	0	0	2	0	1	0	0	0	1	0	0	0	0	0	0	3	2	
1	3	0	1	2	0	0	0	3	1	1	0	0	1	0	0	0	0	0	1	0	0	0	0	0	0	1	0	
1	0	2	1	0	3	0	0	0	1	3	3	0	2	0	0	0	0	0	1	0	0	0	0	0	0	0	0	
1	3	1	1	0	0	2	0	0	2	1	3	0	0	0	2	0	0	0	0	0	0	0	0	0	0	3	2	
1	3	1	2	0	0	2	0	1	1	0	3	0	0	0	2	0	0	0	1	0	0	0	0	0	0	3	2	
2	0	2	0	1	0	2	0	0	1	1	2	0	0	0	0	0	0	0	0	0	0	0	0	0	0	3	2	
1	3	0	1	0	0	2	0	1	1	3	3	0	0	0	1	0	0	0	0	0	0	0	0	0	0	3	2	
1	1	0	0	1	0	2	0	2	1	0	3	0	0	0	2	0	0	0	1	0	0	0	0	0	0	0	0	
0	3	0	1	2	3	2	0	1	1	1	3	0	2	0	0	0	0	0	2	0	0	0	0	0	0	1	2	
2	0	0	1	0	3	2	0	1	1	0	2	0	2	0	0	0	0	0	0	0	0	0	0	0	0	3	0	
1	3	0	0	2	3	2	0	0	0	0	0	0	0	0	2	0	0	0	1	0	0	0	0	0	0	3	1	
1	3	0	1	0	0	2	0	1	2	1	3	0	2	0	2	0	0	0	1	0	0	0	0	0	0	3	2	
1	3	0	0	2	3	1	0	0	0	1	2	0	0	0	0	0	0	0	0	0	0	0	0	0	0	0	0	
1	0	0	1	2	3	2	0	1	1	0	0	0	0	0	2	0	0	0	0	0	0	0	0	0	0	3	1	
1	0	0	1	2	3	2	0	1	1	0	0	0	2	0	2	0	0	0	1	0	0	0	0	0	0	3	2	
0	0	0	2	1	3	0	0	0	0	1	2	0	2	0	2	0	0	0	0	0	0	0	0	0	0	1	2	
1	0	0	0	0	1	2	0	1	0	1	3	0	2	0	2	0	0	0	1	0	0	0	0	0	0	3	0	
1	3	0	1	2	0	1	0	0	0	0	3	0	0	0	0	0	0	0	0	0	0	0	0	0	0	3	2	
0	0	0	2	2	1	2	0	1	1	0	3	0	1	0	0	0	0	0	1	0	0	0	0	0	0	0	1	
1	3	0	1	2	3	0	0	1	1	1	3	0	2	0	0	0	0	0	1	0	0	0	0	0	0	0	0	
1	0	0	1	2	0	0	0	1	1	1	0	0	2	0	0	0	0	0	2	0	0	0	0	0	0	0	1	
1	0	0	0	0	0	0	0	0	1	0	3	0	2	0	2	0	0	0	0	0	0	0	0	0	0	0	0	
0	0	0	1	2	3	2	0	0	0	0	3	0	0	0	2	0	0	0	0	0	0	0	0	0	0	3	2	
2	1	0	1	0	1	1	0	0	0	0	0	0	2	0	0	0	0	0	0	0	0	0	0	0	0	0	0	
0	1	2	1	2	0	0	0	3	0	0	3	0	0	0	2	0	0	0	1	0	0	0	0	0	0	0	0	
--------------------

--------------------
Best Solution Found!
--------------------
Time: 0 hour(s), 14 minute(s), 32 second(s), 972 millisecond(s)

Fitness: 190760

1	3	2	1	0	3	2	0	1	2	1	0	0	2	0	1	0	0	0	2	0	0	0	0	0	0	0	2	
2	0	0	0	0	3	2	0	3	1	1	3	0	0	0	2	0	0	0	1	0	0	0	0	0	0	0	2	
2	3	2	2	2	3	0	0	1	1	0	0	0	2	0	0	0	0	0	3	0	0	0	0	0	0	0	2	
0	0	0	2	2	1	1	0	0	2	3	3	0	0	0	0	0	0	0	1	0	0	0	0	0	0	0	0	
1	3	0	1	0	3	2	0	1	1	0	3	0	1	0	2	0	0	0	1	0	0	0	0	0	0	0	2	
0	0	1	1	0	3	2	0	1	1	0	0	0	2	0	1	0	0	0	1	0	0	0	0	0	0	3	2	
1	3	0	1	2	0	0	0	3	1	1	0	0	1	0	0	0	0	0	1	0	0	0	0	0	0	1	0	
1	0	2	1	0	3	0	0	0	1	3	3	0	2	0	0	0	0	0	1	0	0	0	0	0	0	0	0	
1	3	1	1	0	0	2	0	0	2	1	3	0	0	0	2	0	0	0	0	0	0	0	0	0	0	3	2	
1	3	1	2	0	0	2	0	1	1	0	3	0	0	0	2	0	0	0	1	0	0	0	0	0	0	3	2	
2	0	2	0	1	0	2	0	0	1	1	2	0	0	0	0	0	0	0	0	0	0	0	0	0	0	3	2	
1	3	0	1	0	0	2	0	1	1	3	3	0	0	0	1	0	0	0	0	0	0	0	0	0	0	3	2	
1	1	0	0	1	0	2	0	2	1	0	3	0	0	0	2	0	0	0	1	0	0	0	0	0	0	0	0	
0	3	0	1	2	3	2	0	1	1	1	3	0	2	0	0	0	0	0	2	0	0	0	0	0	0	1	2	
2	0	0	1	0	3	2	0	1	1	0	2	0	2	0	0	0	0	0	0	0	0	0	0	0	0	3	0	
1	3	0	0	2	3	2	0	0	0	0	0	0	0	0	2	0	0	0	1	0	0	0	0	0	0	3	1	
1	3	0	1	0	0	2	0	1	2	1	3	0	2	0	2	0	0	0	1	0	0	0	0	0	0	3	2	
1	3	0	0	2	3	1	0	0	0	1	2	0	0	0	0	0	0	0	0	0	0	0	0	0	0	0	0	
1	0	0	1	2	3	2	0	1	1	0	0	0	0	0	2	0	0	0	0	0	0	0	0	0	0	3	1	
1	0	0	1	2	3	2	0	1	1	0	0	0	2	0	2	0	0	0	1	0	0	0	0	0	0	3	2	
0	0	0	2	1	3	0	0	0	0	1	2	0	2	0	2	0	0	0	0	0	0	0	0	0	0	1	2	
1	0	0	0	0	1	2	0	1	0	1	3	0	2	0	2	0	0	0	1	0	0	0	0	0	0	3	0	
1	3	0	1	2	0	1	0	0	0	0	3	0	0	0	0	0	0	0	0	0	0	0	0	0	0	3	2	
0	0	0	2	2	1	2	0	1	1	0	3	0	1	0	0	0	0	0	1	0	0	0	0	0	0	0	1	
1	3	0	1	2	3	0	0	1	1	1	3	0	2	0	0	0	0	0	1	0	0	0	0	0	0	0	0	
1	0	0	1	2	0	0	0	1	1	1	0	0	2	0	0	0	0	0	2	0	0	0	0	0	0	0	1	
1	0	0	0	0	0	0	0	0	1	0	3	0	2	0	2	0	0	0	0	0	0	0	0	0	0	0	0	
0	0	0	1	2	3	2	0	0	0	0	3	0	0	0	2	0	0	0	0	0	0	0	0	0	0	3	2	
2	1	0	1	0	1	1	0	0	0	0	0	0	2	0	0	0	0	0	0	0	0	0	0	0	0	0	0	
0	1	2	1	2	0	0	0	3	0	0	3	0	0	0	2	0	0	0	1	0	0	0	0	0	0	0	0	
--------------------

--------------------
Best Solution Found!
--------------------
Time: 0 hour(s), 15 minute(s), 0 second(s), 255 millisecond(s)

Fitness: 190760

1	0	1	1	2	1	0	0	3	1	3	3	0	2	0	2	0	0	0	1	0	0	0	0	0	0	0	0	
2	0	2	1	0	3	1	0	0	0	0	3	0	0	0	2	0	0	0	1	0	0	0	0	0	0	3	2	
0	3	0	1	2	0	2	0	1	1	0	3	0	1	0	2	0	0	0	2	0	0	0	0	0	0	1	2	
1	3	0	1	0	3	1	0	0	1	1	0	0	2	0	2	0	0	0	1	0	0	0	0	0	0	1	2	
2	0	0	1	1	0	0	0	1	1	1	0	0	2	0	2	0	0	0	0	0	0	0	0	0	0	0	0	
0	3	0	0	2	0	1	0	1	1	0	3	0	0	0	2	0	0	0	0	0	0	0	0	0	0	3	2	
1	3	0	1	0	3	2	0	2	0	0	0	0	0	0	2	0	0	0	1	0	0	0	0	0	0	3	2	
1	0	0	1	2	3	2	0	1	1	0	0	0	2	0	0	0	0	0	2	0	0	0	0	0	0	3	0	
1	0	0	0	0	1	2	0	0	0	1	3	0	0	0	0	0	0	0	1	0	0	0	0	0	0	0	0	
1	0	0	0	2	0	0	0	1	1	0	2	0	0	0	0	0	0	0	1	0	0	0	0	0	0	0	0	
1	0	0	1	2	3	2	0	3	1	0	0	0	2	0	0	0	0	0	1	0	0	0	0	0	0	0	1	
0	3	0	2	0	0	2	0	1	2	0	3	0	0	0	2	0	0	0	1	0	0	0	0	0	0	3	1	
0	0	0	2	2	0	0	0	0	0	1	3	0	0	0	0	0	0	0	0	0	0	0	0	0	0	0	0	
1	3	0	1	1	3	2	0	0	1	1	0	0	0	0	2	0	0	0	1	0	0	0	0	0	0	0	0	
1	0	2	1	0	0	2	0	0	2	1	3	0	1	0	0	0	0	0	0	0	0	0	0	0	0	1	2	
1	3	2	1	0	3	2	0	1	1	3	3	0	1	0	2	0	0	0	1	0	0	0	0	0	0	3	0	
0	0	0	2	2	0	0	0	0	0	0	3	0	0	0	0	0	0	0	1	0	0	0	0	0	0	0	2	
1	3	0	1	2	0	2	0	3	1	0	0	0	0	0	0	0	0	0	0	0	0	0	0	0	0	3	1	
0	0	0	0	2	3	2	0	1	1	1	3	0	2	0	0	0	0	0	1	0	0	0	0	0	0	0	0	
1	1	0	1	0	0	1	0	0	1	1	3	0	0	0	1	0	0	0	1	0	0	0	0	0	0	0	2	
1	3	1	2	0	3	2	0	0	1	1	2	0	2	0	2	0	0	0	0	0	0	0	0	0	0	0	2	
2	3	0	1	2	3	2	0	0	0	0	3	0	0	0	0	0	0	0	3	0	0	0	0	0	0	0	0	
1	0	0	0	0	1	2	0	0	2	1	3	0	0	0	0	0	0	0	1	0	0	0	0	0	0	0	0	
1	3	0	1	2	1	2	0	1	0	1	3	0	2	0	2	0	0	0	2	0	0	0	0	0	0	3	2	
1	0	0	1	0	3	2	0	1	1	3	3	0	2	0	0	0	0	0	1	0	0	0	0	0	0	3	2	
0	1	2	0	1	3	2	0	1	1	0	0	0	2	0	2	0	0	0	0	0	0	0	0	0	0	0	2	
2	1	1	0	2	3	2	0	1	1	0	2	0	2	0	1	0	0	0	0	0	0	0	0	0	0	3	2	
1	3	0	2	2	3	0	0	1	1	0	3	0	2	0	0	0	0	0	0	0	0	0	0	0	0	3	2	
2	0	2	1	0	3	0	0	1	2	1	2	0	2	0	2	0	0	0	0	0	0	0	0	0	0	3	2	
1	3	0	1	0	0	0	0	1	0	0	0	0	2	0	1	0	0	0	0	0	0	0	0	0	0	3	1	
--------------------

--------------------
Best Solution Found!
--------------------
Time: 0 hour(s), 17 minute(s), 46 second(s), 456 millisecond(s)

Fitness: 188753

0	3	1	0	2	3	2	0	1	0	1	3	0	2	0	2	0	0	0	1	0	0	0	0	0	0	3	2	
2	1	0	1	2	3	2	0	1	1	0	3	0	2	0	2	0	0	0	1	0	0	0	0	0	0	0	1	
0	0	0	2	2	3	2	0	1	1	1	0	0	0	0	2	0	0	0	0	0	0	0	0	0	0	3	0	
2	3	0	1	0	3	1	0	1	1	0	3	0	2	0	0	0	0	0	1	0	0	0	0	0	0	1	2	
0	0	0	0	0	0	2	0	3	1	1	0	0	0	0	2	0	0	0	1	0	0	0	0	0	0	0	0	
1	0	2	1	2	0	1	0	1	2	0	0	0	1	0	2	0	0	0	0	0	0	0	0	0	0	3	1	
1	0	2	0	0	3	2	0	0	1	1	3	0	0	0	2	0	0	0	2	0	0	0	0	0	0	3	2	
0	0	0	1	2	0	0	0	0	2	0	0	0	0	0	0	0	0	0	1	0	0	0	0	0	0	3	2	
1	3	2	1	2	0	0	0	1	1	0	2	0	0	0	2	0	0	0	1	0	0	0	0	0	0	3	2	
0	0	1	2	0	0	0	0	1	0	0	0	0	0	0	1	0	0	0	1	0	0	0	0	0	0	0	0	
1	0	2	2	0	3	2	0	1	0	0	2	0	0	0	2	0	0	0	0	0	0	0	0	0	0	1	2	
1	0	0	0	0	1	2	0	1	1	1	0	0	0	0	0	0	0	0	0	0	0	0	0	0	0	0	0	
2	3	0	1	2	1	0	0	0	1	3	3	0	2	0	0	0	0	0	1	0	0	0	0	0	0	3	2	
1	3	1	1	0	0	0	0	1	1	0	3	0	0	0	1	0	0	0	3	0	0	0	0	0	0	0	0	
1	0	0	1	2	3	2	0	1	1	0	3	0	2	0	2	0	0	0	1	0	0	0	0	0	0	3	2	
2	1	0	1	0	0	2	0	1	1	0	3	0	2	0	0	0	0	0	1	0	0	0	0	0	0	0	2	
1	0	0	1	0	3	2	0	0	0	1	3	0	0	0	0	0	0	0	0	0	0	0	0	0	0	3	1	
1	3	0	0	0	3	2	0	3	1	1	2	0	0	0	2	0	0	0	1	0	0	0	0	0	0	3	2	
1	3	0	1	2	0	2	0	1	2	0	0	0	2	0	0	0	0	0	2	0	0	0	0	0	0	0	0	
1	3	0	0	0	0	2	0	3	1	0	3	0	2	0	1	0	0	0	0	0	0	0	0	0	0	3	0	
1	3	0	1	2	3	0	0	0	1	3	3	0	2	0	2	0	0	0	0	0	0	0	0	0	0	0	1	
1	0	0	1	2	3	2	0	1	2	1	2	0	2	0	0	0	0	0	1	0	0	0	0	0	0	0	0	
0	0	0	1	1	3	2	0	0	0	3	3	0	2	0	0	0	0	0	0	0	0	0	0	0	0	3	2	
1	1	0	1	1	0	2	0	0	0	1	3	0	2	0	2	0	0	0	2	0	0	0	0	0	0	0	0	
1	3	0	0	2	3	0	0	2	1	1	3	0	2	0	0	0	0	0	1	0	0	0	0	0	0	0	2	
2	0	0	1	1	1	0	0	0	1	0	3	0	1	0	0	0	0	0	0	0	0	0	0	0	0	0	2	
0	0	0	2	2	3	2	0	1	1	0	0	0	0	0	0	0	0	0	0	0	0	0	0	0	0	1	0	
1	3	2	2	0	3	1	0	0	0	0	3	0	2	0	2	0	0	0	0	0	0	0	0	0	0	0	0	
1	3	0	1	2	0	1	0	0	1	1	3	0	1	0	0	0	0	0	1	0	0	0	0	0	0	3	2	
1	3	0	1	0	1	2	0	0	0	1	0	0	0	0	2	0	0	0	1	0	0	0	0	0	0	0	2	
--------------------

--------------------
Best Solution Found!
--------------------
Time: 0 hour(s), 18 minute(s), 59 second(s), 167 millisecond(s)

Fitness: 187745

1	1	0	1	1	3	1	0	3	0	0	0	0	2	0	2	0	0	0	1	0	0	0	0	0	0	0	2	
1	0	2	1	0	0	0	0	3	1	1	2	0	0	0	0	0	0	0	1	0	0	0	0	0	0	3	2	
0	0	0	2	2	1	2	0	1	1	1	0	0	0	0	2	0	0	0	0	0	0	0	0	0	0	0	0	
0	0	0	2	0	0	0	0	1	1	0	2	0	0	0	0	0	0	0	1	0	0	0	0	0	0	1	2	
0	0	0	1	2	0	0	0	0	1	1	3	0	0	0	2	0	0	0	1	0	0	0	0	0	0	1	2	
1	3	1	1	0	0	2	0	1	1	0	2	0	2	0	0	0	0	0	0	0	0	0	0	0	0	0	0	
1	0	2	2	2	0	0	0	1	1	0	2	0	1	0	2	0	0	0	0	0	0	0	0	0	0	1	2	
2	0	0	1	2	0	0	0	0	0	1	3	0	2	0	0	0	0	0	0	0	0	0	0	0	0	3	1	
1	3	2	1	0	0	2	0	1	1	0	0	0	0	0	0	0	0	0	1	0	0	0	0	0	0	3	2	
2	1	1	1	2	3	2	0	1	0	0	3	0	0	0	1	0	0	0	0	0	0	0	0	0	0	0	0	
1	0	0	1	2	0	2	0	1	1	1	3	0	0	0	0	0	0	0	0	0	0	0	0	0	0	3	1	
1	0	0	0	2	3	0	0	0	0	1	3	0	0	0	2	0	0	0	0	0	0	0	0	0	0	3	1	
0	0	0	1	2	1	1	0	1	1	1	3	0	0	0	2	0	0	0	0	0	0	0	0	0	0	0	2	
1	0	0	1	2	3	1	0	1	1	0	0	0	0	0	2	0	0	0	1	0	0	0	0	0	0	0	0	
1	3	0	0	2	1	2	0	1	1	0	0	0	0	0	2	0	0	0	1	0	0	0	0	0	0	3	0	
1	3	2	1	0	3	2	0	1	1	0	0	0	2	0	2	0	0	0	1	0	0	0	0	0	0	0	0	
1	0	0	0	2	3	2	0	0	2	1	3	0	1	0	0	0	0	0	0	0	0	0	0	0	0	0	0	
1	1	0	1	0	3	2	0	1	2	0	3	0	0	0	0	0	0	0	1	0	0	0	0	0	0	0	2	
0	3	0	0	0	3	2	0	1	1	3	3	0	2	0	2	0	0	0	2	0	0	0	0	0	0	0	0	
2	3	0	1	2	3	2	0	0	0	0	3	0	2	0	0	0	0	0	0	0	0	0	0	0	0	3	2	
2	3	1	1	2	3	2	0	2	2	0	3	0	2	0	2	0	0	0	0	0	0	0	0	0	0	3	2	
1	0	0	0	2	3	2	0	0	0	0	3	0	2	0	2	0	0	0	1	0	0	0	0	0	0	3	2	
2	3	0	1	1	1	0	0	1	1	3	3	0	2	0	2	0	0	0	1	0	0	0	0	0	0	0	2	
1	0	2	2	0	3	2	0	0	0	1	3	0	2	0	1	0	0	0	2	0	0	0	0	0	0	0	2	
1	3	0	1	0	3	1	0	0	1	1	3	0	2	0	0	0	0	0	3	0	0	0	0	0	0	3	0	
0	3	0	1	0	0	2	0	0	1	1	3	0	1	0	2	0	0	0	1	0	0	0	0	0	0	3	2	
0	0	0	0	0	3	2	0	0	1	3	0	0	0	0	1	0	0	0	1	0	0	0	0	0	0	3	1	
1	3	0	2	0	0	2	0	1	2	1	0	0	2	0	0	0	0	0	1	0	0	0	0	0	0	0	0	
1	3	0	0	0	3	2	0	3	0	0	0	0	2	0	0	0	0	0	2	0	0	0	0	0	0	0	0	
1	3	0	1	1	0	0	0	0	1	0	3	0	2	0	0	0	0	0	1	0	0	0	0	0	0	3	2	
--------------------


The best solution was found at the restart: 21, population: 0
Total Time Elapsed: 0 hour(s), 35 minute(s), 3 second(s), 902 millisecond(s)

