--------------------
Best Solution Found!
--------------------
Time: 0 hour(s), 0 minute(s), 0 second(s), 9 millisecond(s)

Fitness: 175793

2	2	1	0	1	0	0	3	0	0	0	1	2	2	0	3	0	3	0	0	0	0	0	1	0	0	0	1	
0	0	1	0	1	0	0	2	0	0	0	0	0	1	0	0	3	3	0	1	1	0	0	3	0	0	0	1	
1	2	0	0	1	0	0	0	1	1	0	0	2	1	0	0	2	0	0	0	0	0	0	0	0	0	1	0	
1	0	0	0	0	0	1	3	0	0	0	1	2	0	1	0	0	3	0	0	1	0	0	0	0	0	1	1	
2	0	1	0	1	1	0	0	2	1	0	1	2	0	0	0	0	0	0	0	0	0	0	0	0	0	0	0	
0	1	1	1	0	0	2	3	1	0	0	0	1	0	0	0	0	0	0	0	1	0	0	1	0	0	1	0	
1	0	1	2	1	1	0	0	0	0	1	1	2	1	0	2	0	0	0	0	1	0	0	0	0	1	0	0	
1	2	0	1	0	0	1	0	0	1	0	0	3	0	0	0	0	0	0	0	0	0	1	0	0	0	0	0	
0	0	2	1	1	1	0	3	0	1	0	0	0	0	0	3	0	0	0	0	0	0	2	1	0	0	0	0	
0	2	0	0	0	0	0	3	0	0	1	1	0	1	2	0	0	0	0	0	0	0	0	0	0	0	1	0	
1	2	0	0	0	0	0	3	0	1	1	1	2	0	0	0	0	0	0	0	0	0	0	1	0	1	1	0	
0	0	0	1	0	0	0	0	1	0	1	0	0	0	1	0	0	0	0	0	0	0	0	0	0	1	0	0	
0	0	3	0	0	1	0	0	1	3	3	2	2	0	0	0	0	3	3	0	0	2	0	0	2	0	1	0	
1	0	1	0	0	0	0	3	0	1	1	0	0	0	2	0	0	0	0	0	0	0	0	1	1	0	0	0	
0	2	0	0	0	2	0	2	1	0	1	0	0	0	0	0	0	0	0	0	0	0	0	0	0	0	0	0	
1	3	1	1	1	1	1	2	1	0	0	0	2	1	1	0	3	0	0	0	1	0	0	0	0	0	0	0	
1	0	0	2	0	0	0	3	0	1	0	1	0	0	1	0	0	0	0	0	2	1	1	0	0	0	0	0	
1	2	1	0	0	1	0	0	0	0	0	1	0	0	0	3	3	0	0	0	1	0	0	0	0	2	1	1	
0	2	0	1	2	0	1	3	2	0	1	1	2	0	0	0	0	0	3	0	0	0	0	0	0	0	1	3	
1	2	0	1	1	1	0	0	0	0	3	0	0	0	0	0	0	0	0	0	1	0	0	0	0	2	1	0	
1	0	1	1	0	0	0	0	0	0	1	1	2	2	1	0	3	0	0	0	0	0	0	0	0	0	2	0	
1	0	0	1	1	0	2	3	0	0	0	0	0	0	0	0	3	0	1	0	1	0	0	0	0	1	2	0	
0	0	1	2	0	0	0	0	1	0	0	1	1	3	0	0	3	0	0	0	2	0	2	0	0	0	2	0	
2	0	1	0	2	1	1	0	0	1	1	2	0	0	0	0	0	0	0	0	2	0	2	0	0	2	1	0	
0	0	1	0	1	1	1	3	0	1	0	0	0	1	0	3	3	3	1	0	0	0	0	0	0	0	0	0	
0	0	3	0	0	0	0	3	0	3	0	0	2	1	0	0	0	2	0	0	1	0	0	0	0	0	1	1	
1	0	0	0	2	1	1	0	1	0	0	0	0	1	0	0	0	0	0	0	0	0	0	0	0	0	1	0	
2	2	0	1	0	0	1	0	0	0	0	1	2	1	0	0	0	0	0	0	1	1	1	0	2	0	0	0	
0	0	1	1	1	2	1	0	1	1	1	1	0	0	2	3	2	0	0	0	0	0	2	0	0	1	1	1	
1	0	0	0	0	0	0	0	1	0	0	2	0	1	0	0	0	0	0	0	1	1	2	1	0	0	0	0	
--------------------

--------------------
Best Solution Found!
--------------------
Time: 0 hour(s), 0 minute(s), 0 second(s), 18 millisecond(s)

Fitness: 175793

2	2	1	0	1	0	0	3	0	0	0	1	2	2	0	3	0	3	0	0	0	0	0	1	0	0	0	1	
0	0	1	0	1	0	0	2	0	0	0	0	0	1	0	0	3	3	0	1	1	0	0	3	0	0	0	1	
1	2	0	0	1	0	0	0	1	1	0	0	2	1	0	0	2	0	0	0	0	0	0	0	0	0	1	0	
1	0	0	0	0	0	1	3	0	0	0	1	2	0	1	0	0	3	0	0	1	0	0	0	0	0	1	1	
2	0	1	0	1	1	0	0	2	1	0	1	2	0	0	0	0	0	0	0	0	0	0	0	0	0	0	0	
0	1	1	1	0	0	2	3	1	0	0	0	1	0	0	0	0	0	0	0	1	0	0	1	0	0	1	0	
1	0	1	2	1	1	0	0	0	0	1	1	2	1	0	2	0	0	0	0	1	0	0	0	0	1	0	0	
1	2	0	1	0	0	1	0	0	1	0	0	3	0	0	0	0	0	0	0	0	0	1	0	0	0	0	0	
0	0	2	1	1	1	0	3	0	1	0	0	0	0	0	3	0	0	0	0	0	0	2	1	0	0	0	0	
0	2	0	0	0	0	0	3	0	0	1	1	0	1	2	0	0	0	0	0	0	0	0	0	0	0	1	0	
1	2	0	0	0	0	0	3	0	1	1	1	2	0	0	0	0	0	0	0	0	0	0	1	0	1	1	0	
0	0	0	1	0	0	0	0	1	0	1	0	0	0	1	0	0	0	0	0	0	0	0	0	0	1	0	0	
0	0	3	0	0	1	0	0	1	3	3	2	2	0	0	0	0	3	3	0	0	2	0	0	2	0	1	0	
1	0	1	0	0	0	0	3	0	1	1	0	0	0	2	0	0	0	0	0	0	0	0	1	1	0	0	0	
0	2	0	0	0	2	0	2	1	0	1	0	0	0	0	0	0	0	0	0	0	0	0	0	0	0	0	0	
1	3	1	1	1	1	1	2	1	0	0	0	2	1	1	0	3	0	0	0	1	0	0	0	0	0	0	0	
1	0	0	2	0	0	0	3	0	1	0	1	0	0	1	0	0	0	0	0	2	1	1	0	0	0	0	0	
1	2	1	0	0	1	0	0	0	0	0	1	0	0	0	3	3	0	0	0	1	0	0	0	0	2	1	1	
0	2	0	1	2	0	1	3	2	0	1	1	2	0	0	0	0	0	3	0	0	0	0	0	0	0	1	3	
1	2	0	1	1	1	0	0	0	0	3	0	0	0	0	0	0	0	0	0	1	0	0	0	0	2	1	0	
1	0	1	1	0	0	0	0	0	0	1	1	2	2	1	0	3	0	0	0	0	0	0	0	0	0	2	0	
1	0	0	1	1	0	2	3	0	0	0	0	0	0	0	0	3	0	1	0	1	0	0	0	0	1	2	0	
0	0	1	2	0	0	0	0	1	0	0	1	1	3	0	0	3	0	0	0	2	0	2	0	0	0	2	0	
2	0	1	0	2	1	1	0	0	1	1	2	0	0	0	0	0	0	0	0	2	0	2	0	0	2	1	0	
0	0	1	0	1	1	1	3	0	1	0	0	0	1	0	3	3	3	1	0	0	0	0	0	0	0	0	0	
0	0	3	0	0	0	0	3	0	3	0	0	2	1	0	0	0	2	0	0	1	0	0	0	0	0	1	1	
1	0	0	0	2	1	1	0	1	0	0	0	0	1	0	0	0	0	0	0	0	0	0	0	0	0	1	0	
2	2	0	1	0	0	1	0	0	0	0	1	2	1	0	0	0	0	0	0	1	1	1	0	2	0	0	0	
0	0	1	1	1	2	1	0	1	1	1	1	0	0	2	3	2	0	0	0	0	0	2	0	0	1	1	1	
1	0	0	0	0	0	0	0	1	0	0	2	0	1	0	0	0	0	0	0	1	1	2	1	0	0	0	0	
--------------------

--------------------
Best Solution Found!
--------------------
Time: 0 hour(s), 0 minute(s), 0 second(s), 27 millisecond(s)

Fitness: 175793

2	2	1	0	1	0	0	3	0	0	0	1	2	2	0	3	0	3	0	0	0	0	0	1	0	0	0	1	
0	0	1	0	1	0	0	2	0	0	0	0	0	1	0	0	3	3	0	1	1	0	0	3	0	0	0	1	
1	2	0	0	1	0	0	0	1	1	0	0	2	1	0	0	2	0	0	0	0	0	0	0	0	0	1	0	
1	0	0	0	0	0	1	3	0	0	0	1	2	0	1	0	0	3	0	0	1	0	0	0	0	0	1	1	
2	0	1	0	1	1	0	0	2	1	0	1	2	0	0	0	0	0	0	0	0	0	0	0	0	0	0	0	
0	1	1	1	0	0	2	3	1	0	0	0	1	0	0	0	0	0	0	0	1	0	0	1	0	0	1	0	
1	0	1	2	1	1	0	0	0	0	1	1	2	1	0	2	0	0	0	0	1	0	0	0	0	1	0	0	
1	2	0	1	0	0	1	0	0	1	0	0	3	0	0	0	0	0	0	0	0	0	1	0	0	0	0	0	
0	0	2	1	1	1	0	3	0	1	0	0	0	0	0	3	0	0	0	0	0	0	2	1	0	0	0	0	
0	2	0	0	0	0	0	3	0	0	1	1	0	1	2	0	0	0	0	0	0	0	0	0	0	0	1	0	
1	2	0	0	0	0	0	3	0	1	1	1	2	0	0	0	0	0	0	0	0	0	0	1	0	1	1	0	
0	0	0	1	0	0	0	0	1	0	1	0	0	0	1	0	0	0	0	0	0	0	0	0	0	1	0	0	
0	0	3	0	0	1	0	0	1	3	3	2	2	0	0	0	0	3	3	0	0	2	0	0	2	0	1	0	
1	0	1	0	0	0	0	3	0	1	1	0	0	0	2	0	0	0	0	0	0	0	0	1	1	0	0	0	
0	2	0	0	0	2	0	2	1	0	1	0	0	0	0	0	0	0	0	0	0	0	0	0	0	0	0	0	
1	3	1	1	1	1	1	2	1	0	0	0	2	1	1	0	3	0	0	0	1	0	0	0	0	0	0	0	
1	0	0	2	0	0	0	3	0	1	0	1	0	0	1	0	0	0	0	0	2	1	1	0	0	0	0	0	
1	2	1	0	0	1	0	0	0	0	0	1	0	0	0	3	3	0	0	0	1	0	0	0	0	2	1	1	
0	2	0	1	2	0	1	3	2	0	1	1	2	0	0	0	0	0	3	0	0	0	0	0	0	0	1	3	
1	2	0	1	1	1	0	0	0	0	3	0	0	0	0	0	0	0	0	0	1	0	0	0	0	2	1	0	
1	0	1	1	0	0	0	0	0	0	1	1	2	2	1	0	3	0	0	0	0	0	0	0	0	0	2	0	
1	0	0	1	1	0	2	3	0	0	0	0	0	0	0	0	3	0	1	0	1	0	0	0	0	1	2	0	
0	0	1	2	0	0	0	0	1	0	0	1	1	3	0	0	3	0	0	0	2	0	2	0	0	0	2	0	
2	0	1	0	2	1	1	0	0	1	1	2	0	0	0	0	0	0	0	0	2	0	2	0	0	2	1	0	
0	0	1	0	1	1	1	3	0	1	0	0	0	1	0	3	3	3	1	0	0	0	0	0	0	0	0	0	
0	0	3	0	0	0	0	3	0	3	0	0	2	1	0	0	0	2	0	0	1	0	0	0	0	0	1	1	
1	0	0	0	2	1	1	0	1	0	0	0	0	1	0	0	0	0	0	0	0	0	0	0	0	0	1	0	
2	2	0	1	0	0	1	0	0	0	0	1	2	1	0	0	0	0	0	0	1	1	1	0	2	0	0	0	
0	0	1	1	1	2	1	0	1	1	1	1	0	0	2	3	2	0	0	0	0	0	2	0	0	1	1	1	
1	0	0	0	0	0	0	0	1	0	0	2	0	1	0	0	0	0	0	0	1	1	2	1	0	0	0	0	
--------------------

--------------------
Best Solution Found!
--------------------
Time: 0 hour(s), 0 minute(s), 0 second(s), 41 millisecond(s)

Fitness: 175793

2	2	1	0	1	0	0	3	0	0	0	1	2	2	0	3	0	3	0	0	0	0	0	1	0	0	0	1	
0	0	1	0	1	0	0	2	0	0	0	0	0	1	0	0	3	3	0	1	1	0	0	3	0	0	0	1	
1	2	0	0	1	0	0	0	1	1	0	0	2	1	0	0	2	0	0	0	0	0	0	0	0	0	1	0	
1	0	0	0	0	0	1	3	0	0	0	1	2	0	1	0	0	3	0	0	1	0	0	0	0	0	1	1	
2	0	1	0	1	1	0	0	2	1	0	1	2	0	0	0	0	0	0	0	0	0	0	0	0	0	0	0	
0	1	1	1	0	0	2	3	1	0	0	0	1	0	0	0	0	0	0	0	1	0	0	1	0	0	1	0	
1	0	1	2	1	1	0	0	0	0	1	1	2	1	0	2	0	0	0	0	1	0	0	0	0	1	0	0	
1	2	0	1	0	0	1	0	0	1	0	0	3	0	0	0	0	0	0	0	0	0	1	0	0	0	0	0	
0	0	2	1	1	1	0	3	0	1	0	0	0	0	0	3	0	0	0	0	0	0	2	1	0	0	0	0	
0	2	0	0	0	0	0	3	0	0	1	1	0	1	2	0	0	0	0	0	0	0	0	0	0	0	1	0	
1	2	0	0	0	0	0	3	0	1	1	1	2	0	0	0	0	0	0	0	0	0	0	1	0	1	1	0	
0	0	0	1	0	0	0	0	1	0	1	0	0	0	1	0	0	0	0	0	0	0	0	0	0	1	0	0	
0	0	3	0	0	1	0	0	1	3	3	2	2	0	0	0	0	3	3	0	0	2	0	0	2	0	1	0	
1	0	1	0	0	0	0	3	0	1	1	0	0	0	2	0	0	0	0	0	0	0	0	1	1	0	0	0	
0	2	0	0	0	2	0	2	1	0	1	0	0	0	0	0	0	0	0	0	0	0	0	0	0	0	0	0	
1	3	1	1	1	1	1	2	1	0	0	0	2	1	1	0	3	0	0	0	1	0	0	0	0	0	0	0	
1	0	0	2	0	0	0	3	0	1	0	1	0	0	1	0	0	0	0	0	2	1	1	0	0	0	0	0	
1	2	1	0	0	1	0	0	0	0	0	1	0	0	0	3	3	0	0	0	1	0	0	0	0	2	1	1	
0	2	0	1	2	0	1	3	2	0	1	1	2	0	0	0	0	0	3	0	0	0	0	0	0	0	1	3	
1	2	0	1	1	1	0	0	0	0	3	0	0	0	0	0	0	0	0	0	1	0	0	0	0	2	1	0	
1	0	1	1	0	0	0	0	0	0	1	1	2	2	1	0	3	0	0	0	0	0	0	0	0	0	2	0	
1	0	0	1	1	0	2	3	0	0	0	0	0	0	0	0	3	0	1	0	1	0	0	0	0	1	2	0	
0	0	1	2	0	0	0	0	1	0	0	1	1	3	0	0	3	0	0	0	2	0	2	0	0	0	2	0	
2	0	1	0	2	1	1	0	0	1	1	2	0	0	0	0	0	0	0	0	2	0	2	0	0	2	1	0	
0	0	1	0	1	1	1	3	0	1	0	0	0	1	0	3	3	3	1	0	0	0	0	0	0	0	0	0	
0	0	3	0	0	0	0	3	0	3	0	0	2	1	0	0	0	2	0	0	1	0	0	0	0	0	1	1	
1	0	0	0	2	1	1	0	1	0	0	0	0	1	0	0	0	0	0	0	0	0	0	0	0	0	1	0	
2	2	0	1	0	0	1	0	0	0	0	1	2	1	0	0	0	0	0	0	1	1	1	0	2	0	0	0	
0	0	1	1	1	2	1	0	1	1	1	1	0	0	2	3	2	0	0	0	0	0	2	0	0	1	1	1	
1	0	0	0	0	0	0	0	1	0	0	2	0	1	0	0	0	0	0	0	1	1	2	1	0	0	0	0	
--------------------

--------------------
Best Solution Found!
--------------------
Time: 0 hour(s), 0 minute(s), 0 second(s), 50 millisecond(s)

Fitness: 175793

2	2	1	0	1	0	0	3	0	0	0	1	2	2	0	3	0	3	0	0	0	0	0	1	0	0	0	1	
0	0	1	0	1	0	0	2	0	0	0	0	0	1	0	0	3	3	0	1	1	0	0	3	0	0	0	1	
1	2	0	0	1	0	0	0	1	1	0	0	2	1	0	0	2	0	0	0	0	0	0	0	0	0	1	0	
1	0	0	0	0	0	1	3	0	0	0	1	2	0	1	0	0	3	0	0	1	0	0	0	0	0	1	1	
2	0	1	0	1	1	0	0	2	1	0	1	2	0	0	0	0	0	0	0	0	0	0	0	0	0	0	0	
0	1	1	1	0	0	2	3	1	0	0	0	1	0	0	0	0	0	0	0	1	0	0	1	0	0	1	0	
1	0	1	2	1	1	0	0	0	0	1	1	2	1	0	2	0	0	0	0	1	0	0	0	0	1	0	0	
1	2	0	1	0	0	1	0	0	1	0	0	3	0	0	0	0	0	0	0	0	0	1	0	0	0	0	0	
0	0	2	1	1	1	0	3	0	1	0	0	0	0	0	3	0	0	0	0	0	0	2	1	0	0	0	0	
0	2	0	0	0	0	0	3	0	0	1	1	0	1	2	0	0	0	0	0	0	0	0	0	0	0	1	0	
1	2	0	0	0	0	0	3	0	1	1	1	2	0	0	0	0	0	0	0	0	0	0	1	0	1	1	0	
0	0	0	1	0	0	0	0	1	0	1	0	0	0	1	0	0	0	0	0	0	0	0	0	0	1	0	0	
0	0	3	0	0	1	0	0	1	3	3	2	2	0	0	0	0	3	3	0	0	2	0	0	2	0	1	0	
1	0	1	0	0	0	0	3	0	1	1	0	0	0	2	0	0	0	0	0	0	0	0	1	1	0	0	0	
0	2	0	0	0	2	0	2	1	0	1	0	0	0	0	0	0	0	0	0	0	0	0	0	0	0	0	0	
1	3	1	1	1	1	1	2	1	0	0	0	2	1	1	0	3	0	0	0	1	0	0	0	0	0	0	0	
1	0	0	2	0	0	0	3	0	1	0	1	0	0	1	0	0	0	0	0	2	1	1	0	0	0	0	0	
1	2	1	0	0	1	0	0	0	0	0	1	0	0	0	3	3	0	0	0	1	0	0	0	0	2	1	1	
0	2	0	1	2	0	1	3	2	0	1	1	2	0	0	0	0	0	3	0	0	0	0	0	0	0	1	3	
1	2	0	1	1	1	0	0	0	0	3	0	0	0	0	0	0	0	0	0	1	0	0	0	0	2	1	0	
1	0	1	1	0	0	0	0	0	0	1	1	2	2	1	0	3	0	0	0	0	0	0	0	0	0	2	0	
1	0	0	1	1	0	2	3	0	0	0	0	0	0	0	0	3	0	1	0	1	0	0	0	0	1	2	0	
0	0	1	2	0	0	0	0	1	0	0	1	1	3	0	0	3	0	0	0	2	0	2	0	0	0	2	0	
2	0	1	0	2	1	1	0	0	1	1	2	0	0	0	0	0	0	0	0	2	0	2	0	0	2	1	0	
0	0	1	0	1	1	1	3	0	1	0	0	0	1	0	3	3	3	1	0	0	0	0	0	0	0	0	0	
0	0	3	0	0	0	0	3	0	3	0	0	2	1	0	0	0	2	0	0	1	0	0	0	0	0	1	1	
1	0	0	0	2	1	1	0	1	0	0	0	0	1	0	0	0	0	0	0	0	0	0	0	0	0	1	0	
2	2	0	1	0	0	1	0	0	0	0	1	2	1	0	0	0	0	0	0	1	1	1	0	2	0	0	0	
0	0	1	1	1	2	1	0	1	1	1	1	0	0	2	3	2	0	0	0	0	0	2	0	0	1	1	1	
1	0	0	0	0	0	0	0	1	0	0	2	0	1	0	0	0	0	0	0	1	1	2	1	0	0	0	0	
--------------------

--------------------
Best Solution Found!
--------------------
Time: 0 hour(s), 0 minute(s), 0 second(s), 213 millisecond(s)

Fitness: 170796

1	3	1	1	0	1	0	0	1	1	0	1	2	0	0	0	0	0	0	0	1	0	0	0	0	1	1	0	
0	2	1	0	0	0	0	3	1	0	0	0	2	0	0	0	0	0	0	0	1	0	0	1	0	0	2	0	
2	0	0	0	0	0	0	0	1	0	0	2	0	0	2	0	3	3	0	0	0	0	2	1	2	0	1	0	
1	0	3	0	1	0	2	2	0	1	0	0	0	1	0	0	0	0	0	0	1	0	1	1	0	0	2	0	
2	2	0	1	2	1	0	0	0	1	0	0	0	0	0	0	0	0	0	0	1	0	0	0	0	0	0	0	
0	2	0	1	0	1	0	3	2	0	1	1	2	1	1	0	0	0	0	0	1	0	0	0	0	1	0	0	
2	2	0	1	0	1	1	0	0	0	1	1	2	1	0	0	0	0	0	0	1	0	0	0	0	0	1	1	
1	0	1	1	0	0	0	0	1	0	0	2	2	2	1	0	0	0	1	0	0	1	0	0	0	0	0	1	
1	2	3	0	1	1	0	3	1	1	1	0	0	0	0	0	0	0	0	0	0	0	0	0	0	0	1	0	
0	0	0	0	2	2	1	3	1	0	0	1	0	0	0	0	3	0	0	0	1	0	2	0	0	2	0	0	
1	2	0	1	0	0	1	3	1	0	0	0	0	2	0	0	0	3	0	0	2	0	0	0	0	0	0	0	
1	2	1	0	0	0	1	0	0	0	0	0	0	1	1	0	0	0	1	0	0	0	2	0	0	0	0	0	
2	1	0	1	0	1	0	3	0	0	1	1	0	3	0	0	3	3	0	1	1	0	0	1	0	1	1	0	
1	0	0	2	0	0	1	3	2	1	0	1	0	0	0	0	0	0	0	0	0	0	0	1	0	1	1	0	
0	0	0	0	0	1	0	0	0	0	1	0	2	0	0	0	3	3	0	0	2	0	0	0	0	2	0	0	
1	0	1	0	2	0	2	3	1	0	0	0	1	1	0	3	3	0	3	0	1	1	0	0	0	0	1	0	
1	2	1	0	1	0	0	3	0	3	3	1	2	0	0	0	2	0	0	0	0	0	2	3	0	1	0	0	
0	2	1	1	0	0	0	2	0	1	1	0	0	1	0	0	0	0	0	0	0	0	0	0	0	0	0	0	
1	0	1	0	1	1	0	0	0	1	1	1	2	1	1	0	0	0	0	0	0	0	0	0	0	0	0	0	
0	0	1	0	1	1	1	0	0	1	1	1	2	0	0	0	0	0	0	0	2	1	0	0	0	0	1	1	
0	0	0	2	1	0	0	0	0	0	0	1	1	0	0	0	0	0	0	0	0	0	0	0	0	0	1	0	
0	0	2	0	1	0	0	3	1	0	1	2	2	0	2	2	0	0	0	0	0	2	1	0	0	0	1	0	
0	0	0	0	1	0	1	0	0	0	3	0	0	1	0	0	2	0	0	0	1	0	0	0	0	0	0	0	
1	0	0	2	0	0	0	2	0	1	0	0	0	0	0	0	0	0	0	0	0	0	2	0	0	0	2	1	
0	0	0	0	1	0	0	0	0	3	0	0	2	1	1	3	0	2	0	0	0	0	0	0	0	0	0	0	
0	0	1	1	1	1	0	0	0	0	0	1	3	1	0	3	3	3	3	0	1	0	0	0	0	0	1	0	
0	0	1	1	0	2	1	3	0	0	1	0	0	0	2	0	3	0	0	0	0	0	0	0	0	0	1	0	
1	0	1	0	0	0	1	0	1	1	0	1	0	0	0	3	0	0	0	0	0	0	1	1	2	2	0	3	
1	2	1	1	1	0	0	0	0	0	0	0	0	0	0	3	0	0	0	0	0	0	0	0	0	0	1	1	
1	0	0	0	0	0	0	3	0	0	0	1	2	0	0	0	0	0	0	0	0	0	0	0	1	0	0	1	
--------------------

--------------------
Best Solution Found!
--------------------
Time: 0 hour(s), 0 minute(s), 0 second(s), 216 millisecond(s)

Fitness: 170796

1	3	1	1	0	1	0	0	1	1	0	1	2	0	0	0	0	0	0	0	1	0	0	0	0	1	1	0	
0	2	1	0	0	0	0	3	1	0	0	0	2	0	0	0	0	0	0	0	1	0	0	1	0	0	2	0	
2	0	0	0	0	0	0	0	1	0	0	2	0	0	2	0	3	3	0	0	0	0	2	1	2	0	1	0	
1	0	3	0	1	0	2	2	0	1	0	0	0	1	0	0	0	0	0	0	1	0	1	1	0	0	2	0	
2	2	0	1	2	1	0	0	0	1	0	0	0	0	0	0	0	0	0	0	1	0	0	0	0	0	0	0	
0	2	0	1	0	1	0	3	2	0	1	1	2	1	1	0	0	0	0	0	1	0	0	0	0	1	0	0	
2	2	0	1	0	1	1	0	0	0	1	1	2	1	0	0	0	0	0	0	1	0	0	0	0	0	1	1	
1	0	1	1	0	0	0	0	1	0	0	2	2	2	1	0	0	0	1	0	0	1	0	0	0	0	0	1	
1	2	3	0	1	1	0	3	1	1	1	0	0	0	0	0	0	0	0	0	0	0	0	0	0	0	1	0	
0	0	0	0	2	2	1	3	1	0	0	1	0	0	0	0	3	0	0	0	1	0	2	0	0	2	0	0	
1	2	0	1	0	0	1	3	1	0	0	0	0	2	0	0	0	3	0	0	2	0	0	0	0	0	0	0	
1	2	1	0	0	0	1	0	0	0	0	0	0	1	1	0	0	0	1	0	0	0	2	0	0	0	0	0	
2	1	0	1	0	1	0	3	0	0	1	1	0	3	0	0	3	3	0	1	1	0	0	1	0	1	1	0	
1	0	0	2	0	0	1	3	2	1	0	1	0	0	0	0	0	0	0	0	0	0	0	1	0	1	1	0	
0	0	0	0	0	1	0	0	0	0	1	0	2	0	0	0	3	3	0	0	2	0	0	0	0	2	0	0	
1	0	1	0	2	0	2	3	1	0	0	0	1	1	0	3	3	0	3	0	1	1	0	0	0	0	1	0	
1	2	1	0	1	0	0	3	0	3	3	1	2	0	0	0	2	0	0	0	0	0	2	3	0	1	0	0	
0	2	1	1	0	0	0	2	0	1	1	0	0	1	0	0	0	0	0	0	0	0	0	0	0	0	0	0	
1	0	1	0	1	1	0	0	0	1	1	1	2	1	1	0	0	0	0	0	0	0	0	0	0	0	0	0	
0	0	1	0	1	1	1	0	0	1	1	1	2	0	0	0	0	0	0	0	2	1	0	0	0	0	1	1	
0	0	0	2	1	0	0	0	0	0	0	1	1	0	0	0	0	0	0	0	0	0	0	0	0	0	1	0	
0	0	2	0	1	0	0	3	1	0	1	2	2	0	2	2	0	0	0	0	0	2	1	0	0	0	1	0	
0	0	0	0	1	0	1	0	0	0	3	0	0	1	0	0	2	0	0	0	1	0	0	0	0	0	0	0	
1	0	0	2	0	0	0	2	0	1	0	0	0	0	0	0	0	0	0	0	0	0	2	0	0	0	2	1	
0	0	0	0	1	0	0	0	0	3	0	0	2	1	1	3	0	2	0	0	0	0	0	0	0	0	0	0	
0	0	1	1	1	1	0	0	0	0	0	1	3	1	0	3	3	3	3	0	1	0	0	0	0	0	1	0	
0	0	1	1	0	2	1	3	0	0	1	0	0	0	2	0	3	0	0	0	0	0	0	0	0	0	1	0	
1	0	1	0	0	0	1	0	1	1	0	1	0	0	0	3	0	0	0	0	0	0	1	1	2	2	0	3	
1	2	1	1	1	0	0	0	0	0	0	0	0	0	0	3	0	0	0	0	0	0	0	0	0	0	1	1	
1	0	0	0	0	0	0	3	0	0	0	1	2	0	0	0	0	0	0	0	0	0	0	0	1	0	0	1	
--------------------

--------------------
Best Solution Found!
--------------------
Time: 0 hour(s), 0 minute(s), 0 second(s), 735 millisecond(s)

Fitness: 164790

1	0	0	0	2	1	0	0	0	0	0	0	0	1	0	0	0	3	3	0	1	1	1	0	0	2	1	0	
1	0	0	0	1	1	1	0	1	1	0	0	1	1	0	0	0	0	0	0	0	2	1	0	0	0	0	0	
1	0	0	0	0	0	0	3	2	0	0	0	0	0	0	0	3	0	0	0	0	0	0	0	0	0	0	0	
1	0	1	0	0	1	0	3	1	0	0	1	3	0	1	0	0	3	0	0	1	0	0	1	2	0	1	0	
0	0	1	2	1	1	2	0	1	0	0	0	2	0	0	0	3	0	0	0	1	0	0	0	0	0	1	1	
1	2	2	1	1	0	0	0	1	1	1	1	2	2	0	3	0	0	0	0	0	0	0	0	0	0	0	0	
0	0	3	1	1	1	2	0	0	1	0	2	2	1	0	0	0	0	0	0	0	0	0	0	0	0	1	0	
2	2	0	2	1	0	0	3	0	0	1	1	0	0	0	0	0	0	0	0	1	0	0	0	0	0	0	0	
2	2	3	0	0	0	0	0	0	0	1	1	2	1	1	0	3	2	0	0	1	1	0	0	0	1	1	0	
1	2	1	1	1	0	1	3	0	1	1	2	0	1	1	0	0	3	0	0	1	1	0	0	0	1	1	0	
0	2	0	2	0	0	0	2	0	3	0	0	2	2	0	0	3	0	0	0	2	0	1	0	0	1	1	0	
0	0	0	1	0	0	1	3	0	0	0	1	2	0	0	0	0	0	1	0	0	0	0	0	0	2	2	0	
2	2	0	1	0	1	0	0	0	1	1	1	2	0	0	0	0	0	0	0	1	0	0	3	0	0	0	1	
1	0	1	0	2	0	0	0	1	0	1	1	0	0	2	2	0	0	0	0	2	0	0	0	1	0	0	0	
1	0	0	1	0	0	1	3	0	1	0	0	1	0	0	0	0	0	0	1	1	0	0	0	0	0	0	0	
1	0	0	0	0	0	0	2	1	1	0	0	0	0	0	3	0	0	0	0	1	0	0	0	0	0	0	1	
0	0	1	1	1	0	0	2	1	0	0	1	0	0	0	0	0	0	0	0	1	0	2	0	0	0	1	0	
0	2	1	0	0	1	1	3	0	1	0	0	0	1	0	0	0	3	0	0	1	0	0	1	0	0	1	1	
1	2	1	0	1	0	0	0	0	3	0	1	2	0	0	0	3	0	0	0	0	0	2	0	0	0	0	0	
0	0	0	0	0	0	1	3	1	0	1	1	2	0	0	0	0	0	0	0	0	0	0	0	2	2	1	0	
1	2	1	1	0	0	0	3	2	0	0	0	0	0	0	3	3	0	0	0	0	0	2	0	0	0	1	1	
0	0	0	0	2	1	0	0	0	0	0	1	0	1	0	0	0	0	0	0	0	0	0	0	0	0	0	0	
1	2	1	1	0	1	1	0	0	1	1	2	0	1	1	0	0	0	0	0	0	0	0	1	0	0	2	0	
1	0	1	1	0	0	1	0	1	0	3	1	0	3	0	0	0	0	0	0	0	0	0	0	0	0	0	0	
0	0	1	1	1	1	0	3	0	0	1	0	0	0	0	0	2	0	1	0	2	0	0	1	0	1	0	0	
0	1	0	0	1	2	0	0	0	0	0	0	0	1	1	0	2	0	0	0	0	0	0	0	0	0	0	3	
2	3	1	0	0	0	0	0	0	0	0	0	0	0	0	0	0	0	0	0	0	0	2	1	0	0	0	0	
0	0	0	0	0	0	0	3	0	0	3	1	2	1	0	3	0	0	3	0	0	0	0	0	0	0	2	0	
0	0	0	0	0	0	0	3	0	1	1	0	2	0	2	3	3	3	0	0	0	0	0	0	0	1	1	1	
1	0	1	0	1	2	1	0	1	0	0	0	2	0	2	0	0	0	0	0	0	0	2	1	0	0	1	0	
--------------------

--------------------
Best Solution Found!
--------------------
Time: 0 hour(s), 0 minute(s), 1 second(s), 68 millisecond(s)

Fitness: 164783

0	2	0	1	1	0	0	3	1	3	1	0	0	1	0	0	0	0	3	0	0	1	0	0	0	2	1	0	
0	2	1	0	1	0	0	2	1	0	0	1	0	2	2	0	3	0	0	0	0	0	2	0	0	1	0	0	
2	1	0	0	1	0	0	3	0	0	0	1	0	1	1	0	3	3	0	0	1	2	0	0	0	2	1	0	
0	0	0	2	0	1	0	3	1	0	0	0	2	0	0	0	0	0	0	0	1	0	0	0	2	0	1	3	
2	0	1	1	0	1	1	3	0	1	1	2	3	0	0	2	0	0	0	0	0	0	0	0	0	0	0	0	
0	2	0	0	1	1	0	3	0	0	1	2	0	1	0	3	2	0	0	0	0	0	0	0	0	0	0	0	
2	2	0	1	0	0	0	2	0	0	0	0	1	0	0	0	0	0	0	0	2	0	0	0	0	0	0	0	
1	2	1	0	0	0	0	0	0	0	1	1	2	0	0	0	0	0	0	0	1	0	0	0	0	0	0	0	
1	0	0	0	0	1	1	2	0	1	0	1	0	0	0	0	0	0	0	0	0	0	1	0	0	0	2	0	
2	0	0	1	0	0	0	0	0	1	1	0	0	0	0	3	3	0	0	0	0	0	0	0	0	1	0	0	
0	0	1	0	0	0	0	0	1	3	0	0	0	0	0	0	0	0	0	0	1	0	0	1	0	1	1	0	
1	0	0	0	1	2	1	0	1	0	0	1	2	1	1	0	0	3	1	0	1	0	2	0	0	0	0	1	
0	0	1	0	0	1	1	3	0	0	0	0	2	2	0	0	0	0	0	0	0	0	0	0	0	0	1	0	
0	0	1	2	0	1	0	3	2	1	1	1	0	0	0	0	0	0	0	0	1	0	0	0	0	0	1	0	
1	0	1	1	1	0	0	0	0	0	0	1	2	1	2	0	0	0	0	0	0	0	0	1	0	0	1	1	
0	0	0	1	0	0	0	3	0	1	3	1	0	0	2	0	0	0	0	0	2	1	0	0	1	0	1	0	
1	3	1	1	1	0	0	3	1	1	1	0	0	0	0	0	2	0	0	0	1	0	0	0	0	0	0	0	
1	2	0	0	2	1	0	0	2	1	1	0	2	0	0	0	0	0	0	0	1	0	2	0	0	1	1	0	
0	0	0	1	1	1	2	0	0	0	0	0	0	1	1	3	0	0	0	0	0	0	2	0	0	0	1	0	
0	0	0	0	2	0	2	3	0	0	0	0	2	1	0	3	3	3	0	1	0	0	0	0	0	0	0	0	
1	0	2	1	1	0	0	0	1	1	0	0	2	1	0	0	3	3	0	0	0	0	0	0	0	0	0	0	
1	0	1	0	1	1	1	3	1	0	3	0	2	0	0	0	3	2	0	0	1	0	1	1	2	2	1	1	
0	0	1	0	0	0	1	3	0	0	1	0	0	3	0	0	0	0	0	0	1	0	1	0	0	0	0	0	
1	2	1	2	0	0	0	0	0	0	0	1	0	0	1	0	3	0	0	0	0	0	0	1	0	1	0	0	
0	0	1	0	2	0	0	0	0	0	0	1	1	0	0	0	0	3	1	0	0	0	0	0	0	0	0	1	
1	2	0	1	1	0	0	0	0	1	1	1	2	0	1	3	0	0	0	0	0	0	0	0	0	0	1	1	
1	2	3	0	0	2	1	0	1	1	0	2	2	0	0	0	0	0	0	0	2	0	0	3	0	0	2	1	
1	0	1	1	0	1	1	0	1	0	0	1	2	1	0	0	0	0	3	0	0	1	0	0	0	0	0	0	
1	0	3	0	0	0	1	0	0	0	0	0	0	0	0	0	0	0	0	0	0	0	2	1	0	0	1	0	
1	2	0	0	0	0	0	0	0	0	0	1	0	1	0	0	0	0	0	0	1	0	0	1	0	0	2	0	
--------------------

--------------------
Best Solution Found!
--------------------
Time: 0 hour(s), 0 minute(s), 1 second(s), 83 millisecond(s)

Fitness: 164783

0	2	0	1	1	0	0	3	1	3	1	0	0	1	0	0	0	0	3	0	0	1	0	0	0	2	1	0	
0	2	1	0	1	0	0	2	1	0	0	1	0	2	2	0	3	0	0	0	0	0	2	0	0	1	0	0	
2	1	0	0	1	0	0	3	0	0	0	1	0	1	1	0	3	3	0	0	1	2	0	0	0	2	1	0	
0	0	0	2	0	1	0	3	1	0	0	0	2	0	0	0	0	0	0	0	1	0	0	0	2	0	1	3	
2	0	1	1	0	1	1	3	0	1	1	2	3	0	0	2	0	0	0	0	0	0	0	0	0	0	0	0	
0	2	0	0	1	1	0	3	0	0	1	2	0	1	0	3	2	0	0	0	0	0	0	0	0	0	0	0	
2	2	0	1	0	0	0	2	0	0	0	0	1	0	0	0	0	0	0	0	2	0	0	0	0	0	0	0	
1	2	1	0	0	0	0	0	0	0	1	1	2	0	0	0	0	0	0	0	1	0	0	0	0	0	0	0	
1	0	0	0	0	1	1	2	0	1	0	1	0	0	0	0	0	0	0	0	0	0	1	0	0	0	2	0	
2	0	0	1	0	0	0	0	0	1	1	0	0	0	0	3	3	0	0	0	0	0	0	0	0	1	0	0	
0	0	1	0	0	0	0	0	1	3	0	0	0	0	0	0	0	0	0	0	1	0	0	1	0	1	1	0	
1	0	0	0	1	2	1	0	1	0	0	1	2	1	1	0	0	3	1	0	1	0	2	0	0	0	0	1	
0	0	1	0	0	1	1	3	0	0	0	0	2	2	0	0	0	0	0	0	0	0	0	0	0	0	1	0	
0	0	1	2	0	1	0	3	2	1	1	1	0	0	0	0	0	0	0	0	1	0	0	0	0	0	1	0	
1	0	1	1	1	0	0	0	0	0	0	1	2	1	2	0	0	0	0	0	0	0	0	1	0	0	1	1	
0	0	0	1	0	0	0	3	0	1	3	1	0	0	2	0	0	0	0	0	2	1	0	0	1	0	1	0	
1	3	1	1	1	0	0	3	1	1	1	0	0	0	0	0	2	0	0	0	1	0	0	0	0	0	0	0	
1	2	0	0	2	1	0	0	2	1	1	0	2	0	0	0	0	0	0	0	1	0	2	0	0	1	1	0	
0	0	0	1	1	1	2	0	0	0	0	0	0	1	1	3	0	0	0	0	0	0	2	0	0	0	1	0	
0	0	0	0	2	0	2	3	0	0	0	0	2	1	0	3	3	3	0	1	0	0	0	0	0	0	0	0	
1	0	2	1	1	0	0	0	1	1	0	0	2	1	0	0	3	3	0	0	0	0	0	0	0	0	0	0	
1	0	1	0	1	1	1	3	1	0	3	0	2	0	0	0	3	2	0	0	1	0	1	1	2	2	1	1	
0	0	1	0	0	0	1	3	0	0	1	0	0	3	0	0	0	0	0	0	1	0	1	0	0	0	0	0	
1	2	1	2	0	0	0	0	0	0	0	1	0	0	1	0	3	0	0	0	0	0	0	1	0	1	0	0	
0	0	1	0	2	0	0	0	0	0	0	1	1	0	0	0	0	3	1	0	0	0	0	0	0	0	0	1	
1	2	0	1	1	0	0	0	0	1	1	1	2	0	1	3	0	0	0	0	0	0	0	0	0	0	1	1	
1	2	3	0	0	2	1	0	1	1	0	2	2	0	0	0	0	0	0	0	2	0	0	3	0	0	2	1	
1	0	1	1	0	1	1	0	1	0	0	1	2	1	0	0	0	0	3	0	0	1	0	0	0	0	0	0	
1	0	3	0	0	0	1	0	0	0	0	0	0	0	0	0	0	0	0	0	0	0	2	1	0	0	1	0	
1	2	0	0	0	0	0	0	0	0	0	1	0	1	0	0	0	0	0	0	1	0	0	1	0	0	2	0	
--------------------

--------------------
Best Solution Found!
--------------------
Time: 0 hour(s), 0 minute(s), 1 second(s), 86 millisecond(s)

Fitness: 164783

0	2	0	1	1	0	0	3	1	3	1	0	0	1	0	0	0	0	3	0	0	1	0	0	0	2	1	0	
0	2	1	0	1	0	0	2	1	0	0	1	0	2	2	0	3	0	0	0	0	0	2	0	0	1	0	0	
2	1	0	0	1	0	0	3	0	0	0	1	0	1	1	0	3	3	0	0	1	2	0	0	0	2	1	0	
0	0	0	2	0	1	0	3	1	0	0	0	2	0	0	0	0	0	0	0	1	0	0	0	2	0	1	3	
2	0	1	1	0	1	1	3	0	1	1	2	3	0	0	2	0	0	0	0	0	0	0	0	0	0	0	0	
0	2	0	0	1	1	0	3	0	0	1	2	0	1	0	3	2	0	0	0	0	0	0	0	0	0	0	0	
2	2	0	1	0	0	0	2	0	0	0	0	1	0	0	0	0	0	0	0	2	0	0	0	0	0	0	0	
1	2	1	0	0	0	0	0	0	0	1	1	2	0	0	0	0	0	0	0	1	0	0	0	0	0	0	0	
1	0	0	0	0	1	1	2	0	1	0	1	0	0	0	0	0	0	0	0	0	0	1	0	0	0	2	0	
2	0	0	1	0	0	0	0	0	1	1	0	0	0	0	3	3	0	0	0	0	0	0	0	0	1	0	0	
0	0	1	0	0	0	0	0	1	3	0	0	0	0	0	0	0	0	0	0	1	0	0	1	0	1	1	0	
1	0	0	0	1	2	1	0	1	0	0	1	2	1	1	0	0	3	1	0	1	0	2	0	0	0	0	1	
0	0	1	0	0	1	1	3	0	0	0	0	2	2	0	0	0	0	0	0	0	0	0	0	0	0	1	0	
0	0	1	2	0	1	0	3	2	1	1	1	0	0	0	0	0	0	0	0	1	0	0	0	0	0	1	0	
1	0	1	1	1	0	0	0	0	0	0	1	2	1	2	0	0	0	0	0	0	0	0	1	0	0	1	1	
0	0	0	1	0	0	0	3	0	1	3	1	0	0	2	0	0	0	0	0	2	1	0	0	1	0	1	0	
1	3	1	1	1	0	0	3	1	1	1	0	0	0	0	0	2	0	0	0	1	0	0	0	0	0	0	0	
1	2	0	0	2	1	0	0	2	1	1	0	2	0	0	0	0	0	0	0	1	0	2	0	0	1	1	0	
0	0	0	1	1	1	2	0	0	0	0	0	0	1	1	3	0	0	0	0	0	0	2	0	0	0	1	0	
0	0	0	0	2	0	2	3	0	0	0	0	2	1	0	3	3	3	0	1	0	0	0	0	0	0	0	0	
1	0	2	1	1	0	0	0	1	1	0	0	2	1	0	0	3	3	0	0	0	0	0	0	0	0	0	0	
1	0	1	0	1	1	1	3	1	0	3	0	2	0	0	0	3	2	0	0	1	0	1	1	2	2	1	1	
0	0	1	0	0	0	1	3	0	0	1	0	0	3	0	0	0	0	0	0	1	0	1	0	0	0	0	0	
1	2	1	2	0	0	0	0	0	0	0	1	0	0	1	0	3	0	0	0	0	0	0	1	0	1	0	0	
0	0	1	0	2	0	0	0	0	0	0	1	1	0	0	0	0	3	1	0	0	0	0	0	0	0	0	1	
1	2	0	1	1	0	0	0	0	1	1	1	2	0	1	3	0	0	0	0	0	0	0	0	0	0	1	1	
1	2	3	0	0	2	1	0	1	1	0	2	2	0	0	0	0	0	0	0	2	0	0	3	0	0	2	1	
1	0	1	1	0	1	1	0	1	0	0	1	2	1	0	0	0	0	3	0	0	1	0	0	0	0	0	0	
1	0	3	0	0	0	1	0	0	0	0	0	0	0	0	0	0	0	0	0	0	0	2	1	0	0	1	0	
1	2	0	0	0	0	0	0	0	0	0	1	0	1	0	0	0	0	0	0	1	0	0	1	0	0	2	0	
--------------------

--------------------
Best Solution Found!
--------------------
Time: 0 hour(s), 0 minute(s), 1 second(s), 108 millisecond(s)

Fitness: 164762

0	0	1	1	1	0	0	3	0	0	1	0	3	1	0	0	3	0	0	0	1	0	0	0	0	2	0	0	
2	0	1	1	1	1	0	3	1	0	1	0	2	0	0	0	2	3	0	0	1	0	0	0	0	1	1	1	
1	0	0	0	0	0	2	3	0	0	1	0	0	0	0	3	0	0	0	0	0	1	2	0	0	2	0	0	
2	0	2	0	0	0	1	0	0	0	0	1	2	1	0	3	3	0	0	0	1	0	1	1	2	0	0	0	
0	0	1	0	1	1	1	0	0	0	0	0	1	1	1	0	0	3	0	0	1	0	0	0	0	0	1	0	
1	2	1	0	0	0	0	3	0	0	0	2	2	2	0	0	0	0	0	0	1	0	2	0	0	0	1	0	
0	2	1	0	1	0	0	0	1	0	3	1	0	3	1	3	2	0	0	0	1	0	0	0	0	0	2	0	
1	2	0	0	1	0	0	0	1	1	0	0	0	0	2	3	3	2	0	0	0	0	0	1	0	0	0	0	
1	0	1	0	0	0	1	2	0	1	1	1	2	0	1	0	3	0	0	0	0	0	0	1	0	0	2	1	
0	1	1	1	0	0	0	3	0	0	0	1	2	0	2	0	0	0	0	0	1	0	2	0	0	1	2	0	
1	2	0	1	0	1	1	3	0	3	0	2	2	1	0	0	0	3	1	1	2	2	0	0	0	1	1	0	
1	0	0	1	1	1	0	0	1	3	0	0	2	2	0	0	0	0	1	0	0	0	0	0	0	0	1	1	
2	0	0	1	1	1	0	2	0	0	0	1	1	0	0	0	0	3	0	0	1	0	0	1	0	0	1	1	
0	3	3	0	2	0	0	0	1	1	1	0	0	1	0	0	0	0	0	0	0	0	0	0	0	0	0	0	
0	0	1	2	0	0	1	3	0	1	0	0	0	0	0	0	0	0	0	0	2	0	0	0	0	0	0	0	
1	0	0	2	1	0	1	3	0	0	3	0	0	0	1	0	3	0	0	0	1	1	1	0	1	0	0	1	
1	2	0	0	0	0	0	0	2	1	0	1	2	1	0	0	0	0	0	0	0	1	0	0	0	0	0	0	
0	2	0	0	1	0	0	0	1	1	0	0	0	0	0	0	0	0	3	0	0	0	0	1	0	1	0	0	
1	0	1	1	0	1	0	0	1	0	0	1	2	1	1	3	0	0	0	0	0	0	2	1	0	0	0	0	
0	0	1	2	0	0	0	0	0	0	0	0	0	0	0	0	0	3	0	0	2	0	0	0	0	0	0	0	
0	0	0	0	1	2	1	3	0	0	0	1	0	0	0	0	0	0	0	0	0	0	2	0	0	0	1	1	
0	2	1	1	0	0	1	0	1	1	1	1	0	0	2	0	0	0	0	0	0	0	0	0	2	2	1	0	
1	2	0	0	0	0	2	2	0	0	1	1	0	0	0	0	0	0	0	0	1	0	1	3	0	0	0	0	
1	0	0	0	0	1	1	3	1	0	1	2	2	0	0	0	3	0	0	0	0	0	0	0	0	1	0	0	
0	2	0	0	2	2	0	0	0	1	0	0	0	0	0	0	0	0	0	0	0	0	0	0	0	0	1	0	
1	0	0	1	1	0	0	0	0	0	0	1	0	1	0	0	0	0	3	0	1	0	0	0	0	0	1	0	
1	2	1	1	0	1	0	0	0	1	0	1	2	1	0	2	3	0	0	0	0	0	0	0	0	0	0	0	
2	0	3	0	0	1	0	0	1	0	0	0	2	1	0	0	0	0	0	0	0	0	0	0	0	0	1	0	
0	0	1	1	2	1	0	3	2	0	1	1	0	0	0	0	0	0	0	0	0	0	0	0	0	0	1	0	
1	0	0	0	0	0	0	3	0	1	1	0	0	0	0	0	0	0	0	0	0	0	0	0	0	0	1	3	
--------------------

--------------------
Best Solution Found!
--------------------
Time: 0 hour(s), 0 minute(s), 1 second(s), 114 millisecond(s)

Fitness: 164762

0	0	1	1	1	0	0	3	0	0	1	0	3	1	0	0	3	0	0	0	1	0	0	0	0	2	0	0	
2	0	1	1	1	1	0	3	1	0	1	0	2	0	0	0	2	3	0	0	1	0	0	0	0	1	1	1	
1	0	0	0	0	0	2	3	0	0	1	0	0	0	0	3	0	0	0	0	0	1	2	0	0	2	0	0	
2	0	2	0	0	0	1	0	0	0	0	1	2	1	0	3	3	0	0	0	1	0	1	1	2	0	0	0	
0	0	1	0	1	1	1	0	0	0	0	0	1	1	1	0	0	3	0	0	1	0	0	0	0	0	1	0	
1	2	1	0	0	0	0	3	0	0	0	2	2	2	0	0	0	0	0	0	1	0	2	0	0	0	1	0	
0	2	1	0	1	0	0	0	1	0	3	1	0	3	1	3	2	0	0	0	1	0	0	0	0	0	2	0	
1	2	0	0	1	0	0	0	1	1	0	0	0	0	2	3	3	2	0	0	0	0	0	1	0	0	0	0	
1	0	1	0	0	0	1	2	0	1	1	1	2	0	1	0	3	0	0	0	0	0	0	1	0	0	2	1	
0	1	1	1	0	0	0	3	0	0	0	1	2	0	2	0	0	0	0	0	1	0	2	0	0	1	2	0	
1	2	0	1	0	1	1	3	0	3	0	2	2	1	0	0	0	3	1	1	2	2	0	0	0	1	1	0	
1	0	0	1	1	1	0	0	1	3	0	0	2	2	0	0	0	0	1	0	0	0	0	0	0	0	1	1	
2	0	0	1	1	1	0	2	0	0	0	1	1	0	0	0	0	3	0	0	1	0	0	1	0	0	1	1	
0	3	3	0	2	0	0	0	1	1	1	0	0	1	0	0	0	0	0	0	0	0	0	0	0	0	0	0	
0	0	1	2	0	0	1	3	0	1	0	0	0	0	0	0	0	0	0	0	2	0	0	0	0	0	0	0	
1	0	0	2	1	0	1	3	0	0	3	0	0	0	1	0	3	0	0	0	1	1	1	0	1	0	0	1	
1	2	0	0	0	0	0	0	2	1	0	1	2	1	0	0	0	0	0	0	0	1	0	0	0	0	0	0	
0	2	0	0	1	0	0	0	1	1	0	0	0	0	0	0	0	0	3	0	0	0	0	1	0	1	0	0	
1	0	1	1	0	1	0	0	1	0	0	1	2	1	1	3	0	0	0	0	0	0	2	1	0	0	0	0	
0	0	1	2	0	0	0	0	0	0	0	0	0	0	0	0	0	3	0	0	2	0	0	0	0	0	0	0	
0	0	0	0	1	2	1	3	0	0	0	1	0	0	0	0	0	0	0	0	0	0	2	0	0	0	1	1	
0	2	1	1	0	0	1	0	1	1	1	1	0	0	2	0	0	0	0	0	0	0	0	0	2	2	1	0	
1	2	0	0	0	0	2	2	0	0	1	1	0	0	0	0	0	0	0	0	1	0	1	3	0	0	0	0	
1	0	0	0	0	1	1	3	1	0	1	2	2	0	0	0	3	0	0	0	0	0	0	0	0	1	0	0	
0	2	0	0	2	2	0	0	0	1	0	0	0	0	0	0	0	0	0	0	0	0	0	0	0	0	1	0	
1	0	0	1	1	0	0	0	0	0	0	1	0	1	0	0	0	0	3	0	1	0	0	0	0	0	1	0	
1	2	1	1	0	1	0	0	0	1	0	1	2	1	0	2	3	0	0	0	0	0	0	0	0	0	0	0	
2	0	3	0	0	1	0	0	1	0	0	0	2	1	0	0	0	0	0	0	0	0	0	0	0	0	1	0	
0	0	1	1	2	1	0	3	2	0	1	1	0	0	0	0	0	0	0	0	0	0	0	0	0	0	1	0	
1	0	0	0	0	0	0	3	0	1	1	0	0	0	0	0	0	0	0	0	0	0	0	0	0	0	1	3	
--------------------

--------------------
Best Solution Found!
--------------------
Time: 0 hour(s), 0 minute(s), 1 second(s), 117 millisecond(s)

Fitness: 164762

0	0	1	1	1	0	0	3	0	0	1	0	3	1	0	0	3	0	0	0	1	0	0	0	0	2	0	0	
2	0	1	1	1	1	0	3	1	0	1	0	2	0	0	0	2	3	0	0	1	0	0	0	0	1	1	1	
1	0	0	0	0	0	2	3	0	0	1	0	0	0	0	3	0	0	0	0	0	1	2	0	0	2	0	0	
2	0	2	0	0	0	1	0	0	0	0	1	2	1	0	3	3	0	0	0	1	0	1	1	2	0	0	0	
0	0	1	0	1	1	1	0	0	0	0	0	1	1	1	0	0	3	0	0	1	0	0	0	0	0	1	0	
1	2	1	0	0	0	0	3	0	0	0	2	2	2	0	0	0	0	0	0	1	0	2	0	0	0	1	0	
0	2	1	0	1	0	0	0	1	0	3	1	0	3	1	3	2	0	0	0	1	0	0	0	0	0	2	0	
1	2	0	0	1	0	0	0	1	1	0	0	0	0	2	3	3	2	0	0	0	0	0	1	0	0	0	0	
1	0	1	0	0	0	1	2	0	1	1	1	2	0	1	0	3	0	0	0	0	0	0	1	0	0	2	1	
0	1	1	1	0	0	0	3	0	0	0	1	2	0	2	0	0	0	0	0	1	0	2	0	0	1	2	0	
1	2	0	1	0	1	1	3	0	3	0	2	2	1	0	0	0	3	1	1	2	2	0	0	0	1	1	0	
1	0	0	1	1	1	0	0	1	3	0	0	2	2	0	0	0	0	1	0	0	0	0	0	0	0	1	1	
2	0	0	1	1	1	0	2	0	0	0	1	1	0	0	0	0	3	0	0	1	0	0	1	0	0	1	1	
0	3	3	0	2	0	0	0	1	1	1	0	0	1	0	0	0	0	0	0	0	0	0	0	0	0	0	0	
0	0	1	2	0	0	1	3	0	1	0	0	0	0	0	0	0	0	0	0	2	0	0	0	0	0	0	0	
1	0	0	2	1	0	1	3	0	0	3	0	0	0	1	0	3	0	0	0	1	1	1	0	1	0	0	1	
1	2	0	0	0	0	0	0	2	1	0	1	2	1	0	0	0	0	0	0	0	1	0	0	0	0	0	0	
0	2	0	0	1	0	0	0	1	1	0	0	0	0	0	0	0	0	3	0	0	0	0	1	0	1	0	0	
1	0	1	1	0	1	0	0	1	0	0	1	2	1	1	3	0	0	0	0	0	0	2	1	0	0	0	0	
0	0	1	2	0	0	0	0	0	0	0	0	0	0	0	0	0	3	0	0	2	0	0	0	0	0	0	0	
0	0	0	0	1	2	1	3	0	0	0	1	0	0	0	0	0	0	0	0	0	0	2	0	0	0	1	1	
0	2	1	1	0	0	1	0	1	1	1	1	0	0	2	0	0	0	0	0	0	0	0	0	2	2	1	0	
1	2	0	0	0	0	2	2	0	0	1	1	0	0	0	0	0	0	0	0	1	0	1	3	0	0	0	0	
1	0	0	0	0	1	1	3	1	0	1	2	2	0	0	0	3	0	0	0	0	0	0	0	0	1	0	0	
0	2	0	0	2	2	0	0	0	1	0	0	0	0	0	0	0	0	0	0	0	0	0	0	0	0	1	0	
1	0	0	1	1	0	0	0	0	0	0	1	0	1	0	0	0	0	3	0	1	0	0	0	0	0	1	0	
1	2	1	1	0	1	0	0	0	1	0	1	2	1	0	2	3	0	0	0	0	0	0	0	0	0	0	0	
2	0	3	0	0	1	0	0	1	0	0	0	2	1	0	0	0	0	0	0	0	0	0	0	0	0	1	0	
0	0	1	1	2	1	0	3	2	0	1	1	0	0	0	0	0	0	0	0	0	0	0	0	0	0	1	0	
1	0	0	0	0	0	0	3	0	1	1	0	0	0	0	0	0	0	0	0	0	0	0	0	0	0	1	3	
--------------------

--------------------
Best Solution Found!
--------------------
Time: 0 hour(s), 0 minute(s), 8 second(s), 639 millisecond(s)

Fitness: 162777

1	0	0	0	1	0	0	3	1	0	0	0	2	1	1	0	3	3	0	0	1	0	0	1	2	2	1	0	
0	0	1	1	1	1	0	2	0	1	1	0	2	1	1	3	3	0	0	0	0	0	0	0	0	0	1	0	
2	2	1	2	0	0	1	3	0	0	0	1	1	0	0	0	0	0	0	0	2	0	0	0	0	0	1	1	
0	0	1	0	2	1	0	3	1	1	1	0	0	0	0	0	3	0	0	0	1	0	0	0	0	0	0	0	
2	0	0	1	1	2	0	0	0	0	1	1	0	2	0	0	0	0	0	0	0	0	0	0	0	0	0	0	
1	2	1	0	0	0	0	0	0	0	3	1	0	0	0	0	0	0	0	0	1	0	2	0	0	0	1	3	
1	0	1	0	0	1	0	0	0	1	0	1	2	1	0	0	0	0	0	0	0	0	0	0	0	0	1	0	
1	2	1	1	0	1	1	0	1	1	0	1	2	0	0	3	0	0	3	0	0	0	0	0	0	0	2	1	
1	0	1	2	2	0	0	3	1	1	1	1	2	0	0	0	0	0	0	0	1	0	2	0	2	0	1	1	
2	0	1	1	1	0	0	0	0	0	1	2	0	0	0	0	2	0	0	0	2	0	0	0	0	0	0	0	
0	0	1	0	0	0	1	3	0	1	1	0	0	0	0	3	3	0	0	0	0	1	0	1	0	0	0	0	
0	0	0	1	1	0	0	0	0	0	0	0	2	1	0	2	0	0	0	0	1	0	0	0	0	1	0	1	
0	2	0	0	0	1	1	0	1	1	0	1	2	0	0	0	0	3	0	0	1	1	2	1	0	0	0	0	
0	0	0	0	0	0	0	3	1	1	0	0	3	0	0	0	0	0	0	0	0	0	2	0	1	0	0	0	
1	0	0	1	0	0	0	3	0	0	0	0	0	0	0	0	3	0	0	0	1	1	1	1	0	1	0	0	
1	0	3	0	0	0	0	3	1	1	0	1	0	0	1	0	2	2	3	0	0	0	0	1	0	0	1	0	
1	2	0	0	1	1	2	0	1	0	1	1	2	0	0	3	0	0	0	0	0	0	0	0	0	1	2	0	
1	0	1	2	1	1	0	0	0	0	0	0	0	1	0	3	3	0	0	0	1	0	0	1	0	0	0	0	
0	0	3	1	1	0	0	0	1	0	1	2	2	0	0	0	0	0	0	0	1	0	0	0	0	0	0	0	
0	0	0	1	0	0	0	0	0	3	0	0	1	3	1	0	0	0	0	0	0	0	0	0	0	1	0	0	
0	2	1	1	0	0	0	0	1	0	1	1	0	1	2	0	0	0	0	0	1	0	1	0	0	0	2	0	
1	0	0	0	1	1	0	3	2	0	1	0	0	1	0	0	0	3	0	0	0	0	0	0	0	0	0	0	
0	2	2	0	0	1	1	3	0	0	0	1	0	0	1	0	0	0	0	1	0	0	0	0	0	0	1	1	
0	0	0	1	0	0	1	2	0	0	0	0	0	0	0	0	0	3	0	0	2	2	0	0	0	0	1	0	
1	2	0	0	1	0	1	3	0	0	0	1	2	2	0	0	0	0	1	0	1	0	0	0	0	1	1	0	
1	0	0	1	0	1	0	0	0	0	0	0	0	1	0	0	0	0	0	0	0	0	0	3	0	2	0	0	
0	3	1	0	0	0	1	0	0	1	0	0	2	1	0	0	0	0	0	0	0	0	0	0	0	0	0	0	
1	1	0	0	0	0	1	0	0	0	0	0	0	0	2	0	0	0	0	0	0	0	1	0	0	0	1	0	
1	2	1	0	2	2	2	2	2	3	0	1	2	0	2	0	3	3	0	0	0	0	2	0	0	0	1	0	
2	2	0	0	1	0	0	3	0	0	3	2	0	1	0	0	0	0	1	0	0	0	0	0	0	2	1	1	
--------------------

--------------------
Best Solution Found!
--------------------
Time: 0 hour(s), 0 minute(s), 8 second(s), 645 millisecond(s)

Fitness: 162777

1	0	0	0	1	0	0	3	1	0	0	0	2	1	1	0	3	3	0	0	1	0	0	1	2	2	1	0	
0	0	1	1	1	1	0	2	0	1	1	0	2	1	1	3	3	0	0	0	0	0	0	0	0	0	1	0	
2	2	1	2	0	0	1	3	0	0	0	1	1	0	0	0	0	0	0	0	2	0	0	0	0	0	1	1	
0	0	1	0	2	1	0	3	1	1	1	0	0	0	0	0	3	0	0	0	1	0	0	0	0	0	0	0	
2	0	0	1	1	2	0	0	0	0	1	1	0	2	0	0	0	0	0	0	0	0	0	0	0	0	0	0	
1	2	1	0	0	0	0	0	0	0	3	1	0	0	0	0	0	0	0	0	1	0	2	0	0	0	1	3	
1	0	1	0	0	1	0	0	0	1	0	1	2	1	0	0	0	0	0	0	0	0	0	0	0	0	1	0	
1	2	1	1	0	1	1	0	1	1	0	1	2	0	0	3	0	0	3	0	0	0	0	0	0	0	2	1	
1	0	1	2	2	0	0	3	1	1	1	1	2	0	0	0	0	0	0	0	1	0	2	0	2	0	1	1	
2	0	1	1	1	0	0	0	0	0	1	2	0	0	0	0	2	0	0	0	2	0	0	0	0	0	0	0	
0	0	1	0	0	0	1	3	0	1	1	0	0	0	0	3	3	0	0	0	0	1	0	1	0	0	0	0	
0	0	0	1	1	0	0	0	0	0	0	0	2	1	0	2	0	0	0	0	1	0	0	0	0	1	0	1	
0	2	0	0	0	1	1	0	1	1	0	1	2	0	0	0	0	3	0	0	1	1	2	1	0	0	0	0	
0	0	0	0	0	0	0	3	1	1	0	0	3	0	0	0	0	0	0	0	0	0	2	0	1	0	0	0	
1	0	0	1	0	0	0	3	0	0	0	0	0	0	0	0	3	0	0	0	1	1	1	1	0	1	0	0	
1	0	3	0	0	0	0	3	1	1	0	1	0	0	1	0	2	2	3	0	0	0	0	1	0	0	1	0	
1	2	0	0	1	1	2	0	1	0	1	1	2	0	0	3	0	0	0	0	0	0	0	0	0	1	2	0	
1	0	1	2	1	1	0	0	0	0	0	0	0	1	0	3	3	0	0	0	1	0	0	1	0	0	0	0	
0	0	3	1	1	0	0	0	1	0	1	2	2	0	0	0	0	0	0	0	1	0	0	0	0	0	0	0	
0	0	0	1	0	0	0	0	0	3	0	0	1	3	1	0	0	0	0	0	0	0	0	0	0	1	0	0	
0	2	1	1	0	0	0	0	1	0	1	1	0	1	2	0	0	0	0	0	1	0	1	0	0	0	2	0	
1	0	0	0	1	1	0	3	2	0	1	0	0	1	0	0	0	3	0	0	0	0	0	0	0	0	0	0	
0	2	2	0	0	1	1	3	0	0	0	1	0	0	1	0	0	0	0	1	0	0	0	0	0	0	1	1	
0	0	0	1	0	0	1	2	0	0	0	0	0	0	0	0	0	3	0	0	2	2	0	0	0	0	1	0	
1	2	0	0	1	0	1	3	0	0	0	1	2	2	0	0	0	0	1	0	1	0	0	0	0	1	1	0	
1	0	0	1	0	1	0	0	0	0	0	0	0	1	0	0	0	0	0	0	0	0	0	3	0	2	0	0	
0	3	1	0	0	0	1	0	0	1	0	0	2	1	0	0	0	0	0	0	0	0	0	0	0	0	0	0	
1	1	0	0	0	0	1	0	0	0	0	0	0	0	2	0	0	0	0	0	0	0	1	0	0	0	1	0	
1	2	1	0	2	2	2	2	2	3	0	1	2	0	2	0	3	3	0	0	0	0	2	0	0	0	1	0	
2	2	0	0	1	0	0	3	0	0	3	2	0	1	0	0	0	0	1	0	0	0	0	0	0	2	1	1	
--------------------

--------------------
Best Solution Found!
--------------------
Time: 0 hour(s), 0 minute(s), 11 second(s), 69 millisecond(s)

Fitness: 161787

1	0	1	1	0	0	1	3	0	1	0	1	1	0	0	0	3	0	0	1	1	0	1	0	0	0	0	0	
0	0	3	1	1	0	0	3	0	0	0	1	2	0	0	0	0	0	1	0	0	0	2	0	0	0	0	0	
0	0	0	2	1	0	1	0	0	0	0	0	2	2	0	3	3	3	0	0	1	1	2	3	0	0	0	0	
1	1	1	0	0	1	0	0	0	1	1	1	2	0	2	0	0	0	0	0	1	0	0	0	0	1	2	0	
1	2	0	0	1	0	0	0	1	0	1	0	1	1	2	3	0	3	0	0	0	0	0	1	0	0	0	0	
0	0	1	1	0	0	0	0	2	0	1	0	3	0	0	0	0	0	0	0	0	0	2	0	0	0	2	3	
1	0	0	0	1	1	0	3	1	0	0	2	0	1	0	0	0	0	0	0	0	0	2	0	1	0	0	0	
0	2	3	0	0	0	0	3	1	0	1	0	2	1	0	0	3	0	0	0	1	0	0	0	0	0	0	0	
0	2	1	0	0	0	1	0	1	1	1	1	2	3	0	0	0	0	0	0	0	0	0	0	0	0	1	1	
2	2	1	1	0	0	0	3	2	3	0	1	0	2	0	0	0	0	0	0	0	0	0	0	0	2	1	0	
2	3	0	0	1	1	0	3	0	1	0	0	0	0	1	0	0	0	0	0	0	0	0	0	2	2	0	0	
1	2	2	1	0	0	0	3	1	0	0	1	2	1	0	0	3	0	0	0	0	0	0	0	0	0	1	0	
0	2	0	0	0	1	0	3	0	0	0	1	0	0	0	0	0	0	0	0	2	0	0	0	0	2	0	0	
0	0	0	0	1	0	0	0	0	0	1	1	0	1	0	0	0	3	0	0	2	0	1	0	0	1	0	0	
1	0	0	0	0	1	0	2	1	0	0	1	2	1	1	0	2	0	3	0	0	0	2	1	0	1	1	0	
1	0	0	1	1	1	0	0	0	0	0	0	2	1	1	0	0	0	0	0	2	2	0	0	0	0	1	0	
0	2	1	1	0	0	1	3	1	0	0	0	0	0	0	0	2	0	0	0	1	0	0	1	2	0	1	1	
0	0	0	1	1	0	2	0	0	1	1	0	0	1	1	3	0	0	0	0	1	1	0	0	0	0	0	0	
1	0	0	1	0	1	0	3	0	0	0	1	0	0	0	3	3	0	0	0	1	0	0	1	0	0	0	1	
1	0	1	1	1	0	0	0	0	0	0	0	0	1	2	0	0	0	0	0	0	0	1	1	0	0	0	0	
1	2	1	0	2	1	1	3	1	0	0	0	0	0	0	0	0	3	1	0	0	0	0	1	0	0	1	0	
0	2	1	0	0	0	0	0	1	1	3	1	0	0	0	0	0	0	3	0	1	0	0	0	0	0	1	0	
1	0	0	0	0	1	1	0	0	1	1	0	0	1	0	0	0	3	0	0	0	1	0	0	0	1	1	0	
0	0	0	1	2	1	1	2	0	1	0	0	2	0	1	3	0	2	0	0	0	0	0	0	0	0	0	0	
2	0	0	0	1	2	0	0	0	0	0	2	0	0	0	0	3	0	0	0	0	0	0	0	0	1	1	0	
1	2	1	0	0	0	1	3	0	0	0	1	2	0	0	2	3	0	0	0	1	0	0	0	0	0	1	1	
1	0	1	0	0	2	2	0	0	0	1	0	0	0	0	0	0	0	0	0	0	0	0	0	0	0	0	0	
0	0	1	0	0	0	0	2	0	3	3	1	2	0	0	0	0	0	0	0	0	0	0	0	0	0	1	1	
2	0	0	2	1	0	0	0	1	1	0	2	2	0	0	0	0	0	0	0	1	0	0	0	0	0	1	0	
1	0	1	2	2	0	1	0	0	1	1	0	0	0	0	0	0	0	0	0	1	0	0	0	0	0	2	1	
--------------------

--------------------
Best Solution Found!
--------------------
Time: 0 hour(s), 0 minute(s), 11 second(s), 72 millisecond(s)

Fitness: 161787

1	0	1	1	0	0	1	3	0	1	0	1	1	0	0	0	3	0	0	1	1	0	1	0	0	0	0	0	
0	0	3	1	1	0	0	3	0	0	0	1	2	0	0	0	0	0	1	0	0	0	2	0	0	0	0	0	
0	0	0	2	1	0	1	0	0	0	0	0	2	2	0	3	3	3	0	0	1	1	2	3	0	0	0	0	
1	1	1	0	0	1	0	0	0	1	1	1	2	0	2	0	0	0	0	0	1	0	0	0	0	1	2	0	
1	2	0	0	1	0	0	0	1	0	1	0	1	1	2	3	0	3	0	0	0	0	0	1	0	0	0	0	
0	0	1	1	0	0	0	0	2	0	1	0	3	0	0	0	0	0	0	0	0	0	2	0	0	0	2	3	
1	0	0	0	1	1	0	3	1	0	0	2	0	1	0	0	0	0	0	0	0	0	2	0	1	0	0	0	
0	2	3	0	0	0	0	3	1	0	1	0	2	1	0	0	3	0	0	0	1	0	0	0	0	0	0	0	
0	2	1	0	0	0	1	0	1	1	1	1	2	3	0	0	0	0	0	0	0	0	0	0	0	0	1	1	
2	2	1	1	0	0	0	3	2	3	0	1	0	2	0	0	0	0	0	0	0	0	0	0	0	2	1	0	
2	3	0	0	1	1	0	3	0	1	0	0	0	0	1	0	0	0	0	0	0	0	0	0	2	2	0	0	
1	2	2	1	0	0	0	3	1	0	0	1	2	1	0	0	3	0	0	0	0	0	0	0	0	0	1	0	
0	2	0	0	0	1	0	3	0	0	0	1	0	0	0	0	0	0	0	0	2	0	0	0	0	2	0	0	
0	0	0	0	1	0	0	0	0	0	1	1	0	1	0	0	0	3	0	0	2	0	1	0	0	1	0	0	
1	0	0	0	0	1	0	2	1	0	0	1	2	1	1	0	2	0	3	0	0	0	2	1	0	1	1	0	
1	0	0	1	1	1	0	0	0	0	0	0	2	1	1	0	0	0	0	0	2	2	0	0	0	0	1	0	
0	2	1	1	0	0	1	3	1	0	0	0	0	0	0	0	2	0	0	0	1	0	0	1	2	0	1	1	
0	0	0	1	1	0	2	0	0	1	1	0	0	1	1	3	0	0	0	0	1	1	0	0	0	0	0	0	
1	0	0	1	0	1	0	3	0	0	0	1	0	0	0	3	3	0	0	0	1	0	0	1	0	0	0	1	
1	0	1	1	1	0	0	0	0	0	0	0	0	1	2	0	0	0	0	0	0	0	1	1	0	0	0	0	
1	2	1	0	2	1	1	3	1	0	0	0	0	0	0	0	0	3	1	0	0	0	0	1	0	0	1	0	
0	2	1	0	0	0	0	0	1	1	3	1	0	0	0	0	0	0	3	0	1	0	0	0	0	0	1	0	
1	0	0	0	0	1	1	0	0	1	1	0	0	1	0	0	0	3	0	0	0	1	0	0	0	1	1	0	
0	0	0	1	2	1	1	2	0	1	0	0	2	0	1	3	0	2	0	0	0	0	0	0	0	0	0	0	
2	0	0	0	1	2	0	0	0	0	0	2	0	0	0	0	3	0	0	0	0	0	0	0	0	1	1	0	
1	2	1	0	0	0	1	3	0	0	0	1	2	0	0	2	3	0	0	0	1	0	0	0	0	0	1	1	
1	0	1	0	0	2	2	0	0	0	1	0	0	0	0	0	0	0	0	0	0	0	0	0	0	0	0	0	
0	0	1	0	0	0	0	2	0	3	3	1	2	0	0	0	0	0	0	0	0	0	0	0	0	0	1	1	
2	0	0	2	1	0	0	0	1	1	0	2	2	0	0	0	0	0	0	0	1	0	0	0	0	0	1	0	
1	0	1	2	2	0	1	0	0	1	1	0	0	0	0	0	0	0	0	0	1	0	0	0	0	0	2	1	
--------------------

--------------------
Best Solution Found!
--------------------
Time: 0 hour(s), 0 minute(s), 11 second(s), 79 millisecond(s)

Fitness: 161787

1	0	1	1	0	0	1	3	0	1	0	1	1	0	0	0	3	0	0	1	1	0	1	0	0	0	0	0	
0	0	3	1	1	0	0	3	0	0	0	1	2	0	0	0	0	0	1	0	0	0	2	0	0	0	0	0	
0	0	0	2	1	0	1	0	0	0	0	0	2	2	0	3	3	3	0	0	1	1	2	3	0	0	0	0	
1	1	1	0	0	1	0	0	0	1	1	1	2	0	2	0	0	0	0	0	1	0	0	0	0	1	2	0	
1	2	0	0	1	0	0	0	1	0	1	0	1	1	2	3	0	3	0	0	0	0	0	1	0	0	0	0	
0	0	1	1	0	0	0	0	2	0	1	0	3	0	0	0	0	0	0	0	0	0	2	0	0	0	2	3	
1	0	0	0	1	1	0	3	1	0	0	2	0	1	0	0	0	0	0	0	0	0	2	0	1	0	0	0	
0	2	3	0	0	0	0	3	1	0	1	0	2	1	0	0	3	0	0	0	1	0	0	0	0	0	0	0	
0	2	1	0	0	0	1	0	1	1	1	1	2	3	0	0	0	0	0	0	0	0	0	0	0	0	1	1	
2	2	1	1	0	0	0	3	2	3	0	1	0	2	0	0	0	0	0	0	0	0	0	0	0	2	1	0	
2	3	0	0	1	1	0	3	0	1	0	0	0	0	1	0	0	0	0	0	0	0	0	0	2	2	0	0	
1	2	2	1	0	0	0	3	1	0	0	1	2	1	0	0	3	0	0	0	0	0	0	0	0	0	1	0	
0	2	0	0	0	1	0	3	0	0	0	1	0	0	0	0	0	0	0	0	2	0	0	0	0	2	0	0	
0	0	0	0	1	0	0	0	0	0	1	1	0	1	0	0	0	3	0	0	2	0	1	0	0	1	0	0	
1	0	0	0	0	1	0	2	1	0	0	1	2	1	1	0	2	0	3	0	0	0	2	1	0	1	1	0	
1	0	0	1	1	1	0	0	0	0	0	0	2	1	1	0	0	0	0	0	2	2	0	0	0	0	1	0	
0	2	1	1	0	0	1	3	1	0	0	0	0	0	0	0	2	0	0	0	1	0	0	1	2	0	1	1	
0	0	0	1	1	0	2	0	0	1	1	0	0	1	1	3	0	0	0	0	1	1	0	0	0	0	0	0	
1	0	0	1	0	1	0	3	0	0	0	1	0	0	0	3	3	0	0	0	1	0	0	1	0	0	0	1	
1	0	1	1	1	0	0	0	0	0	0	0	0	1	2	0	0	0	0	0	0	0	1	1	0	0	0	0	
1	2	1	0	2	1	1	3	1	0	0	0	0	0	0	0	0	3	1	0	0	0	0	1	0	0	1	0	
0	2	1	0	0	0	0	0	1	1	3	1	0	0	0	0	0	0	3	0	1	0	0	0	0	0	1	0	
1	0	0	0	0	1	1	0	0	1	1	0	0	1	0	0	0	3	0	0	0	1	0	0	0	1	1	0	
0	0	0	1	2	1	1	2	0	1	0	0	2	0	1	3	0	2	0	0	0	0	0	0	0	0	0	0	
2	0	0	0	1	2	0	0	0	0	0	2	0	0	0	0	3	0	0	0	0	0	0	0	0	1	1	0	
1	2	1	0	0	0	1	3	0	0	0	1	2	0	0	2	3	0	0	0	1	0	0	0	0	0	1	1	
1	0	1	0	0	2	2	0	0	0	1	0	0	0	0	0	0	0	0	0	0	0	0	0	0	0	0	0	
0	0	1	0	0	0	0	2	0	3	3	1	2	0	0	0	0	0	0	0	0	0	0	0	0	0	1	1	
2	0	0	2	1	0	0	0	1	1	0	2	2	0	0	0	0	0	0	0	1	0	0	0	0	0	1	0	
1	0	1	2	2	0	1	0	0	1	1	0	0	0	0	0	0	0	0	0	1	0	0	0	0	0	2	1	
--------------------

--------------------
Best Solution Found!
--------------------
Time: 0 hour(s), 0 minute(s), 11 second(s), 88 millisecond(s)

Fitness: 161787

1	0	1	1	0	0	1	3	0	1	0	1	1	0	0	0	3	0	0	1	1	0	1	0	0	0	0	0	
0	0	3	1	1	0	0	3	0	0	0	1	2	0	0	0	0	0	1	0	0	0	2	0	0	0	0	0	
0	0	0	2	1	0	1	0	0	0	0	0	2	2	0	3	3	3	0	0	1	1	2	3	0	0	0	0	
1	1	1	0	0	1	0	0	0	1	1	1	2	0	2	0	0	0	0	0	1	0	0	0	0	1	2	0	
1	2	0	0	1	0	0	0	1	0	1	0	1	1	2	3	0	3	0	0	0	0	0	1	0	0	0	0	
0	0	1	1	0	0	0	0	2	0	1	0	3	0	0	0	0	0	0	0	0	0	2	0	0	0	2	3	
1	0	0	0	1	1	0	3	1	0	0	2	0	1	0	0	0	0	0	0	0	0	2	0	1	0	0	0	
0	2	3	0	0	0	0	3	1	0	1	0	2	1	0	0	3	0	0	0	1	0	0	0	0	0	0	0	
0	2	1	0	0	0	1	0	1	1	1	1	2	3	0	0	0	0	0	0	0	0	0	0	0	0	1	1	
2	2	1	1	0	0	0	3	2	3	0	1	0	2	0	0	0	0	0	0	0	0	0	0	0	2	1	0	
2	3	0	0	1	1	0	3	0	1	0	0	0	0	1	0	0	0	0	0	0	0	0	0	2	2	0	0	
1	2	2	1	0	0	0	3	1	0	0	1	2	1	0	0	3	0	0	0	0	0	0	0	0	0	1	0	
0	2	0	0	0	1	0	3	0	0	0	1	0	0	0	0	0	0	0	0	2	0	0	0	0	2	0	0	
0	0	0	0	1	0	0	0	0	0	1	1	0	1	0	0	0	3	0	0	2	0	1	0	0	1	0	0	
1	0	0	0	0	1	0	2	1	0	0	1	2	1	1	0	2	0	3	0	0	0	2	1	0	1	1	0	
1	0	0	1	1	1	0	0	0	0	0	0	2	1	1	0	0	0	0	0	2	2	0	0	0	0	1	0	
0	2	1	1	0	0	1	3	1	0	0	0	0	0	0	0	2	0	0	0	1	0	0	1	2	0	1	1	
0	0	0	1	1	0	2	0	0	1	1	0	0	1	1	3	0	0	0	0	1	1	0	0	0	0	0	0	
1	0	0	1	0	1	0	3	0	0	0	1	0	0	0	3	3	0	0	0	1	0	0	1	0	0	0	1	
1	0	1	1	1	0	0	0	0	0	0	0	0	1	2	0	0	0	0	0	0	0	1	1	0	0	0	0	
1	2	1	0	2	1	1	3	1	0	0	0	0	0	0	0	0	3	1	0	0	0	0	1	0	0	1	0	
0	2	1	0	0	0	0	0	1	1	3	1	0	0	0	0	0	0	3	0	1	0	0	0	0	0	1	0	
1	0	0	0	0	1	1	0	0	1	1	0	0	1	0	0	0	3	0	0	0	1	0	0	0	1	1	0	
0	0	0	1	2	1	1	2	0	1	0	0	2	0	1	3	0	2	0	0	0	0	0	0	0	0	0	0	
2	0	0	0	1	2	0	0	0	0	0	2	0	0	0	0	3	0	0	0	0	0	0	0	0	1	1	0	
1	2	1	0	0	0	1	3	0	0	0	1	2	0	0	2	3	0	0	0	1	0	0	0	0	0	1	1	
1	0	1	0	0	2	2	0	0	0	1	0	0	0	0	0	0	0	0	0	0	0	0	0	0	0	0	0	
0	0	1	0	0	0	0	2	0	3	3	1	2	0	0	0	0	0	0	0	0	0	0	0	0	0	1	1	
2	0	0	2	1	0	0	0	1	1	0	2	2	0	0	0	0	0	0	0	1	0	0	0	0	0	1	0	
1	0	1	2	2	0	1	0	0	1	1	0	0	0	0	0	0	0	0	0	1	0	0	0	0	0	2	1	
--------------------

--------------------
Best Solution Found!
--------------------
Time: 0 hour(s), 0 minute(s), 11 second(s), 105 millisecond(s)

Fitness: 161787

1	0	1	1	0	0	1	3	0	1	0	1	1	0	0	0	3	0	0	1	1	0	1	0	0	0	0	0	
0	0	3	1	1	0	0	3	0	0	0	1	2	0	0	0	0	0	1	0	0	0	2	0	0	0	0	0	
0	0	0	2	1	0	1	0	0	0	0	0	2	2	0	3	3	3	0	0	1	1	2	3	0	0	0	0	
1	1	1	0	0	1	0	0	0	1	1	1	2	0	2	0	0	0	0	0	1	0	0	0	0	1	2	0	
1	2	0	0	1	0	0	0	1	0	1	0	1	1	2	3	0	3	0	0	0	0	0	1	0	0	0	0	
0	0	1	1	0	0	0	0	2	0	1	0	3	0	0	0	0	0	0	0	0	0	2	0	0	0	2	3	
1	0	0	0	1	1	0	3	1	0	0	2	0	1	0	0	0	0	0	0	0	0	2	0	1	0	0	0	
0	2	3	0	0	0	0	3	1	0	1	0	2	1	0	0	3	0	0	0	1	0	0	0	0	0	0	0	
0	2	1	0	0	0	1	0	1	1	1	1	2	3	0	0	0	0	0	0	0	0	0	0	0	0	1	1	
2	2	1	1	0	0	0	3	2	3	0	1	0	2	0	0	0	0	0	0	0	0	0	0	0	2	1	0	
2	3	0	0	1	1	0	3	0	1	0	0	0	0	1	0	0	0	0	0	0	0	0	0	2	2	0	0	
1	2	2	1	0	0	0	3	1	0	0	1	2	1	0	0	3	0	0	0	0	0	0	0	0	0	1	0	
0	2	0	0	0	1	0	3	0	0	0	1	0	0	0	0	0	0	0	0	2	0	0	0	0	2	0	0	
0	0	0	0	1	0	0	0	0	0	1	1	0	1	0	0	0	3	0	0	2	0	1	0	0	1	0	0	
1	0	0	0	0	1	0	2	1	0	0	1	2	1	1	0	2	0	3	0	0	0	2	1	0	1	1	0	
1	0	0	1	1	1	0	0	0	0	0	0	2	1	1	0	0	0	0	0	2	2	0	0	0	0	1	0	
0	2	1	1	0	0	1	3	1	0	0	0	0	0	0	0	2	0	0	0	1	0	0	1	2	0	1	1	
0	0	0	1	1	0	2	0	0	1	1	0	0	1	1	3	0	0	0	0	1	1	0	0	0	0	0	0	
1	0	0	1	0	1	0	3	0	0	0	1	0	0	0	3	3	0	0	0	1	0	0	1	0	0	0	1	
1	0	1	1	1	0	0	0	0	0	0	0	0	1	2	0	0	0	0	0	0	0	1	1	0	0	0	0	
1	2	1	0	2	1	1	3	1	0	0	0	0	0	0	0	0	3	1	0	0	0	0	1	0	0	1	0	
0	2	1	0	0	0	0	0	1	1	3	1	0	0	0	0	0	0	3	0	1	0	0	0	0	0	1	0	
1	0	0	0	0	1	1	0	0	1	1	0	0	1	0	0	0	3	0	0	0	1	0	0	0	1	1	0	
0	0	0	1	2	1	1	2	0	1	0	0	2	0	1	3	0	2	0	0	0	0	0	0	0	0	0	0	
2	0	0	0	1	2	0	0	0	0	0	2	0	0	0	0	3	0	0	0	0	0	0	0	0	1	1	0	
1	2	1	0	0	0	1	3	0	0	0	1	2	0	0	2	3	0	0	0	1	0	0	0	0	0	1	1	
1	0	1	0	0	2	2	0	0	0	1	0	0	0	0	0	0	0	0	0	0	0	0	0	0	0	0	0	
0	0	1	0	0	0	0	2	0	3	3	1	2	0	0	0	0	0	0	0	0	0	0	0	0	0	1	1	
2	0	0	2	1	0	0	0	1	1	0	2	2	0	0	0	0	0	0	0	1	0	0	0	0	0	1	0	
1	0	1	2	2	0	1	0	0	1	1	0	0	0	0	0	0	0	0	0	1	0	0	0	0	0	2	1	
--------------------

--------------------
Best Solution Found!
--------------------
Time: 0 hour(s), 0 minute(s), 11 second(s), 114 millisecond(s)

Fitness: 161787

1	0	1	1	0	0	1	3	0	1	0	1	1	0	0	0	3	0	0	1	1	0	1	0	0	0	0	0	
0	0	3	1	1	0	0	3	0	0	0	1	2	0	0	0	0	0	1	0	0	0	2	0	0	0	0	0	
0	0	0	2	1	0	1	0	0	0	0	0	2	2	0	3	3	3	0	0	1	1	2	3	0	0	0	0	
1	1	1	0	0	1	0	0	0	1	1	1	2	0	2	0	0	0	0	0	1	0	0	0	0	1	2	0	
1	2	0	0	1	0	0	0	1	0	1	0	1	1	2	3	0	3	0	0	0	0	0	1	0	0	0	0	
0	0	1	1	0	0	0	0	2	0	1	0	3	0	0	0	0	0	0	0	0	0	2	0	0	0	2	3	
1	0	0	0	1	1	0	3	1	0	0	2	0	1	0	0	0	0	0	0	0	0	2	0	1	0	0	0	
0	2	3	0	0	0	0	3	1	0	1	0	2	1	0	0	3	0	0	0	1	0	0	0	0	0	0	0	
0	2	1	0	0	0	1	0	1	1	1	1	2	3	0	0	0	0	0	0	0	0	0	0	0	0	1	1	
2	2	1	1	0	0	0	3	2	3	0	1	0	2	0	0	0	0	0	0	0	0	0	0	0	2	1	0	
2	3	0	0	1	1	0	3	0	1	0	0	0	0	1	0	0	0	0	0	0	0	0	0	2	2	0	0	
1	2	2	1	0	0	0	3	1	0	0	1	2	1	0	0	3	0	0	0	0	0	0	0	0	0	1	0	
0	2	0	0	0	1	0	3	0	0	0	1	0	0	0	0	0	0	0	0	2	0	0	0	0	2	0	0	
0	0	0	0	1	0	0	0	0	0	1	1	0	1	0	0	0	3	0	0	2	0	1	0	0	1	0	0	
1	0	0	0	0	1	0	2	1	0	0	1	2	1	1	0	2	0	3	0	0	0	2	1	0	1	1	0	
1	0	0	1	1	1	0	0	0	0	0	0	2	1	1	0	0	0	0	0	2	2	0	0	0	0	1	0	
0	2	1	1	0	0	1	3	1	0	0	0	0	0	0	0	2	0	0	0	1	0	0	1	2	0	1	1	
0	0	0	1	1	0	2	0	0	1	1	0	0	1	1	3	0	0	0	0	1	1	0	0	0	0	0	0	
1	0	0	1	0	1	0	3	0	0	0	1	0	0	0	3	3	0	0	0	1	0	0	1	0	0	0	1	
1	0	1	1	1	0	0	0	0	0	0	0	0	1	2	0	0	0	0	0	0	0	1	1	0	0	0	0	
1	2	1	0	2	1	1	3	1	0	0	0	0	0	0	0	0	3	1	0	0	0	0	1	0	0	1	0	
0	2	1	0	0	0	0	0	1	1	3	1	0	0	0	0	0	0	3	0	1	0	0	0	0	0	1	0	
1	0	0	0	0	1	1	0	0	1	1	0	0	1	0	0	0	3	0	0	0	1	0	0	0	1	1	0	
0	0	0	1	2	1	1	2	0	1	0	0	2	0	1	3	0	2	0	0	0	0	0	0	0	0	0	0	
2	0	0	0	1	2	0	0	0	0	0	2	0	0	0	0	3	0	0	0	0	0	0	0	0	1	1	0	
1	2	1	0	0	0	1	3	0	0	0	1	2	0	0	2	3	0	0	0	1	0	0	0	0	0	1	1	
1	0	1	0	0	2	2	0	0	0	1	0	0	0	0	0	0	0	0	0	0	0	0	0	0	0	0	0	
0	0	1	0	0	0	0	2	0	3	3	1	2	0	0	0	0	0	0	0	0	0	0	0	0	0	1	1	
2	0	0	2	1	0	0	0	1	1	0	2	2	0	0	0	0	0	0	0	1	0	0	0	0	0	1	0	
1	0	1	2	2	0	1	0	0	1	1	0	0	0	0	0	0	0	0	0	1	0	0	0	0	0	2	1	
--------------------

--------------------
Best Solution Found!
--------------------
Time: 0 hour(s), 0 minute(s), 11 second(s), 117 millisecond(s)

Fitness: 161787

1	0	1	1	0	0	1	3	0	1	0	1	1	0	0	0	3	0	0	1	1	0	1	0	0	0	0	0	
0	0	3	1	1	0	0	3	0	0	0	1	2	0	0	0	0	0	1	0	0	0	2	0	0	0	0	0	
0	0	0	2	1	0	1	0	0	0	0	0	2	2	0	3	3	3	0	0	1	1	2	3	0	0	0	0	
1	1	1	0	0	1	0	0	0	1	1	1	2	0	2	0	0	0	0	0	1	0	0	0	0	1	2	0	
1	2	0	0	1	0	0	0	1	0	1	0	1	1	2	3	0	3	0	0	0	0	0	1	0	0	0	0	
0	0	1	1	0	0	0	0	2	0	1	0	3	0	0	0	0	0	0	0	0	0	2	0	0	0	2	3	
1	0	0	0	1	1	0	3	1	0	0	2	0	1	0	0	0	0	0	0	0	0	2	0	1	0	0	0	
0	2	3	0	0	0	0	3	1	0	1	0	2	1	0	0	3	0	0	0	1	0	0	0	0	0	0	0	
0	2	1	0	0	0	1	0	1	1	1	1	2	3	0	0	0	0	0	0	0	0	0	0	0	0	1	1	
2	2	1	1	0	0	0	3	2	3	0	1	0	2	0	0	0	0	0	0	0	0	0	0	0	2	1	0	
2	3	0	0	1	1	0	3	0	1	0	0	0	0	1	0	0	0	0	0	0	0	0	0	2	2	0	0	
1	2	2	1	0	0	0	3	1	0	0	1	2	1	0	0	3	0	0	0	0	0	0	0	0	0	1	0	
0	2	0	0	0	1	0	3	0	0	0	1	0	0	0	0	0	0	0	0	2	0	0	0	0	2	0	0	
0	0	0	0	1	0	0	0	0	0	1	1	0	1	0	0	0	3	0	0	2	0	1	0	0	1	0	0	
1	0	0	0	0	1	0	2	1	0	0	1	2	1	1	0	2	0	3	0	0	0	2	1	0	1	1	0	
1	0	0	1	1	1	0	0	0	0	0	0	2	1	1	0	0	0	0	0	2	2	0	0	0	0	1	0	
0	2	1	1	0	0	1	3	1	0	0	0	0	0	0	0	2	0	0	0	1	0	0	1	2	0	1	1	
0	0	0	1	1	0	2	0	0	1	1	0	0	1	1	3	0	0	0	0	1	1	0	0	0	0	0	0	
1	0	0	1	0	1	0	3	0	0	0	1	0	0	0	3	3	0	0	0	1	0	0	1	0	0	0	1	
1	0	1	1	1	0	0	0	0	0	0	0	0	1	2	0	0	0	0	0	0	0	1	1	0	0	0	0	
1	2	1	0	2	1	1	3	1	0	0	0	0	0	0	0	0	3	1	0	0	0	0	1	0	0	1	0	
0	2	1	0	0	0	0	0	1	1	3	1	0	0	0	0	0	0	3	0	1	0	0	0	0	0	1	0	
1	0	0	0	0	1	1	0	0	1	1	0	0	1	0	0	0	3	0	0	0	1	0	0	0	1	1	0	
0	0	0	1	2	1	1	2	0	1	0	0	2	0	1	3	0	2	0	0	0	0	0	0	0	0	0	0	
2	0	0	0	1	2	0	0	0	0	0	2	0	0	0	0	3	0	0	0	0	0	0	0	0	1	1	0	
1	2	1	0	0	0	1	3	0	0	0	1	2	0	0	2	3	0	0	0	1	0	0	0	0	0	1	1	
1	0	1	0	0	2	2	0	0	0	1	0	0	0	0	0	0	0	0	0	0	0	0	0	0	0	0	0	
0	0	1	0	0	0	0	2	0	3	3	1	2	0	0	0	0	0	0	0	0	0	0	0	0	0	1	1	
2	0	0	2	1	0	0	0	1	1	0	2	2	0	0	0	0	0	0	0	1	0	0	0	0	0	1	0	
1	0	1	2	2	0	1	0	0	1	1	0	0	0	0	0	0	0	0	0	1	0	0	0	0	0	2	1	
--------------------

--------------------
Best Solution Found!
--------------------
Time: 0 hour(s), 0 minute(s), 11 second(s), 123 millisecond(s)

Fitness: 161787

1	0	1	1	0	0	1	3	0	1	0	1	1	0	0	0	3	0	0	1	1	0	1	0	0	0	0	0	
0	0	3	1	1	0	0	3	0	0	0	1	2	0	0	0	0	0	1	0	0	0	2	0	0	0	0	0	
0	0	0	2	1	0	1	0	0	0	0	0	2	2	0	3	3	3	0	0	1	1	2	3	0	0	0	0	
1	1	1	0	0	1	0	0	0	1	1	1	2	0	2	0	0	0	0	0	1	0	0	0	0	1	2	0	
1	2	0	0	1	0	0	0	1	0	1	0	1	1	2	3	0	3	0	0	0	0	0	1	0	0	0	0	
0	0	1	1	0	0	0	0	2	0	1	0	3	0	0	0	0	0	0	0	0	0	2	0	0	0	2	3	
1	0	0	0	1	1	0	3	1	0	0	2	0	1	0	0	0	0	0	0	0	0	2	0	1	0	0	0	
0	2	3	0	0	0	0	3	1	0	1	0	2	1	0	0	3	0	0	0	1	0	0	0	0	0	0	0	
0	2	1	0	0	0	1	0	1	1	1	1	2	3	0	0	0	0	0	0	0	0	0	0	0	0	1	1	
2	2	1	1	0	0	0	3	2	3	0	1	0	2	0	0	0	0	0	0	0	0	0	0	0	2	1	0	
2	3	0	0	1	1	0	3	0	1	0	0	0	0	1	0	0	0	0	0	0	0	0	0	2	2	0	0	
1	2	2	1	0	0	0	3	1	0	0	1	2	1	0	0	3	0	0	0	0	0	0	0	0	0	1	0	
0	2	0	0	0	1	0	3	0	0	0	1	0	0	0	0	0	0	0	0	2	0	0	0	0	2	0	0	
0	0	0	0	1	0	0	0	0	0	1	1	0	1	0	0	0	3	0	0	2	0	1	0	0	1	0	0	
1	0	0	0	0	1	0	2	1	0	0	1	2	1	1	0	2	0	3	0	0	0	2	1	0	1	1	0	
1	0	0	1	1	1	0	0	0	0	0	0	2	1	1	0	0	0	0	0	2	2	0	0	0	0	1	0	
0	2	1	1	0	0	1	3	1	0	0	0	0	0	0	0	2	0	0	0	1	0	0	1	2	0	1	1	
0	0	0	1	1	0	2	0	0	1	1	0	0	1	1	3	0	0	0	0	1	1	0	0	0	0	0	0	
1	0	0	1	0	1	0	3	0	0	0	1	0	0	0	3	3	0	0	0	1	0	0	1	0	0	0	1	
1	0	1	1	1	0	0	0	0	0	0	0	0	1	2	0	0	0	0	0	0	0	1	1	0	0	0	0	
1	2	1	0	2	1	1	3	1	0	0	0	0	0	0	0	0	3	1	0	0	0	0	1	0	0	1	0	
0	2	1	0	0	0	0	0	1	1	3	1	0	0	0	0	0	0	3	0	1	0	0	0	0	0	1	0	
1	0	0	0	0	1	1	0	0	1	1	0	0	1	0	0	0	3	0	0	0	1	0	0	0	1	1	0	
0	0	0	1	2	1	1	2	0	1	0	0	2	0	1	3	0	2	0	0	0	0	0	0	0	0	0	0	
2	0	0	0	1	2	0	0	0	0	0	2	0	0	0	0	3	0	0	0	0	0	0	0	0	1	1	0	
1	2	1	0	0	0	1	3	0	0	0	1	2	0	0	2	3	0	0	0	1	0	0	0	0	0	1	1	
1	0	1	0	0	2	2	0	0	0	1	0	0	0	0	0	0	0	0	0	0	0	0	0	0	0	0	0	
0	0	1	0	0	0	0	2	0	3	3	1	2	0	0	0	0	0	0	0	0	0	0	0	0	0	1	1	
2	0	0	2	1	0	0	0	1	1	0	2	2	0	0	0	0	0	0	0	1	0	0	0	0	0	1	0	
1	0	1	2	2	0	1	0	0	1	1	0	0	0	0	0	0	0	0	0	1	0	0	0	0	0	2	1	
--------------------

--------------------
Best Solution Found!
--------------------
Time: 0 hour(s), 0 minute(s), 14 second(s), 900 millisecond(s)

Fitness: 160782

1	2	1	1	0	0	0	0	0	0	1	0	0	1	1	3	3	0	0	0	0	0	1	1	0	0	1	0	
0	0	1	0	2	1	1	2	1	0	0	0	2	0	0	3	0	3	0	0	0	0	2	0	0	0	1	0	
1	3	0	0	2	1	0	3	1	1	0	0	1	0	0	0	0	3	3	0	1	0	0	0	0	0	0	1	
1	2	1	0	0	1	0	0	1	1	0	1	2	0	2	0	0	0	0	0	1	1	0	0	0	0	2	3	
1	0	1	2	2	0	0	2	0	0	0	0	2	0	0	0	0	0	1	0	1	0	2	0	0	0	2	1	
0	0	2	2	0	1	1	3	0	0	0	0	0	1	0	0	3	0	0	0	0	0	0	0	0	0	1	0	
1	2	0	0	0	0	0	3	1	0	0	1	2	1	1	3	0	0	0	0	0	0	0	0	0	0	2	1	
0	0	1	1	0	0	1	3	0	0	1	1	3	2	1	2	2	0	0	0	0	0	0	0	0	0	0	0	
0	0	3	0	1	1	0	0	0	0	0	0	0	0	0	0	0	0	0	0	1	0	0	0	2	2	0	0	
0	2	1	1	0	0	0	0	0	3	0	0	0	0	0	0	0	0	0	0	0	0	1	0	0	1	1	0	
2	0	0	0	1	1	1	0	0	1	0	1	2	1	0	0	0	0	0	0	1	0	1	1	0	0	0	0	
1	0	1	1	1	0	0	0	0	0	0	0	2	1	0	0	0	0	0	0	1	0	0	0	0	1	0	0	
0	0	3	1	1	0	0	0	0	3	1	0	2	1	0	0	2	0	0	0	0	0	0	0	0	0	0	0	
0	2	0	0	0	0	1	0	0	0	0	2	0	0	2	0	0	0	0	0	0	0	0	0	0	0	1	1	
0	0	1	0	0	0	1	0	1	1	3	1	0	1	0	0	3	0	0	0	1	0	0	0	1	0	0	0	
1	2	0	2	1	0	1	3	1	0	0	1	2	0	0	3	0	0	0	0	0	0	0	0	0	2	1	0	
1	0	0	0	1	1	1	0	0	1	0	1	2	0	2	0	0	0	0	0	0	0	2	0	0	0	0	0	
2	0	1	1	1	0	0	3	1	0	1	1	0	0	0	0	3	3	0	0	0	0	0	1	0	1	1	0	
1	0	0	1	0	0	0	0	0	0	1	1	0	0	0	3	0	0	0	0	0	0	0	0	0	2	1	0	
1	2	0	0	1	0	0	3	0	1	1	1	0	0	0	0	0	0	0	0	0	0	0	0	0	0	0	0	
1	2	1	0	1	0	0	0	2	0	1	0	2	1	1	0	3	0	0	0	2	1	0	0	0	0	1	0	
0	0	0	1	0	0	0	2	1	0	1	1	0	0	0	0	0	0	0	0	1	0	0	0	0	0	0	1	
0	0	1	0	0	1	2	3	0	0	3	1	2	0	0	0	0	0	0	0	0	0	0	0	0	0	0	0	
0	0	0	1	0	2	0	0	1	0	0	0	2	0	1	0	0	0	0	0	0	0	0	0	0	1	0	0	
1	0	1	1	0	1	2	0	0	1	0	0	0	1	0	0	0	0	0	0	0	0	2	0	0	0	1	0	
2	0	1	0	0	0	0	3	0	0	0	0	0	0	0	0	3	3	3	0	2	2	0	1	0	0	0	0	
2	2	0	0	0	0	0	3	1	1	1	0	1	1	0	0	3	0	0	0	2	0	0	1	0	1	1	1	
0	0	0	0	0	0	0	3	2	1	0	2	0	3	0	0	0	2	1	0	1	0	2	1	0	0	0	0	
1	2	0	0	1	2	0	0	0	1	1	1	0	0	0	0	0	3	0	0	1	0	0	0	2	0	1	0	
1	1	0	1	1	1	1	3	0	0	0	2	0	2	0	0	0	0	0	1	1	1	0	3	0	0	1	0	
--------------------

--------------------
Best Solution Found!
--------------------
Time: 0 hour(s), 0 minute(s), 14 second(s), 909 millisecond(s)

Fitness: 160782

1	2	1	1	0	0	0	0	0	0	1	0	0	1	1	3	3	0	0	0	0	0	1	1	0	0	1	0	
0	0	1	0	2	1	1	2	1	0	0	0	2	0	0	3	0	3	0	0	0	0	2	0	0	0	1	0	
1	3	0	0	2	1	0	3	1	1	0	0	1	0	0	0	0	3	3	0	1	0	0	0	0	0	0	1	
1	2	1	0	0	1	0	0	1	1	0	1	2	0	2	0	0	0	0	0	1	1	0	0	0	0	2	3	
1	0	1	2	2	0	0	2	0	0	0	0	2	0	0	0	0	0	1	0	1	0	2	0	0	0	2	1	
0	0	2	2	0	1	1	3	0	0	0	0	0	1	0	0	3	0	0	0	0	0	0	0	0	0	1	0	
1	2	0	0	0	0	0	3	1	0	0	1	2	1	1	3	0	0	0	0	0	0	0	0	0	0	2	1	
0	0	1	1	0	0	1	3	0	0	1	1	3	2	1	2	2	0	0	0	0	0	0	0	0	0	0	0	
0	0	3	0	1	1	0	0	0	0	0	0	0	0	0	0	0	0	0	0	1	0	0	0	2	2	0	0	
0	2	1	1	0	0	0	0	0	3	0	0	0	0	0	0	0	0	0	0	0	0	1	0	0	1	1	0	
2	0	0	0	1	1	1	0	0	1	0	1	2	1	0	0	0	0	0	0	1	0	1	1	0	0	0	0	
1	0	1	1	1	0	0	0	0	0	0	0	2	1	0	0	0	0	0	0	1	0	0	0	0	1	0	0	
0	0	3	1	1	0	0	0	0	3	1	0	2	1	0	0	2	0	0	0	0	0	0	0	0	0	0	0	
0	2	0	0	0	0	1	0	0	0	0	2	0	0	2	0	0	0	0	0	0	0	0	0	0	0	1	1	
0	0	1	0	0	0	1	0	1	1	3	1	0	1	0	0	3	0	0	0	1	0	0	0	1	0	0	0	
1	2	0	2	1	0	1	3	1	0	0	1	2	0	0	3	0	0	0	0	0	0	0	0	0	2	1	0	
1	0	0	0	1	1	1	0	0	1	0	1	2	0	2	0	0	0	0	0	0	0	2	0	0	0	0	0	
2	0	1	1	1	0	0	3	1	0	1	1	0	0	0	0	3	3	0	0	0	0	0	1	0	1	1	0	
1	0	0	1	0	0	0	0	0	0	1	1	0	0	0	3	0	0	0	0	0	0	0	0	0	2	1	0	
1	2	0	0	1	0	0	3	0	1	1	1	0	0	0	0	0	0	0	0	0	0	0	0	0	0	0	0	
1	2	1	0	1	0	0	0	2	0	1	0	2	1	1	0	3	0	0	0	2	1	0	0	0	0	1	0	
0	0	0	1	0	0	0	2	1	0	1	1	0	0	0	0	0	0	0	0	1	0	0	0	0	0	0	1	
0	0	1	0	0	1	2	3	0	0	3	1	2	0	0	0	0	0	0	0	0	0	0	0	0	0	0	0	
0	0	0	1	0	2	0	0	1	0	0	0	2	0	1	0	0	0	0	0	0	0	0	0	0	1	0	0	
1	0	1	1	0	1	2	0	0	1	0	0	0	1	0	0	0	0	0	0	0	0	2	0	0	0	1	0	
2	0	1	0	0	0	0	3	0	0	0	0	0	0	0	0	3	3	3	0	2	2	0	1	0	0	0	0	
2	2	0	0	0	0	0	3	1	1	1	0	1	1	0	0	3	0	0	0	2	0	0	1	0	1	1	1	
0	0	0	0	0	0	0	3	2	1	0	2	0	3	0	0	0	2	1	0	1	0	2	1	0	0	0	0	
1	2	0	0	1	2	0	0	0	1	1	1	0	0	0	0	0	3	0	0	1	0	0	0	2	0	1	0	
1	1	0	1	1	1	1	3	0	0	0	2	0	2	0	0	0	0	0	1	1	1	0	3	0	0	1	0	
--------------------

--------------------
Best Solution Found!
--------------------
Time: 0 hour(s), 0 minute(s), 32 second(s), 369 millisecond(s)

Fitness: 159783

1	0	0	1	1	0	0	0	0	0	1	1	0	0	0	3	2	0	0	0	0	0	0	1	0	0	0	0	
0	0	1	0	1	1	0	0	0	0	0	2	0	0	0	0	3	0	0	0	1	0	1	1	0	2	2	0	
1	2	0	0	2	0	1	2	1	3	1	1	2	1	0	0	0	0	3	0	0	0	0	0	0	0	1	0	
0	0	0	1	0	0	0	3	2	0	1	1	2	0	0	0	0	3	0	0	0	0	0	0	0	2	1	0	
0	2	1	0	2	0	1	0	1	0	0	0	0	0	0	2	0	0	0	0	0	1	1	0	0	0	0	1	
1	0	2	0	1	0	0	0	0	1	1	0	1	0	0	0	0	0	0	0	0	0	0	0	0	0	2	0	
0	0	3	2	0	0	1	3	0	0	0	0	3	1	1	0	3	0	0	0	1	0	2	0	0	0	0	0	
0	0	0	2	1	0	0	0	0	1	1	1	2	0	2	0	0	0	0	0	2	1	0	0	0	0	1	1	
1	2	0	0	0	1	0	0	1	0	3	1	0	0	0	0	0	0	0	0	1	0	2	1	2	0	0	0	
0	0	1	1	0	0	0	0	0	0	0	0	2	0	0	0	0	0	0	0	0	0	0	0	0	0	1	1	
1	0	0	1	1	0	1	3	0	0	3	1	0	0	0	3	0	0	0	0	1	0	0	0	0	0	0	0	
0	2	1	0	0	0	0	0	1	1	1	0	0	1	1	0	0	2	0	0	1	0	0	1	0	0	1	1	
0	2	0	0	0	0	0	3	2	1	0	2	0	1	2	0	0	0	0	0	0	0	0	0	0	0	1	1	
1	2	0	0	0	0	1	3	0	3	1	1	0	1	0	3	3	3	3	0	0	1	1	1	0	0	0	0	
1	1	0	0	0	1	2	3	0	1	1	0	0	1	0	0	0	0	0	0	2	0	0	0	0	0	1	0	
2	2	1	1	0	1	1	3	0	0	0	1	1	3	0	0	3	0	0	0	0	0	0	0	0	0	1	3	
1	0	1	1	0	0	0	3	0	1	0	1	2	0	0	0	0	0	1	0	1	0	0	0	0	1	1	0	
1	2	1	0	0	2	1	0	1	0	0	0	0	1	0	0	0	0	0	1	0	0	0	0	0	0	1	1	
0	0	1	1	1	1	0	3	1	0	0	1	2	0	0	0	3	0	0	0	0	0	0	0	0	0	0	0	
2	0	0	1	0	1	2	2	1	0	0	0	0	1	0	0	0	3	0	0	0	0	2	0	0	0	0	0	
1	0	1	1	1	0	0	0	0	1	0	0	2	1	0	3	3	0	0	0	1	0	0	0	0	1	1	0	
2	0	1	0	0	0	1	2	0	0	0	0	2	0	1	0	0	0	0	0	0	0	0	0	0	1	0	0	
1	2	0	0	1	1	0	3	0	0	0	0	2	2	0	0	0	3	0	0	1	2	0	0	0	0	1	0	
0	0	0	0	2	1	0	0	0	0	0	2	2	0	0	0	0	0	0	0	1	0	0	0	0	0	0	0	
1	0	1	0	1	1	0	0	1	0	0	1	0	0	0	3	0	3	1	0	2	0	0	3	0	0	0	0	
2	2	0	0	0	2	1	3	0	0	0	0	2	0	0	0	0	0	0	0	0	0	0	0	2	0	0	0	
0	0	3	2	0	0	0	3	1	1	0	0	0	1	1	0	3	0	0	0	1	0	2	0	0	2	1	0	
0	0	0	1	1	1	0	0	1	1	1	1	0	2	1	0	2	0	0	0	0	0	2	0	0	0	0	0	
1	3	1	1	0	0	0	0	0	0	1	0	2	0	2	0	0	0	0	0	1	0	0	1	1	1	2	0	
1	0	1	0	1	0	0	0	0	1	0	1	0	0	0	0	0	0	0	0	0	0	0	0	0	1	0	0	
--------------------

--------------------
Best Solution Found!
--------------------
Time: 0 hour(s), 0 minute(s), 32 second(s), 634 millisecond(s)

Fitness: 158783

1	0	0	0	0	0	0	3	0	0	0	1	0	3	1	0	0	0	0	0	0	0	0	0	0	0	0	3	
0	0	1	0	1	0	0	3	0	1	0	0	0	1	0	0	3	0	0	0	2	1	2	0	0	0	0	0	
2	2	1	1	0	0	0	0	0	1	0	0	0	1	0	0	0	0	0	0	0	0	0	0	0	0	1	0	
0	0	0	0	0	1	1	0	1	0	0	1	2	0	0	0	0	3	3	0	1	0	0	0	0	0	0	0	
1	2	0	2	1	1	1	3	0	0	1	1	0	0	0	3	0	0	0	0	0	0	0	1	0	0	0	0	
1	0	2	0	2	0	0	3	1	0	0	1	0	0	2	3	3	0	0	0	1	0	0	1	0	0	0	0	
1	0	1	1	0	0	0	2	1	1	1	0	2	0	0	0	0	0	0	0	1	2	2	0	2	1	2	0	
0	0	0	0	1	1	0	3	1	1	0	1	2	1	0	0	0	0	0	0	1	1	0	0	0	2	1	0	
2	2	1	0	0	1	1	0	1	0	0	0	2	0	0	0	0	0	0	0	0	1	0	0	0	2	1	0	
1	0	1	1	1	0	1	3	2	0	1	1	2	2	1	0	0	0	0	0	0	0	1	0	0	2	1	0	
0	1	1	1	0	0	0	3	0	3	3	0	0	1	0	3	3	0	0	0	1	0	0	0	0	0	1	0	
0	0	1	0	1	1	1	0	0	0	0	1	2	0	0	0	0	2	0	0	0	0	1	1	0	0	1	0	
1	0	0	1	0	0	0	0	0	0	0	0	0	1	2	0	0	0	0	0	0	0	0	1	0	0	0	0	
0	0	1	0	2	1	0	0	1	3	0	0	0	2	2	0	3	3	0	0	0	0	0	3	0	0	0	1	
1	2	0	0	1	2	0	3	0	1	1	0	0	1	1	0	0	0	0	0	0	0	2	0	0	0	2	0	
1	2	0	0	0	0	0	0	2	0	3	1	1	1	0	0	0	0	0	0	1	0	0	0	0	0	1	1	
1	0	0	0	1	0	0	0	1	0	1	0	2	1	1	0	0	0	0	0	2	0	0	0	0	0	1	0	
0	0	1	1	0	2	0	3	0	0	0	0	0	1	0	0	3	0	0	0	0	0	0	0	0	0	0	0	
0	0	0	0	0	0	0	0	1	0	0	2	2	0	0	0	0	0	3	0	1	0	0	0	0	0	0	1	
0	0	1	0	0	0	2	3	0	1	0	1	2	0	0	3	3	3	0	0	0	0	0	0	0	0	1	0	
0	0	1	1	1	0	1	0	0	0	1	2	0	0	0	0	0	0	0	0	1	0	0	1	1	0	0	0	
0	0	3	1	0	0	1	3	0	1	0	0	2	0	0	0	0	0	0	1	0	0	0	1	0	0	1	1	
2	2	1	2	0	0	0	3	0	0	1	1	2	0	0	0	0	3	1	0	0	0	1	0	0	0	0	0	
1	2	0	0	0	1	1	0	0	1	1	1	0	1	0	0	0	0	1	0	0	0	2	0	0	0	1	0	
1	3	0	1	0	1	2	2	0	0	0	1	0	0	0	3	3	3	0	0	1	0	0	0	0	0	0	0	
1	2	0	1	1	1	0	0	1	0	1	0	1	0	0	0	0	0	0	0	2	0	0	0	0	1	1	1	
1	2	0	1	1	0	0	2	1	1	1	2	0	0	0	0	2	0	0	0	0	0	0	0	0	1	1	0	
1	0	1	0	0	1	0	0	0	1	0	1	2	0	1	2	0	0	0	0	1	0	0	0	0	0	2	0	
2	2	3	0	1	0	1	0	0	0	0	0	3	0	0	0	0	0	0	0	1	0	2	0	0	1	0	1	
0	0	0	2	2	0	0	0	0	0	0	0	0	0	0	0	2	0	0	0	0	0	0	0	2	1	0	0	
--------------------

--------------------
Best Solution Found!
--------------------
Time: 0 hour(s), 0 minute(s), 32 second(s), 645 millisecond(s)

Fitness: 158783

1	0	0	0	0	0	0	3	0	0	0	1	0	3	1	0	0	0	0	0	0	0	0	0	0	0	0	3	
0	0	1	0	1	0	0	3	0	1	0	0	0	1	0	0	3	0	0	0	2	1	2	0	0	0	0	0	
2	2	1	1	0	0	0	0	0	1	0	0	0	1	0	0	0	0	0	0	0	0	0	0	0	0	1	0	
0	0	0	0	0	1	1	0	1	0	0	1	2	0	0	0	0	3	3	0	1	0	0	0	0	0	0	0	
1	2	0	2	1	1	1	3	0	0	1	1	0	0	0	3	0	0	0	0	0	0	0	1	0	0	0	0	
1	0	2	0	2	0	0	3	1	0	0	1	0	0	2	3	3	0	0	0	1	0	0	1	0	0	0	0	
1	0	1	1	0	0	0	2	1	1	1	0	2	0	0	0	0	0	0	0	1	2	2	0	2	1	2	0	
0	0	0	0	1	1	0	3	1	1	0	1	2	1	0	0	0	0	0	0	1	1	0	0	0	2	1	0	
2	2	1	0	0	1	1	0	1	0	0	0	2	0	0	0	0	0	0	0	0	1	0	0	0	2	1	0	
1	0	1	1	1	0	1	3	2	0	1	1	2	2	1	0	0	0	0	0	0	0	1	0	0	2	1	0	
0	1	1	1	0	0	0	3	0	3	3	0	0	1	0	3	3	0	0	0	1	0	0	0	0	0	1	0	
0	0	1	0	1	1	1	0	0	0	0	1	2	0	0	0	0	2	0	0	0	0	1	1	0	0	1	0	
1	0	0	1	0	0	0	0	0	0	0	0	0	1	2	0	0	0	0	0	0	0	0	1	0	0	0	0	
0	0	1	0	2	1	0	0	1	3	0	0	0	2	2	0	3	3	0	0	0	0	0	3	0	0	0	1	
1	2	0	0	1	2	0	3	0	1	1	0	0	1	1	0	0	0	0	0	0	0	2	0	0	0	2	0	
1	2	0	0	0	0	0	0	2	0	3	1	1	1	0	0	0	0	0	0	1	0	0	0	0	0	1	1	
1	0	0	0	1	0	0	0	1	0	1	0	2	1	1	0	0	0	0	0	2	0	0	0	0	0	1	0	
0	0	1	1	0	2	0	3	0	0	0	0	0	1	0	0	3	0	0	0	0	0	0	0	0	0	0	0	
0	0	0	0	0	0	0	0	1	0	0	2	2	0	0	0	0	0	3	0	1	0	0	0	0	0	0	1	
0	0	1	0	0	0	2	3	0	1	0	1	2	0	0	3	3	3	0	0	0	0	0	0	0	0	1	0	
0	0	1	1	1	0	1	0	0	0	1	2	0	0	0	0	0	0	0	0	1	0	0	1	1	0	0	0	
0	0	3	1	0	0	1	3	0	1	0	0	2	0	0	0	0	0	0	1	0	0	0	1	0	0	1	1	
2	2	1	2	0	0	0	3	0	0	1	1	2	0	0	0	0	3	1	0	0	0	1	0	0	0	0	0	
1	2	0	0	0	1	1	0	0	1	1	1	0	1	0	0	0	0	1	0	0	0	2	0	0	0	1	0	
1	3	0	1	0	1	2	2	0	0	0	1	0	0	0	3	3	3	0	0	1	0	0	0	0	0	0	0	
1	2	0	1	1	1	0	0	1	0	1	0	1	0	0	0	0	0	0	0	2	0	0	0	0	1	1	1	
1	2	0	1	1	0	0	2	1	1	1	2	0	0	0	0	2	0	0	0	0	0	0	0	0	1	1	0	
1	0	1	0	0	1	0	0	0	1	0	1	2	0	1	2	0	0	0	0	1	0	0	0	0	0	2	0	
2	2	3	0	1	0	1	0	0	0	0	0	3	0	0	0	0	0	0	0	1	0	2	0	0	1	0	1	
0	0	0	2	2	0	0	0	0	0	0	0	0	0	0	0	2	0	0	0	0	0	0	0	2	1	0	0	
--------------------

--------------------
Best Solution Found!
--------------------
Time: 0 hour(s), 0 minute(s), 32 second(s), 660 millisecond(s)

Fitness: 158783

1	0	0	0	0	0	0	3	0	0	0	1	0	3	1	0	0	0	0	0	0	0	0	0	0	0	0	3	
0	0	1	0	1	0	0	3	0	1	0	0	0	1	0	0	3	0	0	0	2	1	2	0	0	0	0	0	
2	2	1	1	0	0	0	0	0	1	0	0	0	1	0	0	0	0	0	0	0	0	0	0	0	0	1	0	
0	0	0	0	0	1	1	0	1	0	0	1	2	0	0	0	0	3	3	0	1	0	0	0	0	0	0	0	
1	2	0	2	1	1	1	3	0	0	1	1	0	0	0	3	0	0	0	0	0	0	0	1	0	0	0	0	
1	0	2	0	2	0	0	3	1	0	0	1	0	0	2	3	3	0	0	0	1	0	0	1	0	0	0	0	
1	0	1	1	0	0	0	2	1	1	1	0	2	0	0	0	0	0	0	0	1	2	2	0	2	1	2	0	
0	0	0	0	1	1	0	3	1	1	0	1	2	1	0	0	0	0	0	0	1	1	0	0	0	2	1	0	
2	2	1	0	0	1	1	0	1	0	0	0	2	0	0	0	0	0	0	0	0	1	0	0	0	2	1	0	
1	0	1	1	1	0	1	3	2	0	1	1	2	2	1	0	0	0	0	0	0	0	1	0	0	2	1	0	
0	1	1	1	0	0	0	3	0	3	3	0	0	1	0	3	3	0	0	0	1	0	0	0	0	0	1	0	
0	0	1	0	1	1	1	0	0	0	0	1	2	0	0	0	0	2	0	0	0	0	1	1	0	0	1	0	
1	0	0	1	0	0	0	0	0	0	0	0	0	1	2	0	0	0	0	0	0	0	0	1	0	0	0	0	
0	0	1	0	2	1	0	0	1	3	0	0	0	2	2	0	3	3	0	0	0	0	0	3	0	0	0	1	
1	2	0	0	1	2	0	3	0	1	1	0	0	1	1	0	0	0	0	0	0	0	2	0	0	0	2	0	
1	2	0	0	0	0	0	0	2	0	3	1	1	1	0	0	0	0	0	0	1	0	0	0	0	0	1	1	
1	0	0	0	1	0	0	0	1	0	1	0	2	1	1	0	0	0	0	0	2	0	0	0	0	0	1	0	
0	0	1	1	0	2	0	3	0	0	0	0	0	1	0	0	3	0	0	0	0	0	0	0	0	0	0	0	
0	0	0	0	0	0	0	0	1	0	0	2	2	0	0	0	0	0	3	0	1	0	0	0	0	0	0	1	
0	0	1	0	0	0	2	3	0	1	0	1	2	0	0	3	3	3	0	0	0	0	0	0	0	0	1	0	
0	0	1	1	1	0	1	0	0	0	1	2	0	0	0	0	0	0	0	0	1	0	0	1	1	0	0	0	
0	0	3	1	0	0	1	3	0	1	0	0	2	0	0	0	0	0	0	1	0	0	0	1	0	0	1	1	
2	2	1	2	0	0	0	3	0	0	1	1	2	0	0	0	0	3	1	0	0	0	1	0	0	0	0	0	
1	2	0	0	0	1	1	0	0	1	1	1	0	1	0	0	0	0	1	0	0	0	2	0	0	0	1	0	
1	3	0	1	0	1	2	2	0	0	0	1	0	0	0	3	3	3	0	0	1	0	0	0	0	0	0	0	
1	2	0	1	1	1	0	0	1	0	1	0	1	0	0	0	0	0	0	0	2	0	0	0	0	1	1	1	
1	2	0	1	1	0	0	2	1	1	1	2	0	0	0	0	2	0	0	0	0	0	0	0	0	1	1	0	
1	0	1	0	0	1	0	0	0	1	0	1	2	0	1	2	0	0	0	0	1	0	0	0	0	0	2	0	
2	2	3	0	1	0	1	0	0	0	0	0	3	0	0	0	0	0	0	0	1	0	2	0	0	1	0	1	
0	0	0	2	2	0	0	0	0	0	0	0	0	0	0	0	2	0	0	0	0	0	0	0	2	1	0	0	
--------------------

--------------------
Best Solution Found!
--------------------
Time: 0 hour(s), 0 minute(s), 32 second(s), 665 millisecond(s)

Fitness: 158783

1	0	0	0	0	0	0	3	0	0	0	1	0	3	1	0	0	0	0	0	0	0	0	0	0	0	0	3	
0	0	1	0	1	0	0	3	0	1	0	0	0	1	0	0	3	0	0	0	2	1	2	0	0	0	0	0	
2	2	1	1	0	0	0	0	0	1	0	0	0	1	0	0	0	0	0	0	0	0	0	0	0	0	1	0	
0	0	0	0	0	1	1	0	1	0	0	1	2	0	0	0	0	3	3	0	1	0	0	0	0	0	0	0	
1	2	0	2	1	1	1	3	0	0	1	1	0	0	0	3	0	0	0	0	0	0	0	1	0	0	0	0	
1	0	2	0	2	0	0	3	1	0	0	1	0	0	2	3	3	0	0	0	1	0	0	1	0	0	0	0	
1	0	1	1	0	0	0	2	1	1	1	0	2	0	0	0	0	0	0	0	1	2	2	0	2	1	2	0	
0	0	0	0	1	1	0	3	1	1	0	1	2	1	0	0	0	0	0	0	1	1	0	0	0	2	1	0	
2	2	1	0	0	1	1	0	1	0	0	0	2	0	0	0	0	0	0	0	0	1	0	0	0	2	1	0	
1	0	1	1	1	0	1	3	2	0	1	1	2	2	1	0	0	0	0	0	0	0	1	0	0	2	1	0	
0	1	1	1	0	0	0	3	0	3	3	0	0	1	0	3	3	0	0	0	1	0	0	0	0	0	1	0	
0	0	1	0	1	1	1	0	0	0	0	1	2	0	0	0	0	2	0	0	0	0	1	1	0	0	1	0	
1	0	0	1	0	0	0	0	0	0	0	0	0	1	2	0	0	0	0	0	0	0	0	1	0	0	0	0	
0	0	1	0	2	1	0	0	1	3	0	0	0	2	2	0	3	3	0	0	0	0	0	3	0	0	0	1	
1	2	0	0	1	2	0	3	0	1	1	0	0	1	1	0	0	0	0	0	0	0	2	0	0	0	2	0	
1	2	0	0	0	0	0	0	2	0	3	1	1	1	0	0	0	0	0	0	1	0	0	0	0	0	1	1	
1	0	0	0	1	0	0	0	1	0	1	0	2	1	1	0	0	0	0	0	2	0	0	0	0	0	1	0	
0	0	1	1	0	2	0	3	0	0	0	0	0	1	0	0	3	0	0	0	0	0	0	0	0	0	0	0	
0	0	0	0	0	0	0	0	1	0	0	2	2	0	0	0	0	0	3	0	1	0	0	0	0	0	0	1	
0	0	1	0	0	0	2	3	0	1	0	1	2	0	0	3	3	3	0	0	0	0	0	0	0	0	1	0	
0	0	1	1	1	0	1	0	0	0	1	2	0	0	0	0	0	0	0	0	1	0	0	1	1	0	0	0	
0	0	3	1	0	0	1	3	0	1	0	0	2	0	0	0	0	0	0	1	0	0	0	1	0	0	1	1	
2	2	1	2	0	0	0	3	0	0	1	1	2	0	0	0	0	3	1	0	0	0	1	0	0	0	0	0	
1	2	0	0	0	1	1	0	0	1	1	1	0	1	0	0	0	0	1	0	0	0	2	0	0	0	1	0	
1	3	0	1	0	1	2	2	0	0	0	1	0	0	0	3	3	3	0	0	1	0	0	0	0	0	0	0	
1	2	0	1	1	1	0	0	1	0	1	0	1	0	0	0	0	0	0	0	2	0	0	0	0	1	1	1	
1	2	0	1	1	0	0	2	1	1	1	2	0	0	0	0	2	0	0	0	0	0	0	0	0	1	1	0	
1	0	1	0	0	1	0	0	0	1	0	1	2	0	1	2	0	0	0	0	1	0	0	0	0	0	2	0	
2	2	3	0	1	0	1	0	0	0	0	0	3	0	0	0	0	0	0	0	1	0	2	0	0	1	0	1	
0	0	0	2	2	0	0	0	0	0	0	0	0	0	0	0	2	0	0	0	0	0	0	0	2	1	0	0	
--------------------

--------------------
Best Solution Found!
--------------------
Time: 0 hour(s), 0 minute(s), 32 second(s), 677 millisecond(s)

Fitness: 158783

1	0	0	0	0	0	0	3	0	0	0	1	0	3	1	0	0	0	0	0	0	0	0	0	0	0	0	3	
0	0	1	0	1	0	0	3	0	1	0	0	0	1	0	0	3	0	0	0	2	1	2	0	0	0	0	0	
2	2	1	1	0	0	0	0	0	1	0	0	0	1	0	0	0	0	0	0	0	0	0	0	0	0	1	0	
0	0	0	0	0	1	1	0	1	0	0	1	2	0	0	0	0	3	3	0	1	0	0	0	0	0	0	0	
1	2	0	2	1	1	1	3	0	0	1	1	0	0	0	3	0	0	0	0	0	0	0	1	0	0	0	0	
1	0	2	0	2	0	0	3	1	0	0	1	0	0	2	3	3	0	0	0	1	0	0	1	0	0	0	0	
1	0	1	1	0	0	0	2	1	1	1	0	2	0	0	0	0	0	0	0	1	2	2	0	2	1	2	0	
0	0	0	0	1	1	0	3	1	1	0	1	2	1	0	0	0	0	0	0	1	1	0	0	0	2	1	0	
2	2	1	0	0	1	1	0	1	0	0	0	2	0	0	0	0	0	0	0	0	1	0	0	0	2	1	0	
1	0	1	1	1	0	1	3	2	0	1	1	2	2	1	0	0	0	0	0	0	0	1	0	0	2	1	0	
0	1	1	1	0	0	0	3	0	3	3	0	0	1	0	3	3	0	0	0	1	0	0	0	0	0	1	0	
0	0	1	0	1	1	1	0	0	0	0	1	2	0	0	0	0	2	0	0	0	0	1	1	0	0	1	0	
1	0	0	1	0	0	0	0	0	0	0	0	0	1	2	0	0	0	0	0	0	0	0	1	0	0	0	0	
0	0	1	0	2	1	0	0	1	3	0	0	0	2	2	0	3	3	0	0	0	0	0	3	0	0	0	1	
1	2	0	0	1	2	0	3	0	1	1	0	0	1	1	0	0	0	0	0	0	0	2	0	0	0	2	0	
1	2	0	0	0	0	0	0	2	0	3	1	1	1	0	0	0	0	0	0	1	0	0	0	0	0	1	1	
1	0	0	0	1	0	0	0	1	0	1	0	2	1	1	0	0	0	0	0	2	0	0	0	0	0	1	0	
0	0	1	1	0	2	0	3	0	0	0	0	0	1	0	0	3	0	0	0	0	0	0	0	0	0	0	0	
0	0	0	0	0	0	0	0	1	0	0	2	2	0	0	0	0	0	3	0	1	0	0	0	0	0	0	1	
0	0	1	0	0	0	2	3	0	1	0	1	2	0	0	3	3	3	0	0	0	0	0	0	0	0	1	0	
0	0	1	1	1	0	1	0	0	0	1	2	0	0	0	0	0	0	0	0	1	0	0	1	1	0	0	0	
0	0	3	1	0	0	1	3	0	1	0	0	2	0	0	0	0	0	0	1	0	0	0	1	0	0	1	1	
2	2	1	2	0	0	0	3	0	0	1	1	2	0	0	0	0	3	1	0	0	0	1	0	0	0	0	0	
1	2	0	0	0	1	1	0	0	1	1	1	0	1	0	0	0	0	1	0	0	0	2	0	0	0	1	0	
1	3	0	1	0	1	2	2	0	0	0	1	0	0	0	3	3	3	0	0	1	0	0	0	0	0	0	0	
1	2	0	1	1	1	0	0	1	0	1	0	1	0	0	0	0	0	0	0	2	0	0	0	0	1	1	1	
1	2	0	1	1	0	0	2	1	1	1	2	0	0	0	0	2	0	0	0	0	0	0	0	0	1	1	0	
1	0	1	0	0	1	0	0	0	1	0	1	2	0	1	2	0	0	0	0	1	0	0	0	0	0	2	0	
2	2	3	0	1	0	1	0	0	0	0	0	3	0	0	0	0	0	0	0	1	0	2	0	0	1	0	1	
0	0	0	2	2	0	0	0	0	0	0	0	0	0	0	0	2	0	0	0	0	0	0	0	2	1	0	0	
--------------------

--------------------
Best Solution Found!
--------------------
Time: 0 hour(s), 0 minute(s), 32 second(s), 683 millisecond(s)

Fitness: 158783

1	0	0	0	0	0	0	3	0	0	0	1	0	3	1	0	0	0	0	0	0	0	0	0	0	0	0	3	
0	0	1	0	1	0	0	3	0	1	0	0	0	1	0	0	3	0	0	0	2	1	2	0	0	0	0	0	
2	2	1	1	0	0	0	0	0	1	0	0	0	1	0	0	0	0	0	0	0	0	0	0	0	0	1	0	
0	0	0	0	0	1	1	0	1	0	0	1	2	0	0	0	0	3	3	0	1	0	0	0	0	0	0	0	
1	2	0	2	1	1	1	3	0	0	1	1	0	0	0	3	0	0	0	0	0	0	0	1	0	0	0	0	
1	0	2	0	2	0	0	3	1	0	0	1	0	0	2	3	3	0	0	0	1	0	0	1	0	0	0	0	
1	0	1	1	0	0	0	2	1	1	1	0	2	0	0	0	0	0	0	0	1	2	2	0	2	1	2	0	
0	0	0	0	1	1	0	3	1	1	0	1	2	1	0	0	0	0	0	0	1	1	0	0	0	2	1	0	
2	2	1	0	0	1	1	0	1	0	0	0	2	0	0	0	0	0	0	0	0	1	0	0	0	2	1	0	
1	0	1	1	1	0	1	3	2	0	1	1	2	2	1	0	0	0	0	0	0	0	1	0	0	2	1	0	
0	1	1	1	0	0	0	3	0	3	3	0	0	1	0	3	3	0	0	0	1	0	0	0	0	0	1	0	
0	0	1	0	1	1	1	0	0	0	0	1	2	0	0	0	0	2	0	0	0	0	1	1	0	0	1	0	
1	0	0	1	0	0	0	0	0	0	0	0	0	1	2	0	0	0	0	0	0	0	0	1	0	0	0	0	
0	0	1	0	2	1	0	0	1	3	0	0	0	2	2	0	3	3	0	0	0	0	0	3	0	0	0	1	
1	2	0	0	1	2	0	3	0	1	1	0	0	1	1	0	0	0	0	0	0	0	2	0	0	0	2	0	
1	2	0	0	0	0	0	0	2	0	3	1	1	1	0	0	0	0	0	0	1	0	0	0	0	0	1	1	
1	0	0	0	1	0	0	0	1	0	1	0	2	1	1	0	0	0	0	0	2	0	0	0	0	0	1	0	
0	0	1	1	0	2	0	3	0	0	0	0	0	1	0	0	3	0	0	0	0	0	0	0	0	0	0	0	
0	0	0	0	0	0	0	0	1	0	0	2	2	0	0	0	0	0	3	0	1	0	0	0	0	0	0	1	
0	0	1	0	0	0	2	3	0	1	0	1	2	0	0	3	3	3	0	0	0	0	0	0	0	0	1	0	
0	0	1	1	1	0	1	0	0	0	1	2	0	0	0	0	0	0	0	0	1	0	0	1	1	0	0	0	
0	0	3	1	0	0	1	3	0	1	0	0	2	0	0	0	0	0	0	1	0	0	0	1	0	0	1	1	
2	2	1	2	0	0	0	3	0	0	1	1	2	0	0	0	0	3	1	0	0	0	1	0	0	0	0	0	
1	2	0	0	0	1	1	0	0	1	1	1	0	1	0	0	0	0	1	0	0	0	2	0	0	0	1	0	
1	3	0	1	0	1	2	2	0	0	0	1	0	0	0	3	3	3	0	0	1	0	0	0	0	0	0	0	
1	2	0	1	1	1	0	0	1	0	1	0	1	0	0	0	0	0	0	0	2	0	0	0	0	1	1	1	
1	2	0	1	1	0	0	2	1	1	1	2	0	0	0	0	2	0	0	0	0	0	0	0	0	1	1	0	
1	0	1	0	0	1	0	0	0	1	0	1	2	0	1	2	0	0	0	0	1	0	0	0	0	0	2	0	
2	2	3	0	1	0	1	0	0	0	0	0	3	0	0	0	0	0	0	0	1	0	2	0	0	1	0	1	
0	0	0	2	2	0	0	0	0	0	0	0	0	0	0	0	2	0	0	0	0	0	0	0	2	1	0	0	
--------------------

--------------------
Best Solution Found!
--------------------
Time: 0 hour(s), 0 minute(s), 32 second(s), 698 millisecond(s)

Fitness: 158783

1	0	0	0	0	0	0	3	0	0	0	1	0	3	1	0	0	0	0	0	0	0	0	0	0	0	0	3	
0	0	1	0	1	0	0	3	0	1	0	0	0	1	0	0	3	0	0	0	2	1	2	0	0	0	0	0	
2	2	1	1	0	0	0	0	0	1	0	0	0	1	0	0	0	0	0	0	0	0	0	0	0	0	1	0	
0	0	0	0	0	1	1	0	1	0	0	1	2	0	0	0	0	3	3	0	1	0	0	0	0	0	0	0	
1	2	0	2	1	1	1	3	0	0	1	1	0	0	0	3	0	0	0	0	0	0	0	1	0	0	0	0	
1	0	2	0	2	0	0	3	1	0	0	1	0	0	2	3	3	0	0	0	1	0	0	1	0	0	0	0	
1	0	1	1	0	0	0	2	1	1	1	0	2	0	0	0	0	0	0	0	1	2	2	0	2	1	2	0	
0	0	0	0	1	1	0	3	1	1	0	1	2	1	0	0	0	0	0	0	1	1	0	0	0	2	1	0	
2	2	1	0	0	1	1	0	1	0	0	0	2	0	0	0	0	0	0	0	0	1	0	0	0	2	1	0	
1	0	1	1	1	0	1	3	2	0	1	1	2	2	1	0	0	0	0	0	0	0	1	0	0	2	1	0	
0	1	1	1	0	0	0	3	0	3	3	0	0	1	0	3	3	0	0	0	1	0	0	0	0	0	1	0	
0	0	1	0	1	1	1	0	0	0	0	1	2	0	0	0	0	2	0	0	0	0	1	1	0	0	1	0	
1	0	0	1	0	0	0	0	0	0	0	0	0	1	2	0	0	0	0	0	0	0	0	1	0	0	0	0	
0	0	1	0	2	1	0	0	1	3	0	0	0	2	2	0	3	3	0	0	0	0	0	3	0	0	0	1	
1	2	0	0	1	2	0	3	0	1	1	0	0	1	1	0	0	0	0	0	0	0	2	0	0	0	2	0	
1	2	0	0	0	0	0	0	2	0	3	1	1	1	0	0	0	0	0	0	1	0	0	0	0	0	1	1	
1	0	0	0	1	0	0	0	1	0	1	0	2	1	1	0	0	0	0	0	2	0	0	0	0	0	1	0	
0	0	1	1	0	2	0	3	0	0	0	0	0	1	0	0	3	0	0	0	0	0	0	0	0	0	0	0	
0	0	0	0	0	0	0	0	1	0	0	2	2	0	0	0	0	0	3	0	1	0	0	0	0	0	0	1	
0	0	1	0	0	0	2	3	0	1	0	1	2	0	0	3	3	3	0	0	0	0	0	0	0	0	1	0	
0	0	1	1	1	0	1	0	0	0	1	2	0	0	0	0	0	0	0	0	1	0	0	1	1	0	0	0	
0	0	3	1	0	0	1	3	0	1	0	0	2	0	0	0	0	0	0	1	0	0	0	1	0	0	1	1	
2	2	1	2	0	0	0	3	0	0	1	1	2	0	0	0	0	3	1	0	0	0	1	0	0	0	0	0	
1	2	0	0	0	1	1	0	0	1	1	1	0	1	0	0	0	0	1	0	0	0	2	0	0	0	1	0	
1	3	0	1	0	1	2	2	0	0	0	1	0	0	0	3	3	3	0	0	1	0	0	0	0	0	0	0	
1	2	0	1	1	1	0	0	1	0	1	0	1	0	0	0	0	0	0	0	2	0	0	0	0	1	1	1	
1	2	0	1	1	0	0	2	1	1	1	2	0	0	0	0	2	0	0	0	0	0	0	0	0	1	1	0	
1	0	1	0	0	1	0	0	0	1	0	1	2	0	1	2	0	0	0	0	1	0	0	0	0	0	2	0	
2	2	3	0	1	0	1	0	0	0	0	0	3	0	0	0	0	0	0	0	1	0	2	0	0	1	0	1	
0	0	0	2	2	0	0	0	0	0	0	0	0	0	0	0	2	0	0	0	0	0	0	0	2	1	0	0	
--------------------

--------------------
Best Solution Found!
--------------------
Time: 0 hour(s), 0 minute(s), 32 second(s), 701 millisecond(s)

Fitness: 158783

1	0	0	0	0	0	0	3	0	0	0	1	0	3	1	0	0	0	0	0	0	0	0	0	0	0	0	3	
0	0	1	0	1	0	0	3	0	1	0	0	0	1	0	0	3	0	0	0	2	1	2	0	0	0	0	0	
2	2	1	1	0	0	0	0	0	1	0	0	0	1	0	0	0	0	0	0	0	0	0	0	0	0	1	0	
0	0	0	0	0	1	1	0	1	0	0	1	2	0	0	0	0	3	3	0	1	0	0	0	0	0	0	0	
1	2	0	2	1	1	1	3	0	0	1	1	0	0	0	3	0	0	0	0	0	0	0	1	0	0	0	0	
1	0	2	0	2	0	0	3	1	0	0	1	0	0	2	3	3	0	0	0	1	0	0	1	0	0	0	0	
1	0	1	1	0	0	0	2	1	1	1	0	2	0	0	0	0	0	0	0	1	2	2	0	2	1	2	0	
0	0	0	0	1	1	0	3	1	1	0	1	2	1	0	0	0	0	0	0	1	1	0	0	0	2	1	0	
2	2	1	0	0	1	1	0	1	0	0	0	2	0	0	0	0	0	0	0	0	1	0	0	0	2	1	0	
1	0	1	1	1	0	1	3	2	0	1	1	2	2	1	0	0	0	0	0	0	0	1	0	0	2	1	0	
0	1	1	1	0	0	0	3	0	3	3	0	0	1	0	3	3	0	0	0	1	0	0	0	0	0	1	0	
0	0	1	0	1	1	1	0	0	0	0	1	2	0	0	0	0	2	0	0	0	0	1	1	0	0	1	0	
1	0	0	1	0	0	0	0	0	0	0	0	0	1	2	0	0	0	0	0	0	0	0	1	0	0	0	0	
0	0	1	0	2	1	0	0	1	3	0	0	0	2	2	0	3	3	0	0	0	0	0	3	0	0	0	1	
1	2	0	0	1	2	0	3	0	1	1	0	0	1	1	0	0	0	0	0	0	0	2	0	0	0	2	0	
1	2	0	0	0	0	0	0	2	0	3	1	1	1	0	0	0	0	0	0	1	0	0	0	0	0	1	1	
1	0	0	0	1	0	0	0	1	0	1	0	2	1	1	0	0	0	0	0	2	0	0	0	0	0	1	0	
0	0	1	1	0	2	0	3	0	0	0	0	0	1	0	0	3	0	0	0	0	0	0	0	0	0	0	0	
0	0	0	0	0	0	0	0	1	0	0	2	2	0	0	0	0	0	3	0	1	0	0	0	0	0	0	1	
0	0	1	0	0	0	2	3	0	1	0	1	2	0	0	3	3	3	0	0	0	0	0	0	0	0	1	0	
0	0	1	1	1	0	1	0	0	0	1	2	0	0	0	0	0	0	0	0	1	0	0	1	1	0	0	0	
0	0	3	1	0	0	1	3	0	1	0	0	2	0	0	0	0	0	0	1	0	0	0	1	0	0	1	1	
2	2	1	2	0	0	0	3	0	0	1	1	2	0	0	0	0	3	1	0	0	0	1	0	0	0	0	0	
1	2	0	0	0	1	1	0	0	1	1	1	0	1	0	0	0	0	1	0	0	0	2	0	0	0	1	0	
1	3	0	1	0	1	2	2	0	0	0	1	0	0	0	3	3	3	0	0	1	0	0	0	0	0	0	0	
1	2	0	1	1	1	0	0	1	0	1	0	1	0	0	0	0	0	0	0	2	0	0	0	0	1	1	1	
1	2	0	1	1	0	0	2	1	1	1	2	0	0	0	0	2	0	0	0	0	0	0	0	0	1	1	0	
1	0	1	0	0	1	0	0	0	1	0	1	2	0	1	2	0	0	0	0	1	0	0	0	0	0	2	0	
2	2	3	0	1	0	1	0	0	0	0	0	3	0	0	0	0	0	0	0	1	0	2	0	0	1	0	1	
0	0	0	2	2	0	0	0	0	0	0	0	0	0	0	0	2	0	0	0	0	0	0	0	2	1	0	0	
--------------------

--------------------
Best Solution Found!
--------------------
Time: 0 hour(s), 0 minute(s), 41 second(s), 604 millisecond(s)

Fitness: 158774

1	2	1	0	1	2	0	0	0	1	1	1	0	0	2	0	0	0	0	0	1	0	0	0	0	0	0	0	
1	2	0	0	0	1	0	0	1	3	0	0	0	1	1	0	0	0	0	0	1	0	0	0	0	0	1	0	
0	0	1	1	1	1	1	3	0	0	0	0	0	1	0	0	2	0	1	0	0	0	0	0	0	0	0	1	
1	0	1	0	2	1	0	3	1	0	1	0	2	0	0	0	0	0	0	0	1	0	2	0	0	0	0	0	
1	2	0	0	1	0	0	3	0	1	3	2	2	0	0	0	0	0	0	0	1	0	0	0	0	1	0	0	
2	2	1	1	0	0	1	2	2	1	0	1	1	1	0	0	0	0	0	0	0	0	0	0	0	0	0	0	
0	1	0	0	0	1	1	2	1	0	0	1	1	2	0	3	0	0	0	0	1	0	0	0	0	1	1	0	
2	0	0	0	0	1	1	0	0	0	0	1	0	0	0	0	0	0	0	0	1	0	0	1	0	2	2	0	
1	0	1	1	0	0	0	0	0	1	3	2	2	0	0	3	3	2	0	0	0	0	0	0	0	0	1	3	
0	2	1	0	1	0	1	2	0	0	1	0	2	1	0	3	3	0	0	0	0	0	0	1	0	0	1	1	
1	2	1	0	0	0	0	0	0	0	0	1	0	0	0	0	0	3	0	0	0	0	2	1	2	0	1	0	
1	2	3	0	1	1	0	0	2	1	1	1	2	0	0	0	3	3	0	0	0	0	0	0	0	2	2	1	
0	0	0	2	2	0	0	0	0	0	0	0	0	1	2	0	0	0	0	0	1	1	0	0	0	1	1	1	
2	0	0	1	0	0	0	3	0	0	0	0	0	1	1	0	0	0	0	0	2	0	0	0	2	0	1	1	
1	0	0	0	0	0	0	0	0	1	1	0	0	0	0	0	0	0	0	0	1	0	0	0	1	0	2	0	
0	0	0	0	0	0	0	0	0	0	0	0	2	3	1	0	3	0	0	0	2	0	0	3	0	1	1	0	
1	3	0	0	0	0	1	0	1	0	0	1	2	0	0	0	0	0	0	0	0	0	0	0	0	0	0	0	
1	0	1	0	0	0	0	0	1	0	1	2	2	1	0	0	3	0	0	0	1	0	0	0	0	0	1	0	
1	2	1	1	0	1	0	3	1	0	0	0	0	0	0	0	0	0	0	0	0	1	1	1	0	0	0	0	
1	0	1	1	0	1	0	3	0	0	1	1	2	1	0	0	0	3	0	0	0	0	2	1	0	0	0	1	
0	0	0	2	2	0	2	3	0	1	1	1	0	0	2	0	0	0	1	0	0	2	0	0	0	0	0	0	
0	0	0	0	1	2	0	0	0	0	1	0	0	0	0	0	0	3	3	0	0	0	0	0	0	2	0	0	
1	0	3	1	0	0	1	3	1	0	0	0	2	0	1	0	0	0	0	0	0	0	1	0	0	0	0	0	
0	2	0	0	1	0	1	0	1	1	0	1	0	0	0	0	2	0	0	0	0	0	0	0	0	0	0	0	
0	0	2	1	1	0	0	3	1	1	1	0	0	1	0	2	0	0	0	0	1	0	0	0	0	1	0	0	
1	0	1	2	1	0	1	3	1	0	0	1	3	1	1	0	0	3	0	0	0	1	1	1	0	0	1	0	
0	0	0	0	1	1	0	3	0	0	0	1	2	0	0	0	0	0	0	0	0	0	2	0	0	0	1	0	
0	0	1	1	0	0	0	0	0	0	0	0	0	0	0	0	0	0	0	0	1	0	2	0	0	0	0	0	
2	2	1	1	1	0	2	3	0	3	0	0	0	2	0	3	3	0	0	1	0	0	0	0	0	0	1	0	
0	0	0	1	0	1	0	0	0	1	0	1	2	0	0	3	3	0	3	0	2	0	0	0	0	0	1	0	
--------------------

--------------------
Best Solution Found!
--------------------
Time: 0 hour(s), 0 minute(s), 44 second(s), 394 millisecond(s)

Fitness: 154798

2	0	0	0	0	0	0	3	0	0	0	1	0	0	1	3	3	3	0	1	1	1	1	0	0	0	0	0	
1	2	2	0	0	1	0	0	1	0	0	0	0	0	0	0	0	0	0	0	0	0	0	1	1	0	0	0	
0	0	0	0	2	0	0	0	1	0	0	1	1	0	0	3	0	3	0	0	1	0	0	0	0	1	1	0	
2	1	1	1	0	0	1	3	0	1	3	0	2	0	0	0	3	3	0	0	0	0	0	0	0	0	1	0	
1	2	1	2	0	0	1	0	0	0	0	0	0	0	0	0	0	0	0	0	0	0	2	0	0	0	1	0	
1	0	1	1	2	0	2	0	1	0	0	0	2	1	0	0	0	0	0	0	0	0	0	0	0	0	2	1	
1	2	0	1	0	0	0	0	1	1	1	1	0	1	0	2	0	0	0	0	1	0	0	0	0	0	0	0	
1	0	0	0	0	0	0	0	0	1	0	0	2	0	2	0	3	3	1	0	1	0	0	0	0	0	0	0	
0	2	1	0	1	0	0	3	2	0	3	1	0	1	2	0	0	0	0	0	1	1	0	0	0	0	1	0	
0	0	0	0	0	1	1	3	0	0	0	1	0	1	0	0	0	0	0	0	0	0	0	1	0	0	0	1	
0	0	0	0	0	2	1	3	1	3	1	0	0	0	0	0	0	0	0	0	1	0	0	0	0	0	0	0	
1	0	0	2	0	0	1	2	1	0	1	1	1	2	0	0	0	2	0	0	0	0	0	0	2	0	0	0	
1	2	1	1	0	1	0	3	1	1	0	1	2	2	0	0	0	0	0	0	0	0	0	0	0	1	1	1	
0	3	0	1	0	0	0	0	0	1	0	1	2	1	0	0	0	0	3	0	0	0	2	1	0	2	1	0	
1	2	0	0	0	1	1	0	0	0	1	1	2	0	1	0	0	0	3	0	0	0	0	0	0	1	1	1	
1	2	1	1	1	0	0	3	0	3	1	0	0	0	1	0	0	0	0	0	1	0	2	1	0	1	0	0	
1	2	0	0	1	1	0	0	0	0	1	0	0	1	0	0	0	0	1	0	1	0	2	0	0	0	0	0	
0	0	0	1	1	1	1	3	0	0	0	2	2	0	0	3	2	0	0	0	2	0	0	0	0	0	0	0	
1	0	1	1	1	1	0	0	0	1	0	2	2	0	0	0	3	0	0	0	0	0	0	0	0	0	1	0	
1	0	3	0	0	0	1	3	0	0	1	0	0	0	1	3	0	0	0	0	0	0	0	0	0	0	0	0	
1	0	0	2	1	0	0	0	0	1	1	1	2	0	0	0	0	0	0	0	0	0	1	1	2	0	1	0	
1	2	1	0	0	0	2	2	0	1	1	0	2	3	0	0	3	0	0	0	2	0	0	0	0	0	1	1	
0	0	1	1	1	0	0	2	1	1	0	0	2	0	0	0	0	0	0	0	0	0	1	0	0	2	1	0	
2	0	1	0	1	1	0	3	0	1	0	0	0	1	2	0	0	0	0	0	1	0	0	1	0	0	0	0	
2	0	1	1	0	0	0	0	1	0	0	1	2	1	0	0	2	3	0	0	0	0	0	0	0	2	2	1	
0	0	0	0	1	1	0	3	2	0	0	0	0	0	0	0	3	0	0	0	1	0	0	0	0	1	2	3	
0	0	0	0	0	0	1	0	0	0	0	1	0	0	0	0	0	0	0	0	0	0	0	0	0	0	0	0	
0	2	1	0	1	1	0	0	1	0	0	0	0	1	0	0	0	0	0	0	1	2	0	0	0	0	0	0	
0	0	3	1	1	0	0	3	0	0	0	1	0	1	1	0	0	0	0	0	0	0	0	3	0	0	1	0	
0	0	1	0	2	2	0	0	0	0	1	2	3	0	0	3	3	0	0	0	2	1	2	0	0	0	1	0	
--------------------

--------------------
Best Solution Found!
--------------------
Time: 0 hour(s), 0 minute(s), 44 second(s), 400 millisecond(s)

Fitness: 154798

2	0	0	0	0	0	0	3	0	0	0	1	0	0	1	3	3	3	0	1	1	1	1	0	0	0	0	0	
1	2	2	0	0	1	0	0	1	0	0	0	0	0	0	0	0	0	0	0	0	0	0	1	1	0	0	0	
0	0	0	0	2	0	0	0	1	0	0	1	1	0	0	3	0	3	0	0	1	0	0	0	0	1	1	0	
2	1	1	1	0	0	1	3	0	1	3	0	2	0	0	0	3	3	0	0	0	0	0	0	0	0	1	0	
1	2	1	2	0	0	1	0	0	0	0	0	0	0	0	0	0	0	0	0	0	0	2	0	0	0	1	0	
1	0	1	1	2	0	2	0	1	0	0	0	2	1	0	0	0	0	0	0	0	0	0	0	0	0	2	1	
1	2	0	1	0	0	0	0	1	1	1	1	0	1	0	2	0	0	0	0	1	0	0	0	0	0	0	0	
1	0	0	0	0	0	0	0	0	1	0	0	2	0	2	0	3	3	1	0	1	0	0	0	0	0	0	0	
0	2	1	0	1	0	0	3	2	0	3	1	0	1	2	0	0	0	0	0	1	1	0	0	0	0	1	0	
0	0	0	0	0	1	1	3	0	0	0	1	0	1	0	0	0	0	0	0	0	0	0	1	0	0	0	1	
0	0	0	0	0	2	1	3	1	3	1	0	0	0	0	0	0	0	0	0	1	0	0	0	0	0	0	0	
1	0	0	2	0	0	1	2	1	0	1	1	1	2	0	0	0	2	0	0	0	0	0	0	2	0	0	0	
1	2	1	1	0	1	0	3	1	1	0	1	2	2	0	0	0	0	0	0	0	0	0	0	0	1	1	1	
0	3	0	1	0	0	0	0	0	1	0	1	2	1	0	0	0	0	3	0	0	0	2	1	0	2	1	0	
1	2	0	0	0	1	1	0	0	0	1	1	2	0	1	0	0	0	3	0	0	0	0	0	0	1	1	1	
1	2	1	1	1	0	0	3	0	3	1	0	0	0	1	0	0	0	0	0	1	0	2	1	0	1	0	0	
1	2	0	0	1	1	0	0	0	0	1	0	0	1	0	0	0	0	1	0	1	0	2	0	0	0	0	0	
0	0	0	1	1	1	1	3	0	0	0	2	2	0	0	3	2	0	0	0	2	0	0	0	0	0	0	0	
1	0	1	1	1	1	0	0	0	1	0	2	2	0	0	0	3	0	0	0	0	0	0	0	0	0	1	0	
1	0	3	0	0	0	1	3	0	0	1	0	0	0	1	3	0	0	0	0	0	0	0	0	0	0	0	0	
1	0	0	2	1	0	0	0	0	1	1	1	2	0	0	0	0	0	0	0	0	0	1	1	2	0	1	0	
1	2	1	0	0	0	2	2	0	1	1	0	2	3	0	0	3	0	0	0	2	0	0	0	0	0	1	1	
0	0	1	1	1	0	0	2	1	1	0	0	2	0	0	0	0	0	0	0	0	0	1	0	0	2	1	0	
2	0	1	0	1	1	0	3	0	1	0	0	0	1	2	0	0	0	0	0	1	0	0	1	0	0	0	0	
2	0	1	1	0	0	0	0	1	0	0	1	2	1	0	0	2	3	0	0	0	0	0	0	0	2	2	1	
0	0	0	0	1	1	0	3	2	0	0	0	0	0	0	0	3	0	0	0	1	0	0	0	0	1	2	3	
0	0	0	0	0	0	1	0	0	0	0	1	0	0	0	0	0	0	0	0	0	0	0	0	0	0	0	0	
0	2	1	0	1	1	0	0	1	0	0	0	0	1	0	0	0	0	0	0	1	2	0	0	0	0	0	0	
0	0	3	1	1	0	0	3	0	0	0	1	0	1	1	0	0	0	0	0	0	0	0	3	0	0	1	0	
0	0	1	0	2	2	0	0	0	0	1	2	3	0	0	3	3	0	0	0	2	1	2	0	0	0	1	0	
--------------------

--------------------
Best Solution Found!
--------------------
Time: 0 hour(s), 1 minute(s), 49 second(s), 820 millisecond(s)

Fitness: 152769

1	2	0	0	0	0	0	2	1	1	0	1	0	0	0	0	0	0	0	0	0	1	2	0	0	1	1	0	
1	2	1	1	0	0	1	3	0	0	1	0	2	0	0	0	0	0	0	0	0	0	0	1	0	0	1	1	
0	0	0	2	1	1	1	2	0	0	0	2	0	1	1	0	0	0	0	0	1	0	0	1	0	1	0	0	
0	0	0	1	0	1	0	0	1	1	0	1	2	0	0	3	3	0	0	0	1	1	0	0	0	0	1	0	
2	0	1	1	0	0	0	3	1	0	3	1	0	0	0	0	0	0	0	0	0	0	0	0	0	0	0	0	
1	3	0	0	0	1	2	3	0	0	1	1	0	0	0	0	0	0	0	0	1	0	0	0	2	0	0	0	
1	0	1	1	1	0	1	3	0	0	1	1	0	0	1	0	0	3	0	0	2	0	2	0	0	0	1	1	
1	2	1	0	2	1	0	0	1	1	1	0	1	1	0	0	0	0	0	0	0	0	1	0	0	0	0	3	
1	0	0	1	1	0	0	0	0	0	0	0	2	1	0	0	0	0	0	0	0	0	0	0	0	0	0	0	
1	2	3	1	0	0	0	0	0	0	0	0	2	1	0	0	3	0	0	1	1	0	2	0	0	0	1	0	
0	0	1	1	0	0	0	3	0	0	0	0	2	0	0	2	0	3	1	0	0	0	0	0	0	0	0	0	
1	0	1	0	1	2	0	0	1	0	0	2	3	3	0	0	3	3	0	0	1	2	0	0	0	0	0	1	
1	0	0	0	0	0	0	3	1	1	0	0	0	1	0	0	0	2	0	0	0	0	1	0	0	1	1	0	
2	2	0	0	0	2	1	3	0	0	0	0	0	1	0	0	3	3	3	0	0	0	0	0	0	0	0	0	
2	2	1	0	2	0	0	0	0	1	1	1	0	0	1	0	0	0	0	0	1	0	1	0	0	0	0	0	
1	0	0	1	1	1	0	0	0	3	0	1	1	0	2	3	0	0	0	0	1	0	0	1	0	0	1	0	
0	0	0	0	1	0	1	3	1	0	1	2	2	1	0	0	0	0	0	0	0	0	2	3	0	2	1	0	
0	2	1	2	0	0	1	3	0	1	0	0	0	1	0	0	0	0	0	0	0	0	0	0	0	0	2	0	
1	2	3	0	0	0	1	3	2	3	0	0	0	0	0	0	0	0	0	0	0	0	0	0	0	0	0	1	
1	0	1	1	1	0	0	0	0	0	1	1	2	1	2	3	3	3	0	0	1	1	2	1	2	1	0	0	
0	2	0	0	0	1	0	3	1	0	1	0	0	1	0	0	0	0	1	0	0	0	0	0	0	1	2	0	
0	0	1	0	0	1	0	3	2	1	0	1	2	0	2	0	3	0	0	0	0	0	0	0	0	2	1	0	
1	0	0	0	1	1	0	0	0	0	3	0	2	0	1	3	3	0	0	0	2	0	0	1	0	0	1	0	
0	2	2	1	0	0	0	0	0	0	0	0	0	0	0	0	0	0	3	0	2	0	0	0	0	0	1	1	
2	0	1	0	0	0	0	0	0	1	1	1	0	0	0	0	2	0	0	0	1	0	0	0	0	0	0	1	
0	1	1	0	0	0	2	0	0	0	0	1	0	2	0	0	2	0	0	0	0	0	0	0	0	0	0	0	
0	0	0	2	2	0	0	0	1	0	1	1	2	0	0	0	0	0	0	0	0	0	0	0	1	0	1	0	
0	0	0	0	1	0	1	0	0	0	0	0	2	2	1	0	0	0	0	0	1	0	0	0	0	0	2	0	
0	0	0	1	1	1	0	2	0	1	0	0	0	0	0	0	0	0	0	0	1	0	0	0	0	2	1	0	
1	0	1	0	1	1	1	0	1	1	0	1	2	0	0	3	0	0	0	0	0	0	0	1	0	0	0	0	
--------------------

--------------------
Best Solution Found!
--------------------
Time: 0 hour(s), 13 minute(s), 7 second(s), 563 millisecond(s)

Fitness: 149788

1	2	1	0	0	1	0	3	1	0	0	0	0	0	0	0	0	0	0	0	0	0	0	0	0	1	2	0	
1	1	1	0	0	0	2	3	0	1	0	1	0	0	1	0	0	0	0	0	2	0	2	0	0	0	1	0	
2	0	1	2	0	1	1	3	2	0	0	0	2	1	0	0	0	0	0	0	1	0	1	1	0	0	0	0	
1	0	0	2	0	0	0	3	0	3	3	1	2	0	0	0	0	0	0	0	1	0	0	0	1	1	1	0	
0	0	0	1	0	1	0	3	2	1	0	0	2	1	1	0	0	0	0	0	1	0	1	3	0	0	1	0	
2	2	0	0	0	0	0	0	0	1	1	1	2	1	0	3	0	0	3	0	0	0	0	0	0	0	1	1	
1	2	1	0	0	0	2	3	0	0	0	0	0	0	1	0	0	0	0	0	0	0	0	0	2	0	1	1	
1	0	0	1	0	0	0	0	0	0	0	1	3	2	0	0	0	0	0	0	1	0	0	0	0	0	2	1	
0	2	0	0	2	0	0	0	0	0	0	0	0	0	0	0	0	0	0	0	1	0	0	0	0	0	1	0	
0	0	1	0	2	1	0	3	0	1	0	1	0	0	0	0	0	3	0	0	0	0	0	0	0	0	0	0	
1	0	0	0	1	0	0	3	0	0	0	0	0	1	2	0	3	3	0	0	1	0	0	0	0	0	0	1	
1	0	0	0	0	0	1	2	1	0	1	0	1	1	0	0	0	0	0	1	1	0	0	0	0	0	1	0	
0	0	1	0	1	0	0	0	0	0	1	1	2	3	0	0	0	0	0	0	0	0	0	0	0	0	0	0	
1	2	0	0	0	0	1	3	1	1	1	0	0	0	0	3	3	0	0	0	1	0	2	0	0	0	0	0	
0	0	0	1	1	0	0	0	1	1	1	1	0	0	0	0	2	2	0	0	0	0	0	0	0	2	0	0	
0	0	0	0	1	0	0	2	1	0	1	2	2	1	0	0	0	0	0	0	0	0	2	1	0	0	0	0	
0	0	1	1	1	0	0	0	1	1	0	1	2	0	0	0	3	0	1	0	1	2	2	1	0	0	0	0	
0	0	1	1	0	0	0	0	1	0	0	0	0	2	0	0	0	0	0	0	0	0	2	0	2	1	0	0	
1	2	0	0	0	0	0	0	0	1	0	2	0	0	0	0	0	0	0	0	2	0	0	0	0	0	1	0	
0	2	2	1	1	0	0	0	0	1	0	1	2	1	0	0	2	0	0	0	0	0	0	0	0	0	1	1	
0	2	1	1	0	1	1	0	0	0	0	2	0	0	1	0	0	0	0	0	0	1	0	0	0	0	0	0	
2	0	3	1	1	1	0	3	0	0	1	1	2	1	2	0	0	3	0	0	1	0	1	1	0	0	1	0	
0	0	1	1	1	2	1	0	1	1	1	0	2	1	1	3	0	0	0	0	0	0	0	0	0	1	0	0	
2	2	0	0	1	2	0	0	0	0	0	0	0	0	0	3	3	0	0	0	1	0	0	0	0	2	1	3	
1	0	3	0	0	0	0	0	1	0	1	0	0	0	0	0	0	0	0	0	2	0	0	0	0	0	0	0	
0	0	1	2	0	1	1	3	0	0	1	1	0	0	0	0	0	0	0	0	0	0	0	0	0	2	1	0	
1	0	1	1	0	0	1	2	0	3	0	0	2	0	0	3	3	3	0	0	0	0	0	0	0	0	0	1	
1	2	0	1	1	1	1	0	0	0	3	0	0	0	0	2	3	0	0	0	0	1	0	0	0	1	1	0	
1	3	0	0	2	1	1	0	0	0	0	1	1	1	2	0	0	3	3	0	0	0	0	1	0	0	2	0	
1	0	1	0	1	1	0	3	1	0	0	1	2	0	0	0	3	0	1	0	0	1	0	1	0	0	0	0	
--------------------


The best solution was found at the restart: 14, population: 0
Total Time Elapsed: 0 hour(s), 29 minute(s), 14 second(s), 342 millisecond(s)

