--------------------
Best Solution Found!
--------------------
Time: 0 hour(s), 0 minute(s), 0 second(s), 11 millisecond(s)

Fitness: 40351

0	3	0	1	3	1	2	
0	1	0	1	0	2	2	
0	2	0	3	0	3	0	
0	1	0	3	0	2	0	
0	0	0	0	0	2	0	
0	2	1	3	1	2	0	
0	1	0	0	1	1	2	
0	0	0	1	0	1	1	
0	2	2	0	0	1	0	
0	3	0	2	0	2	1	
0	2	0	0	0	1	1	
0	2	0	3	0	3	3	
0	2	0	2	0	2	0	
0	2	0	0	1	0	2	
1	1	0	1	0	2	2	
0	0	0	2	0	3	1	
0	1	1	3	0	2	2	
0	2	0	1	0	1	0	
0	3	3	1	0	3	3	
3	1	0	1	0	1	1	
0	2	0	3	0	3	1	
0	3	0	3	0	1	2	
0	0	1	0	0	1	2	
0	0	0	0	0	0	2	
0	0	0	3	0	2	3	
0	2	0	0	2	3	1	
0	2	0	2	0	1	2	
0	1	3	0	0	3	1	
0	2	0	0	1	1	0	
0	0	2	3	0	2	1	
0	1	2	3	0	2	2	
0	3	0	2	0	2	0	
0	2	0	0	0	3	1	
0	2	0	2	2	2	2	
1	1	0	2	0	1	1	
0	1	0	3	0	0	0	
0	0	0	3	0	2	3	
0	1	0	1	0	0	0	
0	0	0	3	0	2	3	
0	0	0	2	0	1	1	
0	1	0	3	0	2	1	
0	1	0	0	0	0	0	
0	2	0	3	0	2	1	
0	3	0	2	0	1	1	
0	0	0	3	0	1	3	
0	1	0	0	0	2	1	
0	1	0	1	0	0	2	
2	1	0	3	0	1	3	
0	3	0	3	0	1	2	
0	0	0	0	0	2	2	
--------------------

--------------------
Best Solution Found!
--------------------
Time: 0 hour(s), 0 minute(s), 0 second(s), 18 millisecond(s)

Fitness: 40341

0	3	0	0	0	1	2	
0	0	0	2	0	0	3	
0	0	2	1	0	0	2	
0	3	0	3	0	2	3	
0	1	0	1	1	1	3	
0	0	0	3	0	2	1	
0	2	0	2	0	2	1	
0	1	0	3	1	3	1	
0	0	0	0	0	1	0	
0	1	0	3	2	3	1	
0	2	0	2	0	2	1	
1	1	0	1	0	1	3	
0	1	0	0	0	2	2	
0	0	0	3	0	1	2	
0	2	0	3	0	1	0	
0	3	0	0	0	0	2	
0	1	3	1	0	1	0	
0	1	0	1	0	1	0	
0	1	0	2	0	3	1	
0	2	0	1	1	2	1	
0	2	0	1	0	2	1	
1	1	0	1	0	3	2	
0	0	0	3	0	1	1	
0	1	0	0	0	2	3	
2	0	0	0	0	1	2	
0	2	1	3	0	1	0	
0	2	2	3	0	2	2	
0	0	2	3	2	3	1	
0	2	0	0	0	2	0	
0	3	0	3	0	2	1	
0	0	0	2	0	2	0	
0	0	0	0	0	3	1	
0	2	0	0	0	1	2	
0	3	0	2	0	2	2	
0	2	0	3	0	3	2	
0	1	0	0	0	2	0	
0	2	0	0	0	2	2	
0	0	3	3	0	3	1	
0	1	0	0	0	1	3	
0	2	1	3	1	0	2	
0	3	0	2	0	1	1	
0	2	0	2	0	1	1	
3	1	0	1	0	2	0	
0	3	1	3	0	1	0	
0	0	0	3	0	2	3	
0	1	0	0	0	1	0	
0	2	0	3	0	0	0	
0	2	0	0	0	2	2	
0	1	0	3	3	2	1	
0	1	0	2	0	0	2	
--------------------

--------------------
Best Solution Found!
--------------------
Time: 0 hour(s), 0 minute(s), 0 second(s), 24 millisecond(s)

Fitness: 40341

0	3	0	0	0	1	2	
0	0	0	2	0	0	3	
0	0	2	1	0	0	2	
0	3	0	3	0	2	3	
0	1	0	1	1	1	3	
0	0	0	3	0	2	1	
0	2	0	2	0	2	1	
0	1	0	3	1	3	1	
0	0	0	0	0	1	0	
0	1	0	3	2	3	1	
0	2	0	2	0	2	1	
1	1	0	1	0	1	3	
0	1	0	0	0	2	2	
0	0	0	3	0	1	2	
0	2	0	3	0	1	0	
0	3	0	0	0	0	2	
0	1	3	1	0	1	0	
0	1	0	1	0	1	0	
0	1	0	2	0	3	1	
0	2	0	1	1	2	1	
0	2	0	1	0	2	1	
1	1	0	1	0	3	2	
0	0	0	3	0	1	1	
0	1	0	0	0	2	3	
2	0	0	0	0	1	2	
0	2	1	3	0	1	0	
0	2	2	3	0	2	2	
0	0	2	3	2	3	1	
0	2	0	0	0	2	0	
0	3	0	3	0	2	1	
0	0	0	2	0	2	0	
0	0	0	0	0	3	1	
0	2	0	0	0	1	2	
0	3	0	2	0	2	2	
0	2	0	3	0	3	2	
0	1	0	0	0	2	0	
0	2	0	0	0	2	2	
0	0	3	3	0	3	1	
0	1	0	0	0	1	3	
0	2	1	3	1	0	2	
0	3	0	2	0	1	1	
0	2	0	2	0	1	1	
3	1	0	1	0	2	0	
0	3	1	3	0	1	0	
0	0	0	3	0	2	3	
0	1	0	0	0	1	0	
0	2	0	3	0	0	0	
0	2	0	0	0	2	2	
0	1	0	3	3	2	1	
0	1	0	2	0	0	2	
--------------------

--------------------
Best Solution Found!
--------------------
Time: 0 hour(s), 0 minute(s), 0 second(s), 32 millisecond(s)

Fitness: 40341

0	3	0	0	0	1	2	
0	0	0	2	0	0	3	
0	0	2	1	0	0	2	
0	3	0	3	0	2	3	
0	1	0	1	1	1	3	
0	0	0	3	0	2	1	
0	2	0	2	0	2	1	
0	1	0	3	1	3	1	
0	0	0	0	0	1	0	
0	1	0	3	2	3	1	
0	2	0	2	0	2	1	
1	1	0	1	0	1	3	
0	1	0	0	0	2	2	
0	0	0	3	0	1	2	
0	2	0	3	0	1	0	
0	3	0	0	0	0	2	
0	1	3	1	0	1	0	
0	1	0	1	0	1	0	
0	1	0	2	0	3	1	
0	2	0	1	1	2	1	
0	2	0	1	0	2	1	
1	1	0	1	0	3	2	
0	0	0	3	0	1	1	
0	1	0	0	0	2	3	
2	0	0	0	0	1	2	
0	2	1	3	0	1	0	
0	2	2	3	0	2	2	
0	0	2	3	2	3	1	
0	2	0	0	0	2	0	
0	3	0	3	0	2	1	
0	0	0	2	0	2	0	
0	0	0	0	0	3	1	
0	2	0	0	0	1	2	
0	3	0	2	0	2	2	
0	2	0	3	0	3	2	
0	1	0	0	0	2	0	
0	2	0	0	0	2	2	
0	0	3	3	0	3	1	
0	1	0	0	0	1	3	
0	2	1	3	1	0	2	
0	3	0	2	0	1	1	
0	2	0	2	0	1	1	
3	1	0	1	0	2	0	
0	3	1	3	0	1	0	
0	0	0	3	0	2	3	
0	1	0	0	0	1	0	
0	2	0	3	0	0	0	
0	2	0	0	0	2	2	
0	1	0	3	3	2	1	
0	1	0	2	0	0	2	
--------------------

--------------------
Best Solution Found!
--------------------
Time: 0 hour(s), 0 minute(s), 0 second(s), 42 millisecond(s)

Fitness: 39362

0	0	0	0	0	1	0	
0	0	0	0	0	2	3	
0	1	3	3	0	1	1	
0	1	0	3	0	2	3	
0	2	0	0	0	2	0	
0	2	2	0	0	2	0	
0	1	0	0	0	2	2	
0	2	0	3	0	2	1	
0	2	0	3	0	2	2	
0	1	0	2	0	2	2	
0	2	0	3	0	1	2	
0	1	0	3	0	1	2	
3	1	0	2	0	3	1	
0	2	0	0	0	1	0	
2	1	0	3	0	3	3	
0	1	0	0	0	0	2	
0	2	1	2	0	1	0	
0	0	0	2	0	2	3	
1	3	0	1	0	3	1	
0	3	0	2	0	2	0	
0	2	1	1	0	2	3	
1	0	0	2	0	0	1	
0	0	2	1	0	1	3	
0	3	0	1	0	1	2	
0	0	0	3	1	1	0	
0	2	0	0	0	2	1	
0	3	3	2	0	0	0	
0	0	0	0	1	3	1	
0	2	0	3	2	2	3	
0	1	0	3	0	2	2	
0	2	0	0	0	1	2	
0	0	0	0	0	0	2	
0	0	0	2	1	3	0	
0	0	0	3	0	3	1	
0	0	0	0	0	1	1	
0	3	0	3	2	1	2	
0	1	0	1	0	3	1	
0	2	0	0	0	1	1	
0	2	0	2	0	1	0	
0	1	0	1	0	2	1	
0	1	0	1	1	1	1	
0	1	1	3	0	2	2	
0	3	0	3	0	2	1	
0	1	2	3	0	1	2	
0	1	0	1	0	0	2	
0	2	0	1	3	1	1	
0	2	0	3	0	0	2	
0	1	0	3	0	2	0	
0	0	0	3	0	3	1	
0	3	0	0	0	2	0	
--------------------

--------------------
Best Solution Found!
--------------------
Time: 0 hour(s), 0 minute(s), 0 second(s), 44 millisecond(s)

Fitness: 39362

0	0	0	0	0	1	0	
0	0	0	0	0	2	3	
0	1	3	3	0	1	1	
0	1	0	3	0	2	3	
0	2	0	0	0	2	0	
0	2	2	0	0	2	0	
0	1	0	0	0	2	2	
0	2	0	3	0	2	1	
0	2	0	3	0	2	2	
0	1	0	2	0	2	2	
0	2	0	3	0	1	2	
0	1	0	3	0	1	2	
3	1	0	2	0	3	1	
0	2	0	0	0	1	0	
2	1	0	3	0	3	3	
0	1	0	0	0	0	2	
0	2	1	2	0	1	0	
0	0	0	2	0	2	3	
1	3	0	1	0	3	1	
0	3	0	2	0	2	0	
0	2	1	1	0	2	3	
1	0	0	2	0	0	1	
0	0	2	1	0	1	3	
0	3	0	1	0	1	2	
0	0	0	3	1	1	0	
0	2	0	0	0	2	1	
0	3	3	2	0	0	0	
0	0	0	0	1	3	1	
0	2	0	3	2	2	3	
0	1	0	3	0	2	2	
0	2	0	0	0	1	2	
0	0	0	0	0	0	2	
0	0	0	2	1	3	0	
0	0	0	3	0	3	1	
0	0	0	0	0	1	1	
0	3	0	3	2	1	2	
0	1	0	1	0	3	1	
0	2	0	0	0	1	1	
0	2	0	2	0	1	0	
0	1	0	1	0	2	1	
0	1	0	1	1	1	1	
0	1	1	3	0	2	2	
0	3	0	3	0	2	1	
0	1	2	3	0	1	2	
0	1	0	1	0	0	2	
0	2	0	1	3	1	1	
0	2	0	3	0	0	2	
0	1	0	3	0	2	0	
0	0	0	3	0	3	1	
0	3	0	0	0	2	0	
--------------------

--------------------
Best Solution Found!
--------------------
Time: 0 hour(s), 0 minute(s), 0 second(s), 108 millisecond(s)

Fitness: 39357

0	1	3	3	3	3	1	
0	2	0	0	0	1	0	
0	0	0	3	0	2	2	
0	0	0	2	2	2	0	
0	1	1	2	0	3	2	
0	1	0	0	1	0	1	
0	0	0	3	0	3	0	
0	0	0	3	0	1	3	
1	2	0	1	0	2	3	
0	1	0	3	0	2	2	
0	2	2	0	1	1	2	
0	0	0	3	0	3	1	
0	0	0	3	0	2	1	
0	1	0	1	0	2	1	
0	3	0	3	0	2	1	
0	1	0	1	0	1	0	
0	1	0	1	0	2	1	
0	3	0	2	0	3	2	
0	0	0	3	0	1	3	
0	0	0	2	0	1	0	
0	2	0	2	0	3	0	
3	3	0	1	0	2	1	
0	2	0	1	0	1	0	
0	2	0	3	1	2	2	
0	1	2	3	0	2	1	
0	1	1	3	0	1	0	
0	1	0	3	2	1	3	
0	3	0	3	0	3	2	
2	2	0	2	0	0	1	
0	2	0	0	0	0	2	
0	0	0	3	0	0	0	
0	1	0	0	0	2	2	
0	2	0	0	0	1	3	
0	2	0	3	0	2	0	
0	3	0	3	0	2	1	
1	2	0	2	0	1	2	
0	0	0	1	0	1	2	
0	1	0	2	0	1	2	
0	2	1	2	0	2	1	
0	2	0	0	0	2	3	
0	0	3	1	0	1	2	
0	2	0	0	0	1	1	
0	2	0	0	0	0	0	
0	3	0	0	0	2	1	
0	1	2	1	0	3	3	
0	1	0	3	1	1	1	
0	1	0	0	0	0	2	
0	3	0	0	0	2	0	
0	1	0	0	0	1	2	
0	0	0	0	0	2	1	
--------------------

--------------------
Best Solution Found!
--------------------
Time: 0 hour(s), 0 minute(s), 0 second(s), 112 millisecond(s)

Fitness: 39357

0	1	3	3	3	3	1	
0	2	0	0	0	1	0	
0	0	0	3	0	2	2	
0	0	0	2	2	2	0	
0	1	1	2	0	3	2	
0	1	0	0	1	0	1	
0	0	0	3	0	3	0	
0	0	0	3	0	1	3	
1	2	0	1	0	2	3	
0	1	0	3	0	2	2	
0	2	2	0	1	1	2	
0	0	0	3	0	3	1	
0	0	0	3	0	2	1	
0	1	0	1	0	2	1	
0	3	0	3	0	2	1	
0	1	0	1	0	1	0	
0	1	0	1	0	2	1	
0	3	0	2	0	3	2	
0	0	0	3	0	1	3	
0	0	0	2	0	1	0	
0	2	0	2	0	3	0	
3	3	0	1	0	2	1	
0	2	0	1	0	1	0	
0	2	0	3	1	2	2	
0	1	2	3	0	2	1	
0	1	1	3	0	1	0	
0	1	0	3	2	1	3	
0	3	0	3	0	3	2	
2	2	0	2	0	0	1	
0	2	0	0	0	0	2	
0	0	0	3	0	0	0	
0	1	0	0	0	2	2	
0	2	0	0	0	1	3	
0	2	0	3	0	2	0	
0	3	0	3	0	2	1	
1	2	0	2	0	1	2	
0	0	0	1	0	1	2	
0	1	0	2	0	1	2	
0	2	1	2	0	2	1	
0	2	0	0	0	2	3	
0	0	3	1	0	1	2	
0	2	0	0	0	1	1	
0	2	0	0	0	0	0	
0	3	0	0	0	2	1	
0	1	2	1	0	3	3	
0	1	0	3	1	1	1	
0	1	0	0	0	0	2	
0	3	0	0	0	2	0	
0	1	0	0	0	1	2	
0	0	0	0	0	2	1	
--------------------

--------------------
Best Solution Found!
--------------------
Time: 0 hour(s), 0 minute(s), 0 second(s), 118 millisecond(s)

Fitness: 39357

0	1	3	3	3	3	1	
0	2	0	0	0	1	0	
0	0	0	3	0	2	2	
0	0	0	2	2	2	0	
0	1	1	2	0	3	2	
0	1	0	0	1	0	1	
0	0	0	3	0	3	0	
0	0	0	3	0	1	3	
1	2	0	1	0	2	3	
0	1	0	3	0	2	2	
0	2	2	0	1	1	2	
0	0	0	3	0	3	1	
0	0	0	3	0	2	1	
0	1	0	1	0	2	1	
0	3	0	3	0	2	1	
0	1	0	1	0	1	0	
0	1	0	1	0	2	1	
0	3	0	2	0	3	2	
0	0	0	3	0	1	3	
0	0	0	2	0	1	0	
0	2	0	2	0	3	0	
3	3	0	1	0	2	1	
0	2	0	1	0	1	0	
0	2	0	3	1	2	2	
0	1	2	3	0	2	1	
0	1	1	3	0	1	0	
0	1	0	3	2	1	3	
0	3	0	3	0	3	2	
2	2	0	2	0	0	1	
0	2	0	0	0	0	2	
0	0	0	3	0	0	0	
0	1	0	0	0	2	2	
0	2	0	0	0	1	3	
0	2	0	3	0	2	0	
0	3	0	3	0	2	1	
1	2	0	2	0	1	2	
0	0	0	1	0	1	2	
0	1	0	2	0	1	2	
0	2	1	2	0	2	1	
0	2	0	0	0	2	3	
0	0	3	1	0	1	2	
0	2	0	0	0	1	1	
0	2	0	0	0	0	0	
0	3	0	0	0	2	1	
0	1	2	1	0	3	3	
0	1	0	3	1	1	1	
0	1	0	0	0	0	2	
0	3	0	0	0	2	0	
0	1	0	0	0	1	2	
0	0	0	0	0	2	1	
--------------------

--------------------
Best Solution Found!
--------------------
Time: 0 hour(s), 0 minute(s), 0 second(s), 120 millisecond(s)

Fitness: 39357

0	1	3	3	3	3	1	
0	2	0	0	0	1	0	
0	0	0	3	0	2	2	
0	0	0	2	2	2	0	
0	1	1	2	0	3	2	
0	1	0	0	1	0	1	
0	0	0	3	0	3	0	
0	0	0	3	0	1	3	
1	2	0	1	0	2	3	
0	1	0	3	0	2	2	
0	2	2	0	1	1	2	
0	0	0	3	0	3	1	
0	0	0	3	0	2	1	
0	1	0	1	0	2	1	
0	3	0	3	0	2	1	
0	1	0	1	0	1	0	
0	1	0	1	0	2	1	
0	3	0	2	0	3	2	
0	0	0	3	0	1	3	
0	0	0	2	0	1	0	
0	2	0	2	0	3	0	
3	3	0	1	0	2	1	
0	2	0	1	0	1	0	
0	2	0	3	1	2	2	
0	1	2	3	0	2	1	
0	1	1	3	0	1	0	
0	1	0	3	2	1	3	
0	3	0	3	0	3	2	
2	2	0	2	0	0	1	
0	2	0	0	0	0	2	
0	0	0	3	0	0	0	
0	1	0	0	0	2	2	
0	2	0	0	0	1	3	
0	2	0	3	0	2	0	
0	3	0	3	0	2	1	
1	2	0	2	0	1	2	
0	0	0	1	0	1	2	
0	1	0	2	0	1	2	
0	2	1	2	0	2	1	
0	2	0	0	0	2	3	
0	0	3	1	0	1	2	
0	2	0	0	0	1	1	
0	2	0	0	0	0	0	
0	3	0	0	0	2	1	
0	1	2	1	0	3	3	
0	1	0	3	1	1	1	
0	1	0	0	0	0	2	
0	3	0	0	0	2	0	
0	1	0	0	0	1	2	
0	0	0	0	0	2	1	
--------------------

--------------------
Best Solution Found!
--------------------
Time: 0 hour(s), 0 minute(s), 0 second(s), 122 millisecond(s)

Fitness: 39357

0	1	3	3	3	3	1	
0	2	0	0	0	1	0	
0	0	0	3	0	2	2	
0	0	0	2	2	2	0	
0	1	1	2	0	3	2	
0	1	0	0	1	0	1	
0	0	0	3	0	3	0	
0	0	0	3	0	1	3	
1	2	0	1	0	2	3	
0	1	0	3	0	2	2	
0	2	2	0	1	1	2	
0	0	0	3	0	3	1	
0	0	0	3	0	2	1	
0	1	0	1	0	2	1	
0	3	0	3	0	2	1	
0	1	0	1	0	1	0	
0	1	0	1	0	2	1	
0	3	0	2	0	3	2	
0	0	0	3	0	1	3	
0	0	0	2	0	1	0	
0	2	0	2	0	3	0	
3	3	0	1	0	2	1	
0	2	0	1	0	1	0	
0	2	0	3	1	2	2	
0	1	2	3	0	2	1	
0	1	1	3	0	1	0	
0	1	0	3	2	1	3	
0	3	0	3	0	3	2	
2	2	0	2	0	0	1	
0	2	0	0	0	0	2	
0	0	0	3	0	0	0	
0	1	0	0	0	2	2	
0	2	0	0	0	1	3	
0	2	0	3	0	2	0	
0	3	0	3	0	2	1	
1	2	0	2	0	1	2	
0	0	0	1	0	1	2	
0	1	0	2	0	1	2	
0	2	1	2	0	2	1	
0	2	0	0	0	2	3	
0	0	3	1	0	1	2	
0	2	0	0	0	1	1	
0	2	0	0	0	0	0	
0	3	0	0	0	2	1	
0	1	2	1	0	3	3	
0	1	0	3	1	1	1	
0	1	0	0	0	0	2	
0	3	0	0	0	2	0	
0	1	0	0	0	1	2	
0	0	0	0	0	2	1	
--------------------

--------------------
Best Solution Found!
--------------------
Time: 0 hour(s), 0 minute(s), 0 second(s), 262 millisecond(s)

Fitness: 39345

0	2	0	1	0	3	1	
0	2	0	0	0	1	0	
0	1	0	3	0	2	2	
0	3	0	3	0	2	0	
0	3	2	1	0	3	2	
0	2	0	3	0	0	1	
0	1	0	3	0	3	0	
0	3	0	0	2	1	3	
0	0	1	3	0	2	3	
0	2	0	3	0	2	2	
1	1	0	3	0	1	2	
0	0	3	1	0	3	1	
0	2	0	1	3	2	1	
0	1	3	3	0	2	1	
0	3	1	1	0	2	1	
0	1	0	0	0	1	0	
0	1	2	2	0	2	1	
0	2	0	0	0	3	2	
0	3	0	0	0	1	3	
0	0	0	2	0	1	0	
0	2	2	0	0	3	0	
0	0	0	3	2	2	1	
0	2	0	0	0	1	0	
0	2	0	1	0	2	2	
0	0	0	3	0	2	1	
0	0	0	0	1	1	0	
0	1	0	0	0	1	3	
0	2	0	2	0	3	2	
0	2	0	2	1	0	1	
0	2	0	0	0	0	2	
0	0	0	3	0	0	0	
0	3	0	3	0	2	2	
2	1	0	2	0	1	3	
0	0	0	0	0	2	0	
0	2	1	3	0	2	1	
0	2	0	1	1	1	2	
0	1	0	0	0	1	2	
0	1	0	2	0	1	2	
0	0	0	2	0	2	1	
0	3	0	3	0	2	3	
0	0	0	0	0	1	2	
0	1	0	3	0	1	1	
0	2	0	0	0	0	0	
0	1	0	3	0	2	1	
0	1	0	2	1	3	3	
1	1	0	3	0	1	1	
0	1	0	2	0	0	2	
3	0	0	1	0	2	0	
0	0	0	3	0	1	2	
0	1	0	1	0	2	1	
--------------------

--------------------
Best Solution Found!
--------------------
Time: 0 hour(s), 0 minute(s), 0 second(s), 432 millisecond(s)

Fitness: 38345

0	2	0	0	0	2	2	
0	2	0	0	0	1	0	
0	0	0	0	0	3	1	
0	2	0	3	0	1	0	
0	1	0	3	0	3	0	
0	1	0	3	2	1	1	
0	2	0	3	0	0	1	
0	2	0	1	0	2	2	
0	0	0	2	0	0	3	
0	2	0	3	0	2	2	
0	3	0	3	0	1	3	
0	0	0	3	0	2	0	
0	1	0	1	0	3	2	
3	1	0	2	0	2	0	
0	2	0	2	0	0	0	
0	2	0	3	0	3	1	
0	3	0	0	0	0	2	
0	1	1	1	1	0	3	
0	0	3	0	0	2	1	
0	2	0	0	0	1	2	
0	2	2	2	0	1	1	
0	3	0	1	0	1	0	
0	1	1	0	0	2	1	
0	2	0	3	0	3	1	
0	0	0	0	0	1	0	
0	1	0	3	1	2	3	
0	2	0	0	0	1	3	
0	1	0	0	0	2	1	
0	1	0	2	0	2	2	
1	1	0	1	0	2	1	
0	1	0	3	1	1	1	
0	3	0	0	0	2	1	
0	1	0	0	0	1	2	
0	0	0	3	0	1	0	
0	2	0	1	0	2	2	
0	1	0	3	3	2	2	
0	0	0	2	0	1	0	
1	0	1	2	0	2	1	
0	2	2	1	0	1	2	
0	0	0	1	0	3	1	
0	3	0	3	1	0	0	
0	0	3	3	0	1	2	
2	1	0	2	0	2	2	
0	0	0	3	0	1	1	
0	2	2	1	0	3	3	
0	1	0	3	0	1	2	
0	3	0	3	2	3	3	
0	0	0	0	0	2	0	
0	1	0	2	0	2	1	
0	3	0	0	0	2	2	
--------------------

--------------------
Best Solution Found!
--------------------
Time: 0 hour(s), 0 minute(s), 0 second(s), 436 millisecond(s)

Fitness: 38345

0	2	0	0	0	2	2	
0	2	0	0	0	1	0	
0	0	0	0	0	3	1	
0	2	0	3	0	1	0	
0	1	0	3	0	3	0	
0	1	0	3	2	1	1	
0	2	0	3	0	0	1	
0	2	0	1	0	2	2	
0	0	0	2	0	0	3	
0	2	0	3	0	2	2	
0	3	0	3	0	1	3	
0	0	0	3	0	2	0	
0	1	0	1	0	3	2	
3	1	0	2	0	2	0	
0	2	0	2	0	0	0	
0	2	0	3	0	3	1	
0	3	0	0	0	0	2	
0	1	1	1	1	0	3	
0	0	3	0	0	2	1	
0	2	0	0	0	1	2	
0	2	2	2	0	1	1	
0	3	0	1	0	1	0	
0	1	1	0	0	2	1	
0	2	0	3	0	3	1	
0	0	0	0	0	1	0	
0	1	0	3	1	2	3	
0	2	0	0	0	1	3	
0	1	0	0	0	2	1	
0	1	0	2	0	2	2	
1	1	0	1	0	2	1	
0	1	0	3	1	1	1	
0	3	0	0	0	2	1	
0	1	0	0	0	1	2	
0	0	0	3	0	1	0	
0	2	0	1	0	2	2	
0	1	0	3	3	2	2	
0	0	0	2	0	1	0	
1	0	1	2	0	2	1	
0	2	2	1	0	1	2	
0	0	0	1	0	3	1	
0	3	0	3	1	0	0	
0	0	3	3	0	1	2	
2	1	0	2	0	2	2	
0	0	0	3	0	1	1	
0	2	2	1	0	3	3	
0	1	0	3	0	1	2	
0	3	0	3	2	3	3	
0	0	0	0	0	2	0	
0	1	0	2	0	2	1	
0	3	0	0	0	2	2	
--------------------

--------------------
Best Solution Found!
--------------------
Time: 0 hour(s), 0 minute(s), 0 second(s), 440 millisecond(s)

Fitness: 38345

0	2	0	0	0	2	2	
0	2	0	0	0	1	0	
0	0	0	0	0	3	1	
0	2	0	3	0	1	0	
0	1	0	3	0	3	0	
0	1	0	3	2	1	1	
0	2	0	3	0	0	1	
0	2	0	1	0	2	2	
0	0	0	2	0	0	3	
0	2	0	3	0	2	2	
0	3	0	3	0	1	3	
0	0	0	3	0	2	0	
0	1	0	1	0	3	2	
3	1	0	2	0	2	0	
0	2	0	2	0	0	0	
0	2	0	3	0	3	1	
0	3	0	0	0	0	2	
0	1	1	1	1	0	3	
0	0	3	0	0	2	1	
0	2	0	0	0	1	2	
0	2	2	2	0	1	1	
0	3	0	1	0	1	0	
0	1	1	0	0	2	1	
0	2	0	3	0	3	1	
0	0	0	0	0	1	0	
0	1	0	3	1	2	3	
0	2	0	0	0	1	3	
0	1	0	0	0	2	1	
0	1	0	2	0	2	2	
1	1	0	1	0	2	1	
0	1	0	3	1	1	1	
0	3	0	0	0	2	1	
0	1	0	0	0	1	2	
0	0	0	3	0	1	0	
0	2	0	1	0	2	2	
0	1	0	3	3	2	2	
0	0	0	2	0	1	0	
1	0	1	2	0	2	1	
0	2	2	1	0	1	2	
0	0	0	1	0	3	1	
0	3	0	3	1	0	0	
0	0	3	3	0	1	2	
2	1	0	2	0	2	2	
0	0	0	3	0	1	1	
0	2	2	1	0	3	3	
0	1	0	3	0	1	2	
0	3	0	3	2	3	3	
0	0	0	0	0	2	0	
0	1	0	2	0	2	1	
0	3	0	0	0	2	2	
--------------------

--------------------
Best Solution Found!
--------------------
Time: 0 hour(s), 0 minute(s), 1 second(s), 810 millisecond(s)

Fitness: 38343

0	2	0	3	0	2	2	
0	2	0	3	0	2	0	
0	1	0	2	0	1	1	
0	3	0	0	0	3	1	
0	2	0	2	0	1	0	
0	0	0	2	0	2	0	
0	1	2	1	0	2	2	
0	0	0	3	0	2	3	
1	1	3	3	0	0	2	
0	1	0	0	0	1	2	
0	0	0	3	0	0	1	
0	3	0	0	0	2	1	
0	1	0	3	0	2	3	
0	2	0	0	0	1	0	
0	0	0	3	0	2	3	
0	1	0	1	0	1	3	
0	3	0	0	0	2	2	
0	0	1	2	0	1	2	
0	1	0	0	0	1	1	
0	1	2	3	0	1	2	
0	0	0	3	0	1	1	
0	1	0	0	0	2	0	
0	1	0	3	2	1	1	
2	1	0	0	0	0	1	
1	3	0	3	0	2	2	
0	3	0	2	3	2	1	
0	2	0	1	0	2	1	
0	2	0	1	1	2	2	
0	3	0	3	2	3	2	
0	1	0	2	0	1	0	
0	0	0	0	0	2	1	
0	2	0	1	1	1	2	
3	3	0	2	0	3	1	
0	1	0	2	0	1	3	
0	2	1	2	0	1	3	
0	0	0	3	0	0	0	
0	2	0	0	1	0	2	
0	2	0	1	0	1	0	
0	0	0	3	0	3	2	
0	0	1	3	0	2	2	
0	1	0	0	0	3	2	
0	2	3	3	0	1	1	
0	0	0	1	0	2	1	
0	1	0	0	0	3	0	
0	2	0	3	0	1	0	
0	0	0	1	1	3	1	
0	2	0	0	0	3	0	
0	2	0	1	0	2	1	
0	1	2	3	0	0	3	
0	2	0	0	0	2	0	
--------------------

--------------------
Best Solution Found!
--------------------
Time: 0 hour(s), 0 minute(s), 3 second(s), 58 millisecond(s)

Fitness: 38341

0	0	0	0	0	2	2	
0	3	0	0	0	1	2	
0	1	0	1	0	0	1	
0	0	0	0	0	1	3	
0	3	0	3	0	3	2	
0	1	2	3	0	3	2	
0	1	0	1	0	1	2	
0	1	0	3	0	1	0	
0	2	0	2	0	2	1	
0	2	0	0	0	2	0	
0	2	0	2	0	2	0	
0	0	2	3	0	2	1	
0	1	0	3	1	3	1	
0	1	0	1	0	1	3	
3	2	0	3	0	2	1	
0	2	0	3	2	2	2	
0	3	0	1	0	0	2	
1	2	0	2	0	3	1	
0	1	0	3	0	2	3	
0	0	0	0	0	2	0	
0	2	0	3	0	0	2	
0	2	0	0	0	1	2	
0	0	0	3	0	2	3	
0	1	0	2	0	3	2	
0	0	0	0	0	2	1	
0	1	0	1	0	2	2	
0	0	0	3	3	2	2	
0	0	0	1	0	1	0	
0	2	1	2	0	1	1	
1	3	0	3	0	3	3	
2	0	0	0	0	1	0	
0	1	0	0	0	2	1	
0	3	1	2	0	2	1	
0	2	0	3	0	0	2	
0	1	0	1	0	1	0	
0	2	0	0	0	0	1	
0	3	0	3	1	1	3	
0	0	0	2	0	1	0	
0	1	0	3	1	2	2	
0	1	3	2	0	2	1	
0	0	0	3	0	3	3	
0	1	1	0	0	1	0	
0	2	0	3	0	1	0	
0	1	2	1	0	1	1	
0	2	3	0	0	1	0	
0	2	0	0	2	0	1	
0	1	0	2	1	2	0	
0	2	0	3	0	3	1	
0	0	0	1	0	1	2	
0	3	0	0	0	2	1	
--------------------

--------------------
Best Solution Found!
--------------------
Time: 0 hour(s), 0 minute(s), 3 second(s), 962 millisecond(s)

Fitness: 37342

0	1	0	0	0	0	2	
0	2	1	2	0	3	2	
0	0	0	0	0	1	1	
0	0	0	0	0	2	3	
0	2	0	3	0	2	2	
0	1	0	3	0	2	0	
0	1	0	0	0	1	2	
0	0	0	3	2	3	3	
1	3	0	3	0	2	1	
0	1	0	3	0	1	2	
0	1	1	2	0	2	2	
0	3	0	1	0	3	0	
0	0	0	3	0	3	0	
0	0	0	1	0	3	0	
0	2	0	3	0	0	1	
0	1	0	1	1	1	0	
0	1	0	0	0	1	2	
0	0	0	3	0	1	1	
0	0	0	3	0	1	1	
0	3	0	0	0	3	3	
0	1	1	2	0	2	1	
0	1	0	3	0	0	2	
0	0	0	0	0	2	1	
0	2	0	1	0	2	1	
0	0	0	0	0	1	2	
0	0	0	0	0	2	0	
0	2	0	1	1	1	1	
0	2	0	2	0	2	2	
0	1	0	1	3	2	1	
0	2	2	2	0	2	2	
0	2	3	3	0	2	3	
0	2	0	3	2	1	3	
0	2	0	0	0	1	2	
0	3	2	3	0	2	2	
0	1	0	3	0	3	1	
0	3	0	0	0	2	1	
0	3	0	1	0	0	0	
3	1	0	2	0	1	1	
0	2	0	0	0	2	2	
0	3	0	0	0	1	3	
0	2	0	2	1	1	1	
0	1	0	3	0	1	0	
0	2	0	1	0	1	0	
1	1	3	3	0	3	3	
0	0	0	0	0	1	0	
0	2	0	3	0	0	1	
0	0	2	2	1	2	1	
0	1	0	1	0	2	0	
2	2	0	2	0	2	0	
0	1	0	3	0	0	2	
--------------------

--------------------
Best Solution Found!
--------------------
Time: 0 hour(s), 0 minute(s), 3 second(s), 964 millisecond(s)

Fitness: 37342

0	1	0	0	0	0	2	
0	2	1	2	0	3	2	
0	0	0	0	0	1	1	
0	0	0	0	0	2	3	
0	2	0	3	0	2	2	
0	1	0	3	0	2	0	
0	1	0	0	0	1	2	
0	0	0	3	2	3	3	
1	3	0	3	0	2	1	
0	1	0	3	0	1	2	
0	1	1	2	0	2	2	
0	3	0	1	0	3	0	
0	0	0	3	0	3	0	
0	0	0	1	0	3	0	
0	2	0	3	0	0	1	
0	1	0	1	1	1	0	
0	1	0	0	0	1	2	
0	0	0	3	0	1	1	
0	0	0	3	0	1	1	
0	3	0	0	0	3	3	
0	1	1	2	0	2	1	
0	1	0	3	0	0	2	
0	0	0	0	0	2	1	
0	2	0	1	0	2	1	
0	0	0	0	0	1	2	
0	0	0	0	0	2	0	
0	2	0	1	1	1	1	
0	2	0	2	0	2	2	
0	1	0	1	3	2	1	
0	2	2	2	0	2	2	
0	2	3	3	0	2	3	
0	2	0	3	2	1	3	
0	2	0	0	0	1	2	
0	3	2	3	0	2	2	
0	1	0	3	0	3	1	
0	3	0	0	0	2	1	
0	3	0	1	0	0	0	
3	1	0	2	0	1	1	
0	2	0	0	0	2	2	
0	3	0	0	0	1	3	
0	2	0	2	1	1	1	
0	1	0	3	0	1	0	
0	2	0	1	0	1	0	
1	1	3	3	0	3	3	
0	0	0	0	0	1	0	
0	2	0	3	0	0	1	
0	0	2	2	1	2	1	
0	1	0	1	0	2	0	
2	2	0	2	0	2	0	
0	1	0	3	0	0	2	
--------------------

--------------------
Best Solution Found!
--------------------
Time: 0 hour(s), 0 minute(s), 9 second(s), 718 millisecond(s)

Fitness: 37341

0	0	0	3	0	1	0	
0	0	0	1	0	1	0	
0	2	0	3	1	3	2	
0	1	0	0	0	1	0	
0	0	0	0	0	0	1	
0	1	0	0	0	3	1	
0	2	0	0	0	1	0	
0	2	3	3	0	0	1	
0	3	0	2	1	1	1	
0	1	0	0	0	2	1	
0	2	0	1	0	1	1	
0	1	0	0	0	0	0	
0	2	0	3	0	1	3	
0	3	0	3	1	2	1	
0	3	1	2	0	2	2	
0	2	0	0	0	0	0	
0	0	0	2	0	2	3	
0	1	2	2	0	2	2	
0	2	0	2	0	3	1	
0	0	0	1	0	1	3	
0	1	0	3	2	2	2	
0	0	0	0	0	2	3	
0	1	0	0	0	2	0	
0	1	1	3	1	2	2	
0	1	0	3	0	1	0	
0	3	0	3	0	1	0	
3	2	0	3	0	3	1	
0	0	0	0	0	2	1	
2	2	0	2	0	2	2	
0	1	0	3	2	1	2	
0	0	0	3	0	2	1	
0	2	0	3	0	3	2	
0	2	0	0	0	2	2	
0	1	0	2	0	2	3	
1	0	0	2	0	1	0	
0	3	2	3	0	3	3	
0	2	0	3	0	0	1	
0	2	0	1	0	0	1	
0	0	1	0	0	2	2	
0	1	3	1	0	1	2	
0	1	0	1	0	1	1	
0	1	0	0	0	2	2	
0	0	0	2	0	1	0	
0	1	0	1	0	2	2	
0	3	2	1	0	1	3	
0	0	0	3	0	2	2	
1	1	0	3	0	2	1	
0	2	0	1	3	3	0	
0	2	0	3	0	1	2	
0	3	0	0	0	3	1	
--------------------

--------------------
Best Solution Found!
--------------------
Time: 0 hour(s), 0 minute(s), 9 second(s), 721 millisecond(s)

Fitness: 37341

0	0	0	3	0	1	0	
0	0	0	1	0	1	0	
0	2	0	3	1	3	2	
0	1	0	0	0	1	0	
0	0	0	0	0	0	1	
0	1	0	0	0	3	1	
0	2	0	0	0	1	0	
0	2	3	3	0	0	1	
0	3	0	2	1	1	1	
0	1	0	0	0	2	1	
0	2	0	1	0	1	1	
0	1	0	0	0	0	0	
0	2	0	3	0	1	3	
0	3	0	3	1	2	1	
0	3	1	2	0	2	2	
0	2	0	0	0	0	0	
0	0	0	2	0	2	3	
0	1	2	2	0	2	2	
0	2	0	2	0	3	1	
0	0	0	1	0	1	3	
0	1	0	3	2	2	2	
0	0	0	0	0	2	3	
0	1	0	0	0	2	0	
0	1	1	3	1	2	2	
0	1	0	3	0	1	0	
0	3	0	3	0	1	0	
3	2	0	3	0	3	1	
0	0	0	0	0	2	1	
2	2	0	2	0	2	2	
0	1	0	3	2	1	2	
0	0	0	3	0	2	1	
0	2	0	3	0	3	2	
0	2	0	0	0	2	2	
0	1	0	2	0	2	3	
1	0	0	2	0	1	0	
0	3	2	3	0	3	3	
0	2	0	3	0	0	1	
0	2	0	1	0	0	1	
0	0	1	0	0	2	2	
0	1	3	1	0	1	2	
0	1	0	1	0	1	1	
0	1	0	0	0	2	2	
0	0	0	2	0	1	0	
0	1	0	1	0	2	2	
0	3	2	1	0	1	3	
0	0	0	3	0	2	2	
1	1	0	3	0	2	1	
0	2	0	1	3	3	0	
0	2	0	3	0	1	2	
0	3	0	0	0	3	1	
--------------------

--------------------
Best Solution Found!
--------------------
Time: 0 hour(s), 0 minute(s), 9 second(s), 729 millisecond(s)

Fitness: 37341

0	0	0	3	0	1	0	
0	0	0	1	0	1	0	
0	2	0	3	1	3	2	
0	1	0	0	0	1	0	
0	0	0	0	0	0	1	
0	1	0	0	0	3	1	
0	2	0	0	0	1	0	
0	2	3	3	0	0	1	
0	3	0	2	1	1	1	
0	1	0	0	0	2	1	
0	2	0	1	0	1	1	
0	1	0	0	0	0	0	
0	2	0	3	0	1	3	
0	3	0	3	1	2	1	
0	3	1	2	0	2	2	
0	2	0	0	0	0	0	
0	0	0	2	0	2	3	
0	1	2	2	0	2	2	
0	2	0	2	0	3	1	
0	0	0	1	0	1	3	
0	1	0	3	2	2	2	
0	0	0	0	0	2	3	
0	1	0	0	0	2	0	
0	1	1	3	1	2	2	
0	1	0	3	0	1	0	
0	3	0	3	0	1	0	
3	2	0	3	0	3	1	
0	0	0	0	0	2	1	
2	2	0	2	0	2	2	
0	1	0	3	2	1	2	
0	0	0	3	0	2	1	
0	2	0	3	0	3	2	
0	2	0	0	0	2	2	
0	1	0	2	0	2	3	
1	0	0	2	0	1	0	
0	3	2	3	0	3	3	
0	2	0	3	0	0	1	
0	2	0	1	0	0	1	
0	0	1	0	0	2	2	
0	1	3	1	0	1	2	
0	1	0	1	0	1	1	
0	1	0	0	0	2	2	
0	0	0	2	0	1	0	
0	1	0	1	0	2	2	
0	3	2	1	0	1	3	
0	0	0	3	0	2	2	
1	1	0	3	0	2	1	
0	2	0	1	3	3	0	
0	2	0	3	0	1	2	
0	3	0	0	0	3	1	
--------------------

--------------------
Best Solution Found!
--------------------
Time: 0 hour(s), 0 minute(s), 32 second(s), 304 millisecond(s)

Fitness: 36358

0	1	0	2	0	1	2	
0	1	0	3	0	0	1	
0	2	3	1	0	2	1	
0	0	0	1	0	2	0	
0	1	0	3	0	1	2	
0	2	0	2	0	0	2	
0	2	0	1	0	2	0	
0	2	2	3	0	3	2	
0	2	0	0	1	1	0	
0	3	0	0	0	2	0	
0	0	0	1	0	0	0	
0	1	0	0	0	1	0	
0	3	0	0	0	3	1	
0	1	0	2	0	2	0	
0	1	3	1	0	2	2	
0	1	0	3	0	1	1	
0	3	1	2	0	1	3	
0	1	0	3	0	1	1	
0	0	0	0	0	3	3	
0	2	0	0	0	2	1	
0	0	0	2	0	1	2	
0	1	0	0	0	1	0	
3	1	0	0	0	3	2	
0	1	0	0	0	0	3	
0	1	2	2	0	1	1	
0	3	1	1	0	3	3	
0	0	0	3	0	1	3	
0	2	0	3	3	2	1	
0	2	0	0	0	1	0	
0	1	0	1	0	2	0	
0	1	0	3	2	2	2	
0	2	0	3	2	2	2	
0	0	0	0	1	3	2	
1	0	0	2	0	0	1	
0	2	0	3	0	0	3	
0	0	0	3	1	1	2	
1	2	0	2	0	2	1	
0	2	0	3	0	2	1	
0	2	1	3	0	2	1	
0	0	0	3	0	1	2	
0	1	0	3	0	2	1	
0	0	0	0	0	1	0	
2	3	0	2	0	2	3	
0	3	0	3	0	1	1	
0	2	0	0	0	3	0	
0	3	2	1	0	2	2	
0	0	0	3	0	3	2	
0	1	0	0	0	2	1	
0	0	0	1	0	1	1	
0	2	0	3	1	2	2	
--------------------

--------------------
Best Solution Found!
--------------------
Time: 0 hour(s), 0 minute(s), 32 second(s), 308 millisecond(s)

Fitness: 36358

0	1	0	2	0	1	2	
0	1	0	3	0	0	1	
0	2	3	1	0	2	1	
0	0	0	1	0	2	0	
0	1	0	3	0	1	2	
0	2	0	2	0	0	2	
0	2	0	1	0	2	0	
0	2	2	3	0	3	2	
0	2	0	0	1	1	0	
0	3	0	0	0	2	0	
0	0	0	1	0	0	0	
0	1	0	0	0	1	0	
0	3	0	0	0	3	1	
0	1	0	2	0	2	0	
0	1	3	1	0	2	2	
0	1	0	3	0	1	1	
0	3	1	2	0	1	3	
0	1	0	3	0	1	1	
0	0	0	0	0	3	3	
0	2	0	0	0	2	1	
0	0	0	2	0	1	2	
0	1	0	0	0	1	0	
3	1	0	0	0	3	2	
0	1	0	0	0	0	3	
0	1	2	2	0	1	1	
0	3	1	1	0	3	3	
0	0	0	3	0	1	3	
0	2	0	3	3	2	1	
0	2	0	0	0	1	0	
0	1	0	1	0	2	0	
0	1	0	3	2	2	2	
0	2	0	3	2	2	2	
0	0	0	0	1	3	2	
1	0	0	2	0	0	1	
0	2	0	3	0	0	3	
0	0	0	3	1	1	2	
1	2	0	2	0	2	1	
0	2	0	3	0	2	1	
0	2	1	3	0	2	1	
0	0	0	3	0	1	2	
0	1	0	3	0	2	1	
0	0	0	0	0	1	0	
2	3	0	2	0	2	3	
0	3	0	3	0	1	1	
0	2	0	0	0	3	0	
0	3	2	1	0	2	2	
0	0	0	3	0	3	2	
0	1	0	0	0	2	1	
0	0	0	1	0	1	1	
0	2	0	3	1	2	2	
--------------------

--------------------
Best Solution Found!
--------------------
Time: 0 hour(s), 0 minute(s), 32 second(s), 316 millisecond(s)

Fitness: 36358

0	1	0	2	0	1	2	
0	1	0	3	0	0	1	
0	2	3	1	0	2	1	
0	0	0	1	0	2	0	
0	1	0	3	0	1	2	
0	2	0	2	0	0	2	
0	2	0	1	0	2	0	
0	2	2	3	0	3	2	
0	2	0	0	1	1	0	
0	3	0	0	0	2	0	
0	0	0	1	0	0	0	
0	1	0	0	0	1	0	
0	3	0	0	0	3	1	
0	1	0	2	0	2	0	
0	1	3	1	0	2	2	
0	1	0	3	0	1	1	
0	3	1	2	0	1	3	
0	1	0	3	0	1	1	
0	0	0	0	0	3	3	
0	2	0	0	0	2	1	
0	0	0	2	0	1	2	
0	1	0	0	0	1	0	
3	1	0	0	0	3	2	
0	1	0	0	0	0	3	
0	1	2	2	0	1	1	
0	3	1	1	0	3	3	
0	0	0	3	0	1	3	
0	2	0	3	3	2	1	
0	2	0	0	0	1	0	
0	1	0	1	0	2	0	
0	1	0	3	2	2	2	
0	2	0	3	2	2	2	
0	0	0	0	1	3	2	
1	0	0	2	0	0	1	
0	2	0	3	0	0	3	
0	0	0	3	1	1	2	
1	2	0	2	0	2	1	
0	2	0	3	0	2	1	
0	2	1	3	0	2	1	
0	0	0	3	0	1	2	
0	1	0	3	0	2	1	
0	0	0	0	0	1	0	
2	3	0	2	0	2	3	
0	3	0	3	0	1	1	
0	2	0	0	0	3	0	
0	3	2	1	0	2	2	
0	0	0	3	0	3	2	
0	1	0	0	0	2	1	
0	0	0	1	0	1	1	
0	2	0	3	1	2	2	
--------------------

--------------------
Best Solution Found!
--------------------
Time: 0 hour(s), 0 minute(s), 32 second(s), 323 millisecond(s)

Fitness: 36357

0	0	0	2	0	1	2	
0	3	0	3	0	0	1	
0	0	3	1	0	2	1	
1	0	0	1	0	2	0	
0	1	0	3	0	1	2	
0	1	0	2	0	0	2	
0	3	0	1	0	2	0	
0	2	2	3	0	3	2	
2	1	0	0	1	1	0	
0	0	0	0	0	2	0	
0	0	0	1	0	0	0	
0	3	0	0	0	1	0	
0	1	0	0	0	3	1	
0	2	0	2	0	2	0	
0	2	3	1	0	2	2	
0	2	0	3	0	1	1	
0	1	1	2	0	1	3	
0	1	0	3	0	1	1	
0	2	0	0	0	3	3	
0	0	0	0	0	2	1	
0	3	0	2	0	1	2	
0	1	0	0	0	1	0	
0	2	0	0	0	3	2	
0	0	0	0	0	0	3	
0	2	2	2	0	1	1	
0	1	1	1	0	3	3	
0	0	0	3	0	1	3	
0	2	0	3	3	2	1	
0	0	0	0	0	1	0	
0	3	0	1	0	2	0	
0	1	0	3	2	2	2	
0	2	0	3	2	2	2	
0	0	0	0	1	3	2	
0	3	0	2	0	0	1	
0	2	0	3	0	0	3	
0	3	0	3	1	1	2	
0	1	0	2	0	2	1	
3	2	0	3	0	2	1	
0	1	1	3	0	2	1	
0	2	0	3	0	1	2	
1	2	0	3	0	2	1	
0	0	0	0	0	1	0	
0	1	0	2	0	2	3	
0	1	0	3	0	1	1	
0	1	0	0	0	3	0	
0	2	2	1	0	2	2	
0	0	0	3	0	3	2	
0	1	0	0	0	2	1	
0	1	0	1	0	1	1	
0	2	0	3	1	2	2	
--------------------

--------------------
Best Solution Found!
--------------------
Time: 0 hour(s), 0 minute(s), 32 second(s), 331 millisecond(s)

Fitness: 36357

0	0	0	2	0	1	2	
0	3	0	3	0	0	1	
0	0	3	1	0	2	1	
1	0	0	1	0	2	0	
0	1	0	3	0	1	2	
0	1	0	2	0	0	2	
0	3	0	1	0	2	0	
0	2	2	3	0	3	2	
2	1	0	0	1	1	0	
0	0	0	0	0	2	0	
0	0	0	1	0	0	0	
0	3	0	0	0	1	0	
0	1	0	0	0	3	1	
0	2	0	2	0	2	0	
0	2	3	1	0	2	2	
0	2	0	3	0	1	1	
0	1	1	2	0	1	3	
0	1	0	3	0	1	1	
0	2	0	0	0	3	3	
0	0	0	0	0	2	1	
0	3	0	2	0	1	2	
0	1	0	0	0	1	0	
0	2	0	0	0	3	2	
0	0	0	0	0	0	3	
0	2	2	2	0	1	1	
0	1	1	1	0	3	3	
0	0	0	3	0	1	3	
0	2	0	3	3	2	1	
0	0	0	0	0	1	0	
0	3	0	1	0	2	0	
0	1	0	3	2	2	2	
0	2	0	3	2	2	2	
0	0	0	0	1	3	2	
0	3	0	2	0	0	1	
0	2	0	3	0	0	3	
0	3	0	3	1	1	2	
0	1	0	2	0	2	1	
3	2	0	3	0	2	1	
0	1	1	3	0	2	1	
0	2	0	3	0	1	2	
1	2	0	3	0	2	1	
0	0	0	0	0	1	0	
0	1	0	2	0	2	3	
0	1	0	3	0	1	1	
0	1	0	0	0	3	0	
0	2	2	1	0	2	2	
0	0	0	3	0	3	2	
0	1	0	0	0	2	1	
0	1	0	1	0	1	1	
0	2	0	3	1	2	2	
--------------------

--------------------
Best Solution Found!
--------------------
Time: 0 hour(s), 0 minute(s), 32 second(s), 337 millisecond(s)

Fitness: 36357

0	0	0	2	0	1	2	
0	3	0	3	0	0	1	
0	0	3	1	0	2	1	
1	0	0	1	0	2	0	
0	1	0	3	0	1	2	
0	1	0	2	0	0	2	
0	3	0	1	0	2	0	
0	2	2	3	0	3	2	
2	1	0	0	1	1	0	
0	0	0	0	0	2	0	
0	0	0	1	0	0	0	
0	3	0	0	0	1	0	
0	1	0	0	0	3	1	
0	2	0	2	0	2	0	
0	2	3	1	0	2	2	
0	2	0	3	0	1	1	
0	1	1	2	0	1	3	
0	1	0	3	0	1	1	
0	2	0	0	0	3	3	
0	0	0	0	0	2	1	
0	3	0	2	0	1	2	
0	1	0	0	0	1	0	
0	2	0	0	0	3	2	
0	0	0	0	0	0	3	
0	2	2	2	0	1	1	
0	1	1	1	0	3	3	
0	0	0	3	0	1	3	
0	2	0	3	3	2	1	
0	0	0	0	0	1	0	
0	3	0	1	0	2	0	
0	1	0	3	2	2	2	
0	2	0	3	2	2	2	
0	0	0	0	1	3	2	
0	3	0	2	0	0	1	
0	2	0	3	0	0	3	
0	3	0	3	1	1	2	
0	1	0	2	0	2	1	
3	2	0	3	0	2	1	
0	1	1	3	0	2	1	
0	2	0	3	0	1	2	
1	2	0	3	0	2	1	
0	0	0	0	0	1	0	
0	1	0	2	0	2	3	
0	1	0	3	0	1	1	
0	1	0	0	0	3	0	
0	2	2	1	0	2	2	
0	0	0	3	0	3	2	
0	1	0	0	0	2	1	
0	1	0	1	0	1	1	
0	2	0	3	1	2	2	
--------------------

--------------------
Best Solution Found!
--------------------
Time: 0 hour(s), 0 minute(s), 57 second(s), 115 millisecond(s)

Fitness: 36340

0	2	1	3	0	2	1	
0	2	0	1	0	1	3	
1	0	0	1	0	0	2	
0	0	0	2	0	1	3	
0	3	0	2	0	2	1	
0	3	0	0	0	0	0	
0	1	0	2	0	3	3	
0	1	0	3	0	3	0	
0	1	0	0	0	2	1	
0	3	0	0	0	2	3	
0	1	0	3	0	2	0	
0	2	0	3	0	1	0	
0	2	3	1	0	0	0	
0	0	0	3	0	1	2	
0	1	1	3	0	1	2	
0	1	0	0	0	2	0	
3	1	0	2	0	3	3	
0	2	0	0	1	2	2	
0	2	0	1	1	2	1	
0	2	0	3	1	2	3	
0	1	0	3	0	0	1	
0	2	1	3	0	2	3	
0	1	0	1	1	1	2	
2	1	0	3	0	2	2	
0	2	0	0	0	1	1	
0	0	0	0	0	1	1	
0	0	0	2	0	0	2	
0	2	0	3	0	2	2	
0	0	0	0	0	2	2	
0	3	0	3	3	3	1	
0	0	0	3	0	2	2	
0	0	0	0	0	1	0	
0	0	0	3	0	1	0	
0	2	2	3	0	1	2	
0	1	0	2	2	3	1	
0	0	0	2	0	1	1	
1	1	0	0	0	3	0	
0	2	2	2	0	2	2	
0	2	0	3	0	0	1	
0	1	2	1	0	1	1	
0	3	0	0	0	2	1	
0	2	0	0	0	2	2	
0	2	0	3	0	1	1	
0	0	0	2	0	1	0	
0	0	0	1	0	2	1	
0	1	3	0	0	1	0	
0	3	0	0	0	3	2	
0	1	0	1	0	3	0	
0	3	0	3	0	1	1	
0	1	0	1	2	2	2	
--------------------

--------------------
Best Solution Found!
--------------------
Time: 0 hour(s), 0 minute(s), 57 second(s), 120 millisecond(s)

Fitness: 36340

0	2	1	3	0	2	1	
0	2	0	1	0	1	3	
1	0	0	1	0	0	2	
0	0	0	2	0	1	3	
0	3	0	2	0	2	1	
0	3	0	0	0	0	0	
0	1	0	2	0	3	3	
0	1	0	3	0	3	0	
0	1	0	0	0	2	1	
0	3	0	0	0	2	3	
0	1	0	3	0	2	0	
0	2	0	3	0	1	0	
0	2	3	1	0	0	0	
0	0	0	3	0	1	2	
0	1	1	3	0	1	2	
0	1	0	0	0	2	0	
3	1	0	2	0	3	3	
0	2	0	0	1	2	2	
0	2	0	1	1	2	1	
0	2	0	3	1	2	3	
0	1	0	3	0	0	1	
0	2	1	3	0	2	3	
0	1	0	1	1	1	2	
2	1	0	3	0	2	2	
0	2	0	0	0	1	1	
0	0	0	0	0	1	1	
0	0	0	2	0	0	2	
0	2	0	3	0	2	2	
0	0	0	0	0	2	2	
0	3	0	3	3	3	1	
0	0	0	3	0	2	2	
0	0	0	0	0	1	0	
0	0	0	3	0	1	0	
0	2	2	3	0	1	2	
0	1	0	2	2	3	1	
0	0	0	2	0	1	1	
1	1	0	0	0	3	0	
0	2	2	2	0	2	2	
0	2	0	3	0	0	1	
0	1	2	1	0	1	1	
0	3	0	0	0	2	1	
0	2	0	0	0	2	2	
0	2	0	3	0	1	1	
0	0	0	2	0	1	0	
0	0	0	1	0	2	1	
0	1	3	0	0	1	0	
0	3	0	0	0	3	2	
0	1	0	1	0	3	0	
0	3	0	3	0	1	1	
0	1	0	1	2	2	2	
--------------------

--------------------
Best Solution Found!
--------------------
Time: 0 hour(s), 0 minute(s), 57 second(s), 124 millisecond(s)

Fitness: 36340

0	2	1	3	0	2	1	
0	2	0	1	0	1	3	
1	0	0	1	0	0	2	
0	0	0	2	0	1	3	
0	3	0	2	0	2	1	
0	3	0	0	0	0	0	
0	1	0	2	0	3	3	
0	1	0	3	0	3	0	
0	1	0	0	0	2	1	
0	3	0	0	0	2	3	
0	1	0	3	0	2	0	
0	2	0	3	0	1	0	
0	2	3	1	0	0	0	
0	0	0	3	0	1	2	
0	1	1	3	0	1	2	
0	1	0	0	0	2	0	
3	1	0	2	0	3	3	
0	2	0	0	1	2	2	
0	2	0	1	1	2	1	
0	2	0	3	1	2	3	
0	1	0	3	0	0	1	
0	2	1	3	0	2	3	
0	1	0	1	1	1	2	
2	1	0	3	0	2	2	
0	2	0	0	0	1	1	
0	0	0	0	0	1	1	
0	0	0	2	0	0	2	
0	2	0	3	0	2	2	
0	0	0	0	0	2	2	
0	3	0	3	3	3	1	
0	0	0	3	0	2	2	
0	0	0	0	0	1	0	
0	0	0	3	0	1	0	
0	2	2	3	0	1	2	
0	1	0	2	2	3	1	
0	0	0	2	0	1	1	
1	1	0	0	0	3	0	
0	2	2	2	0	2	2	
0	2	0	3	0	0	1	
0	1	2	1	0	1	1	
0	3	0	0	0	2	1	
0	2	0	0	0	2	2	
0	2	0	3	0	1	1	
0	0	0	2	0	1	0	
0	0	0	1	0	2	1	
0	1	3	0	0	1	0	
0	3	0	0	0	3	2	
0	1	0	1	0	3	0	
0	3	0	3	0	1	1	
0	1	0	1	2	2	2	
--------------------

--------------------
Best Solution Found!
--------------------
Time: 0 hour(s), 1 minute(s), 59 second(s), 286 millisecond(s)

Fitness: 35338

0	1	0	3	1	2	1	
0	1	0	0	0	3	3	
0	0	0	0	0	0	0	
0	2	0	2	2	1	1	
0	0	0	2	0	2	1	
2	2	0	2	0	1	2	
0	3	0	2	0	1	2	
1	1	1	0	0	2	3	
0	0	0	3	1	2	2	
0	3	0	3	0	1	0	
0	1	0	1	0	2	0	
0	1	0	3	2	1	3	
0	1	0	3	0	3	1	
0	2	0	3	1	3	3	
0	3	0	1	0	2	0	
0	2	0	3	0	2	2	
0	0	0	3	0	1	2	
1	1	0	1	0	1	1	
0	3	1	2	0	2	3	
0	2	0	3	0	0	2	
0	0	0	0	0	2	1	
0	1	3	1	0	0	1	
0	2	0	2	0	1	2	
0	1	0	0	0	2	2	
0	2	1	1	0	2	2	
0	1	2	3	0	1	3	
0	3	0	0	0	0	2	
0	0	0	0	0	1	0	
0	0	0	1	3	3	1	
0	1	3	2	0	2	1	
0	2	0	0	0	3	3	
0	1	2	3	0	2	1	
0	0	0	0	0	3	1	
0	0	0	3	0	2	2	
0	1	0	2	0	3	1	
0	1	2	1	0	2	1	
0	3	0	3	0	1	1	
0	2	0	3	0	1	2	
0	2	0	1	1	2	1	
0	2	0	0	0	2	2	
0	2	0	0	0	1	0	
0	0	0	3	0	1	0	
0	2	0	3	0	3	1	
0	1	0	1	0	1	0	
3	1	0	3	0	1	2	
0	3	0	2	0	2	0	
0	0	0	0	0	0	2	
0	2	0	3	0	0	0	
0	0	0	0	0	1	0	
0	2	0	0	0	2	0	
--------------------


The best solution was found at the restart: 1, population: 0
Total Time Elapsed: 0 hour(s), 13 minute(s), 2 second(s), 518 millisecond(s)

