--------------------
Best Solution Found!
--------------------
Time: 0 hour(s), 0 minute(s), 0 second(s), 13 millisecond(s)

Fitness: 74232

0	0	0	0	0	0	0	
0	0	0	0	0	0	0	
3	0	0	0	0	0	0	
0	1	0	0	0	0	1	
0	2	0	0	0	0	0	
0	0	0	0	0	0	0	
0	0	0	0	0	3	1	
0	0	0	0	3	0	0	
1	0	0	0	0	0	0	
1	0	0	0	0	0	0	
3	0	0	0	0	0	1	
0	1	0	0	0	0	0	
0	0	0	1	0	0	0	
0	1	0	2	0	0	0	
0	0	0	0	0	0	0	
0	0	0	0	0	3	0	
0	0	0	0	0	0	0	
3	0	0	1	0	0	0	
0	0	0	1	0	3	0	
0	2	0	0	0	0	1	
0	0	0	1	0	3	1	
0	0	0	0	0	0	0	
0	0	0	0	0	0	0	
0	0	0	0	0	2	0	
0	0	1	0	0	0	0	
0	0	1	0	0	0	0	
1	1	2	2	0	0	0	
1	1	0	0	0	0	0	
0	0	1	0	0	0	2	
0	1	1	2	0	2	1	
1	1	0	0	0	0	1	
0	0	0	0	0	0	0	
0	2	0	2	0	1	1	
0	0	0	0	0	3	0	
0	0	0	0	0	0	0	
0	0	0	2	0	0	3	
0	0	0	0	0	0	0	
0	0	0	1	0	0	0	
3	0	0	0	0	0	0	
0	0	0	0	0	3	0	
0	0	0	1	0	0	0	
0	0	0	1	0	0	0	
3	0	0	0	0	0	0	
0	0	0	0	0	0	1	
0	0	0	0	0	0	0	
3	1	0	1	0	0	0	
0	0	2	0	2	0	0	
3	0	0	2	0	0	0	
3	1	1	0	0	0	2	
3	1	0	0	0	0	0	
0	0	0	0	0	0	2	
0	0	0	1	0	0	0	
3	0	0	0	0	3	3	
1	2	0	0	0	0	0	
1	2	0	0	0	0	0	
0	1	0	0	0	0	0	
0	0	2	0	0	0	0	
0	0	0	1	0	0	0	
0	0	0	2	0	0	0	
0	0	0	2	2	0	1	
0	0	0	0	0	0	0	
3	2	0	0	0	0	0	
1	0	0	0	0	0	1	
0	0	2	0	0	0	1	
0	2	0	0	0	0	2	
0	0	0	0	0	0	0	
0	0	0	0	0	0	0	
1	1	0	0	0	0	0	
0	0	0	0	0	0	0	
0	0	0	1	0	3	0	
0	0	2	0	0	0	0	
0	0	0	0	0	0	0	
0	2	2	0	0	0	0	
0	0	0	0	0	1	0	
1	2	0	0	0	0	0	
--------------------

--------------------
Best Solution Found!
--------------------
Time: 0 hour(s), 0 minute(s), 0 second(s), 42 millisecond(s)

Fitness: 74231

0	0	0	0	0	0	0	
0	2	0	0	0	3	0	
0	2	0	1	0	0	0	
0	2	0	0	0	3	0	
0	0	0	0	0	3	0	
0	2	0	0	0	0	0	
1	0	0	0	0	3	0	
3	0	0	0	0	3	0	
3	0	0	2	0	0	0	
1	0	0	0	0	0	0	
0	0	0	1	0	0	0	
0	0	0	2	0	0	0	
0	2	0	0	0	0	3	
0	2	0	0	0	3	0	
0	0	0	0	0	0	1	
0	0	0	0	0	0	0	
3	0	1	0	0	0	1	
1	0	0	0	0	0	0	
3	0	0	0	0	0	0	
0	1	0	0	0	0	0	
3	0	0	2	0	0	0	
0	1	0	0	0	0	0	
0	2	0	1	0	0	0	
3	0	0	1	0	0	1	
0	0	0	0	0	0	1	
0	0	0	0	0	0	0	
0	0	2	1	0	0	3	
3	0	2	0	0	2	2	
1	2	1	0	0	0	0	
0	0	0	0	0	0	0	
3	0	0	2	0	3	0	
3	0	0	0	0	0	0	
0	0	0	2	0	0	0	
0	0	2	0	0	0	0	
0	0	0	0	0	0	0	
0	1	2	0	0	0	0	
0	0	0	1	0	0	0	
0	0	1	0	0	0	0	
0	0	0	0	0	0	1	
0	0	0	0	0	0	0	
0	0	0	0	0	0	0	
3	0	0	0	0	0	0	
1	0	0	0	0	0	0	
0	0	0	0	0	0	1	
0	0	0	0	0	0	0	
0	0	0	0	0	0	0	
0	0	0	0	0	0	0	
1	0	2	0	2	0	0	
0	1	0	0	0	0	1	
0	0	0	0	0	0	0	
0	0	0	0	0	0	0	
0	0	0	0	0	3	0	
1	0	0	0	0	0	0	
1	2	1	1	0	0	1	
0	0	0	1	0	0	2	
0	1	0	1	0	0	2	
0	1	0	0	0	0	0	
0	0	0	0	0	0	0	
0	0	0	0	3	0	0	
0	1	0	0	0	0	2	
0	1	2	2	0	0	1	
0	0	0	0	0	0	0	
0	0	0	0	0	0	0	
0	1	0	0	0	1	0	
0	0	0	0	2	0	0	
0	1	1	0	0	0	0	
0	0	0	0	0	2	0	
0	0	0	0	0	0	0	
0	0	0	0	0	1	0	
3	0	0	0	0	0	1	
0	0	0	1	0	0	1	
0	0	0	2	0	0	0	
0	1	0	2	0	0	0	
1	0	0	1	0	0	0	
1	1	0	0	0	0	1	
--------------------

--------------------
Best Solution Found!
--------------------
Time: 0 hour(s), 0 minute(s), 0 second(s), 53 millisecond(s)

Fitness: 74225

0	0	0	0	0	0	0	
0	2	0	0	0	3	0	
0	2	0	1	0	0	0	
0	2	0	0	0	3	0	
0	0	0	0	0	3	0	
0	2	0	0	0	0	0	
0	0	0	0	0	3	0	
0	0	0	0	0	3	0	
0	0	0	2	0	0	0	
0	0	0	0	0	0	0	
1	0	0	1	0	0	0	
0	0	0	2	0	0	0	
0	2	0	0	0	0	3	
0	2	0	0	0	3	0	
0	0	0	0	0	0	1	
0	0	0	0	0	0	0	
3	0	1	0	0	0	1	
0	0	0	0	0	0	0	
1	0	0	0	0	0	0	
0	1	0	0	0	0	0	
0	0	0	2	0	0	0	
1	1	0	0	0	0	0	
1	2	0	1	0	0	0	
3	0	0	1	0	0	1	
1	0	0	0	0	0	1	
0	0	0	0	0	0	0	
0	0	2	1	0	0	3	
0	0	2	0	0	2	2	
0	2	1	0	0	0	0	
1	0	0	0	0	0	0	
3	0	0	2	0	3	0	
0	0	0	0	0	0	0	
0	0	0	2	0	0	0	
3	0	2	0	0	0	0	
0	0	0	0	0	0	0	
3	1	2	0	0	0	0	
3	0	0	1	0	0	0	
1	0	1	0	0	0	0	
0	0	0	0	0	0	1	
0	0	0	0	0	0	0	
0	0	0	0	0	0	0	
3	0	0	0	0	0	0	
3	0	0	0	0	0	0	
0	0	0	0	0	0	1	
0	0	0	0	0	0	0	
0	0	0	0	0	0	0	
1	0	0	0	0	0	0	
3	0	2	0	2	0	0	
0	1	0	0	0	0	1	
0	0	0	0	0	0	0	
0	0	0	0	0	0	0	
0	0	0	0	0	3	0	
0	0	0	0	0	0	0	
1	2	1	1	0	0	1	
0	0	0	1	0	0	2	
0	1	0	1	0	0	2	
0	1	0	0	0	0	0	
0	0	0	0	0	0	0	
3	0	0	0	3	0	0	
0	1	0	0	0	0	2	
0	1	2	2	0	0	1	
3	0	0	0	0	0	0	
0	0	0	0	0	0	0	
0	1	0	0	0	1	0	
0	0	0	0	2	0	0	
0	1	1	0	0	0	0	
0	0	0	0	0	2	0	
0	0	0	0	0	0	0	
0	0	0	0	0	1	0	
0	0	0	0	0	0	1	
1	0	0	1	0	0	1	
0	0	0	2	0	0	0	
0	1	0	2	0	0	0	
0	0	0	1	0	0	0	
0	1	0	0	0	0	1	
--------------------

--------------------
Best Solution Found!
--------------------
Time: 0 hour(s), 0 minute(s), 0 second(s), 95 millisecond(s)

Fitness: 74221

0	2	0	2	0	0	0	
0	0	0	0	0	0	0	
3	0	0	0	0	0	0	
0	0	0	0	0	0	1	
1	0	0	0	0	0	0	
1	0	0	1	0	0	0	
1	0	0	2	0	3	1	
0	0	0	0	0	0	0	
0	1	0	0	0	0	0	
0	0	1	2	0	0	0	
0	2	0	0	0	0	1	
1	0	0	1	0	0	0	
0	2	2	0	0	0	0	
0	0	0	2	0	0	0	
0	0	0	0	0	0	0	
3	0	0	0	0	3	0	
0	0	0	0	0	0	0	
0	0	0	0	0	0	0	
1	0	2	0	0	3	0	
0	0	0	0	0	0	1	
0	0	0	1	0	3	1	
0	2	0	0	0	0	0	
0	0	0	2	0	0	0	
1	0	0	1	0	2	0	
0	0	0	0	0	0	0	
0	0	0	0	0	0	0	
3	2	0	0	0	0	0	
0	0	0	0	0	0	0	
0	0	0	0	0	0	2	
0	0	0	0	0	2	1	
0	0	2	2	0	0	1	
0	0	0	0	0	0	0	
0	0	0	0	2	1	1	
3	1	2	1	0	3	0	
0	2	0	0	0	0	0	
0	1	0	1	0	0	3	
0	0	0	1	0	0	0	
0	0	0	1	0	0	0	
0	0	0	0	0	0	0	
0	0	0	0	0	3	0	
0	0	0	0	0	0	0	
0	1	0	0	0	0	0	
0	1	0	0	0	0	0	
0	0	0	2	0	0	1	
3	2	2	1	0	0	0	
0	0	0	0	0	0	0	
0	0	0	1	0	0	0	
0	0	0	0	0	0	0	
0	0	0	0	0	0	2	
0	0	0	0	0	0	0	
0	1	0	0	0	0	2	
0	0	0	0	0	0	0	
0	0	0	0	0	3	3	
1	1	0	0	0	0	0	
1	0	0	0	0	0	0	
0	0	0	0	0	0	0	
0	0	0	0	0	0	0	
3	0	1	0	0	0	0	
0	0	0	0	0	0	0	
3	0	0	0	0	0	1	
3	0	1	0	0	0	0	
0	0	0	0	2	0	0	
0	1	0	0	0	0	1	
0	1	0	2	0	0	1	
0	0	0	0	0	0	2	
0	0	0	0	0	0	0	
0	2	1	0	0	0	0	
3	1	0	0	0	0	0	
1	1	0	0	0	0	0	
1	0	0	0	0	3	0	
3	2	0	0	0	0	0	
3	0	0	1	0	0	0	
0	1	2	0	0	0	0	
0	0	1	0	3	1	0	
0	0	0	0	0	0	0	
--------------------

--------------------
Best Solution Found!
--------------------
Time: 0 hour(s), 0 minute(s), 0 second(s), 101 millisecond(s)

Fitness: 74221

0	2	0	2	0	0	0	
0	0	0	0	0	0	0	
3	0	0	0	0	0	0	
0	0	0	0	0	0	1	
1	0	0	0	0	0	0	
1	0	0	1	0	0	0	
1	0	0	2	0	3	1	
0	0	0	0	0	0	0	
0	1	0	0	0	0	0	
0	0	1	2	0	0	0	
0	2	0	0	0	0	1	
1	0	0	1	0	0	0	
0	2	2	0	0	0	0	
0	0	0	2	0	0	0	
0	0	0	0	0	0	0	
3	0	0	0	0	3	0	
0	0	0	0	0	0	0	
0	0	0	0	0	0	0	
1	0	2	0	0	3	0	
0	0	0	0	0	0	1	
0	0	0	1	0	3	1	
0	2	0	0	0	0	0	
0	0	0	2	0	0	0	
1	0	0	1	0	2	0	
0	0	0	0	0	0	0	
0	0	0	0	0	0	0	
3	2	0	0	0	0	0	
0	0	0	0	0	0	0	
0	0	0	0	0	0	2	
0	0	0	0	0	2	1	
0	0	2	2	0	0	1	
0	0	0	0	0	0	0	
0	0	0	0	2	1	1	
3	1	2	1	0	3	0	
0	2	0	0	0	0	0	
0	1	0	1	0	0	3	
0	0	0	1	0	0	0	
0	0	0	1	0	0	0	
0	0	0	0	0	0	0	
0	0	0	0	0	3	0	
0	0	0	0	0	0	0	
0	1	0	0	0	0	0	
0	1	0	0	0	0	0	
0	0	0	2	0	0	1	
3	2	2	1	0	0	0	
0	0	0	0	0	0	0	
0	0	0	1	0	0	0	
0	0	0	0	0	0	0	
0	0	0	0	0	0	2	
0	0	0	0	0	0	0	
0	1	0	0	0	0	2	
0	0	0	0	0	0	0	
0	0	0	0	0	3	3	
1	1	0	0	0	0	0	
1	0	0	0	0	0	0	
0	0	0	0	0	0	0	
0	0	0	0	0	0	0	
3	0	1	0	0	0	0	
0	0	0	0	0	0	0	
3	0	0	0	0	0	1	
3	0	1	0	0	0	0	
0	0	0	0	2	0	0	
0	1	0	0	0	0	1	
0	1	0	2	0	0	1	
0	0	0	0	0	0	2	
0	0	0	0	0	0	0	
0	2	1	0	0	0	0	
3	1	0	0	0	0	0	
1	1	0	0	0	0	0	
1	0	0	0	0	3	0	
3	2	0	0	0	0	0	
3	0	0	1	0	0	0	
0	1	2	0	0	0	0	
0	0	1	0	3	1	0	
0	0	0	0	0	0	0	
--------------------

--------------------
Best Solution Found!
--------------------
Time: 0 hour(s), 0 minute(s), 0 second(s), 108 millisecond(s)

Fitness: 74221

0	2	0	2	0	0	0	
0	0	0	0	0	0	0	
3	0	0	0	0	0	0	
0	0	0	0	0	0	1	
1	0	0	0	0	0	0	
1	0	0	1	0	0	0	
1	0	0	2	0	3	1	
0	0	0	0	0	0	0	
0	1	0	0	0	0	0	
0	0	1	2	0	0	0	
0	2	0	0	0	0	1	
1	0	0	1	0	0	0	
0	2	2	0	0	0	0	
0	0	0	2	0	0	0	
0	0	0	0	0	0	0	
3	0	0	0	0	3	0	
0	0	0	0	0	0	0	
0	0	0	0	0	0	0	
1	0	2	0	0	3	0	
0	0	0	0	0	0	1	
0	0	0	1	0	3	1	
0	2	0	0	0	0	0	
0	0	0	2	0	0	0	
1	0	0	1	0	2	0	
0	0	0	0	0	0	0	
0	0	0	0	0	0	0	
3	2	0	0	0	0	0	
0	0	0	0	0	0	0	
0	0	0	0	0	0	2	
0	0	0	0	0	2	1	
0	0	2	2	0	0	1	
0	0	0	0	0	0	0	
0	0	0	0	2	1	1	
3	1	2	1	0	3	0	
0	2	0	0	0	0	0	
0	1	0	1	0	0	3	
0	0	0	1	0	0	0	
0	0	0	1	0	0	0	
0	0	0	0	0	0	0	
0	0	0	0	0	3	0	
0	0	0	0	0	0	0	
0	1	0	0	0	0	0	
0	1	0	0	0	0	0	
0	0	0	2	0	0	1	
3	2	2	1	0	0	0	
0	0	0	0	0	0	0	
0	0	0	1	0	0	0	
0	0	0	0	0	0	0	
0	0	0	0	0	0	2	
0	0	0	0	0	0	0	
0	1	0	0	0	0	2	
0	0	0	0	0	0	0	
0	0	0	0	0	3	3	
1	1	0	0	0	0	0	
1	0	0	0	0	0	0	
0	0	0	0	0	0	0	
0	0	0	0	0	0	0	
3	0	1	0	0	0	0	
0	0	0	0	0	0	0	
3	0	0	0	0	0	1	
3	0	1	0	0	0	0	
0	0	0	0	2	0	0	
0	1	0	0	0	0	1	
0	1	0	2	0	0	1	
0	0	0	0	0	0	2	
0	0	0	0	0	0	0	
0	2	1	0	0	0	0	
3	1	0	0	0	0	0	
1	1	0	0	0	0	0	
1	0	0	0	0	3	0	
3	2	0	0	0	0	0	
3	0	0	1	0	0	0	
0	1	2	0	0	0	0	
0	0	1	0	3	1	0	
0	0	0	0	0	0	0	
--------------------

--------------------
Best Solution Found!
--------------------
Time: 0 hour(s), 0 minute(s), 0 second(s), 110 millisecond(s)

Fitness: 74219

0	0	0	0	0	0	0	
0	0	0	0	0	2	0	
3	0	0	2	0	0	0	
0	0	0	0	0	0	1	
1	2	0	0	0	0	0	
1	0	0	0	0	0	0	
1	0	0	0	0	0	0	
0	0	2	0	0	0	0	
0	0	0	0	0	0	0	
0	2	0	0	0	0	0	
0	0	2	0	0	0	0	
1	1	0	0	0	0	1	
0	0	0	1	0	0	0	
0	0	0	0	0	0	0	
0	0	0	0	0	0	1	
3	1	0	0	0	3	0	
0	0	0	0	0	0	1	
0	0	0	0	0	0	0	
1	0	0	0	0	3	0	
0	2	0	1	0	0	0	
0	0	0	0	0	0	1	
0	1	0	0	0	0	0	
0	0	0	0	0	0	1	
1	0	0	0	0	2	0	
0	0	0	2	0	3	0	
0	0	0	0	0	0	0	
3	2	1	2	0	0	2	
0	0	0	0	0	0	2	
0	0	0	0	0	0	0	
0	0	0	0	0	0	2	
0	0	0	0	0	0	0	
0	0	0	0	0	0	0	
0	0	0	0	0	0	0	
3	0	0	2	0	0	0	
0	0	0	1	0	3	0	
0	0	0	0	0	1	0	
0	0	0	0	0	0	0	
0	0	0	2	0	0	0	
0	0	0	2	2	0	0	
0	0	0	0	0	0	0	
0	0	0	0	0	3	1	
0	0	0	0	0	0	1	
0	1	2	1	0	0	1	
0	0	1	2	0	0	0	
3	0	0	0	0	0	0	
0	2	2	1	0	0	0	
0	0	0	0	0	0	0	
0	0	0	1	0	0	1	
0	0	0	0	0	0	0	
0	0	0	0	0	0	0	
0	1	0	0	0	0	0	
0	0	0	0	0	0	0	
0	2	0	0	0	0	0	
1	0	0	1	0	0	0	
1	0	0	0	0	0	0	
0	1	1	0	0	3	0	
0	0	2	0	0	0	0	
3	0	0	0	0	0	1	
0	1	0	0	0	0	0	
3	1	1	1	2	0	3	
3	2	0	0	0	3	0	
0	0	0	0	0	0	0	
0	1	0	0	0	0	0	
0	2	1	0	0	3	0	
0	1	0	0	3	0	0	
0	0	0	1	0	1	0	
0	0	2	1	0	0	0	
3	0	0	0	0	0	0	
1	0	0	2	0	0	2	
1	0	0	0	0	0	0	
3	0	0	1	0	0	0	
3	1	0	0	0	0	0	
0	2	0	0	0	0	0	
0	1	0	0	0	0	3	
0	0	0	0	0	0	1	
--------------------

--------------------
Best Solution Found!
--------------------
Time: 0 hour(s), 0 minute(s), 0 second(s), 161 millisecond(s)

Fitness: 73232

3	0	0	0	0	0	0	
1	0	0	0	0	2	0	
0	1	0	2	0	0	0	
0	0	0	0	0	0	1	
0	1	0	0	0	0	0	
0	0	0	0	0	0	0	
1	0	0	0	0	0	0	
1	2	0	0	0	0	0	
0	0	0	0	0	0	0	
3	0	0	0	0	0	0	
0	0	0	0	0	0	0	
0	0	0	0	0	0	1	
0	0	2	1	0	0	0	
0	1	0	0	0	0	0	
0	0	2	0	0	0	1	
0	0	0	0	0	3	0	
0	0	0	0	0	0	1	
3	2	0	0	0	0	0	
0	0	0	0	0	3	0	
0	0	1	1	0	0	0	
0	0	1	0	0	0	1	
1	1	0	0	0	0	0	
0	0	0	0	0	0	1	
0	0	0	0	0	2	0	
0	0	0	2	0	3	0	
0	2	0	0	0	0	0	
3	0	0	2	0	0	2	
0	0	0	0	0	0	2	
0	0	1	0	0	0	0	
3	0	0	0	0	0	2	
3	2	0	0	0	0	0	
0	1	0	0	0	0	0	
0	0	1	0	0	0	0	
0	0	2	2	0	0	0	
0	0	0	1	0	3	0	
0	2	0	0	0	1	0	
0	0	0	0	0	0	0	
1	0	0	2	0	0	0	
0	0	0	2	0	0	0	
1	0	0	0	0	0	0	
3	0	2	0	3	3	1	
0	0	0	0	0	0	1	
0	0	0	1	0	0	1	
0	0	0	2	2	0	0	
0	1	0	0	0	0	0	
1	0	0	1	0	0	0	
0	0	0	0	0	0	0	
1	1	0	1	2	0	1	
0	0	0	0	0	0	0	
0	1	0	0	0	0	0	
0	0	0	0	0	0	0	
3	0	0	0	0	0	0	
0	2	0	0	0	0	0	
3	0	0	1	0	0	0	
0	0	0	0	0	0	0	
1	1	0	0	0	3	0	
0	0	0	0	0	0	0	
0	0	0	0	0	0	1	
0	1	0	0	0	0	0	
0	0	0	1	0	0	3	
0	0	0	0	0	3	0	
0	0	0	0	0	0	0	
0	0	2	0	0	0	0	
0	1	0	0	0	3	0	
0	0	0	0	0	0	0	
0	0	0	1	0	1	0	
3	0	0	1	0	0	0	
0	0	1	0	0	0	0	
0	1	0	2	0	0	2	
0	0	0	0	0	0	0	
0	2	0	1	0	0	0	
0	0	0	0	0	0	0	
3	2	2	0	0	0	0	
1	2	0	0	0	0	3	
0	0	0	0	0	0	1	
--------------------

--------------------
Best Solution Found!
--------------------
Time: 0 hour(s), 0 minute(s), 0 second(s), 276 millisecond(s)

Fitness: 72226

0	0	0	0	0	0	1	
1	0	0	0	0	0	1	
0	0	0	2	0	0	0	
3	0	0	0	0	0	2	
0	1	0	0	0	0	0	
0	1	0	0	0	0	0	
0	0	0	0	0	0	0	
0	2	0	2	0	0	2	
0	0	0	0	0	0	0	
1	2	0	2	0	1	1	
3	2	0	0	0	0	0	
3	0	1	0	0	0	0	
3	2	1	0	0	0	0	
3	0	0	0	0	2	3	
0	0	0	0	0	0	1	
3	0	0	0	2	0	0	
0	0	0	0	0	0	0	
0	0	0	0	0	0	0	
1	0	0	0	0	0	0	
3	0	2	0	0	3	0	
0	0	2	0	0	0	0	
0	2	1	0	0	0	0	
0	0	0	0	0	0	0	
3	0	0	0	0	0	0	
0	2	0	1	2	3	1	
0	0	1	0	0	0	0	
0	1	0	1	0	0	0	
0	0	0	1	0	0	2	
0	0	0	1	0	2	0	
0	0	2	0	0	0	0	
0	0	0	0	0	0	0	
3	0	0	1	0	0	0	
0	0	0	1	0	0	0	
0	0	0	0	0	0	0	
0	0	0	0	0	1	1	
0	0	0	0	0	3	0	
0	2	0	1	0	0	0	
0	0	1	2	0	0	0	
0	0	0	0	0	0	0	
0	0	0	0	0	0	0	
0	0	0	0	0	0	0	
0	0	0	2	0	0	0	
3	1	0	1	0	3	1	
0	0	0	0	0	0	0	
0	0	0	2	0	0	0	
0	0	0	1	0	0	0	
1	0	0	1	0	0	1	
0	0	0	2	0	0	1	
0	0	0	0	0	0	1	
0	0	0	0	0	3	0	
0	0	0	0	0	0	0	
0	2	0	0	0	0	0	
0	0	0	0	0	0	2	
0	0	2	0	0	0	0	
1	1	0	0	0	0	1	
1	0	0	0	0	0	0	
0	1	0	0	0	0	0	
0	0	0	0	0	0	0	
0	0	0	0	0	0	0	
0	1	0	0	3	0	1	
0	0	2	0	0	3	0	
0	1	0	0	0	0	0	
1	0	0	1	0	0	0	
0	1	0	0	0	0	0	
0	0	0	2	0	0	0	
1	0	0	0	0	3	0	
0	1	0	0	0	0	0	
0	1	0	0	0	0	0	
0	0	0	0	0	0	3	
0	0	0	0	0	0	0	
0	0	0	0	0	0	0	
3	1	0	0	0	3	0	
0	0	0	0	0	0	0	
1	2	0	0	0	0	0	
1	0	2	0	0	0	0	
--------------------

--------------------
Best Solution Found!
--------------------
Time: 0 hour(s), 0 minute(s), 4 second(s), 989 millisecond(s)

Fitness: 71237

0	0	0	0	0	0	0	
3	0	0	0	0	3	0	
3	0	0	0	0	0	2	
1	1	1	1	0	0	1	
0	2	0	0	0	2	2	
0	0	0	0	0	3	0	
3	0	0	0	0	0	0	
1	1	0	0	0	0	0	
0	0	0	0	0	0	0	
1	0	0	2	0	0	0	
3	2	1	1	0	3	0	
0	1	0	0	0	0	0	
3	0	0	2	0	0	0	
0	1	0	0	0	0	0	
0	2	0	0	0	0	1	
0	0	0	1	0	0	0	
0	0	2	1	0	0	1	
1	0	0	0	0	0	0	
0	0	0	0	0	0	0	
0	0	0	0	0	0	0	
0	1	0	0	0	0	0	
1	0	1	0	0	0	0	
0	1	0	0	0	0	1	
0	2	0	0	0	3	0	
0	0	0	0	0	0	1	
0	0	0	0	0	0	1	
0	0	0	0	0	3	0	
0	0	0	0	0	0	0	
0	0	0	0	0	3	0	
0	0	0	0	0	0	0	
0	1	0	0	0	0	0	
0	0	0	0	0	0	0	
0	1	1	2	0	0	0	
3	0	0	0	0	0	0	
0	0	0	0	0	0	1	
0	1	0	0	0	0	3	
0	0	0	0	0	0	0	
0	0	0	2	0	0	0	
0	0	0	0	3	0	0	
0	0	0	0	0	0	0	
0	2	0	0	0	1	0	
1	2	2	0	0	0	0	
3	0	0	2	0	0	0	
0	0	0	0	0	0	0	
0	0	0	0	0	0	0	
1	1	0	0	0	0	1	
1	0	0	1	0	3	0	
3	0	0	0	0	0	0	
0	0	0	0	0	0	0	
0	2	0	0	0	0	0	
0	0	0	0	0	0	2	
0	0	0	0	0	0	0	
1	0	1	1	2	1	0	
0	0	0	0	0	0	0	
0	0	2	0	0	0	1	
0	0	0	0	0	0	0	
0	0	0	0	0	0	0	
0	0	0	0	0	0	0	
0	0	0	1	0	0	1	
0	0	0	1	0	0	0	
0	1	0	0	0	0	2	
3	0	2	1	0	2	1	
0	0	0	2	0	0	3	
0	0	0	0	0	0	1	
0	1	2	0	0	0	0	
0	0	0	0	0	0	0	
0	0	2	0	0	0	0	
0	0	0	0	0	0	0	
0	0	0	0	0	0	0	
0	0	0	1	0	3	0	
3	2	0	0	0	0	0	
0	0	0	0	0	0	0	
3	0	0	2	2	0	0	
1	2	0	1	0	0	0	
0	0	0	2	0	0	0	
--------------------

--------------------
Best Solution Found!
--------------------
Time: 0 hour(s), 0 minute(s), 21 second(s), 484 millisecond(s)

Fitness: 71233

0	0	0	0	0	0	0	
0	2	0	0	0	0	0	
0	0	1	2	0	0	2	
1	0	0	0	0	0	0	
0	0	0	0	0	0	0	
0	1	0	0	0	0	1	
1	0	0	0	0	2	2	
0	1	0	0	0	0	0	
0	0	0	0	0	0	0	
0	0	0	0	0	3	0	
0	0	0	0	0	0	0	
1	0	0	1	0	0	0	
0	0	0	0	0	0	0	
0	2	0	1	0	0	0	
1	0	0	0	0	0	0	
0	1	0	0	0	0	0	
0	0	0	0	0	0	0	
3	2	1	0	0	3	3	
0	0	0	0	0	0	1	
0	2	2	2	0	3	1	
0	0	0	0	0	0	0	
0	0	0	0	0	0	1	
1	0	0	0	0	0	0	
1	0	2	0	3	2	1	
0	1	0	0	0	0	0	
3	0	0	0	0	0	0	
0	0	2	2	2	3	0	
0	1	0	0	0	0	0	
0	1	0	1	0	0	0	
0	2	0	0	0	0	0	
3	2	0	0	0	0	0	
0	0	0	1	0	0	0	
0	2	0	0	0	0	0	
0	0	0	1	0	0	0	
3	1	0	0	0	0	0	
3	1	1	1	0	1	0	
0	0	0	0	0	0	1	
0	1	0	1	0	0	0	
0	0	0	0	0	0	0	
1	0	2	0	0	0	1	
0	0	2	0	0	0	2	
0	0	0	2	0	3	0	
0	0	0	0	0	0	0	
3	2	0	0	0	0	0	
0	0	0	1	0	3	0	
0	0	0	0	0	0	1	
0	0	0	2	0	0	0	
3	0	0	0	0	0	0	
3	0	0	0	0	0	0	
1	0	0	0	0	0	3	
0	0	0	0	0	0	0	
0	0	0	0	0	0	1	
0	0	0	0	0	1	0	
0	0	0	1	0	0	0	
0	0	0	0	0	3	2	
0	0	0	0	0	0	0	
0	0	0	0	0	0	0	
0	1	0	2	0	0	0	
0	0	0	2	0	0	0	
1	1	1	0	0	0	0	
3	0	0	0	0	0	0	
0	0	0	1	0	0	0	
3	0	0	0	0	0	0	
0	0	0	0	0	3	0	
0	0	0	0	0	0	0	
0	0	0	1	0	0	0	
1	1	1	2	0	0	0	
0	0	0	0	0	0	1	
0	0	2	0	0	0	1	
3	0	0	0	0	0	1	
0	0	0	0	0	0	0	
0	0	0	0	0	0	0	
0	0	0	0	2	0	0	
0	2	0	0	0	0	0	
0	0	0	0	0	0	0	
--------------------

--------------------
Best Solution Found!
--------------------
Time: 0 hour(s), 0 minute(s), 21 second(s), 492 millisecond(s)

Fitness: 71233

0	0	0	0	0	0	0	
0	2	0	0	0	0	0	
0	0	1	2	0	0	2	
1	0	0	0	0	0	0	
0	0	0	0	0	0	0	
0	1	0	0	0	0	1	
1	0	0	0	0	2	2	
0	1	0	0	0	0	0	
0	0	0	0	0	0	0	
0	0	0	0	0	3	0	
0	0	0	0	0	0	0	
1	0	0	1	0	0	0	
0	0	0	0	0	0	0	
0	2	0	1	0	0	0	
1	0	0	0	0	0	0	
0	1	0	0	0	0	0	
0	0	0	0	0	0	0	
3	2	1	0	0	3	3	
0	0	0	0	0	0	1	
0	2	2	2	0	3	1	
0	0	0	0	0	0	0	
0	0	0	0	0	0	1	
1	0	0	0	0	0	0	
1	0	2	0	3	2	1	
0	1	0	0	0	0	0	
3	0	0	0	0	0	0	
0	0	2	2	2	3	0	
0	1	0	0	0	0	0	
0	1	0	1	0	0	0	
0	2	0	0	0	0	0	
3	2	0	0	0	0	0	
0	0	0	1	0	0	0	
0	2	0	0	0	0	0	
0	0	0	1	0	0	0	
3	1	0	0	0	0	0	
3	1	1	1	0	1	0	
0	0	0	0	0	0	1	
0	1	0	1	0	0	0	
0	0	0	0	0	0	0	
1	0	2	0	0	0	1	
0	0	2	0	0	0	2	
0	0	0	2	0	3	0	
0	0	0	0	0	0	0	
3	2	0	0	0	0	0	
0	0	0	1	0	3	0	
0	0	0	0	0	0	1	
0	0	0	2	0	0	0	
3	0	0	0	0	0	0	
3	0	0	0	0	0	0	
1	0	0	0	0	0	3	
0	0	0	0	0	0	0	
0	0	0	0	0	0	1	
0	0	0	0	0	1	0	
0	0	0	1	0	0	0	
0	0	0	0	0	3	2	
0	0	0	0	0	0	0	
0	0	0	0	0	0	0	
0	1	0	2	0	0	0	
0	0	0	2	0	0	0	
1	1	1	0	0	0	0	
3	0	0	0	0	0	0	
0	0	0	1	0	0	0	
3	0	0	0	0	0	0	
0	0	0	0	0	3	0	
0	0	0	0	0	0	0	
0	0	0	1	0	0	0	
1	1	1	2	0	0	0	
0	0	0	0	0	0	1	
0	0	2	0	0	0	1	
3	0	0	0	0	0	1	
0	0	0	0	0	0	0	
0	0	0	0	0	0	0	
0	0	0	0	2	0	0	
0	2	0	0	0	0	0	
0	0	0	0	0	0	0	
--------------------

--------------------
Best Solution Found!
--------------------
Time: 0 hour(s), 0 minute(s), 21 second(s), 502 millisecond(s)

Fitness: 71233

0	0	0	0	0	0	0	
0	2	0	0	0	0	0	
0	0	1	2	0	0	2	
1	0	0	0	0	0	0	
0	0	0	0	0	0	0	
0	1	0	0	0	0	1	
1	0	0	0	0	2	2	
0	1	0	0	0	0	0	
0	0	0	0	0	0	0	
0	0	0	0	0	3	0	
0	0	0	0	0	0	0	
1	0	0	1	0	0	0	
0	0	0	0	0	0	0	
0	2	0	1	0	0	0	
1	0	0	0	0	0	0	
0	1	0	0	0	0	0	
0	0	0	0	0	0	0	
3	2	1	0	0	3	3	
0	0	0	0	0	0	1	
0	2	2	2	0	3	1	
0	0	0	0	0	0	0	
0	0	0	0	0	0	1	
1	0	0	0	0	0	0	
1	0	2	0	3	2	1	
0	1	0	0	0	0	0	
3	0	0	0	0	0	0	
0	0	2	2	2	3	0	
0	1	0	0	0	0	0	
0	1	0	1	0	0	0	
0	2	0	0	0	0	0	
3	2	0	0	0	0	0	
0	0	0	1	0	0	0	
0	2	0	0	0	0	0	
0	0	0	1	0	0	0	
3	1	0	0	0	0	0	
3	1	1	1	0	1	0	
0	0	0	0	0	0	1	
0	1	0	1	0	0	0	
0	0	0	0	0	0	0	
1	0	2	0	0	0	1	
0	0	2	0	0	0	2	
0	0	0	2	0	3	0	
0	0	0	0	0	0	0	
3	2	0	0	0	0	0	
0	0	0	1	0	3	0	
0	0	0	0	0	0	1	
0	0	0	2	0	0	0	
3	0	0	0	0	0	0	
3	0	0	0	0	0	0	
1	0	0	0	0	0	3	
0	0	0	0	0	0	0	
0	0	0	0	0	0	1	
0	0	0	0	0	1	0	
0	0	0	1	0	0	0	
0	0	0	0	0	3	2	
0	0	0	0	0	0	0	
0	0	0	0	0	0	0	
0	1	0	2	0	0	0	
0	0	0	2	0	0	0	
1	1	1	0	0	0	0	
3	0	0	0	0	0	0	
0	0	0	1	0	0	0	
3	0	0	0	0	0	0	
0	0	0	0	0	3	0	
0	0	0	0	0	0	0	
0	0	0	1	0	0	0	
1	1	1	2	0	0	0	
0	0	0	0	0	0	1	
0	0	2	0	0	0	1	
3	0	0	0	0	0	1	
0	0	0	0	0	0	0	
0	0	0	0	0	0	0	
0	0	0	0	2	0	0	
0	2	0	0	0	0	0	
0	0	0	0	0	0	0	
--------------------

--------------------
Best Solution Found!
--------------------
Time: 0 hour(s), 0 minute(s), 21 second(s), 506 millisecond(s)

Fitness: 71233

0	0	0	0	0	0	0	
0	2	0	0	0	0	0	
0	0	1	2	0	0	2	
1	0	0	0	0	0	0	
0	0	0	0	0	0	0	
0	1	0	0	0	0	1	
1	0	0	0	0	2	2	
0	1	0	0	0	0	0	
0	0	0	0	0	0	0	
0	0	0	0	0	3	0	
0	0	0	0	0	0	0	
1	0	0	1	0	0	0	
0	0	0	0	0	0	0	
0	2	0	1	0	0	0	
1	0	0	0	0	0	0	
0	1	0	0	0	0	0	
0	0	0	0	0	0	0	
3	2	1	0	0	3	3	
0	0	0	0	0	0	1	
0	2	2	2	0	3	1	
0	0	0	0	0	0	0	
0	0	0	0	0	0	1	
1	0	0	0	0	0	0	
1	0	2	0	3	2	1	
0	1	0	0	0	0	0	
3	0	0	0	0	0	0	
0	0	2	2	2	3	0	
0	1	0	0	0	0	0	
0	1	0	1	0	0	0	
0	2	0	0	0	0	0	
3	2	0	0	0	0	0	
0	0	0	1	0	0	0	
0	2	0	0	0	0	0	
0	0	0	1	0	0	0	
3	1	0	0	0	0	0	
3	1	1	1	0	1	0	
0	0	0	0	0	0	1	
0	1	0	1	0	0	0	
0	0	0	0	0	0	0	
1	0	2	0	0	0	1	
0	0	2	0	0	0	2	
0	0	0	2	0	3	0	
0	0	0	0	0	0	0	
3	2	0	0	0	0	0	
0	0	0	1	0	3	0	
0	0	0	0	0	0	1	
0	0	0	2	0	0	0	
3	0	0	0	0	0	0	
3	0	0	0	0	0	0	
1	0	0	0	0	0	3	
0	0	0	0	0	0	0	
0	0	0	0	0	0	1	
0	0	0	0	0	1	0	
0	0	0	1	0	0	0	
0	0	0	0	0	3	2	
0	0	0	0	0	0	0	
0	0	0	0	0	0	0	
0	1	0	2	0	0	0	
0	0	0	2	0	0	0	
1	1	1	0	0	0	0	
3	0	0	0	0	0	0	
0	0	0	1	0	0	0	
3	0	0	0	0	0	0	
0	0	0	0	0	3	0	
0	0	0	0	0	0	0	
0	0	0	1	0	0	0	
1	1	1	2	0	0	0	
0	0	0	0	0	0	1	
0	0	2	0	0	0	1	
3	0	0	0	0	0	1	
0	0	0	0	0	0	0	
0	0	0	0	0	0	0	
0	0	0	0	2	0	0	
0	2	0	0	0	0	0	
0	0	0	0	0	0	0	
--------------------

--------------------
Best Solution Found!
--------------------
Time: 0 hour(s), 0 minute(s), 21 second(s), 514 millisecond(s)

Fitness: 71233

0	0	0	0	0	0	0	
0	2	0	0	0	0	0	
0	0	1	2	0	0	2	
1	0	0	0	0	0	0	
0	0	0	0	0	0	0	
0	1	0	0	0	0	1	
1	0	0	0	0	2	2	
0	1	0	0	0	0	0	
0	0	0	0	0	0	0	
0	0	0	0	0	3	0	
0	0	0	0	0	0	0	
1	0	0	1	0	0	0	
0	0	0	0	0	0	0	
0	2	0	1	0	0	0	
1	0	0	0	0	0	0	
0	1	0	0	0	0	0	
0	0	0	0	0	0	0	
3	2	1	0	0	3	3	
0	0	0	0	0	0	1	
0	2	2	2	0	3	1	
0	0	0	0	0	0	0	
0	0	0	0	0	0	1	
1	0	0	0	0	0	0	
1	0	2	0	3	2	1	
0	1	0	0	0	0	0	
3	0	0	0	0	0	0	
0	0	2	2	2	3	0	
0	1	0	0	0	0	0	
0	1	0	1	0	0	0	
0	2	0	0	0	0	0	
3	2	0	0	0	0	0	
0	0	0	1	0	0	0	
0	2	0	0	0	0	0	
0	0	0	1	0	0	0	
3	1	0	0	0	0	0	
3	1	1	1	0	1	0	
0	0	0	0	0	0	1	
0	1	0	1	0	0	0	
0	0	0	0	0	0	0	
1	0	2	0	0	0	1	
0	0	2	0	0	0	2	
0	0	0	2	0	3	0	
0	0	0	0	0	0	0	
3	2	0	0	0	0	0	
0	0	0	1	0	3	0	
0	0	0	0	0	0	1	
0	0	0	2	0	0	0	
3	0	0	0	0	0	0	
3	0	0	0	0	0	0	
1	0	0	0	0	0	3	
0	0	0	0	0	0	0	
0	0	0	0	0	0	1	
0	0	0	0	0	1	0	
0	0	0	1	0	0	0	
0	0	0	0	0	3	2	
0	0	0	0	0	0	0	
0	0	0	0	0	0	0	
0	1	0	2	0	0	0	
0	0	0	2	0	0	0	
1	1	1	0	0	0	0	
3	0	0	0	0	0	0	
0	0	0	1	0	0	0	
3	0	0	0	0	0	0	
0	0	0	0	0	3	0	
0	0	0	0	0	0	0	
0	0	0	1	0	0	0	
1	1	1	2	0	0	0	
0	0	0	0	0	0	1	
0	0	2	0	0	0	1	
3	0	0	0	0	0	1	
0	0	0	0	0	0	0	
0	0	0	0	0	0	0	
0	0	0	0	2	0	0	
0	2	0	0	0	0	0	
0	0	0	0	0	0	0	
--------------------

--------------------
Best Solution Found!
--------------------
Time: 0 hour(s), 0 minute(s), 21 second(s), 524 millisecond(s)

Fitness: 71233

0	0	0	0	0	0	0	
0	2	0	0	0	0	0	
0	0	1	2	0	0	2	
1	0	0	0	0	0	0	
0	0	0	0	0	0	0	
0	1	0	0	0	0	1	
1	0	0	0	0	2	2	
0	1	0	0	0	0	0	
0	0	0	0	0	0	0	
0	0	0	0	0	3	0	
0	0	0	0	0	0	0	
1	0	0	1	0	0	0	
0	0	0	0	0	0	0	
0	2	0	1	0	0	0	
1	0	0	0	0	0	0	
0	1	0	0	0	0	0	
0	0	0	0	0	0	0	
3	2	1	0	0	3	3	
0	0	0	0	0	0	1	
0	2	2	2	0	3	1	
0	0	0	0	0	0	0	
0	0	0	0	0	0	1	
1	0	0	0	0	0	0	
1	0	2	0	3	2	1	
0	1	0	0	0	0	0	
3	0	0	0	0	0	0	
0	0	2	2	2	3	0	
0	1	0	0	0	0	0	
0	1	0	1	0	0	0	
0	2	0	0	0	0	0	
3	2	0	0	0	0	0	
0	0	0	1	0	0	0	
0	2	0	0	0	0	0	
0	0	0	1	0	0	0	
3	1	0	0	0	0	0	
3	1	1	1	0	1	0	
0	0	0	0	0	0	1	
0	1	0	1	0	0	0	
0	0	0	0	0	0	0	
1	0	2	0	0	0	1	
0	0	2	0	0	0	2	
0	0	0	2	0	3	0	
0	0	0	0	0	0	0	
3	2	0	0	0	0	0	
0	0	0	1	0	3	0	
0	0	0	0	0	0	1	
0	0	0	2	0	0	0	
3	0	0	0	0	0	0	
3	0	0	0	0	0	0	
1	0	0	0	0	0	3	
0	0	0	0	0	0	0	
0	0	0	0	0	0	1	
0	0	0	0	0	1	0	
0	0	0	1	0	0	0	
0	0	0	0	0	3	2	
0	0	0	0	0	0	0	
0	0	0	0	0	0	0	
0	1	0	2	0	0	0	
0	0	0	2	0	0	0	
1	1	1	0	0	0	0	
3	0	0	0	0	0	0	
0	0	0	1	0	0	0	
3	0	0	0	0	0	0	
0	0	0	0	0	3	0	
0	0	0	0	0	0	0	
0	0	0	1	0	0	0	
1	1	1	2	0	0	0	
0	0	0	0	0	0	1	
0	0	2	0	0	0	1	
3	0	0	0	0	0	1	
0	0	0	0	0	0	0	
0	0	0	0	0	0	0	
0	0	0	0	2	0	0	
0	2	0	0	0	0	0	
0	0	0	0	0	0	0	
--------------------

--------------------
Best Solution Found!
--------------------
Time: 0 hour(s), 0 minute(s), 21 second(s), 533 millisecond(s)

Fitness: 71233

0	0	0	0	0	0	0	
0	2	0	0	0	0	0	
0	0	1	2	0	0	2	
1	0	0	0	0	0	0	
0	0	0	0	0	0	0	
0	1	0	0	0	0	1	
1	0	0	0	0	2	2	
0	1	0	0	0	0	0	
0	0	0	0	0	0	0	
0	0	0	0	0	3	0	
0	0	0	0	0	0	0	
1	0	0	1	0	0	0	
0	0	0	0	0	0	0	
0	2	0	1	0	0	0	
1	0	0	0	0	0	0	
0	1	0	0	0	0	0	
0	0	0	0	0	0	0	
3	2	1	0	0	3	3	
0	0	0	0	0	0	1	
0	2	2	2	0	3	1	
0	0	0	0	0	0	0	
0	0	0	0	0	0	1	
1	0	0	0	0	0	0	
1	0	2	0	3	2	1	
0	1	0	0	0	0	0	
3	0	0	0	0	0	0	
0	0	2	2	2	3	0	
0	1	0	0	0	0	0	
0	1	0	1	0	0	0	
0	2	0	0	0	0	0	
3	2	0	0	0	0	0	
0	0	0	1	0	0	0	
0	2	0	0	0	0	0	
0	0	0	1	0	0	0	
3	1	0	0	0	0	0	
3	1	1	1	0	1	0	
0	0	0	0	0	0	1	
0	1	0	1	0	0	0	
0	0	0	0	0	0	0	
1	0	2	0	0	0	1	
0	0	2	0	0	0	2	
0	0	0	2	0	3	0	
0	0	0	0	0	0	0	
3	2	0	0	0	0	0	
0	0	0	1	0	3	0	
0	0	0	0	0	0	1	
0	0	0	2	0	0	0	
3	0	0	0	0	0	0	
3	0	0	0	0	0	0	
1	0	0	0	0	0	3	
0	0	0	0	0	0	0	
0	0	0	0	0	0	1	
0	0	0	0	0	1	0	
0	0	0	1	0	0	0	
0	0	0	0	0	3	2	
0	0	0	0	0	0	0	
0	0	0	0	0	0	0	
0	1	0	2	0	0	0	
0	0	0	2	0	0	0	
1	1	1	0	0	0	0	
3	0	0	0	0	0	0	
0	0	0	1	0	0	0	
3	0	0	0	0	0	0	
0	0	0	0	0	3	0	
0	0	0	0	0	0	0	
0	0	0	1	0	0	0	
1	1	1	2	0	0	0	
0	0	0	0	0	0	1	
0	0	2	0	0	0	1	
3	0	0	0	0	0	1	
0	0	0	0	0	0	0	
0	0	0	0	0	0	0	
0	0	0	0	2	0	0	
0	2	0	0	0	0	0	
0	0	0	0	0	0	0	
--------------------

--------------------
Best Solution Found!
--------------------
Time: 0 hour(s), 0 minute(s), 21 second(s), 547 millisecond(s)

Fitness: 71233

0	0	0	0	0	0	0	
0	2	0	0	0	0	0	
0	0	1	2	0	0	2	
1	0	0	0	0	0	0	
0	0	0	0	0	0	0	
0	1	0	0	0	0	1	
1	0	0	0	0	2	2	
0	1	0	0	0	0	0	
0	0	0	0	0	0	0	
0	0	0	0	0	3	0	
0	0	0	0	0	0	0	
1	0	0	1	0	0	0	
0	0	0	0	0	0	0	
0	2	0	1	0	0	0	
1	0	0	0	0	0	0	
0	1	0	0	0	0	0	
0	0	0	0	0	0	0	
3	2	1	0	0	3	3	
0	0	0	0	0	0	1	
0	2	2	2	0	3	1	
0	0	0	0	0	0	0	
0	0	0	0	0	0	1	
1	0	0	0	0	0	0	
1	0	2	0	3	2	1	
0	1	0	0	0	0	0	
3	0	0	0	0	0	0	
0	0	2	2	2	3	0	
0	1	0	0	0	0	0	
0	1	0	1	0	0	0	
0	2	0	0	0	0	0	
3	2	0	0	0	0	0	
0	0	0	1	0	0	0	
0	2	0	0	0	0	0	
0	0	0	1	0	0	0	
3	1	0	0	0	0	0	
3	1	1	1	0	1	0	
0	0	0	0	0	0	1	
0	1	0	1	0	0	0	
0	0	0	0	0	0	0	
1	0	2	0	0	0	1	
0	0	2	0	0	0	2	
0	0	0	2	0	3	0	
0	0	0	0	0	0	0	
3	2	0	0	0	0	0	
0	0	0	1	0	3	0	
0	0	0	0	0	0	1	
0	0	0	2	0	0	0	
3	0	0	0	0	0	0	
3	0	0	0	0	0	0	
1	0	0	0	0	0	3	
0	0	0	0	0	0	0	
0	0	0	0	0	0	1	
0	0	0	0	0	1	0	
0	0	0	1	0	0	0	
0	0	0	0	0	3	2	
0	0	0	0	0	0	0	
0	0	0	0	0	0	0	
0	1	0	2	0	0	0	
0	0	0	2	0	0	0	
1	1	1	0	0	0	0	
3	0	0	0	0	0	0	
0	0	0	1	0	0	0	
3	0	0	0	0	0	0	
0	0	0	0	0	3	0	
0	0	0	0	0	0	0	
0	0	0	1	0	0	0	
1	1	1	2	0	0	0	
0	0	0	0	0	0	1	
0	0	2	0	0	0	1	
3	0	0	0	0	0	1	
0	0	0	0	0	0	0	
0	0	0	0	0	0	0	
0	0	0	0	2	0	0	
0	2	0	0	0	0	0	
0	0	0	0	0	0	0	
--------------------

--------------------
Best Solution Found!
--------------------
Time: 0 hour(s), 0 minute(s), 21 second(s), 553 millisecond(s)

Fitness: 71233

0	0	0	0	0	0	0	
0	2	0	0	0	0	0	
0	0	1	2	0	0	2	
1	0	0	0	0	0	0	
0	0	0	0	0	0	0	
0	1	0	0	0	0	1	
1	0	0	0	0	2	2	
0	1	0	0	0	0	0	
0	0	0	0	0	0	0	
0	0	0	0	0	3	0	
0	0	0	0	0	0	0	
1	0	0	1	0	0	0	
0	0	0	0	0	0	0	
0	2	0	1	0	0	0	
1	0	0	0	0	0	0	
0	1	0	0	0	0	0	
0	0	0	0	0	0	0	
3	2	1	0	0	3	3	
0	0	0	0	0	0	1	
0	2	2	2	0	3	1	
0	0	0	0	0	0	0	
0	0	0	0	0	0	1	
1	0	0	0	0	0	0	
1	0	2	0	3	2	1	
0	1	0	0	0	0	0	
3	0	0	0	0	0	0	
0	0	2	2	2	3	0	
0	1	0	0	0	0	0	
0	1	0	1	0	0	0	
0	2	0	0	0	0	0	
3	2	0	0	0	0	0	
0	0	0	1	0	0	0	
0	2	0	0	0	0	0	
0	0	0	1	0	0	0	
3	1	0	0	0	0	0	
3	1	1	1	0	1	0	
0	0	0	0	0	0	1	
0	1	0	1	0	0	0	
0	0	0	0	0	0	0	
1	0	2	0	0	0	1	
0	0	2	0	0	0	2	
0	0	0	2	0	3	0	
0	0	0	0	0	0	0	
3	2	0	0	0	0	0	
0	0	0	1	0	3	0	
0	0	0	0	0	0	1	
0	0	0	2	0	0	0	
3	0	0	0	0	0	0	
3	0	0	0	0	0	0	
1	0	0	0	0	0	3	
0	0	0	0	0	0	0	
0	0	0	0	0	0	1	
0	0	0	0	0	1	0	
0	0	0	1	0	0	0	
0	0	0	0	0	3	2	
0	0	0	0	0	0	0	
0	0	0	0	0	0	0	
0	1	0	2	0	0	0	
0	0	0	2	0	0	0	
1	1	1	0	0	0	0	
3	0	0	0	0	0	0	
0	0	0	1	0	0	0	
3	0	0	0	0	0	0	
0	0	0	0	0	3	0	
0	0	0	0	0	0	0	
0	0	0	1	0	0	0	
1	1	1	2	0	0	0	
0	0	0	0	0	0	1	
0	0	2	0	0	0	1	
3	0	0	0	0	0	1	
0	0	0	0	0	0	0	
0	0	0	0	0	0	0	
0	0	0	0	2	0	0	
0	2	0	0	0	0	0	
0	0	0	0	0	0	0	
--------------------

--------------------
Best Solution Found!
--------------------
Time: 0 hour(s), 0 minute(s), 21 second(s), 563 millisecond(s)

Fitness: 71233

0	0	0	0	0	0	0	
0	2	0	0	0	0	0	
0	0	1	2	0	0	2	
1	0	0	0	0	0	0	
0	0	0	0	0	0	0	
0	1	0	0	0	0	1	
1	0	0	0	0	2	2	
0	1	0	0	0	0	0	
0	0	0	0	0	0	0	
0	0	0	0	0	3	0	
0	0	0	0	0	0	0	
1	0	0	1	0	0	0	
0	0	0	0	0	0	0	
0	2	0	1	0	0	0	
1	0	0	0	0	0	0	
0	1	0	0	0	0	0	
0	0	0	0	0	0	0	
3	2	1	0	0	3	3	
0	0	0	0	0	0	1	
0	2	2	2	0	3	1	
0	0	0	0	0	0	0	
0	0	0	0	0	0	1	
1	0	0	0	0	0	0	
1	0	2	0	3	2	1	
0	1	0	0	0	0	0	
3	0	0	0	0	0	0	
0	0	2	2	2	3	0	
0	1	0	0	0	0	0	
0	1	0	1	0	0	0	
0	2	0	0	0	0	0	
3	2	0	0	0	0	0	
0	0	0	1	0	0	0	
0	2	0	0	0	0	0	
0	0	0	1	0	0	0	
3	1	0	0	0	0	0	
3	1	1	1	0	1	0	
0	0	0	0	0	0	1	
0	1	0	1	0	0	0	
0	0	0	0	0	0	0	
1	0	2	0	0	0	1	
0	0	2	0	0	0	2	
0	0	0	2	0	3	0	
0	0	0	0	0	0	0	
3	2	0	0	0	0	0	
0	0	0	1	0	3	0	
0	0	0	0	0	0	1	
0	0	0	2	0	0	0	
3	0	0	0	0	0	0	
3	0	0	0	0	0	0	
1	0	0	0	0	0	3	
0	0	0	0	0	0	0	
0	0	0	0	0	0	1	
0	0	0	0	0	1	0	
0	0	0	1	0	0	0	
0	0	0	0	0	3	2	
0	0	0	0	0	0	0	
0	0	0	0	0	0	0	
0	1	0	2	0	0	0	
0	0	0	2	0	0	0	
1	1	1	0	0	0	0	
3	0	0	0	0	0	0	
0	0	0	1	0	0	0	
3	0	0	0	0	0	0	
0	0	0	0	0	3	0	
0	0	0	0	0	0	0	
0	0	0	1	0	0	0	
1	1	1	2	0	0	0	
0	0	0	0	0	0	1	
0	0	2	0	0	0	1	
3	0	0	0	0	0	1	
0	0	0	0	0	0	0	
0	0	0	0	0	0	0	
0	0	0	0	2	0	0	
0	2	0	0	0	0	0	
0	0	0	0	0	0	0	
--------------------

--------------------
Best Solution Found!
--------------------
Time: 0 hour(s), 0 minute(s), 21 second(s), 571 millisecond(s)

Fitness: 71233

0	0	0	0	0	0	0	
0	2	0	0	0	0	0	
0	0	1	2	0	0	2	
1	0	0	0	0	0	0	
0	0	0	0	0	0	0	
0	1	0	0	0	0	1	
1	0	0	0	0	2	2	
0	1	0	0	0	0	0	
0	0	0	0	0	0	0	
0	0	0	0	0	3	0	
0	0	0	0	0	0	0	
1	0	0	1	0	0	0	
0	0	0	0	0	0	0	
0	2	0	1	0	0	0	
1	0	0	0	0	0	0	
0	1	0	0	0	0	0	
0	0	0	0	0	0	0	
3	2	1	0	0	3	3	
0	0	0	0	0	0	1	
0	2	2	2	0	3	1	
0	0	0	0	0	0	0	
0	0	0	0	0	0	1	
1	0	0	0	0	0	0	
1	0	2	0	3	2	1	
0	1	0	0	0	0	0	
3	0	0	0	0	0	0	
0	0	2	2	2	3	0	
0	1	0	0	0	0	0	
0	1	0	1	0	0	0	
0	2	0	0	0	0	0	
3	2	0	0	0	0	0	
0	0	0	1	0	0	0	
0	2	0	0	0	0	0	
0	0	0	1	0	0	0	
3	1	0	0	0	0	0	
3	1	1	1	0	1	0	
0	0	0	0	0	0	1	
0	1	0	1	0	0	0	
0	0	0	0	0	0	0	
1	0	2	0	0	0	1	
0	0	2	0	0	0	2	
0	0	0	2	0	3	0	
0	0	0	0	0	0	0	
3	2	0	0	0	0	0	
0	0	0	1	0	3	0	
0	0	0	0	0	0	1	
0	0	0	2	0	0	0	
3	0	0	0	0	0	0	
3	0	0	0	0	0	0	
1	0	0	0	0	0	3	
0	0	0	0	0	0	0	
0	0	0	0	0	0	1	
0	0	0	0	0	1	0	
0	0	0	1	0	0	0	
0	0	0	0	0	3	2	
0	0	0	0	0	0	0	
0	0	0	0	0	0	0	
0	1	0	2	0	0	0	
0	0	0	2	0	0	0	
1	1	1	0	0	0	0	
3	0	0	0	0	0	0	
0	0	0	1	0	0	0	
3	0	0	0	0	0	0	
0	0	0	0	0	3	0	
0	0	0	0	0	0	0	
0	0	0	1	0	0	0	
1	1	1	2	0	0	0	
0	0	0	0	0	0	1	
0	0	2	0	0	0	1	
3	0	0	0	0	0	1	
0	0	0	0	0	0	0	
0	0	0	0	0	0	0	
0	0	0	0	2	0	0	
0	2	0	0	0	0	0	
0	0	0	0	0	0	0	
--------------------

--------------------
Best Solution Found!
--------------------
Time: 0 hour(s), 1 minute(s), 25 second(s), 501 millisecond(s)

Fitness: 71227

3	2	0	1	0	0	1	
0	2	0	0	0	0	0	
0	2	0	0	0	0	0	
0	0	0	0	0	0	0	
0	0	2	0	0	0	0	
0	0	0	0	0	0	2	
0	0	1	0	0	0	0	
0	0	0	0	0	0	0	
1	0	0	0	0	0	0	
1	0	0	0	0	0	0	
1	0	0	0	0	0	0	
0	0	0	0	0	2	1	
0	1	0	0	0	3	0	
1	0	0	1	0	3	0	
0	0	0	2	0	0	0	
0	0	0	0	0	0	0	
0	0	0	0	0	0	0	
3	0	0	0	0	0	0	
0	0	0	0	0	0	1	
0	0	0	1	0	0	0	
0	0	1	0	0	0	0	
3	0	0	0	0	3	2	
0	1	2	2	0	2	1	
3	2	0	0	0	0	1	
0	1	0	0	0	0	0	
0	0	0	0	0	0	0	
0	0	0	0	0	1	0	
0	1	0	0	0	0	0	
0	1	0	0	0	0	0	
0	0	0	0	0	1	0	
1	2	2	2	0	0	1	
0	0	0	0	0	0	0	
0	2	0	0	0	0	0	
0	0	0	0	3	0	0	
0	1	0	1	0	0	0	
0	2	0	0	0	0	1	
0	0	0	0	2	0	0	
0	0	0	0	0	3	0	
0	0	0	0	0	0	0	
0	1	0	0	0	0	0	
0	0	1	0	0	0	0	
0	1	0	0	0	0	1	
0	0	0	0	0	0	0	
1	1	0	2	0	3	2	
0	0	0	0	0	0	0	
3	0	0	0	0	0	3	
0	0	2	0	0	0	0	
0	2	0	0	0	0	0	
3	1	2	0	0	0	0	
3	0	0	0	0	0	0	
0	0	0	0	0	0	0	
1	0	0	0	0	0	3	
3	0	0	2	0	0	1	
0	0	0	1	0	0	0	
1	0	0	0	0	0	0	
0	0	0	2	2	0	0	
0	0	0	1	0	0	0	
0	0	1	2	0	3	0	
0	0	1	0	0	0	0	
0	1	0	0	0	0	0	
0	0	0	1	0	3	0	
3	0	0	1	0	0	0	
0	0	0	1	0	0	0	
0	0	0	0	0	0	0	
0	0	0	0	0	0	0	
1	0	0	0	0	0	0	
0	0	0	0	0	0	0	
0	0	0	0	0	0	0	
0	2	0	1	0	0	0	
0	0	2	1	0	0	0	
0	0	0	0	0	0	2	
1	1	0	2	0	3	1	
0	0	0	0	0	0	1	
3	0	0	0	0	0	0	
3	0	0	0	0	0	1	
--------------------

--------------------
Best Solution Found!
--------------------
Time: 0 hour(s), 1 minute(s), 25 second(s), 505 millisecond(s)

Fitness: 71227

3	2	0	1	0	0	1	
0	2	0	0	0	0	0	
0	2	0	0	0	0	0	
0	0	0	0	0	0	0	
0	0	2	0	0	0	0	
0	0	0	0	0	0	2	
0	0	1	0	0	0	0	
0	0	0	0	0	0	0	
1	0	0	0	0	0	0	
1	0	0	0	0	0	0	
1	0	0	0	0	0	0	
0	0	0	0	0	2	1	
0	1	0	0	0	3	0	
1	0	0	1	0	3	0	
0	0	0	2	0	0	0	
0	0	0	0	0	0	0	
0	0	0	0	0	0	0	
3	0	0	0	0	0	0	
0	0	0	0	0	0	1	
0	0	0	1	0	0	0	
0	0	1	0	0	0	0	
3	0	0	0	0	3	2	
0	1	2	2	0	2	1	
3	2	0	0	0	0	1	
0	1	0	0	0	0	0	
0	0	0	0	0	0	0	
0	0	0	0	0	1	0	
0	1	0	0	0	0	0	
0	1	0	0	0	0	0	
0	0	0	0	0	1	0	
1	2	2	2	0	0	1	
0	0	0	0	0	0	0	
0	2	0	0	0	0	0	
0	0	0	0	3	0	0	
0	1	0	1	0	0	0	
0	2	0	0	0	0	1	
0	0	0	0	2	0	0	
0	0	0	0	0	3	0	
0	0	0	0	0	0	0	
0	1	0	0	0	0	0	
0	0	1	0	0	0	0	
0	1	0	0	0	0	1	
0	0	0	0	0	0	0	
1	1	0	2	0	3	2	
0	0	0	0	0	0	0	
3	0	0	0	0	0	3	
0	0	2	0	0	0	0	
0	2	0	0	0	0	0	
3	1	2	0	0	0	0	
3	0	0	0	0	0	0	
0	0	0	0	0	0	0	
1	0	0	0	0	0	3	
3	0	0	2	0	0	1	
0	0	0	1	0	0	0	
1	0	0	0	0	0	0	
0	0	0	2	2	0	0	
0	0	0	1	0	0	0	
0	0	1	2	0	3	0	
0	0	1	0	0	0	0	
0	1	0	0	0	0	0	
0	0	0	1	0	3	0	
3	0	0	1	0	0	0	
0	0	0	1	0	0	0	
0	0	0	0	0	0	0	
0	0	0	0	0	0	0	
1	0	0	0	0	0	0	
0	0	0	0	0	0	0	
0	0	0	0	0	0	0	
0	2	0	1	0	0	0	
0	0	2	1	0	0	0	
0	0	0	0	0	0	2	
1	1	0	2	0	3	1	
0	0	0	0	0	0	1	
3	0	0	0	0	0	0	
3	0	0	0	0	0	1	
--------------------

--------------------
Best Solution Found!
--------------------
Time: 0 hour(s), 1 minute(s), 25 second(s), 513 millisecond(s)

Fitness: 71227

3	2	0	1	0	0	1	
0	2	0	0	0	0	0	
0	2	0	0	0	0	0	
0	0	0	0	0	0	0	
0	0	2	0	0	0	0	
0	0	0	0	0	0	2	
0	0	1	0	0	0	0	
0	0	0	0	0	0	0	
1	0	0	0	0	0	0	
1	0	0	0	0	0	0	
1	0	0	0	0	0	0	
0	0	0	0	0	2	1	
0	1	0	0	0	3	0	
1	0	0	1	0	3	0	
0	0	0	2	0	0	0	
0	0	0	0	0	0	0	
0	0	0	0	0	0	0	
3	0	0	0	0	0	0	
0	0	0	0	0	0	1	
0	0	0	1	0	0	0	
0	0	1	0	0	0	0	
3	0	0	0	0	3	2	
0	1	2	2	0	2	1	
3	2	0	0	0	0	1	
0	1	0	0	0	0	0	
0	0	0	0	0	0	0	
0	0	0	0	0	1	0	
0	1	0	0	0	0	0	
0	1	0	0	0	0	0	
0	0	0	0	0	1	0	
1	2	2	2	0	0	1	
0	0	0	0	0	0	0	
0	2	0	0	0	0	0	
0	0	0	0	3	0	0	
0	1	0	1	0	0	0	
0	2	0	0	0	0	1	
0	0	0	0	2	0	0	
0	0	0	0	0	3	0	
0	0	0	0	0	0	0	
0	1	0	0	0	0	0	
0	0	1	0	0	0	0	
0	1	0	0	0	0	1	
0	0	0	0	0	0	0	
1	1	0	2	0	3	2	
0	0	0	0	0	0	0	
3	0	0	0	0	0	3	
0	0	2	0	0	0	0	
0	2	0	0	0	0	0	
3	1	2	0	0	0	0	
3	0	0	0	0	0	0	
0	0	0	0	0	0	0	
1	0	0	0	0	0	3	
3	0	0	2	0	0	1	
0	0	0	1	0	0	0	
1	0	0	0	0	0	0	
0	0	0	2	2	0	0	
0	0	0	1	0	0	0	
0	0	1	2	0	3	0	
0	0	1	0	0	0	0	
0	1	0	0	0	0	0	
0	0	0	1	0	3	0	
3	0	0	1	0	0	0	
0	0	0	1	0	0	0	
0	0	0	0	0	0	0	
0	0	0	0	0	0	0	
1	0	0	0	0	0	0	
0	0	0	0	0	0	0	
0	0	0	0	0	0	0	
0	2	0	1	0	0	0	
0	0	2	1	0	0	0	
0	0	0	0	0	0	2	
1	1	0	2	0	3	1	
0	0	0	0	0	0	1	
3	0	0	0	0	0	0	
3	0	0	0	0	0	1	
--------------------

--------------------
Best Solution Found!
--------------------
Time: 0 hour(s), 1 minute(s), 25 second(s), 521 millisecond(s)

Fitness: 71227

3	2	0	1	0	0	1	
0	2	0	0	0	0	0	
0	2	0	0	0	0	0	
0	0	0	0	0	0	0	
0	0	2	0	0	0	0	
0	0	0	0	0	0	2	
0	0	1	0	0	0	0	
0	0	0	0	0	0	0	
1	0	0	0	0	0	0	
1	0	0	0	0	0	0	
1	0	0	0	0	0	0	
0	0	0	0	0	2	1	
0	1	0	0	0	3	0	
1	0	0	1	0	3	0	
0	0	0	2	0	0	0	
0	0	0	0	0	0	0	
0	0	0	0	0	0	0	
3	0	0	0	0	0	0	
0	0	0	0	0	0	1	
0	0	0	1	0	0	0	
0	0	1	0	0	0	0	
3	0	0	0	0	3	2	
0	1	2	2	0	2	1	
3	2	0	0	0	0	1	
0	1	0	0	0	0	0	
0	0	0	0	0	0	0	
0	0	0	0	0	1	0	
0	1	0	0	0	0	0	
0	1	0	0	0	0	0	
0	0	0	0	0	1	0	
1	2	2	2	0	0	1	
0	0	0	0	0	0	0	
0	2	0	0	0	0	0	
0	0	0	0	3	0	0	
0	1	0	1	0	0	0	
0	2	0	0	0	0	1	
0	0	0	0	2	0	0	
0	0	0	0	0	3	0	
0	0	0	0	0	0	0	
0	1	0	0	0	0	0	
0	0	1	0	0	0	0	
0	1	0	0	0	0	1	
0	0	0	0	0	0	0	
1	1	0	2	0	3	2	
0	0	0	0	0	0	0	
3	0	0	0	0	0	3	
0	0	2	0	0	0	0	
0	2	0	0	0	0	0	
3	1	2	0	0	0	0	
3	0	0	0	0	0	0	
0	0	0	0	0	0	0	
1	0	0	0	0	0	3	
3	0	0	2	0	0	1	
0	0	0	1	0	0	0	
1	0	0	0	0	0	0	
0	0	0	2	2	0	0	
0	0	0	1	0	0	0	
0	0	1	2	0	3	0	
0	0	1	0	0	0	0	
0	1	0	0	0	0	0	
0	0	0	1	0	3	0	
3	0	0	1	0	0	0	
0	0	0	1	0	0	0	
0	0	0	0	0	0	0	
0	0	0	0	0	0	0	
1	0	0	0	0	0	0	
0	0	0	0	0	0	0	
0	0	0	0	0	0	0	
0	2	0	1	0	0	0	
0	0	2	1	0	0	0	
0	0	0	0	0	0	2	
1	1	0	2	0	3	1	
0	0	0	0	0	0	1	
3	0	0	0	0	0	0	
3	0	0	0	0	0	1	
--------------------

--------------------
Best Solution Found!
--------------------
Time: 0 hour(s), 1 minute(s), 25 second(s), 529 millisecond(s)

Fitness: 71227

3	2	0	1	0	0	1	
0	2	0	0	0	0	0	
0	2	0	0	0	0	0	
0	0	0	0	0	0	0	
0	0	2	0	0	0	0	
0	0	0	0	0	0	2	
0	0	1	0	0	0	0	
0	0	0	0	0	0	0	
1	0	0	0	0	0	0	
1	0	0	0	0	0	0	
1	0	0	0	0	0	0	
0	0	0	0	0	2	1	
0	1	0	0	0	3	0	
1	0	0	1	0	3	0	
0	0	0	2	0	0	0	
0	0	0	0	0	0	0	
0	0	0	0	0	0	0	
3	0	0	0	0	0	0	
0	0	0	0	0	0	1	
0	0	0	1	0	0	0	
0	0	1	0	0	0	0	
3	0	0	0	0	3	2	
0	1	2	2	0	2	1	
3	2	0	0	0	0	1	
0	1	0	0	0	0	0	
0	0	0	0	0	0	0	
0	0	0	0	0	1	0	
0	1	0	0	0	0	0	
0	1	0	0	0	0	0	
0	0	0	0	0	1	0	
1	2	2	2	0	0	1	
0	0	0	0	0	0	0	
0	2	0	0	0	0	0	
0	0	0	0	3	0	0	
0	1	0	1	0	0	0	
0	2	0	0	0	0	1	
0	0	0	0	2	0	0	
0	0	0	0	0	3	0	
0	0	0	0	0	0	0	
0	1	0	0	0	0	0	
0	0	1	0	0	0	0	
0	1	0	0	0	0	1	
0	0	0	0	0	0	0	
1	1	0	2	0	3	2	
0	0	0	0	0	0	0	
3	0	0	0	0	0	3	
0	0	2	0	0	0	0	
0	2	0	0	0	0	0	
3	1	2	0	0	0	0	
3	0	0	0	0	0	0	
0	0	0	0	0	0	0	
1	0	0	0	0	0	3	
3	0	0	2	0	0	1	
0	0	0	1	0	0	0	
1	0	0	0	0	0	0	
0	0	0	2	2	0	0	
0	0	0	1	0	0	0	
0	0	1	2	0	3	0	
0	0	1	0	0	0	0	
0	1	0	0	0	0	0	
0	0	0	1	0	3	0	
3	0	0	1	0	0	0	
0	0	0	1	0	0	0	
0	0	0	0	0	0	0	
0	0	0	0	0	0	0	
1	0	0	0	0	0	0	
0	0	0	0	0	0	0	
0	0	0	0	0	0	0	
0	2	0	1	0	0	0	
0	0	2	1	0	0	0	
0	0	0	0	0	0	2	
1	1	0	2	0	3	1	
0	0	0	0	0	0	1	
3	0	0	0	0	0	0	
3	0	0	0	0	0	1	
--------------------

--------------------
Best Solution Found!
--------------------
Time: 0 hour(s), 1 minute(s), 25 second(s), 531 millisecond(s)

Fitness: 71227

3	2	0	1	0	0	1	
0	2	0	0	0	0	0	
0	2	0	0	0	0	0	
0	0	0	0	0	0	0	
0	0	2	0	0	0	0	
0	0	0	0	0	0	2	
0	0	1	0	0	0	0	
0	0	0	0	0	0	0	
1	0	0	0	0	0	0	
1	0	0	0	0	0	0	
1	0	0	0	0	0	0	
0	0	0	0	0	2	1	
0	1	0	0	0	3	0	
1	0	0	1	0	3	0	
0	0	0	2	0	0	0	
0	0	0	0	0	0	0	
0	0	0	0	0	0	0	
3	0	0	0	0	0	0	
0	0	0	0	0	0	1	
0	0	0	1	0	0	0	
0	0	1	0	0	0	0	
3	0	0	0	0	3	2	
0	1	2	2	0	2	1	
3	2	0	0	0	0	1	
0	1	0	0	0	0	0	
0	0	0	0	0	0	0	
0	0	0	0	0	1	0	
0	1	0	0	0	0	0	
0	1	0	0	0	0	0	
0	0	0	0	0	1	0	
1	2	2	2	0	0	1	
0	0	0	0	0	0	0	
0	2	0	0	0	0	0	
0	0	0	0	3	0	0	
0	1	0	1	0	0	0	
0	2	0	0	0	0	1	
0	0	0	0	2	0	0	
0	0	0	0	0	3	0	
0	0	0	0	0	0	0	
0	1	0	0	0	0	0	
0	0	1	0	0	0	0	
0	1	0	0	0	0	1	
0	0	0	0	0	0	0	
1	1	0	2	0	3	2	
0	0	0	0	0	0	0	
3	0	0	0	0	0	3	
0	0	2	0	0	0	0	
0	2	0	0	0	0	0	
3	1	2	0	0	0	0	
3	0	0	0	0	0	0	
0	0	0	0	0	0	0	
1	0	0	0	0	0	3	
3	0	0	2	0	0	1	
0	0	0	1	0	0	0	
1	0	0	0	0	0	0	
0	0	0	2	2	0	0	
0	0	0	1	0	0	0	
0	0	1	2	0	3	0	
0	0	1	0	0	0	0	
0	1	0	0	0	0	0	
0	0	0	1	0	3	0	
3	0	0	1	0	0	0	
0	0	0	1	0	0	0	
0	0	0	0	0	0	0	
0	0	0	0	0	0	0	
1	0	0	0	0	0	0	
0	0	0	0	0	0	0	
0	0	0	0	0	0	0	
0	2	0	1	0	0	0	
0	0	2	1	0	0	0	
0	0	0	0	0	0	2	
1	1	0	2	0	3	1	
0	0	0	0	0	0	1	
3	0	0	0	0	0	0	
3	0	0	0	0	0	1	
--------------------

--------------------
Best Solution Found!
--------------------
Time: 0 hour(s), 2 minute(s), 8 second(s), 289 millisecond(s)

Fitness: 71215

1	0	0	0	0	0	0	
0	0	0	0	0	2	1	
0	0	0	0	0	0	0	
0	0	0	0	0	0	0	
1	2	0	0	0	0	0	
0	0	0	1	0	3	0	
1	0	0	0	0	0	0	
0	0	2	0	0	0	0	
0	0	0	0	0	0	2	
0	0	0	0	0	0	2	
0	0	0	0	0	1	0	
0	0	0	0	3	0	0	
3	0	0	0	0	0	0	
3	0	0	0	2	0	0	
0	2	0	0	0	3	0	
0	0	0	0	0	0	0	
1	0	0	0	0	0	1	
0	0	0	1	0	0	0	
0	2	0	0	0	0	0	
0	1	0	0	0	0	0	
0	0	0	0	0	0	0	
0	0	0	0	0	0	0	
0	0	0	0	0	0	0	
0	0	0	0	0	0	1	
0	2	1	2	0	0	0	
0	2	0	2	0	1	0	
0	1	2	0	0	0	1	
0	0	0	0	0	0	0	
0	0	0	0	0	0	0	
3	0	0	0	0	0	0	
0	2	0	0	0	0	0	
1	1	0	1	0	3	3	
0	1	0	0	0	0	0	
3	0	0	1	0	0	0	
0	0	0	2	0	0	0	
0	0	0	1	0	0	1	
0	0	0	2	0	0	0	
0	0	0	0	0	0	0	
1	2	0	1	2	3	0	
0	1	0	0	0	0	0	
0	1	0	0	0	0	1	
3	0	0	0	0	0	2	
0	0	0	2	0	0	0	
0	0	0	0	0	0	0	
0	0	0	0	0	0	0	
0	1	0	0	0	0	1	
0	0	0	0	0	0	0	
0	0	0	0	0	0	0	
0	2	0	2	0	0	0	
0	1	1	2	0	0	0	
0	0	0	0	0	3	0	
1	0	0	0	0	0	0	
0	0	1	1	0	0	0	
3	0	0	1	0	3	0	
0	0	0	0	0	0	0	
0	0	2	0	0	0	0	
0	0	0	0	0	0	0	
3	1	1	0	0	3	1	
1	2	1	1	0	3	0	
0	0	0	1	0	0	1	
0	0	0	0	0	0	0	
0	0	0	0	0	0	1	
3	0	0	0	0	0	0	
0	0	0	0	0	0	0	
1	0	0	0	0	0	0	
0	0	2	0	0	0	0	
1	0	0	0	0	0	0	
0	0	0	0	0	0	0	
0	0	0	1	0	0	1	
0	0	0	0	0	2	0	
3	1	0	2	0	0	3	
0	0	2	0	0	0	0	
3	1	2	0	0	0	1	
0	1	0	0	0	0	2	
3	0	0	0	0	0	0	
--------------------

--------------------
Best Solution Found!
--------------------
Time: 0 hour(s), 2 minute(s), 8 second(s), 291 millisecond(s)

Fitness: 71215

1	0	0	0	0	0	0	
0	0	0	0	0	2	1	
0	0	0	0	0	0	0	
0	0	0	0	0	0	0	
1	2	0	0	0	0	0	
0	0	0	1	0	3	0	
1	0	0	0	0	0	0	
0	0	2	0	0	0	0	
0	0	0	0	0	0	2	
0	0	0	0	0	0	2	
0	0	0	0	0	1	0	
0	0	0	0	3	0	0	
3	0	0	0	0	0	0	
3	0	0	0	2	0	0	
0	2	0	0	0	3	0	
0	0	0	0	0	0	0	
1	0	0	0	0	0	1	
0	0	0	1	0	0	0	
0	2	0	0	0	0	0	
0	1	0	0	0	0	0	
0	0	0	0	0	0	0	
0	0	0	0	0	0	0	
0	0	0	0	0	0	0	
0	0	0	0	0	0	1	
0	2	1	2	0	0	0	
0	2	0	2	0	1	0	
0	1	2	0	0	0	1	
0	0	0	0	0	0	0	
0	0	0	0	0	0	0	
3	0	0	0	0	0	0	
0	2	0	0	0	0	0	
1	1	0	1	0	3	3	
0	1	0	0	0	0	0	
3	0	0	1	0	0	0	
0	0	0	2	0	0	0	
0	0	0	1	0	0	1	
0	0	0	2	0	0	0	
0	0	0	0	0	0	0	
1	2	0	1	2	3	0	
0	1	0	0	0	0	0	
0	1	0	0	0	0	1	
3	0	0	0	0	0	2	
0	0	0	2	0	0	0	
0	0	0	0	0	0	0	
0	0	0	0	0	0	0	
0	1	0	0	0	0	1	
0	0	0	0	0	0	0	
0	0	0	0	0	0	0	
0	2	0	2	0	0	0	
0	1	1	2	0	0	0	
0	0	0	0	0	3	0	
1	0	0	0	0	0	0	
0	0	1	1	0	0	0	
3	0	0	1	0	3	0	
0	0	0	0	0	0	0	
0	0	2	0	0	0	0	
0	0	0	0	0	0	0	
3	1	1	0	0	3	1	
1	2	1	1	0	3	0	
0	0	0	1	0	0	1	
0	0	0	0	0	0	0	
0	0	0	0	0	0	1	
3	0	0	0	0	0	0	
0	0	0	0	0	0	0	
1	0	0	0	0	0	0	
0	0	2	0	0	0	0	
1	0	0	0	0	0	0	
0	0	0	0	0	0	0	
0	0	0	1	0	0	1	
0	0	0	0	0	2	0	
3	1	0	2	0	0	3	
0	0	2	0	0	0	0	
3	1	2	0	0	0	1	
0	1	0	0	0	0	2	
3	0	0	0	0	0	0	
--------------------

--------------------
Best Solution Found!
--------------------
Time: 0 hour(s), 2 minute(s), 8 second(s), 298 millisecond(s)

Fitness: 71215

1	0	0	0	0	0	0	
0	0	0	0	0	2	1	
0	0	0	0	0	0	0	
0	0	0	0	0	0	0	
1	2	0	0	0	0	0	
0	0	0	1	0	3	0	
1	0	0	0	0	0	0	
0	0	2	0	0	0	0	
0	0	0	0	0	0	2	
0	0	0	0	0	0	2	
0	0	0	0	0	1	0	
0	0	0	0	3	0	0	
3	0	0	0	0	0	0	
3	0	0	0	2	0	0	
0	2	0	0	0	3	0	
0	0	0	0	0	0	0	
1	0	0	0	0	0	1	
0	0	0	1	0	0	0	
0	2	0	0	0	0	0	
0	1	0	0	0	0	0	
0	0	0	0	0	0	0	
0	0	0	0	0	0	0	
0	0	0	0	0	0	0	
0	0	0	0	0	0	1	
0	2	1	2	0	0	0	
0	2	0	2	0	1	0	
0	1	2	0	0	0	1	
0	0	0	0	0	0	0	
0	0	0	0	0	0	0	
3	0	0	0	0	0	0	
0	2	0	0	0	0	0	
1	1	0	1	0	3	3	
0	1	0	0	0	0	0	
3	0	0	1	0	0	0	
0	0	0	2	0	0	0	
0	0	0	1	0	0	1	
0	0	0	2	0	0	0	
0	0	0	0	0	0	0	
1	2	0	1	2	3	0	
0	1	0	0	0	0	0	
0	1	0	0	0	0	1	
3	0	0	0	0	0	2	
0	0	0	2	0	0	0	
0	0	0	0	0	0	0	
0	0	0	0	0	0	0	
0	1	0	0	0	0	1	
0	0	0	0	0	0	0	
0	0	0	0	0	0	0	
0	2	0	2	0	0	0	
0	1	1	2	0	0	0	
0	0	0	0	0	3	0	
1	0	0	0	0	0	0	
0	0	1	1	0	0	0	
3	0	0	1	0	3	0	
0	0	0	0	0	0	0	
0	0	2	0	0	0	0	
0	0	0	0	0	0	0	
3	1	1	0	0	3	1	
1	2	1	1	0	3	0	
0	0	0	1	0	0	1	
0	0	0	0	0	0	0	
0	0	0	0	0	0	1	
3	0	0	0	0	0	0	
0	0	0	0	0	0	0	
1	0	0	0	0	0	0	
0	0	2	0	0	0	0	
1	0	0	0	0	0	0	
0	0	0	0	0	0	0	
0	0	0	1	0	0	1	
0	0	0	0	0	2	0	
3	1	0	2	0	0	3	
0	0	2	0	0	0	0	
3	1	2	0	0	0	1	
0	1	0	0	0	0	2	
3	0	0	0	0	0	0	
--------------------

--------------------
Best Solution Found!
--------------------
Time: 0 hour(s), 2 minute(s), 8 second(s), 302 millisecond(s)

Fitness: 71215

1	0	0	0	0	0	0	
0	0	0	0	0	2	1	
0	0	0	0	0	0	0	
0	0	0	0	0	0	0	
1	2	0	0	0	0	0	
0	0	0	1	0	3	0	
1	0	0	0	0	0	0	
0	0	2	0	0	0	0	
0	0	0	0	0	0	2	
0	0	0	0	0	0	2	
0	0	0	0	0	1	0	
0	0	0	0	3	0	0	
3	0	0	0	0	0	0	
3	0	0	0	2	0	0	
0	2	0	0	0	3	0	
0	0	0	0	0	0	0	
1	0	0	0	0	0	1	
0	0	0	1	0	0	0	
0	2	0	0	0	0	0	
0	1	0	0	0	0	0	
0	0	0	0	0	0	0	
0	0	0	0	0	0	0	
0	0	0	0	0	0	0	
0	0	0	0	0	0	1	
0	2	1	2	0	0	0	
0	2	0	2	0	1	0	
0	1	2	0	0	0	1	
0	0	0	0	0	0	0	
0	0	0	0	0	0	0	
3	0	0	0	0	0	0	
0	2	0	0	0	0	0	
1	1	0	1	0	3	3	
0	1	0	0	0	0	0	
3	0	0	1	0	0	0	
0	0	0	2	0	0	0	
0	0	0	1	0	0	1	
0	0	0	2	0	0	0	
0	0	0	0	0	0	0	
1	2	0	1	2	3	0	
0	1	0	0	0	0	0	
0	1	0	0	0	0	1	
3	0	0	0	0	0	2	
0	0	0	2	0	0	0	
0	0	0	0	0	0	0	
0	0	0	0	0	0	0	
0	1	0	0	0	0	1	
0	0	0	0	0	0	0	
0	0	0	0	0	0	0	
0	2	0	2	0	0	0	
0	1	1	2	0	0	0	
0	0	0	0	0	3	0	
1	0	0	0	0	0	0	
0	0	1	1	0	0	0	
3	0	0	1	0	3	0	
0	0	0	0	0	0	0	
0	0	2	0	0	0	0	
0	0	0	0	0	0	0	
3	1	1	0	0	3	1	
1	2	1	1	0	3	0	
0	0	0	1	0	0	1	
0	0	0	0	0	0	0	
0	0	0	0	0	0	1	
3	0	0	0	0	0	0	
0	0	0	0	0	0	0	
1	0	0	0	0	0	0	
0	0	2	0	0	0	0	
1	0	0	0	0	0	0	
0	0	0	0	0	0	0	
0	0	0	1	0	0	1	
0	0	0	0	0	2	0	
3	1	0	2	0	0	3	
0	0	2	0	0	0	0	
3	1	2	0	0	0	1	
0	1	0	0	0	0	2	
3	0	0	0	0	0	0	
--------------------

--------------------
Best Solution Found!
--------------------
Time: 0 hour(s), 9 minute(s), 58 second(s), 59 millisecond(s)

Fitness: 71205

3	0	0	0	0	0	0	
0	0	0	0	0	3	0	
3	0	1	1	0	2	1	
0	1	0	0	0	0	0	
3	0	0	0	0	0	3	
1	0	0	0	0	0	1	
0	0	0	0	0	0	0	
0	0	0	2	0	0	0	
0	0	0	0	0	0	0	
0	0	2	1	0	0	0	
0	0	0	0	0	0	1	
1	0	1	0	0	0	0	
0	2	0	0	0	0	0	
0	2	0	0	0	0	0	
0	0	1	0	0	3	0	
1	0	0	2	0	0	0	
3	0	0	0	0	0	0	
0	0	0	0	0	0	0	
0	0	0	0	0	3	1	
1	0	0	0	0	0	0	
0	1	0	0	0	0	0	
0	0	0	0	0	0	0	
3	0	0	2	0	0	0	
0	0	0	0	0	0	0	
0	1	2	1	0	3	1	
0	0	0	0	0	0	0	
3	0	0	1	0	0	1	
0	0	0	0	0	0	0	
0	0	0	0	0	0	0	
0	2	0	0	0	0	0	
0	0	0	0	0	1	0	
0	2	0	0	0	0	0	
3	0	1	1	2	0	2	
0	0	0	0	0	0	0	
0	0	2	2	0	0	0	
0	0	0	1	0	0	0	
0	1	0	0	0	0	0	
1	1	0	0	0	3	0	
0	2	0	0	0	0	0	
0	2	0	0	0	0	1	
0	0	0	0	0	3	0	
0	1	0	0	0	0	0	
0	0	0	0	0	0	0	
0	0	0	0	0	0	0	
0	1	0	0	0	0	0	
0	1	0	0	0	0	0	
0	0	0	0	0	3	0	
0	0	0	0	0	0	0	
1	1	2	1	0	0	2	
0	0	0	0	0	0	0	
1	0	0	0	0	0	1	
0	0	0	2	3	0	0	
0	0	2	0	0	0	0	
0	1	0	0	0	0	2	
0	1	0	1	0	0	0	
0	0	0	0	0	0	0	
3	2	0	0	0	0	1	
0	0	0	0	0	2	0	
3	0	0	0	0	0	0	
0	0	2	0	0	0	2	
0	0	0	0	0	0	1	
0	0	0	2	0	0	0	
0	2	0	0	0	0	0	
0	0	1	0	0	0	0	
3	0	0	0	0	0	0	
1	0	0	1	0	0	0	
0	1	0	2	2	3	0	
1	0	0	1	0	0	1	
1	0	0	2	0	1	0	
0	0	0	0	0	0	3	
0	0	0	0	0	0	0	
0	0	0	0	0	0	1	
0	0	0	1	0	0	0	
3	2	0	0	0	0	0	
0	0	0	0	0	0	0	
--------------------


The best solution was found at the restart: 16, population: 0
Total Time Elapsed: 0 hour(s), 20 minute(s), 54 second(s), 628 millisecond(s)

